nearest neighbor initialized. 
J loaded. 
h loaded. 
L = 32, dim_L = 2, dim_S = 2
hysteresis_MCS_multiplier = 10, hysteresis_MCS_max = 100
RAND_MAX = 2147483647.000000,
 sizeof(int) = 4,
 sizeof(long) = 8,
 sizeof(double) = 8,
 sizeof(long int) = 8,
 sizeof(short int) = 2,
 sizeof(unsigned int) = 4,
 sizeof(RAND_MAX) = 4

OpenMP Active.

No. of THREADS = 24
No. of PROCESSORS = 24

0.141134,0.086349
order = ({1.000000-->-1.000000,0.000000}, 0, 1)
Initial Magnetisation = (0.141134,0.086349), Energy = -0.029377 
Cooling... 
T=2.000000	 Thermalizing iterations... 
Done.
Thermalized Magnetisation = (0.037424,-0.243669), Energy = -0.597979 
Averaging iterations... h=0.071429,0.000000
Done.
Final: Magnetisation = (0.237435,0.129044), Energy = -0.710692 
<M> = (0.053207,0.003607), <E> = -0.753899 

T=1.950000	 Thermalizing iterations... 
Done.
Thermalized Magnetisation = (0.170820,0.008601), Energy = -0.730389 
Averaging iterations... h=0.071429,0.000000
Done.
Final: Magnetisation = (-0.065983,-0.098363), Energy = -0.725355 
<M> = (0.050486,-0.001586), <E> = -0.774540 

T=1.900000	 Thermalizing iterations... 
Done.
Thermalized Magnetisation = (-0.168627,0.052396), Energy = -0.688476 
Averaging iterations... h=0.071429,0.000000
Done.
Final: Magnetisation = (0.044189,0.126112), Energy = -0.803147 
<M> = (0.057824,0.005749), <E> = -0.792065 

T=1.850000	 Thermalizing iterations... 
Done.
Thermalized Magnetisation = (0.236618,-0.132338), Energy = -0.887494 
Averaging iterations... h=0.071429,0.000000
Done.
Final: Magnetisation = (0.052460,-0.183202), Energy = -0.826129 
<M> = (0.062994,0.001781), <E> = -0.814766 

T=1.800000	 Thermalizing iterations... 
Done.
Thermalized Magnetisation = (0.365205,-0.043057), Energy = -0.939870 
Averaging iterations... h=0.071429,0.000000
Done.
Final: Magnetisation = (0.261097,-0.016599), Energy = -0.788633 
<M> = (0.062718,0.003684), <E> = -0.836508 

T=1.750000	 Thermalizing iterations... 
Done.
Thermalized Magnetisation = (0.049044,-0.042617), Energy = -0.856711 
Averaging iterations... h=0.071429,0.000000
Done.
Final: Magnetisation = (0.078890,0.131837), Energy = -0.804860 
<M> = (0.069119,0.005980), <E> = -0.859947 

T=1.700000	 Thermalizing iterations... 
Done.
Thermalized Magnetisation = (0.124930,-0.068789), Energy = -0.846734 
Averaging iterations... h=0.071429,0.000000
Done.
Final: Magnetisation = (0.061851,0.263933), Energy = -1.059885 
<M> = (0.077276,0.001832), <E> = -0.884367 

T=1.650000	 Thermalizing iterations... 
Done.
Thermalized Magnetisation = (0.087566,-0.031512), Energy = -0.868970 
Averaging iterations... h=0.071429,0.000000
Done.
Final: Magnetisation = (0.283196,0.105897), Energy = -0.894181 
<M> = (0.081173,0.000809), <E> = -0.908799 

T=1.600000	 Thermalizing iterations... 
Done.
Thermalized Magnetisation = (0.108863,-0.247876), Energy = -0.898588 
Averaging iterations... h=0.071429,0.000000
Done.
Final: Magnetisation = (0.159513,-0.105900), Energy = -0.750503 
<M> = (0.088576,-0.002126), <E> = -0.929415 

T=1.550000	 Thermalizing iterations... 
Done.
Thermalized Magnetisation = (0.120931,-0.061492), Energy = -0.976765 
Averaging iterations... h=0.071429,0.000000
Done.
Final: Magnetisation = (-0.110124,0.252288), Energy = -1.034031 
<M> = (0.089280,-0.001107), <E> = -0.959207 

T=1.500000	 Thermalizing iterations... 
Done.
Thermalized Magnetisation = (0.000984,0.106510), Energy = -1.012088 
Averaging iterations... h=0.071429,0.000000
Done.
Final: Magnetisation = (0.341238,-0.254927), Energy = -0.901265 
<M> = (0.110452,0.004923), <E> = -0.989793 

T=1.450000	 Thermalizing iterations... 
Done.
Thermalized Magnetisation = (0.176568,-0.146263), Energy = -1.115349 
Averaging iterations... h=0.071429,0.000000
Done.
Final: Magnetisation = (0.070450,-0.185688), Energy = -1.233568 
<M> = (0.116297,0.003407), <E> = -1.022253 

T=1.400000	 Thermalizing iterations... 
Done.
Thermalized Magnetisation = (0.155857,-0.015760), Energy = -1.119461 
Averaging iterations... h=0.071429,0.000000
Done.
Final: Magnetisation = (0.323995,0.311333), Energy = -1.102301 
<M> = (0.128391,0.006918), <E> = -1.056454 

T=1.350000	 Thermalizing iterations... 
Done.
Thermalized Magnetisation = (0.295708,-0.023057), Energy = -1.250512 
Averaging iterations... h=0.071429,0.000000
Done.
Final: Magnetisation = (0.361723,0.056112), Energy = -1.073831 
<M> = (0.145853,0.002151), <E> = -1.092221 

T=1.300000	 Thermalizing iterations... 
Done.
Thermalized Magnetisation = (0.154695,-0.053022), Energy = -1.237124 
Averaging iterations... h=0.071429,0.000000
Done.
Final: Magnetisation = (0.191355,-0.100791), Energy = -1.233566 
<M> = (0.159488,0.008969), <E> = -1.129970 

T=1.250000	 Thermalizing iterations... 
Done.
Thermalized Magnetisation = (0.285708,-0.089048), Energy = -1.145080 
Averaging iterations... h=0.071429,0.000000
Done.
Final: Magnetisation = (0.098376,0.055954), Energy = -1.137333 
<M> = (0.182635,0.006707), <E> = -1.167221 

T=1.200000	 Thermalizing iterations... 
Done.
Thermalized Magnetisation = (0.313997,-0.040099), Energy = -1.196604 
Averaging iterations... h=0.071429,0.000000
Done.
Final: Magnetisation = (0.267283,0.039400), Energy = -1.123364 
<M> = (0.210525,-0.001344), <E> = -1.212548 

T=1.150000	 Thermalizing iterations... 
Done.
Thermalized Magnetisation = (0.198299,0.041700), Energy = -1.203289 
Averaging iterations... h=0.071429,0.000000
Done.
Final: Magnetisation = (0.211133,0.180787), Energy = -1.222809 
<M> = (0.237954,-0.000297), <E> = -1.252487 

T=1.100000	 Thermalizing iterations... 
Done.
Thermalized Magnetisation = (0.479360,0.006275), Energy = -1.306745 
Averaging iterations... h=0.071429,0.000000
Done.
Final: Magnetisation = (0.437361,0.217767), Energy = -1.390663 
<M> = (0.277886,0.010718), <E> = -1.304648 

T=1.050000	 Thermalizing iterations... 
Done.
Thermalized Magnetisation = (0.362750,0.037812), Energy = -1.444738 
Averaging iterations... h=0.071429,0.000000
Done.
Final: Magnetisation = (0.302570,-0.300717), Energy = -1.328645 
<M> = (0.297694,0.014219), <E> = -1.351239 

T=1.000000	 Thermalizing iterations... 
Done.
Thermalized Magnetisation = (0.226709,-0.334199), Energy = -1.452474 
Averaging iterations... h=0.071429,0.000000
Done.
Final: Magnetisation = (0.540448,0.192897), Energy = -1.401803 
<M> = (0.322518,0.000828), <E> = -1.397948 

T=0.950000	 Thermalizing iterations... 
Done.
Thermalized Magnetisation = (0.657071,0.078833), Energy = -1.387353 
Averaging iterations... h=0.071429,0.000000
Done.
Final: Magnetisation = (0.169810,0.129864), Energy = -1.355067 
<M> = (0.356205,-0.004232), <E> = -1.447147 

T=0.900000	 Thermalizing iterations... 
Done.
Thermalized Magnetisation = (0.423897,-0.058777), Energy = -1.454017 
Averaging iterations... h=0.071429,0.000000
Done.
Final: Magnetisation = (0.191122,0.196067), Energy = -1.476238 
<M> = (0.416518,0.016744), <E> = -1.498185 

T=0.850000	 Thermalizing iterations... 
Done.
Thermalized Magnetisation = (0.421527,0.092298), Energy = -1.473431 
Averaging iterations... h=0.071429,0.000000
Done.
Final: Magnetisation = (0.534860,0.000816), Energy = -1.564587 
<M> = (0.438789,0.015524), <E> = -1.545329 

T=0.800000	 Thermalizing iterations... 
Done.
Thermalized Magnetisation = (0.335062,0.463682), Energy = -1.667738 
Averaging iterations... h=0.071429,0.000000
Done.
Final: Magnetisation = (0.521253,0.019596), Energy = -1.472661 
<M> = (0.482898,-0.015720), <E> = -1.593095 

T=0.750000	 Thermalizing iterations... 
Done.
Thermalized Magnetisation = (0.523480,-0.553191), Energy = -1.650766 
Averaging iterations... h=0.071429,0.000000
Done.
Final: Magnetisation = (0.338140,-0.268763), Energy = -1.608974 
<M> = (0.522785,-0.077985), <E> = -1.631411 

T=0.700000	 Thermalizing iterations... 
Done.
Thermalized Magnetisation = (0.538182,-0.295049), Energy = -1.704734 
Averaging iterations... h=0.071429,0.000000
Done.
Final: Magnetisation = (0.439025,-0.588564), Energy = -1.696298 
<M> = (0.535169,0.003212), <E> = -1.672834 

T=0.650000	 Thermalizing iterations... 
Done.
Thermalized Magnetisation = (0.460581,-0.435240), Energy = -1.648613 
Averaging iterations... h=0.071429,0.000000
Done.
Final: Magnetisation = (0.620716,-0.035384), Energy = -1.696301 
<M> = (0.577155,-0.087354), <E> = -1.708958 

T=0.600000	 Thermalizing iterations... 
Done.
Thermalized Magnetisation = (0.514977,-0.464844), Energy = -1.773017 
Averaging iterations... h=0.071429,0.000000
Done.
Final: Magnetisation = (0.594325,-0.482066), Energy = -1.802148 
<M> = (0.578718,-0.320036), <E> = -1.744798 

T=0.550000	 Thermalizing iterations... 
Done.
Thermalized Magnetisation = (0.676545,-0.401032), Energy = -1.815251 
Averaging iterations... h=0.071429,0.000000
Done.
Final: Magnetisation = (0.465926,0.523434), Energy = -1.778911 
<M> = (0.586789,0.329369), <E> = -1.778704 

T=0.500000	 Thermalizing iterations... 
Done.
Thermalized Magnetisation = (0.458580,0.535172), Energy = -1.846222 
Averaging iterations... h=0.071429,0.000000
Done.
Final: Magnetisation = (0.635357,0.517614), Energy = -1.837288 
<M> = (0.603139,0.347046), <E> = -1.807722 

T=0.450000	 Thermalizing iterations... 
Done.
Thermalized Magnetisation = (0.695335,0.348848), Energy = -1.840199 
Averaging iterations... h=0.071429,0.000000
Done.
Final: Magnetisation = (0.754787,0.160317), Energy = -1.805230 
<M> = (0.584264,0.435454), <E> = -1.837345 

T=0.400000	 Thermalizing iterations... 
Done.
Thermalized Magnetisation = (0.668152,0.407140), Energy = -1.876032 
Averaging iterations... h=0.071429,0.000000
Done.
Final: Magnetisation = (0.616832,0.518724), Energy = -1.895786 
<M> = (0.604269,0.451621), <E> = -1.866658 

T=0.350000	 Thermalizing iterations... 
Done.
Thermalized Magnetisation = (0.681990,0.394985), Energy = -1.907252 
Averaging iterations... h=0.071429,0.000000
Done.
Final: Magnetisation = (0.554562,0.582651), Energy = -1.918415 
<M> = (0.606407,0.482413), <E> = -1.894722 

T=0.300000	 Thermalizing iterations... 
Done.
Thermalized Magnetisation = (0.558546,0.601238), Energy = -1.943312 
Averaging iterations... h=0.071429,0.000000
Done.
Final: Magnetisation = (0.663592,0.476784), Energy = -1.912276 
<M> = (0.590967,0.544078), <E> = -1.923396 

T=0.250000	 Thermalizing iterations... 
Done.
Thermalized Magnetisation = (0.596399,0.580491), Energy = -1.960866 
Averaging iterations... h=0.071429,0.000000
Done.
Final: Magnetisation = (0.661135,0.555164), Energy = -1.959455 
<M> = (0.598605,0.564326), <E> = -1.950049 

T=0.200000	 Thermalizing iterations... 
Done.
Thermalized Magnetisation = (0.609959,0.581828), Energy = -1.970559 
Averaging iterations... h=0.071429,0.000000
Done.
Final: Magnetisation = (0.616872,0.525256), Energy = -1.979742 
<M> = (0.577406,0.621970), <E> = -1.977532 

T=0.150000	 Thermalizing iterations... 
Done.
Thermalized Magnetisation = (0.562150,0.693175), Energy = -1.998997 
Averaging iterations... h=0.071429,0.000000
Done.
Final: Magnetisation = (0.614227,0.631670), Energy = -2.009352 
<M> = (0.593092,0.629614), <E> = -2.003603 

T=0.100000	 Thermalizing iterations... 
Done.
Thermalized Magnetisation = (0.593222,0.649150), Energy = -2.038234 
Averaging iterations... h=0.071429,0.000000
Done.
Final: Magnetisation = (0.644686,0.589419), Energy = -2.025140 
<M> = (0.597114,0.643563), <E> = -2.029588 

T=0.050000	 Thermalizing iterations... 
Done.
Thermalized Magnetisation = (0.602200,0.660580), Energy = -2.053619 
Averaging iterations... h=0.071429,0.000000
Done.
Final: Magnetisation = (0.599253,0.683303), Energy = -2.055241 
<M> = (0.577987,0.688891), <E> = -2.055050 
Final Magnetisation = (0.599253,0.683303), Energy = -2.055241 
------------------------

Updating all (first)black/(then)white checkerboard sites simultaneously.. 

ztne RFXY h rotating with |h|=0.071429 at T=0.000000..
loop 1

loop 2

Cooling protocol time (from T=2.000000 to T=0.000000) = 193.611759 

CPU Time elapsed total = 193.674564 
All done - 194 seconds elapsed.
