nearest neighbor initialized. 
J loaded. 
h loaded. 
L = 32, dim_L = 2, dim_S = 2
hysteresis_MCS_multiplier = 10, hysteresis_MCS_max = 100
RAND_MAX = 2147483647.000000,
 sizeof(int) = 4,
 sizeof(long) = 8,
 sizeof(double) = 8,
 sizeof(long int) = 8,
 sizeof(short int) = 2,
 sizeof(unsigned int) = 4,
 sizeof(RAND_MAX) = 4

OpenMP Active.

No. of THREADS = 24
No. of PROCESSORS = 24

0.138662,0.075704
order = ({1.000000-->-1.000000,0.000000}, 0, 1)
Initial Magnetisation = (0.138662,0.075704), Energy = -0.024389 
Cooling... 
T=2.000000	 Thermalizing iterations... 
Done.
Thermalized Magnetisation = (0.014652,-0.274174), Energy = -0.574768 
Averaging iterations... h=0.062500,0.000000
Done.
Final: Magnetisation = (0.156884,0.057021), Energy = -0.738399 
<M> = (0.042631,0.004684), <E> = -0.751936 

T=1.950000	 Thermalizing iterations... 
Done.
Thermalized Magnetisation = (-0.084418,-0.032573), Energy = -0.960401 
Averaging iterations... h=0.062500,0.000000
Done.
Final: Magnetisation = (-0.066662,0.213064), Energy = -0.750769 
<M> = (0.042247,0.001080), <E> = -0.770360 

T=1.900000	 Thermalizing iterations... 
Done.
Thermalized Magnetisation = (0.261357,0.036494), Energy = -0.913709 
Averaging iterations... h=0.062500,0.000000
Done.
Final: Magnetisation = (-0.079265,-0.075306), Energy = -0.721562 
<M> = (0.048054,0.008960), <E> = -0.794292 

T=1.850000	 Thermalizing iterations... 
Done.
Thermalized Magnetisation = (-0.105753,-0.225430), Energy = -0.802066 
Averaging iterations... h=0.062500,0.000000
Done.
Final: Magnetisation = (0.081942,0.294347), Energy = -0.867124 
<M> = (0.051890,0.001770), <E> = -0.816800 

T=1.800000	 Thermalizing iterations... 
Done.
Thermalized Magnetisation = (-0.083099,-0.080321), Energy = -0.799836 
Averaging iterations... h=0.062500,0.000000
Done.
Final: Magnetisation = (0.134153,-0.243942), Energy = -0.894147 
<M> = (0.056899,0.001139), <E> = -0.835088 

T=1.750000	 Thermalizing iterations... 
Done.
Thermalized Magnetisation = (-0.022757,-0.113147), Energy = -0.763303 
Averaging iterations... h=0.062500,0.000000
Done.
Final: Magnetisation = (-0.143914,0.008190), Energy = -0.800467 
<M> = (0.063823,0.006232), <E> = -0.856658 

T=1.700000	 Thermalizing iterations... 
Done.
Thermalized Magnetisation = (0.321545,-0.075745), Energy = -0.775201 
Averaging iterations... h=0.062500,0.000000
Done.
Final: Magnetisation = (0.184224,-0.134773), Energy = -0.796650 
<M> = (0.064869,-0.001200), <E> = -0.879867 

T=1.650000	 Thermalizing iterations... 
Done.
Thermalized Magnetisation = (-0.038706,0.111924), Energy = -0.832354 
Averaging iterations... h=0.062500,0.000000
Done.
Final: Magnetisation = (-0.022415,-0.103576), Energy = -0.804744 
<M> = (0.067635,-0.003610), <E> = -0.906159 

T=1.600000	 Thermalizing iterations... 
Done.
Thermalized Magnetisation = (0.149315,-0.104050), Energy = -0.774385 
Averaging iterations... h=0.062500,0.000000
Done.
Final: Magnetisation = (0.187282,-0.179372), Energy = -0.774466 
<M> = (0.077471,-0.000453), <E> = -0.928723 

T=1.550000	 Thermalizing iterations... 
Done.
Thermalized Magnetisation = (-0.046026,-0.009561), Energy = -0.969058 
Averaging iterations... h=0.062500,0.000000
Done.
Final: Magnetisation = (0.174688,0.026838), Energy = -1.081623 
<M> = (0.077352,-0.002875), <E> = -0.958860 

T=1.500000	 Thermalizing iterations... 
Done.
Thermalized Magnetisation = (0.100317,0.143790), Energy = -0.957699 
Averaging iterations... h=0.062500,0.000000
Done.
Final: Magnetisation = (0.320243,-0.136806), Energy = -1.109508 
<M> = (0.091234,0.000728), <E> = -0.984442 

T=1.450000	 Thermalizing iterations... 
Done.
Thermalized Magnetisation = (0.271875,0.078807), Energy = -0.998815 
Averaging iterations... h=0.062500,0.000000
Done.
Final: Magnetisation = (0.062228,-0.061278), Energy = -1.161721 
<M> = (0.101549,0.004552), <E> = -1.014831 

T=1.400000	 Thermalizing iterations... 
Done.
Thermalized Magnetisation = (-0.126559,0.069338), Energy = -1.017491 
Averaging iterations... h=0.062500,0.000000
Done.
Final: Magnetisation = (0.129466,0.396076), Energy = -1.160657 
<M> = (0.114090,0.006820), <E> = -1.052467 

T=1.350000	 Thermalizing iterations... 
Done.
Thermalized Magnetisation = (0.090540,-0.147751), Energy = -1.205187 
Averaging iterations... h=0.062500,0.000000
Done.
Final: Magnetisation = (0.328244,0.146776), Energy = -1.019771 
<M> = (0.125493,0.000073), <E> = -1.086215 

T=1.300000	 Thermalizing iterations... 
Done.
Thermalized Magnetisation = (0.071325,0.173716), Energy = -1.024968 
Averaging iterations... h=0.062500,0.000000
Done.
Final: Magnetisation = (-0.018041,-0.189641), Energy = -1.145484 
<M> = (0.136670,0.008135), <E> = -1.124032 

T=1.250000	 Thermalizing iterations... 
Done.
Thermalized Magnetisation = (-0.056395,0.025988), Energy = -1.221653 
Averaging iterations... h=0.062500,0.000000
Done.
Final: Magnetisation = (0.148215,0.187759), Energy = -1.063526 
<M> = (0.162759,0.002823), <E> = -1.161912 

T=1.200000	 Thermalizing iterations... 
Done.
Thermalized Magnetisation = (0.134797,0.003757), Energy = -1.278770 
Averaging iterations... h=0.062500,0.000000
Done.
Final: Magnetisation = (0.158471,0.096471), Energy = -1.267303 
<M> = (0.180493,-0.006215), <E> = -1.206578 

T=1.150000	 Thermalizing iterations... 
Done.
Thermalized Magnetisation = (0.317048,-0.060357), Energy = -1.356737 
Averaging iterations... h=0.062500,0.000000
Done.
Final: Magnetisation = (0.417347,0.083338), Energy = -1.386648 
<M> = (0.213255,-0.005708), <E> = -1.246615 

T=1.100000	 Thermalizing iterations... 
Done.
Thermalized Magnetisation = (0.101832,-0.122399), Energy = -1.395868 
Averaging iterations... h=0.062500,0.000000
Done.
Final: Magnetisation = (0.183021,-0.162902), Energy = -1.289481 
<M> = (0.243397,0.009877), <E> = -1.296343 

T=1.050000	 Thermalizing iterations... 
Done.
Thermalized Magnetisation = (0.422254,0.115290), Energy = -1.412300 
Averaging iterations... h=0.062500,0.000000
Done.
Final: Magnetisation = (0.438348,-0.132751), Energy = -1.447836 
<M> = (0.272105,0.004658), <E> = -1.345041 

T=1.000000	 Thermalizing iterations... 
Done.
Thermalized Magnetisation = (0.241426,-0.121125), Energy = -1.356030 
Averaging iterations... h=0.062500,0.000000
Done.
Final: Magnetisation = (0.349936,-0.446277), Energy = -1.463638 
<M> = (0.297066,0.011181), <E> = -1.390060 

T=0.950000	 Thermalizing iterations... 
Done.
Thermalized Magnetisation = (0.136252,-0.193478), Energy = -1.437428 
Averaging iterations... h=0.062500,0.000000
Done.
Final: Magnetisation = (0.220338,-0.386055), Energy = -1.471123 
<M> = (0.328520,-0.024936), <E> = -1.439626 

T=0.900000	 Thermalizing iterations... 
Done.
Thermalized Magnetisation = (0.393726,-0.194984), Energy = -1.544753 
Averaging iterations... h=0.062500,0.000000
Done.
Final: Magnetisation = (0.525278,0.230905), Energy = -1.589211 
<M> = (0.363771,0.031950), <E> = -1.489305 

T=0.850000	 Thermalizing iterations... 
Done.
Thermalized Magnetisation = (0.275714,-0.287788), Energy = -1.470646 
Averaging iterations... h=0.062500,0.000000
Done.
Final: Magnetisation = (0.535259,0.169804), Energy = -1.554577 
<M> = (0.409988,0.016691), <E> = -1.535500 

T=0.800000	 Thermalizing iterations... 
Done.
Thermalized Magnetisation = (0.502409,0.312420), Energy = -1.594649 
Averaging iterations... h=0.062500,0.000000
Done.
Final: Magnetisation = (0.482484,-0.066740), Energy = -1.592523 
<M> = (0.459039,-0.020230), <E> = -1.585295 

T=0.750000	 Thermalizing iterations... 
Done.
Thermalized Magnetisation = (0.613266,-0.432753), Energy = -1.662090 
Averaging iterations... h=0.062500,0.000000
Done.
Final: Magnetisation = (0.377791,-0.446574), Energy = -1.594183 
<M> = (0.477779,0.053690), <E> = -1.627880 

T=0.700000	 Thermalizing iterations... 
Done.
Thermalized Magnetisation = (0.459514,-0.480126), Energy = -1.718161 
Averaging iterations... h=0.062500,0.000000
Done.
Final: Magnetisation = (0.570632,0.408590), Energy = -1.657973 
<M> = (0.513391,0.046832), <E> = -1.664826 

T=0.650000	 Thermalizing iterations... 
Done.
Thermalized Magnetisation = (0.491452,-0.187861), Energy = -1.678150 
Averaging iterations... h=0.062500,0.000000
Done.
Final: Magnetisation = (0.321480,-0.527957), Energy = -1.681386 
<M> = (0.521644,0.079267), <E> = -1.702855 

T=0.600000	 Thermalizing iterations... 
Done.
Thermalized Magnetisation = (0.576095,-0.461815), Energy = -1.711880 
Averaging iterations... h=0.062500,0.000000
Done.
Final: Magnetisation = (0.578102,0.327536), Energy = -1.756627 
<M> = (0.517445,-0.322896), <E> = -1.739318 

T=0.550000	 Thermalizing iterations... 
Done.
Thermalized Magnetisation = (0.534603,0.515679), Energy = -1.788284 
Averaging iterations... h=0.062500,0.000000
Done.
Final: Magnetisation = (0.674207,0.371072), Energy = -1.759120 
<M> = (0.531887,0.445620), <E> = -1.773110 

T=0.500000	 Thermalizing iterations... 
Done.
Thermalized Magnetisation = (0.404688,0.615025), Energy = -1.813186 
Averaging iterations... h=0.062500,0.000000
Done.
Final: Magnetisation = (0.680586,0.270465), Energy = -1.800606 
<M> = (0.552944,0.408008), <E> = -1.802034 

T=0.450000	 Thermalizing iterations... 
Done.
Thermalized Magnetisation = (0.690857,0.413514), Energy = -1.850541 
Averaging iterations... h=0.062500,0.000000
Done.
Final: Magnetisation = (0.612942,0.301263), Energy = -1.839603 
<M> = (0.512917,0.515301), <E> = -1.832162 

T=0.400000	 Thermalizing iterations... 
Done.
Thermalized Magnetisation = (0.555145,0.594438), Energy = -1.854641 
Averaging iterations... h=0.062500,0.000000
Done.
Final: Magnetisation = (0.541026,0.462345), Energy = -1.859983 
<M> = (0.561306,0.496116), <E> = -1.861537 

T=0.350000	 Thermalizing iterations... 
Done.
Thermalized Magnetisation = (0.381410,0.715530), Energy = -1.903480 
Averaging iterations... h=0.062500,0.000000
Done.
Final: Magnetisation = (0.616551,0.527871), Energy = -1.870953 
<M> = (0.544029,0.547669), <E> = -1.889637 

T=0.300000	 Thermalizing iterations... 
Done.
Thermalized Magnetisation = (0.381381,0.746317), Energy = -1.929151 
Averaging iterations... h=0.062500,0.000000
Done.
Final: Magnetisation = (0.514644,0.667154), Energy = -1.913666 
<M> = (0.516569,0.618547), <E> = -1.918679 

T=0.250000	 Thermalizing iterations... 
Done.
Thermalized Magnetisation = (0.597915,0.543363), Energy = -1.945037 
Averaging iterations... h=0.062500,0.000000
Done.
Final: Magnetisation = (0.539524,0.576619), Energy = -1.939313 
<M> = (0.522671,0.640537), <E> = -1.945536 

T=0.200000	 Thermalizing iterations... 
Done.
Thermalized Magnetisation = (0.484749,0.694324), Energy = -1.965505 
Averaging iterations... h=0.062500,0.000000
Done.
Final: Magnetisation = (0.456175,0.739646), Energy = -1.972824 
<M> = (0.513569,0.673172), <E> = -1.972277 

T=0.150000	 Thermalizing iterations... 
Done.
Thermalized Magnetisation = (0.477051,0.720697), Energy = -2.001680 
Averaging iterations... h=0.062500,0.000000
Done.
Final: Magnetisation = (0.444841,0.728458), Energy = -2.003623 
<M> = (0.521961,0.685097), <E> = -1.998893 

T=0.100000	 Thermalizing iterations... 
Done.
Thermalized Magnetisation = (0.450939,0.744095), Energy = -2.025084 
Averaging iterations... h=0.062500,0.000000
Done.
Final: Magnetisation = (0.541884,0.689190), Energy = -2.023873 
<M> = (0.525983,0.699498), <E> = -2.024692 

T=0.050000	 Thermalizing iterations... 
Done.
Thermalized Magnetisation = (0.530285,0.695402), Energy = -2.048828 
Averaging iterations... h=0.062500,0.000000
Done.
Final: Magnetisation = (0.468134,0.748747), Energy = -2.049227 
<M> = (0.506992,0.738366), <E> = -2.050242 
Final Magnetisation = (0.468134,0.748747), Energy = -2.049227 
------------------------

Updating all (first)black/(then)white checkerboard sites simultaneously.. 

ztne RFXY h rotating with |h|=0.062500 at T=0.000000..
loop 1

loop 2

Cooling protocol time (from T=2.000000 to T=0.000000) = 185.251175 

CPU Time elapsed total = 185.261141 
All done - 186 seconds elapsed.
