+ cd /home/sbasak/Exercises/OpenMP/XY_code/Z2/rotating_field/trial/config/config_57
+ export OMP_NUM_THREADS=28
+ OMP_NUM_THREADS=28
+ ./a_16.out
nearest neighbor initialized. 
h loaded. 
J loaded. 
L = 128, dim_L = 2, dim_S = 2
hysteresis_MCS_multiplier = 10, hysteresis_MCS_max = 100
RAND_MAX = 2147483647.000000,
 sizeof(int) = 4,
 sizeof(long) = 8,
 sizeof(double) = 8,
 sizeof(long int) = 8,
 sizeof(short int) = 2,
 sizeof(unsigned int) = 4,
 sizeof(RAND_MAX) = 4
No. of THREADS = 28
No. of PROCESSORS = 28

0.060941,0.021212
order = ({1.000000-->-1.000000,0.000000}, 0, 1)
Initial Magnetisation = (0.060941,0.021212), Energy = 0.028058 
Cooling... 
T=2.000000	 Thermalizing iterations... 
Done.
Thermalized Magnetisation = (0.016118,-0.016599), Energy = -0.560313 
Averaging iterations... h=0.031250,0.000000
Done.
Final: Magnetisation = (0.013670,-0.027756), Energy = -0.577912 
<M> = (0.025167,-0.000086), <E> = -0.608496 

T=1.990000	 Thermalizing iterations... 
Done.
Thermalized Magnetisation = (-0.004065,0.039232), Energy = -0.627969 
Averaging iterations... h=0.031250,0.000000
Done.
Final: Magnetisation = (-0.001207,0.009153), Energy = -0.636963 
<M> = (0.026922,-0.001540), <E> = -0.612622 

T=1.980000	 Thermalizing iterations... 
Done.
Thermalized Magnetisation = (0.016688,0.019898), Energy = -0.634020 
Averaging iterations... h=0.031250,0.000000
Done.
Final: Magnetisation = (0.053633,0.004395), Energy = -0.611427 
<M> = (0.026124,-0.000876), <E> = -0.616682 

T=1.970000	 Thermalizing iterations... 
Done.
Thermalized Magnetisation = (0.013172,0.028955), Energy = -0.618127 
Averaging iterations... h=0.031250,0.000000
Done.
Final: Magnetisation = (0.027900,-0.049839), Energy = -0.611007 
<M> = (0.026837,-0.002134), <E> = -0.620932 

T=1.960000	 Thermalizing iterations... 
Done.
Thermalized Magnetisation = (0.019408,-0.022029), Energy = -0.666607 
Averaging iterations... h=0.031250,0.000000
Done.
Final: Magnetisation = (0.019919,0.005776), Energy = -0.619872 
<M> = (0.028213,-0.000674), <E> = -0.624028 

T=1.950000	 Thermalizing iterations... 
Done.
Thermalized Magnetisation = (0.020858,0.014823), Energy = -0.631385 
Averaging iterations... h=0.031250,0.000000
Done.
Final: Magnetisation = (0.078832,0.001373), Energy = -0.635751 
<M> = (0.029143,-0.000360), <E> = -0.627204 

T=1.940000	 Thermalizing iterations... 
Done.
Thermalized Magnetisation = (0.060820,-0.010876), Energy = -0.613480 
Averaging iterations... h=0.031250,0.000000
Done.
Final: Magnetisation = (0.058600,0.023917), Energy = -0.598437 
<M> = (0.027879,0.000090), <E> = -0.630898 

T=1.930000	 Thermalizing iterations... 
Done.
Thermalized Magnetisation = (0.036260,0.010164), Energy = -0.660226 
Averaging iterations... h=0.031250,0.000000
Done.
Final: Magnetisation = (-0.042075,0.017004), Energy = -0.623646 
<M> = (0.027564,0.000884), <E> = -0.633704 

T=1.920000	 Thermalizing iterations... 
Done.
Thermalized Magnetisation = (0.011260,0.046160), Energy = -0.672177 
Averaging iterations... h=0.031250,0.000000
Done.
Final: Magnetisation = (0.015984,-0.017711), Energy = -0.647104 
<M> = (0.028721,-0.000855), <E> = -0.638450 

T=1.910000	 Thermalizing iterations... 
Done.
Thermalized Magnetisation = (-0.022015,0.005698), Energy = -0.647794 
Averaging iterations... h=0.031250,0.000000
Done.
Final: Magnetisation = (-0.004191,-0.018934), Energy = -0.679563 
<M> = (0.028549,-0.001424), <E> = -0.642908 

T=1.900000	 Thermalizing iterations... 
Done.
Thermalized Magnetisation = (0.118039,0.090214), Energy = -0.647932 
Averaging iterations... h=0.031250,0.000000
Done.
Final: Magnetisation = (-0.021460,-0.007969), Energy = -0.631329 
<M> = (0.029976,-0.002910), <E> = -0.646465 

T=1.890000	 Thermalizing iterations... 
Done.
Thermalized Magnetisation = (-0.009219,0.014377), Energy = -0.655273 
Averaging iterations... h=0.031250,0.000000
Done.
Final: Magnetisation = (-0.000819,0.011395), Energy = -0.632498 
<M> = (0.030065,-0.002405), <E> = -0.650622 

T=1.880000	 Thermalizing iterations... 
Done.
Thermalized Magnetisation = (0.047661,-0.040012), Energy = -0.648758 
Averaging iterations... h=0.031250,0.000000
Done.
Final: Magnetisation = (-0.016061,0.005067), Energy = -0.675576 
<M> = (0.031633,-0.001791), <E> = -0.654755 

T=1.870000	 Thermalizing iterations... 
Done.
Thermalized Magnetisation = (-0.000779,0.014187), Energy = -0.647260 
Averaging iterations... h=0.031250,0.000000
Done.
Final: Magnetisation = (0.051503,0.008147), Energy = -0.659635 
<M> = (0.031579,0.002060), <E> = -0.657857 

T=1.860000	 Thermalizing iterations... 
Done.
Thermalized Magnetisation = (-0.004876,0.026094), Energy = -0.609839 
Averaging iterations... h=0.031250,0.000000
Done.
Final: Magnetisation = (0.054314,-0.012107), Energy = -0.642927 
<M> = (0.031014,-0.000549), <E> = -0.662230 

T=1.850000	 Thermalizing iterations... 
Done.
Thermalized Magnetisation = (0.018696,0.078059), Energy = -0.660786 
Averaging iterations... h=0.031250,0.000000
Done.
Final: Magnetisation = (0.070466,-0.029569), Energy = -0.702958 
<M> = (0.031415,-0.000585), <E> = -0.666181 

T=1.840000	 Thermalizing iterations... 
Done.
Thermalized Magnetisation = (0.026486,0.029244), Energy = -0.671816 
Averaging iterations... h=0.031250,0.000000
Done.
Final: Magnetisation = (0.049546,-0.000991), Energy = -0.690555 
<M> = (0.033484,-0.000899), <E> = -0.670742 

T=1.830000	 Thermalizing iterations... 
Done.
Thermalized Magnetisation = (0.101667,-0.015866), Energy = -0.658357 
Averaging iterations... h=0.031250,0.000000
Done.
Final: Magnetisation = (0.015199,0.053027), Energy = -0.661724 
<M> = (0.032302,-0.002462), <E> = -0.675597 

T=1.820000	 Thermalizing iterations... 
Done.
Thermalized Magnetisation = (0.044019,0.032697), Energy = -0.673261 
Averaging iterations... h=0.031250,0.000000
Done.
Final: Magnetisation = (0.045987,-0.021902), Energy = -0.668766 
<M> = (0.033446,-0.002409), <E> = -0.680402 

T=1.810000	 Thermalizing iterations... 
Done.
Thermalized Magnetisation = (0.023756,0.017162), Energy = -0.684332 
Averaging iterations... h=0.031250,0.000000
Done.
Final: Magnetisation = (0.016864,0.023367), Energy = -0.650170 
<M> = (0.036447,-0.002064), <E> = -0.684758 

T=1.800000	 Thermalizing iterations... 
Done.
Thermalized Magnetisation = (-0.021478,-0.015350), Energy = -0.684865 
Averaging iterations... h=0.031250,0.000000
Done.
Final: Magnetisation = (0.039770,0.029308), Energy = -0.726879 
<M> = (0.036358,-0.000413), <E> = -0.688117 

T=1.790000	 Thermalizing iterations... 
Done.
Thermalized Magnetisation = (0.063618,-0.042565), Energy = -0.699150 
Averaging iterations... h=0.031250,0.000000
Done.
Final: Magnetisation = (-0.027203,-0.058684), Energy = -0.692191 
<M> = (0.034656,-0.000236), <E> = -0.692628 

T=1.780000	 Thermalizing iterations... 
Done.
Thermalized Magnetisation = (0.033407,-0.020534), Energy = -0.699980 
Averaging iterations... h=0.031250,0.000000
Done.
Final: Magnetisation = (0.064913,-0.014976), Energy = -0.694154 
<M> = (0.035505,0.000691), <E> = -0.696795 

T=1.770000	 Thermalizing iterations... 
Done.
Thermalized Magnetisation = (0.059471,0.034965), Energy = -0.701421 
Averaging iterations... h=0.031250,0.000000
Done.
Final: Magnetisation = (0.033581,0.065361), Energy = -0.698368 
<M> = (0.037380,-0.002562), <E> = -0.702187 

T=1.760000	 Thermalizing iterations... 
Done.
Thermalized Magnetisation = (0.042485,0.006425), Energy = -0.742307 
Averaging iterations... h=0.031250,0.000000
Done.
Final: Magnetisation = (0.076822,-0.043503), Energy = -0.722349 
<M> = (0.036855,-0.000583), <E> = -0.707213 

T=1.750000	 Thermalizing iterations... 
Done.
Thermalized Magnetisation = (0.010221,0.007136), Energy = -0.699330 
Averaging iterations... h=0.031250,0.000000
Done.
Final: Magnetisation = (0.096052,-0.005772), Energy = -0.693577 
<M> = (0.037081,-0.003056), <E> = -0.712226 

T=1.740000	 Thermalizing iterations... 
Done.
Thermalized Magnetisation = (0.051730,0.038037), Energy = -0.689394 
Averaging iterations... h=0.031250,0.000000
Done.
Final: Magnetisation = (0.050250,-0.023960), Energy = -0.717876 
<M> = (0.038783,-0.002460), <E> = -0.717178 

T=1.730000	 Thermalizing iterations... 
Done.
Thermalized Magnetisation = (0.064229,-0.021963), Energy = -0.735661 
Averaging iterations... h=0.031250,0.000000
Done.
Final: Magnetisation = (-0.016546,-0.048553), Energy = -0.722392 
<M> = (0.041425,-0.001064), <E> = -0.722063 

T=1.720000	 Thermalizing iterations... 
Done.
Thermalized Magnetisation = (0.026538,-0.060739), Energy = -0.721979 
Averaging iterations... h=0.031250,0.000000
Done.
Final: Magnetisation = (0.046998,0.015038), Energy = -0.739287 
<M> = (0.040032,0.000684), <E> = -0.725790 

T=1.710000	 Thermalizing iterations... 
Done.
Thermalized Magnetisation = (0.061860,-0.065239), Energy = -0.758778 
Averaging iterations... h=0.031250,0.000000
Done.
Final: Magnetisation = (0.059965,-0.037023), Energy = -0.744290 
<M> = (0.040472,-0.000287), <E> = -0.731098 

T=1.700000	 Thermalizing iterations... 
Done.
Thermalized Magnetisation = (0.054385,0.015504), Energy = -0.728277 
Averaging iterations... h=0.031250,0.000000
Done.
Final: Magnetisation = (0.058113,0.025060), Energy = -0.754409 
<M> = (0.041413,0.000320), <E> = -0.736161 

T=1.690000	 Thermalizing iterations... 
Done.
Thermalized Magnetisation = (-0.036675,0.023519), Energy = -0.741489 
Averaging iterations... h=0.031250,0.000000
Done.
Final: Magnetisation = (0.047397,-0.074662), Energy = -0.732664 
<M> = (0.042795,-0.000672), <E> = -0.741434 

T=1.680000	 Thermalizing iterations... 
Done.
Thermalized Magnetisation = (0.006507,-0.020751), Energy = -0.737186 
Averaging iterations... h=0.031250,0.000000
Done.
Final: Magnetisation = (0.018191,-0.083319), Energy = -0.738736 
<M> = (0.042512,-0.003556), <E> = -0.747618 

T=1.670000	 Thermalizing iterations... 
Done.
Thermalized Magnetisation = (0.003780,0.012664), Energy = -0.750710 
Averaging iterations... h=0.031250,0.000000
Done.
Final: Magnetisation = (0.045647,-0.077524), Energy = -0.769536 
<M> = (0.044541,-0.001532), <E> = -0.752919 

T=1.660000	 Thermalizing iterations... 
Done.
Thermalized Magnetisation = (0.002069,-0.010085), Energy = -0.747023 
Averaging iterations... h=0.031250,0.000000
Done.
Final: Magnetisation = (0.052442,-0.029939), Energy = -0.773490 
<M> = (0.045831,-0.001435), <E> = -0.758425 

T=1.650000	 Thermalizing iterations... 
Done.
Thermalized Magnetisation = (0.058107,-0.031198), Energy = -0.763460 
Averaging iterations... h=0.031250,0.000000
Done.
Final: Magnetisation = (0.003828,0.065119), Energy = -0.765221 
<M> = (0.047627,0.001793), <E> = -0.763271 

T=1.640000	 Thermalizing iterations... 
Done.
Thermalized Magnetisation = (0.094736,0.056055), Energy = -0.780623 
Averaging iterations... h=0.031250,0.000000
Done.
Final: Magnetisation = (0.095015,-0.031487), Energy = -0.773187 
<M> = (0.046214,0.001191), <E> = -0.768367 

T=1.630000	 Thermalizing iterations... 
Done.
Thermalized Magnetisation = (0.047154,0.036543), Energy = -0.791437 
Averaging iterations... h=0.031250,0.000000
Done.
Final: Magnetisation = (0.069491,0.022661), Energy = -0.722420 
<M> = (0.048083,0.001655), <E> = -0.773946 

T=1.620000	 Thermalizing iterations... 
Done.
Thermalized Magnetisation = (0.080476,-0.071806), Energy = -0.781958 
Averaging iterations... h=0.031250,0.000000
Done.
Final: Magnetisation = (0.122656,-0.026269), Energy = -0.789131 
<M> = (0.049887,-0.001325), <E> = -0.780156 

T=1.610000	 Thermalizing iterations... 
Done.
Thermalized Magnetisation = (0.070658,0.050051), Energy = -0.790216 
Averaging iterations... h=0.031250,0.000000
Done.
Final: Magnetisation = (0.026696,0.082997), Energy = -0.812200 
<M> = (0.049447,-0.002660), <E> = -0.786764 

T=1.600000	 Thermalizing iterations... 
Done.
Thermalized Magnetisation = (0.064027,-0.026769), Energy = -0.814660 
Averaging iterations... h=0.031250,0.000000
Done.
Final: Magnetisation = (0.015316,-0.020957), Energy = -0.772437 
<M> = (0.050519,-0.004445), <E> = -0.793164 

T=1.590000	 Thermalizing iterations... 
Done.
Thermalized Magnetisation = (0.020004,0.021291), Energy = -0.755214 
Averaging iterations... h=0.031250,0.000000
Done.
Final: Magnetisation = (-0.066765,0.004232), Energy = -0.764337 
<M> = (0.051561,-0.003086), <E> = -0.799235 

T=1.580000	 Thermalizing iterations... 
Done.
Thermalized Magnetisation = (0.060560,0.015035), Energy = -0.774842 
Averaging iterations... h=0.031250,0.000000
Done.
Final: Magnetisation = (0.051093,-0.059551), Energy = -0.863054 
<M> = (0.056160,0.000401), <E> = -0.804972 

T=1.570000	 Thermalizing iterations... 
Done.
Thermalized Magnetisation = (0.060355,0.049574), Energy = -0.833326 
Averaging iterations... h=0.031250,0.000000
Done.
Final: Magnetisation = (0.054301,0.009020), Energy = -0.802880 
<M> = (0.054413,0.000094), <E> = -0.810002 

T=1.560000	 Thermalizing iterations... 
Done.
Thermalized Magnetisation = (0.108680,-0.061215), Energy = -0.863618 
Averaging iterations... h=0.031250,0.000000
Done.
Final: Magnetisation = (0.011933,-0.014042), Energy = -0.791614 
<M> = (0.055062,0.001522), <E> = -0.815552 

T=1.550000	 Thermalizing iterations... 
Done.
Thermalized Magnetisation = (-0.010067,-0.012615), Energy = -0.777150 
Averaging iterations... h=0.031250,0.000000
Done.
Final: Magnetisation = (0.061773,0.027637), Energy = -0.795370 
<M> = (0.057025,-0.000587), <E> = -0.822743 

T=1.540000	 Thermalizing iterations... 
Done.
Thermalized Magnetisation = (0.044855,0.081828), Energy = -0.807362 
Averaging iterations... h=0.031250,0.000000
Done.
Final: Magnetisation = (0.062988,-0.067271), Energy = -0.855016 
<M> = (0.059354,-0.001077), <E> = -0.829980 

T=1.530000	 Thermalizing iterations... 
Done.
Thermalized Magnetisation = (0.104168,-0.008554), Energy = -0.876976 
Averaging iterations... h=0.031250,0.000000
Done.
Final: Magnetisation = (0.057770,0.036787), Energy = -0.832880 
<M> = (0.059701,-0.003728), <E> = -0.836994 

T=1.520000	 Thermalizing iterations... 
Done.
Thermalized Magnetisation = (0.112359,0.074651), Energy = -0.851196 
Averaging iterations... h=0.031250,0.000000
Done.
Final: Magnetisation = (0.004395,-0.007680), Energy = -0.849752 
<M> = (0.061311,-0.002717), <E> = -0.843743 

T=1.510000	 Thermalizing iterations... 
Done.
Thermalized Magnetisation = (0.067646,0.000227), Energy = -0.890408 
Averaging iterations... h=0.031250,0.000000
Done.
Final: Magnetisation = (0.054694,0.022085), Energy = -0.832316 
<M> = (0.065991,-0.000298), <E> = -0.850746 

T=1.500000	 Thermalizing iterations... 
Done.
Thermalized Magnetisation = (0.094844,-0.123652), Energy = -0.878596 
Averaging iterations... h=0.031250,0.000000
Done.
Final: Magnetisation = (0.019785,-0.056769), Energy = -0.840935 
<M> = (0.066224,0.004099), <E> = -0.856796 

T=1.490000	 Thermalizing iterations... 
Done.
Thermalized Magnetisation = (0.080514,-0.004849), Energy = -0.848829 
Averaging iterations... h=0.031250,0.000000
Done.
Final: Magnetisation = (0.042573,0.089460), Energy = -0.846948 
<M> = (0.066813,0.003123), <E> = -0.863355 

T=1.480000	 Thermalizing iterations... 
Done.
Thermalized Magnetisation = (0.073286,-0.032255), Energy = -0.844570 
Averaging iterations... h=0.031250,0.000000
Done.
Final: Magnetisation = (0.107737,-0.025186), Energy = -0.864048 
<M> = (0.066548,0.001652), <E> = -0.870470 

T=1.470000	 Thermalizing iterations... 
Done.
Thermalized Magnetisation = (0.105106,0.009175), Energy = -0.895991 
Averaging iterations... h=0.031250,0.000000
Done.
Final: Magnetisation = (0.079641,-0.039174), Energy = -0.885292 
<M> = (0.070412,0.000412), <E> = -0.878258 

T=1.460000	 Thermalizing iterations... 
Done.
Thermalized Magnetisation = (0.064589,0.079166), Energy = -0.883470 
Averaging iterations... h=0.031250,0.000000
Done.
Final: Magnetisation = (0.089852,0.020532), Energy = -0.881746 
<M> = (0.070201,-0.001404), <E> = -0.886170 

T=1.450000	 Thermalizing iterations... 
Done.
Thermalized Magnetisation = (0.090896,0.031736), Energy = -0.905335 
Averaging iterations... h=0.031250,0.000000
Done.
Final: Magnetisation = (0.038843,-0.046580), Energy = -0.887662 
<M> = (0.074213,-0.006025), <E> = -0.894591 

T=1.440000	 Thermalizing iterations... 
Done.
Thermalized Magnetisation = (0.113917,-0.043836), Energy = -0.913907 
Averaging iterations... h=0.031250,0.000000
Done.
Final: Magnetisation = (0.102108,-0.033047), Energy = -0.917435 
<M> = (0.076686,-0.003359), <E> = -0.902018 

T=1.430000	 Thermalizing iterations... 
Done.
Thermalized Magnetisation = (0.065364,-0.085857), Energy = -0.937130 
Averaging iterations... h=0.031250,0.000000
Done.
Final: Magnetisation = (0.036105,0.018514), Energy = -0.912685 
<M> = (0.079193,0.001216), <E> = -0.908494 

T=1.420000	 Thermalizing iterations... 
Done.
Thermalized Magnetisation = (0.186771,0.049131), Energy = -0.936561 
Averaging iterations... h=0.031250,0.000000
Done.
Final: Magnetisation = (0.063939,-0.038992), Energy = -0.898985 
<M> = (0.080076,0.001191), <E> = -0.915800 

T=1.410000	 Thermalizing iterations... 
Done.
Thermalized Magnetisation = (0.059134,0.006142), Energy = -0.943292 
Averaging iterations... h=0.031250,0.000000
Done.
Final: Magnetisation = (0.031096,0.022243), Energy = -0.926157 
<M> = (0.080549,0.003877), <E> = -0.923449 

T=1.400000	 Thermalizing iterations... 
Done.
Thermalized Magnetisation = (0.063963,-0.027081), Energy = -0.908648 
Averaging iterations... h=0.031250,0.000000
Done.
Final: Magnetisation = (0.119885,0.080627), Energy = -0.897550 
<M> = (0.084761,-0.003452), <E> = -0.933204 

T=1.390000	 Thermalizing iterations... 
Done.
Thermalized Magnetisation = (0.033653,-0.052972), Energy = -0.967433 
Averaging iterations... h=0.031250,0.000000
Done.
Final: Magnetisation = (0.092009,-0.003403), Energy = -0.944769 
<M> = (0.086206,-0.004958), <E> = -0.941546 

T=1.380000	 Thermalizing iterations... 
Done.
Thermalized Magnetisation = (0.079309,-0.043008), Energy = -0.938797 
Averaging iterations... h=0.031250,0.000000
Done.
Final: Magnetisation = (0.124715,-0.021178), Energy = -0.917394 
<M> = (0.089561,-0.009303), <E> = -0.950453 

T=1.370000	 Thermalizing iterations... 
Done.
Thermalized Magnetisation = (0.006667,-0.052106), Energy = -0.943187 
Averaging iterations... h=0.031250,0.000000
Done.
Final: Magnetisation = (0.068623,-0.015860), Energy = -0.915707 
<M> = (0.089689,-0.005153), <E> = -0.958946 

T=1.360000	 Thermalizing iterations... 
Done.
Thermalized Magnetisation = (0.090990,0.014371), Energy = -0.988889 
Averaging iterations... h=0.031250,0.000000
Done.
Final: Magnetisation = (0.153700,0.088656), Energy = -0.999139 
<M> = (0.096011,-0.002507), <E> = -0.967037 

T=1.350000	 Thermalizing iterations... 
Done.
Thermalized Magnetisation = (0.131313,0.100119), Energy = -0.958748 
Averaging iterations... h=0.031250,0.000000
Done.
Final: Magnetisation = (0.045961,0.080494), Energy = -0.980463 
<M> = (0.099343,0.005663), <E> = -0.974803 

T=1.340000	 Thermalizing iterations... 
Done.
Thermalized Magnetisation = (0.185943,0.031345), Energy = -1.045848 
Averaging iterations... h=0.031250,0.000000
Done.
Final: Magnetisation = (0.133109,-0.015893), Energy = -0.993916 
<M> = (0.097677,0.000500), <E> = -0.983510 

T=1.330000	 Thermalizing iterations... 
Done.
Thermalized Magnetisation = (0.172650,0.004405), Energy = -1.024444 
Averaging iterations... h=0.031250,0.000000
Done.
Final: Magnetisation = (0.119616,-0.064852), Energy = -1.021077 
<M> = (0.102589,0.000312), <E> = -0.992953 

T=1.320000	 Thermalizing iterations... 
Done.
Thermalized Magnetisation = (0.137733,-0.033281), Energy = -1.011033 
Averaging iterations... h=0.031250,0.000000
Done.
Final: Magnetisation = (0.059133,-0.030219), Energy = -0.962523 
<M> = (0.108852,-0.003993), <E> = -1.003323 

T=1.310000	 Thermalizing iterations... 
Done.
Thermalized Magnetisation = (0.170561,-0.049265), Energy = -1.054901 
Averaging iterations... h=0.031250,0.000000
Done.
Final: Magnetisation = (0.086730,0.086521), Energy = -1.034284 
<M> = (0.108803,-0.007526), <E> = -1.012968 

T=1.300000	 Thermalizing iterations... 
Done.
Thermalized Magnetisation = (0.091669,0.011886), Energy = -1.019080 
Averaging iterations... h=0.031250,0.000000
Done.
Final: Magnetisation = (0.121130,0.013955), Energy = -1.082856 
<M> = (0.112536,-0.007274), <E> = -1.022957 

T=1.290000	 Thermalizing iterations... 
Done.
Thermalized Magnetisation = (0.123382,-0.043573), Energy = -1.053403 
Averaging iterations... h=0.031250,0.000000
Done.
Final: Magnetisation = (0.148321,-0.001655), Energy = -1.018810 
<M> = (0.121657,-0.007140), <E> = -1.033085 

T=1.280000	 Thermalizing iterations... 
Done.
Thermalized Magnetisation = (0.090199,0.011924), Energy = -1.059321 
Averaging iterations... h=0.031250,0.000000
Done.
Final: Magnetisation = (0.118935,-0.023585), Energy = -1.042720 
<M> = (0.120612,0.004105), <E> = -1.041485 

T=1.270000	 Thermalizing iterations... 
Done.
Thermalized Magnetisation = (0.089581,0.017781), Energy = -1.015075 
Averaging iterations... h=0.031250,0.000000
Done.
Final: Magnetisation = (0.082481,-0.032894), Energy = -1.058957 
<M> = (0.124435,0.000553), <E> = -1.049875 

T=1.260000	 Thermalizing iterations... 
Done.
Thermalized Magnetisation = (0.098382,-0.000351), Energy = -1.041811 
Averaging iterations... h=0.031250,0.000000
Done.
Final: Magnetisation = (0.112677,-0.029995), Energy = -1.059308 
<M> = (0.126344,0.002154), <E> = -1.060344 

T=1.250000	 Thermalizing iterations... 
Done.
Thermalized Magnetisation = (0.134449,-0.068195), Energy = -1.108693 
Averaging iterations... h=0.031250,0.000000
Done.
Final: Magnetisation = (0.096513,0.026569), Energy = -1.070900 
<M> = (0.133735,-0.007537), <E> = -1.072489 

T=1.240000	 Thermalizing iterations... 
Done.
Thermalized Magnetisation = (0.163060,-0.056856), Energy = -1.116004 
Averaging iterations... h=0.031250,0.000000
Done.
Final: Magnetisation = (0.032400,-0.061587), Energy = -1.053636 
<M> = (0.137446,-0.005641), <E> = -1.082372 

T=1.230000	 Thermalizing iterations... 
Done.
Thermalized Magnetisation = (0.143595,0.111247), Energy = -1.121033 
Averaging iterations... h=0.031250,0.000000
Done.
Final: Magnetisation = (0.085989,-0.110633), Energy = -1.069893 
<M> = (0.137585,-0.014374), <E> = -1.093974 

T=1.220000	 Thermalizing iterations... 
Done.
Thermalized Magnetisation = (0.143982,-0.035859), Energy = -1.092696 
Averaging iterations... h=0.031250,0.000000
Done.
Final: Magnetisation = (0.135521,-0.055693), Energy = -1.123356 
<M> = (0.144251,-0.014779), <E> = -1.104197 

T=1.210000	 Thermalizing iterations... 
Done.
Thermalized Magnetisation = (0.113561,0.021766), Energy = -1.063938 
Averaging iterations... h=0.031250,0.000000
Done.
Final: Magnetisation = (0.116866,-0.023101), Energy = -1.144060 
<M> = (0.152461,-0.008520), <E> = -1.114540 

T=1.200000	 Thermalizing iterations... 
Done.
Thermalized Magnetisation = (0.270178,-0.055467), Energy = -1.131201 
Averaging iterations... h=0.031250,0.000000
Done.
Final: Magnetisation = (0.173022,0.046785), Energy = -1.143752 
<M> = (0.154862,0.003951), <E> = -1.124975 

T=1.190000	 Thermalizing iterations... 
Done.
Thermalized Magnetisation = (0.194175,-0.000608), Energy = -1.114202 
Averaging iterations... h=0.031250,0.000000
Done.
Final: Magnetisation = (0.183545,-0.081270), Energy = -1.134955 
<M> = (0.159478,-0.000438), <E> = -1.135451 

T=1.180000	 Thermalizing iterations... 
Done.
Thermalized Magnetisation = (0.135959,-0.030966), Energy = -1.142050 
Averaging iterations... h=0.031250,0.000000
Done.
Final: Magnetisation = (0.181476,-0.001573), Energy = -1.109421 
<M> = (0.164048,-0.005746), <E> = -1.146925 

T=1.170000	 Thermalizing iterations... 
Done.
Thermalized Magnetisation = (0.115537,0.105417), Energy = -1.163417 
Averaging iterations... h=0.031250,0.000000
Done.
Final: Magnetisation = (0.162183,0.169810), Energy = -1.162327 
<M> = (0.170233,0.003427), <E> = -1.159658 

T=1.160000	 Thermalizing iterations... 
Done.
Thermalized Magnetisation = (0.209125,-0.136970), Energy = -1.190367 
Averaging iterations... h=0.031250,0.000000
Done.
Final: Magnetisation = (0.191303,-0.076265), Energy = -1.157140 
<M> = (0.173708,-0.020017), <E> = -1.171767 

T=1.150000	 Thermalizing iterations... 
Done.
Thermalized Magnetisation = (0.182397,-0.066892), Energy = -1.224560 
Averaging iterations... h=0.031250,0.000000
Done.
Final: Magnetisation = (0.196126,0.059192), Energy = -1.170632 
<M> = (0.182161,-0.009063), <E> = -1.182753 

T=1.140000	 Thermalizing iterations... 
Done.
Thermalized Magnetisation = (0.138759,-0.077100), Energy = -1.175564 
Averaging iterations... h=0.031250,0.000000
Done.
Final: Magnetisation = (0.255233,-0.070217), Energy = -1.198656 
<M> = (0.189914,-0.028244), <E> = -1.195615 

T=1.130000	 Thermalizing iterations... 
Done.
Thermalized Magnetisation = (0.155104,0.044571), Energy = -1.183084 
Averaging iterations... h=0.031250,0.000000
Done.
Final: Magnetisation = (0.148710,0.081646), Energy = -1.185171 
<M> = (0.195803,0.003492), <E> = -1.205608 

T=1.120000	 Thermalizing iterations... 
Done.
Thermalized Magnetisation = (0.192540,0.074709), Energy = -1.220856 
Averaging iterations... h=0.031250,0.000000
Done.
Final: Magnetisation = (0.126790,-0.221067), Energy = -1.222718 
<M> = (0.197444,0.006062), <E> = -1.217097 

T=1.110000	 Thermalizing iterations... 
Done.
Thermalized Magnetisation = (0.229941,-0.068867), Energy = -1.210993 
Averaging iterations... h=0.031250,0.000000
Done.
Final: Magnetisation = (0.225101,0.017868), Energy = -1.239157 
<M> = (0.205643,0.023921), <E> = -1.228496 

T=1.100000	 Thermalizing iterations... 
Done.
Thermalized Magnetisation = (0.186994,-0.140103), Energy = -1.248949 
Averaging iterations... h=0.031250,0.000000
Done.
Final: Magnetisation = (0.175131,-0.023732), Energy = -1.246848 
<M> = (0.212240,0.009730), <E> = -1.241627 

T=1.090000	 Thermalizing iterations... 
Done.
Thermalized Magnetisation = (0.177091,0.024955), Energy = -1.255627 
Averaging iterations... h=0.031250,0.000000
Done.
Final: Magnetisation = (0.146333,-0.005086), Energy = -1.254270 
<M> = (0.218481,-0.013379), <E> = -1.254281 

T=1.080000	 Thermalizing iterations... 
Done.
Thermalized Magnetisation = (0.233047,-0.064085), Energy = -1.257427 
Averaging iterations... h=0.031250,0.000000
Done.
Final: Magnetisation = (0.252891,0.011416), Energy = -1.260452 
<M> = (0.219503,-0.045239), <E> = -1.267627 

T=1.070000	 Thermalizing iterations... 
Done.
Thermalized Magnetisation = (0.265704,0.084196), Energy = -1.278631 
Averaging iterations... h=0.031250,0.000000
Done.
Final: Magnetisation = (0.219768,0.069127), Energy = -1.253737 
<M> = (0.230009,-0.060952), <E> = -1.281515 

T=1.060000	 Thermalizing iterations... 
Done.
Thermalized Magnetisation = (0.232474,0.109153), Energy = -1.290682 
Averaging iterations... h=0.031250,0.000000
Done.
Final: Magnetisation = (0.314564,-0.175643), Energy = -1.316319 
<M> = (0.240193,-0.032336), <E> = -1.291926 

T=1.050000	 Thermalizing iterations... 
Done.
Thermalized Magnetisation = (0.246094,-0.105705), Energy = -1.320624 
Averaging iterations... h=0.031250,0.000000
Done.
Final: Magnetisation = (0.233750,0.044767), Energy = -1.296953 
<M> = (0.245692,0.010314), <E> = -1.302985 

T=1.040000	 Thermalizing iterations... 
Done.
Thermalized Magnetisation = (0.185418,0.031149), Energy = -1.297674 
Averaging iterations... h=0.031250,0.000000
Done.
Final: Magnetisation = (0.229766,-0.095293), Energy = -1.314279 
<M> = (0.239274,0.053087), <E> = -1.315194 

T=1.030000	 Thermalizing iterations... 
Done.
Thermalized Magnetisation = (0.238126,-0.191777), Energy = -1.286487 
Averaging iterations... h=0.031250,0.000000
Done.
Final: Magnetisation = (0.236397,0.024655), Energy = -1.332780 
<M> = (0.253674,0.020317), <E> = -1.326133 

T=1.020000	 Thermalizing iterations... 
Done.
Thermalized Magnetisation = (0.236123,-0.195790), Energy = -1.318586 
Averaging iterations... h=0.031250,0.000000
Done.
Final: Magnetisation = (0.251417,0.035773), Energy = -1.365499 
<M> = (0.259020,-0.086479), <E> = -1.340335 

T=1.010000	 Thermalizing iterations... 
Done.
Thermalized Magnetisation = (0.255549,-0.056605), Energy = -1.339661 
Averaging iterations... h=0.031250,0.000000
Done.
Final: Magnetisation = (0.287459,-0.223725), Energy = -1.340558 
<M> = (0.260282,-0.187937), <E> = -1.357131 

T=1.000000	 Thermalizing iterations... 
Done.
Thermalized Magnetisation = (0.287700,0.123547), Energy = -1.373562 
Averaging iterations... h=0.031250,0.000000
Done.
Final: Magnetisation = (0.364159,-0.024169), Energy = -1.388374 
<M> = (0.262360,-0.040689), <E> = -1.368082 

T=0.990000	 Thermalizing iterations... 
Done.
Thermalized Magnetisation = (0.247726,-0.126151), Energy = -1.389155 
Averaging iterations... h=0.031250,0.000000
Done.
Final: Magnetisation = (0.279260,-0.160169), Energy = -1.369309 
<M> = (0.275736,-0.105805), <E> = -1.379139 

T=0.980000	 Thermalizing iterations... 
Done.
Thermalized Magnetisation = (0.283854,-0.012619), Energy = -1.398815 
Averaging iterations... h=0.031250,0.000000
Done.
Final: Magnetisation = (0.366739,0.044189), Energy = -1.397890 
<M> = (0.292933,-0.061820), <E> = -1.391769 

T=0.970000	 Thermalizing iterations... 
Done.
Thermalized Magnetisation = (0.293687,-0.086196), Energy = -1.374159 
Averaging iterations... h=0.031250,0.000000
Done.
Final: Magnetisation = (0.242301,-0.073531), Energy = -1.425393 
<M> = (0.288706,0.014643), <E> = -1.400765 

T=0.960000	 Thermalizing iterations... 
Done.
Thermalized Magnetisation = (0.233732,-0.280339), Energy = -1.426725 
Averaging iterations... h=0.031250,0.000000
Done.
Final: Magnetisation = (0.308085,0.121579), Energy = -1.405304 
<M> = (0.287084,-0.161686), <E> = -1.415021 

T=0.950000	 Thermalizing iterations... 
Done.
Thermalized Magnetisation = (0.189262,-0.342220), Energy = -1.418524 
Averaging iterations... h=0.031250,0.000000
Done.
Final: Magnetisation = (0.229707,-0.366030), Energy = -1.427489 
<M> = (0.277573,-0.315639), <E> = -1.431326 

T=0.940000	 Thermalizing iterations... 
Done.
Thermalized Magnetisation = (0.352165,-0.255673), Energy = -1.451246 
Averaging iterations... h=0.031250,0.000000
Done.
Final: Magnetisation = (0.287694,-0.327868), Energy = -1.452281 
<M> = (0.280030,-0.352031), <E> = -1.444156 

T=0.930000	 Thermalizing iterations... 
Done.
Thermalized Magnetisation = (0.320787,-0.017666), Energy = -1.433010 
Averaging iterations... h=0.031250,0.000000
Done.
Final: Magnetisation = (0.315205,-0.294712), Energy = -1.438731 
<M> = (0.291575,-0.219649), <E> = -1.450942 

T=0.920000	 Thermalizing iterations... 
Done.
Thermalized Magnetisation = (0.322546,0.109894), Energy = -1.478090 
Averaging iterations... h=0.031250,0.000000
Done.
Final: Magnetisation = (0.262339,-0.352418), Energy = -1.464381 
<M> = (0.309239,-0.184108), <E> = -1.461568 

T=0.910000	 Thermalizing iterations... 
Done.
Thermalized Magnetisation = (0.262043,-0.524162), Energy = -1.474102 
Averaging iterations... h=0.031250,0.000000
Done.
Final: Magnetisation = (0.264814,-0.477013), Energy = -1.482242 
<M> = (0.291206,-0.425465), <E> = -1.477188 

T=0.900000	 Thermalizing iterations... 
Done.
Thermalized Magnetisation = (0.266631,-0.522728), Energy = -1.502195 
Averaging iterations... h=0.031250,0.000000
Done.
Final: Magnetisation = (0.331477,-0.433595), Energy = -1.472141 
<M> = (0.286602,-0.468487), <E> = -1.488915 

T=0.890000	 Thermalizing iterations... 
Done.
Thermalized Magnetisation = (0.230806,-0.513698), Energy = -1.489183 
Averaging iterations... h=0.031250,0.000000
Done.
Final: Magnetisation = (0.297708,-0.453989), Energy = -1.486864 
<M> = (0.276411,-0.469340), <E> = -1.497775 

T=0.880000	 Thermalizing iterations... 
Done.
Thermalized Magnetisation = (0.215112,-0.607799), Energy = -1.521991 
Averaging iterations... h=0.031250,0.000000
Done.
Final: Magnetisation = (0.326508,-0.448434), Energy = -1.512569 
<M> = (0.282348,-0.504111), <E> = -1.510870 

T=0.870000	 Thermalizing iterations... 
Done.
Thermalized Magnetisation = (0.247041,-0.592513), Energy = -1.541340 
Averaging iterations... h=0.031250,0.000000
Done.
Final: Magnetisation = (0.302225,-0.512019), Energy = -1.521413 
<M> = (0.269574,-0.533438), <E> = -1.521292 

T=0.860000	 Thermalizing iterations... 
Done.
Thermalized Magnetisation = (0.326594,-0.499899), Energy = -1.538196 
Averaging iterations... h=0.031250,0.000000
Done.
Final: Magnetisation = (0.254186,-0.545528), Energy = -1.527490 
<M> = (0.271986,-0.541308), <E> = -1.531615 

T=0.850000	 Thermalizing iterations... 
Done.
Thermalized Magnetisation = (0.230939,-0.578253), Energy = -1.520310 
Averaging iterations... h=0.031250,0.000000
Done.
Final: Magnetisation = (0.196761,-0.603383), Energy = -1.540088 
<M> = (0.266352,-0.564970), <E> = -1.541414 

T=0.840000	 Thermalizing iterations... 
Done.
Thermalized Magnetisation = (0.266795,-0.559551), Energy = -1.564285 
Averaging iterations... h=0.031250,0.000000
Done.
Final: Magnetisation = (0.273610,-0.579136), Energy = -1.571690 
<M> = (0.282645,-0.555405), <E> = -1.549426 

T=0.830000	 Thermalizing iterations... 
Done.
Thermalized Magnetisation = (0.306327,-0.555809), Energy = -1.554749 
Averaging iterations... h=0.031250,0.000000
Done.
Final: Magnetisation = (0.273822,-0.606384), Energy = -1.570146 
<M> = (0.284350,-0.557136), <E> = -1.557523 

T=0.820000	 Thermalizing iterations... 
Done.
Thermalized Magnetisation = (0.220702,-0.578588), Energy = -1.561637 
Averaging iterations... h=0.031250,0.000000
Done.
Final: Magnetisation = (0.257076,-0.596016), Energy = -1.559641 
<M> = (0.281349,-0.574083), <E> = -1.566204 

T=0.810000	 Thermalizing iterations... 
Done.
Thermalized Magnetisation = (0.241631,-0.629478), Energy = -1.549750 
Averaging iterations... h=0.031250,0.000000
Done.
Final: Magnetisation = (0.310028,-0.525502), Energy = -1.543718 
<M> = (0.278066,-0.585226), <E> = -1.575436 

T=0.800000	 Thermalizing iterations... 
Done.
Thermalized Magnetisation = (0.246802,-0.627123), Energy = -1.591089 
Averaging iterations... h=0.031250,0.000000
Done.
Final: Magnetisation = (0.249252,-0.588249), Energy = -1.571266 
<M> = (0.276334,-0.586978), <E> = -1.583901 

T=0.790000	 Thermalizing iterations... 
Done.
Thermalized Magnetisation = (0.210963,-0.619400), Energy = -1.594296 
Averaging iterations... h=0.031250,0.000000
Done.
Final: Magnetisation = (0.268758,-0.575863), Energy = -1.613111 
<M> = (0.269822,-0.602908), <E> = -1.592949 

T=0.780000	 Thermalizing iterations... 
Done.
Thermalized Magnetisation = (0.298128,-0.577682), Energy = -1.587812 
Averaging iterations... h=0.031250,0.000000
Done.
Final: Magnetisation = (0.238543,-0.628828), Energy = -1.600636 
<M> = (0.266950,-0.609912), <E> = -1.600701 

T=0.770000	 Thermalizing iterations... 
Done.
Thermalized Magnetisation = (0.326984,-0.572823), Energy = -1.610901 
Averaging iterations... h=0.031250,0.000000
Done.
Final: Magnetisation = (0.243677,-0.611352), Energy = -1.599908 
<M> = (0.279042,-0.606881), <E> = -1.608414 

T=0.760000	 Thermalizing iterations... 
Done.
Thermalized Magnetisation = (0.242767,-0.618214), Energy = -1.599938 
Averaging iterations... h=0.031250,0.000000
Done.
Final: Magnetisation = (0.342553,-0.610313), Energy = -1.632232 
<M> = (0.278080,-0.616950), <E> = -1.615899 

T=0.750000	 Thermalizing iterations... 
Done.
Thermalized Magnetisation = (0.328038,-0.566147), Energy = -1.613822 
Averaging iterations... h=0.031250,0.000000
Done.
Final: Magnetisation = (0.233691,-0.640837), Energy = -1.622566 
<M> = (0.289060,-0.612611), <E> = -1.622789 

T=0.740000	 Thermalizing iterations... 
Done.
Thermalized Magnetisation = (0.252215,-0.654630), Energy = -1.639877 
Averaging iterations... h=0.031250,0.000000
Done.
Final: Magnetisation = (0.244729,-0.662435), Energy = -1.636645 
<M> = (0.277693,-0.621159), <E> = -1.630211 

T=0.730000	 Thermalizing iterations... 
Done.
Thermalized Magnetisation = (0.314229,-0.620933), Energy = -1.630760 
Averaging iterations... h=0.031250,0.000000
Done.
Final: Magnetisation = (0.294941,-0.622020), Energy = -1.639741 
<M> = (0.279330,-0.631769), <E> = -1.638568 

T=0.720000	 Thermalizing iterations... 
Done.
Thermalized Magnetisation = (0.297704,-0.614974), Energy = -1.631801 
Averaging iterations... h=0.031250,0.000000
Done.
Final: Magnetisation = (0.258897,-0.647862), Energy = -1.644422 
<M> = (0.268781,-0.640546), <E> = -1.646472 

T=0.710000	 Thermalizing iterations... 
Done.
Thermalized Magnetisation = (0.278855,-0.642573), Energy = -1.646589 
Averaging iterations... h=0.031250,0.000000
Done.
Final: Magnetisation = (0.222530,-0.680633), Energy = -1.668320 
<M> = (0.265789,-0.646922), <E> = -1.653882 

T=0.700000	 Thermalizing iterations... 
Done.
Thermalized Magnetisation = (0.244295,-0.673493), Energy = -1.662248 
Averaging iterations... h=0.031250,0.000000
Done.
Final: Magnetisation = (0.211284,-0.681441), Energy = -1.662079 
<M> = (0.263717,-0.658463), <E> = -1.661193 

T=0.690000	 Thermalizing iterations... 
Done.
Thermalized Magnetisation = (0.319380,-0.620711), Energy = -1.670377 
Averaging iterations... h=0.031250,0.000000
Done.
Final: Magnetisation = (0.228389,-0.678130), Energy = -1.664463 
<M> = (0.275029,-0.651777), <E> = -1.667736 

T=0.680000	 Thermalizing iterations... 
Done.
Thermalized Magnetisation = (0.221649,-0.668222), Energy = -1.661038 
Averaging iterations... h=0.031250,0.000000
Done.
Final: Magnetisation = (0.236990,-0.659873), Energy = -1.683152 
<M> = (0.282571,-0.650584), <E> = -1.673776 

T=0.670000	 Thermalizing iterations... 
Done.
Thermalized Magnetisation = (0.267754,-0.678229), Energy = -1.670072 
Averaging iterations... h=0.031250,0.000000
Done.
Final: Magnetisation = (0.337458,-0.661478), Energy = -1.692987 
<M> = (0.276335,-0.659774), <E> = -1.681132 

T=0.660000	 Thermalizing iterations... 
Done.
Thermalized Magnetisation = (0.259431,-0.645289), Energy = -1.677787 
Averaging iterations... h=0.031250,0.000000
Done.
Final: Magnetisation = (0.243554,-0.656687), Energy = -1.695759 
<M> = (0.275092,-0.664615), <E> = -1.688022 

T=0.650000	 Thermalizing iterations... 
Done.
Thermalized Magnetisation = (0.228020,-0.684904), Energy = -1.694884 
Averaging iterations... h=0.031250,0.000000
Done.
Final: Magnetisation = (0.237415,-0.701463), Energy = -1.687235 
<M> = (0.273495,-0.670599), <E> = -1.695068 

T=0.640000	 Thermalizing iterations... 
Done.
Thermalized Magnetisation = (0.234732,-0.724804), Energy = -1.714577 
Averaging iterations... h=0.031250,0.000000
Done.
Final: Magnetisation = (0.323700,-0.651190), Energy = -1.700944 
<M> = (0.265063,-0.678083), <E> = -1.702478 

T=0.630000	 Thermalizing iterations... 
Done.
Thermalized Magnetisation = (0.241968,-0.706920), Energy = -1.705986 
Averaging iterations... h=0.031250,0.000000
Done.
Final: Magnetisation = (0.260610,-0.684269), Energy = -1.712705 
<M> = (0.270821,-0.682400), <E> = -1.708934 

T=0.620000	 Thermalizing iterations... 
Done.
Thermalized Magnetisation = (0.245249,-0.690257), Energy = -1.717240 
Averaging iterations... h=0.031250,0.000000
Done.
Final: Magnetisation = (0.342716,-0.683070), Energy = -1.728245 
<M> = (0.276545,-0.680290), <E> = -1.715117 

T=0.610000	 Thermalizing iterations... 
Done.
Thermalized Magnetisation = (0.280331,-0.682091), Energy = -1.719955 
Averaging iterations... h=0.031250,0.000000
Done.
Final: Magnetisation = (0.273252,-0.674423), Energy = -1.720272 
<M> = (0.278066,-0.680710), <E> = -1.721215 

T=0.600000	 Thermalizing iterations... 
Done.
Thermalized Magnetisation = (0.262833,-0.693380), Energy = -1.725400 
Averaging iterations... h=0.031250,0.000000
Done.
Final: Magnetisation = (0.278728,-0.687754), Energy = -1.721534 
<M> = (0.281064,-0.686520), <E> = -1.727699 

T=0.590000	 Thermalizing iterations... 
Done.
Thermalized Magnetisation = (0.248009,-0.692292), Energy = -1.725200 
Averaging iterations... h=0.031250,0.000000
Done.
Final: Magnetisation = (0.271475,-0.721262), Energy = -1.740721 
<M> = (0.283945,-0.688241), <E> = -1.733777 

T=0.580000	 Thermalizing iterations... 
Done.
Thermalized Magnetisation = (0.327479,-0.675876), Energy = -1.752481 
Averaging iterations... h=0.031250,0.000000
Done.
Final: Magnetisation = (0.262173,-0.702446), Energy = -1.744007 
<M> = (0.272363,-0.696934), <E> = -1.740619 

T=0.570000	 Thermalizing iterations... 
Done.
Thermalized Magnetisation = (0.273543,-0.697650), Energy = -1.749528 
Averaging iterations... h=0.031250,0.000000
Done.
Final: Magnetisation = (0.345075,-0.651840), Energy = -1.743803 
<M> = (0.268927,-0.704221), <E> = -1.747526 

T=0.560000	 Thermalizing iterations... 
Done.
Thermalized Magnetisation = (0.282857,-0.706628), Energy = -1.758229 
Averaging iterations... h=0.031250,0.000000
Done.
Final: Magnetisation = (0.336910,-0.676890), Energy = -1.758870 
<M> = (0.265445,-0.709969), <E> = -1.753883 

T=0.550000	 Thermalizing iterations... 
Done.
Thermalized Magnetisation = (0.314193,-0.686517), Energy = -1.763082 
Averaging iterations... h=0.031250,0.000000
Done.
Final: Magnetisation = (0.284522,-0.704398), Energy = -1.761829 
<M> = (0.264334,-0.714658), <E> = -1.759952 

T=0.540000	 Thermalizing iterations... 
Done.
Thermalized Magnetisation = (0.291294,-0.699531), Energy = -1.765723 
Averaging iterations... h=0.031250,0.000000
Done.
Final: Magnetisation = (0.280091,-0.724746), Energy = -1.767559 
<M> = (0.278377,-0.709089), <E> = -1.765594 

T=0.530000	 Thermalizing iterations... 
Done.
Thermalized Magnetisation = (0.308332,-0.698963), Energy = -1.776191 
Averaging iterations... h=0.031250,0.000000
Done.
Final: Magnetisation = (0.266192,-0.726326), Energy = -1.779449 
<M> = (0.284988,-0.708713), <E> = -1.771358 

T=0.520000	 Thermalizing iterations... 
Done.
Thermalized Magnetisation = (0.283796,-0.678970), Energy = -1.772125 
Averaging iterations... h=0.031250,0.000000
Done.
Final: Magnetisation = (0.282901,-0.721232), Energy = -1.773914 
<M> = (0.280254,-0.715521), <E> = -1.777691 

T=0.510000	 Thermalizing iterations... 
Done.
Thermalized Magnetisation = (0.254971,-0.729634), Energy = -1.781944 
Averaging iterations... h=0.031250,0.000000
Done.
Final: Magnetisation = (0.310485,-0.716901), Energy = -1.785122 
<M> = (0.277066,-0.721732), <E> = -1.783750 

T=0.500000	 Thermalizing iterations... 
Done.
Thermalized Magnetisation = (0.281436,-0.748880), Energy = -1.798260 
Averaging iterations... h=0.031250,0.000000
Done.
Final: Magnetisation = (0.231718,-0.736033), Energy = -1.797265 
<M> = (0.271787,-0.727846), <E> = -1.790166 

T=0.490000	 Thermalizing iterations... 
Done.
Thermalized Magnetisation = (0.243419,-0.752129), Energy = -1.795843 
Averaging iterations... h=0.031250,0.000000
Done.
Final: Magnetisation = (0.260791,-0.754971), Energy = -1.793988 
<M> = (0.264096,-0.734421), <E> = -1.796358 

T=0.480000	 Thermalizing iterations... 
Done.
Thermalized Magnetisation = (0.316895,-0.709416), Energy = -1.802664 
Averaging iterations... h=0.031250,0.000000
Done.
Final: Magnetisation = (0.276916,-0.711720), Energy = -1.792959 
<M> = (0.265423,-0.738009), <E> = -1.802412 

T=0.470000	 Thermalizing iterations... 
Done.
Thermalized Magnetisation = (0.329099,-0.727272), Energy = -1.811974 
Averaging iterations... h=0.031250,0.000000
Done.
Final: Magnetisation = (0.258995,-0.748788), Energy = -1.814993 
<M> = (0.279375,-0.733457), <E> = -1.808027 

T=0.460000	 Thermalizing iterations... 
Done.
Thermalized Magnetisation = (0.294154,-0.740097), Energy = -1.808734 
Averaging iterations... h=0.031250,0.000000
Done.
Final: Magnetisation = (0.276179,-0.741914), Energy = -1.806069 
<M> = (0.284244,-0.732351), <E> = -1.813623 

T=0.450000	 Thermalizing iterations... 
Done.
Thermalized Magnetisation = (0.284158,-0.738058), Energy = -1.820852 
Averaging iterations... h=0.031250,0.000000
Done.
Final: Magnetisation = (0.300012,-0.736315), Energy = -1.813508 
<M> = (0.286919,-0.736623), <E> = -1.819461 

T=0.440000	 Thermalizing iterations... 
Done.
Thermalized Magnetisation = (0.249017,-0.761190), Energy = -1.827965 
Averaging iterations... h=0.031250,0.000000
Done.
Final: Magnetisation = (0.302300,-0.719892), Energy = -1.824884 
<M> = (0.282074,-0.742621), <E> = -1.825347 

T=0.430000	 Thermalizing iterations... 
Done.
Thermalized Magnetisation = (0.210062,-0.776157), Energy = -1.836455 
Averaging iterations... h=0.031250,0.000000
Done.
Final: Magnetisation = (0.263692,-0.745678), Energy = -1.817074 
<M> = (0.276190,-0.746579), <E> = -1.831204 

T=0.420000	 Thermalizing iterations... 
Done.
Thermalized Magnetisation = (0.304151,-0.740532), Energy = -1.835823 
Averaging iterations... h=0.031250,0.000000
Done.
Final: Magnetisation = (0.280704,-0.743397), Energy = -1.842110 
<M> = (0.270090,-0.755733), <E> = -1.837451 

T=0.410000	 Thermalizing iterations... 
Done.
Thermalized Magnetisation = (0.291548,-0.762273), Energy = -1.845001 
Averaging iterations... h=0.031250,0.000000
Done.
Final: Magnetisation = (0.308850,-0.728295), Energy = -1.838629 
<M> = (0.269878,-0.758752), <E> = -1.843170 

T=0.400000	 Thermalizing iterations... 
Done.
Thermalized Magnetisation = (0.256837,-0.749964), Energy = -1.840163 
Averaging iterations... h=0.031250,0.000000
Done.
Final: Magnetisation = (0.281033,-0.753102), Energy = -1.846725 
<M> = (0.279355,-0.756077), <E> = -1.848527 

T=0.390000	 Thermalizing iterations... 
Done.
Thermalized Magnetisation = (0.263003,-0.764773), Energy = -1.851052 
Averaging iterations... h=0.031250,0.000000
Done.
Final: Magnetisation = (0.271117,-0.768192), Energy = -1.848583 
<M> = (0.281387,-0.756915), <E> = -1.854070 

T=0.380000	 Thermalizing iterations... 
Done.
Thermalized Magnetisation = (0.260340,-0.774237), Energy = -1.856455 
Averaging iterations... h=0.031250,0.000000
Done.
Final: Magnetisation = (0.270168,-0.756539), Energy = -1.857374 
<M> = (0.278354,-0.761280), <E> = -1.859644 

T=0.370000	 Thermalizing iterations... 
Done.
Thermalized Magnetisation = (0.293972,-0.773586), Energy = -1.874115 
Averaging iterations... h=0.031250,0.000000
Done.
Final: Magnetisation = (0.315905,-0.746486), Energy = -1.863432 
<M> = (0.283821,-0.762611), <E> = -1.865372 

T=0.360000	 Thermalizing iterations... 
Done.
Thermalized Magnetisation = (0.259041,-0.782463), Energy = -1.872455 
Averaging iterations... h=0.031250,0.000000
Done.
Final: Magnetisation = (0.285690,-0.766244), Energy = -1.867281 
<M> = (0.279635,-0.766904), <E> = -1.871174 

T=0.350000	 Thermalizing iterations... 
Done.
Thermalized Magnetisation = (0.256879,-0.782336), Energy = -1.871661 
Averaging iterations... h=0.031250,0.000000
Done.
Final: Magnetisation = (0.279709,-0.759495), Energy = -1.873832 
<M> = (0.272512,-0.774128), <E> = -1.876906 

T=0.340000	 Thermalizing iterations... 
Done.
Thermalized Magnetisation = (0.282941,-0.763510), Energy = -1.881394 
Averaging iterations... h=0.031250,0.000000
Done.
Final: Magnetisation = (0.296083,-0.773143), Energy = -1.882142 
<M> = (0.272196,-0.778352), <E> = -1.882600 

T=0.330000	 Thermalizing iterations... 
Done.
Thermalized Magnetisation = (0.267661,-0.787468), Energy = -1.882893 
Averaging iterations... h=0.031250,0.000000
Done.
Final: Magnetisation = (0.279088,-0.777046), Energy = -1.891327 
<M> = (0.275563,-0.781864), <E> = -1.888061 

T=0.320000	 Thermalizing iterations... 
Done.
Thermalized Magnetisation = (0.308249,-0.778841), Energy = -1.892302 
Averaging iterations... h=0.031250,0.000000
Done.
Final: Magnetisation = (0.269245,-0.779591), Energy = -1.892907 
<M> = (0.282535,-0.777713), <E> = -1.893469 

T=0.310000	 Thermalizing iterations... 
Done.
Thermalized Magnetisation = (0.252121,-0.778073), Energy = -1.898443 
Averaging iterations... h=0.031250,0.000000
Done.
Final: Magnetisation = (0.279518,-0.776288), Energy = -1.896850 
<M> = (0.278921,-0.783420), <E> = -1.898838 

T=0.300000	 Thermalizing iterations... 
Done.
Thermalized Magnetisation = (0.279348,-0.779701), Energy = -1.906879 
Averaging iterations... h=0.031250,0.000000
Done.
Final: Magnetisation = (0.300439,-0.772053), Energy = -1.903802 
<M> = (0.283868,-0.785351), <E> = -1.904312 

T=0.290000	 Thermalizing iterations... 
Done.
Thermalized Magnetisation = (0.263512,-0.799196), Energy = -1.908411 
Averaging iterations... h=0.031250,0.000000
Done.
Final: Magnetisation = (0.296812,-0.778535), Energy = -1.912480 
<M> = (0.280108,-0.787705), <E> = -1.909907 

T=0.280000	 Thermalizing iterations... 
Done.
Thermalized Magnetisation = (0.260332,-0.795339), Energy = -1.915430 
Averaging iterations... h=0.031250,0.000000
Done.
Final: Magnetisation = (0.266767,-0.794767), Energy = -1.910656 
<M> = (0.281907,-0.790985), <E> = -1.915195 

T=0.270000	 Thermalizing iterations... 
Done.
Thermalized Magnetisation = (0.267571,-0.806289), Energy = -1.920990 
Averaging iterations... h=0.031250,0.000000
Done.
Final: Magnetisation = (0.287336,-0.802631), Energy = -1.917102 
<M> = (0.271754,-0.799316), <E> = -1.920980 

T=0.260000	 Thermalizing iterations... 
Done.
Thermalized Magnetisation = (0.273893,-0.794502), Energy = -1.929566 
Averaging iterations... h=0.031250,0.000000
Done.
Final: Magnetisation = (0.262701,-0.800359), Energy = -1.927077 
<M> = (0.277783,-0.798929), <E> = -1.926293 

T=0.250000	 Thermalizing iterations... 
Done.
Thermalized Magnetisation = (0.285906,-0.803961), Energy = -1.931267 
Averaging iterations... h=0.031250,0.000000
Done.
Final: Magnetisation = (0.306464,-0.792963), Energy = -1.936691 
<M> = (0.277809,-0.802050), <E> = -1.931689 

T=0.240000	 Thermalizing iterations... 
Done.
Thermalized Magnetisation = (0.285435,-0.787600), Energy = -1.938139 
Averaging iterations... h=0.031250,0.000000
Done.
Final: Magnetisation = (0.289278,-0.800778), Energy = -1.937518 
<M> = (0.283617,-0.801183), <E> = -1.936928 

T=0.230000	 Thermalizing iterations... 
Done.
Thermalized Magnetisation = (0.264112,-0.811080), Energy = -1.942473 
Averaging iterations... h=0.031250,0.000000
Done.
Final: Magnetisation = (0.258576,-0.816724), Energy = -1.941212 
<M> = (0.280154,-0.804844), <E> = -1.942193 

T=0.220000	 Thermalizing iterations... 
Done.
Thermalized Magnetisation = (0.283372,-0.803724), Energy = -1.946774 
Averaging iterations... h=0.031250,0.000000
Done.
Final: Magnetisation = (0.299411,-0.803751), Energy = -1.944992 
<M> = (0.282428,-0.808937), <E> = -1.947668 

T=0.210000	 Thermalizing iterations... 
Done.
Thermalized Magnetisation = (0.256009,-0.807579), Energy = -1.950433 
Averaging iterations... h=0.031250,0.000000
Done.
Final: Magnetisation = (0.287449,-0.806329), Energy = -1.953324 
<M> = (0.282697,-0.810474), <E> = -1.952826 

T=0.200000	 Thermalizing iterations... 
Done.
Thermalized Magnetisation = (0.299784,-0.812045), Energy = -1.956678 
Averaging iterations... h=0.031250,0.000000
Done.
Final: Magnetisation = (0.294819,-0.805030), Energy = -1.956352 
<M> = (0.278706,-0.815278), <E> = -1.958325 

T=0.190000	 Thermalizing iterations... 
Done.
Thermalized Magnetisation = (0.284772,-0.817705), Energy = -1.961877 
Averaging iterations... h=0.031250,0.000000
Done.
Final: Magnetisation = (0.297532,-0.813398), Energy = -1.965454 
<M> = (0.276091,-0.819879), <E> = -1.963656 

T=0.180000	 Thermalizing iterations... 
Done.
Thermalized Magnetisation = (0.288051,-0.814867), Energy = -1.972229 
Averaging iterations... h=0.031250,0.000000
Done.
Final: Magnetisation = (0.266797,-0.821838), Energy = -1.969957 
<M> = (0.280907,-0.820110), <E> = -1.968881 

T=0.170000	 Thermalizing iterations... 
Done.
Thermalized Magnetisation = (0.289695,-0.819747), Energy = -1.970475 
Averaging iterations... h=0.031250,0.000000
Done.
Final: Magnetisation = (0.275765,-0.819138), Energy = -1.974181 
<M> = (0.278408,-0.823648), <E> = -1.974149 

T=0.160000	 Thermalizing iterations... 
Done.
Thermalized Magnetisation = (0.265101,-0.819907), Energy = -1.980275 
Averaging iterations... h=0.031250,0.000000
Done.
Final: Magnetisation = (0.297575,-0.826431), Energy = -1.981089 
<M> = (0.282486,-0.823940), <E> = -1.979196 

T=0.150000	 Thermalizing iterations... 
Done.
Thermalized Magnetisation = (0.300394,-0.815600), Energy = -1.983617 
Averaging iterations... h=0.031250,0.000000
Done.
Final: Magnetisation = (0.294268,-0.831868), Energy = -1.984125 
<M> = (0.280827,-0.827332), <E> = -1.984444 

T=0.140000	 Thermalizing iterations... 
Done.
Thermalized Magnetisation = (0.258780,-0.837687), Energy = -1.990813 
Averaging iterations... h=0.031250,0.000000
Done.
Final: Magnetisation = (0.280012,-0.832244), Energy = -1.990130 
<M> = (0.277501,-0.831803), <E> = -1.989683 

T=0.130000	 Thermalizing iterations... 
Done.
Thermalized Magnetisation = (0.291195,-0.829774), Energy = -1.997538 
Averaging iterations... h=0.031250,0.000000
Done.
Final: Magnetisation = (0.263859,-0.838976), Energy = -1.993518 
<M> = (0.281117,-0.833879), <E> = -1.994897 

T=0.120000	 Thermalizing iterations... 
Done.
Thermalized Magnetisation = (0.292051,-0.832922), Energy = -1.999059 
Averaging iterations... h=0.031250,0.000000
Done.
Final: Magnetisation = (0.300498,-0.833439), Energy = -1.999815 
<M> = (0.278020,-0.837019), <E> = -2.000095 

T=0.110000	 Thermalizing iterations... 
Done.
Thermalized Magnetisation = (0.300047,-0.834847), Energy = -2.006219 
Averaging iterations... h=0.031250,0.000000
Done.
Final: Magnetisation = (0.275775,-0.838504), Energy = -2.004037 
<M> = (0.283840,-0.836608), <E> = -2.005247 

T=0.100000	 Thermalizing iterations... 
Done.
Thermalized Magnetisation = (0.292513,-0.839032), Energy = -2.012152 
Averaging iterations... h=0.031250,0.000000
Done.
Final: Magnetisation = (0.257984,-0.847580), Energy = -2.010794 
<M> = (0.280292,-0.841083), <E> = -2.010365 

T=0.090000	 Thermalizing iterations... 
Done.
Thermalized Magnetisation = (0.275522,-0.845495), Energy = -2.014594 
Averaging iterations... h=0.031250,0.000000
Done.
Final: Magnetisation = (0.290918,-0.841830), Energy = -2.014191 
<M> = (0.279959,-0.843495), <E> = -2.015453 

T=0.080000	 Thermalizing iterations... 
Done.
Thermalized Magnetisation = (0.273418,-0.848544), Energy = -2.021013 
Averaging iterations... h=0.031250,0.000000
Done.
Final: Magnetisation = (0.285400,-0.840291), Energy = -2.021537 
<M> = (0.284538,-0.845179), <E> = -2.020602 

T=0.070000	 Thermalizing iterations... 
Done.
Thermalized Magnetisation = (0.267301,-0.849123), Energy = -2.025497 
Averaging iterations... h=0.031250,0.000000
Done.
Final: Magnetisation = (0.290516,-0.845710), Energy = -2.025666 
<M> = (0.279260,-0.850328), <E> = -2.025721 

T=0.060000	 Thermalizing iterations... 
Done.
Thermalized Magnetisation = (0.287925,-0.848860), Energy = -2.030383 
Averaging iterations... h=0.031250,0.000000
Done.
Final: Magnetisation = (0.276489,-0.849785), Energy = -2.031084 
<M> = (0.280915,-0.851698), <E> = -2.030791 

T=0.050000	 Thermalizing iterations... 
Done.
Thermalized Magnetisation = (0.286629,-0.847493), Energy = -2.036077 
Averaging iterations... h=0.031250,0.000000
Done.
Final: Magnetisation = (0.289514,-0.852846), Energy = -2.036051 
<M> = (0.287702,-0.851585), <E> = -2.035887 

T=0.040000	 Thermalizing iterations... 
Done.
Thermalized Magnetisation = (0.278131,-0.854610), Energy = -2.041069 
Averaging iterations... h=0.031250,0.000000
Done.
Final: Magnetisation = (0.283563,-0.852000), Energy = -2.040986 
<M> = (0.284086,-0.855069), <E> = -2.040912 

T=0.030000	 Thermalizing iterations... 
Done.
Thermalized Magnetisation = (0.285379,-0.858538), Energy = -2.046295 
Averaging iterations... h=0.031250,0.000000
Done.
Final: Magnetisation = (0.285701,-0.857820), Energy = -2.045709 
<M> = (0.282317,-0.858616), <E> = -2.045965 

T=0.020000	 Thermalizing iterations... 
Done.
Thermalized Magnetisation = (0.287844,-0.859873), Energy = -2.050910 
Averaging iterations... h=0.031250,0.000000
Done.
Final: Magnetisation = (0.281718,-0.860664), Energy = -2.051368 
<M> = (0.282242,-0.860976), <E> = -2.050984 

T=0.010000	 Thermalizing iterations... 
Done.
Thermalized Magnetisation = (0.286828,-0.860556), Energy = -2.056090 
Averaging iterations... h=0.031250,0.000000
Done.
Final: Magnetisation = (0.283368,-0.863459), Energy = -2.055998 
<M> = (0.284692,-0.862160), <E> = -2.056001 
Final Magnetisation = (0.283368,-0.863459), Energy = -2.055998 
------------------------

Updating all (first)black/(then)white checkerboard sites simultaneously.. 

ztne RFXY h rotating with |h|=0.031250 at T=0.000000..
loop 1

loop 2

CPU  Start Time = 3863717.036090 

CPU  End Time = 3874073.161408 

CPU Time elapsed total = 10356.125318 

real	172m36.187s
user	3150m16.676s
sys	1m29.116s
