+ cd /home/sbasak/Exercises/OpenMP/XY_code/Z2/rotating_field/trial/config/config_93
+ export OMP_NUM_THREADS=28
+ OMP_NUM_THREADS=28
+ ./a_4.out
nearest neighbor initialized. 
h loaded. 
J loaded. 
L = 128, dim_L = 2, dim_S = 2
hysteresis_MCS_multiplier = 10, hysteresis_MCS_max = 100
RAND_MAX = 2147483647.000000,
 sizeof(int) = 4,
 sizeof(long) = 8,
 sizeof(double) = 8,
 sizeof(long int) = 8,
 sizeof(short int) = 2,
 sizeof(unsigned int) = 4,
 sizeof(RAND_MAX) = 4
No. of THREADS = 28
No. of PROCESSORS = 28

0.061592,0.020553
order = ({1.000000-->-1.000000,0.000000}, 0, 1)
Initial Magnetisation = (0.061592,0.020553), Energy = 0.020457 
Cooling... 
T=2.000000	 Thermalizing iterations... 
Done.
Thermalized Magnetisation = (0.103884,-0.003205), Energy = -0.586362 
Averaging iterations... h=0.125000,0.000000
Done.
Final: Magnetisation = (0.101720,-0.041369), Energy = -0.600649 
<M> = (0.112690,-0.000093), <E> = -0.633504 

T=1.990000	 Thermalizing iterations... 
Done.
Thermalized Magnetisation = (0.074117,0.035016), Energy = -0.643332 
Averaging iterations... h=0.125000,0.000000
Done.
Final: Magnetisation = (0.094772,0.005172), Energy = -0.664273 
<M> = (0.115593,-0.001724), <E> = -0.638736 

T=1.980000	 Thermalizing iterations... 
Done.
Thermalized Magnetisation = (0.106075,0.007508), Energy = -0.654010 
Averaging iterations... h=0.125000,0.000000
Done.
Final: Magnetisation = (0.125121,-0.010360), Energy = -0.637615 
<M> = (0.116520,-0.001070), <E> = -0.643202 

T=1.970000	 Thermalizing iterations... 
Done.
Thermalized Magnetisation = (0.116382,0.042412), Energy = -0.650016 
Averaging iterations... h=0.125000,0.000000
Done.
Final: Magnetisation = (0.119365,-0.056130), Energy = -0.644046 
<M> = (0.118539,-0.002066), <E> = -0.647786 

T=1.960000	 Thermalizing iterations... 
Done.
Thermalized Magnetisation = (0.117345,-0.029274), Energy = -0.693641 
Averaging iterations... h=0.125000,0.000000
Done.
Final: Magnetisation = (0.115282,0.002332), Energy = -0.646452 
<M> = (0.120457,-0.000698), <E> = -0.651556 

T=1.950000	 Thermalizing iterations... 
Done.
Thermalized Magnetisation = (0.130101,0.003688), Energy = -0.647181 
Averaging iterations... h=0.125000,0.000000
Done.
Final: Magnetisation = (0.180364,0.004345), Energy = -0.688951 
<M> = (0.122824,-0.000466), <E> = -0.655119 

T=1.940000	 Thermalizing iterations... 
Done.
Thermalized Magnetisation = (0.169212,-0.018579), Energy = -0.671036 
Averaging iterations... h=0.125000,0.000000
Done.
Final: Magnetisation = (0.151051,0.016123), Energy = -0.656157 
<M> = (0.123208,0.000263), <E> = -0.658552 

T=1.930000	 Thermalizing iterations... 
Done.
Thermalized Magnetisation = (0.146050,0.000808), Energy = -0.681294 
Averaging iterations... h=0.125000,0.000000
Done.
Final: Magnetisation = (0.045698,0.016578), Energy = -0.634513 
<M> = (0.124018,0.000602), <E> = -0.662086 

T=1.920000	 Thermalizing iterations... 
Done.
Thermalized Magnetisation = (0.107272,0.034490), Energy = -0.681587 
Averaging iterations... h=0.125000,0.000000
Done.
Final: Magnetisation = (0.111409,-0.046186), Energy = -0.662015 
<M> = (0.126653,-0.001348), <E> = -0.667509 

T=1.910000	 Thermalizing iterations... 
Done.
Thermalized Magnetisation = (0.085244,0.011297), Energy = -0.657991 
Averaging iterations... h=0.125000,0.000000
Done.
Final: Magnetisation = (0.109114,-0.030891), Energy = -0.710746 
<M> = (0.128890,-0.000749), <E> = -0.672205 

T=1.900000	 Thermalizing iterations... 
Done.
Thermalized Magnetisation = (0.185821,0.096979), Energy = -0.693150 
Averaging iterations... h=0.125000,0.000000
Done.
Final: Magnetisation = (0.079963,-0.004017), Energy = -0.658802 
<M> = (0.130560,-0.002794), <E> = -0.676959 

T=1.890000	 Thermalizing iterations... 
Done.
Thermalized Magnetisation = (0.076851,0.015152), Energy = -0.676952 
Averaging iterations... h=0.125000,0.000000
Done.
Final: Magnetisation = (0.097809,0.013726), Energy = -0.664385 
<M> = (0.132219,-0.002125), <E> = -0.681514 

T=1.880000	 Thermalizing iterations... 
Done.
Thermalized Magnetisation = (0.132922,-0.031155), Energy = -0.683198 
Averaging iterations... h=0.125000,0.000000
Done.
Final: Magnetisation = (0.076749,0.007728), Energy = -0.692521 
<M> = (0.134770,-0.001405), <E> = -0.686364 

T=1.870000	 Thermalizing iterations... 
Done.
Thermalized Magnetisation = (0.113253,0.008946), Energy = -0.670928 
Averaging iterations... h=0.125000,0.000000
Done.
Final: Magnetisation = (0.157753,0.025685), Energy = -0.677805 
<M> = (0.136501,0.002092), <E> = -0.690160 

T=1.860000	 Thermalizing iterations... 
Done.
Thermalized Magnetisation = (0.097376,0.035684), Energy = -0.644443 
Averaging iterations... h=0.125000,0.000000
Done.
Final: Magnetisation = (0.167529,-0.023089), Energy = -0.674733 
<M> = (0.137362,-0.000228), <E> = -0.694381 

T=1.850000	 Thermalizing iterations... 
Done.
Thermalized Magnetisation = (0.112640,0.080222), Energy = -0.690928 
Averaging iterations... h=0.125000,0.000000
Done.
Final: Magnetisation = (0.176507,-0.004283), Energy = -0.728561 
<M> = (0.139258,-0.000504), <E> = -0.698993 

T=1.840000	 Thermalizing iterations... 
Done.
Thermalized Magnetisation = (0.140691,0.027036), Energy = -0.691771 
Averaging iterations... h=0.125000,0.000000
Done.
Final: Magnetisation = (0.156358,-0.009197), Energy = -0.721055 
<M> = (0.143297,-0.001589), <E> = -0.704878 

T=1.830000	 Thermalizing iterations... 
Done.
Thermalized Magnetisation = (0.190626,0.004026), Energy = -0.709476 
Averaging iterations... h=0.125000,0.000000
Done.
Final: Magnetisation = (0.142983,0.033213), Energy = -0.691368 
<M> = (0.144578,-0.002508), <E> = -0.710032 

T=1.820000	 Thermalizing iterations... 
Done.
Thermalized Magnetisation = (0.135376,0.051340), Energy = -0.703146 
Averaging iterations... h=0.125000,0.000000
Done.
Final: Magnetisation = (0.156926,-0.023537), Energy = -0.707506 
<M> = (0.147088,-0.002094), <E> = -0.715817 

T=1.810000	 Thermalizing iterations... 
Done.
Thermalized Magnetisation = (0.140446,0.026380), Energy = -0.703797 
Averaging iterations... h=0.125000,0.000000
Done.
Final: Magnetisation = (0.142514,0.039260), Energy = -0.685265 
<M> = (0.152048,-0.001435), <E> = -0.721215 

T=1.800000	 Thermalizing iterations... 
Done.
Thermalized Magnetisation = (0.118579,0.013271), Energy = -0.698872 
Averaging iterations... h=0.125000,0.000000
Done.
Final: Magnetisation = (0.171305,0.031172), Energy = -0.754701 
<M> = (0.153515,-0.000117), <E> = -0.725317 

T=1.790000	 Thermalizing iterations... 
Done.
Thermalized Magnetisation = (0.150379,-0.047105), Energy = -0.720346 
Averaging iterations... h=0.125000,0.000000
Done.
Final: Magnetisation = (0.088605,-0.073091), Energy = -0.699231 
<M> = (0.154073,0.000279), <E> = -0.730333 

T=1.780000	 Thermalizing iterations... 
Done.
Thermalized Magnetisation = (0.174760,-0.007913), Energy = -0.740297 
Averaging iterations... h=0.125000,0.000000
Done.
Final: Magnetisation = (0.161757,-0.000357), Energy = -0.726580 
<M> = (0.156047,0.000763), <E> = -0.734819 

T=1.770000	 Thermalizing iterations... 
Done.
Thermalized Magnetisation = (0.158635,0.040164), Energy = -0.748192 
Averaging iterations... h=0.125000,0.000000
Done.
Final: Magnetisation = (0.150234,0.086827), Energy = -0.737372 
<M> = (0.159449,-0.003029), <E> = -0.741262 

T=1.760000	 Thermalizing iterations... 
Done.
Thermalized Magnetisation = (0.179467,0.032408), Energy = -0.782858 
Averaging iterations... h=0.125000,0.000000
Done.
Final: Magnetisation = (0.214422,-0.033865), Energy = -0.763513 
<M> = (0.162395,-0.001016), <E> = -0.747097 

T=1.750000	 Thermalizing iterations... 
Done.
Thermalized Magnetisation = (0.144994,0.004119), Energy = -0.729074 
Averaging iterations... h=0.125000,0.000000
Done.
Final: Magnetisation = (0.214792,-0.016747), Energy = -0.729219 
<M> = (0.164608,-0.003552), <E> = -0.752592 

T=1.740000	 Thermalizing iterations... 
Done.
Thermalized Magnetisation = (0.195137,0.029305), Energy = -0.734506 
Averaging iterations... h=0.125000,0.000000
Done.
Final: Magnetisation = (0.176929,-0.033812), Energy = -0.755623 
<M> = (0.167648,-0.002574), <E> = -0.758316 

T=1.730000	 Thermalizing iterations... 
Done.
Thermalized Magnetisation = (0.195429,-0.042145), Energy = -0.778246 
Averaging iterations... h=0.125000,0.000000
Done.
Final: Magnetisation = (0.138524,-0.040509), Energy = -0.756777 
<M> = (0.171492,-0.001415), <E> = -0.764069 

T=1.720000	 Thermalizing iterations... 
Done.
Thermalized Magnetisation = (0.186007,-0.049912), Energy = -0.779444 
Averaging iterations... h=0.125000,0.000000
Done.
Final: Magnetisation = (0.177648,0.032954), Energy = -0.786747 
<M> = (0.172926,0.000420), <E> = -0.768841 

T=1.710000	 Thermalizing iterations... 
Done.
Thermalized Magnetisation = (0.203658,-0.035581), Energy = -0.820354 
Averaging iterations... h=0.125000,0.000000
Done.
Final: Magnetisation = (0.218361,-0.012885), Energy = -0.791952 
<M> = (0.175519,-0.000062), <E> = -0.774810 

T=1.700000	 Thermalizing iterations... 
Done.
Thermalized Magnetisation = (0.203518,0.030487), Energy = -0.800698 
Averaging iterations... h=0.125000,0.000000
Done.
Final: Magnetisation = (0.207210,0.028702), Energy = -0.775603 
<M> = (0.179696,-0.000423), <E> = -0.781445 

T=1.690000	 Thermalizing iterations... 
Done.
Thermalized Magnetisation = (0.116982,0.006648), Energy = -0.800069 
Averaging iterations... h=0.125000,0.000000
Done.
Final: Magnetisation = (0.190442,-0.065195), Energy = -0.787587 
<M> = (0.182856,-0.001269), <E> = -0.787641 

T=1.680000	 Thermalizing iterations... 
Done.
Thermalized Magnetisation = (0.142910,-0.014094), Energy = -0.776935 
Averaging iterations... h=0.125000,0.000000
Done.
Final: Magnetisation = (0.158518,-0.099254), Energy = -0.779998 
<M> = (0.185979,-0.003610), <E> = -0.794964 

T=1.670000	 Thermalizing iterations... 
Done.
Thermalized Magnetisation = (0.187907,-0.013070), Energy = -0.808722 
Averaging iterations... h=0.125000,0.000000
Done.
Final: Magnetisation = (0.211696,-0.081674), Energy = -0.831781 
<M> = (0.189713,-0.002164), <E> = -0.801635 

T=1.660000	 Thermalizing iterations... 
Done.
Thermalized Magnetisation = (0.148107,0.003861), Energy = -0.815982 
Averaging iterations... h=0.125000,0.000000
Done.
Final: Magnetisation = (0.214366,-0.021479), Energy = -0.814225 
<M> = (0.193862,-0.001727), <E> = -0.808045 

T=1.650000	 Thermalizing iterations... 
Done.
Thermalized Magnetisation = (0.208968,-0.030225), Energy = -0.797347 
Averaging iterations... h=0.125000,0.000000
Done.
Final: Magnetisation = (0.146617,0.057279), Energy = -0.797915 
<M> = (0.197227,0.001526), <E> = -0.813860 

T=1.640000	 Thermalizing iterations... 
Done.
Thermalized Magnetisation = (0.231217,0.061228), Energy = -0.840019 
Averaging iterations... h=0.125000,0.000000
Done.
Final: Magnetisation = (0.247751,-0.027284), Energy = -0.817895 
<M> = (0.200138,0.001404), <E> = -0.820042 

T=1.630000	 Thermalizing iterations... 
Done.
Thermalized Magnetisation = (0.199336,0.025516), Energy = -0.838463 
Averaging iterations... h=0.125000,0.000000
Done.
Final: Magnetisation = (0.208815,0.027277), Energy = -0.780744 
<M> = (0.202913,0.000038), <E> = -0.826619 

T=1.620000	 Thermalizing iterations... 
Done.
Thermalized Magnetisation = (0.206778,-0.076299), Energy = -0.831277 
Averaging iterations... h=0.125000,0.000000
Done.
Final: Magnetisation = (0.259492,-0.043616), Energy = -0.841816 
<M> = (0.207959,-0.001323), <E> = -0.834321 

T=1.610000	 Thermalizing iterations... 
Done.
Thermalized Magnetisation = (0.216042,0.028638), Energy = -0.845008 
Averaging iterations... h=0.125000,0.000000
Done.
Final: Magnetisation = (0.205232,0.092877), Energy = -0.854515 
<M> = (0.211262,-0.002003), <E> = -0.841642 

T=1.600000	 Thermalizing iterations... 
Done.
Thermalized Magnetisation = (0.231984,-0.013074), Energy = -0.891223 
Averaging iterations... h=0.125000,0.000000
Done.
Final: Magnetisation = (0.150448,-0.010697), Energy = -0.797064 
<M> = (0.215412,-0.004951), <E> = -0.849525 

T=1.590000	 Thermalizing iterations... 
Done.
Thermalized Magnetisation = (0.200887,0.025850), Energy = -0.824585 
Averaging iterations... h=0.125000,0.000000
Done.
Final: Magnetisation = (0.117452,0.024364), Energy = -0.805411 
<M> = (0.219467,-0.002057), <E> = -0.856572 

T=1.580000	 Thermalizing iterations... 
Done.
Thermalized Magnetisation = (0.212598,0.002602), Energy = -0.814396 
Averaging iterations... h=0.125000,0.000000
Done.
Final: Magnetisation = (0.209875,-0.040846), Energy = -0.909967 
<M> = (0.224700,-0.000603), <E> = -0.864055 

T=1.570000	 Thermalizing iterations... 
Done.
Thermalized Magnetisation = (0.226656,0.023865), Energy = -0.885168 
Averaging iterations... h=0.125000,0.000000
Done.
Final: Magnetisation = (0.205582,0.029854), Energy = -0.841408 
<M> = (0.228437,0.000587), <E> = -0.870875 

T=1.560000	 Thermalizing iterations... 
Done.
Thermalized Magnetisation = (0.273687,-0.051725), Energy = -0.918120 
Averaging iterations... h=0.125000,0.000000
Done.
Final: Magnetisation = (0.194630,-0.012383), Energy = -0.848260 
<M> = (0.232423,0.001299), <E> = -0.877651 

T=1.550000	 Thermalizing iterations... 
Done.
Thermalized Magnetisation = (0.171869,-0.018184), Energy = -0.819542 
Averaging iterations... h=0.125000,0.000000
Done.
Final: Magnetisation = (0.236009,0.014981), Energy = -0.870106 
<M> = (0.238149,-0.000496), <E> = -0.886548 

T=1.540000	 Thermalizing iterations... 
Done.
Thermalized Magnetisation = (0.225853,0.052740), Energy = -0.885224 
Averaging iterations... h=0.125000,0.000000
Done.
Final: Magnetisation = (0.231668,-0.087762), Energy = -0.925721 
<M> = (0.243328,-0.002314), <E> = -0.894969 

T=1.530000	 Thermalizing iterations... 
Done.
Thermalized Magnetisation = (0.281945,-0.017344), Energy = -0.966545 
Averaging iterations... h=0.125000,0.000000
Done.
Final: Magnetisation = (0.262740,0.048680), Energy = -0.907474 
<M> = (0.246505,-0.002781), <E> = -0.902721 

T=1.520000	 Thermalizing iterations... 
Done.
Thermalized Magnetisation = (0.286773,0.088878), Energy = -0.924791 
Averaging iterations... h=0.125000,0.000000
Done.
Final: Magnetisation = (0.226001,-0.029555), Energy = -0.893204 
<M> = (0.252132,-0.004162), <E> = -0.911393 

T=1.510000	 Thermalizing iterations... 
Done.
Thermalized Magnetisation = (0.292174,-0.008800), Energy = -0.960776 
Averaging iterations... h=0.125000,0.000000
Done.
Final: Magnetisation = (0.236682,0.029721), Energy = -0.902826 
<M> = (0.258997,-0.000816), <E> = -0.920230 

T=1.500000	 Thermalizing iterations... 
Done.
Thermalized Magnetisation = (0.299264,-0.114092), Energy = -0.940295 
Averaging iterations... h=0.125000,0.000000
Done.
Final: Magnetisation = (0.247060,-0.058928), Energy = -0.911690 
<M> = (0.264379,0.002165), <E> = -0.928389 

T=1.490000	 Thermalizing iterations... 
Done.
Thermalized Magnetisation = (0.283904,-0.015337), Energy = -0.944908 
Averaging iterations... h=0.125000,0.000000
Done.
Final: Magnetisation = (0.247608,0.104840), Energy = -0.908180 
<M> = (0.267534,0.001810), <E> = -0.936026 

T=1.480000	 Thermalizing iterations... 
Done.
Thermalized Magnetisation = (0.257946,-0.047732), Energy = -0.912256 
Averaging iterations... h=0.125000,0.000000
Done.
Final: Magnetisation = (0.296409,-0.022458), Energy = -0.955774 
<M> = (0.272463,0.001427), <E> = -0.944477 

T=1.470000	 Thermalizing iterations... 
Done.
Thermalized Magnetisation = (0.285165,0.032716), Energy = -0.958810 
Averaging iterations... h=0.125000,0.000000
Done.
Final: Magnetisation = (0.314019,-0.036332), Energy = -0.988251 
<M> = (0.280384,-0.000570), <E> = -0.954557 

T=1.460000	 Thermalizing iterations... 
Done.
Thermalized Magnetisation = (0.289471,0.074824), Energy = -0.952162 
Averaging iterations... h=0.125000,0.000000
Done.
Final: Magnetisation = (0.276836,0.030591), Energy = -0.957370 
<M> = (0.285595,-0.001373), <E> = -0.964056 

T=1.450000	 Thermalizing iterations... 
Done.
Thermalized Magnetisation = (0.297246,0.015627), Energy = -0.979014 
Averaging iterations... h=0.125000,0.000000
Done.
Final: Magnetisation = (0.229737,-0.041285), Energy = -0.938627 
<M> = (0.292271,-0.005428), <E> = -0.974516 

T=1.440000	 Thermalizing iterations... 
Done.
Thermalized Magnetisation = (0.329119,-0.036453), Energy = -1.013298 
Averaging iterations... h=0.125000,0.000000
Done.
Final: Magnetisation = (0.309877,-0.041028), Energy = -1.012221 
<M> = (0.297036,-0.004979), <E> = -0.983388 

T=1.430000	 Thermalizing iterations... 
Done.
Thermalized Magnetisation = (0.290599,-0.051973), Energy = -1.012780 
Averaging iterations... h=0.125000,0.000000
Done.
Final: Magnetisation = (0.281065,0.032338), Energy = -1.010091 
<M> = (0.304964,-0.000643), <E> = -0.992402 

T=1.420000	 Thermalizing iterations... 
Done.
Thermalized Magnetisation = (0.412866,0.047150), Energy = -1.059529 
Averaging iterations... h=0.125000,0.000000
Done.
Final: Magnetisation = (0.278931,-0.028269), Energy = -0.980386 
<M> = (0.309440,0.001401), <E> = -1.001016 

T=1.410000	 Thermalizing iterations... 
Done.
Thermalized Magnetisation = (0.316486,-0.016689), Energy = -1.017569 
Averaging iterations... h=0.125000,0.000000
Done.
Final: Magnetisation = (0.302946,0.004011), Energy = -1.007116 
<M> = (0.315461,0.003314), <E> = -1.009923 

T=1.400000	 Thermalizing iterations... 
Done.
Thermalized Magnetisation = (0.314649,0.022048), Energy = -0.984234 
Averaging iterations... h=0.125000,0.000000
Done.
Final: Magnetisation = (0.322753,0.076545), Energy = -0.997078 
<M> = (0.322643,-0.002638), <E> = -1.021378 

T=1.390000	 Thermalizing iterations... 
Done.
Thermalized Magnetisation = (0.322515,0.001214), Energy = -1.038565 
Averaging iterations... h=0.125000,0.000000
Done.
Final: Magnetisation = (0.338465,-0.016744), Energy = -1.045998 
<M> = (0.329968,-0.002638), <E> = -1.032509 

T=1.380000	 Thermalizing iterations... 
Done.
Thermalized Magnetisation = (0.345340,-0.003046), Energy = -1.036191 
Averaging iterations... h=0.125000,0.000000
Done.
Final: Magnetisation = (0.319006,-0.051944), Energy = -0.993899 
<M> = (0.337703,-0.007853), <E> = -1.043300 

T=1.370000	 Thermalizing iterations... 
Done.
Thermalized Magnetisation = (0.294384,-0.065938), Energy = -1.012868 
Averaging iterations... h=0.125000,0.000000
Done.
Final: Magnetisation = (0.316829,-0.062584), Energy = -1.019793 
<M> = (0.342187,-0.005400), <E> = -1.052495 

T=1.360000	 Thermalizing iterations... 
Done.
Thermalized Magnetisation = (0.363277,-0.001836), Energy = -1.082543 
Averaging iterations... h=0.125000,0.000000
Done.
Final: Magnetisation = (0.399229,0.081821), Energy = -1.117987 
<M> = (0.350984,-0.004171), <E> = -1.063690 

T=1.350000	 Thermalizing iterations... 
Done.
Thermalized Magnetisation = (0.373203,0.121881), Energy = -1.080315 
Averaging iterations... h=0.125000,0.000000
Done.
Final: Magnetisation = (0.304502,0.057904), Energy = -1.033054 
<M> = (0.360437,0.002189), <E> = -1.074397 

T=1.340000	 Thermalizing iterations... 
Done.
Thermalized Magnetisation = (0.397070,0.033866), Energy = -1.152909 
Averaging iterations... h=0.125000,0.000000
Done.
Final: Magnetisation = (0.399550,-0.009062), Energy = -1.113503 
<M> = (0.365218,0.001233), <E> = -1.083212 

T=1.330000	 Thermalizing iterations... 
Done.
Thermalized Magnetisation = (0.430651,-0.002815), Energy = -1.139853 
Averaging iterations... h=0.125000,0.000000
Done.
Final: Magnetisation = (0.387095,-0.038433), Energy = -1.101572 
<M> = (0.372835,-0.000130), <E> = -1.094597 

T=1.320000	 Thermalizing iterations... 
Done.
Thermalized Magnetisation = (0.368769,0.006125), Energy = -1.090987 
Averaging iterations... h=0.125000,0.000000
Done.
Final: Magnetisation = (0.368612,-0.032488), Energy = -1.066735 
<M> = (0.383307,-0.000455), <E> = -1.107364 

T=1.310000	 Thermalizing iterations... 
Done.
Thermalized Magnetisation = (0.449127,0.006277), Energy = -1.179238 
Averaging iterations... h=0.125000,0.000000
Done.
Final: Magnetisation = (0.370117,0.044511), Energy = -1.128189 
<M> = (0.390288,-0.004214), <E> = -1.119759 

T=1.300000	 Thermalizing iterations... 
Done.
Thermalized Magnetisation = (0.392380,0.006011), Energy = -1.113101 
Averaging iterations... h=0.125000,0.000000
Done.
Final: Magnetisation = (0.420892,0.014302), Energy = -1.189872 
<M> = (0.396583,-0.004242), <E> = -1.130506 

T=1.290000	 Thermalizing iterations... 
Done.
Thermalized Magnetisation = (0.424319,-0.031176), Energy = -1.136069 
Averaging iterations... h=0.125000,0.000000
Done.
Final: Magnetisation = (0.423275,-0.015441), Energy = -1.137531 
<M> = (0.406989,-0.004960), <E> = -1.143497 

T=1.280000	 Thermalizing iterations... 
Done.
Thermalized Magnetisation = (0.403255,0.024531), Energy = -1.161253 
Averaging iterations... h=0.125000,0.000000
Done.
Final: Magnetisation = (0.407590,-0.025095), Energy = -1.163879 
<M> = (0.411952,-0.001859), <E> = -1.152526 

T=1.270000	 Thermalizing iterations... 
Done.
Thermalized Magnetisation = (0.378144,0.024994), Energy = -1.128971 
Averaging iterations... h=0.125000,0.000000
Done.
Final: Magnetisation = (0.394910,-0.013963), Energy = -1.151908 
<M> = (0.422541,-0.001146), <E> = -1.164327 

T=1.260000	 Thermalizing iterations... 
Done.
Thermalized Magnetisation = (0.370666,0.004879), Energy = -1.139404 
Averaging iterations... h=0.125000,0.000000
Done.
Final: Magnetisation = (0.415386,-0.072841), Energy = -1.193545 
<M> = (0.429599,-0.000271), <E> = -1.174875 

T=1.250000	 Thermalizing iterations... 
Done.
Thermalized Magnetisation = (0.441258,-0.044607), Energy = -1.222051 
Averaging iterations... h=0.125000,0.000000
Done.
Final: Magnetisation = (0.410376,0.043676), Energy = -1.170348 
<M> = (0.438173,-0.006507), <E> = -1.187909 

T=1.240000	 Thermalizing iterations... 
Done.
Thermalized Magnetisation = (0.475604,0.013897), Energy = -1.246834 
Averaging iterations... h=0.125000,0.000000
Done.
Final: Magnetisation = (0.356842,0.001508), Energy = -1.127202 
<M> = (0.446687,0.000308), <E> = -1.200924 

T=1.230000	 Thermalizing iterations... 
Done.
Thermalized Magnetisation = (0.457315,0.094221), Energy = -1.197770 
Averaging iterations... h=0.125000,0.000000
Done.
Final: Magnetisation = (0.405896,-0.100859), Energy = -1.110772 
<M> = (0.452790,-0.009312), <E> = -1.212229 

T=1.220000	 Thermalizing iterations... 
Done.
Thermalized Magnetisation = (0.423719,-0.036035), Energy = -1.218003 
Averaging iterations... h=0.125000,0.000000
Done.
Final: Magnetisation = (0.467521,-0.062236), Energy = -1.231962 
<M> = (0.460208,-0.005506), <E> = -1.223292 

T=1.210000	 Thermalizing iterations... 
Done.
Thermalized Magnetisation = (0.436517,0.053032), Energy = -1.185186 
Averaging iterations... h=0.125000,0.000000
Done.
Final: Magnetisation = (0.458932,-0.063403), Energy = -1.268977 
<M> = (0.471562,-0.006610), <E> = -1.236903 

T=1.200000	 Thermalizing iterations... 
Done.
Thermalized Magnetisation = (0.543549,-0.051467), Energy = -1.257151 
Averaging iterations... h=0.125000,0.000000
Done.
Final: Magnetisation = (0.472007,-0.034866), Energy = -1.259464 
<M> = (0.480334,0.001712), <E> = -1.247426 

T=1.190000	 Thermalizing iterations... 
Done.
Thermalized Magnetisation = (0.506506,-0.007183), Energy = -1.241939 
Averaging iterations... h=0.125000,0.000000
Done.
Final: Magnetisation = (0.471528,-0.106747), Energy = -1.262717 
<M> = (0.488217,-0.002109), <E> = -1.258655 

T=1.180000	 Thermalizing iterations... 
Done.
Thermalized Magnetisation = (0.497755,-0.079213), Energy = -1.273230 
Averaging iterations... h=0.125000,0.000000
Done.
Final: Magnetisation = (0.464753,0.075890), Energy = -1.228773 
<M> = (0.496550,0.001547), <E> = -1.271327 

T=1.170000	 Thermalizing iterations... 
Done.
Thermalized Magnetisation = (0.485451,0.076792), Energy = -1.279842 
Averaging iterations... h=0.125000,0.000000
Done.
Final: Magnetisation = (0.482755,0.106928), Energy = -1.272810 
<M> = (0.505279,0.000524), <E> = -1.283750 

T=1.160000	 Thermalizing iterations... 
Done.
Thermalized Magnetisation = (0.503830,-0.073296), Energy = -1.297761 
Averaging iterations... h=0.125000,0.000000
Done.
Final: Magnetisation = (0.485571,-0.058670), Energy = -1.276832 
<M> = (0.511123,-0.011238), <E> = -1.296415 

T=1.150000	 Thermalizing iterations... 
Done.
Thermalized Magnetisation = (0.535201,-0.023155), Energy = -1.374381 
Averaging iterations... h=0.125000,0.000000
Done.
Final: Magnetisation = (0.525970,-0.002870), Energy = -1.292618 
<M> = (0.520222,-0.004235), <E> = -1.308535 

T=1.140000	 Thermalizing iterations... 
Done.
Thermalized Magnetisation = (0.494578,-0.075601), Energy = -1.319514 
Averaging iterations... h=0.125000,0.000000
Done.
Final: Magnetisation = (0.552498,-0.031313), Energy = -1.340879 
<M> = (0.528884,-0.011408), <E> = -1.320590 

T=1.130000	 Thermalizing iterations... 
Done.
Thermalized Magnetisation = (0.475941,0.020058), Energy = -1.280307 
Averaging iterations... h=0.125000,0.000000
Done.
Final: Magnetisation = (0.509114,0.029059), Energy = -1.329941 
<M> = (0.536881,-0.004490), <E> = -1.331902 

T=1.120000	 Thermalizing iterations... 
Done.
Thermalized Magnetisation = (0.539553,-0.007729), Energy = -1.352951 
Averaging iterations... h=0.125000,0.000000
Done.
Final: Magnetisation = (0.521556,-0.160304), Energy = -1.341467 
<M> = (0.546565,0.002934), <E> = -1.343671 

T=1.110000	 Thermalizing iterations... 
Done.
Thermalized Magnetisation = (0.565395,-0.038896), Energy = -1.358761 
Averaging iterations... h=0.125000,0.000000
Done.
Final: Magnetisation = (0.563151,0.038865), Energy = -1.364814 
<M> = (0.555264,0.003008), <E> = -1.354689 

T=1.100000	 Thermalizing iterations... 
Done.
Thermalized Magnetisation = (0.556880,-0.053011), Energy = -1.375461 
Averaging iterations... h=0.125000,0.000000
Done.
Final: Magnetisation = (0.565597,0.035639), Energy = -1.380025 
<M> = (0.560240,-0.004536), <E> = -1.366975 

T=1.090000	 Thermalizing iterations... 
Done.
Thermalized Magnetisation = (0.558957,-0.058428), Energy = -1.385896 
Averaging iterations... h=0.125000,0.000000
Done.
Final: Magnetisation = (0.543016,-0.013591), Energy = -1.390794 
<M> = (0.568473,-0.011686), <E> = -1.378838 

T=1.080000	 Thermalizing iterations... 
Done.
Thermalized Magnetisation = (0.578834,-0.004525), Energy = -1.374647 
Averaging iterations... h=0.125000,0.000000
Done.
Final: Magnetisation = (0.590706,0.055965), Energy = -1.403675 
<M> = (0.575571,-0.014405), <E> = -1.390572 

T=1.070000	 Thermalizing iterations... 
Done.
Thermalized Magnetisation = (0.601677,0.069557), Energy = -1.430985 
Averaging iterations... h=0.125000,0.000000
Done.
Final: Magnetisation = (0.580539,0.059242), Energy = -1.386621 
<M> = (0.583312,-0.011920), <E> = -1.401270 

T=1.060000	 Thermalizing iterations... 
Done.
Thermalized Magnetisation = (0.581058,0.002606), Energy = -1.421694 
Averaging iterations... h=0.125000,0.000000
Done.
Final: Magnetisation = (0.605486,-0.086987), Energy = -1.426074 
<M> = (0.590672,-0.012146), <E> = -1.413601 

T=1.050000	 Thermalizing iterations... 
Done.
Thermalized Magnetisation = (0.612371,-0.108502), Energy = -1.444736 
Averaging iterations... h=0.125000,0.000000
Done.
Final: Magnetisation = (0.585993,-0.036701), Energy = -1.412183 
<M> = (0.600439,-0.000635), <E> = -1.424224 

T=1.040000	 Thermalizing iterations... 
Done.
Thermalized Magnetisation = (0.603091,-0.027091), Energy = -1.421256 
Averaging iterations... h=0.125000,0.000000
Done.
Final: Magnetisation = (0.564972,0.018420), Energy = -1.405180 
<M> = (0.603813,-0.000600), <E> = -1.433581 

T=1.030000	 Thermalizing iterations... 
Done.
Thermalized Magnetisation = (0.591472,-0.009395), Energy = -1.415330 
Averaging iterations... h=0.125000,0.000000
Done.
Final: Magnetisation = (0.575569,0.017011), Energy = -1.442104 
<M> = (0.610566,0.004577), <E> = -1.444671 

T=1.020000	 Thermalizing iterations... 
Done.
Thermalized Magnetisation = (0.645372,0.028050), Energy = -1.453932 
Averaging iterations... h=0.125000,0.000000
Done.
Final: Magnetisation = (0.610766,0.037924), Energy = -1.476855 
<M> = (0.617681,-0.011445), <E> = -1.455524 

T=1.010000	 Thermalizing iterations... 
Done.
Thermalized Magnetisation = (0.601257,0.086871), Energy = -1.453856 
Averaging iterations... h=0.125000,0.000000
Done.
Final: Magnetisation = (0.643852,-0.015326), Energy = -1.479041 
<M> = (0.623431,-0.015426), <E> = -1.467531 

T=1.000000	 Thermalizing iterations... 
Done.
Thermalized Magnetisation = (0.608953,-0.059639), Energy = -1.474256 
Averaging iterations... h=0.125000,0.000000
Done.
Final: Magnetisation = (0.655792,0.053034), Energy = -1.498243 
<M> = (0.629405,-0.014122), <E> = -1.476890 

T=0.990000	 Thermalizing iterations... 
Done.
Thermalized Magnetisation = (0.605552,-0.041745), Energy = -1.506523 
Averaging iterations... h=0.125000,0.000000
Done.
Final: Magnetisation = (0.637308,-0.075371), Energy = -1.458694 
<M> = (0.635515,-0.021104), <E> = -1.487835 

T=0.980000	 Thermalizing iterations... 
Done.
Thermalized Magnetisation = (0.625763,0.093894), Energy = -1.471590 
Averaging iterations... h=0.125000,0.000000
Done.
Final: Magnetisation = (0.636905,-0.057470), Energy = -1.494378 
<M> = (0.641994,-0.002012), <E> = -1.497716 

T=0.970000	 Thermalizing iterations... 
Done.
Thermalized Magnetisation = (0.638958,0.053368), Energy = -1.477777 
Averaging iterations... h=0.125000,0.000000
Done.
Final: Magnetisation = (0.645910,0.069527), Energy = -1.503123 
<M> = (0.648306,0.012416), <E> = -1.507584 

T=0.960000	 Thermalizing iterations... 
Done.
Thermalized Magnetisation = (0.643937,0.013405), Energy = -1.521464 
Averaging iterations... h=0.125000,0.000000
Done.
Final: Magnetisation = (0.678399,0.030871), Energy = -1.516688 
<M> = (0.654056,-0.001506), <E> = -1.516440 

T=0.950000	 Thermalizing iterations... 
Done.
Thermalized Magnetisation = (0.659619,-0.009105), Energy = -1.517162 
Averaging iterations... h=0.125000,0.000000
Done.
Final: Magnetisation = (0.625332,-0.024106), Energy = -1.520883 
<M> = (0.659571,-0.013786), <E> = -1.526962 

T=0.940000	 Thermalizing iterations... 
Done.
Thermalized Magnetisation = (0.678103,0.116485), Energy = -1.575836 
Averaging iterations... h=0.125000,0.000000
Done.
Final: Magnetisation = (0.671121,-0.016334), Energy = -1.540310 
<M> = (0.667601,-0.000609), <E> = -1.536468 

T=0.930000	 Thermalizing iterations... 
Done.
Thermalized Magnetisation = (0.679134,0.006422), Energy = -1.543056 
Averaging iterations... h=0.125000,0.000000
Done.
Final: Magnetisation = (0.682836,0.016092), Energy = -1.525653 
<M> = (0.670537,-0.013778), <E> = -1.545502 

T=0.920000	 Thermalizing iterations... 
Done.
Thermalized Magnetisation = (0.711003,-0.036376), Energy = -1.571226 
Averaging iterations... h=0.125000,0.000000
Done.
Final: Magnetisation = (0.647482,-0.009325), Energy = -1.542097 
<M> = (0.675148,-0.017793), <E> = -1.555610 

T=0.910000	 Thermalizing iterations... 
Done.
Thermalized Magnetisation = (0.679046,-0.025512), Energy = -1.571390 
Averaging iterations... h=0.125000,0.000000
Done.
Final: Magnetisation = (0.677395,0.088112), Energy = -1.585553 
<M> = (0.679653,-0.005898), <E> = -1.564440 

T=0.900000	 Thermalizing iterations... 
Done.
Thermalized Magnetisation = (0.697778,-0.039803), Energy = -1.548028 
Averaging iterations... h=0.125000,0.000000
Done.
Final: Magnetisation = (0.668115,0.090457), Energy = -1.571258 
<M> = (0.686303,-0.005239), <E> = -1.573575 

T=0.890000	 Thermalizing iterations... 
Done.
Thermalized Magnetisation = (0.653659,-0.063514), Energy = -1.588331 
Averaging iterations... h=0.125000,0.000000
Done.
Final: Magnetisation = (0.679171,-0.043938), Energy = -1.546201 
<M> = (0.691565,-0.003329), <E> = -1.581767 

T=0.880000	 Thermalizing iterations... 
Done.
Thermalized Magnetisation = (0.688848,-0.025728), Energy = -1.585333 
Averaging iterations... h=0.125000,0.000000
Done.
Final: Magnetisation = (0.708624,-0.009961), Energy = -1.594316 
<M> = (0.694883,0.000389), <E> = -1.590361 

T=0.870000	 Thermalizing iterations... 
Done.
Thermalized Magnetisation = (0.735336,0.043200), Energy = -1.618133 
Averaging iterations... h=0.125000,0.000000
Done.
Final: Magnetisation = (0.728196,-0.028445), Energy = -1.609351 
<M> = (0.698590,-0.009527), <E> = -1.599294 

T=0.860000	 Thermalizing iterations... 
Done.
Thermalized Magnetisation = (0.711689,-0.147141), Energy = -1.619330 
Averaging iterations... h=0.125000,0.000000
Done.
Final: Magnetisation = (0.713607,0.081267), Energy = -1.600725 
<M> = (0.702865,-0.027238), <E> = -1.607818 

T=0.850000	 Thermalizing iterations... 
Done.
Thermalized Magnetisation = (0.702625,-0.089765), Energy = -1.616411 
Averaging iterations... h=0.125000,0.000000
Done.
Final: Magnetisation = (0.689863,0.049105), Energy = -1.605486 
<M> = (0.706933,-0.017827), <E> = -1.615433 

T=0.840000	 Thermalizing iterations... 
Done.
Thermalized Magnetisation = (0.685402,-0.143191), Energy = -1.635460 
Averaging iterations... h=0.125000,0.000000
Done.
Final: Magnetisation = (0.709001,0.019430), Energy = -1.625247 
<M> = (0.708364,-0.011667), <E> = -1.623844 

T=0.830000	 Thermalizing iterations... 
Done.
Thermalized Magnetisation = (0.722975,0.073026), Energy = -1.650679 
Averaging iterations... h=0.125000,0.000000
Done.
Final: Magnetisation = (0.688725,0.043896), Energy = -1.634118 
<M> = (0.717635,0.005851), <E> = -1.632416 

T=0.820000	 Thermalizing iterations... 
Done.
Thermalized Magnetisation = (0.733425,0.053446), Energy = -1.638150 
Averaging iterations... h=0.125000,0.000000
Done.
Final: Magnetisation = (0.734994,-0.046979), Energy = -1.636711 
<M> = (0.720556,0.001490), <E> = -1.640005 

T=0.810000	 Thermalizing iterations... 
Done.
Thermalized Magnetisation = (0.698145,-0.092354), Energy = -1.603097 
Averaging iterations... h=0.125000,0.000000
Done.
Final: Magnetisation = (0.703306,0.063200), Energy = -1.628805 
<M> = (0.723625,-0.004144), <E> = -1.647236 

T=0.800000	 Thermalizing iterations... 
Done.
Thermalized Magnetisation = (0.713692,-0.102439), Energy = -1.648259 
Averaging iterations... h=0.125000,0.000000
Done.
Final: Magnetisation = (0.734306,-0.073080), Energy = -1.644791 
<M> = (0.727233,-0.014677), <E> = -1.655554 

T=0.790000	 Thermalizing iterations... 
Done.
Thermalized Magnetisation = (0.704428,-0.075445), Energy = -1.671736 
Averaging iterations... h=0.125000,0.000000
Done.
Final: Magnetisation = (0.716748,0.027270), Energy = -1.674824 
<M> = (0.730161,-0.042846), <E> = -1.663848 

T=0.780000	 Thermalizing iterations... 
Done.
Thermalized Magnetisation = (0.715733,0.050688), Energy = -1.652281 
Averaging iterations... h=0.125000,0.000000
Done.
Final: Magnetisation = (0.719572,-0.051974), Energy = -1.654756 
<M> = (0.734724,-0.013421), <E> = -1.670764 

T=0.770000	 Thermalizing iterations... 
Done.
Thermalized Magnetisation = (0.777816,-0.017724), Energy = -1.704866 
Averaging iterations... h=0.125000,0.000000
Done.
Final: Magnetisation = (0.726633,-0.067054), Energy = -1.678228 
<M> = (0.736486,-0.025329), <E> = -1.678116 

T=0.760000	 Thermalizing iterations... 
Done.
Thermalized Magnetisation = (0.757395,0.054252), Energy = -1.659555 
Averaging iterations... h=0.125000,0.000000
Done.
Final: Magnetisation = (0.751822,-0.075630), Energy = -1.698856 
<M> = (0.741927,0.019241), <E> = -1.685924 

T=0.750000	 Thermalizing iterations... 
Done.
Thermalized Magnetisation = (0.751525,0.093359), Energy = -1.678628 
Averaging iterations... h=0.125000,0.000000
Done.
Final: Magnetisation = (0.738259,-0.062490), Energy = -1.684991 
<M> = (0.746554,0.013015), <E> = -1.693080 

T=0.740000	 Thermalizing iterations... 
Done.
Thermalized Magnetisation = (0.759458,0.016448), Energy = -1.710725 
Averaging iterations... h=0.125000,0.000000
Done.
Final: Magnetisation = (0.715473,-0.151445), Energy = -1.687617 
<M> = (0.748945,-0.011378), <E> = -1.699988 

T=0.730000	 Thermalizing iterations... 
Done.
Thermalized Magnetisation = (0.765812,-0.061629), Energy = -1.688967 
Averaging iterations... h=0.125000,0.000000
Done.
Final: Magnetisation = (0.783057,-0.046609), Energy = -1.719844 
<M> = (0.753711,-0.006296), <E> = -1.707156 

T=0.720000	 Thermalizing iterations... 
Done.
Thermalized Magnetisation = (0.761521,-0.009405), Energy = -1.698618 
Averaging iterations... h=0.125000,0.000000
Done.
Final: Magnetisation = (0.768369,-0.026876), Energy = -1.718260 
<M> = (0.755257,0.019802), <E> = -1.714034 

T=0.710000	 Thermalizing iterations... 
Done.
Thermalized Magnetisation = (0.763983,-0.070827), Energy = -1.728971 
Averaging iterations... h=0.125000,0.000000
Done.
Final: Magnetisation = (0.759699,0.068409), Energy = -1.718779 
<M> = (0.758906,-0.020914), <E> = -1.721582 

T=0.700000	 Thermalizing iterations... 
Done.
Thermalized Magnetisation = (0.768285,-0.088670), Energy = -1.757634 
Averaging iterations... h=0.125000,0.000000
Done.
Final: Magnetisation = (0.743249,-0.088840), Energy = -1.720152 
<M> = (0.758830,-0.030270), <E> = -1.727846 

T=0.690000	 Thermalizing iterations... 
Done.
Thermalized Magnetisation = (0.787501,0.069320), Energy = -1.742132 
Averaging iterations... h=0.125000,0.000000
Done.
Final: Magnetisation = (0.720711,-0.206802), Energy = -1.707715 
<M> = (0.765066,0.005806), <E> = -1.734751 

T=0.680000	 Thermalizing iterations... 
Done.
Thermalized Magnetisation = (0.778627,-0.064806), Energy = -1.743405 
Averaging iterations... h=0.125000,0.000000
Done.
Final: Magnetisation = (0.761446,0.096057), Energy = -1.732891 
<M> = (0.769666,-0.024567), <E> = -1.742161 

T=0.670000	 Thermalizing iterations... 
Done.
Thermalized Magnetisation = (0.758242,-0.014470), Energy = -1.751849 
Averaging iterations... h=0.125000,0.000000
Done.
Final: Magnetisation = (0.793206,0.007947), Energy = -1.769296 
<M> = (0.773895,0.000361), <E> = -1.748113 

T=0.660000	 Thermalizing iterations... 
Done.
Thermalized Magnetisation = (0.782602,0.019661), Energy = -1.746758 
Averaging iterations... h=0.125000,0.000000
Done.
Final: Magnetisation = (0.780065,0.007080), Energy = -1.749430 
<M> = (0.776969,-0.016430), <E> = -1.754616 

T=0.650000	 Thermalizing iterations... 
Done.
Thermalized Magnetisation = (0.786948,-0.046300), Energy = -1.759186 
Averaging iterations... h=0.125000,0.000000
Done.
Final: Magnetisation = (0.756301,-0.046828), Energy = -1.740610 
<M> = (0.779328,0.013472), <E> = -1.761392 

T=0.640000	 Thermalizing iterations... 
Done.
Thermalized Magnetisation = (0.787967,-0.027627), Energy = -1.768086 
Averaging iterations... h=0.125000,0.000000
Done.
Final: Magnetisation = (0.793230,-0.042842), Energy = -1.759738 
<M> = (0.780585,-0.043077), <E> = -1.768158 

T=0.630000	 Thermalizing iterations... 
Done.
Thermalized Magnetisation = (0.771627,-0.016292), Energy = -1.775123 
Averaging iterations... h=0.125000,0.000000
Done.
Final: Magnetisation = (0.799926,-0.063840), Energy = -1.770042 
<M> = (0.782792,-0.013871), <E> = -1.774666 

T=0.620000	 Thermalizing iterations... 
Done.
Thermalized Magnetisation = (0.754837,0.177433), Energy = -1.786145 
Averaging iterations... h=0.125000,0.000000
Done.
Final: Magnetisation = (0.782636,-0.056519), Energy = -1.769186 
<M> = (0.787636,0.030170), <E> = -1.780539 

T=0.610000	 Thermalizing iterations... 
Done.
Thermalized Magnetisation = (0.783266,-0.093717), Energy = -1.779313 
Averaging iterations... h=0.125000,0.000000
Done.
Final: Magnetisation = (0.795521,0.027038), Energy = -1.780855 
<M> = (0.792574,0.027893), <E> = -1.787464 

T=0.600000	 Thermalizing iterations... 
Done.
Thermalized Magnetisation = (0.796188,-0.136613), Energy = -1.801293 
Averaging iterations... h=0.125000,0.000000
Done.
Final: Magnetisation = (0.782571,-0.106009), Energy = -1.798260 
<M> = (0.795316,0.005051), <E> = -1.793882 

T=0.590000	 Thermalizing iterations... 
Done.
Thermalized Magnetisation = (0.791028,0.049540), Energy = -1.809920 
Averaging iterations... h=0.125000,0.000000
Done.
Final: Magnetisation = (0.780164,0.059135), Energy = -1.795318 
<M> = (0.798636,0.014126), <E> = -1.800044 

T=0.580000	 Thermalizing iterations... 
Done.
Thermalized Magnetisation = (0.816666,-0.031458), Energy = -1.816582 
Averaging iterations... h=0.125000,0.000000
Done.
Final: Magnetisation = (0.799850,0.018004), Energy = -1.816630 
<M> = (0.801356,-0.049149), <E> = -1.806069 

T=0.570000	 Thermalizing iterations... 
Done.
Thermalized Magnetisation = (0.820996,0.045508), Energy = -1.818342 
Averaging iterations... h=0.125000,0.000000
Done.
Final: Magnetisation = (0.827722,-0.022696), Energy = -1.820087 
<M> = (0.805201,0.005542), <E> = -1.812491 

T=0.560000	 Thermalizing iterations... 
Done.
Thermalized Magnetisation = (0.811125,-0.108309), Energy = -1.821275 
Averaging iterations... h=0.125000,0.000000
Done.
Final: Magnetisation = (0.801163,-0.132469), Energy = -1.816337 
<M> = (0.805427,-0.062499), <E> = -1.818844 

T=0.550000	 Thermalizing iterations... 
Done.
Thermalized Magnetisation = (0.838343,0.072174), Energy = -1.832876 
Averaging iterations... h=0.125000,0.000000
Done.
Final: Magnetisation = (0.811641,-0.010058), Energy = -1.834111 
<M> = (0.807019,0.010204), <E> = -1.824452 

T=0.540000	 Thermalizing iterations... 
Done.
Thermalized Magnetisation = (0.826978,0.026971), Energy = -1.845132 
Averaging iterations... h=0.125000,0.000000
Done.
Final: Magnetisation = (0.812570,-0.005850), Energy = -1.823451 
<M> = (0.810180,0.047687), <E> = -1.830360 

T=0.530000	 Thermalizing iterations... 
Done.
Thermalized Magnetisation = (0.824193,-0.093087), Energy = -1.837753 
Averaging iterations... h=0.125000,0.000000
Done.
Final: Magnetisation = (0.806687,0.022570), Energy = -1.844862 
<M> = (0.816420,-0.005518), <E> = -1.836634 

T=0.520000	 Thermalizing iterations... 
Done.
Thermalized Magnetisation = (0.816080,0.007919), Energy = -1.850663 
Averaging iterations... h=0.125000,0.000000
Done.
Final: Magnetisation = (0.817304,0.062957), Energy = -1.832736 
<M> = (0.820359,0.011943), <E> = -1.842522 

T=0.510000	 Thermalizing iterations... 
Done.
Thermalized Magnetisation = (0.821232,0.028188), Energy = -1.850859 
Averaging iterations... h=0.125000,0.000000
Done.
Final: Magnetisation = (0.823071,-0.037530), Energy = -1.845922 
<M> = (0.818643,-0.004728), <E> = -1.848357 

T=0.500000	 Thermalizing iterations... 
Done.
Thermalized Magnetisation = (0.801339,-0.097773), Energy = -1.845983 
Averaging iterations... h=0.125000,0.000000
Done.
Final: Magnetisation = (0.814023,-0.118175), Energy = -1.858271 
<M> = (0.821267,-0.066278), <E> = -1.854613 

T=0.490000	 Thermalizing iterations... 
Done.
Thermalized Magnetisation = (0.814482,0.007482), Energy = -1.861880 
Averaging iterations... h=0.125000,0.000000
Done.
Final: Magnetisation = (0.825331,-0.019597), Energy = -1.864442 
<M> = (0.826065,-0.028409), <E> = -1.860863 

T=0.480000	 Thermalizing iterations... 
Done.
Thermalized Magnetisation = (0.808799,-0.029167), Energy = -1.853571 
Averaging iterations... h=0.125000,0.000000
Done.
Final: Magnetisation = (0.833541,0.092624), Energy = -1.861516 
<M> = (0.822816,-0.081702), <E> = -1.866448 

T=0.470000	 Thermalizing iterations... 
Done.
Thermalized Magnetisation = (0.827143,-0.031202), Energy = -1.870545 
Averaging iterations... h=0.125000,0.000000
Done.
Final: Magnetisation = (0.829773,-0.072503), Energy = -1.884015 
<M> = (0.826743,-0.020452), <E> = -1.872020 

T=0.460000	 Thermalizing iterations... 
Done.
Thermalized Magnetisation = (0.846171,-0.009267), Energy = -1.872296 
Averaging iterations... h=0.125000,0.000000
Done.
Final: Magnetisation = (0.816949,-0.032377), Energy = -1.876097 
<M> = (0.837334,-0.027254), <E> = -1.877781 

T=0.450000	 Thermalizing iterations... 
Done.
Thermalized Magnetisation = (0.836714,-0.135613), Energy = -1.874983 
Averaging iterations... h=0.125000,0.000000
Done.
Final: Magnetisation = (0.842521,-0.007307), Energy = -1.880925 
<M> = (0.836969,0.003328), <E> = -1.883935 

T=0.440000	 Thermalizing iterations... 
Done.
Thermalized Magnetisation = (0.833926,-0.038024), Energy = -1.888272 
Averaging iterations... h=0.125000,0.000000
Done.
Final: Magnetisation = (0.823863,0.044849), Energy = -1.886222 
<M> = (0.836473,-0.062403), <E> = -1.889606 

T=0.430000	 Thermalizing iterations... 
Done.
Thermalized Magnetisation = (0.833354,0.026162), Energy = -1.894507 
Averaging iterations... h=0.125000,0.000000
Done.
Final: Magnetisation = (0.853502,-0.003702), Energy = -1.898669 
<M> = (0.841055,-0.021946), <E> = -1.895426 

T=0.420000	 Thermalizing iterations... 
Done.
Thermalized Magnetisation = (0.838044,0.001618), Energy = -1.899081 
Averaging iterations... h=0.125000,0.000000
Done.
Final: Magnetisation = (0.842233,-0.055474), Energy = -1.897925 
<M> = (0.843104,-0.053908), <E> = -1.901456 

T=0.410000	 Thermalizing iterations... 
Done.
Thermalized Magnetisation = (0.832934,-0.012689), Energy = -1.906820 
Averaging iterations... h=0.125000,0.000000
Done.
Final: Magnetisation = (0.853974,-0.087101), Energy = -1.901183 
<M> = (0.844015,-0.036502), <E> = -1.907112 

T=0.400000	 Thermalizing iterations... 
Done.
Thermalized Magnetisation = (0.849509,-0.116143), Energy = -1.917433 
Averaging iterations... h=0.125000,0.000000
Done.
Final: Magnetisation = (0.836317,-0.141359), Energy = -1.918291 
<M> = (0.845341,-0.061655), <E> = -1.912439 

T=0.390000	 Thermalizing iterations... 
Done.
Thermalized Magnetisation = (0.869407,-0.000768), Energy = -1.916901 
Averaging iterations... h=0.125000,0.000000
Done.
Final: Magnetisation = (0.863462,-0.067506), Energy = -1.924172 
<M> = (0.849715,0.013257), <E> = -1.917823 

T=0.380000	 Thermalizing iterations... 
Done.
Thermalized Magnetisation = (0.857855,-0.081478), Energy = -1.924047 
Averaging iterations... h=0.125000,0.000000
Done.
Final: Magnetisation = (0.851426,-0.030150), Energy = -1.923223 
<M> = (0.852450,-0.057612), <E> = -1.923562 

T=0.370000	 Thermalizing iterations... 
Done.
Thermalized Magnetisation = (0.838235,-0.003623), Energy = -1.934040 
Averaging iterations... h=0.125000,0.000000
Done.
Final: Magnetisation = (0.860794,-0.008551), Energy = -1.933824 
<M> = (0.855787,-0.028759), <E> = -1.929248 

T=0.360000	 Thermalizing iterations... 
Done.
Thermalized Magnetisation = (0.857568,-0.018048), Energy = -1.937968 
Averaging iterations... h=0.125000,0.000000
Done.
Final: Magnetisation = (0.875158,-0.002965), Energy = -1.939970 
<M> = (0.859776,-0.023231), <E> = -1.934685 

T=0.350000	 Thermalizing iterations... 
Done.
Thermalized Magnetisation = (0.853861,-0.084285), Energy = -1.935429 
Averaging iterations... h=0.125000,0.000000
Done.
Final: Magnetisation = (0.851006,-0.098304), Energy = -1.941401 
<M> = (0.860252,-0.088162), <E> = -1.940464 

T=0.340000	 Thermalizing iterations... 
Done.
Thermalized Magnetisation = (0.863704,-0.142028), Energy = -1.942824 
Averaging iterations... h=0.125000,0.000000
Done.
Final: Magnetisation = (0.859608,-0.149156), Energy = -1.950355 
<M> = (0.859701,-0.118084), <E> = -1.946233 

T=0.330000	 Thermalizing iterations... 
Done.
Thermalized Magnetisation = (0.868374,0.063430), Energy = -1.948985 
Averaging iterations... h=0.125000,0.000000
Done.
Final: Magnetisation = (0.863655,-0.068669), Energy = -1.944778 
<M> = (0.865481,-0.025107), <E> = -1.951268 

T=0.320000	 Thermalizing iterations... 
Done.
Thermalized Magnetisation = (0.855077,-0.203028), Energy = -1.949784 
Averaging iterations... h=0.125000,0.000000
Done.
Final: Magnetisation = (0.869453,-0.041475), Energy = -1.954510 
<M> = (0.866083,-0.026189), <E> = -1.956770 

T=0.310000	 Thermalizing iterations... 
Done.
Thermalized Magnetisation = (0.868719,0.011445), Energy = -1.963148 
Averaging iterations... h=0.125000,0.000000
Done.
Final: Magnetisation = (0.863862,-0.111253), Energy = -1.962720 
<M> = (0.870876,-0.040361), <E> = -1.962191 

T=0.300000	 Thermalizing iterations... 
Done.
Thermalized Magnetisation = (0.870322,-0.158032), Energy = -1.970809 
Averaging iterations... h=0.125000,0.000000
Done.
Final: Magnetisation = (0.886113,-0.028064), Energy = -1.966911 
<M> = (0.874273,-0.044156), <E> = -1.967804 

T=0.290000	 Thermalizing iterations... 
Done.
Thermalized Magnetisation = (0.872303,-0.047893), Energy = -1.965674 
Averaging iterations... h=0.125000,0.000000
Done.
Final: Magnetisation = (0.880731,0.000590), Energy = -1.969279 
<M> = (0.873364,0.007851), <E> = -1.973273 

T=0.280000	 Thermalizing iterations... 
Done.
Thermalized Magnetisation = (0.869048,-0.095842), Energy = -1.979278 
Averaging iterations... h=0.125000,0.000000
Done.
Final: Magnetisation = (0.877055,0.009550), Energy = -1.980280 
<M> = (0.876774,-0.043851), <E> = -1.978603 

T=0.270000	 Thermalizing iterations... 
Done.
Thermalized Magnetisation = (0.862302,-0.019444), Energy = -1.985363 
Averaging iterations... h=0.125000,0.000000
Done.
Final: Magnetisation = (0.865079,-0.029944), Energy = -1.984390 
<M> = (0.876360,-0.024552), <E> = -1.984126 

T=0.260000	 Thermalizing iterations... 
Done.
Thermalized Magnetisation = (0.877423,0.029855), Energy = -1.985254 
Averaging iterations... h=0.125000,0.000000
Done.
Final: Magnetisation = (0.883424,-0.013253), Energy = -1.991162 
<M> = (0.877932,-0.009992), <E> = -1.989381 

T=0.250000	 Thermalizing iterations... 
Done.
Thermalized Magnetisation = (0.895972,-0.044767), Energy = -1.994919 
Averaging iterations... h=0.125000,0.000000
Done.
Final: Magnetisation = (0.880613,-0.120084), Energy = -1.991912 
<M> = (0.878889,-0.097969), <E> = -1.994759 

T=0.240000	 Thermalizing iterations... 
Done.
Thermalized Magnetisation = (0.893515,-0.035546), Energy = -2.002849 
Averaging iterations... h=0.125000,0.000000
Done.
Final: Magnetisation = (0.876832,-0.027714), Energy = -1.997123 
<M> = (0.885761,-0.015633), <E> = -2.000065 

T=0.230000	 Thermalizing iterations... 
Done.
Thermalized Magnetisation = (0.885609,-0.055615), Energy = -2.004589 
Averaging iterations... h=0.125000,0.000000
Done.
Final: Magnetisation = (0.890589,0.046270), Energy = -2.005602 
<M> = (0.890882,-0.015943), <E> = -2.005400 

T=0.220000	 Thermalizing iterations... 
Done.
Thermalized Magnetisation = (0.885914,-0.082217), Energy = -2.007736 
Averaging iterations... h=0.125000,0.000000
Done.
Final: Magnetisation = (0.871705,-0.167124), Energy = -2.007605 
<M> = (0.893065,-0.083669), <E> = -2.010642 

T=0.210000	 Thermalizing iterations... 
Done.
Thermalized Magnetisation = (0.886622,0.012116), Energy = -2.016354 
Averaging iterations... h=0.125000,0.000000
Done.
Final: Magnetisation = (0.888681,-0.015133), Energy = -2.014915 
<M> = (0.890666,-0.057669), <E> = -2.016070 

T=0.200000	 Thermalizing iterations... 
Done.
Thermalized Magnetisation = (0.886707,-0.004534), Energy = -2.022340 
Averaging iterations... h=0.125000,0.000000
Done.
Final: Magnetisation = (0.904897,-0.042322), Energy = -2.022653 
<M> = (0.894931,0.002218), <E> = -2.021432 

T=0.190000	 Thermalizing iterations... 
Done.
Thermalized Magnetisation = (0.894637,-0.011190), Energy = -2.027854 
Averaging iterations... h=0.125000,0.000000
Done.
Final: Magnetisation = (0.905614,-0.028034), Energy = -2.026731 
<M> = (0.898934,-0.028177), <E> = -2.026621 

T=0.180000	 Thermalizing iterations... 
Done.
Thermalized Magnetisation = (0.902018,-0.050065), Energy = -2.032691 
Averaging iterations... h=0.125000,0.000000
Done.
Final: Magnetisation = (0.890463,-0.099376), Energy = -2.032111 
<M> = (0.894627,-0.073285), <E> = -2.031903 

T=0.170000	 Thermalizing iterations... 
Done.
Thermalized Magnetisation = (0.900915,-0.082691), Energy = -2.035253 
Averaging iterations... h=0.125000,0.000000
Done.
Final: Magnetisation = (0.899996,-0.086280), Energy = -2.038620 
<M> = (0.900635,-0.081564), <E> = -2.037059 

T=0.160000	 Thermalizing iterations... 
Done.
Thermalized Magnetisation = (0.897338,-0.092367), Energy = -2.041841 
Averaging iterations... h=0.125000,0.000000
Done.
Final: Magnetisation = (0.892255,-0.095855), Energy = -2.039086 
<M> = (0.906740,-0.095657), <E> = -2.042352 

T=0.150000	 Thermalizing iterations... 
Done.
Thermalized Magnetisation = (0.903366,-0.100458), Energy = -2.046164 
Averaging iterations... h=0.125000,0.000000
Done.
Final: Magnetisation = (0.914268,-0.139921), Energy = -2.049945 
<M> = (0.904523,-0.151493), <E> = -2.047452 

T=0.140000	 Thermalizing iterations... 
Done.
Thermalized Magnetisation = (0.899380,-0.147298), Energy = -2.055695 
Averaging iterations... h=0.125000,0.000000
Done.
Final: Magnetisation = (0.908434,-0.133834), Energy = -2.055355 
<M> = (0.905079,-0.128275), <E> = -2.052759 

T=0.130000	 Thermalizing iterations... 
Done.
Thermalized Magnetisation = (0.895887,-0.189561), Energy = -2.058856 
Averaging iterations... h=0.125000,0.000000
Done.
Final: Magnetisation = (0.897692,-0.189132), Energy = -2.059236 
<M> = (0.901472,-0.193754), <E> = -2.057952 

T=0.120000	 Thermalizing iterations... 
Done.
Thermalized Magnetisation = (0.898954,-0.161311), Energy = -2.062594 
Averaging iterations... h=0.125000,0.000000
Done.
Final: Magnetisation = (0.904728,-0.174787), Energy = -2.063451 
<M> = (0.905092,-0.164623), <E> = -2.063064 

T=0.110000	 Thermalizing iterations... 
Done.
Thermalized Magnetisation = (0.909589,-0.150885), Energy = -2.067732 
Averaging iterations... h=0.125000,0.000000
Done.
Final: Magnetisation = (0.917501,-0.099900), Energy = -2.069270 
<M> = (0.909974,-0.139822), <E> = -2.068217 

T=0.100000	 Thermalizing iterations... 
Done.
Thermalized Magnetisation = (0.915034,-0.132887), Energy = -2.071955 
Averaging iterations... h=0.125000,0.000000
Done.
Final: Magnetisation = (0.913323,-0.133567), Energy = -2.075469 
<M> = (0.914442,-0.127703), <E> = -2.073401 

T=0.090000	 Thermalizing iterations... 
Done.
Thermalized Magnetisation = (0.915760,-0.100506), Energy = -2.080069 
Averaging iterations... h=0.125000,0.000000
Done.
Final: Magnetisation = (0.907512,-0.116615), Energy = -2.078125 
<M> = (0.916690,-0.126875), <E> = -2.078490 

T=0.080000	 Thermalizing iterations... 
Done.
Thermalized Magnetisation = (0.918227,-0.096093), Energy = -2.084355 
Averaging iterations... h=0.125000,0.000000
Done.
Final: Magnetisation = (0.920444,-0.105669), Energy = -2.085531 
<M> = (0.919414,-0.101958), <E> = -2.083581 

T=0.070000	 Thermalizing iterations... 
Done.
Thermalized Magnetisation = (0.927069,-0.111691), Energy = -2.089802 
Averaging iterations... h=0.125000,0.000000
Done.
Final: Magnetisation = (0.916829,-0.162874), Energy = -2.088769 
<M> = (0.915030,-0.163109), <E> = -2.088672 

T=0.060000	 Thermalizing iterations... 
Done.
Thermalized Magnetisation = (0.922665,-0.090855), Energy = -2.094056 
Averaging iterations... h=0.125000,0.000000
Done.
Final: Magnetisation = (0.922462,-0.149707), Energy = -2.094002 
<M> = (0.917734,-0.152839), <E> = -2.093794 

T=0.050000	 Thermalizing iterations... 
Done.
Thermalized Magnetisation = (0.919048,-0.153763), Energy = -2.099017 
Averaging iterations... h=0.125000,0.000000
Done.
Final: Magnetisation = (0.924577,-0.129981), Energy = -2.099438 
<M> = (0.920762,-0.135422), <E> = -2.098836 

T=0.040000	 Thermalizing iterations... 
Done.
Thermalized Magnetisation = (0.922894,-0.163757), Energy = -2.103661 
Averaging iterations... h=0.125000,0.000000
Done.
Final: Magnetisation = (0.921685,-0.173537), Energy = -2.104098 
<M> = (0.921374,-0.172022), <E> = -2.103899 

T=0.030000	 Thermalizing iterations... 
Done.
Thermalized Magnetisation = (0.918866,-0.170514), Energy = -2.108499 
Averaging iterations... h=0.125000,0.000000
Done.
Final: Magnetisation = (0.921262,-0.179695), Energy = -2.108983 
<M> = (0.921916,-0.173987), <E> = -2.108963 

T=0.020000	 Thermalizing iterations... 
Done.
Thermalized Magnetisation = (0.925773,-0.169160), Energy = -2.113927 
Averaging iterations... h=0.125000,0.000000
Done.
Final: Magnetisation = (0.919759,-0.182060), Energy = -2.113942 
<M> = (0.925005,-0.173582), <E> = -2.113964 

T=0.010000	 Thermalizing iterations... 
Done.
Thermalized Magnetisation = (0.926729,-0.189920), Energy = -2.118934 
Averaging iterations... h=0.125000,0.000000
Done.
Final: Magnetisation = (0.925967,-0.182725), Energy = -2.118971 
<M> = (0.927124,-0.185027), <E> = -2.118981 
Final Magnetisation = (0.925967,-0.182725), Energy = -2.118971 
------------------------

Updating all (first)black/(then)white checkerboard sites simultaneously.. 

ztne RFXY h rotating with |h|=0.125000 at T=0.000000..
loop 1

loop 2

CPU  Start Time = 5537480.013847 

CPU  End Time = 5546040.166883 

CPU Time elapsed total = 8560.153036 

real	142m40.649s
user	2422m10.914s
sys	1m10.513s
