+ cd /home/sbasak/Exercises/OpenMP/XY_code/Z2/rotating_field/trial/config/config_67
+ export OMP_NUM_THREADS=28
+ OMP_NUM_THREADS=28
+ ./a_16.out
nearest neighbor initialized. 
h loaded. 
J loaded. 
L = 128, dim_L = 2, dim_S = 2
hysteresis_MCS_multiplier = 10, hysteresis_MCS_max = 100
RAND_MAX = 2147483647.000000,
 sizeof(int) = 4,
 sizeof(long) = 8,
 sizeof(double) = 8,
 sizeof(long int) = 8,
 sizeof(short int) = 2,
 sizeof(unsigned int) = 4,
 sizeof(RAND_MAX) = 4
No. of THREADS = 28
No. of PROCESSORS = 28

0.060539,0.020438
order = ({1.000000-->-1.000000,0.000000}, 0, 1)
Initial Magnetisation = (0.060539,0.020438), Energy = 0.019206 
Cooling... 
T=2.000000	 Thermalizing iterations... 
Done.
Thermalized Magnetisation = (0.033071,-0.005602), Energy = -0.576108 
Averaging iterations... h=0.031250,0.000000
Done.
Final: Magnetisation = (0.035489,-0.022001), Energy = -0.584078 
<M> = (0.029871,-0.000059), <E> = -0.609387 

T=1.990000	 Thermalizing iterations... 
Done.
Thermalized Magnetisation = (-0.002748,0.027080), Energy = -0.634376 
Averaging iterations... h=0.031250,0.000000
Done.
Final: Magnetisation = (0.001106,0.004255), Energy = -0.624010 
<M> = (0.031809,-0.001535), <E> = -0.613611 

T=1.980000	 Thermalizing iterations... 
Done.
Thermalized Magnetisation = (0.025000,0.027270), Energy = -0.631570 
Averaging iterations... h=0.031250,0.000000
Done.
Final: Magnetisation = (0.058209,0.010872), Energy = -0.628350 
<M> = (0.031137,-0.000792), <E> = -0.617684 

T=1.970000	 Thermalizing iterations... 
Done.
Thermalized Magnetisation = (0.008652,0.031817), Energy = -0.632535 
Averaging iterations... h=0.031250,0.000000
Done.
Final: Magnetisation = (0.007579,-0.057217), Energy = -0.613350 
<M> = (0.032183,-0.001859), <E> = -0.621795 

T=1.960000	 Thermalizing iterations... 
Done.
Thermalized Magnetisation = (0.030014,-0.028026), Energy = -0.667405 
Averaging iterations... h=0.031250,0.000000
Done.
Final: Magnetisation = (0.036393,-0.003126), Energy = -0.633408 
<M> = (0.033210,-0.001182), <E> = -0.625074 

T=1.950000	 Thermalizing iterations... 
Done.
Thermalized Magnetisation = (0.022031,0.006190), Energy = -0.619562 
Averaging iterations... h=0.031250,0.000000
Done.
Final: Magnetisation = (0.085365,-0.008756), Energy = -0.634050 
<M> = (0.034515,-0.000554), <E> = -0.628026 

T=1.940000	 Thermalizing iterations... 
Done.
Thermalized Magnetisation = (0.072814,-0.015419), Energy = -0.612178 
Averaging iterations... h=0.031250,0.000000
Done.
Final: Magnetisation = (0.066348,0.032748), Energy = -0.599805 
<M> = (0.033134,0.000280), <E> = -0.631654 

T=1.930000	 Thermalizing iterations... 
Done.
Thermalized Magnetisation = (0.045543,0.005204), Energy = -0.641727 
Averaging iterations... h=0.031250,0.000000
Done.
Final: Magnetisation = (-0.034623,0.017248), Energy = -0.618453 
<M> = (0.032683,0.000775), <E> = -0.634634 

T=1.920000	 Thermalizing iterations... 
Done.
Thermalized Magnetisation = (0.008322,0.032795), Energy = -0.673513 
Averaging iterations... h=0.031250,0.000000
Done.
Final: Magnetisation = (0.033641,-0.002978), Energy = -0.654421 
<M> = (0.034102,-0.001437), <E> = -0.639496 

T=1.910000	 Thermalizing iterations... 
Done.
Thermalized Magnetisation = (-0.026749,0.016860), Energy = -0.655822 
Averaging iterations... h=0.031250,0.000000
Done.
Final: Magnetisation = (0.022244,-0.024173), Energy = -0.684950 
<M> = (0.034584,-0.001501), <E> = -0.643607 

T=1.900000	 Thermalizing iterations... 
Done.
Thermalized Magnetisation = (0.102606,0.106317), Energy = -0.647703 
Averaging iterations... h=0.031250,0.000000
Done.
Final: Magnetisation = (-0.017952,-0.010993), Energy = -0.646413 
<M> = (0.035473,-0.003396), <E> = -0.647653 

T=1.890000	 Thermalizing iterations... 
Done.
Thermalized Magnetisation = (-0.001287,0.015081), Energy = -0.656199 
Averaging iterations... h=0.031250,0.000000
Done.
Final: Magnetisation = (0.008674,0.014799), Energy = -0.649071 
<M> = (0.035908,-0.002444), <E> = -0.651700 

T=1.880000	 Thermalizing iterations... 
Done.
Thermalized Magnetisation = (0.043838,-0.031199), Energy = -0.656956 
Averaging iterations... h=0.031250,0.000000
Done.
Final: Magnetisation = (-0.016499,0.014884), Energy = -0.668069 
<M> = (0.037427,-0.001188), <E> = -0.655874 

T=1.870000	 Thermalizing iterations... 
Done.
Thermalized Magnetisation = (0.008209,0.025388), Energy = -0.667313 
Averaging iterations... h=0.031250,0.000000
Done.
Final: Magnetisation = (0.045761,0.018400), Energy = -0.660849 
<M> = (0.037459,0.001969), <E> = -0.659003 

T=1.860000	 Thermalizing iterations... 
Done.
Thermalized Magnetisation = (0.012277,0.017554), Energy = -0.619148 
Averaging iterations... h=0.031250,0.000000
Done.
Final: Magnetisation = (0.069642,-0.018973), Energy = -0.652249 
<M> = (0.036456,-0.000339), <E> = -0.663276 

T=1.850000	 Thermalizing iterations... 
Done.
Thermalized Magnetisation = (0.016288,0.074708), Energy = -0.654937 
Averaging iterations... h=0.031250,0.000000
Done.
Final: Magnetisation = (0.083989,-0.009616), Energy = -0.707106 
<M> = (0.037248,-0.000601), <E> = -0.667301 

T=1.840000	 Thermalizing iterations... 
Done.
Thermalized Magnetisation = (0.028511,0.023936), Energy = -0.662961 
Averaging iterations... h=0.031250,0.000000
Done.
Final: Magnetisation = (0.060416,-0.007438), Energy = -0.706961 
<M> = (0.039649,-0.001358), <E> = -0.672467 

T=1.830000	 Thermalizing iterations... 
Done.
Thermalized Magnetisation = (0.087384,0.011831), Energy = -0.665587 
Averaging iterations... h=0.031250,0.000000
Done.
Final: Magnetisation = (0.051046,0.045097), Energy = -0.657997 
<M> = (0.038382,-0.002710), <E> = -0.676935 

T=1.820000	 Thermalizing iterations... 
Done.
Thermalized Magnetisation = (0.049051,0.024974), Energy = -0.690136 
Averaging iterations... h=0.031250,0.000000
Done.
Final: Magnetisation = (0.053980,-0.024836), Energy = -0.659211 
<M> = (0.040343,-0.002678), <E> = -0.681629 

T=1.810000	 Thermalizing iterations... 
Done.
Thermalized Magnetisation = (0.023903,0.022019), Energy = -0.688324 
Averaging iterations... h=0.031250,0.000000
Done.
Final: Magnetisation = (0.029040,0.036787), Energy = -0.671632 
<M> = (0.042723,-0.001218), <E> = -0.685724 

T=1.800000	 Thermalizing iterations... 
Done.
Thermalized Magnetisation = (-0.012298,-0.006961), Energy = -0.682590 
Averaging iterations... h=0.031250,0.000000
Done.
Final: Magnetisation = (0.051727,0.026418), Energy = -0.722722 
<M> = (0.042892,0.000127), <E> = -0.689219 

T=1.790000	 Thermalizing iterations... 
Done.
Thermalized Magnetisation = (0.064040,-0.047650), Energy = -0.698954 
Averaging iterations... h=0.031250,0.000000
Done.
Final: Magnetisation = (-0.020653,-0.069928), Energy = -0.695003 
<M> = (0.041459,0.000010), <E> = -0.693997 

T=1.780000	 Thermalizing iterations... 
Done.
Thermalized Magnetisation = (0.044642,-0.031901), Energy = -0.713128 
Averaging iterations... h=0.031250,0.000000
Done.
Final: Magnetisation = (0.064630,0.003998), Energy = -0.702389 
<M> = (0.042184,0.001362), <E> = -0.697910 

T=1.770000	 Thermalizing iterations... 
Done.
Thermalized Magnetisation = (0.066746,0.032576), Energy = -0.716282 
Averaging iterations... h=0.031250,0.000000
Done.
Final: Magnetisation = (0.048003,0.073255), Energy = -0.706956 
<M> = (0.043939,-0.003035), <E> = -0.703378 

T=1.760000	 Thermalizing iterations... 
Done.
Thermalized Magnetisation = (0.042826,0.020438), Energy = -0.745369 
Averaging iterations... h=0.031250,0.000000
Done.
Final: Magnetisation = (0.103129,-0.031434), Energy = -0.725383 
<M> = (0.044564,-0.001076), <E> = -0.708606 

T=1.750000	 Thermalizing iterations... 
Done.
Thermalized Magnetisation = (0.010806,0.012764), Energy = -0.707662 
Averaging iterations... h=0.031250,0.000000
Done.
Final: Magnetisation = (0.092496,-0.025088), Energy = -0.688133 
<M> = (0.043949,-0.003655), <E> = -0.713451 

T=1.740000	 Thermalizing iterations... 
Done.
Thermalized Magnetisation = (0.085639,0.029237), Energy = -0.693305 
Averaging iterations... h=0.031250,0.000000
Done.
Final: Magnetisation = (0.047601,-0.013706), Energy = -0.723096 
<M> = (0.045996,-0.002533), <E> = -0.718731 

T=1.730000	 Thermalizing iterations... 
Done.
Thermalized Magnetisation = (0.074356,-0.034958), Energy = -0.736622 
Averaging iterations... h=0.031250,0.000000
Done.
Final: Magnetisation = (0.005832,-0.047171), Energy = -0.730020 
<M> = (0.047792,-0.000300), <E> = -0.722999 

T=1.720000	 Thermalizing iterations... 
Done.
Thermalized Magnetisation = (0.036717,-0.064173), Energy = -0.727450 
Averaging iterations... h=0.031250,0.000000
Done.
Final: Magnetisation = (0.058743,0.033723), Energy = -0.743777 
<M> = (0.046664,0.000404), <E> = -0.727160 

T=1.710000	 Thermalizing iterations... 
Done.
Thermalized Magnetisation = (0.059849,-0.057681), Energy = -0.768387 
Averaging iterations... h=0.031250,0.000000
Done.
Final: Magnetisation = (0.064718,-0.022924), Energy = -0.745577 
<M> = (0.047302,-0.000257), <E> = -0.732224 

T=1.700000	 Thermalizing iterations... 
Done.
Thermalized Magnetisation = (0.064831,0.010777), Energy = -0.732063 
Averaging iterations... h=0.031250,0.000000
Done.
Final: Magnetisation = (0.049035,0.016930), Energy = -0.737760 
<M> = (0.049547,-0.000841), <E> = -0.737742 

T=1.690000	 Thermalizing iterations... 
Done.
Thermalized Magnetisation = (-0.004215,0.019151), Energy = -0.759868 
Averaging iterations... h=0.031250,0.000000
Done.
Final: Magnetisation = (0.054610,-0.070313), Energy = -0.748623 
<M> = (0.050383,0.000113), <E> = -0.743270 

T=1.680000	 Thermalizing iterations... 
Done.
Thermalized Magnetisation = (0.016658,-0.039582), Energy = -0.743640 
Averaging iterations... h=0.031250,0.000000
Done.
Final: Magnetisation = (0.026882,-0.112861), Energy = -0.754042 
<M> = (0.051362,-0.003288), <E> = -0.749623 

T=1.670000	 Thermalizing iterations... 
Done.
Thermalized Magnetisation = (0.024354,0.010055), Energy = -0.746637 
Averaging iterations... h=0.031250,0.000000
Done.
Final: Magnetisation = (0.055151,-0.066614), Energy = -0.788243 
<M> = (0.052575,-0.001987), <E> = -0.754934 

T=1.660000	 Thermalizing iterations... 
Done.
Thermalized Magnetisation = (-0.008364,-0.009460), Energy = -0.784614 
Averaging iterations... h=0.031250,0.000000
Done.
Final: Magnetisation = (0.084106,-0.049465), Energy = -0.783701 
<M> = (0.054170,-0.002645), <E> = -0.760125 

T=1.650000	 Thermalizing iterations... 
Done.
Thermalized Magnetisation = (0.065627,-0.023556), Energy = -0.758832 
Averaging iterations... h=0.031250,0.000000
Done.
Final: Magnetisation = (0.007712,0.060305), Energy = -0.764317 
<M> = (0.055458,0.001661), <E> = -0.764908 

T=1.640000	 Thermalizing iterations... 
Done.
Thermalized Magnetisation = (0.122918,0.038259), Energy = -0.801211 
Averaging iterations... h=0.031250,0.000000
Done.
Final: Magnetisation = (0.111863,-0.035136), Energy = -0.775623 
<M> = (0.055919,0.000969), <E> = -0.770602 

T=1.630000	 Thermalizing iterations... 
Done.
Thermalized Magnetisation = (0.058286,0.016226), Energy = -0.785510 
Averaging iterations... h=0.031250,0.000000
Done.
Final: Magnetisation = (0.083726,0.012681), Energy = -0.720967 
<M> = (0.056603,0.000109), <E> = -0.775915 

T=1.620000	 Thermalizing iterations... 
Done.
Thermalized Magnetisation = (0.073955,-0.047047), Energy = -0.779964 
Averaging iterations... h=0.031250,0.000000
Done.
Final: Magnetisation = (0.125748,-0.033323), Energy = -0.786118 
<M> = (0.058577,-0.001726), <E> = -0.782403 

T=1.610000	 Thermalizing iterations... 
Done.
Thermalized Magnetisation = (0.076465,0.033377), Energy = -0.808464 
Averaging iterations... h=0.031250,0.000000
Done.
Final: Magnetisation = (0.036878,0.082320), Energy = -0.805064 
<M> = (0.058598,-0.002370), <E> = -0.788511 

T=1.600000	 Thermalizing iterations... 
Done.
Thermalized Magnetisation = (0.079598,-0.026639), Energy = -0.820819 
Averaging iterations... h=0.031250,0.000000
Done.
Final: Magnetisation = (0.028486,-0.021681), Energy = -0.771483 
<M> = (0.059840,-0.004318), <E> = -0.795265 

T=1.590000	 Thermalizing iterations... 
Done.
Thermalized Magnetisation = (0.018711,0.003629), Energy = -0.768482 
Averaging iterations... h=0.031250,0.000000
Done.
Final: Magnetisation = (-0.030216,0.019096), Energy = -0.780314 
<M> = (0.061654,-0.001993), <E> = -0.801100 

T=1.580000	 Thermalizing iterations... 
Done.
Thermalized Magnetisation = (0.075175,0.009594), Energy = -0.780086 
Averaging iterations... h=0.031250,0.000000
Done.
Final: Magnetisation = (0.067534,-0.058108), Energy = -0.861155 
<M> = (0.065209,0.000950), <E> = -0.806900 

T=1.570000	 Thermalizing iterations... 
Done.
Thermalized Magnetisation = (0.063539,0.034345), Energy = -0.845380 
Averaging iterations... h=0.031250,0.000000
Done.
Final: Magnetisation = (0.056574,0.023401), Energy = -0.817489 
<M> = (0.065246,0.000446), <E> = -0.812402 

T=1.560000	 Thermalizing iterations... 
Done.
Thermalized Magnetisation = (0.114998,-0.052975), Energy = -0.854561 
Averaging iterations... h=0.031250,0.000000
Done.
Final: Magnetisation = (0.026310,-0.012822), Energy = -0.785838 
<M> = (0.065608,0.001703), <E> = -0.817610 

T=1.550000	 Thermalizing iterations... 
Done.
Thermalized Magnetisation = (-0.023870,0.004063), Energy = -0.789023 
Averaging iterations... h=0.031250,0.000000
Done.
Final: Magnetisation = (0.055924,0.023882), Energy = -0.802396 
<M> = (0.067800,-0.000344), <E> = -0.825828 

T=1.540000	 Thermalizing iterations... 
Done.
Thermalized Magnetisation = (0.055711,0.092004), Energy = -0.837565 
Averaging iterations... h=0.031250,0.000000
Done.
Final: Magnetisation = (0.055524,-0.106078), Energy = -0.856973 
<M> = (0.069560,-0.001368), <E> = -0.832538 

T=1.530000	 Thermalizing iterations... 
Done.
Thermalized Magnetisation = (0.116402,-0.020381), Energy = -0.880189 
Averaging iterations... h=0.031250,0.000000
Done.
Final: Magnetisation = (0.075886,0.043577), Energy = -0.837620 
<M> = (0.070890,-0.003964), <E> = -0.839540 

T=1.520000	 Thermalizing iterations... 
Done.
Thermalized Magnetisation = (0.110775,0.071396), Energy = -0.850054 
Averaging iterations... h=0.031250,0.000000
Done.
Final: Magnetisation = (0.030358,-0.024463), Energy = -0.836101 
<M> = (0.072432,-0.002413), <E> = -0.846556 

T=1.510000	 Thermalizing iterations... 
Done.
Thermalized Magnetisation = (0.102145,-0.003129), Energy = -0.883122 
Averaging iterations... h=0.031250,0.000000
Done.
Final: Magnetisation = (0.081839,0.032289), Energy = -0.830718 
<M> = (0.077078,0.000118), <E> = -0.853296 

T=1.500000	 Thermalizing iterations... 
Done.
Thermalized Magnetisation = (0.127143,-0.088516), Energy = -0.881812 
Averaging iterations... h=0.031250,0.000000
Done.
Final: Magnetisation = (0.034087,-0.051648), Energy = -0.856890 
<M> = (0.078493,0.002796), <E> = -0.859033 

T=1.490000	 Thermalizing iterations... 
Done.
Thermalized Magnetisation = (0.088736,0.003167), Energy = -0.842197 
Averaging iterations... h=0.031250,0.000000
Done.
Final: Magnetisation = (0.073897,0.090717), Energy = -0.865397 
<M> = (0.079360,0.002356), <E> = -0.866288 

T=1.480000	 Thermalizing iterations... 
Done.
Thermalized Magnetisation = (0.095550,-0.036598), Energy = -0.838654 
Averaging iterations... h=0.031250,0.000000
Done.
Final: Magnetisation = (0.110064,-0.019789), Energy = -0.860992 
<M> = (0.078883,0.001753), <E> = -0.873572 

T=1.470000	 Thermalizing iterations... 
Done.
Thermalized Magnetisation = (0.110209,0.004982), Energy = -0.893501 
Averaging iterations... h=0.031250,0.000000
Done.
Final: Magnetisation = (0.115284,-0.021115), Energy = -0.894443 
<M> = (0.082740,-0.001921), <E> = -0.881562 

T=1.460000	 Thermalizing iterations... 
Done.
Thermalized Magnetisation = (0.092880,0.090234), Energy = -0.891169 
Averaging iterations... h=0.031250,0.000000
Done.
Final: Magnetisation = (0.074820,0.029282), Energy = -0.871746 
<M> = (0.082674,-0.003619), <E> = -0.888753 

T=1.450000	 Thermalizing iterations... 
Done.
Thermalized Magnetisation = (0.090628,0.017706), Energy = -0.909107 
Averaging iterations... h=0.031250,0.000000
Done.
Final: Magnetisation = (0.024077,-0.032726), Energy = -0.884160 
<M> = (0.086347,-0.005246), <E> = -0.897506 

T=1.440000	 Thermalizing iterations... 
Done.
Thermalized Magnetisation = (0.146793,-0.065745), Energy = -0.944551 
Averaging iterations... h=0.031250,0.000000
Done.
Final: Magnetisation = (0.121966,-0.035779), Energy = -0.933637 
<M> = (0.089581,-0.004200), <E> = -0.905335 

T=1.430000	 Thermalizing iterations... 
Done.
Thermalized Magnetisation = (0.075257,-0.056680), Energy = -0.920959 
Averaging iterations... h=0.031250,0.000000
Done.
Final: Magnetisation = (0.077365,-0.006864), Energy = -0.905279 
<M> = (0.093271,0.000901), <E> = -0.911798 

T=1.420000	 Thermalizing iterations... 
Done.
Thermalized Magnetisation = (0.199870,0.053036), Energy = -0.933225 
Averaging iterations... h=0.031250,0.000000
Done.
Final: Magnetisation = (0.074133,-0.053738), Energy = -0.897243 
<M> = (0.093322,0.000768), <E> = -0.919361 

T=1.410000	 Thermalizing iterations... 
Done.
Thermalized Magnetisation = (0.103928,-0.001032), Energy = -0.940783 
Averaging iterations... h=0.031250,0.000000
Done.
Final: Magnetisation = (0.060516,-0.013043), Energy = -0.936656 
<M> = (0.093399,0.003625), <E> = -0.926369 

T=1.400000	 Thermalizing iterations... 
Done.
Thermalized Magnetisation = (0.085970,-0.030965), Energy = -0.918490 
Averaging iterations... h=0.031250,0.000000
Done.
Final: Magnetisation = (0.081323,0.088672), Energy = -0.895249 
<M> = (0.097478,-0.001866), <E> = -0.936899 

T=1.390000	 Thermalizing iterations... 
Done.
Thermalized Magnetisation = (0.066652,-0.004221), Energy = -0.954265 
Averaging iterations... h=0.031250,0.000000
Done.
Final: Magnetisation = (0.127959,-0.004573), Energy = -0.962114 
<M> = (0.100613,-0.005261), <E> = -0.945322 

T=1.380000	 Thermalizing iterations... 
Done.
Thermalized Magnetisation = (0.083476,-0.019588), Energy = -0.919637 
Averaging iterations... h=0.031250,0.000000
Done.
Final: Magnetisation = (0.101551,-0.014277), Energy = -0.923120 
<M> = (0.103593,-0.008585), <E> = -0.954284 

T=1.370000	 Thermalizing iterations... 
Done.
Thermalized Magnetisation = (0.048326,-0.026849), Energy = -0.938725 
Averaging iterations... h=0.031250,0.000000
Done.
Final: Magnetisation = (0.050536,-0.048862), Energy = -0.908290 
<M> = (0.106856,-0.004856), <E> = -0.962070 

T=1.360000	 Thermalizing iterations... 
Done.
Thermalized Magnetisation = (0.114483,-0.000548), Energy = -0.991908 
Averaging iterations... h=0.031250,0.000000
Done.
Final: Magnetisation = (0.182325,0.092301), Energy = -1.012752 
<M> = (0.112434,-0.003138), <E> = -0.971339 

T=1.350000	 Thermalizing iterations... 
Done.
Thermalized Magnetisation = (0.133082,0.106537), Energy = -0.968100 
Averaging iterations... h=0.031250,0.000000
Done.
Final: Magnetisation = (0.085950,0.065710), Energy = -0.974058 
<M> = (0.113565,0.005694), <E> = -0.978530 

T=1.340000	 Thermalizing iterations... 
Done.
Thermalized Magnetisation = (0.170202,0.052411), Energy = -1.053651 
Averaging iterations... h=0.031250,0.000000
Done.
Final: Magnetisation = (0.151034,-0.034480), Energy = -1.010296 
<M> = (0.114269,0.002273), <E> = -0.988173 

T=1.330000	 Thermalizing iterations... 
Done.
Thermalized Magnetisation = (0.178042,0.020750), Energy = -1.006473 
Averaging iterations... h=0.031250,0.000000
Done.
Final: Magnetisation = (0.131614,-0.072130), Energy = -1.010932 
<M> = (0.118750,0.000767), <E> = -0.997393 

T=1.320000	 Thermalizing iterations... 
Done.
Thermalized Magnetisation = (0.137575,-0.002011), Energy = -1.016055 
Averaging iterations... h=0.031250,0.000000
Done.
Final: Magnetisation = (0.103715,0.008110), Energy = -0.950667 
<M> = (0.125878,-0.004208), <E> = -1.008238 

T=1.310000	 Thermalizing iterations... 
Done.
Thermalized Magnetisation = (0.178598,-0.000848), Energy = -1.056269 
Averaging iterations... h=0.031250,0.000000
Done.
Final: Magnetisation = (0.099284,0.073293), Energy = -1.031522 
<M> = (0.128146,-0.007427), <E> = -1.018280 

T=1.300000	 Thermalizing iterations... 
Done.
Thermalized Magnetisation = (0.114195,-0.022338), Energy = -1.010591 
Averaging iterations... h=0.031250,0.000000
Done.
Final: Magnetisation = (0.182996,0.026122), Energy = -1.093145 
<M> = (0.129510,-0.006420), <E> = -1.028160 

T=1.290000	 Thermalizing iterations... 
Done.
Thermalized Magnetisation = (0.113653,-0.059173), Energy = -1.021301 
Averaging iterations... h=0.031250,0.000000
Done.
Final: Magnetisation = (0.132420,-0.030935), Energy = -1.034262 
<M> = (0.138678,-0.005433), <E> = -1.038043 

T=1.280000	 Thermalizing iterations... 
Done.
Thermalized Magnetisation = (0.127256,0.033615), Energy = -1.070036 
Averaging iterations... h=0.031250,0.000000
Done.
Final: Magnetisation = (0.145042,-0.030853), Energy = -1.054270 
<M> = (0.141121,0.001380), <E> = -1.045644 

T=1.270000	 Thermalizing iterations... 
Done.
Thermalized Magnetisation = (0.129445,-0.003739), Energy = -1.035297 
Averaging iterations... h=0.031250,0.000000
Done.
Final: Magnetisation = (0.096100,-0.037757), Energy = -1.056145 
<M> = (0.142849,0.000441), <E> = -1.055280 

T=1.260000	 Thermalizing iterations... 
Done.
Thermalized Magnetisation = (0.070370,-0.021545), Energy = -1.048761 
Averaging iterations... h=0.031250,0.000000
Done.
Final: Magnetisation = (0.151678,-0.019819), Energy = -1.064335 
<M> = (0.148813,0.003039), <E> = -1.065929 

T=1.250000	 Thermalizing iterations... 
Done.
Thermalized Magnetisation = (0.127676,-0.051895), Energy = -1.110938 
Averaging iterations... h=0.031250,0.000000
Done.
Final: Magnetisation = (0.134279,0.032956), Energy = -1.058243 
<M> = (0.153208,-0.009871), <E> = -1.077523 

T=1.240000	 Thermalizing iterations... 
Done.
Thermalized Magnetisation = (0.179822,0.019143), Energy = -1.112765 
Averaging iterations... h=0.031250,0.000000
Done.
Final: Magnetisation = (0.055876,-0.056816), Energy = -1.047327 
<M> = (0.155170,-0.005114), <E> = -1.088523 

T=1.230000	 Thermalizing iterations... 
Done.
Thermalized Magnetisation = (0.171698,0.109570), Energy = -1.115714 
Averaging iterations... h=0.031250,0.000000
Done.
Final: Magnetisation = (0.119569,-0.102757), Energy = -1.032497 
<M> = (0.162071,-0.013568), <E> = -1.098873 

T=1.220000	 Thermalizing iterations... 
Done.
Thermalized Magnetisation = (0.152229,0.000021), Energy = -1.103538 
Averaging iterations... h=0.031250,0.000000
Done.
Final: Magnetisation = (0.165177,-0.013571), Energy = -1.130775 
<M> = (0.160469,-0.010030), <E> = -1.108267 

T=1.210000	 Thermalizing iterations... 
Done.
Thermalized Magnetisation = (0.161348,0.067281), Energy = -1.077347 
Averaging iterations... h=0.031250,0.000000
Done.
Final: Magnetisation = (0.148821,0.003137), Energy = -1.147492 
<M> = (0.173386,-0.004294), <E> = -1.120895 

T=1.200000	 Thermalizing iterations... 
Done.
Thermalized Magnetisation = (0.246323,-0.077720), Energy = -1.137789 
Averaging iterations... h=0.031250,0.000000
Done.
Final: Magnetisation = (0.191056,0.021994), Energy = -1.150935 
<M> = (0.174578,0.006175), <E> = -1.130265 

T=1.190000	 Thermalizing iterations... 
Done.
Thermalized Magnetisation = (0.205771,0.016334), Energy = -1.124428 
Averaging iterations... h=0.031250,0.000000
Done.
Final: Magnetisation = (0.158111,-0.119183), Energy = -1.132305 
<M> = (0.182137,0.000798), <E> = -1.141567 

T=1.180000	 Thermalizing iterations... 
Done.
Thermalized Magnetisation = (0.182348,-0.098209), Energy = -1.152984 
Averaging iterations... h=0.031250,0.000000
Done.
Final: Magnetisation = (0.201741,0.005476), Energy = -1.118861 
<M> = (0.186416,-0.010953), <E> = -1.153239 

T=1.170000	 Thermalizing iterations... 
Done.
Thermalized Magnetisation = (0.115556,0.072655), Energy = -1.165282 
Averaging iterations... h=0.031250,0.000000
Done.
Final: Magnetisation = (0.171890,0.173507), Energy = -1.175822 
<M> = (0.194189,-0.003891), <E> = -1.164820 

T=1.160000	 Thermalizing iterations... 
Done.
Thermalized Magnetisation = (0.233908,-0.168265), Energy = -1.214363 
Averaging iterations... h=0.031250,0.000000
Done.
Final: Magnetisation = (0.191528,-0.091940), Energy = -1.175758 
<M> = (0.196237,-0.020951), <E> = -1.178165 

T=1.150000	 Thermalizing iterations... 
Done.
Thermalized Magnetisation = (0.184305,-0.131535), Energy = -1.235177 
Averaging iterations... h=0.031250,0.000000
Done.
Final: Magnetisation = (0.218816,0.051973), Energy = -1.194827 
<M> = (0.200838,-0.017380), <E> = -1.189168 

T=1.140000	 Thermalizing iterations... 
Done.
Thermalized Magnetisation = (0.176188,-0.074075), Energy = -1.209370 
Averaging iterations... h=0.031250,0.000000
Done.
Final: Magnetisation = (0.250955,-0.074344), Energy = -1.190559 
<M> = (0.214443,-0.013088), <E> = -1.202462 

T=1.130000	 Thermalizing iterations... 
Done.
Thermalized Magnetisation = (0.150983,0.058816), Energy = -1.179660 
Averaging iterations... h=0.031250,0.000000
Done.
Final: Magnetisation = (0.213344,0.114437), Energy = -1.202580 
<M> = (0.217004,-0.001980), <E> = -1.212375 

T=1.120000	 Thermalizing iterations... 
Done.
Thermalized Magnetisation = (0.191433,0.028548), Energy = -1.230586 
Averaging iterations... h=0.031250,0.000000
Done.
Final: Magnetisation = (0.171068,-0.144094), Energy = -1.229050 
<M> = (0.226691,0.002573), <E> = -1.223482 

T=1.110000	 Thermalizing iterations... 
Done.
Thermalized Magnetisation = (0.257558,-0.034020), Energy = -1.229538 
Averaging iterations... h=0.031250,0.000000
Done.
Final: Magnetisation = (0.196973,0.065584), Energy = -1.231079 
<M> = (0.229794,0.015858), <E> = -1.235647 

T=1.100000	 Thermalizing iterations... 
Done.
Thermalized Magnetisation = (0.184865,-0.131661), Energy = -1.269302 
Averaging iterations... h=0.031250,0.000000
Done.
Final: Magnetisation = (0.201946,-0.013954), Energy = -1.255786 
<M> = (0.230628,-0.003233), <E> = -1.248109 

T=1.090000	 Thermalizing iterations... 
Done.
Thermalized Magnetisation = (0.247200,-0.031638), Energy = -1.285062 
Averaging iterations... h=0.031250,0.000000
Done.
Final: Magnetisation = (0.188140,0.010320), Energy = -1.259720 
<M> = (0.242614,-0.015499), <E> = -1.260964 

T=1.080000	 Thermalizing iterations... 
Done.
Thermalized Magnetisation = (0.277928,-0.001886), Energy = -1.265536 
Averaging iterations... h=0.031250,0.000000
Done.
Final: Magnetisation = (0.281057,-0.000824), Energy = -1.274350 
<M> = (0.247444,-0.034739), <E> = -1.272869 

T=1.070000	 Thermalizing iterations... 
Done.
Thermalized Magnetisation = (0.323146,0.129147), Energy = -1.304282 
Averaging iterations... h=0.031250,0.000000
Done.
Final: Magnetisation = (0.235340,0.074229), Energy = -1.254951 
<M> = (0.249226,-0.020962), <E> = -1.286280 

T=1.060000	 Thermalizing iterations... 
Done.
Thermalized Magnetisation = (0.254279,0.053961), Energy = -1.305124 
Averaging iterations... h=0.031250,0.000000
Done.
Final: Magnetisation = (0.302043,-0.141237), Energy = -1.320092 
<M> = (0.262037,-0.001829), <E> = -1.298029 

T=1.050000	 Thermalizing iterations... 
Done.
Thermalized Magnetisation = (0.268336,-0.105090), Energy = -1.324350 
Averaging iterations... h=0.031250,0.000000
Done.
Final: Magnetisation = (0.228531,0.036616), Energy = -1.299560 
<M> = (0.268413,0.008667), <E> = -1.309911 

T=1.040000	 Thermalizing iterations... 
Done.
Thermalized Magnetisation = (0.223863,0.080829), Energy = -1.318414 
Averaging iterations... h=0.031250,0.000000
Done.
Final: Magnetisation = (0.230118,-0.028961), Energy = -1.330725 
<M> = (0.264661,0.011536), <E> = -1.321993 

T=1.030000	 Thermalizing iterations... 
Done.
Thermalized Magnetisation = (0.272839,-0.159213), Energy = -1.297675 
Averaging iterations... h=0.031250,0.000000
Done.
Final: Magnetisation = (0.244075,0.138035), Energy = -1.354866 
<M> = (0.280438,-0.021725), <E> = -1.334245 

T=1.020000	 Thermalizing iterations... 
Done.
Thermalized Magnetisation = (0.296984,-0.092497), Energy = -1.316988 
Averaging iterations... h=0.031250,0.000000
Done.
Final: Magnetisation = (0.243659,0.052339), Energy = -1.358772 
<M> = (0.285142,-0.065049), <E> = -1.345504 

T=1.010000	 Thermalizing iterations... 
Done.
Thermalized Magnetisation = (0.242374,-0.207107), Energy = -1.341538 
Averaging iterations... h=0.031250,0.000000
Done.
Final: Magnetisation = (0.289261,-0.114966), Energy = -1.360356 
<M> = (0.290261,-0.114543), <E> = -1.360188 

T=1.000000	 Thermalizing iterations... 
Done.
Thermalized Magnetisation = (0.279968,-0.365175), Energy = -1.398521 
Averaging iterations... h=0.031250,0.000000
Done.
Final: Magnetisation = (0.312301,-0.005461), Energy = -1.389818 
<M> = (0.290824,-0.136261), <E> = -1.371690 

T=0.990000	 Thermalizing iterations... 
Done.
Thermalized Magnetisation = (0.250472,-0.092502), Energy = -1.401928 
Averaging iterations... h=0.031250,0.000000
Done.
Final: Magnetisation = (0.316520,-0.106515), Energy = -1.378388 
<M> = (0.307902,-0.011287), <E> = -1.383992 

T=0.980000	 Thermalizing iterations... 
Done.
Thermalized Magnetisation = (0.277608,0.129650), Energy = -1.381669 
Averaging iterations... h=0.031250,0.000000
Done.
Final: Magnetisation = (0.363568,0.030795), Energy = -1.396189 
<M> = (0.303969,-0.014396), <E> = -1.395376 

T=0.970000	 Thermalizing iterations... 
Done.
Thermalized Magnetisation = (0.292706,-0.046868), Energy = -1.365118 
Averaging iterations... h=0.031250,0.000000
Done.
Final: Magnetisation = (0.287039,-0.126502), Energy = -1.419733 
<M> = (0.313996,-0.043158), <E> = -1.405539 

T=0.960000	 Thermalizing iterations... 
Done.
Thermalized Magnetisation = (0.304271,-0.213058), Energy = -1.432700 
Averaging iterations... h=0.031250,0.000000
Done.
Final: Magnetisation = (0.368262,0.003333), Energy = -1.399045 
<M> = (0.313541,-0.132036), <E> = -1.418207 

T=0.950000	 Thermalizing iterations... 
Done.
Thermalized Magnetisation = (0.273481,-0.385173), Energy = -1.427722 
Averaging iterations... h=0.031250,0.000000
Done.
Final: Magnetisation = (0.347554,-0.060097), Energy = -1.408073 
<M> = (0.316647,-0.139448), <E> = -1.432127 

T=0.940000	 Thermalizing iterations... 
Done.
Thermalized Magnetisation = (0.341527,-0.110827), Energy = -1.465437 
Averaging iterations... h=0.031250,0.000000
Done.
Final: Magnetisation = (0.301773,-0.004094), Energy = -1.421639 
<M> = (0.318205,-0.261559), <E> = -1.446962 

T=0.930000	 Thermalizing iterations... 
Done.
Thermalized Magnetisation = (0.324543,0.009917), Energy = -1.427190 
Averaging iterations... h=0.031250,0.000000
Done.
Final: Magnetisation = (0.325915,-0.375063), Energy = -1.448211 
<M> = (0.321305,-0.225049), <E> = -1.455590 

T=0.920000	 Thermalizing iterations... 
Done.
Thermalized Magnetisation = (0.365929,-0.340615), Energy = -1.487963 
Averaging iterations... h=0.031250,0.000000
Done.
Final: Magnetisation = (0.314129,-0.485986), Energy = -1.477995 
<M> = (0.330421,-0.323027), <E> = -1.469918 

T=0.910000	 Thermalizing iterations... 
Done.
Thermalized Magnetisation = (0.310049,-0.354497), Energy = -1.479938 
Averaging iterations... h=0.031250,0.000000
Done.
Final: Magnetisation = (0.322339,-0.326449), Energy = -1.471322 
<M> = (0.342668,-0.254868), <E> = -1.476811 

T=0.900000	 Thermalizing iterations... 
Done.
Thermalized Magnetisation = (0.352885,-0.349064), Energy = -1.483229 
Averaging iterations... h=0.031250,0.000000
Done.
Final: Magnetisation = (0.345838,-0.294810), Energy = -1.488198 
<M> = (0.335481,-0.316136), <E> = -1.489538 

T=0.890000	 Thermalizing iterations... 
Done.
Thermalized Magnetisation = (0.249724,-0.482263), Energy = -1.502921 
Averaging iterations... h=0.031250,0.000000
Done.
Final: Magnetisation = (0.334740,-0.388949), Energy = -1.502671 
<M> = (0.332114,-0.380011), <E> = -1.499401 

T=0.880000	 Thermalizing iterations... 
Done.
Thermalized Magnetisation = (0.260483,-0.506828), Energy = -1.509970 
Averaging iterations... h=0.031250,0.000000
Done.
Final: Magnetisation = (0.352371,-0.453394), Energy = -1.519195 
<M> = (0.326713,-0.439189), <E> = -1.512338 

T=0.870000	 Thermalizing iterations... 
Done.
Thermalized Magnetisation = (0.297289,-0.542730), Energy = -1.546239 
Averaging iterations... h=0.031250,0.000000
Done.
Final: Magnetisation = (0.346892,-0.454779), Energy = -1.521541 
<M> = (0.314235,-0.483005), <E> = -1.523138 

T=0.860000	 Thermalizing iterations... 
Done.
Thermalized Magnetisation = (0.336031,-0.299281), Energy = -1.547641 
Averaging iterations... h=0.031250,0.000000
Done.
Final: Magnetisation = (0.352406,-0.446566), Energy = -1.529386 
<M> = (0.308009,-0.464538), <E> = -1.532953 

T=0.850000	 Thermalizing iterations... 
Done.
Thermalized Magnetisation = (0.277594,-0.515993), Energy = -1.531631 
Averaging iterations... h=0.031250,0.000000
Done.
Final: Magnetisation = (0.292220,-0.521372), Energy = -1.539039 
<M> = (0.315509,-0.494713), <E> = -1.542694 

T=0.840000	 Thermalizing iterations... 
Done.
Thermalized Magnetisation = (0.261363,-0.618309), Energy = -1.563496 
Averaging iterations... h=0.031250,0.000000
Done.
Final: Magnetisation = (0.371872,-0.496785), Energy = -1.566162 
<M> = (0.323366,-0.503506), <E> = -1.551030 

T=0.830000	 Thermalizing iterations... 
Done.
Thermalized Magnetisation = (0.361615,-0.426578), Energy = -1.567281 
Averaging iterations... h=0.031250,0.000000
Done.
Final: Magnetisation = (0.342524,-0.506678), Energy = -1.571854 
<M> = (0.336124,-0.502296), <E> = -1.559080 

T=0.820000	 Thermalizing iterations... 
Done.
Thermalized Magnetisation = (0.258235,-0.549558), Energy = -1.555988 
Averaging iterations... h=0.031250,0.000000
Done.
Final: Magnetisation = (0.355342,-0.486330), Energy = -1.555182 
<M> = (0.325331,-0.516418), <E> = -1.567553 

T=0.810000	 Thermalizing iterations... 
Done.
Thermalized Magnetisation = (0.274546,-0.616252), Energy = -1.559108 
Averaging iterations... h=0.031250,0.000000
Done.
Final: Magnetisation = (0.315424,-0.545956), Energy = -1.559113 
<M> = (0.329766,-0.512618), <E> = -1.576031 

T=0.800000	 Thermalizing iterations... 
Done.
Thermalized Magnetisation = (0.280139,-0.599162), Energy = -1.582601 
Averaging iterations... h=0.031250,0.000000
Done.
Final: Magnetisation = (0.330376,-0.530288), Energy = -1.577018 
<M> = (0.320261,-0.542859), <E> = -1.585729 

T=0.790000	 Thermalizing iterations... 
Done.
Thermalized Magnetisation = (0.257842,-0.535475), Energy = -1.602787 
Averaging iterations... h=0.031250,0.000000
Done.
Final: Magnetisation = (0.302570,-0.557905), Energy = -1.618447 
<M> = (0.316118,-0.550002), <E> = -1.595068 

T=0.780000	 Thermalizing iterations... 
Done.
Thermalized Magnetisation = (0.337779,-0.560690), Energy = -1.592496 
Averaging iterations... h=0.031250,0.000000
Done.
Final: Magnetisation = (0.288123,-0.571545), Energy = -1.593106 
<M> = (0.310743,-0.564356), <E> = -1.602197 

T=0.770000	 Thermalizing iterations... 
Done.
Thermalized Magnetisation = (0.390834,-0.480204), Energy = -1.606895 
Averaging iterations... h=0.031250,0.000000
Done.
Final: Magnetisation = (0.242893,-0.611464), Energy = -1.613455 
<M> = (0.324492,-0.563333), <E> = -1.610407 

T=0.760000	 Thermalizing iterations... 
Done.
Thermalized Magnetisation = (0.294872,-0.576610), Energy = -1.588938 
Averaging iterations... h=0.031250,0.000000
Done.
Final: Magnetisation = (0.326387,-0.559178), Energy = -1.633607 
<M> = (0.338559,-0.516402), <E> = -1.616293 

T=0.750000	 Thermalizing iterations... 
Done.
Thermalized Magnetisation = (0.346553,-0.494238), Energy = -1.616621 
Averaging iterations... h=0.031250,0.000000
Done.
Final: Magnetisation = (0.264804,-0.635649), Energy = -1.632165 
<M> = (0.341352,-0.537335), <E> = -1.623722 

T=0.740000	 Thermalizing iterations... 
Done.
Thermalized Magnetisation = (0.326743,-0.641597), Energy = -1.643033 
Averaging iterations... h=0.031250,0.000000
Done.
Final: Magnetisation = (0.298659,-0.623398), Energy = -1.637290 
<M> = (0.321702,-0.589249), <E> = -1.632897 

T=0.730000	 Thermalizing iterations... 
Done.
Thermalized Magnetisation = (0.354545,-0.557700), Energy = -1.637826 
Averaging iterations... h=0.031250,0.000000
Done.
Final: Magnetisation = (0.307182,-0.606605), Energy = -1.646966 
<M> = (0.318572,-0.599181), <E> = -1.640775 

T=0.720000	 Thermalizing iterations... 
Done.
Thermalized Magnetisation = (0.355735,-0.583382), Energy = -1.630320 
Averaging iterations... h=0.031250,0.000000
Done.
Final: Magnetisation = (0.297658,-0.627977), Energy = -1.650378 
<M> = (0.308727,-0.608852), <E> = -1.648691 

T=0.710000	 Thermalizing iterations... 
Done.
Thermalized Magnetisation = (0.320556,-0.619758), Energy = -1.646961 
Averaging iterations... h=0.031250,0.000000
Done.
Final: Magnetisation = (0.284139,-0.618698), Energy = -1.672121 
<M> = (0.309820,-0.611457), <E> = -1.655843 

T=0.700000	 Thermalizing iterations... 
Done.
Thermalized Magnetisation = (0.252761,-0.678373), Energy = -1.667868 
Averaging iterations... h=0.031250,0.000000
Done.
Final: Magnetisation = (0.275998,-0.655837), Energy = -1.655671 
<M> = (0.304035,-0.631080), <E> = -1.663363 

T=0.690000	 Thermalizing iterations... 
Done.
Thermalized Magnetisation = (0.331141,-0.591159), Energy = -1.666966 
Averaging iterations... h=0.031250,0.000000
Done.
Final: Magnetisation = (0.286366,-0.666937), Energy = -1.665762 
<M> = (0.314010,-0.624732), <E> = -1.669964 

T=0.680000	 Thermalizing iterations... 
Done.
Thermalized Magnetisation = (0.249228,-0.639955), Energy = -1.669644 
Averaging iterations... h=0.031250,0.000000
Done.
Final: Magnetisation = (0.282459,-0.617894), Energy = -1.689085 
<M> = (0.330092,-0.613546), <E> = -1.676214 

T=0.670000	 Thermalizing iterations... 
Done.
Thermalized Magnetisation = (0.279605,-0.644562), Energy = -1.670640 
Averaging iterations... h=0.031250,0.000000
Done.
Final: Magnetisation = (0.377576,-0.602783), Energy = -1.704745 
<M> = (0.322860,-0.620661), <E> = -1.683232 

T=0.660000	 Thermalizing iterations... 
Done.
Thermalized Magnetisation = (0.286836,-0.614777), Energy = -1.684857 
Averaging iterations... h=0.031250,0.000000
Done.
Final: Magnetisation = (0.347163,-0.580321), Energy = -1.686582 
<M> = (0.322635,-0.632202), <E> = -1.690379 

T=0.650000	 Thermalizing iterations... 
Done.
Thermalized Magnetisation = (0.275002,-0.663139), Energy = -1.700187 
Averaging iterations... h=0.031250,0.000000
Done.
Final: Magnetisation = (0.278037,-0.672985), Energy = -1.693968 
<M> = (0.320427,-0.633677), <E> = -1.697278 

T=0.640000	 Thermalizing iterations... 
Done.
Thermalized Magnetisation = (0.299705,-0.699178), Energy = -1.719741 
Averaging iterations... h=0.031250,0.000000
Done.
Final: Magnetisation = (0.341860,-0.622806), Energy = -1.702808 
<M> = (0.303266,-0.654558), <E> = -1.704717 

T=0.630000	 Thermalizing iterations... 
Done.
Thermalized Magnetisation = (0.266117,-0.690343), Energy = -1.706820 
Averaging iterations... h=0.031250,0.000000
Done.
Final: Magnetisation = (0.276927,-0.678967), Energy = -1.714146 
<M> = (0.307621,-0.655894), <E> = -1.711227 

T=0.620000	 Thermalizing iterations... 
Done.
Thermalized Magnetisation = (0.259185,-0.690455), Energy = -1.724809 
Averaging iterations... h=0.031250,0.000000
Done.
Final: Magnetisation = (0.339672,-0.663282), Energy = -1.722229 
<M> = (0.317954,-0.647188), <E> = -1.717321 

T=0.610000	 Thermalizing iterations... 
Done.
Thermalized Magnetisation = (0.288742,-0.658730), Energy = -1.726912 
Averaging iterations... h=0.031250,0.000000
Done.
Final: Magnetisation = (0.330733,-0.645322), Energy = -1.722522 
<M> = (0.326407,-0.647491), <E> = -1.723350 

T=0.600000	 Thermalizing iterations... 
Done.
Thermalized Magnetisation = (0.326882,-0.655640), Energy = -1.735986 
Averaging iterations... h=0.031250,0.000000
Done.
Final: Magnetisation = (0.349492,-0.656740), Energy = -1.725956 
<M> = (0.320524,-0.655680), <E> = -1.729843 

T=0.590000	 Thermalizing iterations... 
Done.
Thermalized Magnetisation = (0.305678,-0.671580), Energy = -1.729194 
Averaging iterations... h=0.031250,0.000000
Done.
Final: Magnetisation = (0.320881,-0.670085), Energy = -1.748301 
<M> = (0.331016,-0.654339), <E> = -1.736194 

T=0.580000	 Thermalizing iterations... 
Done.
Thermalized Magnetisation = (0.391522,-0.641399), Energy = -1.756565 
Averaging iterations... h=0.031250,0.000000
Done.
Final: Magnetisation = (0.305450,-0.650047), Energy = -1.750715 
<M> = (0.316983,-0.669111), <E> = -1.742981 

T=0.570000	 Thermalizing iterations... 
Done.
Thermalized Magnetisation = (0.291900,-0.680526), Energy = -1.750053 
Averaging iterations... h=0.031250,0.000000
Done.
Final: Magnetisation = (0.363201,-0.633160), Energy = -1.747758 
<M> = (0.309205,-0.679692), <E> = -1.749874 

T=0.560000	 Thermalizing iterations... 
Done.
Thermalized Magnetisation = (0.328515,-0.666647), Energy = -1.757176 
Averaging iterations... h=0.031250,0.000000
Done.
Final: Magnetisation = (0.325156,-0.665542), Energy = -1.757049 
<M> = (0.305240,-0.684544), <E> = -1.756108 

T=0.550000	 Thermalizing iterations... 
Done.
Thermalized Magnetisation = (0.334947,-0.655412), Energy = -1.766374 
Averaging iterations... h=0.031250,0.000000
Done.
Final: Magnetisation = (0.339423,-0.675990), Energy = -1.759878 
<M> = (0.312372,-0.685559), <E> = -1.762321 

T=0.540000	 Thermalizing iterations... 
Done.
Thermalized Magnetisation = (0.369355,-0.656027), Energy = -1.775617 
Averaging iterations... h=0.031250,0.000000
Done.
Final: Magnetisation = (0.302452,-0.711986), Energy = -1.768057 
<M> = (0.320870,-0.679531), <E> = -1.767794 

T=0.530000	 Thermalizing iterations... 
Done.
Thermalized Magnetisation = (0.354795,-0.673315), Energy = -1.776256 
Averaging iterations... h=0.031250,0.000000
Done.
Final: Magnetisation = (0.298884,-0.705766), Energy = -1.778452 
<M> = (0.324929,-0.681400), <E> = -1.773645 

T=0.520000	 Thermalizing iterations... 
Done.
Thermalized Magnetisation = (0.320950,-0.664243), Energy = -1.777612 
Averaging iterations... h=0.031250,0.000000
Done.
Final: Magnetisation = (0.318189,-0.694684), Energy = -1.780317 
<M> = (0.320816,-0.688855), <E> = -1.779709 

T=0.510000	 Thermalizing iterations... 
Done.
Thermalized Magnetisation = (0.292647,-0.711575), Energy = -1.784723 
Averaging iterations... h=0.031250,0.000000
Done.
Final: Magnetisation = (0.356867,-0.678628), Energy = -1.789136 
<M> = (0.316164,-0.696155), <E> = -1.786117 

T=0.500000	 Thermalizing iterations... 
Done.
Thermalized Magnetisation = (0.290211,-0.745397), Energy = -1.794932 
Averaging iterations... h=0.031250,0.000000
Done.
Final: Magnetisation = (0.275906,-0.724153), Energy = -1.797512 
<M> = (0.309689,-0.703490), <E> = -1.792496 

T=0.490000	 Thermalizing iterations... 
Done.
Thermalized Magnetisation = (0.240274,-0.749466), Energy = -1.799856 
Averaging iterations... h=0.031250,0.000000
Done.
Final: Magnetisation = (0.328939,-0.714505), Energy = -1.795871 
<M> = (0.309961,-0.706944), <E> = -1.798818 

T=0.480000	 Thermalizing iterations... 
Done.
Thermalized Magnetisation = (0.363961,-0.684314), Energy = -1.806902 
Averaging iterations... h=0.031250,0.000000
Done.
Final: Magnetisation = (0.319690,-0.667583), Energy = -1.793298 
<M> = (0.305304,-0.714528), <E> = -1.804746 

T=0.470000	 Thermalizing iterations... 
Done.
Thermalized Magnetisation = (0.341909,-0.703778), Energy = -1.816973 
Averaging iterations... h=0.031250,0.000000
Done.
Final: Magnetisation = (0.313298,-0.718889), Energy = -1.818376 
<M> = (0.320274,-0.706343), <E> = -1.810305 

T=0.460000	 Thermalizing iterations... 
Done.
Thermalized Magnetisation = (0.342467,-0.704556), Energy = -1.805977 
Averaging iterations... h=0.031250,0.000000
Done.
Final: Magnetisation = (0.320288,-0.704237), Energy = -1.805801 
<M> = (0.327851,-0.703365), <E> = -1.815734 

T=0.450000	 Thermalizing iterations... 
Done.
Thermalized Magnetisation = (0.317914,-0.720359), Energy = -1.817635 
Averaging iterations... h=0.031250,0.000000
Done.
Final: Magnetisation = (0.347173,-0.687198), Energy = -1.816585 
<M> = (0.325502,-0.710028), <E> = -1.821594 

T=0.440000	 Thermalizing iterations... 
Done.
Thermalized Magnetisation = (0.278672,-0.739756), Energy = -1.828350 
Averaging iterations... h=0.031250,0.000000
Done.
Final: Magnetisation = (0.346845,-0.695319), Energy = -1.832564 
<M> = (0.319588,-0.718714), <E> = -1.827545 

T=0.430000	 Thermalizing iterations... 
Done.
Thermalized Magnetisation = (0.279041,-0.742907), Energy = -1.834946 
Averaging iterations... h=0.031250,0.000000
Done.
Final: Magnetisation = (0.307877,-0.712519), Energy = -1.821815 
<M> = (0.318401,-0.723290), <E> = -1.833747 

T=0.420000	 Thermalizing iterations... 
Done.
Thermalized Magnetisation = (0.326003,-0.737396), Energy = -1.840030 
Averaging iterations... h=0.031250,0.000000
Done.
Final: Magnetisation = (0.308753,-0.737602), Energy = -1.842960 
<M> = (0.313113,-0.728996), <E> = -1.839642 

T=0.410000	 Thermalizing iterations... 
Done.
Thermalized Magnetisation = (0.344065,-0.721137), Energy = -1.848353 
Averaging iterations... h=0.031250,0.000000
Done.
Final: Magnetisation = (0.354769,-0.708801), Energy = -1.839462 
<M> = (0.310588,-0.735242), <E> = -1.845363 

T=0.400000	 Thermalizing iterations... 
Done.
Thermalized Magnetisation = (0.299894,-0.735807), Energy = -1.845098 
Averaging iterations... h=0.031250,0.000000
Done.
Final: Magnetisation = (0.288037,-0.755986), Energy = -1.851844 
<M> = (0.316958,-0.734465), <E> = -1.850878 

T=0.390000	 Thermalizing iterations... 
Done.
Thermalized Magnetisation = (0.322409,-0.720982), Energy = -1.856056 
Averaging iterations... h=0.031250,0.000000
Done.
Final: Magnetisation = (0.320820,-0.738190), Energy = -1.846550 
<M> = (0.321523,-0.733971), <E> = -1.856464 

T=0.380000	 Thermalizing iterations... 
Done.
Thermalized Magnetisation = (0.297508,-0.736707), Energy = -1.858615 
Averaging iterations... h=0.031250,0.000000
Done.
Final: Magnetisation = (0.294276,-0.746150), Energy = -1.865716 
<M> = (0.327283,-0.731019), <E> = -1.861806 

T=0.370000	 Thermalizing iterations... 
Done.
Thermalized Magnetisation = (0.334857,-0.750940), Energy = -1.871637 
Averaging iterations... h=0.031250,0.000000
Done.
Final: Magnetisation = (0.356114,-0.725042), Energy = -1.868367 
<M> = (0.322345,-0.739361), <E> = -1.867741 

T=0.360000	 Thermalizing iterations... 
Done.
Thermalized Magnetisation = (0.289997,-0.757619), Energy = -1.871390 
Averaging iterations... h=0.031250,0.000000
Done.
Final: Magnetisation = (0.345498,-0.735781), Energy = -1.872011 
<M> = (0.326810,-0.740751), <E> = -1.873461 

T=0.350000	 Thermalizing iterations... 
Done.
Thermalized Magnetisation = (0.318639,-0.745067), Energy = -1.877959 
Averaging iterations... h=0.031250,0.000000
Done.
Final: Magnetisation = (0.307673,-0.741695), Energy = -1.875782 
<M> = (0.313811,-0.752868), <E> = -1.879372 

T=0.340000	 Thermalizing iterations... 
Done.
Thermalized Magnetisation = (0.325473,-0.748814), Energy = -1.884408 
Averaging iterations... h=0.031250,0.000000
Done.
Final: Magnetisation = (0.332281,-0.744316), Energy = -1.887462 
<M> = (0.309455,-0.756797), <E> = -1.885011 

T=0.330000	 Thermalizing iterations... 
Done.
Thermalized Magnetisation = (0.327906,-0.754353), Energy = -1.887495 
Averaging iterations... h=0.031250,0.000000
Done.
Final: Magnetisation = (0.303653,-0.753835), Energy = -1.890953 
<M> = (0.316830,-0.757024), <E> = -1.890480 

T=0.320000	 Thermalizing iterations... 
Done.
Thermalized Magnetisation = (0.324313,-0.764047), Energy = -1.893326 
Averaging iterations... h=0.031250,0.000000
Done.
Final: Magnetisation = (0.304827,-0.762745), Energy = -1.898967 
<M> = (0.322889,-0.755791), <E> = -1.895761 

T=0.310000	 Thermalizing iterations... 
Done.
Thermalized Magnetisation = (0.313687,-0.755746), Energy = -1.898487 
Averaging iterations... h=0.031250,0.000000
Done.
Final: Magnetisation = (0.329461,-0.753544), Energy = -1.898691 
<M> = (0.321147,-0.757523), <E> = -1.901059 

T=0.300000	 Thermalizing iterations... 
Done.
Thermalized Magnetisation = (0.318456,-0.767928), Energy = -1.904902 
Averaging iterations... h=0.031250,0.000000
Done.
Final: Magnetisation = (0.349275,-0.730254), Energy = -1.906689 
<M> = (0.326285,-0.759428), <E> = -1.906631 

T=0.290000	 Thermalizing iterations... 
Done.
Thermalized Magnetisation = (0.320131,-0.769660), Energy = -1.911799 
Averaging iterations... h=0.031250,0.000000
Done.
Final: Magnetisation = (0.306552,-0.776386), Energy = -1.914090 
<M> = (0.325287,-0.763411), <E> = -1.912254 

T=0.280000	 Thermalizing iterations... 
Done.
Thermalized Magnetisation = (0.322309,-0.769193), Energy = -1.918559 
Averaging iterations... h=0.031250,0.000000
Done.
Final: Magnetisation = (0.307214,-0.773895), Energy = -1.913197 
<M> = (0.318632,-0.767948), <E> = -1.917581 

T=0.270000	 Thermalizing iterations... 
Done.
Thermalized Magnetisation = (0.296225,-0.777538), Energy = -1.923547 
Averaging iterations... h=0.031250,0.000000
Done.
Final: Magnetisation = (0.329758,-0.776123), Energy = -1.917738 
<M> = (0.317883,-0.775422), <E> = -1.923338 

T=0.260000	 Thermalizing iterations... 
Done.
Thermalized Magnetisation = (0.312919,-0.774553), Energy = -1.928975 
Averaging iterations... h=0.031250,0.000000
Done.
Final: Magnetisation = (0.287284,-0.779525), Energy = -1.928569 
<M> = (0.317826,-0.778370), <E> = -1.928743 

T=0.250000	 Thermalizing iterations... 
Done.
Thermalized Magnetisation = (0.331372,-0.781302), Energy = -1.936773 
Averaging iterations... h=0.031250,0.000000
Done.
Final: Magnetisation = (0.311559,-0.779051), Energy = -1.936111 
<M> = (0.320496,-0.779092), <E> = -1.933949 

T=0.240000	 Thermalizing iterations... 
Done.
Thermalized Magnetisation = (0.326314,-0.760280), Energy = -1.941641 
Averaging iterations... h=0.031250,0.000000
Done.
Final: Magnetisation = (0.332417,-0.782266), Energy = -1.939367 
<M> = (0.325308,-0.777757), <E> = -1.939200 

T=0.230000	 Thermalizing iterations... 
Done.
Thermalized Magnetisation = (0.311766,-0.780181), Energy = -1.944980 
Averaging iterations... h=0.031250,0.000000
Done.
Final: Magnetisation = (0.304565,-0.783957), Energy = -1.942437 
<M> = (0.322039,-0.782025), <E> = -1.944539 

T=0.220000	 Thermalizing iterations... 
Done.
Thermalized Magnetisation = (0.360256,-0.766213), Energy = -1.946539 
Averaging iterations... h=0.031250,0.000000
Done.
Final: Magnetisation = (0.343491,-0.779834), Energy = -1.948782 
<M> = (0.323546,-0.785556), <E> = -1.949951 

T=0.210000	 Thermalizing iterations... 
Done.
Thermalized Magnetisation = (0.318643,-0.785099), Energy = -1.954431 
Averaging iterations... h=0.031250,0.000000
Done.
Final: Magnetisation = (0.307479,-0.798297), Energy = -1.957322 
<M> = (0.317022,-0.791245), <E> = -1.955206 

T=0.200000	 Thermalizing iterations... 
Done.
Thermalized Magnetisation = (0.338370,-0.787164), Energy = -1.959417 
Averaging iterations... h=0.031250,0.000000
Done.
Final: Magnetisation = (0.326707,-0.793950), Energy = -1.958888 
<M> = (0.320554,-0.792424), <E> = -1.960597 

T=0.190000	 Thermalizing iterations... 
Done.
Thermalized Magnetisation = (0.332070,-0.795155), Energy = -1.964598 
Averaging iterations... h=0.031250,0.000000
Done.
Final: Magnetisation = (0.332538,-0.791382), Energy = -1.968816 
<M> = (0.317068,-0.797722), <E> = -1.965953 

T=0.180000	 Thermalizing iterations... 
Done.
Thermalized Magnetisation = (0.303526,-0.793840), Energy = -1.975816 
Averaging iterations... h=0.031250,0.000000
Done.
Final: Magnetisation = (0.310647,-0.800168), Energy = -1.970429 
<M> = (0.323853,-0.798601), <E> = -1.971240 

T=0.170000	 Thermalizing iterations... 
Done.
Thermalized Magnetisation = (0.328106,-0.802159), Energy = -1.973704 
Averaging iterations... h=0.031250,0.000000
Done.
Final: Magnetisation = (0.311084,-0.805656), Energy = -1.974824 
<M> = (0.325113,-0.798594), <E> = -1.976424 

T=0.160000	 Thermalizing iterations... 
Done.
Thermalized Magnetisation = (0.317601,-0.800917), Energy = -1.981533 
Averaging iterations... h=0.031250,0.000000
Done.
Final: Magnetisation = (0.320051,-0.803877), Energy = -1.983487 
<M> = (0.322020,-0.801343), <E> = -1.981491 

T=0.150000	 Thermalizing iterations... 
Done.
Thermalized Magnetisation = (0.346633,-0.796479), Energy = -1.986272 
Averaging iterations... h=0.031250,0.000000
Done.
Final: Magnetisation = (0.325917,-0.811017), Energy = -1.986503 
<M> = (0.326181,-0.803630), <E> = -1.986756 

T=0.140000	 Thermalizing iterations... 
Done.
Thermalized Magnetisation = (0.316323,-0.809084), Energy = -1.992715 
Averaging iterations... h=0.031250,0.000000
Done.
Final: Magnetisation = (0.347258,-0.793302), Energy = -1.991848 
<M> = (0.318791,-0.808629), <E> = -1.992040 

T=0.130000	 Thermalizing iterations... 
Done.
Thermalized Magnetisation = (0.326114,-0.811638), Energy = -1.999912 
Averaging iterations... h=0.031250,0.000000
Done.
Final: Magnetisation = (0.318095,-0.814697), Energy = -1.996589 
<M> = (0.323413,-0.810154), <E> = -1.997171 

T=0.120000	 Thermalizing iterations... 
Done.
Thermalized Magnetisation = (0.346953,-0.814772), Energy = -2.001153 
Averaging iterations... h=0.031250,0.000000
Done.
Final: Magnetisation = (0.341622,-0.809632), Energy = -2.001656 
<M> = (0.324002,-0.813541), <E> = -2.002382 

T=0.110000	 Thermalizing iterations... 
Done.
Thermalized Magnetisation = (0.342393,-0.808938), Energy = -2.009041 
Averaging iterations... h=0.031250,0.000000
Done.
Final: Magnetisation = (0.318952,-0.817526), Energy = -2.007481 
<M> = (0.323868,-0.816119), <E> = -2.007531 

T=0.100000	 Thermalizing iterations... 
Done.
Thermalized Magnetisation = (0.317322,-0.818083), Energy = -2.014785 
Averaging iterations... h=0.031250,0.000000
Done.
Final: Magnetisation = (0.314342,-0.816298), Energy = -2.012964 
<M> = (0.319962,-0.818685), <E> = -2.012648 

T=0.090000	 Thermalizing iterations... 
Done.
Thermalized Magnetisation = (0.327716,-0.818063), Energy = -2.016350 
Averaging iterations... h=0.031250,0.000000
Done.
Final: Magnetisation = (0.308144,-0.824516), Energy = -2.016758 
<M> = (0.325339,-0.820243), <E> = -2.017752 

T=0.080000	 Thermalizing iterations... 
Done.
Thermalized Magnetisation = (0.320544,-0.824783), Energy = -2.024251 
Averaging iterations... h=0.031250,0.000000
Done.
Final: Magnetisation = (0.323862,-0.824738), Energy = -2.024424 
<M> = (0.323620,-0.823351), <E> = -2.022844 

T=0.070000	 Thermalizing iterations... 
Done.
Thermalized Magnetisation = (0.325143,-0.826027), Energy = -2.028176 
Averaging iterations... h=0.031250,0.000000
Done.
Final: Magnetisation = (0.323719,-0.825614), Energy = -2.028193 
<M> = (0.322049,-0.826895), <E> = -2.027985 

T=0.060000	 Thermalizing iterations... 
Done.
Thermalized Magnetisation = (0.321592,-0.828583), Energy = -2.032039 
Averaging iterations... h=0.031250,0.000000
Done.
Final: Magnetisation = (0.327029,-0.829506), Energy = -2.032791 
<M> = (0.326464,-0.828239), <E> = -2.033076 

T=0.050000	 Thermalizing iterations... 
Done.
Thermalized Magnetisation = (0.323997,-0.831264), Energy = -2.038733 
Averaging iterations... h=0.031250,0.000000
Done.
Final: Magnetisation = (0.327968,-0.832671), Energy = -2.038484 
<M> = (0.323105,-0.831673), <E> = -2.038121 

T=0.040000	 Thermalizing iterations... 
Done.
Thermalized Magnetisation = (0.320686,-0.836010), Energy = -2.043256 
Averaging iterations... h=0.031250,0.000000
Done.
Final: Magnetisation = (0.318720,-0.835046), Energy = -2.043217 
<M> = (0.326615,-0.834601), <E> = -2.043197 

T=0.030000	 Thermalizing iterations... 
Done.
Thermalized Magnetisation = (0.322466,-0.837242), Energy = -2.048376 
Averaging iterations... h=0.031250,0.000000
Done.
Final: Magnetisation = (0.325519,-0.835005), Energy = -2.048059 
<M> = (0.324592,-0.836719), <E> = -2.048242 

T=0.020000	 Thermalizing iterations... 
Done.
Thermalized Magnetisation = (0.330497,-0.836433), Energy = -2.053113 
Averaging iterations... h=0.031250,0.000000
Done.
Final: Magnetisation = (0.317112,-0.843304), Energy = -2.053475 
<M> = (0.324953,-0.838518), <E> = -2.053262 

T=0.010000	 Thermalizing iterations... 
Done.
Thermalized Magnetisation = (0.324283,-0.842521), Energy = -2.058303 
Averaging iterations... h=0.031250,0.000000
Done.
Final: Magnetisation = (0.322386,-0.841298), Energy = -2.058156 
<M> = (0.326174,-0.840858), <E> = -2.058281 
Final Magnetisation = (0.322386,-0.841298), Energy = -2.058156 
------------------------

Updating all (first)black/(then)white checkerboard sites simultaneously.. 

ztne RFXY h rotating with |h|=0.031250 at T=0.000000..
loop 1

loop 2

CPU  Start Time = 5565154.799821 

CPU  End Time = 5574986.549784 

CPU Time elapsed total = 9831.749963 

real	163m51.779s
user	2927m27.161s
sys	1m39.094s
