nearest neighbor initialized. 
J loaded. 
h loaded. 
L = 64, dim_L = 2, dim_S = 2
hysteresis_MCS_multiplier = 10, hysteresis_MCS_max = 100
RAND_MAX = 2147483647.000000,
 sizeof(int) = 4,
 sizeof(long) = 8,
 sizeof(double) = 8,
 sizeof(long int) = 8,
 sizeof(short int) = 2,
 sizeof(unsigned int) = 4,
 sizeof(RAND_MAX) = 4

OpenMP Active.

No. of THREADS = 24
No. of PROCESSORS = 24

0.095561,-0.018522
order = ({1.000000-->-1.000000,0.000000}, 0, 1)
Initial Magnetisation = (0.095561,-0.018522), Energy = -0.075448 
Cooling... 
T=2.000000	 Thermalizing iterations... 
Done.
Thermalized Magnetisation = (-0.014155,0.075819), Energy = -0.556819 
Averaging iterations... h=0.071429,0.000000
Done.
Final: Magnetisation = (0.035356,0.029252), Energy = -0.721702 
<M> = (0.066433,0.001084), <E> = -0.629419 

T=1.950000	 Thermalizing iterations... 
Done.
Thermalized Magnetisation = (0.120886,-0.038757), Energy = -0.683465 
Averaging iterations... h=0.071429,0.000000
Done.
Final: Magnetisation = (-0.001218,0.126601), Energy = -0.639131 
<M> = (0.069320,-0.000680), <E> = -0.649664 

T=1.900000	 Thermalizing iterations... 
Done.
Thermalized Magnetisation = (0.024897,0.022318), Energy = -0.751538 
Averaging iterations... h=0.071429,0.000000
Done.
Final: Magnetisation = (0.188881,0.014288), Energy = -0.765862 
<M> = (0.076074,0.000220), <E> = -0.672054 

T=1.850000	 Thermalizing iterations... 
Done.
Thermalized Magnetisation = (0.128511,0.052125), Energy = -0.750704 
Averaging iterations... h=0.071429,0.000000
Done.
Final: Magnetisation = (0.087123,-0.012649), Energy = -0.779996 
<M> = (0.082604,0.001924), <E> = -0.693594 

T=1.800000	 Thermalizing iterations... 
Done.
Thermalized Magnetisation = (-0.000945,-0.058721), Energy = -0.718329 
Averaging iterations... h=0.071429,0.000000
Done.
Final: Magnetisation = (0.193729,-0.071137), Energy = -0.732123 
<M> = (0.089607,-0.000559), <E> = -0.716153 

T=1.750000	 Thermalizing iterations... 
Done.
Thermalized Magnetisation = (0.081469,-0.143766), Energy = -0.783549 
Averaging iterations... h=0.071429,0.000000
Done.
Final: Magnetisation = (0.085346,-0.047769), Energy = -0.607715 
<M> = (0.095647,0.000633), <E> = -0.741336 

T=1.700000	 Thermalizing iterations... 
Done.
Thermalized Magnetisation = (0.132880,0.112872), Energy = -0.738182 
Averaging iterations... h=0.071429,0.000000
Done.
Final: Magnetisation = (0.060296,-0.075129), Energy = -0.649676 
<M> = (0.105427,0.000870), <E> = -0.768065 

T=1.650000	 Thermalizing iterations... 
Done.
Thermalized Magnetisation = (0.225974,-0.006854), Energy = -0.862342 
Averaging iterations... h=0.071429,0.000000
Done.
Final: Magnetisation = (0.204128,-0.109089), Energy = -0.931605 
<M> = (0.114569,0.000040), <E> = -0.799011 

T=1.600000	 Thermalizing iterations... 
Done.
Thermalized Magnetisation = (0.098555,-0.072481), Energy = -0.777273 
Averaging iterations... h=0.071429,0.000000
Done.
Final: Magnetisation = (0.131380,-0.061735), Energy = -0.858642 
<M> = (0.123779,0.001683), <E> = -0.829518 

T=1.550000	 Thermalizing iterations... 
Done.
Thermalized Magnetisation = (0.123398,-0.077197), Energy = -0.866063 
Averaging iterations... h=0.071429,0.000000
Done.
Final: Magnetisation = (0.117724,-0.047931), Energy = -0.842320 
<M> = (0.139719,0.000762), <E> = -0.863361 

T=1.500000	 Thermalizing iterations... 
Done.
Thermalized Magnetisation = (0.018803,0.008215), Energy = -0.935151 
Averaging iterations... h=0.071429,0.000000
Done.
Final: Magnetisation = (-0.002906,0.044230), Energy = -0.873719 
<M> = (0.157575,0.000399), <E> = -0.900242 

T=1.450000	 Thermalizing iterations... 
Done.
Thermalized Magnetisation = (0.243461,0.007554), Energy = -0.981691 
Averaging iterations... h=0.071429,0.000000
Done.
Final: Magnetisation = (0.008193,0.063036), Energy = -0.891807 
<M> = (0.172337,0.001255), <E> = -0.939752 

T=1.400000	 Thermalizing iterations... 
Done.
Thermalized Magnetisation = (0.153739,0.022503), Energy = -1.044058 
Averaging iterations... h=0.071429,0.000000
Done.
Final: Magnetisation = (0.286665,0.043873), Energy = -0.966709 
<M> = (0.194930,0.002700), <E> = -0.983355 

T=1.350000	 Thermalizing iterations... 
Done.
Thermalized Magnetisation = (0.135230,-0.053083), Energy = -0.842839 
Averaging iterations... h=0.071429,0.000000
Done.
Final: Magnetisation = (0.339412,-0.059643), Energy = -1.068112 
<M> = (0.220448,0.001071), <E> = -1.030026 

T=1.300000	 Thermalizing iterations... 
Done.
Thermalized Magnetisation = (0.202186,-0.044399), Energy = -1.042648 
Averaging iterations... h=0.071429,0.000000
Done.
Final: Magnetisation = (0.250624,-0.187642), Energy = -1.081844 
<M> = (0.245828,-0.002044), <E> = -1.078665 

T=1.250000	 Thermalizing iterations... 
Done.
Thermalized Magnetisation = (0.296756,0.075463), Energy = -1.139595 
Averaging iterations... h=0.071429,0.000000
Done.
Final: Magnetisation = (0.279874,-0.227905), Energy = -1.127656 
<M> = (0.280290,-0.001652), <E> = -1.130373 

T=1.200000	 Thermalizing iterations... 
Done.
Thermalized Magnetisation = (0.289899,0.050595), Energy = -1.138300 
Averaging iterations... h=0.071429,0.000000
Done.
Final: Magnetisation = (0.226946,0.156635), Energy = -1.199534 
<M> = (0.311898,0.001785), <E> = -1.185171 

T=1.150000	 Thermalizing iterations... 
Done.
Thermalized Magnetisation = (0.239391,0.091075), Energy = -1.283468 
Averaging iterations... h=0.071429,0.000000
Done.
Final: Magnetisation = (0.284764,-0.028285), Energy = -1.209949 
<M> = (0.350474,0.007688), <E> = -1.242430 

T=1.100000	 Thermalizing iterations... 
Done.
Thermalized Magnetisation = (0.332427,-0.090996), Energy = -1.228746 
Averaging iterations... h=0.071429,0.000000
Done.
Final: Magnetisation = (0.432978,0.123824), Energy = -1.281004 
<M> = (0.386542,-0.002399), <E> = -1.300883 

T=1.050000	 Thermalizing iterations... 
Done.
Thermalized Magnetisation = (0.462090,-0.022980), Energy = -1.341969 
Averaging iterations... h=0.071429,0.000000
Done.
Final: Magnetisation = (0.383165,0.245843), Energy = -1.394431 
<M> = (0.426622,-0.000689), <E> = -1.356453 

T=1.000000	 Thermalizing iterations... 
Done.
Thermalized Magnetisation = (0.525969,-0.129705), Energy = -1.494052 
Averaging iterations... h=0.071429,0.000000
Done.
Final: Magnetisation = (0.414832,0.134273), Energy = -1.333074 
<M> = (0.470757,0.011971), <E> = -1.414506 

T=0.950000	 Thermalizing iterations... 
Done.
Thermalized Magnetisation = (0.579687,-0.060823), Energy = -1.456314 
Averaging iterations... h=0.071429,0.000000
Done.
Final: Magnetisation = (0.519826,-0.072387), Energy = -1.506420 
<M> = (0.501581,0.022271), <E> = -1.467366 

T=0.900000	 Thermalizing iterations... 
Done.
Thermalized Magnetisation = (0.554371,0.222352), Energy = -1.565885 
Averaging iterations... h=0.071429,0.000000
Done.
Final: Magnetisation = (0.445762,-0.084331), Energy = -1.438435 
<M> = (0.525301,0.078776), <E> = -1.518561 

T=0.850000	 Thermalizing iterations... 
Done.
Thermalized Magnetisation = (0.464839,-0.097808), Energy = -1.534452 
Averaging iterations... h=0.071429,0.000000
Done.
Final: Magnetisation = (0.547161,-0.169017), Energy = -1.562742 
<M> = (0.552743,-0.015246), <E> = -1.564555 

T=0.800000	 Thermalizing iterations... 
Done.
Thermalized Magnetisation = (0.498135,-0.065262), Energy = -1.544286 
Averaging iterations... h=0.071429,0.000000
Done.
Final: Magnetisation = (0.583295,0.004233), Energy = -1.576137 
<M> = (0.570835,-0.013610), <E> = -1.605658 

T=0.750000	 Thermalizing iterations... 
Done.
Thermalized Magnetisation = (0.652505,-0.272006), Energy = -1.663638 
Averaging iterations... h=0.071429,0.000000
Done.
Final: Magnetisation = (0.570347,-0.110934), Energy = -1.635234 
<M> = (0.590936,-0.170778), <E> = -1.645510 

T=0.700000	 Thermalizing iterations... 
Done.
Thermalized Magnetisation = (0.625723,-0.201858), Energy = -1.686937 
Averaging iterations... h=0.071429,0.000000
Done.
Final: Magnetisation = (0.648945,-0.140756), Energy = -1.685846 
<M> = (0.612168,-0.169643), <E> = -1.682563 

T=0.650000	 Thermalizing iterations... 
Done.
Thermalized Magnetisation = (0.605973,0.483700), Energy = -1.727568 
Averaging iterations... h=0.071429,0.000000
Done.
Final: Magnetisation = (0.721743,0.255793), Energy = -1.739391 
<M> = (0.594335,0.322757), <E> = -1.717840 

T=0.600000	 Thermalizing iterations... 
Done.
Thermalized Magnetisation = (0.581855,0.333685), Energy = -1.725591 
Averaging iterations... h=0.071429,0.000000
Done.
Final: Magnetisation = (0.606377,0.424701), Energy = -1.742982 
<M> = (0.609157,0.325361), <E> = -1.750273 

T=0.550000	 Thermalizing iterations... 
Done.
Thermalized Magnetisation = (0.499761,0.616456), Energy = -1.787223 
Averaging iterations... h=0.071429,0.000000
Done.
Final: Magnetisation = (0.578694,0.172436), Energy = -1.775585 
<M> = (0.629348,0.262060), <E> = -1.780843 

T=0.500000	 Thermalizing iterations... 
Done.
Thermalized Magnetisation = (0.633627,0.248977), Energy = -1.828684 
Averaging iterations... h=0.071429,0.000000
Done.
Final: Magnetisation = (0.607703,0.387133), Energy = -1.804050 
<M> = (0.628504,0.381875), <E> = -1.812290 

T=0.450000	 Thermalizing iterations... 
Done.
Thermalized Magnetisation = (0.673215,0.256123), Energy = -1.854607 
Averaging iterations... h=0.071429,0.000000
Done.
Final: Magnetisation = (0.639089,0.443466), Energy = -1.822302 
<M> = (0.621463,0.416722), <E> = -1.841335 

T=0.400000	 Thermalizing iterations... 
Done.
Thermalized Magnetisation = (0.597459,0.370372), Energy = -1.864102 
Averaging iterations... h=0.071429,0.000000
Done.
Final: Magnetisation = (0.608556,0.516585), Energy = -1.860649 
<M> = (0.622311,0.476840), <E> = -1.870426 

T=0.350000	 Thermalizing iterations... 
Done.
Thermalized Magnetisation = (0.629826,0.521241), Energy = -1.906638 
Averaging iterations... h=0.071429,0.000000
Done.
Final: Magnetisation = (0.608134,0.513954), Energy = -1.899239 
<M> = (0.630782,0.481891), <E> = -1.898900 

T=0.300000	 Thermalizing iterations... 
Done.
Thermalized Magnetisation = (0.649470,0.553011), Energy = -1.915190 
Averaging iterations... h=0.071429,0.000000
Done.
Final: Magnetisation = (0.603349,0.481860), Energy = -1.931290 
<M> = (0.644699,0.454601), <E> = -1.926095 

T=0.250000	 Thermalizing iterations... 
Done.
Thermalized Magnetisation = (0.631561,0.482418), Energy = -1.951763 
Averaging iterations... h=0.071429,0.000000
Done.
Final: Magnetisation = (0.600207,0.562802), Energy = -1.945678 
<M> = (0.643208,0.517622), <E> = -1.953417 

T=0.200000	 Thermalizing iterations... 
Done.
Thermalized Magnetisation = (0.606444,0.590878), Energy = -1.981888 
Averaging iterations... h=0.071429,0.000000
Done.
Final: Magnetisation = (0.640160,0.558116), Energy = -1.983417 
<M> = (0.640258,0.559408), <E> = -1.980293 

T=0.150000	 Thermalizing iterations... 
Done.
Thermalized Magnetisation = (0.629218,0.578840), Energy = -2.003547 
Averaging iterations... h=0.071429,0.000000
Done.
Final: Magnetisation = (0.668782,0.539243), Energy = -2.006968 
<M> = (0.642365,0.579158), <E> = -2.006490 

T=0.100000	 Thermalizing iterations... 
Done.
Thermalized Magnetisation = (0.642825,0.605992), Energy = -2.031253 
Averaging iterations... h=0.071429,0.000000
Done.
Final: Magnetisation = (0.638913,0.608425), Energy = -2.032115 
<M> = (0.647308,0.593524), <E> = -2.032377 

T=0.050000	 Thermalizing iterations... 
Done.
Thermalized Magnetisation = (0.644556,0.603226), Energy = -2.058002 
Averaging iterations... h=0.071429,0.000000
Done.
Final: Magnetisation = (0.645069,0.620839), Energy = -2.057873 
<M> = (0.644692,0.615120), <E> = -2.057879 
Final Magnetisation = (0.645069,0.620839), Energy = -2.057873 
------------------------

Updating all (first)black/(then)white checkerboard sites simultaneously.. 

ztne RFXY h rotating with |h|=0.071429 at T=0.000000..
loop 1

loop 2

Cooling protocol time (from T=2.000000 to T=0.000000) = 687.316418 

CPU Time elapsed total = 687.336945 
All done - 687 seconds elapsed.
