+ cd /home/sbasak/Exercises/OpenMP/XY_code/Z2/rotating_field/trial/config/config_40
+ export OMP_NUM_THREADS=28
+ OMP_NUM_THREADS=28
+ ./a_8.out
nearest neighbor initialized. 
h loaded. 
J loaded. 
L = 128, dim_L = 2, dim_S = 2
hysteresis_MCS_multiplier = 10, hysteresis_MCS_max = 100
RAND_MAX = 2147483647.000000,
 sizeof(int) = 4,
 sizeof(long) = 8,
 sizeof(double) = 8,
 sizeof(long int) = 8,
 sizeof(short int) = 2,
 sizeof(unsigned int) = 4,
 sizeof(RAND_MAX) = 4
No. of THREADS = 28
No. of PROCESSORS = 28

0.060890,0.021698
order = ({1.000000-->-1.000000,0.000000}, 0, 1)
Initial Magnetisation = (0.060890,0.021698), Energy = 0.021225 
Cooling... 
T=2.000000	 Thermalizing iterations... 
Done.
Thermalized Magnetisation = (0.061409,-0.018835), Energy = -0.578520 
Averaging iterations... h=0.062500,0.000000
Done.
Final: Magnetisation = (0.062259,-0.038846), Energy = -0.590944 
<M> = (0.055856,-0.000220), <E> = -0.613612 

T=1.990000	 Thermalizing iterations... 
Done.
Thermalized Magnetisation = (0.014672,0.029024), Energy = -0.635079 
Averaging iterations... h=0.062500,0.000000
Done.
Final: Magnetisation = (0.036999,0.014094), Energy = -0.645844 
<M> = (0.058182,-0.001423), <E> = -0.617873 

T=1.980000	 Thermalizing iterations... 
Done.
Thermalized Magnetisation = (0.056377,0.009546), Energy = -0.644488 
Averaging iterations... h=0.062500,0.000000
Done.
Final: Magnetisation = (0.080071,0.007329), Energy = -0.627691 
<M> = (0.057533,-0.001202), <E> = -0.622354 

T=1.970000	 Thermalizing iterations... 
Done.
Thermalized Magnetisation = (0.045615,0.020154), Energy = -0.647526 
Averaging iterations... h=0.062500,0.000000
Done.
Final: Magnetisation = (0.043361,-0.050924), Energy = -0.625586 
<M> = (0.058652,-0.002017), <E> = -0.626496 

T=1.960000	 Thermalizing iterations... 
Done.
Thermalized Magnetisation = (0.046049,-0.034176), Energy = -0.667811 
Averaging iterations... h=0.062500,0.000000
Done.
Final: Magnetisation = (0.054183,0.006694), Energy = -0.630948 
<M> = (0.060661,-0.000616), <E> = -0.629728 

T=1.950000	 Thermalizing iterations... 
Done.
Thermalized Magnetisation = (0.045273,0.000291), Energy = -0.634528 
Averaging iterations... h=0.062500,0.000000
Done.
Final: Magnetisation = (0.130133,0.004218), Energy = -0.663875 
<M> = (0.061809,-0.000142), <E> = -0.633288 

T=1.940000	 Thermalizing iterations... 
Done.
Thermalized Magnetisation = (0.108292,-0.005856), Energy = -0.621394 
Averaging iterations... h=0.062500,0.000000
Done.
Final: Magnetisation = (0.105409,0.018574), Energy = -0.631676 
<M> = (0.061022,0.000198), <E> = -0.636396 

T=1.930000	 Thermalizing iterations... 
Done.
Thermalized Magnetisation = (0.081889,0.001726), Energy = -0.656774 
Averaging iterations... h=0.062500,0.000000
Done.
Final: Magnetisation = (-0.026135,0.014490), Energy = -0.618018 
<M> = (0.061091,0.000609), <E> = -0.639630 

T=1.920000	 Thermalizing iterations... 
Done.
Thermalized Magnetisation = (0.041683,0.035819), Energy = -0.671789 
Averaging iterations... h=0.062500,0.000000
Done.
Final: Magnetisation = (0.060200,-0.021561), Energy = -0.644913 
<M> = (0.063157,-0.001663), <E> = -0.644429 

T=1.910000	 Thermalizing iterations... 
Done.
Thermalized Magnetisation = (0.006492,0.006979), Energy = -0.640921 
Averaging iterations... h=0.062500,0.000000
Done.
Final: Magnetisation = (0.047843,-0.016148), Energy = -0.680166 
<M> = (0.064528,-0.001095), <E> = -0.648925 

T=1.900000	 Thermalizing iterations... 
Done.
Thermalized Magnetisation = (0.131450,0.102450), Energy = -0.668793 
Averaging iterations... h=0.062500,0.000000
Done.
Final: Magnetisation = (0.025617,-0.006601), Energy = -0.639408 
<M> = (0.064928,-0.003074), <E> = -0.653234 

T=1.890000	 Thermalizing iterations... 
Done.
Thermalized Magnetisation = (0.026694,0.007139), Energy = -0.652742 
Averaging iterations... h=0.062500,0.000000
Done.
Final: Magnetisation = (0.036069,0.019806), Energy = -0.639485 
<M> = (0.066320,-0.002228), <E> = -0.657345 

T=1.880000	 Thermalizing iterations... 
Done.
Thermalized Magnetisation = (0.064812,-0.017011), Energy = -0.661530 
Averaging iterations... h=0.062500,0.000000
Done.
Final: Magnetisation = (0.004250,0.000916), Energy = -0.681406 
<M> = (0.068117,-0.001539), <E> = -0.661480 

T=1.870000	 Thermalizing iterations... 
Done.
Thermalized Magnetisation = (0.044323,0.017717), Energy = -0.666642 
Averaging iterations... h=0.062500,0.000000
Done.
Final: Magnetisation = (0.086035,0.019197), Energy = -0.665303 
<M> = (0.068649,0.002441), <E> = -0.664839 

T=1.860000	 Thermalizing iterations... 
Done.
Thermalized Magnetisation = (0.029988,0.011134), Energy = -0.621083 
Averaging iterations... h=0.062500,0.000000
Done.
Final: Magnetisation = (0.109607,-0.031851), Energy = -0.654505 
<M> = (0.068407,-0.000209), <E> = -0.668681 

T=1.850000	 Thermalizing iterations... 
Done.
Thermalized Magnetisation = (0.074164,0.084251), Energy = -0.677935 
Averaging iterations... h=0.062500,0.000000
Done.
Final: Magnetisation = (0.107562,0.006150), Energy = -0.718172 
<M> = (0.069583,-0.000484), <E> = -0.673282 

T=1.840000	 Thermalizing iterations... 
Done.
Thermalized Magnetisation = (0.050978,0.020968), Energy = -0.671065 
Averaging iterations... h=0.062500,0.000000
Done.
Final: Magnetisation = (0.092911,-0.001443), Energy = -0.707129 
<M> = (0.072568,-0.001352), <E> = -0.678242 

T=1.830000	 Thermalizing iterations... 
Done.
Thermalized Magnetisation = (0.127850,0.001173), Energy = -0.675306 
Averaging iterations... h=0.062500,0.000000
Done.
Final: Magnetisation = (0.044690,0.043768), Energy = -0.667837 
<M> = (0.071955,-0.003128), <E> = -0.682900 

T=1.820000	 Thermalizing iterations... 
Done.
Thermalized Magnetisation = (0.062243,0.025745), Energy = -0.687470 
Averaging iterations... h=0.062500,0.000000
Done.
Final: Magnetisation = (0.088727,-0.024385), Energy = -0.687331 
<M> = (0.074403,-0.002628), <E> = -0.687954 

T=1.810000	 Thermalizing iterations... 
Done.
Thermalized Magnetisation = (0.068759,0.026921), Energy = -0.687760 
Averaging iterations... h=0.062500,0.000000
Done.
Final: Magnetisation = (0.075673,0.034622), Energy = -0.672600 
<M> = (0.077254,-0.001846), <E> = -0.692745 

T=1.800000	 Thermalizing iterations... 
Done.
Thermalized Magnetisation = (0.028706,0.002471), Energy = -0.674068 
Averaging iterations... h=0.062500,0.000000
Done.
Final: Magnetisation = (0.079505,0.034443), Energy = -0.717112 
<M> = (0.078349,-0.000222), <E> = -0.696208 

T=1.790000	 Thermalizing iterations... 
Done.
Thermalized Magnetisation = (0.084364,-0.052114), Energy = -0.707427 
Averaging iterations... h=0.062500,0.000000
Done.
Final: Magnetisation = (0.019263,-0.070847), Energy = -0.685575 
<M> = (0.077008,0.000307), <E> = -0.700415 

T=1.780000	 Thermalizing iterations... 
Done.
Thermalized Magnetisation = (0.078364,0.001779), Energy = -0.708687 
Averaging iterations... h=0.062500,0.000000
Done.
Final: Magnetisation = (0.094491,-0.000816), Energy = -0.689655 
<M> = (0.077541,0.000890), <E> = -0.704796 

T=1.770000	 Thermalizing iterations... 
Done.
Thermalized Magnetisation = (0.082913,0.038607), Energy = -0.708321 
Averaging iterations... h=0.062500,0.000000
Done.
Final: Magnetisation = (0.070284,0.084104), Energy = -0.704475 
<M> = (0.080656,-0.002920), <E> = -0.710627 

T=1.760000	 Thermalizing iterations... 
Done.
Thermalized Magnetisation = (0.089117,0.015614), Energy = -0.756744 
Averaging iterations... h=0.062500,0.000000
Done.
Final: Magnetisation = (0.150630,-0.024646), Energy = -0.738936 
<M> = (0.082008,-0.001728), <E> = -0.716267 

T=1.750000	 Thermalizing iterations... 
Done.
Thermalized Magnetisation = (0.064998,0.012561), Energy = -0.721690 
Averaging iterations... h=0.062500,0.000000
Done.
Final: Magnetisation = (0.140274,-0.014169), Energy = -0.700038 
<M> = (0.082259,-0.003463), <E> = -0.720965 

T=1.740000	 Thermalizing iterations... 
Done.
Thermalized Magnetisation = (0.103128,0.027359), Energy = -0.697183 
Averaging iterations... h=0.062500,0.000000
Done.
Final: Magnetisation = (0.079463,-0.008911), Energy = -0.731010 
<M> = (0.085014,-0.002462), <E> = -0.726227 

T=1.730000	 Thermalizing iterations... 
Done.
Thermalized Magnetisation = (0.114684,-0.043730), Energy = -0.741493 
Averaging iterations... h=0.062500,0.000000
Done.
Final: Magnetisation = (0.043859,-0.056305), Energy = -0.723764 
<M> = (0.088968,-0.000290), <E> = -0.731130 

T=1.720000	 Thermalizing iterations... 
Done.
Thermalized Magnetisation = (0.080444,-0.061860), Energy = -0.733446 
Averaging iterations... h=0.062500,0.000000
Done.
Final: Magnetisation = (0.095928,0.034384), Energy = -0.751278 
<M> = (0.087723,0.000898), <E> = -0.735433 

T=1.710000	 Thermalizing iterations... 
Done.
Thermalized Magnetisation = (0.120483,-0.064406), Energy = -0.782829 
Averaging iterations... h=0.062500,0.000000
Done.
Final: Magnetisation = (0.114729,-0.030335), Energy = -0.746610 
<M> = (0.089365,-0.000599), <E> = -0.740393 

T=1.700000	 Thermalizing iterations... 
Done.
Thermalized Magnetisation = (0.126842,0.009892), Energy = -0.754958 
Averaging iterations... h=0.062500,0.000000
Done.
Final: Magnetisation = (0.081989,0.013484), Energy = -0.745613 
<M> = (0.090583,-0.000894), <E> = -0.746333 

T=1.690000	 Thermalizing iterations... 
Done.
Thermalized Magnetisation = (0.034846,0.023163), Energy = -0.759376 
Averaging iterations... h=0.062500,0.000000
Done.
Final: Magnetisation = (0.109404,-0.074082), Energy = -0.756710 
<M> = (0.093062,-0.001388), <E> = -0.751287 

T=1.680000	 Thermalizing iterations... 
Done.
Thermalized Magnetisation = (0.056155,-0.031065), Energy = -0.759906 
Averaging iterations... h=0.062500,0.000000
Done.
Final: Magnetisation = (0.083184,-0.112939), Energy = -0.767551 
<M> = (0.094377,-0.003293), <E> = -0.758106 

T=1.670000	 Thermalizing iterations... 
Done.
Thermalized Magnetisation = (0.061862,-0.006513), Energy = -0.754076 
Averaging iterations... h=0.062500,0.000000
Done.
Final: Magnetisation = (0.095348,-0.085227), Energy = -0.800141 
<M> = (0.097798,-0.002853), <E> = -0.763927 

T=1.660000	 Thermalizing iterations... 
Done.
Thermalized Magnetisation = (0.045844,0.004008), Energy = -0.775485 
Averaging iterations... h=0.062500,0.000000
Done.
Final: Magnetisation = (0.118756,-0.029632), Energy = -0.772182 
<M> = (0.099233,-0.001939), <E> = -0.769575 

T=1.650000	 Thermalizing iterations... 
Done.
Thermalized Magnetisation = (0.084676,-0.021940), Energy = -0.751847 
Averaging iterations... h=0.062500,0.000000
Done.
Final: Magnetisation = (0.043187,0.059404), Energy = -0.767752 
<M> = (0.101804,0.001655), <E> = -0.774208 

T=1.640000	 Thermalizing iterations... 
Done.
Thermalized Magnetisation = (0.140207,0.057878), Energy = -0.808159 
Averaging iterations... h=0.062500,0.000000
Done.
Final: Magnetisation = (0.167096,-0.024266), Energy = -0.790390 
<M> = (0.102107,0.001476), <E> = -0.779803 

T=1.630000	 Thermalizing iterations... 
Done.
Thermalized Magnetisation = (0.110170,0.030958), Energy = -0.805516 
Averaging iterations... h=0.062500,0.000000
Done.
Final: Magnetisation = (0.107648,-0.001880), Energy = -0.737126 
<M> = (0.104477,0.000491), <E> = -0.785513 

T=1.620000	 Thermalizing iterations... 
Done.
Thermalized Magnetisation = (0.107156,-0.055863), Energy = -0.786554 
Averaging iterations... h=0.062500,0.000000
Done.
Final: Magnetisation = (0.166277,-0.048064), Energy = -0.797220 
<M> = (0.106961,-0.001064), <E> = -0.792398 

T=1.610000	 Thermalizing iterations... 
Done.
Thermalized Magnetisation = (0.119443,0.030734), Energy = -0.809908 
Averaging iterations... h=0.062500,0.000000
Done.
Final: Magnetisation = (0.090946,0.078275), Energy = -0.805360 
<M> = (0.108790,-0.003035), <E> = -0.799244 

T=1.600000	 Thermalizing iterations... 
Done.
Thermalized Magnetisation = (0.131284,-0.030020), Energy = -0.839643 
Averaging iterations... h=0.062500,0.000000
Done.
Final: Magnetisation = (0.058049,-0.007739), Energy = -0.781180 
<M> = (0.110267,-0.004491), <E> = -0.805835 

T=1.590000	 Thermalizing iterations... 
Done.
Thermalized Magnetisation = (0.079227,0.017571), Energy = -0.789277 
Averaging iterations... h=0.062500,0.000000
Done.
Final: Magnetisation = (0.003876,0.017399), Energy = -0.778969 
<M> = (0.113432,-0.003088), <E> = -0.811856 

T=1.580000	 Thermalizing iterations... 
Done.
Thermalized Magnetisation = (0.107027,0.007889), Energy = -0.784853 
Averaging iterations... h=0.062500,0.000000
Done.
Final: Magnetisation = (0.126130,-0.048964), Energy = -0.863169 
<M> = (0.117265,-0.000677), <E> = -0.818163 

T=1.570000	 Thermalizing iterations... 
Done.
Thermalized Magnetisation = (0.124119,0.001816), Energy = -0.827878 
Averaging iterations... h=0.062500,0.000000
Done.
Final: Magnetisation = (0.128891,0.003755), Energy = -0.822500 
<M> = (0.120136,-0.000163), <E> = -0.824219 

T=1.560000	 Thermalizing iterations... 
Done.
Thermalized Magnetisation = (0.152286,-0.057931), Energy = -0.872638 
Averaging iterations... h=0.062500,0.000000
Done.
Final: Magnetisation = (0.073153,-0.005827), Energy = -0.795194 
<M> = (0.121302,0.001608), <E> = -0.829845 

T=1.550000	 Thermalizing iterations... 
Done.
Thermalized Magnetisation = (0.059223,-0.016807), Energy = -0.795175 
Averaging iterations... h=0.062500,0.000000
Done.
Final: Magnetisation = (0.103200,0.038023), Energy = -0.817147 
<M> = (0.123784,-0.001129), <E> = -0.837460 

T=1.540000	 Thermalizing iterations... 
Done.
Thermalized Magnetisation = (0.110372,0.087911), Energy = -0.840304 
Averaging iterations... h=0.062500,0.000000
Done.
Final: Magnetisation = (0.107448,-0.103702), Energy = -0.865203 
<M> = (0.128039,-0.001836), <E> = -0.845199 

T=1.530000	 Thermalizing iterations... 
Done.
Thermalized Magnetisation = (0.198400,0.009243), Energy = -0.906274 
Averaging iterations... h=0.062500,0.000000
Done.
Final: Magnetisation = (0.145177,0.029631), Energy = -0.856862 
<M> = (0.129123,-0.005320), <E> = -0.852212 

T=1.520000	 Thermalizing iterations... 
Done.
Thermalized Magnetisation = (0.187299,0.090622), Energy = -0.867603 
Averaging iterations... h=0.062500,0.000000
Done.
Final: Magnetisation = (0.109746,-0.023821), Energy = -0.851089 
<M> = (0.133825,-0.003995), <E> = -0.859884 

T=1.510000	 Thermalizing iterations... 
Done.
Thermalized Magnetisation = (0.144458,-0.012930), Energy = -0.889936 
Averaging iterations... h=0.062500,0.000000
Done.
Final: Magnetisation = (0.137204,-0.011099), Energy = -0.865359 
<M> = (0.138431,-0.002286), <E> = -0.867110 

T=1.500000	 Thermalizing iterations... 
Done.
Thermalized Magnetisation = (0.181157,-0.107220), Energy = -0.897307 
Averaging iterations... h=0.062500,0.000000
Done.
Final: Magnetisation = (0.112456,-0.059626), Energy = -0.861208 
<M> = (0.140964,0.002494), <E> = -0.872906 

T=1.490000	 Thermalizing iterations... 
Done.
Thermalized Magnetisation = (0.143881,-0.026462), Energy = -0.873200 
Averaging iterations... h=0.062500,0.000000
Done.
Final: Magnetisation = (0.126397,0.122502), Energy = -0.869743 
<M> = (0.142970,0.002289), <E> = -0.879891 

T=1.480000	 Thermalizing iterations... 
Done.
Thermalized Magnetisation = (0.135975,-0.038373), Energy = -0.852132 
Averaging iterations... h=0.062500,0.000000
Done.
Final: Magnetisation = (0.146314,-0.036827), Energy = -0.866434 
<M> = (0.144548,0.001195), <E> = -0.887966 

T=1.470000	 Thermalizing iterations... 
Done.
Thermalized Magnetisation = (0.181909,-0.013567), Energy = -0.907218 
Averaging iterations... h=0.062500,0.000000
Done.
Final: Magnetisation = (0.187654,-0.042385), Energy = -0.924448 
<M> = (0.150105,-0.000514), <E> = -0.896348 

T=1.460000	 Thermalizing iterations... 
Done.
Thermalized Magnetisation = (0.132235,0.066049), Energy = -0.904821 
Averaging iterations... h=0.062500,0.000000
Done.
Final: Magnetisation = (0.182697,0.008425), Energy = -0.902860 
<M> = (0.153085,-0.001491), <E> = -0.904955 

T=1.450000	 Thermalizing iterations... 
Done.
Thermalized Magnetisation = (0.163043,0.031533), Energy = -0.929734 
Averaging iterations... h=0.062500,0.000000
Done.
Final: Magnetisation = (0.094041,-0.060365), Energy = -0.908233 
<M> = (0.157664,-0.004646), <E> = -0.913996 

T=1.440000	 Thermalizing iterations... 
Done.
Thermalized Magnetisation = (0.188957,-0.041954), Energy = -0.937718 
Averaging iterations... h=0.062500,0.000000
Done.
Final: Magnetisation = (0.202974,-0.011161), Energy = -0.936669 
<M> = (0.162834,-0.005746), <E> = -0.921708 

T=1.430000	 Thermalizing iterations... 
Done.
Thermalized Magnetisation = (0.152563,-0.093621), Energy = -0.962895 
Averaging iterations... h=0.062500,0.000000
Done.
Final: Magnetisation = (0.139172,0.013969), Energy = -0.939969 
<M> = (0.167302,0.001389), <E> = -0.928729 

T=1.420000	 Thermalizing iterations... 
Done.
Thermalized Magnetisation = (0.253444,0.049269), Energy = -0.967102 
Averaging iterations... h=0.062500,0.000000
Done.
Final: Magnetisation = (0.166324,-0.015012), Energy = -0.923980 
<M> = (0.170069,0.001570), <E> = -0.936484 

T=1.410000	 Thermalizing iterations... 
Done.
Thermalized Magnetisation = (0.174969,0.001432), Energy = -0.952062 
Averaging iterations... h=0.062500,0.000000
Done.
Final: Magnetisation = (0.140025,0.001655), Energy = -0.951575 
<M> = (0.173412,0.005744), <E> = -0.944754 

T=1.400000	 Thermalizing iterations... 
Done.
Thermalized Magnetisation = (0.162818,-0.028461), Energy = -0.918844 
Averaging iterations... h=0.062500,0.000000
Done.
Final: Magnetisation = (0.197172,0.094424), Energy = -0.931264 
<M> = (0.179344,-0.003614), <E> = -0.954830 

T=1.390000	 Thermalizing iterations... 
Done.
Thermalized Magnetisation = (0.166468,-0.013297), Energy = -0.971365 
Averaging iterations... h=0.062500,0.000000
Done.
Final: Magnetisation = (0.200412,0.011098), Energy = -0.980690 
<M> = (0.183224,-0.003899), <E> = -0.964001 

T=1.380000	 Thermalizing iterations... 
Done.
Thermalized Magnetisation = (0.191035,-0.021734), Energy = -0.957288 
Averaging iterations... h=0.062500,0.000000
Done.
Final: Magnetisation = (0.170844,-0.061150), Energy = -0.938335 
<M> = (0.187385,-0.009369), <E> = -0.973303 

T=1.370000	 Thermalizing iterations... 
Done.
Thermalized Magnetisation = (0.148028,-0.055022), Energy = -0.949300 
Averaging iterations... h=0.062500,0.000000
Done.
Final: Magnetisation = (0.142160,-0.026250), Energy = -0.927132 
<M> = (0.191373,-0.006363), <E> = -0.982228 

T=1.360000	 Thermalizing iterations... 
Done.
Thermalized Magnetisation = (0.213061,0.011751), Energy = -1.018094 
Averaging iterations... h=0.062500,0.000000
Done.
Final: Magnetisation = (0.256769,0.085189), Energy = -1.021918 
<M> = (0.198847,-0.002669), <E> = -0.991568 

T=1.350000	 Thermalizing iterations... 
Done.
Thermalized Magnetisation = (0.226501,0.084067), Energy = -0.991700 
Averaging iterations... h=0.062500,0.000000
Done.
Final: Magnetisation = (0.149018,0.068000), Energy = -0.981850 
<M> = (0.205031,0.005291), <E> = -0.999735 

T=1.340000	 Thermalizing iterations... 
Done.
Thermalized Magnetisation = (0.280720,0.063569), Energy = -1.066492 
Averaging iterations... h=0.062500,0.000000
Done.
Final: Magnetisation = (0.262391,-0.021707), Energy = -1.044525 
<M> = (0.206906,0.000966), <E> = -1.008961 

T=1.330000	 Thermalizing iterations... 
Done.
Thermalized Magnetisation = (0.272123,-0.001143), Energy = -1.056108 
Averaging iterations... h=0.062500,0.000000
Done.
Final: Magnetisation = (0.244400,-0.061669), Energy = -1.033006 
<M> = (0.211790,-0.002174), <E> = -1.018556 

T=1.320000	 Thermalizing iterations... 
Done.
Thermalized Magnetisation = (0.236020,0.016540), Energy = -1.037348 
Averaging iterations... h=0.062500,0.000000
Done.
Final: Magnetisation = (0.197693,-0.053862), Energy = -1.007318 
<M> = (0.222341,-0.002885), <E> = -1.030750 

T=1.310000	 Thermalizing iterations... 
Done.
Thermalized Magnetisation = (0.279413,0.000420), Energy = -1.088323 
Averaging iterations... h=0.062500,0.000000
Done.
Final: Magnetisation = (0.188605,0.037172), Energy = -1.056675 
<M> = (0.226412,-0.004650), <E> = -1.040853 

T=1.300000	 Thermalizing iterations... 
Done.
Thermalized Magnetisation = (0.210579,-0.021448), Energy = -1.026641 
Averaging iterations... h=0.062500,0.000000
Done.
Final: Magnetisation = (0.241360,-0.008594), Energy = -1.102940 
<M> = (0.232469,-0.008801), <E> = -1.051503 

T=1.290000	 Thermalizing iterations... 
Done.
Thermalized Magnetisation = (0.232673,-0.013368), Energy = -1.074879 
Averaging iterations... h=0.062500,0.000000
Done.
Final: Magnetisation = (0.234479,-0.043422), Energy = -1.063988 
<M> = (0.240048,-0.007160), <E> = -1.062141 

T=1.280000	 Thermalizing iterations... 
Done.
Thermalized Magnetisation = (0.246922,0.033516), Energy = -1.096957 
Averaging iterations... h=0.062500,0.000000
Done.
Final: Magnetisation = (0.249032,-0.013465), Energy = -1.080456 
<M> = (0.247073,-0.000678), <E> = -1.071409 

T=1.270000	 Thermalizing iterations... 
Done.
Thermalized Magnetisation = (0.203853,-0.004661), Energy = -1.037148 
Averaging iterations... h=0.062500,0.000000
Done.
Final: Magnetisation = (0.229754,-0.047427), Energy = -1.090435 
<M> = (0.251206,0.001373), <E> = -1.080546 

T=1.260000	 Thermalizing iterations... 
Done.
Thermalized Magnetisation = (0.182874,-0.021565), Energy = -1.075140 
Averaging iterations... h=0.062500,0.000000
Done.
Final: Magnetisation = (0.231105,-0.047695), Energy = -1.104824 
<M> = (0.258901,0.004553), <E> = -1.091883 

T=1.250000	 Thermalizing iterations... 
Done.
Thermalized Magnetisation = (0.264969,-0.089938), Energy = -1.155747 
Averaging iterations... h=0.062500,0.000000
Done.
Final: Magnetisation = (0.212473,0.029719), Energy = -1.085336 
<M> = (0.265267,-0.006081), <E> = -1.103300 

T=1.240000	 Thermalizing iterations... 
Done.
Thermalized Magnetisation = (0.274790,-0.038352), Energy = -1.121772 
Averaging iterations... h=0.062500,0.000000
Done.
Final: Magnetisation = (0.185342,-0.018424), Energy = -1.065041 
<M> = (0.274481,-0.002181), <E> = -1.115658 

T=1.230000	 Thermalizing iterations... 
Done.
Thermalized Magnetisation = (0.274897,0.112859), Energy = -1.141311 
Averaging iterations... h=0.062500,0.000000
Done.
Final: Magnetisation = (0.223711,-0.069544), Energy = -1.061617 
<M> = (0.277592,-0.010829), <E> = -1.127122 

T=1.220000	 Thermalizing iterations... 
Done.
Thermalized Magnetisation = (0.283620,-0.052419), Energy = -1.129973 
Averaging iterations... h=0.062500,0.000000
Done.
Final: Magnetisation = (0.265143,-0.039619), Energy = -1.139626 
<M> = (0.284716,-0.009744), <E> = -1.137709 

T=1.210000	 Thermalizing iterations... 
Done.
Thermalized Magnetisation = (0.267703,0.049714), Energy = -1.091213 
Averaging iterations... h=0.062500,0.000000
Done.
Final: Magnetisation = (0.272514,-0.011903), Energy = -1.172960 
<M> = (0.297632,-0.008002), <E> = -1.149072 

T=1.200000	 Thermalizing iterations... 
Done.
Thermalized Magnetisation = (0.411932,-0.044391), Energy = -1.180764 
Averaging iterations... h=0.062500,0.000000
Done.
Final: Magnetisation = (0.310732,0.036068), Energy = -1.189340 
<M> = (0.301852,0.010337), <E> = -1.159814 

T=1.190000	 Thermalizing iterations... 
Done.
Thermalized Magnetisation = (0.295399,-0.018866), Energy = -1.130815 
Averaging iterations... h=0.062500,0.000000
Done.
Final: Magnetisation = (0.315294,-0.101226), Energy = -1.190874 
<M> = (0.310076,-0.001156), <E> = -1.170444 

T=1.180000	 Thermalizing iterations... 
Done.
Thermalized Magnetisation = (0.304342,-0.022711), Energy = -1.175279 
Averaging iterations... h=0.062500,0.000000
Done.
Final: Magnetisation = (0.318512,-0.007944), Energy = -1.147846 
<M> = (0.318713,-0.001715), <E> = -1.183325 

T=1.170000	 Thermalizing iterations... 
Done.
Thermalized Magnetisation = (0.299593,0.070778), Energy = -1.194374 
Averaging iterations... h=0.062500,0.000000
Done.
Final: Magnetisation = (0.313919,0.127458), Energy = -1.194136 
<M> = (0.327903,-0.003633), <E> = -1.196136 

T=1.160000	 Thermalizing iterations... 
Done.
Thermalized Magnetisation = (0.356633,-0.139459), Energy = -1.221569 
Averaging iterations... h=0.062500,0.000000
Done.
Final: Magnetisation = (0.289900,-0.059423), Energy = -1.202673 
<M> = (0.333240,-0.020182), <E> = -1.209573 

T=1.150000	 Thermalizing iterations... 
Done.
Thermalized Magnetisation = (0.364294,-0.084863), Energy = -1.262969 
Averaging iterations... h=0.062500,0.000000
Done.
Final: Magnetisation = (0.328855,-0.002506), Energy = -1.205021 
<M> = (0.342238,-0.015600), <E> = -1.219976 

T=1.140000	 Thermalizing iterations... 
Done.
Thermalized Magnetisation = (0.320190,-0.089064), Energy = -1.235478 
Averaging iterations... h=0.062500,0.000000
Done.
Final: Magnetisation = (0.379536,-0.059558), Energy = -1.229386 
<M> = (0.351971,-0.012318), <E> = -1.232886 

T=1.130000	 Thermalizing iterations... 
Done.
Thermalized Magnetisation = (0.285094,0.080291), Energy = -1.213686 
Averaging iterations... h=0.062500,0.000000
Done.
Final: Magnetisation = (0.346328,0.104283), Energy = -1.237148 
<M> = (0.359807,-0.008824), <E> = -1.243450 

T=1.120000	 Thermalizing iterations... 
Done.
Thermalized Magnetisation = (0.368895,0.034878), Energy = -1.247177 
Averaging iterations... h=0.062500,0.000000
Done.
Final: Magnetisation = (0.367745,-0.134212), Energy = -1.259029 
<M> = (0.368631,0.005696), <E> = -1.255612 

T=1.110000	 Thermalizing iterations... 
Done.
Thermalized Magnetisation = (0.420236,-0.007777), Energy = -1.278107 
Averaging iterations... h=0.062500,0.000000
Done.
Final: Magnetisation = (0.407372,0.050670), Energy = -1.282005 
<M> = (0.380046,0.007002), <E> = -1.267162 

T=1.100000	 Thermalizing iterations... 
Done.
Thermalized Magnetisation = (0.371988,-0.138442), Energy = -1.304221 
Averaging iterations... h=0.062500,0.000000
Done.
Final: Magnetisation = (0.398309,0.009047), Energy = -1.302933 
<M> = (0.386440,0.003656), <E> = -1.280770 

T=1.090000	 Thermalizing iterations... 
Done.
Thermalized Magnetisation = (0.402282,-0.029100), Energy = -1.301823 
Averaging iterations... h=0.062500,0.000000
Done.
Final: Magnetisation = (0.314664,-0.008374), Energy = -1.288824 
<M> = (0.393780,-0.024232), <E> = -1.293401 

T=1.080000	 Thermalizing iterations... 
Done.
Thermalized Magnetisation = (0.386959,-0.079961), Energy = -1.298748 
Averaging iterations... h=0.062500,0.000000
Done.
Final: Magnetisation = (0.424799,0.097459), Energy = -1.314273 
<M> = (0.403355,-0.030729), <E> = -1.305078 

T=1.070000	 Thermalizing iterations... 
Done.
Thermalized Magnetisation = (0.457398,0.080958), Energy = -1.337878 
Averaging iterations... h=0.062500,0.000000
Done.
Final: Magnetisation = (0.418774,0.049514), Energy = -1.294823 
<M> = (0.410720,-0.022776), <E> = -1.318274 

T=1.060000	 Thermalizing iterations... 
Done.
Thermalized Magnetisation = (0.386082,0.035942), Energy = -1.319788 
Averaging iterations... h=0.062500,0.000000
Done.
Final: Magnetisation = (0.425434,-0.149907), Energy = -1.358253 
<M> = (0.419089,-0.019624), <E> = -1.330329 

T=1.050000	 Thermalizing iterations... 
Done.
Thermalized Magnetisation = (0.462304,-0.124040), Energy = -1.357119 
Averaging iterations... h=0.062500,0.000000
Done.
Final: Magnetisation = (0.392904,-0.012196), Energy = -1.320312 
<M> = (0.432115,-0.004918), <E> = -1.341419 

T=1.040000	 Thermalizing iterations... 
Done.
Thermalized Magnetisation = (0.378362,0.063916), Energy = -1.338269 
Averaging iterations... h=0.062500,0.000000
Done.
Final: Magnetisation = (0.394418,-0.017591), Energy = -1.326026 
<M> = (0.434227,0.009315), <E> = -1.351519 

T=1.030000	 Thermalizing iterations... 
Done.
Thermalized Magnetisation = (0.418515,-0.089827), Energy = -1.329782 
Averaging iterations... h=0.062500,0.000000
Done.
Final: Magnetisation = (0.423765,0.003132), Energy = -1.366784 
<M> = (0.447285,-0.002047), <E> = -1.364580 

T=1.020000	 Thermalizing iterations... 
Done.
Thermalized Magnetisation = (0.483740,0.009846), Energy = -1.373240 
Averaging iterations... h=0.062500,0.000000
Done.
Final: Magnetisation = (0.464002,0.107938), Energy = -1.396313 
<M> = (0.449041,0.013727), <E> = -1.376727 

T=1.010000	 Thermalizing iterations... 
Done.
Thermalized Magnetisation = (0.416793,-0.002851), Energy = -1.365657 
Averaging iterations... h=0.062500,0.000000
Done.
Final: Magnetisation = (0.486054,-0.130458), Energy = -1.400815 
<M> = (0.456342,-0.079665), <E> = -1.389556 

T=1.000000	 Thermalizing iterations... 
Done.
Thermalized Magnetisation = (0.472499,-0.060122), Energy = -1.420625 
Averaging iterations... h=0.062500,0.000000
Done.
Final: Magnetisation = (0.528860,-0.008859), Energy = -1.424245 
<M> = (0.460899,-0.046004), <E> = -1.400730 

T=0.990000	 Thermalizing iterations... 
Done.
Thermalized Magnetisation = (0.457311,-0.037924), Energy = -1.423647 
Averaging iterations... h=0.062500,0.000000
Done.
Final: Magnetisation = (0.502851,-0.125067), Energy = -1.401756 
<M> = (0.477348,-0.021249), <E> = -1.412450 

T=0.980000	 Thermalizing iterations... 
Done.
Thermalized Magnetisation = (0.483803,0.108274), Energy = -1.428613 
Averaging iterations... h=0.062500,0.000000
Done.
Final: Magnetisation = (0.522267,-0.040725), Energy = -1.441160 
<M> = (0.490083,-0.028221), <E> = -1.423092 

T=0.970000	 Thermalizing iterations... 
Done.
Thermalized Magnetisation = (0.475269,-0.055088), Energy = -1.402654 
Averaging iterations... h=0.062500,0.000000
Done.
Final: Magnetisation = (0.447095,0.185405), Energy = -1.423235 
<M> = (0.489562,0.012224), <E> = -1.434140 

T=0.960000	 Thermalizing iterations... 
Done.
Thermalized Magnetisation = (0.487381,-0.049419), Energy = -1.479244 
Averaging iterations... h=0.062500,0.000000
Done.
Final: Magnetisation = (0.537815,0.036740), Energy = -1.444104 
<M> = (0.494085,-0.017656), <E> = -1.444317 

T=0.950000	 Thermalizing iterations... 
Done.
Thermalized Magnetisation = (0.497734,-0.076094), Energy = -1.442362 
Averaging iterations... h=0.062500,0.000000
Done.
Final: Magnetisation = (0.471456,-0.030274), Energy = -1.446479 
<M> = (0.505133,-0.003832), <E> = -1.455614 

T=0.940000	 Thermalizing iterations... 
Done.
Thermalized Magnetisation = (0.537274,0.102515), Energy = -1.505824 
Averaging iterations... h=0.062500,0.000000
Done.
Final: Magnetisation = (0.502899,0.048985), Energy = -1.461280 
<M> = (0.508023,-0.078453), <E> = -1.467431 

T=0.930000	 Thermalizing iterations... 
Done.
Thermalized Magnetisation = (0.509111,0.226705), Energy = -1.461069 
Averaging iterations... h=0.062500,0.000000
Done.
Final: Magnetisation = (0.500372,-0.127218), Energy = -1.479794 
<M> = (0.508522,-0.065690), <E> = -1.477142 

T=0.920000	 Thermalizing iterations... 
Done.
Thermalized Magnetisation = (0.527905,-0.071242), Energy = -1.504932 
Averaging iterations... h=0.062500,0.000000
Done.
Final: Magnetisation = (0.447718,-0.295308), Energy = -1.465883 
<M> = (0.518579,-0.048586), <E> = -1.488716 

T=0.910000	 Thermalizing iterations... 
Done.
Thermalized Magnetisation = (0.542262,-0.012818), Energy = -1.492872 
Averaging iterations... h=0.062500,0.000000
Done.
Final: Magnetisation = (0.535619,-0.070621), Energy = -1.500087 
<M> = (0.530067,0.009331), <E> = -1.496935 

T=0.900000	 Thermalizing iterations... 
Done.
Thermalized Magnetisation = (0.530852,0.022647), Energy = -1.490461 
Averaging iterations... h=0.062500,0.000000
Done.
Final: Magnetisation = (0.552087,-0.055699), Energy = -1.500226 
<M> = (0.535634,-0.070286), <E> = -1.507013 

T=0.890000	 Thermalizing iterations... 
Done.
Thermalized Magnetisation = (0.496385,-0.104990), Energy = -1.509196 
Averaging iterations... h=0.062500,0.000000
Done.
Final: Magnetisation = (0.532437,0.049605), Energy = -1.495958 
<M> = (0.532377,0.041440), <E> = -1.515663 

T=0.880000	 Thermalizing iterations... 
Done.
Thermalized Magnetisation = (0.570121,-0.158567), Energy = -1.538354 
Averaging iterations... h=0.062500,0.000000
Done.
Final: Magnetisation = (0.555332,-0.024613), Energy = -1.524532 
<M> = (0.535750,0.000315), <E> = -1.527183 

T=0.870000	 Thermalizing iterations... 
Done.
Thermalized Magnetisation = (0.549934,-0.118122), Energy = -1.537943 
Averaging iterations... h=0.062500,0.000000
Done.
Final: Magnetisation = (0.585834,-0.050133), Energy = -1.539114 
<M> = (0.536767,-0.039774), <E> = -1.536023 

T=0.860000	 Thermalizing iterations... 
Done.
Thermalized Magnetisation = (0.583136,0.074893), Energy = -1.556757 
Averaging iterations... h=0.062500,0.000000
Done.
Final: Magnetisation = (0.566127,-0.153565), Energy = -1.539867 
<M> = (0.541872,-0.040713), <E> = -1.545401 

T=0.850000	 Thermalizing iterations... 
Done.
Thermalized Magnetisation = (0.534762,-0.229696), Energy = -1.551356 
Averaging iterations... h=0.062500,0.000000
Done.
Final: Magnetisation = (0.539366,-0.232586), Energy = -1.548217 
<M> = (0.537321,-0.191430), <E> = -1.555906 

T=0.840000	 Thermalizing iterations... 
Done.
Thermalized Magnetisation = (0.555130,-0.094029), Energy = -1.579406 
Averaging iterations... h=0.062500,0.000000
Done.
Final: Magnetisation = (0.563282,-0.232713), Energy = -1.577758 
<M> = (0.549870,-0.066795), <E> = -1.563755 

T=0.830000	 Thermalizing iterations... 
Done.
Thermalized Magnetisation = (0.551309,0.062786), Energy = -1.578349 
Averaging iterations... h=0.062500,0.000000
Done.
Final: Magnetisation = (0.506467,0.263197), Energy = -1.573837 
<M> = (0.555858,0.022157), <E> = -1.571896 

T=0.820000	 Thermalizing iterations... 
Done.
Thermalized Magnetisation = (0.571014,0.066191), Energy = -1.564306 
Averaging iterations... h=0.062500,0.000000
Done.
Final: Magnetisation = (0.608223,-0.098018), Energy = -1.561268 
<M> = (0.561320,0.105849), <E> = -1.580741 

T=0.810000	 Thermalizing iterations... 
Done.
Thermalized Magnetisation = (0.556645,-0.207656), Energy = -1.557384 
Averaging iterations... h=0.062500,0.000000
Done.
Final: Magnetisation = (0.526998,-0.106380), Energy = -1.581198 
<M> = (0.547663,-0.182380), <E> = -1.589031 

T=0.800000	 Thermalizing iterations... 
Done.
Thermalized Magnetisation = (0.510284,-0.412559), Energy = -1.603856 
Averaging iterations... h=0.062500,0.000000
Done.
Final: Magnetisation = (0.529645,-0.278990), Energy = -1.577098 
<M> = (0.554194,-0.253320), <E> = -1.597669 

T=0.790000	 Thermalizing iterations... 
Done.
Thermalized Magnetisation = (0.414311,-0.168791), Energy = -1.595448 
Averaging iterations... h=0.062500,0.000000
Done.
Final: Magnetisation = (0.543436,-0.193041), Energy = -1.611334 
<M> = (0.547140,-0.199768), <E> = -1.607127 

T=0.780000	 Thermalizing iterations... 
Done.
Thermalized Magnetisation = (0.522300,0.149271), Energy = -1.603903 
Averaging iterations... h=0.062500,0.000000
Done.
Final: Magnetisation = (0.570422,-0.181888), Energy = -1.598021 
<M> = (0.566025,-0.080015), <E> = -1.613204 

T=0.770000	 Thermalizing iterations... 
Done.
Thermalized Magnetisation = (0.606247,-0.059808), Energy = -1.632881 
Averaging iterations... h=0.062500,0.000000
Done.
Final: Magnetisation = (0.573645,-0.263700), Energy = -1.617231 
<M> = (0.560651,-0.143201), <E> = -1.622141 

T=0.760000	 Thermalizing iterations... 
Done.
Thermalized Magnetisation = (0.574568,-0.125253), Energy = -1.604099 
Averaging iterations... h=0.062500,0.000000
Done.
Final: Magnetisation = (0.578351,-0.178667), Energy = -1.640309 
<M> = (0.571026,-0.140593), <E> = -1.629287 

T=0.750000	 Thermalizing iterations... 
Done.
Thermalized Magnetisation = (0.597539,-0.251889), Energy = -1.632665 
Averaging iterations... h=0.062500,0.000000
Done.
Final: Magnetisation = (0.494802,-0.125091), Energy = -1.640873 
<M> = (0.578811,-0.164161), <E> = -1.636587 

T=0.740000	 Thermalizing iterations... 
Done.
Thermalized Magnetisation = (0.536883,-0.326526), Energy = -1.658087 
Averaging iterations... h=0.062500,0.000000
Done.
Final: Magnetisation = (0.542305,-0.177062), Energy = -1.648497 
<M> = (0.569862,-0.152507), <E> = -1.644371 

T=0.730000	 Thermalizing iterations... 
Done.
Thermalized Magnetisation = (0.551134,-0.251667), Energy = -1.636490 
Averaging iterations... h=0.062500,0.000000
Done.
Final: Magnetisation = (0.571838,-0.249688), Energy = -1.658234 
<M> = (0.570426,-0.191554), <E> = -1.652407 

T=0.720000	 Thermalizing iterations... 
Done.
Thermalized Magnetisation = (0.543075,-0.252359), Energy = -1.642227 
Averaging iterations... h=0.062500,0.000000
Done.
Final: Magnetisation = (0.564971,-0.301529), Energy = -1.656527 
<M> = (0.563121,-0.291393), <E> = -1.659819 

T=0.710000	 Thermalizing iterations... 
Done.
Thermalized Magnetisation = (0.573149,-0.353044), Energy = -1.667129 
Averaging iterations... h=0.062500,0.000000
Done.
Final: Magnetisation = (0.525076,-0.412443), Energy = -1.673277 
<M> = (0.562228,-0.358368), <E> = -1.667431 

T=0.700000	 Thermalizing iterations... 
Done.
Thermalized Magnetisation = (0.541058,-0.404058), Energy = -1.679294 
Averaging iterations... h=0.062500,0.000000
Done.
Final: Magnetisation = (0.509988,-0.485043), Energy = -1.673712 
<M> = (0.544403,-0.399677), <E> = -1.674955 

T=0.690000	 Thermalizing iterations... 
Done.
Thermalized Magnetisation = (0.555896,-0.347873), Energy = -1.689656 
Averaging iterations... h=0.062500,0.000000
Done.
Final: Magnetisation = (0.486751,-0.482649), Energy = -1.668593 
<M> = (0.566212,-0.343377), <E> = -1.681507 

T=0.680000	 Thermalizing iterations... 
Done.
Thermalized Magnetisation = (0.527184,-0.466802), Energy = -1.685226 
Averaging iterations... h=0.062500,0.000000
Done.
Final: Magnetisation = (0.556505,-0.378475), Energy = -1.687426 
<M> = (0.569612,-0.385933), <E> = -1.688804 

T=0.670000	 Thermalizing iterations... 
Done.
Thermalized Magnetisation = (0.607538,-0.323198), Energy = -1.694947 
Averaging iterations... h=0.062500,0.000000
Done.
Final: Magnetisation = (0.627862,-0.285142), Energy = -1.702800 
<M> = (0.569765,-0.350561), <E> = -1.694804 

T=0.660000	 Thermalizing iterations... 
Done.
Thermalized Magnetisation = (0.574271,-0.304979), Energy = -1.693814 
Averaging iterations... h=0.062500,0.000000
Done.
Final: Magnetisation = (0.605543,-0.219270), Energy = -1.717132 
<M> = (0.573084,-0.282266), <E> = -1.701819 

T=0.650000	 Thermalizing iterations... 
Done.
Thermalized Magnetisation = (0.530109,-0.493481), Energy = -1.706534 
Averaging iterations... h=0.062500,0.000000
Done.
Final: Magnetisation = (0.508306,-0.476448), Energy = -1.692092 
<M> = (0.548379,-0.460299), <E> = -1.709899 

T=0.640000	 Thermalizing iterations... 
Done.
Thermalized Magnetisation = (0.507022,-0.551881), Energy = -1.728284 
Averaging iterations... h=0.062500,0.000000
Done.
Final: Magnetisation = (0.593510,-0.414078), Energy = -1.715143 
<M> = (0.544870,-0.463626), <E> = -1.716936 

T=0.630000	 Thermalizing iterations... 
Done.
Thermalized Magnetisation = (0.531052,-0.390056), Energy = -1.721047 
Averaging iterations... h=0.062500,0.000000
Done.
Final: Magnetisation = (0.572347,-0.411631), Energy = -1.733337 
<M> = (0.571588,-0.356094), <E> = -1.721720 

T=0.620000	 Thermalizing iterations... 
Done.
Thermalized Magnetisation = (0.558171,-0.401087), Energy = -1.732606 
Averaging iterations... h=0.062500,0.000000
Done.
Final: Magnetisation = (0.581260,-0.462964), Energy = -1.734161 
<M> = (0.566800,-0.423005), <E> = -1.729022 

T=0.610000	 Thermalizing iterations... 
Done.
Thermalized Magnetisation = (0.562795,-0.390723), Energy = -1.733641 
Averaging iterations... h=0.062500,0.000000
Done.
Final: Magnetisation = (0.548445,-0.405447), Energy = -1.728374 
<M> = (0.579402,-0.388074), <E> = -1.735216 

T=0.600000	 Thermalizing iterations... 
Done.
Thermalized Magnetisation = (0.546325,-0.535972), Energy = -1.749470 
Averaging iterations... h=0.062500,0.000000
Done.
Final: Magnetisation = (0.563740,-0.487639), Energy = -1.741802 
<M> = (0.568343,-0.465139), <E> = -1.741895 

T=0.590000	 Thermalizing iterations... 
Done.
Thermalized Magnetisation = (0.562256,-0.471570), Energy = -1.749250 
Averaging iterations... h=0.062500,0.000000
Done.
Final: Magnetisation = (0.552150,-0.452126), Energy = -1.754238 
<M> = (0.574007,-0.460566), <E> = -1.748708 

T=0.580000	 Thermalizing iterations... 
Done.
Thermalized Magnetisation = (0.595500,-0.475469), Energy = -1.767628 
Averaging iterations... h=0.062500,0.000000
Done.
Final: Magnetisation = (0.520514,-0.510120), Energy = -1.761628 
<M> = (0.562557,-0.484636), <E> = -1.755013 

T=0.570000	 Thermalizing iterations... 
Done.
Thermalized Magnetisation = (0.529436,-0.544805), Energy = -1.761667 
Averaging iterations... h=0.062500,0.000000
Done.
Final: Magnetisation = (0.590683,-0.464388), Energy = -1.763257 
<M> = (0.547392,-0.516319), <E> = -1.762440 

T=0.560000	 Thermalizing iterations... 
Done.
Thermalized Magnetisation = (0.558029,-0.467718), Energy = -1.774767 
Averaging iterations... h=0.062500,0.000000
Done.
Final: Magnetisation = (0.610690,-0.442547), Energy = -1.772443 
<M> = (0.548221,-0.510313), <E> = -1.768202 

T=0.550000	 Thermalizing iterations... 
Done.
Thermalized Magnetisation = (0.601019,-0.410831), Energy = -1.779053 
Averaging iterations... h=0.062500,0.000000
Done.
Final: Magnetisation = (0.557132,-0.500891), Energy = -1.779687 
<M> = (0.550295,-0.518755), <E> = -1.774327 

T=0.540000	 Thermalizing iterations... 
Done.
Thermalized Magnetisation = (0.604248,-0.443972), Energy = -1.781124 
Averaging iterations... h=0.062500,0.000000
Done.
Final: Magnetisation = (0.528909,-0.546766), Energy = -1.779969 
<M> = (0.573427,-0.470896), <E> = -1.779478 

T=0.530000	 Thermalizing iterations... 
Done.
Thermalized Magnetisation = (0.620396,-0.461631), Energy = -1.788034 
Averaging iterations... h=0.062500,0.000000
Done.
Final: Magnetisation = (0.558579,-0.528604), Energy = -1.794743 
<M> = (0.573968,-0.486053), <E> = -1.785865 

T=0.520000	 Thermalizing iterations... 
Done.
Thermalized Magnetisation = (0.601080,-0.463359), Energy = -1.793509 
Averaging iterations... h=0.062500,0.000000
Done.
Final: Magnetisation = (0.577429,-0.502535), Energy = -1.787505 
<M> = (0.569256,-0.510894), <E> = -1.792160 

T=0.510000	 Thermalizing iterations... 
Done.
Thermalized Magnetisation = (0.540832,-0.568705), Energy = -1.803040 
Averaging iterations... h=0.062500,0.000000
Done.
Final: Magnetisation = (0.599424,-0.523522), Energy = -1.799641 
<M> = (0.555042,-0.537580), <E> = -1.798585 

T=0.500000	 Thermalizing iterations... 
Done.
Thermalized Magnetisation = (0.517014,-0.587279), Energy = -1.805653 
Averaging iterations... h=0.062500,0.000000
Done.
Final: Magnetisation = (0.545305,-0.578907), Energy = -1.811561 
<M> = (0.557417,-0.542425), <E> = -1.805060 

T=0.490000	 Thermalizing iterations... 
Done.
Thermalized Magnetisation = (0.579913,-0.508333), Energy = -1.809824 
Averaging iterations... h=0.062500,0.000000
Done.
Final: Magnetisation = (0.533891,-0.588405), Energy = -1.812913 
<M> = (0.548981,-0.544985), <E> = -1.811150 

T=0.480000	 Thermalizing iterations... 
Done.
Thermalized Magnetisation = (0.610993,-0.497438), Energy = -1.819157 
Averaging iterations... h=0.062500,0.000000
Done.
Final: Magnetisation = (0.555064,-0.509622), Energy = -1.805274 
<M> = (0.543286,-0.563620), <E> = -1.817229 

T=0.470000	 Thermalizing iterations... 
Done.
Thermalized Magnetisation = (0.590876,-0.495940), Energy = -1.822584 
Averaging iterations... h=0.062500,0.000000
Done.
Final: Magnetisation = (0.526229,-0.591215), Energy = -1.831166 
<M> = (0.560217,-0.543401), <E> = -1.822325 

T=0.460000	 Thermalizing iterations... 
Done.
Thermalized Magnetisation = (0.589466,-0.534689), Energy = -1.819150 
Averaging iterations... h=0.062500,0.000000
Done.
Final: Magnetisation = (0.558691,-0.527217), Energy = -1.818003 
<M> = (0.572557,-0.539445), <E> = -1.828114 

T=0.450000	 Thermalizing iterations... 
Done.
Thermalized Magnetisation = (0.549384,-0.566660), Energy = -1.833175 
Averaging iterations... h=0.062500,0.000000
Done.
Final: Magnetisation = (0.611055,-0.481195), Energy = -1.827089 
<M> = (0.574662,-0.541477), <E> = -1.834088 

T=0.440000	 Thermalizing iterations... 
Done.
Thermalized Magnetisation = (0.541556,-0.587330), Energy = -1.839897 
Averaging iterations... h=0.062500,0.000000
Done.
Final: Magnetisation = (0.625378,-0.469215), Energy = -1.838191 
<M> = (0.564764,-0.563970), <E> = -1.840149 

T=0.430000	 Thermalizing iterations... 
Done.
Thermalized Magnetisation = (0.509133,-0.593833), Energy = -1.846909 
Averaging iterations... h=0.062500,0.000000
Done.
Final: Magnetisation = (0.565889,-0.556604), Energy = -1.835599 
<M> = (0.553658,-0.578189), <E> = -1.846226 

T=0.420000	 Thermalizing iterations... 
Done.
Thermalized Magnetisation = (0.530135,-0.597915), Energy = -1.850331 
Averaging iterations... h=0.062500,0.000000
Done.
Final: Magnetisation = (0.575950,-0.572960), Energy = -1.857170 
<M> = (0.553595,-0.579099), <E> = -1.852089 

T=0.410000	 Thermalizing iterations... 
Done.
Thermalized Magnetisation = (0.570557,-0.602001), Energy = -1.860130 
Averaging iterations... h=0.062500,0.000000
Done.
Final: Magnetisation = (0.582682,-0.556266), Energy = -1.855090 
<M> = (0.545171,-0.594843), <E> = -1.857976 

T=0.400000	 Thermalizing iterations... 
Done.
Thermalized Magnetisation = (0.578662,-0.557699), Energy = -1.858318 
Averaging iterations... h=0.062500,0.000000
Done.
Final: Magnetisation = (0.529138,-0.630164), Energy = -1.868900 
<M> = (0.556165,-0.587048), <E> = -1.863488 

T=0.390000	 Thermalizing iterations... 
Done.
Thermalized Magnetisation = (0.563634,-0.572069), Energy = -1.868136 
Averaging iterations... h=0.062500,0.000000
Done.
Final: Magnetisation = (0.554432,-0.614535), Energy = -1.865054 
<M> = (0.566422,-0.583278), <E> = -1.868858 

T=0.380000	 Thermalizing iterations... 
Done.
Thermalized Magnetisation = (0.545098,-0.570328), Energy = -1.872409 
Averaging iterations... h=0.062500,0.000000
Done.
Final: Magnetisation = (0.568236,-0.576069), Energy = -1.875783 
<M> = (0.573640,-0.574524), <E> = -1.874475 

T=0.370000	 Thermalizing iterations... 
Done.
Thermalized Magnetisation = (0.548304,-0.620652), Energy = -1.886632 
Averaging iterations... h=0.062500,0.000000
Done.
Final: Magnetisation = (0.612798,-0.518793), Energy = -1.882476 
<M> = (0.570658,-0.585812), <E> = -1.880102 

T=0.360000	 Thermalizing iterations... 
Done.
Thermalized Magnetisation = (0.548361,-0.603309), Energy = -1.882668 
Averaging iterations... h=0.062500,0.000000
Done.
Final: Magnetisation = (0.572451,-0.592407), Energy = -1.888410 
<M> = (0.562999,-0.598425), <E> = -1.886056 

T=0.350000	 Thermalizing iterations... 
Done.
Thermalized Magnetisation = (0.524678,-0.621217), Energy = -1.888670 
Averaging iterations... h=0.062500,0.000000
Done.
Final: Magnetisation = (0.552501,-0.598918), Energy = -1.888903 
<M> = (0.549493,-0.616794), <E> = -1.891689 

T=0.340000	 Thermalizing iterations... 
Done.
Thermalized Magnetisation = (0.564044,-0.611916), Energy = -1.894161 
Averaging iterations... h=0.062500,0.000000
Done.
Final: Magnetisation = (0.546461,-0.651516), Energy = -1.900128 
<M> = (0.552267,-0.618072), <E> = -1.897496 

T=0.330000	 Thermalizing iterations... 
Done.
Thermalized Magnetisation = (0.556961,-0.608157), Energy = -1.897720 
Averaging iterations... h=0.062500,0.000000
Done.
Final: Magnetisation = (0.523653,-0.647323), Energy = -1.900803 
<M> = (0.555357,-0.621932), <E> = -1.902862 

T=0.320000	 Thermalizing iterations... 
Done.
Thermalized Magnetisation = (0.543130,-0.647488), Energy = -1.909563 
Averaging iterations... h=0.062500,0.000000
Done.
Final: Magnetisation = (0.547061,-0.640468), Energy = -1.910623 
<M> = (0.562911,-0.614763), <E> = -1.908257 

T=0.310000	 Thermalizing iterations... 
Done.
Thermalized Magnetisation = (0.544446,-0.645151), Energy = -1.911487 
Averaging iterations... h=0.062500,0.000000
Done.
Final: Magnetisation = (0.568353,-0.605760), Energy = -1.910594 
<M> = (0.566626,-0.615709), <E> = -1.913564 

T=0.300000	 Thermalizing iterations... 
Done.
Thermalized Magnetisation = (0.553003,-0.634093), Energy = -1.918123 
Averaging iterations... h=0.062500,0.000000
Done.
Final: Magnetisation = (0.606770,-0.560689), Energy = -1.918633 
<M> = (0.571052,-0.613774), <E> = -1.919089 

T=0.290000	 Thermalizing iterations... 
Done.
Thermalized Magnetisation = (0.569393,-0.623924), Energy = -1.923695 
Averaging iterations... h=0.062500,0.000000
Done.
Final: Magnetisation = (0.598887,-0.587187), Energy = -1.925983 
<M> = (0.558069,-0.630384), <E> = -1.924682 

T=0.280000	 Thermalizing iterations... 
Done.
Thermalized Magnetisation = (0.567440,-0.631716), Energy = -1.930478 
Averaging iterations... h=0.062500,0.000000
Done.
Final: Magnetisation = (0.561065,-0.618553), Energy = -1.923366 
<M> = (0.562523,-0.631748), <E> = -1.930055 

T=0.270000	 Thermalizing iterations... 
Done.
Thermalized Magnetisation = (0.504773,-0.683237), Energy = -1.935207 
Averaging iterations... h=0.062500,0.000000
Done.
Final: Magnetisation = (0.557874,-0.645382), Energy = -1.931144 
<M> = (0.558178,-0.640747), <E> = -1.935804 

T=0.260000	 Thermalizing iterations... 
Done.
Thermalized Magnetisation = (0.556860,-0.641785), Energy = -1.941844 
Averaging iterations... h=0.062500,0.000000
Done.
Final: Magnetisation = (0.555439,-0.641410), Energy = -1.940150 
<M> = (0.548849,-0.653733), <E> = -1.941336 

T=0.250000	 Thermalizing iterations... 
Done.
Thermalized Magnetisation = (0.585446,-0.626849), Energy = -1.949251 
Averaging iterations... h=0.062500,0.000000
Done.
Final: Magnetisation = (0.555211,-0.648925), Energy = -1.951688 
<M> = (0.562687,-0.642067), <E> = -1.946407 

T=0.240000	 Thermalizing iterations... 
Done.
Thermalized Magnetisation = (0.585578,-0.614693), Energy = -1.950908 
Averaging iterations... h=0.062500,0.000000
Done.
Final: Magnetisation = (0.586725,-0.638421), Energy = -1.952219 
<M> = (0.569878,-0.637097), <E> = -1.951520 

T=0.230000	 Thermalizing iterations... 
Done.
Thermalized Magnetisation = (0.550725,-0.661042), Energy = -1.958213 
Averaging iterations... h=0.062500,0.000000
Done.
Final: Magnetisation = (0.562772,-0.645412), Energy = -1.956843 
<M> = (0.568663,-0.640354), <E> = -1.956927 

T=0.220000	 Thermalizing iterations... 
Done.
Thermalized Magnetisation = (0.577799,-0.640629), Energy = -1.959329 
Averaging iterations... h=0.062500,0.000000
Done.
Final: Magnetisation = (0.561103,-0.663049), Energy = -1.960243 
<M> = (0.568261,-0.645632), <E> = -1.962280 

T=0.210000	 Thermalizing iterations... 
Done.
Thermalized Magnetisation = (0.567646,-0.636081), Energy = -1.964252 
Averaging iterations... h=0.062500,0.000000
Done.
Final: Magnetisation = (0.556519,-0.660588), Energy = -1.967979 
<M> = (0.568251,-0.651351), <E> = -1.967704 

T=0.200000	 Thermalizing iterations... 
Done.
Thermalized Magnetisation = (0.582468,-0.650551), Energy = -1.970986 
Averaging iterations... h=0.062500,0.000000
Done.
Final: Magnetisation = (0.581233,-0.651439), Energy = -1.971599 
<M> = (0.564640,-0.657690), <E> = -1.973118 

T=0.190000	 Thermalizing iterations... 
Done.
Thermalized Magnetisation = (0.546900,-0.686258), Energy = -1.977250 
Averaging iterations... h=0.062500,0.000000
Done.
Final: Magnetisation = (0.546066,-0.672307), Energy = -1.981139 
<M> = (0.559296,-0.667070), <E> = -1.978378 

T=0.180000	 Thermalizing iterations... 
Done.
Thermalized Magnetisation = (0.561081,-0.667412), Energy = -1.987919 
Averaging iterations... h=0.062500,0.000000
Done.
Final: Magnetisation = (0.561301,-0.661599), Energy = -1.984114 
<M> = (0.562274,-0.670002), <E> = -1.983750 

T=0.170000	 Thermalizing iterations... 
Done.
Thermalized Magnetisation = (0.555323,-0.668111), Energy = -1.986293 
Averaging iterations... h=0.062500,0.000000
Done.
Final: Magnetisation = (0.540637,-0.692411), Energy = -1.988750 
<M> = (0.568261,-0.665189), <E> = -1.988699 

T=0.160000	 Thermalizing iterations... 
Done.
Thermalized Magnetisation = (0.554938,-0.679652), Energy = -1.994121 
Averaging iterations... h=0.062500,0.000000
Done.
Final: Magnetisation = (0.545612,-0.692924), Energy = -1.996539 
<M> = (0.570941,-0.667633), <E> = -1.993946 

T=0.150000	 Thermalizing iterations... 
Done.
Thermalized Magnetisation = (0.577525,-0.662777), Energy = -1.999339 
Averaging iterations... h=0.062500,0.000000
Done.
Final: Magnetisation = (0.578495,-0.666416), Energy = -1.998561 
<M> = (0.568528,-0.672567), <E> = -1.999183 

T=0.140000	 Thermalizing iterations... 
Done.
Thermalized Magnetisation = (0.563143,-0.677236), Energy = -2.005126 
Averaging iterations... h=0.062500,0.000000
Done.
Final: Magnetisation = (0.571651,-0.675790), Energy = -2.005557 
<M> = (0.567280,-0.676455), <E> = -2.004534 

T=0.130000	 Thermalizing iterations... 
Done.
Thermalized Magnetisation = (0.561475,-0.690236), Energy = -2.011835 
Averaging iterations... h=0.062500,0.000000
Done.
Final: Magnetisation = (0.562739,-0.685904), Energy = -2.010653 
<M> = (0.562890,-0.683680), <E> = -2.009745 

T=0.120000	 Thermalizing iterations... 
Done.
Thermalized Magnetisation = (0.568803,-0.687032), Energy = -2.013649 
Averaging iterations... h=0.062500,0.000000
Done.
Final: Magnetisation = (0.571719,-0.683275), Energy = -2.015831 
<M> = (0.567373,-0.683318), <E> = -2.014853 

T=0.110000	 Thermalizing iterations... 
Done.
Thermalized Magnetisation = (0.578632,-0.682763), Energy = -2.020677 
Averaging iterations... h=0.062500,0.000000
Done.
Final: Magnetisation = (0.572801,-0.676435), Energy = -2.019953 
<M> = (0.568232,-0.687206), <E> = -2.019993 

T=0.100000	 Thermalizing iterations... 
Done.
Thermalized Magnetisation = (0.572918,-0.689365), Energy = -2.026520 
Averaging iterations... h=0.062500,0.000000
Done.
Final: Magnetisation = (0.561425,-0.694028), Energy = -2.024939 
<M> = (0.567959,-0.688363), <E> = -2.025177 

T=0.090000	 Thermalizing iterations... 
Done.
Thermalized Magnetisation = (0.575363,-0.684647), Energy = -2.030048 
Averaging iterations... h=0.062500,0.000000
Done.
Final: Magnetisation = (0.574765,-0.687094), Energy = -2.030531 
<M> = (0.573808,-0.688048), <E> = -2.030183 

T=0.080000	 Thermalizing iterations... 
Done.
Thermalized Magnetisation = (0.558306,-0.707100), Energy = -2.035936 
Averaging iterations... h=0.062500,0.000000
Done.
Final: Magnetisation = (0.572889,-0.685535), Energy = -2.035462 
<M> = (0.570971,-0.692848), <E> = -2.035301 

T=0.070000	 Thermalizing iterations... 
Done.
Thermalized Magnetisation = (0.574004,-0.692595), Energy = -2.040949 
Averaging iterations... h=0.062500,0.000000
Done.
Final: Magnetisation = (0.575008,-0.694432), Energy = -2.041125 
<M> = (0.567878,-0.698113), <E> = -2.040461 

T=0.060000	 Thermalizing iterations... 
Done.
Thermalized Magnetisation = (0.573079,-0.690659), Energy = -2.044638 
Averaging iterations... h=0.062500,0.000000
Done.
Final: Magnetisation = (0.565293,-0.706134), Energy = -2.046261 
<M> = (0.571567,-0.698369), <E> = -2.045571 

T=0.050000	 Thermalizing iterations... 
Done.
Thermalized Magnetisation = (0.566245,-0.697616), Energy = -2.050754 
Averaging iterations... h=0.062500,0.000000
Done.
Final: Magnetisation = (0.563571,-0.706927), Energy = -2.050955 
<M> = (0.572216,-0.702442), <E> = -2.050639 

T=0.040000	 Thermalizing iterations... 
Done.
Thermalized Magnetisation = (0.577675,-0.698230), Energy = -2.055517 
Averaging iterations... h=0.062500,0.000000
Done.
Final: Magnetisation = (0.578978,-0.696251), Energy = -2.055486 
<M> = (0.573564,-0.704868), <E> = -2.055681 

T=0.030000	 Thermalizing iterations... 
Done.
Thermalized Magnetisation = (0.578737,-0.702803), Energy = -2.060854 
Averaging iterations... h=0.062500,0.000000
Done.
Final: Magnetisation = (0.572717,-0.704448), Energy = -2.060583 
<M> = (0.570437,-0.708795), <E> = -2.060729 

T=0.020000	 Thermalizing iterations... 
Done.
Thermalized Magnetisation = (0.571665,-0.710894), Energy = -2.065599 
Averaging iterations... h=0.062500,0.000000
Done.
Final: Magnetisation = (0.571004,-0.715159), Energy = -2.065815 
<M> = (0.572636,-0.710999), <E> = -2.065764 

T=0.010000	 Thermalizing iterations... 
Done.
Thermalized Magnetisation = (0.573645,-0.713058), Energy = -2.070893 
Averaging iterations... h=0.062500,0.000000
Done.
Final: Magnetisation = (0.569491,-0.714771), Energy = -2.070780 
<M> = (0.572488,-0.713710), <E> = -2.070783 
Final Magnetisation = (0.569491,-0.714771), Energy = -2.070780 
------------------------

Updating all (first)black/(then)white checkerboard sites simultaneously.. 

ztne RFXY h rotating with |h|=0.062500 at T=0.000000..
loop 1

loop 2

CPU  Start Time = 1082643.355082 

CPU  End Time = 1091546.088971 

CPU Time elapsed total = 8902.733889 

real	148m22.787s
user	2555m40.128s
sys	1m18.985s
