+ cd /home/sbasak/Exercises/OpenMP/XY_code/Z2/rotating_field/trial/config/config_5
+ export OMP_NUM_THREADS=28
+ OMP_NUM_THREADS=28
+ ./a_0.out
nearest neighbor initialized. 
h loaded. 
J loaded. 
L = 128, dim_L = 2, dim_S = 2
hysteresis_MCS_multiplier = 10, hysteresis_MCS_max = 100
RAND_MAX = 2147483647.000000,
 sizeof(int) = 4,
 sizeof(long) = 8,
 sizeof(double) = 8,
 sizeof(long int) = 8,
 sizeof(short int) = 2,
 sizeof(unsigned int) = 4,
 sizeof(RAND_MAX) = 4
No. of THREADS = 28
No. of PROCESSORS = 28

0.058034,0.020442
order = ({1.000000-->-1.000000,0.000000}, 0, 1)
Initial Magnetisation = (0.058034,0.020442), Energy = 0.024490 
Cooling... 
T=2.000000	 Thermalizing iterations... 
Done.
Thermalized Magnetisation = (0.003907,-0.011802), Energy = -0.564702 
Averaging iterations... h=0.000000,0.000000
Done.
Final: Magnetisation = (-0.009117,-0.034080), Energy = -0.578719 
<M> = (0.003946,-0.000381), <E> = -0.609215 

T=1.990000	 Thermalizing iterations... 
Done.
Thermalized Magnetisation = (-0.022300,0.031729), Energy = -0.625601 
Averaging iterations... h=0.000000,0.000000
Done.
Final: Magnetisation = (-0.023779,0.011366), Energy = -0.643474 
<M> = (0.005249,-0.001464), <E> = -0.613322 

T=1.980000	 Thermalizing iterations... 
Done.
Thermalized Magnetisation = (-0.011457,0.016458), Energy = -0.639813 
Averaging iterations... h=0.000000,0.000000
Done.
Final: Magnetisation = (0.030624,0.006423), Energy = -0.620417 
<M> = (0.004036,-0.001091), <E> = -0.617926 

T=1.970000	 Thermalizing iterations... 
Done.
Thermalized Magnetisation = (-0.004201,0.028737), Energy = -0.636960 
Averaging iterations... h=0.000000,0.000000
Done.
Final: Magnetisation = (-0.008776,-0.045570), Energy = -0.608424 
<M> = (0.004334,-0.002165), <E> = -0.621658 

T=1.960000	 Thermalizing iterations... 
Done.
Thermalized Magnetisation = (0.001933,-0.029723), Energy = -0.661502 
Averaging iterations... h=0.000000,0.000000
Done.
Final: Magnetisation = (0.000737,0.002035), Energy = -0.627990 
<M> = (0.005751,-0.000511), <E> = -0.624832 

T=1.950000	 Thermalizing iterations... 
Done.
Thermalized Magnetisation = (-0.003485,0.010159), Energy = -0.623760 
Averaging iterations... h=0.000000,0.000000
Done.
Final: Magnetisation = (0.050901,-0.008099), Energy = -0.651540 
<M> = (0.006354,-0.000443), <E> = -0.628078 

T=1.940000	 Thermalizing iterations... 
Done.
Thermalized Magnetisation = (0.039627,-0.024136), Energy = -0.615419 
Averaging iterations... h=0.000000,0.000000
Done.
Final: Magnetisation = (0.038065,0.024584), Energy = -0.606381 
<M> = (0.004758,0.000350), <E> = -0.631574 

T=1.930000	 Thermalizing iterations... 
Done.
Thermalized Magnetisation = (0.012523,0.007700), Energy = -0.660868 
Averaging iterations... h=0.000000,0.000000
Done.
Final: Magnetisation = (-0.076449,0.010191), Energy = -0.617967 
<M> = (0.004089,0.000835), <E> = -0.634351 

T=1.920000	 Thermalizing iterations... 
Done.
Thermalized Magnetisation = (-0.023895,0.033846), Energy = -0.667228 
Averaging iterations... h=0.000000,0.000000
Done.
Final: Magnetisation = (0.007080,-0.004590), Energy = -0.657411 
<M> = (0.004501,-0.001732), <E> = -0.639380 

T=1.910000	 Thermalizing iterations... 
Done.
Thermalized Magnetisation = (-0.048576,0.022093), Energy = -0.640673 
Averaging iterations... h=0.000000,0.000000
Done.
Final: Magnetisation = (-0.012980,-0.014326), Energy = -0.684458 
<M> = (0.005201,-0.001345), <E> = -0.643525 

T=1.900000	 Thermalizing iterations... 
Done.
Thermalized Magnetisation = (0.083765,0.093155), Energy = -0.638967 
Averaging iterations... h=0.000000,0.000000
Done.
Final: Magnetisation = (-0.043617,-0.015668), Energy = -0.646137 
<M> = (0.005185,-0.002551), <E> = -0.647897 

T=1.890000	 Thermalizing iterations... 
Done.
Thermalized Magnetisation = (-0.044661,0.022575), Energy = -0.674847 
Averaging iterations... h=0.000000,0.000000
Done.
Final: Magnetisation = (-0.022678,0.003382), Energy = -0.636298 
<M> = (0.005160,-0.002301), <E> = -0.651542 

T=1.880000	 Thermalizing iterations... 
Done.
Thermalized Magnetisation = (0.002439,-0.045995), Energy = -0.649403 
Averaging iterations... h=0.000000,0.000000
Done.
Final: Magnetisation = (-0.043900,0.009837), Energy = -0.683136 
<M> = (0.005940,-0.001191), <E> = -0.655667 

T=1.870000	 Thermalizing iterations... 
Done.
Thermalized Magnetisation = (-0.021163,0.029931), Energy = -0.651024 
Averaging iterations... h=0.000000,0.000000
Done.
Final: Magnetisation = (0.020610,0.011834), Energy = -0.656041 
<M> = (0.006052,0.001973), <E> = -0.658883 

T=1.860000	 Thermalizing iterations... 
Done.
Thermalized Magnetisation = (-0.030634,0.033372), Energy = -0.620977 
Averaging iterations... h=0.000000,0.000000
Done.
Final: Magnetisation = (0.038655,-0.035390), Energy = -0.650864 
<M> = (0.005003,-0.000208), <E> = -0.663189 

T=1.850000	 Thermalizing iterations... 
Done.
Thermalized Magnetisation = (-0.002614,0.075023), Energy = -0.643669 
Averaging iterations... h=0.000000,0.000000
Done.
Final: Magnetisation = (0.036559,-0.025989), Energy = -0.692209 
<M> = (0.004789,-0.000206), <E> = -0.667342 

T=1.840000	 Thermalizing iterations... 
Done.
Thermalized Magnetisation = (-0.013423,0.024808), Energy = -0.668624 
Averaging iterations... h=0.000000,0.000000
Done.
Final: Magnetisation = (0.017346,-0.023528), Energy = -0.694812 
<M> = (0.006647,-0.001369), <E> = -0.671735 

T=1.830000	 Thermalizing iterations... 
Done.
Thermalized Magnetisation = (0.062785,-0.000531), Energy = -0.659817 
Averaging iterations... h=0.000000,0.000000
Done.
Final: Magnetisation = (0.003133,0.032229), Energy = -0.663254 
<M> = (0.004860,-0.003451), <E> = -0.676905 

T=1.820000	 Thermalizing iterations... 
Done.
Thermalized Magnetisation = (0.006995,0.028183), Energy = -0.688284 
Averaging iterations... h=0.000000,0.000000
Done.
Final: Magnetisation = (0.016839,-0.032277), Energy = -0.682999 
<M> = (0.005863,-0.002422), <E> = -0.681838 

T=1.810000	 Thermalizing iterations... 
Done.
Thermalized Magnetisation = (0.005756,0.027536), Energy = -0.684926 
Averaging iterations... h=0.000000,0.000000
Done.
Final: Magnetisation = (-0.007295,0.027658), Energy = -0.664463 
<M> = (0.007775,-0.001876), <E> = -0.685686 

T=1.800000	 Thermalizing iterations... 
Done.
Thermalized Magnetisation = (-0.028882,-0.012575), Energy = -0.681451 
Averaging iterations... h=0.000000,0.000000
Done.
Final: Magnetisation = (0.020112,0.032143), Energy = -0.707928 
<M> = (0.007780,0.000097), <E> = -0.689336 

T=1.790000	 Thermalizing iterations... 
Done.
Thermalized Magnetisation = (0.021482,-0.051702), Energy = -0.702617 
Averaging iterations... h=0.000000,0.000000
Done.
Final: Magnetisation = (-0.030840,-0.059571), Energy = -0.690870 
<M> = (0.005838,0.000353), <E> = -0.693781 

T=1.780000	 Thermalizing iterations... 
Done.
Thermalized Magnetisation = (0.002462,-0.045824), Energy = -0.727970 
Averaging iterations... h=0.000000,0.000000
Done.
Final: Magnetisation = (0.023554,-0.014551), Energy = -0.686365 
<M> = (0.005538,0.001339), <E> = -0.697765 

T=1.770000	 Thermalizing iterations... 
Done.
Thermalized Magnetisation = (0.035971,0.034903), Energy = -0.706972 
Averaging iterations... h=0.000000,0.000000
Done.
Final: Magnetisation = (0.009300,0.083287), Energy = -0.700413 
<M> = (0.006980,-0.002957), <E> = -0.702955 

T=1.760000	 Thermalizing iterations... 
Done.
Thermalized Magnetisation = (-0.005001,0.013405), Energy = -0.748193 
Averaging iterations... h=0.000000,0.000000
Done.
Final: Magnetisation = (0.071027,-0.045642), Energy = -0.735779 
<M> = (0.006747,-0.001126), <E> = -0.708452 

T=1.750000	 Thermalizing iterations... 
Done.
Thermalized Magnetisation = (-0.033854,0.003758), Energy = -0.706580 
Averaging iterations... h=0.000000,0.000000
Done.
Final: Magnetisation = (0.062196,-0.008182), Energy = -0.681828 
<M> = (0.005148,-0.003681), <E> = -0.713112 

T=1.740000	 Thermalizing iterations... 
Done.
Thermalized Magnetisation = (0.027413,0.015666), Energy = -0.695383 
Averaging iterations... h=0.000000,0.000000
Done.
Final: Magnetisation = (0.029709,-0.018552), Energy = -0.715919 
<M> = (0.006853,-0.002544), <E> = -0.718384 

T=1.730000	 Thermalizing iterations... 
Done.
Thermalized Magnetisation = (0.020125,-0.022328), Energy = -0.724615 
Averaging iterations... h=0.000000,0.000000
Done.
Final: Magnetisation = (-0.057121,-0.076717), Energy = -0.746102 
<M> = (0.008157,-0.001349), <E> = -0.722647 

T=1.720000	 Thermalizing iterations... 
Done.
Thermalized Magnetisation = (0.008598,-0.045166), Energy = -0.720909 
Averaging iterations... h=0.000000,0.000000
Done.
Final: Magnetisation = (0.005175,0.040869), Energy = -0.728510 
<M> = (0.006740,0.000862), <E> = -0.726801 

T=1.710000	 Thermalizing iterations... 
Done.
Thermalized Magnetisation = (0.023856,-0.062117), Energy = -0.760130 
Averaging iterations... h=0.000000,0.000000
Done.
Final: Magnetisation = (0.030318,-0.042539), Energy = -0.742504 
<M> = (0.006653,-0.000209), <E> = -0.732088 

T=1.700000	 Thermalizing iterations... 
Done.
Thermalized Magnetisation = (0.032465,-0.003468), Energy = -0.736991 
Averaging iterations... h=0.000000,0.000000
Done.
Final: Magnetisation = (0.028241,0.010559), Energy = -0.743406 
<M> = (0.007282,0.000126), <E> = -0.737344 

T=1.690000	 Thermalizing iterations... 
Done.
Thermalized Magnetisation = (-0.075823,0.034658), Energy = -0.749303 
Averaging iterations... h=0.000000,0.000000
Done.
Final: Magnetisation = (0.023831,-0.074389), Energy = -0.733220 
<M> = (0.007732,-0.000389), <E> = -0.742730 

T=1.680000	 Thermalizing iterations... 
Done.
Thermalized Magnetisation = (-0.041997,-0.009205), Energy = -0.746083 
Averaging iterations... h=0.000000,0.000000
Done.
Final: Magnetisation = (0.000660,-0.090868), Energy = -0.731095 
<M> = (0.006286,-0.003203), <E> = -0.748743 

T=1.670000	 Thermalizing iterations... 
Done.
Thermalized Magnetisation = (-0.020032,0.017125), Energy = -0.764659 
Averaging iterations... h=0.000000,0.000000
Done.
Final: Magnetisation = (0.027096,-0.076471), Energy = -0.784628 
<M> = (0.007648,-0.001560), <E> = -0.754222 

T=1.660000	 Thermalizing iterations... 
Done.
Thermalized Magnetisation = (-0.034687,0.000976), Energy = -0.747868 
Averaging iterations... h=0.000000,0.000000
Done.
Final: Magnetisation = (0.040944,-0.025559), Energy = -0.772318 
<M> = (0.008599,-0.001603), <E> = -0.759404 

T=1.650000	 Thermalizing iterations... 
Done.
Thermalized Magnetisation = (-0.002467,-0.027384), Energy = -0.742385 
Averaging iterations... h=0.000000,0.000000
Done.
Final: Magnetisation = (-0.035354,0.059746), Energy = -0.759951 
<M> = (0.009665,0.001369), <E> = -0.764220 

T=1.640000	 Thermalizing iterations... 
Done.
Thermalized Magnetisation = (0.057567,0.077557), Energy = -0.779782 
Averaging iterations... h=0.000000,0.000000
Done.
Final: Magnetisation = (0.064201,-0.029074), Energy = -0.777083 
<M> = (0.007738,0.001702), <E> = -0.769906 

T=1.630000	 Thermalizing iterations... 
Done.
Thermalized Magnetisation = (0.016860,0.009771), Energy = -0.800320 
Averaging iterations... h=0.000000,0.000000
Done.
Final: Magnetisation = (0.026332,-0.005599), Energy = -0.717748 
<M> = (0.007973,0.000621), <E> = -0.774794 

T=1.620000	 Thermalizing iterations... 
Done.
Thermalized Magnetisation = (0.003279,-0.060893), Energy = -0.789124 
Averaging iterations... h=0.000000,0.000000
Done.
Final: Magnetisation = (0.089139,-0.036407), Energy = -0.762644 
<M> = (0.009252,-0.000490), <E> = -0.781247 

T=1.610000	 Thermalizing iterations... 
Done.
Thermalized Magnetisation = (0.028728,0.029508), Energy = -0.788056 
Averaging iterations... h=0.000000,0.000000
Done.
Final: Magnetisation = (-0.000075,0.079961), Energy = -0.797525 
<M> = (0.007897,-0.002474), <E> = -0.787637 

T=1.600000	 Thermalizing iterations... 
Done.
Thermalized Magnetisation = (0.014784,-0.041394), Energy = -0.819673 
Averaging iterations... h=0.000000,0.000000
Done.
Final: Magnetisation = (-0.024365,-0.027475), Energy = -0.771447 
<M> = (0.007154,-0.004124), <E> = -0.794032 

T=1.590000	 Thermalizing iterations... 
Done.
Thermalized Magnetisation = (-0.023497,0.034893), Energy = -0.772047 
Averaging iterations... h=0.000000,0.000000
Done.
Final: Magnetisation = (-0.086965,0.020610), Energy = -0.772689 
<M> = (0.008208,-0.001829), <E> = -0.800084 

T=1.580000	 Thermalizing iterations... 
Done.
Thermalized Magnetisation = (0.022669,-0.009789), Energy = -0.774374 
Averaging iterations... h=0.000000,0.000000
Done.
Final: Magnetisation = (0.019004,-0.058619), Energy = -0.849224 
<M> = (0.011314,-0.000130), <E> = -0.805678 

T=1.570000	 Thermalizing iterations... 
Done.
Thermalized Magnetisation = (0.000960,0.009880), Energy = -0.823360 
Averaging iterations... h=0.000000,0.000000
Done.
Final: Magnetisation = (0.016184,0.032618), Energy = -0.806085 
<M> = (0.009729,-0.000254), <E> = -0.811295 

T=1.560000	 Thermalizing iterations... 
Done.
Thermalized Magnetisation = (0.060508,-0.044391), Energy = -0.843001 
Averaging iterations... h=0.000000,0.000000
Done.
Final: Magnetisation = (-0.039565,-0.005034), Energy = -0.786953 
<M> = (0.008929,0.002804), <E> = -0.816535 

T=1.550000	 Thermalizing iterations... 
Done.
Thermalized Magnetisation = (-0.055513,0.003767), Energy = -0.784720 
Averaging iterations... h=0.000000,0.000000
Done.
Final: Magnetisation = (-0.022319,0.022981), Energy = -0.802338 
<M> = (0.009817,-0.000210), <E> = -0.823968 

T=1.540000	 Thermalizing iterations... 
Done.
Thermalized Magnetisation = (-0.010609,0.088116), Energy = -0.843068 
Averaging iterations... h=0.000000,0.000000
Done.
Final: Magnetisation = (0.011088,-0.083633), Energy = -0.838382 
<M> = (0.010128,0.000136), <E> = -0.830669 

T=1.530000	 Thermalizing iterations... 
Done.
Thermalized Magnetisation = (0.043337,-0.006849), Energy = -0.862268 
Averaging iterations... h=0.000000,0.000000
Done.
Final: Magnetisation = (0.007147,0.043820), Energy = -0.825786 
<M> = (0.009265,-0.004015), <E> = -0.838451 

T=1.520000	 Thermalizing iterations... 
Done.
Thermalized Magnetisation = (0.048564,0.075231), Energy = -0.845850 
Averaging iterations... h=0.000000,0.000000
Done.
Final: Magnetisation = (-0.024376,-0.026160), Energy = -0.847766 
<M> = (0.009846,-0.004125), <E> = -0.844642 

T=1.510000	 Thermalizing iterations... 
Done.
Thermalized Magnetisation = (0.027497,0.018301), Energy = -0.895000 
Averaging iterations... h=0.000000,0.000000
Done.
Final: Magnetisation = (0.011030,-0.003447), Energy = -0.830210 
<M> = (0.013301,-0.001958), <E> = -0.851191 

T=1.500000	 Thermalizing iterations... 
Done.
Thermalized Magnetisation = (0.048345,-0.099018), Energy = -0.881112 
Averaging iterations... h=0.000000,0.000000
Done.
Final: Magnetisation = (-0.038125,-0.053747), Energy = -0.836756 
<M> = (0.012467,0.002203), <E> = -0.857043 

T=1.490000	 Thermalizing iterations... 
Done.
Thermalized Magnetisation = (0.037023,-0.020688), Energy = -0.820987 
Averaging iterations... h=0.000000,0.000000
Done.
Final: Magnetisation = (-0.014306,0.089545), Energy = -0.855338 
<M> = (0.010860,0.002401), <E> = -0.864016 

T=1.480000	 Thermalizing iterations... 
Done.
Thermalized Magnetisation = (0.048483,-0.023698), Energy = -0.841121 
Averaging iterations... h=0.000000,0.000000
Done.
Final: Magnetisation = (0.027821,-0.011566), Energy = -0.861503 
<M> = (0.009093,0.002230), <E> = -0.871218 

T=1.470000	 Thermalizing iterations... 
Done.
Thermalized Magnetisation = (0.051004,-0.030150), Energy = -0.883828 
Averaging iterations... h=0.000000,0.000000
Done.
Final: Magnetisation = (0.033480,0.002048), Energy = -0.882649 
<M> = (0.011774,-0.000760), <E> = -0.878795 

T=1.460000	 Thermalizing iterations... 
Done.
Thermalized Magnetisation = (0.019290,0.102210), Energy = -0.885949 
Averaging iterations... h=0.000000,0.000000
Done.
Final: Magnetisation = (0.029594,0.022170), Energy = -0.871361 
<M> = (0.009873,-0.001659), <E> = -0.886552 

T=1.450000	 Thermalizing iterations... 
Done.
Thermalized Magnetisation = (0.027589,0.039092), Energy = -0.896753 
Averaging iterations... h=0.000000,0.000000
Done.
Final: Magnetisation = (-0.019784,-0.022079), Energy = -0.893030 
<M> = (0.011677,-0.005925), <E> = -0.895066 

T=1.440000	 Thermalizing iterations... 
Done.
Thermalized Magnetisation = (0.059625,-0.042063), Energy = -0.912143 
Averaging iterations... h=0.000000,0.000000
Done.
Final: Magnetisation = (0.046318,-0.040936), Energy = -0.908400 
<M> = (0.013419,-0.004917), <E> = -0.902455 

T=1.430000	 Thermalizing iterations... 
Done.
Thermalized Magnetisation = (-0.002071,-0.089825), Energy = -0.943714 
Averaging iterations... h=0.000000,0.000000
Done.
Final: Magnetisation = (-0.012649,0.019261), Energy = -0.910179 
<M> = (0.015892,0.002617), <E> = -0.908729 

T=1.420000	 Thermalizing iterations... 
Done.
Thermalized Magnetisation = (0.152469,0.047414), Energy = -0.934017 
Averaging iterations... h=0.000000,0.000000
Done.
Final: Magnetisation = (0.006148,-0.037479), Energy = -0.908188 
<M> = (0.014329,0.000755), <E> = -0.916282 

T=1.410000	 Thermalizing iterations... 
Done.
Thermalized Magnetisation = (0.027488,-0.003961), Energy = -0.946320 
Averaging iterations... h=0.000000,0.000000
Done.
Final: Magnetisation = (-0.018667,0.010195), Energy = -0.955033 
<M> = (0.010731,0.005260), <E> = -0.923688 

T=1.400000	 Thermalizing iterations... 
Done.
Thermalized Magnetisation = (0.013479,-0.026245), Energy = -0.911097 
Averaging iterations... h=0.000000,0.000000
Done.
Final: Magnetisation = (0.028491,0.129002), Energy = -0.895513 
<M> = (0.012694,-0.000725), <E> = -0.933182 

T=1.390000	 Thermalizing iterations... 
Done.
Thermalized Magnetisation = (-0.045255,-0.033334), Energy = -0.947215 
Averaging iterations... h=0.000000,0.000000
Done.
Final: Magnetisation = (0.012906,0.015260), Energy = -0.951673 
<M> = (0.013155,-0.004969), <E> = -0.941774 

T=1.380000	 Thermalizing iterations... 
Done.
Thermalized Magnetisation = (0.019030,-0.027550), Energy = -0.929456 
Averaging iterations... h=0.000000,0.000000
Done.
Final: Magnetisation = (0.033182,-0.012744), Energy = -0.922457 
<M> = (0.013215,-0.009856), <E> = -0.950321 

T=1.370000	 Thermalizing iterations... 
Done.
Thermalized Magnetisation = (-0.014718,-0.082130), Energy = -0.942377 
Averaging iterations... h=0.000000,0.000000
Done.
Final: Magnetisation = (-0.021590,-0.038838), Energy = -0.931817 
<M> = (0.013236,-0.007368), <E> = -0.958454 

T=1.360000	 Thermalizing iterations... 
Done.
Thermalized Magnetisation = (-0.003217,0.082647), Energy = -0.996670 
Averaging iterations... h=0.000000,0.000000
Done.
Final: Magnetisation = (0.066143,0.065065), Energy = -0.987947 
<M> = (0.016392,-0.001036), <E> = -0.966051 

T=1.350000	 Thermalizing iterations... 
Done.
Thermalized Magnetisation = (0.020724,0.062761), Energy = -0.963867 
Averaging iterations... h=0.000000,0.000000
Done.
Final: Magnetisation = (-0.011068,0.084498), Energy = -0.985142 
<M> = (0.018112,0.008215), <E> = -0.974598 

T=1.340000	 Thermalizing iterations... 
Done.
Thermalized Magnetisation = (0.094634,0.022084), Energy = -1.032335 
Averaging iterations... h=0.000000,0.000000
Done.
Final: Magnetisation = (0.062542,-0.030044), Energy = -0.998192 
<M> = (0.014396,0.003058), <E> = -0.983700 

T=1.330000	 Thermalizing iterations... 
Done.
Thermalized Magnetisation = (0.063629,0.030508), Energy = -0.997046 
Averaging iterations... h=0.000000,0.000000
Done.
Final: Magnetisation = (0.038460,-0.069471), Energy = -1.018736 
<M> = (0.014578,0.000246), <E> = -0.992238 

T=1.320000	 Thermalizing iterations... 
Done.
Thermalized Magnetisation = (0.058770,-0.024753), Energy = -1.005661 
Averaging iterations... h=0.000000,0.000000
Done.
Final: Magnetisation = (-0.015522,-0.047344), Energy = -0.960960 
<M> = (0.021403,-0.002875), <E> = -1.001919 

T=1.310000	 Thermalizing iterations... 
Done.
Thermalized Magnetisation = (0.053374,-0.056774), Energy = -1.045183 
Averaging iterations... h=0.000000,0.000000
Done.
Final: Magnetisation = (0.000996,0.063549), Energy = -1.047067 
<M> = (0.019470,-0.007943), <E> = -1.012186 

T=1.300000	 Thermalizing iterations... 
Done.
Thermalized Magnetisation = (0.008788,-0.032748), Energy = -1.013794 
Averaging iterations... h=0.000000,0.000000
Done.
Final: Magnetisation = (0.050832,0.031488), Energy = -1.066218 
<M> = (0.016942,-0.007415), <E> = -1.021796 

T=1.290000	 Thermalizing iterations... 
Done.
Thermalized Magnetisation = (-0.006571,-0.064840), Energy = -1.027482 
Averaging iterations... h=0.000000,0.000000
Done.
Final: Magnetisation = (0.027267,-0.041716), Energy = -1.035436 
<M> = (0.024261,-0.009404), <E> = -1.031473 

T=1.280000	 Thermalizing iterations... 
Done.
Thermalized Magnetisation = (0.004815,0.008028), Energy = -1.061904 
Averaging iterations... h=0.000000,0.000000
Done.
Final: Magnetisation = (0.024139,0.014565), Energy = -1.052590 
<M> = (0.020040,0.001096), <E> = -1.039071 

T=1.270000	 Thermalizing iterations... 
Done.
Thermalized Magnetisation = (-0.040705,-0.001062), Energy = -1.045747 
Averaging iterations... h=0.000000,0.000000
Done.
Final: Magnetisation = (-0.033680,0.011176), Energy = -1.062054 
<M> = (0.021454,0.000766), <E> = -1.048913 

T=1.260000	 Thermalizing iterations... 
Done.
Thermalized Magnetisation = (-0.050900,-0.043352), Energy = -1.051212 
Averaging iterations... h=0.000000,0.000000
Done.
Final: Magnetisation = (-0.005637,0.001420), Energy = -1.057578 
<M> = (0.019651,0.006673), <E> = -1.058292 

T=1.250000	 Thermalizing iterations... 
Done.
Thermalized Magnetisation = (-0.018332,-0.094865), Energy = -1.107842 
Averaging iterations... h=0.000000,0.000000
Done.
Final: Magnetisation = (-0.009105,0.067285), Energy = -1.057856 
<M> = (0.021532,-0.004497), <E> = -1.070050 

T=1.240000	 Thermalizing iterations... 
Done.
Thermalized Magnetisation = (0.032998,-0.036432), Energy = -1.089772 
Averaging iterations... h=0.000000,0.000000
Done.
Final: Magnetisation = (-0.059342,-0.040593), Energy = -1.048237 
<M> = (0.021035,-0.006777), <E> = -1.080712 

T=1.230000	 Thermalizing iterations... 
Done.
Thermalized Magnetisation = (0.060956,0.064943), Energy = -1.114332 
Averaging iterations... h=0.000000,0.000000
Done.
Final: Magnetisation = (0.023681,-0.094984), Energy = -1.035689 
<M> = (0.019435,-0.012684), <E> = -1.090924 

T=1.220000	 Thermalizing iterations... 
Done.
Thermalized Magnetisation = (0.032961,-0.048747), Energy = -1.080730 
Averaging iterations... h=0.000000,0.000000
Done.
Final: Magnetisation = (-0.015133,-0.054959), Energy = -1.128987 
<M> = (0.019782,-0.010038), <E> = -1.100562 

T=1.210000	 Thermalizing iterations... 
Done.
Thermalized Magnetisation = (0.005628,0.019905), Energy = -1.066667 
Averaging iterations... h=0.000000,0.000000
Done.
Final: Magnetisation = (0.022836,-0.016635), Energy = -1.135462 
<M> = (0.024743,-0.000135), <E> = -1.111032 

T=1.200000	 Thermalizing iterations... 
Done.
Thermalized Magnetisation = (0.129576,-0.091222), Energy = -1.102829 
Averaging iterations... h=0.000000,0.000000
Done.
Final: Magnetisation = (0.037873,0.050542), Energy = -1.122307 
<M> = (0.020948,0.008397), <E> = -1.120755 

T=1.190000	 Thermalizing iterations... 
Done.
Thermalized Magnetisation = (0.056898,0.019642), Energy = -1.091841 
Averaging iterations... h=0.000000,0.000000
Done.
Final: Magnetisation = (0.017422,-0.071940), Energy = -1.141531 
<M> = (0.023927,0.010327), <E> = -1.131564 

T=1.180000	 Thermalizing iterations... 
Done.
Thermalized Magnetisation = (0.021907,-0.058955), Energy = -1.123743 
Averaging iterations... h=0.000000,0.000000
Done.
Final: Magnetisation = (0.017994,-0.058450), Energy = -1.101906 
<M> = (0.027456,0.001659), <E> = -1.143351 

T=1.170000	 Thermalizing iterations... 
Done.
Thermalized Magnetisation = (-0.021446,0.114922), Energy = -1.165255 
Averaging iterations... h=0.000000,0.000000
Done.
Final: Magnetisation = (-0.001419,0.197109), Energy = -1.157873 
<M> = (0.025662,-0.003033), <E> = -1.153929 

T=1.160000	 Thermalizing iterations... 
Done.
Thermalized Magnetisation = (0.114621,-0.177916), Energy = -1.190176 
Averaging iterations... h=0.000000,0.000000
Done.
Final: Magnetisation = (0.000601,-0.045524), Energy = -1.169384 
<M> = (0.026074,-0.019936), <E> = -1.167118 

T=1.150000	 Thermalizing iterations... 
Done.
Thermalized Magnetisation = (0.006358,-0.152971), Energy = -1.233848 
Averaging iterations... h=0.000000,0.000000
Done.
Final: Magnetisation = (0.042970,-0.001341), Energy = -1.175298 
<M> = (0.025886,-0.018651), <E> = -1.178403 

T=1.140000	 Thermalizing iterations... 
Done.
Thermalized Magnetisation = (-0.016105,-0.056524), Energy = -1.192544 
Averaging iterations... h=0.000000,0.000000
Done.
Final: Magnetisation = (0.081819,-0.102508), Energy = -1.188961 
<M> = (0.032383,-0.024821), <E> = -1.189059 

T=1.130000	 Thermalizing iterations... 
Done.
Thermalized Magnetisation = (-0.073431,0.110809), Energy = -1.182100 
Averaging iterations... h=0.000000,0.000000
Done.
Final: Magnetisation = (0.015223,0.062331), Energy = -1.186323 
<M> = (0.028724,0.003566), <E> = -1.200036 

T=1.120000	 Thermalizing iterations... 
Done.
Thermalized Magnetisation = (0.040539,0.047197), Energy = -1.216382 
Averaging iterations... h=0.000000,0.000000
Done.
Final: Magnetisation = (-0.004039,-0.148142), Energy = -1.212355 
<M> = (0.028077,-0.009338), <E> = -1.211200 

T=1.110000	 Thermalizing iterations... 
Done.
Thermalized Magnetisation = (0.085428,-0.070362), Energy = -1.209313 
Averaging iterations... h=0.000000,0.000000
Done.
Final: Magnetisation = (0.060753,0.055023), Energy = -1.231113 
<M> = (0.030926,0.006869), <E> = -1.222192 

T=1.100000	 Thermalizing iterations... 
Done.
Thermalized Magnetisation = (-0.013523,-0.206941), Energy = -1.249993 
Averaging iterations... h=0.000000,0.000000
Done.
Final: Magnetisation = (0.021450,-0.086737), Energy = -1.233580 
<M> = (0.031600,0.024655), <E> = -1.235325 

T=1.090000	 Thermalizing iterations... 
Done.
Thermalized Magnetisation = (0.004879,-0.019584), Energy = -1.248891 
Averaging iterations... h=0.000000,0.000000
Done.
Final: Magnetisation = (-0.017469,0.014791), Energy = -1.246081 
<M> = (0.031041,-0.039050), <E> = -1.247929 

T=1.080000	 Thermalizing iterations... 
Done.
Thermalized Magnetisation = (0.005833,-0.031073), Energy = -1.263539 
Averaging iterations... h=0.000000,0.000000
Done.
Final: Magnetisation = (0.043466,0.019638), Energy = -1.238487 
<M> = (0.026998,-0.057604), <E> = -1.260367 

T=1.070000	 Thermalizing iterations... 
Done.
Thermalized Magnetisation = (0.041389,0.095630), Energy = -1.285587 
Averaging iterations... h=0.000000,0.000000
Done.
Final: Magnetisation = (0.030478,0.079665), Energy = -1.250168 
<M> = (0.035708,-0.049847), <E> = -1.274082 

T=1.060000	 Thermalizing iterations... 
Done.
Thermalized Magnetisation = (0.036499,0.176210), Energy = -1.272839 
Averaging iterations... h=0.000000,0.000000
Done.
Final: Magnetisation = (0.053666,-0.148891), Energy = -1.309902 
<M> = (0.036893,-0.010940), <E> = -1.284202 

T=1.050000	 Thermalizing iterations... 
Done.
Thermalized Magnetisation = (0.049793,-0.147447), Energy = -1.317754 
Averaging iterations... h=0.000000,0.000000
Done.
Final: Magnetisation = (0.057790,-0.004914), Energy = -1.276445 
<M> = (0.035036,-0.026299), <E> = -1.296084 

T=1.040000	 Thermalizing iterations... 
Done.
Thermalized Magnetisation = (-0.073411,0.073619), Energy = -1.302095 
Averaging iterations... h=0.000000,0.000000
Done.
Final: Magnetisation = (0.009294,0.063467), Energy = -1.328753 
<M> = (0.028009,0.038132), <E> = -1.308039 

T=1.030000	 Thermalizing iterations... 
Done.
Thermalized Magnetisation = (0.002032,-0.181490), Energy = -1.287501 
Averaging iterations... h=0.000000,0.000000
Done.
Final: Magnetisation = (0.019487,0.064517), Energy = -1.331780 
<M> = (0.039475,-0.038840), <E> = -1.320166 

T=1.020000	 Thermalizing iterations... 
Done.
Thermalized Magnetisation = (0.039421,-0.054108), Energy = -1.298155 
Averaging iterations... h=0.000000,0.000000
Done.
Final: Magnetisation = (0.041924,0.105992), Energy = -1.361064 
<M> = (0.034380,-0.031548), <E> = -1.332035 

T=1.010000	 Thermalizing iterations... 
Done.
Thermalized Magnetisation = (-0.030685,-0.085796), Energy = -1.338922 
Averaging iterations... h=0.000000,0.000000
Done.
Final: Magnetisation = (0.019162,-0.208795), Energy = -1.326131 
<M> = (0.032764,-0.127898), <E> = -1.348200 

T=1.000000	 Thermalizing iterations... 
Done.
Thermalized Magnetisation = (0.083056,-0.235513), Energy = -1.387259 
Averaging iterations... h=0.000000,0.000000
Done.
Final: Magnetisation = (0.126942,-0.158444), Energy = -1.372407 
<M> = (0.041091,-0.086892), <E> = -1.360566 

T=0.990000	 Thermalizing iterations... 
Done.
Thermalized Magnetisation = (-0.030158,-0.014821), Energy = -1.391866 
Averaging iterations... h=0.000000,0.000000
Done.
Final: Magnetisation = (0.064504,-0.131854), Energy = -1.362400 
<M> = (0.052152,-0.168225), <E> = -1.372811 

T=0.980000	 Thermalizing iterations... 
Done.
Thermalized Magnetisation = (0.021440,-0.063567), Energy = -1.392908 
Averaging iterations... h=0.000000,0.000000
Done.
Final: Magnetisation = (0.110414,0.088765), Energy = -1.399624 
<M> = (0.046803,0.121651), <E> = -1.382520 

T=0.970000	 Thermalizing iterations... 
Done.
Thermalized Magnetisation = (0.080063,-0.206688), Energy = -1.366211 
Averaging iterations... h=0.000000,0.000000
Done.
Final: Magnetisation = (0.003314,0.029480), Energy = -1.406361 
<M> = (0.050204,-0.121442), <E> = -1.395554 

T=0.960000	 Thermalizing iterations... 
Done.
Thermalized Magnetisation = (-0.006354,-0.412484), Energy = -1.440708 
Averaging iterations... h=0.000000,0.000000
Done.
Final: Magnetisation = (0.093829,-0.107164), Energy = -1.388034 
<M> = (0.040785,-0.281966), <E> = -1.411384 

T=0.950000	 Thermalizing iterations... 
Done.
Thermalized Magnetisation = (-0.008025,-0.486286), Energy = -1.421882 
Averaging iterations... h=0.000000,0.000000
Done.
Final: Magnetisation = (0.035320,-0.427736), Energy = -1.434961 
<M> = (0.046074,-0.442071), <E> = -1.430092 

T=0.940000	 Thermalizing iterations... 
Done.
Thermalized Magnetisation = (0.069317,-0.283679), Energy = -1.435461 
Averaging iterations... h=0.000000,0.000000
Done.
Final: Magnetisation = (-0.018036,-0.344547), Energy = -1.430804 
<M> = (0.040088,-0.469473), <E> = -1.444490 

T=0.930000	 Thermalizing iterations... 
Done.
Thermalized Magnetisation = (0.084592,-0.200574), Energy = -1.441210 
Averaging iterations... h=0.000000,0.000000
Done.
Final: Magnetisation = (0.026480,-0.480609), Energy = -1.450207 
<M> = (0.044032,-0.423491), <E> = -1.452038 

T=0.920000	 Thermalizing iterations... 
Done.
Thermalized Magnetisation = (0.061406,-0.516049), Energy = -1.476254 
Averaging iterations... h=0.000000,0.000000
Done.
Final: Magnetisation = (0.036741,-0.520067), Energy = -1.461448 
<M> = (0.045255,-0.543388), <E> = -1.470409 

T=0.910000	 Thermalizing iterations... 
Done.
Thermalized Magnetisation = (0.030251,-0.591809), Energy = -1.483982 
Averaging iterations... h=0.000000,0.000000
Done.
Final: Magnetisation = (0.045277,-0.522727), Energy = -1.469589 
<M> = (0.052710,-0.545652), <E> = -1.479532 

T=0.900000	 Thermalizing iterations... 
Done.
Thermalized Magnetisation = (0.046586,-0.601285), Energy = -1.487170 
Averaging iterations... h=0.000000,0.000000
Done.
Final: Magnetisation = (0.096099,-0.482168), Energy = -1.496167 
<M> = (0.045654,-0.541873), <E> = -1.489252 

T=0.890000	 Thermalizing iterations... 
Done.
Thermalized Magnetisation = (0.042086,-0.522376), Energy = -1.497509 
Averaging iterations... h=0.000000,0.000000
Done.
Final: Magnetisation = (0.061241,-0.496720), Energy = -1.482264 
<M> = (0.034079,-0.559364), <E> = -1.499018 

T=0.880000	 Thermalizing iterations... 
Done.
Thermalized Magnetisation = (0.000382,-0.626028), Energy = -1.517696 
Averaging iterations... h=0.000000,0.000000
Done.
Final: Magnetisation = (0.097178,-0.571188), Energy = -1.513094 
<M> = (0.046490,-0.584048), <E> = -1.511181 

T=0.870000	 Thermalizing iterations... 
Done.
Thermalized Magnetisation = (0.031184,-0.618739), Energy = -1.541483 
Averaging iterations... h=0.000000,0.000000
Done.
Final: Magnetisation = (0.065215,-0.556855), Energy = -1.514595 
<M> = (0.038761,-0.596382), <E> = -1.521634 

T=0.860000	 Thermalizing iterations... 
Done.
Thermalized Magnetisation = (0.102638,-0.626569), Energy = -1.548001 
Averaging iterations... h=0.000000,0.000000
Done.
Final: Magnetisation = (0.055849,-0.603119), Energy = -1.530816 
<M> = (0.032496,-0.606291), <E> = -1.532272 

T=0.850000	 Thermalizing iterations... 
Done.
Thermalized Magnetisation = (0.003980,-0.618042), Energy = -1.539282 
Averaging iterations... h=0.000000,0.000000
Done.
Final: Magnetisation = (0.016281,-0.623088), Energy = -1.525608 
<M> = (0.039243,-0.612888), <E> = -1.540829 

T=0.840000	 Thermalizing iterations... 
Done.
Thermalized Magnetisation = (0.030886,-0.645569), Energy = -1.567150 
Averaging iterations... h=0.000000,0.000000
Done.
Final: Magnetisation = (0.069703,-0.645408), Energy = -1.582435 
<M> = (0.047078,-0.618375), <E> = -1.549303 

T=0.830000	 Thermalizing iterations... 
Done.
Thermalized Magnetisation = (0.096404,-0.606372), Energy = -1.556819 
Averaging iterations... h=0.000000,0.000000
Done.
Final: Magnetisation = (0.070554,-0.633509), Energy = -1.565673 
<M> = (0.047049,-0.623796), <E> = -1.558049 

T=0.820000	 Thermalizing iterations... 
Done.
Thermalized Magnetisation = (0.002835,-0.645627), Energy = -1.556782 
Averaging iterations... h=0.000000,0.000000
Done.
Final: Magnetisation = (-0.011332,-0.640912), Energy = -1.543810 
<M> = (0.045339,-0.624405), <E> = -1.565486 

T=0.810000	 Thermalizing iterations... 
Done.
Thermalized Magnetisation = (0.018153,-0.671213), Energy = -1.558231 
Averaging iterations... h=0.000000,0.000000
Done.
Final: Magnetisation = (0.027363,-0.613114), Energy = -1.556556 
<M> = (0.046997,-0.633349), <E> = -1.574329 

T=0.800000	 Thermalizing iterations... 
Done.
Thermalized Magnetisation = (0.012456,-0.662416), Energy = -1.591536 
Averaging iterations... h=0.000000,0.000000
Done.
Final: Magnetisation = (-0.012264,-0.637414), Energy = -1.579429 
<M> = (0.036521,-0.638795), <E> = -1.583723 

T=0.790000	 Thermalizing iterations... 
Done.
Thermalized Magnetisation = (-0.037117,-0.679276), Energy = -1.596077 
Averaging iterations... h=0.000000,0.000000
Done.
Final: Magnetisation = (0.021031,-0.648628), Energy = -1.616300 
<M> = (0.035935,-0.652858), <E> = -1.592884 

T=0.780000	 Thermalizing iterations... 
Done.
Thermalized Magnetisation = (0.066319,-0.669341), Energy = -1.596618 
Averaging iterations... h=0.000000,0.000000
Done.
Final: Magnetisation = (0.060995,-0.657018), Energy = -1.595335 
<M> = (0.032370,-0.657013), <E> = -1.600663 

T=0.770000	 Thermalizing iterations... 
Done.
Thermalized Magnetisation = (0.084694,-0.663934), Energy = -1.607561 
Averaging iterations... h=0.000000,0.000000
Done.
Final: Magnetisation = (-0.033318,-0.635080), Energy = -1.587954 
<M> = (0.042787,-0.663147), <E> = -1.608331 

T=0.760000	 Thermalizing iterations... 
Done.
Thermalized Magnetisation = (-0.002424,-0.651077), Energy = -1.599388 
Averaging iterations... h=0.000000,0.000000
Done.
Final: Magnetisation = (0.100778,-0.694234), Energy = -1.630663 
<M> = (0.044325,-0.663183), <E> = -1.615653 

T=0.750000	 Thermalizing iterations... 
Done.
Thermalized Magnetisation = (0.060470,-0.654008), Energy = -1.621684 
Averaging iterations... h=0.000000,0.000000
Done.
Final: Magnetisation = (0.007640,-0.694026), Energy = -1.623125 
<M> = (0.044756,-0.669538), <E> = -1.623097 

T=0.740000	 Thermalizing iterations... 
Done.
Thermalized Magnetisation = (0.084249,-0.708225), Energy = -1.653716 
Averaging iterations... h=0.000000,0.000000
Done.
Final: Magnetisation = (0.049979,-0.668071), Energy = -1.626628 
<M> = (0.036860,-0.673032), <E> = -1.629964 

T=0.730000	 Thermalizing iterations... 
Done.
Thermalized Magnetisation = (0.052373,-0.684245), Energy = -1.631067 
Averaging iterations... h=0.000000,0.000000
Done.
Final: Magnetisation = (0.023915,-0.678446), Energy = -1.629802 
<M> = (0.044237,-0.678288), <E> = -1.638307 

T=0.720000	 Thermalizing iterations... 
Done.
Thermalized Magnetisation = (0.053153,-0.683398), Energy = -1.632871 
Averaging iterations... h=0.000000,0.000000
Done.
Final: Magnetisation = (0.035930,-0.681494), Energy = -1.648931 
<M> = (0.037821,-0.681694), <E> = -1.645712 

T=0.710000	 Thermalizing iterations... 
Done.
Thermalized Magnetisation = (0.024930,-0.693251), Energy = -1.647062 
Averaging iterations... h=0.000000,0.000000
Done.
Final: Magnetisation = (-0.004609,-0.697914), Energy = -1.663604 
<M> = (0.035273,-0.687395), <E> = -1.653406 

T=0.700000	 Thermalizing iterations... 
Done.
Thermalized Magnetisation = (0.018223,-0.706892), Energy = -1.663253 
Averaging iterations... h=0.000000,0.000000
Done.
Final: Magnetisation = (-0.017068,-0.680436), Energy = -1.663812 
<M> = (0.041230,-0.694452), <E> = -1.660622 

T=0.690000	 Thermalizing iterations... 
Done.
Thermalized Magnetisation = (0.044503,-0.675290), Energy = -1.659027 
Averaging iterations... h=0.000000,0.000000
Done.
Final: Magnetisation = (-0.000960,-0.720110), Energy = -1.673829 
<M> = (0.047495,-0.696798), <E> = -1.667315 

T=0.680000	 Thermalizing iterations... 
Done.
Thermalized Magnetisation = (-0.041057,-0.687171), Energy = -1.658337 
Averaging iterations... h=0.000000,0.000000
Done.
Final: Magnetisation = (0.004472,-0.704132), Energy = -1.678750 
<M> = (0.040906,-0.696026), <E> = -1.673615 

T=0.670000	 Thermalizing iterations... 
Done.
Thermalized Magnetisation = (0.046677,-0.713295), Energy = -1.664726 
Averaging iterations... h=0.000000,0.000000
Done.
Final: Magnetisation = (0.094812,-0.697740), Energy = -1.689911 
<M> = (0.044674,-0.697523), <E> = -1.680176 

T=0.660000	 Thermalizing iterations... 
Done.
Thermalized Magnetisation = (-0.018522,-0.705442), Energy = -1.675942 
Averaging iterations... h=0.000000,0.000000
Done.
Final: Magnetisation = (0.008359,-0.708493), Energy = -1.699374 
<M> = (0.040504,-0.705362), <E> = -1.687555 

T=0.650000	 Thermalizing iterations... 
Done.
Thermalized Magnetisation = (-0.016702,-0.696837), Energy = -1.694762 
Averaging iterations... h=0.000000,0.000000
Done.
Final: Magnetisation = (0.007681,-0.710600), Energy = -1.683543 
<M> = (0.039562,-0.708110), <E> = -1.694292 

T=0.640000	 Thermalizing iterations... 
Done.
Thermalized Magnetisation = (0.044968,-0.746544), Energy = -1.715422 
Averaging iterations... h=0.000000,0.000000
Done.
Final: Magnetisation = (0.081648,-0.727997), Energy = -1.711212 
<M> = (0.037565,-0.717639), <E> = -1.701907 

T=0.630000	 Thermalizing iterations... 
Done.
Thermalized Magnetisation = (0.018458,-0.727997), Energy = -1.705988 
Averaging iterations... h=0.000000,0.000000
Done.
Final: Magnetisation = (-0.000498,-0.696437), Energy = -1.705155 
<M> = (0.040588,-0.720769), <E> = -1.708518 

T=0.620000	 Thermalizing iterations... 
Done.
Thermalized Magnetisation = (0.021729,-0.747350), Energy = -1.723648 
Averaging iterations... h=0.000000,0.000000
Done.
Final: Magnetisation = (0.086983,-0.725867), Energy = -1.723480 
<M> = (0.042221,-0.722586), <E> = -1.714840 

T=0.610000	 Thermalizing iterations... 
Done.
Thermalized Magnetisation = (0.053350,-0.726222), Energy = -1.716656 
Averaging iterations... h=0.000000,0.000000
Done.
Final: Magnetisation = (0.046091,-0.723038), Energy = -1.724356 
<M> = (0.041516,-0.722296), <E> = -1.720875 

T=0.600000	 Thermalizing iterations... 
Done.
Thermalized Magnetisation = (0.049537,-0.725928), Energy = -1.731325 
Averaging iterations... h=0.000000,0.000000
Done.
Final: Magnetisation = (0.053785,-0.730034), Energy = -1.731702 
<M> = (0.041962,-0.727239), <E> = -1.727063 

T=0.590000	 Thermalizing iterations... 
Done.
Thermalized Magnetisation = (0.008771,-0.726496), Energy = -1.727760 
Averaging iterations... h=0.000000,0.000000
Done.
Final: Magnetisation = (0.060543,-0.745775), Energy = -1.733803 
<M> = (0.050179,-0.728823), <E> = -1.733465 

T=0.580000	 Thermalizing iterations... 
Done.
Thermalized Magnetisation = (0.057405,-0.713108), Energy = -1.743595 
Averaging iterations... h=0.000000,0.000000
Done.
Final: Magnetisation = (0.057632,-0.744138), Energy = -1.749293 
<M> = (0.040655,-0.734721), <E> = -1.740109 

T=0.570000	 Thermalizing iterations... 
Done.
Thermalized Magnetisation = (0.040110,-0.740943), Energy = -1.754463 
Averaging iterations... h=0.000000,0.000000
Done.
Final: Magnetisation = (0.078015,-0.732175), Energy = -1.749176 
<M> = (0.036710,-0.739803), <E> = -1.746801 

T=0.560000	 Thermalizing iterations... 
Done.
Thermalized Magnetisation = (0.024786,-0.735981), Energy = -1.754097 
Averaging iterations... h=0.000000,0.000000
Done.
Final: Magnetisation = (0.080305,-0.741286), Energy = -1.760906 
<M> = (0.039604,-0.743524), <E> = -1.753213 

T=0.550000	 Thermalizing iterations... 
Done.
Thermalized Magnetisation = (0.030679,-0.748459), Energy = -1.768459 
Averaging iterations... h=0.000000,0.000000
Done.
Final: Magnetisation = (0.023269,-0.736646), Energy = -1.761972 
<M> = (0.041130,-0.748273), <E> = -1.759360 

T=0.540000	 Thermalizing iterations... 
Done.
Thermalized Magnetisation = (0.029180,-0.725434), Energy = -1.758997 
Averaging iterations... h=0.000000,0.000000
Done.
Final: Magnetisation = (0.050686,-0.759771), Energy = -1.755692 
<M> = (0.044257,-0.748181), <E> = -1.765243 

T=0.530000	 Thermalizing iterations... 
Done.
Thermalized Magnetisation = (0.115722,-0.747972), Energy = -1.779982 
Averaging iterations... h=0.000000,0.000000
Done.
Final: Magnetisation = (0.036372,-0.762673), Energy = -1.785885 
<M> = (0.043637,-0.749996), <E> = -1.771025 

T=0.520000	 Thermalizing iterations... 
Done.
Thermalized Magnetisation = (0.038880,-0.737789), Energy = -1.773234 
Averaging iterations... h=0.000000,0.000000
Done.
Final: Magnetisation = (0.045033,-0.756649), Energy = -1.766750 
<M> = (0.048542,-0.751571), <E> = -1.776967 

T=0.510000	 Thermalizing iterations... 
Done.
Thermalized Magnetisation = (0.034850,-0.758881), Energy = -1.779641 
Averaging iterations... h=0.000000,0.000000
Done.
Final: Magnetisation = (0.066191,-0.754421), Energy = -1.783872 
<M> = (0.044955,-0.756825), <E> = -1.783341 

T=0.500000	 Thermalizing iterations... 
Done.
Thermalized Magnetisation = (0.007730,-0.772000), Energy = -1.794257 
Averaging iterations... h=0.000000,0.000000
Done.
Final: Magnetisation = (-0.015415,-0.755835), Energy = -1.791085 
<M> = (0.043585,-0.762047), <E> = -1.789760 

T=0.490000	 Thermalizing iterations... 
Done.
Thermalized Magnetisation = (0.029478,-0.774601), Energy = -1.788441 
Averaging iterations... h=0.000000,0.000000
Done.
Final: Magnetisation = (0.061156,-0.774061), Energy = -1.795197 
<M> = (0.039062,-0.765773), <E> = -1.796058 

T=0.480000	 Thermalizing iterations... 
Done.
Thermalized Magnetisation = (0.048336,-0.766028), Energy = -1.802862 
Averaging iterations... h=0.000000,0.000000
Done.
Final: Magnetisation = (0.024663,-0.739434), Energy = -1.786693 
<M> = (0.040239,-0.768227), <E> = -1.801552 

T=0.470000	 Thermalizing iterations... 
Done.
Thermalized Magnetisation = (0.074619,-0.780228), Energy = -1.810703 
Averaging iterations... h=0.000000,0.000000
Done.
Final: Magnetisation = (0.047508,-0.773928), Energy = -1.813115 
<M> = (0.043596,-0.770935), <E> = -1.807516 

T=0.460000	 Thermalizing iterations... 
Done.
Thermalized Magnetisation = (0.076876,-0.777211), Energy = -1.800338 
Averaging iterations... h=0.000000,0.000000
Done.
Final: Magnetisation = (0.049795,-0.768059), Energy = -1.805913 
<M> = (0.049292,-0.769587), <E> = -1.813005 

T=0.450000	 Thermalizing iterations... 
Done.
Thermalized Magnetisation = (0.051295,-0.775329), Energy = -1.823339 
Averaging iterations... h=0.000000,0.000000
Done.
Final: Magnetisation = (0.081711,-0.767764), Energy = -1.814658 
<M> = (0.047037,-0.772994), <E> = -1.818967 

T=0.440000	 Thermalizing iterations... 
Done.
Thermalized Magnetisation = (0.052435,-0.778354), Energy = -1.824908 
Averaging iterations... h=0.000000,0.000000
Done.
Final: Magnetisation = (0.080341,-0.769697), Energy = -1.824952 
<M> = (0.047747,-0.777816), <E> = -1.824752 

T=0.430000	 Thermalizing iterations... 
Done.
Thermalized Magnetisation = (-0.011809,-0.791842), Energy = -1.834668 
Averaging iterations... h=0.000000,0.000000
Done.
Final: Magnetisation = (0.044918,-0.774535), Energy = -1.821912 
<M> = (0.044995,-0.779466), <E> = -1.830622 

T=0.420000	 Thermalizing iterations... 
Done.
Thermalized Magnetisation = (0.056909,-0.794296), Energy = -1.836669 
Averaging iterations... h=0.000000,0.000000
Done.
Final: Magnetisation = (0.051348,-0.783872), Energy = -1.836782 
<M> = (0.039213,-0.785295), <E> = -1.836602 

T=0.410000	 Thermalizing iterations... 
Done.
Thermalized Magnetisation = (0.074904,-0.785331), Energy = -1.845078 
Averaging iterations... h=0.000000,0.000000
Done.
Final: Magnetisation = (0.086837,-0.779266), Energy = -1.842088 
<M> = (0.043563,-0.788763), <E> = -1.842420 

T=0.400000	 Thermalizing iterations... 
Done.
Thermalized Magnetisation = (0.029644,-0.789907), Energy = -1.842672 
Averaging iterations... h=0.000000,0.000000
Done.
Final: Magnetisation = (0.045030,-0.786124), Energy = -1.843254 
<M> = (0.046543,-0.790604), <E> = -1.848157 

T=0.390000	 Thermalizing iterations... 
Done.
Thermalized Magnetisation = (0.046989,-0.789423), Energy = -1.852520 
Averaging iterations... h=0.000000,0.000000
Done.
Final: Magnetisation = (0.054342,-0.791964), Energy = -1.849067 
<M> = (0.046714,-0.793146), <E> = -1.853588 

T=0.380000	 Thermalizing iterations... 
Done.
Thermalized Magnetisation = (0.028290,-0.791141), Energy = -1.856348 
Averaging iterations... h=0.000000,0.000000
Done.
Final: Magnetisation = (0.013816,-0.797297), Energy = -1.858849 
<M> = (0.042298,-0.794590), <E> = -1.859131 

T=0.370000	 Thermalizing iterations... 
Done.
Thermalized Magnetisation = (0.089746,-0.804589), Energy = -1.872142 
Averaging iterations... h=0.000000,0.000000
Done.
Final: Magnetisation = (0.046139,-0.787287), Energy = -1.867593 
<M> = (0.049854,-0.797865), <E> = -1.864645 

T=0.360000	 Thermalizing iterations... 
Done.
Thermalized Magnetisation = (0.017357,-0.804372), Energy = -1.868719 
Averaging iterations... h=0.000000,0.000000
Done.
Final: Magnetisation = (0.051563,-0.797876), Energy = -1.868028 
<M> = (0.044114,-0.801138), <E> = -1.870447 

T=0.350000	 Thermalizing iterations... 
Done.
Thermalized Magnetisation = (0.041551,-0.791375), Energy = -1.872517 
Averaging iterations... h=0.000000,0.000000
Done.
Final: Magnetisation = (0.026507,-0.792197), Energy = -1.874911 
<M> = (0.046699,-0.805357), <E> = -1.876080 

T=0.340000	 Thermalizing iterations... 
Done.
Thermalized Magnetisation = (0.074667,-0.813885), Energy = -1.882097 
Averaging iterations... h=0.000000,0.000000
Done.
Final: Magnetisation = (0.058415,-0.797304), Energy = -1.879919 
<M> = (0.041602,-0.807645), <E> = -1.882094 

T=0.330000	 Thermalizing iterations... 
Done.
Thermalized Magnetisation = (0.023568,-0.814085), Energy = -1.882851 
Averaging iterations... h=0.000000,0.000000
Done.
Final: Magnetisation = (0.062454,-0.816719), Energy = -1.884982 
<M> = (0.044851,-0.811138), <E> = -1.887490 

T=0.320000	 Thermalizing iterations... 
Done.
Thermalized Magnetisation = (0.057364,-0.804119), Energy = -1.889462 
Averaging iterations... h=0.000000,0.000000
Done.
Final: Magnetisation = (0.033472,-0.818573), Energy = -1.894883 
<M> = (0.044374,-0.811620), <E> = -1.892879 

T=0.310000	 Thermalizing iterations... 
Done.
Thermalized Magnetisation = (0.032589,-0.810308), Energy = -1.893739 
Averaging iterations... h=0.000000,0.000000
Done.
Final: Magnetisation = (0.025005,-0.825207), Energy = -1.894499 
<M> = (0.046466,-0.814072), <E> = -1.898373 

T=0.300000	 Thermalizing iterations... 
Done.
Thermalized Magnetisation = (0.035876,-0.819696), Energy = -1.906469 
Averaging iterations... h=0.000000,0.000000
Done.
Final: Magnetisation = (0.034449,-0.810793), Energy = -1.902940 
<M> = (0.042250,-0.816035), <E> = -1.903735 

T=0.290000	 Thermalizing iterations... 
Done.
Thermalized Magnetisation = (0.047255,-0.817794), Energy = -1.910132 
Averaging iterations... h=0.000000,0.000000
Done.
Final: Magnetisation = (0.025264,-0.817216), Energy = -1.911229 
<M> = (0.047505,-0.819656), <E> = -1.909302 

T=0.280000	 Thermalizing iterations... 
Done.
Thermalized Magnetisation = (0.047015,-0.826225), Energy = -1.912037 
Averaging iterations... h=0.000000,0.000000
Done.
Final: Magnetisation = (0.039236,-0.823649), Energy = -1.911549 
<M> = (0.043353,-0.822579), <E> = -1.914633 

T=0.270000	 Thermalizing iterations... 
Done.
Thermalized Magnetisation = (0.024532,-0.831559), Energy = -1.919388 
Averaging iterations... h=0.000000,0.000000
Done.
Final: Magnetisation = (0.069559,-0.836367), Energy = -1.916601 
<M> = (0.047902,-0.827226), <E> = -1.920312 

T=0.260000	 Thermalizing iterations... 
Done.
Thermalized Magnetisation = (0.035451,-0.832938), Energy = -1.926665 
Averaging iterations... h=0.000000,0.000000
Done.
Final: Magnetisation = (0.035976,-0.828884), Energy = -1.927023 
<M> = (0.048260,-0.829441), <E> = -1.925612 

T=0.250000	 Thermalizing iterations... 
Done.
Thermalized Magnetisation = (0.059111,-0.832064), Energy = -1.931420 
Averaging iterations... h=0.000000,0.000000
Done.
Final: Magnetisation = (0.077612,-0.836328), Energy = -1.936798 
<M> = (0.046336,-0.831365), <E> = -1.931080 

T=0.240000	 Thermalizing iterations... 
Done.
Thermalized Magnetisation = (0.033314,-0.834755), Energy = -1.937443 
Averaging iterations... h=0.000000,0.000000
Done.
Final: Magnetisation = (0.054497,-0.837943), Energy = -1.935335 
<M> = (0.044692,-0.833601), <E> = -1.936314 

T=0.230000	 Thermalizing iterations... 
Done.
Thermalized Magnetisation = (0.030629,-0.831358), Energy = -1.945418 
Averaging iterations... h=0.000000,0.000000
Done.
Final: Magnetisation = (-0.010537,-0.830637), Energy = -1.938547 
<M> = (0.040919,-0.836311), <E> = -1.941764 

T=0.220000	 Thermalizing iterations... 
Done.
Thermalized Magnetisation = (0.061841,-0.843666), Energy = -1.946835 
Averaging iterations... h=0.000000,0.000000
Done.
Final: Magnetisation = (0.067479,-0.834479), Energy = -1.944736 
<M> = (0.043993,-0.838061), <E> = -1.946929 

T=0.210000	 Thermalizing iterations... 
Done.
Thermalized Magnetisation = (0.027657,-0.834916), Energy = -1.949837 
Averaging iterations... h=0.000000,0.000000
Done.
Final: Magnetisation = (0.054713,-0.845762), Energy = -1.952962 
<M> = (0.045108,-0.841648), <E> = -1.952254 

T=0.200000	 Thermalizing iterations... 
Done.
Thermalized Magnetisation = (0.068395,-0.839916), Energy = -1.956235 
Averaging iterations... h=0.000000,0.000000
Done.
Final: Magnetisation = (0.053679,-0.847498), Energy = -1.954122 
<M> = (0.046268,-0.843802), <E> = -1.957685 

T=0.190000	 Thermalizing iterations... 
Done.
Thermalized Magnetisation = (0.068487,-0.846164), Energy = -1.961626 
Averaging iterations... h=0.000000,0.000000
Done.
Final: Magnetisation = (0.022156,-0.847439), Energy = -1.966075 
<M> = (0.046454,-0.846926), <E> = -1.962974 

T=0.180000	 Thermalizing iterations... 
Done.
Thermalized Magnetisation = (0.019461,-0.846980), Energy = -1.970306 
Averaging iterations... h=0.000000,0.000000
Done.
Final: Magnetisation = (0.046615,-0.851386), Energy = -1.968971 
<M> = (0.043876,-0.849469), <E> = -1.968312 

T=0.170000	 Thermalizing iterations... 
Done.
Thermalized Magnetisation = (0.045791,-0.855891), Energy = -1.970682 
Averaging iterations... h=0.000000,0.000000
Done.
Final: Magnetisation = (0.040181,-0.853719), Energy = -1.974314 
<M> = (0.047606,-0.851590), <E> = -1.973445 

T=0.160000	 Thermalizing iterations... 
Done.
Thermalized Magnetisation = (0.041129,-0.852816), Energy = -1.978753 
Averaging iterations... h=0.000000,0.000000
Done.
Final: Magnetisation = (0.040262,-0.857495), Energy = -1.979543 
<M> = (0.041784,-0.853677), <E> = -1.978596 

T=0.150000	 Thermalizing iterations... 
Done.
Thermalized Magnetisation = (0.060792,-0.854143), Energy = -1.984603 
Averaging iterations... h=0.000000,0.000000
Done.
Final: Magnetisation = (0.058119,-0.859008), Energy = -1.982141 
<M> = (0.047182,-0.855695), <E> = -1.983870 

T=0.140000	 Thermalizing iterations... 
Done.
Thermalized Magnetisation = (0.038728,-0.856503), Energy = -1.988160 
Averaging iterations... h=0.000000,0.000000
Done.
Final: Magnetisation = (0.054669,-0.862247), Energy = -1.989899 
<M> = (0.047305,-0.858203), <E> = -1.989024 

T=0.130000	 Thermalizing iterations... 
Done.
Thermalized Magnetisation = (0.045717,-0.864865), Energy = -1.996326 
Averaging iterations... h=0.000000,0.000000
Done.
Final: Magnetisation = (0.039052,-0.860722), Energy = -1.993145 
<M> = (0.043253,-0.861230), <E> = -1.994190 

T=0.120000	 Thermalizing iterations... 
Done.
Thermalized Magnetisation = (0.060014,-0.862461), Energy = -1.996960 
Averaging iterations... h=0.000000,0.000000
Done.
Final: Magnetisation = (0.063699,-0.862730), Energy = -1.998622 
<M> = (0.043637,-0.864035), <E> = -1.999459 

T=0.110000	 Thermalizing iterations... 
Done.
Thermalized Magnetisation = (0.056662,-0.861040), Energy = -2.004852 
Averaging iterations... h=0.000000,0.000000
Done.
Final: Magnetisation = (0.051693,-0.863733), Energy = -2.004178 
<M> = (0.050384,-0.865846), <E> = -2.004604 

T=0.100000	 Thermalizing iterations... 
Done.
Thermalized Magnetisation = (0.046527,-0.866361), Energy = -2.010828 
Averaging iterations... h=0.000000,0.000000
Done.
Final: Magnetisation = (0.029533,-0.868314), Energy = -2.009923 
<M> = (0.044841,-0.869318), <E> = -2.009766 

T=0.090000	 Thermalizing iterations... 
Done.
Thermalized Magnetisation = (0.058284,-0.874088), Energy = -2.014185 
Averaging iterations... h=0.000000,0.000000
Done.
Final: Magnetisation = (0.043630,-0.873586), Energy = -2.014415 
<M> = (0.050600,-0.870158), <E> = -2.014773 

T=0.080000	 Thermalizing iterations... 
Done.
Thermalized Magnetisation = (0.033181,-0.873335), Energy = -2.020766 
Averaging iterations... h=0.000000,0.000000
Done.
Final: Magnetisation = (0.049705,-0.871423), Energy = -2.020198 
<M> = (0.044152,-0.872670), <E> = -2.019904 

T=0.070000	 Thermalizing iterations... 
Done.
Thermalized Magnetisation = (0.043956,-0.876442), Energy = -2.024551 
Averaging iterations... h=0.000000,0.000000
Done.
Final: Magnetisation = (0.048590,-0.873492), Energy = -2.025531 
<M> = (0.045805,-0.875811), <E> = -2.025055 

T=0.060000	 Thermalizing iterations... 
Done.
Thermalized Magnetisation = (0.039063,-0.879922), Energy = -2.029652 
Averaging iterations... h=0.000000,0.000000
Done.
Final: Magnetisation = (0.042124,-0.878986), Energy = -2.029619 
<M> = (0.044028,-0.878391), <E> = -2.030099 

T=0.050000	 Thermalizing iterations... 
Done.
Thermalized Magnetisation = (0.041554,-0.883999), Energy = -2.035350 
Averaging iterations... h=0.000000,0.000000
Done.
Final: Magnetisation = (0.046806,-0.883098), Energy = -2.034963 
<M> = (0.046538,-0.880823), <E> = -2.035186 

T=0.040000	 Thermalizing iterations... 
Done.
Thermalized Magnetisation = (0.035163,-0.882961), Energy = -2.039944 
Averaging iterations... h=0.000000,0.000000
Done.
Final: Magnetisation = (0.047855,-0.881641), Energy = -2.040253 
<M> = (0.046426,-0.882685), <E> = -2.040246 

T=0.030000	 Thermalizing iterations... 
Done.
Thermalized Magnetisation = (0.039925,-0.886805), Energy = -2.045301 
Averaging iterations... h=0.000000,0.000000
Done.
Final: Magnetisation = (0.040933,-0.888766), Energy = -2.045567 
<M> = (0.047082,-0.885843), <E> = -2.045311 

T=0.020000	 Thermalizing iterations... 
Done.
Thermalized Magnetisation = (0.049125,-0.889339), Energy = -2.050159 
Averaging iterations... h=0.000000,0.000000
Done.
Final: Magnetisation = (0.046868,-0.887850), Energy = -2.050467 
<M> = (0.047767,-0.887579), <E> = -2.050315 

T=0.010000	 Thermalizing iterations... 
Done.
Thermalized Magnetisation = (0.051723,-0.890619), Energy = -2.055395 
Averaging iterations... h=0.000000,0.000000
Done.
Final: Magnetisation = (0.045728,-0.891020), Energy = -2.055272 
<M> = (0.047423,-0.890304), <E> = -2.055326 
Final Magnetisation = (0.045728,-0.891020), Energy = -2.055272 
------------------------

Updating all (first)black/(then)white checkerboard sites simultaneously.. 

ztne RFXY h rotating with |h|=0.000000 at T=0.000000..
loop 1

loop 2

CPU  Start Time = 5467243.756961 

CPU  End Time = 5475044.756114 

CPU Time elapsed total = 7800.999153 

real	130m1.016s
user	2079m27.187s
sys	0m50.317s
