+ cd /home/sbasak/Exercises/OpenMP/XY_code/Z2/rotating_field/trial/config/config_98
+ export OMP_NUM_THREADS=28
+ OMP_NUM_THREADS=28
+ ./a_0.out
nearest neighbor initialized. 
h loaded. 
J loaded. 
L = 128, dim_L = 2, dim_S = 2
hysteresis_MCS_multiplier = 10, hysteresis_MCS_max = 100
RAND_MAX = 2147483647.000000,
 sizeof(int) = 4,
 sizeof(long) = 8,
 sizeof(double) = 8,
 sizeof(long int) = 8,
 sizeof(short int) = 2,
 sizeof(unsigned int) = 4,
 sizeof(RAND_MAX) = 4
No. of THREADS = 28
No. of PROCESSORS = 28

0.058978,0.019479
order = ({1.000000-->-1.000000,0.000000}, 0, 1)
Initial Magnetisation = (0.058978,0.019479), Energy = 0.027113 
Cooling... 
T=2.000000	 Thermalizing iterations... 
Done.
Thermalized Magnetisation = (-0.014042,-0.031579), Energy = -0.566985 
Averaging iterations... h=0.000000,0.000000
Done.
Final: Magnetisation = (-0.003549,-0.028287), Energy = -0.576413 
<M> = (-0.005441,-0.000038), <E> = -0.607103 

T=1.990000	 Thermalizing iterations... 
Done.
Thermalized Magnetisation = (-0.032485,0.026130), Energy = -0.626865 
Averaging iterations... h=0.000000,0.000000
Done.
Final: Magnetisation = (-0.028997,-0.002490), Energy = -0.626480 
<M> = (-0.004220,-0.001623), <E> = -0.611269 

T=1.980000	 Thermalizing iterations... 
Done.
Thermalized Magnetisation = (-0.017194,0.014800), Energy = -0.633540 
Averaging iterations... h=0.000000,0.000000
Done.
Final: Magnetisation = (0.017815,-0.006285), Energy = -0.617217 
<M> = (-0.005379,-0.001343), <E> = -0.615635 

T=1.970000	 Thermalizing iterations... 
Done.
Thermalized Magnetisation = (-0.028346,0.029239), Energy = -0.634607 
Averaging iterations... h=0.000000,0.000000
Done.
Final: Magnetisation = (-0.033705,-0.065341), Energy = -0.629687 
<M> = (-0.005001,-0.001936), <E> = -0.619601 

T=1.960000	 Thermalizing iterations... 
Done.
Thermalized Magnetisation = (-0.008640,-0.026954), Energy = -0.672681 
Averaging iterations... h=0.000000,0.000000
Done.
Final: Magnetisation = (-0.017405,0.007106), Energy = -0.633499 
<M> = (-0.004298,-0.000356), <E> = -0.622453 

T=1.950000	 Thermalizing iterations... 
Done.
Thermalized Magnetisation = (-0.031227,0.012008), Energy = -0.637847 
Averaging iterations... h=0.000000,0.000000
Done.
Final: Magnetisation = (0.035336,-0.008871), Energy = -0.642794 
<M> = (-0.003313,-0.000536), <E> = -0.625723 

T=1.940000	 Thermalizing iterations... 
Done.
Thermalized Magnetisation = (0.024910,-0.012141), Energy = -0.612589 
Averaging iterations... h=0.000000,0.000000
Done.
Final: Magnetisation = (0.033960,0.020755), Energy = -0.620197 
<M> = (-0.005600,0.000052), <E> = -0.629278 

T=1.930000	 Thermalizing iterations... 
Done.
Thermalized Magnetisation = (-0.010633,0.005906), Energy = -0.653300 
Averaging iterations... h=0.000000,0.000000
Done.
Final: Magnetisation = (-0.090255,0.011083), Energy = -0.615136 
<M> = (-0.006250,0.000769), <E> = -0.632451 

T=1.920000	 Thermalizing iterations... 
Done.
Thermalized Magnetisation = (-0.022219,0.031316), Energy = -0.664994 
Averaging iterations... h=0.000000,0.000000
Done.
Final: Magnetisation = (-0.009929,-0.009572), Energy = -0.654757 
<M> = (-0.005707,-0.001253), <E> = -0.637055 

T=1.910000	 Thermalizing iterations... 
Done.
Thermalized Magnetisation = (-0.060472,0.014485), Energy = -0.644451 
Averaging iterations... h=0.000000,0.000000
Done.
Final: Magnetisation = (-0.018753,-0.018410), Energy = -0.682043 
<M> = (-0.006042,-0.001089), <E> = -0.641155 

T=1.900000	 Thermalizing iterations... 
Done.
Thermalized Magnetisation = (0.078187,0.093756), Energy = -0.654584 
Averaging iterations... h=0.000000,0.000000
Done.
Final: Magnetisation = (-0.058163,-0.003960), Energy = -0.630562 
<M> = (-0.005974,-0.002928), <E> = -0.645209 

T=1.890000	 Thermalizing iterations... 
Done.
Thermalized Magnetisation = (-0.044693,0.019579), Energy = -0.654772 
Averaging iterations... h=0.000000,0.000000
Done.
Final: Magnetisation = (-0.045558,0.024031), Energy = -0.644561 
<M> = (-0.006131,-0.002328), <E> = -0.649344 

T=1.880000	 Thermalizing iterations... 
Done.
Thermalized Magnetisation = (0.002744,-0.039444), Energy = -0.628097 
Averaging iterations... h=0.000000,0.000000
Done.
Final: Magnetisation = (-0.042755,0.019638), Energy = -0.663657 
<M> = (-0.004779,-0.001343), <E> = -0.653270 

T=1.870000	 Thermalizing iterations... 
Done.
Thermalized Magnetisation = (-0.033060,0.018749), Energy = -0.662528 
Averaging iterations... h=0.000000,0.000000
Done.
Final: Magnetisation = (0.004869,0.011945), Energy = -0.643923 
<M> = (-0.005139,0.001738), <E> = -0.656376 

T=1.860000	 Thermalizing iterations... 
Done.
Thermalized Magnetisation = (-0.045022,0.021531), Energy = -0.621898 
Averaging iterations... h=0.000000,0.000000
Done.
Final: Magnetisation = (0.017102,-0.029210), Energy = -0.641439 
<M> = (-0.006678,-0.000319), <E> = -0.660611 

T=1.850000	 Thermalizing iterations... 
Done.
Thermalized Magnetisation = (-0.023507,0.080580), Energy = -0.650008 
Averaging iterations... h=0.000000,0.000000
Done.
Final: Magnetisation = (0.028886,-0.012942), Energy = -0.699914 
<M> = (-0.007177,-0.000500), <E> = -0.664804 

T=1.840000	 Thermalizing iterations... 
Done.
Thermalized Magnetisation = (-0.023849,0.023733), Energy = -0.660664 
Averaging iterations... h=0.000000,0.000000
Done.
Final: Magnetisation = (0.013567,-0.010013), Energy = -0.693869 
<M> = (-0.005420,-0.001102), <E> = -0.669105 

T=1.830000	 Thermalizing iterations... 
Done.
Thermalized Magnetisation = (0.048917,0.002779), Energy = -0.672023 
Averaging iterations... h=0.000000,0.000000
Done.
Final: Magnetisation = (-0.020449,0.024814), Energy = -0.664198 
<M> = (-0.006965,-0.002519), <E> = -0.674259 

T=1.820000	 Thermalizing iterations... 
Done.
Thermalized Magnetisation = (-0.000722,0.033596), Energy = -0.684809 
Averaging iterations... h=0.000000,0.000000
Done.
Final: Magnetisation = (0.017535,-0.040180), Energy = -0.662425 
<M> = (-0.006403,-0.002258), <E> = -0.679220 

T=1.810000	 Thermalizing iterations... 
Done.
Thermalized Magnetisation = (-0.011022,0.018492), Energy = -0.680004 
Averaging iterations... h=0.000000,0.000000
Done.
Final: Magnetisation = (-0.014978,0.032201), Energy = -0.655558 
<M> = (-0.004106,-0.001707), <E> = -0.682707 

T=1.800000	 Thermalizing iterations... 
Done.
Thermalized Magnetisation = (-0.048310,-0.002842), Energy = -0.676634 
Averaging iterations... h=0.000000,0.000000
Done.
Final: Magnetisation = (-0.003619,0.038127), Energy = -0.719740 
<M> = (-0.005290,0.000216), <E> = -0.686459 

T=1.790000	 Thermalizing iterations... 
Done.
Thermalized Magnetisation = (0.007799,-0.043476), Energy = -0.703052 
Averaging iterations... h=0.000000,0.000000
Done.
Final: Magnetisation = (-0.054263,-0.053747), Energy = -0.682251 
<M> = (-0.007094,0.000187), <E> = -0.690669 

T=1.780000	 Thermalizing iterations... 
Done.
Thermalized Magnetisation = (-0.009942,-0.032865), Energy = -0.710283 
Averaging iterations... h=0.000000,0.000000
Done.
Final: Magnetisation = (0.011748,0.011039), Energy = -0.689850 
<M> = (-0.007494,0.000508), <E> = -0.695136 

T=1.770000	 Thermalizing iterations... 
Done.
Thermalized Magnetisation = (0.007631,0.035850), Energy = -0.704031 
Averaging iterations... h=0.000000,0.000000
Done.
Final: Magnetisation = (-0.004965,0.067012), Energy = -0.697674 
<M> = (-0.006873,-0.002659), <E> = -0.700592 

T=1.760000	 Thermalizing iterations... 
Done.
Thermalized Magnetisation = (0.002550,0.026974), Energy = -0.741848 
Averaging iterations... h=0.000000,0.000000
Done.
Final: Magnetisation = (0.045212,-0.037835), Energy = -0.729690 
<M> = (-0.006920,-0.000962), <E> = -0.705722 

T=1.750000	 Thermalizing iterations... 
Done.
Thermalized Magnetisation = (-0.055971,0.012373), Energy = -0.714870 
Averaging iterations... h=0.000000,0.000000
Done.
Final: Magnetisation = (0.053272,-0.007219), Energy = -0.671260 
<M> = (-0.008116,-0.003523), <E> = -0.710520 

T=1.740000	 Thermalizing iterations... 
Done.
Thermalized Magnetisation = (0.007455,0.016076), Energy = -0.694422 
Averaging iterations... h=0.000000,0.000000
Done.
Final: Magnetisation = (0.002485,-0.021305), Energy = -0.717666 
<M> = (-0.007094,-0.002162), <E> = -0.715363 

T=1.730000	 Thermalizing iterations... 
Done.
Thermalized Magnetisation = (0.015909,-0.020537), Energy = -0.727652 
Averaging iterations... h=0.000000,0.000000
Done.
Final: Magnetisation = (-0.063799,-0.063483), Energy = -0.716346 
<M> = (-0.005614,-0.001103), <E> = -0.719800 

T=1.720000	 Thermalizing iterations... 
Done.
Thermalized Magnetisation = (-0.039099,-0.055285), Energy = -0.713596 
Averaging iterations... h=0.000000,0.000000
Done.
Final: Magnetisation = (0.005196,0.017510), Energy = -0.738933 
<M> = (-0.007931,0.000613), <E> = -0.724083 

T=1.710000	 Thermalizing iterations... 
Done.
Thermalized Magnetisation = (0.004491,-0.053443), Energy = -0.742534 
Averaging iterations... h=0.000000,0.000000
Done.
Final: Magnetisation = (-0.001730,-0.036393), Energy = -0.722311 
<M> = (-0.007872,0.000099), <E> = -0.729129 

T=1.700000	 Thermalizing iterations... 
Done.
Thermalized Magnetisation = (0.003598,0.011812), Energy = -0.717496 
Averaging iterations... h=0.000000,0.000000
Done.
Final: Magnetisation = (0.000927,0.021870), Energy = -0.743565 
<M> = (-0.006895,-0.000315), <E> = -0.734669 

T=1.690000	 Thermalizing iterations... 
Done.
Thermalized Magnetisation = (-0.079046,0.012029), Energy = -0.756849 
Averaging iterations... h=0.000000,0.000000
Done.
Final: Magnetisation = (0.007588,-0.057181), Energy = -0.720609 
<M> = (-0.007949,0.000109), <E> = -0.739628 

T=1.680000	 Thermalizing iterations... 
Done.
Thermalized Magnetisation = (-0.044642,-0.013378), Energy = -0.748926 
Averaging iterations... h=0.000000,0.000000
Done.
Final: Magnetisation = (-0.010249,-0.102948), Energy = -0.750668 
<M> = (-0.009269,-0.002763), <E> = -0.746353 

T=1.670000	 Thermalizing iterations... 
Done.
Thermalized Magnetisation = (-0.045565,0.014015), Energy = -0.750398 
Averaging iterations... h=0.000000,0.000000
Done.
Final: Magnetisation = (-0.008885,-0.065773), Energy = -0.772177 
<M> = (-0.008426,-0.001479), <E> = -0.751519 

T=1.660000	 Thermalizing iterations... 
Done.
Thermalized Magnetisation = (-0.039781,-0.006660), Energy = -0.767420 
Averaging iterations... h=0.000000,0.000000
Done.
Final: Magnetisation = (0.016635,-0.033064), Energy = -0.755328 
<M> = (-0.007244,-0.002157), <E> = -0.756602 

T=1.650000	 Thermalizing iterations... 
Done.
Thermalized Magnetisation = (-0.009435,-0.016834), Energy = -0.729357 
Averaging iterations... h=0.000000,0.000000
Done.
Final: Magnetisation = (-0.065676,0.078098), Energy = -0.767503 
<M> = (-0.007850,0.001546), <E> = -0.760660 

T=1.640000	 Thermalizing iterations... 
Done.
Thermalized Magnetisation = (0.025984,0.062457), Energy = -0.788609 
Averaging iterations... h=0.000000,0.000000
Done.
Final: Magnetisation = (0.045076,-0.059434), Energy = -0.743724 
<M> = (-0.009361,0.001919), <E> = -0.766785 

T=1.630000	 Thermalizing iterations... 
Done.
Thermalized Magnetisation = (-0.016399,0.024371), Energy = -0.792962 
Averaging iterations... h=0.000000,0.000000
Done.
Final: Magnetisation = (-0.006620,0.006355), Energy = -0.715789 
<M> = (-0.009139,0.000327), <E> = -0.771662 

T=1.620000	 Thermalizing iterations... 
Done.
Thermalized Magnetisation = (0.013882,-0.092643), Energy = -0.790291 
Averaging iterations... h=0.000000,0.000000
Done.
Final: Magnetisation = (0.038778,-0.019487), Energy = -0.769798 
<M> = (-0.009311,-0.000941), <E> = -0.778408 

T=1.610000	 Thermalizing iterations... 
Done.
Thermalized Magnetisation = (0.016404,0.043294), Energy = -0.790088 
Averaging iterations... h=0.000000,0.000000
Done.
Final: Magnetisation = (-0.027002,0.100101), Energy = -0.805275 
<M> = (-0.010521,-0.003177), <E> = -0.784478 

T=1.600000	 Thermalizing iterations... 
Done.
Thermalized Magnetisation = (0.004270,-0.030164), Energy = -0.818875 
Averaging iterations... h=0.000000,0.000000
Done.
Final: Magnetisation = (-0.046433,-0.016965), Energy = -0.773158 
<M> = (-0.011171,-0.004854), <E> = -0.790768 

T=1.590000	 Thermalizing iterations... 
Done.
Thermalized Magnetisation = (-0.063822,0.022003), Energy = -0.777340 
Averaging iterations... h=0.000000,0.000000
Done.
Final: Magnetisation = (-0.105802,0.028550), Energy = -0.789698 
<M> = (-0.010597,-0.002761), <E> = -0.796736 

T=1.580000	 Thermalizing iterations... 
Done.
Thermalized Magnetisation = (0.000740,0.030407), Energy = -0.776503 
Averaging iterations... h=0.000000,0.000000
Done.
Final: Magnetisation = (-0.000174,-0.054921), Energy = -0.874697 
<M> = (-0.008313,0.000328), <E> = -0.802016 

T=1.570000	 Thermalizing iterations... 
Done.
Thermalized Magnetisation = (-0.027823,0.044738), Energy = -0.824992 
Averaging iterations... h=0.000000,0.000000
Done.
Final: Magnetisation = (-0.011139,0.018096), Energy = -0.811957 
<M> = (-0.009666,0.000063), <E> = -0.807848 

T=1.560000	 Thermalizing iterations... 
Done.
Thermalized Magnetisation = (0.045615,-0.073381), Energy = -0.859227 
Averaging iterations... h=0.000000,0.000000
Done.
Final: Magnetisation = (-0.041600,-0.018985), Energy = -0.784157 
<M> = (-0.011203,0.001728), <E> = -0.813134 

T=1.550000	 Thermalizing iterations... 
Done.
Thermalized Magnetisation = (-0.061746,-0.013204), Energy = -0.780962 
Averaging iterations... h=0.000000,0.000000
Done.
Final: Magnetisation = (-0.015314,0.029798), Energy = -0.797283 
<M> = (-0.010049,-0.000241), <E> = -0.821029 

T=1.540000	 Thermalizing iterations... 
Done.
Thermalized Magnetisation = (-0.044963,0.084382), Energy = -0.836901 
Averaging iterations... h=0.000000,0.000000
Done.
Final: Magnetisation = (-0.026787,-0.077491), Energy = -0.848569 
<M> = (-0.010616,-0.000714), <E> = -0.827581 

T=1.530000	 Thermalizing iterations... 
Done.
Thermalized Magnetisation = (0.022960,0.005071), Energy = -0.881817 
Averaging iterations... h=0.000000,0.000000
Done.
Final: Magnetisation = (-0.010446,0.016340), Energy = -0.835546 
<M> = (-0.012106,-0.004445), <E> = -0.834503 

T=1.520000	 Thermalizing iterations... 
Done.
Thermalized Magnetisation = (0.025398,0.077924), Energy = -0.839354 
Averaging iterations... h=0.000000,0.000000
Done.
Final: Magnetisation = (-0.047543,-0.012460), Energy = -0.827456 
<M> = (-0.010384,-0.002928), <E> = -0.841307 

T=1.510000	 Thermalizing iterations... 
Done.
Thermalized Magnetisation = (0.009081,0.014977), Energy = -0.896780 
Averaging iterations... h=0.000000,0.000000
Done.
Final: Magnetisation = (-0.004394,-0.002261), Energy = -0.826324 
<M> = (-0.008975,-0.000889), <E> = -0.847970 

T=1.500000	 Thermalizing iterations... 
Done.
Thermalized Magnetisation = (0.042003,-0.075089), Energy = -0.873350 
Averaging iterations... h=0.000000,0.000000
Done.
Final: Magnetisation = (-0.029378,-0.068360), Energy = -0.849224 
<M> = (-0.010509,0.002480), <E> = -0.853635 

T=1.490000	 Thermalizing iterations... 
Done.
Thermalized Magnetisation = (-0.001654,0.020903), Energy = -0.843199 
Averaging iterations... h=0.000000,0.000000
Done.
Final: Magnetisation = (-0.024901,0.109257), Energy = -0.865445 
<M> = (-0.011782,0.002602), <E> = -0.860271 

T=1.480000	 Thermalizing iterations... 
Done.
Thermalized Magnetisation = (0.009355,-0.019247), Energy = -0.822409 
Averaging iterations... h=0.000000,0.000000
Done.
Final: Magnetisation = (0.020166,-0.026409), Energy = -0.856486 
<M> = (-0.015161,0.003083), <E> = -0.867911 

T=1.470000	 Thermalizing iterations... 
Done.
Thermalized Magnetisation = (0.027423,0.014425), Energy = -0.872246 
Averaging iterations... h=0.000000,0.000000
Done.
Final: Magnetisation = (0.029549,-0.013201), Energy = -0.889720 
<M> = (-0.011210,-0.000309), <E> = -0.875531 

T=1.460000	 Thermalizing iterations... 
Done.
Thermalized Magnetisation = (-0.033779,0.083294), Energy = -0.883053 
Averaging iterations... h=0.000000,0.000000
Done.
Final: Magnetisation = (-0.009464,0.018482), Energy = -0.855549 
<M> = (-0.014276,-0.002287), <E> = -0.883462 

T=1.450000	 Thermalizing iterations... 
Done.
Thermalized Magnetisation = (0.036285,0.019769), Energy = -0.892872 
Averaging iterations... h=0.000000,0.000000
Done.
Final: Magnetisation = (-0.052487,-0.056399), Energy = -0.886020 
<M> = (-0.013695,-0.004458), <E> = -0.890994 

T=1.440000	 Thermalizing iterations... 
Done.
Thermalized Magnetisation = (-0.004521,-0.076836), Energy = -0.924040 
Averaging iterations... h=0.000000,0.000000
Done.
Final: Magnetisation = (-0.001149,-0.037835), Energy = -0.905101 
<M> = (-0.011702,-0.005173), <E> = -0.898387 

T=1.430000	 Thermalizing iterations... 
Done.
Thermalized Magnetisation = (-0.039564,-0.089892), Energy = -0.926780 
Averaging iterations... h=0.000000,0.000000
Done.
Final: Magnetisation = (-0.048352,0.015593), Energy = -0.925615 
<M> = (-0.010377,-0.000411), <E> = -0.905107 

T=1.420000	 Thermalizing iterations... 
Done.
Thermalized Magnetisation = (0.089992,0.059191), Energy = -0.924440 
Averaging iterations... h=0.000000,0.000000
Done.
Final: Magnetisation = (-0.023815,-0.037506), Energy = -0.889397 
<M> = (-0.012664,0.001406), <E> = -0.912229 

T=1.410000	 Thermalizing iterations... 
Done.
Thermalized Magnetisation = (-0.019301,-0.008741), Energy = -0.938408 
Averaging iterations... h=0.000000,0.000000
Done.
Final: Magnetisation = (-0.053766,0.028544), Energy = -0.942951 
<M> = (-0.016511,0.004957), <E> = -0.919881 

T=1.400000	 Thermalizing iterations... 
Done.
Thermalized Magnetisation = (-0.014622,-0.047395), Energy = -0.898967 
Averaging iterations... h=0.000000,0.000000
Done.
Final: Magnetisation = (-0.011514,0.120119), Energy = -0.902743 
<M> = (-0.014916,-0.003114), <E> = -0.929391 

T=1.390000	 Thermalizing iterations... 
Done.
Thermalized Magnetisation = (-0.043086,-0.012595), Energy = -0.949176 
Averaging iterations... h=0.000000,0.000000
Done.
Final: Magnetisation = (0.002515,-0.017147), Energy = -0.962652 
<M> = (-0.017423,-0.002592), <E> = -0.937293 

T=1.380000	 Thermalizing iterations... 
Done.
Thermalized Magnetisation = (-0.014276,-0.017837), Energy = -0.928681 
Averaging iterations... h=0.000000,0.000000
Done.
Final: Magnetisation = (-0.025427,-0.045432), Energy = -0.902130 
<M> = (-0.017385,-0.008002), <E> = -0.946550 

T=1.370000	 Thermalizing iterations... 
Done.
Thermalized Magnetisation = (-0.125727,-0.059615), Energy = -0.950979 
Averaging iterations... h=0.000000,0.000000
Done.
Final: Magnetisation = (-0.038943,-0.025814), Energy = -0.930802 
<M> = (-0.018083,-0.006444), <E> = -0.954503 

T=1.360000	 Thermalizing iterations... 
Done.
Thermalized Magnetisation = (-0.052052,0.051279), Energy = -1.014610 
Averaging iterations... h=0.000000,0.000000
Done.
Final: Magnetisation = (0.021522,0.090812), Energy = -0.991621 
<M> = (-0.014452,-0.003289), <E> = -0.961655 

T=1.350000	 Thermalizing iterations... 
Done.
Thermalized Magnetisation = (0.011228,0.071434), Energy = -0.972368 
Averaging iterations... h=0.000000,0.000000
Done.
Final: Magnetisation = (-0.043350,0.125657), Energy = -0.972338 
<M> = (-0.013959,0.007586), <E> = -0.970411 

T=1.340000	 Thermalizing iterations... 
Done.
Thermalized Magnetisation = (0.073333,0.008382), Energy = -1.020416 
Averaging iterations... h=0.000000,0.000000
Done.
Final: Magnetisation = (0.010644,-0.025175), Energy = -1.008662 
<M> = (-0.018608,0.003000), <E> = -0.978580 

T=1.330000	 Thermalizing iterations... 
Done.
Thermalized Magnetisation = (0.018613,0.052120), Energy = -0.988780 
Averaging iterations... h=0.000000,0.000000
Done.
Final: Magnetisation = (-0.005660,-0.059770), Energy = -1.003025 
<M> = (-0.020801,-0.001320), <E> = -0.988901 

T=1.320000	 Thermalizing iterations... 
Done.
Thermalized Magnetisation = (0.019477,-0.022962), Energy = -1.006015 
Averaging iterations... h=0.000000,0.000000
Done.
Final: Magnetisation = (-0.030969,-0.031595), Energy = -0.964110 
<M> = (-0.017234,-0.003564), <E> = -0.998201 

T=1.310000	 Thermalizing iterations... 
Done.
Thermalized Magnetisation = (-0.013262,-0.020955), Energy = -1.045831 
Averaging iterations... h=0.000000,0.000000
Done.
Final: Magnetisation = (-0.051226,0.085948), Energy = -1.030365 
<M> = (-0.018536,-0.008249), <E> = -1.007986 

T=1.300000	 Thermalizing iterations... 
Done.
Thermalized Magnetisation = (-0.019923,-0.024561), Energy = -0.999558 
Averaging iterations... h=0.000000,0.000000
Done.
Final: Magnetisation = (0.020936,-0.003008), Energy = -1.075561 
<M> = (-0.020471,-0.009094), <E> = -1.018156 

T=1.290000	 Thermalizing iterations... 
Done.
Thermalized Magnetisation = (-0.038626,-0.019977), Energy = -1.020646 
Averaging iterations... h=0.000000,0.000000
Done.
Final: Magnetisation = (0.000886,-0.029956), Energy = -1.020690 
<M> = (-0.016672,-0.008103), <E> = -1.027256 

T=1.280000	 Thermalizing iterations... 
Done.
Thermalized Magnetisation = (-0.042989,-0.006562), Energy = -1.045406 
Averaging iterations... h=0.000000,0.000000
Done.
Final: Magnetisation = (-0.026826,-0.034315), Energy = -1.040076 
<M> = (-0.018073,-0.002251), <E> = -1.035824 

T=1.270000	 Thermalizing iterations... 
Done.
Thermalized Magnetisation = (-0.062202,0.005906), Energy = -1.038210 
Averaging iterations... h=0.000000,0.000000
Done.
Final: Magnetisation = (-0.026919,-0.018435), Energy = -1.038067 
<M> = (-0.023357,0.003059), <E> = -1.044644 

T=1.260000	 Thermalizing iterations... 
Done.
Thermalized Magnetisation = (-0.121897,-0.030633), Energy = -1.050666 
Averaging iterations... h=0.000000,0.000000
Done.
Final: Magnetisation = (-0.005714,-0.013312), Energy = -1.076483 
<M> = (-0.022020,0.010635), <E> = -1.054969 

T=1.250000	 Thermalizing iterations... 
Done.
Thermalized Magnetisation = (-0.042617,-0.106828), Energy = -1.113500 
Averaging iterations... h=0.000000,0.000000
Done.
Final: Magnetisation = (-0.056913,0.054784), Energy = -1.033819 
<M> = (-0.021796,-0.004426), <E> = -1.065791 

T=1.240000	 Thermalizing iterations... 
Done.
Thermalized Magnetisation = (0.007328,-0.017632), Energy = -1.105025 
Averaging iterations... h=0.000000,0.000000
Done.
Final: Magnetisation = (-0.091828,-0.027721), Energy = -1.059921 
<M> = (-0.023624,-0.005354), <E> = -1.076511 

T=1.230000	 Thermalizing iterations... 
Done.
Thermalized Magnetisation = (-0.001631,0.124978), Energy = -1.114807 
Averaging iterations... h=0.000000,0.000000
Done.
Final: Magnetisation = (-0.040066,-0.068702), Energy = -1.037560 
<M> = (-0.025573,-0.016424), <E> = -1.087712 

T=1.220000	 Thermalizing iterations... 
Done.
Thermalized Magnetisation = (0.004369,-0.054243), Energy = -1.081091 
Averaging iterations... h=0.000000,0.000000
Done.
Final: Magnetisation = (-0.016715,-0.080845), Energy = -1.113439 
<M> = (-0.027135,-0.015705), <E> = -1.097753 

T=1.210000	 Thermalizing iterations... 
Done.
Thermalized Magnetisation = (-0.026483,-0.026194), Energy = -1.049268 
Averaging iterations... h=0.000000,0.000000
Done.
Final: Magnetisation = (-0.015546,-0.029087), Energy = -1.130165 
<M> = (-0.024571,-0.007174), <E> = -1.106985 

T=1.200000	 Thermalizing iterations... 
Done.
Thermalized Magnetisation = (0.078347,-0.075470), Energy = -1.103119 
Averaging iterations... h=0.000000,0.000000
Done.
Final: Magnetisation = (0.000422,0.026353), Energy = -1.123794 
<M> = (-0.028302,0.007564), <E> = -1.117510 

T=1.190000	 Thermalizing iterations... 
Done.
Thermalized Magnetisation = (0.009063,0.062058), Energy = -1.110021 
Averaging iterations... h=0.000000,0.000000
Done.
Final: Magnetisation = (-0.025689,-0.093031), Energy = -1.126803 
<M> = (-0.026543,0.009836), <E> = -1.128157 

T=1.180000	 Thermalizing iterations... 
Done.
Thermalized Magnetisation = (-0.060996,-0.055268), Energy = -1.141197 
Averaging iterations... h=0.000000,0.000000
Done.
Final: Magnetisation = (-0.008868,-0.007809), Energy = -1.094375 
<M> = (-0.025817,-0.003883), <E> = -1.139217 

T=1.170000	 Thermalizing iterations... 
Done.
Thermalized Magnetisation = (-0.110434,0.062812), Energy = -1.175501 
Averaging iterations... h=0.000000,0.000000
Done.
Final: Magnetisation = (-0.046950,0.143033), Energy = -1.167086 
<M> = (-0.027737,-0.007890), <E> = -1.149640 

T=1.160000	 Thermalizing iterations... 
Done.
Thermalized Magnetisation = (0.046144,-0.193571), Energy = -1.175150 
Averaging iterations... h=0.000000,0.000000
Done.
Final: Magnetisation = (0.011248,-0.128225), Energy = -1.159092 
<M> = (-0.025947,-0.020666), <E> = -1.163961 

T=1.150000	 Thermalizing iterations... 
Done.
Thermalized Magnetisation = (-0.075459,-0.105813), Energy = -1.217341 
Averaging iterations... h=0.000000,0.000000
Done.
Final: Magnetisation = (-0.068441,0.058498), Energy = -1.186026 
<M> = (-0.028631,-0.013523), <E> = -1.175193 

T=1.140000	 Thermalizing iterations... 
Done.
Thermalized Magnetisation = (-0.111686,-0.108856), Energy = -1.198774 
Averaging iterations... h=0.000000,0.000000
Done.
Final: Magnetisation = (0.020536,-0.142701), Energy = -1.189434 
<M> = (-0.030749,-0.019705), <E> = -1.186577 

T=1.130000	 Thermalizing iterations... 
Done.
Thermalized Magnetisation = (-0.073718,0.091197), Energy = -1.195991 
Averaging iterations... h=0.000000,0.000000
Done.
Final: Magnetisation = (0.003338,0.126133), Energy = -1.188095 
<M> = (-0.028598,0.004687), <E> = -1.196856 

T=1.120000	 Thermalizing iterations... 
Done.
Thermalized Magnetisation = (-0.026242,0.041721), Energy = -1.213497 
Averaging iterations... h=0.000000,0.000000
Done.
Final: Magnetisation = (-0.052453,-0.105105), Energy = -1.216016 
<M> = (-0.029076,0.015063), <E> = -1.208733 

T=1.110000	 Thermalizing iterations... 
Done.
Thermalized Magnetisation = (-0.011467,-0.013551), Energy = -1.207642 
Averaging iterations... h=0.000000,0.000000
Done.
Final: Magnetisation = (-0.021063,0.052367), Energy = -1.223903 
<M> = (-0.034743,0.011827), <E> = -1.218313 

T=1.100000	 Thermalizing iterations... 
Done.
Thermalized Magnetisation = (-0.058972,-0.142011), Energy = -1.249393 
Averaging iterations... h=0.000000,0.000000
Done.
Final: Magnetisation = (-0.072978,-0.040844), Energy = -1.211265 
<M> = (-0.032645,0.010178), <E> = -1.233088 

T=1.090000	 Thermalizing iterations... 
Done.
Thermalized Magnetisation = (-0.097288,0.063284), Energy = -1.255589 
Averaging iterations... h=0.000000,0.000000
Done.
Final: Magnetisation = (-0.066311,-0.008148), Energy = -1.253151 
<M> = (-0.036228,-0.005013), <E> = -1.245281 

T=1.080000	 Thermalizing iterations... 
Done.
Thermalized Magnetisation = (-0.049657,-0.028431), Energy = -1.240984 
Averaging iterations... h=0.000000,0.000000
Done.
Final: Magnetisation = (-0.024942,0.015532), Energy = -1.246137 
<M> = (-0.040336,-0.039113), <E> = -1.257452 

T=1.070000	 Thermalizing iterations... 
Done.
Thermalized Magnetisation = (-0.036285,0.116599), Energy = -1.271398 
Averaging iterations... h=0.000000,0.000000
Done.
Final: Magnetisation = (-0.070837,0.086221), Energy = -1.262150 
<M> = (-0.033378,-0.041948), <E> = -1.271146 

T=1.060000	 Thermalizing iterations... 
Done.
Thermalized Magnetisation = (-0.037203,0.179896), Energy = -1.269412 
Averaging iterations... h=0.000000,0.000000
Done.
Final: Magnetisation = (-0.026173,-0.202810), Energy = -1.312222 
<M> = (-0.032546,-0.018903), <E> = -1.282915 

T=1.050000	 Thermalizing iterations... 
Done.
Thermalized Magnetisation = (-0.006162,-0.035626), Energy = -1.311917 
Averaging iterations... h=0.000000,0.000000
Done.
Final: Magnetisation = (-0.099074,0.074564), Energy = -1.307078 
<M> = (-0.040140,-0.020188), <E> = -1.292477 

T=1.040000	 Thermalizing iterations... 
Done.
Thermalized Magnetisation = (-0.065020,0.164923), Energy = -1.309910 
Averaging iterations... h=0.000000,0.000000
Done.
Final: Magnetisation = (-0.039556,-0.072804), Energy = -1.296058 
<M> = (-0.043592,0.032378), <E> = -1.306297 

T=1.030000	 Thermalizing iterations... 
Done.
Thermalized Magnetisation = (-0.051042,-0.076215), Energy = -1.283130 
Averaging iterations... h=0.000000,0.000000
Done.
Final: Magnetisation = (-0.036573,-0.058424), Energy = -1.333648 
<M> = (-0.032171,-0.023421), <E> = -1.318275 

T=1.020000	 Thermalizing iterations... 
Done.
Thermalized Magnetisation = (-0.024056,-0.035292), Energy = -1.293965 
Averaging iterations... h=0.000000,0.000000
Done.
Final: Magnetisation = (-0.104861,0.058234), Energy = -1.336314 
<M> = (-0.045278,-0.111734), <E> = -1.330400 

T=1.010000	 Thermalizing iterations... 
Done.
Thermalized Magnetisation = (-0.112376,-0.009519), Energy = -1.353251 
Averaging iterations... h=0.000000,0.000000
Done.
Final: Magnetisation = (-0.032932,-0.193102), Energy = -1.342891 
<M> = (-0.045323,-0.193826), <E> = -1.347912 

T=1.000000	 Thermalizing iterations... 
Done.
Thermalized Magnetisation = (-0.030974,-0.279906), Energy = -1.391282 
Averaging iterations... h=0.000000,0.000000
Done.
Final: Magnetisation = (0.052086,-0.216401), Energy = -1.370229 
<M> = (-0.044002,-0.169003), <E> = -1.360575 

T=0.990000	 Thermalizing iterations... 
Done.
Thermalized Magnetisation = (-0.053341,-0.001813), Energy = -1.396793 
Averaging iterations... h=0.000000,0.000000
Done.
Final: Magnetisation = (-0.045648,-0.215854), Energy = -1.362387 
<M> = (-0.033632,-0.027397), <E> = -1.370303 

T=0.980000	 Thermalizing iterations... 
Done.
Thermalized Magnetisation = (-0.090561,0.094619), Energy = -1.383981 
Averaging iterations... h=0.000000,0.000000
Done.
Final: Magnetisation = (-0.033081,0.021442), Energy = -1.394003 
<M> = (-0.027792,0.091577), <E> = -1.381530 

T=0.970000	 Thermalizing iterations... 
Done.
Thermalized Magnetisation = (0.017512,-0.300747), Energy = -1.368057 
Averaging iterations... h=0.000000,0.000000
Done.
Final: Magnetisation = (-0.055529,0.086735), Energy = -1.429032 
<M> = (-0.033524,-0.037853), <E> = -1.395239 

T=0.960000	 Thermalizing iterations... 
Done.
Thermalized Magnetisation = (-0.110407,-0.321862), Energy = -1.429960 
Averaging iterations... h=0.000000,0.000000
Done.
Final: Magnetisation = (-0.074129,-0.070896), Energy = -1.399869 
<M> = (-0.051998,-0.171799), <E> = -1.408937 

T=0.950000	 Thermalizing iterations... 
Done.
Thermalized Magnetisation = (-0.168297,-0.417518), Energy = -1.411710 
Averaging iterations... h=0.000000,0.000000
Done.
Final: Magnetisation = (-0.012342,-0.370416), Energy = -1.421710 
<M> = (-0.049498,-0.335867), <E> = -1.426094 

T=0.940000	 Thermalizing iterations... 
Done.
Thermalized Magnetisation = (-0.011772,-0.503786), Energy = -1.444607 
Averaging iterations... h=0.000000,0.000000
Done.
Final: Magnetisation = (-0.096912,-0.484287), Energy = -1.435380 
<M> = (-0.047835,-0.477270), <E> = -1.443516 

T=0.930000	 Thermalizing iterations... 
Done.
Thermalized Magnetisation = (-0.008568,-0.423546), Energy = -1.447995 
Averaging iterations... h=0.000000,0.000000
Done.
Final: Magnetisation = (-0.009438,-0.471541), Energy = -1.442729 
<M> = (-0.047902,-0.511624), <E> = -1.456988 

T=0.920000	 Thermalizing iterations... 
Done.
Thermalized Magnetisation = (-0.040737,-0.432005), Energy = -1.466615 
Averaging iterations... h=0.000000,0.000000
Done.
Final: Magnetisation = (-0.107810,-0.477306), Energy = -1.440984 
<M> = (-0.039683,-0.520000), <E> = -1.467113 

T=0.910000	 Thermalizing iterations... 
Done.
Thermalized Magnetisation = (-0.075322,-0.580027), Energy = -1.466243 
Averaging iterations... h=0.000000,0.000000
Done.
Final: Magnetisation = (-0.071287,-0.511166), Energy = -1.462777 
<M> = (-0.039297,-0.525334), <E> = -1.476355 

T=0.900000	 Thermalizing iterations... 
Done.
Thermalized Magnetisation = (-0.029708,-0.573337), Energy = -1.497665 
Averaging iterations... h=0.000000,0.000000
Done.
Final: Magnetisation = (0.061696,-0.543603), Energy = -1.481358 
<M> = (-0.039274,-0.535674), <E> = -1.486886 

T=0.890000	 Thermalizing iterations... 
Done.
Thermalized Magnetisation = (-0.070228,-0.510475), Energy = -1.493879 
Averaging iterations... h=0.000000,0.000000
Done.
Final: Magnetisation = (0.039455,-0.565230), Energy = -1.482409 
<M> = (-0.051858,-0.568627), <E> = -1.498599 

T=0.880000	 Thermalizing iterations... 
Done.
Thermalized Magnetisation = (-0.036891,-0.615461), Energy = -1.508333 
Averaging iterations... h=0.000000,0.000000
Done.
Final: Magnetisation = (0.001199,-0.514775), Energy = -1.506745 
<M> = (-0.046988,-0.577402), <E> = -1.508655 

T=0.870000	 Thermalizing iterations... 
Done.
Thermalized Magnetisation = (-0.029471,-0.614674), Energy = -1.539208 
Averaging iterations... h=0.000000,0.000000
Done.
Final: Magnetisation = (-0.006958,-0.587534), Energy = -1.524954 
<M> = (-0.050106,-0.592081), <E> = -1.519869 

T=0.860000	 Thermalizing iterations... 
Done.
Thermalized Magnetisation = (0.010420,-0.615969), Energy = -1.542466 
Averaging iterations... h=0.000000,0.000000
Done.
Final: Magnetisation = (-0.014405,-0.548854), Energy = -1.528983 
<M> = (-0.050899,-0.592050), <E> = -1.529201 

T=0.850000	 Thermalizing iterations... 
Done.
Thermalized Magnetisation = (-0.083033,-0.627175), Energy = -1.523590 
Averaging iterations... h=0.000000,0.000000
Done.
Final: Magnetisation = (-0.060603,-0.635163), Energy = -1.533466 
<M> = (-0.049759,-0.613092), <E> = -1.539560 

T=0.840000	 Thermalizing iterations... 
Done.
Thermalized Magnetisation = (-0.050662,-0.630621), Energy = -1.559850 
Averaging iterations... h=0.000000,0.000000
Done.
Final: Magnetisation = (-0.048779,-0.633464), Energy = -1.575306 
<M> = (-0.038035,-0.608516), <E> = -1.546887 

T=0.830000	 Thermalizing iterations... 
Done.
Thermalized Magnetisation = (-0.014435,-0.616186), Energy = -1.553098 
Averaging iterations... h=0.000000,0.000000
Done.
Final: Magnetisation = (0.005333,-0.620282), Energy = -1.541671 
<M> = (-0.040140,-0.622570), <E> = -1.555928 

T=0.820000	 Thermalizing iterations... 
Done.
Thermalized Magnetisation = (-0.085703,-0.641017), Energy = -1.541904 
Averaging iterations... h=0.000000,0.000000
Done.
Final: Magnetisation = (-0.018534,-0.661358), Energy = -1.559744 
<M> = (-0.039469,-0.628091), <E> = -1.563669 

T=0.810000	 Thermalizing iterations... 
Done.
Thermalized Magnetisation = (-0.050754,-0.657136), Energy = -1.545312 
Averaging iterations... h=0.000000,0.000000
Done.
Final: Magnetisation = (-0.072296,-0.583245), Energy = -1.557185 
<M> = (-0.040754,-0.628633), <E> = -1.572682 

T=0.800000	 Thermalizing iterations... 
Done.
Thermalized Magnetisation = (-0.035681,-0.652250), Energy = -1.582045 
Averaging iterations... h=0.000000,0.000000
Done.
Final: Magnetisation = (-0.056392,-0.643639), Energy = -1.569253 
<M> = (-0.050950,-0.637391), <E> = -1.581560 

T=0.790000	 Thermalizing iterations... 
Done.
Thermalized Magnetisation = (-0.100968,-0.658313), Energy = -1.586844 
Averaging iterations... h=0.000000,0.000000
Done.
Final: Magnetisation = (-0.043944,-0.654366), Energy = -1.617612 
<M> = (-0.043490,-0.648762), <E> = -1.591004 

T=0.780000	 Thermalizing iterations... 
Done.
Thermalized Magnetisation = (-0.023000,-0.673355), Energy = -1.582712 
Averaging iterations... h=0.000000,0.000000
Done.
Final: Magnetisation = (-0.063532,-0.679936), Energy = -1.611406 
<M> = (-0.045643,-0.658296), <E> = -1.598818 

T=0.770000	 Thermalizing iterations... 
Done.
Thermalized Magnetisation = (0.015162,-0.652637), Energy = -1.597566 
Averaging iterations... h=0.000000,0.000000
Done.
Final: Magnetisation = (-0.088223,-0.593270), Energy = -1.581025 
<M> = (-0.037984,-0.657605), <E> = -1.606224 

T=0.760000	 Thermalizing iterations... 
Done.
Thermalized Magnetisation = (-0.058892,-0.669524), Energy = -1.595431 
Averaging iterations... h=0.000000,0.000000
Done.
Final: Magnetisation = (0.031514,-0.675876), Energy = -1.624392 
<M> = (-0.041405,-0.656914), <E> = -1.613432 

T=0.750000	 Thermalizing iterations... 
Done.
Thermalized Magnetisation = (-0.054808,-0.632296), Energy = -1.614952 
Averaging iterations... h=0.000000,0.000000
Done.
Final: Magnetisation = (-0.070891,-0.675758), Energy = -1.618488 
<M> = (-0.041255,-0.665434), <E> = -1.620725 

T=0.740000	 Thermalizing iterations... 
Done.
Thermalized Magnetisation = (-0.006298,-0.684327), Energy = -1.643008 
Averaging iterations... h=0.000000,0.000000
Done.
Final: Magnetisation = (-0.086550,-0.672375), Energy = -1.631071 
<M> = (-0.045924,-0.669056), <E> = -1.627900 

T=0.730000	 Thermalizing iterations... 
Done.
Thermalized Magnetisation = (-0.016663,-0.657173), Energy = -1.631823 
Averaging iterations... h=0.000000,0.000000
Done.
Final: Magnetisation = (-0.064844,-0.678208), Energy = -1.634542 
<M> = (-0.041625,-0.678438), <E> = -1.636367 

T=0.720000	 Thermalizing iterations... 
Done.
Thermalized Magnetisation = (-0.009165,-0.690262), Energy = -1.627385 
Averaging iterations... h=0.000000,0.000000
Done.
Final: Magnetisation = (-0.047243,-0.684313), Energy = -1.643679 
<M> = (-0.046845,-0.680058), <E> = -1.643635 

T=0.710000	 Thermalizing iterations... 
Done.
Thermalized Magnetisation = (-0.048051,-0.704001), Energy = -1.650455 
Averaging iterations... h=0.000000,0.000000
Done.
Final: Magnetisation = (-0.077166,-0.678441), Energy = -1.668035 
<M> = (-0.049525,-0.686338), <E> = -1.651079 

T=0.700000	 Thermalizing iterations... 
Done.
Thermalized Magnetisation = (-0.046775,-0.698755), Energy = -1.655755 
Averaging iterations... h=0.000000,0.000000
Done.
Final: Magnetisation = (-0.074848,-0.690507), Energy = -1.662271 
<M> = (-0.049460,-0.690939), <E> = -1.658493 

T=0.690000	 Thermalizing iterations... 
Done.
Thermalized Magnetisation = (-0.071860,-0.679204), Energy = -1.664169 
Averaging iterations... h=0.000000,0.000000
Done.
Final: Magnetisation = (-0.030102,-0.728285), Energy = -1.657648 
<M> = (-0.034534,-0.697503), <E> = -1.665522 

T=0.680000	 Thermalizing iterations... 
Done.
Thermalized Magnetisation = (-0.086824,-0.686010), Energy = -1.653240 
Averaging iterations... h=0.000000,0.000000
Done.
Final: Magnetisation = (-0.103878,-0.697095), Energy = -1.671130 
<M> = (-0.040673,-0.696177), <E> = -1.671706 

T=0.670000	 Thermalizing iterations... 
Done.
Thermalized Magnetisation = (-0.031138,-0.710490), Energy = -1.670527 
Averaging iterations... h=0.000000,0.000000
Done.
Final: Magnetisation = (0.011051,-0.709099), Energy = -1.690735 
<M> = (-0.042861,-0.700684), <E> = -1.678634 

T=0.660000	 Thermalizing iterations... 
Done.
Thermalized Magnetisation = (-0.053735,-0.699258), Energy = -1.680721 
Averaging iterations... h=0.000000,0.000000
Done.
Final: Magnetisation = (-0.049251,-0.699117), Energy = -1.683847 
<M> = (-0.039304,-0.704763), <E> = -1.685359 

T=0.650000	 Thermalizing iterations... 
Done.
Thermalized Magnetisation = (-0.078682,-0.707895), Energy = -1.690932 
Averaging iterations... h=0.000000,0.000000
Done.
Final: Magnetisation = (-0.067571,-0.703435), Energy = -1.686418 
<M> = (-0.043721,-0.707091), <E> = -1.692266 

T=0.640000	 Thermalizing iterations... 
Done.
Thermalized Magnetisation = (-0.006768,-0.744303), Energy = -1.710948 
Averaging iterations... h=0.000000,0.000000
Done.
Final: Magnetisation = (0.053538,-0.716159), Energy = -1.700408 
<M> = (-0.043285,-0.716250), <E> = -1.699608 

T=0.630000	 Thermalizing iterations... 
Done.
Thermalized Magnetisation = (-0.046984,-0.722935), Energy = -1.708408 
Averaging iterations... h=0.000000,0.000000
Done.
Final: Magnetisation = (-0.079179,-0.685569), Energy = -1.704926 
<M> = (-0.050432,-0.719080), <E> = -1.706385 

T=0.620000	 Thermalizing iterations... 
Done.
Thermalized Magnetisation = (-0.069821,-0.753128), Energy = -1.720890 
Averaging iterations... h=0.000000,0.000000
Done.
Final: Magnetisation = (0.010031,-0.719250), Energy = -1.712798 
<M> = (-0.039754,-0.723457), <E> = -1.712801 

T=0.610000	 Thermalizing iterations... 
Done.
Thermalized Magnetisation = (-0.016203,-0.732715), Energy = -1.720765 
Averaging iterations... h=0.000000,0.000000
Done.
Final: Magnetisation = (-0.076112,-0.729459), Energy = -1.725504 
<M> = (-0.034892,-0.722495), <E> = -1.718719 

T=0.600000	 Thermalizing iterations... 
Done.
Thermalized Magnetisation = (-0.022264,-0.711380), Energy = -1.720036 
Averaging iterations... h=0.000000,0.000000
Done.
Final: Magnetisation = (-0.065061,-0.731684), Energy = -1.725310 
<M> = (-0.047441,-0.726895), <E> = -1.725041 

T=0.590000	 Thermalizing iterations... 
Done.
Thermalized Magnetisation = (-0.055358,-0.725650), Energy = -1.731286 
Averaging iterations... h=0.000000,0.000000
Done.
Final: Magnetisation = (0.007967,-0.743512), Energy = -1.729938 
<M> = (-0.042177,-0.729902), <E> = -1.731211 

T=0.580000	 Thermalizing iterations... 
Done.
Thermalized Magnetisation = (0.007589,-0.717218), Energy = -1.741834 
Averaging iterations... h=0.000000,0.000000
Done.
Final: Magnetisation = (-0.030077,-0.740290), Energy = -1.748356 
<M> = (-0.046059,-0.733064), <E> = -1.737960 

T=0.570000	 Thermalizing iterations... 
Done.
Thermalized Magnetisation = (-0.068058,-0.751923), Energy = -1.749290 
Averaging iterations... h=0.000000,0.000000
Done.
Final: Magnetisation = (0.004076,-0.731542), Energy = -1.748231 
<M> = (-0.045877,-0.737883), <E> = -1.744502 

T=0.560000	 Thermalizing iterations... 
Done.
Thermalized Magnetisation = (-0.078215,-0.722069), Energy = -1.750548 
Averaging iterations... h=0.000000,0.000000
Done.
Final: Magnetisation = (-0.046650,-0.739431), Energy = -1.750392 
<M> = (-0.045556,-0.741262), <E> = -1.751099 

T=0.550000	 Thermalizing iterations... 
Done.
Thermalized Magnetisation = (-0.061199,-0.725820), Energy = -1.763941 
Averaging iterations... h=0.000000,0.000000
Done.
Final: Magnetisation = (-0.090474,-0.734541), Energy = -1.763483 
<M> = (-0.046482,-0.746104), <E> = -1.757337 

T=0.540000	 Thermalizing iterations... 
Done.
Thermalized Magnetisation = (-0.052789,-0.722003), Energy = -1.759657 
Averaging iterations... h=0.000000,0.000000
Done.
Final: Magnetisation = (-0.062832,-0.749779), Energy = -1.758021 
<M> = (-0.040972,-0.748700), <E> = -1.763289 

T=0.530000	 Thermalizing iterations... 
Done.
Thermalized Magnetisation = (-0.018038,-0.755209), Energy = -1.780339 
Averaging iterations... h=0.000000,0.000000
Done.
Final: Magnetisation = (-0.041108,-0.759860), Energy = -1.784744 
<M> = (-0.040676,-0.748239), <E> = -1.768863 

T=0.520000	 Thermalizing iterations... 
Done.
Thermalized Magnetisation = (-0.085640,-0.754379), Energy = -1.776213 
Averaging iterations... h=0.000000,0.000000
Done.
Final: Magnetisation = (-0.080103,-0.740295), Energy = -1.771831 
<M> = (-0.042183,-0.751587), <E> = -1.774753 

T=0.510000	 Thermalizing iterations... 
Done.
Thermalized Magnetisation = (-0.069626,-0.752455), Energy = -1.780107 
Averaging iterations... h=0.000000,0.000000
Done.
Final: Magnetisation = (-0.050186,-0.747479), Energy = -1.776722 
<M> = (-0.041311,-0.754646), <E> = -1.781244 

T=0.500000	 Thermalizing iterations... 
Done.
Thermalized Magnetisation = (-0.059531,-0.762412), Energy = -1.790398 
Averaging iterations... h=0.000000,0.000000
Done.
Final: Magnetisation = (-0.071309,-0.766991), Energy = -1.790664 
<M> = (-0.041633,-0.761555), <E> = -1.787443 

T=0.490000	 Thermalizing iterations... 
Done.
Thermalized Magnetisation = (-0.049384,-0.761194), Energy = -1.790505 
Averaging iterations... h=0.000000,0.000000
Done.
Final: Magnetisation = (-0.032558,-0.771262), Energy = -1.788058 
<M> = (-0.051675,-0.764847), <E> = -1.793562 

T=0.480000	 Thermalizing iterations... 
Done.
Thermalized Magnetisation = (-0.007755,-0.761039), Energy = -1.799910 
Averaging iterations... h=0.000000,0.000000
Done.
Final: Magnetisation = (-0.078014,-0.751877), Energy = -1.789663 
<M> = (-0.044084,-0.767155), <E> = -1.799468 

T=0.470000	 Thermalizing iterations... 
Done.
Thermalized Magnetisation = (-0.004846,-0.771480), Energy = -1.810161 
Averaging iterations... h=0.000000,0.000000
Done.
Final: Magnetisation = (-0.031574,-0.775251), Energy = -1.806237 
<M> = (-0.039410,-0.770033), <E> = -1.805729 

T=0.460000	 Thermalizing iterations... 
Done.
Thermalized Magnetisation = (0.014913,-0.781228), Energy = -1.806827 
Averaging iterations... h=0.000000,0.000000
Done.
Final: Magnetisation = (-0.021321,-0.770767), Energy = -1.798604 
<M> = (-0.041372,-0.772134), <E> = -1.811045 

T=0.450000	 Thermalizing iterations... 
Done.
Thermalized Magnetisation = (-0.015404,-0.770126), Energy = -1.817926 
Averaging iterations... h=0.000000,0.000000
Done.
Final: Magnetisation = (0.001697,-0.763996), Energy = -1.814566 
<M> = (-0.044598,-0.773334), <E> = -1.816845 

T=0.440000	 Thermalizing iterations... 
Done.
Thermalized Magnetisation = (-0.070452,-0.789476), Energy = -1.826721 
Averaging iterations... h=0.000000,0.000000
Done.
Final: Magnetisation = (-0.050451,-0.752585), Energy = -1.821924 
<M> = (-0.045994,-0.775056), <E> = -1.822448 

T=0.430000	 Thermalizing iterations... 
Done.
Thermalized Magnetisation = (-0.089287,-0.797200), Energy = -1.829533 
Averaging iterations... h=0.000000,0.000000
Done.
Final: Magnetisation = (-0.061097,-0.774175), Energy = -1.820475 
<M> = (-0.046499,-0.781061), <E> = -1.828419 

T=0.420000	 Thermalizing iterations... 
Done.
Thermalized Magnetisation = (-0.042440,-0.791477), Energy = -1.835853 
Averaging iterations... h=0.000000,0.000000
Done.
Final: Magnetisation = (-0.049825,-0.779212), Energy = -1.833406 
<M> = (-0.053723,-0.784145), <E> = -1.834553 

T=0.410000	 Thermalizing iterations... 
Done.
Thermalized Magnetisation = (-0.007942,-0.794240), Energy = -1.835318 
Averaging iterations... h=0.000000,0.000000
Done.
Final: Magnetisation = (-0.051374,-0.787224), Energy = -1.839842 
<M> = (-0.039751,-0.789664), <E> = -1.840383 

T=0.400000	 Thermalizing iterations... 
Done.
Thermalized Magnetisation = (-0.055481,-0.785555), Energy = -1.838529 
Averaging iterations... h=0.000000,0.000000
Done.
Final: Magnetisation = (-0.030210,-0.790256), Energy = -1.846449 
<M> = (-0.041985,-0.792597), <E> = -1.845898 

T=0.390000	 Thermalizing iterations... 
Done.
Thermalized Magnetisation = (-0.042109,-0.791956), Energy = -1.850027 
Averaging iterations... h=0.000000,0.000000
Done.
Final: Magnetisation = (-0.026750,-0.791213), Energy = -1.846861 
<M> = (-0.041197,-0.793935), <E> = -1.851365 

T=0.380000	 Thermalizing iterations... 
Done.
Thermalized Magnetisation = (-0.048095,-0.796620), Energy = -1.847594 
Averaging iterations... h=0.000000,0.000000
Done.
Final: Magnetisation = (-0.041225,-0.808484), Energy = -1.858537 
<M> = (-0.044453,-0.792844), <E> = -1.857027 

T=0.370000	 Thermalizing iterations... 
Done.
Thermalized Magnetisation = (-0.034703,-0.792411), Energy = -1.870604 
Averaging iterations... h=0.000000,0.000000
Done.
Final: Magnetisation = (-0.024819,-0.788043), Energy = -1.859965 
<M> = (-0.046027,-0.796588), <E> = -1.862414 

T=0.360000	 Thermalizing iterations... 
Done.
Thermalized Magnetisation = (-0.016494,-0.819838), Energy = -1.872132 
Averaging iterations... h=0.000000,0.000000
Done.
Final: Magnetisation = (-0.043315,-0.809522), Energy = -1.864995 
<M> = (-0.047055,-0.802170), <E> = -1.868445 

T=0.350000	 Thermalizing iterations... 
Done.
Thermalized Magnetisation = (-0.052186,-0.790546), Energy = -1.869502 
Averaging iterations... h=0.000000,0.000000
Done.
Final: Magnetisation = (-0.072324,-0.799865), Energy = -1.869782 
<M> = (-0.041494,-0.804040), <E> = -1.874118 

T=0.340000	 Thermalizing iterations... 
Done.
Thermalized Magnetisation = (-0.024459,-0.823038), Energy = -1.881709 
Averaging iterations... h=0.000000,0.000000
Done.
Final: Magnetisation = (-0.043413,-0.808671), Energy = -1.878121 
<M> = (-0.048499,-0.807601), <E> = -1.879849 

T=0.330000	 Thermalizing iterations... 
Done.
Thermalized Magnetisation = (-0.056255,-0.813453), Energy = -1.886093 
Averaging iterations... h=0.000000,0.000000
Done.
Final: Magnetisation = (-0.037485,-0.817285), Energy = -1.886716 
<M> = (-0.048719,-0.810517), <E> = -1.885355 

T=0.320000	 Thermalizing iterations... 
Done.
Thermalized Magnetisation = (-0.046469,-0.807362), Energy = -1.891629 
Averaging iterations... h=0.000000,0.000000
Done.
Final: Magnetisation = (-0.057799,-0.826930), Energy = -1.895405 
<M> = (-0.042381,-0.812169), <E> = -1.890804 

T=0.310000	 Thermalizing iterations... 
Done.
Thermalized Magnetisation = (-0.039342,-0.817515), Energy = -1.892286 
Averaging iterations... h=0.000000,0.000000
Done.
Final: Magnetisation = (-0.055648,-0.817982), Energy = -1.891047 
<M> = (-0.044010,-0.813970), <E> = -1.896243 

T=0.300000	 Thermalizing iterations... 
Done.
Thermalized Magnetisation = (-0.061325,-0.820592), Energy = -1.903615 
Averaging iterations... h=0.000000,0.000000
Done.
Final: Magnetisation = (-0.044005,-0.821520), Energy = -1.898302 
<M> = (-0.048464,-0.817686), <E> = -1.901679 

T=0.290000	 Thermalizing iterations... 
Done.
Thermalized Magnetisation = (-0.051041,-0.816777), Energy = -1.906729 
Averaging iterations... h=0.000000,0.000000
Done.
Final: Magnetisation = (-0.028340,-0.814874), Energy = -1.903995 
<M> = (-0.042706,-0.820102), <E> = -1.907172 

T=0.280000	 Thermalizing iterations... 
Done.
Thermalized Magnetisation = (-0.049420,-0.817988), Energy = -1.911130 
Averaging iterations... h=0.000000,0.000000
Done.
Final: Magnetisation = (-0.062611,-0.821139), Energy = -1.909576 
<M> = (-0.048848,-0.822552), <E> = -1.912502 

T=0.270000	 Thermalizing iterations... 
Done.
Thermalized Magnetisation = (-0.054191,-0.836290), Energy = -1.918544 
Averaging iterations... h=0.000000,0.000000
Done.
Final: Magnetisation = (-0.025936,-0.824736), Energy = -1.918101 
<M> = (-0.046062,-0.824875), <E> = -1.918249 

T=0.260000	 Thermalizing iterations... 
Done.
Thermalized Magnetisation = (-0.073338,-0.835010), Energy = -1.926338 
Averaging iterations... h=0.000000,0.000000
Done.
Final: Magnetisation = (-0.058237,-0.823977), Energy = -1.923524 
<M> = (-0.040507,-0.829486), <E> = -1.923561 

T=0.250000	 Thermalizing iterations... 
Done.
Thermalized Magnetisation = (-0.033800,-0.828113), Energy = -1.927543 
Averaging iterations... h=0.000000,0.000000
Done.
Final: Magnetisation = (-0.036305,-0.828976), Energy = -1.933212 
<M> = (-0.047144,-0.830935), <E> = -1.928861 

T=0.240000	 Thermalizing iterations... 
Done.
Thermalized Magnetisation = (-0.053182,-0.839709), Energy = -1.935393 
Averaging iterations... h=0.000000,0.000000
Done.
Final: Magnetisation = (-0.027056,-0.847530), Energy = -1.933457 
<M> = (-0.042874,-0.835674), <E> = -1.934237 

T=0.230000	 Thermalizing iterations... 
Done.
Thermalized Magnetisation = (-0.069706,-0.831367), Energy = -1.937237 
Averaging iterations... h=0.000000,0.000000
Done.
Final: Magnetisation = (-0.057468,-0.835700), Energy = -1.938713 
<M> = (-0.045825,-0.837457), <E> = -1.939642 

T=0.220000	 Thermalizing iterations... 
Done.
Thermalized Magnetisation = (-0.011860,-0.846477), Energy = -1.944321 
Averaging iterations... h=0.000000,0.000000
Done.
Final: Magnetisation = (-0.029212,-0.824403), Energy = -1.942147 
<M> = (-0.048363,-0.836846), <E> = -1.944837 

T=0.210000	 Thermalizing iterations... 
Done.
Thermalized Magnetisation = (-0.053273,-0.839651), Energy = -1.948996 
Averaging iterations... h=0.000000,0.000000
Done.
Final: Magnetisation = (-0.055408,-0.840422), Energy = -1.949512 
<M> = (-0.046255,-0.842296), <E> = -1.950127 

T=0.200000	 Thermalizing iterations... 
Done.
Thermalized Magnetisation = (-0.031428,-0.845884), Energy = -1.954686 
Averaging iterations... h=0.000000,0.000000
Done.
Final: Magnetisation = (-0.026094,-0.857532), Energy = -1.952291 
<M> = (-0.042246,-0.845659), <E> = -1.955578 

T=0.190000	 Thermalizing iterations... 
Done.
Thermalized Magnetisation = (-0.036508,-0.851353), Energy = -1.960375 
Averaging iterations... h=0.000000,0.000000
Done.
Final: Magnetisation = (-0.041415,-0.845859), Energy = -1.963832 
<M> = (-0.041275,-0.848038), <E> = -1.960927 

T=0.180000	 Thermalizing iterations... 
Done.
Thermalized Magnetisation = (-0.062663,-0.844558), Energy = -1.966844 
Averaging iterations... h=0.000000,0.000000
Done.
Final: Magnetisation = (-0.051041,-0.851279), Energy = -1.965868 
<M> = (-0.047548,-0.848571), <E> = -1.966113 

T=0.170000	 Thermalizing iterations... 
Done.
Thermalized Magnetisation = (-0.038864,-0.862186), Energy = -1.970559 
Averaging iterations... h=0.000000,0.000000
Done.
Final: Magnetisation = (-0.043047,-0.853420), Energy = -1.969130 
<M> = (-0.042147,-0.852868), <E> = -1.971329 

T=0.160000	 Thermalizing iterations... 
Done.
Thermalized Magnetisation = (-0.060230,-0.855605), Energy = -1.978045 
Averaging iterations... h=0.000000,0.000000
Done.
Final: Magnetisation = (-0.047855,-0.860008), Energy = -1.978274 
<M> = (-0.042536,-0.853859), <E> = -1.976515 

T=0.150000	 Thermalizing iterations... 
Done.
Thermalized Magnetisation = (-0.038398,-0.857310), Energy = -1.982229 
Averaging iterations... h=0.000000,0.000000
Done.
Final: Magnetisation = (-0.046331,-0.860338), Energy = -1.982123 
<M> = (-0.043115,-0.857064), <E> = -1.981710 

T=0.140000	 Thermalizing iterations... 
Done.
Thermalized Magnetisation = (-0.037972,-0.858697), Energy = -1.987178 
Averaging iterations... h=0.000000,0.000000
Done.
Final: Magnetisation = (-0.045739,-0.861764), Energy = -1.987101 
<M> = (-0.044901,-0.860376), <E> = -1.986897 

T=0.130000	 Thermalizing iterations... 
Done.
Thermalized Magnetisation = (-0.049727,-0.863445), Energy = -1.994031 
Averaging iterations... h=0.000000,0.000000
Done.
Final: Magnetisation = (-0.054873,-0.858819), Energy = -1.991864 
<M> = (-0.043131,-0.863252), <E> = -1.992170 

T=0.120000	 Thermalizing iterations... 
Done.
Thermalized Magnetisation = (-0.030755,-0.866320), Energy = -1.995587 
Averaging iterations... h=0.000000,0.000000
Done.
Final: Magnetisation = (-0.033072,-0.859037), Energy = -1.997269 
<M> = (-0.043723,-0.864728), <E> = -1.997321 

T=0.110000	 Thermalizing iterations... 
Done.
Thermalized Magnetisation = (-0.024757,-0.863993), Energy = -2.003451 
Averaging iterations... h=0.000000,0.000000
Done.
Final: Magnetisation = (-0.040210,-0.865498), Energy = -2.001923 
<M> = (-0.041302,-0.867815), <E> = -2.002481 

T=0.100000	 Thermalizing iterations... 
Done.
Thermalized Magnetisation = (-0.034290,-0.868137), Energy = -2.009760 
Averaging iterations... h=0.000000,0.000000
Done.
Final: Magnetisation = (-0.048515,-0.867262), Energy = -2.008061 
<M> = (-0.046316,-0.869248), <E> = -2.007593 

T=0.090000	 Thermalizing iterations... 
Done.
Thermalized Magnetisation = (-0.036062,-0.871766), Energy = -2.011383 
Averaging iterations... h=0.000000,0.000000
Done.
Final: Magnetisation = (-0.044712,-0.877183), Energy = -2.012491 
<M> = (-0.040747,-0.871548), <E> = -2.012759 

T=0.080000	 Thermalizing iterations... 
Done.
Thermalized Magnetisation = (-0.049785,-0.878719), Energy = -2.019538 
Averaging iterations... h=0.000000,0.000000
Done.
Final: Magnetisation = (-0.053757,-0.872805), Energy = -2.018373 
<M> = (-0.049530,-0.873923), <E> = -2.017837 

T=0.070000	 Thermalizing iterations... 
Done.
Thermalized Magnetisation = (-0.045966,-0.876238), Energy = -2.022314 
Averaging iterations... h=0.000000,0.000000
Done.
Final: Magnetisation = (-0.048966,-0.877216), Energy = -2.023660 
<M> = (-0.045402,-0.877148), <E> = -2.022889 

T=0.060000	 Thermalizing iterations... 
Done.
Thermalized Magnetisation = (-0.055786,-0.878971), Energy = -2.026862 
Averaging iterations... h=0.000000,0.000000
Done.
Final: Magnetisation = (-0.036081,-0.880970), Energy = -2.027857 
<M> = (-0.041319,-0.879843), <E> = -2.028051 

T=0.050000	 Thermalizing iterations... 
Done.
Thermalized Magnetisation = (-0.054155,-0.881118), Energy = -2.032964 
Averaging iterations... h=0.000000,0.000000
Done.
Final: Magnetisation = (-0.053562,-0.880288), Energy = -2.033222 
<M> = (-0.046347,-0.882335), <E> = -2.033104 

T=0.040000	 Thermalizing iterations... 
Done.
Thermalized Magnetisation = (-0.037415,-0.881882), Energy = -2.038304 
Averaging iterations... h=0.000000,0.000000
Done.
Final: Magnetisation = (-0.045570,-0.883757), Energy = -2.037573 
<M> = (-0.044186,-0.883450), <E> = -2.038162 

T=0.030000	 Thermalizing iterations... 
Done.
Thermalized Magnetisation = (-0.054750,-0.886262), Energy = -2.043311 
Averaging iterations... h=0.000000,0.000000
Done.
Final: Magnetisation = (-0.039022,-0.887850), Energy = -2.042890 
<M> = (-0.045471,-0.886332), <E> = -2.043229 

T=0.020000	 Thermalizing iterations... 
Done.
Thermalized Magnetisation = (-0.039343,-0.888938), Energy = -2.048170 
Averaging iterations... h=0.000000,0.000000
Done.
Final: Magnetisation = (-0.042720,-0.887564), Energy = -2.048608 
<M> = (-0.044437,-0.888557), <E> = -2.048248 

T=0.010000	 Thermalizing iterations... 
Done.
Thermalized Magnetisation = (-0.045380,-0.889596), Energy = -2.053207 
Averaging iterations... h=0.000000,0.000000
Done.
Final: Magnetisation = (-0.045730,-0.890092), Energy = -2.053206 
<M> = (-0.047286,-0.890444), <E> = -2.053248 
Final Magnetisation = (-0.045730,-0.890092), Energy = -2.053206 
------------------------

Updating all (first)black/(then)white checkerboard sites simultaneously.. 

ztne RFXY h rotating with |h|=0.000000 at T=0.000000..
loop 1

loop 2

CPU  Start Time = 5540202.197905 

CPU  End Time = 5555887.908579 

CPU Time elapsed total = 15685.710674 

real	261m25.776s
user	4181m38.080s
sys	1m11.332s
