nearest neighbor initialized. 
J loaded. 
h loaded. 
L = 32, dim_L = 2, dim_S = 2
hysteresis_MCS_multiplier = 10, hysteresis_MCS_max = 100
RAND_MAX = 2147483647.000000,
 sizeof(int) = 4,
 sizeof(long) = 8,
 sizeof(double) = 8,
 sizeof(long int) = 8,
 sizeof(short int) = 2,
 sizeof(unsigned int) = 4,
 sizeof(RAND_MAX) = 4

OpenMP Active.

No. of THREADS = 24
No. of PROCESSORS = 24

0.146822,0.084691
order = ({1.000000-->-1.000000,0.000000}, 0, 1)
Initial Magnetisation = (0.146822,0.084691), Energy = -0.054505 
Cooling... 
T=2.000000	 Thermalizing iterations... 
Done.
Thermalized Magnetisation = (0.018236,-0.201645), Energy = -0.546280 
Averaging iterations... h=0.071429,0.000000
Done.
Final: Magnetisation = (0.139556,0.120423), Energy = -0.702284 
<M> = (0.072741,0.002174), <E> = -0.757292 

T=1.950000	 Thermalizing iterations... 
Done.
Thermalized Magnetisation = (-0.013016,-0.131462), Energy = -0.995114 
Averaging iterations... h=0.071429,0.000000
Done.
Final: Magnetisation = (0.162699,-0.060176), Energy = -0.556802 
<M> = (0.073551,0.002478), <E> = -0.773928 

T=1.900000	 Thermalizing iterations... 
Done.
Thermalized Magnetisation = (0.018020,-0.029301), Energy = -0.642934 
Averaging iterations... h=0.071429,0.000000
Done.
Final: Magnetisation = (0.228450,-0.135315), Energy = -0.766336 
<M> = (0.078796,0.003652), <E> = -0.795522 

T=1.850000	 Thermalizing iterations... 
Done.
Thermalized Magnetisation = (0.163827,0.089041), Energy = -0.839699 
Averaging iterations... h=0.071429,0.000000
Done.
Final: Magnetisation = (0.061868,-0.103070), Energy = -0.762209 
<M> = (0.086595,0.002667), <E> = -0.817522 

T=1.800000	 Thermalizing iterations... 
Done.
Thermalized Magnetisation = (-0.004792,0.005568), Energy = -0.966399 
Averaging iterations... h=0.071429,0.000000
Done.
Final: Magnetisation = (0.251452,0.146967), Energy = -0.759324 
<M> = (0.092175,0.002026), <E> = -0.839819 

T=1.750000	 Thermalizing iterations... 
Done.
Thermalized Magnetisation = (0.031931,-0.025589), Energy = -0.702397 
Averaging iterations... h=0.071429,0.000000
Done.
Final: Magnetisation = (0.083080,0.282062), Energy = -1.129721 
<M> = (0.095694,0.002657), <E> = -0.862069 

T=1.700000	 Thermalizing iterations... 
Done.
Thermalized Magnetisation = (0.209643,0.041095), Energy = -0.868922 
Averaging iterations... h=0.071429,0.000000
Done.
Final: Magnetisation = (0.120845,0.289436), Energy = -0.916462 
<M> = (0.108144,-0.003207), <E> = -0.889171 

T=1.650000	 Thermalizing iterations... 
Done.
Thermalized Magnetisation = (-0.005094,0.033674), Energy = -0.998268 
Averaging iterations... h=0.071429,0.000000
Done.
Final: Magnetisation = (-0.056796,-0.013737), Energy = -0.859772 
<M> = (0.117630,-0.000538), <E> = -0.910280 

T=1.600000	 Thermalizing iterations... 
Done.
Thermalized Magnetisation = (0.186379,0.062778), Energy = -0.908415 
Averaging iterations... h=0.071429,0.000000
Done.
Final: Magnetisation = (0.235914,-0.141893), Energy = -0.796686 
<M> = (0.131570,0.002908), <E> = -0.940608 

T=1.550000	 Thermalizing iterations... 
Done.
Thermalized Magnetisation = (0.177173,0.044731), Energy = -0.987797 
Averaging iterations... h=0.071429,0.000000
Done.
Final: Magnetisation = (0.051189,-0.064031), Energy = -0.995973 
<M> = (0.132758,0.000861), <E> = -0.965701 

T=1.500000	 Thermalizing iterations... 
Done.
Thermalized Magnetisation = (0.057945,0.167000), Energy = -0.882169 
Averaging iterations... h=0.071429,0.000000
Done.
Final: Magnetisation = (0.172347,0.016820), Energy = -1.011917 
<M> = (0.155185,0.003811), <E> = -0.999849 

T=1.450000	 Thermalizing iterations... 
Done.
Thermalized Magnetisation = (0.018047,-0.155192), Energy = -1.077419 
Averaging iterations... h=0.071429,0.000000
Done.
Final: Magnetisation = (0.236507,0.182780), Energy = -1.084916 
<M> = (0.166595,-0.002110), <E> = -1.029328 

T=1.400000	 Thermalizing iterations... 
Done.
Thermalized Magnetisation = (0.126308,-0.072376), Energy = -1.142832 
Averaging iterations... h=0.071429,0.000000
Done.
Final: Magnetisation = (0.187534,-0.145249), Energy = -1.171121 
<M> = (0.187416,0.006892), <E> = -1.067253 

T=1.350000	 Thermalizing iterations... 
Done.
Thermalized Magnetisation = (0.109166,0.100047), Energy = -1.065999 
Averaging iterations... h=0.071429,0.000000
Done.
Final: Magnetisation = (0.126743,0.095299), Energy = -0.904717 
<M> = (0.204775,-0.003387), <E> = -1.101768 

T=1.300000	 Thermalizing iterations... 
Done.
Thermalized Magnetisation = (0.270298,-0.016949), Energy = -1.231271 
Averaging iterations... h=0.071429,0.000000
Done.
Final: Magnetisation = (0.328440,-0.027474), Energy = -1.206362 
<M> = (0.216001,0.005919), <E> = -1.140057 

T=1.250000	 Thermalizing iterations... 
Done.
Thermalized Magnetisation = (0.435008,-0.267586), Energy = -1.314569 
Averaging iterations... h=0.071429,0.000000
Done.
Final: Magnetisation = (0.461026,0.078714), Energy = -1.285626 
<M> = (0.254386,0.006947), <E> = -1.182601 

T=1.200000	 Thermalizing iterations... 
Done.
Thermalized Magnetisation = (0.497353,0.199357), Energy = -1.333708 
Averaging iterations... h=0.071429,0.000000
Done.
Final: Magnetisation = (0.421183,-0.072223), Energy = -1.231330 
<M> = (0.280903,0.005849), <E> = -1.232145 

T=1.150000	 Thermalizing iterations... 
Done.
Thermalized Magnetisation = (0.465752,0.104867), Energy = -1.342549 
Averaging iterations... h=0.071429,0.000000
Done.
Final: Magnetisation = (0.320551,0.199120), Energy = -1.286200 
<M> = (0.317815,-0.008855), <E> = -1.271702 

T=1.100000	 Thermalizing iterations... 
Done.
Thermalized Magnetisation = (0.098403,-0.316171), Energy = -1.234923 
Averaging iterations... h=0.071429,0.000000
Done.
Final: Magnetisation = (0.409340,-0.346475), Energy = -1.452674 
<M> = (0.362753,-0.000174), <E> = -1.327236 

T=1.050000	 Thermalizing iterations... 
Done.
Thermalized Magnetisation = (0.494000,0.080193), Energy = -1.451936 
Averaging iterations... h=0.071429,0.000000
Done.
Final: Magnetisation = (0.469939,0.114501), Energy = -1.401478 
<M> = (0.399198,0.013247), <E> = -1.374692 

T=1.000000	 Thermalizing iterations... 
Done.
Thermalized Magnetisation = (0.533160,0.255207), Energy = -1.418593 
Averaging iterations... h=0.071429,0.000000
Done.
Final: Magnetisation = (0.326929,0.240914), Energy = -1.434921 
<M> = (0.436778,0.005585), <E> = -1.425473 

T=0.950000	 Thermalizing iterations... 
Done.
Thermalized Magnetisation = (0.253403,0.169039), Energy = -1.358809 
Averaging iterations... h=0.071429,0.000000
Done.
Final: Magnetisation = (0.404857,0.108181), Energy = -1.464723 
<M> = (0.480400,0.025375), <E> = -1.477596 

T=0.900000	 Thermalizing iterations... 
Done.
Thermalized Magnetisation = (0.723393,-0.139958), Energy = -1.600605 
Averaging iterations... h=0.071429,0.000000
Done.
Final: Magnetisation = (0.561070,-0.053513), Energy = -1.609989 
<M> = (0.520382,0.006600), <E> = -1.527665 

T=0.850000	 Thermalizing iterations... 
Done.
Thermalized Magnetisation = (0.404455,0.414821), Energy = -1.525024 
Averaging iterations... h=0.071429,0.000000
Done.
Final: Magnetisation = (0.675399,-0.140300), Energy = -1.604844 
<M> = (0.565889,-0.004392), <E> = -1.572560 

T=0.800000	 Thermalizing iterations... 
Done.
Thermalized Magnetisation = (0.639990,0.277818), Energy = -1.573088 
Averaging iterations... h=0.071429,0.000000
Done.
Final: Magnetisation = (0.704200,-0.004029), Energy = -1.623347 
<M> = (0.596974,0.043093), <E> = -1.619261 

T=0.750000	 Thermalizing iterations... 
Done.
Thermalized Magnetisation = (0.714220,-0.047386), Energy = -1.715309 
Averaging iterations... h=0.071429,0.000000
Done.
Final: Magnetisation = (0.656450,0.181774), Energy = -1.742284 
<M> = (0.628720,-0.011312), <E> = -1.657366 

T=0.700000	 Thermalizing iterations... 
Done.
Thermalized Magnetisation = (0.346294,-0.430010), Energy = -1.468488 
Averaging iterations... h=0.071429,0.000000
Done.
Final: Magnetisation = (0.599936,-0.125055), Energy = -1.628945 
<M> = (0.642459,0.040836), <E> = -1.692323 

T=0.650000	 Thermalizing iterations... 
Done.
Thermalized Magnetisation = (0.699297,-0.225819), Energy = -1.685038 
Averaging iterations... h=0.071429,0.000000
Done.
Final: Magnetisation = (0.597303,-0.300387), Energy = -1.661412 
<M> = (0.683358,-0.084631), <E> = -1.730309 

T=0.600000	 Thermalizing iterations... 
Done.
Thermalized Magnetisation = (0.603488,0.172155), Energy = -1.680676 
Averaging iterations... h=0.071429,0.000000
Done.
Final: Magnetisation = (0.803605,-0.130657), Energy = -1.820742 
<M> = (0.705111,-0.008676), <E> = -1.763477 

T=0.550000	 Thermalizing iterations... 
Done.
Thermalized Magnetisation = (0.629808,-0.426718), Energy = -1.788060 
Averaging iterations... h=0.071429,0.000000
Done.
Final: Magnetisation = (0.746010,0.327893), Energy = -1.809388 
<M> = (0.723890,-0.019702), <E> = -1.794255 

T=0.500000	 Thermalizing iterations... 
Done.
Thermalized Magnetisation = (0.795437,-0.147497), Energy = -1.807788 
Averaging iterations... h=0.071429,0.000000
Done.
Final: Magnetisation = (0.770748,0.245543), Energy = -1.759002 
<M> = (0.742599,-0.151748), <E> = -1.823941 

T=0.450000	 Thermalizing iterations... 
Done.
Thermalized Magnetisation = (0.745778,0.358358), Energy = -1.873809 
Averaging iterations... h=0.071429,0.000000
Done.
Final: Magnetisation = (0.678266,-0.485819), Energy = -1.869503 
<M> = (0.769857,0.148953), <E> = -1.853363 

T=0.400000	 Thermalizing iterations... 
Done.
Thermalized Magnetisation = (0.790842,0.205992), Energy = -1.891537 
Averaging iterations... h=0.071429,0.000000
Done.
Final: Magnetisation = (0.826514,-0.208815), Energy = -1.854057 
<M> = (0.791824,-0.055099), <E> = -1.881075 

T=0.350000	 Thermalizing iterations... 
Done.
Thermalized Magnetisation = (0.814147,-0.248887), Energy = -1.952709 
Averaging iterations... h=0.071429,0.000000
Done.
Final: Magnetisation = (0.832938,-0.026552), Energy = -1.895010 
<M> = (0.804636,-0.040262), <E> = -1.909344 

T=0.300000	 Thermalizing iterations... 
Done.
Thermalized Magnetisation = (0.641825,0.522111), Energy = -1.944298 
Averaging iterations... h=0.071429,0.000000
Done.
Final: Magnetisation = (0.734446,0.312705), Energy = -1.931818 
<M> = (0.805394,0.089647), <E> = -1.936829 

T=0.250000	 Thermalizing iterations... 
Done.
Thermalized Magnetisation = (0.869044,0.139438), Energy = -1.959567 
Averaging iterations... h=0.071429,0.000000
Done.
Final: Magnetisation = (0.782526,-0.436912), Energy = -1.971874 
<M> = (0.840658,-0.045622), <E> = -1.963073 

T=0.200000	 Thermalizing iterations... 
Done.
Thermalized Magnetisation = (0.854540,-0.199650), Energy = -1.980693 
Averaging iterations... h=0.071429,0.000000
Done.
Final: Magnetisation = (0.889651,-0.190043), Energy = -1.989214 
<M> = (0.825345,-0.325485), <E> = -1.990271 

T=0.150000	 Thermalizing iterations... 
Done.
Thermalized Magnetisation = (0.673050,-0.616156), Energy = -2.006113 
Averaging iterations... h=0.071429,0.000000
Done.
Final: Magnetisation = (0.877096,-0.171676), Energy = -2.021199 
<M> = (0.847101,-0.307429), <E> = -2.015980 

T=0.100000	 Thermalizing iterations... 
Done.
Thermalized Magnetisation = (0.846135,-0.325737), Energy = -2.042030 
Averaging iterations... h=0.071429,0.000000
Done.
Final: Magnetisation = (0.875515,-0.340176), Energy = -2.049694 
<M> = (0.845819,-0.372955), <E> = -2.042207 

T=0.050000	 Thermalizing iterations... 
Done.
Thermalized Magnetisation = (0.824795,-0.463922), Energy = -2.066741 
Averaging iterations... h=0.071429,0.000000
Done.
Final: Magnetisation = (0.880218,-0.306562), Energy = -2.067195 
<M> = (0.848457,-0.417424), <E> = -2.067580 
Final Magnetisation = (0.880218,-0.306562), Energy = -2.067195 
------------------------

Updating all (first)black/(then)white checkerboard sites simultaneously.. 

ztne RFXY h rotating with |h|=0.071429 at T=0.000000..
loop 1

loop 2

Cooling protocol time (from T=2.000000 to T=0.000000) = 194.087466 

CPU Time elapsed total = 194.149503 
All done - 194 seconds elapsed.
