nearest neighbor initialized. 
J loaded. 
h loaded. 
L = 64, dim_L = 2, dim_S = 2
hysteresis_MCS_multiplier = 10, hysteresis_MCS_max = 100
RAND_MAX = 2147483647.000000,
 sizeof(int) = 4,
 sizeof(long) = 8,
 sizeof(double) = 8,
 sizeof(long int) = 8,
 sizeof(short int) = 2,
 sizeof(unsigned int) = 4,
 sizeof(RAND_MAX) = 4

OpenMP Active.

No. of THREADS = 24
No. of PROCESSORS = 24

0.095085,-0.024210
order = ({1.000000-->-1.000000,0.000000}, 0, 1)
Initial Magnetisation = (0.095085,-0.024210), Energy = -0.085159 
Cooling... 
T=2.000000	 Thermalizing iterations... 
Done.
Thermalized Magnetisation = (0.012629,0.074042), Energy = -0.550372 
Averaging iterations... h=0.071429,0.000000
Done.
Final: Magnetisation = (0.048947,-0.022968), Energy = -0.702020 
<M> = (0.063554,0.000486), <E> = -0.631514 

T=1.950000	 Thermalizing iterations... 
Done.
Thermalized Magnetisation = (0.098938,-0.027468), Energy = -0.671039 
Averaging iterations... h=0.071429,0.000000
Done.
Final: Magnetisation = (0.012006,-0.023828), Energy = -0.658072 
<M> = (0.068292,0.000390), <E> = -0.651499 

T=1.900000	 Thermalizing iterations... 
Done.
Thermalized Magnetisation = (0.091373,0.134751), Energy = -0.614731 
Averaging iterations... h=0.071429,0.000000
Done.
Final: Magnetisation = (-0.011412,0.042147), Energy = -0.779915 
<M> = (0.074967,0.000808), <E> = -0.672500 

T=1.850000	 Thermalizing iterations... 
Done.
Thermalized Magnetisation = (0.106897,0.022992), Energy = -0.647153 
Averaging iterations... h=0.071429,0.000000
Done.
Final: Magnetisation = (0.046769,0.069173), Energy = -0.697808 
<M> = (0.079514,0.000988), <E> = -0.693850 

T=1.800000	 Thermalizing iterations... 
Done.
Thermalized Magnetisation = (0.031540,-0.151717), Energy = -0.753100 
Averaging iterations... h=0.071429,0.000000
Done.
Final: Magnetisation = (0.075732,-0.023222), Energy = -0.704598 
<M> = (0.086798,0.000710), <E> = -0.718647 

T=1.750000	 Thermalizing iterations... 
Done.
Thermalized Magnetisation = (-0.002994,0.003127), Energy = -0.723321 
Averaging iterations... h=0.071429,0.000000
Done.
Final: Magnetisation = (0.098105,-0.066349), Energy = -0.654701 
<M> = (0.095230,0.000253), <E> = -0.742573 

T=1.700000	 Thermalizing iterations... 
Done.
Thermalized Magnetisation = (0.009852,-0.206367), Energy = -0.781317 
Averaging iterations... h=0.071429,0.000000
Done.
Final: Magnetisation = (0.136682,0.040409), Energy = -0.598737 
<M> = (0.102157,0.001266), <E> = -0.771666 

T=1.650000	 Thermalizing iterations... 
Done.
Thermalized Magnetisation = (0.075275,0.037063), Energy = -0.766356 
Averaging iterations... h=0.071429,0.000000
Done.
Final: Magnetisation = (0.217903,-0.121363), Energy = -0.815983 
<M> = (0.112157,-0.000604), <E> = -0.801491 

T=1.600000	 Thermalizing iterations... 
Done.
Thermalized Magnetisation = (0.149126,-0.020452), Energy = -0.782615 
Averaging iterations... h=0.071429,0.000000
Done.
Final: Magnetisation = (0.152175,0.042591), Energy = -0.835682 
<M> = (0.122311,0.002239), <E> = -0.830786 

T=1.550000	 Thermalizing iterations... 
Done.
Thermalized Magnetisation = (0.228214,0.028463), Energy = -0.927585 
Averaging iterations... h=0.071429,0.000000
Done.
Final: Magnetisation = (0.049112,-0.068738), Energy = -0.862599 
<M> = (0.135863,-0.000340), <E> = -0.866123 

T=1.500000	 Thermalizing iterations... 
Done.
Thermalized Magnetisation = (0.261577,-0.108958), Energy = -0.965934 
Averaging iterations... h=0.071429,0.000000
Done.
Final: Magnetisation = (0.219482,0.024030), Energy = -0.829698 
<M> = (0.153117,0.000546), <E> = -0.901111 

T=1.450000	 Thermalizing iterations... 
Done.
Thermalized Magnetisation = (0.317301,-0.170609), Energy = -1.001314 
Averaging iterations... h=0.071429,0.000000
Done.
Final: Magnetisation = (0.070138,-0.015343), Energy = -0.957626 
<M> = (0.167358,0.002729), <E> = -0.940723 

T=1.400000	 Thermalizing iterations... 
Done.
Thermalized Magnetisation = (0.231338,0.054711), Energy = -0.991083 
Averaging iterations... h=0.071429,0.000000
Done.
Final: Magnetisation = (0.181314,-0.075928), Energy = -0.964525 
<M> = (0.190923,0.001770), <E> = -0.984980 

T=1.350000	 Thermalizing iterations... 
Done.
Thermalized Magnetisation = (0.266701,-0.064435), Energy = -1.011781 
Averaging iterations... h=0.071429,0.000000
Done.
Final: Magnetisation = (0.259639,0.083654), Energy = -1.051055 
<M> = (0.211997,0.001975), <E> = -1.030929 

T=1.300000	 Thermalizing iterations... 
Done.
Thermalized Magnetisation = (0.172997,-0.124864), Energy = -1.028171 
Averaging iterations... h=0.071429,0.000000
Done.
Final: Magnetisation = (0.238831,0.047879), Energy = -1.103973 
<M> = (0.238939,0.000935), <E> = -1.079140 

T=1.250000	 Thermalizing iterations... 
Done.
Thermalized Magnetisation = (0.212817,0.099469), Energy = -1.052385 
Averaging iterations... h=0.071429,0.000000
Done.
Final: Magnetisation = (0.139620,-0.080577), Energy = -1.029446 
<M> = (0.273217,-0.000178), <E> = -1.130124 

T=1.200000	 Thermalizing iterations... 
Done.
Thermalized Magnetisation = (0.240135,-0.027324), Energy = -1.144504 
Averaging iterations... h=0.071429,0.000000
Done.
Final: Magnetisation = (0.296632,-0.032240), Energy = -1.210352 
<M> = (0.305489,0.000632), <E> = -1.184868 

T=1.150000	 Thermalizing iterations... 
Done.
Thermalized Magnetisation = (0.376643,-0.271422), Energy = -1.268088 
Averaging iterations... h=0.071429,0.000000
Done.
Final: Magnetisation = (0.388965,0.121115), Energy = -1.168203 
<M> = (0.344830,0.000937), <E> = -1.243276 

T=1.100000	 Thermalizing iterations... 
Done.
Thermalized Magnetisation = (0.377559,0.106290), Energy = -1.250289 
Averaging iterations... h=0.071429,0.000000
Done.
Final: Magnetisation = (0.367068,0.021638), Energy = -1.310631 
<M> = (0.380934,-0.005672), <E> = -1.300240 

T=1.050000	 Thermalizing iterations... 
Done.
Thermalized Magnetisation = (0.436164,-0.007639), Energy = -1.391029 
Averaging iterations... h=0.071429,0.000000
Done.
Final: Magnetisation = (0.401033,-0.099546), Energy = -1.368124 
<M> = (0.419072,0.001014), <E> = -1.357284 

T=1.000000	 Thermalizing iterations... 
Done.
Thermalized Magnetisation = (0.455268,0.046793), Energy = -1.414624 
Averaging iterations... h=0.071429,0.000000
Done.
Final: Magnetisation = (0.442591,0.084359), Energy = -1.356150 
<M> = (0.461109,0.004119), <E> = -1.413375 

T=0.950000	 Thermalizing iterations... 
Done.
Thermalized Magnetisation = (0.451490,0.187188), Energy = -1.451821 
Averaging iterations... h=0.071429,0.000000
Done.
Final: Magnetisation = (0.424861,-0.164131), Energy = -1.414946 
<M> = (0.489789,-0.012609), <E> = -1.465203 

T=0.900000	 Thermalizing iterations... 
Done.
Thermalized Magnetisation = (0.563193,-0.012890), Energy = -1.515189 
Averaging iterations... h=0.071429,0.000000
Done.
Final: Magnetisation = (0.527427,-0.261831), Energy = -1.531653 
<M> = (0.524265,0.036491), <E> = -1.516780 

T=0.850000	 Thermalizing iterations... 
Done.
Thermalized Magnetisation = (0.603422,-0.169691), Energy = -1.565732 
Averaging iterations... h=0.071429,0.000000
Done.
Final: Magnetisation = (0.573982,0.075330), Energy = -1.593204 
<M> = (0.543052,0.031340), <E> = -1.563226 

T=0.800000	 Thermalizing iterations... 
Done.
Thermalized Magnetisation = (0.592875,-0.075521), Energy = -1.630833 
Averaging iterations... h=0.071429,0.000000
Done.
Final: Magnetisation = (0.582356,-0.104875), Energy = -1.593956 
<M> = (0.563647,0.008231), <E> = -1.605447 

T=0.750000	 Thermalizing iterations... 
Done.
Thermalized Magnetisation = (0.607188,-0.315718), Energy = -1.623196 
Averaging iterations... h=0.071429,0.000000
Done.
Final: Magnetisation = (0.589169,-0.367186), Energy = -1.663547 
<M> = (0.592606,-0.051911), <E> = -1.645124 

T=0.700000	 Thermalizing iterations... 
Done.
Thermalized Magnetisation = (0.627164,-0.350398), Energy = -1.684503 
Averaging iterations... h=0.071429,0.000000
Done.
Final: Magnetisation = (0.642927,0.310701), Energy = -1.684135 
<M> = (0.603898,0.033121), <E> = -1.681677 

T=0.650000	 Thermalizing iterations... 
Done.
Thermalized Magnetisation = (0.638221,0.385337), Energy = -1.728425 
Averaging iterations... h=0.071429,0.000000
Done.
Final: Magnetisation = (0.620499,0.183193), Energy = -1.710191 
<M> = (0.606163,0.250919), <E> = -1.716279 

T=0.600000	 Thermalizing iterations... 
Done.
Thermalized Magnetisation = (0.641910,0.113013), Energy = -1.772001 
Averaging iterations... h=0.071429,0.000000
Done.
Final: Magnetisation = (0.569129,0.308018), Energy = -1.761738 
<M> = (0.599393,0.317977), <E> = -1.750232 

T=0.550000	 Thermalizing iterations... 
Done.
Thermalized Magnetisation = (0.599464,0.436698), Energy = -1.788001 
Averaging iterations... h=0.071429,0.000000
Done.
Final: Magnetisation = (0.637189,0.477482), Energy = -1.809324 
<M> = (0.622157,0.266633), <E> = -1.780722 

T=0.500000	 Thermalizing iterations... 
Done.
Thermalized Magnetisation = (0.627442,0.462324), Energy = -1.797790 
Averaging iterations... h=0.071429,0.000000
Done.
Final: Magnetisation = (0.589010,0.454464), Energy = -1.817872 
<M> = (0.621472,0.373113), <E> = -1.812113 

T=0.450000	 Thermalizing iterations... 
Done.
Thermalized Magnetisation = (0.646912,0.399067), Energy = -1.848032 
Averaging iterations... h=0.071429,0.000000
Done.
Final: Magnetisation = (0.627204,0.544318), Energy = -1.871298 
<M> = (0.610209,0.454884), <E> = -1.841782 

T=0.400000	 Thermalizing iterations... 
Done.
Thermalized Magnetisation = (0.636612,0.453186), Energy = -1.864030 
Averaging iterations... h=0.071429,0.000000
Done.
Final: Magnetisation = (0.574986,0.443308), Energy = -1.867628 
<M> = (0.609491,0.489193), <E> = -1.870727 

T=0.350000	 Thermalizing iterations... 
Done.
Thermalized Magnetisation = (0.651746,0.423248), Energy = -1.896806 
Averaging iterations... h=0.071429,0.000000
Done.
Final: Magnetisation = (0.619602,0.562046), Energy = -1.913730 
<M> = (0.622482,0.494590), <E> = -1.898950 

T=0.300000	 Thermalizing iterations... 
Done.
Thermalized Magnetisation = (0.615278,0.546389), Energy = -1.926143 
Averaging iterations... h=0.071429,0.000000
Done.
Final: Magnetisation = (0.610338,0.563694), Energy = -1.914946 
<M> = (0.615295,0.543658), <E> = -1.926688 

T=0.250000	 Thermalizing iterations... 
Done.
Thermalized Magnetisation = (0.638304,0.518558), Energy = -1.946754 
Averaging iterations... h=0.071429,0.000000
Done.
Final: Magnetisation = (0.621727,0.533579), Energy = -1.952826 
<M> = (0.623715,0.542692), <E> = -1.953608 

T=0.200000	 Thermalizing iterations... 
Done.
Thermalized Magnetisation = (0.633345,0.605555), Energy = -1.985336 
Averaging iterations... h=0.071429,0.000000
Done.
Final: Magnetisation = (0.621245,0.586468), Energy = -1.978845 
<M> = (0.625591,0.570517), <E> = -1.980429 

T=0.150000	 Thermalizing iterations... 
Done.
Thermalized Magnetisation = (0.594731,0.611913), Energy = -2.005223 
Averaging iterations... h=0.071429,0.000000
Done.
Final: Magnetisation = (0.665896,0.553905), Energy = -2.003515 
<M> = (0.623157,0.599973), <E> = -2.006635 

T=0.100000	 Thermalizing iterations... 
Done.
Thermalized Magnetisation = (0.651353,0.593843), Energy = -2.034612 
Averaging iterations... h=0.071429,0.000000
Done.
Final: Magnetisation = (0.631006,0.618240), Energy = -2.034180 
<M> = (0.625218,0.621064), <E> = -2.032606 

T=0.050000	 Thermalizing iterations... 
Done.
Thermalized Magnetisation = (0.615906,0.647700), Energy = -2.058382 
Averaging iterations... h=0.071429,0.000000
Done.
Final: Magnetisation = (0.606406,0.664873), Energy = -2.058371 
<M> = (0.629196,0.635534), <E> = -2.058054 
Final Magnetisation = (0.606406,0.664873), Energy = -2.058371 
------------------------

Updating all (first)black/(then)white checkerboard sites simultaneously.. 

ztne RFXY h rotating with |h|=0.071429 at T=0.000000..
loop 1

loop 2

Cooling protocol time (from T=2.000000 to T=0.000000) = 599.813932 

CPU Time elapsed total = 599.872500 
All done - 600 seconds elapsed.
