nearest neighbor initialized. 
J loaded. 
h loaded. 
L = 16, dim_L = 2, dim_S = 2
hysteresis_MCS_multiplier = 10, hysteresis_MCS_max = 100
RAND_MAX = 2147483647.000000,
 sizeof(int) = 4,
 sizeof(long) = 8,
 sizeof(double) = 8,
 sizeof(long int) = 8,
 sizeof(short int) = 2,
 sizeof(unsigned int) = 4,
 sizeof(RAND_MAX) = 4

OpenMP Active.

No. of THREADS = 24
No. of PROCESSORS = 24

-0.069344,-0.014170
order = ({1.000000-->-1.000000,0.000000}, 0, 1)
Initial Magnetisation = (-0.069344,-0.014170), Energy = 0.161204 
Cooling... 
T=2.000000	 Thermalizing iterations... 
Done.
Thermalized Magnetisation = (0.247073,-0.029766), Energy = -1.270594 
Averaging iterations... h=0.062500,0.000000
Done.
Final: Magnetisation = (-0.315120,0.050870), Energy = -0.582335 
<M> = (0.099350,0.001960), <E> = -0.916743 

T=1.950000	 Thermalizing iterations... 
Done.
Thermalized Magnetisation = (-0.013825,-0.409075), Energy = -0.960361 
Averaging iterations... h=0.062500,0.000000
Done.
Final: Magnetisation = (-0.026826,-0.079370), Energy = -0.765352 
<M> = (0.089102,0.006864), <E> = -0.935706 

T=1.900000	 Thermalizing iterations... 
Done.
Thermalized Magnetisation = (-0.097913,0.404463), Energy = -1.095635 
Averaging iterations... h=0.062500,0.000000
Done.
Final: Magnetisation = (0.370415,0.221320), Energy = -1.288814 
<M> = (0.088324,0.013074), <E> = -0.947275 

T=1.850000	 Thermalizing iterations... 
Done.
Thermalized Magnetisation = (-0.110502,-0.120426), Energy = -0.813844 
Averaging iterations... h=0.062500,0.000000
Done.
Final: Magnetisation = (0.624508,0.134905), Energy = -0.843620 
<M> = (0.109025,0.000302), <E> = -0.985183 

T=1.800000	 Thermalizing iterations... 
Done.
Thermalized Magnetisation = (0.042662,-0.252962), Energy = -1.015309 
Averaging iterations... h=0.062500,0.000000
Done.
Final: Magnetisation = (0.317924,0.024158), Energy = -0.997358 
<M> = (0.116598,0.013221), <E> = -0.991853 

T=1.750000	 Thermalizing iterations... 
Done.
Thermalized Magnetisation = (0.310421,0.001041), Energy = -1.080646 
Averaging iterations... h=0.062500,0.000000
Done.
Final: Magnetisation = (-0.388896,-0.223861), Energy = -0.879876 
<M> = (0.123692,-0.002211), <E> = -1.021466 

T=1.700000	 Thermalizing iterations... 
Done.
Thermalized Magnetisation = (0.401877,-0.199678), Energy = -1.013711 
Averaging iterations... h=0.062500,0.000000
Done.
Final: Magnetisation = (-0.049716,-0.368445), Energy = -1.106524 
<M> = (0.120062,0.003365), <E> = -1.043799 

T=1.650000	 Thermalizing iterations... 
Done.
Thermalized Magnetisation = (0.214310,-0.240628), Energy = -1.154091 
Averaging iterations... h=0.062500,0.000000
Done.
Final: Magnetisation = (0.405915,-0.244159), Energy = -1.275947 
<M> = (0.133652,-0.007518), <E> = -1.065936 

T=1.600000	 Thermalizing iterations... 
Done.
Thermalized Magnetisation = (-0.042124,0.096261), Energy = -0.826479 
Averaging iterations... h=0.062500,0.000000
Done.
Final: Magnetisation = (-0.138220,0.497219), Energy = -1.019045 
<M> = (0.140457,-0.011139), <E> = -1.092918 

T=1.550000	 Thermalizing iterations... 
Done.
Thermalized Magnetisation = (-0.027705,0.146278), Energy = -1.326494 
Averaging iterations... h=0.062500,0.000000
Done.
Final: Magnetisation = (0.382241,0.382683), Energy = -1.159143 
<M> = (0.148828,-0.008771), <E> = -1.106300 

T=1.500000	 Thermalizing iterations... 
Done.
Thermalized Magnetisation = (0.216529,-0.272854), Energy = -1.279740 
Averaging iterations... h=0.062500,0.000000
Done.
Final: Magnetisation = (0.093516,-0.022677), Energy = -1.210410 
<M> = (0.162748,-0.009639), <E> = -1.134374 

T=1.450000	 Thermalizing iterations... 
Done.
Thermalized Magnetisation = (0.153975,0.187235), Energy = -0.836369 
Averaging iterations... h=0.062500,0.000000
Done.
Final: Magnetisation = (0.316480,0.104769), Energy = -1.209369 
<M> = (0.178546,0.014874), <E> = -1.161779 

T=1.400000	 Thermalizing iterations... 
Done.
Thermalized Magnetisation = (0.516965,0.333030), Energy = -1.204556 
Averaging iterations... h=0.062500,0.000000
Done.
Final: Magnetisation = (0.095388,0.393059), Energy = -1.269691 
<M> = (0.181374,-0.015062), <E> = -1.193589 

T=1.350000	 Thermalizing iterations... 
Done.
Thermalized Magnetisation = (0.645472,-0.152121), Energy = -1.368338 
Averaging iterations... h=0.062500,0.000000
Done.
Final: Magnetisation = (0.172391,-0.199516), Energy = -0.874014 
<M> = (0.198529,-0.000996), <E> = -1.216853 

T=1.300000	 Thermalizing iterations... 
Done.
Thermalized Magnetisation = (0.200624,-0.364373), Energy = -1.172665 
Averaging iterations... h=0.062500,0.000000
Done.
Final: Magnetisation = (0.154108,0.158076), Energy = -1.219672 
<M> = (0.232355,0.017239), <E> = -1.248148 

T=1.250000	 Thermalizing iterations... 
Done.
Thermalized Magnetisation = (0.046282,0.002694), Energy = -1.293931 
Averaging iterations... h=0.062500,0.000000
Done.
Final: Magnetisation = (0.251440,0.029047), Energy = -1.255669 
<M> = (0.262203,-0.014165), <E> = -1.284390 

T=1.200000	 Thermalizing iterations... 
Done.
Thermalized Magnetisation = (0.312327,0.028346), Energy = -1.384815 
Averaging iterations... h=0.062500,0.000000
Done.
Final: Magnetisation = (0.294224,-0.175423), Energy = -0.968686 
<M> = (0.285374,0.051447), <E> = -1.323782 

T=1.150000	 Thermalizing iterations... 
Done.
Thermalized Magnetisation = (0.112884,0.485847), Energy = -1.397044 
Averaging iterations... h=0.062500,0.000000
Done.
Final: Magnetisation = (0.432592,0.463277), Energy = -1.462931 
<M> = (0.309001,-0.024075), <E> = -1.349930 

T=1.100000	 Thermalizing iterations... 
Done.
Thermalized Magnetisation = (0.458834,-0.202896), Energy = -1.502529 
Averaging iterations... h=0.062500,0.000000
Done.
Final: Magnetisation = (0.306800,-0.065067), Energy = -1.416581 
<M> = (0.332974,0.010990), <E> = -1.386720 

T=1.050000	 Thermalizing iterations... 
Done.
Thermalized Magnetisation = (0.268012,0.682161), Energy = -1.657796 
Averaging iterations... h=0.062500,0.000000
Done.
Final: Magnetisation = (0.221479,-0.013344), Energy = -1.391535 
<M> = (0.389244,-0.041988), <E> = -1.442105 

T=1.000000	 Thermalizing iterations... 
Done.
Thermalized Magnetisation = (0.576195,0.271206), Energy = -1.504848 
Averaging iterations... h=0.062500,0.000000
Done.
Final: Magnetisation = (-0.046796,0.443312), Energy = -1.244529 
<M> = (0.403329,0.013505), <E> = -1.470209 

T=0.950000	 Thermalizing iterations... 
Done.
Thermalized Magnetisation = (0.620566,-0.346759), Energy = -1.525699 
Averaging iterations... h=0.062500,0.000000
Done.
Final: Magnetisation = (0.246313,0.409387), Energy = -1.340852 
<M> = (0.439318,0.024810), <E> = -1.512693 

T=0.900000	 Thermalizing iterations... 
Done.
Thermalized Magnetisation = (-0.084633,-0.221061), Energy = -1.451520 
Averaging iterations... h=0.062500,0.000000
Done.
Final: Magnetisation = (0.255814,0.203556), Energy = -1.432382 
<M> = (0.487380,-0.042053), <E> = -1.555323 

T=0.850000	 Thermalizing iterations... 
Done.
Thermalized Magnetisation = (0.699872,0.454629), Energy = -1.708790 
Averaging iterations... h=0.062500,0.000000
Done.
Final: Magnetisation = (0.125330,-0.355239), Energy = -1.403770 
<M> = (0.518890,0.068373), <E> = -1.605778 

T=0.800000	 Thermalizing iterations... 
Done.
Thermalized Magnetisation = (0.718631,0.125133), Energy = -1.501125 
Averaging iterations... h=0.062500,0.000000
Done.
Final: Magnetisation = (0.668867,0.273696), Energy = -1.766334 
<M> = (0.549237,0.079449), <E> = -1.645972 

T=0.750000	 Thermalizing iterations... 
Done.
Thermalized Magnetisation = (0.515831,-0.221576), Energy = -1.639332 
Averaging iterations... h=0.062500,0.000000
Done.
Final: Magnetisation = (0.689282,0.553800), Energy = -1.796924 
<M> = (0.606889,-0.077069), <E> = -1.691058 

T=0.700000	 Thermalizing iterations... 
Done.
Thermalized Magnetisation = (0.852468,0.108018), Energy = -1.832792 
Averaging iterations... h=0.062500,0.000000
Done.
Final: Magnetisation = (0.843607,0.259184), Energy = -1.883735 
<M> = (0.630904,0.075290), <E> = -1.726226 

T=0.650000	 Thermalizing iterations... 
Done.
Thermalized Magnetisation = (0.733558,-0.179986), Energy = -1.777002 
Averaging iterations... h=0.062500,0.000000
Done.
Final: Magnetisation = (0.764923,-0.292146), Energy = -1.831615 
<M> = (0.643855,0.086064), <E> = -1.762491 

T=0.600000	 Thermalizing iterations... 
Done.
Thermalized Magnetisation = (0.775876,0.422832), Energy = -1.912911 
Averaging iterations... h=0.062500,0.000000
Done.
Final: Magnetisation = (0.735755,0.377327), Energy = -1.826940 
<M> = (0.702192,0.002090), <E> = -1.795849 

T=0.550000	 Thermalizing iterations... 
Done.
Thermalized Magnetisation = (0.680024,0.584852), Energy = -1.875607 
Averaging iterations... h=0.062500,0.000000
Done.
Final: Magnetisation = (0.879086,-0.090037), Energy = -1.845470 
<M> = (0.713158,0.021361), <E> = -1.827497 

T=0.500000	 Thermalizing iterations... 
Done.
Thermalized Magnetisation = (0.590444,0.582458), Energy = -1.805931 
Averaging iterations... h=0.062500,0.000000
Done.
Final: Magnetisation = (0.838501,0.371962), Energy = -1.906685 
<M> = (0.741408,-0.001930), <E> = -1.860549 

T=0.450000	 Thermalizing iterations... 
Done.
Thermalized Magnetisation = (0.813008,-0.221239), Energy = -1.869517 
Averaging iterations... h=0.062500,0.000000
Done.
Final: Magnetisation = (0.839787,0.193837), Energy = -1.987098 
<M> = (0.779673,0.034914), <E> = -1.890940 

T=0.400000	 Thermalizing iterations... 
Done.
Thermalized Magnetisation = (0.770783,-0.329416), Energy = -1.945996 
Averaging iterations... h=0.062500,0.000000
Done.
Final: Magnetisation = (0.785578,0.241688), Energy = -1.922335 
<M> = (0.788786,-0.149216), <E> = -1.914821 

T=0.350000	 Thermalizing iterations... 
Done.
Thermalized Magnetisation = (0.779426,0.504278), Energy = -1.931837 
Averaging iterations... h=0.062500,0.000000
Done.
Final: Magnetisation = (0.828637,-0.372757), Energy = -1.980491 
<M> = (0.814031,0.073053), <E> = -1.944458 

T=0.300000	 Thermalizing iterations... 
Done.
Thermalized Magnetisation = (0.838236,0.190097), Energy = -1.980713 
Averaging iterations... h=0.062500,0.000000
Done.
Final: Magnetisation = (0.927364,0.039675), Energy = -1.987685 
<M> = (0.851907,0.068914), <E> = -1.974252 

T=0.250000	 Thermalizing iterations... 
Done.
Thermalized Magnetisation = (0.907041,-0.284229), Energy = -2.032407 
Averaging iterations... h=0.062500,0.000000
Done.
Final: Magnetisation = (0.710660,-0.584637), Energy = -1.969966 
<M> = (0.865261,-0.078005), <E> = -2.000015 

T=0.200000	 Thermalizing iterations... 
Done.
Thermalized Magnetisation = (0.905732,-0.318273), Energy = -2.055382 
Averaging iterations... h=0.062500,0.000000
Done.
Final: Magnetisation = (0.876000,-0.297165), Energy = -2.047653 
<M> = (0.901414,0.038796), <E> = -2.026009 

T=0.150000	 Thermalizing iterations... 
Done.
Thermalized Magnetisation = (0.975974,-0.041083), Energy = -2.094752 
Averaging iterations... h=0.062500,0.000000
Done.
Final: Magnetisation = (0.916564,0.226722), Energy = -2.028425 
<M> = (0.919213,0.017115), <E> = -2.051742 

T=0.100000	 Thermalizing iterations... 
Done.
Thermalized Magnetisation = (0.975723,-0.143939), Energy = -2.089386 
Averaging iterations... h=0.062500,0.000000
Done.
Final: Magnetisation = (0.963766,-0.073417), Energy = -2.070527 
<M> = (0.933712,-0.094737), <E> = -2.077048 

T=0.050000	 Thermalizing iterations... 
Done.
Thermalized Magnetisation = (0.960971,0.239511), Energy = -2.107375 
Averaging iterations... h=0.062500,0.000000
Done.
Final: Magnetisation = (0.988389,0.035409), Energy = -2.102871 
<M> = (0.971546,0.025514), <E> = -2.102384 
Final Magnetisation = (0.988389,0.035409), Energy = -2.102871 
------------------------

Updating all (first)black/(then)white checkerboard sites simultaneously.. 

ztne RFXY h rotating with |h|=0.062500 at T=0.000000..
loop 1

loop 2

Cooling protocol time (from T=2.000000 to T=0.000000) = 54.371564 

CPU Time elapsed total = 54.387459 
All done - 55 seconds elapsed.
