+ cd /home/sbasak/Exercises/OpenMP/XY_code/Z2/rotating_field/trial/config/config_92
+ export OMP_NUM_THREADS=28
+ OMP_NUM_THREADS=28
+ ./a_2.out
nearest neighbor initialized. 
h loaded. 
J loaded. 
L = 128, dim_L = 2, dim_S = 2
hysteresis_MCS_multiplier = 10, hysteresis_MCS_max = 100
RAND_MAX = 2147483647.000000,
 sizeof(int) = 4,
 sizeof(long) = 8,
 sizeof(double) = 8,
 sizeof(long int) = 8,
 sizeof(short int) = 2,
 sizeof(unsigned int) = 4,
 sizeof(RAND_MAX) = 4
No. of THREADS = 28
No. of PROCESSORS = 28

0.057833,0.022382
order = ({1.000000-->-1.000000,0.000000}, 0, 1)
Initial Magnetisation = (0.057833,0.022382), Energy = 0.014768 
Cooling... 
T=2.000000	 Thermalizing iterations... 
Done.
Thermalized Magnetisation = (0.209167,-0.004575), Energy = -0.670463 
Averaging iterations... h=0.250000,0.000000
Done.
Final: Magnetisation = (0.224691,-0.030662), Energy = -0.689105 
<M> = (0.220800,-0.000218), <E> = -0.706979 

T=1.990000	 Thermalizing iterations... 
Done.
Thermalized Magnetisation = (0.174547,0.029813), Energy = -0.690881 
Averaging iterations... h=0.250000,0.000000
Done.
Final: Magnetisation = (0.206179,0.005931), Energy = -0.731342 
<M> = (0.224891,-0.001531), <E> = -0.713485 

T=1.980000	 Thermalizing iterations... 
Done.
Thermalized Magnetisation = (0.220494,0.010483), Energy = -0.730630 
Averaging iterations... h=0.250000,0.000000
Done.
Final: Magnetisation = (0.228436,-0.001351), Energy = -0.709463 
<M> = (0.226992,-0.000905), <E> = -0.718742 

T=1.970000	 Thermalizing iterations... 
Done.
Thermalized Magnetisation = (0.230394,0.033286), Energy = -0.732767 
Averaging iterations... h=0.250000,0.000000
Done.
Final: Magnetisation = (0.218511,-0.056615), Energy = -0.702061 
<M> = (0.230030,-0.001892), <E> = -0.724321 

T=1.960000	 Thermalizing iterations... 
Done.
Thermalized Magnetisation = (0.229714,-0.027661), Energy = -0.760277 
Averaging iterations... h=0.250000,0.000000
Done.
Final: Magnetisation = (0.243146,0.014498), Energy = -0.757056 
<M> = (0.233289,-0.000716), <E> = -0.729524 

T=1.950000	 Thermalizing iterations... 
Done.
Thermalized Magnetisation = (0.247901,-0.005661), Energy = -0.717423 
Averaging iterations... h=0.250000,0.000000
Done.
Final: Magnetisation = (0.297145,-0.017240), Energy = -0.779971 
<M> = (0.236509,-0.000188), <E> = -0.734664 

T=1.940000	 Thermalizing iterations... 
Done.
Thermalized Magnetisation = (0.307797,0.007990), Energy = -0.790551 
Averaging iterations... h=0.250000,0.000000
Done.
Final: Magnetisation = (0.251746,0.015475), Energy = -0.726393 
<M> = (0.238369,0.000113), <E> = -0.738882 

T=1.930000	 Thermalizing iterations... 
Done.
Thermalized Magnetisation = (0.267800,0.001863), Energy = -0.779004 
Averaging iterations... h=0.250000,0.000000
Done.
Final: Magnetisation = (0.188255,0.024061), Energy = -0.684773 
<M> = (0.240606,-0.000569), <E> = -0.743373 

T=1.920000	 Thermalizing iterations... 
Done.
Thermalized Magnetisation = (0.229039,0.027771), Energy = -0.770783 
Averaging iterations... h=0.250000,0.000000
Done.
Final: Magnetisation = (0.241632,-0.031835), Energy = -0.735997 
<M> = (0.244745,-0.001142), <E> = -0.750425 

T=1.910000	 Thermalizing iterations... 
Done.
Thermalized Magnetisation = (0.206898,0.014970), Energy = -0.708998 
Averaging iterations... h=0.250000,0.000000
Done.
Final: Magnetisation = (0.220599,-0.013005), Energy = -0.764863 
<M> = (0.248678,-0.000570), <E> = -0.756954 

T=1.900000	 Thermalizing iterations... 
Done.
Thermalized Magnetisation = (0.284335,0.086246), Energy = -0.774097 
Averaging iterations... h=0.250000,0.000000
Done.
Final: Magnetisation = (0.217552,-0.008966), Energy = -0.715960 
<M> = (0.251994,-0.002701), <E> = -0.762692 

T=1.890000	 Thermalizing iterations... 
Done.
Thermalized Magnetisation = (0.212109,0.001113), Energy = -0.734629 
Averaging iterations... h=0.250000,0.000000
Done.
Final: Magnetisation = (0.220951,0.022253), Energy = -0.735483 
<M> = (0.254891,-0.001842), <E> = -0.768632 

T=1.880000	 Thermalizing iterations... 
Done.
Thermalized Magnetisation = (0.277629,-0.026285), Energy = -0.793646 
Averaging iterations... h=0.250000,0.000000
Done.
Final: Magnetisation = (0.203574,0.018138), Energy = -0.745007 
<M> = (0.258122,-0.001479), <E> = -0.774404 

T=1.870000	 Thermalizing iterations... 
Done.
Thermalized Magnetisation = (0.267564,-0.000179), Energy = -0.764422 
Averaging iterations... h=0.250000,0.000000
Done.
Final: Magnetisation = (0.286463,0.020904), Energy = -0.770027 
<M> = (0.261644,0.001087), <E> = -0.780106 

T=1.860000	 Thermalizing iterations... 
Done.
Thermalized Magnetisation = (0.242190,0.052041), Energy = -0.745179 
Averaging iterations... h=0.250000,0.000000
Done.
Final: Magnetisation = (0.281159,-0.033328), Energy = -0.771562 
<M> = (0.264553,-0.000131), <E> = -0.785991 

T=1.850000	 Thermalizing iterations... 
Done.
Thermalized Magnetisation = (0.255621,0.093691), Energy = -0.795644 
Averaging iterations... h=0.250000,0.000000
Done.
Final: Magnetisation = (0.299440,-0.000465), Energy = -0.831874 
<M> = (0.267911,-0.000721), <E> = -0.791793 

T=1.840000	 Thermalizing iterations... 
Done.
Thermalized Magnetisation = (0.268410,0.015080), Energy = -0.780486 
Averaging iterations... h=0.250000,0.000000
Done.
Final: Magnetisation = (0.291679,-0.015891), Energy = -0.839163 
<M> = (0.273098,-0.001201), <E> = -0.799581 

T=1.830000	 Thermalizing iterations... 
Done.
Thermalized Magnetisation = (0.324746,-0.008837), Energy = -0.821618 
Averaging iterations... h=0.250000,0.000000
Done.
Final: Magnetisation = (0.279464,0.026218), Energy = -0.803386 
<M> = (0.276062,-0.001941), <E> = -0.805738 

T=1.820000	 Thermalizing iterations... 
Done.
Thermalized Magnetisation = (0.288999,0.036651), Energy = -0.819042 
Averaging iterations... h=0.250000,0.000000
Done.
Final: Magnetisation = (0.276264,-0.021541), Energy = -0.787313 
<M> = (0.279818,-0.001956), <E> = -0.812818 

T=1.810000	 Thermalizing iterations... 
Done.
Thermalized Magnetisation = (0.275777,0.017440), Energy = -0.814981 
Averaging iterations... h=0.250000,0.000000
Done.
Final: Magnetisation = (0.286478,0.050762), Energy = -0.805909 
<M> = (0.286018,-0.001163), <E> = -0.820938 

T=1.800000	 Thermalizing iterations... 
Done.
Thermalized Magnetisation = (0.257803,0.011520), Energy = -0.787310 
Averaging iterations... h=0.250000,0.000000
Done.
Final: Magnetisation = (0.297102,0.043513), Energy = -0.841305 
<M> = (0.288781,-0.000399), <E> = -0.826129 

T=1.790000	 Thermalizing iterations... 
Done.
Thermalized Magnetisation = (0.292434,-0.034852), Energy = -0.819676 
Averaging iterations... h=0.250000,0.000000
Done.
Final: Magnetisation = (0.250271,-0.082615), Energy = -0.800425 
<M> = (0.291694,-0.000186), <E> = -0.832398 

T=1.780000	 Thermalizing iterations... 
Done.
Thermalized Magnetisation = (0.306281,-0.007322), Energy = -0.849611 
Averaging iterations... h=0.250000,0.000000
Done.
Final: Magnetisation = (0.287953,-0.006660), Energy = -0.849514 
<M> = (0.295145,0.000133), <E> = -0.838355 

T=1.770000	 Thermalizing iterations... 
Done.
Thermalized Magnetisation = (0.299950,0.035668), Energy = -0.845320 
Averaging iterations... h=0.250000,0.000000
Done.
Final: Magnetisation = (0.281360,0.065027), Energy = -0.840275 
<M> = (0.300034,-0.002499), <E> = -0.846851 

T=1.760000	 Thermalizing iterations... 
Done.
Thermalized Magnetisation = (0.313609,0.019674), Energy = -0.882677 
Averaging iterations... h=0.250000,0.000000
Done.
Final: Magnetisation = (0.341950,-0.036474), Energy = -0.866864 
<M> = (0.304929,-0.000533), <E> = -0.854965 

T=1.750000	 Thermalizing iterations... 
Done.
Thermalized Magnetisation = (0.301844,-0.006152), Energy = -0.845454 
Averaging iterations... h=0.250000,0.000000
Done.
Final: Magnetisation = (0.355523,-0.012645), Energy = -0.866131 
<M> = (0.308185,-0.002881), <E> = -0.861312 

T=1.740000	 Thermalizing iterations... 
Done.
Thermalized Magnetisation = (0.305335,0.023452), Energy = -0.837477 
Averaging iterations... h=0.250000,0.000000
Done.
Final: Magnetisation = (0.317431,-0.012490), Energy = -0.882084 
<M> = (0.313098,-0.002293), <E> = -0.869340 

T=1.730000	 Thermalizing iterations... 
Done.
Thermalized Magnetisation = (0.342755,-0.047484), Energy = -0.907619 
Averaging iterations... h=0.250000,0.000000
Done.
Final: Magnetisation = (0.311222,-0.042968), Energy = -0.869462 
<M> = (0.318760,-0.000757), <E> = -0.877707 

T=1.720000	 Thermalizing iterations... 
Done.
Thermalized Magnetisation = (0.334114,-0.039962), Energy = -0.900738 
Averaging iterations... h=0.250000,0.000000
Done.
Final: Magnetisation = (0.326575,0.041285), Energy = -0.901143 
<M> = (0.321455,0.000567), <E> = -0.883024 

T=1.710000	 Thermalizing iterations... 
Done.
Thermalized Magnetisation = (0.352985,-0.039999), Energy = -0.941881 
Averaging iterations... h=0.250000,0.000000
Done.
Final: Magnetisation = (0.372069,-0.004559), Energy = -0.939456 
<M> = (0.326234,-0.001001), <E> = -0.891270 

T=1.700000	 Thermalizing iterations... 
Done.
Thermalized Magnetisation = (0.354866,0.022139), Energy = -0.933919 
Averaging iterations... h=0.250000,0.000000
Done.
Final: Magnetisation = (0.349104,0.024033), Energy = -0.892858 
<M> = (0.330851,-0.000215), <E> = -0.899374 

T=1.690000	 Thermalizing iterations... 
Done.
Thermalized Magnetisation = (0.274916,0.021790), Energy = -0.893352 
Averaging iterations... h=0.250000,0.000000
Done.
Final: Magnetisation = (0.336391,-0.057758), Energy = -0.907147 
<M> = (0.336380,-0.000894), <E> = -0.908037 

T=1.680000	 Thermalizing iterations... 
Done.
Thermalized Magnetisation = (0.313270,0.005418), Energy = -0.895037 
Averaging iterations... h=0.250000,0.000000
Done.
Final: Magnetisation = (0.310915,-0.082531), Energy = -0.896809 
<M> = (0.341971,-0.003247), <E> = -0.917315 

T=1.670000	 Thermalizing iterations... 
Done.
Thermalized Magnetisation = (0.328736,-0.006265), Energy = -0.920811 
Averaging iterations... h=0.250000,0.000000
Done.
Final: Magnetisation = (0.346344,-0.051536), Energy = -0.962259 
<M> = (0.346616,-0.002441), <E> = -0.925664 

T=1.660000	 Thermalizing iterations... 
Done.
Thermalized Magnetisation = (0.308103,0.023105), Energy = -0.928247 
Averaging iterations... h=0.250000,0.000000
Done.
Final: Magnetisation = (0.362544,-0.028580), Energy = -0.957491 
<M> = (0.352119,-0.002132), <E> = -0.934703 

T=1.650000	 Thermalizing iterations... 
Done.
Thermalized Magnetisation = (0.358265,-0.014071), Energy = -0.911524 
Averaging iterations... h=0.250000,0.000000
Done.
Final: Magnetisation = (0.319883,0.030356), Energy = -0.895465 
<M> = (0.357772,0.000966), <E> = -0.942933 

T=1.640000	 Thermalizing iterations... 
Done.
Thermalized Magnetisation = (0.346344,0.045260), Energy = -0.947603 
Averaging iterations... h=0.250000,0.000000
Done.
Final: Magnetisation = (0.413239,-0.011029), Energy = -0.980956 
<M> = (0.361769,0.001240), <E> = -0.950236 

T=1.630000	 Thermalizing iterations... 
Done.
Thermalized Magnetisation = (0.361278,0.038566), Energy = -0.976685 
Averaging iterations... h=0.250000,0.000000
Done.
Final: Magnetisation = (0.350392,0.021299), Energy = -0.898925 
<M> = (0.367090,0.000010), <E> = -0.958995 

T=1.620000	 Thermalizing iterations... 
Done.
Thermalized Magnetisation = (0.391476,-0.053995), Energy = -0.986088 
Averaging iterations... h=0.250000,0.000000
Done.
Final: Magnetisation = (0.412019,-0.045706), Energy = -0.987107 
<M> = (0.373478,-0.001521), <E> = -0.968859 

T=1.610000	 Thermalizing iterations... 
Done.
Thermalized Magnetisation = (0.370113,0.053459), Energy = -0.965057 
Averaging iterations... h=0.250000,0.000000
Done.
Final: Magnetisation = (0.366898,0.076368), Energy = -0.996991 
<M> = (0.378114,-0.001589), <E> = -0.977985 

T=1.600000	 Thermalizing iterations... 
Done.
Thermalized Magnetisation = (0.389772,-0.025696), Energy = -1.016942 
Averaging iterations... h=0.250000,0.000000
Done.
Final: Magnetisation = (0.326309,0.005481), Energy = -0.920139 
<M> = (0.383946,-0.003941), <E> = -0.988124 

T=1.590000	 Thermalizing iterations... 
Done.
Thermalized Magnetisation = (0.366377,0.024286), Energy = -0.956544 
Averaging iterations... h=0.250000,0.000000
Done.
Final: Magnetisation = (0.359714,0.035209), Energy = -0.967849 
<M> = (0.390021,-0.002888), <E> = -0.997684 

T=1.580000	 Thermalizing iterations... 
Done.
Thermalized Magnetisation = (0.393776,0.012549), Energy = -0.971416 
Averaging iterations... h=0.250000,0.000000
Done.
Final: Magnetisation = (0.377432,-0.037266), Energy = -1.020474 
<M> = (0.395773,0.000025), <E> = -1.007210 

T=1.570000	 Thermalizing iterations... 
Done.
Thermalized Magnetisation = (0.394688,0.022310), Energy = -1.006239 
Averaging iterations... h=0.250000,0.000000
Done.
Final: Magnetisation = (0.389572,0.006899), Energy = -1.003147 
<M> = (0.401917,0.000731), <E> = -1.016490 

T=1.560000	 Thermalizing iterations... 
Done.
Thermalized Magnetisation = (0.445149,-0.012186), Energy = -1.087414 
Averaging iterations... h=0.250000,0.000000
Done.
Final: Magnetisation = (0.378703,-0.008268), Energy = -0.989645 
<M> = (0.405577,-0.000547), <E> = -1.024045 

T=1.550000	 Thermalizing iterations... 
Done.
Thermalized Magnetisation = (0.375705,-0.014612), Energy = -0.957249 
Averaging iterations... h=0.250000,0.000000
Done.
Final: Magnetisation = (0.380052,-0.003938), Energy = -1.006296 
<M> = (0.412480,0.000137), <E> = -1.034843 

T=1.540000	 Thermalizing iterations... 
Done.
Thermalized Magnetisation = (0.417582,0.047465), Energy = -1.049549 
Averaging iterations... h=0.250000,0.000000
Done.
Final: Magnetisation = (0.384493,-0.089525), Energy = -1.045210 
<M> = (0.419037,-0.001413), <E> = -1.045517 

T=1.530000	 Thermalizing iterations... 
Done.
Thermalized Magnetisation = (0.463271,-0.023446), Energy = -1.123237 
Averaging iterations... h=0.250000,0.000000
Done.
Final: Magnetisation = (0.433123,0.015991), Energy = -1.083754 
<M> = (0.424923,-0.002647), <E> = -1.056129 

T=1.520000	 Thermalizing iterations... 
Done.
Thermalized Magnetisation = (0.446810,0.065502), Energy = -1.094295 
Averaging iterations... h=0.250000,0.000000
Done.
Final: Magnetisation = (0.436156,-0.018530), Energy = -1.050962 
<M> = (0.430487,-0.003272), <E> = -1.066186 

T=1.510000	 Thermalizing iterations... 
Done.
Thermalized Magnetisation = (0.453234,-0.025254), Energy = -1.118772 
Averaging iterations... h=0.250000,0.000000
Done.
Final: Magnetisation = (0.423612,0.003612), Energy = -1.066012 
<M> = (0.438206,-0.000075), <E> = -1.077525 

T=1.500000	 Thermalizing iterations... 
Done.
Thermalized Magnetisation = (0.483887,-0.080155), Energy = -1.120074 
Averaging iterations... h=0.250000,0.000000
Done.
Final: Magnetisation = (0.411393,-0.063958), Energy = -1.067634 
<M> = (0.443548,0.001467), <E> = -1.086907 

T=1.490000	 Thermalizing iterations... 
Done.
Thermalized Magnetisation = (0.456183,-0.013109), Energy = -1.112979 
Averaging iterations... h=0.250000,0.000000
Done.
Final: Magnetisation = (0.432831,0.052506), Energy = -1.063263 
<M> = (0.450376,0.000306), <E> = -1.097526 

T=1.480000	 Thermalizing iterations... 
Done.
Thermalized Magnetisation = (0.424056,-0.031971), Energy = -1.057946 
Averaging iterations... h=0.250000,0.000000
Done.
Final: Magnetisation = (0.467176,-0.018916), Energy = -1.112637 
<M> = (0.455494,0.001428), <E> = -1.107124 

T=1.470000	 Thermalizing iterations... 
Done.
Thermalized Magnetisation = (0.487810,0.031267), Energy = -1.124557 
Averaging iterations... h=0.250000,0.000000
Done.
Final: Magnetisation = (0.505878,-0.027914), Energy = -1.166496 
<M> = (0.463458,-0.000249), <E> = -1.119145 

T=1.460000	 Thermalizing iterations... 
Done.
Thermalized Magnetisation = (0.445162,0.060814), Energy = -1.098696 
Averaging iterations... h=0.250000,0.000000
Done.
Final: Magnetisation = (0.462825,0.024913), Energy = -1.136581 
<M> = (0.468685,-0.000722), <E> = -1.129783 

T=1.450000	 Thermalizing iterations... 
Done.
Thermalized Magnetisation = (0.471035,0.035755), Energy = -1.175935 
Averaging iterations... h=0.250000,0.000000
Done.
Final: Magnetisation = (0.435265,-0.012372), Energy = -1.103903 
<M> = (0.475933,-0.003141), <E> = -1.141907 

T=1.440000	 Thermalizing iterations... 
Done.
Thermalized Magnetisation = (0.513158,-0.032439), Energy = -1.205230 
Averaging iterations... h=0.250000,0.000000
Done.
Final: Magnetisation = (0.495430,0.005273), Energy = -1.168652 
<M> = (0.482626,-0.003077), <E> = -1.153212 

T=1.430000	 Thermalizing iterations... 
Done.
Thermalized Magnetisation = (0.470306,-0.059651), Energy = -1.165452 
Averaging iterations... h=0.250000,0.000000
Done.
Final: Magnetisation = (0.484742,0.010563), Energy = -1.160550 
<M> = (0.488651,-0.000843), <E> = -1.163060 

T=1.420000	 Thermalizing iterations... 
Done.
Thermalized Magnetisation = (0.562035,0.032283), Energy = -1.246692 
Averaging iterations... h=0.250000,0.000000
Done.
Final: Magnetisation = (0.466649,0.012119), Energy = -1.156367 
<M> = (0.495915,-0.000209), <E> = -1.174413 

T=1.410000	 Thermalizing iterations... 
Done.
Thermalized Magnetisation = (0.517859,-0.009233), Energy = -1.214269 
Averaging iterations... h=0.250000,0.000000
Done.
Final: Magnetisation = (0.474330,-0.012400), Energy = -1.155425 
<M> = (0.500812,0.001558), <E> = -1.183702 

T=1.400000	 Thermalizing iterations... 
Done.
Thermalized Magnetisation = (0.499090,-0.005711), Energy = -1.165405 
Averaging iterations... h=0.250000,0.000000
Done.
Final: Magnetisation = (0.515040,0.031639), Energy = -1.198512 
<M> = (0.508373,-0.001429), <E> = -1.196478 

T=1.390000	 Thermalizing iterations... 
Done.
Thermalized Magnetisation = (0.505476,-0.014894), Energy = -1.223039 
Averaging iterations... h=0.250000,0.000000
Done.
Final: Magnetisation = (0.528634,-0.016992), Energy = -1.233329 
<M> = (0.514916,-0.001238), <E> = -1.208177 

T=1.380000	 Thermalizing iterations... 
Done.
Thermalized Magnetisation = (0.512473,0.008126), Energy = -1.198629 
Averaging iterations... h=0.250000,0.000000
Done.
Final: Magnetisation = (0.513802,-0.046438), Energy = -1.187846 
<M> = (0.521733,-0.004522), <E> = -1.220269 

T=1.370000	 Thermalizing iterations... 
Done.
Thermalized Magnetisation = (0.486181,-0.045069), Energy = -1.171926 
Averaging iterations... h=0.250000,0.000000
Done.
Final: Magnetisation = (0.511784,-0.057406), Energy = -1.196469 
<M> = (0.526889,-0.002471), <E> = -1.230765 

T=1.360000	 Thermalizing iterations... 
Done.
Thermalized Magnetisation = (0.536508,-0.009856), Energy = -1.264363 
Averaging iterations... h=0.250000,0.000000
Done.
Final: Magnetisation = (0.587535,0.052732), Energy = -1.319324 
<M> = (0.534499,-0.002539), <E> = -1.243206 

T=1.350000	 Thermalizing iterations... 
Done.
Thermalized Magnetisation = (0.553052,0.097827), Energy = -1.246222 
Averaging iterations... h=0.250000,0.000000
Done.
Final: Magnetisation = (0.499083,-0.003264), Energy = -1.196793 
<M> = (0.541891,0.001109), <E> = -1.254215 

T=1.340000	 Thermalizing iterations... 
Done.
Thermalized Magnetisation = (0.583305,0.042971), Energy = -1.331416 
Averaging iterations... h=0.250000,0.000000
Done.
Final: Magnetisation = (0.561267,-0.009964), Energy = -1.284602 
<M> = (0.547029,-0.001465), <E> = -1.264416 

T=1.330000	 Thermalizing iterations... 
Done.
Thermalized Magnetisation = (0.596061,-0.005745), Energy = -1.333575 
Averaging iterations... h=0.250000,0.000000
Done.
Final: Magnetisation = (0.558243,-0.022031), Energy = -1.277787 
<M> = (0.553765,-0.000767), <E> = -1.275654 

T=1.320000	 Thermalizing iterations... 
Done.
Thermalized Magnetisation = (0.547322,0.032417), Energy = -1.293986 
Averaging iterations... h=0.250000,0.000000
Done.
Final: Magnetisation = (0.557716,-0.030561), Energy = -1.273217 
<M> = (0.561573,-0.000537), <E> = -1.289512 

T=1.310000	 Thermalizing iterations... 
Done.
Thermalized Magnetisation = (0.617753,0.012620), Energy = -1.373997 
Averaging iterations... h=0.250000,0.000000
Done.
Final: Magnetisation = (0.575589,0.021024), Energy = -1.307530 
<M> = (0.567413,-0.002134), <E> = -1.300954 

T=1.300000	 Thermalizing iterations... 
Done.
Thermalized Magnetisation = (0.574791,0.009588), Energy = -1.302266 
Averaging iterations... h=0.250000,0.000000
Done.
Final: Magnetisation = (0.587387,-0.028701), Energy = -1.371049 
<M> = (0.573493,-0.001857), <E> = -1.312524 

T=1.290000	 Thermalizing iterations... 
Done.
Thermalized Magnetisation = (0.600525,-0.011028), Energy = -1.329255 
Averaging iterations... h=0.250000,0.000000
Done.
Final: Magnetisation = (0.597706,-0.012890), Energy = -1.313475 
<M> = (0.580094,-0.003202), <E> = -1.324641 

T=1.280000	 Thermalizing iterations... 
Done.
Thermalized Magnetisation = (0.585954,0.016531), Energy = -1.344467 
Averaging iterations... h=0.250000,0.000000
Done.
Final: Magnetisation = (0.569546,-0.000295), Energy = -1.320281 
<M> = (0.586617,-0.001108), <E> = -1.335475 

T=1.270000	 Thermalizing iterations... 
Done.
Thermalized Magnetisation = (0.576889,0.023292), Energy = -1.313390 
Averaging iterations... h=0.250000,0.000000
Done.
Final: Magnetisation = (0.590591,0.032003), Energy = -1.366163 
<M> = (0.593409,-0.001971), <E> = -1.346720 

T=1.260000	 Thermalizing iterations... 
Done.
Thermalized Magnetisation = (0.554728,0.011169), Energy = -1.312083 
Averaging iterations... h=0.250000,0.000000
Done.
Final: Magnetisation = (0.606263,-0.039449), Energy = -1.375894 
<M> = (0.599100,0.000824), <E> = -1.356832 

T=1.250000	 Thermalizing iterations... 
Done.
Thermalized Magnetisation = (0.606873,-0.045522), Energy = -1.402629 
Averaging iterations... h=0.250000,0.000000
Done.
Final: Magnetisation = (0.600437,0.051048), Energy = -1.373422 
<M> = (0.605124,-0.003757), <E> = -1.369400 

T=1.240000	 Thermalizing iterations... 
Done.
Thermalized Magnetisation = (0.625932,-0.021709), Energy = -1.428171 
Averaging iterations... h=0.250000,0.000000
Done.
Final: Magnetisation = (0.554869,0.017450), Energy = -1.312884 
<M> = (0.610994,0.001397), <E> = -1.380430 

T=1.230000	 Thermalizing iterations... 
Done.
Thermalized Magnetisation = (0.616959,0.064565), Energy = -1.388627 
Averaging iterations... h=0.250000,0.000000
Done.
Final: Magnetisation = (0.578438,-0.000739), Energy = -1.318897 
<M> = (0.616728,-0.001831), <E> = -1.392232 

T=1.220000	 Thermalizing iterations... 
Done.
Thermalized Magnetisation = (0.605454,-0.026029), Energy = -1.386519 
Averaging iterations... h=0.250000,0.000000
Done.
Final: Magnetisation = (0.614151,-0.014819), Energy = -1.402504 
<M> = (0.621887,-0.004174), <E> = -1.402552 

T=1.210000	 Thermalizing iterations... 
Done.
Thermalized Magnetisation = (0.616365,0.032354), Energy = -1.377704 
Averaging iterations... h=0.250000,0.000000
Done.
Final: Magnetisation = (0.639955,-0.034059), Energy = -1.450087 
<M> = (0.628391,-0.004088), <E> = -1.414479 

T=1.200000	 Thermalizing iterations... 
Done.
Thermalized Magnetisation = (0.640332,-0.031561), Energy = -1.417909 
Averaging iterations... h=0.250000,0.000000
Done.
Final: Magnetisation = (0.628025,-0.050332), Energy = -1.433689 
<M> = (0.635245,0.000690), <E> = -1.425243 

T=1.190000	 Thermalizing iterations... 
Done.
Thermalized Magnetisation = (0.641282,-0.012074), Energy = -1.405592 
Averaging iterations... h=0.250000,0.000000
Done.
Final: Magnetisation = (0.640916,-0.054489), Energy = -1.456975 
<M> = (0.640559,-0.003071), <E> = -1.435855 

T=1.180000	 Thermalizing iterations... 
Done.
Thermalized Magnetisation = (0.665722,-0.040620), Energy = -1.462012 
Averaging iterations... h=0.250000,0.000000
Done.
Final: Magnetisation = (0.600980,0.042267), Energy = -1.383586 
<M> = (0.645994,0.000218), <E> = -1.446506 

T=1.170000	 Thermalizing iterations... 
Done.
Thermalized Magnetisation = (0.626742,0.031570), Energy = -1.440710 
Averaging iterations... h=0.250000,0.000000
Done.
Final: Magnetisation = (0.631854,0.070382), Energy = -1.437766 
<M> = (0.651713,0.001324), <E> = -1.457890 

T=1.160000	 Thermalizing iterations... 
Done.
Thermalized Magnetisation = (0.640615,-0.048680), Energy = -1.449517 
Averaging iterations... h=0.250000,0.000000
Done.
Final: Magnetisation = (0.638684,-0.022673), Energy = -1.416463 
<M> = (0.656781,-0.001075), <E> = -1.469438 

T=1.150000	 Thermalizing iterations... 
Done.
Thermalized Magnetisation = (0.667985,-0.017083), Energy = -1.521081 
Averaging iterations... h=0.250000,0.000000
Done.
Final: Magnetisation = (0.657965,0.001455), Energy = -1.462150 
<M> = (0.661855,-0.000079), <E> = -1.479451 

T=1.140000	 Thermalizing iterations... 
Done.
Thermalized Magnetisation = (0.644166,-0.044360), Energy = -1.478387 
Averaging iterations... h=0.250000,0.000000
Done.
Final: Magnetisation = (0.681318,-0.024936), Energy = -1.501071 
<M> = (0.667930,-0.003042), <E> = -1.490634 

T=1.130000	 Thermalizing iterations... 
Done.
Thermalized Magnetisation = (0.647088,-0.007826), Energy = -1.439911 
Averaging iterations... h=0.250000,0.000000
Done.
Final: Magnetisation = (0.663774,0.040259), Energy = -1.497623 
<M> = (0.672758,-0.000357), <E> = -1.501047 

T=1.120000	 Thermalizing iterations... 
Done.
Thermalized Magnetisation = (0.657231,-0.056085), Energy = -1.503596 
Averaging iterations... h=0.250000,0.000000
Done.
Final: Magnetisation = (0.673004,-0.106140), Energy = -1.507355 
<M> = (0.678268,-0.000638), <E> = -1.510893 

T=1.110000	 Thermalizing iterations... 
Done.
Thermalized Magnetisation = (0.711083,0.034477), Energy = -1.536532 
Averaging iterations... h=0.250000,0.000000
Done.
Final: Magnetisation = (0.709226,0.007127), Energy = -1.550268 
<M> = (0.683585,0.000952), <E> = -1.520395 

T=1.100000	 Thermalizing iterations... 
Done.
Thermalized Magnetisation = (0.689011,-0.028498), Energy = -1.546563 
Averaging iterations... h=0.250000,0.000000
Done.
Final: Magnetisation = (0.719882,0.021926), Energy = -1.568602 
<M> = (0.687854,-0.002448), <E> = -1.530884 

T=1.090000	 Thermalizing iterations... 
Done.
Thermalized Magnetisation = (0.690239,-0.060611), Energy = -1.552510 
Averaging iterations... h=0.250000,0.000000
Done.
Final: Magnetisation = (0.686621,0.011978), Energy = -1.541006 
<M> = (0.693267,-0.001277), <E> = -1.541711 

T=1.080000	 Thermalizing iterations... 
Done.
Thermalized Magnetisation = (0.699957,-0.031637), Energy = -1.540785 
Averaging iterations... h=0.250000,0.000000
Done.
Final: Magnetisation = (0.706542,0.083185), Energy = -1.570592 
<M> = (0.697685,-0.003882), <E> = -1.551325 

T=1.070000	 Thermalizing iterations... 
Done.
Thermalized Magnetisation = (0.716786,0.050142), Energy = -1.563162 
Averaging iterations... h=0.250000,0.000000
Done.
Final: Magnetisation = (0.709213,0.012458), Energy = -1.559797 
<M> = (0.701532,-0.003695), <E> = -1.560638 

T=1.060000	 Thermalizing iterations... 
Done.
Thermalized Magnetisation = (0.682155,0.027459), Energy = -1.555364 
Averaging iterations... h=0.250000,0.000000
Done.
Final: Magnetisation = (0.714784,-0.051623), Energy = -1.578495 
<M> = (0.706340,-0.004068), <E> = -1.571009 

T=1.050000	 Thermalizing iterations... 
Done.
Thermalized Magnetisation = (0.719153,-0.045044), Energy = -1.593500 
Averaging iterations... h=0.250000,0.000000
Done.
Final: Magnetisation = (0.702370,-0.037301), Energy = -1.561292 
<M> = (0.712183,0.002886), <E> = -1.580725 

T=1.040000	 Thermalizing iterations... 
Done.
Thermalized Magnetisation = (0.719086,-0.022114), Energy = -1.595765 
Averaging iterations... h=0.250000,0.000000
Done.
Final: Magnetisation = (0.694604,0.054462), Energy = -1.574973 
<M> = (0.715327,-0.000339), <E> = -1.588830 

T=1.030000	 Thermalizing iterations... 
Done.
Thermalized Magnetisation = (0.719056,0.006013), Energy = -1.576147 
Averaging iterations... h=0.250000,0.000000
Done.
Final: Magnetisation = (0.702753,0.008890), Energy = -1.590760 
<M> = (0.720059,0.000725), <E> = -1.598569 

T=1.020000	 Thermalizing iterations... 
Done.
Thermalized Magnetisation = (0.740155,-0.013991), Energy = -1.618035 
Averaging iterations... h=0.250000,0.000000
Done.
Final: Magnetisation = (0.731179,0.027776), Energy = -1.623652 
<M> = (0.724395,0.001763), <E> = -1.607748 

T=1.010000	 Thermalizing iterations... 
Done.
Thermalized Magnetisation = (0.717832,0.038159), Energy = -1.602289 
Averaging iterations... h=0.250000,0.000000
Done.
Final: Magnetisation = (0.737499,0.003861), Energy = -1.625845 
<M> = (0.728540,-0.002556), <E> = -1.617950 

T=1.000000	 Thermalizing iterations... 
Done.
Thermalized Magnetisation = (0.737806,-0.021982), Energy = -1.643473 
Averaging iterations... h=0.250000,0.000000
Done.
Final: Magnetisation = (0.750861,0.040278), Energy = -1.650670 
<M> = (0.732636,-0.003771), <E> = -1.625977 

T=0.990000	 Thermalizing iterations... 
Done.
Thermalized Magnetisation = (0.705443,-0.019146), Energy = -1.639056 
Averaging iterations... h=0.250000,0.000000
Done.
Final: Magnetisation = (0.732243,-0.039529), Energy = -1.612638 
<M> = (0.736625,-0.001718), <E> = -1.635427 

T=0.980000	 Thermalizing iterations... 
Done.
Thermalized Magnetisation = (0.739643,0.007624), Energy = -1.639885 
Averaging iterations... h=0.250000,0.000000
Done.
Final: Magnetisation = (0.750242,-0.028307), Energy = -1.644896 
<M> = (0.741489,-0.001701), <E> = -1.644226 

T=0.970000	 Thermalizing iterations... 
Done.
Thermalized Magnetisation = (0.743507,0.014765), Energy = -1.633618 
Averaging iterations... h=0.250000,0.000000
Done.
Final: Magnetisation = (0.751700,-0.005119), Energy = -1.647257 
<M> = (0.745338,0.001786), <E> = -1.653171 

T=0.960000	 Thermalizing iterations... 
Done.
Thermalized Magnetisation = (0.748449,0.010329), Energy = -1.669511 
Averaging iterations... h=0.250000,0.000000
Done.
Final: Magnetisation = (0.765842,0.005410), Energy = -1.663298 
<M> = (0.749248,0.001781), <E> = -1.661310 

T=0.950000	 Thermalizing iterations... 
Done.
Thermalized Magnetisation = (0.749729,0.023268), Energy = -1.662686 
Averaging iterations... h=0.250000,0.000000
Done.
Final: Magnetisation = (0.735486,-0.011556), Energy = -1.651824 
<M> = (0.752638,-0.003298), <E> = -1.669996 

T=0.940000	 Thermalizing iterations... 
Done.
Thermalized Magnetisation = (0.778476,0.058033), Energy = -1.719509 
Averaging iterations... h=0.250000,0.000000
Done.
Final: Magnetisation = (0.749032,-0.041860), Energy = -1.671449 
<M> = (0.757308,-0.000440), <E> = -1.679091 

T=0.930000	 Thermalizing iterations... 
Done.
Thermalized Magnetisation = (0.762078,-0.011838), Energy = -1.678304 
Averaging iterations... h=0.250000,0.000000
Done.
Final: Magnetisation = (0.752450,-0.034877), Energy = -1.656545 
<M> = (0.760302,-0.001894), <E> = -1.687091 

T=0.920000	 Thermalizing iterations... 
Done.
Thermalized Magnetisation = (0.772368,-0.020931), Energy = -1.712701 
Averaging iterations... h=0.250000,0.000000
Done.
Final: Magnetisation = (0.738829,-0.014642), Energy = -1.666508 
<M> = (0.763815,-0.005041), <E> = -1.695196 

T=0.910000	 Thermalizing iterations... 
Done.
Thermalized Magnetisation = (0.770195,-0.053241), Energy = -1.700471 
Averaging iterations... h=0.250000,0.000000
Done.
Final: Magnetisation = (0.789368,0.042857), Energy = -1.730306 
<M> = (0.767048,0.000216), <E> = -1.703020 

T=0.900000	 Thermalizing iterations... 
Done.
Thermalized Magnetisation = (0.780976,-0.060303), Energy = -1.691677 
Averaging iterations... h=0.250000,0.000000
Done.
Final: Magnetisation = (0.757645,0.053701), Energy = -1.708656 
<M> = (0.771720,-0.002829), <E> = -1.711579 

T=0.890000	 Thermalizing iterations... 
Done.
Thermalized Magnetisation = (0.765607,-0.037671), Energy = -1.717775 
Averaging iterations... h=0.250000,0.000000
Done.
Final: Magnetisation = (0.758704,-0.028306), Energy = -1.683425 
<M> = (0.774567,-0.001566), <E> = -1.718639 

T=0.880000	 Thermalizing iterations... 
Done.
Thermalized Magnetisation = (0.770144,-0.028532), Energy = -1.726734 
Averaging iterations... h=0.250000,0.000000
Done.
Final: Magnetisation = (0.786959,-0.004852), Energy = -1.738339 
<M> = (0.778169,-0.000760), <E> = -1.727256 

T=0.870000	 Thermalizing iterations... 
Done.
Thermalized Magnetisation = (0.805785,0.024131), Energy = -1.757489 
Averaging iterations... h=0.250000,0.000000
Done.
Final: Magnetisation = (0.795240,-0.021365), Energy = -1.738657 
<M> = (0.781367,0.000708), <E> = -1.734663 

T=0.860000	 Thermalizing iterations... 
Done.
Thermalized Magnetisation = (0.784475,-0.079609), Energy = -1.761533 
Averaging iterations... h=0.250000,0.000000
Done.
Final: Magnetisation = (0.786950,0.071963), Energy = -1.740079 
<M> = (0.784364,-0.005533), <E> = -1.742831 

T=0.850000	 Thermalizing iterations... 
Done.
Thermalized Magnetisation = (0.792380,-0.033860), Energy = -1.747543 
Averaging iterations... h=0.250000,0.000000
Done.
Final: Magnetisation = (0.784185,0.061677), Energy = -1.753322 
<M> = (0.787342,-0.003087), <E> = -1.749564 

T=0.840000	 Thermalizing iterations... 
Done.
Thermalized Magnetisation = (0.786912,-0.007638), Energy = -1.764537 
Averaging iterations... h=0.250000,0.000000
Done.
Final: Magnetisation = (0.789602,-0.037566), Energy = -1.761048 
<M> = (0.790425,0.001647), <E> = -1.756987 

T=0.830000	 Thermalizing iterations... 
Done.
Thermalized Magnetisation = (0.802265,0.043041), Energy = -1.773290 
Averaging iterations... h=0.250000,0.000000
Done.
Final: Magnetisation = (0.782039,-0.062178), Energy = -1.751089 
<M> = (0.795036,0.001576), <E> = -1.765534 

T=0.820000	 Thermalizing iterations... 
Done.
Thermalized Magnetisation = (0.803171,-0.013502), Energy = -1.766370 
Averaging iterations... h=0.250000,0.000000
Done.
Final: Magnetisation = (0.798813,-0.018644), Energy = -1.765287 
<M> = (0.798152,-0.001595), <E> = -1.772586 

T=0.810000	 Thermalizing iterations... 
Done.
Thermalized Magnetisation = (0.774195,-0.034232), Energy = -1.732605 
Averaging iterations... h=0.250000,0.000000
Done.
Final: Magnetisation = (0.801473,0.054040), Energy = -1.760011 
<M> = (0.800656,0.000021), <E> = -1.779184 

T=0.800000	 Thermalizing iterations... 
Done.
Thermalized Magnetisation = (0.795798,-0.030359), Energy = -1.778219 
Averaging iterations... h=0.250000,0.000000
Done.
Final: Magnetisation = (0.808713,-0.026872), Energy = -1.786105 
<M> = (0.803486,-0.004451), <E> = -1.786643 

T=0.790000	 Thermalizing iterations... 
Done.
Thermalized Magnetisation = (0.805586,-0.022289), Energy = -1.798563 
Averaging iterations... h=0.250000,0.000000
Done.
Final: Magnetisation = (0.791477,0.060409), Energy = -1.789779 
<M> = (0.806840,0.000231), <E> = -1.794427 

T=0.780000	 Thermalizing iterations... 
Done.
Thermalized Magnetisation = (0.802014,-0.010062), Energy = -1.774900 
Averaging iterations... h=0.250000,0.000000
Done.
Final: Magnetisation = (0.804716,-0.012181), Energy = -1.784257 
<M> = (0.809348,0.003441), <E> = -1.801102 

T=0.770000	 Thermalizing iterations... 
Done.
Thermalized Magnetisation = (0.840262,-0.052211), Energy = -1.845953 
Averaging iterations... h=0.250000,0.000000
Done.
Final: Magnetisation = (0.820075,0.016543), Energy = -1.802864 
<M> = (0.812392,-0.006838), <E> = -1.807881 

T=0.760000	 Thermalizing iterations... 
Done.
Thermalized Magnetisation = (0.810362,-0.034715), Energy = -1.800237 
Averaging iterations... h=0.250000,0.000000
Done.
Final: Magnetisation = (0.825011,-0.058996), Energy = -1.827822 
<M> = (0.816191,-0.000170), <E> = -1.815315 

T=0.750000	 Thermalizing iterations... 
Done.
Thermalized Magnetisation = (0.821943,0.015382), Energy = -1.809876 
Averaging iterations... h=0.250000,0.000000
Done.
Final: Magnetisation = (0.804452,0.018454), Energy = -1.814571 
<M> = (0.819454,0.001762), <E> = -1.822274 

T=0.740000	 Thermalizing iterations... 
Done.
Thermalized Magnetisation = (0.822012,-0.035243), Energy = -1.831685 
Averaging iterations... h=0.250000,0.000000
Done.
Final: Magnetisation = (0.809462,-0.047712), Energy = -1.813304 
<M> = (0.822202,-0.004187), <E> = -1.828866 

T=0.730000	 Thermalizing iterations... 
Done.
Thermalized Magnetisation = (0.811978,-0.004999), Energy = -1.814996 
Averaging iterations... h=0.250000,0.000000
Done.
Final: Magnetisation = (0.836271,-0.096051), Energy = -1.857245 
<M> = (0.824667,-0.002649), <E> = -1.835506 

T=0.720000	 Thermalizing iterations... 
Done.
Thermalized Magnetisation = (0.831586,0.014270), Energy = -1.838042 
Averaging iterations... h=0.250000,0.000000
Done.
Final: Magnetisation = (0.826072,-0.007308), Energy = -1.850707 
<M> = (0.827392,0.003174), <E> = -1.842500 

T=0.710000	 Thermalizing iterations... 
Done.
Thermalized Magnetisation = (0.840618,-0.072067), Energy = -1.860410 
Averaging iterations... h=0.250000,0.000000
Done.
Final: Magnetisation = (0.834159,0.004478), Energy = -1.851165 
<M> = (0.830389,-0.000914), <E> = -1.849377 

T=0.700000	 Thermalizing iterations... 
Done.
Thermalized Magnetisation = (0.844458,-0.093650), Energy = -1.890926 
Averaging iterations... h=0.250000,0.000000
Done.
Final: Magnetisation = (0.830743,-0.017569), Energy = -1.854593 
<M> = (0.832451,-0.007228), <E> = -1.855089 

T=0.690000	 Thermalizing iterations... 
Done.
Thermalized Magnetisation = (0.839947,-0.010766), Energy = -1.877887 
Averaging iterations... h=0.250000,0.000000
Done.
Final: Magnetisation = (0.823374,-0.090024), Energy = -1.834820 
<M> = (0.835166,-0.004088), <E> = -1.861656 

T=0.680000	 Thermalizing iterations... 
Done.
Thermalized Magnetisation = (0.851735,0.039105), Energy = -1.881319 
Averaging iterations... h=0.250000,0.000000
Done.
Final: Magnetisation = (0.830285,0.011688), Energy = -1.856847 
<M> = (0.839120,0.005315), <E> = -1.868915 

T=0.670000	 Thermalizing iterations... 
Done.
Thermalized Magnetisation = (0.839860,-0.061664), Energy = -1.892996 
Averaging iterations... h=0.250000,0.000000
Done.
Final: Magnetisation = (0.852093,0.009601), Energy = -1.888928 
<M> = (0.841793,0.000689), <E> = -1.875157 

T=0.660000	 Thermalizing iterations... 
Done.
Thermalized Magnetisation = (0.844462,0.077575), Energy = -1.881028 
Averaging iterations... h=0.250000,0.000000
Done.
Final: Magnetisation = (0.842499,0.025341), Energy = -1.879202 
<M> = (0.843816,-0.003890), <E> = -1.881020 

T=0.650000	 Thermalizing iterations... 
Done.
Thermalized Magnetisation = (0.847903,0.038379), Energy = -1.886632 
Averaging iterations... h=0.250000,0.000000
Done.
Final: Magnetisation = (0.829534,-0.064450), Energy = -1.864971 
<M> = (0.846555,-0.003548), <E> = -1.887842 

T=0.640000	 Thermalizing iterations... 
Done.
Thermalized Magnetisation = (0.848786,0.031666), Energy = -1.896113 
Averaging iterations... h=0.250000,0.000000
Done.
Final: Magnetisation = (0.853947,0.035280), Energy = -1.893033 
<M> = (0.849245,-0.005948), <E> = -1.894305 

T=0.630000	 Thermalizing iterations... 
Done.
Thermalized Magnetisation = (0.849012,-0.030498), Energy = -1.899319 
Averaging iterations... h=0.250000,0.000000
Done.
Final: Magnetisation = (0.855948,-0.029019), Energy = -1.896539 
<M> = (0.852038,0.000979), <E> = -1.900508 

T=0.620000	 Thermalizing iterations... 
Done.
Thermalized Magnetisation = (0.838217,0.135476), Energy = -1.909501 
Averaging iterations... h=0.250000,0.000000
Done.
Final: Magnetisation = (0.848480,-0.041765), Energy = -1.892523 
<M> = (0.855094,0.001028), <E> = -1.906663 

T=0.610000	 Thermalizing iterations... 
Done.
Thermalized Magnetisation = (0.856666,-0.024745), Energy = -1.905287 
Averaging iterations... h=0.250000,0.000000
Done.
Final: Magnetisation = (0.860182,0.002031), Energy = -1.912625 
<M> = (0.857471,0.004809), <E> = -1.913065 

T=0.600000	 Thermalizing iterations... 
Done.
Thermalized Magnetisation = (0.865637,-0.017277), Energy = -1.930844 
Averaging iterations... h=0.250000,0.000000
Done.
Final: Magnetisation = (0.856551,-0.001901), Energy = -1.919268 
<M> = (0.860560,0.005410), <E> = -1.919696 

T=0.590000	 Thermalizing iterations... 
Done.
Thermalized Magnetisation = (0.872174,0.049312), Energy = -1.941053 
Averaging iterations... h=0.250000,0.000000
Done.
Final: Magnetisation = (0.858011,-0.045909), Energy = -1.928275 
<M> = (0.862992,-0.001886), <E> = -1.925508 

T=0.580000	 Thermalizing iterations... 
Done.
Thermalized Magnetisation = (0.869437,0.017664), Energy = -1.935356 
Averaging iterations... h=0.250000,0.000000
Done.
Final: Magnetisation = (0.861407,0.035185), Energy = -1.934501 
<M> = (0.865114,-0.005420), <E> = -1.931539 

T=0.570000	 Thermalizing iterations... 
Done.
Thermalized Magnetisation = (0.872719,-0.000219), Energy = -1.944516 
Averaging iterations... h=0.250000,0.000000
Done.
Final: Magnetisation = (0.878443,-0.021524), Energy = -1.945692 
<M> = (0.867748,-0.001528), <E> = -1.937858 

T=0.560000	 Thermalizing iterations... 
Done.
Thermalized Magnetisation = (0.875957,-0.035287), Energy = -1.945963 
Averaging iterations... h=0.250000,0.000000
Done.
Final: Magnetisation = (0.859519,-0.060972), Energy = -1.940611 
<M> = (0.870800,-0.001334), <E> = -1.943988 

T=0.550000	 Thermalizing iterations... 
Done.
Thermalized Magnetisation = (0.884309,-0.014699), Energy = -1.967592 
Averaging iterations... h=0.250000,0.000000
Done.
Final: Magnetisation = (0.879022,0.042964), Energy = -1.962435 
<M> = (0.872717,-0.005860), <E> = -1.949346 

T=0.540000	 Thermalizing iterations... 
Done.
Thermalized Magnetisation = (0.882051,0.023872), Energy = -1.969515 
Averaging iterations... h=0.250000,0.000000
Done.
Final: Magnetisation = (0.875329,-0.038918), Energy = -1.959938 
<M> = (0.874880,-0.000054), <E> = -1.955244 

T=0.530000	 Thermalizing iterations... 
Done.
Thermalized Magnetisation = (0.880824,-0.002549), Energy = -1.961728 
Averaging iterations... h=0.250000,0.000000
Done.
Final: Magnetisation = (0.877795,-0.019294), Energy = -1.969983 
<M> = (0.877729,0.005396), <E> = -1.961753 

T=0.520000	 Thermalizing iterations... 
Done.
Thermalized Magnetisation = (0.885120,0.004426), Energy = -1.973569 
Averaging iterations... h=0.250000,0.000000
Done.
Final: Magnetisation = (0.880357,-0.000441), Energy = -1.962437 
<M> = (0.880119,-0.000100), <E> = -1.967435 

T=0.510000	 Thermalizing iterations... 
Done.
Thermalized Magnetisation = (0.885556,-0.014321), Energy = -1.974426 
Averaging iterations... h=0.250000,0.000000
Done.
Final: Magnetisation = (0.884699,-0.027547), Energy = -1.967940 
<M> = (0.882729,-0.006767), <E> = -1.973296 

T=0.500000	 Thermalizing iterations... 
Done.
Thermalized Magnetisation = (0.880166,0.010248), Energy = -1.973786 
Averaging iterations... h=0.250000,0.000000
Done.
Final: Magnetisation = (0.882183,-0.020284), Energy = -1.977188 
<M> = (0.885073,-0.003702), <E> = -1.979162 

T=0.490000	 Thermalizing iterations... 
Done.
Thermalized Magnetisation = (0.883669,0.029067), Energy = -1.988436 
Averaging iterations... h=0.250000,0.000000
Done.
Final: Magnetisation = (0.885910,-0.024034), Energy = -1.989313 
<M> = (0.887596,-0.003149), <E> = -1.985345 

T=0.480000	 Thermalizing iterations... 
Done.
Thermalized Magnetisation = (0.881246,0.020037), Energy = -1.978983 
Averaging iterations... h=0.250000,0.000000
Done.
Final: Magnetisation = (0.894568,0.068953), Energy = -1.990798 
<M> = (0.889803,-0.005171), <E> = -1.990866 

T=0.470000	 Thermalizing iterations... 
Done.
Thermalized Magnetisation = (0.890568,0.013124), Energy = -1.988761 
Averaging iterations... h=0.250000,0.000000
Done.
Final: Magnetisation = (0.897379,-0.034407), Energy = -2.005007 
<M> = (0.892478,-0.000788), <E> = -1.996573 

T=0.460000	 Thermalizing iterations... 
Done.
Thermalized Magnetisation = (0.892192,-0.012436), Energy = -1.994696 
Averaging iterations... h=0.250000,0.000000
Done.
Final: Magnetisation = (0.897078,-0.040952), Energy = -2.005550 
<M> = (0.895305,0.003601), <E> = -2.002319 

T=0.450000	 Thermalizing iterations... 
Done.
Thermalized Magnetisation = (0.893509,-0.062759), Energy = -1.997404 
Averaging iterations... h=0.250000,0.000000
Done.
Final: Magnetisation = (0.898989,0.019356), Energy = -2.014828 
<M> = (0.897434,0.001861), <E> = -2.008374 

T=0.440000	 Thermalizing iterations... 
Done.
Thermalized Magnetisation = (0.901602,0.037067), Energy = -2.009946 
Averaging iterations... h=0.250000,0.000000
Done.
Final: Magnetisation = (0.889338,0.077833), Energy = -2.005246 
<M> = (0.900191,-0.002649), <E> = -2.013909 

T=0.430000	 Thermalizing iterations... 
Done.
Thermalized Magnetisation = (0.901447,0.081874), Energy = -2.023096 
Averaging iterations... h=0.250000,0.000000
Done.
Final: Magnetisation = (0.904206,0.025656), Energy = -2.025375 
<M> = (0.902299,-0.007706), <E> = -2.019602 

T=0.420000	 Thermalizing iterations... 
Done.
Thermalized Magnetisation = (0.900738,0.005299), Energy = -2.023560 
Averaging iterations... h=0.250000,0.000000
Done.
Final: Magnetisation = (0.903695,-0.002773), Energy = -2.015063 
<M> = (0.904485,-0.001298), <E> = -2.025510 

T=0.410000	 Thermalizing iterations... 
Done.
Thermalized Magnetisation = (0.906834,-0.027089), Energy = -2.033326 
Averaging iterations... h=0.250000,0.000000
Done.
Final: Magnetisation = (0.909304,-0.016386), Energy = -2.031384 
<M> = (0.907248,-0.002388), <E> = -2.031076 

T=0.400000	 Thermalizing iterations... 
Done.
Thermalized Magnetisation = (0.914451,-0.044849), Energy = -2.038388 
Averaging iterations... h=0.250000,0.000000
Done.
Final: Magnetisation = (0.908762,-0.065019), Energy = -2.038121 
<M> = (0.909718,-0.002486), <E> = -2.036505 

T=0.390000	 Thermalizing iterations... 
Done.
Thermalized Magnetisation = (0.916663,0.007101), Energy = -2.042616 
Averaging iterations... h=0.250000,0.000000
Done.
Final: Magnetisation = (0.916030,-0.008020), Energy = -2.043964 
<M> = (0.911779,-0.003133), <E> = -2.041954 

T=0.380000	 Thermalizing iterations... 
Done.
Thermalized Magnetisation = (0.911455,-0.034100), Energy = -2.045838 
Averaging iterations... h=0.250000,0.000000
Done.
Final: Magnetisation = (0.921281,0.027009), Energy = -2.053177 
<M> = (0.914254,0.001820), <E> = -2.047755 

T=0.370000	 Thermalizing iterations... 
Done.
Thermalized Magnetisation = (0.915664,-0.018496), Energy = -2.055497 
Averaging iterations... h=0.250000,0.000000
Done.
Final: Magnetisation = (0.922340,0.021185), Energy = -2.061187 
<M> = (0.916216,-0.007822), <E> = -2.053110 

T=0.360000	 Thermalizing iterations... 
Done.
Thermalized Magnetisation = (0.920534,-0.017898), Energy = -2.064284 
Averaging iterations... h=0.250000,0.000000
Done.
Final: Magnetisation = (0.924352,-0.007224), Energy = -2.067035 
<M> = (0.918471,-0.005649), <E> = -2.058627 

T=0.350000	 Thermalizing iterations... 
Done.
Thermalized Magnetisation = (0.916879,-0.000326), Energy = -2.056675 
Averaging iterations... h=0.250000,0.000000
Done.
Final: Magnetisation = (0.925544,0.006119), Energy = -2.070902 
<M> = (0.921087,-0.001561), <E> = -2.064305 

T=0.340000	 Thermalizing iterations... 
Done.
Thermalized Magnetisation = (0.923198,-0.031455), Energy = -2.068506 
Averaging iterations... h=0.250000,0.000000
Done.
Final: Magnetisation = (0.922411,-0.022988), Energy = -2.070099 
<M> = (0.923036,0.003447), <E> = -2.069645 

T=0.330000	 Thermalizing iterations... 
Done.
Thermalized Magnetisation = (0.926070,0.021369), Energy = -2.067965 
Averaging iterations... h=0.250000,0.000000
Done.
Final: Magnetisation = (0.924838,0.006677), Energy = -2.072445 
<M> = (0.925478,0.000050), <E> = -2.074853 

T=0.320000	 Thermalizing iterations... 
Done.
Thermalized Magnetisation = (0.914558,-0.073213), Energy = -2.069015 
Averaging iterations... h=0.250000,0.000000
Done.
Final: Magnetisation = (0.925803,-0.040884), Energy = -2.072637 
<M> = (0.928203,0.005634), <E> = -2.080622 

T=0.310000	 Thermalizing iterations... 
Done.
Thermalized Magnetisation = (0.932261,-0.022397), Energy = -2.084625 
Averaging iterations... h=0.250000,0.000000
Done.
Final: Magnetisation = (0.923409,0.003602), Energy = -2.083890 
<M> = (0.930503,-0.000318), <E> = -2.086057 

T=0.300000	 Thermalizing iterations... 
Done.
Thermalized Magnetisation = (0.932879,-0.031316), Energy = -2.094951 
Averaging iterations... h=0.250000,0.000000
Done.
Final: Magnetisation = (0.937912,-0.021157), Energy = -2.092888 
<M> = (0.933010,-0.004333), <E> = -2.091596 

T=0.290000	 Thermalizing iterations... 
Done.
Thermalized Magnetisation = (0.935065,0.017839), Energy = -2.092969 
Averaging iterations... h=0.250000,0.000000
Done.
Final: Magnetisation = (0.939589,-0.018490), Energy = -2.094916 
<M> = (0.934920,-0.002812), <E> = -2.096993 

T=0.280000	 Thermalizing iterations... 
Done.
Thermalized Magnetisation = (0.935801,-0.038683), Energy = -2.101476 
Averaging iterations... h=0.250000,0.000000
Done.
Final: Magnetisation = (0.941420,-0.004104), Energy = -2.108550 
<M> = (0.937095,-0.004050), <E> = -2.102271 

T=0.270000	 Thermalizing iterations... 
Done.
Thermalized Magnetisation = (0.940469,-0.025368), Energy = -2.108853 
Averaging iterations... h=0.250000,0.000000
Done.
Final: Magnetisation = (0.936000,-0.010081), Energy = -2.106674 
<M> = (0.939616,0.000534), <E> = -2.107632 

T=0.260000	 Thermalizing iterations... 
Done.
Thermalized Magnetisation = (0.941346,0.023064), Energy = -2.112056 
Averaging iterations... h=0.250000,0.000000
Done.
Final: Magnetisation = (0.942152,-0.028439), Energy = -2.113699 
<M> = (0.942094,0.002939), <E> = -2.113075 

T=0.250000	 Thermalizing iterations... 
Done.
Thermalized Magnetisation = (0.939347,0.010411), Energy = -2.120970 
Averaging iterations... h=0.250000,0.000000
Done.
Final: Magnetisation = (0.941840,0.015712), Energy = -2.114276 
<M> = (0.944400,0.003557), <E> = -2.118455 

T=0.240000	 Thermalizing iterations... 
Done.
Thermalized Magnetisation = (0.947838,0.004600), Energy = -2.127215 
Averaging iterations... h=0.250000,0.000000
Done.
Final: Magnetisation = (0.941499,-0.035707), Energy = -2.120805 
<M> = (0.946475,0.000968), <E> = -2.123642 

T=0.230000	 Thermalizing iterations... 
Done.
Thermalized Magnetisation = (0.950675,-0.034542), Energy = -2.126346 
Averaging iterations... h=0.250000,0.000000
Done.
Final: Magnetisation = (0.950146,-0.003121), Energy = -2.129502 
<M> = (0.948688,0.003487), <E> = -2.129173 

T=0.220000	 Thermalizing iterations... 
Done.
Thermalized Magnetisation = (0.947662,0.003400), Energy = -2.133048 
Averaging iterations... h=0.250000,0.000000
Done.
Final: Magnetisation = (0.945647,-0.015450), Energy = -2.126589 
<M> = (0.950917,-0.007430), <E> = -2.134207 

T=0.210000	 Thermalizing iterations... 
Done.
Thermalized Magnetisation = (0.954665,0.007200), Energy = -2.138077 
Averaging iterations... h=0.250000,0.000000
Done.
Final: Magnetisation = (0.952889,0.001945), Energy = -2.140238 
<M> = (0.953329,0.000079), <E> = -2.139554 

T=0.200000	 Thermalizing iterations... 
Done.
Thermalized Magnetisation = (0.954838,-0.011745), Energy = -2.145164 
Averaging iterations... h=0.250000,0.000000
Done.
Final: Magnetisation = (0.959981,0.012404), Energy = -2.149104 
<M> = (0.955646,-0.003510), <E> = -2.144905 

T=0.190000	 Thermalizing iterations... 
Done.
Thermalized Magnetisation = (0.955056,-0.003406), Energy = -2.151602 
Averaging iterations... h=0.250000,0.000000
Done.
Final: Magnetisation = (0.956351,0.007642), Energy = -2.148041 
<M> = (0.957806,0.002186), <E> = -2.150108 

T=0.180000	 Thermalizing iterations... 
Done.
Thermalized Magnetisation = (0.958080,-0.023803), Energy = -2.156146 
Averaging iterations... h=0.250000,0.000000
Done.
Final: Magnetisation = (0.962261,-0.005260), Energy = -2.156575 
<M> = (0.960341,-0.001111), <E> = -2.155395 

T=0.170000	 Thermalizing iterations... 
Done.
Thermalized Magnetisation = (0.962835,0.000206), Energy = -2.158441 
Averaging iterations... h=0.250000,0.000000
Done.
Final: Magnetisation = (0.963333,0.004227), Energy = -2.159857 
<M> = (0.962437,-0.004200), <E> = -2.160607 

T=0.160000	 Thermalizing iterations... 
Done.
Thermalized Magnetisation = (0.963743,-0.006719), Energy = -2.167197 
Averaging iterations... h=0.250000,0.000000
Done.
Final: Magnetisation = (0.964920,0.029388), Energy = -2.162510 
<M> = (0.964638,-0.002607), <E> = -2.165864 

T=0.150000	 Thermalizing iterations... 
Done.
Thermalized Magnetisation = (0.966548,0.005437), Energy = -2.167962 
Averaging iterations... h=0.250000,0.000000
Done.
Final: Magnetisation = (0.967898,-0.011813), Energy = -2.175907 
<M> = (0.966603,0.002288), <E> = -2.170838 

T=0.140000	 Thermalizing iterations... 
Done.
Thermalized Magnetisation = (0.970178,0.000903), Energy = -2.180010 
Averaging iterations... h=0.250000,0.000000
Done.
Final: Magnetisation = (0.971043,0.002059), Energy = -2.177439 
<M> = (0.969096,-0.001200), <E> = -2.176195 

T=0.130000	 Thermalizing iterations... 
Done.
Thermalized Magnetisation = (0.973377,-0.001049), Energy = -2.182640 
Averaging iterations... h=0.250000,0.000000
Done.
Final: Magnetisation = (0.971690,-0.009502), Energy = -2.183753 
<M> = (0.971207,0.000327), <E> = -2.181170 

T=0.120000	 Thermalizing iterations... 
Done.
Thermalized Magnetisation = (0.972372,-0.008207), Energy = -2.184983 
Averaging iterations... h=0.250000,0.000000
Done.
Final: Magnetisation = (0.972263,0.002333), Energy = -2.186744 
<M> = (0.973285,0.001497), <E> = -2.186338 

T=0.110000	 Thermalizing iterations... 
Done.
Thermalized Magnetisation = (0.974060,0.008214), Energy = -2.189266 
Averaging iterations... h=0.250000,0.000000
Done.
Final: Magnetisation = (0.975274,-0.000862), Energy = -2.192960 
<M> = (0.975625,0.003835), <E> = -2.191499 

T=0.100000	 Thermalizing iterations... 
Done.
Thermalized Magnetisation = (0.976056,0.015549), Energy = -2.194210 
Averaging iterations... h=0.250000,0.000000
Done.
Final: Magnetisation = (0.979191,-0.005218), Energy = -2.199522 
<M> = (0.977586,-0.003023), <E> = -2.196713 

T=0.090000	 Thermalizing iterations... 
Done.
Thermalized Magnetisation = (0.980429,0.005707), Energy = -2.202746 
Averaging iterations... h=0.250000,0.000000
Done.
Final: Magnetisation = (0.979637,0.020889), Energy = -2.202056 
<M> = (0.979857,-0.000777), <E> = -2.201859 

T=0.080000	 Thermalizing iterations... 
Done.
Thermalized Magnetisation = (0.982687,0.000405), Energy = -2.208180 
Averaging iterations... h=0.250000,0.000000
Done.
Final: Magnetisation = (0.982888,-0.008330), Energy = -2.208720 
<M> = (0.981973,0.001933), <E> = -2.206819 

T=0.070000	 Thermalizing iterations... 
Done.
Thermalized Magnetisation = (0.985294,-0.010784), Energy = -2.213117 
Averaging iterations... h=0.250000,0.000000
Done.
Final: Magnetisation = (0.984216,0.006811), Energy = -2.210651 
<M> = (0.984348,-0.002625), <E> = -2.211939 

T=0.060000	 Thermalizing iterations... 
Done.
Thermalized Magnetisation = (0.986787,-0.001002), Energy = -2.216142 
Averaging iterations... h=0.250000,0.000000
Done.
Final: Magnetisation = (0.986026,0.000412), Energy = -2.216784 
<M> = (0.986371,-0.002774), <E> = -2.216978 

T=0.050000	 Thermalizing iterations... 
Done.
Thermalized Magnetisation = (0.988786,-0.019184), Energy = -2.222130 
Averaging iterations... h=0.250000,0.000000
Done.
Final: Magnetisation = (0.988927,-0.014461), Energy = -2.222984 
<M> = (0.988497,-0.004686), <E> = -2.222039 

T=0.040000	 Thermalizing iterations... 
Done.
Thermalized Magnetisation = (0.991007,-0.001463), Energy = -2.227605 
Averaging iterations... h=0.250000,0.000000
Done.
Final: Magnetisation = (0.990146,-0.027341), Energy = -2.227575 
<M> = (0.990714,-0.000076), <E> = -2.227108 

T=0.030000	 Thermalizing iterations... 
Done.
Thermalized Magnetisation = (0.992718,0.015409), Energy = -2.231855 
Averaging iterations... h=0.250000,0.000000
Done.
Final: Magnetisation = (0.993050,-0.013394), Energy = -2.232340 
<M> = (0.992897,-0.001075), <E> = -2.232186 

T=0.020000	 Thermalizing iterations... 
Done.
Thermalized Magnetisation = (0.994895,-0.002848), Energy = -2.237050 
Averaging iterations... h=0.250000,0.000000
Done.
Final: Magnetisation = (0.994993,-0.011042), Energy = -2.237196 
<M> = (0.995122,-0.004684), <E> = -2.237193 

T=0.010000	 Thermalizing iterations... 
Done.
Thermalized Magnetisation = (0.997342,0.001736), Energy = -2.242173 
Averaging iterations... h=0.250000,0.000000
Done.
Final: Magnetisation = (0.997274,-0.003726), Energy = -2.242408 
<M> = (0.997197,-0.000706), <E> = -2.242201 
Final Magnetisation = (0.997274,-0.003726), Energy = -2.242408 
------------------------

Updating all (first)black/(then)white checkerboard sites simultaneously.. 

ztne RFXY h rotating with |h|=0.250000 at T=0.000000..
loop 1

loop 2

CPU  Start Time = 5587369.604671 

CPU  End Time = 5595124.414065 

CPU Time elapsed total = 7754.809394 

real	129m14.893s
user	2125m26.328s
sys	0m58.747s
