nearest neighbor initialized. 
J loaded. 
h loaded. 
L = 16, dim_L = 2, dim_S = 2
hysteresis_MCS_multiplier = 10, hysteresis_MCS_max = 100
RAND_MAX = 2147483647.000000,
 sizeof(int) = 4,
 sizeof(long) = 8,
 sizeof(double) = 8,
 sizeof(long int) = 8,
 sizeof(short int) = 2,
 sizeof(unsigned int) = 4,
 sizeof(RAND_MAX) = 4

OpenMP Active.

No. of THREADS = 24
No. of PROCESSORS = 24

-0.063654,-0.017350
order = ({1.000000-->-1.000000,0.000000}, 0, 1)
Initial Magnetisation = (-0.063654,-0.017350), Energy = 0.150431 
Cooling... 
T=2.000000	 Thermalizing iterations... 
Done.
Thermalized Magnetisation = (0.200551,0.076237), Energy = -1.298836 
Averaging iterations... h=0.062500,0.000000
Done.
Final: Magnetisation = (0.554952,-0.097602), Energy = -1.215987 
<M> = (0.064414,0.008987), <E> = -0.917350 

T=1.950000	 Thermalizing iterations... 
Done.
Thermalized Magnetisation = (0.422941,0.309177), Energy = -0.945990 
Averaging iterations... h=0.062500,0.000000
Done.
Final: Magnetisation = (-0.195957,-0.102573), Energy = -1.151871 
<M> = (0.062540,0.003222), <E> = -0.941039 

T=1.900000	 Thermalizing iterations... 
Done.
Thermalized Magnetisation = (0.209155,0.066536), Energy = -1.138020 
Averaging iterations... h=0.062500,0.000000
Done.
Final: Magnetisation = (-0.107472,0.036334), Energy = -0.781583 
<M> = (0.064966,0.008974), <E> = -0.949341 

T=1.850000	 Thermalizing iterations... 
Done.
Thermalized Magnetisation = (0.163083,0.000439), Energy = -0.834846 
Averaging iterations... h=0.062500,0.000000
Done.
Final: Magnetisation = (-0.391727,0.151959), Energy = -1.158376 
<M> = (0.085300,0.004233), <E> = -0.985099 

T=1.800000	 Thermalizing iterations... 
Done.
Thermalized Magnetisation = (-0.312391,-0.051150), Energy = -1.238390 
Averaging iterations... h=0.062500,0.000000
Done.
Final: Magnetisation = (-0.449466,-0.102870), Energy = -0.972383 
<M> = (0.079962,0.006925), <E> = -0.987081 

T=1.750000	 Thermalizing iterations... 
Done.
Thermalized Magnetisation = (0.068039,-0.120970), Energy = -1.033999 
Averaging iterations... h=0.062500,0.000000
Done.
Final: Magnetisation = (-0.150448,0.295076), Energy = -0.994128 
<M> = (0.079931,-0.009553), <E> = -1.013076 

T=1.700000	 Thermalizing iterations... 
Done.
Thermalized Magnetisation = (0.337424,-0.079300), Energy = -1.083454 
Averaging iterations... h=0.062500,0.000000
Done.
Final: Magnetisation = (0.293662,-0.246488), Energy = -1.079360 
<M> = (0.078893,0.003739), <E> = -1.029239 

T=1.650000	 Thermalizing iterations... 
Done.
Thermalized Magnetisation = (-0.376838,-0.195612), Energy = -1.034255 
Averaging iterations... h=0.062500,0.000000
Done.
Final: Magnetisation = (-0.130152,0.002130), Energy = -1.134224 
<M> = (0.083780,-0.015251), <E> = -1.063467 

T=1.600000	 Thermalizing iterations... 
Done.
Thermalized Magnetisation = (0.049246,0.430656), Energy = -1.225384 
Averaging iterations... h=0.062500,0.000000
Done.
Final: Magnetisation = (0.119858,0.005593), Energy = -1.045550 
<M> = (0.087973,-0.026997), <E> = -1.081242 

T=1.550000	 Thermalizing iterations... 
Done.
Thermalized Magnetisation = (0.247936,0.535154), Energy = -1.336932 
Averaging iterations... h=0.062500,0.000000
Done.
Final: Magnetisation = (-0.146069,0.156242), Energy = -0.922948 
<M> = (0.102219,-0.008460), <E> = -1.095961 

T=1.500000	 Thermalizing iterations... 
Done.
Thermalized Magnetisation = (0.101389,0.379905), Energy = -1.138928 
Averaging iterations... h=0.062500,0.000000
Done.
Final: Magnetisation = (-0.158686,0.220470), Energy = -1.020680 
<M> = (0.109064,0.001208), <E> = -1.134222 

T=1.450000	 Thermalizing iterations... 
Done.
Thermalized Magnetisation = (0.122107,0.060663), Energy = -0.915735 
Averaging iterations... h=0.062500,0.000000
Done.
Final: Magnetisation = (0.213190,-0.550895), Energy = -1.175940 
<M> = (0.118759,0.014798), <E> = -1.148762 

T=1.400000	 Thermalizing iterations... 
Done.
Thermalized Magnetisation = (0.366891,0.153423), Energy = -1.399094 
Averaging iterations... h=0.062500,0.000000
Done.
Final: Magnetisation = (0.090549,0.007129), Energy = -1.002731 
<M> = (0.126061,-0.010995), <E> = -1.174798 

T=1.350000	 Thermalizing iterations... 
Done.
Thermalized Magnetisation = (0.155192,0.243346), Energy = -0.936600 
Averaging iterations... h=0.062500,0.000000
Done.
Final: Magnetisation = (0.397920,-0.228741), Energy = -1.380579 
<M> = (0.146898,0.005219), <E> = -1.206621 

T=1.300000	 Thermalizing iterations... 
Done.
Thermalized Magnetisation = (-0.078992,-0.491317), Energy = -1.349944 
Averaging iterations... h=0.062500,0.000000
Done.
Final: Magnetisation = (0.108011,0.348642), Energy = -1.285619 
<M> = (0.151316,0.013469), <E> = -1.234850 

T=1.250000	 Thermalizing iterations... 
Done.
Thermalized Magnetisation = (0.247402,-0.012068), Energy = -1.051788 
Averaging iterations... h=0.062500,0.000000
Done.
Final: Magnetisation = (0.307584,-0.202307), Energy = -1.166780 
<M> = (0.171558,-0.015421), <E> = -1.259129 

T=1.200000	 Thermalizing iterations... 
Done.
Thermalized Magnetisation = (0.101979,0.198151), Energy = -1.386023 
Averaging iterations... h=0.062500,0.000000
Done.
Final: Magnetisation = (-0.091347,-0.520376), Energy = -1.372570 
<M> = (0.205845,0.048072), <E> = -1.300561 

T=1.150000	 Thermalizing iterations... 
Done.
Thermalized Magnetisation = (0.536941,-0.110991), Energy = -1.212366 
Averaging iterations... h=0.062500,0.000000
Done.
Final: Magnetisation = (0.133108,-0.632990), Energy = -1.349458 
<M> = (0.206949,0.006891), <E> = -1.330178 

T=1.100000	 Thermalizing iterations... 
Done.
Thermalized Magnetisation = (0.368628,-0.362504), Energy = -1.529863 
Averaging iterations... h=0.062500,0.000000
Done.
Final: Magnetisation = (0.383001,-0.336369), Energy = -1.211344 
<M> = (0.236624,0.012858), <E> = -1.358933 

T=1.050000	 Thermalizing iterations... 
Done.
Thermalized Magnetisation = (0.098265,0.643127), Energy = -1.273108 
Averaging iterations... h=0.062500,0.000000
Done.
Final: Magnetisation = (0.247475,-0.209297), Energy = -1.270410 
<M> = (0.293173,-0.037415), <E> = -1.405105 

T=1.000000	 Thermalizing iterations... 
Done.
Thermalized Magnetisation = (0.609164,0.079764), Energy = -1.410291 
Averaging iterations... h=0.062500,0.000000
Done.
Final: Magnetisation = (0.346072,-0.069473), Energy = -1.379617 
<M> = (0.309889,0.031034), <E> = -1.440562 

T=0.950000	 Thermalizing iterations... 
Done.
Thermalized Magnetisation = (0.771970,0.024116), Energy = -1.747710 
Averaging iterations... h=0.062500,0.000000
Done.
Final: Magnetisation = (0.266898,0.356353), Energy = -1.453846 
<M> = (0.340683,0.013564), <E> = -1.486443 

T=0.900000	 Thermalizing iterations... 
Done.
Thermalized Magnetisation = (-0.284504,-0.097202), Energy = -1.229208 
Averaging iterations... h=0.062500,0.000000
Done.
Final: Magnetisation = (0.203682,0.137152), Energy = -1.464487 
<M> = (0.359437,-0.019693), <E> = -1.520380 

T=0.850000	 Thermalizing iterations... 
Done.
Thermalized Magnetisation = (0.050772,-0.114888), Energy = -1.330802 
Averaging iterations... h=0.062500,0.000000
Done.
Final: Magnetisation = (0.152072,-0.509465), Energy = -1.486243 
<M> = (0.411153,-0.018113), <E> = -1.563136 

T=0.800000	 Thermalizing iterations... 
Done.
Thermalized Magnetisation = (0.229851,-0.298712), Energy = -1.453805 
Averaging iterations... h=0.062500,0.000000
Done.
Final: Magnetisation = (0.753908,-0.153574), Energy = -1.667719 
<M> = (0.427265,0.077857), <E> = -1.607275 

T=0.750000	 Thermalizing iterations... 
Done.
Thermalized Magnetisation = (0.147004,-0.207115), Energy = -1.533096 
Averaging iterations... h=0.062500,0.000000
Done.
Final: Magnetisation = (0.779257,0.072380), Energy = -1.694242 
<M> = (0.498883,-0.141250), <E> = -1.656424 

T=0.700000	 Thermalizing iterations... 
Done.
Thermalized Magnetisation = (0.463074,0.239745), Energy = -1.666578 
Averaging iterations... h=0.062500,0.000000
Done.
Final: Magnetisation = (0.519745,0.599218), Energy = -1.685929 
<M> = (0.512389,-0.004001), <E> = -1.686116 

T=0.650000	 Thermalizing iterations... 
Done.
Thermalized Magnetisation = (0.384755,-0.685403), Energy = -1.773982 
Averaging iterations... h=0.062500,0.000000
Done.
Final: Magnetisation = (-0.119631,-0.589647), Energy = -1.615968 
<M> = (0.583402,0.034711), <E> = -1.733228 

T=0.600000	 Thermalizing iterations... 
Done.
Thermalized Magnetisation = (0.774839,-0.076303), Energy = -1.861434 
Averaging iterations... h=0.062500,0.000000
Done.
Final: Magnetisation = (0.880017,-0.108476), Energy = -1.797542 
<M> = (0.633539,0.038673), <E> = -1.766522 

T=0.550000	 Thermalizing iterations... 
Done.
Thermalized Magnetisation = (0.544643,0.646678), Energy = -1.864931 
Averaging iterations... h=0.062500,0.000000
Done.
Final: Magnetisation = (0.555285,-0.667097), Energy = -1.880276 
<M> = (0.616071,-0.064417), <E> = -1.798515 

T=0.500000	 Thermalizing iterations... 
Done.
Thermalized Magnetisation = (0.630634,-0.397942), Energy = -1.803384 
Averaging iterations... h=0.062500,0.000000
Done.
Final: Magnetisation = (0.698742,0.208196), Energy = -1.848516 
<M> = (0.658201,-0.111417), <E> = -1.830612 

T=0.450000	 Thermalizing iterations... 
Done.
Thermalized Magnetisation = (0.745189,-0.256453), Energy = -1.791687 
Averaging iterations... h=0.062500,0.000000
Done.
Final: Magnetisation = (0.788114,-0.445710), Energy = -1.817545 
<M> = (0.698334,0.158443), <E> = -1.861900 

T=0.400000	 Thermalizing iterations... 
Done.
Thermalized Magnetisation = (0.787011,0.151326), Energy = -1.944495 
Averaging iterations... h=0.062500,0.000000
Done.
Final: Magnetisation = (0.875313,0.326784), Energy = -1.903800 
<M> = (0.635166,-0.263181), <E> = -1.885560 

T=0.350000	 Thermalizing iterations... 
Done.
Thermalized Magnetisation = (0.691426,0.520202), Energy = -1.905823 
Averaging iterations... h=0.062500,0.000000
Done.
Final: Magnetisation = (0.852397,0.201528), Energy = -1.917253 
<M> = (0.703556,0.011817), <E> = -1.918523 

T=0.300000	 Thermalizing iterations... 
Done.
Thermalized Magnetisation = (0.848627,0.108658), Energy = -1.916208 
Averaging iterations... h=0.062500,0.000000
Done.
Final: Magnetisation = (0.576315,0.728499), Energy = -1.965302 
<M> = (0.746788,0.244830), <E> = -1.943996 

T=0.250000	 Thermalizing iterations... 
Done.
Thermalized Magnetisation = (0.894173,-0.052006), Energy = -1.965526 
Averaging iterations... h=0.062500,0.000000
Done.
Final: Magnetisation = (0.878851,-0.341676), Energy = -1.987288 
<M> = (0.751963,-0.415830), <E> = -1.971580 

T=0.200000	 Thermalizing iterations... 
Done.
Thermalized Magnetisation = (0.878343,-0.180401), Energy = -2.004866 
Averaging iterations... h=0.062500,0.000000
Done.
Final: Magnetisation = (0.785982,0.330738), Energy = -1.997172 
<M> = (0.788514,-0.035034), <E> = -1.997937 

T=0.150000	 Thermalizing iterations... 
Done.
Thermalized Magnetisation = (0.715408,0.558855), Energy = -2.028114 
Averaging iterations... h=0.062500,0.000000
Done.
Final: Magnetisation = (0.818546,-0.309062), Energy = -2.000699 
<M> = (0.810810,0.323314), <E> = -2.021068 

T=0.100000	 Thermalizing iterations... 
Done.
Thermalized Magnetisation = (0.683038,0.609182), Energy = -2.053609 
Averaging iterations... h=0.062500,0.000000
Done.
Final: Magnetisation = (0.771319,0.533294), Energy = -2.065459 
<M> = (0.856651,0.117511), <E> = -2.046840 

T=0.050000	 Thermalizing iterations... 
Done.
Thermalized Magnetisation = (0.690266,0.659424), Energy = -2.069953 
Averaging iterations... h=0.062500,0.000000
Done.
Final: Magnetisation = (0.792398,0.545575), Energy = -2.078248 
<M> = (0.784215,0.525409), <E> = -2.073052 
Final Magnetisation = (0.792398,0.545575), Energy = -2.078248 
------------------------

Updating all (first)black/(then)white checkerboard sites simultaneously.. 

ztne RFXY h rotating with |h|=0.062500 at T=0.000000..
loop 1

loop 2

Cooling protocol time (from T=2.000000 to T=0.000000) = 57.580682 

CPU Time elapsed total = 57.609905 
All done - 58 seconds elapsed.
