+ cd /home/sbasak/Exercises/OpenMP/XY_code/Z2/rotating_field/trial/config/config_24
+ export OMP_NUM_THREADS=28
+ OMP_NUM_THREADS=28
+ ./a_16.out
nearest neighbor initialized. 
h loaded. 
J loaded. 
L = 128, dim_L = 2, dim_S = 2
hysteresis_MCS_multiplier = 10, hysteresis_MCS_max = 100
RAND_MAX = 2147483647.000000,
 sizeof(int) = 4,
 sizeof(long) = 8,
 sizeof(double) = 8,
 sizeof(long int) = 8,
 sizeof(short int) = 2,
 sizeof(unsigned int) = 4,
 sizeof(RAND_MAX) = 4
No. of THREADS = 28
No. of PROCESSORS = 28

0.060252,0.020381
order = ({1.000000-->-1.000000,0.000000}, 0, 1)
Initial Magnetisation = (0.060252,0.020381), Energy = 0.023453 
Cooling... 
T=2.000000	 Thermalizing iterations... 
Done.
Thermalized Magnetisation = (0.013478,-0.016414), Energy = -0.572988 
Averaging iterations... h=0.031250,0.000000
Done.
Final: Magnetisation = (0.025393,-0.035419), Energy = -0.582033 
<M> = (0.028312,0.000073), <E> = -0.609085 

T=1.990000	 Thermalizing iterations... 
Done.
Thermalized Magnetisation = (0.007256,0.028433), Energy = -0.625539 
Averaging iterations... h=0.031250,0.000000
Done.
Final: Magnetisation = (-0.003414,0.005729), Energy = -0.642790 
<M> = (0.030359,-0.002052), <E> = -0.613624 

T=1.980000	 Thermalizing iterations... 
Done.
Thermalized Magnetisation = (0.014608,0.004750), Energy = -0.632618 
Averaging iterations... h=0.031250,0.000000
Done.
Final: Magnetisation = (0.046445,0.006271), Energy = -0.618521 
<M> = (0.029445,-0.001151), <E> = -0.617833 

T=1.970000	 Thermalizing iterations... 
Done.
Thermalized Magnetisation = (0.008463,0.039372), Energy = -0.635230 
Averaging iterations... h=0.031250,0.000000
Done.
Final: Magnetisation = (0.014412,-0.051374), Energy = -0.608838 
<M> = (0.030592,-0.002052), <E> = -0.621625 

T=1.960000	 Thermalizing iterations... 
Done.
Thermalized Magnetisation = (0.024871,-0.022439), Energy = -0.664816 
Averaging iterations... h=0.031250,0.000000
Done.
Final: Magnetisation = (0.030878,-0.001316), Energy = -0.637003 
<M> = (0.031473,-0.000672), <E> = -0.624752 

T=1.950000	 Thermalizing iterations... 
Done.
Thermalized Magnetisation = (0.022701,-0.004660), Energy = -0.633946 
Averaging iterations... h=0.031250,0.000000
Done.
Final: Magnetisation = (0.089100,0.003033), Energy = -0.645001 
<M> = (0.032993,-0.000146), <E> = -0.628158 

T=1.940000	 Thermalizing iterations... 
Done.
Thermalized Magnetisation = (0.080536,-0.024674), Energy = -0.619950 
Averaging iterations... h=0.031250,0.000000
Done.
Final: Magnetisation = (0.060052,0.021252), Energy = -0.613674 
<M> = (0.031553,0.000104), <E> = -0.631581 

T=1.930000	 Thermalizing iterations... 
Done.
Thermalized Magnetisation = (0.036258,0.004160), Energy = -0.636915 
Averaging iterations... h=0.031250,0.000000
Done.
Final: Magnetisation = (-0.042491,0.030070), Energy = -0.613823 
<M> = (0.031334,0.000503), <E> = -0.634639 

T=1.920000	 Thermalizing iterations... 
Done.
Thermalized Magnetisation = (0.011382,0.031498), Energy = -0.660102 
Averaging iterations... h=0.031250,0.000000
Done.
Final: Magnetisation = (0.024576,-0.013033), Energy = -0.642902 
<M> = (0.032568,-0.001676), <E> = -0.639322 

T=1.910000	 Thermalizing iterations... 
Done.
Thermalized Magnetisation = (-0.000188,0.020496), Energy = -0.640811 
Averaging iterations... h=0.031250,0.000000
Done.
Final: Magnetisation = (0.004001,-0.000410), Energy = -0.679959 
<M> = (0.033102,-0.001257), <E> = -0.643445 

T=1.900000	 Thermalizing iterations... 
Done.
Thermalized Magnetisation = (0.094303,0.089595), Energy = -0.660844 
Averaging iterations... h=0.031250,0.000000
Done.
Final: Magnetisation = (-0.022569,-0.001017), Energy = -0.625744 
<M> = (0.033724,-0.002839), <E> = -0.647673 

T=1.890000	 Thermalizing iterations... 
Done.
Thermalized Magnetisation = (-0.018241,0.012729), Energy = -0.661749 
Averaging iterations... h=0.031250,0.000000
Done.
Final: Magnetisation = (0.002771,0.020498), Energy = -0.643620 
<M> = (0.034394,-0.002542), <E> = -0.651789 

T=1.880000	 Thermalizing iterations... 
Done.
Thermalized Magnetisation = (0.048887,-0.037884), Energy = -0.652455 
Averaging iterations... h=0.031250,0.000000
Done.
Final: Magnetisation = (-0.014280,0.008597), Energy = -0.673413 
<M> = (0.035806,-0.001293), <E> = -0.655800 

T=1.870000	 Thermalizing iterations... 
Done.
Thermalized Magnetisation = (0.012344,0.018229), Energy = -0.651066 
Averaging iterations... h=0.031250,0.000000
Done.
Final: Magnetisation = (0.064925,0.010754), Energy = -0.663122 
<M> = (0.035121,0.002220), <E> = -0.659069 

T=1.860000	 Thermalizing iterations... 
Done.
Thermalized Magnetisation = (-0.001529,0.037611), Energy = -0.634434 
Averaging iterations... h=0.031250,0.000000
Done.
Final: Magnetisation = (0.060958,-0.025837), Energy = -0.655198 
<M> = (0.035104,-0.000566), <E> = -0.663194 

T=1.850000	 Thermalizing iterations... 
Done.
Thermalized Magnetisation = (0.030500,0.059619), Energy = -0.657562 
Averaging iterations... h=0.031250,0.000000
Done.
Final: Magnetisation = (0.052597,-0.016398), Energy = -0.699568 
<M> = (0.035594,-0.000460), <E> = -0.667371 

T=1.840000	 Thermalizing iterations... 
Done.
Thermalized Magnetisation = (0.030136,0.017398), Energy = -0.657958 
Averaging iterations... h=0.031250,0.000000
Done.
Final: Magnetisation = (0.057907,-0.014766), Energy = -0.699800 
<M> = (0.037584,-0.001655), <E> = -0.672184 

T=1.830000	 Thermalizing iterations... 
Done.
Thermalized Magnetisation = (0.110497,0.001005), Energy = -0.660496 
Averaging iterations... h=0.031250,0.000000
Done.
Final: Magnetisation = (0.054359,0.046157), Energy = -0.655782 
<M> = (0.036976,-0.002731), <E> = -0.676720 

T=1.820000	 Thermalizing iterations... 
Done.
Thermalized Magnetisation = (0.042287,0.036288), Energy = -0.673163 
Averaging iterations... h=0.031250,0.000000
Done.
Final: Magnetisation = (0.076416,-0.049166), Energy = -0.685831 
<M> = (0.038467,-0.002309), <E> = -0.681808 

T=1.810000	 Thermalizing iterations... 
Done.
Thermalized Magnetisation = (0.031831,0.027027), Energy = -0.687333 
Averaging iterations... h=0.031250,0.000000
Done.
Final: Magnetisation = (0.033348,0.046086), Energy = -0.650278 
<M> = (0.041071,-0.001611), <E> = -0.685455 

T=1.800000	 Thermalizing iterations... 
Done.
Thermalized Magnetisation = (-0.000025,-0.004923), Energy = -0.672513 
Averaging iterations... h=0.031250,0.000000
Done.
Final: Magnetisation = (0.045540,0.020803), Energy = -0.711844 
<M> = (0.040898,-0.000053), <E> = -0.689461 

T=1.790000	 Thermalizing iterations... 
Done.
Thermalized Magnetisation = (0.050931,-0.052381), Energy = -0.696249 
Averaging iterations... h=0.031250,0.000000
Done.
Final: Magnetisation = (-0.011441,-0.067548), Energy = -0.694388 
<M> = (0.039669,-0.000221), <E> = -0.693874 

T=1.780000	 Thermalizing iterations... 
Done.
Thermalized Magnetisation = (0.042208,-0.020881), Energy = -0.706365 
Averaging iterations... h=0.031250,0.000000
Done.
Final: Magnetisation = (0.050373,0.013571), Energy = -0.695254 
<M> = (0.039671,0.000767), <E> = -0.698152 

T=1.770000	 Thermalizing iterations... 
Done.
Thermalized Magnetisation = (0.060631,0.033456), Energy = -0.716894 
Averaging iterations... h=0.031250,0.000000
Done.
Final: Magnetisation = (0.039953,0.078073), Energy = -0.698761 
<M> = (0.041958,-0.003340), <E> = -0.703510 

T=1.760000	 Thermalizing iterations... 
Done.
Thermalized Magnetisation = (0.050185,0.012064), Energy = -0.762430 
Averaging iterations... h=0.031250,0.000000
Done.
Final: Magnetisation = (0.102683,-0.042406), Energy = -0.719437 
<M> = (0.042367,-0.001493), <E> = -0.708813 

T=1.750000	 Thermalizing iterations... 
Done.
Thermalized Magnetisation = (0.005044,0.016433), Energy = -0.722418 
Averaging iterations... h=0.031250,0.000000
Done.
Final: Magnetisation = (0.098054,-0.007772), Energy = -0.674677 
<M> = (0.042150,-0.003131), <E> = -0.713854 

T=1.740000	 Thermalizing iterations... 
Done.
Thermalized Magnetisation = (0.075292,0.025907), Energy = -0.703965 
Averaging iterations... h=0.031250,0.000000
Done.
Final: Magnetisation = (0.042855,-0.042622), Energy = -0.721939 
<M> = (0.044255,-0.002424), <E> = -0.718754 

T=1.730000	 Thermalizing iterations... 
Done.
Thermalized Magnetisation = (0.082015,-0.035060), Energy = -0.725218 
Averaging iterations... h=0.031250,0.000000
Done.
Final: Magnetisation = (-0.006028,-0.056077), Energy = -0.721819 
<M> = (0.046444,-0.000408), <E> = -0.723118 

T=1.720000	 Thermalizing iterations... 
Done.
Thermalized Magnetisation = (0.045798,-0.061014), Energy = -0.738997 
Averaging iterations... h=0.031250,0.000000
Done.
Final: Magnetisation = (0.046518,0.036104), Energy = -0.731377 
<M> = (0.044536,0.000667), <E> = -0.727240 

T=1.710000	 Thermalizing iterations... 
Done.
Thermalized Magnetisation = (0.063157,-0.075584), Energy = -0.772358 
Averaging iterations... h=0.031250,0.000000
Done.
Final: Magnetisation = (0.066951,-0.025986), Energy = -0.733142 
<M> = (0.046122,-0.000269), <E> = -0.732151 

T=1.700000	 Thermalizing iterations... 
Done.
Thermalized Magnetisation = (0.063833,0.001478), Energy = -0.734726 
Averaging iterations... h=0.031250,0.000000
Done.
Final: Magnetisation = (0.051391,0.017378), Energy = -0.737385 
<M> = (0.047230,-0.000687), <E> = -0.737937 

T=1.690000	 Thermalizing iterations... 
Done.
Thermalized Magnetisation = (-0.024815,0.022097), Energy = -0.757826 
Averaging iterations... h=0.031250,0.000000
Done.
Final: Magnetisation = (0.050670,-0.074937), Energy = -0.740632 
<M> = (0.048155,-0.000890), <E> = -0.743504 

T=1.680000	 Thermalizing iterations... 
Done.
Thermalized Magnetisation = (0.015965,-0.026737), Energy = -0.746199 
Averaging iterations... h=0.031250,0.000000
Done.
Final: Magnetisation = (0.030077,-0.112144), Energy = -0.742961 
<M> = (0.048833,-0.003905), <E> = -0.749394 

T=1.670000	 Thermalizing iterations... 
Done.
Thermalized Magnetisation = (0.004012,0.021820), Energy = -0.750136 
Averaging iterations... h=0.031250,0.000000
Done.
Final: Magnetisation = (0.061197,-0.069233), Energy = -0.788762 
<M> = (0.050300,-0.001108), <E> = -0.754901 

T=1.660000	 Thermalizing iterations... 
Done.
Thermalized Magnetisation = (-0.008034,0.002266), Energy = -0.750841 
Averaging iterations... h=0.031250,0.000000
Done.
Final: Magnetisation = (0.072747,-0.039016), Energy = -0.772898 
<M> = (0.051931,-0.001142), <E> = -0.760024 

T=1.650000	 Thermalizing iterations... 
Done.
Thermalized Magnetisation = (0.035866,-0.034813), Energy = -0.754564 
Averaging iterations... h=0.031250,0.000000
Done.
Final: Magnetisation = (-0.006704,0.053446), Energy = -0.782186 
<M> = (0.053518,0.001926), <E> = -0.764844 

T=1.640000	 Thermalizing iterations... 
Done.
Thermalized Magnetisation = (0.081577,0.064287), Energy = -0.801095 
Averaging iterations... h=0.031250,0.000000
Done.
Final: Magnetisation = (0.098904,-0.046248), Energy = -0.768467 
<M> = (0.053334,0.000989), <E> = -0.770528 

T=1.630000	 Thermalizing iterations... 
Done.
Thermalized Magnetisation = (0.054341,0.008873), Energy = -0.797994 
Averaging iterations... h=0.031250,0.000000
Done.
Final: Magnetisation = (0.075065,0.011006), Energy = -0.729908 
<M> = (0.054119,0.000797), <E> = -0.775753 

T=1.620000	 Thermalizing iterations... 
Done.
Thermalized Magnetisation = (0.057419,-0.092883), Energy = -0.774498 
Averaging iterations... h=0.031250,0.000000
Done.
Final: Magnetisation = (0.115722,-0.036049), Energy = -0.784239 
<M> = (0.055722,-0.000987), <E> = -0.782282 

T=1.610000	 Thermalizing iterations... 
Done.
Thermalized Magnetisation = (0.066101,0.012769), Energy = -0.821435 
Averaging iterations... h=0.031250,0.000000
Done.
Final: Magnetisation = (0.064323,0.071907), Energy = -0.809893 
<M> = (0.056313,-0.003251), <E> = -0.788308 

T=1.600000	 Thermalizing iterations... 
Done.
Thermalized Magnetisation = (0.052169,-0.025040), Energy = -0.816049 
Averaging iterations... h=0.031250,0.000000
Done.
Final: Magnetisation = (0.019585,-0.018751), Energy = -0.770816 
<M> = (0.056997,-0.004351), <E> = -0.795192 

T=1.590000	 Thermalizing iterations... 
Done.
Thermalized Magnetisation = (0.027075,0.015016), Energy = -0.757881 
Averaging iterations... h=0.031250,0.000000
Done.
Final: Magnetisation = (-0.046122,0.018585), Energy = -0.774056 
<M> = (0.058851,-0.002197), <E> = -0.801093 

T=1.580000	 Thermalizing iterations... 
Done.
Thermalized Magnetisation = (0.058072,0.028320), Energy = -0.785674 
Averaging iterations... h=0.031250,0.000000
Done.
Final: Magnetisation = (0.049908,-0.040876), Energy = -0.870421 
<M> = (0.061572,0.000706), <E> = -0.806795 

T=1.570000	 Thermalizing iterations... 
Done.
Thermalized Magnetisation = (0.067492,0.050608), Energy = -0.831712 
Averaging iterations... h=0.031250,0.000000
Done.
Final: Magnetisation = (0.061212,0.010709), Energy = -0.811083 
<M> = (0.062561,0.000493), <E> = -0.812294 

T=1.560000	 Thermalizing iterations... 
Done.
Thermalized Magnetisation = (0.094639,-0.063857), Energy = -0.862034 
Averaging iterations... h=0.031250,0.000000
Done.
Final: Magnetisation = (0.008347,-0.003911), Energy = -0.788592 
<M> = (0.062990,0.001132), <E> = -0.818041 

T=1.550000	 Thermalizing iterations... 
Done.
Thermalized Magnetisation = (0.006100,-0.005341), Energy = -0.768984 
Averaging iterations... h=0.031250,0.000000
Done.
Final: Magnetisation = (0.036600,0.024334), Energy = -0.796418 
<M> = (0.064613,-0.001088), <E> = -0.825189 

T=1.540000	 Thermalizing iterations... 
Done.
Thermalized Magnetisation = (0.074280,0.066756), Energy = -0.821791 
Averaging iterations... h=0.031250,0.000000
Done.
Final: Magnetisation = (0.053500,-0.066135), Energy = -0.842564 
<M> = (0.066896,-0.000767), <E> = -0.832332 

T=1.530000	 Thermalizing iterations... 
Done.
Thermalized Magnetisation = (0.119780,0.027114), Energy = -0.874702 
Averaging iterations... h=0.031250,0.000000
Done.
Final: Magnetisation = (0.086615,0.022575), Energy = -0.850429 
<M> = (0.067355,-0.004385), <E> = -0.839472 

T=1.520000	 Thermalizing iterations... 
Done.
Thermalized Magnetisation = (0.107222,0.076167), Energy = -0.855123 
Averaging iterations... h=0.031250,0.000000
Done.
Final: Magnetisation = (0.051147,-0.037591), Energy = -0.837370 
<M> = (0.069283,-0.003585), <E> = -0.846012 

T=1.510000	 Thermalizing iterations... 
Done.
Thermalized Magnetisation = (0.084831,-0.019702), Energy = -0.908628 
Averaging iterations... h=0.031250,0.000000
Done.
Final: Magnetisation = (0.062309,0.009129), Energy = -0.851739 
<M> = (0.074182,-0.000203), <E> = -0.852814 

T=1.500000	 Thermalizing iterations... 
Done.
Thermalized Magnetisation = (0.110453,-0.095869), Energy = -0.880430 
Averaging iterations... h=0.031250,0.000000
Done.
Final: Magnetisation = (0.022691,-0.071848), Energy = -0.838568 
<M> = (0.074228,0.002143), <E> = -0.859179 

T=1.490000	 Thermalizing iterations... 
Done.
Thermalized Magnetisation = (0.076028,0.008545), Energy = -0.836225 
Averaging iterations... h=0.031250,0.000000
Done.
Final: Magnetisation = (0.050274,0.085103), Energy = -0.846679 
<M> = (0.073499,0.002230), <E> = -0.865493 

T=1.480000	 Thermalizing iterations... 
Done.
Thermalized Magnetisation = (0.100983,-0.028860), Energy = -0.852707 
Averaging iterations... h=0.031250,0.000000
Done.
Final: Magnetisation = (0.104126,-0.050846), Energy = -0.853387 
<M> = (0.075185,0.002039), <E> = -0.873062 

T=1.470000	 Thermalizing iterations... 
Done.
Thermalized Magnetisation = (0.112774,-0.021508), Energy = -0.910849 
Averaging iterations... h=0.031250,0.000000
Done.
Final: Magnetisation = (0.116366,-0.021808), Energy = -0.894725 
<M> = (0.079398,-0.000552), <E> = -0.881496 

T=1.460000	 Thermalizing iterations... 
Done.
Thermalized Magnetisation = (0.076234,0.042574), Energy = -0.885934 
Averaging iterations... h=0.031250,0.000000
Done.
Final: Magnetisation = (0.080789,-0.012030), Energy = -0.864194 
<M> = (0.080103,-0.002064), <E> = -0.888936 

T=1.450000	 Thermalizing iterations... 
Done.
Thermalized Magnetisation = (0.105207,0.040833), Energy = -0.900101 
Averaging iterations... h=0.031250,0.000000
Done.
Final: Magnetisation = (0.022561,-0.034757), Energy = -0.894991 
<M> = (0.083184,-0.008113), <E> = -0.897368 

T=1.440000	 Thermalizing iterations... 
Done.
Thermalized Magnetisation = (0.128045,-0.047204), Energy = -0.921423 
Averaging iterations... h=0.031250,0.000000
Done.
Final: Magnetisation = (0.109823,-0.005631), Energy = -0.927440 
<M> = (0.085407,-0.002474), <E> = -0.904521 

T=1.430000	 Thermalizing iterations... 
Done.
Thermalized Magnetisation = (0.054453,-0.055456), Energy = -0.920577 
Averaging iterations... h=0.031250,0.000000
Done.
Final: Magnetisation = (0.052466,0.029205), Energy = -0.914543 
<M> = (0.089074,0.000487), <E> = -0.911469 

T=1.420000	 Thermalizing iterations... 
Done.
Thermalized Magnetisation = (0.184777,0.051350), Energy = -0.934978 
Averaging iterations... h=0.031250,0.000000
Done.
Final: Magnetisation = (0.086309,-0.058509), Energy = -0.900383 
<M> = (0.089969,0.001062), <E> = -0.918690 

T=1.410000	 Thermalizing iterations... 
Done.
Thermalized Magnetisation = (0.078294,0.021458), Energy = -0.947866 
Averaging iterations... h=0.031250,0.000000
Done.
Final: Magnetisation = (0.059613,0.000982), Energy = -0.964890 
<M> = (0.090969,0.005400), <E> = -0.926388 

T=1.400000	 Thermalizing iterations... 
Done.
Thermalized Magnetisation = (0.107040,-0.033453), Energy = -0.913957 
Averaging iterations... h=0.031250,0.000000
Done.
Final: Magnetisation = (0.118753,0.088058), Energy = -0.897054 
<M> = (0.094811,-0.004248), <E> = -0.936012 

T=1.390000	 Thermalizing iterations... 
Done.
Thermalized Magnetisation = (0.052445,-0.016019), Energy = -0.960439 
Averaging iterations... h=0.031250,0.000000
Done.
Final: Magnetisation = (0.124195,0.014704), Energy = -0.968668 
<M> = (0.096354,-0.003503), <E> = -0.944635 

T=1.380000	 Thermalizing iterations... 
Done.
Thermalized Magnetisation = (0.089997,-0.046247), Energy = -0.954524 
Averaging iterations... h=0.031250,0.000000
Done.
Final: Magnetisation = (0.121167,-0.063850), Energy = -0.906064 
<M> = (0.097335,-0.009064), <E> = -0.953433 

T=1.370000	 Thermalizing iterations... 
Done.
Thermalized Magnetisation = (0.049215,-0.019585), Energy = -0.928561 
Averaging iterations... h=0.031250,0.000000
Done.
Final: Magnetisation = (0.062205,-0.007866), Energy = -0.910653 
<M> = (0.102732,-0.006377), <E> = -0.961153 

T=1.360000	 Thermalizing iterations... 
Done.
Thermalized Magnetisation = (0.093545,0.043492), Energy = -0.982861 
Averaging iterations... h=0.031250,0.000000
Done.
Final: Magnetisation = (0.161702,0.110170), Energy = -1.007297 
<M> = (0.107842,-0.002319), <E> = -0.969782 

T=1.350000	 Thermalizing iterations... 
Done.
Thermalized Magnetisation = (0.141423,0.107109), Energy = -0.982884 
Averaging iterations... h=0.031250,0.000000
Done.
Final: Magnetisation = (0.057528,0.105175), Energy = -0.960278 
<M> = (0.111197,0.006902), <E> = -0.978097 

T=1.340000	 Thermalizing iterations... 
Done.
Thermalized Magnetisation = (0.200171,0.025369), Energy = -1.049615 
Averaging iterations... h=0.031250,0.000000
Done.
Final: Magnetisation = (0.149528,-0.013767), Energy = -1.011723 
<M> = (0.110265,0.002821), <E> = -0.986779 

T=1.330000	 Thermalizing iterations... 
Done.
Thermalized Magnetisation = (0.175217,0.016679), Energy = -1.017464 
Averaging iterations... h=0.031250,0.000000
Done.
Final: Magnetisation = (0.134677,-0.086029), Energy = -1.003348 
<M> = (0.111729,0.001093), <E> = -0.996417 

T=1.320000	 Thermalizing iterations... 
Done.
Thermalized Magnetisation = (0.152594,0.007282), Energy = -1.015511 
Averaging iterations... h=0.031250,0.000000
Done.
Final: Magnetisation = (0.062041,-0.023862), Energy = -0.971690 
<M> = (0.120673,-0.005022), <E> = -1.006162 

T=1.310000	 Thermalizing iterations... 
Done.
Thermalized Magnetisation = (0.183509,-0.053900), Energy = -1.049996 
Averaging iterations... h=0.031250,0.000000
Done.
Final: Magnetisation = (0.055979,0.044863), Energy = -1.039748 
<M> = (0.121881,-0.009843), <E> = -1.017195 

T=1.300000	 Thermalizing iterations... 
Done.
Thermalized Magnetisation = (0.092488,-0.012211), Energy = -1.006159 
Averaging iterations... h=0.031250,0.000000
Done.
Final: Magnetisation = (0.161070,0.039808), Energy = -1.065139 
<M> = (0.124089,-0.007531), <E> = -1.026172 

T=1.290000	 Thermalizing iterations... 
Done.
Thermalized Magnetisation = (0.116388,0.002059), Energy = -1.011606 
Averaging iterations... h=0.031250,0.000000
Done.
Final: Magnetisation = (0.159311,-0.073613), Energy = -1.033086 
<M> = (0.132154,-0.008442), <E> = -1.037256 

T=1.280000	 Thermalizing iterations... 
Done.
Thermalized Magnetisation = (0.130196,0.033145), Energy = -1.065975 
Averaging iterations... h=0.031250,0.000000
Done.
Final: Magnetisation = (0.137355,-0.010780), Energy = -1.043712 
<M> = (0.134887,-0.002809), <E> = -1.044814 

T=1.270000	 Thermalizing iterations... 
Done.
Thermalized Magnetisation = (0.085001,0.026372), Energy = -1.043640 
Averaging iterations... h=0.031250,0.000000
Done.
Final: Magnetisation = (0.086404,-0.014913), Energy = -1.037499 
<M> = (0.135565,0.001816), <E> = -1.054305 

T=1.260000	 Thermalizing iterations... 
Done.
Thermalized Magnetisation = (0.065747,0.031272), Energy = -1.055095 
Averaging iterations... h=0.031250,0.000000
Done.
Final: Magnetisation = (0.098352,-0.015713), Energy = -1.052708 
<M> = (0.139244,0.008104), <E> = -1.064225 

T=1.250000	 Thermalizing iterations... 
Done.
Thermalized Magnetisation = (0.095745,-0.093221), Energy = -1.124440 
Averaging iterations... h=0.031250,0.000000
Done.
Final: Magnetisation = (0.111695,0.064164), Energy = -1.060990 
<M> = (0.145898,-0.006313), <E> = -1.076173 

T=1.240000	 Thermalizing iterations... 
Done.
Thermalized Magnetisation = (0.177349,-0.006366), Energy = -1.113458 
Averaging iterations... h=0.031250,0.000000
Done.
Final: Magnetisation = (0.076776,-0.007862), Energy = -1.060731 
<M> = (0.151146,-0.000175), <E> = -1.086813 

T=1.230000	 Thermalizing iterations... 
Done.
Thermalized Magnetisation = (0.151349,0.099195), Energy = -1.108368 
Averaging iterations... h=0.031250,0.000000
Done.
Final: Magnetisation = (0.114861,-0.082083), Energy = -1.039543 
<M> = (0.152946,-0.012023), <E> = -1.098005 

T=1.220000	 Thermalizing iterations... 
Done.
Thermalized Magnetisation = (0.164400,-0.021230), Energy = -1.093565 
Averaging iterations... h=0.031250,0.000000
Done.
Final: Magnetisation = (0.148670,-0.055224), Energy = -1.103330 
<M> = (0.157243,-0.007333), <E> = -1.106928 

T=1.210000	 Thermalizing iterations... 
Done.
Thermalized Magnetisation = (0.161642,0.055500), Energy = -1.076745 
Averaging iterations... h=0.031250,0.000000
Done.
Final: Magnetisation = (0.154532,-0.025128), Energy = -1.138781 
<M> = (0.167741,-0.007778), <E> = -1.118146 

T=1.200000	 Thermalizing iterations... 
Done.
Thermalized Magnetisation = (0.293954,-0.057841), Energy = -1.134180 
Averaging iterations... h=0.031250,0.000000
Done.
Final: Magnetisation = (0.153617,0.059719), Energy = -1.135098 
<M> = (0.169442,0.009290), <E> = -1.128618 

T=1.190000	 Thermalizing iterations... 
Done.
Thermalized Magnetisation = (0.207780,0.046158), Energy = -1.111381 
Averaging iterations... h=0.031250,0.000000
Done.
Final: Magnetisation = (0.152236,-0.092612), Energy = -1.143092 
<M> = (0.175855,0.005431), <E> = -1.139632 

T=1.180000	 Thermalizing iterations... 
Done.
Thermalized Magnetisation = (0.171352,-0.084948), Energy = -1.146161 
Averaging iterations... h=0.031250,0.000000
Done.
Final: Magnetisation = (0.188156,0.009108), Energy = -1.131266 
<M> = (0.180750,-0.005522), <E> = -1.151282 

T=1.170000	 Thermalizing iterations... 
Done.
Thermalized Magnetisation = (0.119813,0.088193), Energy = -1.174673 
Averaging iterations... h=0.031250,0.000000
Done.
Final: Magnetisation = (0.138233,0.203533), Energy = -1.166682 
<M> = (0.188921,0.001091), <E> = -1.163069 

T=1.160000	 Thermalizing iterations... 
Done.
Thermalized Magnetisation = (0.223728,-0.128599), Energy = -1.199870 
Averaging iterations... h=0.031250,0.000000
Done.
Final: Magnetisation = (0.161992,-0.077846), Energy = -1.180364 
<M> = (0.191258,-0.018259), <E> = -1.176113 

T=1.150000	 Thermalizing iterations... 
Done.
Thermalized Magnetisation = (0.168169,-0.084353), Energy = -1.219768 
Averaging iterations... h=0.031250,0.000000
Done.
Final: Magnetisation = (0.184328,0.036482), Energy = -1.176312 
<M> = (0.199244,-0.011024), <E> = -1.187986 

T=1.140000	 Thermalizing iterations... 
Done.
Thermalized Magnetisation = (0.119503,-0.090993), Energy = -1.182365 
Averaging iterations... h=0.031250,0.000000
Done.
Final: Magnetisation = (0.258541,-0.084880), Energy = -1.195767 
<M> = (0.206734,-0.011624), <E> = -1.198826 

T=1.130000	 Thermalizing iterations... 
Done.
Thermalized Magnetisation = (0.137720,0.047903), Energy = -1.181753 
Averaging iterations... h=0.031250,0.000000
Done.
Final: Magnetisation = (0.202483,0.095865), Energy = -1.208678 
<M> = (0.214075,0.008201), <E> = -1.209757 

T=1.120000	 Thermalizing iterations... 
Done.
Thermalized Magnetisation = (0.245334,0.028996), Energy = -1.209278 
Averaging iterations... h=0.031250,0.000000
Done.
Final: Magnetisation = (0.171926,-0.136821), Energy = -1.224491 
<M> = (0.219186,0.013403), <E> = -1.221672 

T=1.110000	 Thermalizing iterations... 
Done.
Thermalized Magnetisation = (0.284475,0.013786), Energy = -1.217352 
Averaging iterations... h=0.031250,0.000000
Done.
Final: Magnetisation = (0.268917,0.086958), Energy = -1.227849 
<M> = (0.225664,0.023497), <E> = -1.232089 

T=1.100000	 Thermalizing iterations... 
Done.
Thermalized Magnetisation = (0.197244,-0.169223), Energy = -1.263579 
Averaging iterations... h=0.031250,0.000000
Done.
Final: Magnetisation = (0.212400,-0.036850), Energy = -1.251064 
<M> = (0.230455,0.001958), <E> = -1.245792 

T=1.090000	 Thermalizing iterations... 
Done.
Thermalized Magnetisation = (0.208266,-0.072377), Energy = -1.258462 
Averaging iterations... h=0.031250,0.000000
Done.
Final: Magnetisation = (0.143864,0.028656), Energy = -1.255833 
<M> = (0.235815,-0.026497), <E> = -1.258233 

T=1.080000	 Thermalizing iterations... 
Done.
Thermalized Magnetisation = (0.232516,-0.043885), Energy = -1.268165 
Averaging iterations... h=0.031250,0.000000
Done.
Final: Magnetisation = (0.273522,0.116484), Energy = -1.272526 
<M> = (0.238923,-0.054927), <E> = -1.270204 

T=1.070000	 Thermalizing iterations... 
Done.
Thermalized Magnetisation = (0.226897,0.173012), Energy = -1.282923 
Averaging iterations... h=0.031250,0.000000
Done.
Final: Magnetisation = (0.256983,0.103657), Energy = -1.265880 
<M> = (0.242956,-0.054339), <E> = -1.284287 

T=1.060000	 Thermalizing iterations... 
Done.
Thermalized Magnetisation = (0.249397,0.064954), Energy = -1.308370 
Averaging iterations... h=0.031250,0.000000
Done.
Final: Magnetisation = (0.267613,-0.263536), Energy = -1.325004 
<M> = (0.260151,-0.013905), <E> = -1.296104 

T=1.050000	 Thermalizing iterations... 
Done.
Thermalized Magnetisation = (0.276138,-0.016512), Energy = -1.329773 
Averaging iterations... h=0.031250,0.000000
Done.
Final: Magnetisation = (0.258501,0.053468), Energy = -1.281793 
<M> = (0.261469,-0.013525), <E> = -1.305727 

T=1.040000	 Thermalizing iterations... 
Done.
Thermalized Magnetisation = (0.188018,0.013861), Energy = -1.290612 
Averaging iterations... h=0.031250,0.000000
Done.
Final: Magnetisation = (0.227517,-0.036739), Energy = -1.320176 
<M> = (0.264695,0.010988), <E> = -1.319270 

T=1.030000	 Thermalizing iterations... 
Done.
Thermalized Magnetisation = (0.279744,-0.202333), Energy = -1.304991 
Averaging iterations... h=0.031250,0.000000
Done.
Final: Magnetisation = (0.238155,0.099936), Energy = -1.342272 
<M> = (0.278197,0.004573), <E> = -1.330990 

T=1.020000	 Thermalizing iterations... 
Done.
Thermalized Magnetisation = (0.289576,-0.002795), Energy = -1.325837 
Averaging iterations... h=0.031250,0.000000
Done.
Final: Magnetisation = (0.300712,0.017672), Energy = -1.349153 
<M> = (0.279489,-0.094994), <E> = -1.343464 

T=1.010000	 Thermalizing iterations... 
Done.
Thermalized Magnetisation = (0.263310,-0.083813), Energy = -1.343507 
Averaging iterations... h=0.031250,0.000000
Done.
Final: Magnetisation = (0.288133,-0.159214), Energy = -1.381935 
<M> = (0.281364,-0.163056), <E> = -1.358715 

T=1.000000	 Thermalizing iterations... 
Done.
Thermalized Magnetisation = (0.281689,-0.087395), Energy = -1.381488 
Averaging iterations... h=0.031250,0.000000
Done.
Final: Magnetisation = (0.381130,-0.031322), Energy = -1.383842 
<M> = (0.280956,-0.099821), <E> = -1.372165 

T=0.990000	 Thermalizing iterations... 
Done.
Thermalized Magnetisation = (0.243558,-0.109073), Energy = -1.381846 
Averaging iterations... h=0.031250,0.000000
Done.
Final: Magnetisation = (0.322231,-0.178192), Energy = -1.373389 
<M> = (0.303284,-0.117560), <E> = -1.382344 

T=0.980000	 Thermalizing iterations... 
Done.
Thermalized Magnetisation = (0.324512,-0.071738), Energy = -1.394906 
Averaging iterations... h=0.031250,0.000000
Done.
Final: Magnetisation = (0.361699,-0.105389), Energy = -1.404028 
<M> = (0.313094,-0.014160), <E> = -1.393817 

T=0.970000	 Thermalizing iterations... 
Done.
Thermalized Magnetisation = (0.283729,-0.070412), Energy = -1.362856 
Averaging iterations... h=0.031250,0.000000
Done.
Final: Magnetisation = (0.280972,-0.158524), Energy = -1.407806 
<M> = (0.309541,-0.091822), <E> = -1.405239 

T=0.960000	 Thermalizing iterations... 
Done.
Thermalized Magnetisation = (0.308158,-0.119538), Energy = -1.436098 
Averaging iterations... h=0.031250,0.000000
Done.
Final: Magnetisation = (0.354863,0.101444), Energy = -1.418766 
<M> = (0.310568,-0.054939), <E> = -1.415803 

T=0.950000	 Thermalizing iterations... 
Done.
Thermalized Magnetisation = (0.255830,-0.367837), Energy = -1.415168 
Averaging iterations... h=0.031250,0.000000
Done.
Final: Magnetisation = (0.380204,-0.097342), Energy = -1.415352 
<M> = (0.311935,-0.135746), <E> = -1.429902 

T=0.940000	 Thermalizing iterations... 
Done.
Thermalized Magnetisation = (0.321435,0.011356), Energy = -1.473054 
Averaging iterations... h=0.031250,0.000000
Done.
Final: Magnetisation = (0.241790,0.038291), Energy = -1.420178 
<M> = (0.311985,-0.127020), <E> = -1.442744 

T=0.930000	 Thermalizing iterations... 
Done.
Thermalized Magnetisation = (0.368551,-0.202691), Energy = -1.441212 
Averaging iterations... h=0.031250,0.000000
Done.
Final: Magnetisation = (0.298652,-0.267933), Energy = -1.447219 
<M> = (0.301179,-0.387596), <E> = -1.458818 

T=0.920000	 Thermalizing iterations... 
Done.
Thermalized Magnetisation = (0.353850,-0.278963), Energy = -1.483199 
Averaging iterations... h=0.031250,0.000000
Done.
Final: Magnetisation = (0.275500,-0.444999), Energy = -1.462190 
<M> = (0.313740,-0.349168), <E> = -1.468288 

T=0.910000	 Thermalizing iterations... 
Done.
Thermalized Magnetisation = (0.307527,-0.337222), Energy = -1.470458 
Averaging iterations... h=0.031250,0.000000
Done.
Final: Magnetisation = (0.312213,-0.432801), Energy = -1.478900 
<M> = (0.324873,-0.367527), <E> = -1.478798 

T=0.900000	 Thermalizing iterations... 
Done.
Thermalized Magnetisation = (0.311806,-0.422835), Energy = -1.480339 
Averaging iterations... h=0.031250,0.000000
Done.
Final: Magnetisation = (0.376425,-0.394603), Energy = -1.482951 
<M> = (0.310731,-0.453006), <E> = -1.491060 

T=0.890000	 Thermalizing iterations... 
Done.
Thermalized Magnetisation = (0.255199,-0.451676), Energy = -1.500504 
Averaging iterations... h=0.031250,0.000000
Done.
Final: Magnetisation = (0.336518,-0.467619), Energy = -1.492118 
<M> = (0.310364,-0.408419), <E> = -1.499894 

T=0.880000	 Thermalizing iterations... 
Done.
Thermalized Magnetisation = (0.270391,-0.571644), Energy = -1.527403 
Averaging iterations... h=0.031250,0.000000
Done.
Final: Magnetisation = (0.324577,-0.518575), Energy = -1.525947 
<M> = (0.304063,-0.498183), <E> = -1.513067 

T=0.870000	 Thermalizing iterations... 
Done.
Thermalized Magnetisation = (0.291169,-0.545664), Energy = -1.537119 
Averaging iterations... h=0.031250,0.000000
Done.
Final: Magnetisation = (0.390227,-0.366231), Energy = -1.524661 
<M> = (0.305760,-0.477290), <E> = -1.522259 

T=0.860000	 Thermalizing iterations... 
Done.
Thermalized Magnetisation = (0.354981,-0.505910), Energy = -1.555072 
Averaging iterations... h=0.031250,0.000000
Done.
Final: Magnetisation = (0.317066,-0.473823), Energy = -1.536536 
<M> = (0.303245,-0.485207), <E> = -1.532744 

T=0.850000	 Thermalizing iterations... 
Done.
Thermalized Magnetisation = (0.287541,-0.522885), Energy = -1.529100 
Averaging iterations... h=0.031250,0.000000
Done.
Final: Magnetisation = (0.256874,-0.567346), Energy = -1.538821 
<M> = (0.306584,-0.498175), <E> = -1.541242 

T=0.840000	 Thermalizing iterations... 
Done.
Thermalized Magnetisation = (0.288135,-0.567795), Energy = -1.572827 
Averaging iterations... h=0.031250,0.000000
Done.
Final: Magnetisation = (0.311917,-0.575268), Energy = -1.587879 
<M> = (0.309246,-0.526125), <E> = -1.550833 

T=0.830000	 Thermalizing iterations... 
Done.
Thermalized Magnetisation = (0.355611,-0.485701), Energy = -1.551596 
Averaging iterations... h=0.031250,0.000000
Done.
Final: Magnetisation = (0.346420,-0.513557), Energy = -1.565257 
<M> = (0.321930,-0.528955), <E> = -1.558641 

T=0.820000	 Thermalizing iterations... 
Done.
Thermalized Magnetisation = (0.306228,-0.469030), Energy = -1.540945 
Averaging iterations... h=0.031250,0.000000
Done.
Final: Magnetisation = (0.327173,-0.520061), Energy = -1.558244 
<M> = (0.308106,-0.549516), <E> = -1.567880 

T=0.810000	 Thermalizing iterations... 
Done.
Thermalized Magnetisation = (0.287574,-0.603802), Energy = -1.566162 
Averaging iterations... h=0.031250,0.000000
Done.
Final: Magnetisation = (0.338216,-0.436720), Energy = -1.559260 
<M> = (0.311489,-0.536817), <E> = -1.576296 

T=0.800000	 Thermalizing iterations... 
Done.
Thermalized Magnetisation = (0.281994,-0.607229), Energy = -1.597878 
Averaging iterations... h=0.031250,0.000000
Done.
Final: Magnetisation = (0.257375,-0.593189), Energy = -1.587394 
<M> = (0.302103,-0.569579), <E> = -1.585164 

T=0.790000	 Thermalizing iterations... 
Done.
Thermalized Magnetisation = (0.246052,-0.591796), Energy = -1.597798 
Averaging iterations... h=0.031250,0.000000
Done.
Final: Magnetisation = (0.318657,-0.542507), Energy = -1.614299 
<M> = (0.294255,-0.590997), <E> = -1.595095 

T=0.780000	 Thermalizing iterations... 
Done.
Thermalized Magnetisation = (0.294237,-0.542472), Energy = -1.578663 
Averaging iterations... h=0.031250,0.000000
Done.
Final: Magnetisation = (0.253637,-0.635885), Energy = -1.602528 
<M> = (0.293334,-0.593663), <E> = -1.602479 

T=0.770000	 Thermalizing iterations... 
Done.
Thermalized Magnetisation = (0.360415,-0.568484), Energy = -1.616225 
Averaging iterations... h=0.031250,0.000000
Done.
Final: Magnetisation = (0.298985,-0.569535), Energy = -1.592374 
<M> = (0.306953,-0.592738), <E> = -1.610314 

T=0.760000	 Thermalizing iterations... 
Done.
Thermalized Magnetisation = (0.300480,-0.597799), Energy = -1.602874 
Averaging iterations... h=0.031250,0.000000
Done.
Final: Magnetisation = (0.349855,-0.619295), Energy = -1.634764 
<M> = (0.316049,-0.586424), <E> = -1.617529 

T=0.750000	 Thermalizing iterations... 
Done.
Thermalized Magnetisation = (0.367904,-0.549886), Energy = -1.621838 
Averaging iterations... h=0.031250,0.000000
Done.
Final: Magnetisation = (0.252983,-0.646684), Energy = -1.635631 
<M> = (0.310160,-0.595048), <E> = -1.624418 

T=0.740000	 Thermalizing iterations... 
Done.
Thermalized Magnetisation = (0.264032,-0.662542), Energy = -1.646860 
Averaging iterations... h=0.031250,0.000000
Done.
Final: Magnetisation = (0.284394,-0.637670), Energy = -1.634472 
<M> = (0.310863,-0.605020), <E> = -1.632302 

T=0.730000	 Thermalizing iterations... 
Done.
Thermalized Magnetisation = (0.329917,-0.596684), Energy = -1.627178 
Averaging iterations... h=0.031250,0.000000
Done.
Final: Magnetisation = (0.299732,-0.614557), Energy = -1.629343 
<M> = (0.298138,-0.620207), <E> = -1.640850 

T=0.720000	 Thermalizing iterations... 
Done.
Thermalized Magnetisation = (0.321613,-0.593730), Energy = -1.629845 
Averaging iterations... h=0.031250,0.000000
Done.
Final: Magnetisation = (0.300422,-0.634407), Energy = -1.652226 
<M> = (0.296568,-0.624763), <E> = -1.648173 

T=0.710000	 Thermalizing iterations... 
Done.
Thermalized Magnetisation = (0.302166,-0.616271), Energy = -1.648436 
Averaging iterations... h=0.031250,0.000000
Done.
Final: Magnetisation = (0.271229,-0.657323), Energy = -1.674507 
<M> = (0.292635,-0.632098), <E> = -1.655484 

T=0.700000	 Thermalizing iterations... 
Done.
Thermalized Magnetisation = (0.255955,-0.675665), Energy = -1.666974 
Averaging iterations... h=0.031250,0.000000
Done.
Final: Magnetisation = (0.309687,-0.653054), Energy = -1.660678 
<M> = (0.296446,-0.636141), <E> = -1.662783 

T=0.690000	 Thermalizing iterations... 
Done.
Thermalized Magnetisation = (0.322331,-0.602121), Energy = -1.672254 
Averaging iterations... h=0.031250,0.000000
Done.
Final: Magnetisation = (0.264783,-0.670260), Energy = -1.666652 
<M> = (0.306685,-0.630270), <E> = -1.669227 

T=0.680000	 Thermalizing iterations... 
Done.
Thermalized Magnetisation = (0.243067,-0.663054), Energy = -1.672638 
Averaging iterations... h=0.031250,0.000000
Done.
Final: Magnetisation = (0.316559,-0.604934), Energy = -1.685112 
<M> = (0.313382,-0.630977), <E> = -1.675443 

T=0.670000	 Thermalizing iterations... 
Done.
Thermalized Magnetisation = (0.275936,-0.654393), Energy = -1.674795 
Averaging iterations... h=0.031250,0.000000
Done.
Final: Magnetisation = (0.386217,-0.594898), Energy = -1.691735 
<M> = (0.302657,-0.640073), <E> = -1.682413 

T=0.660000	 Thermalizing iterations... 
Done.
Thermalized Magnetisation = (0.252270,-0.657163), Energy = -1.677830 
Averaging iterations... h=0.031250,0.000000
Done.
Final: Magnetisation = (0.302435,-0.625439), Energy = -1.690004 
<M> = (0.310112,-0.644819), <E> = -1.689655 

T=0.650000	 Thermalizing iterations... 
Done.
Thermalized Magnetisation = (0.261301,-0.676436), Energy = -1.698667 
Averaging iterations... h=0.031250,0.000000
Done.
Final: Magnetisation = (0.296216,-0.657370), Energy = -1.690445 
<M> = (0.300605,-0.656950), <E> = -1.697065 

T=0.640000	 Thermalizing iterations... 
Done.
Thermalized Magnetisation = (0.280831,-0.711873), Energy = -1.715734 
Averaging iterations... h=0.031250,0.000000
Done.
Final: Magnetisation = (0.365401,-0.623575), Energy = -1.706637 
<M> = (0.293808,-0.663904), <E> = -1.704223 

T=0.630000	 Thermalizing iterations... 
Done.
Thermalized Magnetisation = (0.269010,-0.653809), Energy = -1.704154 
Averaging iterations... h=0.031250,0.000000
Done.
Final: Magnetisation = (0.278322,-0.666093), Energy = -1.719372 
<M> = (0.292442,-0.667730), <E> = -1.710598 

T=0.620000	 Thermalizing iterations... 
Done.
Thermalized Magnetisation = (0.265482,-0.690931), Energy = -1.729012 
Averaging iterations... h=0.031250,0.000000
Done.
Final: Magnetisation = (0.342211,-0.664390), Energy = -1.728328 
<M> = (0.303333,-0.665258), <E> = -1.716848 

T=0.610000	 Thermalizing iterations... 
Done.
Thermalized Magnetisation = (0.293595,-0.682867), Energy = -1.723037 
Averaging iterations... h=0.031250,0.000000
Done.
Final: Magnetisation = (0.292567,-0.670233), Energy = -1.722061 
<M> = (0.307144,-0.665121), <E> = -1.723004 

T=0.600000	 Thermalizing iterations... 
Done.
Thermalized Magnetisation = (0.293512,-0.676860), Energy = -1.727590 
Averaging iterations... h=0.031250,0.000000
Done.
Final: Magnetisation = (0.292881,-0.673377), Energy = -1.717159 
<M> = (0.306850,-0.670052), <E> = -1.729286 

T=0.590000	 Thermalizing iterations... 
Done.
Thermalized Magnetisation = (0.274586,-0.672430), Energy = -1.726286 
Averaging iterations... h=0.031250,0.000000
Done.
Final: Magnetisation = (0.328540,-0.678399), Energy = -1.744910 
<M> = (0.315996,-0.668000), <E> = -1.735671 

T=0.580000	 Thermalizing iterations... 
Done.
Thermalized Magnetisation = (0.340979,-0.661319), Energy = -1.752987 
Averaging iterations... h=0.031250,0.000000
Done.
Final: Magnetisation = (0.277400,-0.699388), Energy = -1.746503 
<M> = (0.304942,-0.678746), <E> = -1.742437 

T=0.570000	 Thermalizing iterations... 
Done.
Thermalized Magnetisation = (0.268115,-0.702219), Energy = -1.755009 
Averaging iterations... h=0.031250,0.000000
Done.
Final: Magnetisation = (0.358438,-0.643801), Energy = -1.747286 
<M> = (0.295381,-0.689824), <E> = -1.749362 

T=0.560000	 Thermalizing iterations... 
Done.
Thermalized Magnetisation = (0.300624,-0.675984), Energy = -1.761403 
Averaging iterations... h=0.031250,0.000000
Done.
Final: Magnetisation = (0.345522,-0.655637), Energy = -1.748069 
<M> = (0.294127,-0.693484), <E> = -1.755353 

T=0.550000	 Thermalizing iterations... 
Done.
Thermalized Magnetisation = (0.355683,-0.658302), Energy = -1.762694 
Averaging iterations... h=0.031250,0.000000
Done.
Final: Magnetisation = (0.310645,-0.676226), Energy = -1.761816 
<M> = (0.297246,-0.698266), <E> = -1.761483 

T=0.540000	 Thermalizing iterations... 
Done.
Thermalized Magnetisation = (0.298532,-0.686075), Energy = -1.771322 
Averaging iterations... h=0.031250,0.000000
Done.
Final: Magnetisation = (0.275324,-0.723295), Energy = -1.760592 
<M> = (0.302401,-0.693227), <E> = -1.767334 

T=0.530000	 Thermalizing iterations... 
Done.
Thermalized Magnetisation = (0.317400,-0.702260), Energy = -1.778987 
Averaging iterations... h=0.031250,0.000000
Done.
Final: Magnetisation = (0.314099,-0.698969), Energy = -1.784927 
<M> = (0.307073,-0.694472), <E> = -1.773201 

T=0.520000	 Thermalizing iterations... 
Done.
Thermalized Magnetisation = (0.305296,-0.676438), Energy = -1.767281 
Averaging iterations... h=0.031250,0.000000
Done.
Final: Magnetisation = (0.311683,-0.703385), Energy = -1.775088 
<M> = (0.313023,-0.696749), <E> = -1.779073 

T=0.510000	 Thermalizing iterations... 
Done.
Thermalized Magnetisation = (0.308326,-0.703348), Energy = -1.787045 
Averaging iterations... h=0.031250,0.000000
Done.
Final: Magnetisation = (0.351429,-0.695604), Energy = -1.793218 
<M> = (0.302414,-0.708136), <E> = -1.785486 

T=0.500000	 Thermalizing iterations... 
Done.
Thermalized Magnetisation = (0.283081,-0.730975), Energy = -1.792646 
Averaging iterations... h=0.031250,0.000000
Done.
Final: Magnetisation = (0.277992,-0.734001), Energy = -1.799483 
<M> = (0.295007,-0.716187), <E> = -1.792063 

T=0.490000	 Thermalizing iterations... 
Done.
Thermalized Magnetisation = (0.274643,-0.744835), Energy = -1.799740 
Averaging iterations... h=0.031250,0.000000
Done.
Final: Magnetisation = (0.300852,-0.723854), Energy = -1.795756 
<M> = (0.292313,-0.721630), <E> = -1.798251 

T=0.480000	 Thermalizing iterations... 
Done.
Thermalized Magnetisation = (0.344571,-0.690252), Energy = -1.807445 
Averaging iterations... h=0.031250,0.000000
Done.
Final: Magnetisation = (0.318186,-0.693159), Energy = -1.792435 
<M> = (0.297781,-0.720814), <E> = -1.804070 

T=0.470000	 Thermalizing iterations... 
Done.
Thermalized Magnetisation = (0.337524,-0.693848), Energy = -1.810808 
Averaging iterations... h=0.031250,0.000000
Done.
Final: Magnetisation = (0.293254,-0.737268), Energy = -1.815542 
<M> = (0.309961,-0.717625), <E> = -1.809631 

T=0.460000	 Thermalizing iterations... 
Done.
Thermalized Magnetisation = (0.325467,-0.715762), Energy = -1.804007 
Averaging iterations... h=0.031250,0.000000
Done.
Final: Magnetisation = (0.308752,-0.718288), Energy = -1.805364 
<M> = (0.311234,-0.717906), <E> = -1.815284 

T=0.450000	 Thermalizing iterations... 
Done.
Thermalized Magnetisation = (0.341094,-0.718055), Energy = -1.824451 
Averaging iterations... h=0.031250,0.000000
Done.
Final: Magnetisation = (0.321342,-0.709589), Energy = -1.817987 
<M> = (0.312261,-0.721105), <E> = -1.821155 

T=0.440000	 Thermalizing iterations... 
Done.
Thermalized Magnetisation = (0.279382,-0.738776), Energy = -1.828566 
Averaging iterations... h=0.031250,0.000000
Done.
Final: Magnetisation = (0.343672,-0.713842), Energy = -1.831202 
<M> = (0.315463,-0.724652), <E> = -1.826918 

T=0.430000	 Thermalizing iterations... 
Done.
Thermalized Magnetisation = (0.242151,-0.762562), Energy = -1.832014 
Averaging iterations... h=0.031250,0.000000
Done.
Final: Magnetisation = (0.286633,-0.719040), Energy = -1.826019 
<M> = (0.303570,-0.733438), <E> = -1.832921 

T=0.420000	 Thermalizing iterations... 
Done.
Thermalized Magnetisation = (0.292141,-0.743284), Energy = -1.842019 
Averaging iterations... h=0.031250,0.000000
Done.
Final: Magnetisation = (0.276533,-0.732904), Energy = -1.841672 
<M> = (0.298659,-0.739464), <E> = -1.839131 

T=0.410000	 Thermalizing iterations... 
Done.
Thermalized Magnetisation = (0.310726,-0.752857), Energy = -1.850256 
Averaging iterations... h=0.031250,0.000000
Done.
Final: Magnetisation = (0.307779,-0.728980), Energy = -1.842395 
<M> = (0.291269,-0.747669), <E> = -1.845060 

T=0.400000	 Thermalizing iterations... 
Done.
Thermalized Magnetisation = (0.299240,-0.731911), Energy = -1.840857 
Averaging iterations... h=0.031250,0.000000
Done.
Final: Magnetisation = (0.270092,-0.774210), Energy = -1.850578 
<M> = (0.302914,-0.745105), <E> = -1.850500 

T=0.390000	 Thermalizing iterations... 
Done.
Thermalized Magnetisation = (0.293523,-0.741709), Energy = -1.851059 
Averaging iterations... h=0.031250,0.000000
Done.
Final: Magnetisation = (0.306002,-0.762043), Energy = -1.851024 
<M> = (0.305001,-0.746594), <E> = -1.855949 

T=0.380000	 Thermalizing iterations... 
Done.
Thermalized Magnetisation = (0.308067,-0.738421), Energy = -1.854337 
Averaging iterations... h=0.031250,0.000000
Done.
Final: Magnetisation = (0.308499,-0.749589), Energy = -1.862639 
<M> = (0.310466,-0.744812), <E> = -1.861560 

T=0.370000	 Thermalizing iterations... 
Done.
Thermalized Magnetisation = (0.298768,-0.761775), Energy = -1.875559 
Averaging iterations... h=0.031250,0.000000
Done.
Final: Magnetisation = (0.330118,-0.728060), Energy = -1.865698 
<M> = (0.311734,-0.748274), <E> = -1.867056 

T=0.360000	 Thermalizing iterations... 
Done.
Thermalized Magnetisation = (0.306001,-0.762008), Energy = -1.875148 
Averaging iterations... h=0.031250,0.000000
Done.
Final: Magnetisation = (0.314151,-0.729982), Energy = -1.869781 
<M> = (0.311155,-0.751496), <E> = -1.873058 

T=0.350000	 Thermalizing iterations... 
Done.
Thermalized Magnetisation = (0.299788,-0.760357), Energy = -1.878310 
Averaging iterations... h=0.031250,0.000000
Done.
Final: Magnetisation = (0.308687,-0.746166), Energy = -1.875109 
<M> = (0.307365,-0.758673), <E> = -1.878832 

T=0.340000	 Thermalizing iterations... 
Done.
Thermalized Magnetisation = (0.303036,-0.767906), Energy = -1.883732 
Averaging iterations... h=0.031250,0.000000
Done.
Final: Magnetisation = (0.319086,-0.758038), Energy = -1.881601 
<M> = (0.296166,-0.765380), <E> = -1.884408 

T=0.330000	 Thermalizing iterations... 
Done.
Thermalized Magnetisation = (0.316532,-0.750594), Energy = -1.886891 
Averaging iterations... h=0.031250,0.000000
Done.
Final: Magnetisation = (0.299687,-0.767457), Energy = -1.890526 
<M> = (0.300863,-0.767711), <E> = -1.889969 

T=0.320000	 Thermalizing iterations... 
Done.
Thermalized Magnetisation = (0.312117,-0.768951), Energy = -1.892679 
Averaging iterations... h=0.031250,0.000000
Done.
Final: Magnetisation = (0.292377,-0.777075), Energy = -1.899921 
<M> = (0.310730,-0.764240), <E> = -1.895119 

T=0.310000	 Thermalizing iterations... 
Done.
Thermalized Magnetisation = (0.304005,-0.763243), Energy = -1.897926 
Averaging iterations... h=0.031250,0.000000
Done.
Final: Magnetisation = (0.305703,-0.764698), Energy = -1.899411 
<M> = (0.309660,-0.766615), <E> = -1.900561 

T=0.300000	 Thermalizing iterations... 
Done.
Thermalized Magnetisation = (0.304579,-0.764410), Energy = -1.904951 
Averaging iterations... h=0.031250,0.000000
Done.
Final: Magnetisation = (0.346090,-0.753105), Energy = -1.909947 
<M> = (0.313336,-0.768774), <E> = -1.906130 

T=0.290000	 Thermalizing iterations... 
Done.
Thermalized Magnetisation = (0.303504,-0.784133), Energy = -1.911245 
Averaging iterations... h=0.031250,0.000000
Done.
Final: Magnetisation = (0.310994,-0.776130), Energy = -1.914023 
<M> = (0.307324,-0.776580), <E> = -1.911609 

T=0.280000	 Thermalizing iterations... 
Done.
Thermalized Magnetisation = (0.304415,-0.794143), Energy = -1.915396 
Averaging iterations... h=0.031250,0.000000
Done.
Final: Magnetisation = (0.289929,-0.787020), Energy = -1.915120 
<M> = (0.308201,-0.777828), <E> = -1.917071 

T=0.270000	 Thermalizing iterations... 
Done.
Thermalized Magnetisation = (0.274878,-0.809681), Energy = -1.921883 
Averaging iterations... h=0.031250,0.000000
Done.
Final: Magnetisation = (0.307511,-0.783213), Energy = -1.919503 
<M> = (0.305514,-0.782772), <E> = -1.922788 

T=0.260000	 Thermalizing iterations... 
Done.
Thermalized Magnetisation = (0.283869,-0.782534), Energy = -1.927052 
Averaging iterations... h=0.031250,0.000000
Done.
Final: Magnetisation = (0.302158,-0.783615), Energy = -1.927837 
<M> = (0.306606,-0.786999), <E> = -1.928137 

T=0.250000	 Thermalizing iterations... 
Done.
Thermalized Magnetisation = (0.316250,-0.785620), Energy = -1.934458 
Averaging iterations... h=0.031250,0.000000
Done.
Final: Magnetisation = (0.321739,-0.782940), Energy = -1.938170 
<M> = (0.311613,-0.786132), <E> = -1.933374 

T=0.240000	 Thermalizing iterations... 
Done.
Thermalized Magnetisation = (0.337412,-0.768451), Energy = -1.942001 
Averaging iterations... h=0.031250,0.000000
Done.
Final: Magnetisation = (0.337675,-0.780824), Energy = -1.937995 
<M> = (0.310925,-0.787650), <E> = -1.938597 

T=0.230000	 Thermalizing iterations... 
Done.
Thermalized Magnetisation = (0.292731,-0.803857), Energy = -1.945232 
Averaging iterations... h=0.031250,0.000000
Done.
Final: Magnetisation = (0.274012,-0.802738), Energy = -1.945510 
<M> = (0.311924,-0.788460), <E> = -1.943959 

T=0.220000	 Thermalizing iterations... 
Done.
Thermalized Magnetisation = (0.340143,-0.775627), Energy = -1.945020 
Averaging iterations... h=0.031250,0.000000
Done.
Final: Magnetisation = (0.330997,-0.786101), Energy = -1.947239 
<M> = (0.310359,-0.793623), <E> = -1.949326 

T=0.210000	 Thermalizing iterations... 
Done.
Thermalized Magnetisation = (0.289694,-0.803980), Energy = -1.952373 
Averaging iterations... h=0.031250,0.000000
Done.
Final: Magnetisation = (0.322850,-0.792337), Energy = -1.955084 
<M> = (0.311429,-0.796884), <E> = -1.954703 

T=0.200000	 Thermalizing iterations... 
Done.
Thermalized Magnetisation = (0.320871,-0.800158), Energy = -1.957714 
Averaging iterations... h=0.031250,0.000000
Done.
Final: Magnetisation = (0.320534,-0.796324), Energy = -1.956762 
<M> = (0.307803,-0.802004), <E> = -1.960127 

T=0.190000	 Thermalizing iterations... 
Done.
Thermalized Magnetisation = (0.303448,-0.801409), Energy = -1.963605 
Averaging iterations... h=0.031250,0.000000
Done.
Final: Magnetisation = (0.317382,-0.798210), Energy = -1.966822 
<M> = (0.310248,-0.803180), <E> = -1.965426 

T=0.180000	 Thermalizing iterations... 
Done.
Thermalized Magnetisation = (0.325758,-0.800838), Energy = -1.976355 
Averaging iterations... h=0.031250,0.000000
Done.
Final: Magnetisation = (0.299636,-0.799494), Energy = -1.970732 
<M> = (0.308261,-0.807061), <E> = -1.970623 

T=0.170000	 Thermalizing iterations... 
Done.
Thermalized Magnetisation = (0.285754,-0.821044), Energy = -1.972744 
Averaging iterations... h=0.031250,0.000000
Done.
Final: Magnetisation = (0.306466,-0.814492), Energy = -1.974526 
<M> = (0.311085,-0.808698), <E> = -1.975820 

T=0.160000	 Thermalizing iterations... 
Done.
Thermalized Magnetisation = (0.321507,-0.810945), Energy = -1.983195 
Averaging iterations... h=0.031250,0.000000
Done.
Final: Magnetisation = (0.304532,-0.813660), Energy = -1.981513 
<M> = (0.312235,-0.809363), <E> = -1.980941 

T=0.150000	 Thermalizing iterations... 
Done.
Thermalized Magnetisation = (0.333516,-0.802563), Energy = -1.986478 
Averaging iterations... h=0.031250,0.000000
Done.
Final: Magnetisation = (0.314327,-0.809049), Energy = -1.984439 
<M> = (0.308241,-0.813098), <E> = -1.986181 

T=0.140000	 Thermalizing iterations... 
Done.
Thermalized Magnetisation = (0.304522,-0.815859), Energy = -1.991617 
Averaging iterations... h=0.031250,0.000000
Done.
Final: Magnetisation = (0.302647,-0.819795), Energy = -1.990728 
<M> = (0.309448,-0.817866), <E> = -1.991449 

T=0.130000	 Thermalizing iterations... 
Done.
Thermalized Magnetisation = (0.304612,-0.826704), Energy = -1.999463 
Averaging iterations... h=0.031250,0.000000
Done.
Final: Magnetisation = (0.295139,-0.825220), Energy = -1.997495 
<M> = (0.313257,-0.818156), <E> = -1.996566 

T=0.120000	 Thermalizing iterations... 
Done.
Thermalized Magnetisation = (0.305056,-0.823874), Energy = -1.999909 
Averaging iterations... h=0.031250,0.000000
Done.
Final: Magnetisation = (0.317200,-0.820265), Energy = -2.001871 
<M> = (0.309024,-0.822242), <E> = -2.001837 

T=0.110000	 Thermalizing iterations... 
Done.
Thermalized Magnetisation = (0.306266,-0.825724), Energy = -2.009072 
Averaging iterations... h=0.031250,0.000000
Done.
Final: Magnetisation = (0.310524,-0.825864), Energy = -2.006021 
<M> = (0.310389,-0.825379), <E> = -2.007037 

T=0.100000	 Thermalizing iterations... 
Done.
Thermalized Magnetisation = (0.309929,-0.829150), Energy = -2.013278 
Averaging iterations... h=0.031250,0.000000
Done.
Final: Magnetisation = (0.302084,-0.827910), Energy = -2.011905 
<M> = (0.308131,-0.828720), <E> = -2.012095 

T=0.090000	 Thermalizing iterations... 
Done.
Thermalized Magnetisation = (0.307642,-0.833527), Energy = -2.016695 
Averaging iterations... h=0.031250,0.000000
Done.
Final: Magnetisation = (0.316851,-0.831734), Energy = -2.016264 
<M> = (0.310673,-0.829345), <E> = -2.017204 

T=0.080000	 Thermalizing iterations... 
Done.
Thermalized Magnetisation = (0.292354,-0.842107), Energy = -2.022908 
Averaging iterations... h=0.031250,0.000000
Done.
Final: Magnetisation = (0.313209,-0.828105), Energy = -2.023296 
<M> = (0.308402,-0.832468), <E> = -2.022309 

T=0.070000	 Thermalizing iterations... 
Done.
Thermalized Magnetisation = (0.296793,-0.838275), Energy = -2.027625 
Averaging iterations... h=0.031250,0.000000
Done.
Final: Magnetisation = (0.306544,-0.834842), Energy = -2.027757 
<M> = (0.309973,-0.835613), <E> = -2.027366 

T=0.060000	 Thermalizing iterations... 
Done.
Thermalized Magnetisation = (0.313178,-0.836323), Energy = -2.031971 
Averaging iterations... h=0.031250,0.000000
Done.
Final: Magnetisation = (0.303062,-0.840441), Energy = -2.032364 
<M> = (0.309870,-0.837040), <E> = -2.032522 

T=0.050000	 Thermalizing iterations... 
Done.
Thermalized Magnetisation = (0.310854,-0.834379), Energy = -2.037988 
Averaging iterations... h=0.031250,0.000000
Done.
Final: Magnetisation = (0.304824,-0.842700), Energy = -2.037968 
<M> = (0.310642,-0.840134), <E> = -2.037636 

T=0.040000	 Thermalizing iterations... 
Done.
Thermalized Magnetisation = (0.300405,-0.842219), Energy = -2.042581 
Averaging iterations... h=0.031250,0.000000
Done.
Final: Magnetisation = (0.312216,-0.841754), Energy = -2.042552 
<M> = (0.308479,-0.842314), <E> = -2.042647 

T=0.030000	 Thermalizing iterations... 
Done.
Thermalized Magnetisation = (0.314327,-0.841564), Energy = -2.047989 
Averaging iterations... h=0.031250,0.000000
Done.
Final: Magnetisation = (0.310128,-0.845280), Energy = -2.047411 
<M> = (0.310869,-0.845154), <E> = -2.047713 

T=0.020000	 Thermalizing iterations... 
Done.
Thermalized Magnetisation = (0.313249,-0.846915), Energy = -2.052503 
Averaging iterations... h=0.031250,0.000000
Done.
Final: Magnetisation = (0.308943,-0.847772), Energy = -2.052821 
<M> = (0.310319,-0.848259), <E> = -2.052733 

T=0.010000	 Thermalizing iterations... 
Done.
Thermalized Magnetisation = (0.307582,-0.850921), Energy = -2.057771 
Averaging iterations... h=0.031250,0.000000
Done.
Final: Magnetisation = (0.313000,-0.849819), Energy = -2.057716 
<M> = (0.312660,-0.849587), <E> = -2.057729 
Final Magnetisation = (0.313000,-0.849819), Energy = -2.057716 
------------------------

Updating all (first)black/(then)white checkerboard sites simultaneously.. 

ztne RFXY h rotating with |h|=0.031250 at T=0.000000..
loop 1

loop 2

CPU  Start Time = 3834496.533924 

CPU  End Time = 3843407.516935 

CPU Time elapsed total = 8910.983011 

real	148m30.998s
user	2570m13.426s
sys	1m20.664s
