+ cd /home/sbasak/Exercises/OpenMP/XY_code/Z2/rotating_field/trial/config/config_72
+ export OMP_NUM_THREADS=28
+ OMP_NUM_THREADS=28
+ ./a_4.out
nearest neighbor initialized. 
h loaded. 
J loaded. 
L = 128, dim_L = 2, dim_S = 2
hysteresis_MCS_multiplier = 10, hysteresis_MCS_max = 100
RAND_MAX = 2147483647.000000,
 sizeof(int) = 4,
 sizeof(long) = 8,
 sizeof(double) = 8,
 sizeof(long int) = 8,
 sizeof(short int) = 2,
 sizeof(unsigned int) = 4,
 sizeof(RAND_MAX) = 4
No. of THREADS = 28
No. of PROCESSORS = 28

0.060600,0.020825
order = ({1.000000-->-1.000000,0.000000}, 0, 1)
Initial Magnetisation = (0.060600,0.020825), Energy = 0.020497 
Cooling... 
T=2.000000	 Thermalizing iterations... 
Done.
Thermalized Magnetisation = (0.112901,-0.019050), Energy = -0.601104 
Averaging iterations... h=0.125000,0.000000
Done.
Final: Magnetisation = (0.095703,-0.035585), Energy = -0.607439 
<M> = (0.119476,0.000086), <E> = -0.636826 

T=1.990000	 Thermalizing iterations... 
Done.
Thermalized Magnetisation = (0.088027,0.023946), Energy = -0.649218 
Averaging iterations... h=0.125000,0.000000
Done.
Final: Magnetisation = (0.116139,0.005854), Energy = -0.684072 
<M> = (0.122518,-0.001302), <E> = -0.641887 

T=1.980000	 Thermalizing iterations... 
Done.
Thermalized Magnetisation = (0.113734,0.012865), Energy = -0.654422 
Averaging iterations... h=0.125000,0.000000
Done.
Final: Magnetisation = (0.135297,0.006411), Energy = -0.638019 
<M> = (0.123471,-0.000755), <E> = -0.646366 

T=1.970000	 Thermalizing iterations... 
Done.
Thermalized Magnetisation = (0.120948,0.036649), Energy = -0.649396 
Averaging iterations... h=0.125000,0.000000
Done.
Final: Magnetisation = (0.108908,-0.066102), Energy = -0.629505 
<M> = (0.125684,-0.002178), <E> = -0.650902 

T=1.960000	 Thermalizing iterations... 
Done.
Thermalized Magnetisation = (0.128800,-0.031677), Energy = -0.690219 
Averaging iterations... h=0.125000,0.000000
Done.
Final: Magnetisation = (0.125951,0.002282), Energy = -0.657065 
<M> = (0.127856,-0.000550), <E> = -0.654839 

T=1.950000	 Thermalizing iterations... 
Done.
Thermalized Magnetisation = (0.135747,0.004759), Energy = -0.659559 
Averaging iterations... h=0.125000,0.000000
Done.
Final: Magnetisation = (0.185829,-0.002524), Energy = -0.676148 
<M> = (0.129985,-0.000420), <E> = -0.658571 

T=1.940000	 Thermalizing iterations... 
Done.
Thermalized Magnetisation = (0.176398,0.006694), Energy = -0.676163 
Averaging iterations... h=0.125000,0.000000
Done.
Final: Magnetisation = (0.162369,0.014472), Energy = -0.656978 
<M> = (0.130399,-0.000206), <E> = -0.662391 

T=1.930000	 Thermalizing iterations... 
Done.
Thermalized Magnetisation = (0.138012,0.007568), Energy = -0.679345 
Averaging iterations... h=0.125000,0.000000
Done.
Final: Magnetisation = (0.066057,0.007786), Energy = -0.618929 
<M> = (0.131331,0.000309), <E> = -0.665649 

T=1.920000	 Thermalizing iterations... 
Done.
Thermalized Magnetisation = (0.104018,0.048728), Energy = -0.679707 
Averaging iterations... h=0.125000,0.000000
Done.
Final: Magnetisation = (0.136183,-0.020879), Energy = -0.670608 
<M> = (0.134084,-0.001355), <E> = -0.670978 

T=1.910000	 Thermalizing iterations... 
Done.
Thermalized Magnetisation = (0.105291,0.017810), Energy = -0.655847 
Averaging iterations... h=0.125000,0.000000
Done.
Final: Magnetisation = (0.108935,-0.011432), Energy = -0.716496 
<M> = (0.136293,-0.001001), <E> = -0.676142 

T=1.900000	 Thermalizing iterations... 
Done.
Thermalized Magnetisation = (0.213058,0.090668), Energy = -0.695146 
Averaging iterations... h=0.125000,0.000000
Done.
Final: Magnetisation = (0.086403,-0.012263), Energy = -0.658644 
<M> = (0.138619,-0.002608), <E> = -0.680986 

T=1.890000	 Thermalizing iterations... 
Done.
Thermalized Magnetisation = (0.089840,0.008230), Energy = -0.677003 
Averaging iterations... h=0.125000,0.000000
Done.
Final: Magnetisation = (0.095481,0.012774), Energy = -0.666293 
<M> = (0.140301,-0.001925), <E> = -0.685508 

T=1.880000	 Thermalizing iterations... 
Done.
Thermalized Magnetisation = (0.151428,-0.029496), Energy = -0.715460 
Averaging iterations... h=0.125000,0.000000
Done.
Final: Magnetisation = (0.085374,0.008297), Energy = -0.694672 
<M> = (0.143052,-0.001629), <E> = -0.690316 

T=1.870000	 Thermalizing iterations... 
Done.
Thermalized Magnetisation = (0.106147,0.021239), Energy = -0.669447 
Averaging iterations... h=0.125000,0.000000
Done.
Final: Magnetisation = (0.165209,0.019294), Energy = -0.688049 
<M> = (0.144624,0.002043), <E> = -0.694048 

T=1.860000	 Thermalizing iterations... 
Done.
Thermalized Magnetisation = (0.110583,0.039447), Energy = -0.645605 
Averaging iterations... h=0.125000,0.000000
Done.
Final: Magnetisation = (0.169165,-0.035775), Energy = -0.687431 
<M> = (0.145497,-0.000381), <E> = -0.698512 

T=1.850000	 Thermalizing iterations... 
Done.
Thermalized Magnetisation = (0.132237,0.084269), Energy = -0.698232 
Averaging iterations... h=0.125000,0.000000
Done.
Final: Magnetisation = (0.162637,-0.007113), Energy = -0.725878 
<M> = (0.147733,-0.000775), <E> = -0.703475 

T=1.840000	 Thermalizing iterations... 
Done.
Thermalized Magnetisation = (0.149360,0.031975), Energy = -0.694736 
Averaging iterations... h=0.125000,0.000000
Done.
Final: Magnetisation = (0.161153,-0.008889), Energy = -0.739561 
<M> = (0.152345,-0.001389), <E> = -0.709822 

T=1.830000	 Thermalizing iterations... 
Done.
Thermalized Magnetisation = (0.192086,0.004961), Energy = -0.721354 
Averaging iterations... h=0.125000,0.000000
Done.
Final: Magnetisation = (0.151149,0.015783), Energy = -0.706105 
<M> = (0.153055,-0.002411), <E> = -0.714467 

T=1.820000	 Thermalizing iterations... 
Done.
Thermalized Magnetisation = (0.153851,0.042732), Energy = -0.708398 
Averaging iterations... h=0.125000,0.000000
Done.
Final: Magnetisation = (0.159684,-0.011429), Energy = -0.713790 
<M> = (0.155668,-0.002214), <E> = -0.720065 

T=1.810000	 Thermalizing iterations... 
Done.
Thermalized Magnetisation = (0.144263,0.020480), Energy = -0.716606 
Averaging iterations... h=0.125000,0.000000
Done.
Final: Magnetisation = (0.153853,0.034131), Energy = -0.700679 
<M> = (0.160449,-0.001910), <E> = -0.725421 

T=1.800000	 Thermalizing iterations... 
Done.
Thermalized Magnetisation = (0.109336,0.002248), Energy = -0.708213 
Averaging iterations... h=0.125000,0.000000
Done.
Final: Magnetisation = (0.167927,0.041081), Energy = -0.767719 
<M> = (0.162266,0.000078), <E> = -0.730117 

T=1.790000	 Thermalizing iterations... 
Done.
Thermalized Magnetisation = (0.161262,-0.042627), Energy = -0.725769 
Averaging iterations... h=0.125000,0.000000
Done.
Final: Magnetisation = (0.113598,-0.067078), Energy = -0.705044 
<M> = (0.163305,0.000081), <E> = -0.735160 

T=1.780000	 Thermalizing iterations... 
Done.
Thermalized Magnetisation = (0.161296,-0.017637), Energy = -0.750435 
Averaging iterations... h=0.125000,0.000000
Done.
Final: Magnetisation = (0.168036,0.014130), Energy = -0.738940 
<M> = (0.165328,0.000131), <E> = -0.739335 

T=1.770000	 Thermalizing iterations... 
Done.
Thermalized Magnetisation = (0.176644,0.030847), Energy = -0.755154 
Averaging iterations... h=0.125000,0.000000
Done.
Final: Magnetisation = (0.155985,0.091497), Energy = -0.749594 
<M> = (0.169355,-0.003107), <E> = -0.746073 

T=1.760000	 Thermalizing iterations... 
Done.
Thermalized Magnetisation = (0.176138,0.008854), Energy = -0.781128 
Averaging iterations... h=0.125000,0.000000
Done.
Final: Magnetisation = (0.206186,-0.037210), Energy = -0.767024 
<M> = (0.171908,-0.000698), <E> = -0.752059 

T=1.750000	 Thermalizing iterations... 
Done.
Thermalized Magnetisation = (0.142656,-0.004300), Energy = -0.730761 
Averaging iterations... h=0.125000,0.000000
Done.
Final: Magnetisation = (0.230785,-0.015478), Energy = -0.751669 
<M> = (0.173229,-0.003183), <E> = -0.757249 

T=1.740000	 Thermalizing iterations... 
Done.
Thermalized Magnetisation = (0.190161,0.012461), Energy = -0.751685 
Averaging iterations... h=0.125000,0.000000
Done.
Final: Magnetisation = (0.176983,-0.028062), Energy = -0.771754 
<M> = (0.177450,-0.002498), <E> = -0.763562 

T=1.730000	 Thermalizing iterations... 
Done.
Thermalized Magnetisation = (0.202274,-0.037256), Energy = -0.789490 
Averaging iterations... h=0.125000,0.000000
Done.
Final: Magnetisation = (0.150476,-0.057783), Energy = -0.765735 
<M> = (0.182352,-0.000609), <E> = -0.770171 

T=1.720000	 Thermalizing iterations... 
Done.
Thermalized Magnetisation = (0.192252,-0.050282), Energy = -0.776039 
Averaging iterations... h=0.125000,0.000000
Done.
Final: Magnetisation = (0.182538,0.025029), Energy = -0.784176 
<M> = (0.182587,0.000600), <E> = -0.774291 

T=1.710000	 Thermalizing iterations... 
Done.
Thermalized Magnetisation = (0.200962,-0.052907), Energy = -0.818717 
Averaging iterations... h=0.125000,0.000000
Done.
Final: Magnetisation = (0.221005,-0.005637), Energy = -0.807504 
<M> = (0.185682,-0.000723), <E> = -0.780037 

T=1.700000	 Thermalizing iterations... 
Done.
Thermalized Magnetisation = (0.217143,0.020156), Energy = -0.792501 
Averaging iterations... h=0.125000,0.000000
Done.
Final: Magnetisation = (0.194518,0.032461), Energy = -0.790806 
<M> = (0.189906,-0.001068), <E> = -0.786950 

T=1.690000	 Thermalizing iterations... 
Done.
Thermalized Magnetisation = (0.130079,0.038818), Energy = -0.787523 
Averaging iterations... h=0.125000,0.000000
Done.
Final: Magnetisation = (0.200977,-0.074612), Energy = -0.789938 
<M> = (0.193577,-0.000975), <E> = -0.793638 

T=1.680000	 Thermalizing iterations... 
Done.
Thermalized Magnetisation = (0.148682,-0.012506), Energy = -0.774465 
Averaging iterations... h=0.125000,0.000000
Done.
Final: Magnetisation = (0.178152,-0.076084), Energy = -0.783792 
<M> = (0.196054,-0.003923), <E> = -0.800434 

T=1.670000	 Thermalizing iterations... 
Done.
Thermalized Magnetisation = (0.176053,0.016659), Energy = -0.796923 
Averaging iterations... h=0.125000,0.000000
Done.
Final: Magnetisation = (0.221922,-0.069292), Energy = -0.854517 
<M> = (0.200899,-0.002141), <E> = -0.807175 

T=1.660000	 Thermalizing iterations... 
Done.
Thermalized Magnetisation = (0.159730,0.024608), Energy = -0.809623 
Averaging iterations... h=0.125000,0.000000
Done.
Final: Magnetisation = (0.224670,-0.043135), Energy = -0.824719 
<M> = (0.204389,-0.002390), <E> = -0.813718 

T=1.650000	 Thermalizing iterations... 
Done.
Thermalized Magnetisation = (0.210409,-0.011762), Energy = -0.798162 
Averaging iterations... h=0.125000,0.000000
Done.
Final: Magnetisation = (0.149050,0.077714), Energy = -0.796088 
<M> = (0.209019,0.000595), <E> = -0.820209 

T=1.640000	 Thermalizing iterations... 
Done.
Thermalized Magnetisation = (0.233816,0.063114), Energy = -0.851752 
Averaging iterations... h=0.125000,0.000000
Done.
Final: Magnetisation = (0.263393,-0.041027), Energy = -0.845461 
<M> = (0.210925,0.001064), <E> = -0.826102 

T=1.630000	 Thermalizing iterations... 
Done.
Thermalized Magnetisation = (0.191082,0.045852), Energy = -0.834695 
Averaging iterations... h=0.125000,0.000000
Done.
Final: Magnetisation = (0.215648,0.016803), Energy = -0.763276 
<M> = (0.215823,0.000205), <E> = -0.833173 

T=1.620000	 Thermalizing iterations... 
Done.
Thermalized Magnetisation = (0.246711,-0.043108), Energy = -0.858440 
Averaging iterations... h=0.125000,0.000000
Done.
Final: Magnetisation = (0.279339,-0.056654), Energy = -0.851539 
<M> = (0.220797,-0.001426), <E> = -0.841315 

T=1.610000	 Thermalizing iterations... 
Done.
Thermalized Magnetisation = (0.227233,0.044278), Energy = -0.874601 
Averaging iterations... h=0.125000,0.000000
Done.
Final: Magnetisation = (0.210928,0.092921), Energy = -0.877024 
<M> = (0.222734,-0.001077), <E> = -0.848554 

T=1.600000	 Thermalizing iterations... 
Done.
Thermalized Magnetisation = (0.249470,-0.034098), Energy = -0.904947 
Averaging iterations... h=0.125000,0.000000
Done.
Final: Magnetisation = (0.172753,-0.020402), Energy = -0.807004 
<M> = (0.227445,-0.004253), <E> = -0.856507 

T=1.590000	 Thermalizing iterations... 
Done.
Thermalized Magnetisation = (0.208968,0.013877), Energy = -0.822526 
Averaging iterations... h=0.125000,0.000000
Done.
Final: Magnetisation = (0.152035,0.050958), Energy = -0.828963 
<M> = (0.231934,-0.002879), <E> = -0.863315 

T=1.580000	 Thermalizing iterations... 
Done.
Thermalized Magnetisation = (0.229437,-0.003420), Energy = -0.841999 
Averaging iterations... h=0.125000,0.000000
Done.
Final: Magnetisation = (0.215280,-0.052776), Energy = -0.896959 
<M> = (0.237975,-0.000402), <E> = -0.871452 

T=1.570000	 Thermalizing iterations... 
Done.
Thermalized Magnetisation = (0.225826,0.015432), Energy = -0.875313 
Averaging iterations... h=0.125000,0.000000
Done.
Final: Magnetisation = (0.236096,0.026220), Energy = -0.883484 
<M> = (0.241694,0.000261), <E> = -0.878518 

T=1.560000	 Thermalizing iterations... 
Done.
Thermalized Magnetisation = (0.301927,-0.041584), Energy = -0.926465 
Averaging iterations... h=0.125000,0.000000
Done.
Final: Magnetisation = (0.206713,-0.005950), Energy = -0.843694 
<M> = (0.245299,0.001035), <E> = -0.885386 

T=1.550000	 Thermalizing iterations... 
Done.
Thermalized Magnetisation = (0.213755,-0.030609), Energy = -0.840887 
Averaging iterations... h=0.125000,0.000000
Done.
Final: Magnetisation = (0.233301,0.027347), Energy = -0.867269 
<M> = (0.250941,-0.000193), <E> = -0.893710 

T=1.540000	 Thermalizing iterations... 
Done.
Thermalized Magnetisation = (0.239520,0.082644), Energy = -0.884052 
Averaging iterations... h=0.125000,0.000000
Done.
Final: Magnetisation = (0.225138,-0.098379), Energy = -0.938017 
<M> = (0.256157,-0.001249), <E> = -0.902642 

T=1.530000	 Thermalizing iterations... 
Done.
Thermalized Magnetisation = (0.291613,-0.032953), Energy = -0.976103 
Averaging iterations... h=0.125000,0.000000
Done.
Final: Magnetisation = (0.259184,0.026454), Energy = -0.920452 
<M> = (0.260696,-0.003647), <E> = -0.911279 

T=1.520000	 Thermalizing iterations... 
Done.
Thermalized Magnetisation = (0.283063,0.076862), Energy = -0.929603 
Averaging iterations... h=0.125000,0.000000
Done.
Final: Magnetisation = (0.242504,-0.017555), Energy = -0.895444 
<M> = (0.265675,-0.003334), <E> = -0.919877 

T=1.510000	 Thermalizing iterations... 
Done.
Thermalized Magnetisation = (0.270335,-0.018010), Energy = -0.958337 
Averaging iterations... h=0.125000,0.000000
Done.
Final: Magnetisation = (0.264358,-0.004410), Energy = -0.913338 
<M> = (0.273707,-0.000090), <E> = -0.928913 

T=1.500000	 Thermalizing iterations... 
Done.
Thermalized Magnetisation = (0.315295,-0.088204), Energy = -0.957053 
Averaging iterations... h=0.125000,0.000000
Done.
Final: Magnetisation = (0.247549,-0.057658), Energy = -0.894538 
<M> = (0.278050,0.001146), <E> = -0.936879 

T=1.490000	 Thermalizing iterations... 
Done.
Thermalized Magnetisation = (0.285372,0.001026), Energy = -0.940570 
Averaging iterations... h=0.125000,0.000000
Done.
Final: Magnetisation = (0.271906,0.073714), Energy = -0.922162 
<M> = (0.282710,0.001057), <E> = -0.944856 

T=1.480000	 Thermalizing iterations... 
Done.
Thermalized Magnetisation = (0.272315,-0.039580), Energy = -0.904725 
Averaging iterations... h=0.125000,0.000000
Done.
Final: Magnetisation = (0.310306,-0.042070), Energy = -0.944534 
<M> = (0.286993,0.001095), <E> = -0.953016 

T=1.470000	 Thermalizing iterations... 
Done.
Thermalized Magnetisation = (0.312515,0.022783), Energy = -0.973018 
Averaging iterations... h=0.125000,0.000000
Done.
Final: Magnetisation = (0.325598,-0.040503), Energy = -0.987566 
<M> = (0.294963,-0.001003), <E> = -0.963546 

T=1.460000	 Thermalizing iterations... 
Done.
Thermalized Magnetisation = (0.276285,0.072843), Energy = -0.961530 
Averaging iterations... h=0.125000,0.000000
Done.
Final: Magnetisation = (0.299705,0.019268), Energy = -0.959604 
<M> = (0.299389,-0.001418), <E> = -0.973001 

T=1.450000	 Thermalizing iterations... 
Done.
Thermalized Magnetisation = (0.301149,0.029526), Energy = -1.004892 
Averaging iterations... h=0.125000,0.000000
Done.
Final: Magnetisation = (0.263823,-0.010789), Energy = -0.951743 
<M> = (0.306407,-0.005200), <E> = -0.983316 

T=1.440000	 Thermalizing iterations... 
Done.
Thermalized Magnetisation = (0.365066,-0.040583), Energy = -1.041709 
Averaging iterations... h=0.125000,0.000000
Done.
Final: Magnetisation = (0.333519,-0.015838), Energy = -1.028467 
<M> = (0.312683,-0.004317), <E> = -0.992644 

T=1.430000	 Thermalizing iterations... 
Done.
Thermalized Magnetisation = (0.290993,-0.085678), Energy = -1.018255 
Averaging iterations... h=0.125000,0.000000
Done.
Final: Magnetisation = (0.293720,0.025454), Energy = -0.986838 
<M> = (0.319247,-0.001066), <E> = -1.001480 

T=1.420000	 Thermalizing iterations... 
Done.
Thermalized Magnetisation = (0.432763,0.049673), Energy = -1.073545 
Averaging iterations... h=0.125000,0.000000
Done.
Final: Magnetisation = (0.297432,-0.053182), Energy = -0.997675 
<M> = (0.325891,0.000440), <E> = -1.011243 

T=1.410000	 Thermalizing iterations... 
Done.
Thermalized Magnetisation = (0.318552,-0.012511), Energy = -1.030979 
Averaging iterations... h=0.125000,0.000000
Done.
Final: Magnetisation = (0.293097,-0.017662), Energy = -1.016309 
<M> = (0.331079,0.002922), <E> = -1.020020 

T=1.400000	 Thermalizing iterations... 
Done.
Thermalized Magnetisation = (0.325139,0.004150), Energy = -0.996998 
Averaging iterations... h=0.125000,0.000000
Done.
Final: Magnetisation = (0.347778,0.059974), Energy = -1.013568 
<M> = (0.338503,-0.002098), <E> = -1.031826 

T=1.390000	 Thermalizing iterations... 
Done.
Thermalized Magnetisation = (0.319890,0.014112), Energy = -1.045328 
Averaging iterations... h=0.125000,0.000000
Done.
Final: Magnetisation = (0.383193,-0.011214), Energy = -1.076008 
<M> = (0.345205,-0.003493), <E> = -1.041934 

T=1.380000	 Thermalizing iterations... 
Done.
Thermalized Magnetisation = (0.355118,-0.005086), Energy = -1.035324 
Averaging iterations... h=0.125000,0.000000
Done.
Final: Magnetisation = (0.350334,-0.036455), Energy = -1.010506 
<M> = (0.352579,-0.007206), <E> = -1.053228 

T=1.370000	 Thermalizing iterations... 
Done.
Thermalized Magnetisation = (0.321618,-0.053384), Energy = -1.018127 
Averaging iterations... h=0.125000,0.000000
Done.
Final: Magnetisation = (0.349593,-0.036875), Energy = -1.037441 
<M> = (0.358436,-0.004023), <E> = -1.063406 

T=1.360000	 Thermalizing iterations... 
Done.
Thermalized Magnetisation = (0.357223,0.011939), Energy = -1.082253 
Averaging iterations... h=0.125000,0.000000
Done.
Final: Magnetisation = (0.408819,0.068533), Energy = -1.120685 
<M> = (0.366558,-0.002327), <E> = -1.074136 

T=1.350000	 Thermalizing iterations... 
Done.
Thermalized Magnetisation = (0.373606,0.110436), Energy = -1.065160 
Averaging iterations... h=0.125000,0.000000
Done.
Final: Magnetisation = (0.332143,0.022895), Energy = -1.040593 
<M> = (0.375957,0.003628), <E> = -1.084206 

T=1.340000	 Thermalizing iterations... 
Done.
Thermalized Magnetisation = (0.446740,0.017022), Energy = -1.168893 
Averaging iterations... h=0.125000,0.000000
Done.
Final: Magnetisation = (0.421337,-0.001808), Energy = -1.118109 
<M> = (0.380829,0.001421), <E> = -1.094267 

T=1.330000	 Thermalizing iterations... 
Done.
Thermalized Magnetisation = (0.439304,0.001095), Energy = -1.163800 
Averaging iterations... h=0.125000,0.000000
Done.
Final: Magnetisation = (0.391647,-0.006338), Energy = -1.119802 
<M> = (0.388835,-0.000713), <E> = -1.106103 

T=1.320000	 Thermalizing iterations... 
Done.
Thermalized Magnetisation = (0.392056,0.021210), Energy = -1.125054 
Averaging iterations... h=0.125000,0.000000
Done.
Final: Magnetisation = (0.372341,-0.044442), Energy = -1.073659 
<M> = (0.399428,-0.001388), <E> = -1.118737 

T=1.310000	 Thermalizing iterations... 
Done.
Thermalized Magnetisation = (0.463436,0.000106), Energy = -1.202227 
Averaging iterations... h=0.125000,0.000000
Done.
Final: Magnetisation = (0.397876,0.039773), Energy = -1.140981 
<M> = (0.405307,-0.003240), <E> = -1.130339 

T=1.300000	 Thermalizing iterations... 
Done.
Thermalized Magnetisation = (0.401342,0.003498), Energy = -1.132744 
Averaging iterations... h=0.125000,0.000000
Done.
Final: Magnetisation = (0.437122,-0.003232), Energy = -1.198409 
<M> = (0.411114,-0.003127), <E> = -1.141109 

T=1.290000	 Thermalizing iterations... 
Done.
Thermalized Magnetisation = (0.430823,-0.038986), Energy = -1.153544 
Averaging iterations... h=0.125000,0.000000
Done.
Final: Magnetisation = (0.446992,0.026394), Energy = -1.148264 
<M> = (0.423338,-0.005566), <E> = -1.154791 

T=1.280000	 Thermalizing iterations... 
Done.
Thermalized Magnetisation = (0.432798,0.048095), Energy = -1.180019 
Averaging iterations... h=0.125000,0.000000
Done.
Final: Magnetisation = (0.421949,-0.020768), Energy = -1.155993 
<M> = (0.428957,-0.000990), <E> = -1.164184 

T=1.270000	 Thermalizing iterations... 
Done.
Thermalized Magnetisation = (0.406322,0.000383), Energy = -1.126079 
Averaging iterations... h=0.125000,0.000000
Done.
Final: Magnetisation = (0.413019,0.040238), Energy = -1.161790 
<M> = (0.438176,0.000550), <E> = -1.175468 

T=1.260000	 Thermalizing iterations... 
Done.
Thermalized Magnetisation = (0.410080,-0.001879), Energy = -1.147376 
Averaging iterations... h=0.125000,0.000000
Done.
Final: Magnetisation = (0.438583,-0.054467), Energy = -1.204794 
<M> = (0.444645,-0.001610), <E> = -1.185746 

T=1.250000	 Thermalizing iterations... 
Done.
Thermalized Magnetisation = (0.463227,-0.072262), Energy = -1.234124 
Averaging iterations... h=0.125000,0.000000
Done.
Final: Magnetisation = (0.427084,0.079033), Energy = -1.204934 
<M> = (0.453758,-0.005566), <E> = -1.199563 

T=1.240000	 Thermalizing iterations... 
Done.
Thermalized Magnetisation = (0.478868,-0.005129), Energy = -1.243991 
Averaging iterations... h=0.125000,0.000000
Done.
Final: Magnetisation = (0.375017,0.004290), Energy = -1.139314 
<M> = (0.461179,-0.000966), <E> = -1.211468 

T=1.230000	 Thermalizing iterations... 
Done.
Thermalized Magnetisation = (0.473758,0.093177), Energy = -1.227409 
Averaging iterations... h=0.125000,0.000000
Done.
Final: Magnetisation = (0.431991,-0.068640), Energy = -1.145833 
<M> = (0.468253,-0.009578), <E> = -1.223687 

T=1.220000	 Thermalizing iterations... 
Done.
Thermalized Magnetisation = (0.481530,-0.029509), Energy = -1.235308 
Averaging iterations... h=0.125000,0.000000
Done.
Final: Magnetisation = (0.461443,-0.054491), Energy = -1.259177 
<M> = (0.474694,-0.007297), <E> = -1.234498 

T=1.210000	 Thermalizing iterations... 
Done.
Thermalized Magnetisation = (0.453473,0.067626), Energy = -1.180180 
Averaging iterations... h=0.125000,0.000000
Done.
Final: Magnetisation = (0.503247,-0.042103), Energy = -1.274484 
<M> = (0.486109,-0.005827), <E> = -1.247794 

T=1.200000	 Thermalizing iterations... 
Done.
Thermalized Magnetisation = (0.546609,-0.060664), Energy = -1.287076 
Averaging iterations... h=0.125000,0.000000
Done.
Final: Magnetisation = (0.484235,-0.003473), Energy = -1.264143 
<M> = (0.494850,0.001775), <E> = -1.258414 

T=1.190000	 Thermalizing iterations... 
Done.
Thermalized Magnetisation = (0.504396,0.001846), Energy = -1.253900 
Averaging iterations... h=0.125000,0.000000
Done.
Final: Magnetisation = (0.495883,-0.101000), Energy = -1.285591 
<M> = (0.503394,-0.002328), <E> = -1.270099 

T=1.180000	 Thermalizing iterations... 
Done.
Thermalized Magnetisation = (0.511991,-0.064037), Energy = -1.285620 
Averaging iterations... h=0.125000,0.000000
Done.
Final: Magnetisation = (0.473389,0.041934), Energy = -1.243022 
<M> = (0.510917,-0.005612), <E> = -1.282494 

T=1.170000	 Thermalizing iterations... 
Done.
Thermalized Magnetisation = (0.481441,0.051816), Energy = -1.278824 
Averaging iterations... h=0.125000,0.000000
Done.
Final: Magnetisation = (0.498354,0.113591), Energy = -1.271233 
<M> = (0.519247,0.001612), <E> = -1.294927 

T=1.160000	 Thermalizing iterations... 
Done.
Thermalized Magnetisation = (0.537156,-0.065015), Energy = -1.316431 
Averaging iterations... h=0.125000,0.000000
Done.
Final: Magnetisation = (0.485943,-0.080187), Energy = -1.267817 
<M> = (0.526849,-0.005253), <E> = -1.307827 

T=1.150000	 Thermalizing iterations... 
Done.
Thermalized Magnetisation = (0.537918,-0.017356), Energy = -1.357933 
Averaging iterations... h=0.125000,0.000000
Done.
Final: Magnetisation = (0.532215,-0.002853), Energy = -1.310911 
<M> = (0.533347,-0.007569), <E> = -1.318999 

T=1.140000	 Thermalizing iterations... 
Done.
Thermalized Magnetisation = (0.524349,-0.058945), Energy = -1.342674 
Averaging iterations... h=0.125000,0.000000
Done.
Final: Magnetisation = (0.564547,-0.077004), Energy = -1.343525 
<M> = (0.541097,-0.013823), <E> = -1.331188 

T=1.130000	 Thermalizing iterations... 
Done.
Thermalized Magnetisation = (0.523106,-0.027155), Energy = -1.294155 
Averaging iterations... h=0.125000,0.000000
Done.
Final: Magnetisation = (0.531937,0.044329), Energy = -1.339094 
<M> = (0.551338,-0.003435), <E> = -1.343102 

T=1.120000	 Thermalizing iterations... 
Done.
Thermalized Magnetisation = (0.547030,0.004809), Energy = -1.357862 
Averaging iterations... h=0.125000,0.000000
Done.
Final: Magnetisation = (0.571656,-0.126120), Energy = -1.355114 
<M> = (0.559079,0.002679), <E> = -1.354040 

T=1.110000	 Thermalizing iterations... 
Done.
Thermalized Magnetisation = (0.591650,-0.034050), Energy = -1.372409 
Averaging iterations... h=0.125000,0.000000
Done.
Final: Magnetisation = (0.600860,-0.001724), Energy = -1.388972 
<M> = (0.564983,0.004118), <E> = -1.364552 

T=1.100000	 Thermalizing iterations... 
Done.
Thermalized Magnetisation = (0.574027,-0.105798), Energy = -1.396149 
Averaging iterations... h=0.125000,0.000000
Done.
Final: Magnetisation = (0.601187,0.036505), Energy = -1.399616 
<M> = (0.572560,-0.002516), <E> = -1.377064 

T=1.090000	 Thermalizing iterations... 
Done.
Thermalized Magnetisation = (0.583216,-0.083421), Energy = -1.406877 
Averaging iterations... h=0.125000,0.000000
Done.
Final: Magnetisation = (0.560138,-0.026239), Energy = -1.403451 
<M> = (0.580811,-0.008992), <E> = -1.389199 

T=1.080000	 Thermalizing iterations... 
Done.
Thermalized Magnetisation = (0.595040,-0.004536), Energy = -1.381069 
Averaging iterations... h=0.125000,0.000000
Done.
Final: Magnetisation = (0.590473,0.051039), Energy = -1.411446 
<M> = (0.587088,-0.012696), <E> = -1.400478 

T=1.070000	 Thermalizing iterations... 
Done.
Thermalized Magnetisation = (0.594702,0.103455), Energy = -1.429868 
Averaging iterations... h=0.125000,0.000000
Done.
Final: Magnetisation = (0.600959,0.027113), Energy = -1.408384 
<M> = (0.594928,-0.009756), <E> = -1.411876 

T=1.060000	 Thermalizing iterations... 
Done.
Thermalized Magnetisation = (0.571516,0.032489), Energy = -1.413806 
Averaging iterations... h=0.125000,0.000000
Done.
Final: Magnetisation = (0.612603,-0.079837), Energy = -1.439426 
<M> = (0.601705,-0.007544), <E> = -1.423197 

T=1.050000	 Thermalizing iterations... 
Done.
Thermalized Magnetisation = (0.614945,-0.125519), Energy = -1.454565 
Averaging iterations... h=0.125000,0.000000
Done.
Final: Magnetisation = (0.576289,-0.065230), Energy = -1.410562 
<M> = (0.610216,0.002760), <E> = -1.433780 

T=1.040000	 Thermalizing iterations... 
Done.
Thermalized Magnetisation = (0.609539,-0.010621), Energy = -1.431660 
Averaging iterations... h=0.125000,0.000000
Done.
Final: Magnetisation = (0.587789,0.021452), Energy = -1.420125 
<M> = (0.614612,-0.003462), <E> = -1.443475 

T=1.030000	 Thermalizing iterations... 
Done.
Thermalized Magnetisation = (0.599144,-0.022109), Energy = -1.414166 
Averaging iterations... h=0.125000,0.000000
Done.
Final: Magnetisation = (0.580844,0.011785), Energy = -1.451328 
<M> = (0.621638,-0.002996), <E> = -1.454675 

T=1.020000	 Thermalizing iterations... 
Done.
Thermalized Magnetisation = (0.645196,-0.017202), Energy = -1.457653 
Averaging iterations... h=0.125000,0.000000
Done.
Final: Magnetisation = (0.639285,0.017998), Energy = -1.492236 
<M> = (0.627453,-0.000072), <E> = -1.465069 

T=1.010000	 Thermalizing iterations... 
Done.
Thermalized Magnetisation = (0.622214,0.061207), Energy = -1.454747 
Averaging iterations... h=0.125000,0.000000
Done.
Final: Magnetisation = (0.648622,0.024125), Energy = -1.487687 
<M> = (0.634968,-0.014093), <E> = -1.477167 

T=1.000000	 Thermalizing iterations... 
Done.
Thermalized Magnetisation = (0.620579,-0.040016), Energy = -1.501876 
Averaging iterations... h=0.125000,0.000000
Done.
Final: Magnetisation = (0.665736,0.046992), Energy = -1.508163 
<M> = (0.638906,-0.007269), <E> = -1.485960 

T=0.990000	 Thermalizing iterations... 
Done.
Thermalized Magnetisation = (0.608200,-0.016277), Energy = -1.516601 
Averaging iterations... h=0.125000,0.000000
Done.
Final: Magnetisation = (0.641924,-0.073835), Energy = -1.482559 
<M> = (0.646198,-0.004928), <E> = -1.496742 

T=0.980000	 Thermalizing iterations... 
Done.
Thermalized Magnetisation = (0.643560,0.097147), Energy = -1.496101 
Averaging iterations... h=0.125000,0.000000
Done.
Final: Magnetisation = (0.656985,-0.053530), Energy = -1.512531 
<M> = (0.651145,-0.001587), <E> = -1.506620 

T=0.970000	 Thermalizing iterations... 
Done.
Thermalized Magnetisation = (0.646891,0.018825), Energy = -1.487003 
Averaging iterations... h=0.125000,0.000000
Done.
Final: Magnetisation = (0.656494,0.101103), Energy = -1.501118 
<M> = (0.658915,0.001339), <E> = -1.516504 

T=0.960000	 Thermalizing iterations... 
Done.
Thermalized Magnetisation = (0.664030,0.031675), Energy = -1.541021 
Averaging iterations... h=0.125000,0.000000
Done.
Final: Magnetisation = (0.703545,0.045822), Energy = -1.518473 
<M> = (0.663366,0.007320), <E> = -1.525542 

T=0.950000	 Thermalizing iterations... 
Done.
Thermalized Magnetisation = (0.663857,0.025448), Energy = -1.508594 
Averaging iterations... h=0.125000,0.000000
Done.
Final: Magnetisation = (0.621891,-0.049196), Energy = -1.519982 
<M> = (0.668639,-0.006831), <E> = -1.535726 

T=0.940000	 Thermalizing iterations... 
Done.
Thermalized Magnetisation = (0.698767,0.127234), Energy = -1.586198 
Averaging iterations... h=0.125000,0.000000
Done.
Final: Magnetisation = (0.672565,0.008508), Energy = -1.543533 
<M> = (0.674141,-0.006068), <E> = -1.545565 

T=0.930000	 Thermalizing iterations... 
Done.
Thermalized Magnetisation = (0.680949,0.007337), Energy = -1.538499 
Averaging iterations... h=0.125000,0.000000
Done.
Final: Magnetisation = (0.668644,-0.010139), Energy = -1.527555 
<M> = (0.678391,-0.016921), <E> = -1.554504 

T=0.920000	 Thermalizing iterations... 
Done.
Thermalized Magnetisation = (0.698314,-0.054369), Energy = -1.573871 
Averaging iterations... h=0.125000,0.000000
Done.
Final: Magnetisation = (0.653687,0.017992), Energy = -1.538310 
<M> = (0.682897,-0.017503), <E> = -1.564198 

T=0.910000	 Thermalizing iterations... 
Done.
Thermalized Magnetisation = (0.699103,-0.047575), Energy = -1.582537 
Averaging iterations... h=0.125000,0.000000
Done.
Final: Magnetisation = (0.702847,0.060152), Energy = -1.601103 
<M> = (0.690740,-0.007588), <E> = -1.572804 

T=0.900000	 Thermalizing iterations... 
Done.
Thermalized Magnetisation = (0.685565,-0.078453), Energy = -1.552248 
Averaging iterations... h=0.125000,0.000000
Done.
Final: Magnetisation = (0.662254,0.064325), Energy = -1.582923 
<M> = (0.695524,-0.013186), <E> = -1.581378 

T=0.890000	 Thermalizing iterations... 
Done.
Thermalized Magnetisation = (0.677109,-0.037848), Energy = -1.579871 
Averaging iterations... h=0.125000,0.000000
Done.
Final: Magnetisation = (0.686638,0.000130), Energy = -1.551483 
<M> = (0.696749,-0.001625), <E> = -1.589500 

T=0.880000	 Thermalizing iterations... 
Done.
Thermalized Magnetisation = (0.711097,-0.014141), Energy = -1.604255 
Averaging iterations... h=0.125000,0.000000
Done.
Final: Magnetisation = (0.720472,0.003834), Energy = -1.608994 
<M> = (0.703634,0.007119), <E> = -1.599087 

T=0.870000	 Thermalizing iterations... 
Done.
Thermalized Magnetisation = (0.750926,-0.043613), Energy = -1.629756 
Averaging iterations... h=0.125000,0.000000
Done.
Final: Magnetisation = (0.742069,-0.067007), Energy = -1.620156 
<M> = (0.708214,-0.004812), <E> = -1.607301 

T=0.860000	 Thermalizing iterations... 
Done.
Thermalized Magnetisation = (0.709437,-0.136806), Energy = -1.634762 
Averaging iterations... h=0.125000,0.000000
Done.
Final: Magnetisation = (0.730410,0.087213), Energy = -1.602397 
<M> = (0.709886,-0.016735), <E> = -1.615768 

T=0.850000	 Thermalizing iterations... 
Done.
Thermalized Magnetisation = (0.724654,-0.051389), Energy = -1.622595 
Averaging iterations... h=0.125000,0.000000
Done.
Final: Magnetisation = (0.693427,0.064686), Energy = -1.604759 
<M> = (0.713607,-0.015803), <E> = -1.623240 

T=0.840000	 Thermalizing iterations... 
Done.
Thermalized Magnetisation = (0.714521,-0.130287), Energy = -1.647748 
Averaging iterations... h=0.125000,0.000000
Done.
Final: Magnetisation = (0.711979,-0.052545), Energy = -1.633227 
<M> = (0.716932,-0.013419), <E> = -1.631803 

T=0.830000	 Thermalizing iterations... 
Done.
Thermalized Magnetisation = (0.733587,0.100465), Energy = -1.659236 
Averaging iterations... h=0.125000,0.000000
Done.
Final: Magnetisation = (0.712414,-0.005532), Energy = -1.641027 
<M> = (0.724914,-0.014867), <E> = -1.640073 

T=0.820000	 Thermalizing iterations... 
Done.
Thermalized Magnetisation = (0.744438,0.010211), Energy = -1.648222 
Averaging iterations... h=0.125000,0.000000
Done.
Final: Magnetisation = (0.745425,-0.063957), Energy = -1.645249 
<M> = (0.729716,-0.007013), <E> = -1.647888 

T=0.810000	 Thermalizing iterations... 
Done.
Thermalized Magnetisation = (0.719157,-0.078439), Energy = -1.619911 
Averaging iterations... h=0.125000,0.000000
Done.
Final: Magnetisation = (0.725677,0.083846), Energy = -1.633673 
<M> = (0.730075,-0.001250), <E> = -1.655043 

T=0.800000	 Thermalizing iterations... 
Done.
Thermalized Magnetisation = (0.709297,-0.143529), Energy = -1.653245 
Averaging iterations... h=0.125000,0.000000
Done.
Final: Magnetisation = (0.747785,-0.079578), Energy = -1.653833 
<M> = (0.735297,0.003351), <E> = -1.663232 

T=0.790000	 Thermalizing iterations... 
Done.
Thermalized Magnetisation = (0.704796,-0.100381), Energy = -1.684848 
Averaging iterations... h=0.125000,0.000000
Done.
Final: Magnetisation = (0.725593,0.061120), Energy = -1.677161 
<M> = (0.740578,-0.014636), <E> = -1.671386 

T=0.780000	 Thermalizing iterations... 
Done.
Thermalized Magnetisation = (0.718854,0.101664), Energy = -1.663503 
Averaging iterations... h=0.125000,0.000000
Done.
Final: Magnetisation = (0.724905,-0.044655), Energy = -1.657719 
<M> = (0.742523,-0.002580), <E> = -1.678411 

T=0.770000	 Thermalizing iterations... 
Done.
Thermalized Magnetisation = (0.788748,0.011022), Energy = -1.716502 
Averaging iterations... h=0.125000,0.000000
Done.
Final: Magnetisation = (0.734631,0.021587), Energy = -1.676126 
<M> = (0.744502,-0.013756), <E> = -1.685660 

T=0.760000	 Thermalizing iterations... 
Done.
Thermalized Magnetisation = (0.759750,0.001268), Energy = -1.674806 
Averaging iterations... h=0.125000,0.000000
Done.
Final: Magnetisation = (0.757970,-0.068566), Energy = -1.716210 
<M> = (0.749968,0.015334), <E> = -1.693336 

T=0.750000	 Thermalizing iterations... 
Done.
Thermalized Magnetisation = (0.758502,0.042479), Energy = -1.688035 
Averaging iterations... h=0.125000,0.000000
Done.
Final: Magnetisation = (0.731240,-0.009672), Energy = -1.694308 
<M> = (0.754846,0.016036), <E> = -1.700756 

T=0.740000	 Thermalizing iterations... 
Done.
Thermalized Magnetisation = (0.771642,-0.021646), Energy = -1.715176 
Averaging iterations... h=0.125000,0.000000
Done.
Final: Magnetisation = (0.736006,-0.173039), Energy = -1.693901 
<M> = (0.758271,-0.009802), <E> = -1.707343 

T=0.730000	 Thermalizing iterations... 
Done.
Thermalized Magnetisation = (0.768789,-0.006507), Energy = -1.696385 
Averaging iterations... h=0.125000,0.000000
Done.
Final: Magnetisation = (0.780404,-0.027708), Energy = -1.726049 
<M> = (0.760974,-0.024632), <E> = -1.714535 

T=0.720000	 Thermalizing iterations... 
Done.
Thermalized Magnetisation = (0.779446,-0.009372), Energy = -1.709992 
Averaging iterations... h=0.125000,0.000000
Done.
Final: Magnetisation = (0.753412,-0.030002), Energy = -1.725626 
<M> = (0.766563,0.008634), <E> = -1.721777 

T=0.710000	 Thermalizing iterations... 
Done.
Thermalized Magnetisation = (0.780976,-0.059735), Energy = -1.736035 
Averaging iterations... h=0.125000,0.000000
Done.
Final: Magnetisation = (0.762635,0.082509), Energy = -1.720585 
<M> = (0.766989,-0.015768), <E> = -1.729122 

T=0.700000	 Thermalizing iterations... 
Done.
Thermalized Magnetisation = (0.783506,-0.102526), Energy = -1.766540 
Averaging iterations... h=0.125000,0.000000
Done.
Final: Magnetisation = (0.772074,-0.069704), Energy = -1.730547 
<M> = (0.768961,-0.021266), <E> = -1.735219 

T=0.690000	 Thermalizing iterations... 
Done.
Thermalized Magnetisation = (0.777426,-0.000035), Energy = -1.742711 
Averaging iterations... h=0.125000,0.000000
Done.
Final: Magnetisation = (0.726571,-0.234161), Energy = -1.713954 
<M> = (0.769317,-0.007568), <E> = -1.742412 

T=0.680000	 Thermalizing iterations... 
Done.
Thermalized Magnetisation = (0.777073,-0.062211), Energy = -1.754971 
Averaging iterations... h=0.125000,0.000000
Done.
Final: Magnetisation = (0.768336,0.095621), Energy = -1.744501 
<M> = (0.779442,-0.004169), <E> = -1.749236 

T=0.670000	 Thermalizing iterations... 
Done.
Thermalized Magnetisation = (0.774820,-0.030725), Energy = -1.763033 
Averaging iterations... h=0.125000,0.000000
Done.
Final: Magnetisation = (0.795633,0.088548), Energy = -1.769331 
<M> = (0.780446,0.015418), <E> = -1.755719 

T=0.660000	 Thermalizing iterations... 
Done.
Thermalized Magnetisation = (0.792964,0.033262), Energy = -1.756061 
Averaging iterations... h=0.125000,0.000000
Done.
Final: Magnetisation = (0.801141,0.028663), Energy = -1.762593 
<M> = (0.782676,-0.012686), <E> = -1.761855 

T=0.650000	 Thermalizing iterations... 
Done.
Thermalized Magnetisation = (0.772993,0.048732), Energy = -1.757017 
Averaging iterations... h=0.125000,0.000000
Done.
Final: Magnetisation = (0.754445,-0.020686), Energy = -1.750068 
<M> = (0.786548,0.011907), <E> = -1.768915 

T=0.640000	 Thermalizing iterations... 
Done.
Thermalized Magnetisation = (0.785202,-0.074976), Energy = -1.778564 
Averaging iterations... h=0.125000,0.000000
Done.
Final: Magnetisation = (0.809885,-0.021770), Energy = -1.783610 
<M> = (0.786852,-0.023409), <E> = -1.775639 

T=0.630000	 Thermalizing iterations... 
Done.
Thermalized Magnetisation = (0.773637,-0.038839), Energy = -1.773147 
Averaging iterations... h=0.125000,0.000000
Done.
Final: Magnetisation = (0.814240,0.000115), Energy = -1.776066 
<M> = (0.791982,-0.023467), <E> = -1.781666 

T=0.620000	 Thermalizing iterations... 
Done.
Thermalized Magnetisation = (0.776493,0.167789), Energy = -1.791964 
Averaging iterations... h=0.125000,0.000000
Done.
Final: Magnetisation = (0.795807,-0.063444), Energy = -1.781279 
<M> = (0.795831,0.005101), <E> = -1.788291 

T=0.610000	 Thermalizing iterations... 
Done.
Thermalized Magnetisation = (0.797690,0.035988), Energy = -1.784379 
Averaging iterations... h=0.125000,0.000000
Done.
Final: Magnetisation = (0.796803,0.000848), Energy = -1.785964 
<M> = (0.800367,0.032187), <E> = -1.794627 

T=0.600000	 Thermalizing iterations... 
Done.
Thermalized Magnetisation = (0.820619,-0.043063), Energy = -1.811231 
Averaging iterations... h=0.125000,0.000000
Done.
Final: Magnetisation = (0.811455,-0.045440), Energy = -1.802369 
<M> = (0.803650,-0.009000), <E> = -1.801314 

T=0.590000	 Thermalizing iterations... 
Done.
Thermalized Magnetisation = (0.797492,-0.038759), Energy = -1.816104 
Averaging iterations... h=0.125000,0.000000
Done.
Final: Magnetisation = (0.801531,-0.018276), Energy = -1.809460 
<M> = (0.804637,-0.009591), <E> = -1.807373 

T=0.580000	 Thermalizing iterations... 
Done.
Thermalized Magnetisation = (0.820717,0.025459), Energy = -1.818748 
Averaging iterations... h=0.125000,0.000000
Done.
Final: Magnetisation = (0.803911,0.076988), Energy = -1.818557 
<M> = (0.809104,-0.007019), <E> = -1.813410 

T=0.570000	 Thermalizing iterations... 
Done.
Thermalized Magnetisation = (0.818988,-0.060618), Energy = -1.821547 
Averaging iterations... h=0.125000,0.000000
Done.
Final: Magnetisation = (0.831843,-0.052319), Energy = -1.824226 
<M> = (0.810003,-0.012752), <E> = -1.819786 

T=0.560000	 Thermalizing iterations... 
Done.
Thermalized Magnetisation = (0.811406,-0.010258), Energy = -1.829678 
Averaging iterations... h=0.125000,0.000000
Done.
Final: Magnetisation = (0.799060,-0.052036), Energy = -1.823460 
<M> = (0.815895,-0.004626), <E> = -1.826057 

T=0.550000	 Thermalizing iterations... 
Done.
Thermalized Magnetisation = (0.832956,-0.007996), Energy = -1.841720 
Averaging iterations... h=0.125000,0.000000
Done.
Final: Magnetisation = (0.810100,0.021764), Energy = -1.838270 
<M> = (0.816284,-0.027685), <E> = -1.831710 

T=0.540000	 Thermalizing iterations... 
Done.
Thermalized Magnetisation = (0.825030,0.042976), Energy = -1.854150 
Averaging iterations... h=0.125000,0.000000
Done.
Final: Magnetisation = (0.828620,-0.055428), Energy = -1.839564 
<M> = (0.817786,0.020668), <E> = -1.837650 

T=0.530000	 Thermalizing iterations... 
Done.
Thermalized Magnetisation = (0.827097,-0.017463), Energy = -1.845173 
Averaging iterations... h=0.125000,0.000000
Done.
Final: Magnetisation = (0.823806,0.047842), Energy = -1.854151 
<M> = (0.822973,0.009449), <E> = -1.843983 

T=0.520000	 Thermalizing iterations... 
Done.
Thermalized Magnetisation = (0.837673,0.037852), Energy = -1.860271 
Averaging iterations... h=0.125000,0.000000
Done.
Final: Magnetisation = (0.828423,0.038488), Energy = -1.846217 
<M> = (0.824333,-0.007949), <E> = -1.849938 

T=0.510000	 Thermalizing iterations... 
Done.
Thermalized Magnetisation = (0.837867,0.031635), Energy = -1.848849 
Averaging iterations... h=0.125000,0.000000
Done.
Final: Magnetisation = (0.843697,-0.037779), Energy = -1.851148 
<M> = (0.828528,0.011151), <E> = -1.855660 

T=0.500000	 Thermalizing iterations... 
Done.
Thermalized Magnetisation = (0.815238,0.026191), Energy = -1.852687 
Averaging iterations... h=0.125000,0.000000
Done.
Final: Magnetisation = (0.814205,-0.140881), Energy = -1.858607 
<M> = (0.831110,-0.049344), <E> = -1.861707 

T=0.490000	 Thermalizing iterations... 
Done.
Thermalized Magnetisation = (0.844213,0.004883), Energy = -1.873283 
Averaging iterations... h=0.125000,0.000000
Done.
Final: Magnetisation = (0.821658,-0.047068), Energy = -1.872839 
<M> = (0.834620,-0.030026), <E> = -1.868213 

T=0.480000	 Thermalizing iterations... 
Done.
Thermalized Magnetisation = (0.833084,-0.011829), Energy = -1.859562 
Averaging iterations... h=0.125000,0.000000
Done.
Final: Magnetisation = (0.839900,0.082300), Energy = -1.868661 
<M> = (0.832084,-0.065087), <E> = -1.873591 

T=0.470000	 Thermalizing iterations... 
Done.
Thermalized Magnetisation = (0.832133,-0.018374), Energy = -1.877005 
Averaging iterations... h=0.125000,0.000000
Done.
Final: Magnetisation = (0.837137,-0.027472), Energy = -1.889268 
<M> = (0.835986,-0.030614), <E> = -1.879314 

T=0.460000	 Thermalizing iterations... 
Done.
Thermalized Magnetisation = (0.849514,-0.016799), Energy = -1.877235 
Averaging iterations... h=0.125000,0.000000
Done.
Final: Magnetisation = (0.835049,-0.016765), Energy = -1.883162 
<M> = (0.844228,-0.006913), <E> = -1.884898 

T=0.450000	 Thermalizing iterations... 
Done.
Thermalized Magnetisation = (0.838563,-0.119104), Energy = -1.885877 
Averaging iterations... h=0.125000,0.000000
Done.
Final: Magnetisation = (0.849276,0.058327), Energy = -1.894044 
<M> = (0.847465,0.001612), <E> = -1.891116 

T=0.440000	 Thermalizing iterations... 
Done.
Thermalized Magnetisation = (0.856758,0.021172), Energy = -1.897820 
Averaging iterations... h=0.125000,0.000000
Done.
Final: Magnetisation = (0.832888,0.125603), Energy = -1.899265 
<M> = (0.848355,-0.017922), <E> = -1.896927 

T=0.430000	 Thermalizing iterations... 
Done.
Thermalized Magnetisation = (0.848197,-0.017651), Energy = -1.899322 
Averaging iterations... h=0.125000,0.000000
Done.
Final: Magnetisation = (0.853033,0.005423), Energy = -1.904284 
<M> = (0.849454,-0.047897), <E> = -1.902800 

T=0.420000	 Thermalizing iterations... 
Done.
Thermalized Magnetisation = (0.833931,-0.052422), Energy = -1.910833 
Averaging iterations... h=0.125000,0.000000
Done.
Final: Magnetisation = (0.843204,0.018895), Energy = -1.902503 
<M> = (0.852874,-0.007653), <E> = -1.908528 

T=0.410000	 Thermalizing iterations... 
Done.
Thermalized Magnetisation = (0.842600,0.073739), Energy = -1.909777 
Averaging iterations... h=0.125000,0.000000
Done.
Final: Magnetisation = (0.865559,-0.073890), Energy = -1.910193 
<M> = (0.853985,0.005401), <E> = -1.914178 

T=0.400000	 Thermalizing iterations... 
Done.
Thermalized Magnetisation = (0.864529,-0.081131), Energy = -1.922281 
Averaging iterations... h=0.125000,0.000000
Done.
Final: Magnetisation = (0.857031,-0.096516), Energy = -1.919583 
<M> = (0.857657,0.016287), <E> = -1.919510 

T=0.390000	 Thermalizing iterations... 
Done.
Thermalized Magnetisation = (0.858574,0.066463), Energy = -1.923604 
Averaging iterations... h=0.125000,0.000000
Done.
Final: Magnetisation = (0.863095,-0.016155), Energy = -1.923251 
<M> = (0.857553,-0.000670), <E> = -1.924940 

T=0.380000	 Thermalizing iterations... 
Done.
Thermalized Magnetisation = (0.849099,0.000039), Energy = -1.927147 
Averaging iterations... h=0.125000,0.000000
Done.
Final: Magnetisation = (0.868337,0.069961), Energy = -1.935804 
<M> = (0.864171,0.032433), <E> = -1.930791 

T=0.370000	 Thermalizing iterations... 
Done.
Thermalized Magnetisation = (0.841874,-0.140971), Energy = -1.937931 
Averaging iterations... h=0.125000,0.000000
Done.
Final: Magnetisation = (0.863622,-0.042997), Energy = -1.940608 
<M> = (0.859658,-0.066272), <E> = -1.936491 

T=0.360000	 Thermalizing iterations... 
Done.
Thermalized Magnetisation = (0.868554,0.018558), Energy = -1.949234 
Averaging iterations... h=0.125000,0.000000
Done.
Final: Magnetisation = (0.870728,0.051042), Energy = -1.948356 
<M> = (0.866727,-0.016112), <E> = -1.941879 

T=0.350000	 Thermalizing iterations... 
Done.
Thermalized Magnetisation = (0.857856,-0.041649), Energy = -1.940678 
Averaging iterations... h=0.125000,0.000000
Done.
Final: Magnetisation = (0.874127,-0.089310), Energy = -1.950135 
<M> = (0.868313,-0.036968), <E> = -1.947631 

T=0.340000	 Thermalizing iterations... 
Done.
Thermalized Magnetisation = (0.877934,0.030929), Energy = -1.952234 
Averaging iterations... h=0.125000,0.000000
Done.
Final: Magnetisation = (0.861893,-0.022741), Energy = -1.954939 
<M> = (0.869357,-0.001301), <E> = -1.953058 

T=0.330000	 Thermalizing iterations... 
Done.
Thermalized Magnetisation = (0.879339,0.073938), Energy = -1.954904 
Averaging iterations... h=0.125000,0.000000
Done.
Final: Magnetisation = (0.869538,0.076611), Energy = -1.956858 
<M> = (0.871548,0.058506), <E> = -1.958391 

T=0.320000	 Thermalizing iterations... 
Done.
Thermalized Magnetisation = (0.851401,-0.064407), Energy = -1.954555 
Averaging iterations... h=0.125000,0.000000
Done.
Final: Magnetisation = (0.857154,-0.052366), Energy = -1.960618 
<M> = (0.875802,0.021518), <E> = -1.963780 

T=0.310000	 Thermalizing iterations... 
Done.
Thermalized Magnetisation = (0.881601,0.067867), Energy = -1.969256 
Averaging iterations... h=0.125000,0.000000
Done.
Final: Magnetisation = (0.873160,0.061182), Energy = -1.970178 
<M> = (0.878269,0.062568), <E> = -1.969376 

T=0.300000	 Thermalizing iterations... 
Done.
Thermalized Magnetisation = (0.890892,-0.005932), Energy = -1.977202 
Averaging iterations... h=0.125000,0.000000
Done.
Final: Magnetisation = (0.897050,-0.035284), Energy = -1.975046 
<M> = (0.884616,0.022236), <E> = -1.974976 

T=0.290000	 Thermalizing iterations... 
Done.
Thermalized Magnetisation = (0.886527,-0.020620), Energy = -1.974033 
Averaging iterations... h=0.125000,0.000000
Done.
Final: Magnetisation = (0.903715,-0.048346), Energy = -1.979020 
<M> = (0.883581,-0.043573), <E> = -1.980462 

T=0.280000	 Thermalizing iterations... 
Done.
Thermalized Magnetisation = (0.878555,-0.064851), Energy = -1.987411 
Averaging iterations... h=0.125000,0.000000
Done.
Final: Magnetisation = (0.886254,-0.060656), Energy = -1.985114 
<M> = (0.884376,-0.075865), <E> = -1.985702 

T=0.270000	 Thermalizing iterations... 
Done.
Thermalized Magnetisation = (0.871659,-0.081407), Energy = -1.991539 
Averaging iterations... h=0.125000,0.000000
Done.
Final: Magnetisation = (0.884148,-0.015735), Energy = -1.992681 
<M> = (0.885958,-0.001194), <E> = -1.991247 

T=0.260000	 Thermalizing iterations... 
Done.
Thermalized Magnetisation = (0.878853,-0.054340), Energy = -1.992119 
Averaging iterations... h=0.125000,0.000000
Done.
Final: Magnetisation = (0.885958,-0.139885), Energy = -1.999436 
<M> = (0.884421,-0.130526), <E> = -1.996572 

T=0.250000	 Thermalizing iterations... 
Done.
Thermalized Magnetisation = (0.885895,-0.019345), Energy = -2.002681 
Averaging iterations... h=0.125000,0.000000
Done.
Final: Magnetisation = (0.895672,-0.041442), Energy = -2.000506 
<M> = (0.889147,-0.050427), <E> = -2.001895 

T=0.240000	 Thermalizing iterations... 
Done.
Thermalized Magnetisation = (0.897653,-0.051372), Energy = -2.008577 
Averaging iterations... h=0.125000,0.000000
Done.
Final: Magnetisation = (0.899138,0.020283), Energy = -2.006245 
<M> = (0.897800,0.011897), <E> = -2.007108 

T=0.230000	 Thermalizing iterations... 
Done.
Thermalized Magnetisation = (0.895540,0.045337), Energy = -2.012377 
Averaging iterations... h=0.125000,0.000000
Done.
Final: Magnetisation = (0.897540,0.109065), Energy = -2.017251 
<M> = (0.899738,0.086079), <E> = -2.012650 

T=0.220000	 Thermalizing iterations... 
Done.
Thermalized Magnetisation = (0.905482,-0.041595), Energy = -2.017838 
Averaging iterations... h=0.125000,0.000000
Done.
Final: Magnetisation = (0.886093,-0.100444), Energy = -2.012773 
<M> = (0.898076,-0.024486), <E> = -2.017791 

T=0.210000	 Thermalizing iterations... 
Done.
Thermalized Magnetisation = (0.900060,0.028276), Energy = -2.022115 
Averaging iterations... h=0.125000,0.000000
Done.
Final: Magnetisation = (0.897555,0.078570), Energy = -2.020518 
<M> = (0.902249,0.015886), <E> = -2.023136 

T=0.200000	 Thermalizing iterations... 
Done.
Thermalized Magnetisation = (0.900667,-0.120914), Energy = -2.028941 
Averaging iterations... h=0.125000,0.000000
Done.
Final: Magnetisation = (0.912820,-0.043861), Energy = -2.030284 
<M> = (0.903076,-0.058763), <E> = -2.028544 

T=0.190000	 Thermalizing iterations... 
Done.
Thermalized Magnetisation = (0.892866,-0.116455), Energy = -2.034321 
Averaging iterations... h=0.125000,0.000000
Done.
Final: Magnetisation = (0.915353,-0.030141), Energy = -2.033034 
<M> = (0.905312,-0.089179), <E> = -2.033701 

T=0.180000	 Thermalizing iterations... 
Done.
Thermalized Magnetisation = (0.905021,0.057427), Energy = -2.039397 
Averaging iterations... h=0.125000,0.000000
Done.
Final: Magnetisation = (0.909616,-0.029402), Energy = -2.041018 
<M> = (0.904120,0.010349), <E> = -2.039100 

T=0.170000	 Thermalizing iterations... 
Done.
Thermalized Magnetisation = (0.908141,0.020964), Energy = -2.041467 
Averaging iterations... h=0.125000,0.000000
Done.
Final: Magnetisation = (0.899200,0.035392), Energy = -2.045861 
<M> = (0.906855,0.022825), <E> = -2.044318 

T=0.160000	 Thermalizing iterations... 
Done.
Thermalized Magnetisation = (0.913914,0.025026), Energy = -2.048635 
Averaging iterations... h=0.125000,0.000000
Done.
Final: Magnetisation = (0.910714,0.111687), Energy = -2.047023 
<M> = (0.912797,0.025633), <E> = -2.049470 

T=0.150000	 Thermalizing iterations... 
Done.
Thermalized Magnetisation = (0.900648,0.096700), Energy = -2.052400 
Averaging iterations... h=0.125000,0.000000
Done.
Final: Magnetisation = (0.922078,0.019727), Energy = -2.057899 
<M> = (0.912530,0.040587), <E> = -2.054557 

T=0.140000	 Thermalizing iterations... 
Done.
Thermalized Magnetisation = (0.915141,-0.003141), Energy = -2.062261 
Averaging iterations... h=0.125000,0.000000
Done.
Final: Magnetisation = (0.919959,0.023895), Energy = -2.061027 
<M> = (0.917538,0.012751), <E> = -2.059837 

T=0.130000	 Thermalizing iterations... 
Done.
Thermalized Magnetisation = (0.913922,-0.055065), Energy = -2.065203 
Averaging iterations... h=0.125000,0.000000
Done.
Final: Magnetisation = (0.918102,-0.075305), Energy = -2.065929 
<M> = (0.917168,-0.032757), <E> = -2.064916 

T=0.120000	 Thermalizing iterations... 
Done.
Thermalized Magnetisation = (0.916725,0.009475), Energy = -2.069841 
Averaging iterations... h=0.125000,0.000000
Done.
Final: Magnetisation = (0.917737,-0.037590), Energy = -2.069628 
<M> = (0.920274,-0.001517), <E> = -2.070083 

T=0.110000	 Thermalizing iterations... 
Done.
Thermalized Magnetisation = (0.917688,-0.011727), Energy = -2.074875 
Averaging iterations... h=0.125000,0.000000
Done.
Final: Magnetisation = (0.924672,-0.020988), Energy = -2.076650 
<M> = (0.917812,-0.051039), <E> = -2.075268 

T=0.100000	 Thermalizing iterations... 
Done.
Thermalized Magnetisation = (0.918714,-0.025974), Energy = -2.078169 
Averaging iterations... h=0.125000,0.000000
Done.
Final: Magnetisation = (0.919971,-0.021852), Energy = -2.082881 
<M> = (0.922224,-0.003462), <E> = -2.080499 

T=0.090000	 Thermalizing iterations... 
Done.
Thermalized Magnetisation = (0.923150,-0.018902), Energy = -2.086273 
Averaging iterations... h=0.125000,0.000000
Done.
Final: Magnetisation = (0.921457,-0.018480), Energy = -2.086047 
<M> = (0.922886,-0.033884), <E> = -2.085658 

T=0.080000	 Thermalizing iterations... 
Done.
Thermalized Magnetisation = (0.930513,-0.037860), Energy = -2.090615 
Averaging iterations... h=0.125000,0.000000
Done.
Final: Magnetisation = (0.932497,-0.018261), Energy = -2.091345 
<M> = (0.926447,-0.026763), <E> = -2.090631 

T=0.070000	 Thermalizing iterations... 
Done.
Thermalized Magnetisation = (0.929641,-0.037133), Energy = -2.097097 
Averaging iterations... h=0.125000,0.000000
Done.
Final: Magnetisation = (0.931530,-0.029810), Energy = -2.094611 
<M> = (0.927197,-0.050659), <E> = -2.095777 

T=0.060000	 Thermalizing iterations... 
Done.
Thermalized Magnetisation = (0.926834,-0.034538), Energy = -2.100278 
Averaging iterations... h=0.125000,0.000000
Done.
Final: Magnetisation = (0.928683,-0.048700), Energy = -2.101425 
<M> = (0.927611,-0.042438), <E> = -2.100844 

T=0.050000	 Thermalizing iterations... 
Done.
Thermalized Magnetisation = (0.932060,-0.057187), Energy = -2.105237 
Averaging iterations... h=0.125000,0.000000
Done.
Final: Magnetisation = (0.931257,-0.061665), Energy = -2.106353 
<M> = (0.929551,-0.044527), <E> = -2.105919 

T=0.040000	 Thermalizing iterations... 
Done.
Thermalized Magnetisation = (0.931114,-0.049693), Energy = -2.111045 
Averaging iterations... h=0.125000,0.000000
Done.
Final: Magnetisation = (0.935104,-0.033357), Energy = -2.111083 
<M> = (0.931728,-0.034626), <E> = -2.110940 

T=0.030000	 Thermalizing iterations... 
Done.
Thermalized Magnetisation = (0.935429,-0.047494), Energy = -2.115696 
Averaging iterations... h=0.125000,0.000000
Done.
Final: Magnetisation = (0.937106,-0.053328), Energy = -2.116119 
<M> = (0.932198,-0.062981), <E> = -2.116023 

T=0.020000	 Thermalizing iterations... 
Done.
Thermalized Magnetisation = (0.934631,-0.055982), Energy = -2.120921 
Averaging iterations... h=0.125000,0.000000
Done.
Final: Magnetisation = (0.933177,-0.056984), Energy = -2.121120 
<M> = (0.933849,-0.064125), <E> = -2.121037 

T=0.010000	 Thermalizing iterations... 
Done.
Thermalized Magnetisation = (0.933909,-0.055728), Energy = -2.126019 
Averaging iterations... h=0.125000,0.000000
Done.
Final: Magnetisation = (0.936903,-0.047143), Energy = -2.126068 
<M> = (0.934797,-0.052791), <E> = -2.126060 
Final Magnetisation = (0.936903,-0.047143), Energy = -2.126068 
------------------------

Updating all (first)black/(then)white checkerboard sites simultaneously.. 

ztne RFXY h rotating with |h|=0.125000 at T=0.000000..
loop 1

loop 2

CPU  Start Time = 28234.480122 

CPU  End Time = 36653.004414 

CPU Time elapsed total = 8418.524292 

real	140m18.536s
user	2376m6.422s
sys	1m9.795s
