nearest neighbor initialized. 
J loaded. 
h loaded. 
L = 32, dim_L = 2, dim_S = 2
hysteresis_MCS_multiplier = 10, hysteresis_MCS_max = 100
RAND_MAX = 2147483647.000000,
 sizeof(int) = 4,
 sizeof(long) = 8,
 sizeof(double) = 8,
 sizeof(long int) = 8,
 sizeof(short int) = 2,
 sizeof(unsigned int) = 4,
 sizeof(RAND_MAX) = 4

OpenMP Active.

No. of THREADS = 24
No. of PROCESSORS = 24

0.145037,0.086263
order = ({1.000000-->-1.000000,0.000000}, 0, 1)
Initial Magnetisation = (0.145037,0.086263), Energy = -0.039131 
Cooling... 
T=2.000000	 Thermalizing iterations... 
Done.
Thermalized Magnetisation = (-0.007260,-0.236146), Energy = -0.589712 
Averaging iterations... h=0.062500,0.000000
Done.
Final: Magnetisation = (0.099505,0.195286), Energy = -0.771306 
<M> = (0.047459,0.002465), <E> = -0.750283 

T=1.950000	 Thermalizing iterations... 
Done.
Thermalized Magnetisation = (-0.103757,0.160392), Energy = -0.710575 
Averaging iterations... h=0.062500,0.000000
Done.
Final: Magnetisation = (0.028864,-0.031726), Energy = -0.732829 
<M> = (0.045070,0.000774), <E> = -0.767931 

T=1.900000	 Thermalizing iterations... 
Done.
Thermalized Magnetisation = (0.166698,0.188126), Energy = -0.783522 
Averaging iterations... h=0.062500,0.000000
Done.
Final: Magnetisation = (-0.026461,-0.074817), Energy = -0.685282 
<M> = (0.053156,0.006500), <E> = -0.788392 

T=1.850000	 Thermalizing iterations... 
Done.
Thermalized Magnetisation = (0.010359,-0.157451), Energy = -0.836034 
Averaging iterations... h=0.062500,0.000000
Done.
Final: Magnetisation = (0.135418,-0.243403), Energy = -0.843685 
<M> = (0.054905,0.004230), <E> = -0.810743 

T=1.800000	 Thermalizing iterations... 
Done.
Thermalized Magnetisation = (0.105122,0.250047), Energy = -0.883950 
Averaging iterations... h=0.062500,0.000000
Done.
Final: Magnetisation = (0.281433,0.198473), Energy = -0.806065 
<M> = (0.054007,0.001626), <E> = -0.830291 

T=1.750000	 Thermalizing iterations... 
Done.
Thermalized Magnetisation = (0.185784,0.064151), Energy = -0.823303 
Averaging iterations... h=0.062500,0.000000
Done.
Final: Magnetisation = (0.014585,0.115856), Energy = -0.786402 
<M> = (0.062365,-0.000788), <E> = -0.851129 

T=1.700000	 Thermalizing iterations... 
Done.
Thermalized Magnetisation = (0.130852,-0.104120), Energy = -0.732468 
Averaging iterations... h=0.062500,0.000000
Done.
Final: Magnetisation = (-0.030871,-0.062945), Energy = -0.957770 
<M> = (0.067441,0.002595), <E> = -0.874511 

T=1.650000	 Thermalizing iterations... 
Done.
Thermalized Magnetisation = (0.026941,-0.020107), Energy = -0.836446 
Averaging iterations... h=0.062500,0.000000
Done.
Final: Magnetisation = (-0.083135,-0.129589), Energy = -0.972798 
<M> = (0.069760,-0.002265), <E> = -0.897449 

T=1.600000	 Thermalizing iterations... 
Done.
Thermalized Magnetisation = (0.243373,-0.000002), Energy = -0.834414 
Averaging iterations... h=0.062500,0.000000
Done.
Final: Magnetisation = (0.198690,0.013254), Energy = -0.865601 
<M> = (0.081244,-0.001452), <E> = -0.925589 

T=1.550000	 Thermalizing iterations... 
Done.
Thermalized Magnetisation = (0.112911,-0.197695), Energy = -1.012348 
Averaging iterations... h=0.062500,0.000000
Done.
Final: Magnetisation = (-0.061406,-0.117111), Energy = -0.925948 
<M> = (0.082986,-0.002071), <E> = -0.949705 

T=1.500000	 Thermalizing iterations... 
Done.
Thermalized Magnetisation = (0.223750,0.135925), Energy = -0.924601 
Averaging iterations... h=0.062500,0.000000
Done.
Final: Magnetisation = (0.064490,-0.187580), Energy = -1.024572 
<M> = (0.094943,0.006471), <E> = -0.980702 

T=1.450000	 Thermalizing iterations... 
Done.
Thermalized Magnetisation = (-0.045759,-0.235533), Energy = -0.963424 
Averaging iterations... h=0.062500,0.000000
Done.
Final: Magnetisation = (-0.005552,-0.308153), Energy = -0.939385 
<M> = (0.106741,-0.001712), <E> = -1.013598 

T=1.400000	 Thermalizing iterations... 
Done.
Thermalized Magnetisation = (0.080519,-0.104987), Energy = -1.043589 
Averaging iterations... h=0.062500,0.000000
Done.
Final: Magnetisation = (0.293751,-0.241645), Energy = -1.224431 
<M> = (0.116384,0.008522), <E> = -1.044159 

T=1.350000	 Thermalizing iterations... 
Done.
Thermalized Magnetisation = (0.118880,0.273709), Energy = -1.008920 
Averaging iterations... h=0.062500,0.000000
Done.
Final: Magnetisation = (0.287196,0.139114), Energy = -1.290884 
<M> = (0.130102,-0.000296), <E> = -1.081867 

T=1.300000	 Thermalizing iterations... 
Done.
Thermalized Magnetisation = (0.279963,0.026035), Energy = -1.112737 
Averaging iterations... h=0.062500,0.000000
Done.
Final: Magnetisation = (0.272929,-0.201154), Energy = -1.071813 
<M> = (0.143287,0.003515), <E> = -1.116947 

T=1.250000	 Thermalizing iterations... 
Done.
Thermalized Magnetisation = (0.209762,-0.035419), Energy = -1.179914 
Averaging iterations... h=0.062500,0.000000
Done.
Final: Magnetisation = (-0.040277,-0.231459), Energy = -1.229635 
<M> = (0.165934,0.000893), <E> = -1.157637 

T=1.200000	 Thermalizing iterations... 
Done.
Thermalized Magnetisation = (0.106476,-0.094191), Energy = -1.193424 
Averaging iterations... h=0.062500,0.000000
Done.
Final: Magnetisation = (-0.109056,0.284768), Energy = -1.229446 
<M> = (0.187573,0.005518), <E> = -1.204316 

T=1.150000	 Thermalizing iterations... 
Done.
Thermalized Magnetisation = (0.244337,0.075990), Energy = -1.285455 
Averaging iterations... h=0.062500,0.000000
Done.
Final: Magnetisation = (0.476461,-0.436952), Energy = -1.348499 
<M> = (0.221471,-0.006315), <E> = -1.241828 

T=1.100000	 Thermalizing iterations... 
Done.
Thermalized Magnetisation = (0.306949,-0.199718), Energy = -1.221116 
Averaging iterations... h=0.062500,0.000000
Done.
Final: Magnetisation = (0.113982,0.130808), Energy = -1.248071 
<M> = (0.246930,0.012472), <E> = -1.291501 

T=1.050000	 Thermalizing iterations... 
Done.
Thermalized Magnetisation = (0.384261,-0.118421), Energy = -1.383082 
Averaging iterations... h=0.062500,0.000000
Done.
Final: Magnetisation = (0.319679,-0.143537), Energy = -1.283466 
<M> = (0.279373,0.006063), <E> = -1.340138 

T=1.000000	 Thermalizing iterations... 
Done.
Thermalized Magnetisation = (0.283636,-0.204937), Energy = -1.426130 
Averaging iterations... h=0.062500,0.000000
Done.
Final: Magnetisation = (0.454687,-0.051182), Energy = -1.253008 
<M> = (0.311501,0.008242), <E> = -1.386462 

T=0.950000	 Thermalizing iterations... 
Done.
Thermalized Magnetisation = (0.481947,-0.000908), Energy = -1.451978 
Averaging iterations... h=0.062500,0.000000
Done.
Final: Magnetisation = (0.496111,-0.199428), Energy = -1.496182 
<M> = (0.349581,-0.029679), <E> = -1.438312 

T=0.900000	 Thermalizing iterations... 
Done.
Thermalized Magnetisation = (0.325367,0.259797), Energy = -1.474023 
Averaging iterations... h=0.062500,0.000000
Done.
Final: Magnetisation = (0.362143,-0.106141), Energy = -1.450983 
<M> = (0.394982,0.017554), <E> = -1.489176 

T=0.850000	 Thermalizing iterations... 
Done.
Thermalized Magnetisation = (0.555237,0.323856), Energy = -1.544385 
Averaging iterations... h=0.062500,0.000000
Done.
Final: Magnetisation = (0.099744,0.223055), Energy = -1.506805 
<M> = (0.437297,0.042171), <E> = -1.534345 

T=0.800000	 Thermalizing iterations... 
Done.
Thermalized Magnetisation = (0.349542,0.230374), Energy = -1.585584 
Averaging iterations... h=0.062500,0.000000
Done.
Final: Magnetisation = (0.610156,-0.176555), Energy = -1.571258 
<M> = (0.469519,0.005788), <E> = -1.582268 

T=0.750000	 Thermalizing iterations... 
Done.
Thermalized Magnetisation = (0.459853,-0.256604), Energy = -1.620928 
Averaging iterations... h=0.062500,0.000000
Done.
Final: Magnetisation = (0.473141,-0.314873), Energy = -1.622865 
<M> = (0.499474,0.024036), <E> = -1.620677 

T=0.700000	 Thermalizing iterations... 
Done.
Thermalized Magnetisation = (0.541228,-0.207565), Energy = -1.574095 
Averaging iterations... h=0.062500,0.000000
Done.
Final: Magnetisation = (0.333184,-0.580588), Energy = -1.696350 
<M> = (0.538685,-0.076884), <E> = -1.662000 

T=0.650000	 Thermalizing iterations... 
Done.
Thermalized Magnetisation = (0.380192,-0.402402), Energy = -1.672830 
Averaging iterations... h=0.062500,0.000000
Done.
Final: Magnetisation = (0.494049,-0.379085), Energy = -1.713087 
<M> = (0.568452,-0.217582), <E> = -1.700013 

T=0.600000	 Thermalizing iterations... 
Done.
Thermalized Magnetisation = (0.694122,0.230891), Energy = -1.666668 
Averaging iterations... h=0.062500,0.000000
Done.
Final: Magnetisation = (0.552846,0.488984), Energy = -1.764028 
<M> = (0.571483,0.030582), <E> = -1.735000 

T=0.550000	 Thermalizing iterations... 
Done.
Thermalized Magnetisation = (0.696596,0.041651), Energy = -1.806600 
Averaging iterations... h=0.062500,0.000000
Done.
Final: Magnetisation = (0.617044,-0.111338), Energy = -1.731560 
<M> = (0.586740,0.156963), <E> = -1.766713 

T=0.500000	 Thermalizing iterations... 
Done.
Thermalized Magnetisation = (0.450578,0.646606), Energy = -1.813860 
Averaging iterations... h=0.062500,0.000000
Done.
Final: Magnetisation = (0.576669,0.331416), Energy = -1.755439 
<M> = (0.586610,0.045078), <E> = -1.796548 

T=0.450000	 Thermalizing iterations... 
Done.
Thermalized Magnetisation = (0.605946,0.237738), Energy = -1.815552 
Averaging iterations... h=0.062500,0.000000
Done.
Final: Magnetisation = (0.803487,0.010634), Energy = -1.774500 
<M> = (0.574141,0.462482), <E> = -1.828155 

T=0.400000	 Thermalizing iterations... 
Done.
Thermalized Magnetisation = (0.676276,-0.167407), Energy = -1.870342 
Averaging iterations... h=0.062500,0.000000
Done.
Final: Magnetisation = (0.507874,-0.542963), Energy = -1.873067 
<M> = (0.582929,-0.512630), <E> = -1.856096 

T=0.350000	 Thermalizing iterations... 
Done.
Thermalized Magnetisation = (0.623279,-0.394470), Energy = -1.894139 
Averaging iterations... h=0.062500,0.000000
Done.
Final: Magnetisation = (0.671038,-0.422435), Energy = -1.882963 
<M> = (0.591706,-0.510340), <E> = -1.885238 

T=0.300000	 Thermalizing iterations... 
Done.
Thermalized Magnetisation = (0.536888,-0.552520), Energy = -1.914407 
Averaging iterations... h=0.062500,0.000000
Done.
Final: Magnetisation = (0.372393,-0.769595), Energy = -1.899709 
<M> = (0.587090,-0.559194), <E> = -1.912802 

T=0.250000	 Thermalizing iterations... 
Done.
Thermalized Magnetisation = (0.528414,-0.708269), Energy = -1.948529 
Averaging iterations... h=0.062500,0.000000
Done.
Final: Magnetisation = (0.517194,-0.671876), Energy = -1.936769 
<M> = (0.545359,-0.648272), <E> = -1.941044 

T=0.200000	 Thermalizing iterations... 
Done.
Thermalized Magnetisation = (0.372772,-0.776790), Energy = -1.970599 
Averaging iterations... h=0.062500,0.000000
Done.
Final: Magnetisation = (0.597037,-0.627014), Energy = -1.959046 
<M> = (0.566855,-0.642262), <E> = -1.967228 

T=0.150000	 Thermalizing iterations... 
Done.
Thermalized Magnetisation = (0.452582,-0.765654), Energy = -1.991370 
Averaging iterations... h=0.062500,0.000000
Done.
Final: Magnetisation = (0.555847,-0.682472), Energy = -1.987042 
<M> = (0.575001,-0.665215), <E> = -1.993353 

T=0.100000	 Thermalizing iterations... 
Done.
Thermalized Magnetisation = (0.585838,-0.687530), Energy = -2.015908 
Averaging iterations... h=0.062500,0.000000
Done.
Final: Magnetisation = (0.572781,-0.678045), Energy = -2.017887 
<M> = (0.566722,-0.692438), <E> = -2.019592 

T=0.050000	 Thermalizing iterations... 
Done.
Thermalized Magnetisation = (0.594611,-0.689399), Energy = -2.048301 
Averaging iterations... h=0.062500,0.000000
Done.
Final: Magnetisation = (0.576552,-0.677969), Energy = -2.042452 
<M> = (0.566365,-0.709368), <E> = -2.045065 
Final Magnetisation = (0.576552,-0.677969), Energy = -2.042452 
------------------------

Updating all (first)black/(then)white checkerboard sites simultaneously.. 

ztne RFXY h rotating with |h|=0.062500 at T=0.000000..
loop 1

loop 2

Cooling protocol time (from T=2.000000 to T=0.000000) = 199.550429 

CPU Time elapsed total = 199.571558 
All done - 200 seconds elapsed.
