nearest neighbor initialized. 
J loaded. 
h loaded. 
L = 32, dim_L = 2, dim_S = 2
hysteresis_MCS_multiplier = 10, hysteresis_MCS_max = 100
RAND_MAX = 2147483647.000000,
 sizeof(int) = 4,
 sizeof(long) = 8,
 sizeof(double) = 8,
 sizeof(long int) = 8,
 sizeof(short int) = 2,
 sizeof(unsigned int) = 4,
 sizeof(RAND_MAX) = 4

OpenMP Active.

No. of THREADS = 24
No. of PROCESSORS = 24

0.139269,0.072821
order = ({1.000000-->-1.000000,0.000000}, 0, 1)
Initial Magnetisation = (0.139269,0.072821), Energy = -0.013616 
Cooling... 
T=2.000000	 Thermalizing iterations... 
Done.
Thermalized Magnetisation = (0.035167,-0.221718), Energy = -0.535012 
Averaging iterations... h=0.071429,0.000000
Done.
Final: Magnetisation = (0.227658,-0.319053), Energy = -0.869231 
<M> = (0.044782,0.003348), <E> = -0.757718 

T=1.950000	 Thermalizing iterations... 
Done.
Thermalized Magnetisation = (0.074237,0.088666), Energy = -0.810004 
Averaging iterations... h=0.071429,0.000000
Done.
Final: Magnetisation = (-0.098792,-0.260570), Energy = -0.857693 
<M> = (0.042921,0.002418), <E> = -0.774674 

T=1.900000	 Thermalizing iterations... 
Done.
Thermalized Magnetisation = (0.132187,-0.255823), Energy = -0.989839 
Averaging iterations... h=0.071429,0.000000
Done.
Final: Magnetisation = (-0.152114,-0.058297), Energy = -0.841870 
<M> = (0.049928,0.005259), <E> = -0.795815 

T=1.850000	 Thermalizing iterations... 
Done.
Thermalized Magnetisation = (-0.146998,0.175127), Energy = -0.724739 
Averaging iterations... h=0.071429,0.000000
Done.
Final: Magnetisation = (-0.007934,0.002538), Energy = -0.751713 
<M> = (0.049783,0.001269), <E> = -0.814492 

T=1.800000	 Thermalizing iterations... 
Done.
Thermalized Magnetisation = (-0.019990,-0.206464), Energy = -0.840314 
Averaging iterations... h=0.071429,0.000000
Done.
Final: Magnetisation = (0.065139,0.003045), Energy = -0.953229 
<M> = (0.051124,-0.001281), <E> = -0.834758 

T=1.750000	 Thermalizing iterations... 
Done.
Thermalized Magnetisation = (0.159062,-0.165563), Energy = -0.872615 
Averaging iterations... h=0.071429,0.000000
Done.
Final: Magnetisation = (-0.001137,-0.208034), Energy = -0.733418 
<M> = (0.060352,0.005757), <E> = -0.857595 

T=1.700000	 Thermalizing iterations... 
Done.
Thermalized Magnetisation = (0.077516,0.150654), Energy = -0.799958 
Averaging iterations... h=0.071429,0.000000
Done.
Final: Magnetisation = (-0.011644,0.063674), Energy = -0.943254 
<M> = (0.066874,0.001256), <E> = -0.886257 

T=1.650000	 Thermalizing iterations... 
Done.
Thermalized Magnetisation = (0.196404,0.086357), Energy = -0.881657 
Averaging iterations... h=0.071429,0.000000
Done.
Final: Magnetisation = (-0.077303,0.051562), Energy = -0.885030 
<M> = (0.069158,0.001379), <E> = -0.904239 

T=1.600000	 Thermalizing iterations... 
Done.
Thermalized Magnetisation = (0.067483,-0.049194), Energy = -0.849542 
Averaging iterations... h=0.071429,0.000000
Done.
Final: Magnetisation = (0.225480,-0.028524), Energy = -0.785170 
<M> = (0.077642,0.000962), <E> = -0.935649 

T=1.550000	 Thermalizing iterations... 
Done.
Thermalized Magnetisation = (0.046489,-0.157507), Energy = -0.975921 
Averaging iterations... h=0.071429,0.000000
Done.
Final: Magnetisation = (0.142004,0.163305), Energy = -1.018764 
<M> = (0.079081,-0.002029), <E> = -0.959404 

T=1.500000	 Thermalizing iterations... 
Done.
Thermalized Magnetisation = (0.164160,0.064387), Energy = -0.939685 
Averaging iterations... h=0.071429,0.000000
Done.
Final: Magnetisation = (-0.012882,0.192766), Energy = -0.887459 
<M> = (0.098394,0.009685), <E> = -0.990260 

T=1.450000	 Thermalizing iterations... 
Done.
Thermalized Magnetisation = (-0.101899,0.071441), Energy = -1.000876 
Averaging iterations... h=0.071429,0.000000
Done.
Final: Magnetisation = (-0.064885,-0.043910), Energy = -1.031048 
<M> = (0.100462,0.005014), <E> = -1.021526 

T=1.400000	 Thermalizing iterations... 
Done.
Thermalized Magnetisation = (0.170899,-0.005096), Energy = -1.090357 
Averaging iterations... h=0.071429,0.000000
Done.
Final: Magnetisation = (0.086210,0.210691), Energy = -1.125802 
<M> = (0.111885,0.007778), <E> = -1.055886 

T=1.350000	 Thermalizing iterations... 
Done.
Thermalized Magnetisation = (0.210600,-0.062903), Energy = -1.072533 
Averaging iterations... h=0.071429,0.000000
Done.
Final: Magnetisation = (0.023730,-0.080572), Energy = -1.210937 
<M> = (0.125359,-0.001091), <E> = -1.091692 

T=1.300000	 Thermalizing iterations... 
Done.
Thermalized Magnetisation = (0.068209,0.032188), Energy = -1.189376 
Averaging iterations... h=0.071429,0.000000
Done.
Final: Magnetisation = (0.057492,0.021984), Energy = -1.139514 
<M> = (0.133262,0.005282), <E> = -1.129811 

T=1.250000	 Thermalizing iterations... 
Done.
Thermalized Magnetisation = (0.146486,0.145011), Energy = -1.143300 
Averaging iterations... h=0.071429,0.000000
Done.
Final: Magnetisation = (0.080203,0.006179), Energy = -1.093796 
<M> = (0.155758,-0.000290), <E> = -1.165317 

T=1.200000	 Thermalizing iterations... 
Done.
Thermalized Magnetisation = (-0.169980,0.124437), Energy = -1.169281 
Averaging iterations... h=0.071429,0.000000
Done.
Final: Magnetisation = (0.314947,-0.065079), Energy = -1.183650 
<M> = (0.169008,0.006973), <E> = -1.209591 

T=1.150000	 Thermalizing iterations... 
Done.
Thermalized Magnetisation = (-0.088943,-0.205194), Energy = -1.184898 
Averaging iterations... h=0.071429,0.000000
Done.
Final: Magnetisation = (0.379830,0.115111), Energy = -1.265593 
<M> = (0.196870,-0.005464), <E> = -1.245748 

T=1.100000	 Thermalizing iterations... 
Done.
Thermalized Magnetisation = (0.124261,0.137993), Energy = -1.231375 
Averaging iterations... h=0.071429,0.000000
Done.
Final: Magnetisation = (0.188892,-0.010803), Energy = -1.386673 
<M> = (0.227226,0.000636), <E> = -1.298674 

T=1.050000	 Thermalizing iterations... 
Done.
Thermalized Magnetisation = (0.166235,-0.028125), Energy = -1.209882 
Averaging iterations... h=0.071429,0.000000
Done.
Final: Magnetisation = (0.347724,-0.050718), Energy = -1.379107 
<M> = (0.250931,0.008354), <E> = -1.339474 

T=1.000000	 Thermalizing iterations... 
Done.
Thermalized Magnetisation = (0.101409,-0.288834), Energy = -1.286685 
Averaging iterations... h=0.071429,0.000000
Done.
Final: Magnetisation = (-0.050978,-0.246651), Energy = -1.383794 
<M> = (0.264678,-0.016819), <E> = -1.386632 

T=0.950000	 Thermalizing iterations... 
Done.
Thermalized Magnetisation = (0.079435,0.554208), Energy = -1.438221 
Averaging iterations... h=0.071429,0.000000
Done.
Final: Magnetisation = (0.244325,-0.037788), Energy = -1.303659 
<M> = (0.295332,-0.001759), <E> = -1.435598 

T=0.900000	 Thermalizing iterations... 
Done.
Thermalized Magnetisation = (0.028454,-0.364201), Energy = -1.423699 
Averaging iterations... h=0.071429,0.000000
Done.
Final: Magnetisation = (0.205474,0.024828), Energy = -1.478441 
<M> = (0.340877,0.020883), <E> = -1.486884 

T=0.850000	 Thermalizing iterations... 
Done.
Thermalized Magnetisation = (0.440395,0.050551), Energy = -1.547117 
Averaging iterations... h=0.071429,0.000000
Done.
Final: Magnetisation = (0.422779,-0.064556), Energy = -1.591437 
<M> = (0.380975,0.009713), <E> = -1.530855 

T=0.800000	 Thermalizing iterations... 
Done.
Thermalized Magnetisation = (0.538378,0.157202), Energy = -1.540985 
Averaging iterations... h=0.071429,0.000000
Done.
Final: Magnetisation = (0.466022,0.075851), Energy = -1.541325 
<M> = (0.422573,0.020149), <E> = -1.579814 

T=0.750000	 Thermalizing iterations... 
Done.
Thermalized Magnetisation = (0.615470,-0.450669), Energy = -1.606972 
Averaging iterations... h=0.071429,0.000000
Done.
Final: Magnetisation = (0.618089,0.229576), Energy = -1.635006 
<M> = (0.454026,-0.009213), <E> = -1.617917 

T=0.700000	 Thermalizing iterations... 
Done.
Thermalized Magnetisation = (0.397141,0.562978), Energy = -1.667100 
Averaging iterations... h=0.071429,0.000000
Done.
Final: Magnetisation = (0.514689,0.581132), Energy = -1.717976 
<M> = (0.444988,0.018014), <E> = -1.662026 

T=0.650000	 Thermalizing iterations... 
Done.
Thermalized Magnetisation = (0.267801,-0.307628), Energy = -1.564632 
Averaging iterations... h=0.071429,0.000000
Done.
Final: Magnetisation = (0.631521,0.346609), Energy = -1.759741 
<M> = (0.541075,-0.180720), <E> = -1.697859 

T=0.600000	 Thermalizing iterations... 
Done.
Thermalized Magnetisation = (0.544367,0.483713), Energy = -1.739531 
Averaging iterations... h=0.071429,0.000000
Done.
Final: Magnetisation = (0.564618,0.369295), Energy = -1.668885 
<M> = (0.510850,0.099421), <E> = -1.736196 

T=0.550000	 Thermalizing iterations... 
Done.
Thermalized Magnetisation = (0.387694,0.627669), Energy = -1.761475 
Averaging iterations... h=0.071429,0.000000
Done.
Final: Magnetisation = (0.617885,0.040815), Energy = -1.732990 
<M> = (0.533218,0.397374), <E> = -1.767968 

T=0.500000	 Thermalizing iterations... 
Done.
Thermalized Magnetisation = (0.477340,0.643252), Energy = -1.813749 
Averaging iterations... h=0.071429,0.000000
Done.
Final: Magnetisation = (0.651270,0.379002), Energy = -1.802767 
<M> = (0.509905,0.472873), <E> = -1.799516 

T=0.450000	 Thermalizing iterations... 
Done.
Thermalized Magnetisation = (0.532150,0.521251), Energy = -1.842465 
Averaging iterations... h=0.071429,0.000000
Done.
Final: Magnetisation = (0.606126,0.371288), Energy = -1.852097 
<M> = (0.495400,0.532260), <E> = -1.830189 

T=0.400000	 Thermalizing iterations... 
Done.
Thermalized Magnetisation = (0.539755,0.586974), Energy = -1.886708 
Averaging iterations... h=0.071429,0.000000
Done.
Final: Magnetisation = (0.543872,-0.631636), Energy = -1.835998 
<M> = (0.510585,0.012816), <E> = -1.860435 

T=0.350000	 Thermalizing iterations... 
Done.
Thermalized Magnetisation = (0.524659,-0.553957), Energy = -1.901611 
Averaging iterations... h=0.071429,0.000000
Done.
Final: Magnetisation = (0.424832,-0.674598), Energy = -1.900272 
<M> = (0.486506,-0.620953), <E> = -1.889576 

T=0.300000	 Thermalizing iterations... 
Done.
Thermalized Magnetisation = (0.522546,-0.570461), Energy = -1.880406 
Averaging iterations... h=0.071429,0.000000
Done.
Final: Magnetisation = (0.317489,-0.820360), Energy = -1.941341 
<M> = (0.478304,-0.656567), <E> = -1.917161 

T=0.250000	 Thermalizing iterations... 
Done.
Thermalized Magnetisation = (0.525689,-0.661031), Energy = -1.960122 
Averaging iterations... h=0.071429,0.000000
Done.
Final: Magnetisation = (0.406402,-0.738936), Energy = -1.942677 
<M> = (0.483904,-0.676975), <E> = -1.944594 

T=0.200000	 Thermalizing iterations... 
Done.
Thermalized Magnetisation = (0.398398,-0.733506), Energy = -1.964006 
Averaging iterations... h=0.071429,0.000000
Done.
Final: Magnetisation = (0.374002,-0.746074), Energy = -1.962752 
<M> = (0.477516,-0.700540), <E> = -1.970539 

T=0.150000	 Thermalizing iterations... 
Done.
Thermalized Magnetisation = (0.532717,-0.735041), Energy = -1.991325 
Averaging iterations... h=0.071429,0.000000
Done.
Final: Magnetisation = (0.556995,-0.582954), Energy = -1.993803 
<M> = (0.482123,-0.716992), <E> = -1.997239 

T=0.100000	 Thermalizing iterations... 
Done.
Thermalized Magnetisation = (0.451094,-0.752648), Energy = -2.020436 
Averaging iterations... h=0.071429,0.000000
Done.
Final: Magnetisation = (0.459712,-0.770934), Energy = -2.026688 
<M> = (0.456972,-0.755002), <E> = -2.023328 

T=0.050000	 Thermalizing iterations... 
Done.
Thermalized Magnetisation = (0.464922,-0.778360), Energy = -2.048313 
Averaging iterations... h=0.071429,0.000000
Done.
Final: Magnetisation = (0.490144,-0.746614), Energy = -2.047024 
<M> = (0.470845,-0.758810), <E> = -2.048832 
Final Magnetisation = (0.490144,-0.746614), Energy = -2.047024 
------------------------

Updating all (first)black/(then)white checkerboard sites simultaneously.. 

ztne RFXY h rotating with |h|=0.071429 at T=0.000000..
loop 1

loop 2

Cooling protocol time (from T=2.000000 to T=0.000000) = 181.685774 

CPU Time elapsed total = 181.725415 
All done - 182 seconds elapsed.
