+ cd /home/sbasak/Exercises/OpenMP/XY_code/Z2/rotating_field/trial/config/config_60
+ export OMP_NUM_THREADS=28
+ OMP_NUM_THREADS=28
+ ./a_4.out
nearest neighbor initialized. 
h loaded. 
J loaded. 
L = 128, dim_L = 2, dim_S = 2
hysteresis_MCS_multiplier = 10, hysteresis_MCS_max = 100
RAND_MAX = 2147483647.000000,
 sizeof(int) = 4,
 sizeof(long) = 8,
 sizeof(double) = 8,
 sizeof(long int) = 8,
 sizeof(short int) = 2,
 sizeof(unsigned int) = 4,
 sizeof(RAND_MAX) = 4
No. of THREADS = 28
No. of PROCESSORS = 28

0.060221,0.022459
order = ({1.000000-->-1.000000,0.000000}, 0, 1)
Initial Magnetisation = (0.060221,0.022459), Energy = 0.014866 
Cooling... 
T=2.000000	 Thermalizing iterations... 
Done.
Thermalized Magnetisation = (0.116740,-0.014878), Energy = -0.593262 
Averaging iterations... h=0.125000,0.000000
Done.
Final: Magnetisation = (0.108819,-0.036342), Energy = -0.589856 
<M> = (0.117176,-0.000252), <E> = -0.634864 

T=1.990000	 Thermalizing iterations... 
Done.
Thermalized Magnetisation = (0.080237,0.033561), Energy = -0.650923 
Averaging iterations... h=0.125000,0.000000
Done.
Final: Magnetisation = (0.100837,-0.004507), Energy = -0.661236 
<M> = (0.120084,-0.001481), <E> = -0.640040 

T=1.980000	 Thermalizing iterations... 
Done.
Thermalized Magnetisation = (0.111736,0.011905), Energy = -0.661512 
Averaging iterations... h=0.125000,0.000000
Done.
Final: Magnetisation = (0.123747,0.008594), Energy = -0.646230 
<M> = (0.121299,-0.000840), <E> = -0.644786 

T=1.970000	 Thermalizing iterations... 
Done.
Thermalized Magnetisation = (0.120503,0.031513), Energy = -0.661971 
Averaging iterations... h=0.125000,0.000000
Done.
Final: Magnetisation = (0.111216,-0.057859), Energy = -0.619131 
<M> = (0.123261,-0.002186), <E> = -0.649399 

T=1.960000	 Thermalizing iterations... 
Done.
Thermalized Magnetisation = (0.122206,-0.034913), Energy = -0.691713 
Averaging iterations... h=0.125000,0.000000
Done.
Final: Magnetisation = (0.129405,0.003455), Energy = -0.661276 
<M> = (0.125561,-0.001308), <E> = -0.653174 

T=1.950000	 Thermalizing iterations... 
Done.
Thermalized Magnetisation = (0.128505,0.008737), Energy = -0.651112 
Averaging iterations... h=0.125000,0.000000
Done.
Final: Magnetisation = (0.169128,-0.013252), Energy = -0.670525 
<M> = (0.127377,-0.000552), <E> = -0.656797 

T=1.940000	 Thermalizing iterations... 
Done.
Thermalized Magnetisation = (0.183540,0.002223), Energy = -0.663006 
Averaging iterations... h=0.125000,0.000000
Done.
Final: Magnetisation = (0.151789,0.024512), Energy = -0.657629 
<M> = (0.127772,-0.000283), <E> = -0.660675 

T=1.930000	 Thermalizing iterations... 
Done.
Thermalized Magnetisation = (0.139437,0.002514), Energy = -0.676299 
Averaging iterations... h=0.125000,0.000000
Done.
Final: Magnetisation = (0.048549,0.005284), Energy = -0.620135 
<M> = (0.129067,0.000438), <E> = -0.663757 

T=1.920000	 Thermalizing iterations... 
Done.
Thermalized Magnetisation = (0.106156,0.038647), Energy = -0.695238 
Averaging iterations... h=0.125000,0.000000
Done.
Final: Magnetisation = (0.125855,-0.021050), Energy = -0.653134 
<M> = (0.131741,-0.001038), <E> = -0.669249 

T=1.910000	 Thermalizing iterations... 
Done.
Thermalized Magnetisation = (0.079249,0.005907), Energy = -0.655741 
Averaging iterations... h=0.125000,0.000000
Done.
Final: Magnetisation = (0.106849,-0.012683), Energy = -0.689023 
<M> = (0.133639,-0.000963), <E> = -0.674080 

T=1.900000	 Thermalizing iterations... 
Done.
Thermalized Magnetisation = (0.195128,0.107623), Energy = -0.700917 
Averaging iterations... h=0.125000,0.000000
Done.
Final: Magnetisation = (0.075454,0.000283), Energy = -0.653154 
<M> = (0.136028,-0.003024), <E> = -0.678900 

T=1.890000	 Thermalizing iterations... 
Done.
Thermalized Magnetisation = (0.079339,0.006533), Energy = -0.667858 
Averaging iterations... h=0.125000,0.000000
Done.
Final: Magnetisation = (0.096079,0.011993), Energy = -0.651741 
<M> = (0.137766,-0.002036), <E> = -0.683458 

T=1.880000	 Thermalizing iterations... 
Done.
Thermalized Magnetisation = (0.157534,-0.020407), Energy = -0.688917 
Averaging iterations... h=0.125000,0.000000
Done.
Final: Magnetisation = (0.088511,0.005165), Energy = -0.694991 
<M> = (0.140245,-0.002019), <E> = -0.688031 

T=1.870000	 Thermalizing iterations... 
Done.
Thermalized Magnetisation = (0.114220,-0.009352), Energy = -0.680847 
Averaging iterations... h=0.125000,0.000000
Done.
Final: Magnetisation = (0.164553,0.019789), Energy = -0.695404 
<M> = (0.142222,0.002050), <E> = -0.692147 

T=1.860000	 Thermalizing iterations... 
Done.
Thermalized Magnetisation = (0.099330,0.037324), Energy = -0.657942 
Averaging iterations... h=0.125000,0.000000
Done.
Final: Magnetisation = (0.164037,-0.042040), Energy = -0.686866 
<M> = (0.142972,-0.000540), <E> = -0.696164 

T=1.850000	 Thermalizing iterations... 
Done.
Thermalized Magnetisation = (0.133757,0.066950), Energy = -0.696881 
Averaging iterations... h=0.125000,0.000000
Done.
Final: Magnetisation = (0.182363,-0.015071), Energy = -0.738950 
<M> = (0.144982,-0.000495), <E> = -0.700926 

T=1.840000	 Thermalizing iterations... 
Done.
Thermalized Magnetisation = (0.139823,0.034289), Energy = -0.691343 
Averaging iterations... h=0.125000,0.000000
Done.
Final: Magnetisation = (0.178410,-0.005735), Energy = -0.736363 
<M> = (0.148547,-0.001441), <E> = -0.706877 

T=1.830000	 Thermalizing iterations... 
Done.
Thermalized Magnetisation = (0.200347,-0.013193), Energy = -0.706297 
Averaging iterations... h=0.125000,0.000000
Done.
Final: Magnetisation = (0.153248,0.023573), Energy = -0.709515 
<M> = (0.150261,-0.002829), <E> = -0.711975 

T=1.820000	 Thermalizing iterations... 
Done.
Thermalized Magnetisation = (0.148890,0.030985), Energy = -0.716016 
Averaging iterations... h=0.125000,0.000000
Done.
Final: Magnetisation = (0.161845,-0.008078), Energy = -0.695366 
<M> = (0.153155,-0.002423), <E> = -0.717838 

T=1.810000	 Thermalizing iterations... 
Done.
Thermalized Magnetisation = (0.145255,0.029996), Energy = -0.714736 
Averaging iterations... h=0.125000,0.000000
Done.
Final: Magnetisation = (0.123849,0.028363), Energy = -0.682599 
<M> = (0.157778,-0.002009), <E> = -0.723351 

T=1.800000	 Thermalizing iterations... 
Done.
Thermalized Magnetisation = (0.109658,-0.006540), Energy = -0.693256 
Averaging iterations... h=0.125000,0.000000
Done.
Final: Magnetisation = (0.166954,0.033120), Energy = -0.756027 
<M> = (0.159534,-0.000507), <E> = -0.727775 

T=1.790000	 Thermalizing iterations... 
Done.
Thermalized Magnetisation = (0.178033,-0.041966), Energy = -0.735982 
Averaging iterations... h=0.125000,0.000000
Done.
Final: Magnetisation = (0.128642,-0.072249), Energy = -0.717444 
<M> = (0.160222,-0.000145), <E> = -0.732495 

T=1.780000	 Thermalizing iterations... 
Done.
Thermalized Magnetisation = (0.175941,-0.018078), Energy = -0.741396 
Averaging iterations... h=0.125000,0.000000
Done.
Final: Magnetisation = (0.159624,0.003633), Energy = -0.734540 
<M> = (0.162250,0.000930), <E> = -0.736967 

T=1.770000	 Thermalizing iterations... 
Done.
Thermalized Magnetisation = (0.169323,0.031751), Energy = -0.743094 
Averaging iterations... h=0.125000,0.000000
Done.
Final: Magnetisation = (0.164998,0.070247), Energy = -0.739394 
<M> = (0.166487,-0.002880), <E> = -0.743574 

T=1.760000	 Thermalizing iterations... 
Done.
Thermalized Magnetisation = (0.157772,0.022965), Energy = -0.773420 
Averaging iterations... h=0.125000,0.000000
Done.
Final: Magnetisation = (0.216826,-0.046494), Energy = -0.759492 
<M> = (0.168778,-0.000804), <E> = -0.749690 

T=1.750000	 Thermalizing iterations... 
Done.
Thermalized Magnetisation = (0.153408,0.008479), Energy = -0.726260 
Averaging iterations... h=0.125000,0.000000
Done.
Final: Magnetisation = (0.213269,-0.003872), Energy = -0.760630 
<M> = (0.170744,-0.003393), <E> = -0.754899 

T=1.740000	 Thermalizing iterations... 
Done.
Thermalized Magnetisation = (0.193332,0.016881), Energy = -0.750631 
Averaging iterations... h=0.125000,0.000000
Done.
Final: Magnetisation = (0.180328,-0.012191), Energy = -0.753538 
<M> = (0.174681,-0.002850), <E> = -0.761134 

T=1.730000	 Thermalizing iterations... 
Done.
Thermalized Magnetisation = (0.191031,-0.023824), Energy = -0.775482 
Averaging iterations... h=0.125000,0.000000
Done.
Final: Magnetisation = (0.141107,-0.029984), Energy = -0.757693 
<M> = (0.179231,-0.000740), <E> = -0.767397 

T=1.720000	 Thermalizing iterations... 
Done.
Thermalized Magnetisation = (0.185602,-0.047715), Energy = -0.768801 
Averaging iterations... h=0.125000,0.000000
Done.
Final: Magnetisation = (0.188915,0.026590), Energy = -0.787522 
<M> = (0.179952,0.000027), <E> = -0.771583 

T=1.710000	 Thermalizing iterations... 
Done.
Thermalized Magnetisation = (0.208849,-0.050380), Energy = -0.826452 
Averaging iterations... h=0.125000,0.000000
Done.
Final: Magnetisation = (0.221908,-0.007401), Energy = -0.807508 
<M> = (0.183110,-0.000277), <E> = -0.777561 

T=1.700000	 Thermalizing iterations... 
Done.
Thermalized Magnetisation = (0.217075,0.009113), Energy = -0.810605 
Averaging iterations... h=0.125000,0.000000
Done.
Final: Magnetisation = (0.199094,0.018960), Energy = -0.783787 
<M> = (0.186504,-0.000671), <E> = -0.784080 

T=1.690000	 Thermalizing iterations... 
Done.
Thermalized Magnetisation = (0.130618,0.007005), Energy = -0.792638 
Averaging iterations... h=0.125000,0.000000
Done.
Final: Magnetisation = (0.193793,-0.072979), Energy = -0.793630 
<M> = (0.189944,-0.000832), <E> = -0.790271 

T=1.680000	 Thermalizing iterations... 
Done.
Thermalized Magnetisation = (0.143767,-0.019536), Energy = -0.790565 
Averaging iterations... h=0.125000,0.000000
Done.
Final: Magnetisation = (0.167788,-0.101276), Energy = -0.787334 
<M> = (0.192421,-0.003273), <E> = -0.796991 

T=1.670000	 Thermalizing iterations... 
Done.
Thermalized Magnetisation = (0.184183,-0.009786), Energy = -0.798372 
Averaging iterations... h=0.125000,0.000000
Done.
Final: Magnetisation = (0.202516,-0.082642), Energy = -0.853134 
<M> = (0.196589,-0.002464), <E> = -0.803951 

T=1.660000	 Thermalizing iterations... 
Done.
Thermalized Magnetisation = (0.152033,0.014182), Energy = -0.811219 
Averaging iterations... h=0.125000,0.000000
Done.
Final: Magnetisation = (0.204921,-0.038595), Energy = -0.825737 
<M> = (0.201752,-0.002332), <E> = -0.811048 

T=1.650000	 Thermalizing iterations... 
Done.
Thermalized Magnetisation = (0.215722,-0.019884), Energy = -0.800355 
Averaging iterations... h=0.125000,0.000000
Done.
Final: Magnetisation = (0.158980,0.054301), Energy = -0.785237 
<M> = (0.204876,0.000930), <E> = -0.816739 

T=1.640000	 Thermalizing iterations... 
Done.
Thermalized Magnetisation = (0.217565,0.056314), Energy = -0.849530 
Averaging iterations... h=0.125000,0.000000
Done.
Final: Magnetisation = (0.261850,-0.010507), Energy = -0.858083 
<M> = (0.208127,0.002303), <E> = -0.823284 

T=1.630000	 Thermalizing iterations... 
Done.
Thermalized Magnetisation = (0.220272,0.051580), Energy = -0.859888 
Averaging iterations... h=0.125000,0.000000
Done.
Final: Magnetisation = (0.207745,0.010027), Energy = -0.781620 
<M> = (0.212062,0.000089), <E> = -0.829594 

T=1.620000	 Thermalizing iterations... 
Done.
Thermalized Magnetisation = (0.232155,-0.066146), Energy = -0.849307 
Averaging iterations... h=0.125000,0.000000
Done.
Final: Magnetisation = (0.270404,-0.041662), Energy = -0.848670 
<M> = (0.216678,-0.000813), <E> = -0.837439 

T=1.610000	 Thermalizing iterations... 
Done.
Thermalized Magnetisation = (0.241394,0.033501), Energy = -0.847308 
Averaging iterations... h=0.125000,0.000000
Done.
Final: Magnetisation = (0.208180,0.090590), Energy = -0.877948 
<M> = (0.220167,-0.002469), <E> = -0.844837 

T=1.600000	 Thermalizing iterations... 
Done.
Thermalized Magnetisation = (0.224324,-0.040269), Energy = -0.892013 
Averaging iterations... h=0.125000,0.000000
Done.
Final: Magnetisation = (0.169251,0.002694), Energy = -0.805922 
<M> = (0.224407,-0.004853), <E> = -0.853144 

T=1.590000	 Thermalizing iterations... 
Done.
Thermalized Magnetisation = (0.200402,0.027338), Energy = -0.826895 
Averaging iterations... h=0.125000,0.000000
Done.
Final: Magnetisation = (0.154039,0.036071), Energy = -0.824697 
<M> = (0.228887,-0.002574), <E> = -0.860299 

T=1.580000	 Thermalizing iterations... 
Done.
Thermalized Magnetisation = (0.245746,0.017656), Energy = -0.829617 
Averaging iterations... h=0.125000,0.000000
Done.
Final: Magnetisation = (0.229137,-0.044325), Energy = -0.922234 
<M> = (0.234497,0.000139), <E> = -0.867748 

T=1.570000	 Thermalizing iterations... 
Done.
Thermalized Magnetisation = (0.231192,0.031848), Energy = -0.886965 
Averaging iterations... h=0.125000,0.000000
Done.
Final: Magnetisation = (0.242479,0.020247), Energy = -0.877762 
<M> = (0.238446,0.000399), <E> = -0.874396 

T=1.560000	 Thermalizing iterations... 
Done.
Thermalized Magnetisation = (0.283295,-0.041317), Energy = -0.920602 
Averaging iterations... h=0.125000,0.000000
Done.
Final: Magnetisation = (0.200690,-0.001808), Energy = -0.844602 
<M> = (0.242226,0.001654), <E> = -0.881653 

T=1.550000	 Thermalizing iterations... 
Done.
Thermalized Magnetisation = (0.184716,-0.008281), Energy = -0.814104 
Averaging iterations... h=0.125000,0.000000
Done.
Final: Magnetisation = (0.219307,0.021058), Energy = -0.855927 
<M> = (0.247467,0.000159), <E> = -0.890330 

T=1.540000	 Thermalizing iterations... 
Done.
Thermalized Magnetisation = (0.240239,0.072598), Energy = -0.895328 
Averaging iterations... h=0.125000,0.000000
Done.
Final: Magnetisation = (0.220332,-0.086139), Energy = -0.909374 
<M> = (0.252417,-0.000567), <E> = -0.898628 

T=1.530000	 Thermalizing iterations... 
Done.
Thermalized Magnetisation = (0.300227,-0.029942), Energy = -0.961528 
Averaging iterations... h=0.125000,0.000000
Done.
Final: Magnetisation = (0.269037,0.013472), Energy = -0.919975 
<M> = (0.256848,-0.003345), <E> = -0.907097 

T=1.520000	 Thermalizing iterations... 
Done.
Thermalized Magnetisation = (0.280401,0.096390), Energy = -0.931921 
Averaging iterations... h=0.125000,0.000000
Done.
Final: Magnetisation = (0.246947,-0.033054), Energy = -0.917560 
<M> = (0.262568,-0.003844), <E> = -0.915813 

T=1.510000	 Thermalizing iterations... 
Done.
Thermalized Magnetisation = (0.290529,-0.020258), Energy = -0.971328 
Averaging iterations... h=0.125000,0.000000
Done.
Final: Magnetisation = (0.247272,0.008499), Energy = -0.909865 
<M> = (0.269998,-0.001303), <E> = -0.925221 

T=1.500000	 Thermalizing iterations... 
Done.
Thermalized Magnetisation = (0.321360,-0.093775), Energy = -0.939988 
Averaging iterations... h=0.125000,0.000000
Done.
Final: Magnetisation = (0.230852,-0.071644), Energy = -0.912167 
<M> = (0.274985,0.002546), <E> = -0.932914 

T=1.490000	 Thermalizing iterations... 
Done.
Thermalized Magnetisation = (0.303679,-0.004548), Energy = -0.947830 
Averaging iterations... h=0.125000,0.000000
Done.
Final: Magnetisation = (0.240365,0.093559), Energy = -0.917142 
<M> = (0.278827,0.001845), <E> = -0.940413 

T=1.480000	 Thermalizing iterations... 
Done.
Thermalized Magnetisation = (0.266397,-0.034152), Energy = -0.908700 
Averaging iterations... h=0.125000,0.000000
Done.
Final: Magnetisation = (0.316071,-0.058515), Energy = -0.950596 
<M> = (0.283440,0.001961), <E> = -0.948873 

T=1.470000	 Thermalizing iterations... 
Done.
Thermalized Magnetisation = (0.312613,0.013133), Energy = -0.971311 
Averaging iterations... h=0.125000,0.000000
Done.
Final: Magnetisation = (0.325516,-0.043057), Energy = -0.984354 
<M> = (0.291284,-0.001320), <E> = -0.959020 

T=1.460000	 Thermalizing iterations... 
Done.
Thermalized Magnetisation = (0.286033,0.064006), Energy = -0.959320 
Averaging iterations... h=0.125000,0.000000
Done.
Final: Magnetisation = (0.299687,0.038953), Energy = -0.951502 
<M> = (0.296624,-0.000639), <E> = -0.968774 

T=1.450000	 Thermalizing iterations... 
Done.
Thermalized Magnetisation = (0.290994,0.034357), Energy = -0.996982 
Averaging iterations... h=0.125000,0.000000
Done.
Final: Magnetisation = (0.243065,-0.014524), Energy = -0.931075 
<M> = (0.302620,-0.005440), <E> = -0.978806 

T=1.440000	 Thermalizing iterations... 
Done.
Thermalized Magnetisation = (0.348008,-0.057481), Energy = -1.025015 
Averaging iterations... h=0.125000,0.000000
Done.
Final: Magnetisation = (0.335440,-0.013028), Energy = -1.021421 
<M> = (0.310371,-0.005697), <E> = -0.988759 

T=1.430000	 Thermalizing iterations... 
Done.
Thermalized Magnetisation = (0.292111,-0.075100), Energy = -1.027194 
Averaging iterations... h=0.125000,0.000000
Done.
Final: Magnetisation = (0.277394,0.031732), Energy = -0.983743 
<M> = (0.316252,0.000333), <E> = -0.997440 

T=1.420000	 Thermalizing iterations... 
Done.
Thermalized Magnetisation = (0.412843,0.037763), Energy = -1.050621 
Averaging iterations... h=0.125000,0.000000
Done.
Final: Magnetisation = (0.305622,-0.017953), Energy = -0.993166 
<M> = (0.321939,0.000678), <E> = -1.006593 

T=1.410000	 Thermalizing iterations... 
Done.
Thermalized Magnetisation = (0.325799,0.006358), Energy = -1.025157 
Averaging iterations... h=0.125000,0.000000
Done.
Final: Magnetisation = (0.300881,0.002637), Energy = -1.000694 
<M> = (0.327972,0.002151), <E> = -1.015472 

T=1.400000	 Thermalizing iterations... 
Done.
Thermalized Magnetisation = (0.319291,0.002973), Energy = -0.982145 
Averaging iterations... h=0.125000,0.000000
Done.
Final: Magnetisation = (0.334010,0.079396), Energy = -1.019361 
<M> = (0.336586,-0.002961), <E> = -1.027961 

T=1.390000	 Thermalizing iterations... 
Done.
Thermalized Magnetisation = (0.330535,-0.000183), Energy = -1.053085 
Averaging iterations... h=0.125000,0.000000
Done.
Final: Magnetisation = (0.360296,0.001587), Energy = -1.061136 
<M> = (0.342035,-0.002402), <E> = -1.037764 

T=1.380000	 Thermalizing iterations... 
Done.
Thermalized Magnetisation = (0.348690,-0.001811), Energy = -1.027450 
Averaging iterations... h=0.125000,0.000000
Done.
Final: Magnetisation = (0.357450,-0.070370), Energy = -1.010950 
<M> = (0.349219,-0.008168), <E> = -1.048415 

T=1.370000	 Thermalizing iterations... 
Done.
Thermalized Magnetisation = (0.304949,-0.056343), Energy = -1.011459 
Averaging iterations... h=0.125000,0.000000
Done.
Final: Magnetisation = (0.325220,-0.040625), Energy = -1.017067 
<M> = (0.356334,-0.005514), <E> = -1.059122 

T=1.360000	 Thermalizing iterations... 
Done.
Thermalized Magnetisation = (0.343007,0.003213), Energy = -1.073188 
Averaging iterations... h=0.125000,0.000000
Done.
Final: Magnetisation = (0.412182,0.095842), Energy = -1.140432 
<M> = (0.364240,-0.002994), <E> = -1.070194 

T=1.350000	 Thermalizing iterations... 
Done.
Thermalized Magnetisation = (0.384511,0.114592), Energy = -1.071265 
Averaging iterations... h=0.125000,0.000000
Done.
Final: Magnetisation = (0.326379,0.009979), Energy = -1.057050 
<M> = (0.373178,0.001632), <E> = -1.079624 

T=1.340000	 Thermalizing iterations... 
Done.
Thermalized Magnetisation = (0.433139,0.032200), Energy = -1.157978 
Averaging iterations... h=0.125000,0.000000
Done.
Final: Magnetisation = (0.404560,-0.028685), Energy = -1.119702 
<M> = (0.377196,-0.000231), <E> = -1.089923 

T=1.330000	 Thermalizing iterations... 
Done.
Thermalized Magnetisation = (0.412652,0.017359), Energy = -1.131226 
Averaging iterations... h=0.125000,0.000000
Done.
Final: Magnetisation = (0.403028,-0.040661), Energy = -1.109811 
<M> = (0.386117,0.000040), <E> = -1.101024 

T=1.320000	 Thermalizing iterations... 
Done.
Thermalized Magnetisation = (0.397193,0.017270), Energy = -1.136285 
Averaging iterations... h=0.125000,0.000000
Done.
Final: Magnetisation = (0.369193,-0.035539), Energy = -1.071437 
<M> = (0.396934,-0.000789), <E> = -1.114377 

T=1.310000	 Thermalizing iterations... 
Done.
Thermalized Magnetisation = (0.443010,-0.011968), Energy = -1.182693 
Averaging iterations... h=0.125000,0.000000
Done.
Final: Magnetisation = (0.411710,0.067024), Energy = -1.137924 
<M> = (0.403806,-0.001909), <E> = -1.126221 

T=1.300000	 Thermalizing iterations... 
Done.
Thermalized Magnetisation = (0.420153,-0.032876), Energy = -1.118001 
Averaging iterations... h=0.125000,0.000000
Done.
Final: Magnetisation = (0.452158,0.007087), Energy = -1.209218 
<M> = (0.410985,-0.004562), <E> = -1.137773 

T=1.290000	 Thermalizing iterations... 
Done.
Thermalized Magnetisation = (0.440849,-0.018530), Energy = -1.141499 
Averaging iterations... h=0.125000,0.000000
Done.
Final: Magnetisation = (0.449244,-0.003060), Energy = -1.135588 
<M> = (0.420795,-0.005866), <E> = -1.149661 

T=1.280000	 Thermalizing iterations... 
Done.
Thermalized Magnetisation = (0.433753,0.039492), Energy = -1.169432 
Averaging iterations... h=0.125000,0.000000
Done.
Final: Magnetisation = (0.415081,-0.007124), Energy = -1.163026 
<M> = (0.428777,-0.000994), <E> = -1.160460 

T=1.270000	 Thermalizing iterations... 
Done.
Thermalized Magnetisation = (0.385921,0.013884), Energy = -1.137391 
Averaging iterations... h=0.125000,0.000000
Done.
Final: Magnetisation = (0.411860,0.031101), Energy = -1.168406 
<M> = (0.436670,-0.003171), <E> = -1.171029 

T=1.260000	 Thermalizing iterations... 
Done.
Thermalized Magnetisation = (0.344263,0.016889), Energy = -1.137164 
Averaging iterations... h=0.125000,0.000000
Done.
Final: Magnetisation = (0.451482,-0.026501), Energy = -1.202687 
<M> = (0.443157,0.001158), <E> = -1.181634 

T=1.250000	 Thermalizing iterations... 
Done.
Thermalized Magnetisation = (0.457741,-0.075204), Energy = -1.226313 
Averaging iterations... h=0.125000,0.000000
Done.
Final: Magnetisation = (0.418283,0.049749), Energy = -1.171787 
<M> = (0.451929,-0.006570), <E> = -1.195053 

T=1.240000	 Thermalizing iterations... 
Done.
Thermalized Magnetisation = (0.486127,0.034097), Energy = -1.247009 
Averaging iterations... h=0.125000,0.000000
Done.
Final: Magnetisation = (0.400161,-0.012402), Energy = -1.149933 
<M> = (0.460885,0.000953), <E> = -1.207605 

T=1.230000	 Thermalizing iterations... 
Done.
Thermalized Magnetisation = (0.458412,0.075848), Energy = -1.226467 
Averaging iterations... h=0.125000,0.000000
Done.
Final: Magnetisation = (0.414060,-0.076773), Energy = -1.136219 
<M> = (0.467569,-0.007522), <E> = -1.219726 

T=1.220000	 Thermalizing iterations... 
Done.
Thermalized Magnetisation = (0.448205,-0.030276), Energy = -1.224551 
Averaging iterations... h=0.125000,0.000000
Done.
Final: Magnetisation = (0.472602,-0.008645), Energy = -1.251192 
<M> = (0.474997,-0.003619), <E> = -1.231105 

T=1.210000	 Thermalizing iterations... 
Done.
Thermalized Magnetisation = (0.462532,0.051996), Energy = -1.199769 
Averaging iterations... h=0.125000,0.000000
Done.
Final: Magnetisation = (0.493127,-0.016924), Energy = -1.278986 
<M> = (0.484798,-0.004434), <E> = -1.243550 

T=1.200000	 Thermalizing iterations... 
Done.
Thermalized Magnetisation = (0.537490,-0.052375), Energy = -1.267471 
Averaging iterations... h=0.125000,0.000000
Done.
Final: Magnetisation = (0.497376,-0.004320), Energy = -1.263543 
<M> = (0.495376,0.001500), <E> = -1.255462 

T=1.190000	 Thermalizing iterations... 
Done.
Thermalized Magnetisation = (0.485807,-0.008270), Energy = -1.234696 
Averaging iterations... h=0.125000,0.000000
Done.
Final: Magnetisation = (0.507753,-0.089788), Energy = -1.292948 
<M> = (0.502488,-0.000432), <E> = -1.267031 

T=1.180000	 Thermalizing iterations... 
Done.
Thermalized Magnetisation = (0.486350,-0.071509), Energy = -1.267587 
Averaging iterations... h=0.125000,0.000000
Done.
Final: Magnetisation = (0.487650,0.021066), Energy = -1.245303 
<M> = (0.510781,-0.001222), <E> = -1.279271 

T=1.170000	 Thermalizing iterations... 
Done.
Thermalized Magnetisation = (0.493707,0.092767), Energy = -1.286901 
Averaging iterations... h=0.125000,0.000000
Done.
Final: Magnetisation = (0.507123,0.093138), Energy = -1.285416 
<M> = (0.518662,0.002128), <E> = -1.290940 

T=1.160000	 Thermalizing iterations... 
Done.
Thermalized Magnetisation = (0.539914,-0.046107), Energy = -1.297587 
Averaging iterations... h=0.125000,0.000000
Done.
Final: Magnetisation = (0.515410,-0.059455), Energy = -1.267668 
<M> = (0.527016,-0.005710), <E> = -1.304951 

T=1.150000	 Thermalizing iterations... 
Done.
Thermalized Magnetisation = (0.533592,-0.033270), Energy = -1.371527 
Averaging iterations... h=0.125000,0.000000
Done.
Final: Magnetisation = (0.506706,-0.019375), Energy = -1.290986 
<M> = (0.533321,-0.004496), <E> = -1.315446 

T=1.140000	 Thermalizing iterations... 
Done.
Thermalized Magnetisation = (0.493027,-0.058371), Energy = -1.330355 
Averaging iterations... h=0.125000,0.000000
Done.
Final: Magnetisation = (0.581491,-0.058893), Energy = -1.338682 
<M> = (0.542403,-0.008192), <E> = -1.328453 

T=1.130000	 Thermalizing iterations... 
Done.
Thermalized Magnetisation = (0.491150,-0.011863), Energy = -1.278152 
Averaging iterations... h=0.125000,0.000000
Done.
Final: Magnetisation = (0.513662,0.059197), Energy = -1.317791 
<M> = (0.551584,-0.005246), <E> = -1.340182 

T=1.120000	 Thermalizing iterations... 
Done.
Thermalized Magnetisation = (0.546833,-0.013962), Energy = -1.359349 
Averaging iterations... h=0.125000,0.000000
Done.
Final: Magnetisation = (0.559633,-0.176886), Energy = -1.351990 
<M> = (0.560991,-0.003755), <E> = -1.351563 

T=1.110000	 Thermalizing iterations... 
Done.
Thermalized Magnetisation = (0.589055,-0.001128), Energy = -1.372418 
Averaging iterations... h=0.125000,0.000000
Done.
Final: Magnetisation = (0.599258,-0.005138), Energy = -1.378750 
<M> = (0.567792,0.005384), <E> = -1.361647 

T=1.100000	 Thermalizing iterations... 
Done.
Thermalized Magnetisation = (0.569676,-0.084639), Energy = -1.386709 
Averaging iterations... h=0.125000,0.000000
Done.
Final: Magnetisation = (0.608787,0.010284), Energy = -1.405253 
<M> = (0.572977,-0.004898), <E> = -1.374044 

T=1.090000	 Thermalizing iterations... 
Done.
Thermalized Magnetisation = (0.574571,-0.045583), Energy = -1.409810 
Averaging iterations... h=0.125000,0.000000
Done.
Final: Magnetisation = (0.567176,0.021845), Energy = -1.393672 
<M> = (0.581782,-0.002000), <E> = -1.386707 

T=1.080000	 Thermalizing iterations... 
Done.
Thermalized Magnetisation = (0.593137,-0.052449), Energy = -1.385923 
Averaging iterations... h=0.125000,0.000000
Done.
Final: Magnetisation = (0.596517,0.106676), Energy = -1.403868 
<M> = (0.586627,-0.020233), <E> = -1.397176 

T=1.070000	 Thermalizing iterations... 
Done.
Thermalized Magnetisation = (0.608008,0.069888), Energy = -1.419664 
Averaging iterations... h=0.125000,0.000000
Done.
Final: Magnetisation = (0.606021,0.032150), Energy = -1.403809 
<M> = (0.594154,-0.011315), <E> = -1.408524 

T=1.060000	 Thermalizing iterations... 
Done.
Thermalized Magnetisation = (0.569734,0.045100), Energy = -1.412353 
Averaging iterations... h=0.125000,0.000000
Done.
Final: Magnetisation = (0.627803,-0.062568), Energy = -1.443223 
<M> = (0.602942,-0.005252), <E> = -1.421136 

T=1.050000	 Thermalizing iterations... 
Done.
Thermalized Magnetisation = (0.623939,-0.110342), Energy = -1.456340 
Averaging iterations... h=0.125000,0.000000
Done.
Final: Magnetisation = (0.589541,-0.028341), Energy = -1.413283 
<M> = (0.610372,0.001903), <E> = -1.431086 

T=1.040000	 Thermalizing iterations... 
Done.
Thermalized Magnetisation = (0.607260,-0.016795), Energy = -1.436892 
Averaging iterations... h=0.125000,0.000000
Done.
Final: Magnetisation = (0.564334,0.048419), Energy = -1.410078 
<M> = (0.616370,-0.004696), <E> = -1.441091 

T=1.030000	 Thermalizing iterations... 
Done.
Thermalized Magnetisation = (0.621815,0.024634), Energy = -1.417852 
Averaging iterations... h=0.125000,0.000000
Done.
Final: Magnetisation = (0.581370,0.003318), Energy = -1.445034 
<M> = (0.622029,0.001832), <E> = -1.452046 

T=1.020000	 Thermalizing iterations... 
Done.
Thermalized Magnetisation = (0.652337,-0.021168), Energy = -1.462945 
Averaging iterations... h=0.125000,0.000000
Done.
Final: Magnetisation = (0.646288,-0.033679), Energy = -1.487411 
<M> = (0.628550,-0.001883), <E> = -1.462321 

T=1.010000	 Thermalizing iterations... 
Done.
Thermalized Magnetisation = (0.610744,0.009690), Energy = -1.452511 
Averaging iterations... h=0.125000,0.000000
Done.
Final: Magnetisation = (0.653159,0.002959), Energy = -1.493139 
<M> = (0.633868,-0.018841), <E> = -1.474174 

T=1.000000	 Thermalizing iterations... 
Done.
Thermalized Magnetisation = (0.633464,-0.060415), Energy = -1.487359 
Averaging iterations... h=0.125000,0.000000
Done.
Final: Magnetisation = (0.669151,0.046930), Energy = -1.507820 
<M> = (0.639271,-0.006060), <E> = -1.483022 

T=0.990000	 Thermalizing iterations... 
Done.
Thermalized Magnetisation = (0.610676,-0.041325), Energy = -1.499235 
Averaging iterations... h=0.125000,0.000000
Done.
Final: Magnetisation = (0.641908,-0.043867), Energy = -1.470095 
<M> = (0.648297,-0.008326), <E> = -1.494216 

T=0.980000	 Thermalizing iterations... 
Done.
Thermalized Magnetisation = (0.643931,0.074083), Energy = -1.502569 
Averaging iterations... h=0.125000,0.000000
Done.
Final: Magnetisation = (0.658626,-0.063717), Energy = -1.490924 
<M> = (0.654390,-0.001061), <E> = -1.504259 

T=0.970000	 Thermalizing iterations... 
Done.
Thermalized Magnetisation = (0.642785,0.040018), Energy = -1.483902 
Averaging iterations... h=0.125000,0.000000
Done.
Final: Magnetisation = (0.663916,0.074163), Energy = -1.511209 
<M> = (0.660394,0.001169), <E> = -1.514544 

T=0.960000	 Thermalizing iterations... 
Done.
Thermalized Magnetisation = (0.658040,-0.002213), Energy = -1.535364 
Averaging iterations... h=0.125000,0.000000
Done.
Final: Magnetisation = (0.679085,0.032982), Energy = -1.518827 
<M> = (0.665357,-0.001101), <E> = -1.522958 

T=0.950000	 Thermalizing iterations... 
Done.
Thermalized Magnetisation = (0.674073,-0.013740), Energy = -1.525050 
Averaging iterations... h=0.125000,0.000000
Done.
Final: Magnetisation = (0.648164,-0.021915), Energy = -1.506243 
<M> = (0.669037,-0.008148), <E> = -1.532982 

T=0.940000	 Thermalizing iterations... 
Done.
Thermalized Magnetisation = (0.684375,0.148881), Energy = -1.569240 
Averaging iterations... h=0.125000,0.000000
Done.
Final: Magnetisation = (0.673344,0.003273), Energy = -1.547566 
<M> = (0.676488,-0.010828), <E> = -1.543045 

T=0.930000	 Thermalizing iterations... 
Done.
Thermalized Magnetisation = (0.685636,0.030234), Energy = -1.540320 
Averaging iterations... h=0.125000,0.000000
Done.
Final: Magnetisation = (0.673663,-0.021967), Energy = -1.521069 
<M> = (0.679743,-0.017722), <E> = -1.551481 

T=0.920000	 Thermalizing iterations... 
Done.
Thermalized Magnetisation = (0.703092,-0.037509), Energy = -1.578471 
Averaging iterations... h=0.125000,0.000000
Done.
Final: Magnetisation = (0.644771,0.028193), Energy = -1.545651 
<M> = (0.684951,-0.025746), <E> = -1.561390 

T=0.910000	 Thermalizing iterations... 
Done.
Thermalized Magnetisation = (0.699919,-0.077825), Energy = -1.575827 
Averaging iterations... h=0.125000,0.000000
Done.
Final: Magnetisation = (0.693530,0.078697), Energy = -1.585513 
<M> = (0.690037,-0.001437), <E> = -1.570009 

T=0.900000	 Thermalizing iterations... 
Done.
Thermalized Magnetisation = (0.709278,-0.091869), Energy = -1.562682 
Averaging iterations... h=0.125000,0.000000
Done.
Final: Magnetisation = (0.666431,0.117346), Energy = -1.587674 
<M> = (0.694660,-0.005697), <E> = -1.579116 

T=0.890000	 Thermalizing iterations... 
Done.
Thermalized Magnetisation = (0.691775,-0.018567), Energy = -1.583301 
Averaging iterations... h=0.125000,0.000000
Done.
Final: Magnetisation = (0.678074,-0.003744), Energy = -1.550450 
<M> = (0.698601,0.000530), <E> = -1.586834 

T=0.880000	 Thermalizing iterations... 
Done.
Thermalized Magnetisation = (0.700282,-0.003452), Energy = -1.586279 
Averaging iterations... h=0.125000,0.000000
Done.
Final: Magnetisation = (0.716181,-0.049414), Energy = -1.600885 
<M> = (0.704903,0.004864), <E> = -1.596547 

T=0.870000	 Thermalizing iterations... 
Done.
Thermalized Magnetisation = (0.741029,-0.044039), Energy = -1.617189 
Averaging iterations... h=0.125000,0.000000
Done.
Final: Magnetisation = (0.732059,-0.053415), Energy = -1.616341 
<M> = (0.708982,-0.019437), <E> = -1.604343 

T=0.860000	 Thermalizing iterations... 
Done.
Thermalized Magnetisation = (0.713478,-0.154445), Energy = -1.628646 
Averaging iterations... h=0.125000,0.000000
Done.
Final: Magnetisation = (0.730296,0.094006), Energy = -1.618134 
<M> = (0.710824,-0.034545), <E> = -1.613093 

T=0.850000	 Thermalizing iterations... 
Done.
Thermalized Magnetisation = (0.707506,-0.079118), Energy = -1.614800 
Averaging iterations... h=0.125000,0.000000
Done.
Final: Magnetisation = (0.707226,0.064324), Energy = -1.601112 
<M> = (0.715647,-0.004048), <E> = -1.620879 

T=0.840000	 Thermalizing iterations... 
Done.
Thermalized Magnetisation = (0.693168,-0.099151), Energy = -1.636423 
Averaging iterations... h=0.125000,0.000000
Done.
Final: Magnetisation = (0.721027,-0.026670), Energy = -1.633775 
<M> = (0.715364,0.000962), <E> = -1.629051 

T=0.830000	 Thermalizing iterations... 
Done.
Thermalized Magnetisation = (0.739466,0.103549), Energy = -1.651192 
Averaging iterations... h=0.125000,0.000000
Done.
Final: Magnetisation = (0.708393,-0.009511), Energy = -1.643599 
<M> = (0.727491,-0.000313), <E> = -1.637277 

T=0.820000	 Thermalizing iterations... 
Done.
Thermalized Magnetisation = (0.736169,-0.051721), Energy = -1.645156 
Averaging iterations... h=0.125000,0.000000
Done.
Final: Magnetisation = (0.742141,-0.064783), Energy = -1.639970 
<M> = (0.729237,-0.005465), <E> = -1.645185 

T=0.810000	 Thermalizing iterations... 
Done.
Thermalized Magnetisation = (0.724823,-0.027801), Energy = -1.612588 
Averaging iterations... h=0.125000,0.000000
Done.
Final: Magnetisation = (0.727434,0.095865), Energy = -1.624487 
<M> = (0.732052,-0.003474), <E> = -1.652488 

T=0.800000	 Thermalizing iterations... 
Done.
Thermalized Magnetisation = (0.716764,-0.109645), Energy = -1.644757 
Averaging iterations... h=0.125000,0.000000
Done.
Final: Magnetisation = (0.736973,-0.141542), Energy = -1.655492 
<M> = (0.736612,-0.003480), <E> = -1.660449 

T=0.790000	 Thermalizing iterations... 
Done.
Thermalized Magnetisation = (0.704591,-0.017309), Energy = -1.670993 
Averaging iterations... h=0.125000,0.000000
Done.
Final: Magnetisation = (0.733219,0.057357), Energy = -1.669529 
<M> = (0.740861,-0.015775), <E> = -1.668713 

T=0.780000	 Thermalizing iterations... 
Done.
Thermalized Magnetisation = (0.722560,0.055557), Energy = -1.666868 
Averaging iterations... h=0.125000,0.000000
Done.
Final: Magnetisation = (0.731127,-0.023390), Energy = -1.652827 
<M> = (0.740639,-0.014394), <E> = -1.675959 

T=0.770000	 Thermalizing iterations... 
Done.
Thermalized Magnetisation = (0.783061,-0.000220), Energy = -1.705119 
Averaging iterations... h=0.125000,0.000000
Done.
Final: Magnetisation = (0.761080,-0.007040), Energy = -1.679917 
<M> = (0.748299,-0.006337), <E> = -1.683370 

T=0.760000	 Thermalizing iterations... 
Done.
Thermalized Magnetisation = (0.752399,-0.002288), Energy = -1.667651 
Averaging iterations... h=0.125000,0.000000
Done.
Final: Magnetisation = (0.764597,-0.108086), Energy = -1.710304 
<M> = (0.751022,0.006155), <E> = -1.690791 

T=0.750000	 Thermalizing iterations... 
Done.
Thermalized Magnetisation = (0.764798,0.086805), Energy = -1.683003 
Averaging iterations... h=0.125000,0.000000
Done.
Final: Magnetisation = (0.738632,-0.024616), Energy = -1.688055 
<M> = (0.756159,0.003911), <E> = -1.698045 

T=0.740000	 Thermalizing iterations... 
Done.
Thermalized Magnetisation = (0.773544,-0.039007), Energy = -1.721798 
Averaging iterations... h=0.125000,0.000000
Done.
Final: Magnetisation = (0.720189,-0.039425), Energy = -1.695549 
<M> = (0.757562,-0.003608), <E> = -1.704868 

T=0.730000	 Thermalizing iterations... 
Done.
Thermalized Magnetisation = (0.766471,-0.030983), Energy = -1.689851 
Averaging iterations... h=0.125000,0.000000
Done.
Final: Magnetisation = (0.786172,-0.057818), Energy = -1.724188 
<M> = (0.761376,-0.028819), <E> = -1.712214 

T=0.720000	 Thermalizing iterations... 
Done.
Thermalized Magnetisation = (0.771151,-0.001011), Energy = -1.704417 
Averaging iterations... h=0.125000,0.000000
Done.
Final: Magnetisation = (0.765309,-0.051622), Energy = -1.719277 
<M> = (0.767629,-0.000586), <E> = -1.719084 

T=0.710000	 Thermalizing iterations... 
Done.
Thermalized Magnetisation = (0.776617,-0.031775), Energy = -1.725609 
Averaging iterations... h=0.125000,0.000000
Done.
Final: Magnetisation = (0.780983,-0.000114), Energy = -1.728730 
<M> = (0.769572,-0.007357), <E> = -1.726211 

T=0.700000	 Thermalizing iterations... 
Done.
Thermalized Magnetisation = (0.768545,-0.086807), Energy = -1.757274 
Averaging iterations... h=0.125000,0.000000
Done.
Final: Magnetisation = (0.768306,-0.059970), Energy = -1.733765 
<M> = (0.769438,-0.055716), <E> = -1.732647 

T=0.690000	 Thermalizing iterations... 
Done.
Thermalized Magnetisation = (0.794282,-0.039264), Energy = -1.749109 
Averaging iterations... h=0.125000,0.000000
Done.
Final: Magnetisation = (0.754135,-0.172733), Energy = -1.711071 
<M> = (0.774465,-0.019876), <E> = -1.739599 

T=0.680000	 Thermalizing iterations... 
Done.
Thermalized Magnetisation = (0.782921,-0.046264), Energy = -1.754189 
Averaging iterations... h=0.125000,0.000000
Done.
Final: Magnetisation = (0.767246,0.046838), Energy = -1.738501 
<M> = (0.779061,0.003688), <E> = -1.746753 

T=0.670000	 Thermalizing iterations... 
Done.
Thermalized Magnetisation = (0.776505,-0.031658), Energy = -1.761212 
Averaging iterations... h=0.125000,0.000000
Done.
Final: Magnetisation = (0.805123,0.032919), Energy = -1.764810 
<M> = (0.782367,0.008777), <E> = -1.753323 

T=0.660000	 Thermalizing iterations... 
Done.
Thermalized Magnetisation = (0.788658,0.052600), Energy = -1.749264 
Averaging iterations... h=0.125000,0.000000
Done.
Final: Magnetisation = (0.796467,0.031639), Energy = -1.764651 
<M> = (0.785541,-0.008895), <E> = -1.759434 

T=0.650000	 Thermalizing iterations... 
Done.
Thermalized Magnetisation = (0.791497,-0.012620), Energy = -1.758613 
Averaging iterations... h=0.125000,0.000000
Done.
Final: Magnetisation = (0.762395,-0.042351), Energy = -1.747411 
<M> = (0.786630,-0.025903), <E> = -1.766374 

T=0.640000	 Thermalizing iterations... 
Done.
Thermalized Magnetisation = (0.793819,-0.025963), Energy = -1.769965 
Averaging iterations... h=0.125000,0.000000
Done.
Final: Magnetisation = (0.804389,-0.008254), Energy = -1.769232 
<M> = (0.790658,-0.031871), <E> = -1.773175 

T=0.630000	 Thermalizing iterations... 
Done.
Thermalized Magnetisation = (0.780528,-0.085975), Energy = -1.779355 
Averaging iterations... h=0.125000,0.000000
Done.
Final: Magnetisation = (0.804355,-0.036935), Energy = -1.775187 
<M> = (0.793353,-0.022071), <E> = -1.779153 

T=0.620000	 Thermalizing iterations... 
Done.
Thermalized Magnetisation = (0.770106,0.206835), Energy = -1.793225 
Averaging iterations... h=0.125000,0.000000
Done.
Final: Magnetisation = (0.794539,-0.092645), Energy = -1.778082 
<M> = (0.794481,-0.001947), <E> = -1.785957 

T=0.610000	 Thermalizing iterations... 
Done.
Thermalized Magnetisation = (0.785911,0.029165), Energy = -1.787968 
Averaging iterations... h=0.125000,0.000000
Done.
Final: Magnetisation = (0.788750,-0.012251), Energy = -1.787512 
<M> = (0.801447,0.027826), <E> = -1.792071 

T=0.600000	 Thermalizing iterations... 
Done.
Thermalized Magnetisation = (0.805971,-0.097649), Energy = -1.809071 
Averaging iterations... h=0.125000,0.000000
Done.
Final: Magnetisation = (0.803551,-0.022050), Energy = -1.801523 
<M> = (0.803097,0.024127), <E> = -1.798715 

T=0.590000	 Thermalizing iterations... 
Done.
Thermalized Magnetisation = (0.797644,-0.035323), Energy = -1.814087 
Averaging iterations... h=0.125000,0.000000
Done.
Final: Magnetisation = (0.790094,-0.004736), Energy = -1.808023 
<M> = (0.806923,0.011478), <E> = -1.804916 

T=0.580000	 Thermalizing iterations... 
Done.
Thermalized Magnetisation = (0.814672,0.039172), Energy = -1.820717 
Averaging iterations... h=0.125000,0.000000
Done.
Final: Magnetisation = (0.806759,0.025272), Energy = -1.818398 
<M> = (0.809793,-0.021244), <E> = -1.811002 

T=0.570000	 Thermalizing iterations... 
Done.
Thermalized Magnetisation = (0.823889,-0.026321), Energy = -1.819306 
Averaging iterations... h=0.125000,0.000000
Done.
Final: Magnetisation = (0.831823,0.011851), Energy = -1.824592 
<M> = (0.811815,0.002495), <E> = -1.817342 

T=0.560000	 Thermalizing iterations... 
Done.
Thermalized Magnetisation = (0.816839,0.013082), Energy = -1.823169 
Averaging iterations... h=0.125000,0.000000
Done.
Final: Magnetisation = (0.804891,-0.034708), Energy = -1.815611 
<M> = (0.815154,-0.046422), <E> = -1.823645 

T=0.550000	 Thermalizing iterations... 
Done.
Thermalized Magnetisation = (0.828569,0.023954), Energy = -1.840740 
Averaging iterations... h=0.125000,0.000000
Done.
Final: Magnetisation = (0.814934,-0.064755), Energy = -1.832617 
<M> = (0.815873,-0.037176), <E> = -1.829262 

T=0.540000	 Thermalizing iterations... 
Done.
Thermalized Magnetisation = (0.831933,0.037517), Energy = -1.849769 
Averaging iterations... h=0.125000,0.000000
Done.
Final: Magnetisation = (0.813220,-0.110296), Energy = -1.831460 
<M> = (0.818563,-0.021963), <E> = -1.835044 

T=0.530000	 Thermalizing iterations... 
Done.
Thermalized Magnetisation = (0.844461,-0.042959), Energy = -1.842337 
Averaging iterations... h=0.125000,0.000000
Done.
Final: Magnetisation = (0.823551,0.021477), Energy = -1.845670 
<M> = (0.826028,0.007651), <E> = -1.841314 

T=0.520000	 Thermalizing iterations... 
Done.
Thermalized Magnetisation = (0.832996,-0.007731), Energy = -1.847671 
Averaging iterations... h=0.125000,0.000000
Done.
Final: Magnetisation = (0.821910,0.007472), Energy = -1.843378 
<M> = (0.828107,-0.011463), <E> = -1.847262 

T=0.510000	 Thermalizing iterations... 
Done.
Thermalized Magnetisation = (0.839516,-0.008165), Energy = -1.848415 
Averaging iterations... h=0.125000,0.000000
Done.
Final: Magnetisation = (0.845449,-0.081837), Energy = -1.844019 
<M> = (0.828909,-0.046532), <E> = -1.853145 

T=0.500000	 Thermalizing iterations... 
Done.
Thermalized Magnetisation = (0.819273,-0.005083), Energy = -1.852653 
Averaging iterations... h=0.125000,0.000000
Done.
Final: Magnetisation = (0.825137,-0.067567), Energy = -1.856137 
<M> = (0.833341,-0.019848), <E> = -1.859279 

T=0.490000	 Thermalizing iterations... 
Done.
Thermalized Magnetisation = (0.833212,0.035955), Energy = -1.868908 
Averaging iterations... h=0.125000,0.000000
Done.
Final: Magnetisation = (0.816216,-0.113989), Energy = -1.865359 
<M> = (0.832867,-0.018148), <E> = -1.865655 

T=0.480000	 Thermalizing iterations... 
Done.
Thermalized Magnetisation = (0.821178,0.004947), Energy = -1.855120 
Averaging iterations... h=0.125000,0.000000
Done.
Final: Magnetisation = (0.831849,0.049879), Energy = -1.869290 
<M> = (0.834336,-0.031348), <E> = -1.871092 

T=0.470000	 Thermalizing iterations... 
Done.
Thermalized Magnetisation = (0.834649,-0.024062), Energy = -1.870507 
Averaging iterations... h=0.125000,0.000000
Done.
Final: Magnetisation = (0.847732,-0.032029), Energy = -1.884294 
<M> = (0.836768,0.013735), <E> = -1.876784 

T=0.460000	 Thermalizing iterations... 
Done.
Thermalized Magnetisation = (0.841844,-0.016554), Energy = -1.873112 
Averaging iterations... h=0.125000,0.000000
Done.
Final: Magnetisation = (0.840217,-0.034475), Energy = -1.880170 
<M> = (0.842906,0.013217), <E> = -1.882516 

T=0.450000	 Thermalizing iterations... 
Done.
Thermalized Magnetisation = (0.833955,-0.112198), Energy = -1.877940 
Averaging iterations... h=0.125000,0.000000
Done.
Final: Magnetisation = (0.847022,0.010131), Energy = -1.886194 
<M> = (0.844649,-0.022177), <E> = -1.888660 

T=0.440000	 Thermalizing iterations... 
Done.
Thermalized Magnetisation = (0.859509,-0.018209), Energy = -1.890129 
Averaging iterations... h=0.125000,0.000000
Done.
Final: Magnetisation = (0.837005,0.067232), Energy = -1.897414 
<M> = (0.847811,-0.025443), <E> = -1.894445 

T=0.430000	 Thermalizing iterations... 
Done.
Thermalized Magnetisation = (0.851690,0.073298), Energy = -1.897465 
Averaging iterations... h=0.125000,0.000000
Done.
Final: Magnetisation = (0.851563,0.011309), Energy = -1.895242 
<M> = (0.851981,-0.020210), <E> = -1.900125 

T=0.420000	 Thermalizing iterations... 
Done.
Thermalized Magnetisation = (0.851733,-0.008533), Energy = -1.906770 
Averaging iterations... h=0.125000,0.000000
Done.
Final: Magnetisation = (0.849973,-0.036793), Energy = -1.901454 
<M> = (0.848721,-0.066293), <E> = -1.906160 

T=0.410000	 Thermalizing iterations... 
Done.
Thermalized Magnetisation = (0.855794,-0.066831), Energy = -1.915834 
Averaging iterations... h=0.125000,0.000000
Done.
Final: Magnetisation = (0.857225,-0.097011), Energy = -1.907417 
<M> = (0.854291,-0.067297), <E> = -1.911791 

T=0.400000	 Thermalizing iterations... 
Done.
Thermalized Magnetisation = (0.865378,-0.056384), Energy = -1.923319 
Averaging iterations... h=0.125000,0.000000
Done.
Final: Magnetisation = (0.848251,-0.102868), Energy = -1.915032 
<M> = (0.856942,-0.011109), <E> = -1.917094 

T=0.390000	 Thermalizing iterations... 
Done.
Thermalized Magnetisation = (0.880784,0.022089), Energy = -1.924314 
Averaging iterations... h=0.125000,0.000000
Done.
Final: Magnetisation = (0.871551,-0.037330), Energy = -1.929164 
<M> = (0.860654,-0.017726), <E> = -1.922466 

T=0.380000	 Thermalizing iterations... 
Done.
Thermalized Magnetisation = (0.857015,-0.064868), Energy = -1.925485 
Averaging iterations... h=0.125000,0.000000
Done.
Final: Magnetisation = (0.870072,0.033917), Energy = -1.934077 
<M> = (0.865676,-0.023226), <E> = -1.928244 

T=0.370000	 Thermalizing iterations... 
Done.
Thermalized Magnetisation = (0.855189,-0.128232), Energy = -1.935217 
Averaging iterations... h=0.125000,0.000000
Done.
Final: Magnetisation = (0.867392,0.009377), Energy = -1.942478 
<M> = (0.866458,-0.036357), <E> = -1.933991 

T=0.360000	 Thermalizing iterations... 
Done.
Thermalized Magnetisation = (0.871612,0.065977), Energy = -1.947688 
Averaging iterations... h=0.125000,0.000000
Done.
Final: Magnetisation = (0.870757,0.087721), Energy = -1.946728 
<M> = (0.864819,0.062965), <E> = -1.939358 

T=0.350000	 Thermalizing iterations... 
Done.
Thermalized Magnetisation = (0.872169,-0.063630), Energy = -1.936585 
Averaging iterations... h=0.125000,0.000000
Done.
Final: Magnetisation = (0.870636,-0.059390), Energy = -1.948692 
<M> = (0.870626,-0.066748), <E> = -1.945177 

T=0.340000	 Thermalizing iterations... 
Done.
Thermalized Magnetisation = (0.878946,-0.001080), Energy = -1.948189 
Averaging iterations... h=0.125000,0.000000
Done.
Final: Magnetisation = (0.859270,0.052306), Energy = -1.952361 
<M> = (0.876536,0.029029), <E> = -1.950689 

T=0.330000	 Thermalizing iterations... 
Done.
Thermalized Magnetisation = (0.873256,0.107272), Energy = -1.956397 
Averaging iterations... h=0.125000,0.000000
Done.
Final: Magnetisation = (0.871413,0.095298), Energy = -1.952860 
<M> = (0.873519,0.076740), <E> = -1.955886 

T=0.320000	 Thermalizing iterations... 
Done.
Thermalized Magnetisation = (0.860460,-0.104036), Energy = -1.953413 
Averaging iterations... h=0.125000,0.000000
Done.
Final: Magnetisation = (0.885762,0.022079), Energy = -1.958998 
<M> = (0.878047,0.073695), <E> = -1.961449 

T=0.310000	 Thermalizing iterations... 
Done.
Thermalized Magnetisation = (0.888189,0.060931), Energy = -1.969386 
Averaging iterations... h=0.125000,0.000000
Done.
Final: Magnetisation = (0.869521,0.037604), Energy = -1.971598 
<M> = (0.881169,0.043693), <E> = -1.966972 

T=0.300000	 Thermalizing iterations... 
Done.
Thermalized Magnetisation = (0.897683,-0.028969), Energy = -1.976607 
Averaging iterations... h=0.125000,0.000000
Done.
Final: Magnetisation = (0.886220,0.025070), Energy = -1.974383 
<M> = (0.882432,0.070977), <E> = -1.972488 

T=0.290000	 Thermalizing iterations... 
Done.
Thermalized Magnetisation = (0.878381,0.016715), Energy = -1.967839 
Averaging iterations... h=0.125000,0.000000
Done.
Final: Magnetisation = (0.903742,0.012393), Energy = -1.976582 
<M> = (0.886034,0.013537), <E> = -1.977899 

T=0.280000	 Thermalizing iterations... 
Done.
Thermalized Magnetisation = (0.890215,0.010519), Energy = -1.982222 
Averaging iterations... h=0.125000,0.000000
Done.
Final: Magnetisation = (0.888240,0.081708), Energy = -1.986213 
<M> = (0.889443,0.040263), <E> = -1.983443 

T=0.270000	 Thermalizing iterations... 
Done.
Thermalized Magnetisation = (0.879318,-0.059724), Energy = -1.991546 
Averaging iterations... h=0.125000,0.000000
Done.
Final: Magnetisation = (0.870410,0.004977), Energy = -1.986839 
<M> = (0.887736,0.003799), <E> = -1.988702 

T=0.260000	 Thermalizing iterations... 
Done.
Thermalized Magnetisation = (0.887197,0.054287), Energy = -1.987949 
Averaging iterations... h=0.125000,0.000000
Done.
Final: Magnetisation = (0.894741,0.051014), Energy = -1.994842 
<M> = (0.892619,0.026155), <E> = -1.994199 

T=0.250000	 Thermalizing iterations... 
Done.
Thermalized Magnetisation = (0.891171,0.037766), Energy = -2.000313 
Averaging iterations... h=0.125000,0.000000
Done.
Final: Magnetisation = (0.896970,-0.001274), Energy = -1.995926 
<M> = (0.898105,0.002093), <E> = -1.999395 

T=0.240000	 Thermalizing iterations... 
Done.
Thermalized Magnetisation = (0.903909,-0.024815), Energy = -2.006845 
Averaging iterations... h=0.125000,0.000000
Done.
Final: Magnetisation = (0.890779,-0.036485), Energy = -2.001589 
<M> = (0.896671,-0.018396), <E> = -2.004741 

T=0.230000	 Thermalizing iterations... 
Done.
Thermalized Magnetisation = (0.903318,-0.076213), Energy = -2.008173 
Averaging iterations... h=0.125000,0.000000
Done.
Final: Magnetisation = (0.902631,0.028587), Energy = -2.010967 
<M> = (0.902171,-0.011799), <E> = -2.010124 

T=0.220000	 Thermalizing iterations... 
Done.
Thermalized Magnetisation = (0.905763,-0.040882), Energy = -2.016778 
Averaging iterations... h=0.125000,0.000000
Done.
Final: Magnetisation = (0.887095,-0.061325), Energy = -2.014950 
<M> = (0.903638,-0.015986), <E> = -2.015369 

T=0.210000	 Thermalizing iterations... 
Done.
Thermalized Magnetisation = (0.909603,0.027287), Energy = -2.021401 
Averaging iterations... h=0.125000,0.000000
Done.
Final: Magnetisation = (0.898850,0.039144), Energy = -2.019119 
<M> = (0.906659,0.020142), <E> = -2.020579 

T=0.200000	 Thermalizing iterations... 
Done.
Thermalized Magnetisation = (0.909437,0.018620), Energy = -2.026894 
Averaging iterations... h=0.125000,0.000000
Done.
Final: Magnetisation = (0.914581,-0.023568), Energy = -2.028167 
<M> = (0.907566,0.028650), <E> = -2.026098 

T=0.190000	 Thermalizing iterations... 
Done.
Thermalized Magnetisation = (0.901656,0.028681), Energy = -2.031909 
Averaging iterations... h=0.125000,0.000000
Done.
Final: Magnetisation = (0.906718,-0.017077), Energy = -2.031129 
<M> = (0.909928,0.014155), <E> = -2.031303 

T=0.180000	 Thermalizing iterations... 
Done.
Thermalized Magnetisation = (0.908987,-0.012743), Energy = -2.035546 
Averaging iterations... h=0.125000,0.000000
Done.
Final: Magnetisation = (0.914274,0.018179), Energy = -2.037037 
<M> = (0.911369,0.002804), <E> = -2.036542 

T=0.170000	 Thermalizing iterations... 
Done.
Thermalized Magnetisation = (0.909424,0.011057), Energy = -2.039254 
Averaging iterations... h=0.125000,0.000000
Done.
Final: Magnetisation = (0.911917,0.036867), Energy = -2.043120 
<M> = (0.914734,-0.007134), <E> = -2.041765 

T=0.160000	 Thermalizing iterations... 
Done.
Thermalized Magnetisation = (0.919843,-0.058333), Energy = -2.046317 
Averaging iterations... h=0.125000,0.000000
Done.
Final: Magnetisation = (0.915780,-0.002808), Energy = -2.045006 
<M> = (0.916295,-0.031735), <E> = -2.046961 

T=0.150000	 Thermalizing iterations... 
Done.
Thermalized Magnetisation = (0.921238,-0.014843), Energy = -2.050884 
Averaging iterations... h=0.125000,0.000000
Done.
Final: Magnetisation = (0.925299,0.021482), Energy = -2.055189 
<M> = (0.918286,-0.006058), <E> = -2.051991 

T=0.140000	 Thermalizing iterations... 
Done.
Thermalized Magnetisation = (0.921010,-0.036686), Energy = -2.059025 
Averaging iterations... h=0.125000,0.000000
Done.
Final: Magnetisation = (0.936651,0.010932), Energy = -2.059177 
<M> = (0.922799,-0.017760), <E> = -2.057340 

T=0.130000	 Thermalizing iterations... 
Done.
Thermalized Magnetisation = (0.927553,-0.023369), Energy = -2.062265 
Averaging iterations... h=0.125000,0.000000
Done.
Final: Magnetisation = (0.930500,0.014656), Energy = -2.064742 
<M> = (0.923594,-0.002033), <E> = -2.062437 

T=0.120000	 Thermalizing iterations... 
Done.
Thermalized Magnetisation = (0.923488,0.000245), Energy = -2.066806 
Averaging iterations... h=0.125000,0.000000
Done.
Final: Magnetisation = (0.930876,0.007426), Energy = -2.068097 
<M> = (0.926139,0.013095), <E> = -2.067692 

T=0.110000	 Thermalizing iterations... 
Done.
Thermalized Magnetisation = (0.924587,-0.001721), Energy = -2.070730 
Averaging iterations... h=0.125000,0.000000
Done.
Final: Magnetisation = (0.930977,0.047642), Energy = -2.074510 
<M> = (0.925529,0.027281), <E> = -2.072811 

T=0.100000	 Thermalizing iterations... 
Done.
Thermalized Magnetisation = (0.931513,0.020891), Energy = -2.075791 
Averaging iterations... h=0.125000,0.000000
Done.
Final: Magnetisation = (0.931714,-0.030083), Energy = -2.079853 
<M> = (0.931847,-0.002575), <E> = -2.077957 

T=0.090000	 Thermalizing iterations... 
Done.
Thermalized Magnetisation = (0.928569,0.022995), Energy = -2.083118 
Averaging iterations... h=0.125000,0.000000
Done.
Final: Magnetisation = (0.922909,0.051460), Energy = -2.083065 
<M> = (0.931772,0.020098), <E> = -2.083149 

T=0.080000	 Thermalizing iterations... 
Done.
Thermalized Magnetisation = (0.933677,-0.001302), Energy = -2.088389 
Averaging iterations... h=0.125000,0.000000
Done.
Final: Magnetisation = (0.936760,0.013193), Energy = -2.090062 
<M> = (0.935077,0.023673), <E> = -2.088187 

T=0.070000	 Thermalizing iterations... 
Done.
Thermalized Magnetisation = (0.939427,0.028326), Energy = -2.093971 
Averaging iterations... h=0.125000,0.000000
Done.
Final: Magnetisation = (0.933237,0.060391), Energy = -2.093415 
<M> = (0.934635,0.025332), <E> = -2.093264 

T=0.060000	 Thermalizing iterations... 
Done.
Thermalized Magnetisation = (0.937199,0.056766), Energy = -2.097614 
Averaging iterations... h=0.125000,0.000000
Done.
Final: Magnetisation = (0.937609,0.039484), Energy = -2.098870 
<M> = (0.937333,0.024646), <E> = -2.098298 

T=0.050000	 Thermalizing iterations... 
Done.
Thermalized Magnetisation = (0.937042,0.012540), Energy = -2.103354 
Averaging iterations... h=0.125000,0.000000
Done.
Final: Magnetisation = (0.938699,0.008202), Energy = -2.103469 
<M> = (0.939800,0.041930), <E> = -2.103421 

T=0.040000	 Thermalizing iterations... 
Done.
Thermalized Magnetisation = (0.943076,0.043280), Energy = -2.108972 
Averaging iterations... h=0.125000,0.000000
Done.
Final: Magnetisation = (0.940231,0.063173), Energy = -2.108902 
<M> = (0.941575,0.052466), <E> = -2.108452 

T=0.030000	 Thermalizing iterations... 
Done.
Thermalized Magnetisation = (0.942038,0.063549), Energy = -2.113390 
Averaging iterations... h=0.125000,0.000000
Done.
Final: Magnetisation = (0.940262,0.049332), Energy = -2.113278 
<M> = (0.942155,0.048220), <E> = -2.113516 

T=0.020000	 Thermalizing iterations... 
Done.
Thermalized Magnetisation = (0.944602,0.061605), Energy = -2.118509 
Averaging iterations... h=0.125000,0.000000
Done.
Final: Magnetisation = (0.942747,0.058951), Energy = -2.118530 
<M> = (0.944065,0.060770), <E> = -2.118532 

T=0.010000	 Thermalizing iterations... 
Done.
Thermalized Magnetisation = (0.945918,0.069182), Energy = -2.123568 
Averaging iterations... h=0.125000,0.000000
Done.
Final: Magnetisation = (0.947754,0.063606), Energy = -2.123612 
<M> = (0.945754,0.067598), <E> = -2.123548 
Final Magnetisation = (0.947754,0.063606), Energy = -2.123612 
------------------------

Updating all (first)black/(then)white checkerboard sites simultaneously.. 

ztne RFXY h rotating with |h|=0.125000 at T=0.000000..
loop 1

loop 2

CPU  Start Time = 3865531.853647 

CPU  End Time = 3873872.496385 

CPU Time elapsed total = 8340.642738 

real	139m0.693s
user	2343m16.262s
sys	1m12.877s
