nearest neighbor initialized. 
J loaded. 
h loaded. 
L = 64, dim_L = 2, dim_S = 2
hysteresis_MCS_multiplier = 10, hysteresis_MCS_max = 100
RAND_MAX = 2147483647.000000,
 sizeof(int) = 4,
 sizeof(long) = 8,
 sizeof(double) = 8,
 sizeof(long int) = 8,
 sizeof(short int) = 2,
 sizeof(unsigned int) = 4,
 sizeof(RAND_MAX) = 4

OpenMP Active.

No. of THREADS = 24
No. of PROCESSORS = 24

0.095006,-0.025951
order = ({1.000000-->-1.000000,0.000000}, 0, 1)
Initial Magnetisation = (0.095006,-0.025951), Energy = -0.081723 
Cooling... 
T=2.000000	 Thermalizing iterations... 
Done.
Thermalized Magnetisation = (0.009951,0.046354), Energy = -0.541045 
Averaging iterations... h=0.062500,0.000000
Done.
Final: Magnetisation = (0.063599,-0.096514), Energy = -0.538264 
<M> = (0.060214,0.001152), <E> = -0.630690 

T=1.950000	 Thermalizing iterations... 
Done.
Thermalized Magnetisation = (0.096984,0.099926), Energy = -0.561864 
Averaging iterations... h=0.062500,0.000000
Done.
Final: Magnetisation = (0.127340,-0.059128), Energy = -0.606862 
<M> = (0.061752,-0.000083), <E> = -0.651242 

T=1.900000	 Thermalizing iterations... 
Done.
Thermalized Magnetisation = (0.076796,-0.075725), Energy = -0.766148 
Averaging iterations... h=0.062500,0.000000
Done.
Final: Magnetisation = (0.111805,-0.066320), Energy = -0.617443 
<M> = (0.068257,0.000520), <E> = -0.672057 

T=1.850000	 Thermalizing iterations... 
Done.
Thermalized Magnetisation = (0.073968,-0.093733), Energy = -0.711836 
Averaging iterations... h=0.062500,0.000000
Done.
Final: Magnetisation = (0.162912,-0.077483), Energy = -0.651489 
<M> = (0.074522,0.001932), <E> = -0.694381 

T=1.800000	 Thermalizing iterations... 
Done.
Thermalized Magnetisation = (-0.019966,0.100473), Energy = -0.644959 
Averaging iterations... h=0.062500,0.000000
Done.
Final: Magnetisation = (-0.007167,0.042827), Energy = -0.737958 
<M> = (0.080468,-0.000141), <E> = -0.716867 

T=1.750000	 Thermalizing iterations... 
Done.
Thermalized Magnetisation = (0.108822,0.063009), Energy = -0.700118 
Averaging iterations... h=0.062500,0.000000
Done.
Final: Magnetisation = (0.198854,-0.021286), Energy = -0.784854 
<M> = (0.087193,0.000691), <E> = -0.741940 

T=1.700000	 Thermalizing iterations... 
Done.
Thermalized Magnetisation = (0.035525,-0.086325), Energy = -0.748561 
Averaging iterations... h=0.062500,0.000000
Done.
Final: Magnetisation = (0.071931,-0.019645), Energy = -0.907101 
<M> = (0.094110,-0.001021), <E> = -0.770667 

T=1.650000	 Thermalizing iterations... 
Done.
Thermalized Magnetisation = (-0.037413,0.069528), Energy = -0.818649 
Averaging iterations... h=0.062500,0.000000
Done.
Final: Magnetisation = (0.089751,0.027299), Energy = -0.750328 
<M> = (0.104264,0.000419), <E> = -0.800047 

T=1.600000	 Thermalizing iterations... 
Done.
Thermalized Magnetisation = (0.100395,0.012603), Energy = -0.748068 
Averaging iterations... h=0.062500,0.000000
Done.
Final: Magnetisation = (-0.005872,-0.027637), Energy = -0.880185 
<M> = (0.112976,0.001136), <E> = -0.831031 

T=1.550000	 Thermalizing iterations... 
Done.
Thermalized Magnetisation = (0.066072,0.113824), Energy = -0.841579 
Averaging iterations... h=0.062500,0.000000
Done.
Final: Magnetisation = (0.041244,0.032896), Energy = -0.740565 
<M> = (0.128308,-0.000981), <E> = -0.864289 

T=1.500000	 Thermalizing iterations... 
Done.
Thermalized Magnetisation = (0.207343,0.066527), Energy = -0.901584 
Averaging iterations... h=0.062500,0.000000
Done.
Final: Magnetisation = (0.117667,-0.066729), Energy = -0.892874 
<M> = (0.143349,0.001772), <E> = -0.900379 

T=1.450000	 Thermalizing iterations... 
Done.
Thermalized Magnetisation = (0.183626,-0.077756), Energy = -0.888449 
Averaging iterations... h=0.062500,0.000000
Done.
Final: Magnetisation = (0.158618,0.069707), Energy = -0.921305 
<M> = (0.153986,0.001632), <E> = -0.938762 

T=1.400000	 Thermalizing iterations... 
Done.
Thermalized Magnetisation = (0.176130,0.108912), Energy = -0.949171 
Averaging iterations... h=0.062500,0.000000
Done.
Final: Magnetisation = (0.260396,-0.046389), Energy = -1.065886 
<M> = (0.177339,0.003179), <E> = -0.982343 

T=1.350000	 Thermalizing iterations... 
Done.
Thermalized Magnetisation = (0.133401,0.044379), Energy = -1.040543 
Averaging iterations... h=0.062500,0.000000
Done.
Final: Magnetisation = (0.195623,-0.057572), Energy = -1.102941 
<M> = (0.197053,0.002383), <E> = -1.027341 

T=1.300000	 Thermalizing iterations... 
Done.
Thermalized Magnetisation = (0.266137,-0.141458), Energy = -0.972865 
Averaging iterations... h=0.062500,0.000000
Done.
Final: Magnetisation = (0.060311,-0.243945), Energy = -1.153007 
<M> = (0.224451,0.000304), <E> = -1.075819 

T=1.250000	 Thermalizing iterations... 
Done.
Thermalized Magnetisation = (0.256530,-0.014944), Energy = -1.057157 
Averaging iterations... h=0.062500,0.000000
Done.
Final: Magnetisation = (0.291002,-0.124999), Energy = -1.129376 
<M> = (0.258299,-0.004713), <E> = -1.126859 

T=1.200000	 Thermalizing iterations... 
Done.
Thermalized Magnetisation = (0.215266,-0.040386), Energy = -1.178971 
Averaging iterations... h=0.062500,0.000000
Done.
Final: Magnetisation = (0.278654,-0.028987), Energy = -1.142389 
<M> = (0.288415,0.003940), <E> = -1.180185 

T=1.150000	 Thermalizing iterations... 
Done.
Thermalized Magnetisation = (0.210047,0.158793), Energy = -1.209257 
Averaging iterations... h=0.062500,0.000000
Done.
Final: Magnetisation = (0.356291,0.092619), Energy = -1.304429 
<M> = (0.325633,0.007028), <E> = -1.236783 

T=1.100000	 Thermalizing iterations... 
Done.
Thermalized Magnetisation = (0.384672,-0.040575), Energy = -1.243065 
Averaging iterations... h=0.062500,0.000000
Done.
Final: Magnetisation = (0.433892,0.006725), Energy = -1.327924 
<M> = (0.361849,-0.003526), <E> = -1.294416 

T=1.050000	 Thermalizing iterations... 
Done.
Thermalized Magnetisation = (0.404921,0.175010), Energy = -1.323572 
Averaging iterations... h=0.062500,0.000000
Done.
Final: Magnetisation = (0.249868,-0.012454), Energy = -1.342216 
<M> = (0.400466,-0.002505), <E> = -1.350578 

T=1.000000	 Thermalizing iterations... 
Done.
Thermalized Magnetisation = (0.470230,0.007702), Energy = -1.387514 
Averaging iterations... h=0.062500,0.000000
Done.
Final: Magnetisation = (0.433696,0.240611), Energy = -1.402357 
<M> = (0.445522,0.026473), <E> = -1.406948 

T=0.950000	 Thermalizing iterations... 
Done.
Thermalized Magnetisation = (0.519139,0.192329), Energy = -1.441432 
Averaging iterations... h=0.062500,0.000000
Done.
Final: Magnetisation = (0.481451,0.017766), Energy = -1.457973 
<M> = (0.475161,0.018623), <E> = -1.460575 

T=0.900000	 Thermalizing iterations... 
Done.
Thermalized Magnetisation = (0.420064,0.279545), Energy = -1.470298 
Averaging iterations... h=0.062500,0.000000
Done.
Final: Magnetisation = (0.555642,-0.050586), Energy = -1.508223 
<M> = (0.500835,0.061046), <E> = -1.511271 

T=0.850000	 Thermalizing iterations... 
Done.
Thermalized Magnetisation = (0.534483,-0.257797), Energy = -1.588495 
Averaging iterations... h=0.062500,0.000000
Done.
Final: Magnetisation = (0.510700,-0.376099), Energy = -1.568668 
<M> = (0.528128,0.036045), <E> = -1.558815 

T=0.800000	 Thermalizing iterations... 
Done.
Thermalized Magnetisation = (0.578012,-0.029806), Energy = -1.580201 
Averaging iterations... h=0.062500,0.000000
Done.
Final: Magnetisation = (0.564230,-0.040437), Energy = -1.545257 
<M> = (0.542893,-0.025869), <E> = -1.600785 

T=0.750000	 Thermalizing iterations... 
Done.
Thermalized Magnetisation = (0.580935,0.047756), Energy = -1.644840 
Averaging iterations... h=0.062500,0.000000
Done.
Final: Magnetisation = (0.630010,0.032763), Energy = -1.629391 
<M> = (0.568916,0.205165), <E> = -1.642026 

T=0.700000	 Thermalizing iterations... 
Done.
Thermalized Magnetisation = (0.530446,0.245775), Energy = -1.678112 
Averaging iterations... h=0.062500,0.000000
Done.
Final: Magnetisation = (0.656193,-0.036602), Energy = -1.675652 
<M> = (0.590605,-0.032887), <E> = -1.677587 

T=0.650000	 Thermalizing iterations... 
Done.
Thermalized Magnetisation = (0.616543,0.186107), Energy = -1.706973 
Averaging iterations... h=0.062500,0.000000
Done.
Final: Magnetisation = (0.613904,-0.207077), Energy = -1.723393 
<M> = (0.597694,0.057669), <E> = -1.712173 

T=0.600000	 Thermalizing iterations... 
Done.
Thermalized Magnetisation = (0.592427,-0.131188), Energy = -1.736294 
Averaging iterations... h=0.062500,0.000000
Done.
Final: Magnetisation = (0.564663,0.472836), Energy = -1.763880 
<M> = (0.615549,-0.046152), <E> = -1.745084 

T=0.550000	 Thermalizing iterations... 
Done.
Thermalized Magnetisation = (0.575603,0.467218), Energy = -1.800058 
Averaging iterations... h=0.062500,0.000000
Done.
Final: Magnetisation = (0.567808,0.476016), Energy = -1.769947 
<M> = (0.592069,0.344505), <E> = -1.778639 

T=0.500000	 Thermalizing iterations... 
Done.
Thermalized Magnetisation = (0.562116,0.521193), Energy = -1.804487 
Averaging iterations... h=0.062500,0.000000
Done.
Final: Magnetisation = (0.504692,0.543154), Energy = -1.807553 
<M> = (0.581229,0.482323), <E> = -1.809733 

T=0.450000	 Thermalizing iterations... 
Done.
Thermalized Magnetisation = (0.612231,0.490713), Energy = -1.841881 
Averaging iterations... h=0.062500,0.000000
Done.
Final: Magnetisation = (0.626938,0.474465), Energy = -1.841266 
<M> = (0.586425,0.500726), <E> = -1.838751 

T=0.400000	 Thermalizing iterations... 
Done.
Thermalized Magnetisation = (0.639397,0.537041), Energy = -1.871266 
Averaging iterations... h=0.062500,0.000000
Done.
Final: Magnetisation = (0.539242,0.612881), Energy = -1.875867 
<M> = (0.575315,0.555589), <E> = -1.868086 

T=0.350000	 Thermalizing iterations... 
Done.
Thermalized Magnetisation = (0.623768,0.535261), Energy = -1.913653 
Averaging iterations... h=0.062500,0.000000
Done.
Final: Magnetisation = (0.603538,0.573311), Energy = -1.898135 
<M> = (0.578321,0.579343), <E> = -1.896652 

T=0.300000	 Thermalizing iterations... 
Done.
Thermalized Magnetisation = (0.559021,0.649048), Energy = -1.928336 
Averaging iterations... h=0.062500,0.000000
Done.
Final: Magnetisation = (0.555233,0.636871), Energy = -1.926223 
<M> = (0.570791,0.610739), <E> = -1.924119 

T=0.250000	 Thermalizing iterations... 
Done.
Thermalized Magnetisation = (0.568144,0.622150), Energy = -1.957529 
Averaging iterations... h=0.062500,0.000000
Done.
Final: Magnetisation = (0.592698,0.628348), Energy = -1.959409 
<M> = (0.579258,0.621536), <E> = -1.951323 

T=0.200000	 Thermalizing iterations... 
Done.
Thermalized Magnetisation = (0.586604,0.646045), Energy = -1.979328 
Averaging iterations... h=0.062500,0.000000
Done.
Final: Magnetisation = (0.581737,0.639358), Energy = -1.987327 
<M> = (0.585725,0.634032), <E> = -1.977938 

T=0.150000	 Thermalizing iterations... 
Done.
Thermalized Magnetisation = (0.573446,0.680058), Energy = -2.007277 
Averaging iterations... h=0.062500,0.000000
Done.
Final: Magnetisation = (0.622999,0.629323), Energy = -2.005667 
<M> = (0.583036,0.657742), <E> = -2.004112 

T=0.100000	 Thermalizing iterations... 
Done.
Thermalized Magnetisation = (0.595971,0.662916), Energy = -2.031094 
Averaging iterations... h=0.062500,0.000000
Done.
Final: Magnetisation = (0.562882,0.701412), Energy = -2.030515 
<M> = (0.592846,0.665267), <E> = -2.030030 

T=0.050000	 Thermalizing iterations... 
Done.
Thermalized Magnetisation = (0.596197,0.688680), Energy = -2.053950 
Averaging iterations... h=0.062500,0.000000
Done.
Final: Magnetisation = (0.605255,0.679553), Energy = -2.056897 
<M> = (0.588458,0.686258), <E> = -2.055595 
Final Magnetisation = (0.605255,0.679553), Energy = -2.056897 
------------------------

Updating all (first)black/(then)white checkerboard sites simultaneously.. 

ztne RFXY h rotating with |h|=0.062500 at T=0.000000..
loop 1

loop 2

Cooling protocol time (from T=2.000000 to T=0.000000) = 718.588504 

CPU Time elapsed total = 718.602147 
All done - 719 seconds elapsed.
