+ cd /home/sbasak/Exercises/OpenMP/XY_code/Z2/rotating_field/trial/config/config_21
+ export OMP_NUM_THREADS=28
+ OMP_NUM_THREADS=28
+ ./a_16.out
nearest neighbor initialized. 
h loaded. 
J loaded. 
L = 128, dim_L = 2, dim_S = 2
hysteresis_MCS_multiplier = 10, hysteresis_MCS_max = 100
RAND_MAX = 2147483647.000000,
 sizeof(int) = 4,
 sizeof(long) = 8,
 sizeof(double) = 8,
 sizeof(long int) = 8,
 sizeof(short int) = 2,
 sizeof(unsigned int) = 4,
 sizeof(RAND_MAX) = 4
No. of THREADS = 28
No. of PROCESSORS = 28

0.061050,0.022720
order = ({1.000000-->-1.000000,0.000000}, 0, 1)
Initial Magnetisation = (0.061050,0.022720), Energy = 0.025933 
Cooling... 
T=2.000000	 Thermalizing iterations... 
Done.
Thermalized Magnetisation = (0.017746,-0.017112), Energy = -0.554787 
Averaging iterations... h=0.031250,0.000000
Done.
Final: Magnetisation = (0.028926,-0.033924), Energy = -0.580155 
<M> = (0.027222,0.000071), <E> = -0.607713 

T=1.990000	 Thermalizing iterations... 
Done.
Thermalized Magnetisation = (-0.015197,0.025554), Energy = -0.639745 
Averaging iterations... h=0.031250,0.000000
Done.
Final: Magnetisation = (0.012564,-0.001917), Energy = -0.644807 
<M> = (0.028959,-0.001710), <E> = -0.611936 

T=1.980000	 Thermalizing iterations... 
Done.
Thermalized Magnetisation = (0.005637,0.016214), Energy = -0.642341 
Averaging iterations... h=0.031250,0.000000
Done.
Final: Magnetisation = (0.044242,0.004551), Energy = -0.622271 
<M> = (0.027722,-0.001027), <E> = -0.616091 

T=1.970000	 Thermalizing iterations... 
Done.
Thermalized Magnetisation = (0.012948,0.041993), Energy = -0.633822 
Averaging iterations... h=0.031250,0.000000
Done.
Final: Magnetisation = (0.018622,-0.043510), Energy = -0.617735 
<M> = (0.029169,-0.002028), <E> = -0.620196 

T=1.960000	 Thermalizing iterations... 
Done.
Thermalized Magnetisation = (0.031381,-0.019771), Energy = -0.666120 
Averaging iterations... h=0.031250,0.000000
Done.
Final: Magnetisation = (0.025401,-0.005724), Energy = -0.619298 
<M> = (0.030073,-0.001185), <E> = -0.623293 

T=1.950000	 Thermalizing iterations... 
Done.
Thermalized Magnetisation = (0.012745,0.013544), Energy = -0.624120 
Averaging iterations... h=0.031250,0.000000
Done.
Final: Magnetisation = (0.088477,-0.009500), Energy = -0.647551 
<M> = (0.031518,-0.000418), <E> = -0.626491 

T=1.940000	 Thermalizing iterations... 
Done.
Thermalized Magnetisation = (0.074561,-0.009367), Energy = -0.622815 
Averaging iterations... h=0.031250,0.000000
Done.
Final: Magnetisation = (0.063378,0.027137), Energy = -0.605046 
<M> = (0.030225,-0.000152), <E> = -0.629718 

T=1.930000	 Thermalizing iterations... 
Done.
Thermalized Magnetisation = (0.025031,-0.003886), Energy = -0.640942 
Averaging iterations... h=0.031250,0.000000
Done.
Final: Magnetisation = (-0.046640,0.006082), Energy = -0.618904 
<M> = (0.029575,0.001311), <E> = -0.632868 

T=1.920000	 Thermalizing iterations... 
Done.
Thermalized Magnetisation = (-0.002109,0.038165), Energy = -0.661775 
Averaging iterations... h=0.031250,0.000000
Done.
Final: Magnetisation = (0.019135,-0.015159), Energy = -0.646956 
<M> = (0.030772,-0.001840), <E> = -0.637573 

T=1.910000	 Thermalizing iterations... 
Done.
Thermalized Magnetisation = (-0.026278,-0.005843), Energy = -0.659607 
Averaging iterations... h=0.031250,0.000000
Done.
Final: Magnetisation = (-0.002323,-0.027019), Energy = -0.690531 
<M> = (0.031837,-0.001262), <E> = -0.641989 

T=1.900000	 Thermalizing iterations... 
Done.
Thermalized Magnetisation = (0.112959,0.098190), Energy = -0.660460 
Averaging iterations... h=0.031250,0.000000
Done.
Final: Magnetisation = (-0.018587,0.000558), Energy = -0.630716 
<M> = (0.032247,-0.003019), <E> = -0.646177 

T=1.890000	 Thermalizing iterations... 
Done.
Thermalized Magnetisation = (-0.018031,0.008735), Energy = -0.666773 
Averaging iterations... h=0.031250,0.000000
Done.
Final: Magnetisation = (-0.018541,0.018483), Energy = -0.628291 
<M> = (0.032412,-0.002406), <E> = -0.650190 

T=1.880000	 Thermalizing iterations... 
Done.
Thermalized Magnetisation = (0.029386,-0.041030), Energy = -0.642777 
Averaging iterations... h=0.031250,0.000000
Done.
Final: Magnetisation = (-0.016455,0.008274), Energy = -0.656888 
<M> = (0.033769,-0.001541), <E> = -0.653962 

T=1.870000	 Thermalizing iterations... 
Done.
Thermalized Magnetisation = (-0.000395,0.019919), Energy = -0.656386 
Averaging iterations... h=0.031250,0.000000
Done.
Final: Magnetisation = (0.057373,0.019800), Energy = -0.668602 
<M> = (0.034429,0.001661), <E> = -0.657307 

T=1.860000	 Thermalizing iterations... 
Done.
Thermalized Magnetisation = (0.001233,0.049208), Energy = -0.616759 
Averaging iterations... h=0.031250,0.000000
Done.
Final: Magnetisation = (0.064787,-0.042810), Energy = -0.653068 
<M> = (0.033405,0.000064), <E> = -0.661199 

T=1.850000	 Thermalizing iterations... 
Done.
Thermalized Magnetisation = (0.024738,0.081704), Energy = -0.655326 
Averaging iterations... h=0.031250,0.000000
Done.
Final: Magnetisation = (0.067271,-0.033326), Energy = -0.697134 
<M> = (0.033872,-0.000494), <E> = -0.665684 

T=1.840000	 Thermalizing iterations... 
Done.
Thermalized Magnetisation = (0.012752,0.015130), Energy = -0.662001 
Averaging iterations... h=0.031250,0.000000
Done.
Final: Magnetisation = (0.054861,-0.018961), Energy = -0.697996 
<M> = (0.036236,-0.001452), <E> = -0.670325 

T=1.830000	 Thermalizing iterations... 
Done.
Thermalized Magnetisation = (0.089848,-0.006021), Energy = -0.659442 
Averaging iterations... h=0.031250,0.000000
Done.
Final: Magnetisation = (0.041963,0.049159), Energy = -0.653069 
<M> = (0.035087,-0.002624), <E> = -0.674855 

T=1.820000	 Thermalizing iterations... 
Done.
Thermalized Magnetisation = (0.045847,0.029299), Energy = -0.676996 
Averaging iterations... h=0.031250,0.000000
Done.
Final: Magnetisation = (0.047608,-0.022147), Energy = -0.658908 
<M> = (0.036488,-0.002192), <E> = -0.679753 

T=1.810000	 Thermalizing iterations... 
Done.
Thermalized Magnetisation = (0.027057,0.031461), Energy = -0.681067 
Averaging iterations... h=0.031250,0.000000
Done.
Final: Magnetisation = (0.030149,0.038123), Energy = -0.669746 
<M> = (0.039425,-0.001990), <E> = -0.684020 

T=1.800000	 Thermalizing iterations... 
Done.
Thermalized Magnetisation = (-0.004987,-0.011697), Energy = -0.681626 
Averaging iterations... h=0.031250,0.000000
Done.
Final: Magnetisation = (0.039508,0.031451), Energy = -0.717711 
<M> = (0.039523,0.000023), <E> = -0.687622 

T=1.790000	 Thermalizing iterations... 
Done.
Thermalized Magnetisation = (0.051485,-0.049607), Energy = -0.697119 
Averaging iterations... h=0.031250,0.000000
Done.
Final: Magnetisation = (-0.014519,-0.056448), Energy = -0.691758 
<M> = (0.038092,-0.000074), <E> = -0.691691 

T=1.780000	 Thermalizing iterations... 
Done.
Thermalized Magnetisation = (0.040508,-0.014839), Energy = -0.709402 
Averaging iterations... h=0.031250,0.000000
Done.
Final: Magnetisation = (0.063119,-0.006164), Energy = -0.692325 
<M> = (0.038427,0.000984), <E> = -0.696055 

T=1.770000	 Thermalizing iterations... 
Done.
Thermalized Magnetisation = (0.053839,0.024038), Energy = -0.703982 
Averaging iterations... h=0.031250,0.000000
Done.
Final: Magnetisation = (0.041320,0.090504), Energy = -0.712611 
<M> = (0.040135,-0.002492), <E> = -0.701294 

T=1.760000	 Thermalizing iterations... 
Done.
Thermalized Magnetisation = (0.028744,0.010200), Energy = -0.747555 
Averaging iterations... h=0.031250,0.000000
Done.
Final: Magnetisation = (0.095644,-0.028635), Energy = -0.715455 
<M> = (0.040643,-0.001421), <E> = -0.706716 

T=1.750000	 Thermalizing iterations... 
Done.
Thermalized Magnetisation = (0.016970,0.020027), Energy = -0.711803 
Averaging iterations... h=0.031250,0.000000
Done.
Final: Magnetisation = (0.080091,-0.021489), Energy = -0.678373 
<M> = (0.040108,-0.003532), <E> = -0.711590 

T=1.740000	 Thermalizing iterations... 
Done.
Thermalized Magnetisation = (0.060375,0.010754), Energy = -0.704949 
Averaging iterations... h=0.031250,0.000000
Done.
Final: Magnetisation = (0.047664,-0.031728), Energy = -0.719232 
<M> = (0.042062,-0.002780), <E> = -0.716442 

T=1.730000	 Thermalizing iterations... 
Done.
Thermalized Magnetisation = (0.070133,-0.029325), Energy = -0.735368 
Averaging iterations... h=0.031250,0.000000
Done.
Final: Magnetisation = (-0.017069,-0.051954), Energy = -0.714432 
<M> = (0.044450,-0.000242), <E> = -0.721011 

T=1.720000	 Thermalizing iterations... 
Done.
Thermalized Magnetisation = (0.030434,-0.051344), Energy = -0.713870 
Averaging iterations... h=0.031250,0.000000
Done.
Final: Magnetisation = (0.046488,0.025545), Energy = -0.735226 
<M> = (0.043147,0.000670), <E> = -0.725127 

T=1.710000	 Thermalizing iterations... 
Done.
Thermalized Magnetisation = (0.069403,-0.037216), Energy = -0.761322 
Averaging iterations... h=0.031250,0.000000
Done.
Final: Magnetisation = (0.060038,-0.017523), Energy = -0.724976 
<M> = (0.043701,-0.000158), <E> = -0.730115 

T=1.700000	 Thermalizing iterations... 
Done.
Thermalized Magnetisation = (0.062624,0.025016), Energy = -0.744542 
Averaging iterations... h=0.031250,0.000000
Done.
Final: Magnetisation = (0.054003,0.023950), Energy = -0.741631 
<M> = (0.044880,-0.000350), <E> = -0.735663 

T=1.690000	 Thermalizing iterations... 
Done.
Thermalized Magnetisation = (-0.028612,0.024079), Energy = -0.762502 
Averaging iterations... h=0.031250,0.000000
Done.
Final: Magnetisation = (0.051497,-0.075749), Energy = -0.742896 
<M> = (0.045920,-0.000447), <E> = -0.741033 

T=1.680000	 Thermalizing iterations... 
Done.
Thermalized Magnetisation = (-0.003729,-0.025424), Energy = -0.739986 
Averaging iterations... h=0.031250,0.000000
Done.
Final: Magnetisation = (0.038438,-0.105811), Energy = -0.744608 
<M> = (0.046681,-0.003595), <E> = -0.747246 

T=1.670000	 Thermalizing iterations... 
Done.
Thermalized Magnetisation = (0.013261,0.001367), Energy = -0.751179 
Averaging iterations... h=0.031250,0.000000
Done.
Final: Magnetisation = (0.054631,-0.078017), Energy = -0.787492 
<M> = (0.048145,-0.001975), <E> = -0.752886 

T=1.660000	 Thermalizing iterations... 
Done.
Thermalized Magnetisation = (-0.008506,-0.022574), Energy = -0.749477 
Averaging iterations... h=0.031250,0.000000
Done.
Final: Magnetisation = (0.073509,-0.021784), Energy = -0.770684 
<M> = (0.049856,-0.002279), <E> = -0.758011 

T=1.650000	 Thermalizing iterations... 
Done.
Thermalized Magnetisation = (0.043008,-0.029335), Energy = -0.736654 
Averaging iterations... h=0.031250,0.000000
Done.
Final: Magnetisation = (-0.001069,0.058785), Energy = -0.766203 
<M> = (0.051451,0.001101), <E> = -0.762794 

T=1.640000	 Thermalizing iterations... 
Done.
Thermalized Magnetisation = (0.089614,0.058278), Energy = -0.802270 
Averaging iterations... h=0.031250,0.000000
Done.
Final: Magnetisation = (0.103327,-0.044750), Energy = -0.762161 
<M> = (0.050263,0.001790), <E> = -0.768071 

T=1.630000	 Thermalizing iterations... 
Done.
Thermalized Magnetisation = (0.056720,0.012494), Energy = -0.778112 
Averaging iterations... h=0.031250,0.000000
Done.
Final: Magnetisation = (0.076851,0.006204), Energy = -0.721778 
<M> = (0.052147,0.001143), <E> = -0.772986 

T=1.620000	 Thermalizing iterations... 
Done.
Thermalized Magnetisation = (0.059679,-0.068323), Energy = -0.775366 
Averaging iterations... h=0.031250,0.000000
Done.
Final: Magnetisation = (0.113840,-0.049605), Energy = -0.775617 
<M> = (0.053627,-0.001450), <E> = -0.779723 

T=1.610000	 Thermalizing iterations... 
Done.
Thermalized Magnetisation = (0.067109,0.048864), Energy = -0.794784 
Averaging iterations... h=0.031250,0.000000
Done.
Final: Magnetisation = (0.025047,0.092974), Energy = -0.808179 
<M> = (0.054098,-0.002872), <E> = -0.786301 

T=1.600000	 Thermalizing iterations... 
Done.
Thermalized Magnetisation = (0.059677,-0.023024), Energy = -0.823798 
Averaging iterations... h=0.031250,0.000000
Done.
Final: Magnetisation = (0.014763,-0.014379), Energy = -0.769188 
<M> = (0.054784,-0.004318), <E> = -0.792860 

T=1.590000	 Thermalizing iterations... 
Done.
Thermalized Magnetisation = (0.029896,0.017746), Energy = -0.785342 
Averaging iterations... h=0.031250,0.000000
Done.
Final: Magnetisation = (-0.040978,0.010068), Energy = -0.786659 
<M> = (0.057180,-0.003363), <E> = -0.799032 

T=1.580000	 Thermalizing iterations... 
Done.
Thermalized Magnetisation = (0.071190,-0.005374), Energy = -0.774285 
Averaging iterations... h=0.031250,0.000000
Done.
Final: Magnetisation = (0.053463,-0.066880), Energy = -0.859014 
<M> = (0.060944,0.000170), <E> = -0.804463 

T=1.570000	 Thermalizing iterations... 
Done.
Thermalized Magnetisation = (0.054842,0.034482), Energy = -0.845672 
Averaging iterations... h=0.031250,0.000000
Done.
Final: Magnetisation = (0.058670,0.022325), Energy = -0.808899 
<M> = (0.060676,0.000929), <E> = -0.809669 

T=1.560000	 Thermalizing iterations... 
Done.
Thermalized Magnetisation = (0.118180,-0.072619), Energy = -0.865827 
Averaging iterations... h=0.031250,0.000000
Done.
Final: Magnetisation = (0.017030,-0.009976), Energy = -0.784778 
<M> = (0.060680,0.001987), <E> = -0.815441 

T=1.550000	 Thermalizing iterations... 
Done.
Thermalized Magnetisation = (-0.005240,0.001453), Energy = -0.768753 
Averaging iterations... h=0.031250,0.000000
Done.
Final: Magnetisation = (0.048094,0.033984), Energy = -0.794381 
<M> = (0.062590,0.000518), <E> = -0.822829 

T=1.540000	 Thermalizing iterations... 
Done.
Thermalized Magnetisation = (0.032643,0.088691), Energy = -0.845625 
Averaging iterations... h=0.031250,0.000000
Done.
Final: Magnetisation = (0.043333,-0.103951), Energy = -0.840393 
<M> = (0.064724,-0.000493), <E> = -0.829585 

T=1.530000	 Thermalizing iterations... 
Done.
Thermalized Magnetisation = (0.099854,0.008439), Energy = -0.877441 
Averaging iterations... h=0.031250,0.000000
Done.
Final: Magnetisation = (0.070300,0.022045), Energy = -0.849879 
<M> = (0.065572,-0.003712), <E> = -0.837096 

T=1.520000	 Thermalizing iterations... 
Done.
Thermalized Magnetisation = (0.124183,0.078575), Energy = -0.842075 
Averaging iterations... h=0.031250,0.000000
Done.
Final: Magnetisation = (0.025653,-0.015955), Energy = -0.830363 
<M> = (0.067139,-0.002160), <E> = -0.843404 

T=1.510000	 Thermalizing iterations... 
Done.
Thermalized Magnetisation = (0.081806,-0.010767), Energy = -0.886731 
Averaging iterations... h=0.031250,0.000000
Done.
Final: Magnetisation = (0.055919,0.023025), Energy = -0.836016 
<M> = (0.071402,-0.000587), <E> = -0.850406 

T=1.500000	 Thermalizing iterations... 
Done.
Thermalized Magnetisation = (0.135967,-0.097818), Energy = -0.882510 
Averaging iterations... h=0.031250,0.000000
Done.
Final: Magnetisation = (0.037486,-0.062744), Energy = -0.852028 
<M> = (0.072582,0.002932), <E> = -0.856485 

T=1.490000	 Thermalizing iterations... 
Done.
Thermalized Magnetisation = (0.089414,-0.007107), Energy = -0.843380 
Averaging iterations... h=0.031250,0.000000
Done.
Final: Magnetisation = (0.057863,0.087945), Energy = -0.852598 
<M> = (0.071973,0.003292), <E> = -0.862809 

T=1.480000	 Thermalizing iterations... 
Done.
Thermalized Magnetisation = (0.095832,-0.051232), Energy = -0.856282 
Averaging iterations... h=0.031250,0.000000
Done.
Final: Magnetisation = (0.083970,-0.030970), Energy = -0.861119 
<M> = (0.072033,0.002134), <E> = -0.870363 

T=1.470000	 Thermalizing iterations... 
Done.
Thermalized Magnetisation = (0.098452,-0.002058), Energy = -0.879254 
Averaging iterations... h=0.031250,0.000000
Done.
Final: Magnetisation = (0.125896,-0.011836), Energy = -0.904941 
<M> = (0.077660,-0.000881), <E> = -0.878633 

T=1.460000	 Thermalizing iterations... 
Done.
Thermalized Magnetisation = (0.065500,0.047198), Energy = -0.889292 
Averaging iterations... h=0.031250,0.000000
Done.
Final: Magnetisation = (0.094253,0.028699), Energy = -0.877354 
<M> = (0.077134,-0.001249), <E> = -0.886283 

T=1.450000	 Thermalizing iterations... 
Done.
Thermalized Magnetisation = (0.108267,0.036639), Energy = -0.913009 
Averaging iterations... h=0.031250,0.000000
Done.
Final: Magnetisation = (0.027909,-0.041923), Energy = -0.887567 
<M> = (0.081051,-0.005914), <E> = -0.894750 

T=1.440000	 Thermalizing iterations... 
Done.
Thermalized Magnetisation = (0.139202,-0.060815), Energy = -0.931101 
Averaging iterations... h=0.031250,0.000000
Done.
Final: Magnetisation = (0.115584,-0.035244), Energy = -0.920202 
<M> = (0.084446,-0.005436), <E> = -0.901879 

T=1.430000	 Thermalizing iterations... 
Done.
Thermalized Magnetisation = (0.063770,-0.085007), Energy = -0.932436 
Averaging iterations... h=0.031250,0.000000
Done.
Final: Magnetisation = (0.054859,0.013306), Energy = -0.913174 
<M> = (0.087525,-0.000027), <E> = -0.909034 

T=1.420000	 Thermalizing iterations... 
Done.
Thermalized Magnetisation = (0.194897,0.047990), Energy = -0.936913 
Averaging iterations... h=0.031250,0.000000
Done.
Final: Magnetisation = (0.065310,-0.062195), Energy = -0.896475 
<M> = (0.087100,0.001815), <E> = -0.916298 

T=1.410000	 Thermalizing iterations... 
Done.
Thermalized Magnetisation = (0.088234,0.001875), Energy = -0.941275 
Averaging iterations... h=0.031250,0.000000
Done.
Final: Magnetisation = (0.040554,-0.010050), Energy = -0.941515 
<M> = (0.088373,0.006283), <E> = -0.924105 

T=1.400000	 Thermalizing iterations... 
Done.
Thermalized Magnetisation = (0.062626,-0.018766), Energy = -0.908258 
Averaging iterations... h=0.031250,0.000000
Done.
Final: Magnetisation = (0.112482,0.061944), Energy = -0.900799 
<M> = (0.092300,-0.002803), <E> = -0.933337 

T=1.390000	 Thermalizing iterations... 
Done.
Thermalized Magnetisation = (0.057548,-0.020510), Energy = -0.955008 
Averaging iterations... h=0.031250,0.000000
Done.
Final: Magnetisation = (0.103041,-0.007578), Energy = -0.949964 
<M> = (0.094628,-0.004474), <E> = -0.942165 

T=1.380000	 Thermalizing iterations... 
Done.
Thermalized Magnetisation = (0.098173,0.000172), Energy = -0.930308 
Averaging iterations... h=0.031250,0.000000
Done.
Final: Magnetisation = (0.092643,-0.019488), Energy = -0.906682 
<M> = (0.097838,-0.008170), <E> = -0.951057 

T=1.370000	 Thermalizing iterations... 
Done.
Thermalized Magnetisation = (0.034046,-0.054753), Energy = -0.942499 
Averaging iterations... h=0.031250,0.000000
Done.
Final: Magnetisation = (0.044991,-0.021115), Energy = -0.919137 
<M> = (0.099189,-0.005014), <E> = -0.959542 

T=1.360000	 Thermalizing iterations... 
Done.
Thermalized Magnetisation = (0.084145,0.040902), Energy = -0.991448 
Averaging iterations... h=0.031250,0.000000
Done.
Final: Magnetisation = (0.162827,0.085719), Energy = -1.001292 
<M> = (0.105323,-0.003610), <E> = -0.967710 

T=1.350000	 Thermalizing iterations... 
Done.
Thermalized Magnetisation = (0.153378,0.084034), Energy = -0.958430 
Averaging iterations... h=0.031250,0.000000
Done.
Final: Magnetisation = (0.055933,0.075343), Energy = -0.972956 
<M> = (0.109100,0.006361), <E> = -0.975509 

T=1.340000	 Thermalizing iterations... 
Done.
Thermalized Magnetisation = (0.175272,0.014596), Energy = -1.037615 
Averaging iterations... h=0.031250,0.000000
Done.
Final: Magnetisation = (0.159850,-0.016367), Energy = -1.009243 
<M> = (0.108740,0.001365), <E> = -0.984368 

T=1.330000	 Thermalizing iterations... 
Done.
Thermalized Magnetisation = (0.158233,0.027049), Energy = -0.991961 
Averaging iterations... h=0.031250,0.000000
Done.
Final: Magnetisation = (0.134331,-0.030583), Energy = -1.026987 
<M> = (0.109560,0.003634), <E> = -0.994189 

T=1.320000	 Thermalizing iterations... 
Done.
Thermalized Magnetisation = (0.133240,-0.002726), Energy = -1.018557 
Averaging iterations... h=0.031250,0.000000
Done.
Final: Magnetisation = (0.041853,-0.014135), Energy = -0.971125 
<M> = (0.119150,-0.003649), <E> = -1.004478 

T=1.310000	 Thermalizing iterations... 
Done.
Thermalized Magnetisation = (0.167006,-0.023772), Energy = -1.043362 
Averaging iterations... h=0.031250,0.000000
Done.
Final: Magnetisation = (0.079942,0.114445), Energy = -1.047058 
<M> = (0.122134,-0.008176), <E> = -1.014635 

T=1.300000	 Thermalizing iterations... 
Done.
Thermalized Magnetisation = (0.098175,-0.023744), Energy = -1.012162 
Averaging iterations... h=0.031250,0.000000
Done.
Final: Magnetisation = (0.158201,-0.007688), Energy = -1.081595 
<M> = (0.122185,-0.007089), <E> = -1.024428 

T=1.290000	 Thermalizing iterations... 
Done.
Thermalized Magnetisation = (0.157471,-0.025574), Energy = -1.030690 
Averaging iterations... h=0.031250,0.000000
Done.
Final: Magnetisation = (0.143582,-0.029810), Energy = -1.022491 
<M> = (0.131819,-0.006623), <E> = -1.034430 

T=1.280000	 Thermalizing iterations... 
Done.
Thermalized Magnetisation = (0.103765,-0.003077), Energy = -1.049142 
Averaging iterations... h=0.031250,0.000000
Done.
Final: Magnetisation = (0.141774,-0.014966), Energy = -1.054856 
<M> = (0.134590,-0.001211), <E> = -1.042965 

T=1.270000	 Thermalizing iterations... 
Done.
Thermalized Magnetisation = (0.099621,0.017718), Energy = -1.035111 
Averaging iterations... h=0.031250,0.000000
Done.
Final: Magnetisation = (0.106273,0.012271), Energy = -1.082222 
<M> = (0.136693,0.001915), <E> = -1.051672 

T=1.260000	 Thermalizing iterations... 
Done.
Thermalized Magnetisation = (0.092287,0.028105), Energy = -1.044134 
Averaging iterations... h=0.031250,0.000000
Done.
Final: Magnetisation = (0.142481,-0.003649), Energy = -1.062544 
<M> = (0.137622,0.007868), <E> = -1.061763 

T=1.250000	 Thermalizing iterations... 
Done.
Thermalized Magnetisation = (0.121578,-0.066543), Energy = -1.120548 
Averaging iterations... h=0.031250,0.000000
Done.
Final: Magnetisation = (0.075449,0.053701), Energy = -1.073971 
<M> = (0.145260,-0.007771), <E> = -1.074474 

T=1.240000	 Thermalizing iterations... 
Done.
Thermalized Magnetisation = (0.170715,-0.011534), Energy = -1.110385 
Averaging iterations... h=0.031250,0.000000
Done.
Final: Magnetisation = (0.066064,-0.027769), Energy = -1.039897 
<M> = (0.150405,-0.003223), <E> = -1.084742 

T=1.230000	 Thermalizing iterations... 
Done.
Thermalized Magnetisation = (0.153332,0.063350), Energy = -1.104514 
Averaging iterations... h=0.031250,0.000000
Done.
Final: Magnetisation = (0.122165,-0.090951), Energy = -1.031323 
<M> = (0.152008,-0.013363), <E> = -1.096698 

T=1.220000	 Thermalizing iterations... 
Done.
Thermalized Magnetisation = (0.174986,-0.018178), Energy = -1.091932 
Averaging iterations... h=0.031250,0.000000
Done.
Final: Magnetisation = (0.136894,-0.069511), Energy = -1.107385 
<M> = (0.156718,-0.013469), <E> = -1.106366 

T=1.210000	 Thermalizing iterations... 
Done.
Thermalized Magnetisation = (0.165029,0.087440), Energy = -1.061175 
Averaging iterations... h=0.031250,0.000000
Done.
Final: Magnetisation = (0.138933,-0.046587), Energy = -1.142118 
<M> = (0.163405,-0.005244), <E> = -1.116446 

T=1.200000	 Thermalizing iterations... 
Done.
Thermalized Magnetisation = (0.272707,-0.017744), Energy = -1.134736 
Averaging iterations... h=0.031250,0.000000
Done.
Final: Magnetisation = (0.198324,0.048773), Energy = -1.142377 
<M> = (0.169241,0.011778), <E> = -1.127353 

T=1.190000	 Thermalizing iterations... 
Done.
Thermalized Magnetisation = (0.207133,0.012253), Energy = -1.121678 
Averaging iterations... h=0.031250,0.000000
Done.
Final: Magnetisation = (0.150477,-0.096317), Energy = -1.138432 
<M> = (0.172447,-0.000045), <E> = -1.137504 

T=1.180000	 Thermalizing iterations... 
Done.
Thermalized Magnetisation = (0.149713,-0.070818), Energy = -1.155041 
Averaging iterations... h=0.031250,0.000000
Done.
Final: Magnetisation = (0.166969,0.047746), Energy = -1.107831 
<M> = (0.178677,0.001030), <E> = -1.149846 

T=1.170000	 Thermalizing iterations... 
Done.
Thermalized Magnetisation = (0.152258,0.052417), Energy = -1.171650 
Averaging iterations... h=0.031250,0.000000
Done.
Final: Magnetisation = (0.163565,0.154449), Energy = -1.156565 
<M> = (0.187478,0.001135), <E> = -1.161584 

T=1.160000	 Thermalizing iterations... 
Done.
Thermalized Magnetisation = (0.240059,-0.119178), Energy = -1.202526 
Averaging iterations... h=0.031250,0.000000
Done.
Final: Magnetisation = (0.180939,-0.091758), Energy = -1.162020 
<M> = (0.194722,-0.017563), <E> = -1.175486 

T=1.150000	 Thermalizing iterations... 
Done.
Thermalized Magnetisation = (0.199549,-0.133629), Energy = -1.238172 
Averaging iterations... h=0.031250,0.000000
Done.
Final: Magnetisation = (0.194181,-0.013032), Energy = -1.178951 
<M> = (0.199869,-0.020246), <E> = -1.186664 

T=1.140000	 Thermalizing iterations... 
Done.
Thermalized Magnetisation = (0.164803,-0.089506), Energy = -1.202237 
Averaging iterations... h=0.031250,0.000000
Done.
Final: Magnetisation = (0.238164,-0.123227), Energy = -1.194154 
<M> = (0.204638,-0.021273), <E> = -1.198832 

T=1.130000	 Thermalizing iterations... 
Done.
Thermalized Magnetisation = (0.127951,0.080497), Energy = -1.170507 
Averaging iterations... h=0.031250,0.000000
Done.
Final: Magnetisation = (0.197918,0.045390), Energy = -1.207835 
<M> = (0.213382,-0.002584), <E> = -1.208540 

T=1.120000	 Thermalizing iterations... 
Done.
Thermalized Magnetisation = (0.235915,0.065064), Energy = -1.204593 
Averaging iterations... h=0.031250,0.000000
Done.
Final: Magnetisation = (0.178048,-0.202080), Energy = -1.220489 
<M> = (0.221226,0.009084), <E> = -1.221013 

T=1.110000	 Thermalizing iterations... 
Done.
Thermalized Magnetisation = (0.267169,-0.024688), Energy = -1.228748 
Averaging iterations... h=0.031250,0.000000
Done.
Final: Magnetisation = (0.227942,0.028002), Energy = -1.216791 
<M> = (0.224863,0.021439), <E> = -1.231535 

T=1.100000	 Thermalizing iterations... 
Done.
Thermalized Magnetisation = (0.211499,-0.163161), Energy = -1.258282 
Averaging iterations... h=0.031250,0.000000
Done.
Final: Magnetisation = (0.212626,-0.062946), Energy = -1.233814 
<M> = (0.229366,-0.000126), <E> = -1.245793 

T=1.090000	 Thermalizing iterations... 
Done.
Thermalized Magnetisation = (0.220285,0.006984), Energy = -1.279647 
Averaging iterations... h=0.031250,0.000000
Done.
Final: Magnetisation = (0.163466,0.092130), Energy = -1.253900 
<M> = (0.233475,-0.013943), <E> = -1.258725 

T=1.080000	 Thermalizing iterations... 
Done.
Thermalized Magnetisation = (0.239277,-0.041354), Energy = -1.262744 
Averaging iterations... h=0.031250,0.000000
Done.
Final: Magnetisation = (0.279912,-0.023209), Energy = -1.277916 
<M> = (0.239704,-0.046760), <E> = -1.271817 

T=1.070000	 Thermalizing iterations... 
Done.
Thermalized Magnetisation = (0.281145,0.133377), Energy = -1.305839 
Averaging iterations... h=0.031250,0.000000
Done.
Final: Magnetisation = (0.224491,0.176283), Energy = -1.252300 
<M> = (0.240797,-0.051958), <E> = -1.282662 

T=1.060000	 Thermalizing iterations... 
Done.
Thermalized Magnetisation = (0.258892,0.100836), Energy = -1.283550 
Averaging iterations... h=0.031250,0.000000
Done.
Final: Magnetisation = (0.271013,-0.174376), Energy = -1.315758 
<M> = (0.259262,-0.029689), <E> = -1.296899 

T=1.050000	 Thermalizing iterations... 
Done.
Thermalized Magnetisation = (0.265652,-0.020259), Energy = -1.318280 
Averaging iterations... h=0.031250,0.000000
Done.
Final: Magnetisation = (0.220626,0.042708), Energy = -1.284574 
<M> = (0.267152,-0.007446), <E> = -1.304637 

T=1.040000	 Thermalizing iterations... 
Done.
Thermalized Magnetisation = (0.228847,0.011442), Energy = -1.299796 
Averaging iterations... h=0.031250,0.000000
Done.
Final: Magnetisation = (0.212645,0.031098), Energy = -1.308377 
<M> = (0.263075,-0.010628), <E> = -1.317823 

T=1.030000	 Thermalizing iterations... 
Done.
Thermalized Magnetisation = (0.243762,-0.187980), Energy = -1.299058 
Averaging iterations... h=0.031250,0.000000
Done.
Final: Magnetisation = (0.247536,0.007505), Energy = -1.325865 
<M> = (0.278614,0.008546), <E> = -1.330899 

T=1.020000	 Thermalizing iterations... 
Done.
Thermalized Magnetisation = (0.277177,0.026171), Energy = -1.319129 
Averaging iterations... h=0.031250,0.000000
Done.
Final: Magnetisation = (0.234374,0.100075), Energy = -1.352959 
<M> = (0.278800,-0.021685), <E> = -1.342528 

T=1.010000	 Thermalizing iterations... 
Done.
Thermalized Magnetisation = (0.222931,-0.070819), Energy = -1.328446 
Averaging iterations... h=0.031250,0.000000
Done.
Final: Magnetisation = (0.269067,-0.255285), Energy = -1.367933 
<M> = (0.279145,-0.177250), <E> = -1.359202 

T=1.000000	 Thermalizing iterations... 
Done.
Thermalized Magnetisation = (0.294850,-0.028972), Energy = -1.401466 
Averaging iterations... h=0.031250,0.000000
Done.
Final: Magnetisation = (0.355338,-0.126996), Energy = -1.375254 
<M> = (0.290594,-0.038084), <E> = -1.369214 

T=0.990000	 Thermalizing iterations... 
Done.
Thermalized Magnetisation = (0.255704,-0.040425), Energy = -1.393111 
Averaging iterations... h=0.031250,0.000000
Done.
Final: Magnetisation = (0.323635,-0.185620), Energy = -1.373588 
<M> = (0.301739,-0.130602), <E> = -1.383087 

T=0.980000	 Thermalizing iterations... 
Done.
Thermalized Magnetisation = (0.322258,0.172998), Energy = -1.391941 
Averaging iterations... h=0.031250,0.000000
Done.
Final: Magnetisation = (0.367595,-0.077415), Energy = -1.403614 
<M> = (0.305639,0.027329), <E> = -1.392049 

T=0.970000	 Thermalizing iterations... 
Done.
Thermalized Magnetisation = (0.313933,-0.028144), Energy = -1.364376 
Averaging iterations... h=0.031250,0.000000
Done.
Final: Magnetisation = (0.313708,0.080850), Energy = -1.398255 
<M> = (0.311218,0.112496), <E> = -1.403800 

T=0.960000	 Thermalizing iterations... 
Done.
Thermalized Magnetisation = (0.265011,-0.278491), Energy = -1.432142 
Averaging iterations... h=0.031250,0.000000
Done.
Final: Magnetisation = (0.343159,0.077804), Energy = -1.405278 
<M> = (0.307225,-0.145279), <E> = -1.417467 

T=0.950000	 Thermalizing iterations... 
Done.
Thermalized Magnetisation = (0.260739,-0.349906), Energy = -1.412316 
Averaging iterations... h=0.031250,0.000000
Done.
Final: Magnetisation = (0.281780,0.210948), Energy = -1.426769 
<M> = (0.315546,-0.028157), <E> = -1.428117 

T=0.940000	 Thermalizing iterations... 
Done.
Thermalized Magnetisation = (0.332243,-0.084371), Energy = -1.449775 
Averaging iterations... h=0.031250,0.000000
Done.
Final: Magnetisation = (0.283886,-0.243963), Energy = -1.440414 
<M> = (0.309443,-0.303836), <E> = -1.444138 

T=0.930000	 Thermalizing iterations... 
Done.
Thermalized Magnetisation = (0.379545,-0.013826), Energy = -1.441396 
Averaging iterations... h=0.031250,0.000000
Done.
Final: Magnetisation = (0.278466,-0.334988), Energy = -1.446563 
<M> = (0.299047,-0.359424), <E> = -1.458042 

T=0.920000	 Thermalizing iterations... 
Done.
Thermalized Magnetisation = (0.362128,-0.190339), Energy = -1.480321 
Averaging iterations... h=0.031250,0.000000
Done.
Final: Magnetisation = (0.294877,-0.481084), Energy = -1.466021 
<M> = (0.317455,-0.362093), <E> = -1.467946 

T=0.910000	 Thermalizing iterations... 
Done.
Thermalized Magnetisation = (0.284435,-0.209657), Energy = -1.462565 
Averaging iterations... h=0.031250,0.000000
Done.
Final: Magnetisation = (0.302023,-0.465658), Energy = -1.473762 
<M> = (0.330351,-0.352232), <E> = -1.476329 

T=0.900000	 Thermalizing iterations... 
Done.
Thermalized Magnetisation = (0.328019,-0.228373), Energy = -1.468162 
Averaging iterations... h=0.031250,0.000000
Done.
Final: Magnetisation = (0.351856,-0.116462), Energy = -1.495672 
<M> = (0.334720,-0.150995), <E> = -1.484976 

T=0.890000	 Thermalizing iterations... 
Done.
Thermalized Magnetisation = (0.286244,-0.424425), Energy = -1.498649 
Averaging iterations... h=0.031250,0.000000
Done.
Final: Magnetisation = (0.365611,-0.438799), Energy = -1.494391 
<M> = (0.316642,-0.421818), <E> = -1.497917 

T=0.880000	 Thermalizing iterations... 
Done.
Thermalized Magnetisation = (0.243551,-0.565579), Energy = -1.533814 
Averaging iterations... h=0.031250,0.000000
Done.
Final: Magnetisation = (0.336318,-0.500869), Energy = -1.510308 
<M> = (0.310839,-0.480150), <E> = -1.510906 

T=0.870000	 Thermalizing iterations... 
Done.
Thermalized Magnetisation = (0.320452,-0.521126), Energy = -1.531397 
Averaging iterations... h=0.031250,0.000000
Done.
Final: Magnetisation = (0.338701,-0.376807), Energy = -1.522424 
<M> = (0.301245,-0.479469), <E> = -1.520885 

T=0.860000	 Thermalizing iterations... 
Done.
Thermalized Magnetisation = (0.322255,-0.571584), Energy = -1.549571 
Averaging iterations... h=0.031250,0.000000
Done.
Final: Magnetisation = (0.324938,-0.507274), Energy = -1.523531 
<M> = (0.295752,-0.528380), <E> = -1.532683 

T=0.850000	 Thermalizing iterations... 
Done.
Thermalized Magnetisation = (0.304537,-0.516717), Energy = -1.539066 
Averaging iterations... h=0.031250,0.000000
Done.
Final: Magnetisation = (0.261864,-0.547127), Energy = -1.535559 
<M> = (0.304684,-0.528066), <E> = -1.540882 

T=0.840000	 Thermalizing iterations... 
Done.
Thermalized Magnetisation = (0.245643,-0.621800), Energy = -1.569837 
Averaging iterations... h=0.031250,0.000000
Done.
Final: Magnetisation = (0.309544,-0.518936), Energy = -1.570644 
<M> = (0.314320,-0.507562), <E> = -1.548835 

T=0.830000	 Thermalizing iterations... 
Done.
Thermalized Magnetisation = (0.310166,-0.526430), Energy = -1.564836 
Averaging iterations... h=0.031250,0.000000
Done.
Final: Magnetisation = (0.332629,-0.521209), Energy = -1.563628 
<M> = (0.319638,-0.523611), <E> = -1.557447 

T=0.820000	 Thermalizing iterations... 
Done.
Thermalized Magnetisation = (0.269874,-0.549562), Energy = -1.550105 
Averaging iterations... h=0.031250,0.000000
Done.
Final: Magnetisation = (0.355919,-0.500548), Energy = -1.549021 
<M> = (0.313457,-0.530070), <E> = -1.565807 

T=0.810000	 Thermalizing iterations... 
Done.
Thermalized Magnetisation = (0.288145,-0.553695), Energy = -1.557011 
Averaging iterations... h=0.031250,0.000000
Done.
Final: Magnetisation = (0.310318,-0.412427), Energy = -1.549275 
<M> = (0.321001,-0.456526), <E> = -1.572888 

T=0.800000	 Thermalizing iterations... 
Done.
Thermalized Magnetisation = (0.290377,-0.605071), Energy = -1.580254 
Averaging iterations... h=0.031250,0.000000
Done.
Final: Magnetisation = (0.308364,-0.575082), Energy = -1.575862 
<M> = (0.294169,-0.569722), <E> = -1.583789 

T=0.790000	 Thermalizing iterations... 
Done.
Thermalized Magnetisation = (0.218858,-0.623393), Energy = -1.590634 
Averaging iterations... h=0.031250,0.000000
Done.
Final: Magnetisation = (0.314156,-0.544632), Energy = -1.604611 
<M> = (0.298739,-0.578130), <E> = -1.593381 

T=0.780000	 Thermalizing iterations... 
Done.
Thermalized Magnetisation = (0.321835,-0.538360), Energy = -1.592419 
Averaging iterations... h=0.031250,0.000000
Done.
Final: Magnetisation = (0.266522,-0.611295), Energy = -1.595820 
<M> = (0.299053,-0.579101), <E> = -1.600842 

T=0.770000	 Thermalizing iterations... 
Done.
Thermalized Magnetisation = (0.344920,-0.548877), Energy = -1.609972 
Averaging iterations... h=0.031250,0.000000
Done.
Final: Magnetisation = (0.293428,-0.579236), Energy = -1.599179 
<M> = (0.300150,-0.593914), <E> = -1.608961 

T=0.760000	 Thermalizing iterations... 
Done.
Thermalized Magnetisation = (0.338372,-0.555178), Energy = -1.587236 
Averaging iterations... h=0.031250,0.000000
Done.
Final: Magnetisation = (0.328423,-0.608978), Energy = -1.623645 
<M> = (0.318488,-0.581561), <E> = -1.615887 

T=0.750000	 Thermalizing iterations... 
Done.
Thermalized Magnetisation = (0.324458,-0.594695), Energy = -1.626964 
Averaging iterations... h=0.031250,0.000000
Done.
Final: Magnetisation = (0.288864,-0.635098), Energy = -1.632469 
<M> = (0.310228,-0.592915), <E> = -1.623293 

T=0.740000	 Thermalizing iterations... 
Done.
Thermalized Magnetisation = (0.272494,-0.655773), Energy = -1.644970 
Averaging iterations... h=0.031250,0.000000
Done.
Final: Magnetisation = (0.288885,-0.632986), Energy = -1.635848 
<M> = (0.306762,-0.598035), <E> = -1.630510 

T=0.730000	 Thermalizing iterations... 
Done.
Thermalized Magnetisation = (0.366153,-0.573667), Energy = -1.629527 
Averaging iterations... h=0.031250,0.000000
Done.
Final: Magnetisation = (0.261440,-0.603797), Energy = -1.631537 
<M> = (0.303067,-0.612930), <E> = -1.639128 

T=0.720000	 Thermalizing iterations... 
Done.
Thermalized Magnetisation = (0.340182,-0.576017), Energy = -1.628215 
Averaging iterations... h=0.031250,0.000000
Done.
Final: Magnetisation = (0.321218,-0.625025), Energy = -1.647473 
<M> = (0.305408,-0.610916), <E> = -1.646447 

T=0.710000	 Thermalizing iterations... 
Done.
Thermalized Magnetisation = (0.323772,-0.566246), Energy = -1.652095 
Averaging iterations... h=0.031250,0.000000
Done.
Final: Magnetisation = (0.254352,-0.643861), Energy = -1.667936 
<M> = (0.301020,-0.614715), <E> = -1.653504 

T=0.700000	 Thermalizing iterations... 
Done.
Thermalized Magnetisation = (0.242383,-0.685178), Energy = -1.660920 
Averaging iterations... h=0.031250,0.000000
Done.
Final: Magnetisation = (0.249246,-0.630565), Energy = -1.657865 
<M> = (0.296603,-0.632021), <E> = -1.661331 

T=0.690000	 Thermalizing iterations... 
Done.
Thermalized Magnetisation = (0.301825,-0.623194), Energy = -1.662773 
Averaging iterations... h=0.031250,0.000000
Done.
Final: Magnetisation = (0.234155,-0.698729), Energy = -1.668153 
<M> = (0.297329,-0.637516), <E> = -1.668066 

T=0.680000	 Thermalizing iterations... 
Done.
Thermalized Magnetisation = (0.264103,-0.637719), Energy = -1.660562 
Averaging iterations... h=0.031250,0.000000
Done.
Final: Magnetisation = (0.265737,-0.657196), Energy = -1.680988 
<M> = (0.320034,-0.621525), <E> = -1.673914 

T=0.670000	 Thermalizing iterations... 
Done.
Thermalized Magnetisation = (0.307672,-0.636935), Energy = -1.666885 
Averaging iterations... h=0.031250,0.000000
Done.
Final: Magnetisation = (0.373887,-0.608203), Energy = -1.690917 
<M> = (0.317385,-0.621454), <E> = -1.680840 

T=0.660000	 Thermalizing iterations... 
Done.
Thermalized Magnetisation = (0.322749,-0.608661), Energy = -1.678941 
Averaging iterations... h=0.031250,0.000000
Done.
Final: Magnetisation = (0.323704,-0.604677), Energy = -1.688238 
<M> = (0.309996,-0.640396), <E> = -1.688238 

T=0.650000	 Thermalizing iterations... 
Done.
Thermalized Magnetisation = (0.253536,-0.681364), Energy = -1.693154 
Averaging iterations... h=0.031250,0.000000
Done.
Final: Magnetisation = (0.302897,-0.645695), Energy = -1.687324 
<M> = (0.304157,-0.646583), <E> = -1.695130 

T=0.640000	 Thermalizing iterations... 
Done.
Thermalized Magnetisation = (0.264783,-0.701566), Energy = -1.712245 
Averaging iterations... h=0.031250,0.000000
Done.
Final: Magnetisation = (0.337912,-0.646573), Energy = -1.697958 
<M> = (0.296684,-0.658336), <E> = -1.702606 

T=0.630000	 Thermalizing iterations... 
Done.
Thermalized Magnetisation = (0.277691,-0.663289), Energy = -1.707300 
Averaging iterations... h=0.031250,0.000000
Done.
Final: Magnetisation = (0.309994,-0.634359), Energy = -1.703136 
<M> = (0.292681,-0.667318), <E> = -1.709267 

T=0.620000	 Thermalizing iterations... 
Done.
Thermalized Magnetisation = (0.295136,-0.633148), Energy = -1.719215 
Averaging iterations... h=0.031250,0.000000
Done.
Final: Magnetisation = (0.352081,-0.658368), Energy = -1.727647 
<M> = (0.304825,-0.655215), <E> = -1.715117 

T=0.610000	 Thermalizing iterations... 
Done.
Thermalized Magnetisation = (0.294078,-0.686127), Energy = -1.721918 
Averaging iterations... h=0.031250,0.000000
Done.
Final: Magnetisation = (0.273992,-0.692043), Energy = -1.723905 
<M> = (0.314057,-0.661132), <E> = -1.721566 

T=0.600000	 Thermalizing iterations... 
Done.
Thermalized Magnetisation = (0.324504,-0.667453), Energy = -1.731649 
Averaging iterations... h=0.031250,0.000000
Done.
Final: Magnetisation = (0.280004,-0.685064), Energy = -1.728973 
<M> = (0.311266,-0.663116), <E> = -1.727751 

T=0.590000	 Thermalizing iterations... 
Done.
Thermalized Magnetisation = (0.308723,-0.670467), Energy = -1.729175 
Averaging iterations... h=0.031250,0.000000
Done.
Final: Magnetisation = (0.317021,-0.690377), Energy = -1.740977 
<M> = (0.316046,-0.668392), <E> = -1.734254 

T=0.580000	 Thermalizing iterations... 
Done.
Thermalized Magnetisation = (0.354585,-0.670857), Energy = -1.749309 
Averaging iterations... h=0.031250,0.000000
Done.
Final: Magnetisation = (0.307287,-0.678639), Energy = -1.756144 
<M> = (0.305603,-0.674589), <E> = -1.740809 

T=0.570000	 Thermalizing iterations... 
Done.
Thermalized Magnetisation = (0.283602,-0.707766), Energy = -1.753227 
Averaging iterations... h=0.031250,0.000000
Done.
Final: Magnetisation = (0.338653,-0.655996), Energy = -1.747809 
<M> = (0.302742,-0.681348), <E> = -1.747514 

T=0.560000	 Thermalizing iterations... 
Done.
Thermalized Magnetisation = (0.277032,-0.704180), Energy = -1.756903 
Averaging iterations... h=0.031250,0.000000
Done.
Final: Magnetisation = (0.353849,-0.638964), Energy = -1.753686 
<M> = (0.296187,-0.690183), <E> = -1.753957 

T=0.550000	 Thermalizing iterations... 
Done.
Thermalized Magnetisation = (0.303853,-0.672278), Energy = -1.767376 
Averaging iterations... h=0.031250,0.000000
Done.
Final: Magnetisation = (0.336912,-0.666204), Energy = -1.763084 
<M> = (0.304069,-0.684278), <E> = -1.759879 

T=0.540000	 Thermalizing iterations... 
Done.
Thermalized Magnetisation = (0.312861,-0.687625), Energy = -1.765272 
Averaging iterations... h=0.031250,0.000000
Done.
Final: Magnetisation = (0.313569,-0.701262), Energy = -1.759731 
<M> = (0.311302,-0.688580), <E> = -1.765850 

T=0.530000	 Thermalizing iterations... 
Done.
Thermalized Magnetisation = (0.353655,-0.673387), Energy = -1.771940 
Averaging iterations... h=0.031250,0.000000
Done.
Final: Magnetisation = (0.281724,-0.722203), Energy = -1.776803 
<M> = (0.318867,-0.682735), <E> = -1.771514 

T=0.520000	 Thermalizing iterations... 
Done.
Thermalized Magnetisation = (0.337044,-0.672759), Energy = -1.776555 
Averaging iterations... h=0.031250,0.000000
Done.
Final: Magnetisation = (0.317681,-0.692714), Energy = -1.774928 
<M> = (0.311366,-0.693931), <E> = -1.777714 

T=0.510000	 Thermalizing iterations... 
Done.
Thermalized Magnetisation = (0.302472,-0.707453), Energy = -1.775338 
Averaging iterations... h=0.031250,0.000000
Done.
Final: Magnetisation = (0.338540,-0.685734), Energy = -1.785190 
<M> = (0.307565,-0.702463), <E> = -1.784309 

T=0.500000	 Thermalizing iterations... 
Done.
Thermalized Magnetisation = (0.285237,-0.743478), Energy = -1.797657 
Averaging iterations... h=0.031250,0.000000
Done.
Final: Magnetisation = (0.322815,-0.708595), Energy = -1.794593 
<M> = (0.302803,-0.710619), <E> = -1.790499 

T=0.490000	 Thermalizing iterations... 
Done.
Thermalized Magnetisation = (0.281005,-0.716388), Energy = -1.793935 
Averaging iterations... h=0.031250,0.000000
Done.
Final: Magnetisation = (0.287895,-0.745687), Energy = -1.793760 
<M> = (0.297502,-0.716283), <E> = -1.796679 

T=0.480000	 Thermalizing iterations... 
Done.
Thermalized Magnetisation = (0.354851,-0.675296), Energy = -1.799782 
Averaging iterations... h=0.031250,0.000000
Done.
Final: Magnetisation = (0.290453,-0.697856), Energy = -1.791889 
<M> = (0.300985,-0.718445), <E> = -1.802495 

T=0.470000	 Thermalizing iterations... 
Done.
Thermalized Magnetisation = (0.366312,-0.699090), Energy = -1.811391 
Averaging iterations... h=0.031250,0.000000
Done.
Final: Magnetisation = (0.293605,-0.729188), Energy = -1.813753 
<M> = (0.306277,-0.716500), <E> = -1.808221 

T=0.460000	 Thermalizing iterations... 
Done.
Thermalized Magnetisation = (0.354638,-0.700763), Energy = -1.801627 
Averaging iterations... h=0.031250,0.000000
Done.
Final: Magnetisation = (0.326025,-0.715983), Energy = -1.801588 
<M> = (0.315898,-0.711911), <E> = -1.813744 

T=0.450000	 Thermalizing iterations... 
Done.
Thermalized Magnetisation = (0.322030,-0.724876), Energy = -1.824300 
Averaging iterations... h=0.031250,0.000000
Done.
Final: Magnetisation = (0.358469,-0.683612), Energy = -1.819950 
<M> = (0.316196,-0.714580), <E> = -1.819532 

T=0.440000	 Thermalizing iterations... 
Done.
Thermalized Magnetisation = (0.303128,-0.722911), Energy = -1.825732 
Averaging iterations... h=0.031250,0.000000
Done.
Final: Magnetisation = (0.375426,-0.697653), Energy = -1.827428 
<M> = (0.313457,-0.721550), <E> = -1.825547 

T=0.430000	 Thermalizing iterations... 
Done.
Thermalized Magnetisation = (0.238930,-0.761745), Energy = -1.834091 
Averaging iterations... h=0.031250,0.000000
Done.
Final: Magnetisation = (0.308445,-0.727073), Energy = -1.821579 
<M> = (0.308210,-0.728125), <E> = -1.831568 

T=0.420000	 Thermalizing iterations... 
Done.
Thermalized Magnetisation = (0.295899,-0.741338), Energy = -1.841140 
Averaging iterations... h=0.031250,0.000000
Done.
Final: Magnetisation = (0.313628,-0.730044), Energy = -1.840376 
<M> = (0.297955,-0.737495), <E> = -1.837594 

T=0.410000	 Thermalizing iterations... 
Done.
Thermalized Magnetisation = (0.344121,-0.737775), Energy = -1.849801 
Averaging iterations... h=0.031250,0.000000
Done.
Final: Magnetisation = (0.310422,-0.722384), Energy = -1.841585 
<M> = (0.298137,-0.742772), <E> = -1.843527 

T=0.400000	 Thermalizing iterations... 
Done.
Thermalized Magnetisation = (0.310548,-0.722793), Energy = -1.841272 
Averaging iterations... h=0.031250,0.000000
Done.
Final: Magnetisation = (0.311821,-0.741851), Energy = -1.846138 
<M> = (0.308868,-0.738943), <E> = -1.848951 

T=0.390000	 Thermalizing iterations... 
Done.
Thermalized Magnetisation = (0.321914,-0.731997), Energy = -1.850419 
Averaging iterations... h=0.031250,0.000000
Done.
Final: Magnetisation = (0.308662,-0.746054), Energy = -1.848383 
<M> = (0.314663,-0.739895), <E> = -1.854369 

T=0.380000	 Thermalizing iterations... 
Done.
Thermalized Magnetisation = (0.272237,-0.756591), Energy = -1.853565 
Averaging iterations... h=0.031250,0.000000
Done.
Final: Magnetisation = (0.279220,-0.760164), Energy = -1.865246 
<M> = (0.311270,-0.742241), <E> = -1.859911 

T=0.370000	 Thermalizing iterations... 
Done.
Thermalized Magnetisation = (0.313129,-0.759903), Energy = -1.869268 
Averaging iterations... h=0.031250,0.000000
Done.
Final: Magnetisation = (0.359725,-0.721811), Energy = -1.867946 
<M> = (0.315936,-0.743885), <E> = -1.865392 

T=0.360000	 Thermalizing iterations... 
Done.
Thermalized Magnetisation = (0.302292,-0.772960), Energy = -1.876515 
Averaging iterations... h=0.031250,0.000000
Done.
Final: Magnetisation = (0.325214,-0.739448), Energy = -1.868132 
<M> = (0.308322,-0.750420), <E> = -1.871370 

T=0.350000	 Thermalizing iterations... 
Done.
Thermalized Magnetisation = (0.271077,-0.777795), Energy = -1.873876 
Averaging iterations... h=0.031250,0.000000
Done.
Final: Magnetisation = (0.308657,-0.730348), Energy = -1.873202 
<M> = (0.301368,-0.759188), <E> = -1.877232 

T=0.340000	 Thermalizing iterations... 
Done.
Thermalized Magnetisation = (0.341785,-0.747167), Energy = -1.884311 
Averaging iterations... h=0.031250,0.000000
Done.
Final: Magnetisation = (0.312432,-0.763184), Energy = -1.883562 
<M> = (0.303083,-0.762203), <E> = -1.882876 

T=0.330000	 Thermalizing iterations... 
Done.
Thermalized Magnetisation = (0.280235,-0.780138), Energy = -1.885431 
Averaging iterations... h=0.031250,0.000000
Done.
Final: Magnetisation = (0.320124,-0.753227), Energy = -1.889655 
<M> = (0.302324,-0.766223), <E> = -1.888313 

T=0.320000	 Thermalizing iterations... 
Done.
Thermalized Magnetisation = (0.316217,-0.766909), Energy = -1.891586 
Averaging iterations... h=0.031250,0.000000
Done.
Final: Magnetisation = (0.304269,-0.766104), Energy = -1.893425 
<M> = (0.307918,-0.763920), <E> = -1.893637 

T=0.310000	 Thermalizing iterations... 
Done.
Thermalized Magnetisation = (0.336208,-0.756327), Energy = -1.897090 
Averaging iterations... h=0.031250,0.000000
Done.
Final: Magnetisation = (0.290304,-0.775504), Energy = -1.897651 
<M> = (0.310737,-0.764672), <E> = -1.899085 

T=0.300000	 Thermalizing iterations... 
Done.
Thermalized Magnetisation = (0.301171,-0.771441), Energy = -1.905324 
Averaging iterations... h=0.031250,0.000000
Done.
Final: Magnetisation = (0.297404,-0.760440), Energy = -1.905550 
<M> = (0.312461,-0.767479), <E> = -1.904691 

T=0.290000	 Thermalizing iterations... 
Done.
Thermalized Magnetisation = (0.322048,-0.769320), Energy = -1.909716 
Averaging iterations... h=0.031250,0.000000
Done.
Final: Magnetisation = (0.307172,-0.771653), Energy = -1.909354 
<M> = (0.312966,-0.771216), <E> = -1.910013 

T=0.280000	 Thermalizing iterations... 
Done.
Thermalized Magnetisation = (0.279262,-0.790696), Energy = -1.915358 
Averaging iterations... h=0.031250,0.000000
Done.
Final: Magnetisation = (0.313160,-0.771744), Energy = -1.910491 
<M> = (0.305595,-0.776954), <E> = -1.915480 

T=0.270000	 Thermalizing iterations... 
Done.
Thermalized Magnetisation = (0.270994,-0.798343), Energy = -1.919284 
Averaging iterations... h=0.031250,0.000000
Done.
Final: Magnetisation = (0.299456,-0.786924), Energy = -1.919499 
<M> = (0.304062,-0.782533), <E> = -1.921230 

T=0.260000	 Thermalizing iterations... 
Done.
Thermalized Magnetisation = (0.308015,-0.776212), Energy = -1.927442 
Averaging iterations... h=0.031250,0.000000
Done.
Final: Magnetisation = (0.294046,-0.782342), Energy = -1.925643 
<M> = (0.307747,-0.784450), <E> = -1.926634 

T=0.250000	 Thermalizing iterations... 
Done.
Thermalized Magnetisation = (0.331002,-0.776153), Energy = -1.935347 
Averaging iterations... h=0.031250,0.000000
Done.
Final: Magnetisation = (0.338300,-0.780386), Energy = -1.935417 
<M> = (0.308646,-0.785185), <E> = -1.931825 

T=0.240000	 Thermalizing iterations... 
Done.
Thermalized Magnetisation = (0.340299,-0.766424), Energy = -1.939454 
Averaging iterations... h=0.031250,0.000000
Done.
Final: Magnetisation = (0.327205,-0.783603), Energy = -1.938519 
<M> = (0.312196,-0.785569), <E> = -1.937154 

T=0.230000	 Thermalizing iterations... 
Done.
Thermalized Magnetisation = (0.299864,-0.791710), Energy = -1.942774 
Averaging iterations... h=0.031250,0.000000
Done.
Final: Magnetisation = (0.284372,-0.803671), Energy = -1.941502 
<M> = (0.311382,-0.790123), <E> = -1.942552 

T=0.220000	 Thermalizing iterations... 
Done.
Thermalized Magnetisation = (0.322859,-0.781788), Energy = -1.942652 
Averaging iterations... h=0.031250,0.000000
Done.
Final: Magnetisation = (0.338325,-0.775912), Energy = -1.944308 
<M> = (0.317116,-0.789676), <E> = -1.947800 

T=0.210000	 Thermalizing iterations... 
Done.
Thermalized Magnetisation = (0.292358,-0.798894), Energy = -1.951943 
Averaging iterations... h=0.031250,0.000000
Done.
Final: Magnetisation = (0.311852,-0.796888), Energy = -1.954539 
<M> = (0.311273,-0.796597), <E> = -1.953057 

T=0.200000	 Thermalizing iterations... 
Done.
Thermalized Magnetisation = (0.332516,-0.800450), Energy = -1.957833 
Averaging iterations... h=0.031250,0.000000
Done.
Final: Magnetisation = (0.328547,-0.787046), Energy = -1.957389 
<M> = (0.313099,-0.798827), <E> = -1.958553 

T=0.190000	 Thermalizing iterations... 
Done.
Thermalized Magnetisation = (0.324843,-0.799684), Energy = -1.963779 
Averaging iterations... h=0.031250,0.000000
Done.
Final: Magnetisation = (0.301695,-0.808400), Energy = -1.965390 
<M> = (0.308239,-0.802287), <E> = -1.963846 

T=0.180000	 Thermalizing iterations... 
Done.
Thermalized Magnetisation = (0.327788,-0.793447), Energy = -1.974555 
Averaging iterations... h=0.031250,0.000000
Done.
Final: Magnetisation = (0.299785,-0.809001), Energy = -1.969968 
<M> = (0.312031,-0.803659), <E> = -1.969153 

T=0.170000	 Thermalizing iterations... 
Done.
Thermalized Magnetisation = (0.289349,-0.818177), Energy = -1.969518 
Averaging iterations... h=0.031250,0.000000
Done.
Final: Magnetisation = (0.280012,-0.818718), Energy = -1.974697 
<M> = (0.308969,-0.808064), <E> = -1.974319 

T=0.160000	 Thermalizing iterations... 
Done.
Thermalized Magnetisation = (0.308958,-0.807313), Energy = -1.979548 
Averaging iterations... h=0.031250,0.000000
Done.
Final: Magnetisation = (0.316839,-0.812872), Energy = -1.982490 
<M> = (0.312332,-0.807022), <E> = -1.979403 

T=0.150000	 Thermalizing iterations... 
Done.
Thermalized Magnetisation = (0.343676,-0.796977), Energy = -1.984871 
Averaging iterations... h=0.031250,0.000000
Done.
Final: Magnetisation = (0.309437,-0.816667), Energy = -1.983020 
<M> = (0.313200,-0.812009), <E> = -1.984575 

T=0.140000	 Thermalizing iterations... 
Done.
Thermalized Magnetisation = (0.307093,-0.817409), Energy = -1.989700 
Averaging iterations... h=0.031250,0.000000
Done.
Final: Magnetisation = (0.314319,-0.816987), Energy = -1.990085 
<M> = (0.309236,-0.814900), <E> = -1.989844 

T=0.130000	 Thermalizing iterations... 
Done.
Thermalized Magnetisation = (0.305606,-0.822932), Energy = -1.996861 
Averaging iterations... h=0.031250,0.000000
Done.
Final: Magnetisation = (0.298805,-0.816710), Energy = -1.994731 
<M> = (0.312757,-0.817224), <E> = -1.995110 

T=0.120000	 Thermalizing iterations... 
Done.
Thermalized Magnetisation = (0.299774,-0.829669), Energy = -1.999273 
Averaging iterations... h=0.031250,0.000000
Done.
Final: Magnetisation = (0.295164,-0.830694), Energy = -1.999770 
<M> = (0.308708,-0.821649), <E> = -2.000349 

T=0.110000	 Thermalizing iterations... 
Done.
Thermalized Magnetisation = (0.319417,-0.822276), Energy = -2.006421 
Averaging iterations... h=0.031250,0.000000
Done.
Final: Magnetisation = (0.320882,-0.814577), Energy = -2.005384 
<M> = (0.314720,-0.821829), <E> = -2.005486 

T=0.100000	 Thermalizing iterations... 
Done.
Thermalized Magnetisation = (0.322200,-0.821637), Energy = -2.012804 
Averaging iterations... h=0.031250,0.000000
Done.
Final: Magnetisation = (0.305014,-0.827115), Energy = -2.010088 
<M> = (0.310737,-0.824938), <E> = -2.010596 

T=0.090000	 Thermalizing iterations... 
Done.
Thermalized Magnetisation = (0.319032,-0.823317), Energy = -2.015026 
Averaging iterations... h=0.031250,0.000000
Done.
Final: Magnetisation = (0.295083,-0.837054), Energy = -2.015477 
<M> = (0.311566,-0.828849), <E> = -2.015662 

T=0.080000	 Thermalizing iterations... 
Done.
Thermalized Magnetisation = (0.312780,-0.829740), Energy = -2.021996 
Averaging iterations... h=0.031250,0.000000
Done.
Final: Magnetisation = (0.300122,-0.825819), Energy = -2.021178 
<M> = (0.313959,-0.829531), <E> = -2.020834 

T=0.070000	 Thermalizing iterations... 
Done.
Thermalized Magnetisation = (0.308054,-0.838185), Energy = -2.025694 
Averaging iterations... h=0.031250,0.000000
Done.
Final: Magnetisation = (0.311272,-0.833534), Energy = -2.026302 
<M> = (0.306840,-0.836156), <E> = -2.025886 

T=0.060000	 Thermalizing iterations... 
Done.
Thermalized Magnetisation = (0.315355,-0.831911), Energy = -2.030364 
Averaging iterations... h=0.031250,0.000000
Done.
Final: Magnetisation = (0.301768,-0.838864), Energy = -2.031325 
<M> = (0.313988,-0.835174), <E> = -2.031053 

T=0.050000	 Thermalizing iterations... 
Done.
Thermalized Magnetisation = (0.311236,-0.836164), Energy = -2.036138 
Averaging iterations... h=0.031250,0.000000
Done.
Final: Magnetisation = (0.312844,-0.834932), Energy = -2.036210 
<M> = (0.314340,-0.838707), <E> = -2.036069 

T=0.040000	 Thermalizing iterations... 
Done.
Thermalized Magnetisation = (0.314489,-0.839236), Energy = -2.040850 
Averaging iterations... h=0.031250,0.000000
Done.
Final: Magnetisation = (0.308268,-0.840070), Energy = -2.040692 
<M> = (0.314326,-0.841122), <E> = -2.041146 

T=0.030000	 Thermalizing iterations... 
Done.
Thermalized Magnetisation = (0.310792,-0.840394), Energy = -2.046121 
Averaging iterations... h=0.031250,0.000000
Done.
Final: Magnetisation = (0.312411,-0.844809), Energy = -2.046208 
<M> = (0.312481,-0.843822), <E> = -2.046187 

T=0.020000	 Thermalizing iterations... 
Done.
Thermalized Magnetisation = (0.316886,-0.842823), Energy = -2.050997 
Averaging iterations... h=0.031250,0.000000
Done.
Final: Magnetisation = (0.314797,-0.847585), Energy = -2.051356 
<M> = (0.315583,-0.845641), <E> = -2.051195 

T=0.010000	 Thermalizing iterations... 
Done.
Thermalized Magnetisation = (0.314426,-0.848224), Energy = -2.056237 
Averaging iterations... h=0.031250,0.000000
Done.
Final: Magnetisation = (0.312169,-0.847994), Energy = -2.056187 
<M> = (0.313827,-0.848037), <E> = -2.056218 
Final Magnetisation = (0.312169,-0.847994), Energy = -2.056187 
------------------------

Updating all (first)black/(then)white checkerboard sites simultaneously.. 

ztne RFXY h rotating with |h|=0.031250 at T=0.000000..
loop 1

loop 2

CPU  Start Time = 139838.728666 

CPU  End Time = 149648.548755 

CPU Time elapsed total = 9809.820089 

real	163m29.829s
user	2867m8.099s
sys	1m19.761s
