+ cd /home/sbasak/Exercises/OpenMP/XY_code/Z2/rotating_field/trial/config/config_121
+ export OMP_NUM_THREADS=28
+ OMP_NUM_THREADS=28
+ ./a_0.out
nearest neighbor initialized. 
h loaded. 
J loaded. 
L = 128, dim_L = 2, dim_S = 2
hysteresis_MCS_multiplier = 10, hysteresis_MCS_max = 100
RAND_MAX = 2147483647.000000,
 sizeof(int) = 4,
 sizeof(long) = 8,
 sizeof(double) = 8,
 sizeof(long int) = 8,
 sizeof(short int) = 2,
 sizeof(unsigned int) = 4,
 sizeof(RAND_MAX) = 4
No. of THREADS = 28
No. of PROCESSORS = 28

0.060903,0.021282
order = ({1.000000-->-1.000000,0.000000}, 0, 1)
Initial Magnetisation = (0.060903,0.021282), Energy = 0.028754 
Cooling... 
T=2.000000	 Thermalizing iterations... 
Done.
Thermalized Magnetisation = (-0.006116,-0.022282), Energy = -0.554548 
Averaging iterations... h=0.000000,0.000000
Done.
Final: Magnetisation = (-0.000950,-0.032200), Energy = -0.581863 
<M> = (0.000242,-0.000019), <E> = -0.605147 

T=1.990000	 Thermalizing iterations... 
Done.
Thermalized Magnetisation = (-0.028370,0.028484), Energy = -0.629871 
Averaging iterations... h=0.000000,0.000000
Done.
Final: Magnetisation = (-0.020477,-0.006812), Energy = -0.641926 
<M> = (0.001626,-0.001676), <E> = -0.609101 

T=1.980000	 Thermalizing iterations... 
Done.
Thermalized Magnetisation = (-0.017384,0.014272), Energy = -0.633295 
Averaging iterations... h=0.000000,0.000000
Done.
Final: Magnetisation = (0.018223,-0.002350), Energy = -0.619847 
<M> = (0.000283,-0.001084), <E> = -0.613118 

T=1.970000	 Thermalizing iterations... 
Done.
Thermalized Magnetisation = (-0.026281,0.035755), Energy = -0.627352 
Averaging iterations... h=0.000000,0.000000
Done.
Final: Magnetisation = (-0.011174,-0.055072), Energy = -0.623230 
<M> = (0.000722,-0.002235), <E> = -0.617280 

T=1.960000	 Thermalizing iterations... 
Done.
Thermalized Magnetisation = (0.008937,-0.021257), Energy = -0.646610 
Averaging iterations... h=0.000000,0.000000
Done.
Final: Magnetisation = (0.006928,0.001844), Energy = -0.614355 
<M> = (0.001074,-0.000506), <E> = -0.620346 

T=1.950000	 Thermalizing iterations... 
Done.
Thermalized Magnetisation = (-0.027150,0.005355), Energy = -0.623199 
Averaging iterations... h=0.000000,0.000000
Done.
Final: Magnetisation = (0.033717,-0.005400), Energy = -0.640177 
<M> = (0.002201,-0.000917), <E> = -0.623690 

T=1.940000	 Thermalizing iterations... 
Done.
Thermalized Magnetisation = (0.039510,-0.010049), Energy = -0.606176 
Averaging iterations... h=0.000000,0.000000
Done.
Final: Magnetisation = (0.040992,0.042365), Energy = -0.604295 
<M> = (0.000670,0.000073), <E> = -0.627001 

T=1.930000	 Thermalizing iterations... 
Done.
Thermalized Magnetisation = (0.002479,0.008543), Energy = -0.632158 
Averaging iterations... h=0.000000,0.000000
Done.
Final: Magnetisation = (-0.072652,0.017636), Energy = -0.612511 
<M> = (-0.000047,0.000790), <E> = -0.629936 

T=1.920000	 Thermalizing iterations... 
Done.
Thermalized Magnetisation = (-0.032691,0.037464), Energy = -0.660655 
Averaging iterations... h=0.000000,0.000000
Done.
Final: Magnetisation = (-0.008781,-0.019846), Energy = -0.641966 
<M> = (0.000761,-0.001224), <E> = -0.634627 

T=1.910000	 Thermalizing iterations... 
Done.
Thermalized Magnetisation = (-0.037877,0.009858), Energy = -0.658589 
Averaging iterations... h=0.000000,0.000000
Done.
Final: Magnetisation = (-0.018618,-0.015094), Energy = -0.669275 
<M> = (0.001122,-0.001341), <E> = -0.638778 

T=1.900000	 Thermalizing iterations... 
Done.
Thermalized Magnetisation = (0.079636,0.097748), Energy = -0.633842 
Averaging iterations... h=0.000000,0.000000
Done.
Final: Magnetisation = (-0.045942,-0.001061), Energy = -0.637212 
<M> = (0.000617,-0.002873), <E> = -0.642959 

T=1.890000	 Thermalizing iterations... 
Done.
Thermalized Magnetisation = (-0.038856,0.006444), Energy = -0.657129 
Averaging iterations... h=0.000000,0.000000
Done.
Final: Magnetisation = (-0.039639,0.012423), Energy = -0.629110 
<M> = (0.000709,-0.002240), <E> = -0.647096 

T=1.880000	 Thermalizing iterations... 
Done.
Thermalized Magnetisation = (0.007777,-0.031258), Energy = -0.638003 
Averaging iterations... h=0.000000,0.000000
Done.
Final: Magnetisation = (-0.037938,0.013315), Energy = -0.672170 
<M> = (0.001851,-0.001143), <E> = -0.651012 

T=1.870000	 Thermalizing iterations... 
Done.
Thermalized Magnetisation = (-0.018387,0.044072), Energy = -0.655624 
Averaging iterations... h=0.000000,0.000000
Done.
Final: Magnetisation = (0.024322,0.013802), Energy = -0.638669 
<M> = (0.001472,0.002078), <E> = -0.654011 

T=1.860000	 Thermalizing iterations... 
Done.
Thermalized Magnetisation = (-0.020538,0.023861), Energy = -0.623359 
Averaging iterations... h=0.000000,0.000000
Done.
Final: Magnetisation = (0.031196,-0.020180), Energy = -0.655557 
<M> = (0.000222,-0.000074), <E> = -0.658115 

T=1.850000	 Thermalizing iterations... 
Done.
Thermalized Magnetisation = (-0.008685,0.095969), Energy = -0.662159 
Averaging iterations... h=0.000000,0.000000
Done.
Final: Magnetisation = (0.027185,-0.029268), Energy = -0.691712 
<M> = (0.000106,0.000352), <E> = -0.662483 

T=1.840000	 Thermalizing iterations... 
Done.
Thermalized Magnetisation = (-0.018321,0.014536), Energy = -0.663733 
Averaging iterations... h=0.000000,0.000000
Done.
Final: Magnetisation = (0.034793,-0.004086), Energy = -0.671025 
<M> = (0.001508,-0.001945), <E> = -0.666980 

T=1.830000	 Thermalizing iterations... 
Done.
Thermalized Magnetisation = (0.066593,-0.009805), Energy = -0.669979 
Averaging iterations... h=0.000000,0.000000
Done.
Final: Magnetisation = (0.000133,0.037818), Energy = -0.647388 
<M> = (-0.000071,-0.002698), <E> = -0.671387 

T=1.820000	 Thermalizing iterations... 
Done.
Thermalized Magnetisation = (0.001142,0.028253), Energy = -0.685228 
Averaging iterations... h=0.000000,0.000000
Done.
Final: Magnetisation = (0.041866,-0.019393), Energy = -0.670696 
<M> = (0.001060,-0.002073), <E> = -0.676406 

T=1.810000	 Thermalizing iterations... 
Done.
Thermalized Magnetisation = (-0.004233,0.035297), Energy = -0.687701 
Averaging iterations... h=0.000000,0.000000
Done.
Final: Magnetisation = (-0.017630,0.047917), Energy = -0.654258 
<M> = (0.002981,-0.002010), <E> = -0.680218 

T=1.800000	 Thermalizing iterations... 
Done.
Thermalized Magnetisation = (-0.036539,-0.005157), Energy = -0.671236 
Averaging iterations... h=0.000000,0.000000
Done.
Final: Magnetisation = (0.010199,0.031253), Energy = -0.697133 
<M> = (0.002953,-0.000347), <E> = -0.684119 

T=1.790000	 Thermalizing iterations... 
Done.
Thermalized Magnetisation = (0.016833,-0.050059), Energy = -0.688662 
Averaging iterations... h=0.000000,0.000000
Done.
Final: Magnetisation = (-0.050688,-0.063470), Energy = -0.700443 
<M> = (0.000424,-0.000201), <E> = -0.688328 

T=1.780000	 Thermalizing iterations... 
Done.
Thermalized Magnetisation = (-0.008551,-0.008642), Energy = -0.711829 
Averaging iterations... h=0.000000,0.000000
Done.
Final: Magnetisation = (0.034543,-0.001584), Energy = -0.689155 
<M> = (0.000075,0.000848), <E> = -0.692743 

T=1.770000	 Thermalizing iterations... 
Done.
Thermalized Magnetisation = (0.027719,0.043061), Energy = -0.705814 
Averaging iterations... h=0.000000,0.000000
Done.
Final: Magnetisation = (0.005060,0.070806), Energy = -0.692235 
<M> = (0.001175,-0.003054), <E> = -0.697688 

T=1.760000	 Thermalizing iterations... 
Done.
Thermalized Magnetisation = (0.008968,0.022585), Energy = -0.752325 
Averaging iterations... h=0.000000,0.000000
Done.
Final: Magnetisation = (0.076576,-0.040177), Energy = -0.723093 
<M> = (0.000899,-0.000812), <E> = -0.703028 

T=1.750000	 Thermalizing iterations... 
Done.
Thermalized Magnetisation = (-0.021059,0.018579), Energy = -0.698560 
Averaging iterations... h=0.000000,0.000000
Done.
Final: Magnetisation = (0.057638,0.001051), Energy = -0.674434 
<M> = (-0.000504,-0.002843), <E> = -0.707749 

T=1.740000	 Thermalizing iterations... 
Done.
Thermalized Magnetisation = (0.029068,0.029249), Energy = -0.692342 
Averaging iterations... h=0.000000,0.000000
Done.
Final: Magnetisation = (-0.001444,-0.024025), Energy = -0.710554 
<M> = (0.001097,-0.002813), <E> = -0.712513 

T=1.730000	 Thermalizing iterations... 
Done.
Thermalized Magnetisation = (0.025543,-0.046794), Energy = -0.721932 
Averaging iterations... h=0.000000,0.000000
Done.
Final: Magnetisation = (-0.044307,-0.049363), Energy = -0.717788 
<M> = (0.002230,-0.001101), <E> = -0.716960 

T=1.720000	 Thermalizing iterations... 
Done.
Thermalized Magnetisation = (-0.014586,-0.047490), Energy = -0.710406 
Averaging iterations... h=0.000000,0.000000
Done.
Final: Magnetisation = (0.015629,0.029017), Energy = -0.730186 
<M> = (0.001345,0.001497), <E> = -0.721441 

T=1.710000	 Thermalizing iterations... 
Done.
Thermalized Magnetisation = (0.023703,-0.060597), Energy = -0.748868 
Averaging iterations... h=0.000000,0.000000
Done.
Final: Magnetisation = (0.017966,-0.022682), Energy = -0.744197 
<M> = (0.000466,-0.000935), <E> = -0.726184 

T=1.700000	 Thermalizing iterations... 
Done.
Thermalized Magnetisation = (0.015857,0.015084), Energy = -0.735546 
Averaging iterations... h=0.000000,0.000000
Done.
Final: Magnetisation = (0.006725,0.033313), Energy = -0.745823 
<M> = (0.001291,-0.000519), <E> = -0.731695 

T=1.690000	 Thermalizing iterations... 
Done.
Thermalized Magnetisation = (-0.063995,0.049850), Energy = -0.757864 
Averaging iterations... h=0.000000,0.000000
Done.
Final: Magnetisation = (0.014680,-0.068856), Energy = -0.735402 
<M> = (0.001301,-0.000202), <E> = -0.736724 

T=1.680000	 Thermalizing iterations... 
Done.
Thermalized Magnetisation = (-0.030812,-0.036704), Energy = -0.760592 
Averaging iterations... h=0.000000,0.000000
Done.
Final: Magnetisation = (-0.015538,-0.094398), Energy = -0.745655 
<M> = (0.000729,-0.003059), <E> = -0.743405 

T=1.670000	 Thermalizing iterations... 
Done.
Thermalized Magnetisation = (-0.030090,0.016092), Energy = -0.748987 
Averaging iterations... h=0.000000,0.000000
Done.
Final: Magnetisation = (0.026951,-0.062252), Energy = -0.791429 
<M> = (0.001344,-0.001653), <E> = -0.748455 

T=1.660000	 Thermalizing iterations... 
Done.
Thermalized Magnetisation = (-0.063781,-0.016291), Energy = -0.759688 
Averaging iterations... h=0.000000,0.000000
Done.
Final: Magnetisation = (0.033186,-0.044570), Energy = -0.759970 
<M> = (0.002314,-0.002207), <E> = -0.753626 

T=1.650000	 Thermalizing iterations... 
Done.
Thermalized Magnetisation = (-0.003728,-0.036896), Energy = -0.743068 
Averaging iterations... h=0.000000,0.000000
Done.
Final: Magnetisation = (-0.039311,0.071039), Energy = -0.751333 
<M> = (0.001446,0.001316), <E> = -0.758113 

T=1.640000	 Thermalizing iterations... 
Done.
Thermalized Magnetisation = (0.048413,0.061319), Energy = -0.769895 
Averaging iterations... h=0.000000,0.000000
Done.
Final: Magnetisation = (0.037698,-0.048927), Energy = -0.752158 
<M> = (0.000826,0.001261), <E> = -0.763585 

T=1.630000	 Thermalizing iterations... 
Done.
Thermalized Magnetisation = (-0.000169,0.016751), Energy = -0.798353 
Averaging iterations... h=0.000000,0.000000
Done.
Final: Magnetisation = (0.013048,0.015053), Energy = -0.721859 
<M> = (0.001416,0.000078), <E> = -0.769243 

T=1.620000	 Thermalizing iterations... 
Done.
Thermalized Magnetisation = (-0.002423,-0.093118), Energy = -0.765222 
Averaging iterations... h=0.000000,0.000000
Done.
Final: Magnetisation = (0.073416,-0.018526), Energy = -0.772120 
<M> = (0.001635,-0.001096), <E> = -0.775530 

T=1.610000	 Thermalizing iterations... 
Done.
Thermalized Magnetisation = (0.006644,0.046397), Energy = -0.792200 
Averaging iterations... h=0.000000,0.000000
Done.
Final: Magnetisation = (-0.022145,0.067492), Energy = -0.790852 
<M> = (0.000519,-0.002562), <E> = -0.781397 

T=1.600000	 Thermalizing iterations... 
Done.
Thermalized Magnetisation = (0.004711,-0.036558), Energy = -0.827866 
Averaging iterations... h=0.000000,0.000000
Done.
Final: Magnetisation = (-0.022868,-0.018985), Energy = -0.779973 
<M> = (0.000989,-0.004512), <E> = -0.787918 

T=1.590000	 Thermalizing iterations... 
Done.
Thermalized Magnetisation = (-0.023075,0.026799), Energy = -0.773573 
Averaging iterations... h=0.000000,0.000000
Done.
Final: Magnetisation = (-0.103753,0.008047), Energy = -0.784175 
<M> = (0.001052,-0.001741), <E> = -0.793561 

T=1.580000	 Thermalizing iterations... 
Done.
Thermalized Magnetisation = (0.006929,0.000807), Energy = -0.761341 
Averaging iterations... h=0.000000,0.000000
Done.
Final: Magnetisation = (-0.001568,-0.056863), Energy = -0.856748 
<M> = (0.003759,-0.000437), <E> = -0.799172 

T=1.570000	 Thermalizing iterations... 
Done.
Thermalized Magnetisation = (-0.001375,0.026485), Energy = -0.824092 
Averaging iterations... h=0.000000,0.000000
Done.
Final: Magnetisation = (0.006427,0.028893), Energy = -0.805855 
<M> = (0.001665,0.000436), <E> = -0.805142 

T=1.560000	 Thermalizing iterations... 
Done.
Thermalized Magnetisation = (0.047402,-0.074946), Energy = -0.846871 
Averaging iterations... h=0.000000,0.000000
Done.
Final: Magnetisation = (-0.044077,-0.001440), Energy = -0.784356 
<M> = (0.000639,0.001461), <E> = -0.810418 

T=1.550000	 Thermalizing iterations... 
Done.
Thermalized Magnetisation = (-0.065525,-0.004808), Energy = -0.785649 
Averaging iterations... h=0.000000,0.000000
Done.
Final: Magnetisation = (-0.017511,0.012330), Energy = -0.807368 
<M> = (0.001426,-0.000236), <E> = -0.817521 

T=1.540000	 Thermalizing iterations... 
Done.
Thermalized Magnetisation = (-0.028114,0.072725), Energy = -0.816416 
Averaging iterations... h=0.000000,0.000000
Done.
Final: Magnetisation = (-0.002208,-0.082435), Energy = -0.851361 
<M> = (0.001880,-0.000828), <E> = -0.824364 

T=1.530000	 Thermalizing iterations... 
Done.
Thermalized Magnetisation = (0.038774,-0.003030), Energy = -0.887584 
Averaging iterations... h=0.000000,0.000000
Done.
Final: Magnetisation = (0.012977,0.034906), Energy = -0.829343 
<M> = (0.000865,-0.004830), <E> = -0.831598 

T=1.520000	 Thermalizing iterations... 
Done.
Thermalized Magnetisation = (0.056944,0.078248), Energy = -0.845574 
Averaging iterations... h=0.000000,0.000000
Done.
Final: Magnetisation = (-0.031781,-0.026882), Energy = -0.834124 
<M> = (0.001157,-0.002621), <E> = -0.838025 

T=1.510000	 Thermalizing iterations... 
Done.
Thermalized Magnetisation = (0.007951,-0.006455), Energy = -0.874303 
Averaging iterations... h=0.000000,0.000000
Done.
Final: Magnetisation = (0.001060,-0.006258), Energy = -0.829043 
<M> = (0.004443,-0.000362), <E> = -0.844808 

T=1.500000	 Thermalizing iterations... 
Done.
Thermalized Magnetisation = (0.062773,-0.084782), Energy = -0.859029 
Averaging iterations... h=0.000000,0.000000
Done.
Final: Magnetisation = (-0.025111,-0.079005), Energy = -0.835869 
<M> = (0.003098,0.002474), <E> = -0.850547 

T=1.490000	 Thermalizing iterations... 
Done.
Thermalized Magnetisation = (-0.001045,0.008469), Energy = -0.832585 
Averaging iterations... h=0.000000,0.000000
Done.
Final: Magnetisation = (-0.008606,0.112005), Energy = -0.845670 
<M> = (0.002500,0.002283), <E> = -0.857408 

T=1.480000	 Thermalizing iterations... 
Done.
Thermalized Magnetisation = (0.020242,-0.028339), Energy = -0.836995 
Averaging iterations... h=0.000000,0.000000
Done.
Final: Magnetisation = (0.023301,-0.016165), Energy = -0.846725 
<M> = (-0.000498,0.003073), <E> = -0.864930 

T=1.470000	 Thermalizing iterations... 
Done.
Thermalized Magnetisation = (0.028651,-0.006130), Energy = -0.881825 
Averaging iterations... h=0.000000,0.000000
Done.
Final: Magnetisation = (0.045598,-0.015804), Energy = -0.883209 
<M> = (0.003024,0.000672), <E> = -0.872142 

T=1.460000	 Thermalizing iterations... 
Done.
Thermalized Magnetisation = (0.000977,0.063944), Energy = -0.869472 
Averaging iterations... h=0.000000,0.000000
Done.
Final: Magnetisation = (0.030103,0.014536), Energy = -0.852948 
<M> = (0.001241,-0.002243), <E> = -0.880281 

T=1.450000	 Thermalizing iterations... 
Done.
Thermalized Magnetisation = (0.042754,0.031235), Energy = -0.886949 
Averaging iterations... h=0.000000,0.000000
Done.
Final: Magnetisation = (-0.052072,-0.032234), Energy = -0.884496 
<M> = (0.002881,-0.005484), <E> = -0.887902 

T=1.440000	 Thermalizing iterations... 
Done.
Thermalized Magnetisation = (0.031726,-0.057775), Energy = -0.916007 
Averaging iterations... h=0.000000,0.000000
Done.
Final: Magnetisation = (0.038910,-0.041920), Energy = -0.913840 
<M> = (0.003918,-0.005325), <E> = -0.895494 

T=1.430000	 Thermalizing iterations... 
Done.
Thermalized Magnetisation = (-0.007208,-0.072641), Energy = -0.917802 
Averaging iterations... h=0.000000,0.000000
Done.
Final: Magnetisation = (-0.016078,0.001257), Energy = -0.899291 
<M> = (0.004915,0.000026), <E> = -0.901848 

T=1.420000	 Thermalizing iterations... 
Done.
Thermalized Magnetisation = (0.106303,0.046207), Energy = -0.910261 
Averaging iterations... h=0.000000,0.000000
Done.
Final: Magnetisation = (-0.001987,-0.079020), Energy = -0.880755 
<M> = (0.003281,0.001146), <E> = -0.909552 

T=1.410000	 Thermalizing iterations... 
Done.
Thermalized Magnetisation = (0.015825,0.030773), Energy = -0.928726 
Averaging iterations... h=0.000000,0.000000
Done.
Final: Magnetisation = (-0.037070,0.004362), Energy = -0.935783 
<M> = (0.000451,0.006027), <E> = -0.916774 

T=1.400000	 Thermalizing iterations... 
Done.
Thermalized Magnetisation = (0.010005,-0.015526), Energy = -0.895477 
Averaging iterations... h=0.000000,0.000000
Done.
Final: Magnetisation = (0.002396,0.096176), Energy = -0.876015 
<M> = (0.002334,-0.002495), <E> = -0.926439 

T=1.390000	 Thermalizing iterations... 
Done.
Thermalized Magnetisation = (-0.045131,-0.022691), Energy = -0.944880 
Averaging iterations... h=0.000000,0.000000
Done.
Final: Magnetisation = (0.006300,0.007639), Energy = -0.960007 
<M> = (0.002747,-0.006441), <E> = -0.934550 

T=1.380000	 Thermalizing iterations... 
Done.
Thermalized Magnetisation = (0.005276,-0.034723), Energy = -0.947498 
Averaging iterations... h=0.000000,0.000000
Done.
Final: Magnetisation = (0.019082,-0.037151), Energy = -0.894683 
<M> = (0.001252,-0.005888), <E> = -0.943398 

T=1.370000	 Thermalizing iterations... 
Done.
Thermalized Magnetisation = (-0.088108,-0.059258), Energy = -0.946446 
Averaging iterations... h=0.000000,0.000000
Done.
Final: Magnetisation = (-0.010502,-0.024402), Energy = -0.923194 
<M> = (0.003597,-0.008149), <E> = -0.951049 

T=1.360000	 Thermalizing iterations... 
Done.
Thermalized Magnetisation = (-0.028754,0.061328), Energy = -1.003556 
Averaging iterations... h=0.000000,0.000000
Done.
Final: Magnetisation = (0.056435,0.064386), Energy = -0.984139 
<M> = (0.005391,-0.002989), <E> = -0.959461 

T=1.350000	 Thermalizing iterations... 
Done.
Thermalized Magnetisation = (0.035367,0.095598), Energy = -0.946605 
Averaging iterations... h=0.000000,0.000000
Done.
Final: Magnetisation = (-0.027622,0.085387), Energy = -0.966821 
<M> = (0.005730,0.006975), <E> = -0.967813 

T=1.340000	 Thermalizing iterations... 
Done.
Thermalized Magnetisation = (0.109830,0.026587), Energy = -1.008538 
Averaging iterations... h=0.000000,0.000000
Done.
Final: Magnetisation = (0.028617,-0.032910), Energy = -1.017284 
<M> = (0.002231,0.003054), <E> = -0.976345 

T=1.330000	 Thermalizing iterations... 
Done.
Thermalized Magnetisation = (0.075492,0.016705), Energy = -0.977772 
Averaging iterations... h=0.000000,0.000000
Done.
Final: Magnetisation = (0.038033,-0.022273), Energy = -0.998116 
<M> = (0.000731,-0.000211), <E> = -0.985364 

T=1.320000	 Thermalizing iterations... 
Done.
Thermalized Magnetisation = (0.038958,-0.015535), Energy = -1.013008 
Averaging iterations... h=0.000000,0.000000
Done.
Final: Magnetisation = (-0.015372,-0.014208), Energy = -0.964676 
<M> = (0.007588,-0.003537), <E> = -0.994986 

T=1.310000	 Thermalizing iterations... 
Done.
Thermalized Magnetisation = (0.068515,-0.005292), Energy = -1.032993 
Averaging iterations... h=0.000000,0.000000
Done.
Final: Magnetisation = (-0.052393,0.071257), Energy = -1.046677 
<M> = (0.004712,-0.009680), <E> = -1.004914 

T=1.300000	 Thermalizing iterations... 
Done.
Thermalized Magnetisation = (-0.020886,-0.006378), Energy = -0.987573 
Averaging iterations... h=0.000000,0.000000
Done.
Final: Magnetisation = (0.028545,-0.018523), Energy = -1.069144 
<M> = (0.004042,-0.008163), <E> = -1.014841 

T=1.290000	 Thermalizing iterations... 
Done.
Thermalized Magnetisation = (-0.027529,-0.071444), Energy = -1.003123 
Averaging iterations... h=0.000000,0.000000
Done.
Final: Magnetisation = (-0.004889,-0.050947), Energy = -1.018143 
<M> = (0.009664,-0.005608), <E> = -1.024410 

T=1.280000	 Thermalizing iterations... 
Done.
Thermalized Magnetisation = (-0.007405,0.009289), Energy = -1.037894 
Averaging iterations... h=0.000000,0.000000
Done.
Final: Magnetisation = (0.021974,-0.023473), Energy = -1.060042 
<M> = (0.007405,-0.000475), <E> = -1.032658 

T=1.270000	 Thermalizing iterations... 
Done.
Thermalized Magnetisation = (-0.023333,-0.018826), Energy = -1.026948 
Averaging iterations... h=0.000000,0.000000
Done.
Final: Magnetisation = (-0.061242,0.005486), Energy = -1.046983 
<M> = (0.002153,0.003541), <E> = -1.041321 

T=1.260000	 Thermalizing iterations... 
Done.
Thermalized Magnetisation = (-0.047696,-0.012135), Energy = -1.046190 
Averaging iterations... h=0.000000,0.000000
Done.
Final: Magnetisation = (-0.016620,-0.018597), Energy = -1.054894 
<M> = (0.003485,0.007426), <E> = -1.051670 

T=1.250000	 Thermalizing iterations... 
Done.
Thermalized Magnetisation = (-0.000464,-0.099317), Energy = -1.108118 
Averaging iterations... h=0.000000,0.000000
Done.
Final: Magnetisation = (-0.037758,0.060858), Energy = -1.054624 
<M> = (0.008430,-0.010852), <E> = -1.063162 

T=1.240000	 Thermalizing iterations... 
Done.
Thermalized Magnetisation = (0.028758,-0.044784), Energy = -1.111478 
Averaging iterations... h=0.000000,0.000000
Done.
Final: Magnetisation = (-0.049696,-0.024763), Energy = -1.054830 
<M> = (0.003773,-0.003354), <E> = -1.073693 

T=1.230000	 Thermalizing iterations... 
Done.
Thermalized Magnetisation = (0.013537,0.066786), Energy = -1.113902 
Averaging iterations... h=0.000000,0.000000
Done.
Final: Magnetisation = (-0.025652,-0.093056), Energy = -1.030808 
<M> = (0.005912,-0.015249), <E> = -1.084908 

T=1.220000	 Thermalizing iterations... 
Done.
Thermalized Magnetisation = (0.030900,-0.052648), Energy = -1.083221 
Averaging iterations... h=0.000000,0.000000
Done.
Final: Magnetisation = (0.008229,-0.087365), Energy = -1.108065 
<M> = (0.004695,-0.013837), <E> = -1.094001 

T=1.210000	 Thermalizing iterations... 
Done.
Thermalized Magnetisation = (0.003235,0.021704), Energy = -1.070307 
Averaging iterations... h=0.000000,0.000000
Done.
Final: Magnetisation = (-0.037453,-0.022115), Energy = -1.119790 
<M> = (0.007769,-0.009208), <E> = -1.104320 

T=1.200000	 Thermalizing iterations... 
Done.
Thermalized Magnetisation = (0.112730,-0.051897), Energy = -1.080087 
Averaging iterations... h=0.000000,0.000000
Done.
Final: Magnetisation = (0.022235,0.070395), Energy = -1.130369 
<M> = (0.004593,0.010241), <E> = -1.115207 

T=1.190000	 Thermalizing iterations... 
Done.
Thermalized Magnetisation = (0.053523,-0.000992), Energy = -1.096625 
Averaging iterations... h=0.000000,0.000000
Done.
Final: Magnetisation = (0.034181,-0.072085), Energy = -1.119931 
<M> = (0.007552,-0.002861), <E> = -1.125043 

T=1.180000	 Thermalizing iterations... 
Done.
Thermalized Magnetisation = (-0.049530,-0.090242), Energy = -1.127920 
Averaging iterations... h=0.000000,0.000000
Done.
Final: Magnetisation = (0.038139,-0.036079), Energy = -1.102717 
<M> = (0.007470,-0.000819), <E> = -1.137100 

T=1.170000	 Thermalizing iterations... 
Done.
Thermalized Magnetisation = (-0.037842,0.116004), Energy = -1.156673 
Averaging iterations... h=0.000000,0.000000
Done.
Final: Magnetisation = (0.015189,0.176610), Energy = -1.158117 
<M> = (0.009949,-0.003106), <E> = -1.148899 

T=1.160000	 Thermalizing iterations... 
Done.
Thermalized Magnetisation = (0.058188,-0.178083), Energy = -1.168333 
Averaging iterations... h=0.000000,0.000000
Done.
Final: Magnetisation = (-0.003174,-0.158106), Energy = -1.160847 
<M> = (0.013708,-0.027883), <E> = -1.160604 

T=1.150000	 Thermalizing iterations... 
Done.
Thermalized Magnetisation = (-0.010841,-0.094559), Energy = -1.221086 
Averaging iterations... h=0.000000,0.000000
Done.
Final: Magnetisation = (-0.021243,0.045139), Energy = -1.175406 
<M> = (0.013665,-0.014433), <E> = -1.172860 

T=1.140000	 Thermalizing iterations... 
Done.
Thermalized Magnetisation = (-0.030036,-0.034575), Energy = -1.172944 
Averaging iterations... h=0.000000,0.000000
Done.
Final: Magnetisation = (0.066420,-0.107396), Energy = -1.192934 
<M> = (0.017550,-0.017813), <E> = -1.184733 

T=1.130000	 Thermalizing iterations... 
Done.
Thermalized Magnetisation = (-0.057373,0.099481), Energy = -1.195775 
Averaging iterations... h=0.000000,0.000000
Done.
Final: Magnetisation = (0.017524,0.093908), Energy = -1.194995 
<M> = (0.011200,-0.004836), <E> = -1.193738 

T=1.120000	 Thermalizing iterations... 
Done.
Thermalized Magnetisation = (0.035089,0.048061), Energy = -1.187554 
Averaging iterations... h=0.000000,0.000000
Done.
Final: Magnetisation = (-0.042376,-0.164550), Energy = -1.209925 
<M> = (0.015027,0.000228), <E> = -1.205974 

T=1.110000	 Thermalizing iterations... 
Done.
Thermalized Magnetisation = (0.033033,-0.010914), Energy = -1.205281 
Averaging iterations... h=0.000000,0.000000
Done.
Final: Magnetisation = (0.037427,-0.015509), Energy = -1.228234 
<M> = (0.014269,0.000134), <E> = -1.216908 

T=1.100000	 Thermalizing iterations... 
Done.
Thermalized Magnetisation = (-0.033233,-0.194476), Energy = -1.237870 
Averaging iterations... h=0.000000,0.000000
Done.
Final: Magnetisation = (-0.041186,-0.063952), Energy = -1.232762 
<M> = (0.011760,0.011619), <E> = -1.230484 

T=1.090000	 Thermalizing iterations... 
Done.
Thermalized Magnetisation = (0.000461,-0.044135), Energy = -1.261886 
Averaging iterations... h=0.000000,0.000000
Done.
Final: Magnetisation = (-0.056080,0.010489), Energy = -1.241427 
<M> = (0.012381,-0.027078), <E> = -1.244344 

T=1.080000	 Thermalizing iterations... 
Done.
Thermalized Magnetisation = (0.018121,-0.091212), Energy = -1.270057 
Averaging iterations... h=0.000000,0.000000
Done.
Final: Magnetisation = (0.026294,-0.015126), Energy = -1.230732 
<M> = (0.016354,-0.036899), <E> = -1.255407 

T=1.070000	 Thermalizing iterations... 
Done.
Thermalized Magnetisation = (0.033854,0.171782), Energy = -1.270313 
Averaging iterations... h=0.000000,0.000000
Done.
Final: Magnetisation = (0.010372,0.083847), Energy = -1.247761 
<M> = (0.013760,-0.036753), <E> = -1.268349 

T=1.060000	 Thermalizing iterations... 
Done.
Thermalized Magnetisation = (0.011538,0.182619), Energy = -1.280510 
Averaging iterations... h=0.000000,0.000000
Done.
Final: Magnetisation = (0.047705,-0.309875), Energy = -1.324303 
<M> = (0.017514,-0.012228), <E> = -1.280216 

T=1.050000	 Thermalizing iterations... 
Done.
Thermalized Magnetisation = (-0.029395,0.057234), Energy = -1.296896 
Averaging iterations... h=0.000000,0.000000
Done.
Final: Magnetisation = (0.028422,-0.085820), Energy = -1.282012 
<M> = (0.019205,-0.034029), <E> = -1.292239 

T=1.040000	 Thermalizing iterations... 
Done.
Thermalized Magnetisation = (-0.063196,0.106318), Energy = -1.278500 
Averaging iterations... h=0.000000,0.000000
Done.
Final: Magnetisation = (-0.018433,-0.102336), Energy = -1.297921 
<M> = (0.009195,0.042243), <E> = -1.303443 

T=1.030000	 Thermalizing iterations... 
Done.
Thermalized Magnetisation = (-0.031814,-0.070371), Energy = -1.303400 
Averaging iterations... h=0.000000,0.000000
Done.
Final: Magnetisation = (-0.065115,0.116182), Energy = -1.332861 
<M> = (0.020462,-0.037947), <E> = -1.316356 

T=1.020000	 Thermalizing iterations... 
Done.
Thermalized Magnetisation = (0.033161,-0.033710), Energy = -1.308713 
Averaging iterations... h=0.000000,0.000000
Done.
Final: Magnetisation = (-0.058594,0.198356), Energy = -1.354657 
<M> = (0.010549,-0.044721), <E> = -1.327880 

T=1.010000	 Thermalizing iterations... 
Done.
Thermalized Magnetisation = (-0.002552,0.096243), Energy = -1.343334 
Averaging iterations... h=0.000000,0.000000
Done.
Final: Magnetisation = (0.036469,-0.139912), Energy = -1.346173 
<M> = (0.011730,-0.128541), <E> = -1.344964 

T=1.000000	 Thermalizing iterations... 
Done.
Thermalized Magnetisation = (0.038786,-0.300585), Energy = -1.355502 
Averaging iterations... h=0.000000,0.000000
Done.
Final: Magnetisation = (0.109412,-0.226170), Energy = -1.361323 
<M> = (0.016097,-0.173449), <E> = -1.359755 

T=0.990000	 Thermalizing iterations... 
Done.
Thermalized Magnetisation = (-0.008966,-0.008542), Energy = -1.368623 
Averaging iterations... h=0.000000,0.000000
Done.
Final: Magnetisation = (0.000900,-0.262529), Energy = -1.357707 
<M> = (0.031420,-0.115899), <E> = -1.367004 

T=0.980000	 Thermalizing iterations... 
Done.
Thermalized Magnetisation = (-0.015226,0.103688), Energy = -1.381113 
Averaging iterations... h=0.000000,0.000000
Done.
Final: Magnetisation = (0.020325,0.230915), Energy = -1.386467 
<M> = (0.021277,0.089868), <E> = -1.381128 

T=0.970000	 Thermalizing iterations... 
Done.
Thermalized Magnetisation = (-0.001188,-0.319534), Energy = -1.362942 
Averaging iterations... h=0.000000,0.000000
Done.
Final: Magnetisation = (-0.018609,-0.156758), Energy = -1.400050 
<M> = (0.024292,-0.202333), <E> = -1.393684 

T=0.960000	 Thermalizing iterations... 
Done.
Thermalized Magnetisation = (-0.018327,-0.415901), Energy = -1.432146 
Averaging iterations... h=0.000000,0.000000
Done.
Final: Magnetisation = (0.084653,-0.198884), Energy = -1.395675 
<M> = (0.017718,-0.334289), <E> = -1.408225 

T=0.950000	 Thermalizing iterations... 
Done.
Thermalized Magnetisation = (-0.064091,-0.448981), Energy = -1.415980 
Averaging iterations... h=0.000000,0.000000
Done.
Final: Magnetisation = (0.021884,-0.538230), Energy = -1.424850 
<M> = (0.010459,-0.417999), <E> = -1.424572 

T=0.940000	 Thermalizing iterations... 
Done.
Thermalized Magnetisation = (0.031437,-0.328434), Energy = -1.442085 
Averaging iterations... h=0.000000,0.000000
Done.
Final: Magnetisation = (-0.064695,-0.470053), Energy = -1.446813 
<M> = (0.008478,-0.469950), <E> = -1.440490 

T=0.930000	 Thermalizing iterations... 
Done.
Thermalized Magnetisation = (0.053147,-0.242001), Energy = -1.428560 
Averaging iterations... h=0.000000,0.000000
Done.
Final: Magnetisation = (-0.036021,-0.490488), Energy = -1.432099 
<M> = (0.011154,-0.500817), <E> = -1.452630 

T=0.920000	 Thermalizing iterations... 
Done.
Thermalized Magnetisation = (0.036738,-0.472281), Energy = -1.468995 
Averaging iterations... h=0.000000,0.000000
Done.
Final: Magnetisation = (0.009693,-0.555048), Energy = -1.455892 
<M> = (0.023203,-0.547393), <E> = -1.466648 

T=0.910000	 Thermalizing iterations... 
Done.
Thermalized Magnetisation = (-0.013819,-0.561142), Energy = -1.473087 
Averaging iterations... h=0.000000,0.000000
Done.
Final: Magnetisation = (0.012549,-0.510016), Energy = -1.466448 
<M> = (0.019440,-0.553497), <E> = -1.476591 

T=0.900000	 Thermalizing iterations... 
Done.
Thermalized Magnetisation = (0.038055,-0.560593), Energy = -1.489270 
Averaging iterations... h=0.000000,0.000000
Done.
Final: Magnetisation = (0.115337,-0.515315), Energy = -1.473423 
<M> = (0.019044,-0.557407), <E> = -1.485510 

T=0.890000	 Thermalizing iterations... 
Done.
Thermalized Magnetisation = (-0.019273,-0.557079), Energy = -1.487380 
Averaging iterations... h=0.000000,0.000000
Done.
Final: Magnetisation = (0.072600,-0.543252), Energy = -1.483872 
<M> = (0.007920,-0.552780), <E> = -1.493987 

T=0.880000	 Thermalizing iterations... 
Done.
Thermalized Magnetisation = (-0.034740,-0.624240), Energy = -1.506086 
Averaging iterations... h=0.000000,0.000000
Done.
Final: Magnetisation = (0.112344,-0.609975), Energy = -1.508060 
<M> = (0.018593,-0.582260), <E> = -1.506809 

T=0.870000	 Thermalizing iterations... 
Done.
Thermalized Magnetisation = (-0.003667,-0.652722), Energy = -1.553477 
Averaging iterations... h=0.000000,0.000000
Done.
Final: Magnetisation = (0.003113,-0.595348), Energy = -1.526972 
<M> = (0.014517,-0.592539), <E> = -1.516877 

T=0.860000	 Thermalizing iterations... 
Done.
Thermalized Magnetisation = (0.041530,-0.625800), Energy = -1.541930 
Averaging iterations... h=0.000000,0.000000
Done.
Final: Magnetisation = (0.028153,-0.584793), Energy = -1.522644 
<M> = (0.010351,-0.599057), <E> = -1.527198 

T=0.850000	 Thermalizing iterations... 
Done.
Thermalized Magnetisation = (-0.028607,-0.607393), Energy = -1.528728 
Averaging iterations... h=0.000000,0.000000
Done.
Final: Magnetisation = (0.009691,-0.640599), Energy = -1.529715 
<M> = (0.020765,-0.613435), <E> = -1.536829 

T=0.840000	 Thermalizing iterations... 
Done.
Thermalized Magnetisation = (-0.005748,-0.660457), Energy = -1.569162 
Averaging iterations... h=0.000000,0.000000
Done.
Final: Magnetisation = (0.019374,-0.670105), Energy = -1.580947 
<M> = (0.027011,-0.618721), <E> = -1.545175 

T=0.830000	 Thermalizing iterations... 
Done.
Thermalized Magnetisation = (0.030416,-0.585982), Energy = -1.547332 
Averaging iterations... h=0.000000,0.000000
Done.
Final: Magnetisation = (0.076058,-0.612659), Energy = -1.550914 
<M> = (0.025734,-0.622172), <E> = -1.553209 

T=0.820000	 Thermalizing iterations... 
Done.
Thermalized Magnetisation = (-0.024083,-0.634978), Energy = -1.543343 
Averaging iterations... h=0.000000,0.000000
Done.
Final: Magnetisation = (0.005947,-0.646642), Energy = -1.542899 
<M> = (0.019516,-0.628118), <E> = -1.561429 

T=0.810000	 Thermalizing iterations... 
Done.
Thermalized Magnetisation = (0.002165,-0.666092), Energy = -1.551624 
Averaging iterations... h=0.000000,0.000000
Done.
Final: Magnetisation = (-0.001542,-0.606666), Energy = -1.546224 
<M> = (0.020103,-0.639719), <E> = -1.570758 

T=0.800000	 Thermalizing iterations... 
Done.
Thermalized Magnetisation = (0.008413,-0.663278), Energy = -1.580648 
Averaging iterations... h=0.000000,0.000000
Done.
Final: Magnetisation = (0.010146,-0.661980), Energy = -1.575965 
<M> = (0.017160,-0.642422), <E> = -1.579393 

T=0.790000	 Thermalizing iterations... 
Done.
Thermalized Magnetisation = (-0.055702,-0.665241), Energy = -1.594302 
Averaging iterations... h=0.000000,0.000000
Done.
Final: Magnetisation = (0.023238,-0.629688), Energy = -1.612817 
<M> = (0.016864,-0.653987), <E> = -1.588614 

T=0.780000	 Thermalizing iterations... 
Done.
Thermalized Magnetisation = (0.036110,-0.660942), Energy = -1.597178 
Averaging iterations... h=0.000000,0.000000
Done.
Final: Magnetisation = (0.024678,-0.670888), Energy = -1.591265 
<M> = (0.021697,-0.660351), <E> = -1.596471 

T=0.770000	 Thermalizing iterations... 
Done.
Thermalized Magnetisation = (0.073347,-0.640123), Energy = -1.596383 
Averaging iterations... h=0.000000,0.000000
Done.
Final: Magnetisation = (0.002578,-0.636701), Energy = -1.590729 
<M> = (0.024068,-0.662423), <E> = -1.603870 

T=0.760000	 Thermalizing iterations... 
Done.
Thermalized Magnetisation = (0.008610,-0.674808), Energy = -1.592671 
Averaging iterations... h=0.000000,0.000000
Done.
Final: Magnetisation = (0.120023,-0.690048), Energy = -1.628384 
<M> = (0.026257,-0.664019), <E> = -1.611286 

T=0.750000	 Thermalizing iterations... 
Done.
Thermalized Magnetisation = (0.036937,-0.648732), Energy = -1.617679 
Averaging iterations... h=0.000000,0.000000
Done.
Final: Magnetisation = (0.006816,-0.684772), Energy = -1.615266 
<M> = (0.016925,-0.667401), <E> = -1.618530 

T=0.740000	 Thermalizing iterations... 
Done.
Thermalized Magnetisation = (0.047304,-0.695387), Energy = -1.638793 
Averaging iterations... h=0.000000,0.000000
Done.
Final: Magnetisation = (0.012615,-0.679780), Energy = -1.625722 
<M> = (0.017397,-0.673592), <E> = -1.625478 

T=0.730000	 Thermalizing iterations... 
Done.
Thermalized Magnetisation = (0.051147,-0.667424), Energy = -1.630336 
Averaging iterations... h=0.000000,0.000000
Done.
Final: Magnetisation = (0.022748,-0.692243), Energy = -1.620112 
<M> = (0.018870,-0.680202), <E> = -1.633767 

T=0.720000	 Thermalizing iterations... 
Done.
Thermalized Magnetisation = (0.050437,-0.684841), Energy = -1.627898 
Averaging iterations... h=0.000000,0.000000
Done.
Final: Magnetisation = (-0.006976,-0.694072), Energy = -1.642457 
<M> = (0.016965,-0.684860), <E> = -1.641361 

T=0.710000	 Thermalizing iterations... 
Done.
Thermalized Magnetisation = (0.014976,-0.699251), Energy = -1.648848 
Averaging iterations... h=0.000000,0.000000
Done.
Final: Magnetisation = (-0.000412,-0.698356), Energy = -1.668291 
<M> = (0.009178,-0.688815), <E> = -1.648808 

T=0.700000	 Thermalizing iterations... 
Done.
Thermalized Magnetisation = (-0.017495,-0.699309), Energy = -1.656685 
Averaging iterations... h=0.000000,0.000000
Done.
Final: Magnetisation = (-0.017570,-0.676508), Energy = -1.654531 
<M> = (0.011216,-0.695992), <E> = -1.656319 

T=0.690000	 Thermalizing iterations... 
Done.
Thermalized Magnetisation = (0.021060,-0.698481), Energy = -1.654802 
Averaging iterations... h=0.000000,0.000000
Done.
Final: Magnetisation = (0.005241,-0.736930), Energy = -1.662554 
<M> = (0.019871,-0.697880), <E> = -1.663025 

T=0.680000	 Thermalizing iterations... 
Done.
Thermalized Magnetisation = (-0.028777,-0.688489), Energy = -1.658689 
Averaging iterations... h=0.000000,0.000000
Done.
Final: Magnetisation = (-0.019000,-0.698586), Energy = -1.673074 
<M> = (0.027438,-0.699183), <E> = -1.669227 

T=0.670000	 Thermalizing iterations... 
Done.
Thermalized Magnetisation = (0.002321,-0.697436), Energy = -1.665662 
Averaging iterations... h=0.000000,0.000000
Done.
Final: Magnetisation = (0.068838,-0.712547), Energy = -1.686708 
<M> = (0.018921,-0.703153), <E> = -1.676115 

T=0.660000	 Thermalizing iterations... 
Done.
Thermalized Magnetisation = (-0.019094,-0.722359), Energy = -1.678275 
Averaging iterations... h=0.000000,0.000000
Done.
Final: Magnetisation = (-0.035475,-0.689769), Energy = -1.688136 
<M> = (0.020459,-0.706471), <E> = -1.683240 

T=0.650000	 Thermalizing iterations... 
Done.
Thermalized Magnetisation = (-0.030380,-0.716987), Energy = -1.698442 
Averaging iterations... h=0.000000,0.000000
Done.
Final: Magnetisation = (-0.025654,-0.719151), Energy = -1.680088 
<M> = (0.018633,-0.710370), <E> = -1.690277 

T=0.640000	 Thermalizing iterations... 
Done.
Thermalized Magnetisation = (0.013850,-0.748770), Energy = -1.715708 
Averaging iterations... h=0.000000,0.000000
Done.
Final: Magnetisation = (0.071841,-0.716691), Energy = -1.708380 
<M> = (0.013611,-0.720572), <E> = -1.697360 

T=0.630000	 Thermalizing iterations... 
Done.
Thermalized Magnetisation = (0.012081,-0.726234), Energy = -1.703316 
Averaging iterations... h=0.000000,0.000000
Done.
Final: Magnetisation = (-0.016760,-0.717686), Energy = -1.707087 
<M> = (0.013351,-0.722386), <E> = -1.703980 

T=0.620000	 Thermalizing iterations... 
Done.
Thermalized Magnetisation = (0.000201,-0.746808), Energy = -1.723891 
Averaging iterations... h=0.000000,0.000000
Done.
Final: Magnetisation = (0.067047,-0.720369), Energy = -1.718083 
<M> = (0.022262,-0.726010), <E> = -1.710469 

T=0.610000	 Thermalizing iterations... 
Done.
Thermalized Magnetisation = (-0.005152,-0.743095), Energy = -1.716252 
Averaging iterations... h=0.000000,0.000000
Done.
Final: Magnetisation = (0.003341,-0.731537), Energy = -1.718507 
<M> = (0.018532,-0.725994), <E> = -1.716411 

T=0.600000	 Thermalizing iterations... 
Done.
Thermalized Magnetisation = (0.019411,-0.719823), Energy = -1.721275 
Averaging iterations... h=0.000000,0.000000
Done.
Final: Magnetisation = (0.046437,-0.733276), Energy = -1.724818 
<M> = (0.017853,-0.729595), <E> = -1.722620 

T=0.590000	 Thermalizing iterations... 
Done.
Thermalized Magnetisation = (-0.017250,-0.727468), Energy = -1.724956 
Averaging iterations... h=0.000000,0.000000
Done.
Final: Magnetisation = (0.044064,-0.734556), Energy = -1.727048 
<M> = (0.020836,-0.730168), <E> = -1.728818 

T=0.580000	 Thermalizing iterations... 
Done.
Thermalized Magnetisation = (0.073943,-0.730782), Energy = -1.742605 
Averaging iterations... h=0.000000,0.000000
Done.
Final: Magnetisation = (0.012435,-0.754695), Energy = -1.748948 
<M> = (0.013754,-0.739448), <E> = -1.735689 

T=0.570000	 Thermalizing iterations... 
Done.
Thermalized Magnetisation = (0.007181,-0.743192), Energy = -1.743417 
Averaging iterations... h=0.000000,0.000000
Done.
Final: Magnetisation = (0.058077,-0.714592), Energy = -1.742296 
<M> = (0.014531,-0.740328), <E> = -1.742253 

T=0.560000	 Thermalizing iterations... 
Done.
Thermalized Magnetisation = (-0.001310,-0.749855), Energy = -1.749300 
Averaging iterations... h=0.000000,0.000000
Done.
Final: Magnetisation = (0.019871,-0.735258), Energy = -1.746095 
<M> = (0.011948,-0.745753), <E> = -1.748783 

T=0.550000	 Thermalizing iterations... 
Done.
Thermalized Magnetisation = (0.030921,-0.752020), Energy = -1.761066 
Averaging iterations... h=0.000000,0.000000
Done.
Final: Magnetisation = (0.010465,-0.752238), Energy = -1.759598 
<M> = (0.016971,-0.752245), <E> = -1.754982 

T=0.540000	 Thermalizing iterations... 
Done.
Thermalized Magnetisation = (0.023654,-0.734549), Energy = -1.757609 
Averaging iterations... h=0.000000,0.000000
Done.
Final: Magnetisation = (0.028519,-0.754142), Energy = -1.754308 
<M> = (0.020414,-0.751153), <E> = -1.760743 

T=0.530000	 Thermalizing iterations... 
Done.
Thermalized Magnetisation = (0.024478,-0.744831), Energy = -1.774509 
Averaging iterations... h=0.000000,0.000000
Done.
Final: Magnetisation = (0.011222,-0.750086), Energy = -1.776473 
<M> = (0.017408,-0.752752), <E> = -1.766687 

T=0.520000	 Thermalizing iterations... 
Done.
Thermalized Magnetisation = (-0.028155,-0.745454), Energy = -1.773410 
Averaging iterations... h=0.000000,0.000000
Done.
Final: Magnetisation = (0.007685,-0.739199), Energy = -1.765094 
<M> = (0.020456,-0.754675), <E> = -1.772607 

T=0.510000	 Thermalizing iterations... 
Done.
Thermalized Magnetisation = (-0.042084,-0.764814), Energy = -1.779854 
Averaging iterations... h=0.000000,0.000000
Done.
Final: Magnetisation = (0.027600,-0.769329), Energy = -1.782088 
<M> = (0.013588,-0.760744), <E> = -1.779023 

T=0.500000	 Thermalizing iterations... 
Done.
Thermalized Magnetisation = (0.000876,-0.771150), Energy = -1.790496 
Averaging iterations... h=0.000000,0.000000
Done.
Final: Magnetisation = (-0.020529,-0.763827), Energy = -1.786512 
<M> = (0.014975,-0.761982), <E> = -1.785210 

T=0.490000	 Thermalizing iterations... 
Done.
Thermalized Magnetisation = (-0.007329,-0.769376), Energy = -1.783193 
Averaging iterations... h=0.000000,0.000000
Done.
Final: Magnetisation = (0.042573,-0.767918), Energy = -1.787725 
<M> = (0.012227,-0.770784), <E> = -1.791338 

T=0.480000	 Thermalizing iterations... 
Done.
Thermalized Magnetisation = (0.056929,-0.749838), Energy = -1.799865 
Averaging iterations... h=0.000000,0.000000
Done.
Final: Magnetisation = (-0.022031,-0.765724), Energy = -1.787481 
<M> = (0.016305,-0.773527), <E> = -1.797215 

T=0.470000	 Thermalizing iterations... 
Done.
Thermalized Magnetisation = (0.084342,-0.773675), Energy = -1.805508 
Averaging iterations... h=0.000000,0.000000
Done.
Final: Magnetisation = (0.033912,-0.771649), Energy = -1.805634 
<M> = (0.016735,-0.773766), <E> = -1.803144 

T=0.460000	 Thermalizing iterations... 
Done.
Thermalized Magnetisation = (0.045063,-0.787316), Energy = -1.805138 
Averaging iterations... h=0.000000,0.000000
Done.
Final: Magnetisation = (0.003223,-0.778479), Energy = -1.797240 
<M> = (0.013720,-0.772024), <E> = -1.808458 

T=0.450000	 Thermalizing iterations... 
Done.
Thermalized Magnetisation = (0.007823,-0.786150), Energy = -1.818683 
Averaging iterations... h=0.000000,0.000000
Done.
Final: Magnetisation = (0.047917,-0.783334), Energy = -1.814395 
<M> = (0.015469,-0.777472), <E> = -1.814546 

T=0.440000	 Thermalizing iterations... 
Done.
Thermalized Magnetisation = (0.020045,-0.793084), Energy = -1.822292 
Averaging iterations... h=0.000000,0.000000
Done.
Final: Magnetisation = (0.035804,-0.765949), Energy = -1.821496 
<M> = (0.021610,-0.780293), <E> = -1.820143 

T=0.430000	 Thermalizing iterations... 
Done.
Thermalized Magnetisation = (-0.042073,-0.794969), Energy = -1.825911 
Averaging iterations... h=0.000000,0.000000
Done.
Final: Magnetisation = (-0.016038,-0.789451), Energy = -1.821467 
<M> = (0.011183,-0.785167), <E> = -1.826174 

T=0.420000	 Thermalizing iterations... 
Done.
Thermalized Magnetisation = (0.029984,-0.782400), Energy = -1.828446 
Averaging iterations... h=0.000000,0.000000
Done.
Final: Magnetisation = (0.027725,-0.780572), Energy = -1.834904 
<M> = (0.014912,-0.789403), <E> = -1.832214 

T=0.410000	 Thermalizing iterations... 
Done.
Thermalized Magnetisation = (0.060209,-0.788503), Energy = -1.838827 
Averaging iterations... h=0.000000,0.000000
Done.
Final: Magnetisation = (0.006275,-0.791497), Energy = -1.836481 
<M> = (0.013653,-0.793197), <E> = -1.838037 

T=0.400000	 Thermalizing iterations... 
Done.
Thermalized Magnetisation = (0.021583,-0.789882), Energy = -1.836336 
Averaging iterations... h=0.000000,0.000000
Done.
Final: Magnetisation = (0.020635,-0.800906), Energy = -1.841141 
<M> = (0.021399,-0.794119), <E> = -1.843611 

T=0.390000	 Thermalizing iterations... 
Done.
Thermalized Magnetisation = (0.010874,-0.788411), Energy = -1.842675 
Averaging iterations... h=0.000000,0.000000
Done.
Final: Magnetisation = (0.012423,-0.801338), Energy = -1.843103 
<M> = (0.018795,-0.796728), <E> = -1.849242 

T=0.380000	 Thermalizing iterations... 
Done.
Thermalized Magnetisation = (-0.010785,-0.797088), Energy = -1.848908 
Averaging iterations... h=0.000000,0.000000
Done.
Final: Magnetisation = (0.037119,-0.807135), Energy = -1.854096 
<M> = (0.018904,-0.797129), <E> = -1.854671 

T=0.370000	 Thermalizing iterations... 
Done.
Thermalized Magnetisation = (0.041372,-0.809262), Energy = -1.866011 
Averaging iterations... h=0.000000,0.000000
Done.
Final: Magnetisation = (0.038220,-0.795263), Energy = -1.859470 
<M> = (0.019905,-0.802199), <E> = -1.860314 

T=0.360000	 Thermalizing iterations... 
Done.
Thermalized Magnetisation = (0.024898,-0.809932), Energy = -1.866323 
Averaging iterations... h=0.000000,0.000000
Done.
Final: Magnetisation = (0.021333,-0.803741), Energy = -1.859757 
<M> = (0.020495,-0.806191), <E> = -1.866241 

T=0.350000	 Thermalizing iterations... 
Done.
Thermalized Magnetisation = (0.022377,-0.784303), Energy = -1.868479 
Averaging iterations... h=0.000000,0.000000
Done.
Final: Magnetisation = (0.019507,-0.799342), Energy = -1.866523 
<M> = (0.019486,-0.807365), <E> = -1.871687 

T=0.340000	 Thermalizing iterations... 
Done.
Thermalized Magnetisation = (0.041060,-0.821361), Energy = -1.879840 
Averaging iterations... h=0.000000,0.000000
Done.
Final: Magnetisation = (0.044576,-0.814278), Energy = -1.873239 
<M> = (0.013058,-0.813248), <E> = -1.877668 

T=0.330000	 Thermalizing iterations... 
Done.
Thermalized Magnetisation = (-0.018059,-0.815700), Energy = -1.883533 
Averaging iterations... h=0.000000,0.000000
Done.
Final: Magnetisation = (0.022178,-0.820468), Energy = -1.884169 
<M> = (0.016035,-0.815439), <E> = -1.883034 

T=0.320000	 Thermalizing iterations... 
Done.
Thermalized Magnetisation = (0.039467,-0.810828), Energy = -1.889733 
Averaging iterations... h=0.000000,0.000000
Done.
Final: Magnetisation = (0.047174,-0.827551), Energy = -1.891571 
<M> = (0.019249,-0.817479), <E> = -1.888537 

T=0.310000	 Thermalizing iterations... 
Done.
Thermalized Magnetisation = (-0.011076,-0.812521), Energy = -1.890397 
Averaging iterations... h=0.000000,0.000000
Done.
Final: Magnetisation = (0.013196,-0.818288), Energy = -1.890312 
<M> = (0.013375,-0.818830), <E> = -1.893741 

T=0.300000	 Thermalizing iterations... 
Done.
Thermalized Magnetisation = (0.021565,-0.818390), Energy = -1.899903 
Averaging iterations... h=0.000000,0.000000
Done.
Final: Magnetisation = (0.010754,-0.814097), Energy = -1.899662 
<M> = (0.016932,-0.821138), <E> = -1.899484 

T=0.290000	 Thermalizing iterations... 
Done.
Thermalized Magnetisation = (0.024450,-0.830309), Energy = -1.902593 
Averaging iterations... h=0.000000,0.000000
Done.
Final: Magnetisation = (0.021575,-0.835188), Energy = -1.902771 
<M> = (0.014770,-0.825069), <E> = -1.904720 

T=0.280000	 Thermalizing iterations... 
Done.
Thermalized Magnetisation = (-0.004536,-0.820152), Energy = -1.908358 
Averaging iterations... h=0.000000,0.000000
Done.
Final: Magnetisation = (0.013051,-0.826745), Energy = -1.908298 
<M> = (0.014919,-0.825051), <E> = -1.910275 

T=0.270000	 Thermalizing iterations... 
Done.
Thermalized Magnetisation = (-0.002940,-0.840301), Energy = -1.921211 
Averaging iterations... h=0.000000,0.000000
Done.
Final: Magnetisation = (0.030400,-0.834079), Energy = -1.912521 
<M> = (0.013211,-0.831212), <E> = -1.915954 

T=0.260000	 Thermalizing iterations... 
Done.
Thermalized Magnetisation = (-0.017877,-0.835279), Energy = -1.924785 
Averaging iterations... h=0.000000,0.000000
Done.
Final: Magnetisation = (0.034822,-0.829624), Energy = -1.922208 
<M> = (0.021512,-0.834347), <E> = -1.921363 

T=0.250000	 Thermalizing iterations... 
Done.
Thermalized Magnetisation = (0.023710,-0.833754), Energy = -1.927544 
Averaging iterations... h=0.000000,0.000000
Done.
Final: Magnetisation = (0.028824,-0.840754), Energy = -1.930407 
<M> = (0.015159,-0.835622), <E> = -1.926607 

T=0.240000	 Thermalizing iterations... 
Done.
Thermalized Magnetisation = (0.009569,-0.818965), Energy = -1.933682 
Averaging iterations... h=0.000000,0.000000
Done.
Final: Magnetisation = (0.031576,-0.844864), Energy = -1.932889 
<M> = (0.023435,-0.837367), <E> = -1.931915 

T=0.230000	 Thermalizing iterations... 
Done.
Thermalized Magnetisation = (0.003067,-0.843852), Energy = -1.936039 
Averaging iterations... h=0.000000,0.000000
Done.
Final: Magnetisation = (-0.005624,-0.844897), Energy = -1.937027 
<M> = (0.016858,-0.841513), <E> = -1.937353 

T=0.220000	 Thermalizing iterations... 
Done.
Thermalized Magnetisation = (0.041557,-0.846171), Energy = -1.939352 
Averaging iterations... h=0.000000,0.000000
Done.
Final: Magnetisation = (0.039794,-0.837691), Energy = -1.940495 
<M> = (0.020919,-0.844072), <E> = -1.942549 

T=0.210000	 Thermalizing iterations... 
Done.
Thermalized Magnetisation = (0.011755,-0.847741), Energy = -1.945207 
Averaging iterations... h=0.000000,0.000000
Done.
Final: Magnetisation = (0.032958,-0.845587), Energy = -1.948055 
<M> = (0.013975,-0.846888), <E> = -1.947902 

T=0.200000	 Thermalizing iterations... 
Done.
Thermalized Magnetisation = (0.036760,-0.850688), Energy = -1.952233 
Averaging iterations... h=0.000000,0.000000
Done.
Final: Magnetisation = (0.035870,-0.856410), Energy = -1.950169 
<M> = (0.019951,-0.849790), <E> = -1.953194 

T=0.190000	 Thermalizing iterations... 
Done.
Thermalized Magnetisation = (0.019868,-0.849315), Energy = -1.957575 
Averaging iterations... h=0.000000,0.000000
Done.
Final: Magnetisation = (0.011816,-0.851632), Energy = -1.960440 
<M> = (0.019197,-0.852133), <E> = -1.958559 

T=0.180000	 Thermalizing iterations... 
Done.
Thermalized Magnetisation = (0.015125,-0.843578), Energy = -1.966941 
Averaging iterations... h=0.000000,0.000000
Done.
Final: Magnetisation = (0.011768,-0.858551), Energy = -1.966974 
<M> = (0.016382,-0.854083), <E> = -1.963823 

T=0.170000	 Thermalizing iterations... 
Done.
Thermalized Magnetisation = (-0.004047,-0.861417), Energy = -1.966998 
Averaging iterations... h=0.000000,0.000000
Done.
Final: Magnetisation = (0.000179,-0.860129), Energy = -1.966270 
<M> = (0.019269,-0.856207), <E> = -1.969033 

T=0.160000	 Thermalizing iterations... 
Done.
Thermalized Magnetisation = (0.004870,-0.853964), Energy = -1.975513 
Averaging iterations... h=0.000000,0.000000
Done.
Final: Magnetisation = (0.008794,-0.860808), Energy = -1.975767 
<M> = (0.013213,-0.859595), <E> = -1.974235 

T=0.150000	 Thermalizing iterations... 
Done.
Thermalized Magnetisation = (0.031726,-0.859404), Energy = -1.979930 
Averaging iterations... h=0.000000,0.000000
Done.
Final: Magnetisation = (0.034389,-0.862389), Energy = -1.980309 
<M> = (0.019351,-0.860322), <E> = -1.979403 

T=0.140000	 Thermalizing iterations... 
Done.
Thermalized Magnetisation = (0.004789,-0.863502), Energy = -1.984506 
Averaging iterations... h=0.000000,0.000000
Done.
Final: Magnetisation = (0.017681,-0.865191), Energy = -1.984539 
<M> = (0.017156,-0.864144), <E> = -1.984586 

T=0.130000	 Thermalizing iterations... 
Done.
Thermalized Magnetisation = (0.023434,-0.869890), Energy = -1.992048 
Averaging iterations... h=0.000000,0.000000
Done.
Final: Magnetisation = (0.003724,-0.858862), Energy = -1.988783 
<M> = (0.014794,-0.867110), <E> = -1.989814 

T=0.120000	 Thermalizing iterations... 
Done.
Thermalized Magnetisation = (0.027037,-0.867715), Energy = -1.995611 
Averaging iterations... h=0.000000,0.000000
Done.
Final: Magnetisation = (0.030988,-0.864789), Energy = -1.994937 
<M> = (0.018818,-0.869027), <E> = -1.995098 

T=0.110000	 Thermalizing iterations... 
Done.
Thermalized Magnetisation = (0.018018,-0.870527), Energy = -2.000783 
Averaging iterations... h=0.000000,0.000000
Done.
Final: Magnetisation = (0.019082,-0.871306), Energy = -1.999073 
<M> = (0.020044,-0.873248), <E> = -2.000208 

T=0.100000	 Thermalizing iterations... 
Done.
Thermalized Magnetisation = (0.019528,-0.873677), Energy = -2.007051 
Averaging iterations... h=0.000000,0.000000
Done.
Final: Magnetisation = (0.004783,-0.874062), Energy = -2.005024 
<M> = (0.019854,-0.873304), <E> = -2.005305 

T=0.090000	 Thermalizing iterations... 
Done.
Thermalized Magnetisation = (0.029959,-0.877686), Energy = -2.009399 
Averaging iterations... h=0.000000,0.000000
Done.
Final: Magnetisation = (0.017661,-0.880571), Energy = -2.009411 
<M> = (0.020024,-0.876153), <E> = -2.010452 

T=0.080000	 Thermalizing iterations... 
Done.
Thermalized Magnetisation = (0.017006,-0.875942), Energy = -2.016386 
Averaging iterations... h=0.000000,0.000000
Done.
Final: Magnetisation = (0.007058,-0.881284), Energy = -2.016330 
<M> = (0.014541,-0.878656), <E> = -2.015495 

T=0.070000	 Thermalizing iterations... 
Done.
Thermalized Magnetisation = (0.016618,-0.880110), Energy = -2.020198 
Averaging iterations... h=0.000000,0.000000
Done.
Final: Magnetisation = (0.019083,-0.883137), Energy = -2.020171 
<M> = (0.016420,-0.881808), <E> = -2.020590 

T=0.060000	 Thermalizing iterations... 
Done.
Thermalized Magnetisation = (0.005703,-0.884202), Energy = -2.024751 
Averaging iterations... h=0.000000,0.000000
Done.
Final: Magnetisation = (0.005453,-0.883559), Energy = -2.024969 
<M> = (0.015822,-0.884103), <E> = -2.025719 

T=0.050000	 Thermalizing iterations... 
Done.
Thermalized Magnetisation = (0.015615,-0.886680), Energy = -2.031677 
Averaging iterations... h=0.000000,0.000000
Done.
Final: Magnetisation = (0.024794,-0.883273), Energy = -2.030727 
<M> = (0.017693,-0.886524), <E> = -2.030805 

T=0.040000	 Thermalizing iterations... 
Done.
Thermalized Magnetisation = (0.015423,-0.889773), Energy = -2.035476 
Averaging iterations... h=0.000000,0.000000
Done.
Final: Magnetisation = (0.021849,-0.884696), Energy = -2.035688 
<M> = (0.017930,-0.888529), <E> = -2.035848 

T=0.030000	 Thermalizing iterations... 
Done.
Thermalized Magnetisation = (0.015083,-0.894402), Energy = -2.040733 
Averaging iterations... h=0.000000,0.000000
Done.
Final: Magnetisation = (0.018516,-0.891592), Energy = -2.040705 
<M> = (0.016286,-0.891424), <E> = -2.040884 

T=0.020000	 Thermalizing iterations... 
Done.
Thermalized Magnetisation = (0.020237,-0.894249), Energy = -2.045854 
Averaging iterations... h=0.000000,0.000000
Done.
Final: Magnetisation = (0.018562,-0.892747), Energy = -2.046168 
<M> = (0.017764,-0.893420), <E> = -2.045910 

T=0.010000	 Thermalizing iterations... 
Done.
Thermalized Magnetisation = (0.018658,-0.895754), Energy = -2.051010 
Averaging iterations... h=0.000000,0.000000
Done.
Final: Magnetisation = (0.016226,-0.897573), Energy = -2.050882 
<M> = (0.019189,-0.896041), <E> = -2.050924 
Final Magnetisation = (0.016226,-0.897573), Energy = -2.050882 
------------------------

Updating all (first)black/(then)white checkerboard sites simultaneously.. 

ztne RFXY h rotating with |h|=0.000000 at T=0.000000..
loop 1

loop 2

CPU  Start Time = 3918056.217152 

CPU  End Time = 3925528.075919 

CPU Time elapsed total = 7471.858767 

real	124m31.901s
user	1991m34.819s
sys	0m49.147s
