+ cd /home/sbasak/Exercises/OpenMP/XY_code/Z2/rotating_field/trial/config/config_121
+ export OMP_NUM_THREADS=28
+ OMP_NUM_THREADS=28
+ ./a_4.out
nearest neighbor initialized. 
h loaded. 
J loaded. 
L = 128, dim_L = 2, dim_S = 2
hysteresis_MCS_multiplier = 10, hysteresis_MCS_max = 100
RAND_MAX = 2147483647.000000,
 sizeof(int) = 4,
 sizeof(long) = 8,
 sizeof(double) = 8,
 sizeof(long int) = 8,
 sizeof(short int) = 2,
 sizeof(unsigned int) = 4,
 sizeof(RAND_MAX) = 4
No. of THREADS = 28
No. of PROCESSORS = 28

0.059247,0.023392
order = ({1.000000-->-1.000000,0.000000}, 0, 1)
Initial Magnetisation = (0.059247,0.023392), Energy = 0.019779 
Cooling... 
T=2.000000	 Thermalizing iterations... 
Done.
Thermalized Magnetisation = (0.110632,-0.016274), Energy = -0.595180 
Averaging iterations... h=0.125000,0.000000
Done.
Final: Magnetisation = (0.111861,-0.037764), Energy = -0.610643 
<M> = (0.116557,-0.000263), <E> = -0.632489 

T=1.990000	 Thermalizing iterations... 
Done.
Thermalized Magnetisation = (0.076525,0.029631), Energy = -0.643106 
Averaging iterations... h=0.125000,0.000000
Done.
Final: Magnetisation = (0.101485,0.001797), Energy = -0.664788 
<M> = (0.119903,-0.001523), <E> = -0.637586 

T=1.980000	 Thermalizing iterations... 
Done.
Thermalized Magnetisation = (0.101673,0.009901), Energy = -0.658977 
Averaging iterations... h=0.125000,0.000000
Done.
Final: Magnetisation = (0.135406,0.009733), Energy = -0.642815 
<M> = (0.120651,-0.000951), <E> = -0.641788 

T=1.970000	 Thermalizing iterations... 
Done.
Thermalized Magnetisation = (0.112156,0.026654), Energy = -0.651483 
Averaging iterations... h=0.125000,0.000000
Done.
Final: Magnetisation = (0.118625,-0.057950), Energy = -0.636862 
<M> = (0.122625,-0.002114), <E> = -0.646444 

T=1.960000	 Thermalizing iterations... 
Done.
Thermalized Magnetisation = (0.118419,-0.031926), Energy = -0.672958 
Averaging iterations... h=0.125000,0.000000
Done.
Final: Magnetisation = (0.133712,0.005556), Energy = -0.657845 
<M> = (0.124712,-0.000644), <E> = -0.650250 

T=1.950000	 Thermalizing iterations... 
Done.
Thermalized Magnetisation = (0.118850,0.007585), Energy = -0.648508 
Averaging iterations... h=0.125000,0.000000
Done.
Final: Magnetisation = (0.181599,0.001891), Energy = -0.677526 
<M> = (0.126891,-0.000422), <E> = -0.654376 

T=1.940000	 Thermalizing iterations... 
Done.
Thermalized Magnetisation = (0.172000,0.000648), Energy = -0.660078 
Averaging iterations... h=0.125000,0.000000
Done.
Final: Magnetisation = (0.168508,0.036042), Energy = -0.649041 
<M> = (0.127350,-0.000190), <E> = -0.657939 

T=1.930000	 Thermalizing iterations... 
Done.
Thermalized Magnetisation = (0.145626,-0.001458), Energy = -0.672026 
Averaging iterations... h=0.125000,0.000000
Done.
Final: Magnetisation = (0.062569,0.015820), Energy = -0.617934 
<M> = (0.128423,0.000369), <E> = -0.661189 

T=1.920000	 Thermalizing iterations... 
Done.
Thermalized Magnetisation = (0.110599,0.046727), Energy = -0.690329 
Averaging iterations... h=0.125000,0.000000
Done.
Final: Magnetisation = (0.124345,-0.034838), Energy = -0.667932 
<M> = (0.131207,-0.001872), <E> = -0.666450 

T=1.910000	 Thermalizing iterations... 
Done.
Thermalized Magnetisation = (0.086754,0.002834), Energy = -0.660155 
Averaging iterations... h=0.125000,0.000000
Done.
Final: Magnetisation = (0.102275,-0.009139), Energy = -0.689383 
<M> = (0.133680,-0.001200), <E> = -0.671531 

T=1.900000	 Thermalizing iterations... 
Done.
Thermalized Magnetisation = (0.190644,0.091320), Energy = -0.683938 
Averaging iterations... h=0.125000,0.000000
Done.
Final: Magnetisation = (0.096910,-0.010154), Energy = -0.658781 
<M> = (0.135484,-0.002665), <E> = -0.676411 

T=1.890000	 Thermalizing iterations... 
Done.
Thermalized Magnetisation = (0.097055,0.016202), Energy = -0.677285 
Averaging iterations... h=0.125000,0.000000
Done.
Final: Magnetisation = (0.097393,0.010561), Energy = -0.671606 
<M> = (0.136990,-0.002677), <E> = -0.680687 

T=1.880000	 Thermalizing iterations... 
Done.
Thermalized Magnetisation = (0.150944,-0.036338), Energy = -0.691044 
Averaging iterations... h=0.125000,0.000000
Done.
Final: Magnetisation = (0.081187,0.009860), Energy = -0.685352 
<M> = (0.139916,-0.001227), <E> = -0.685521 

T=1.870000	 Thermalizing iterations... 
Done.
Thermalized Magnetisation = (0.114806,0.016687), Energy = -0.673541 
Averaging iterations... h=0.125000,0.000000
Done.
Final: Magnetisation = (0.149706,0.016390), Energy = -0.674131 
<M> = (0.141959,0.002004), <E> = -0.689292 

T=1.860000	 Thermalizing iterations... 
Done.
Thermalized Magnetisation = (0.094647,0.039138), Energy = -0.655378 
Averaging iterations... h=0.125000,0.000000
Done.
Final: Magnetisation = (0.166419,-0.037120), Energy = -0.668462 
<M> = (0.142401,0.000043), <E> = -0.693538 

T=1.850000	 Thermalizing iterations... 
Done.
Thermalized Magnetisation = (0.120002,0.091063), Energy = -0.708608 
Averaging iterations... h=0.125000,0.000000
Done.
Final: Magnetisation = (0.186175,-0.012302), Energy = -0.737419 
<M> = (0.144877,-0.000324), <E> = -0.698492 

T=1.840000	 Thermalizing iterations... 
Done.
Thermalized Magnetisation = (0.139053,0.017885), Energy = -0.696686 
Averaging iterations... h=0.125000,0.000000
Done.
Final: Magnetisation = (0.173419,-0.002784), Energy = -0.724978 
<M> = (0.148913,-0.001659), <E> = -0.704583 

T=1.830000	 Thermalizing iterations... 
Done.
Thermalized Magnetisation = (0.207689,0.002425), Energy = -0.721969 
Averaging iterations... h=0.125000,0.000000
Done.
Final: Magnetisation = (0.148394,0.039844), Energy = -0.676859 
<M> = (0.149756,-0.002647), <E> = -0.709127 

T=1.820000	 Thermalizing iterations... 
Done.
Thermalized Magnetisation = (0.144221,0.047414), Energy = -0.710226 
Averaging iterations... h=0.125000,0.000000
Done.
Final: Magnetisation = (0.164391,-0.021761), Energy = -0.709621 
<M> = (0.152724,-0.001996), <E> = -0.715023 

T=1.810000	 Thermalizing iterations... 
Done.
Thermalized Magnetisation = (0.144337,0.028405), Energy = -0.725380 
Averaging iterations... h=0.125000,0.000000
Done.
Final: Magnetisation = (0.157219,0.049703), Energy = -0.692587 
<M> = (0.157319,-0.001616), <E> = -0.720465 

T=1.800000	 Thermalizing iterations... 
Done.
Thermalized Magnetisation = (0.127543,0.003992), Energy = -0.703417 
Averaging iterations... h=0.125000,0.000000
Done.
Final: Magnetisation = (0.154803,0.044865), Energy = -0.743055 
<M> = (0.159296,-0.000199), <E> = -0.724859 

T=1.790000	 Thermalizing iterations... 
Done.
Thermalized Magnetisation = (0.174234,-0.037525), Energy = -0.728675 
Averaging iterations... h=0.125000,0.000000
Done.
Final: Magnetisation = (0.124764,-0.074824), Energy = -0.708499 
<M> = (0.160504,-0.000252), <E> = -0.729466 

T=1.780000	 Thermalizing iterations... 
Done.
Thermalized Magnetisation = (0.163572,-0.009876), Energy = -0.745556 
Averaging iterations... h=0.125000,0.000000
Done.
Final: Magnetisation = (0.183964,0.008404), Energy = -0.737308 
<M> = (0.161873,0.000527), <E> = -0.734191 

T=1.770000	 Thermalizing iterations... 
Done.
Thermalized Magnetisation = (0.174382,0.037579), Energy = -0.743092 
Averaging iterations... h=0.125000,0.000000
Done.
Final: Magnetisation = (0.153914,0.082539), Energy = -0.727796 
<M> = (0.165303,-0.003319), <E> = -0.740609 

T=1.760000	 Thermalizing iterations... 
Done.
Thermalized Magnetisation = (0.165915,0.021114), Energy = -0.775196 
Averaging iterations... h=0.125000,0.000000
Done.
Final: Magnetisation = (0.215635,-0.033631), Energy = -0.754534 
<M> = (0.168501,-0.001021), <E> = -0.746775 

T=1.750000	 Thermalizing iterations... 
Done.
Thermalized Magnetisation = (0.157039,-0.008655), Energy = -0.730657 
Averaging iterations... h=0.125000,0.000000
Done.
Final: Magnetisation = (0.232120,-0.011513), Energy = -0.746549 
<M> = (0.170567,-0.003658), <E> = -0.752101 

T=1.740000	 Thermalizing iterations... 
Done.
Thermalized Magnetisation = (0.191046,0.025064), Energy = -0.743658 
Averaging iterations... h=0.125000,0.000000
Done.
Final: Magnetisation = (0.185786,-0.023365), Energy = -0.757816 
<M> = (0.174456,-0.002612), <E> = -0.758408 

T=1.730000	 Thermalizing iterations... 
Done.
Thermalized Magnetisation = (0.197108,-0.041085), Energy = -0.783331 
Averaging iterations... h=0.125000,0.000000
Done.
Final: Magnetisation = (0.141539,-0.048549), Energy = -0.744867 
<M> = (0.178605,-0.000702), <E> = -0.764114 

T=1.720000	 Thermalizing iterations... 
Done.
Thermalized Magnetisation = (0.167331,-0.058217), Energy = -0.762282 
Averaging iterations... h=0.125000,0.000000
Done.
Final: Magnetisation = (0.177856,0.027266), Energy = -0.787855 
<M> = (0.180026,0.000546), <E> = -0.769082 

T=1.710000	 Thermalizing iterations... 
Done.
Thermalized Magnetisation = (0.213602,-0.058236), Energy = -0.816820 
Averaging iterations... h=0.125000,0.000000
Done.
Final: Magnetisation = (0.201723,-0.026570), Energy = -0.802286 
<M> = (0.182799,-0.001099), <E> = -0.774412 

T=1.700000	 Thermalizing iterations... 
Done.
Thermalized Magnetisation = (0.204505,0.030592), Energy = -0.805201 
Averaging iterations... h=0.125000,0.000000
Done.
Final: Magnetisation = (0.221252,0.024688), Energy = -0.798133 
<M> = (0.186929,0.000057), <E> = -0.781556 

T=1.690000	 Thermalizing iterations... 
Done.
Thermalized Magnetisation = (0.128259,0.024607), Energy = -0.803831 
Averaging iterations... h=0.125000,0.000000
Done.
Final: Magnetisation = (0.194163,-0.070011), Energy = -0.784215 
<M> = (0.190202,-0.001251), <E> = -0.787626 

T=1.680000	 Thermalizing iterations... 
Done.
Thermalized Magnetisation = (0.152470,-0.007838), Energy = -0.784037 
Averaging iterations... h=0.125000,0.000000
Done.
Final: Magnetisation = (0.172807,-0.102505), Energy = -0.791693 
<M> = (0.193113,-0.003874), <E> = -0.794815 

T=1.670000	 Thermalizing iterations... 
Done.
Thermalized Magnetisation = (0.182552,-0.000814), Energy = -0.798415 
Averaging iterations... h=0.125000,0.000000
Done.
Final: Magnetisation = (0.214217,-0.066008), Energy = -0.844944 
<M> = (0.197065,-0.002680), <E> = -0.801374 

T=1.660000	 Thermalizing iterations... 
Done.
Thermalized Magnetisation = (0.153419,0.003366), Energy = -0.791621 
Averaging iterations... h=0.125000,0.000000
Done.
Final: Magnetisation = (0.224634,-0.033648), Energy = -0.818405 
<M> = (0.201497,-0.002413), <E> = -0.808412 

T=1.650000	 Thermalizing iterations... 
Done.
Thermalized Magnetisation = (0.217331,-0.008637), Energy = -0.786224 
Averaging iterations... h=0.125000,0.000000
Done.
Final: Magnetisation = (0.158213,0.065031), Energy = -0.782680 
<M> = (0.205555,0.000639), <E> = -0.814280 

T=1.640000	 Thermalizing iterations... 
Done.
Thermalized Magnetisation = (0.212754,0.063410), Energy = -0.837475 
Averaging iterations... h=0.125000,0.000000
Done.
Final: Magnetisation = (0.265879,-0.038120), Energy = -0.838902 
<M> = (0.207378,0.001119), <E> = -0.820092 

T=1.630000	 Thermalizing iterations... 
Done.
Thermalized Magnetisation = (0.211067,0.010896), Energy = -0.839472 
Averaging iterations... h=0.125000,0.000000
Done.
Final: Magnetisation = (0.212995,0.044040), Energy = -0.778061 
<M> = (0.212702,-0.000213), <E> = -0.827655 

T=1.620000	 Thermalizing iterations... 
Done.
Thermalized Magnetisation = (0.234614,-0.055980), Energy = -0.827184 
Averaging iterations... h=0.125000,0.000000
Done.
Final: Magnetisation = (0.276471,-0.058155), Energy = -0.866952 
<M> = (0.215831,-0.001021), <E> = -0.834442 

T=1.610000	 Thermalizing iterations... 
Done.
Thermalized Magnetisation = (0.231705,0.046094), Energy = -0.836102 
Averaging iterations... h=0.125000,0.000000
Done.
Final: Magnetisation = (0.214351,0.093921), Energy = -0.856037 
<M> = (0.219730,-0.001996), <E> = -0.842254 

T=1.600000	 Thermalizing iterations... 
Done.
Thermalized Magnetisation = (0.237521,-0.043723), Energy = -0.881117 
Averaging iterations... h=0.125000,0.000000
Done.
Final: Magnetisation = (0.178071,0.009974), Energy = -0.807865 
<M> = (0.224225,-0.004357), <E> = -0.850056 

T=1.590000	 Thermalizing iterations... 
Done.
Thermalized Magnetisation = (0.215705,0.013922), Energy = -0.843301 
Averaging iterations... h=0.125000,0.000000
Done.
Final: Magnetisation = (0.169521,0.015574), Energy = -0.828797 
<M> = (0.228703,-0.001413), <E> = -0.857494 

T=1.580000	 Thermalizing iterations... 
Done.
Thermalized Magnetisation = (0.244183,0.001760), Energy = -0.843218 
Averaging iterations... h=0.125000,0.000000
Done.
Final: Magnetisation = (0.226218,-0.059870), Energy = -0.902917 
<M> = (0.235019,-0.000082), <E> = -0.865282 

T=1.570000	 Thermalizing iterations... 
Done.
Thermalized Magnetisation = (0.229536,0.032257), Energy = -0.887801 
Averaging iterations... h=0.125000,0.000000
Done.
Final: Magnetisation = (0.236073,0.005532), Energy = -0.880066 
<M> = (0.239002,0.000409), <E> = -0.872091 

T=1.560000	 Thermalizing iterations... 
Done.
Thermalized Magnetisation = (0.288139,-0.035448), Energy = -0.924141 
Averaging iterations... h=0.125000,0.000000
Done.
Final: Magnetisation = (0.199090,0.015212), Energy = -0.853728 
<M> = (0.241497,0.001280), <E> = -0.878484 

T=1.550000	 Thermalizing iterations... 
Done.
Thermalized Magnetisation = (0.180661,-0.020069), Energy = -0.816854 
Averaging iterations... h=0.125000,0.000000
Done.
Final: Magnetisation = (0.227604,0.012035), Energy = -0.861322 
<M> = (0.247409,-0.000824), <E> = -0.887419 

T=1.540000	 Thermalizing iterations... 
Done.
Thermalized Magnetisation = (0.245402,0.050233), Energy = -0.894129 
Averaging iterations... h=0.125000,0.000000
Done.
Final: Magnetisation = (0.219492,-0.089876), Energy = -0.897841 
<M> = (0.253041,-0.002642), <E> = -0.896278 

T=1.530000	 Thermalizing iterations... 
Done.
Thermalized Magnetisation = (0.303790,-0.016692), Energy = -0.985035 
Averaging iterations... h=0.125000,0.000000
Done.
Final: Magnetisation = (0.267707,0.042218), Energy = -0.911562 
<M> = (0.257383,-0.003269), <E> = -0.904658 

T=1.520000	 Thermalizing iterations... 
Done.
Thermalized Magnetisation = (0.287846,0.071536), Energy = -0.945190 
Averaging iterations... h=0.125000,0.000000
Done.
Final: Magnetisation = (0.241316,-0.044146), Energy = -0.901886 
<M> = (0.262078,-0.002970), <E> = -0.913261 

T=1.510000	 Thermalizing iterations... 
Done.
Thermalized Magnetisation = (0.276905,-0.019397), Energy = -0.960233 
Averaging iterations... h=0.125000,0.000000
Done.
Final: Magnetisation = (0.253575,-0.001920), Energy = -0.922403 
<M> = (0.270251,0.000222), <E> = -0.922153 

T=1.500000	 Thermalizing iterations... 
Done.
Thermalized Magnetisation = (0.316764,-0.099999), Energy = -0.956056 
Averaging iterations... h=0.125000,0.000000
Done.
Final: Magnetisation = (0.242206,-0.076916), Energy = -0.900660 
<M> = (0.274687,0.002598), <E> = -0.929977 

T=1.490000	 Thermalizing iterations... 
Done.
Thermalized Magnetisation = (0.289619,-0.008414), Energy = -0.949574 
Averaging iterations... h=0.125000,0.000000
Done.
Final: Magnetisation = (0.262249,0.089055), Energy = -0.918566 
<M> = (0.280433,0.000638), <E> = -0.938387 

T=1.480000	 Thermalizing iterations... 
Done.
Thermalized Magnetisation = (0.288129,-0.042527), Energy = -0.917241 
Averaging iterations... h=0.125000,0.000000
Done.
Final: Magnetisation = (0.307124,-0.041573), Energy = -0.946417 
<M> = (0.284092,0.001092), <E> = -0.946828 

T=1.470000	 Thermalizing iterations... 
Done.
Thermalized Magnetisation = (0.329309,0.016361), Energy = -0.992316 
Averaging iterations... h=0.125000,0.000000
Done.
Final: Magnetisation = (0.326989,-0.050249), Energy = -0.995019 
<M> = (0.292570,-0.000819), <E> = -0.957177 

T=1.460000	 Thermalizing iterations... 
Done.
Thermalized Magnetisation = (0.285330,0.077016), Energy = -0.946368 
Averaging iterations... h=0.125000,0.000000
Done.
Final: Magnetisation = (0.287543,0.020407), Energy = -0.945049 
<M> = (0.296414,-0.002122), <E> = -0.966417 

T=1.450000	 Thermalizing iterations... 
Done.
Thermalized Magnetisation = (0.303559,0.037890), Energy = -1.003239 
Averaging iterations... h=0.125000,0.000000
Done.
Final: Magnetisation = (0.259111,-0.043378), Energy = -0.952927 
<M> = (0.303721,-0.004700), <E> = -0.976813 

T=1.440000	 Thermalizing iterations... 
Done.
Thermalized Magnetisation = (0.340429,-0.039310), Energy = -1.001453 
Averaging iterations... h=0.125000,0.000000
Done.
Final: Magnetisation = (0.329766,-0.040504), Energy = -1.018543 
<M> = (0.310445,-0.004979), <E> = -0.985949 

T=1.430000	 Thermalizing iterations... 
Done.
Thermalized Magnetisation = (0.297670,-0.066407), Energy = -0.998330 
Averaging iterations... h=0.125000,0.000000
Done.
Final: Magnetisation = (0.310121,0.039934), Energy = -1.007854 
<M> = (0.317029,-0.000458), <E> = -0.995059 

T=1.420000	 Thermalizing iterations... 
Done.
Thermalized Magnetisation = (0.412358,0.043946), Energy = -1.065330 
Averaging iterations... h=0.125000,0.000000
Done.
Final: Magnetisation = (0.311389,0.003230), Energy = -0.997361 
<M> = (0.323782,0.000003), <E> = -1.005025 

T=1.410000	 Thermalizing iterations... 
Done.
Thermalized Magnetisation = (0.348981,-0.011157), Energy = -1.043802 
Averaging iterations... h=0.125000,0.000000
Done.
Final: Magnetisation = (0.303864,-0.019001), Energy = -0.999862 
<M> = (0.329009,0.004097), <E> = -1.013233 

T=1.400000	 Thermalizing iterations... 
Done.
Thermalized Magnetisation = (0.325507,-0.002668), Energy = -1.004162 
Averaging iterations... h=0.125000,0.000000
Done.
Final: Magnetisation = (0.336777,0.080529), Energy = -1.008773 
<M> = (0.336709,-0.002502), <E> = -1.025333 

T=1.390000	 Thermalizing iterations... 
Done.
Thermalized Magnetisation = (0.325698,-0.001603), Energy = -1.051704 
Averaging iterations... h=0.125000,0.000000
Done.
Final: Magnetisation = (0.354421,-0.005784), Energy = -1.058843 
<M> = (0.343525,-0.002375), <E> = -1.036337 

T=1.380000	 Thermalizing iterations... 
Done.
Thermalized Magnetisation = (0.347532,-0.015836), Energy = -1.039698 
Averaging iterations... h=0.125000,0.000000
Done.
Final: Magnetisation = (0.355008,-0.059943), Energy = -1.005754 
<M> = (0.349963,-0.004905), <E> = -1.046310 

T=1.370000	 Thermalizing iterations... 
Done.
Thermalized Magnetisation = (0.314451,-0.052130), Energy = -1.009279 
Averaging iterations... h=0.125000,0.000000
Done.
Final: Magnetisation = (0.312468,-0.038747), Energy = -1.011128 
<M> = (0.356360,-0.005187), <E> = -1.056774 

T=1.360000	 Thermalizing iterations... 
Done.
Thermalized Magnetisation = (0.362401,0.023573), Energy = -1.088871 
Averaging iterations... h=0.125000,0.000000
Done.
Final: Magnetisation = (0.409798,0.098679), Energy = -1.108513 
<M> = (0.365403,-0.003096), <E> = -1.068012 

T=1.350000	 Thermalizing iterations... 
Done.
Thermalized Magnetisation = (0.361205,0.117338), Energy = -1.066208 
Averaging iterations... h=0.125000,0.000000
Done.
Final: Magnetisation = (0.322019,0.052073), Energy = -1.048766 
<M> = (0.374726,0.003593), <E> = -1.078163 

T=1.340000	 Thermalizing iterations... 
Done.
Thermalized Magnetisation = (0.400787,0.039570), Energy = -1.146973 
Averaging iterations... h=0.125000,0.000000
Done.
Final: Magnetisation = (0.427591,-0.024401), Energy = -1.135400 
<M> = (0.379150,-0.002887), <E> = -1.087944 

T=1.330000	 Thermalizing iterations... 
Done.
Thermalized Magnetisation = (0.450004,-0.015195), Energy = -1.151379 
Averaging iterations... h=0.125000,0.000000
Done.
Final: Magnetisation = (0.400100,-0.051731), Energy = -1.106058 
<M> = (0.386920,-0.002094), <E> = -1.099095 

T=1.320000	 Thermalizing iterations... 
Done.
Thermalized Magnetisation = (0.385980,0.030937), Energy = -1.112600 
Averaging iterations... h=0.125000,0.000000
Done.
Final: Magnetisation = (0.393694,-0.025909), Energy = -1.082294 
<M> = (0.398685,-0.002647), <E> = -1.113275 

T=1.310000	 Thermalizing iterations... 
Done.
Thermalized Magnetisation = (0.461475,-0.008292), Energy = -1.180569 
Averaging iterations... h=0.125000,0.000000
Done.
Final: Magnetisation = (0.390266,0.007409), Energy = -1.127334 
<M> = (0.404458,-0.003985), <E> = -1.124342 

T=1.300000	 Thermalizing iterations... 
Done.
Thermalized Magnetisation = (0.428466,-0.007379), Energy = -1.130253 
Averaging iterations... h=0.125000,0.000000
Done.
Final: Magnetisation = (0.434061,-0.011413), Energy = -1.194603 
<M> = (0.412068,-0.003768), <E> = -1.136245 

T=1.290000	 Thermalizing iterations... 
Done.
Thermalized Magnetisation = (0.463881,-0.011420), Energy = -1.157010 
Averaging iterations... h=0.125000,0.000000
Done.
Final: Magnetisation = (0.432407,-0.043140), Energy = -1.124108 
<M> = (0.421651,-0.004293), <E> = -1.148273 

T=1.280000	 Thermalizing iterations... 
Done.
Thermalized Magnetisation = (0.418455,0.043281), Energy = -1.160812 
Averaging iterations... h=0.125000,0.000000
Done.
Final: Magnetisation = (0.409703,0.012857), Energy = -1.154576 
<M> = (0.429772,-0.002281), <E> = -1.158780 

T=1.270000	 Thermalizing iterations... 
Done.
Thermalized Magnetisation = (0.373894,0.010430), Energy = -1.125077 
Averaging iterations... h=0.125000,0.000000
Done.
Final: Magnetisation = (0.417171,0.027109), Energy = -1.158691 
<M> = (0.437319,-0.002159), <E> = -1.169305 

T=1.260000	 Thermalizing iterations... 
Done.
Thermalized Magnetisation = (0.378604,0.009640), Energy = -1.138211 
Averaging iterations... h=0.125000,0.000000
Done.
Final: Magnetisation = (0.471406,-0.030459), Energy = -1.206702 
<M> = (0.444872,-0.000781), <E> = -1.180736 

T=1.250000	 Thermalizing iterations... 
Done.
Thermalized Magnetisation = (0.460831,-0.051647), Energy = -1.231609 
Averaging iterations... h=0.125000,0.000000
Done.
Final: Magnetisation = (0.436724,0.030717), Energy = -1.185002 
<M> = (0.454290,-0.007148), <E> = -1.194074 

T=1.240000	 Thermalizing iterations... 
Done.
Thermalized Magnetisation = (0.478773,-0.019689), Energy = -1.247364 
Averaging iterations... h=0.125000,0.000000
Done.
Final: Magnetisation = (0.388529,0.010332), Energy = -1.137818 
<M> = (0.461061,0.000724), <E> = -1.205722 

T=1.230000	 Thermalizing iterations... 
Done.
Thermalized Magnetisation = (0.475294,0.074175), Energy = -1.215258 
Averaging iterations... h=0.125000,0.000000
Done.
Final: Magnetisation = (0.432610,-0.051480), Energy = -1.134821 
<M> = (0.469479,-0.008412), <E> = -1.218747 

T=1.220000	 Thermalizing iterations... 
Done.
Thermalized Magnetisation = (0.465318,-0.038706), Energy = -1.217698 
Averaging iterations... h=0.125000,0.000000
Done.
Final: Magnetisation = (0.476885,-0.040924), Energy = -1.238326 
<M> = (0.476694,-0.009310), <E> = -1.229278 

T=1.210000	 Thermalizing iterations... 
Done.
Thermalized Magnetisation = (0.460145,0.020126), Energy = -1.177958 
Averaging iterations... h=0.125000,0.000000
Done.
Final: Magnetisation = (0.458329,-0.010940), Energy = -1.257706 
<M> = (0.489004,-0.003200), <E> = -1.243212 

T=1.200000	 Thermalizing iterations... 
Done.
Thermalized Magnetisation = (0.548702,-0.046040), Energy = -1.270067 
Averaging iterations... h=0.125000,0.000000
Done.
Final: Magnetisation = (0.494085,-0.006226), Energy = -1.267374 
<M> = (0.496243,0.003339), <E> = -1.254231 

T=1.190000	 Thermalizing iterations... 
Done.
Thermalized Magnetisation = (0.505233,-0.005207), Energy = -1.244763 
Averaging iterations... h=0.125000,0.000000
Done.
Final: Magnetisation = (0.504985,-0.097483), Energy = -1.279896 
<M> = (0.503708,-0.000037), <E> = -1.265348 

T=1.180000	 Thermalizing iterations... 
Done.
Thermalized Magnetisation = (0.498489,-0.105197), Energy = -1.273278 
Averaging iterations... h=0.125000,0.000000
Done.
Final: Magnetisation = (0.487598,0.022579), Energy = -1.235997 
<M> = (0.512970,-0.002384), <E> = -1.277935 

T=1.170000	 Thermalizing iterations... 
Done.
Thermalized Magnetisation = (0.492033,0.036478), Energy = -1.289505 
Averaging iterations... h=0.125000,0.000000
Done.
Final: Magnetisation = (0.505185,0.076448), Energy = -1.268828 
<M> = (0.521780,0.003712), <E> = -1.290581 

T=1.160000	 Thermalizing iterations... 
Done.
Thermalized Magnetisation = (0.527936,-0.097925), Energy = -1.309630 
Averaging iterations... h=0.125000,0.000000
Done.
Final: Magnetisation = (0.511225,-0.105841), Energy = -1.277573 
<M> = (0.529044,-0.008784), <E> = -1.304064 

T=1.150000	 Thermalizing iterations... 
Done.
Thermalized Magnetisation = (0.540066,-0.052607), Energy = -1.361826 
Averaging iterations... h=0.125000,0.000000
Done.
Final: Magnetisation = (0.518102,0.041019), Energy = -1.297336 
<M> = (0.535903,-0.003522), <E> = -1.314807 

T=1.140000	 Thermalizing iterations... 
Done.
Thermalized Magnetisation = (0.519753,-0.060239), Energy = -1.331871 
Averaging iterations... h=0.125000,0.000000
Done.
Final: Magnetisation = (0.571413,-0.022994), Energy = -1.331786 
<M> = (0.545015,-0.009045), <E> = -1.327349 

T=1.130000	 Thermalizing iterations... 
Done.
Thermalized Magnetisation = (0.506807,0.047952), Energy = -1.284293 
Averaging iterations... h=0.125000,0.000000
Done.
Final: Magnetisation = (0.531728,0.051977), Energy = -1.336997 
<M> = (0.553755,-0.003689), <E> = -1.338822 

T=1.120000	 Thermalizing iterations... 
Done.
Thermalized Magnetisation = (0.536622,0.039121), Energy = -1.354584 
Averaging iterations... h=0.125000,0.000000
Done.
Final: Magnetisation = (0.554056,-0.155368), Energy = -1.343516 
<M> = (0.563228,0.000690), <E> = -1.350838 

T=1.110000	 Thermalizing iterations... 
Done.
Thermalized Magnetisation = (0.595775,0.016993), Energy = -1.380351 
Averaging iterations... h=0.125000,0.000000
Done.
Final: Magnetisation = (0.589365,0.013868), Energy = -1.378217 
<M> = (0.569661,0.005709), <E> = -1.361206 

T=1.100000	 Thermalizing iterations... 
Done.
Thermalized Magnetisation = (0.584250,-0.093359), Energy = -1.397828 
Averaging iterations... h=0.125000,0.000000
Done.
Final: Magnetisation = (0.593208,0.028809), Energy = -1.394330 
<M> = (0.575763,-0.002946), <E> = -1.373784 

T=1.090000	 Thermalizing iterations... 
Done.
Thermalized Magnetisation = (0.572793,-0.041809), Energy = -1.408526 
Averaging iterations... h=0.125000,0.000000
Done.
Final: Magnetisation = (0.553512,0.017650), Energy = -1.391575 
<M> = (0.583661,-0.004584), <E> = -1.385604 

T=1.080000	 Thermalizing iterations... 
Done.
Thermalized Magnetisation = (0.592676,-0.038405), Energy = -1.384465 
Averaging iterations... h=0.125000,0.000000
Done.
Final: Magnetisation = (0.603668,0.067628), Energy = -1.408144 
<M> = (0.589588,-0.010808), <E> = -1.396219 

T=1.070000	 Thermalizing iterations... 
Done.
Thermalized Magnetisation = (0.607775,0.084297), Energy = -1.415132 
Averaging iterations... h=0.125000,0.000000
Done.
Final: Magnetisation = (0.615046,0.040830), Energy = -1.397358 
<M> = (0.596920,-0.010528), <E> = -1.407813 

T=1.060000	 Thermalizing iterations... 
Done.
Thermalized Magnetisation = (0.578437,0.026420), Energy = -1.416332 
Averaging iterations... h=0.125000,0.000000
Done.
Final: Magnetisation = (0.616520,-0.045090), Energy = -1.433939 
<M> = (0.605753,-0.008396), <E> = -1.419665 

T=1.050000	 Thermalizing iterations... 
Done.
Thermalized Magnetisation = (0.635551,-0.080715), Energy = -1.467856 
Averaging iterations... h=0.125000,0.000000
Done.
Final: Magnetisation = (0.588382,0.012012), Energy = -1.402147 
<M> = (0.614205,0.009573), <E> = -1.430365 

T=1.040000	 Thermalizing iterations... 
Done.
Thermalized Magnetisation = (0.628238,0.000349), Energy = -1.444605 
Averaging iterations... h=0.125000,0.000000
Done.
Final: Magnetisation = (0.576212,0.012321), Energy = -1.415016 
<M> = (0.617543,-0.005931), <E> = -1.439501 

T=1.030000	 Thermalizing iterations... 
Done.
Thermalized Magnetisation = (0.606903,0.003719), Energy = -1.411391 
Averaging iterations... h=0.125000,0.000000
Done.
Final: Magnetisation = (0.588114,0.034419), Energy = -1.447317 
<M> = (0.624539,0.004318), <E> = -1.450999 

T=1.020000	 Thermalizing iterations... 
Done.
Thermalized Magnetisation = (0.660063,-0.040696), Energy = -1.460053 
Averaging iterations... h=0.125000,0.000000
Done.
Final: Magnetisation = (0.651204,0.009164), Energy = -1.476254 
<M> = (0.630641,-0.000158), <E> = -1.461379 

T=1.010000	 Thermalizing iterations... 
Done.
Thermalized Magnetisation = (0.631137,0.018012), Energy = -1.456560 
Averaging iterations... h=0.125000,0.000000
Done.
Final: Magnetisation = (0.647657,-0.052563), Energy = -1.489858 
<M> = (0.637574,-0.013613), <E> = -1.473613 

T=1.000000	 Thermalizing iterations... 
Done.
Thermalized Magnetisation = (0.624513,-0.046067), Energy = -1.488217 
Averaging iterations... h=0.125000,0.000000
Done.
Final: Magnetisation = (0.663593,0.069488), Energy = -1.505805 
<M> = (0.641919,-0.010229), <E> = -1.482172 

T=0.990000	 Thermalizing iterations... 
Done.
Thermalized Magnetisation = (0.623570,-0.050497), Energy = -1.500983 
Averaging iterations... h=0.125000,0.000000
Done.
Final: Magnetisation = (0.659074,-0.050371), Energy = -1.469991 
<M> = (0.649777,-0.008483), <E> = -1.493503 

T=0.980000	 Thermalizing iterations... 
Done.
Thermalized Magnetisation = (0.645998,0.084081), Energy = -1.495375 
Averaging iterations... h=0.125000,0.000000
Done.
Final: Magnetisation = (0.664055,-0.048654), Energy = -1.499806 
<M> = (0.656948,-0.001963), <E> = -1.503514 

T=0.970000	 Thermalizing iterations... 
Done.
Thermalized Magnetisation = (0.644644,0.012553), Energy = -1.480924 
Averaging iterations... h=0.125000,0.000000
Done.
Final: Magnetisation = (0.660832,0.065434), Energy = -1.510681 
<M> = (0.662597,0.006593), <E> = -1.513640 

T=0.960000	 Thermalizing iterations... 
Done.
Thermalized Magnetisation = (0.663777,-0.022249), Energy = -1.530512 
Averaging iterations... h=0.125000,0.000000
Done.
Final: Magnetisation = (0.684134,0.037002), Energy = -1.515047 
<M> = (0.667740,0.004997), <E> = -1.521651 

T=0.950000	 Thermalizing iterations... 
Done.
Thermalized Magnetisation = (0.681348,0.005628), Energy = -1.520177 
Averaging iterations... h=0.125000,0.000000
Done.
Final: Magnetisation = (0.644614,-0.019163), Energy = -1.519749 
<M> = (0.671351,-0.000974), <E> = -1.531865 

T=0.940000	 Thermalizing iterations... 
Done.
Thermalized Magnetisation = (0.694559,0.148269), Energy = -1.583354 
Averaging iterations... h=0.125000,0.000000
Done.
Final: Magnetisation = (0.676468,0.000177), Energy = -1.531561 
<M> = (0.679418,-0.000460), <E> = -1.542208 

T=0.930000	 Thermalizing iterations... 
Done.
Thermalized Magnetisation = (0.684214,0.011131), Energy = -1.531952 
Averaging iterations... h=0.125000,0.000000
Done.
Final: Magnetisation = (0.690048,-0.000171), Energy = -1.523929 
<M> = (0.683098,-0.020293), <E> = -1.550941 

T=0.920000	 Thermalizing iterations... 
Done.
Thermalized Magnetisation = (0.709581,-0.044640), Energy = -1.580833 
Averaging iterations... h=0.125000,0.000000
Done.
Final: Magnetisation = (0.655698,-0.021664), Energy = -1.527264 
<M> = (0.686185,-0.012629), <E> = -1.560326 

T=0.910000	 Thermalizing iterations... 
Done.
Thermalized Magnetisation = (0.693195,-0.024245), Energy = -1.577794 
Averaging iterations... h=0.125000,0.000000
Done.
Final: Magnetisation = (0.704315,0.085518), Energy = -1.588004 
<M> = (0.693759,0.006361), <E> = -1.569079 

T=0.900000	 Thermalizing iterations... 
Done.
Thermalized Magnetisation = (0.705083,-0.078716), Energy = -1.558190 
Averaging iterations... h=0.125000,0.000000
Done.
Final: Magnetisation = (0.697959,0.049563), Energy = -1.582381 
<M> = (0.697391,-0.016900), <E> = -1.578027 

T=0.890000	 Thermalizing iterations... 
Done.
Thermalized Magnetisation = (0.690274,-0.033413), Energy = -1.586359 
Averaging iterations... h=0.125000,0.000000
Done.
Final: Magnetisation = (0.703904,-0.022605), Energy = -1.567314 
<M> = (0.700489,0.003076), <E> = -1.585701 

T=0.880000	 Thermalizing iterations... 
Done.
Thermalized Magnetisation = (0.694478,-0.013447), Energy = -1.595964 
Averaging iterations... h=0.125000,0.000000
Done.
Final: Magnetisation = (0.717590,0.001202), Energy = -1.604321 
<M> = (0.705663,0.011103), <E> = -1.595009 

T=0.870000	 Thermalizing iterations... 
Done.
Thermalized Magnetisation = (0.730399,-0.016118), Energy = -1.614931 
Averaging iterations... h=0.125000,0.000000
Done.
Final: Magnetisation = (0.740076,-0.050510), Energy = -1.613672 
<M> = (0.711257,-0.007335), <E> = -1.603591 

T=0.860000	 Thermalizing iterations... 
Done.
Thermalized Magnetisation = (0.718158,-0.074593), Energy = -1.620984 
Averaging iterations... h=0.125000,0.000000
Done.
Final: Magnetisation = (0.722638,0.056599), Energy = -1.611597 
<M> = (0.713515,-0.020928), <E> = -1.612075 

T=0.850000	 Thermalizing iterations... 
Done.
Thermalized Magnetisation = (0.728309,-0.022061), Energy = -1.617844 
Averaging iterations... h=0.125000,0.000000
Done.
Final: Magnetisation = (0.707962,-0.013141), Energy = -1.611038 
<M> = (0.719236,-0.004857), <E> = -1.619745 

T=0.840000	 Thermalizing iterations... 
Done.
Thermalized Magnetisation = (0.721004,-0.118421), Energy = -1.642914 
Averaging iterations... h=0.125000,0.000000
Done.
Final: Magnetisation = (0.736062,-0.020269), Energy = -1.639526 
<M> = (0.722063,-0.005297), <E> = -1.627909 

T=0.830000	 Thermalizing iterations... 
Done.
Thermalized Magnetisation = (0.733749,0.141166), Energy = -1.647563 
Averaging iterations... h=0.125000,0.000000
Done.
Final: Magnetisation = (0.716969,0.000936), Energy = -1.629201 
<M> = (0.730036,0.014746), <E> = -1.636264 

T=0.820000	 Thermalizing iterations... 
Done.
Thermalized Magnetisation = (0.735550,-0.005463), Energy = -1.641551 
Averaging iterations... h=0.125000,0.000000
Done.
Final: Magnetisation = (0.748428,-0.060570), Energy = -1.636580 
<M> = (0.731864,-0.002399), <E> = -1.644023 

T=0.810000	 Thermalizing iterations... 
Done.
Thermalized Magnetisation = (0.703702,-0.074622), Energy = -1.618379 
Averaging iterations... h=0.125000,0.000000
Done.
Final: Magnetisation = (0.737292,0.060695), Energy = -1.631822 
<M> = (0.734678,-0.002381), <E> = -1.651215 

T=0.800000	 Thermalizing iterations... 
Done.
Thermalized Magnetisation = (0.721194,-0.109003), Energy = -1.648736 
Averaging iterations... h=0.125000,0.000000
Done.
Final: Magnetisation = (0.740841,-0.086142), Energy = -1.648475 
<M> = (0.738467,-0.002511), <E> = -1.659409 

T=0.790000	 Thermalizing iterations... 
Done.
Thermalized Magnetisation = (0.711730,-0.059897), Energy = -1.668804 
Averaging iterations... h=0.125000,0.000000
Done.
Final: Magnetisation = (0.723662,0.116746), Energy = -1.675605 
<M> = (0.742714,-0.007297), <E> = -1.667601 

T=0.780000	 Thermalizing iterations... 
Done.
Thermalized Magnetisation = (0.737837,0.079788), Energy = -1.655578 
Averaging iterations... h=0.125000,0.000000
Done.
Final: Magnetisation = (0.730144,-0.024774), Energy = -1.651250 
<M> = (0.745898,-0.004506), <E> = -1.674658 

T=0.770000	 Thermalizing iterations... 
Done.
Thermalized Magnetisation = (0.791832,-0.011241), Energy = -1.711337 
Averaging iterations... h=0.125000,0.000000
Done.
Final: Magnetisation = (0.766088,-0.035674), Energy = -1.683331 
<M> = (0.750196,-0.015792), <E> = -1.682152 

T=0.760000	 Thermalizing iterations... 
Done.
Thermalized Magnetisation = (0.765143,-0.046133), Energy = -1.672197 
Averaging iterations... h=0.125000,0.000000
Done.
Final: Magnetisation = (0.775696,-0.071489), Energy = -1.705126 
<M> = (0.755868,0.010178), <E> = -1.689726 

T=0.750000	 Thermalizing iterations... 
Done.
Thermalized Magnetisation = (0.749561,0.062425), Energy = -1.678072 
Averaging iterations... h=0.125000,0.000000
Done.
Final: Magnetisation = (0.753421,-0.037889), Energy = -1.697447 
<M> = (0.758332,0.018469), <E> = -1.697106 

T=0.740000	 Thermalizing iterations... 
Done.
Thermalized Magnetisation = (0.772891,-0.015990), Energy = -1.714029 
Averaging iterations... h=0.125000,0.000000
Done.
Final: Magnetisation = (0.743761,-0.123853), Energy = -1.692608 
<M> = (0.760498,-0.002116), <E> = -1.703646 

T=0.730000	 Thermalizing iterations... 
Done.
Thermalized Magnetisation = (0.770079,-0.035796), Energy = -1.696215 
Averaging iterations... h=0.125000,0.000000
Done.
Final: Magnetisation = (0.777446,-0.012218), Energy = -1.721269 
<M> = (0.764874,-0.003927), <E> = -1.710589 

T=0.720000	 Thermalizing iterations... 
Done.
Thermalized Magnetisation = (0.781522,-0.005439), Energy = -1.713223 
Averaging iterations... h=0.125000,0.000000
Done.
Final: Magnetisation = (0.764964,-0.076077), Energy = -1.719862 
<M> = (0.769342,0.004144), <E> = -1.717963 

T=0.710000	 Thermalizing iterations... 
Done.
Thermalized Magnetisation = (0.780311,-0.019223), Energy = -1.724784 
Averaging iterations... h=0.125000,0.000000
Done.
Final: Magnetisation = (0.770983,0.049312), Energy = -1.722340 
<M> = (0.771694,-0.020977), <E> = -1.725077 

T=0.700000	 Thermalizing iterations... 
Done.
Thermalized Magnetisation = (0.776309,-0.069939), Energy = -1.751918 
Averaging iterations... h=0.125000,0.000000
Done.
Final: Magnetisation = (0.764275,-0.063621), Energy = -1.721775 
<M> = (0.771870,-0.019625), <E> = -1.731343 

T=0.690000	 Thermalizing iterations... 
Done.
Thermalized Magnetisation = (0.801098,0.001140), Energy = -1.746675 
Averaging iterations... h=0.125000,0.000000
Done.
Final: Magnetisation = (0.749905,-0.137991), Energy = -1.704928 
<M> = (0.775228,-0.016600), <E> = -1.738254 

T=0.680000	 Thermalizing iterations... 
Done.
Thermalized Magnetisation = (0.804907,-0.002962), Energy = -1.759399 
Averaging iterations... h=0.125000,0.000000
Done.
Final: Magnetisation = (0.775975,0.120304), Energy = -1.739907 
<M> = (0.783504,0.013285), <E> = -1.745137 

T=0.670000	 Thermalizing iterations... 
Done.
Thermalized Magnetisation = (0.787249,0.000845), Energy = -1.763901 
Averaging iterations... h=0.125000,0.000000
Done.
Final: Magnetisation = (0.804110,0.045116), Energy = -1.761584 
<M> = (0.786305,0.005423), <E> = -1.751805 

T=0.660000	 Thermalizing iterations... 
Done.
Thermalized Magnetisation = (0.804267,0.106039), Energy = -1.760080 
Averaging iterations... h=0.125000,0.000000
Done.
Final: Magnetisation = (0.784748,0.045166), Energy = -1.755257 
<M> = (0.788228,-0.004718), <E> = -1.758077 

T=0.650000	 Thermalizing iterations... 
Done.
Thermalized Magnetisation = (0.793038,0.006965), Energy = -1.756370 
Averaging iterations... h=0.125000,0.000000
Done.
Final: Magnetisation = (0.757258,-0.024585), Energy = -1.745033 
<M> = (0.791555,0.000737), <E> = -1.765166 

T=0.640000	 Thermalizing iterations... 
Done.
Thermalized Magnetisation = (0.808545,-0.008599), Energy = -1.770538 
Averaging iterations... h=0.125000,0.000000
Done.
Final: Magnetisation = (0.815004,-0.011481), Energy = -1.766173 
<M> = (0.794572,-0.022667), <E> = -1.771615 

T=0.630000	 Thermalizing iterations... 
Done.
Thermalized Magnetisation = (0.774547,-0.056618), Energy = -1.780995 
Averaging iterations... h=0.125000,0.000000
Done.
Final: Magnetisation = (0.813213,-0.001488), Energy = -1.773659 
<M> = (0.796817,-0.007435), <E> = -1.777774 

T=0.620000	 Thermalizing iterations... 
Done.
Thermalized Magnetisation = (0.783680,0.176721), Energy = -1.789544 
Averaging iterations... h=0.125000,0.000000
Done.
Final: Magnetisation = (0.793627,-0.077470), Energy = -1.774128 
<M> = (0.800986,-0.004120), <E> = -1.784068 

T=0.610000	 Thermalizing iterations... 
Done.
Thermalized Magnetisation = (0.802255,-0.060826), Energy = -1.794046 
Averaging iterations... h=0.125000,0.000000
Done.
Final: Magnetisation = (0.809322,-0.071961), Energy = -1.784764 
<M> = (0.803921,0.017127), <E> = -1.790777 

T=0.600000	 Thermalizing iterations... 
Done.
Thermalized Magnetisation = (0.821957,-0.069576), Energy = -1.803269 
Averaging iterations... h=0.125000,0.000000
Done.
Final: Magnetisation = (0.794014,-0.053725), Energy = -1.800202 
<M> = (0.807438,0.015674), <E> = -1.797540 

T=0.590000	 Thermalizing iterations... 
Done.
Thermalized Magnetisation = (0.814628,0.000084), Energy = -1.815467 
Averaging iterations... h=0.125000,0.000000
Done.
Final: Magnetisation = (0.798587,-0.008865), Energy = -1.799484 
<M> = (0.811515,0.004195), <E> = -1.803332 

T=0.580000	 Thermalizing iterations... 
Done.
Thermalized Magnetisation = (0.813526,-0.016529), Energy = -1.821602 
Averaging iterations... h=0.125000,0.000000
Done.
Final: Magnetisation = (0.814227,0.073041), Energy = -1.820840 
<M> = (0.812868,-0.016406), <E> = -1.809575 

T=0.570000	 Thermalizing iterations... 
Done.
Thermalized Magnetisation = (0.820011,-0.054164), Energy = -1.820894 
Averaging iterations... h=0.125000,0.000000
Done.
Final: Magnetisation = (0.830048,-0.046641), Energy = -1.822716 
<M> = (0.813023,-0.011002), <E> = -1.815996 

T=0.560000	 Thermalizing iterations... 
Done.
Thermalized Magnetisation = (0.820968,-0.003488), Energy = -1.821467 
Averaging iterations... h=0.125000,0.000000
Done.
Final: Magnetisation = (0.813656,-0.016483), Energy = -1.817882 
<M> = (0.817344,-0.021619), <E> = -1.822235 

T=0.550000	 Thermalizing iterations... 
Done.
Thermalized Magnetisation = (0.822997,0.049122), Energy = -1.841218 
Averaging iterations... h=0.125000,0.000000
Done.
Final: Magnetisation = (0.822174,-0.004642), Energy = -1.833782 
<M> = (0.820083,-0.016041), <E> = -1.827811 

T=0.540000	 Thermalizing iterations... 
Done.
Thermalized Magnetisation = (0.837337,0.059045), Energy = -1.848974 
Averaging iterations... h=0.125000,0.000000
Done.
Final: Magnetisation = (0.804198,-0.093644), Energy = -1.833751 
<M> = (0.825432,0.014715), <E> = -1.833544 

T=0.530000	 Thermalizing iterations... 
Done.
Thermalized Magnetisation = (0.844468,-0.054662), Energy = -1.837979 
Averaging iterations... h=0.125000,0.000000
Done.
Final: Magnetisation = (0.815335,0.076807), Energy = -1.844051 
<M> = (0.828140,0.021270), <E> = -1.840223 

T=0.520000	 Thermalizing iterations... 
Done.
Thermalized Magnetisation = (0.831093,0.047879), Energy = -1.851747 
Averaging iterations... h=0.125000,0.000000
Done.
Final: Magnetisation = (0.840126,0.025518), Energy = -1.839627 
<M> = (0.831152,-0.004434), <E> = -1.845842 

T=0.510000	 Thermalizing iterations... 
Done.
Thermalized Magnetisation = (0.832019,-0.019411), Energy = -1.850948 
Averaging iterations... h=0.125000,0.000000
Done.
Final: Magnetisation = (0.845828,-0.058214), Energy = -1.847367 
<M> = (0.831731,-0.039650), <E> = -1.851553 

T=0.500000	 Thermalizing iterations... 
Done.
Thermalized Magnetisation = (0.816255,-0.032013), Energy = -1.847271 
Averaging iterations... h=0.125000,0.000000
Done.
Final: Magnetisation = (0.834294,-0.071726), Energy = -1.856376 
<M> = (0.835557,-0.032683), <E> = -1.857739 

T=0.490000	 Thermalizing iterations... 
Done.
Thermalized Magnetisation = (0.843897,0.029510), Energy = -1.866680 
Averaging iterations... h=0.125000,0.000000
Done.
Final: Magnetisation = (0.831022,-0.087134), Energy = -1.869568 
<M> = (0.838338,-0.016719), <E> = -1.864030 

T=0.480000	 Thermalizing iterations... 
Done.
Thermalized Magnetisation = (0.826634,-0.018188), Energy = -1.857627 
Averaging iterations... h=0.125000,0.000000
Done.
Final: Magnetisation = (0.838291,0.072550), Energy = -1.871603 
<M> = (0.837652,-0.040312), <E> = -1.869644 

T=0.470000	 Thermalizing iterations... 
Done.
Thermalized Magnetisation = (0.845338,-0.045180), Energy = -1.867402 
Averaging iterations... h=0.125000,0.000000
Done.
Final: Magnetisation = (0.844308,-0.063383), Energy = -1.881774 
<M> = (0.840293,0.000291), <E> = -1.875256 

T=0.460000	 Thermalizing iterations... 
Done.
Thermalized Magnetisation = (0.855066,-0.002035), Energy = -1.873290 
Averaging iterations... h=0.125000,0.000000
Done.
Final: Magnetisation = (0.834914,-0.039825), Energy = -1.871609 
<M> = (0.849747,0.008746), <E> = -1.881181 

T=0.450000	 Thermalizing iterations... 
Done.
Thermalized Magnetisation = (0.849736,-0.075092), Energy = -1.878853 
Averaging iterations... h=0.125000,0.000000
Done.
Final: Magnetisation = (0.860146,0.006152), Energy = -1.889343 
<M> = (0.850936,0.009602), <E> = -1.887207 

T=0.440000	 Thermalizing iterations... 
Done.
Thermalized Magnetisation = (0.868607,0.044655), Energy = -1.891500 
Averaging iterations... h=0.125000,0.000000
Done.
Final: Magnetisation = (0.834482,0.101536), Energy = -1.893203 
<M> = (0.853611,-0.007567), <E> = -1.892846 

T=0.430000	 Thermalizing iterations... 
Done.
Thermalized Magnetisation = (0.856493,0.076941), Energy = -1.899049 
Averaging iterations... h=0.125000,0.000000
Done.
Final: Magnetisation = (0.863824,-0.019399), Energy = -1.900939 
<M> = (0.856613,-0.046512), <E> = -1.898722 

T=0.420000	 Thermalizing iterations... 
Done.
Thermalized Magnetisation = (0.853398,-0.039154), Energy = -1.904988 
Averaging iterations... h=0.125000,0.000000
Done.
Final: Magnetisation = (0.844066,0.003217), Energy = -1.897935 
<M> = (0.857971,-0.036577), <E> = -1.904638 

T=0.410000	 Thermalizing iterations... 
Done.
Thermalized Magnetisation = (0.849678,0.054422), Energy = -1.911743 
Averaging iterations... h=0.125000,0.000000
Done.
Final: Magnetisation = (0.874286,-0.059114), Energy = -1.906348 
<M> = (0.862060,-0.003523), <E> = -1.910307 

T=0.400000	 Thermalizing iterations... 
Done.
Thermalized Magnetisation = (0.870681,-0.123304), Energy = -1.919423 
Averaging iterations... h=0.125000,0.000000
Done.
Final: Magnetisation = (0.853826,-0.148756), Energy = -1.919854 
<M> = (0.861513,-0.040826), <E> = -1.915724 

T=0.390000	 Thermalizing iterations... 
Done.
Thermalized Magnetisation = (0.878125,0.039888), Energy = -1.920421 
Averaging iterations... h=0.125000,0.000000
Done.
Final: Magnetisation = (0.883563,-0.046634), Energy = -1.926369 
<M> = (0.867394,0.017843), <E> = -1.920892 

T=0.380000	 Thermalizing iterations... 
Done.
Thermalized Magnetisation = (0.867882,-0.064286), Energy = -1.922849 
Averaging iterations... h=0.125000,0.000000
Done.
Final: Magnetisation = (0.873319,0.010374), Energy = -1.928371 
<M> = (0.870257,-0.038825), <E> = -1.926809 

T=0.370000	 Thermalizing iterations... 
Done.
Thermalized Magnetisation = (0.859965,-0.017943), Energy = -1.934077 
Averaging iterations... h=0.125000,0.000000
Done.
Final: Magnetisation = (0.879086,0.016946), Energy = -1.938975 
<M> = (0.873338,-0.018284), <E> = -1.932437 

T=0.360000	 Thermalizing iterations... 
Done.
Thermalized Magnetisation = (0.870761,-0.037720), Energy = -1.943368 
Averaging iterations... h=0.125000,0.000000
Done.
Final: Magnetisation = (0.877614,0.011271), Energy = -1.941380 
<M> = (0.873133,-0.041215), <E> = -1.938130 

T=0.350000	 Thermalizing iterations... 
Done.
Thermalized Magnetisation = (0.868707,-0.057758), Energy = -1.934059 
Averaging iterations... h=0.125000,0.000000
Done.
Final: Magnetisation = (0.878212,-0.025770), Energy = -1.949039 
<M> = (0.875795,-0.028260), <E> = -1.943600 

T=0.340000	 Thermalizing iterations... 
Done.
Thermalized Magnetisation = (0.885070,-0.061747), Energy = -1.950272 
Averaging iterations... h=0.125000,0.000000
Done.
Final: Magnetisation = (0.865926,-0.020157), Energy = -1.951199 
<M> = (0.878808,-0.045680), <E> = -1.949189 

T=0.330000	 Thermalizing iterations... 
Done.
Thermalized Magnetisation = (0.877430,0.058746), Energy = -1.954612 
Averaging iterations... h=0.125000,0.000000
Done.
Final: Magnetisation = (0.876439,-0.047944), Energy = -1.953578 
<M> = (0.878980,-0.010248), <E> = -1.954291 

T=0.320000	 Thermalizing iterations... 
Done.
Thermalized Magnetisation = (0.858630,-0.170663), Energy = -1.950963 
Averaging iterations... h=0.125000,0.000000
Done.
Final: Magnetisation = (0.886009,0.025850), Energy = -1.955115 
<M> = (0.883021,0.053773), <E> = -1.959957 

T=0.310000	 Thermalizing iterations... 
Done.
Thermalized Magnetisation = (0.892298,0.016947), Energy = -1.965184 
Averaging iterations... h=0.125000,0.000000
Done.
Final: Magnetisation = (0.874415,0.011444), Energy = -1.966891 
<M> = (0.887863,-0.006686), <E> = -1.965369 

T=0.300000	 Thermalizing iterations... 
Done.
Thermalized Magnetisation = (0.895427,-0.087542), Energy = -1.975028 
Averaging iterations... h=0.125000,0.000000
Done.
Final: Magnetisation = (0.906140,-0.041799), Energy = -1.969850 
<M> = (0.893541,0.005557), <E> = -1.970975 

T=0.290000	 Thermalizing iterations... 
Done.
Thermalized Magnetisation = (0.888370,0.014686), Energy = -1.970830 
Averaging iterations... h=0.125000,0.000000
Done.
Final: Magnetisation = (0.897567,-0.003119), Energy = -1.974263 
<M> = (0.892189,-0.009602), <E> = -1.976366 

T=0.280000	 Thermalizing iterations... 
Done.
Thermalized Magnetisation = (0.877440,-0.087595), Energy = -1.981165 
Averaging iterations... h=0.125000,0.000000
Done.
Final: Magnetisation = (0.904003,-0.029271), Energy = -1.987993 
<M> = (0.896295,-0.039469), <E> = -1.981819 

T=0.270000	 Thermalizing iterations... 
Done.
Thermalized Magnetisation = (0.885918,-0.038713), Energy = -1.987942 
Averaging iterations... h=0.125000,0.000000
Done.
Final: Magnetisation = (0.887959,-0.054644), Energy = -1.986022 
<M> = (0.897276,0.008513), <E> = -1.987307 

T=0.260000	 Thermalizing iterations... 
Done.
Thermalized Magnetisation = (0.897839,0.075606), Energy = -1.987037 
Averaging iterations... h=0.125000,0.000000
Done.
Final: Magnetisation = (0.892752,0.061998), Energy = -1.992816 
<M> = (0.895439,0.026734), <E> = -1.992713 

T=0.250000	 Thermalizing iterations... 
Done.
Thermalized Magnetisation = (0.905239,0.030494), Energy = -1.997739 
Averaging iterations... h=0.125000,0.000000
Done.
Final: Magnetisation = (0.902353,-0.010056), Energy = -1.995669 
<M> = (0.900466,0.026822), <E> = -1.997954 

T=0.240000	 Thermalizing iterations... 
Done.
Thermalized Magnetisation = (0.919922,0.011704), Energy = -2.006570 
Averaging iterations... h=0.125000,0.000000
Done.
Final: Magnetisation = (0.898612,-0.028529), Energy = -2.000427 
<M> = (0.908913,0.007426), <E> = -2.003084 

T=0.230000	 Thermalizing iterations... 
Done.
Thermalized Magnetisation = (0.913111,0.005765), Energy = -2.007493 
Averaging iterations... h=0.125000,0.000000
Done.
Final: Magnetisation = (0.901905,0.093246), Energy = -2.009713 
<M> = (0.906566,0.036354), <E> = -2.008716 

T=0.220000	 Thermalizing iterations... 
Done.
Thermalized Magnetisation = (0.905043,-0.090726), Energy = -2.012536 
Averaging iterations... h=0.125000,0.000000
Done.
Final: Magnetisation = (0.889878,-0.189670), Energy = -2.012203 
<M> = (0.909747,-0.085281), <E> = -2.013685 

T=0.210000	 Thermalizing iterations... 
Done.
Thermalized Magnetisation = (0.919647,-0.023325), Energy = -2.017995 
Averaging iterations... h=0.125000,0.000000
Done.
Final: Magnetisation = (0.903582,-0.041473), Energy = -2.018674 
<M> = (0.911861,-0.062558), <E> = -2.019076 

T=0.200000	 Thermalizing iterations... 
Done.
Thermalized Magnetisation = (0.905859,-0.110153), Energy = -2.025451 
Averaging iterations... h=0.125000,0.000000
Done.
Final: Magnetisation = (0.912144,-0.066501), Energy = -2.024823 
<M> = (0.914206,-0.086701), <E> = -2.024495 

T=0.190000	 Thermalizing iterations... 
Done.
Thermalized Magnetisation = (0.901444,-0.072943), Energy = -2.030017 
Averaging iterations... h=0.125000,0.000000
Done.
Final: Magnetisation = (0.916013,-0.050636), Energy = -2.030099 
<M> = (0.913323,-0.055328), <E> = -2.029844 

T=0.180000	 Thermalizing iterations... 
Done.
Thermalized Magnetisation = (0.929037,-0.093858), Energy = -2.037546 
Averaging iterations... h=0.125000,0.000000
Done.
Final: Magnetisation = (0.912260,-0.159905), Energy = -2.034466 
<M> = (0.912552,-0.147313), <E> = -2.035046 

T=0.170000	 Thermalizing iterations... 
Done.
Thermalized Magnetisation = (0.921792,-0.050109), Energy = -2.038901 
Averaging iterations... h=0.125000,0.000000
Done.
Final: Magnetisation = (0.920333,-0.008784), Energy = -2.042665 
<M> = (0.921261,-0.060562), <E> = -2.040230 

T=0.160000	 Thermalizing iterations... 
Done.
Thermalized Magnetisation = (0.914174,-0.084285), Energy = -2.044787 
Averaging iterations... h=0.125000,0.000000
Done.
Final: Magnetisation = (0.925858,0.014335), Energy = -2.043372 
<M> = (0.920175,-0.038977), <E> = -2.045473 

T=0.150000	 Thermalizing iterations... 
Done.
Thermalized Magnetisation = (0.924250,0.039268), Energy = -2.049384 
Averaging iterations... h=0.125000,0.000000
Done.
Final: Magnetisation = (0.931374,0.049289), Energy = -2.053370 
<M> = (0.923968,0.013351), <E> = -2.050527 

T=0.140000	 Thermalizing iterations... 
Done.
Thermalized Magnetisation = (0.931388,0.006098), Energy = -2.057058 
Averaging iterations... h=0.125000,0.000000
Done.
Final: Magnetisation = (0.930089,-0.009752), Energy = -2.057763 
<M> = (0.928934,0.001356), <E> = -2.055820 

T=0.130000	 Thermalizing iterations... 
Done.
Thermalized Magnetisation = (0.931784,0.006681), Energy = -2.060467 
Averaging iterations... h=0.125000,0.000000
Done.
Final: Magnetisation = (0.936531,0.031456), Energy = -2.063718 
<M> = (0.928567,0.040146), <E> = -2.060917 

T=0.120000	 Thermalizing iterations... 
Done.
Thermalized Magnetisation = (0.925807,0.097150), Energy = -2.065674 
Averaging iterations... h=0.125000,0.000000
Done.
Final: Magnetisation = (0.923940,0.071813), Energy = -2.067405 
<M> = (0.932241,0.065139), <E> = -2.066099 

T=0.110000	 Thermalizing iterations... 
Done.
Thermalized Magnetisation = (0.918657,-0.001212), Energy = -2.069922 
Averaging iterations... h=0.125000,0.000000
Done.
Final: Magnetisation = (0.936829,0.047306), Energy = -2.073162 
<M> = (0.928515,0.024312), <E> = -2.071291 

T=0.100000	 Thermalizing iterations... 
Done.
Thermalized Magnetisation = (0.935896,0.032893), Energy = -2.075370 
Averaging iterations... h=0.125000,0.000000
Done.
Final: Magnetisation = (0.931432,0.014714), Energy = -2.078249 
<M> = (0.930298,0.016733), <E> = -2.076515 

T=0.090000	 Thermalizing iterations... 
Done.
Thermalized Magnetisation = (0.934525,0.045467), Energy = -2.081791 
Averaging iterations... h=0.125000,0.000000
Done.
Final: Magnetisation = (0.934514,0.054438), Energy = -2.082515 
<M> = (0.936290,0.029511), <E> = -2.081595 

T=0.080000	 Thermalizing iterations... 
Done.
Thermalized Magnetisation = (0.937642,-0.008764), Energy = -2.087392 
Averaging iterations... h=0.125000,0.000000
Done.
Final: Magnetisation = (0.945798,0.014798), Energy = -2.087669 
<M> = (0.935366,0.016256), <E> = -2.086636 

T=0.070000	 Thermalizing iterations... 
Done.
Thermalized Magnetisation = (0.934714,0.005868), Energy = -2.092497 
Averaging iterations... h=0.125000,0.000000
Done.
Final: Magnetisation = (0.938256,0.002327), Energy = -2.089999 
<M> = (0.936432,-0.008978), <E> = -2.091834 

T=0.060000	 Thermalizing iterations... 
Done.
Thermalized Magnetisation = (0.933915,0.027256), Energy = -2.095879 
Averaging iterations... h=0.125000,0.000000
Done.
Final: Magnetisation = (0.941648,-0.020594), Energy = -2.097042 
<M> = (0.937659,0.002952), <E> = -2.096849 

T=0.050000	 Thermalizing iterations... 
Done.
Thermalized Magnetisation = (0.939841,-0.025778), Energy = -2.102264 
Averaging iterations... h=0.125000,0.000000
Done.
Final: Magnetisation = (0.946254,-0.017737), Energy = -2.101700 
<M> = (0.939874,-0.001869), <E> = -2.101936 

T=0.040000	 Thermalizing iterations... 
Done.
Thermalized Magnetisation = (0.943190,-0.027568), Energy = -2.107557 
Averaging iterations... h=0.125000,0.000000
Done.
Final: Magnetisation = (0.943218,-0.023989), Energy = -2.107108 
<M> = (0.942626,-0.012779), <E> = -2.107017 

T=0.030000	 Thermalizing iterations... 
Done.
Thermalized Magnetisation = (0.942083,0.000761), Energy = -2.111657 
Averaging iterations... h=0.125000,0.000000
Done.
Final: Magnetisation = (0.942698,0.000653), Energy = -2.112004 
<M> = (0.942789,-0.004295), <E> = -2.112031 

T=0.020000	 Thermalizing iterations... 
Done.
Thermalized Magnetisation = (0.943532,-0.006233), Energy = -2.117049 
Averaging iterations... h=0.125000,0.000000
Done.
Final: Magnetisation = (0.944990,0.008989), Energy = -2.117183 
<M> = (0.944575,0.003395), <E> = -2.117069 

T=0.010000	 Thermalizing iterations... 
Done.
Thermalized Magnetisation = (0.945807,0.000112), Energy = -2.122121 
Averaging iterations... h=0.125000,0.000000
Done.
Final: Magnetisation = (0.947714,0.004500), Energy = -2.122043 
<M> = (0.945379,0.006957), <E> = -2.122072 
Final Magnetisation = (0.947714,0.004500), Energy = -2.122043 
------------------------

Updating all (first)black/(then)white checkerboard sites simultaneously.. 

ztne RFXY h rotating with |h|=0.125000 at T=0.000000..
loop 1

loop 2

CPU  Start Time = 2980178.009462 

CPU  End Time = 2997369.832409 

CPU Time elapsed total = 17191.822947 

real	286m31.880s
user	4826m31.827s
sys	1m36.301s
