nearest neighbor initialized. 
J loaded. 
h loaded. 
L = 64, dim_L = 2, dim_S = 2
hysteresis_MCS_multiplier = 10, hysteresis_MCS_max = 100
RAND_MAX = 2147483647.000000,
 sizeof(int) = 4,
 sizeof(long) = 8,
 sizeof(double) = 8,
 sizeof(long int) = 8,
 sizeof(short int) = 2,
 sizeof(unsigned int) = 4,
 sizeof(RAND_MAX) = 4

OpenMP Active.

No. of THREADS = 24
No. of PROCESSORS = 24

0.094373,-0.023582
order = ({1.000000-->-1.000000,0.000000}, 0, 1)
Initial Magnetisation = (0.094373,-0.023582), Energy = -0.090185 
Cooling... 
T=2.000000	 Thermalizing iterations... 
Done.
Thermalized Magnetisation = (-0.040747,0.073157), Energy = -0.546050 
Averaging iterations... h=0.071429,0.000000
Done.
Final: Magnetisation = (0.051832,0.007878), Energy = -0.634710 
<M> = (0.064987,-0.000151), <E> = -0.628965 

T=1.950000	 Thermalizing iterations... 
Done.
Thermalized Magnetisation = (0.211373,-0.035188), Energy = -0.660615 
Averaging iterations... h=0.071429,0.000000
Done.
Final: Magnetisation = (0.177967,0.026436), Energy = -0.678751 
<M> = (0.070241,0.000839), <E> = -0.650224 

T=1.900000	 Thermalizing iterations... 
Done.
Thermalized Magnetisation = (0.165082,-0.135380), Energy = -0.745574 
Averaging iterations... h=0.071429,0.000000
Done.
Final: Magnetisation = (0.122079,0.019265), Energy = -0.675734 
<M> = (0.076199,-0.000384), <E> = -0.671968 

T=1.850000	 Thermalizing iterations... 
Done.
Thermalized Magnetisation = (0.097562,-0.055470), Energy = -0.695315 
Averaging iterations... h=0.071429,0.000000
Done.
Final: Magnetisation = (0.075064,0.063637), Energy = -0.672132 
<M> = (0.080440,0.000377), <E> = -0.692384 

T=1.800000	 Thermalizing iterations... 
Done.
Thermalized Magnetisation = (-0.042237,-0.076027), Energy = -0.685942 
Averaging iterations... h=0.071429,0.000000
Done.
Final: Magnetisation = (0.142201,0.050104), Energy = -0.725377 
<M> = (0.088258,-0.001038), <E> = -0.716863 

T=1.750000	 Thermalizing iterations... 
Done.
Thermalized Magnetisation = (0.126211,0.087209), Energy = -0.711581 
Averaging iterations... h=0.071429,0.000000
Done.
Final: Magnetisation = (0.040054,0.021002), Energy = -0.834117 
<M> = (0.096104,0.001655), <E> = -0.741656 

T=1.700000	 Thermalizing iterations... 
Done.
Thermalized Magnetisation = (0.161725,0.059306), Energy = -0.799172 
Averaging iterations... h=0.071429,0.000000
Done.
Final: Magnetisation = (0.133433,0.090528), Energy = -0.676172 
<M> = (0.104209,0.001110), <E> = -0.769497 

T=1.650000	 Thermalizing iterations... 
Done.
Thermalized Magnetisation = (0.044943,-0.122997), Energy = -0.776805 
Averaging iterations... h=0.071429,0.000000
Done.
Final: Magnetisation = (0.163326,0.102856), Energy = -0.913269 
<M> = (0.113902,-0.000166), <E> = -0.799076 

T=1.600000	 Thermalizing iterations... 
Done.
Thermalized Magnetisation = (0.199928,-0.097407), Energy = -0.896952 
Averaging iterations... h=0.071429,0.000000
Done.
Final: Magnetisation = (0.170294,-0.092233), Energy = -0.957990 
<M> = (0.123748,0.003458), <E> = -0.829970 

T=1.550000	 Thermalizing iterations... 
Done.
Thermalized Magnetisation = (0.258769,-0.081974), Energy = -0.852531 
Averaging iterations... h=0.071429,0.000000
Done.
Final: Magnetisation = (0.183993,-0.131777), Energy = -0.946035 
<M> = (0.139028,0.000611), <E> = -0.864430 

T=1.500000	 Thermalizing iterations... 
Done.
Thermalized Magnetisation = (0.074728,0.266264), Energy = -0.959415 
Averaging iterations... h=0.071429,0.000000
Done.
Final: Magnetisation = (0.193001,0.025912), Energy = -0.964918 
<M> = (0.157092,0.000705), <E> = -0.900386 

T=1.450000	 Thermalizing iterations... 
Done.
Thermalized Magnetisation = (0.166691,0.092096), Energy = -0.996867 
Averaging iterations... h=0.071429,0.000000
Done.
Final: Magnetisation = (0.223465,0.003509), Energy = -0.920106 
<M> = (0.171194,0.001385), <E> = -0.938717 

T=1.400000	 Thermalizing iterations... 
Done.
Thermalized Magnetisation = (0.104236,0.054922), Energy = -0.948769 
Averaging iterations... h=0.071429,0.000000
Done.
Final: Magnetisation = (0.275921,0.080096), Energy = -1.027434 
<M> = (0.195075,0.000094), <E> = -0.982691 

T=1.350000	 Thermalizing iterations... 
Done.
Thermalized Magnetisation = (0.088142,0.047255), Energy = -0.984783 
Averaging iterations... h=0.071429,0.000000
Done.
Final: Magnetisation = (0.286406,0.008068), Energy = -1.030994 
<M> = (0.217384,-0.000470), <E> = -1.028298 

T=1.300000	 Thermalizing iterations... 
Done.
Thermalized Magnetisation = (0.162772,-0.027791), Energy = -1.064820 
Averaging iterations... h=0.071429,0.000000
Done.
Final: Magnetisation = (0.311773,-0.056620), Energy = -1.082784 
<M> = (0.245153,-0.003169), <E> = -1.076822 

T=1.250000	 Thermalizing iterations... 
Done.
Thermalized Magnetisation = (0.368043,0.110162), Energy = -1.195502 
Averaging iterations... h=0.071429,0.000000
Done.
Final: Magnetisation = (0.244885,-0.053107), Energy = -1.050892 
<M> = (0.281051,-0.001665), <E> = -1.128319 

T=1.200000	 Thermalizing iterations... 
Done.
Thermalized Magnetisation = (0.423317,0.052135), Energy = -1.204430 
Averaging iterations... h=0.071429,0.000000
Done.
Final: Magnetisation = (0.366652,0.080340), Energy = -1.179945 
<M> = (0.315400,-0.003617), <E> = -1.183088 

T=1.150000	 Thermalizing iterations... 
Done.
Thermalized Magnetisation = (0.376563,-0.055115), Energy = -1.183367 
Averaging iterations... h=0.071429,0.000000
Done.
Final: Magnetisation = (0.330176,0.210115), Energy = -1.230138 
<M> = (0.355429,0.008763), <E> = -1.241181 

T=1.100000	 Thermalizing iterations... 
Done.
Thermalized Magnetisation = (0.231369,0.141631), Energy = -1.243691 
Averaging iterations... h=0.071429,0.000000
Done.
Final: Magnetisation = (0.446153,-0.021032), Energy = -1.306518 
<M> = (0.392054,0.002503), <E> = -1.298664 

T=1.050000	 Thermalizing iterations... 
Done.
Thermalized Magnetisation = (0.445395,0.179953), Energy = -1.378749 
Averaging iterations... h=0.071429,0.000000
Done.
Final: Magnetisation = (0.563131,-0.001485), Energy = -1.347585 
<M> = (0.436007,0.000589), <E> = -1.356436 

T=1.000000	 Thermalizing iterations... 
Done.
Thermalized Magnetisation = (0.497540,0.142267), Energy = -1.440954 
Averaging iterations... h=0.071429,0.000000
Done.
Final: Magnetisation = (0.378091,0.158133), Energy = -1.315010 
<M> = (0.482101,0.004970), <E> = -1.413212 

T=0.950000	 Thermalizing iterations... 
Done.
Thermalized Magnetisation = (0.568521,0.217900), Energy = -1.453734 
Averaging iterations... h=0.071429,0.000000
Done.
Final: Magnetisation = (0.597884,-0.141557), Energy = -1.430475 
<M> = (0.510940,0.009537), <E> = -1.465850 

T=0.900000	 Thermalizing iterations... 
Done.
Thermalized Magnetisation = (0.589395,0.248533), Energy = -1.533739 
Averaging iterations... h=0.071429,0.000000
Done.
Final: Magnetisation = (0.609683,-0.077281), Energy = -1.574252 
<M> = (0.544221,0.027292), <E> = -1.517052 

T=0.850000	 Thermalizing iterations... 
Done.
Thermalized Magnetisation = (0.511664,-0.262382), Energy = -1.614592 
Averaging iterations... h=0.071429,0.000000
Done.
Final: Magnetisation = (0.535499,-0.050913), Energy = -1.572155 
<M> = (0.573369,-0.003722), <E> = -1.562971 

T=0.800000	 Thermalizing iterations... 
Done.
Thermalized Magnetisation = (0.616620,0.020315), Energy = -1.592595 
Averaging iterations... h=0.071429,0.000000
Done.
Final: Magnetisation = (0.622802,0.028494), Energy = -1.607866 
<M> = (0.587654,0.009734), <E> = -1.604506 

T=0.750000	 Thermalizing iterations... 
Done.
Thermalized Magnetisation = (0.659202,0.182272), Energy = -1.620917 
Averaging iterations... h=0.071429,0.000000
Done.
Final: Magnetisation = (0.536610,-0.226657), Energy = -1.646646 
<M> = (0.611636,-0.001438), <E> = -1.643917 

T=0.700000	 Thermalizing iterations... 
Done.
Thermalized Magnetisation = (0.685414,-0.163445), Energy = -1.665829 
Averaging iterations... h=0.071429,0.000000
Done.
Final: Magnetisation = (0.686201,0.030627), Energy = -1.686216 
<M> = (0.632195,0.038766), <E> = -1.680308 

T=0.650000	 Thermalizing iterations... 
Done.
Thermalized Magnetisation = (0.655241,0.255404), Energy = -1.736765 
Averaging iterations... h=0.071429,0.000000
Done.
Final: Magnetisation = (0.640490,0.303588), Energy = -1.700479 
<M> = (0.630737,0.259106), <E> = -1.715040 

T=0.600000	 Thermalizing iterations... 
Done.
Thermalized Magnetisation = (0.687323,0.264373), Energy = -1.744542 
Averaging iterations... h=0.071429,0.000000
Done.
Final: Magnetisation = (0.609040,0.342035), Energy = -1.771442 
<M> = (0.637892,0.293429), <E> = -1.748700 

T=0.550000	 Thermalizing iterations... 
Done.
Thermalized Magnetisation = (0.686281,0.422520), Energy = -1.810008 
Averaging iterations... h=0.071429,0.000000
Done.
Final: Magnetisation = (0.661439,0.373093), Energy = -1.786824 
<M> = (0.659017,0.094405), <E> = -1.779013 

T=0.500000	 Thermalizing iterations... 
Done.
Thermalized Magnetisation = (0.680859,-0.056898), Energy = -1.803543 
Averaging iterations... h=0.071429,0.000000
Done.
Final: Magnetisation = (0.653717,0.222862), Energy = -1.794844 
<M> = (0.672999,0.170263), <E> = -1.809454 

T=0.450000	 Thermalizing iterations... 
Done.
Thermalized Magnetisation = (0.526618,0.598449), Energy = -1.842882 
Averaging iterations... h=0.071429,0.000000
Done.
Final: Magnetisation = (0.630483,0.453400), Energy = -1.845034 
<M> = (0.649525,0.401307), <E> = -1.839790 

T=0.400000	 Thermalizing iterations... 
Done.
Thermalized Magnetisation = (0.688494,0.448780), Energy = -1.878196 
Averaging iterations... h=0.071429,0.000000
Done.
Final: Magnetisation = (0.605345,0.568184), Energy = -1.860154 
<M> = (0.649606,0.465245), <E> = -1.868838 

T=0.350000	 Thermalizing iterations... 
Done.
Thermalized Magnetisation = (0.629214,0.517875), Energy = -1.894311 
Averaging iterations... h=0.071429,0.000000
Done.
Final: Magnetisation = (0.600021,0.521505), Energy = -1.883366 
<M> = (0.652637,0.491067), <E> = -1.897185 

T=0.300000	 Thermalizing iterations... 
Done.
Thermalized Magnetisation = (0.647350,0.425804), Energy = -1.930362 
Averaging iterations... h=0.071429,0.000000
Done.
Final: Magnetisation = (0.681212,0.513296), Energy = -1.915892 
<M> = (0.654346,0.511181), <E> = -1.924783 

T=0.250000	 Thermalizing iterations... 
Done.
Thermalized Magnetisation = (0.666194,0.530602), Energy = -1.958849 
Averaging iterations... h=0.071429,0.000000
Done.
Final: Magnetisation = (0.605901,0.611578), Energy = -1.956752 
<M> = (0.653683,0.545629), <E> = -1.951900 

T=0.200000	 Thermalizing iterations... 
Done.
Thermalized Magnetisation = (0.675426,0.572843), Energy = -1.976693 
Averaging iterations... h=0.071429,0.000000
Done.
Final: Magnetisation = (0.629426,0.591165), Energy = -1.976590 
<M> = (0.660160,0.566722), <E> = -1.978675 

T=0.150000	 Thermalizing iterations... 
Done.
Thermalized Magnetisation = (0.650595,0.609853), Energy = -2.002339 
Averaging iterations... h=0.071429,0.000000
Done.
Final: Magnetisation = (0.626209,0.627885), Energy = -2.007848 
<M> = (0.656954,0.594745), <E> = -2.005030 

T=0.100000	 Thermalizing iterations... 
Done.
Thermalized Magnetisation = (0.657622,0.596176), Energy = -2.025870 
Averaging iterations... h=0.071429,0.000000
Done.
Final: Magnetisation = (0.627813,0.650435), Energy = -2.031966 
<M> = (0.653831,0.620107), <E> = -2.030926 

T=0.050000	 Thermalizing iterations... 
Done.
Thermalized Magnetisation = (0.645792,0.640113), Energy = -2.054921 
Averaging iterations... h=0.071429,0.000000
Done.
Final: Magnetisation = (0.675971,0.616848), Energy = -2.055607 
<M> = (0.659466,0.635171), <E> = -2.056473 
Final Magnetisation = (0.675971,0.616848), Energy = -2.055607 
------------------------

Updating all (first)black/(then)white checkerboard sites simultaneously.. 

ztne RFXY h rotating with |h|=0.071429 at T=0.000000..
loop 1

loop 2

Cooling protocol time (from T=2.000000 to T=0.000000) = 636.897159 

CPU Time elapsed total = 636.923142 
All done - 637 seconds elapsed.
