+ cd /home/sbasak/Exercises/OpenMP/XY_code/Z2/rotating_field/trial/config/config_104
+ export OMP_NUM_THREADS=28
+ OMP_NUM_THREADS=28
+ ./a_8.out
nearest neighbor initialized. 
h loaded. 
J loaded. 
L = 128, dim_L = 2, dim_S = 2
hysteresis_MCS_multiplier = 10, hysteresis_MCS_max = 100
RAND_MAX = 2147483647.000000,
 sizeof(int) = 4,
 sizeof(long) = 8,
 sizeof(double) = 8,
 sizeof(long int) = 8,
 sizeof(short int) = 2,
 sizeof(unsigned int) = 4,
 sizeof(RAND_MAX) = 4
No. of THREADS = 28
No. of PROCESSORS = 28

0.060055,0.021926
order = ({1.000000-->-1.000000,0.000000}, 0, 1)
Initial Magnetisation = (0.060055,0.021926), Energy = 0.024182 
Cooling... 
T=2.000000	 Thermalizing iterations... 
Done.
Thermalized Magnetisation = (0.058602,-0.009669), Energy = -0.584837 
Averaging iterations... h=0.062500,0.000000
Done.
Final: Magnetisation = (0.038220,-0.034092), Energy = -0.579544 
<M> = (0.053208,-0.000254), <E> = -0.613624 

T=1.990000	 Thermalizing iterations... 
Done.
Thermalized Magnetisation = (0.016125,0.038890), Energy = -0.620496 
Averaging iterations... h=0.062500,0.000000
Done.
Final: Magnetisation = (0.032151,0.009778), Energy = -0.644676 
<M> = (0.055358,-0.001988), <E> = -0.618460 

T=1.980000	 Thermalizing iterations... 
Done.
Thermalized Magnetisation = (0.040976,0.011536), Energy = -0.637889 
Averaging iterations... h=0.062500,0.000000
Done.
Final: Magnetisation = (0.072011,-0.000152), Energy = -0.630458 
<M> = (0.054916,-0.001215), <E> = -0.622484 

T=1.970000	 Thermalizing iterations... 
Done.
Thermalized Magnetisation = (0.041125,0.030048), Energy = -0.628518 
Averaging iterations... h=0.062500,0.000000
Done.
Final: Magnetisation = (0.040351,-0.062628), Energy = -0.627115 
<M> = (0.056058,-0.002259), <E> = -0.626583 

T=1.960000	 Thermalizing iterations... 
Done.
Thermalized Magnetisation = (0.049065,-0.019618), Energy = -0.670210 
Averaging iterations... h=0.062500,0.000000
Done.
Final: Magnetisation = (0.063943,0.007721), Energy = -0.637975 
<M> = (0.058287,-0.000794), <E> = -0.629743 

T=1.950000	 Thermalizing iterations... 
Done.
Thermalized Magnetisation = (0.048651,0.010443), Energy = -0.643958 
Averaging iterations... h=0.062500,0.000000
Done.
Final: Magnetisation = (0.106589,-0.014117), Energy = -0.658704 
<M> = (0.058882,-0.000810), <E> = -0.633300 

T=1.940000	 Thermalizing iterations... 
Done.
Thermalized Magnetisation = (0.095220,-0.022805), Energy = -0.622829 
Averaging iterations... h=0.062500,0.000000
Done.
Final: Magnetisation = (0.091442,0.026409), Energy = -0.631121 
<M> = (0.057995,0.000179), <E> = -0.636677 

T=1.930000	 Thermalizing iterations... 
Done.
Thermalized Magnetisation = (0.078652,-0.001374), Energy = -0.670634 
Averaging iterations... h=0.062500,0.000000
Done.
Final: Magnetisation = (-0.015783,0.009018), Energy = -0.605916 
<M> = (0.058274,0.000468), <E> = -0.639705 

T=1.920000	 Thermalizing iterations... 
Done.
Thermalized Magnetisation = (0.040630,0.031236), Energy = -0.675789 
Averaging iterations... h=0.062500,0.000000
Done.
Final: Magnetisation = (0.053525,-0.011768), Energy = -0.658918 
<M> = (0.060002,-0.001456), <E> = -0.644618 

T=1.910000	 Thermalizing iterations... 
Done.
Thermalized Magnetisation = (0.002634,0.002043), Energy = -0.640032 
Averaging iterations... h=0.062500,0.000000
Done.
Final: Magnetisation = (0.044213,-0.020462), Energy = -0.691375 
<M> = (0.060923,-0.001023), <E> = -0.648797 

T=1.900000	 Thermalizing iterations... 
Done.
Thermalized Magnetisation = (0.137249,0.093140), Energy = -0.659472 
Averaging iterations... h=0.062500,0.000000
Done.
Final: Magnetisation = (0.030384,-0.007639), Energy = -0.629112 
<M> = (0.061622,-0.002609), <E> = -0.652999 

T=1.890000	 Thermalizing iterations... 
Done.
Thermalized Magnetisation = (0.020269,0.002660), Energy = -0.658507 
Averaging iterations... h=0.062500,0.000000
Done.
Final: Magnetisation = (0.041577,0.009397), Energy = -0.651835 
<M> = (0.062973,-0.002258), <E> = -0.657256 

T=1.880000	 Thermalizing iterations... 
Done.
Thermalized Magnetisation = (0.076359,-0.019546), Energy = -0.662895 
Averaging iterations... h=0.062500,0.000000
Done.
Final: Magnetisation = (0.010646,0.008496), Energy = -0.660311 
<M> = (0.064945,-0.001713), <E> = -0.661549 

T=1.870000	 Thermalizing iterations... 
Done.
Thermalized Magnetisation = (0.048859,0.013957), Energy = -0.656358 
Averaging iterations... h=0.062500,0.000000
Done.
Final: Magnetisation = (0.084370,0.020345), Energy = -0.662669 
<M> = (0.065792,0.001517), <E> = -0.665185 

T=1.860000	 Thermalizing iterations... 
Done.
Thermalized Magnetisation = (0.017910,0.027725), Energy = -0.604395 
Averaging iterations... h=0.062500,0.000000
Done.
Final: Magnetisation = (0.093184,-0.041160), Energy = -0.644724 
<M> = (0.064855,-0.000443), <E> = -0.669097 

T=1.850000	 Thermalizing iterations... 
Done.
Thermalized Magnetisation = (0.051208,0.073240), Energy = -0.674665 
Averaging iterations... h=0.062500,0.000000
Done.
Final: Magnetisation = (0.090729,-0.020032), Energy = -0.717224 
<M> = (0.066119,-0.000663), <E> = -0.673289 

T=1.840000	 Thermalizing iterations... 
Done.
Thermalized Magnetisation = (0.053102,0.032311), Energy = -0.665484 
Averaging iterations... h=0.062500,0.000000
Done.
Final: Magnetisation = (0.097375,-0.014274), Energy = -0.710666 
<M> = (0.069082,-0.001181), <E> = -0.678147 

T=1.830000	 Thermalizing iterations... 
Done.
Thermalized Magnetisation = (0.128368,0.007924), Energy = -0.668766 
Averaging iterations... h=0.062500,0.000000
Done.
Final: Magnetisation = (0.065286,0.046944), Energy = -0.680131 
<M> = (0.067757,-0.002743), <E> = -0.682763 

T=1.820000	 Thermalizing iterations... 
Done.
Thermalized Magnetisation = (0.073772,0.047642), Energy = -0.677314 
Averaging iterations... h=0.062500,0.000000
Done.
Final: Magnetisation = (0.083677,-0.020785), Energy = -0.677940 
<M> = (0.070462,-0.002167), <E> = -0.687934 

T=1.810000	 Thermalizing iterations... 
Done.
Thermalized Magnetisation = (0.078150,0.023574), Energy = -0.691349 
Averaging iterations... h=0.062500,0.000000
Done.
Final: Magnetisation = (0.052413,0.028548), Energy = -0.683119 
<M> = (0.073591,-0.002005), <E> = -0.692658 

T=1.800000	 Thermalizing iterations... 
Done.
Thermalized Magnetisation = (0.032216,0.000958), Energy = -0.664834 
Averaging iterations... h=0.062500,0.000000
Done.
Final: Magnetisation = (0.098410,0.040187), Energy = -0.726968 
<M> = (0.074033,-0.000032), <E> = -0.696355 

T=1.790000	 Thermalizing iterations... 
Done.
Thermalized Magnetisation = (0.076481,-0.034196), Energy = -0.690307 
Averaging iterations... h=0.062500,0.000000
Done.
Final: Magnetisation = (0.024941,-0.077165), Energy = -0.705203 
<M> = (0.073616,0.000083), <E> = -0.700628 

T=1.780000	 Thermalizing iterations... 
Done.
Thermalized Magnetisation = (0.082335,-0.021336), Energy = -0.709815 
Averaging iterations... h=0.062500,0.000000
Done.
Final: Magnetisation = (0.111114,-0.000323), Energy = -0.709145 
<M> = (0.074534,0.000251), <E> = -0.705023 

T=1.770000	 Thermalizing iterations... 
Done.
Thermalized Magnetisation = (0.081714,0.043290), Energy = -0.708023 
Averaging iterations... h=0.062500,0.000000
Done.
Final: Magnetisation = (0.079443,0.077762), Energy = -0.707570 
<M> = (0.077221,-0.002498), <E> = -0.710545 

T=1.760000	 Thermalizing iterations... 
Done.
Thermalized Magnetisation = (0.071410,0.018401), Energy = -0.761476 
Averaging iterations... h=0.062500,0.000000
Done.
Final: Magnetisation = (0.140286,-0.025804), Energy = -0.722532 
<M> = (0.077894,-0.000190), <E> = -0.715723 

T=1.750000	 Thermalizing iterations... 
Done.
Thermalized Magnetisation = (0.060790,0.027125), Energy = -0.710075 
Averaging iterations... h=0.062500,0.000000
Done.
Final: Magnetisation = (0.126240,-0.006774), Energy = -0.702582 
<M> = (0.078455,-0.002594), <E> = -0.720642 

T=1.740000	 Thermalizing iterations... 
Done.
Thermalized Magnetisation = (0.100769,0.007945), Energy = -0.708453 
Averaging iterations... h=0.062500,0.000000
Done.
Final: Magnetisation = (0.074325,-0.021566), Energy = -0.724837 
<M> = (0.080437,-0.002448), <E> = -0.726019 

T=1.730000	 Thermalizing iterations... 
Done.
Thermalized Magnetisation = (0.105898,-0.048157), Energy = -0.747216 
Averaging iterations... h=0.062500,0.000000
Done.
Final: Magnetisation = (0.023977,-0.068578), Energy = -0.730941 
<M> = (0.083557,-0.001091), <E> = -0.730950 

T=1.720000	 Thermalizing iterations... 
Done.
Thermalized Magnetisation = (0.073035,-0.055889), Energy = -0.726858 
Averaging iterations... h=0.062500,0.000000
Done.
Final: Magnetisation = (0.103817,0.015536), Energy = -0.761492 
<M> = (0.083110,0.000644), <E> = -0.734937 

T=1.710000	 Thermalizing iterations... 
Done.
Thermalized Magnetisation = (0.110652,-0.053733), Energy = -0.779318 
Averaging iterations... h=0.062500,0.000000
Done.
Final: Magnetisation = (0.103970,-0.024763), Energy = -0.762091 
<M> = (0.084549,-0.000171), <E> = -0.740141 

T=1.700000	 Thermalizing iterations... 
Done.
Thermalized Magnetisation = (0.119636,-0.006616), Energy = -0.747095 
Averaging iterations... h=0.062500,0.000000
Done.
Final: Magnetisation = (0.086875,0.024068), Energy = -0.752311 
<M> = (0.086714,-0.000803), <E> = -0.746035 

T=1.690000	 Thermalizing iterations... 
Done.
Thermalized Magnetisation = (0.007121,0.033945), Energy = -0.770319 
Averaging iterations... h=0.062500,0.000000
Done.
Final: Magnetisation = (0.088035,-0.063117), Energy = -0.762038 
<M> = (0.088596,-0.000941), <E> = -0.751576 

T=1.680000	 Thermalizing iterations... 
Done.
Thermalized Magnetisation = (0.050243,-0.011874), Energy = -0.741398 
Averaging iterations... h=0.062500,0.000000
Done.
Final: Magnetisation = (0.081461,-0.086049), Energy = -0.758924 
<M> = (0.089554,-0.002911), <E> = -0.757875 

T=1.670000	 Thermalizing iterations... 
Done.
Thermalized Magnetisation = (0.061689,-0.001239), Energy = -0.755457 
Averaging iterations... h=0.062500,0.000000
Done.
Final: Magnetisation = (0.101203,-0.086112), Energy = -0.797165 
<M> = (0.091779,-0.001400), <E> = -0.763567 

T=1.660000	 Thermalizing iterations... 
Done.
Thermalized Magnetisation = (0.043550,0.000439), Energy = -0.771482 
Averaging iterations... h=0.062500,0.000000
Done.
Final: Magnetisation = (0.105166,-0.014559), Energy = -0.786682 
<M> = (0.094165,-0.001792), <E> = -0.769139 

T=1.650000	 Thermalizing iterations... 
Done.
Thermalized Magnetisation = (0.098187,-0.023544), Energy = -0.761908 
Averaging iterations... h=0.062500,0.000000
Done.
Final: Magnetisation = (0.050614,0.081022), Energy = -0.767901 
<M> = (0.096639,0.001540), <E> = -0.774032 

T=1.640000	 Thermalizing iterations... 
Done.
Thermalized Magnetisation = (0.134056,0.054890), Energy = -0.805006 
Averaging iterations... h=0.062500,0.000000
Done.
Final: Magnetisation = (0.149782,-0.033289), Energy = -0.782798 
<M> = (0.097014,0.001239), <E> = -0.779161 

T=1.630000	 Thermalizing iterations... 
Done.
Thermalized Magnetisation = (0.100905,0.011972), Energy = -0.800429 
Averaging iterations... h=0.062500,0.000000
Done.
Final: Magnetisation = (0.103267,-0.000595), Energy = -0.740871 
<M> = (0.099567,-0.000345), <E> = -0.785232 

T=1.620000	 Thermalizing iterations... 
Done.
Thermalized Magnetisation = (0.106519,-0.078194), Energy = -0.785489 
Averaging iterations... h=0.062500,0.000000
Done.
Final: Magnetisation = (0.168373,-0.032767), Energy = -0.794639 
<M> = (0.102638,-0.001245), <E> = -0.792002 

T=1.610000	 Thermalizing iterations... 
Done.
Thermalized Magnetisation = (0.128746,0.042669), Energy = -0.819113 
Averaging iterations... h=0.062500,0.000000
Done.
Final: Magnetisation = (0.085791,0.101249), Energy = -0.822336 
<M> = (0.102609,-0.002239), <E> = -0.798431 

T=1.600000	 Thermalizing iterations... 
Done.
Thermalized Magnetisation = (0.121933,-0.041480), Energy = -0.852605 
Averaging iterations... h=0.062500,0.000000
Done.
Final: Magnetisation = (0.073605,-0.016347), Energy = -0.774404 
<M> = (0.104579,-0.004784), <E> = -0.804987 

T=1.590000	 Thermalizing iterations... 
Done.
Thermalized Magnetisation = (0.094399,0.017827), Energy = -0.776831 
Averaging iterations... h=0.062500,0.000000
Done.
Final: Magnetisation = (0.032056,0.005915), Energy = -0.785571 
<M> = (0.107942,-0.002448), <E> = -0.811086 

T=1.580000	 Thermalizing iterations... 
Done.
Thermalized Magnetisation = (0.123913,0.008462), Energy = -0.766826 
Averaging iterations... h=0.062500,0.000000
Done.
Final: Magnetisation = (0.107844,-0.048011), Energy = -0.873426 
<M> = (0.111942,-0.000447), <E> = -0.818130 

T=1.570000	 Thermalizing iterations... 
Done.
Thermalized Magnetisation = (0.110419,0.026898), Energy = -0.835826 
Averaging iterations... h=0.062500,0.000000
Done.
Final: Magnetisation = (0.100277,-0.006190), Energy = -0.808228 
<M> = (0.113086,0.000253), <E> = -0.823414 

T=1.560000	 Thermalizing iterations... 
Done.
Thermalized Magnetisation = (0.155519,-0.045107), Energy = -0.864822 
Averaging iterations... h=0.062500,0.000000
Done.
Final: Magnetisation = (0.101803,-0.008030), Energy = -0.815109 
<M> = (0.114272,0.001071), <E> = -0.829255 

T=1.550000	 Thermalizing iterations... 
Done.
Thermalized Magnetisation = (0.060532,0.005634), Energy = -0.796607 
Averaging iterations... h=0.062500,0.000000
Done.
Final: Magnetisation = (0.105268,0.003345), Energy = -0.793487 
<M> = (0.117741,0.000617), <E> = -0.836587 

T=1.540000	 Thermalizing iterations... 
Done.
Thermalized Magnetisation = (0.113770,0.070334), Energy = -0.826000 
Averaging iterations... h=0.062500,0.000000
Done.
Final: Magnetisation = (0.098195,-0.107720), Energy = -0.858979 
<M> = (0.121481,-0.001112), <E> = -0.844583 

T=1.530000	 Thermalizing iterations... 
Done.
Thermalized Magnetisation = (0.169381,-0.008290), Energy = -0.905528 
Averaging iterations... h=0.062500,0.000000
Done.
Final: Magnetisation = (0.136255,0.038444), Energy = -0.852278 
<M> = (0.122589,-0.003943), <E> = -0.851334 

T=1.520000	 Thermalizing iterations... 
Done.
Thermalized Magnetisation = (0.183948,0.082318), Energy = -0.881250 
Averaging iterations... h=0.062500,0.000000
Done.
Final: Magnetisation = (0.074843,-0.025917), Energy = -0.848023 
<M> = (0.125632,-0.002847), <E> = -0.858436 

T=1.510000	 Thermalizing iterations... 
Done.
Thermalized Magnetisation = (0.142170,0.006196), Energy = -0.902391 
Averaging iterations... h=0.062500,0.000000
Done.
Final: Magnetisation = (0.116476,0.006019), Energy = -0.859369 
<M> = (0.131471,-0.002091), <E> = -0.866118 

T=1.500000	 Thermalizing iterations... 
Done.
Thermalized Magnetisation = (0.189636,-0.093667), Energy = -0.897067 
Averaging iterations... h=0.062500,0.000000
Done.
Final: Magnetisation = (0.093930,-0.062991), Energy = -0.855740 
<M> = (0.132832,0.002214), <E> = -0.872414 

T=1.490000	 Thermalizing iterations... 
Done.
Thermalized Magnetisation = (0.154302,-0.017135), Energy = -0.860182 
Averaging iterations... h=0.062500,0.000000
Done.
Final: Magnetisation = (0.103312,0.085159), Energy = -0.866728 
<M> = (0.135464,0.001599), <E> = -0.879332 

T=1.480000	 Thermalizing iterations... 
Done.
Thermalized Magnetisation = (0.139719,-0.062687), Energy = -0.867141 
Averaging iterations... h=0.062500,0.000000
Done.
Final: Magnetisation = (0.171495,-0.010610), Energy = -0.878253 
<M> = (0.136833,0.002463), <E> = -0.886715 

T=1.470000	 Thermalizing iterations... 
Done.
Thermalized Magnetisation = (0.156512,0.005941), Energy = -0.905396 
Averaging iterations... h=0.062500,0.000000
Done.
Final: Magnetisation = (0.167823,-0.011206), Energy = -0.911311 
<M> = (0.142814,-0.000556), <E> = -0.895406 

T=1.460000	 Thermalizing iterations... 
Done.
Thermalized Magnetisation = (0.137509,0.075249), Energy = -0.914049 
Averaging iterations... h=0.062500,0.000000
Done.
Final: Magnetisation = (0.150859,0.023822), Energy = -0.892599 
<M> = (0.144546,-0.002109), <E> = -0.903871 

T=1.450000	 Thermalizing iterations... 
Done.
Thermalized Magnetisation = (0.145165,0.030116), Energy = -0.925942 
Averaging iterations... h=0.062500,0.000000
Done.
Final: Magnetisation = (0.116651,-0.047078), Energy = -0.908908 
<M> = (0.149258,-0.006536), <E> = -0.912536 

T=1.440000	 Thermalizing iterations... 
Done.
Thermalized Magnetisation = (0.179164,-0.054271), Energy = -0.938429 
Averaging iterations... h=0.062500,0.000000
Done.
Final: Magnetisation = (0.190055,-0.017677), Energy = -0.957025 
<M> = (0.154071,-0.007127), <E> = -0.920404 

T=1.430000	 Thermalizing iterations... 
Done.
Thermalized Magnetisation = (0.141258,-0.049391), Energy = -0.948378 
Averaging iterations... h=0.062500,0.000000
Done.
Final: Magnetisation = (0.139537,0.012000), Energy = -0.928570 
<M> = (0.158490,0.000368), <E> = -0.927567 

T=1.420000	 Thermalizing iterations... 
Done.
Thermalized Magnetisation = (0.265884,0.038847), Energy = -0.967332 
Averaging iterations... h=0.062500,0.000000
Done.
Final: Magnetisation = (0.150300,-0.050860), Energy = -0.926961 
<M> = (0.160230,0.001863), <E> = -0.935094 

T=1.410000	 Thermalizing iterations... 
Done.
Thermalized Magnetisation = (0.172572,0.002968), Energy = -0.953588 
Averaging iterations... h=0.062500,0.000000
Done.
Final: Magnetisation = (0.137949,-0.024421), Energy = -0.957353 
<M> = (0.162430,0.003827), <E> = -0.942344 

T=1.400000	 Thermalizing iterations... 
Done.
Thermalized Magnetisation = (0.164706,-0.038514), Energy = -0.914955 
Averaging iterations... h=0.062500,0.000000
Done.
Final: Magnetisation = (0.178805,0.114160), Energy = -0.919793 
<M> = (0.167859,-0.003093), <E> = -0.952968 

T=1.390000	 Thermalizing iterations... 
Done.
Thermalized Magnetisation = (0.142987,0.003468), Energy = -0.975852 
Averaging iterations... h=0.062500,0.000000
Done.
Final: Magnetisation = (0.184457,0.001633), Energy = -0.992308 
<M> = (0.172626,-0.002398), <E> = -0.962390 

T=1.380000	 Thermalizing iterations... 
Done.
Thermalized Magnetisation = (0.173653,-0.010216), Energy = -0.943013 
Averaging iterations... h=0.062500,0.000000
Done.
Final: Magnetisation = (0.172610,-0.078275), Energy = -0.948738 
<M> = (0.176636,-0.008593), <E> = -0.971395 

T=1.370000	 Thermalizing iterations... 
Done.
Thermalized Magnetisation = (0.108552,-0.065983), Energy = -0.947824 
Averaging iterations... h=0.062500,0.000000
Done.
Final: Magnetisation = (0.130434,-0.057888), Energy = -0.931986 
<M> = (0.180502,-0.005344), <E> = -0.980145 

T=1.360000	 Thermalizing iterations... 
Done.
Thermalized Magnetisation = (0.163898,0.027654), Energy = -1.008971 
Averaging iterations... h=0.062500,0.000000
Done.
Final: Magnetisation = (0.257956,0.096542), Energy = -1.044520 
<M> = (0.189226,-0.002833), <E> = -0.989398 

T=1.350000	 Thermalizing iterations... 
Done.
Thermalized Magnetisation = (0.198268,0.118458), Energy = -0.985208 
Averaging iterations... h=0.062500,0.000000
Done.
Final: Magnetisation = (0.144884,0.054751), Energy = -0.967348 
<M> = (0.193553,0.004465), <E> = -0.997040 

T=1.340000	 Thermalizing iterations... 
Done.
Thermalized Magnetisation = (0.289831,0.032167), Energy = -1.077304 
Averaging iterations... h=0.062500,0.000000
Done.
Final: Magnetisation = (0.232909,-0.046335), Energy = -1.032535 
<M> = (0.195222,-0.000980), <E> = -1.006535 

T=1.330000	 Thermalizing iterations... 
Done.
Thermalized Magnetisation = (0.285120,0.010306), Energy = -1.071514 
Averaging iterations... h=0.062500,0.000000
Done.
Final: Magnetisation = (0.211664,-0.048238), Energy = -1.036852 
<M> = (0.200058,0.000798), <E> = -1.016988 

T=1.320000	 Thermalizing iterations... 
Done.
Thermalized Magnetisation = (0.227376,-0.016124), Energy = -1.049166 
Averaging iterations... h=0.062500,0.000000
Done.
Final: Magnetisation = (0.190468,-0.038479), Energy = -0.988730 
<M> = (0.210274,-0.003548), <E> = -1.027796 

T=1.310000	 Thermalizing iterations... 
Done.
Thermalized Magnetisation = (0.277487,-0.001577), Energy = -1.066483 
Averaging iterations... h=0.062500,0.000000
Done.
Final: Magnetisation = (0.191760,0.000845), Energy = -1.055908 
<M> = (0.214853,-0.005513), <E> = -1.038701 

T=1.300000	 Thermalizing iterations... 
Done.
Thermalized Magnetisation = (0.169819,-0.042191), Energy = -1.031747 
Averaging iterations... h=0.062500,0.000000
Done.
Final: Magnetisation = (0.246869,0.000236), Energy = -1.111273 
<M> = (0.220494,-0.006132), <E> = -1.048694 

T=1.290000	 Thermalizing iterations... 
Done.
Thermalized Magnetisation = (0.256812,-0.043635), Energy = -1.067356 
Averaging iterations... h=0.062500,0.000000
Done.
Final: Magnetisation = (0.235811,-0.056220), Energy = -1.024757 
<M> = (0.228391,-0.007746), <E> = -1.059269 

T=1.280000	 Thermalizing iterations... 
Done.
Thermalized Magnetisation = (0.223804,0.027086), Energy = -1.089852 
Averaging iterations... h=0.062500,0.000000
Done.
Final: Magnetisation = (0.253170,-0.026434), Energy = -1.078407 
<M> = (0.231770,-0.000929), <E> = -1.067863 

T=1.270000	 Thermalizing iterations... 
Done.
Thermalized Magnetisation = (0.186005,0.041559), Energy = -1.046553 
Averaging iterations... h=0.062500,0.000000
Done.
Final: Magnetisation = (0.193007,0.023337), Energy = -1.082160 
<M> = (0.237334,0.001929), <E> = -1.077647 

T=1.260000	 Thermalizing iterations... 
Done.
Thermalized Magnetisation = (0.150544,-0.028725), Energy = -1.055501 
Averaging iterations... h=0.062500,0.000000
Done.
Final: Magnetisation = (0.222066,-0.040137), Energy = -1.105864 
<M> = (0.243302,0.000457), <E> = -1.088879 

T=1.250000	 Thermalizing iterations... 
Done.
Thermalized Magnetisation = (0.250954,-0.088448), Energy = -1.122809 
Averaging iterations... h=0.062500,0.000000
Done.
Final: Magnetisation = (0.203807,0.010067), Energy = -1.081095 
<M> = (0.252237,-0.007888), <E> = -1.100818 

T=1.240000	 Thermalizing iterations... 
Done.
Thermalized Magnetisation = (0.269318,-0.006869), Energy = -1.135094 
Averaging iterations... h=0.062500,0.000000
Done.
Final: Magnetisation = (0.191511,-0.038093), Energy = -1.060077 
<M> = (0.255779,-0.003631), <E> = -1.111796 

T=1.230000	 Thermalizing iterations... 
Done.
Thermalized Magnetisation = (0.259753,0.091178), Energy = -1.128852 
Averaging iterations... h=0.062500,0.000000
Done.
Final: Magnetisation = (0.235316,-0.117695), Energy = -1.063486 
<M> = (0.261607,-0.012690), <E> = -1.123279 

T=1.220000	 Thermalizing iterations... 
Done.
Thermalized Magnetisation = (0.271201,-0.017373), Energy = -1.123629 
Averaging iterations... h=0.062500,0.000000
Done.
Final: Magnetisation = (0.230043,-0.053480), Energy = -1.144751 
<M> = (0.270030,-0.007390), <E> = -1.133879 

T=1.210000	 Thermalizing iterations... 
Done.
Thermalized Magnetisation = (0.234708,0.033991), Energy = -1.079263 
Averaging iterations... h=0.062500,0.000000
Done.
Final: Magnetisation = (0.259655,-0.051646), Energy = -1.164168 
<M> = (0.281303,-0.010954), <E> = -1.146001 

T=1.200000	 Thermalizing iterations... 
Done.
Thermalized Magnetisation = (0.360812,-0.047758), Energy = -1.175253 
Averaging iterations... h=0.062500,0.000000
Done.
Final: Magnetisation = (0.290756,0.047247), Energy = -1.177639 
<M> = (0.286272,0.001736), <E> = -1.156585 

T=1.190000	 Thermalizing iterations... 
Done.
Thermalized Magnetisation = (0.288951,0.027864), Energy = -1.128029 
Averaging iterations... h=0.062500,0.000000
Done.
Final: Magnetisation = (0.325970,-0.119091), Energy = -1.178492 
<M> = (0.293629,0.000277), <E> = -1.167179 

T=1.180000	 Thermalizing iterations... 
Done.
Thermalized Magnetisation = (0.290404,-0.052548), Energy = -1.173752 
Averaging iterations... h=0.062500,0.000000
Done.
Final: Magnetisation = (0.291088,0.041140), Energy = -1.143386 
<M> = (0.302831,-0.003287), <E> = -1.179670 

T=1.170000	 Thermalizing iterations... 
Done.
Thermalized Magnetisation = (0.251221,0.071160), Energy = -1.199825 
Averaging iterations... h=0.062500,0.000000
Done.
Final: Magnetisation = (0.266883,0.141376), Energy = -1.165208 
<M> = (0.309449,0.005460), <E> = -1.191893 

T=1.160000	 Thermalizing iterations... 
Done.
Thermalized Magnetisation = (0.343444,-0.134326), Energy = -1.231192 
Averaging iterations... h=0.062500,0.000000
Done.
Final: Magnetisation = (0.316739,-0.119067), Energy = -1.185298 
<M> = (0.320599,-0.012041), <E> = -1.205578 

T=1.150000	 Thermalizing iterations... 
Done.
Thermalized Magnetisation = (0.332014,-0.062324), Energy = -1.258386 
Averaging iterations... h=0.062500,0.000000
Done.
Final: Magnetisation = (0.303414,0.019130), Energy = -1.196565 
<M> = (0.326788,-0.010026), <E> = -1.217080 

T=1.140000	 Thermalizing iterations... 
Done.
Thermalized Magnetisation = (0.275222,-0.102943), Energy = -1.242821 
Averaging iterations... h=0.062500,0.000000
Done.
Final: Magnetisation = (0.370318,-0.059818), Energy = -1.235287 
<M> = (0.338836,-0.016069), <E> = -1.229217 

T=1.130000	 Thermalizing iterations... 
Done.
Thermalized Magnetisation = (0.295933,0.042534), Energy = -1.191928 
Averaging iterations... h=0.062500,0.000000
Done.
Final: Magnetisation = (0.350681,0.095742), Energy = -1.237478 
<M> = (0.343411,0.000657), <E> = -1.240541 

T=1.120000	 Thermalizing iterations... 
Done.
Thermalized Magnetisation = (0.350568,0.030627), Energy = -1.224052 
Averaging iterations... h=0.062500,0.000000
Done.
Final: Magnetisation = (0.308122,-0.122076), Energy = -1.246518 
<M> = (0.354107,0.000666), <E> = -1.251776 

T=1.110000	 Thermalizing iterations... 
Done.
Thermalized Magnetisation = (0.389253,-0.071446), Energy = -1.267091 
Averaging iterations... h=0.062500,0.000000
Done.
Final: Magnetisation = (0.393985,0.055167), Energy = -1.284388 
<M> = (0.359300,0.014496), <E> = -1.263400 

T=1.100000	 Thermalizing iterations... 
Done.
Thermalized Magnetisation = (0.337471,-0.108084), Energy = -1.281828 
Averaging iterations... h=0.062500,0.000000
Done.
Final: Magnetisation = (0.360871,-0.027473), Energy = -1.294504 
<M> = (0.372000,-0.000540), <E> = -1.277548 

T=1.090000	 Thermalizing iterations... 
Done.
Thermalized Magnetisation = (0.381974,-0.024287), Energy = -1.300023 
Averaging iterations... h=0.062500,0.000000
Done.
Final: Magnetisation = (0.331885,-0.031765), Energy = -1.287219 
<M> = (0.375042,-0.008990), <E> = -1.289256 

T=1.080000	 Thermalizing iterations... 
Done.
Thermalized Magnetisation = (0.389362,-0.059580), Energy = -1.300935 
Averaging iterations... h=0.062500,0.000000
Done.
Final: Magnetisation = (0.407548,0.102372), Energy = -1.296333 
<M> = (0.382649,-0.034575), <E> = -1.301360 

T=1.070000	 Thermalizing iterations... 
Done.
Thermalized Magnetisation = (0.387297,0.118372), Energy = -1.320997 
Averaging iterations... h=0.062500,0.000000
Done.
Final: Magnetisation = (0.394227,0.099819), Energy = -1.292234 
<M> = (0.391070,-0.026755), <E> = -1.314217 

T=1.060000	 Thermalizing iterations... 
Done.
Thermalized Magnetisation = (0.359388,0.092424), Energy = -1.332187 
Averaging iterations... h=0.062500,0.000000
Done.
Final: Magnetisation = (0.396729,-0.111614), Energy = -1.343394 
<M> = (0.402459,-0.003598), <E> = -1.326441 

T=1.050000	 Thermalizing iterations... 
Done.
Thermalized Magnetisation = (0.412934,-0.035028), Energy = -1.371015 
Averaging iterations... h=0.062500,0.000000
Done.
Final: Magnetisation = (0.366297,0.005976), Energy = -1.299423 
<M> = (0.415102,0.000164), <E> = -1.338035 

T=1.040000	 Thermalizing iterations... 
Done.
Thermalized Magnetisation = (0.357969,0.110336), Energy = -1.327831 
Averaging iterations... h=0.062500,0.000000
Done.
Final: Magnetisation = (0.389245,0.062611), Energy = -1.349912 
<M> = (0.412711,0.019279), <E> = -1.348415 

T=1.030000	 Thermalizing iterations... 
Done.
Thermalized Magnetisation = (0.417404,-0.047019), Energy = -1.313168 
Averaging iterations... h=0.062500,0.000000
Done.
Final: Magnetisation = (0.392575,-0.003301), Energy = -1.359441 
<M> = (0.426987,-0.015401), <E> = -1.361331 

T=1.020000	 Thermalizing iterations... 
Done.
Thermalized Magnetisation = (0.468119,0.072681), Energy = -1.363706 
Averaging iterations... h=0.062500,0.000000
Done.
Final: Magnetisation = (0.422727,0.102051), Energy = -1.393036 
<M> = (0.432261,-0.010892), <E> = -1.372352 

T=1.010000	 Thermalizing iterations... 
Done.
Thermalized Magnetisation = (0.430125,-0.018131), Energy = -1.366209 
Averaging iterations... h=0.062500,0.000000
Done.
Final: Magnetisation = (0.446320,-0.060283), Energy = -1.394449 
<M> = (0.437026,-0.065676), <E> = -1.384855 

T=1.000000	 Thermalizing iterations... 
Done.
Thermalized Magnetisation = (0.428501,-0.100579), Energy = -1.395260 
Averaging iterations... h=0.062500,0.000000
Done.
Final: Magnetisation = (0.490547,0.059543), Energy = -1.421709 
<M> = (0.444476,-0.041022), <E> = -1.396864 

T=0.990000	 Thermalizing iterations... 
Done.
Thermalized Magnetisation = (0.440479,-0.019613), Energy = -1.425072 
Averaging iterations... h=0.062500,0.000000
Done.
Final: Magnetisation = (0.481324,-0.120222), Energy = -1.395053 
<M> = (0.454011,0.016839), <E> = -1.409992 

T=0.980000	 Thermalizing iterations... 
Done.
Thermalized Magnetisation = (0.493287,0.112719), Energy = -1.411196 
Averaging iterations... h=0.062500,0.000000
Done.
Final: Magnetisation = (0.487308,-0.136190), Energy = -1.436364 
<M> = (0.463763,-0.001494), <E> = -1.419634 

T=0.970000	 Thermalizing iterations... 
Done.
Thermalized Magnetisation = (0.467948,-0.017842), Energy = -1.396229 
Averaging iterations... h=0.062500,0.000000
Done.
Final: Magnetisation = (0.465782,0.151916), Energy = -1.431558 
<M> = (0.471000,0.027382), <E> = -1.431041 

T=0.960000	 Thermalizing iterations... 
Done.
Thermalized Magnetisation = (0.489871,-0.086747), Energy = -1.467130 
Averaging iterations... h=0.062500,0.000000
Done.
Final: Magnetisation = (0.508527,-0.091011), Energy = -1.436437 
<M> = (0.476151,0.018984), <E> = -1.440130 

T=0.950000	 Thermalizing iterations... 
Done.
Thermalized Magnetisation = (0.483180,-0.222465), Energy = -1.454488 
Averaging iterations... h=0.062500,0.000000
Done.
Final: Magnetisation = (0.468508,-0.039939), Energy = -1.435657 
<M> = (0.481940,-0.023512), <E> = -1.452887 

T=0.940000	 Thermalizing iterations... 
Done.
Thermalized Magnetisation = (0.475202,0.124728), Energy = -1.486824 
Averaging iterations... h=0.062500,0.000000
Done.
Final: Magnetisation = (0.438684,0.242181), Energy = -1.454360 
<M> = (0.486790,0.035242), <E> = -1.464583 

T=0.930000	 Thermalizing iterations... 
Done.
Thermalized Magnetisation = (0.483679,0.208873), Energy = -1.454281 
Averaging iterations... h=0.062500,0.000000
Done.
Final: Magnetisation = (0.491235,-0.000660), Energy = -1.468864 
<M> = (0.487328,-0.011402), <E> = -1.474207 

T=0.920000	 Thermalizing iterations... 
Done.
Thermalized Magnetisation = (0.545562,-0.022990), Energy = -1.502170 
Averaging iterations... h=0.062500,0.000000
Done.
Final: Magnetisation = (0.469534,-0.129033), Energy = -1.466287 
<M> = (0.495675,-0.104830), <E> = -1.486097 

T=0.910000	 Thermalizing iterations... 
Done.
Thermalized Magnetisation = (0.485875,0.021706), Energy = -1.502299 
Averaging iterations... h=0.062500,0.000000
Done.
Final: Magnetisation = (0.479905,0.233448), Energy = -1.508176 
<M> = (0.507763,0.034204), <E> = -1.494951 

T=0.900000	 Thermalizing iterations... 
Done.
Thermalized Magnetisation = (0.498968,-0.096738), Energy = -1.488917 
Averaging iterations... h=0.062500,0.000000
Done.
Final: Magnetisation = (0.493628,-0.040775), Energy = -1.515299 
<M> = (0.503720,-0.117425), <E> = -1.504960 

T=0.890000	 Thermalizing iterations... 
Done.
Thermalized Magnetisation = (0.459405,-0.272993), Energy = -1.510413 
Averaging iterations... h=0.062500,0.000000
Done.
Final: Magnetisation = (0.514464,-0.022030), Energy = -1.468369 
<M> = (0.507837,-0.084642), <E> = -1.512924 

T=0.880000	 Thermalizing iterations... 
Done.
Thermalized Magnetisation = (0.478952,-0.259602), Energy = -1.537012 
Averaging iterations... h=0.062500,0.000000
Done.
Final: Magnetisation = (0.534465,0.215710), Energy = -1.516073 
<M> = (0.512063,0.106989), <E> = -1.524806 

T=0.870000	 Thermalizing iterations... 
Done.
Thermalized Magnetisation = (0.551560,-0.344631), Energy = -1.554771 
Averaging iterations... h=0.062500,0.000000
Done.
Final: Magnetisation = (0.532533,-0.110714), Energy = -1.540636 
<M> = (0.501287,-0.237585), <E> = -1.535527 

T=0.860000	 Thermalizing iterations... 
Done.
Thermalized Magnetisation = (0.555555,0.046297), Energy = -1.546762 
Averaging iterations... h=0.062500,0.000000
Done.
Final: Magnetisation = (0.547850,0.018592), Energy = -1.550236 
<M> = (0.524760,0.043786), <E> = -1.542932 

T=0.850000	 Thermalizing iterations... 
Done.
Thermalized Magnetisation = (0.505376,0.042809), Energy = -1.540663 
Averaging iterations... h=0.062500,0.000000
Done.
Final: Magnetisation = (0.494259,-0.215667), Energy = -1.547908 
<M> = (0.521585,-0.003470), <E> = -1.553205 

T=0.840000	 Thermalizing iterations... 
Done.
Thermalized Magnetisation = (0.499593,-0.132355), Energy = -1.583433 
Averaging iterations... h=0.062500,0.000000
Done.
Final: Magnetisation = (0.551168,-0.036199), Energy = -1.573687 
<M> = (0.526690,0.010451), <E> = -1.561252 

T=0.830000	 Thermalizing iterations... 
Done.
Thermalized Magnetisation = (0.561315,0.027939), Energy = -1.586346 
Averaging iterations... h=0.062500,0.000000
Done.
Final: Magnetisation = (0.501944,-0.057927), Energy = -1.579363 
<M> = (0.534472,-0.043917), <E> = -1.570096 

T=0.820000	 Thermalizing iterations... 
Done.
Thermalized Magnetisation = (0.540076,-0.163323), Energy = -1.569542 
Averaging iterations... h=0.062500,0.000000
Done.
Final: Magnetisation = (0.585682,-0.096532), Energy = -1.563089 
<M> = (0.533131,-0.240527), <E> = -1.578965 

T=0.810000	 Thermalizing iterations... 
Done.
Thermalized Magnetisation = (0.490442,-0.345341), Energy = -1.557178 
Averaging iterations... h=0.062500,0.000000
Done.
Final: Magnetisation = (0.519278,-0.275149), Energy = -1.569842 
<M> = (0.523425,-0.279144), <E> = -1.587951 

T=0.800000	 Thermalizing iterations... 
Done.
Thermalized Magnetisation = (0.541066,0.109464), Energy = -1.582550 
Averaging iterations... h=0.062500,0.000000
Done.
Final: Magnetisation = (0.532090,0.045123), Energy = -1.582485 
<M> = (0.545310,0.178616), <E> = -1.595098 

T=0.790000	 Thermalizing iterations... 
Done.
Thermalized Magnetisation = (0.476131,-0.053479), Energy = -1.605099 
Averaging iterations... h=0.062500,0.000000
Done.
Final: Magnetisation = (0.534259,-0.016774), Energy = -1.610196 
<M> = (0.537215,-0.059034), <E> = -1.604239 

T=0.780000	 Thermalizing iterations... 
Done.
Thermalized Magnetisation = (0.498048,-0.202382), Energy = -1.597889 
Averaging iterations... h=0.062500,0.000000
Done.
Final: Magnetisation = (0.504713,-0.281533), Energy = -1.600766 
<M> = (0.532748,-0.170703), <E> = -1.612269 

T=0.770000	 Thermalizing iterations... 
Done.
Thermalized Magnetisation = (0.601622,-0.161854), Energy = -1.644603 
Averaging iterations... h=0.062500,0.000000
Done.
Final: Magnetisation = (0.515856,-0.351492), Energy = -1.614118 
<M> = (0.534240,-0.278422), <E> = -1.621300 

T=0.760000	 Thermalizing iterations... 
Done.
Thermalized Magnetisation = (0.551238,-0.288476), Energy = -1.606643 
Averaging iterations... h=0.062500,0.000000
Done.
Final: Magnetisation = (0.562325,-0.439875), Energy = -1.654885 
<M> = (0.535159,-0.360762), <E> = -1.628821 

T=0.750000	 Thermalizing iterations... 
Done.
Thermalized Magnetisation = (0.582499,-0.332969), Energy = -1.637002 
Averaging iterations... h=0.062500,0.000000
Done.
Final: Magnetisation = (0.518953,-0.262458), Energy = -1.646503 
<M> = (0.540387,-0.319275), <E> = -1.635593 

T=0.740000	 Thermalizing iterations... 
Done.
Thermalized Magnetisation = (0.503926,-0.486698), Energy = -1.664545 
Averaging iterations... h=0.062500,0.000000
Done.
Final: Magnetisation = (0.462289,-0.515127), Energy = -1.650783 
<M> = (0.525293,-0.363291), <E> = -1.643884 

T=0.730000	 Thermalizing iterations... 
Done.
Thermalized Magnetisation = (0.545062,-0.354863), Energy = -1.644023 
Averaging iterations... h=0.062500,0.000000
Done.
Final: Magnetisation = (0.594312,-0.218644), Energy = -1.654141 
<M> = (0.542211,-0.257086), <E> = -1.650463 

T=0.720000	 Thermalizing iterations... 
Done.
Thermalized Magnetisation = (0.577790,-0.221723), Energy = -1.642962 
Averaging iterations... h=0.062500,0.000000
Done.
Final: Magnetisation = (0.554653,-0.191348), Energy = -1.660272 
<M> = (0.546385,-0.229112), <E> = -1.658295 

T=0.710000	 Thermalizing iterations... 
Done.
Thermalized Magnetisation = (0.556303,-0.334371), Energy = -1.658703 
Averaging iterations... h=0.062500,0.000000
Done.
Final: Magnetisation = (0.494516,-0.492006), Energy = -1.669919 
<M> = (0.521874,-0.426775), <E> = -1.666895 

T=0.700000	 Thermalizing iterations... 
Done.
Thermalized Magnetisation = (0.484029,-0.468284), Energy = -1.681465 
Averaging iterations... h=0.062500,0.000000
Done.
Final: Magnetisation = (0.493083,-0.502788), Energy = -1.670034 
<M> = (0.505771,-0.463758), <E> = -1.674521 

T=0.690000	 Thermalizing iterations... 
Done.
Thermalized Magnetisation = (0.558357,-0.351288), Energy = -1.684994 
Averaging iterations... h=0.062500,0.000000
Done.
Final: Magnetisation = (0.455559,-0.499659), Energy = -1.675558 
<M> = (0.535523,-0.407006), <E> = -1.680490 

T=0.680000	 Thermalizing iterations... 
Done.
Thermalized Magnetisation = (0.481464,-0.525421), Energy = -1.688492 
Averaging iterations... h=0.062500,0.000000
Done.
Final: Magnetisation = (0.499538,-0.263701), Energy = -1.693465 
<M> = (0.540440,-0.370835), <E> = -1.687267 

T=0.670000	 Thermalizing iterations... 
Done.
Thermalized Magnetisation = (0.478280,-0.416570), Energy = -1.681541 
Averaging iterations... h=0.062500,0.000000
Done.
Final: Magnetisation = (0.605241,-0.241721), Energy = -1.710487 
<M> = (0.547597,-0.367073), <E> = -1.693398 

T=0.660000	 Thermalizing iterations... 
Done.
Thermalized Magnetisation = (0.515083,-0.440699), Energy = -1.683580 
Averaging iterations... h=0.062500,0.000000
Done.
Final: Magnetisation = (0.587211,-0.263648), Energy = -1.699246 
<M> = (0.540129,-0.431974), <E> = -1.701066 

T=0.650000	 Thermalizing iterations... 
Done.
Thermalized Magnetisation = (0.467468,-0.523624), Energy = -1.708551 
Averaging iterations... h=0.062500,0.000000
Done.
Final: Magnetisation = (0.496781,-0.470850), Energy = -1.697049 
<M> = (0.524399,-0.480399), <E> = -1.708471 

T=0.640000	 Thermalizing iterations... 
Done.
Thermalized Magnetisation = (0.476084,-0.544660), Energy = -1.722249 
Averaging iterations... h=0.062500,0.000000
Done.
Final: Magnetisation = (0.549120,-0.461233), Energy = -1.710189 
<M> = (0.508895,-0.512228), <E> = -1.716016 

T=0.630000	 Thermalizing iterations... 
Done.
Thermalized Magnetisation = (0.476573,-0.524578), Energy = -1.724470 
Averaging iterations... h=0.062500,0.000000
Done.
Final: Magnetisation = (0.513974,-0.536308), Energy = -1.732804 
<M> = (0.520796,-0.462391), <E> = -1.721825 

T=0.620000	 Thermalizing iterations... 
Done.
Thermalized Magnetisation = (0.525444,-0.468748), Energy = -1.728958 
Averaging iterations... h=0.062500,0.000000
Done.
Final: Magnetisation = (0.567136,-0.473227), Energy = -1.729214 
<M> = (0.529720,-0.485229), <E> = -1.728193 

T=0.610000	 Thermalizing iterations... 
Done.
Thermalized Magnetisation = (0.534489,-0.454790), Energy = -1.736996 
Averaging iterations... h=0.062500,0.000000
Done.
Final: Magnetisation = (0.542797,-0.456192), Energy = -1.728322 
<M> = (0.538695,-0.440754), <E> = -1.734272 

T=0.600000	 Thermalizing iterations... 
Done.
Thermalized Magnetisation = (0.517915,-0.558043), Energy = -1.743151 
Averaging iterations... h=0.062500,0.000000
Done.
Final: Magnetisation = (0.526596,-0.479285), Energy = -1.742143 
<M> = (0.539012,-0.465293), <E> = -1.740999 

T=0.590000	 Thermalizing iterations... 
Done.
Thermalized Magnetisation = (0.505555,-0.548102), Energy = -1.744395 
Averaging iterations... h=0.062500,0.000000
Done.
Final: Magnetisation = (0.494517,-0.573112), Energy = -1.758828 
<M> = (0.529100,-0.521067), <E> = -1.747866 

T=0.580000	 Thermalizing iterations... 
Done.
Thermalized Magnetisation = (0.546750,-0.523501), Energy = -1.768111 
Averaging iterations... h=0.062500,0.000000
Done.
Final: Magnetisation = (0.533113,-0.501076), Energy = -1.758083 
<M> = (0.521202,-0.525197), <E> = -1.754131 

T=0.570000	 Thermalizing iterations... 
Done.
Thermalized Magnetisation = (0.487055,-0.586020), Energy = -1.759800 
Averaging iterations... h=0.062500,0.000000
Done.
Final: Magnetisation = (0.572435,-0.449311), Energy = -1.762521 
<M> = (0.518636,-0.517295), <E> = -1.760684 

T=0.560000	 Thermalizing iterations... 
Done.
Thermalized Magnetisation = (0.515273,-0.556934), Energy = -1.773218 
Averaging iterations... h=0.062500,0.000000
Done.
Final: Magnetisation = (0.572870,-0.517833), Energy = -1.768827 
<M> = (0.510246,-0.553046), <E> = -1.767111 

T=0.550000	 Thermalizing iterations... 
Done.
Thermalized Magnetisation = (0.619168,-0.338575), Energy = -1.780791 
Averaging iterations... h=0.062500,0.000000
Done.
Final: Magnetisation = (0.534851,-0.526580), Energy = -1.772411 
<M> = (0.537862,-0.431780), <E> = -1.772168 

T=0.540000	 Thermalizing iterations... 
Done.
Thermalized Magnetisation = (0.566738,-0.469284), Energy = -1.787704 
Averaging iterations... h=0.062500,0.000000
Done.
Final: Magnetisation = (0.516022,-0.526192), Energy = -1.771777 
<M> = (0.546669,-0.440761), <E> = -1.778006 

T=0.530000	 Thermalizing iterations... 
Done.
Thermalized Magnetisation = (0.544957,-0.529927), Energy = -1.780290 
Averaging iterations... h=0.062500,0.000000
Done.
Final: Magnetisation = (0.514045,-0.560550), Energy = -1.796142 
<M> = (0.535916,-0.534420), <E> = -1.784752 

T=0.520000	 Thermalizing iterations... 
Done.
Thermalized Magnetisation = (0.546182,-0.511243), Energy = -1.782947 
Averaging iterations... h=0.062500,0.000000
Done.
Final: Magnetisation = (0.537325,-0.565183), Energy = -1.786649 
<M> = (0.532581,-0.544764), <E> = -1.791045 

T=0.510000	 Thermalizing iterations... 
Done.
Thermalized Magnetisation = (0.505530,-0.558718), Energy = -1.797011 
Averaging iterations... h=0.062500,0.000000
Done.
Final: Magnetisation = (0.558498,-0.564067), Energy = -1.796424 
<M> = (0.522645,-0.564683), <E> = -1.797347 

T=0.500000	 Thermalizing iterations... 
Done.
Thermalized Magnetisation = (0.497142,-0.616896), Energy = -1.806109 
Averaging iterations... h=0.062500,0.000000
Done.
Final: Magnetisation = (0.504081,-0.589083), Energy = -1.811843 
<M> = (0.525358,-0.561860), <E> = -1.803593 

T=0.490000	 Thermalizing iterations... 
Done.
Thermalized Magnetisation = (0.511735,-0.545681), Energy = -1.809602 
Averaging iterations... h=0.062500,0.000000
Done.
Final: Magnetisation = (0.529825,-0.588521), Energy = -1.809703 
<M> = (0.514105,-0.577095), <E> = -1.809925 

T=0.480000	 Thermalizing iterations... 
Done.
Thermalized Magnetisation = (0.555410,-0.560436), Energy = -1.822869 
Averaging iterations... h=0.062500,0.000000
Done.
Final: Magnetisation = (0.564291,-0.484538), Energy = -1.802186 
<M> = (0.511861,-0.588976), <E> = -1.815815 

T=0.470000	 Thermalizing iterations... 
Done.
Thermalized Magnetisation = (0.511478,-0.584166), Energy = -1.822202 
Averaging iterations... h=0.062500,0.000000
Done.
Final: Magnetisation = (0.519251,-0.581826), Energy = -1.827206 
<M> = (0.531677,-0.548215), <E> = -1.821167 

T=0.460000	 Thermalizing iterations... 
Done.
Thermalized Magnetisation = (0.523534,-0.583224), Energy = -1.820131 
Averaging iterations... h=0.062500,0.000000
Done.
Final: Magnetisation = (0.523821,-0.599393), Energy = -1.826138 
<M> = (0.545699,-0.561298), <E> = -1.826752 

T=0.450000	 Thermalizing iterations... 
Done.
Thermalized Magnetisation = (0.529855,-0.598069), Energy = -1.839833 
Averaging iterations... h=0.062500,0.000000
Done.
Final: Magnetisation = (0.579724,-0.490056), Energy = -1.825034 
<M> = (0.536363,-0.568918), <E> = -1.832784 

T=0.440000	 Thermalizing iterations... 
Done.
Thermalized Magnetisation = (0.499541,-0.592839), Energy = -1.836476 
Averaging iterations... h=0.062500,0.000000
Done.
Final: Magnetisation = (0.574689,-0.516399), Energy = -1.840273 
<M> = (0.529514,-0.590261), <E> = -1.839044 

T=0.430000	 Thermalizing iterations... 
Done.
Thermalized Magnetisation = (0.475212,-0.624069), Energy = -1.841228 
Averaging iterations... h=0.062500,0.000000
Done.
Final: Magnetisation = (0.553858,-0.550092), Energy = -1.831466 
<M> = (0.520440,-0.607260), <E> = -1.845162 

T=0.420000	 Thermalizing iterations... 
Done.
Thermalized Magnetisation = (0.517662,-0.588367), Energy = -1.850297 
Averaging iterations... h=0.062500,0.000000
Done.
Final: Magnetisation = (0.536801,-0.598602), Energy = -1.852691 
<M> = (0.516169,-0.615087), <E> = -1.850936 

T=0.410000	 Thermalizing iterations... 
Done.
Thermalized Magnetisation = (0.538232,-0.616313), Energy = -1.858388 
Averaging iterations... h=0.062500,0.000000
Done.
Final: Magnetisation = (0.541515,-0.581150), Energy = -1.856899 
<M> = (0.512921,-0.618743), <E> = -1.856922 

T=0.400000	 Thermalizing iterations... 
Done.
Thermalized Magnetisation = (0.575806,-0.547201), Energy = -1.859374 
Averaging iterations... h=0.062500,0.000000
Done.
Final: Magnetisation = (0.498621,-0.650522), Energy = -1.866104 
<M> = (0.527249,-0.612434), <E> = -1.862138 

T=0.390000	 Thermalizing iterations... 
Done.
Thermalized Magnetisation = (0.521403,-0.609259), Energy = -1.865648 
Averaging iterations... h=0.062500,0.000000
Done.
Final: Magnetisation = (0.512618,-0.634240), Energy = -1.864730 
<M> = (0.532850,-0.599758), <E> = -1.867477 

T=0.380000	 Thermalizing iterations... 
Done.
Thermalized Magnetisation = (0.530380,-0.570013), Energy = -1.868385 
Averaging iterations... h=0.062500,0.000000
Done.
Final: Magnetisation = (0.541827,-0.600710), Energy = -1.870815 
<M> = (0.541596,-0.590917), <E> = -1.873125 

T=0.370000	 Thermalizing iterations... 
Done.
Thermalized Magnetisation = (0.516695,-0.649564), Energy = -1.887104 
Averaging iterations... h=0.062500,0.000000
Done.
Final: Magnetisation = (0.585065,-0.553701), Energy = -1.883974 
<M> = (0.532883,-0.618324), <E> = -1.878892 

T=0.360000	 Thermalizing iterations... 
Done.
Thermalized Magnetisation = (0.504312,-0.653736), Energy = -1.883988 
Averaging iterations... h=0.062500,0.000000
Done.
Final: Magnetisation = (0.544273,-0.599400), Energy = -1.885282 
<M> = (0.523619,-0.631395), <E> = -1.884806 

T=0.350000	 Thermalizing iterations... 
Done.
Thermalized Magnetisation = (0.514154,-0.622471), Energy = -1.884819 
Averaging iterations... h=0.062500,0.000000
Done.
Final: Magnetisation = (0.518640,-0.612576), Energy = -1.881965 
<M> = (0.523153,-0.632680), <E> = -1.890489 

T=0.340000	 Thermalizing iterations... 
Done.
Thermalized Magnetisation = (0.526422,-0.633557), Energy = -1.893569 
Averaging iterations... h=0.062500,0.000000
Done.
Final: Magnetisation = (0.526509,-0.619703), Energy = -1.897206 
<M> = (0.519467,-0.635754), <E> = -1.896142 

T=0.330000	 Thermalizing iterations... 
Done.
Thermalized Magnetisation = (0.519677,-0.633497), Energy = -1.896753 
Averaging iterations... h=0.062500,0.000000
Done.
Final: Magnetisation = (0.528278,-0.644601), Energy = -1.901309 
<M> = (0.523404,-0.645195), <E> = -1.901760 

T=0.320000	 Thermalizing iterations... 
Done.
Thermalized Magnetisation = (0.528517,-0.660809), Energy = -1.908329 
Averaging iterations... h=0.062500,0.000000
Done.
Final: Magnetisation = (0.500905,-0.670857), Energy = -1.907116 
<M> = (0.528739,-0.641351), <E> = -1.906986 

T=0.310000	 Thermalizing iterations... 
Done.
Thermalized Magnetisation = (0.511041,-0.658743), Energy = -1.912007 
Averaging iterations... h=0.062500,0.000000
Done.
Final: Magnetisation = (0.546169,-0.630409), Energy = -1.909690 
<M> = (0.539182,-0.630767), <E> = -1.912231 

T=0.300000	 Thermalizing iterations... 
Done.
Thermalized Magnetisation = (0.545881,-0.620223), Energy = -1.914554 
Averaging iterations... h=0.062500,0.000000
Done.
Final: Magnetisation = (0.577835,-0.587091), Energy = -1.918956 
<M> = (0.534056,-0.642355), <E> = -1.917838 

T=0.290000	 Thermalizing iterations... 
Done.
Thermalized Magnetisation = (0.508111,-0.671285), Energy = -1.922467 
Averaging iterations... h=0.062500,0.000000
Done.
Final: Magnetisation = (0.545624,-0.630776), Energy = -1.923598 
<M> = (0.527090,-0.653202), <E> = -1.923474 

T=0.280000	 Thermalizing iterations... 
Done.
Thermalized Magnetisation = (0.525134,-0.670401), Energy = -1.929756 
Averaging iterations... h=0.062500,0.000000
Done.
Final: Magnetisation = (0.513720,-0.652687), Energy = -1.926132 
<M> = (0.527886,-0.657092), <E> = -1.928961 

T=0.270000	 Thermalizing iterations... 
Done.
Thermalized Magnetisation = (0.482352,-0.696065), Energy = -1.934489 
Averaging iterations... h=0.062500,0.000000
Done.
Final: Magnetisation = (0.508985,-0.679936), Energy = -1.929569 
<M> = (0.520571,-0.666379), <E> = -1.934579 

T=0.260000	 Thermalizing iterations... 
Done.
Thermalized Magnetisation = (0.531740,-0.656478), Energy = -1.940366 
Averaging iterations... h=0.062500,0.000000
Done.
Final: Magnetisation = (0.502643,-0.669706), Energy = -1.940623 
<M> = (0.525337,-0.668357), <E> = -1.940088 

T=0.250000	 Thermalizing iterations... 
Done.
Thermalized Magnetisation = (0.541384,-0.662462), Energy = -1.946848 
Averaging iterations... h=0.062500,0.000000
Done.
Final: Magnetisation = (0.532932,-0.657783), Energy = -1.946789 
<M> = (0.527884,-0.668712), <E> = -1.945213 

T=0.240000	 Thermalizing iterations... 
Done.
Thermalized Magnetisation = (0.553465,-0.652757), Energy = -1.949027 
Averaging iterations... h=0.062500,0.000000
Done.
Final: Magnetisation = (0.534597,-0.668243), Energy = -1.950424 
<M> = (0.528388,-0.670388), <E> = -1.950501 

T=0.230000	 Thermalizing iterations... 
Done.
Thermalized Magnetisation = (0.523288,-0.673882), Energy = -1.957949 
Averaging iterations... h=0.062500,0.000000
Done.
Final: Magnetisation = (0.526463,-0.679467), Energy = -1.959153 
<M> = (0.533237,-0.667486), <E> = -1.955835 

T=0.220000	 Thermalizing iterations... 
Done.
Thermalized Magnetisation = (0.557569,-0.647657), Energy = -1.956136 
Averaging iterations... h=0.062500,0.000000
Done.
Final: Magnetisation = (0.553354,-0.672040), Energy = -1.961578 
<M> = (0.535059,-0.672947), <E> = -1.961124 

T=0.210000	 Thermalizing iterations... 
Done.
Thermalized Magnetisation = (0.506573,-0.679531), Energy = -1.964901 
Averaging iterations... h=0.062500,0.000000
Done.
Final: Magnetisation = (0.521317,-0.686478), Energy = -1.967079 
<M> = (0.531833,-0.676962), <E> = -1.966544 

T=0.200000	 Thermalizing iterations... 
Done.
Thermalized Magnetisation = (0.549134,-0.665553), Energy = -1.968930 
Averaging iterations... h=0.062500,0.000000
Done.
Final: Magnetisation = (0.546588,-0.662064), Energy = -1.970321 
<M> = (0.534750,-0.678024), <E> = -1.971892 

T=0.190000	 Thermalizing iterations... 
Done.
Thermalized Magnetisation = (0.534756,-0.694750), Energy = -1.974171 
Averaging iterations... h=0.062500,0.000000
Done.
Final: Magnetisation = (0.528274,-0.693051), Energy = -1.979297 
<M> = (0.528748,-0.687125), <E> = -1.977164 

T=0.180000	 Thermalizing iterations... 
Done.
Thermalized Magnetisation = (0.514813,-0.699788), Energy = -1.986054 
Averaging iterations... h=0.062500,0.000000
Done.
Final: Magnetisation = (0.533214,-0.680403), Energy = -1.982156 
<M> = (0.527046,-0.694314), <E> = -1.982516 

T=0.170000	 Thermalizing iterations... 
Done.
Thermalized Magnetisation = (0.530712,-0.695056), Energy = -1.984618 
Averaging iterations... h=0.062500,0.000000
Done.
Final: Magnetisation = (0.518328,-0.698832), Energy = -1.987035 
<M> = (0.532164,-0.691083), <E> = -1.987641 

T=0.160000	 Thermalizing iterations... 
Done.
Thermalized Magnetisation = (0.526975,-0.703411), Energy = -1.993432 
Averaging iterations... h=0.062500,0.000000
Done.
Final: Magnetisation = (0.525218,-0.705467), Energy = -1.995617 
<M> = (0.535151,-0.692225), <E> = -1.992780 

T=0.150000	 Thermalizing iterations... 
Done.
Thermalized Magnetisation = (0.555282,-0.678112), Energy = -1.998673 
Averaging iterations... h=0.062500,0.000000
Done.
Final: Magnetisation = (0.560578,-0.670050), Energy = -1.996293 
<M> = (0.534776,-0.694242), <E> = -1.998006 

T=0.140000	 Thermalizing iterations... 
Done.
Thermalized Magnetisation = (0.535330,-0.685115), Energy = -2.003612 
Averaging iterations... h=0.062500,0.000000
Done.
Final: Magnetisation = (0.536294,-0.707732), Energy = -2.002941 
<M> = (0.532506,-0.700730), <E> = -2.003332 

T=0.130000	 Thermalizing iterations... 
Done.
Thermalized Magnetisation = (0.523182,-0.713641), Energy = -2.009746 
Averaging iterations... h=0.062500,0.000000
Done.
Final: Magnetisation = (0.521455,-0.706269), Energy = -2.009902 
<M> = (0.532629,-0.702586), <E> = -2.008529 

T=0.120000	 Thermalizing iterations... 
Done.
Thermalized Magnetisation = (0.539538,-0.703813), Energy = -2.012662 
Averaging iterations... h=0.062500,0.000000
Done.
Final: Magnetisation = (0.547998,-0.696145), Energy = -2.013531 
<M> = (0.534721,-0.704607), <E> = -2.013705 

T=0.110000	 Thermalizing iterations... 
Done.
Thermalized Magnetisation = (0.538878,-0.710720), Energy = -2.019158 
Averaging iterations... h=0.062500,0.000000
Done.
Final: Magnetisation = (0.546834,-0.697041), Energy = -2.019240 
<M> = (0.532256,-0.711956), <E> = -2.018864 

T=0.100000	 Thermalizing iterations... 
Done.
Thermalized Magnetisation = (0.534338,-0.717629), Energy = -2.025717 
Averaging iterations... h=0.062500,0.000000
Done.
Final: Magnetisation = (0.527742,-0.720840), Energy = -2.024872 
<M> = (0.538534,-0.709371), <E> = -2.023976 

T=0.090000	 Thermalizing iterations... 
Done.
Thermalized Magnetisation = (0.518251,-0.726147), Energy = -2.029078 
Averaging iterations... h=0.062500,0.000000
Done.
Final: Magnetisation = (0.532191,-0.711486), Energy = -2.028574 
<M> = (0.535870,-0.712427), <E> = -2.029037 

T=0.080000	 Thermalizing iterations... 
Done.
Thermalized Magnetisation = (0.536344,-0.714705), Energy = -2.036096 
Averaging iterations... h=0.062500,0.000000
Done.
Final: Magnetisation = (0.534962,-0.715269), Energy = -2.034551 
<M> = (0.539579,-0.713669), <E> = -2.034155 

T=0.070000	 Thermalizing iterations... 
Done.
Thermalized Magnetisation = (0.537775,-0.712974), Energy = -2.039404 
Averaging iterations... h=0.062500,0.000000
Done.
Final: Magnetisation = (0.532703,-0.721364), Energy = -2.038945 
<M> = (0.531474,-0.722077), <E> = -2.039279 

T=0.060000	 Thermalizing iterations... 
Done.
Thermalized Magnetisation = (0.536399,-0.718701), Energy = -2.044058 
Averaging iterations... h=0.062500,0.000000
Done.
Final: Magnetisation = (0.543846,-0.718383), Energy = -2.045008 
<M> = (0.536909,-0.721460), <E> = -2.044417 

T=0.050000	 Thermalizing iterations... 
Done.
Thermalized Magnetisation = (0.545532,-0.716378), Energy = -2.049750 
Averaging iterations... h=0.062500,0.000000
Done.
Final: Magnetisation = (0.539993,-0.720561), Energy = -2.049752 
<M> = (0.538858,-0.722813), <E> = -2.049411 

T=0.040000	 Thermalizing iterations... 
Done.
Thermalized Magnetisation = (0.536332,-0.730089), Energy = -2.054786 
Averaging iterations... h=0.062500,0.000000
Done.
Final: Magnetisation = (0.530905,-0.727785), Energy = -2.054889 
<M> = (0.535225,-0.728376), <E> = -2.054507 

T=0.030000	 Thermalizing iterations... 
Done.
Thermalized Magnetisation = (0.537153,-0.728901), Energy = -2.059396 
Averaging iterations... h=0.062500,0.000000
Done.
Final: Magnetisation = (0.531829,-0.733978), Energy = -2.059153 
<M> = (0.536344,-0.731039), <E> = -2.059554 

T=0.020000	 Thermalizing iterations... 
Done.
Thermalized Magnetisation = (0.541046,-0.732723), Energy = -2.064526 
Averaging iterations... h=0.062500,0.000000
Done.
Final: Magnetisation = (0.535042,-0.735647), Energy = -2.064642 
<M> = (0.534647,-0.735215), <E> = -2.064572 

T=0.010000	 Thermalizing iterations... 
Done.
Thermalized Magnetisation = (0.539340,-0.733459), Energy = -2.069583 
Averaging iterations... h=0.062500,0.000000
Done.
Final: Magnetisation = (0.538507,-0.735870), Energy = -2.069544 
<M> = (0.538062,-0.735863), <E> = -2.069585 
Final Magnetisation = (0.538507,-0.735870), Energy = -2.069544 
------------------------

Updating all (first)black/(then)white checkerboard sites simultaneously.. 

ztne RFXY h rotating with |h|=0.062500 at T=0.000000..
loop 1

loop 2

CPU  Start Time = 5596373.443124 

CPU  End Time = 5605883.676021 

CPU Time elapsed total = 9510.232897 

real	158m30.960s
user	2747m39.503s
sys	1m24.703s
