+ cd /home/sbasak/Exercises/OpenMP/XY_code/Z2/rotating_field/trial/config/config_14
+ export OMP_NUM_THREADS=28
+ OMP_NUM_THREADS=28
+ ./a_8.out
nearest neighbor initialized. 
h loaded. 
J loaded. 
L = 128, dim_L = 2, dim_S = 2
hysteresis_MCS_multiplier = 10, hysteresis_MCS_max = 100
RAND_MAX = 2147483647.000000,
 sizeof(int) = 4,
 sizeof(long) = 8,
 sizeof(double) = 8,
 sizeof(long int) = 8,
 sizeof(short int) = 2,
 sizeof(unsigned int) = 4,
 sizeof(RAND_MAX) = 4
No. of THREADS = 28
No. of PROCESSORS = 28

0.059286,0.022000
order = ({1.000000-->-1.000000,0.000000}, 0, 1)
Initial Magnetisation = (0.059286,0.022000), Energy = 0.017975 
Cooling... 
T=2.000000	 Thermalizing iterations... 
Done.
Thermalized Magnetisation = (0.051343,-0.019927), Energy = -0.564609 
Averaging iterations... h=0.062500,0.000000
Done.
Final: Magnetisation = (0.042021,-0.023406), Energy = -0.600786 
<M> = (0.051817,-0.000093), <E> = -0.613145 

T=1.990000	 Thermalizing iterations... 
Done.
Thermalized Magnetisation = (0.013046,0.023756), Energy = -0.628094 
Averaging iterations... h=0.062500,0.000000
Done.
Final: Magnetisation = (0.030885,0.001428), Energy = -0.649358 
<M> = (0.053886,-0.002144), <E> = -0.617615 

T=1.980000	 Thermalizing iterations... 
Done.
Thermalized Magnetisation = (0.047439,0.008182), Energy = -0.637882 
Averaging iterations... h=0.062500,0.000000
Done.
Final: Magnetisation = (0.070675,0.005779), Energy = -0.635099 
<M> = (0.053621,-0.001194), <E> = -0.621695 

T=1.970000	 Thermalizing iterations... 
Done.
Thermalized Magnetisation = (0.040506,0.037571), Energy = -0.622659 
Averaging iterations... h=0.062500,0.000000
Done.
Final: Magnetisation = (0.039118,-0.059773), Energy = -0.629257 
<M> = (0.054735,-0.002324), <E> = -0.625566 

T=1.960000	 Thermalizing iterations... 
Done.
Thermalized Magnetisation = (0.058272,-0.020775), Energy = -0.674837 
Averaging iterations... h=0.062500,0.000000
Done.
Final: Magnetisation = (0.045188,0.014100), Energy = -0.633431 
<M> = (0.056443,-0.000914), <E> = -0.629214 

T=1.950000	 Thermalizing iterations... 
Done.
Thermalized Magnetisation = (0.043912,0.010263), Energy = -0.641282 
Averaging iterations... h=0.062500,0.000000
Done.
Final: Magnetisation = (0.098236,-0.002817), Energy = -0.645707 
<M> = (0.057840,-0.000143), <E> = -0.632418 

T=1.940000	 Thermalizing iterations... 
Done.
Thermalized Magnetisation = (0.098710,-0.001792), Energy = -0.627089 
Averaging iterations... h=0.062500,0.000000
Done.
Final: Magnetisation = (0.089492,0.023269), Energy = -0.611236 
<M> = (0.056963,0.000319), <E> = -0.635848 

T=1.930000	 Thermalizing iterations... 
Done.
Thermalized Magnetisation = (0.061219,-0.003202), Energy = -0.644204 
Averaging iterations... h=0.062500,0.000000
Done.
Final: Magnetisation = (-0.018028,0.020520), Energy = -0.627563 
<M> = (0.057292,0.000667), <E> = -0.639217 

T=1.920000	 Thermalizing iterations... 
Done.
Thermalized Magnetisation = (0.024789,0.046323), Energy = -0.672775 
Averaging iterations... h=0.062500,0.000000
Done.
Final: Magnetisation = (0.045693,-0.010128), Energy = -0.643246 
<M> = (0.058555,-0.001491), <E> = -0.643826 

T=1.910000	 Thermalizing iterations... 
Done.
Thermalized Magnetisation = (0.011381,0.021320), Energy = -0.659721 
Averaging iterations... h=0.062500,0.000000
Done.
Final: Magnetisation = (0.016070,-0.017198), Energy = -0.665127 
<M> = (0.059954,-0.001705), <E> = -0.648203 

T=1.900000	 Thermalizing iterations... 
Done.
Thermalized Magnetisation = (0.130704,0.096303), Energy = -0.662918 
Averaging iterations... h=0.062500,0.000000
Done.
Final: Magnetisation = (0.014126,-0.001605), Energy = -0.617807 
<M> = (0.060344,-0.002691), <E> = -0.652124 

T=1.890000	 Thermalizing iterations... 
Done.
Thermalized Magnetisation = (0.004257,0.024260), Energy = -0.664598 
Averaging iterations... h=0.062500,0.000000
Done.
Final: Magnetisation = (0.034563,0.019416), Energy = -0.641369 
<M> = (0.061862,-0.002545), <E> = -0.656534 

T=1.880000	 Thermalizing iterations... 
Done.
Thermalized Magnetisation = (0.074049,-0.021580), Energy = -0.658895 
Averaging iterations... h=0.062500,0.000000
Done.
Final: Magnetisation = (0.002329,0.006599), Energy = -0.670435 
<M> = (0.063435,-0.001677), <E> = -0.660912 

T=1.870000	 Thermalizing iterations... 
Done.
Thermalized Magnetisation = (0.031401,0.014619), Energy = -0.644666 
Averaging iterations... h=0.062500,0.000000
Done.
Final: Magnetisation = (0.092642,0.027999), Energy = -0.654540 
<M> = (0.063546,0.001820), <E> = -0.664051 

T=1.860000	 Thermalizing iterations... 
Done.
Thermalized Magnetisation = (0.031979,0.037902), Energy = -0.626421 
Averaging iterations... h=0.062500,0.000000
Done.
Final: Magnetisation = (0.095263,-0.027735), Energy = -0.665560 
<M> = (0.063510,-0.000276), <E> = -0.668188 

T=1.850000	 Thermalizing iterations... 
Done.
Thermalized Magnetisation = (0.054331,0.081530), Energy = -0.669352 
Averaging iterations... h=0.062500,0.000000
Done.
Final: Magnetisation = (0.101991,-0.012482), Energy = -0.697424 
<M> = (0.064375,-0.000433), <E> = -0.672307 

T=1.840000	 Thermalizing iterations... 
Done.
Thermalized Magnetisation = (0.057734,0.030046), Energy = -0.663749 
Averaging iterations... h=0.062500,0.000000
Done.
Final: Magnetisation = (0.095332,-0.008766), Energy = -0.698823 
<M> = (0.067359,-0.001153), <E> = -0.677700 

T=1.830000	 Thermalizing iterations... 
Done.
Thermalized Magnetisation = (0.122674,-0.012827), Energy = -0.675031 
Averaging iterations... h=0.062500,0.000000
Done.
Final: Magnetisation = (0.067534,0.043739), Energy = -0.671893 
<M> = (0.066708,-0.002657), <E> = -0.682121 

T=1.820000	 Thermalizing iterations... 
Done.
Thermalized Magnetisation = (0.067778,0.024924), Energy = -0.679419 
Averaging iterations... h=0.062500,0.000000
Done.
Final: Magnetisation = (0.084885,-0.025060), Energy = -0.678912 
<M> = (0.068850,-0.002734), <E> = -0.687091 

T=1.810000	 Thermalizing iterations... 
Done.
Thermalized Magnetisation = (0.059187,0.020813), Energy = -0.676023 
Averaging iterations... h=0.062500,0.000000
Done.
Final: Magnetisation = (0.066492,0.029117), Energy = -0.670967 
<M> = (0.071660,-0.001553), <E> = -0.691578 

T=1.800000	 Thermalizing iterations... 
Done.
Thermalized Magnetisation = (0.016505,-0.007673), Energy = -0.678266 
Averaging iterations... h=0.062500,0.000000
Done.
Final: Magnetisation = (0.085397,0.030729), Energy = -0.723608 
<M> = (0.072201,0.000342), <E> = -0.695281 

T=1.790000	 Thermalizing iterations... 
Done.
Thermalized Magnetisation = (0.079739,-0.029023), Energy = -0.718215 
Averaging iterations... h=0.062500,0.000000
Done.
Final: Magnetisation = (0.034561,-0.063445), Energy = -0.691187 
<M> = (0.071370,-0.000216), <E> = -0.699799 

T=1.780000	 Thermalizing iterations... 
Done.
Thermalized Magnetisation = (0.072597,-0.017885), Energy = -0.707234 
Averaging iterations... h=0.062500,0.000000
Done.
Final: Magnetisation = (0.094354,0.006275), Energy = -0.694695 
<M> = (0.071746,0.000601), <E> = -0.703703 

T=1.770000	 Thermalizing iterations... 
Done.
Thermalized Magnetisation = (0.076316,0.044243), Energy = -0.704114 
Averaging iterations... h=0.062500,0.000000
Done.
Final: Magnetisation = (0.062677,0.093174), Energy = -0.726714 
<M> = (0.074700,-0.003058), <E> = -0.709719 

T=1.760000	 Thermalizing iterations... 
Done.
Thermalized Magnetisation = (0.073999,0.017037), Energy = -0.755607 
Averaging iterations... h=0.062500,0.000000
Done.
Final: Magnetisation = (0.136648,-0.021323), Energy = -0.730415 
<M> = (0.076218,-0.000834), <E> = -0.715166 

T=1.750000	 Thermalizing iterations... 
Done.
Thermalized Magnetisation = (0.060670,0.013925), Energy = -0.707441 
Averaging iterations... h=0.062500,0.000000
Done.
Final: Magnetisation = (0.130326,-0.016792), Energy = -0.699508 
<M> = (0.076242,-0.003141), <E> = -0.719755 

T=1.740000	 Thermalizing iterations... 
Done.
Thermalized Magnetisation = (0.101881,0.014667), Energy = -0.713107 
Averaging iterations... h=0.062500,0.000000
Done.
Final: Magnetisation = (0.067890,-0.026348), Energy = -0.735628 
<M> = (0.079070,-0.002290), <E> = -0.725290 

T=1.730000	 Thermalizing iterations... 
Done.
Thermalized Magnetisation = (0.124444,-0.029575), Energy = -0.744584 
Averaging iterations... h=0.062500,0.000000
Done.
Final: Magnetisation = (0.029908,-0.061228), Energy = -0.738374 
<M> = (0.081333,-0.000555), <E> = -0.729927 

T=1.720000	 Thermalizing iterations... 
Done.
Thermalized Magnetisation = (0.085078,-0.052710), Energy = -0.730664 
Averaging iterations... h=0.062500,0.000000
Done.
Final: Magnetisation = (0.091848,0.038095), Energy = -0.754262 
<M> = (0.081194,0.001210), <E> = -0.734132 

T=1.710000	 Thermalizing iterations... 
Done.
Thermalized Magnetisation = (0.092867,-0.065880), Energy = -0.770109 
Averaging iterations... h=0.062500,0.000000
Done.
Final: Magnetisation = (0.101172,-0.040098), Energy = -0.752505 
<M> = (0.082915,-0.000838), <E> = -0.739380 

T=1.700000	 Thermalizing iterations... 
Done.
Thermalized Magnetisation = (0.115828,0.006079), Energy = -0.737194 
Averaging iterations... h=0.062500,0.000000
Done.
Final: Magnetisation = (0.112460,0.030079), Energy = -0.753042 
<M> = (0.084572,-0.000413), <E> = -0.745163 

T=1.690000	 Thermalizing iterations... 
Done.
Thermalized Magnetisation = (0.007688,0.035067), Energy = -0.768630 
Averaging iterations... h=0.062500,0.000000
Done.
Final: Magnetisation = (0.090064,-0.069633), Energy = -0.747350 
<M> = (0.086372,-0.001461), <E> = -0.750748 

T=1.680000	 Thermalizing iterations... 
Done.
Thermalized Magnetisation = (0.049098,-0.029143), Energy = -0.755332 
Averaging iterations... h=0.062500,0.000000
Done.
Final: Magnetisation = (0.064174,-0.111857), Energy = -0.747692 
<M> = (0.086782,-0.003551), <E> = -0.757001 

T=1.670000	 Thermalizing iterations... 
Done.
Thermalized Magnetisation = (0.070894,-0.008366), Energy = -0.762308 
Averaging iterations... h=0.062500,0.000000
Done.
Final: Magnetisation = (0.105358,-0.086878), Energy = -0.793570 
<M> = (0.089457,-0.001581), <E> = -0.762371 

T=1.660000	 Thermalizing iterations... 
Done.
Thermalized Magnetisation = (0.028694,0.021627), Energy = -0.762000 
Averaging iterations... h=0.062500,0.000000
Done.
Final: Magnetisation = (0.090864,-0.039791), Energy = -0.782883 
<M> = (0.091923,-0.001488), <E> = -0.767927 

T=1.650000	 Thermalizing iterations... 
Done.
Thermalized Magnetisation = (0.107760,-0.021957), Energy = -0.764799 
Averaging iterations... h=0.062500,0.000000
Done.
Final: Magnetisation = (0.053277,0.056975), Energy = -0.754461 
<M> = (0.094579,0.001051), <E> = -0.772791 

T=1.640000	 Thermalizing iterations... 
Done.
Thermalized Magnetisation = (0.130361,0.081207), Energy = -0.801768 
Averaging iterations... h=0.062500,0.000000
Done.
Final: Magnetisation = (0.141963,-0.057450), Energy = -0.788138 
<M> = (0.094427,0.001156), <E> = -0.778677 

T=1.630000	 Thermalizing iterations... 
Done.
Thermalized Magnetisation = (0.095361,0.047854), Energy = -0.802255 
Averaging iterations... h=0.062500,0.000000
Done.
Final: Magnetisation = (0.106909,0.007276), Energy = -0.731196 
<M> = (0.096452,0.000345), <E> = -0.784077 

T=1.620000	 Thermalizing iterations... 
Done.
Thermalized Magnetisation = (0.107980,-0.057881), Energy = -0.790114 
Averaging iterations... h=0.062500,0.000000
Done.
Final: Magnetisation = (0.173120,-0.046837), Energy = -0.806339 
<M> = (0.099648,-0.001637), <E> = -0.791022 

T=1.610000	 Thermalizing iterations... 
Done.
Thermalized Magnetisation = (0.112858,0.032150), Energy = -0.807564 
Averaging iterations... h=0.062500,0.000000
Done.
Final: Magnetisation = (0.091203,0.094869), Energy = -0.817247 
<M> = (0.100411,-0.002627), <E> = -0.797544 

T=1.600000	 Thermalizing iterations... 
Done.
Thermalized Magnetisation = (0.097225,-0.043500), Energy = -0.841429 
Averaging iterations... h=0.062500,0.000000
Done.
Final: Magnetisation = (0.064344,-0.015693), Energy = -0.775399 
<M> = (0.102368,-0.004894), <E> = -0.804252 

T=1.590000	 Thermalizing iterations... 
Done.
Thermalized Magnetisation = (0.062878,0.018103), Energy = -0.787776 
Averaging iterations... h=0.062500,0.000000
Done.
Final: Magnetisation = (0.014917,0.031837), Energy = -0.775938 
<M> = (0.103969,-0.003104), <E> = -0.810051 

T=1.580000	 Thermalizing iterations... 
Done.
Thermalized Magnetisation = (0.105743,0.004308), Energy = -0.790627 
Averaging iterations... h=0.062500,0.000000
Done.
Final: Magnetisation = (0.112299,-0.045424), Energy = -0.885655 
<M> = (0.108373,-0.000867), <E> = -0.816250 

T=1.570000	 Thermalizing iterations... 
Done.
Thermalized Magnetisation = (0.101297,0.028032), Energy = -0.825696 
Averaging iterations... h=0.062500,0.000000
Done.
Final: Magnetisation = (0.088002,0.009353), Energy = -0.808123 
<M> = (0.109271,0.000977), <E> = -0.822325 

T=1.560000	 Thermalizing iterations... 
Done.
Thermalized Magnetisation = (0.168383,-0.060705), Energy = -0.878615 
Averaging iterations... h=0.062500,0.000000
Done.
Final: Magnetisation = (0.055743,0.002350), Energy = -0.790957 
<M> = (0.112221,0.001571), <E> = -0.828370 

T=1.550000	 Thermalizing iterations... 
Done.
Thermalized Magnetisation = (0.056308,-0.011512), Energy = -0.796133 
Averaging iterations... h=0.062500,0.000000
Done.
Final: Magnetisation = (0.094350,0.001849), Energy = -0.813053 
<M> = (0.113992,0.000000), <E> = -0.835708 

T=1.540000	 Thermalizing iterations... 
Done.
Thermalized Magnetisation = (0.097361,0.099956), Energy = -0.845181 
Averaging iterations... h=0.062500,0.000000
Done.
Final: Magnetisation = (0.098936,-0.096218), Energy = -0.869355 
<M> = (0.116578,-0.002272), <E> = -0.843266 

T=1.530000	 Thermalizing iterations... 
Done.
Thermalized Magnetisation = (0.167033,-0.015890), Energy = -0.911971 
Averaging iterations... h=0.062500,0.000000
Done.
Final: Magnetisation = (0.113938,0.034375), Energy = -0.857455 
<M> = (0.119695,-0.003961), <E> = -0.850105 

T=1.520000	 Thermalizing iterations... 
Done.
Thermalized Magnetisation = (0.165016,0.062891), Energy = -0.867231 
Averaging iterations... h=0.062500,0.000000
Done.
Final: Magnetisation = (0.090716,-0.016641), Energy = -0.841874 
<M> = (0.121557,-0.004257), <E> = -0.857411 

T=1.510000	 Thermalizing iterations... 
Done.
Thermalized Magnetisation = (0.123303,0.000871), Energy = -0.892373 
Averaging iterations... h=0.062500,0.000000
Done.
Final: Magnetisation = (0.113323,-0.005063), Energy = -0.849409 
<M> = (0.127890,-0.000372), <E> = -0.864742 

T=1.500000	 Thermalizing iterations... 
Done.
Thermalized Magnetisation = (0.155550,-0.071570), Energy = -0.890779 
Averaging iterations... h=0.062500,0.000000
Done.
Final: Magnetisation = (0.090418,-0.041318), Energy = -0.858034 
<M> = (0.129456,0.003012), <E> = -0.871105 

T=1.490000	 Thermalizing iterations... 
Done.
Thermalized Magnetisation = (0.134128,-0.021630), Energy = -0.863495 
Averaging iterations... h=0.062500,0.000000
Done.
Final: Magnetisation = (0.117719,0.098383), Energy = -0.870555 
<M> = (0.131209,0.002494), <E> = -0.878011 

T=1.480000	 Thermalizing iterations... 
Done.
Thermalized Magnetisation = (0.164181,-0.033265), Energy = -0.867481 
Averaging iterations... h=0.062500,0.000000
Done.
Final: Magnetisation = (0.158810,-0.018494), Energy = -0.879243 
<M> = (0.132474,0.002790), <E> = -0.885549 

T=1.470000	 Thermalizing iterations... 
Done.
Thermalized Magnetisation = (0.168230,-0.002577), Energy = -0.913948 
Averaging iterations... h=0.062500,0.000000
Done.
Final: Magnetisation = (0.168334,-0.041216), Energy = -0.915875 
<M> = (0.139660,-0.000963), <E> = -0.894623 

T=1.460000	 Thermalizing iterations... 
Done.
Thermalized Magnetisation = (0.145875,0.077132), Energy = -0.893161 
Averaging iterations... h=0.062500,0.000000
Done.
Final: Magnetisation = (0.147244,0.016427), Energy = -0.904260 
<M> = (0.140906,-0.001574), <E> = -0.902358 

T=1.450000	 Thermalizing iterations... 
Done.
Thermalized Magnetisation = (0.156438,0.030869), Energy = -0.916597 
Averaging iterations... h=0.062500,0.000000
Done.
Final: Magnetisation = (0.090109,-0.030478), Energy = -0.904529 
<M> = (0.144550,-0.006988), <E> = -0.911213 

T=1.440000	 Thermalizing iterations... 
Done.
Thermalized Magnetisation = (0.201063,-0.084372), Energy = -0.965340 
Averaging iterations... h=0.062500,0.000000
Done.
Final: Magnetisation = (0.183595,-0.027233), Energy = -0.946029 
<M> = (0.149831,-0.005379), <E> = -0.919370 

T=1.430000	 Thermalizing iterations... 
Done.
Thermalized Magnetisation = (0.134412,-0.085568), Energy = -0.948684 
Averaging iterations... h=0.062500,0.000000
Done.
Final: Magnetisation = (0.130979,0.001792), Energy = -0.937516 
<M> = (0.152896,0.000723), <E> = -0.925573 

T=1.420000	 Thermalizing iterations... 
Done.
Thermalized Magnetisation = (0.253581,0.063933), Energy = -0.950353 
Averaging iterations... h=0.062500,0.000000
Done.
Final: Magnetisation = (0.155633,-0.048187), Energy = -0.925673 
<M> = (0.157231,0.002823), <E> = -0.933823 

T=1.410000	 Thermalizing iterations... 
Done.
Thermalized Magnetisation = (0.160741,0.010586), Energy = -0.963544 
Averaging iterations... h=0.062500,0.000000
Done.
Final: Magnetisation = (0.143909,-0.000737), Energy = -0.952893 
<M> = (0.158412,0.005275), <E> = -0.941249 

T=1.400000	 Thermalizing iterations... 
Done.
Thermalized Magnetisation = (0.149109,-0.006132), Energy = -0.934790 
Averaging iterations... h=0.062500,0.000000
Done.
Final: Magnetisation = (0.157251,0.074325), Energy = -0.922312 
<M> = (0.163298,-0.003314), <E> = -0.951554 

T=1.390000	 Thermalizing iterations... 
Done.
Thermalized Magnetisation = (0.131160,-0.035012), Energy = -0.969617 
Averaging iterations... h=0.062500,0.000000
Done.
Final: Magnetisation = (0.171171,-0.003081), Energy = -0.974158 
<M> = (0.168085,-0.003408), <E> = -0.960814 

T=1.380000	 Thermalizing iterations... 
Done.
Thermalized Magnetisation = (0.166062,0.008034), Energy = -0.950471 
Averaging iterations... h=0.062500,0.000000
Done.
Final: Magnetisation = (0.179414,-0.056262), Energy = -0.929494 
<M> = (0.171480,-0.008908), <E> = -0.969630 

T=1.370000	 Thermalizing iterations... 
Done.
Thermalized Magnetisation = (0.109519,-0.048802), Energy = -0.930816 
Averaging iterations... h=0.062500,0.000000
Done.
Final: Magnetisation = (0.139573,-0.038937), Energy = -0.933105 
<M> = (0.174948,-0.004088), <E> = -0.979184 

T=1.360000	 Thermalizing iterations... 
Done.
Thermalized Magnetisation = (0.159271,0.005688), Energy = -0.989145 
Averaging iterations... h=0.062500,0.000000
Done.
Final: Magnetisation = (0.246338,0.071110), Energy = -1.035176 
<M> = (0.182704,-0.003121), <E> = -0.988189 

T=1.350000	 Thermalizing iterations... 
Done.
Thermalized Magnetisation = (0.223535,0.102491), Energy = -0.995783 
Averaging iterations... h=0.062500,0.000000
Done.
Final: Magnetisation = (0.139302,0.074399), Energy = -0.962329 
<M> = (0.188282,0.006071), <E> = -0.995942 

T=1.340000	 Thermalizing iterations... 
Done.
Thermalized Magnetisation = (0.268341,0.045117), Energy = -1.072291 
Averaging iterations... h=0.062500,0.000000
Done.
Final: Magnetisation = (0.230210,-0.002062), Energy = -1.038431 
<M> = (0.189432,0.001853), <E> = -1.005431 

T=1.330000	 Thermalizing iterations... 
Done.
Thermalized Magnetisation = (0.247387,0.015434), Energy = -1.046077 
Averaging iterations... h=0.062500,0.000000
Done.
Final: Magnetisation = (0.203820,-0.067388), Energy = -1.031561 
<M> = (0.193395,0.000823), <E> = -1.014954 

T=1.320000	 Thermalizing iterations... 
Done.
Thermalized Magnetisation = (0.199771,0.000961), Energy = -1.027564 
Averaging iterations... h=0.062500,0.000000
Done.
Final: Magnetisation = (0.166395,0.001082), Energy = -0.991199 
<M> = (0.203262,-0.004032), <E> = -1.025814 

T=1.310000	 Thermalizing iterations... 
Done.
Thermalized Magnetisation = (0.262624,-0.020998), Energy = -1.083065 
Averaging iterations... h=0.062500,0.000000
Done.
Final: Magnetisation = (0.188564,0.045913), Energy = -1.042216 
<M> = (0.209046,-0.010104), <E> = -1.037062 

T=1.300000	 Thermalizing iterations... 
Done.
Thermalized Magnetisation = (0.164134,-0.019256), Energy = -1.029047 
Averaging iterations... h=0.062500,0.000000
Done.
Final: Magnetisation = (0.227021,-0.024831), Energy = -1.102109 
<M> = (0.213455,-0.007446), <E> = -1.047299 

T=1.290000	 Thermalizing iterations... 
Done.
Thermalized Magnetisation = (0.235585,-0.013907), Energy = -1.059452 
Averaging iterations... h=0.062500,0.000000
Done.
Final: Magnetisation = (0.232242,-0.040774), Energy = -1.046807 
<M> = (0.222551,-0.002886), <E> = -1.057740 

T=1.280000	 Thermalizing iterations... 
Done.
Thermalized Magnetisation = (0.217017,0.025415), Energy = -1.082041 
Averaging iterations... h=0.062500,0.000000
Done.
Final: Magnetisation = (0.245841,-0.036671), Energy = -1.082623 
<M> = (0.226609,0.001264), <E> = -1.066528 

T=1.270000	 Thermalizing iterations... 
Done.
Thermalized Magnetisation = (0.187659,0.046797), Energy = -1.049866 
Averaging iterations... h=0.062500,0.000000
Done.
Final: Magnetisation = (0.188178,-0.000391), Energy = -1.087815 
<M> = (0.229747,0.001191), <E> = -1.075669 

T=1.260000	 Thermalizing iterations... 
Done.
Thermalized Magnetisation = (0.170372,-0.011888), Energy = -1.050863 
Averaging iterations... h=0.062500,0.000000
Done.
Final: Magnetisation = (0.221902,-0.061416), Energy = -1.099364 
<M> = (0.235863,0.003343), <E> = -1.085940 

T=1.250000	 Thermalizing iterations... 
Done.
Thermalized Magnetisation = (0.245259,-0.057323), Energy = -1.129765 
Averaging iterations... h=0.062500,0.000000
Done.
Final: Magnetisation = (0.223328,0.034888), Energy = -1.075111 
<M> = (0.243886,-0.005296), <E> = -1.098699 

T=1.240000	 Thermalizing iterations... 
Done.
Thermalized Magnetisation = (0.276199,-0.039084), Energy = -1.143401 
Averaging iterations... h=0.062500,0.000000
Done.
Final: Magnetisation = (0.169284,-0.045595), Energy = -1.061511 
<M> = (0.248127,-0.000594), <E> = -1.109831 

T=1.230000	 Thermalizing iterations... 
Done.
Thermalized Magnetisation = (0.268940,0.087398), Energy = -1.128725 
Averaging iterations... h=0.062500,0.000000
Done.
Final: Magnetisation = (0.200427,-0.105338), Energy = -1.074300 
<M> = (0.252956,-0.012374), <E> = -1.121444 

T=1.220000	 Thermalizing iterations... 
Done.
Thermalized Magnetisation = (0.249676,-0.077074), Energy = -1.127101 
Averaging iterations... h=0.062500,0.000000
Done.
Final: Magnetisation = (0.254175,-0.070019), Energy = -1.149884 
<M> = (0.261134,-0.004747), <E> = -1.132141 

T=1.210000	 Thermalizing iterations... 
Done.
Thermalized Magnetisation = (0.280145,-0.023014), Energy = -1.091631 
Averaging iterations... h=0.062500,0.000000
Done.
Final: Magnetisation = (0.252258,-0.013930), Energy = -1.156927 
<M> = (0.271685,-0.004412), <E> = -1.143681 

T=1.200000	 Thermalizing iterations... 
Done.
Thermalized Magnetisation = (0.392969,-0.072151), Energy = -1.176930 
Averaging iterations... h=0.062500,0.000000
Done.
Final: Magnetisation = (0.293459,0.023432), Energy = -1.163527 
<M> = (0.275953,0.007426), <E> = -1.153389 

T=1.190000	 Thermalizing iterations... 
Done.
Thermalized Magnetisation = (0.316105,0.050900), Energy = -1.132719 
Averaging iterations... h=0.062500,0.000000
Done.
Final: Magnetisation = (0.283251,-0.088723), Energy = -1.181945 
<M> = (0.285146,-0.004180), <E> = -1.165030 

T=1.180000	 Thermalizing iterations... 
Done.
Thermalized Magnetisation = (0.274680,-0.084244), Energy = -1.165748 
Averaging iterations... h=0.062500,0.000000
Done.
Final: Magnetisation = (0.287895,0.021151), Energy = -1.133044 
<M> = (0.295374,-0.005778), <E> = -1.177108 

T=1.170000	 Thermalizing iterations... 
Done.
Thermalized Magnetisation = (0.274714,0.057860), Energy = -1.218440 
Averaging iterations... h=0.062500,0.000000
Done.
Final: Magnetisation = (0.245422,0.203526), Energy = -1.202319 
<M> = (0.301497,-0.004864), <E> = -1.189349 

T=1.160000	 Thermalizing iterations... 
Done.
Thermalized Magnetisation = (0.315303,-0.137926), Energy = -1.223935 
Averaging iterations... h=0.062500,0.000000
Done.
Final: Magnetisation = (0.264772,-0.113948), Energy = -1.201406 
<M> = (0.308557,-0.020435), <E> = -1.203379 

T=1.150000	 Thermalizing iterations... 
Done.
Thermalized Magnetisation = (0.311131,-0.114941), Energy = -1.258886 
Averaging iterations... h=0.062500,0.000000
Done.
Final: Magnetisation = (0.285112,0.032742), Energy = -1.211849 
<M> = (0.318232,-0.015624), <E> = -1.215168 

T=1.140000	 Thermalizing iterations... 
Done.
Thermalized Magnetisation = (0.299860,-0.103646), Energy = -1.242128 
Averaging iterations... h=0.062500,0.000000
Done.
Final: Magnetisation = (0.347678,-0.065470), Energy = -1.225509 
<M> = (0.327396,-0.013502), <E> = -1.226536 

T=1.130000	 Thermalizing iterations... 
Done.
Thermalized Magnetisation = (0.243359,0.071992), Energy = -1.181692 
Averaging iterations... h=0.062500,0.000000
Done.
Final: Magnetisation = (0.330810,0.083024), Energy = -1.229407 
<M> = (0.336381,-0.001591), <E> = -1.237609 

T=1.120000	 Thermalizing iterations... 
Done.
Thermalized Magnetisation = (0.320602,0.051656), Energy = -1.249473 
Averaging iterations... h=0.062500,0.000000
Done.
Final: Magnetisation = (0.288581,-0.170336), Energy = -1.232562 
<M> = (0.343512,0.005921), <E> = -1.249635 

T=1.110000	 Thermalizing iterations... 
Done.
Thermalized Magnetisation = (0.395540,-0.077448), Energy = -1.271093 
Averaging iterations... h=0.062500,0.000000
Done.
Final: Magnetisation = (0.373184,-0.034077), Energy = -1.249103 
<M> = (0.351103,0.014092), <E> = -1.260785 

T=1.100000	 Thermalizing iterations... 
Done.
Thermalized Magnetisation = (0.330425,-0.096491), Energy = -1.291469 
Averaging iterations... h=0.062500,0.000000
Done.
Final: Magnetisation = (0.347504,-0.059024), Energy = -1.281158 
<M> = (0.360397,0.000656), <E> = -1.274870 

T=1.090000	 Thermalizing iterations... 
Done.
Thermalized Magnetisation = (0.374480,-0.000372), Energy = -1.285214 
Averaging iterations... h=0.062500,0.000000
Done.
Final: Magnetisation = (0.327823,0.025170), Energy = -1.285359 
<M> = (0.369816,-0.017355), <E> = -1.287108 

T=1.080000	 Thermalizing iterations... 
Done.
Thermalized Magnetisation = (0.384135,-0.060956), Energy = -1.303376 
Averaging iterations... h=0.062500,0.000000
Done.
Final: Magnetisation = (0.389242,0.065892), Energy = -1.297931 
<M> = (0.373157,-0.039156), <E> = -1.300846 

T=1.070000	 Thermalizing iterations... 
Done.
Thermalized Magnetisation = (0.434830,0.082872), Energy = -1.318440 
Averaging iterations... h=0.062500,0.000000
Done.
Final: Magnetisation = (0.406843,0.008855), Energy = -1.282631 
<M> = (0.383312,-0.034471), <E> = -1.312472 

T=1.060000	 Thermalizing iterations... 
Done.
Thermalized Magnetisation = (0.390718,0.148286), Energy = -1.351435 
Averaging iterations... h=0.062500,0.000000
Done.
Final: Magnetisation = (0.423462,-0.210494), Energy = -1.338904 
<M> = (0.390906,-0.018827), <E> = -1.325761 

T=1.050000	 Thermalizing iterations... 
Done.
Thermalized Magnetisation = (0.431040,-0.114054), Energy = -1.370531 
Averaging iterations... h=0.062500,0.000000
Done.
Final: Magnetisation = (0.347948,-0.043568), Energy = -1.313683 
<M> = (0.404691,-0.005729), <E> = -1.335530 

T=1.040000	 Thermalizing iterations... 
Done.
Thermalized Magnetisation = (0.342240,-0.009824), Energy = -1.320740 
Averaging iterations... h=0.062500,0.000000
Done.
Final: Magnetisation = (0.345442,-0.014869), Energy = -1.335676 
<M> = (0.403456,0.011907), <E> = -1.346115 

T=1.030000	 Thermalizing iterations... 
Done.
Thermalized Magnetisation = (0.382884,-0.148899), Energy = -1.329889 
Averaging iterations... h=0.062500,0.000000
Done.
Final: Magnetisation = (0.363286,-0.005355), Energy = -1.361991 
<M> = (0.412316,-0.005195), <E> = -1.358901 

T=1.020000	 Thermalizing iterations... 
Done.
Thermalized Magnetisation = (0.451038,0.042416), Energy = -1.349455 
Averaging iterations... h=0.062500,0.000000
Done.
Final: Magnetisation = (0.406018,-0.020953), Energy = -1.386932 
<M> = (0.417734,-0.021322), <E> = -1.370444 

T=1.010000	 Thermalizing iterations... 
Done.
Thermalized Magnetisation = (0.377592,0.072346), Energy = -1.353817 
Averaging iterations... h=0.062500,0.000000
Done.
Final: Magnetisation = (0.448528,-0.095713), Energy = -1.393601 
<M> = (0.429829,-0.058659), <E> = -1.384192 

T=1.000000	 Thermalizing iterations... 
Done.
Thermalized Magnetisation = (0.396948,0.041202), Energy = -1.398794 
Averaging iterations... h=0.062500,0.000000
Done.
Final: Magnetisation = (0.479280,0.046062), Energy = -1.400505 
<M> = (0.435438,-0.057351), <E> = -1.395669 

T=0.990000	 Thermalizing iterations... 
Done.
Thermalized Magnetisation = (0.412129,-0.017997), Energy = -1.418152 
Averaging iterations... h=0.062500,0.000000
Done.
Final: Magnetisation = (0.450014,-0.083961), Energy = -1.393493 
<M> = (0.444444,-0.083534), <E> = -1.408948 

T=0.980000	 Thermalizing iterations... 
Done.
Thermalized Magnetisation = (0.442391,0.081342), Energy = -1.412590 
Averaging iterations... h=0.062500,0.000000
Done.
Final: Magnetisation = (0.512289,-0.002181), Energy = -1.420114 
<M> = (0.453461,0.055614), <E> = -1.419423 

T=0.970000	 Thermalizing iterations... 
Done.
Thermalized Magnetisation = (0.444831,-0.000310), Energy = -1.377480 
Averaging iterations... h=0.062500,0.000000
Done.
Final: Magnetisation = (0.459614,0.188831), Energy = -1.428899 
<M> = (0.462742,-0.022976), <E> = -1.428147 

T=0.960000	 Thermalizing iterations... 
Done.
Thermalized Magnetisation = (0.421570,-0.063162), Energy = -1.446394 
Averaging iterations... h=0.062500,0.000000
Done.
Final: Magnetisation = (0.490422,0.015776), Energy = -1.426824 
<M> = (0.459366,0.023973), <E> = -1.440014 

T=0.950000	 Thermalizing iterations... 
Done.
Thermalized Magnetisation = (0.424405,-0.269495), Energy = -1.427594 
Averaging iterations... h=0.062500,0.000000
Done.
Final: Magnetisation = (0.430234,-0.026681), Energy = -1.457924 
<M> = (0.466496,-0.027973), <E> = -1.452006 

T=0.940000	 Thermalizing iterations... 
Done.
Thermalized Magnetisation = (0.516214,-0.033831), Energy = -1.488041 
Averaging iterations... h=0.062500,0.000000
Done.
Final: Magnetisation = (0.479098,-0.003278), Energy = -1.478494 
<M> = (0.474285,-0.108250), <E> = -1.463207 

T=0.930000	 Thermalizing iterations... 
Done.
Thermalized Magnetisation = (0.499112,0.080029), Energy = -1.445650 
Averaging iterations... h=0.062500,0.000000
Done.
Final: Magnetisation = (0.505499,-0.161429), Energy = -1.477199 
<M> = (0.471071,-0.188000), <E> = -1.475195 

T=0.920000	 Thermalizing iterations... 
Done.
Thermalized Magnetisation = (0.542666,-0.074773), Energy = -1.498531 
Averaging iterations... h=0.062500,0.000000
Done.
Final: Magnetisation = (0.467912,-0.132188), Energy = -1.458366 
<M> = (0.484208,-0.099914), <E> = -1.485031 

T=0.910000	 Thermalizing iterations... 
Done.
Thermalized Magnetisation = (0.461035,-0.212844), Energy = -1.503420 
Averaging iterations... h=0.062500,0.000000
Done.
Final: Magnetisation = (0.506147,-0.082540), Energy = -1.498408 
<M> = (0.500961,-0.057990), <E> = -1.493531 

T=0.900000	 Thermalizing iterations... 
Done.
Thermalized Magnetisation = (0.505178,0.003759), Energy = -1.484541 
Averaging iterations... h=0.062500,0.000000
Done.
Final: Magnetisation = (0.491158,0.010479), Energy = -1.515312 
<M> = (0.501799,-0.012546), <E> = -1.503358 

T=0.890000	 Thermalizing iterations... 
Done.
Thermalized Magnetisation = (0.433198,-0.044199), Energy = -1.510856 
Averaging iterations... h=0.062500,0.000000
Done.
Final: Magnetisation = (0.465880,0.062770), Energy = -1.483494 
<M> = (0.492433,0.002932), <E> = -1.513983 

T=0.880000	 Thermalizing iterations... 
Done.
Thermalized Magnetisation = (0.445559,-0.267589), Energy = -1.534158 
Averaging iterations... h=0.062500,0.000000
Done.
Final: Magnetisation = (0.541138,-0.128358), Energy = -1.537416 
<M> = (0.506870,-0.136457), <E> = -1.523598 

T=0.870000	 Thermalizing iterations... 
Done.
Thermalized Magnetisation = (0.540482,-0.177459), Energy = -1.548161 
Averaging iterations... h=0.062500,0.000000
Done.
Final: Magnetisation = (0.538795,-0.225928), Energy = -1.544765 
<M> = (0.497351,-0.143627), <E> = -1.532987 

T=0.860000	 Thermalizing iterations... 
Done.
Thermalized Magnetisation = (0.526595,-0.285757), Energy = -1.555608 
Averaging iterations... h=0.062500,0.000000
Done.
Final: Magnetisation = (0.547823,-0.195690), Energy = -1.542221 
<M> = (0.489666,-0.303865), <E> = -1.545418 

T=0.850000	 Thermalizing iterations... 
Done.
Thermalized Magnetisation = (0.513723,-0.246726), Energy = -1.545601 
Averaging iterations... h=0.062500,0.000000
Done.
Final: Magnetisation = (0.464174,-0.339751), Energy = -1.553974 
<M> = (0.490615,-0.275735), <E> = -1.554225 

T=0.840000	 Thermalizing iterations... 
Done.
Thermalized Magnetisation = (0.488652,-0.357411), Energy = -1.582654 
Averaging iterations... h=0.062500,0.000000
Done.
Final: Magnetisation = (0.531356,-0.286078), Energy = -1.571407 
<M> = (0.515054,-0.213115), <E> = -1.561375 

T=0.830000	 Thermalizing iterations... 
Done.
Thermalized Magnetisation = (0.549396,-0.276787), Energy = -1.575462 
Averaging iterations... h=0.062500,0.000000
Done.
Final: Magnetisation = (0.532915,-0.216167), Energy = -1.587519 
<M> = (0.511934,-0.291148), <E> = -1.570648 

T=0.820000	 Thermalizing iterations... 
Done.
Thermalized Magnetisation = (0.506065,-0.217268), Energy = -1.578058 
Averaging iterations... h=0.062500,0.000000
Done.
Final: Magnetisation = (0.568728,-0.146245), Energy = -1.570069 
<M> = (0.521318,-0.187248), <E> = -1.577604 

T=0.810000	 Thermalizing iterations... 
Done.
Thermalized Magnetisation = (0.506101,-0.333215), Energy = -1.569251 
Averaging iterations... h=0.062500,0.000000
Done.
Final: Magnetisation = (0.508395,-0.329673), Energy = -1.579763 
<M> = (0.507447,-0.339926), <E> = -1.587703 

T=0.800000	 Thermalizing iterations... 
Done.
Thermalized Magnetisation = (0.438557,-0.476979), Energy = -1.592627 
Averaging iterations... h=0.062500,0.000000
Done.
Final: Magnetisation = (0.488848,-0.348893), Energy = -1.578413 
<M> = (0.501544,-0.359845), <E> = -1.596671 

T=0.790000	 Thermalizing iterations... 
Done.
Thermalized Magnetisation = (0.434427,-0.329500), Energy = -1.603274 
Averaging iterations... h=0.062500,0.000000
Done.
Final: Magnetisation = (0.512239,-0.233883), Energy = -1.614495 
<M> = (0.518028,-0.288398), <E> = -1.604371 

T=0.780000	 Thermalizing iterations... 
Done.
Thermalized Magnetisation = (0.497288,-0.061137), Energy = -1.606903 
Averaging iterations... h=0.062500,0.000000
Done.
Final: Magnetisation = (0.537468,-0.243774), Energy = -1.602501 
<M> = (0.523257,-0.158142), <E> = -1.611128 

T=0.770000	 Thermalizing iterations... 
Done.
Thermalized Magnetisation = (0.577642,-0.341617), Energy = -1.633020 
Averaging iterations... h=0.062500,0.000000
Done.
Final: Magnetisation = (0.487940,-0.437778), Energy = -1.621786 
<M> = (0.504331,-0.381491), <E> = -1.621357 

T=0.760000	 Thermalizing iterations... 
Done.
Thermalized Magnetisation = (0.530117,-0.308379), Energy = -1.598241 
Averaging iterations... h=0.062500,0.000000
Done.
Final: Magnetisation = (0.546339,-0.427696), Energy = -1.649622 
<M> = (0.528138,-0.295458), <E> = -1.627981 

T=0.750000	 Thermalizing iterations... 
Done.
Thermalized Magnetisation = (0.575224,-0.178450), Energy = -1.634518 
Averaging iterations... h=0.062500,0.000000
Done.
Final: Magnetisation = (0.509258,-0.390529), Energy = -1.630559 
<M> = (0.524249,-0.339021), <E> = -1.635059 

T=0.740000	 Thermalizing iterations... 
Done.
Thermalized Magnetisation = (0.497044,-0.389865), Energy = -1.658928 
Averaging iterations... h=0.062500,0.000000
Done.
Final: Magnetisation = (0.453105,-0.512024), Energy = -1.656264 
<M> = (0.527073,-0.297249), <E> = -1.642484 

T=0.730000	 Thermalizing iterations... 
Done.
Thermalized Magnetisation = (0.552905,-0.352657), Energy = -1.640437 
Averaging iterations... h=0.062500,0.000000
Done.
Final: Magnetisation = (0.523251,-0.379848), Energy = -1.656272 
<M> = (0.517987,-0.398186), <E> = -1.650836 

T=0.720000	 Thermalizing iterations... 
Done.
Thermalized Magnetisation = (0.507372,-0.431111), Energy = -1.632541 
Averaging iterations... h=0.062500,0.000000
Done.
Final: Magnetisation = (0.489727,-0.446707), Energy = -1.657102 
<M> = (0.504416,-0.424832), <E> = -1.659027 

T=0.710000	 Thermalizing iterations... 
Done.
Thermalized Magnetisation = (0.538043,-0.097936), Energy = -1.659902 
Averaging iterations... h=0.062500,0.000000
Done.
Final: Magnetisation = (0.545941,0.002633), Energy = -1.667708 
<M> = (0.538653,-0.063513), <E> = -1.664289 

T=0.700000	 Thermalizing iterations... 
Done.
Thermalized Magnetisation = (0.489669,-0.343939), Energy = -1.682700 
Averaging iterations... h=0.062500,0.000000
Done.
Final: Magnetisation = (0.447266,-0.402376), Energy = -1.664431 
<M> = (0.513395,-0.373569), <E> = -1.672870 

T=0.690000	 Thermalizing iterations... 
Done.
Thermalized Magnetisation = (0.557749,-0.229171), Energy = -1.679938 
Averaging iterations... h=0.062500,0.000000
Done.
Final: Magnetisation = (0.463927,-0.441630), Energy = -1.669219 
<M> = (0.527179,-0.328891), <E> = -1.679417 

T=0.680000	 Thermalizing iterations... 
Done.
Thermalized Magnetisation = (0.489314,-0.341830), Energy = -1.685062 
Averaging iterations... h=0.062500,0.000000
Done.
Final: Magnetisation = (0.497150,-0.261285), Energy = -1.692833 
<M> = (0.530275,-0.293654), <E> = -1.686310 

T=0.670000	 Thermalizing iterations... 
Done.
Thermalized Magnetisation = (0.489217,-0.323768), Energy = -1.691193 
Averaging iterations... h=0.062500,0.000000
Done.
Final: Magnetisation = (0.606144,-0.279143), Energy = -1.709700 
<M> = (0.523996,-0.336753), <E> = -1.693344 

T=0.660000	 Thermalizing iterations... 
Done.
Thermalized Magnetisation = (0.523946,-0.311101), Energy = -1.694013 
Averaging iterations... h=0.062500,0.000000
Done.
Final: Magnetisation = (0.550103,-0.279997), Energy = -1.697730 
<M> = (0.529177,-0.318401), <E> = -1.699769 

T=0.650000	 Thermalizing iterations... 
Done.
Thermalized Magnetisation = (0.510565,-0.295798), Energy = -1.707416 
Averaging iterations... h=0.062500,0.000000
Done.
Final: Magnetisation = (0.477939,-0.349952), Energy = -1.692656 
<M> = (0.527636,-0.295925), <E> = -1.707044 

T=0.640000	 Thermalizing iterations... 
Done.
Thermalized Magnetisation = (0.565427,-0.324478), Energy = -1.721153 
Averaging iterations... h=0.062500,0.000000
Done.
Final: Magnetisation = (0.550907,-0.326575), Energy = -1.713911 
<M> = (0.527083,-0.334027), <E> = -1.713758 

T=0.630000	 Thermalizing iterations... 
Done.
Thermalized Magnetisation = (0.498114,-0.336090), Energy = -1.725927 
Averaging iterations... h=0.062500,0.000000
Done.
Final: Magnetisation = (0.522441,-0.378296), Energy = -1.722314 
<M> = (0.525741,-0.338476), <E> = -1.719903 

T=0.620000	 Thermalizing iterations... 
Done.
Thermalized Magnetisation = (0.478491,-0.337923), Energy = -1.728234 
Averaging iterations... h=0.062500,0.000000
Done.
Final: Magnetisation = (0.563148,-0.370062), Energy = -1.735304 
<M> = (0.536751,-0.308752), <E> = -1.726644 

T=0.610000	 Thermalizing iterations... 
Done.
Thermalized Magnetisation = (0.516013,-0.415276), Energy = -1.734206 
Averaging iterations... h=0.062500,0.000000
Done.
Final: Magnetisation = (0.522130,-0.380590), Energy = -1.727211 
<M> = (0.526991,-0.379012), <E> = -1.733591 

T=0.600000	 Thermalizing iterations... 
Done.
Thermalized Magnetisation = (0.535981,-0.415568), Energy = -1.735810 
Averaging iterations... h=0.062500,0.000000
Done.
Final: Magnetisation = (0.510930,-0.413168), Energy = -1.735778 
<M> = (0.533312,-0.368536), <E> = -1.739777 

T=0.590000	 Thermalizing iterations... 
Done.
Thermalized Magnetisation = (0.535944,-0.341411), Energy = -1.746813 
Averaging iterations... h=0.062500,0.000000
Done.
Final: Magnetisation = (0.520167,-0.408259), Energy = -1.754797 
<M> = (0.524468,-0.391379), <E> = -1.746353 

T=0.580000	 Thermalizing iterations... 
Done.
Thermalized Magnetisation = (0.562609,-0.402859), Energy = -1.766946 
Averaging iterations... h=0.062500,0.000000
Done.
Final: Magnetisation = (0.494507,-0.366234), Energy = -1.763258 
<M> = (0.527961,-0.395005), <E> = -1.752659 

T=0.570000	 Thermalizing iterations... 
Done.
Thermalized Magnetisation = (0.509145,-0.455117), Energy = -1.762203 
Averaging iterations... h=0.062500,0.000000
Done.
Final: Magnetisation = (0.559780,-0.386090), Energy = -1.766146 
<M> = (0.520781,-0.395766), <E> = -1.759593 

T=0.560000	 Thermalizing iterations... 
Done.
Thermalized Magnetisation = (0.536497,-0.394891), Energy = -1.770744 
Averaging iterations... h=0.062500,0.000000
Done.
Final: Magnetisation = (0.537269,-0.403510), Energy = -1.768802 
<M> = (0.513534,-0.425173), <E> = -1.765789 

T=0.550000	 Thermalizing iterations... 
Done.
Thermalized Magnetisation = (0.553837,-0.377033), Energy = -1.779214 
Averaging iterations... h=0.062500,0.000000
Done.
Final: Magnetisation = (0.529819,-0.404096), Energy = -1.770267 
<M> = (0.514797,-0.429019), <E> = -1.772224 

T=0.540000	 Thermalizing iterations... 
Done.
Thermalized Magnetisation = (0.531214,-0.414362), Energy = -1.786111 
Averaging iterations... h=0.062500,0.000000
Done.
Final: Magnetisation = (0.491017,-0.465415), Energy = -1.774508 
<M> = (0.533833,-0.399905), <E> = -1.777201 

T=0.530000	 Thermalizing iterations... 
Done.
Thermalized Magnetisation = (0.569953,-0.426866), Energy = -1.784064 
Averaging iterations... h=0.062500,0.000000
Done.
Final: Magnetisation = (0.525972,-0.435755), Energy = -1.792924 
<M> = (0.534604,-0.417018), <E> = -1.783541 

T=0.520000	 Thermalizing iterations... 
Done.
Thermalized Magnetisation = (0.533295,-0.374621), Energy = -1.785470 
Averaging iterations... h=0.062500,0.000000
Done.
Final: Magnetisation = (0.519241,-0.408282), Energy = -1.783182 
<M> = (0.531410,-0.407844), <E> = -1.789613 

T=0.510000	 Thermalizing iterations... 
Done.
Thermalized Magnetisation = (0.509103,-0.477639), Energy = -1.797081 
Averaging iterations... h=0.062500,0.000000
Done.
Final: Magnetisation = (0.527716,-0.450726), Energy = -1.796576 
<M> = (0.519227,-0.457705), <E> = -1.796308 

T=0.500000	 Thermalizing iterations... 
Done.
Thermalized Magnetisation = (0.480668,-0.466639), Energy = -1.799847 
Averaging iterations... h=0.062500,0.000000
Done.
Final: Magnetisation = (0.494150,-0.450208), Energy = -1.809022 
<M> = (0.518865,-0.448101), <E> = -1.802638 

T=0.490000	 Thermalizing iterations... 
Done.
Thermalized Magnetisation = (0.487986,-0.496125), Energy = -1.812688 
Averaging iterations... h=0.062500,0.000000
Done.
Final: Magnetisation = (0.518709,-0.482496), Energy = -1.816348 
<M> = (0.516731,-0.456081), <E> = -1.808707 

T=0.480000	 Thermalizing iterations... 
Done.
Thermalized Magnetisation = (0.534616,-0.428054), Energy = -1.816981 
Averaging iterations... h=0.062500,0.000000
Done.
Final: Magnetisation = (0.557759,-0.392793), Energy = -1.806142 
<M> = (0.523920,-0.440891), <E> = -1.814219 

T=0.470000	 Thermalizing iterations... 
Done.
Thermalized Magnetisation = (0.537449,-0.458556), Energy = -1.816034 
Averaging iterations... h=0.062500,0.000000
Done.
Final: Magnetisation = (0.549739,-0.445380), Energy = -1.829787 
<M> = (0.537305,-0.427313), <E> = -1.819660 

T=0.460000	 Thermalizing iterations... 
Done.
Thermalized Magnetisation = (0.545076,-0.419105), Energy = -1.815176 
Averaging iterations... h=0.062500,0.000000
Done.
Final: Magnetisation = (0.537884,-0.472499), Energy = -1.819982 
<M> = (0.539878,-0.434073), <E> = -1.825396 

T=0.450000	 Thermalizing iterations... 
Done.
Thermalized Magnetisation = (0.552782,-0.455018), Energy = -1.829590 
Averaging iterations... h=0.062500,0.000000
Done.
Final: Magnetisation = (0.568666,-0.397795), Energy = -1.825586 
<M> = (0.545272,-0.419575), <E> = -1.831360 

T=0.440000	 Thermalizing iterations... 
Done.
Thermalized Magnetisation = (0.490956,-0.503581), Energy = -1.839800 
Averaging iterations... h=0.062500,0.000000
Done.
Final: Magnetisation = (0.576969,-0.367423), Energy = -1.842942 
<M> = (0.532520,-0.457116), <E> = -1.837463 

T=0.430000	 Thermalizing iterations... 
Done.
Thermalized Magnetisation = (0.488431,-0.517052), Energy = -1.840083 
Averaging iterations... h=0.062500,0.000000
Done.
Final: Magnetisation = (0.533411,-0.441537), Energy = -1.833759 
<M> = (0.528501,-0.473491), <E> = -1.843669 

T=0.420000	 Thermalizing iterations... 
Done.
Thermalized Magnetisation = (0.552783,-0.449553), Energy = -1.850522 
Averaging iterations... h=0.062500,0.000000
Done.
Final: Magnetisation = (0.529933,-0.460102), Energy = -1.849462 
<M> = (0.521045,-0.477987), <E> = -1.849642 

T=0.410000	 Thermalizing iterations... 
Done.
Thermalized Magnetisation = (0.507933,-0.493691), Energy = -1.861964 
Averaging iterations... h=0.062500,0.000000
Done.
Final: Magnetisation = (0.561272,-0.480473), Energy = -1.849532 
<M> = (0.517008,-0.488886), <E> = -1.855395 

T=0.400000	 Thermalizing iterations... 
Done.
Thermalized Magnetisation = (0.534219,-0.507698), Energy = -1.856683 
Averaging iterations... h=0.062500,0.000000
Done.
Final: Magnetisation = (0.487730,-0.519981), Energy = -1.857303 
<M> = (0.528756,-0.476520), <E> = -1.860756 

T=0.390000	 Thermalizing iterations... 
Done.
Thermalized Magnetisation = (0.529150,-0.442086), Energy = -1.866998 
Averaging iterations... h=0.062500,0.000000
Done.
Final: Magnetisation = (0.525978,-0.469849), Energy = -1.863458 
<M> = (0.535133,-0.451703), <E> = -1.866213 

T=0.380000	 Thermalizing iterations... 
Done.
Thermalized Magnetisation = (0.516491,-0.488628), Energy = -1.866762 
Averaging iterations... h=0.062500,0.000000
Done.
Final: Magnetisation = (0.512982,-0.502646), Energy = -1.874222 
<M> = (0.537786,-0.470494), <E> = -1.871885 

T=0.370000	 Thermalizing iterations... 
Done.
Thermalized Magnetisation = (0.522111,-0.513645), Energy = -1.884632 
Averaging iterations... h=0.062500,0.000000
Done.
Final: Magnetisation = (0.554168,-0.454434), Energy = -1.882035 
<M> = (0.535079,-0.482052), <E> = -1.877638 

T=0.360000	 Thermalizing iterations... 
Done.
Thermalized Magnetisation = (0.519211,-0.510008), Energy = -1.881812 
Averaging iterations... h=0.062500,0.000000
Done.
Final: Magnetisation = (0.539480,-0.481994), Energy = -1.885361 
<M> = (0.530014,-0.497617), <E> = -1.883523 

T=0.350000	 Thermalizing iterations... 
Done.
Thermalized Magnetisation = (0.503665,-0.525254), Energy = -1.883922 
Averaging iterations... h=0.062500,0.000000
Done.
Final: Magnetisation = (0.528300,-0.463406), Energy = -1.886280 
<M> = (0.529970,-0.500323), <E> = -1.889120 

T=0.340000	 Thermalizing iterations... 
Done.
Thermalized Magnetisation = (0.552097,-0.481984), Energy = -1.895310 
Averaging iterations... h=0.062500,0.000000
Done.
Final: Magnetisation = (0.545636,-0.520725), Energy = -1.899837 
<M> = (0.528094,-0.504566), <E> = -1.894826 

T=0.330000	 Thermalizing iterations... 
Done.
Thermalized Magnetisation = (0.560121,-0.466627), Energy = -1.898194 
Averaging iterations... h=0.062500,0.000000
Done.
Final: Magnetisation = (0.531361,-0.500647), Energy = -1.896327 
<M> = (0.529477,-0.505965), <E> = -1.900364 

T=0.320000	 Thermalizing iterations... 
Done.
Thermalized Magnetisation = (0.527966,-0.528082), Energy = -1.903461 
Averaging iterations... h=0.062500,0.000000
Done.
Final: Magnetisation = (0.509220,-0.528276), Energy = -1.907043 
<M> = (0.533024,-0.503462), <E> = -1.905590 

T=0.310000	 Thermalizing iterations... 
Done.
Thermalized Magnetisation = (0.550373,-0.497567), Energy = -1.910216 
Averaging iterations... h=0.062500,0.000000
Done.
Final: Magnetisation = (0.539542,-0.503675), Energy = -1.909920 
<M> = (0.544638,-0.502492), <E> = -1.910890 

T=0.300000	 Thermalizing iterations... 
Done.
Thermalized Magnetisation = (0.548115,-0.512861), Energy = -1.915483 
Averaging iterations... h=0.062500,0.000000
Done.
Final: Magnetisation = (0.582987,-0.476566), Energy = -1.916081 
<M> = (0.542196,-0.488516), <E> = -1.916533 

T=0.290000	 Thermalizing iterations... 
Done.
Thermalized Magnetisation = (0.524232,-0.520939), Energy = -1.919815 
Averaging iterations... h=0.062500,0.000000
Done.
Final: Magnetisation = (0.517149,-0.491287), Energy = -1.918835 
<M> = (0.533117,-0.511467), <E> = -1.922070 

T=0.280000	 Thermalizing iterations... 
Done.
Thermalized Magnetisation = (0.511256,-0.551800), Energy = -1.925735 
Averaging iterations... h=0.062500,0.000000
Done.
Final: Magnetisation = (0.527944,-0.497001), Energy = -1.927553 
<M> = (0.536199,-0.506758), <E> = -1.927566 

T=0.270000	 Thermalizing iterations... 
Done.
Thermalized Magnetisation = (0.484448,-0.541122), Energy = -1.932509 
Averaging iterations... h=0.062500,0.000000
Done.
Final: Magnetisation = (0.544597,-0.499705), Energy = -1.931464 
<M> = (0.535385,-0.498070), <E> = -1.933118 

T=0.260000	 Thermalizing iterations... 
Done.
Thermalized Magnetisation = (0.559498,-0.485056), Energy = -1.937149 
Averaging iterations... h=0.062500,0.000000
Done.
Final: Magnetisation = (0.521708,-0.526546), Energy = -1.940569 
<M> = (0.526359,-0.516468), <E> = -1.938658 

T=0.250000	 Thermalizing iterations... 
Done.
Thermalized Magnetisation = (0.541706,-0.508335), Energy = -1.946431 
Averaging iterations... h=0.062500,0.000000
Done.
Final: Magnetisation = (0.536814,-0.533254), Energy = -1.947329 
<M> = (0.535864,-0.526752), <E> = -1.943772 

T=0.240000	 Thermalizing iterations... 
Done.
Thermalized Magnetisation = (0.553418,-0.512402), Energy = -1.953259 
Averaging iterations... h=0.062500,0.000000
Done.
Final: Magnetisation = (0.533340,-0.516795), Energy = -1.948966 
<M> = (0.538389,-0.526411), <E> = -1.949143 

T=0.230000	 Thermalizing iterations... 
Done.
Thermalized Magnetisation = (0.527199,-0.516926), Energy = -1.956404 
Averaging iterations... h=0.062500,0.000000
Done.
Final: Magnetisation = (0.540211,-0.526682), Energy = -1.955206 
<M> = (0.545311,-0.519590), <E> = -1.954246 

T=0.220000	 Thermalizing iterations... 
Done.
Thermalized Magnetisation = (0.539284,-0.529338), Energy = -1.957959 
Averaging iterations... h=0.062500,0.000000
Done.
Final: Magnetisation = (0.547240,-0.546656), Energy = -1.958375 
<M> = (0.544150,-0.526530), <E> = -1.959771 

T=0.210000	 Thermalizing iterations... 
Done.
Thermalized Magnetisation = (0.537876,-0.502423), Energy = -1.963386 
Averaging iterations... h=0.062500,0.000000
Done.
Final: Magnetisation = (0.531831,-0.551652), Energy = -1.966603 
<M> = (0.538026,-0.536119), <E> = -1.965152 

T=0.200000	 Thermalizing iterations... 
Done.
Thermalized Magnetisation = (0.545268,-0.536011), Energy = -1.969863 
Averaging iterations... h=0.062500,0.000000
Done.
Final: Magnetisation = (0.538442,-0.513933), Energy = -1.970413 
<M> = (0.536516,-0.537109), <E> = -1.970413 

T=0.190000	 Thermalizing iterations... 
Done.
Thermalized Magnetisation = (0.519673,-0.565970), Energy = -1.976432 
Averaging iterations... h=0.062500,0.000000
Done.
Final: Magnetisation = (0.540949,-0.535334), Energy = -1.979187 
<M> = (0.533879,-0.550602), <E> = -1.975826 

T=0.180000	 Thermalizing iterations... 
Done.
Thermalized Magnetisation = (0.530386,-0.544235), Energy = -1.985862 
Averaging iterations... h=0.062500,0.000000
Done.
Final: Magnetisation = (0.533394,-0.551739), Energy = -1.980796 
<M> = (0.537228,-0.552233), <E> = -1.981121 

T=0.170000	 Thermalizing iterations... 
Done.
Thermalized Magnetisation = (0.525430,-0.563627), Energy = -1.982845 
Averaging iterations... h=0.062500,0.000000
Done.
Final: Magnetisation = (0.509899,-0.572776), Energy = -1.984902 
<M> = (0.537900,-0.555631), <E> = -1.986294 

T=0.160000	 Thermalizing iterations... 
Done.
Thermalized Magnetisation = (0.534497,-0.550663), Energy = -1.991569 
Averaging iterations... h=0.062500,0.000000
Done.
Final: Magnetisation = (0.546116,-0.543558), Energy = -1.994187 
<M> = (0.539042,-0.553609), <E> = -1.991294 

T=0.150000	 Thermalizing iterations... 
Done.
Thermalized Magnetisation = (0.552028,-0.546041), Energy = -1.994269 
Averaging iterations... h=0.062500,0.000000
Done.
Final: Magnetisation = (0.541802,-0.559371), Energy = -1.995659 
<M> = (0.541687,-0.554492), <E> = -1.996606 

T=0.140000	 Thermalizing iterations... 
Done.
Thermalized Magnetisation = (0.540374,-0.563925), Energy = -2.003418 
Averaging iterations... h=0.062500,0.000000
Done.
Final: Magnetisation = (0.564162,-0.543036), Energy = -2.002276 
<M> = (0.541354,-0.560697), <E> = -2.001856 

T=0.130000	 Thermalizing iterations... 
Done.
Thermalized Magnetisation = (0.550123,-0.567375), Energy = -2.008951 
Averaging iterations... h=0.062500,0.000000
Done.
Final: Magnetisation = (0.541191,-0.545944), Energy = -2.007330 
<M> = (0.542081,-0.558604), <E> = -2.007053 

T=0.120000	 Thermalizing iterations... 
Done.
Thermalized Magnetisation = (0.530740,-0.568786), Energy = -2.012568 
Averaging iterations... h=0.062500,0.000000
Done.
Final: Magnetisation = (0.546400,-0.561112), Energy = -2.012228 
<M> = (0.536262,-0.569431), <E> = -2.012297 

T=0.110000	 Thermalizing iterations... 
Done.
Thermalized Magnetisation = (0.539056,-0.570293), Energy = -2.017614 
Averaging iterations... h=0.062500,0.000000
Done.
Final: Magnetisation = (0.553975,-0.541407), Energy = -2.016798 
<M> = (0.538683,-0.572104), <E> = -2.017474 

T=0.100000	 Thermalizing iterations... 
Done.
Thermalized Magnetisation = (0.550019,-0.569392), Energy = -2.023629 
Averaging iterations... h=0.062500,0.000000
Done.
Final: Magnetisation = (0.533911,-0.577371), Energy = -2.022894 
<M> = (0.543175,-0.571726), <E> = -2.022540 

T=0.090000	 Thermalizing iterations... 
Done.
Thermalized Magnetisation = (0.545793,-0.571614), Energy = -2.027612 
Averaging iterations... h=0.062500,0.000000
Done.
Final: Magnetisation = (0.530360,-0.567754), Energy = -2.027994 
<M> = (0.547023,-0.566605), <E> = -2.027649 

T=0.080000	 Thermalizing iterations... 
Done.
Thermalized Magnetisation = (0.553850,-0.570139), Energy = -2.032552 
Averaging iterations... h=0.062500,0.000000
Done.
Final: Magnetisation = (0.544970,-0.568263), Energy = -2.033995 
<M> = (0.543205,-0.574140), <E> = -2.032750 

T=0.070000	 Thermalizing iterations... 
Done.
Thermalized Magnetisation = (0.531520,-0.589460), Energy = -2.038652 
Averaging iterations... h=0.062500,0.000000
Done.
Final: Magnetisation = (0.544881,-0.575844), Energy = -2.038333 
<M> = (0.538987,-0.580076), <E> = -2.037881 

T=0.060000	 Thermalizing iterations... 
Done.
Thermalized Magnetisation = (0.546536,-0.578264), Energy = -2.042250 
Averaging iterations... h=0.062500,0.000000
Done.
Final: Magnetisation = (0.533471,-0.583196), Energy = -2.043337 
<M> = (0.543997,-0.577929), <E> = -2.042992 

T=0.050000	 Thermalizing iterations... 
Done.
Thermalized Magnetisation = (0.540844,-0.577202), Energy = -2.048670 
Averaging iterations... h=0.062500,0.000000
Done.
Final: Magnetisation = (0.546320,-0.566841), Energy = -2.047960 
<M> = (0.546913,-0.577288), <E> = -2.048032 

T=0.040000	 Thermalizing iterations... 
Done.
Thermalized Magnetisation = (0.544281,-0.582010), Energy = -2.053350 
Averaging iterations... h=0.062500,0.000000
Done.
Final: Magnetisation = (0.541690,-0.583202), Energy = -2.052909 
<M> = (0.545887,-0.583877), <E> = -2.053121 

T=0.030000	 Thermalizing iterations... 
Done.
Thermalized Magnetisation = (0.547228,-0.581127), Energy = -2.058005 
Averaging iterations... h=0.062500,0.000000
Done.
Final: Magnetisation = (0.550606,-0.583401), Energy = -2.058065 
<M> = (0.547102,-0.586487), <E> = -2.058153 

T=0.020000	 Thermalizing iterations... 
Done.
Thermalized Magnetisation = (0.545626,-0.594425), Energy = -2.063112 
Averaging iterations... h=0.062500,0.000000
Done.
Final: Magnetisation = (0.543436,-0.588956), Energy = -2.063342 
<M> = (0.546651,-0.588339), <E> = -2.063197 

T=0.010000	 Thermalizing iterations... 
Done.
Thermalized Magnetisation = (0.546957,-0.589233), Energy = -2.068187 
Averaging iterations... h=0.062500,0.000000
Done.
Final: Magnetisation = (0.543434,-0.596290), Energy = -2.068137 
<M> = (0.545591,-0.592201), <E> = -2.068190 
Final Magnetisation = (0.543434,-0.596290), Energy = -2.068137 
------------------------

Updating all (first)black/(then)white checkerboard sites simultaneously.. 

ztne RFXY h rotating with |h|=0.062500 at T=0.000000..
loop 1

loop 2

CPU  Start Time = 3832789.462260 

CPU  End Time = 3841893.535629 

CPU Time elapsed total = 9104.073369 

real	151m44.089s
user	2659m29.822s
sys	1m23.766s
