nearest neighbor initialized. 
J loaded. 
h loaded. 
L = 64, dim_L = 2, dim_S = 2
hysteresis_MCS_multiplier = 10, hysteresis_MCS_max = 100
RAND_MAX = 2147483647.000000,
 sizeof(int) = 4,
 sizeof(long) = 8,
 sizeof(double) = 8,
 sizeof(long int) = 8,
 sizeof(short int) = 2,
 sizeof(unsigned int) = 4,
 sizeof(RAND_MAX) = 4

OpenMP Active.

No. of THREADS = 24
No. of PROCESSORS = 24

0.098071,-0.027140
order = ({1.000000-->-1.000000,0.000000}, 0, 1)
Initial Magnetisation = (0.098071,-0.027140), Energy = -0.097310 
Cooling... 
T=2.000000	 Thermalizing iterations... 
Done.
Thermalized Magnetisation = (-0.004813,0.077611), Energy = -0.573038 
Averaging iterations... h=0.062500,0.000000
Done.
Final: Magnetisation = (0.001217,-0.021308), Energy = -0.541988 
<M> = (0.063376,0.001055), <E> = -0.628438 

T=1.950000	 Thermalizing iterations... 
Done.
Thermalized Magnetisation = (0.079434,0.035684), Energy = -0.584737 
Averaging iterations... h=0.062500,0.000000
Done.
Final: Magnetisation = (0.059648,0.031969), Energy = -0.564669 
<M> = (0.066978,0.000234), <E> = -0.648266 

T=1.900000	 Thermalizing iterations... 
Done.
Thermalized Magnetisation = (0.037391,-0.020549), Energy = -0.610999 
Averaging iterations... h=0.062500,0.000000
Done.
Final: Magnetisation = (-0.032197,0.014681), Energy = -0.684691 
<M> = (0.074734,0.001095), <E> = -0.669835 

T=1.850000	 Thermalizing iterations... 
Done.
Thermalized Magnetisation = (0.136109,0.021827), Energy = -0.583747 
Averaging iterations... h=0.062500,0.000000
Done.
Final: Magnetisation = (0.041684,0.043094), Energy = -0.566645 
<M> = (0.079494,0.000995), <E> = -0.691250 

T=1.800000	 Thermalizing iterations... 
Done.
Thermalized Magnetisation = (0.205655,0.058268), Energy = -0.836992 
Averaging iterations... h=0.062500,0.000000
Done.
Final: Magnetisation = (0.077050,-0.092677), Energy = -0.776768 
<M> = (0.086322,-0.000568), <E> = -0.714796 

T=1.750000	 Thermalizing iterations... 
Done.
Thermalized Magnetisation = (0.072891,0.021182), Energy = -0.738500 
Averaging iterations... h=0.062500,0.000000
Done.
Final: Magnetisation = (0.063495,-0.009112), Energy = -0.704150 
<M> = (0.092694,-0.000015), <E> = -0.739566 

T=1.700000	 Thermalizing iterations... 
Done.
Thermalized Magnetisation = (0.103450,0.131376), Energy = -0.743170 
Averaging iterations... h=0.062500,0.000000
Done.
Final: Magnetisation = (0.180363,-0.004306), Energy = -0.818511 
<M> = (0.100477,0.000822), <E> = -0.767085 

T=1.650000	 Thermalizing iterations... 
Done.
Thermalized Magnetisation = (0.066505,0.005685), Energy = -0.743367 
Averaging iterations... h=0.062500,0.000000
Done.
Final: Magnetisation = (0.137770,0.038829), Energy = -0.844086 
<M> = (0.110147,-0.001143), <E> = -0.796728 

T=1.600000	 Thermalizing iterations... 
Done.
Thermalized Magnetisation = (0.147481,0.056500), Energy = -0.860313 
Averaging iterations... h=0.062500,0.000000
Done.
Final: Magnetisation = (0.037274,0.007723), Energy = -0.849141 
<M> = (0.120671,0.000977), <E> = -0.827958 

T=1.550000	 Thermalizing iterations... 
Done.
Thermalized Magnetisation = (0.110721,-0.154941), Energy = -0.797105 
Averaging iterations... h=0.062500,0.000000
Done.
Final: Magnetisation = (0.107654,0.069470), Energy = -0.839265 
<M> = (0.136373,-0.000383), <E> = -0.861605 

T=1.500000	 Thermalizing iterations... 
Done.
Thermalized Magnetisation = (0.137287,-0.081947), Energy = -0.802464 
Averaging iterations... h=0.062500,0.000000
Done.
Final: Magnetisation = (0.163055,-0.056064), Energy = -0.927351 
<M> = (0.152439,0.001550), <E> = -0.897914 

T=1.450000	 Thermalizing iterations... 
Done.
Thermalized Magnetisation = (0.310824,-0.043280), Energy = -0.888476 
Averaging iterations... h=0.062500,0.000000
Done.
Final: Magnetisation = (0.254118,-0.166012), Energy = -0.900961 
<M> = (0.167162,0.000876), <E> = -0.936719 

T=1.400000	 Thermalizing iterations... 
Done.
Thermalized Magnetisation = (0.162574,-0.071501), Energy = -0.915331 
Averaging iterations... h=0.062500,0.000000
Done.
Final: Magnetisation = (0.203267,0.006757), Energy = -0.913190 
<M> = (0.189222,0.001380), <E> = -0.980046 

T=1.350000	 Thermalizing iterations... 
Done.
Thermalized Magnetisation = (0.287653,0.003005), Energy = -1.069407 
Averaging iterations... h=0.062500,0.000000
Done.
Final: Magnetisation = (0.257183,-0.054932), Energy = -1.031869 
<M> = (0.210091,-0.001392), <E> = -1.026211 

T=1.300000	 Thermalizing iterations... 
Done.
Thermalized Magnetisation = (0.108030,-0.136818), Energy = -0.941565 
Averaging iterations... h=0.062500,0.000000
Done.
Final: Magnetisation = (0.320577,-0.007651), Energy = -1.109207 
<M> = (0.237432,-0.000453), <E> = -1.074165 

T=1.250000	 Thermalizing iterations... 
Done.
Thermalized Magnetisation = (0.199417,0.122946), Energy = -1.128493 
Averaging iterations... h=0.062500,0.000000
Done.
Final: Magnetisation = (0.012880,0.140190), Energy = -1.005463 
<M> = (0.273703,-0.000855), <E> = -1.126413 

T=1.200000	 Thermalizing iterations... 
Done.
Thermalized Magnetisation = (0.352332,0.223875), Energy = -1.214395 
Averaging iterations... h=0.062500,0.000000
Done.
Final: Magnetisation = (0.280691,-0.160179), Energy = -1.139077 
<M> = (0.304637,0.001118), <E> = -1.180143 

T=1.150000	 Thermalizing iterations... 
Done.
Thermalized Magnetisation = (0.348824,0.064952), Energy = -1.325963 
Averaging iterations... h=0.062500,0.000000
Done.
Final: Magnetisation = (0.333826,-0.038676), Energy = -1.260482 
<M> = (0.344874,0.003241), <E> = -1.239516 

T=1.100000	 Thermalizing iterations... 
Done.
Thermalized Magnetisation = (0.395137,0.073144), Energy = -1.280845 
Averaging iterations... h=0.062500,0.000000
Done.
Final: Magnetisation = (0.294115,-0.007282), Energy = -1.262162 
<M> = (0.379014,0.003670), <E> = -1.296457 

T=1.050000	 Thermalizing iterations... 
Done.
Thermalized Magnetisation = (0.387742,-0.117878), Energy = -1.342089 
Averaging iterations... h=0.062500,0.000000
Done.
Final: Magnetisation = (0.538335,-0.273296), Energy = -1.352913 
<M> = (0.422692,0.005357), <E> = -1.353909 

T=1.000000	 Thermalizing iterations... 
Done.
Thermalized Magnetisation = (0.533406,-0.073115), Energy = -1.446614 
Averaging iterations... h=0.062500,0.000000
Done.
Final: Magnetisation = (0.429393,-0.174036), Energy = -1.429945 
<M> = (0.466054,0.012943), <E> = -1.409843 

T=0.950000	 Thermalizing iterations... 
Done.
Thermalized Magnetisation = (0.517579,-0.135759), Energy = -1.497321 
Averaging iterations... h=0.062500,0.000000
Done.
Final: Magnetisation = (0.507456,-0.107677), Energy = -1.488924 
<M> = (0.498510,0.037881), <E> = -1.463447 

T=0.900000	 Thermalizing iterations... 
Done.
Thermalized Magnetisation = (0.521235,0.329664), Energy = -1.569414 
Averaging iterations... h=0.062500,0.000000
Done.
Final: Magnetisation = (0.453542,0.165880), Energy = -1.471629 
<M> = (0.527712,0.023307), <E> = -1.513532 

T=0.850000	 Thermalizing iterations... 
Done.
Thermalized Magnetisation = (0.499518,-0.261799), Energy = -1.581169 
Averaging iterations... h=0.062500,0.000000
Done.
Final: Magnetisation = (0.601069,-0.298439), Energy = -1.553322 
<M> = (0.560223,0.003078), <E> = -1.560466 

T=0.800000	 Thermalizing iterations... 
Done.
Thermalized Magnetisation = (0.679919,0.015010), Energy = -1.594316 
Averaging iterations... h=0.062500,0.000000
Done.
Final: Magnetisation = (0.496231,0.327599), Energy = -1.608934 
<M> = (0.574502,-0.036283), <E> = -1.602925 

T=0.750000	 Thermalizing iterations... 
Done.
Thermalized Magnetisation = (0.618973,-0.054193), Energy = -1.647422 
Averaging iterations... h=0.062500,0.000000
Done.
Final: Magnetisation = (0.608535,0.187716), Energy = -1.612578 
<M> = (0.599843,0.021552), <E> = -1.643127 

T=0.700000	 Thermalizing iterations... 
Done.
Thermalized Magnetisation = (0.612637,0.160975), Energy = -1.674499 
Averaging iterations... h=0.062500,0.000000
Done.
Final: Magnetisation = (0.673490,-0.038221), Energy = -1.664939 
<M> = (0.612689,0.110072), <E> = -1.678908 

T=0.650000	 Thermalizing iterations... 
Done.
Thermalized Magnetisation = (0.684808,0.025670), Energy = -1.705601 
Averaging iterations... h=0.062500,0.000000
Done.
Final: Magnetisation = (0.710619,0.148595), Energy = -1.730845 
<M> = (0.619387,-0.162636), <E> = -1.712865 

T=0.600000	 Thermalizing iterations... 
Done.
Thermalized Magnetisation = (0.652845,-0.008376), Energy = -1.720882 
Averaging iterations... h=0.062500,0.000000
Done.
Final: Magnetisation = (0.612356,0.137944), Energy = -1.740052 
<M> = (0.622641,-0.282489), <E> = -1.746644 

T=0.550000	 Thermalizing iterations... 
Done.
Thermalized Magnetisation = (0.619996,0.354035), Energy = -1.777737 
Averaging iterations... h=0.062500,0.000000
Done.
Final: Magnetisation = (0.662673,-0.281149), Energy = -1.785326 
<M> = (0.631009,-0.144007), <E> = -1.777517 

T=0.500000	 Thermalizing iterations... 
Done.
Thermalized Magnetisation = (0.541299,-0.536791), Energy = -1.785892 
Averaging iterations... h=0.062500,0.000000
Done.
Final: Magnetisation = (0.560405,-0.476768), Energy = -1.820492 
<M> = (0.628349,-0.401852), <E> = -1.808731 

T=0.450000	 Thermalizing iterations... 
Done.
Thermalized Magnetisation = (0.633076,-0.492860), Energy = -1.823114 
Averaging iterations... h=0.062500,0.000000
Done.
Final: Magnetisation = (0.583325,-0.495220), Energy = -1.838565 
<M> = (0.627448,-0.434327), <E> = -1.838273 

T=0.400000	 Thermalizing iterations... 
Done.
Thermalized Magnetisation = (0.628325,-0.452637), Energy = -1.868642 
Averaging iterations... h=0.062500,0.000000
Done.
Final: Magnetisation = (0.676585,-0.434575), Energy = -1.855004 
<M> = (0.632822,-0.460004), <E> = -1.867308 

T=0.350000	 Thermalizing iterations... 
Done.
Thermalized Magnetisation = (0.669331,-0.446511), Energy = -1.891619 
Averaging iterations... h=0.062500,0.000000
Done.
Final: Magnetisation = (0.576623,-0.568609), Energy = -1.879034 
<M> = (0.628356,-0.501145), <E> = -1.895613 

T=0.300000	 Thermalizing iterations... 
Done.
Thermalized Magnetisation = (0.579725,-0.558905), Energy = -1.922250 
Averaging iterations... h=0.062500,0.000000
Done.
Final: Magnetisation = (0.671110,-0.491085), Energy = -1.924421 
<M> = (0.623594,-0.533732), <E> = -1.923631 

T=0.250000	 Thermalizing iterations... 
Done.
Thermalized Magnetisation = (0.644167,-0.512976), Energy = -1.953635 
Averaging iterations... h=0.062500,0.000000
Done.
Final: Magnetisation = (0.563185,-0.614597), Energy = -1.942358 
<M> = (0.622783,-0.559572), <E> = -1.950693 

T=0.200000	 Thermalizing iterations... 
Done.
Thermalized Magnetisation = (0.619918,-0.589833), Energy = -1.979389 
Averaging iterations... h=0.062500,0.000000
Done.
Final: Magnetisation = (0.671716,-0.551584), Energy = -1.980490 
<M> = (0.636114,-0.567718), <E> = -1.977303 

T=0.150000	 Thermalizing iterations... 
Done.
Thermalized Magnetisation = (0.659165,-0.577189), Energy = -2.001827 
Averaging iterations... h=0.062500,0.000000
Done.
Final: Magnetisation = (0.646750,-0.588990), Energy = -2.000101 
<M> = (0.632045,-0.593886), <E> = -2.003587 

T=0.100000	 Thermalizing iterations... 
Done.
Thermalized Magnetisation = (0.622841,-0.624710), Energy = -2.032074 
Averaging iterations... h=0.062500,0.000000
Done.
Final: Magnetisation = (0.616408,-0.616879), Energy = -2.031039 
<M> = (0.640132,-0.609838), <E> = -2.029553 

T=0.050000	 Thermalizing iterations... 
Done.
Thermalized Magnetisation = (0.649926,-0.626348), Energy = -2.054008 
Averaging iterations... h=0.062500,0.000000
Done.
Final: Magnetisation = (0.636795,-0.637469), Energy = -2.055317 
<M> = (0.634151,-0.637460), <E> = -2.055110 
Final Magnetisation = (0.636795,-0.637469), Energy = -2.055317 
------------------------

Updating all (first)black/(then)white checkerboard sites simultaneously.. 

ztne RFXY h rotating with |h|=0.062500 at T=0.000000..
loop 1

loop 2

Cooling protocol time (from T=2.000000 to T=0.000000) = 680.880428 

CPU Time elapsed total = 680.891536 
All done - 681 seconds elapsed.
