nearest neighbor initialized. 
J loaded. 
h loaded. 
L = 32, dim_L = 2, dim_S = 2
hysteresis_MCS_multiplier = 10, hysteresis_MCS_max = 100
RAND_MAX = 2147483647.000000,
 sizeof(int) = 4,
 sizeof(long) = 8,
 sizeof(double) = 8,
 sizeof(long int) = 8,
 sizeof(short int) = 2,
 sizeof(unsigned int) = 4,
 sizeof(RAND_MAX) = 4

OpenMP Active.

No. of THREADS = 24
No. of PROCESSORS = 24

0.138076,0.073693
order = ({1.000000-->-1.000000,0.000000}, 0, 1)
Initial Magnetisation = (0.138076,0.073693), Energy = -0.035020 
Cooling... 
T=2.000000	 Thermalizing iterations... 
Done.
Thermalized Magnetisation = (0.037854,-0.254772), Energy = -0.604208 
Averaging iterations... h=0.071429,0.000000
Done.
Final: Magnetisation = (0.054010,-0.025894), Energy = -0.716422 
<M> = (0.054305,0.003309), <E> = -0.752412 

T=1.950000	 Thermalizing iterations... 
Done.
Thermalized Magnetisation = (-0.051892,-0.148869), Energy = -0.916227 
Averaging iterations... h=0.071429,0.000000
Done.
Final: Magnetisation = (0.054161,0.018337), Energy = -0.791608 
<M> = (0.050236,0.003112), <E> = -0.770281 

T=1.900000	 Thermalizing iterations... 
Done.
Thermalized Magnetisation = (0.176105,-0.230183), Energy = -0.789245 
Averaging iterations... h=0.071429,0.000000
Done.
Final: Magnetisation = (0.197693,0.006978), Energy = -0.847278 
<M> = (0.060429,0.005238), <E> = -0.790696 

T=1.850000	 Thermalizing iterations... 
Done.
Thermalized Magnetisation = (0.147931,0.168538), Energy = -0.843574 
Averaging iterations... h=0.071429,0.000000
Done.
Final: Magnetisation = (0.033196,-0.171632), Energy = -0.789422 
<M> = (0.062660,0.002568), <E> = -0.811456 

T=1.800000	 Thermalizing iterations... 
Done.
Thermalized Magnetisation = (-0.042253,-0.090371), Energy = -0.779131 
Averaging iterations... h=0.071429,0.000000
Done.
Final: Magnetisation = (-0.094922,0.059160), Energy = -0.708610 
<M> = (0.065544,-0.001307), <E> = -0.838882 

T=1.750000	 Thermalizing iterations... 
Done.
Thermalized Magnetisation = (-0.011622,0.058839), Energy = -0.858620 
Averaging iterations... h=0.071429,0.000000
Done.
Final: Magnetisation = (0.146321,0.191373), Energy = -1.030838 
<M> = (0.072097,0.005611), <E> = -0.859488 

T=1.700000	 Thermalizing iterations... 
Done.
Thermalized Magnetisation = (-0.035478,0.160115), Energy = -0.822453 
Averaging iterations... h=0.071429,0.000000
Done.
Final: Magnetisation = (-0.121654,-0.070215), Energy = -0.721638 
<M> = (0.077191,0.003833), <E> = -0.886149 

T=1.650000	 Thermalizing iterations... 
Done.
Thermalized Magnetisation = (0.081047,0.053208), Energy = -1.005604 
Averaging iterations... h=0.071429,0.000000
Done.
Final: Magnetisation = (0.027921,-0.274730), Energy = -0.916471 
<M> = (0.082528,-0.004020), <E> = -0.904180 

T=1.600000	 Thermalizing iterations... 
Done.
Thermalized Magnetisation = (0.096244,-0.103450), Energy = -0.912861 
Averaging iterations... h=0.071429,0.000000
Done.
Final: Magnetisation = (0.271845,-0.056639), Energy = -0.956165 
<M> = (0.095777,0.002874), <E> = -0.934249 

T=1.550000	 Thermalizing iterations... 
Done.
Thermalized Magnetisation = (0.129567,0.188101), Energy = -0.843159 
Averaging iterations... h=0.071429,0.000000
Done.
Final: Magnetisation = (0.158895,0.181198), Energy = -0.909821 
<M> = (0.099920,0.000459), <E> = -0.963552 

T=1.500000	 Thermalizing iterations... 
Done.
Thermalized Magnetisation = (-0.010165,0.070558), Energy = -1.033012 
Averaging iterations... h=0.071429,0.000000
Done.
Final: Magnetisation = (-0.012607,-0.036637), Energy = -0.878699 
<M> = (0.112282,0.002922), <E> = -0.987709 

T=1.450000	 Thermalizing iterations... 
Done.
Thermalized Magnetisation = (0.208722,0.110580), Energy = -1.018666 
Averaging iterations... h=0.071429,0.000000
Done.
Final: Magnetisation = (0.056769,0.008557), Energy = -1.093011 
<M> = (0.121183,-0.000637), <E> = -1.019224 

T=1.400000	 Thermalizing iterations... 
Done.
Thermalized Magnetisation = (0.281875,0.201431), Energy = -1.006555 
Averaging iterations... h=0.071429,0.000000
Done.
Final: Magnetisation = (0.129328,0.083947), Energy = -0.896448 
<M> = (0.135336,0.011775), <E> = -1.055471 

T=1.350000	 Thermalizing iterations... 
Done.
Thermalized Magnetisation = (0.121165,0.014478), Energy = -1.092056 
Averaging iterations... h=0.071429,0.000000
Done.
Final: Magnetisation = (0.104289,-0.129644), Energy = -1.015588 
<M> = (0.153945,-0.002263), <E> = -1.093769 

T=1.300000	 Thermalizing iterations... 
Done.
Thermalized Magnetisation = (-0.098772,0.229885), Energy = -1.027860 
Averaging iterations... h=0.071429,0.000000
Done.
Final: Magnetisation = (0.223398,-0.260542), Energy = -1.204363 
<M> = (0.153160,0.005015), <E> = -1.127786 

T=1.250000	 Thermalizing iterations... 
Done.
Thermalized Magnetisation = (0.311454,0.149715), Energy = -1.158184 
Averaging iterations... h=0.071429,0.000000
Done.
Final: Magnetisation = (0.271357,-0.114801), Energy = -1.257870 
<M> = (0.186948,0.001798), <E> = -1.168165 

T=1.200000	 Thermalizing iterations... 
Done.
Thermalized Magnetisation = (0.365299,-0.228760), Energy = -1.273654 
Averaging iterations... h=0.071429,0.000000
Done.
Final: Magnetisation = (0.035025,-0.009260), Energy = -1.199084 
<M> = (0.210546,0.008873), <E> = -1.210248 

T=1.150000	 Thermalizing iterations... 
Done.
Thermalized Magnetisation = (0.110250,-0.169513), Energy = -1.201131 
Averaging iterations... h=0.071429,0.000000
Done.
Final: Magnetisation = (0.312764,-0.110668), Energy = -1.309894 
<M> = (0.241278,-0.005916), <E> = -1.250629 

T=1.100000	 Thermalizing iterations... 
Done.
Thermalized Magnetisation = (0.243245,-0.384113), Energy = -1.221693 
Averaging iterations... h=0.071429,0.000000
Done.
Final: Magnetisation = (0.373634,-0.185961), Energy = -1.299839 
<M> = (0.277043,0.005151), <E> = -1.302069 

T=1.050000	 Thermalizing iterations... 
Done.
Thermalized Magnetisation = (0.450061,-0.138105), Energy = -1.400284 
Averaging iterations... h=0.071429,0.000000
Done.
Final: Magnetisation = (0.251992,-0.215388), Energy = -1.214498 
<M> = (0.303813,0.016326), <E> = -1.347769 

T=1.000000	 Thermalizing iterations... 
Done.
Thermalized Magnetisation = (0.314843,0.003821), Energy = -1.481697 
Averaging iterations... h=0.071429,0.000000
Done.
Final: Magnetisation = (0.484293,0.107659), Energy = -1.336541 
<M> = (0.323621,0.004786), <E> = -1.391811 

T=0.950000	 Thermalizing iterations... 
Done.
Thermalized Magnetisation = (0.381616,0.050545), Energy = -1.493084 
Averaging iterations... h=0.071429,0.000000
Done.
Final: Magnetisation = (0.386469,0.447036), Energy = -1.494322 
<M> = (0.377125,-0.019491), <E> = -1.445935 

T=0.900000	 Thermalizing iterations... 
Done.
Thermalized Magnetisation = (0.531439,-0.351430), Energy = -1.446192 
Averaging iterations... h=0.071429,0.000000
Done.
Final: Magnetisation = (0.344037,-0.483977), Energy = -1.573358 
<M> = (0.409699,0.012188), <E> = -1.493183 

T=0.850000	 Thermalizing iterations... 
Done.
Thermalized Magnetisation = (0.325602,0.420939), Energy = -1.584475 
Averaging iterations... h=0.071429,0.000000
Done.
Final: Magnetisation = (0.538859,0.049951), Energy = -1.517570 
<M> = (0.461776,0.020632), <E> = -1.541374 

T=0.800000	 Thermalizing iterations... 
Done.
Thermalized Magnetisation = (0.429265,0.223173), Energy = -1.637076 
Averaging iterations... h=0.071429,0.000000
Done.
Final: Magnetisation = (0.551092,-0.265580), Energy = -1.540575 
<M> = (0.500535,0.016305), <E> = -1.587867 

T=0.750000	 Thermalizing iterations... 
Done.
Thermalized Magnetisation = (0.633846,-0.343743), Energy = -1.639738 
Averaging iterations... h=0.071429,0.000000
Done.
Final: Magnetisation = (0.504493,0.402905), Energy = -1.452708 
<M> = (0.548758,0.007507), <E> = -1.629996 

T=0.700000	 Thermalizing iterations... 
Done.
Thermalized Magnetisation = (0.664133,-0.093723), Energy = -1.660431 
Averaging iterations... h=0.071429,0.000000
Done.
Final: Magnetisation = (0.828269,0.073947), Energy = -1.785406 
<M> = (0.577549,-0.008801), <E> = -1.669515 

T=0.650000	 Thermalizing iterations... 
Done.
Thermalized Magnetisation = (0.481277,0.089894), Energy = -1.687453 
Averaging iterations... h=0.071429,0.000000
Done.
Final: Magnetisation = (0.541268,-0.335366), Energy = -1.718687 
<M> = (0.589781,-0.152369), <E> = -1.708074 

T=0.600000	 Thermalizing iterations... 
Done.
Thermalized Magnetisation = (0.645816,0.124412), Energy = -1.702341 
Averaging iterations... h=0.071429,0.000000
Done.
Final: Magnetisation = (0.652330,0.090115), Energy = -1.743967 
<M> = (0.603573,-0.012093), <E> = -1.741235 

T=0.550000	 Thermalizing iterations... 
Done.
Thermalized Magnetisation = (0.392969,0.673307), Energy = -1.817423 
Averaging iterations... h=0.071429,0.000000
Done.
Final: Magnetisation = (0.570389,0.440397), Energy = -1.790334 
<M> = (0.619586,0.126677), <E> = -1.774447 

T=0.500000	 Thermalizing iterations... 
Done.
Thermalized Magnetisation = (0.758325,0.299556), Energy = -1.832982 
Averaging iterations... h=0.071429,0.000000
Done.
Final: Magnetisation = (0.605802,0.394080), Energy = -1.837418 
<M> = (0.626316,0.111393), <E> = -1.803284 

T=0.450000	 Thermalizing iterations... 
Done.
Thermalized Magnetisation = (0.728522,0.220519), Energy = -1.793735 
Averaging iterations... h=0.071429,0.000000
Done.
Final: Magnetisation = (0.609659,0.479467), Energy = -1.858357 
<M> = (0.638790,0.040006), <E> = -1.833806 

T=0.400000	 Thermalizing iterations... 
Done.
Thermalized Magnetisation = (0.567066,-0.651558), Energy = -1.871344 
Averaging iterations... h=0.071429,0.000000
Done.
Final: Magnetisation = (0.594585,-0.564814), Energy = -1.864586 
<M> = (0.621405,-0.005084), <E> = -1.863161 

T=0.350000	 Thermalizing iterations... 
Done.
Thermalized Magnetisation = (0.620945,0.553091), Energy = -1.906107 
Averaging iterations... h=0.071429,0.000000
Done.
Final: Magnetisation = (0.652968,0.532836), Energy = -1.884700 
<M> = (0.629339,0.466129), <E> = -1.890713 

T=0.300000	 Thermalizing iterations... 
Done.
Thermalized Magnetisation = (0.613022,0.642361), Energy = -1.932571 
Averaging iterations... h=0.071429,0.000000
Done.
Final: Magnetisation = (0.764010,-0.408404), Energy = -1.903785 
<M> = (0.611950,0.189373), <E> = -1.919659 

T=0.250000	 Thermalizing iterations... 
Done.
Thermalized Magnetisation = (0.812167,-0.431235), Energy = -1.949958 
Averaging iterations... h=0.071429,0.000000
Done.
Final: Magnetisation = (0.600741,-0.649582), Energy = -1.955279 
<M> = (0.597081,-0.617854), <E> = -1.947313 

T=0.200000	 Thermalizing iterations... 
Done.
Thermalized Magnetisation = (0.706794,-0.560229), Energy = -1.986133 
Averaging iterations... h=0.071429,0.000000
Done.
Final: Magnetisation = (0.642164,-0.542358), Energy = -1.982353 
<M> = (0.590348,-0.640641), <E> = -1.973867 

T=0.150000	 Thermalizing iterations... 
Done.
Thermalized Magnetisation = (0.621255,-0.674344), Energy = -2.001845 
Averaging iterations... h=0.071429,0.000000
Done.
Final: Magnetisation = (0.662206,-0.610209), Energy = -1.996414 
<M> = (0.594386,-0.662771), <E> = -2.000125 

T=0.100000	 Thermalizing iterations... 
Done.
Thermalized Magnetisation = (0.559156,-0.713493), Energy = -2.026729 
Averaging iterations... h=0.071429,0.000000
Done.
Final: Magnetisation = (0.550065,-0.741222), Energy = -2.032324 
<M> = (0.598529,-0.680937), <E> = -2.026240 

T=0.050000	 Thermalizing iterations... 
Done.
Thermalized Magnetisation = (0.596621,-0.709304), Energy = -2.051180 
Averaging iterations... h=0.071429,0.000000
Done.
Final: Magnetisation = (0.585745,-0.722112), Energy = -2.052639 
<M> = (0.586912,-0.707829), <E> = -2.051750 
Final Magnetisation = (0.585745,-0.722112), Energy = -2.052639 
------------------------

Updating all (first)black/(then)white checkerboard sites simultaneously.. 

ztne RFXY h rotating with |h|=0.071429 at T=0.000000..
loop 1

loop 2

Cooling protocol time (from T=2.000000 to T=0.000000) = 171.391530 

CPU Time elapsed total = 171.411231 
All done - 172 seconds elapsed.
