nearest neighbor initialized. 
J loaded. 
h loaded. 
L = 64, dim_L = 2, dim_S = 2
hysteresis_MCS_multiplier = 10, hysteresis_MCS_max = 100
RAND_MAX = 2147483647.000000,
 sizeof(int) = 4,
 sizeof(long) = 8,
 sizeof(double) = 8,
 sizeof(long int) = 8,
 sizeof(short int) = 2,
 sizeof(unsigned int) = 4,
 sizeof(RAND_MAX) = 4

OpenMP Active.

No. of THREADS = 24
No. of PROCESSORS = 24

0.095922,-0.019484
order = ({1.000000-->-1.000000,0.000000}, 0, 1)
Initial Magnetisation = (0.095922,-0.019484), Energy = -0.079496 
Cooling... 
T=2.000000	 Thermalizing iterations... 
Done.
Thermalized Magnetisation = (-0.015960,0.059394), Energy = -0.535968 
Averaging iterations... h=0.062500,0.000000
Done.
Final: Magnetisation = (0.062466,-0.182645), Energy = -0.689383 
<M> = (0.061964,0.000567), <E> = -0.628149 

T=1.950000	 Thermalizing iterations... 
Done.
Thermalized Magnetisation = (0.127582,0.024271), Energy = -0.668948 
Averaging iterations... h=0.062500,0.000000
Done.
Final: Magnetisation = (0.138749,0.012187), Energy = -0.654111 
<M> = (0.064886,0.001512), <E> = -0.648421 

T=1.900000	 Thermalizing iterations... 
Done.
Thermalized Magnetisation = (0.066862,-0.074606), Energy = -0.570891 
Averaging iterations... h=0.062500,0.000000
Done.
Final: Magnetisation = (0.128733,0.028875), Energy = -0.812702 
<M> = (0.070544,-0.000351), <E> = -0.668973 

T=1.850000	 Thermalizing iterations... 
Done.
Thermalized Magnetisation = (0.048066,0.078952), Energy = -0.664363 
Averaging iterations... h=0.062500,0.000000
Done.
Final: Magnetisation = (0.012846,0.012493), Energy = -0.760033 
<M> = (0.077266,0.001100), <E> = -0.690861 

T=1.800000	 Thermalizing iterations... 
Done.
Thermalized Magnetisation = (0.181688,0.093328), Energy = -0.742364 
Averaging iterations... h=0.062500,0.000000
Done.
Final: Magnetisation = (0.020991,0.253505), Energy = -0.746640 
<M> = (0.084112,0.000703), <E> = -0.713651 

T=1.750000	 Thermalizing iterations... 
Done.
Thermalized Magnetisation = (0.167353,0.041536), Energy = -0.689547 
Averaging iterations... h=0.062500,0.000000
Done.
Final: Magnetisation = (0.027409,0.051553), Energy = -0.775284 
<M> = (0.090777,0.001809), <E> = -0.740129 

T=1.700000	 Thermalizing iterations... 
Done.
Thermalized Magnetisation = (0.237875,0.113739), Energy = -0.846585 
Averaging iterations... h=0.062500,0.000000
Done.
Final: Magnetisation = (0.071808,0.028386), Energy = -0.712099 
<M> = (0.097788,0.001102), <E> = -0.767529 

T=1.650000	 Thermalizing iterations... 
Done.
Thermalized Magnetisation = (0.154637,0.029118), Energy = -0.824283 
Averaging iterations... h=0.062500,0.000000
Done.
Final: Magnetisation = (-0.053628,0.009909), Energy = -0.798907 
<M> = (0.109298,0.000497), <E> = -0.796880 

T=1.600000	 Thermalizing iterations... 
Done.
Thermalized Magnetisation = (0.082271,0.059829), Energy = -0.795059 
Averaging iterations... h=0.062500,0.000000
Done.
Final: Magnetisation = (0.118550,0.133530), Energy = -0.839856 
<M> = (0.116940,0.002541), <E> = -0.828051 

T=1.550000	 Thermalizing iterations... 
Done.
Thermalized Magnetisation = (0.186474,-0.066386), Energy = -0.927475 
Averaging iterations... h=0.062500,0.000000
Done.
Final: Magnetisation = (0.109304,-0.123517), Energy = -0.774805 
<M> = (0.131128,0.000488), <E> = -0.862642 

T=1.500000	 Thermalizing iterations... 
Done.
Thermalized Magnetisation = (0.068928,-0.094159), Energy = -0.875781 
Averaging iterations... h=0.062500,0.000000
Done.
Final: Magnetisation = (0.154476,-0.051155), Energy = -0.870636 
<M> = (0.146362,0.001151), <E> = -0.896106 

T=1.450000	 Thermalizing iterations... 
Done.
Thermalized Magnetisation = (0.184257,-0.130394), Energy = -0.896680 
Averaging iterations... h=0.062500,0.000000
Done.
Final: Magnetisation = (0.007406,0.025352), Energy = -0.834677 
<M> = (0.163214,0.001436), <E> = -0.935188 

T=1.400000	 Thermalizing iterations... 
Done.
Thermalized Magnetisation = (0.162852,0.148145), Energy = -1.028218 
Averaging iterations... h=0.062500,0.000000
Done.
Final: Magnetisation = (0.136063,0.136120), Energy = -0.984064 
<M> = (0.184194,0.003928), <E> = -0.979646 

T=1.350000	 Thermalizing iterations... 
Done.
Thermalized Magnetisation = (0.282321,0.191472), Energy = -1.061357 
Averaging iterations... h=0.062500,0.000000
Done.
Final: Magnetisation = (0.205222,-0.030490), Energy = -1.042365 
<M> = (0.204481,0.003632), <E> = -1.025318 

T=1.300000	 Thermalizing iterations... 
Done.
Thermalized Magnetisation = (0.235838,0.045153), Energy = -1.077851 
Averaging iterations... h=0.062500,0.000000
Done.
Final: Magnetisation = (0.126802,0.086040), Energy = -1.002077 
<M> = (0.234386,-0.002497), <E> = -1.073694 

T=1.250000	 Thermalizing iterations... 
Done.
Thermalized Magnetisation = (0.334207,-0.046196), Energy = -1.145459 
Averaging iterations... h=0.062500,0.000000
Done.
Final: Magnetisation = (0.330174,-0.012567), Energy = -1.129818 
<M> = (0.269814,-0.003097), <E> = -1.124163 

T=1.200000	 Thermalizing iterations... 
Done.
Thermalized Magnetisation = (0.374033,0.222935), Energy = -1.204679 
Averaging iterations... h=0.062500,0.000000
Done.
Final: Magnetisation = (0.309941,0.083336), Energy = -1.182074 
<M> = (0.299792,0.002988), <E> = -1.178827 

T=1.150000	 Thermalizing iterations... 
Done.
Thermalized Magnetisation = (0.422442,0.052313), Energy = -1.259613 
Averaging iterations... h=0.062500,0.000000
Done.
Final: Magnetisation = (0.434985,0.056174), Energy = -1.337174 
<M> = (0.341363,0.005732), <E> = -1.236532 

T=1.100000	 Thermalizing iterations... 
Done.
Thermalized Magnetisation = (0.344351,-0.130491), Energy = -1.288504 
Averaging iterations... h=0.062500,0.000000
Done.
Final: Magnetisation = (0.356076,-0.012060), Energy = -1.262739 
<M> = (0.376359,-0.008145), <E> = -1.294135 

T=1.050000	 Thermalizing iterations... 
Done.
Thermalized Magnetisation = (0.492005,-0.083680), Energy = -1.419901 
Averaging iterations... h=0.062500,0.000000
Done.
Final: Magnetisation = (0.375474,0.030172), Energy = -1.305050 
<M> = (0.419738,-0.000082), <E> = -1.351047 

T=1.000000	 Thermalizing iterations... 
Done.
Thermalized Magnetisation = (0.442948,-0.296828), Energy = -1.366215 
Averaging iterations... h=0.062500,0.000000
Done.
Final: Magnetisation = (0.511436,0.025851), Energy = -1.441780 
<M> = (0.465666,0.002425), <E> = -1.408125 

T=0.950000	 Thermalizing iterations... 
Done.
Thermalized Magnetisation = (0.517420,0.148988), Energy = -1.454349 
Averaging iterations... h=0.062500,0.000000
Done.
Final: Magnetisation = (0.641205,0.089117), Energy = -1.497151 
<M> = (0.498380,0.026607), <E> = -1.460850 

T=0.900000	 Thermalizing iterations... 
Done.
Thermalized Magnetisation = (0.530195,0.266942), Energy = -1.513630 
Averaging iterations... h=0.062500,0.000000
Done.
Final: Magnetisation = (0.533688,0.091824), Energy = -1.517126 
<M> = (0.521500,0.076114), <E> = -1.511746 

T=0.850000	 Thermalizing iterations... 
Done.
Thermalized Magnetisation = (0.561633,-0.094389), Energy = -1.553707 
Averaging iterations... h=0.062500,0.000000
Done.
Final: Magnetisation = (0.565940,0.069067), Energy = -1.567057 
<M> = (0.555216,0.039759), <E> = -1.559070 

T=0.800000	 Thermalizing iterations... 
Done.
Thermalized Magnetisation = (0.550710,-0.188432), Energy = -1.622490 
Averaging iterations... h=0.062500,0.000000
Done.
Final: Magnetisation = (0.577578,0.133388), Energy = -1.577296 
<M> = (0.575555,0.050404), <E> = -1.601084 

T=0.750000	 Thermalizing iterations... 
Done.
Thermalized Magnetisation = (0.634444,0.170938), Energy = -1.619049 
Averaging iterations... h=0.062500,0.000000
Done.
Final: Magnetisation = (0.580616,-0.304635), Energy = -1.630202 
<M> = (0.601150,-0.007495), <E> = -1.641039 

T=0.700000	 Thermalizing iterations... 
Done.
Thermalized Magnetisation = (0.563754,0.382983), Energy = -1.701989 
Averaging iterations... h=0.062500,0.000000
Done.
Final: Magnetisation = (0.695626,0.284113), Energy = -1.728563 
<M> = (0.606069,0.266579), <E> = -1.677538 

T=0.650000	 Thermalizing iterations... 
Done.
Thermalized Magnetisation = (0.672135,-0.170046), Energy = -1.723681 
Averaging iterations... h=0.062500,0.000000
Done.
Final: Magnetisation = (0.648284,0.135936), Energy = -1.708303 
<M> = (0.623639,-0.088164), <E> = -1.710869 

T=0.600000	 Thermalizing iterations... 
Done.
Thermalized Magnetisation = (0.687420,-0.004118), Energy = -1.749278 
Averaging iterations... h=0.062500,0.000000
Done.
Final: Magnetisation = (0.644476,-0.095308), Energy = -1.723419 
<M> = (0.641595,-0.011734), <E> = -1.744291 

T=0.550000	 Thermalizing iterations... 
Done.
Thermalized Magnetisation = (0.690390,-0.101860), Energy = -1.749692 
Averaging iterations... h=0.062500,0.000000
Done.
Final: Magnetisation = (0.655720,-0.188257), Energy = -1.754774 
<M> = (0.632677,-0.296852), <E> = -1.776151 

T=0.500000	 Thermalizing iterations... 
Done.
Thermalized Magnetisation = (0.555833,-0.160147), Energy = -1.815691 
Averaging iterations... h=0.062500,0.000000
Done.
Final: Magnetisation = (0.723403,0.152134), Energy = -1.803345 
<M> = (0.641719,0.015489), <E> = -1.806712 

T=0.450000	 Thermalizing iterations... 
Done.
Thermalized Magnetisation = (0.665713,0.393604), Energy = -1.835543 
Averaging iterations... h=0.062500,0.000000
Done.
Final: Magnetisation = (0.661460,0.422055), Energy = -1.843594 
<M> = (0.628447,0.458592), <E> = -1.836971 

T=0.400000	 Thermalizing iterations... 
Done.
Thermalized Magnetisation = (0.624132,0.542424), Energy = -1.866415 
Averaging iterations... h=0.062500,0.000000
Done.
Final: Magnetisation = (0.682517,0.428912), Energy = -1.856157 
<M> = (0.614854,0.518211), <E> = -1.866165 

T=0.350000	 Thermalizing iterations... 
Done.
Thermalized Magnetisation = (0.654745,0.443869), Energy = -1.900274 
Averaging iterations... h=0.062500,0.000000
Done.
Final: Magnetisation = (0.627505,0.539624), Energy = -1.898714 
<M> = (0.616109,0.539885), <E> = -1.894559 

T=0.300000	 Thermalizing iterations... 
Done.
Thermalized Magnetisation = (0.657187,0.543036), Energy = -1.912876 
Averaging iterations... h=0.062500,0.000000
Done.
Final: Magnetisation = (0.659894,0.486081), Energy = -1.911663 
<M> = (0.615946,0.567952), <E> = -1.922243 

T=0.250000	 Thermalizing iterations... 
Done.
Thermalized Magnetisation = (0.617824,0.610085), Energy = -1.949833 
Averaging iterations... h=0.062500,0.000000
Done.
Final: Magnetisation = (0.600649,0.600461), Energy = -1.950281 
<M> = (0.618022,0.589352), <E> = -1.949349 

T=0.200000	 Thermalizing iterations... 
Done.
Thermalized Magnetisation = (0.637788,0.577946), Energy = -1.979304 
Averaging iterations... h=0.062500,0.000000
Done.
Final: Magnetisation = (0.615476,0.635398), Energy = -1.973097 
<M> = (0.612998,0.619194), <E> = -1.976079 

T=0.150000	 Thermalizing iterations... 
Done.
Thermalized Magnetisation = (0.615920,0.628593), Energy = -2.004864 
Averaging iterations... h=0.062500,0.000000
Done.
Final: Magnetisation = (0.610075,0.626646), Energy = -2.004036 
<M> = (0.616684,0.635141), <E> = -2.002422 

T=0.100000	 Thermalizing iterations... 
Done.
Thermalized Magnetisation = (0.635079,0.628319), Energy = -2.028475 
Averaging iterations... h=0.062500,0.000000
Done.
Final: Magnetisation = (0.606707,0.653078), Energy = -2.029403 
<M> = (0.623971,0.646403), <E> = -2.028252 

T=0.050000	 Thermalizing iterations... 
Done.
Thermalized Magnetisation = (0.612932,0.675190), Energy = -2.054835 
Averaging iterations... h=0.062500,0.000000
Done.
Final: Magnetisation = (0.614602,0.678919), Energy = -2.054146 
<M> = (0.623323,0.665644), <E> = -2.053750 
Final Magnetisation = (0.614602,0.678919), Energy = -2.054146 
------------------------

Updating all (first)black/(then)white checkerboard sites simultaneously.. 

ztne RFXY h rotating with |h|=0.062500 at T=0.000000..
loop 1

loop 2

Cooling protocol time (from T=2.000000 to T=0.000000) = 719.612306 

CPU Time elapsed total = 719.627108 
All done - 720 seconds elapsed.
