+ cd /home/sbasak/Exercises/OpenMP/XY_code/Z2/rotating_field/trial/config/config_84
+ export OMP_NUM_THREADS=28
+ OMP_NUM_THREADS=28
+ ./a_0.out
nearest neighbor initialized. 
h loaded. 
J loaded. 
L = 128, dim_L = 2, dim_S = 2
hysteresis_MCS_multiplier = 10, hysteresis_MCS_max = 100
RAND_MAX = 2147483647.000000,
 sizeof(int) = 4,
 sizeof(long) = 8,
 sizeof(double) = 8,
 sizeof(long int) = 8,
 sizeof(short int) = 2,
 sizeof(unsigned int) = 4,
 sizeof(RAND_MAX) = 4
No. of THREADS = 28
No. of PROCESSORS = 28

0.057968,0.021076
order = ({1.000000-->-1.000000,0.000000}, 0, 1)
Initial Magnetisation = (0.057968,0.021076), Energy = 0.026489 
Cooling... 
T=2.000000	 Thermalizing iterations... 
Done.
Thermalized Magnetisation = (-0.008702,-0.040317), Energy = -0.559489 
Averaging iterations... h=0.000000,0.000000
Done.
Final: Magnetisation = (-0.012288,-0.026089), Energy = -0.579108 
<M> = (-0.003464,0.000241), <E> = -0.606247 

T=1.990000	 Thermalizing iterations... 
Done.
Thermalized Magnetisation = (-0.036443,0.037143), Energy = -0.623641 
Averaging iterations... h=0.000000,0.000000
Done.
Final: Magnetisation = (-0.036294,-0.000672), Energy = -0.635010 
<M> = (-0.002380,-0.001293), <E> = -0.610226 

T=1.980000	 Thermalizing iterations... 
Done.
Thermalized Magnetisation = (-0.022259,0.023511), Energy = -0.641470 
Averaging iterations... h=0.000000,0.000000
Done.
Final: Magnetisation = (0.039166,0.006428), Energy = -0.626412 
<M> = (-0.002899,-0.000873), <E> = -0.614522 

T=1.970000	 Thermalizing iterations... 
Done.
Thermalized Magnetisation = (-0.016709,0.024622), Energy = -0.628489 
Averaging iterations... h=0.000000,0.000000
Done.
Final: Magnetisation = (-0.022277,-0.048314), Energy = -0.625657 
<M> = (-0.002505,-0.002363), <E> = -0.618494 

T=1.960000	 Thermalizing iterations... 
Done.
Thermalized Magnetisation = (-0.004686,-0.024968), Energy = -0.661047 
Averaging iterations... h=0.000000,0.000000
Done.
Final: Magnetisation = (-0.020939,0.002731), Energy = -0.612929 
<M> = (-0.001874,-0.001107), <E> = -0.621396 

T=1.950000	 Thermalizing iterations... 
Done.
Thermalized Magnetisation = (-0.021536,0.009384), Energy = -0.626578 
Averaging iterations... h=0.000000,0.000000
Done.
Final: Magnetisation = (0.039698,0.008235), Energy = -0.649931 
<M> = (-0.001369,-0.000338), <E> = -0.624660 

T=1.940000	 Thermalizing iterations... 
Done.
Thermalized Magnetisation = (0.034200,-0.013764), Energy = -0.609499 
Averaging iterations... h=0.000000,0.000000
Done.
Final: Magnetisation = (0.029050,0.010597), Energy = -0.601821 
<M> = (-0.002642,0.000342), <E> = -0.628075 

T=1.930000	 Thermalizing iterations... 
Done.
Thermalized Magnetisation = (-0.004248,0.014559), Energy = -0.642301 
Averaging iterations... h=0.000000,0.000000
Done.
Final: Magnetisation = (-0.083969,0.014740), Energy = -0.636679 
<M> = (-0.003840,0.000800), <E> = -0.631455 

T=1.920000	 Thermalizing iterations... 
Done.
Thermalized Magnetisation = (-0.029599,0.048473), Energy = -0.678970 
Averaging iterations... h=0.000000,0.000000
Done.
Final: Magnetisation = (0.007348,-0.002613), Energy = -0.640139 
<M> = (-0.003574,-0.001367), <E> = -0.636067 

T=1.910000	 Thermalizing iterations... 
Done.
Thermalized Magnetisation = (-0.059171,0.012068), Energy = -0.633432 
Averaging iterations... h=0.000000,0.000000
Done.
Final: Magnetisation = (-0.029762,-0.024351), Energy = -0.676172 
<M> = (-0.003760,-0.001344), <E> = -0.640148 

T=1.900000	 Thermalizing iterations... 
Done.
Thermalized Magnetisation = (0.085553,0.082524), Energy = -0.643957 
Averaging iterations... h=0.000000,0.000000
Done.
Final: Magnetisation = (-0.038243,-0.006124), Energy = -0.621697 
<M> = (-0.003196,-0.002932), <E> = -0.644206 

T=1.890000	 Thermalizing iterations... 
Done.
Thermalized Magnetisation = (-0.041108,0.010230), Energy = -0.668292 
Averaging iterations... h=0.000000,0.000000
Done.
Final: Magnetisation = (-0.037384,0.015798), Energy = -0.645299 
<M> = (-0.003226,-0.002600), <E> = -0.647996 

T=1.880000	 Thermalizing iterations... 
Done.
Thermalized Magnetisation = (0.002095,-0.025535), Energy = -0.646546 
Averaging iterations... h=0.000000,0.000000
Done.
Final: Magnetisation = (-0.054832,-0.006320), Energy = -0.671852 
<M> = (-0.002393,-0.001839), <E> = -0.652049 

T=1.870000	 Thermalizing iterations... 
Done.
Thermalized Magnetisation = (-0.039429,0.033032), Energy = -0.650040 
Averaging iterations... h=0.000000,0.000000
Done.
Final: Magnetisation = (0.004808,0.009731), Energy = -0.656087 
<M> = (-0.003159,0.002262), <E> = -0.655298 

T=1.860000	 Thermalizing iterations... 
Done.
Thermalized Magnetisation = (-0.040767,0.022466), Energy = -0.604208 
Averaging iterations... h=0.000000,0.000000
Done.
Final: Magnetisation = (0.023154,-0.034592), Energy = -0.647236 
<M> = (-0.004292,0.000102), <E> = -0.659532 

T=1.850000	 Thermalizing iterations... 
Done.
Thermalized Magnetisation = (-0.004467,0.090395), Energy = -0.663262 
Averaging iterations... h=0.000000,0.000000
Done.
Final: Magnetisation = (0.034730,-0.021634), Energy = -0.700046 
<M> = (-0.004496,0.000005), <E> = -0.663584 

T=1.840000	 Thermalizing iterations... 
Done.
Thermalized Magnetisation = (-0.006416,0.031663), Energy = -0.657481 
Averaging iterations... h=0.000000,0.000000
Done.
Final: Magnetisation = (0.027804,-0.014071), Energy = -0.710148 
<M> = (-0.002845,-0.001424), <E> = -0.667888 

T=1.830000	 Thermalizing iterations... 
Done.
Thermalized Magnetisation = (0.050977,0.003546), Energy = -0.664020 
Averaging iterations... h=0.000000,0.000000
Done.
Final: Magnetisation = (-0.014002,0.045894), Energy = -0.674546 
<M> = (-0.004285,-0.002424), <E> = -0.672939 

T=1.820000	 Thermalizing iterations... 
Done.
Thermalized Magnetisation = (0.010706,0.018569), Energy = -0.674123 
Averaging iterations... h=0.000000,0.000000
Done.
Final: Magnetisation = (0.026307,-0.037907), Energy = -0.664255 
<M> = (-0.003701,-0.002211), <E> = -0.677620 

T=1.810000	 Thermalizing iterations... 
Done.
Thermalized Magnetisation = (-0.002489,0.034335), Energy = -0.670905 
Averaging iterations... h=0.000000,0.000000
Done.
Final: Magnetisation = (-0.017857,0.032852), Energy = -0.658952 
<M> = (-0.001478,-0.001648), <E> = -0.681174 

T=1.800000	 Thermalizing iterations... 
Done.
Thermalized Magnetisation = (-0.025447,-0.016972), Energy = -0.671952 
Averaging iterations... h=0.000000,0.000000
Done.
Final: Magnetisation = (-0.008884,0.028442), Energy = -0.713799 
<M> = (-0.002448,-0.000210), <E> = -0.685013 

T=1.790000	 Thermalizing iterations... 
Done.
Thermalized Magnetisation = (0.007500,-0.040619), Energy = -0.702536 
Averaging iterations... h=0.000000,0.000000
Done.
Final: Magnetisation = (-0.058191,-0.045314), Energy = -0.674191 
<M> = (-0.004435,-0.000484), <E> = -0.689352 

T=1.780000	 Thermalizing iterations... 
Done.
Thermalized Magnetisation = (-0.014521,-0.030569), Energy = -0.702885 
Averaging iterations... h=0.000000,0.000000
Done.
Final: Magnetisation = (0.034535,-0.002367), Energy = -0.695225 
<M> = (-0.004561,0.001493), <E> = -0.693922 

T=1.770000	 Thermalizing iterations... 
Done.
Thermalized Magnetisation = (0.032355,0.043466), Energy = -0.699831 
Averaging iterations... h=0.000000,0.000000
Done.
Final: Magnetisation = (-0.004179,0.074718), Energy = -0.701547 
<M> = (-0.004072,-0.002573), <E> = -0.699232 

T=1.760000	 Thermalizing iterations... 
Done.
Thermalized Magnetisation = (-0.003135,0.006334), Energy = -0.748367 
Averaging iterations... h=0.000000,0.000000
Done.
Final: Magnetisation = (0.053512,-0.038103), Energy = -0.721744 
<M> = (-0.004571,-0.000959), <E> = -0.704020 

T=1.750000	 Thermalizing iterations... 
Done.
Thermalized Magnetisation = (-0.032389,0.022581), Energy = -0.707561 
Averaging iterations... h=0.000000,0.000000
Done.
Final: Magnetisation = (0.051016,-0.006855), Energy = -0.680423 
<M> = (-0.005463,-0.003038), <E> = -0.708969 

T=1.740000	 Thermalizing iterations... 
Done.
Thermalized Magnetisation = (0.017046,0.024721), Energy = -0.692161 
Averaging iterations... h=0.000000,0.000000
Done.
Final: Magnetisation = (-0.007741,-0.006855), Energy = -0.714299 
<M> = (-0.004113,-0.002967), <E> = -0.713970 

T=1.730000	 Thermalizing iterations... 
Done.
Thermalized Magnetisation = (0.016311,-0.031610), Energy = -0.724507 
Averaging iterations... h=0.000000,0.000000
Done.
Final: Magnetisation = (-0.074891,-0.057226), Energy = -0.724752 
<M> = (-0.002936,-0.001030), <E> = -0.718213 

T=1.720000	 Thermalizing iterations... 
Done.
Thermalized Magnetisation = (-0.001887,-0.061105), Energy = -0.719008 
Averaging iterations... h=0.000000,0.000000
Done.
Final: Magnetisation = (0.004600,0.010890), Energy = -0.741182 
<M> = (-0.004660,0.000914), <E> = -0.722598 

T=1.710000	 Thermalizing iterations... 
Done.
Thermalized Magnetisation = (0.019621,-0.057636), Energy = -0.743298 
Averaging iterations... h=0.000000,0.000000
Done.
Final: Magnetisation = (-0.003705,-0.045993), Energy = -0.741635 
<M> = (-0.004662,-0.000027), <E> = -0.727590 

T=1.700000	 Thermalizing iterations... 
Done.
Thermalized Magnetisation = (-0.000690,0.013841), Energy = -0.732349 
Averaging iterations... h=0.000000,0.000000
Done.
Final: Magnetisation = (0.008592,0.019478), Energy = -0.737244 
<M> = (-0.004637,-0.000449), <E> = -0.732644 

T=1.690000	 Thermalizing iterations... 
Done.
Thermalized Magnetisation = (-0.086166,0.021653), Energy = -0.757223 
Averaging iterations... h=0.000000,0.000000
Done.
Final: Magnetisation = (0.011198,-0.081391), Energy = -0.734610 
<M> = (-0.004762,-0.000056), <E> = -0.738115 

T=1.680000	 Thermalizing iterations... 
Done.
Thermalized Magnetisation = (-0.041963,-0.019893), Energy = -0.735264 
Averaging iterations... h=0.000000,0.000000
Done.
Final: Magnetisation = (-0.019747,-0.113319), Energy = -0.747591 
<M> = (-0.005536,-0.003194), <E> = -0.744409 

T=1.670000	 Thermalizing iterations... 
Done.
Thermalized Magnetisation = (-0.045161,0.019100), Energy = -0.750193 
Averaging iterations... h=0.000000,0.000000
Done.
Final: Magnetisation = (-0.005206,-0.089605), Energy = -0.782591 
<M> = (-0.005341,-0.001789), <E> = -0.749241 

T=1.660000	 Thermalizing iterations... 
Done.
Thermalized Magnetisation = (-0.065817,-0.010700), Energy = -0.769187 
Averaging iterations... h=0.000000,0.000000
Done.
Final: Magnetisation = (0.003111,-0.024493), Energy = -0.756940 
<M> = (-0.004442,-0.002247), <E> = -0.754563 

T=1.650000	 Thermalizing iterations... 
Done.
Thermalized Magnetisation = (-0.002811,-0.002742), Energy = -0.747616 
Averaging iterations... h=0.000000,0.000000
Done.
Final: Magnetisation = (-0.045165,0.061409), Energy = -0.767995 
<M> = (-0.004292,0.000219), <E> = -0.758733 

T=1.640000	 Thermalizing iterations... 
Done.
Thermalized Magnetisation = (0.033207,0.044245), Energy = -0.785893 
Averaging iterations... h=0.000000,0.000000
Done.
Final: Magnetisation = (0.039047,-0.047393), Energy = -0.758540 
<M> = (-0.005416,0.001112), <E> = -0.764626 

T=1.630000	 Thermalizing iterations... 
Done.
Thermalized Magnetisation = (0.008391,0.013848), Energy = -0.794220 
Averaging iterations... h=0.000000,0.000000
Done.
Final: Magnetisation = (0.022016,0.011941), Energy = -0.724806 
<M> = (-0.006093,0.000294), <E> = -0.769663 

T=1.620000	 Thermalizing iterations... 
Done.
Thermalized Magnetisation = (0.000382,-0.064306), Energy = -0.770649 
Averaging iterations... h=0.000000,0.000000
Done.
Final: Magnetisation = (0.055125,-0.033844), Energy = -0.759032 
<M> = (-0.004321,-0.000862), <E> = -0.776143 

T=1.610000	 Thermalizing iterations... 
Done.
Thermalized Magnetisation = (0.022557,0.044849), Energy = -0.786944 
Averaging iterations... h=0.000000,0.000000
Done.
Final: Magnetisation = (-0.033554,0.094488), Energy = -0.805163 
<M> = (-0.006167,-0.002509), <E> = -0.782269 

T=1.600000	 Thermalizing iterations... 
Done.
Thermalized Magnetisation = (0.003239,-0.032363), Energy = -0.818623 
Averaging iterations... h=0.000000,0.000000
Done.
Final: Magnetisation = (-0.034832,-0.004717), Energy = -0.772543 
<M> = (-0.006624,-0.004168), <E> = -0.788681 

T=1.590000	 Thermalizing iterations... 
Done.
Thermalized Magnetisation = (-0.038368,0.017259), Energy = -0.761620 
Averaging iterations... h=0.000000,0.000000
Done.
Final: Magnetisation = (-0.097234,0.017798), Energy = -0.783613 
<M> = (-0.006281,-0.002223), <E> = -0.794428 

T=1.580000	 Thermalizing iterations... 
Done.
Thermalized Magnetisation = (-0.025117,0.021371), Energy = -0.763718 
Averaging iterations... h=0.000000,0.000000
Done.
Final: Magnetisation = (-0.007055,-0.075947), Energy = -0.862173 
<M> = (-0.003920,0.000060), <E> = -0.800070 

T=1.570000	 Thermalizing iterations... 
Done.
Thermalized Magnetisation = (-0.005047,0.036306), Energy = -0.848194 
Averaging iterations... h=0.000000,0.000000
Done.
Final: Magnetisation = (-0.014033,0.034760), Energy = -0.797543 
<M> = (-0.005672,0.000484), <E> = -0.805456 

T=1.560000	 Thermalizing iterations... 
Done.
Thermalized Magnetisation = (0.045695,-0.048282), Energy = -0.844267 
Averaging iterations... h=0.000000,0.000000
Done.
Final: Magnetisation = (-0.036083,0.005110), Energy = -0.785497 
<M> = (-0.006244,0.001671), <E> = -0.811049 

T=1.550000	 Thermalizing iterations... 
Done.
Thermalized Magnetisation = (-0.073288,0.018934), Energy = -0.779253 
Averaging iterations... h=0.000000,0.000000
Done.
Final: Magnetisation = (-0.043079,0.011373), Energy = -0.797405 
<M> = (-0.006647,0.000300), <E> = -0.818020 

T=1.540000	 Thermalizing iterations... 
Done.
Thermalized Magnetisation = (-0.044255,0.087902), Energy = -0.818414 
Averaging iterations... h=0.000000,0.000000
Done.
Final: Magnetisation = (-0.018426,-0.074165), Energy = -0.846181 
<M> = (-0.005969,-0.000768), <E> = -0.824965 

T=1.530000	 Thermalizing iterations... 
Done.
Thermalized Magnetisation = (0.016736,0.009159), Energy = -0.877342 
Averaging iterations... h=0.000000,0.000000
Done.
Final: Magnetisation = (0.000554,0.027630), Energy = -0.816920 
<M> = (-0.007714,-0.003606), <E> = -0.832166 

T=1.520000	 Thermalizing iterations... 
Done.
Thermalized Magnetisation = (0.042418,0.064863), Energy = -0.840252 
Averaging iterations... h=0.000000,0.000000
Done.
Final: Magnetisation = (-0.032803,-0.032860), Energy = -0.833082 
<M> = (-0.006095,-0.004175), <E> = -0.838436 

T=1.510000	 Thermalizing iterations... 
Done.
Thermalized Magnetisation = (-0.031742,-0.031680), Energy = -0.891132 
Averaging iterations... h=0.000000,0.000000
Done.
Final: Magnetisation = (-0.027821,-0.003939), Energy = -0.841995 
<M> = (-0.003280,-0.000948), <E> = -0.845283 

T=1.500000	 Thermalizing iterations... 
Done.
Thermalized Magnetisation = (0.051821,-0.100669), Energy = -0.883524 
Averaging iterations... h=0.000000,0.000000
Done.
Final: Magnetisation = (-0.041495,-0.068069), Energy = -0.849903 
<M> = (-0.005715,0.002651), <E> = -0.851143 

T=1.490000	 Thermalizing iterations... 
Done.
Thermalized Magnetisation = (0.002978,0.006569), Energy = -0.834551 
Averaging iterations... h=0.000000,0.000000
Done.
Final: Magnetisation = (-0.009978,0.095613), Energy = -0.859535 
<M> = (-0.006604,0.002899), <E> = -0.857513 

T=1.480000	 Thermalizing iterations... 
Done.
Thermalized Magnetisation = (0.027181,-0.018550), Energy = -0.841799 
Averaging iterations... h=0.000000,0.000000
Done.
Final: Magnetisation = (0.019226,-0.032160), Energy = -0.867126 
<M> = (-0.009343,0.002571), <E> = -0.864987 

T=1.470000	 Thermalizing iterations... 
Done.
Thermalized Magnetisation = (0.034859,-0.002887), Energy = -0.872810 
Averaging iterations... h=0.000000,0.000000
Done.
Final: Magnetisation = (0.029584,-0.016530), Energy = -0.879173 
<M> = (-0.006299,-0.000940), <E> = -0.872618 

T=1.460000	 Thermalizing iterations... 
Done.
Thermalized Magnetisation = (0.008858,0.069579), Energy = -0.864785 
Averaging iterations... h=0.000000,0.000000
Done.
Final: Magnetisation = (0.018737,0.009102), Energy = -0.859836 
<M> = (-0.008242,-0.001819), <E> = -0.880656 

T=1.450000	 Thermalizing iterations... 
Done.
Thermalized Magnetisation = (0.018806,0.047855), Energy = -0.896087 
Averaging iterations... h=0.000000,0.000000
Done.
Final: Magnetisation = (-0.059065,-0.016795), Energy = -0.893046 
<M> = (-0.008375,-0.005526), <E> = -0.888112 

T=1.440000	 Thermalizing iterations... 
Done.
Thermalized Magnetisation = (0.045698,-0.064893), Energy = -0.894558 
Averaging iterations... h=0.000000,0.000000
Done.
Final: Magnetisation = (0.005045,-0.048057), Energy = -0.905797 
<M> = (-0.005819,-0.003901), <E> = -0.895831 

T=1.430000	 Thermalizing iterations... 
Done.
Thermalized Magnetisation = (-0.020089,-0.093364), Energy = -0.928052 
Averaging iterations... h=0.000000,0.000000
Done.
Final: Magnetisation = (-0.013575,0.017479), Energy = -0.915041 
<M> = (-0.005773,0.000511), <E> = -0.901963 

T=1.420000	 Thermalizing iterations... 
Done.
Thermalized Magnetisation = (0.081026,0.056638), Energy = -0.916702 
Averaging iterations... h=0.000000,0.000000
Done.
Final: Magnetisation = (-0.026102,-0.062879), Energy = -0.883947 
<M> = (-0.008321,0.000483), <E> = -0.909710 

T=1.410000	 Thermalizing iterations... 
Done.
Thermalized Magnetisation = (-0.009533,0.005160), Energy = -0.951292 
Averaging iterations... h=0.000000,0.000000
Done.
Final: Magnetisation = (-0.045653,0.015912), Energy = -0.940402 
<M> = (-0.010663,0.005328), <E> = -0.917336 

T=1.400000	 Thermalizing iterations... 
Done.
Thermalized Magnetisation = (-0.019128,-0.022987), Energy = -0.906350 
Averaging iterations... h=0.000000,0.000000
Done.
Final: Magnetisation = (-0.033443,0.107220), Energy = -0.903596 
<M> = (-0.009401,-0.002301), <E> = -0.926520 

T=1.390000	 Thermalizing iterations... 
Done.
Thermalized Magnetisation = (-0.064812,-0.032536), Energy = -0.960541 
Averaging iterations... h=0.000000,0.000000
Done.
Final: Magnetisation = (0.015742,-0.017624), Energy = -0.942014 
<M> = (-0.009645,-0.005838), <E> = -0.934801 

T=1.380000	 Thermalizing iterations... 
Done.
Thermalized Magnetisation = (-0.034649,-0.016800), Energy = -0.931470 
Averaging iterations... h=0.000000,0.000000
Done.
Final: Magnetisation = (-0.022196,-0.033888), Energy = -0.906023 
<M> = (-0.009822,-0.009169), <E> = -0.943639 

T=1.370000	 Thermalizing iterations... 
Done.
Thermalized Magnetisation = (-0.068896,-0.026468), Energy = -0.931874 
Averaging iterations... h=0.000000,0.000000
Done.
Final: Magnetisation = (-0.061216,-0.023439), Energy = -0.905465 
<M> = (-0.010576,-0.005449), <E> = -0.951911 

T=1.360000	 Thermalizing iterations... 
Done.
Thermalized Magnetisation = (-0.032008,0.018544), Energy = -1.000291 
Averaging iterations... h=0.000000,0.000000
Done.
Final: Magnetisation = (0.052741,0.066491), Energy = -0.985871 
<M> = (-0.009180,-0.003187), <E> = -0.959521 

T=1.350000	 Thermalizing iterations... 
Done.
Thermalized Magnetisation = (0.017919,0.090899), Energy = -0.950913 
Averaging iterations... h=0.000000,0.000000
Done.
Final: Magnetisation = (-0.031313,0.065365), Energy = -0.950892 
<M> = (-0.008338,0.006666), <E> = -0.966835 

T=1.340000	 Thermalizing iterations... 
Done.
Thermalized Magnetisation = (0.073508,0.046335), Energy = -1.028531 
Averaging iterations... h=0.000000,0.000000
Done.
Final: Magnetisation = (0.030811,-0.019495), Energy = -1.000255 
<M> = (-0.013630,0.003521), <E> = -0.975783 

T=1.330000	 Thermalizing iterations... 
Done.
Thermalized Magnetisation = (0.031461,0.047347), Energy = -1.005273 
Averaging iterations... h=0.000000,0.000000
Done.
Final: Magnetisation = (0.003515,-0.068697), Energy = -1.005709 
<M> = (-0.013489,-0.000499), <E> = -0.985630 

T=1.320000	 Thermalizing iterations... 
Done.
Thermalized Magnetisation = (0.005037,-0.067423), Energy = -0.992816 
Averaging iterations... h=0.000000,0.000000
Done.
Final: Magnetisation = (-0.057301,-0.026298), Energy = -0.945712 
<M> = (-0.011246,-0.001322), <E> = -0.995142 

T=1.310000	 Thermalizing iterations... 
Done.
Thermalized Magnetisation = (0.015016,-0.033406), Energy = -1.027683 
Averaging iterations... h=0.000000,0.000000
Done.
Final: Magnetisation = (-0.070955,0.019696), Energy = -1.024288 
<M> = (-0.010877,-0.010022), <E> = -1.004550 

T=1.300000	 Thermalizing iterations... 
Done.
Thermalized Magnetisation = (-0.062132,-0.005745), Energy = -1.000629 
Averaging iterations... h=0.000000,0.000000
Done.
Final: Magnetisation = (-0.003553,0.000467), Energy = -1.054569 
<M> = (-0.012124,-0.009301), <E> = -1.014601 

T=1.290000	 Thermalizing iterations... 
Done.
Thermalized Magnetisation = (-0.043628,-0.044206), Energy = -1.020801 
Averaging iterations... h=0.000000,0.000000
Done.
Final: Magnetisation = (0.002020,-0.034954), Energy = -1.025436 
<M> = (-0.007346,-0.007196), <E> = -1.024448 

T=1.280000	 Thermalizing iterations... 
Done.
Thermalized Magnetisation = (-0.064383,0.028223), Energy = -1.050776 
Averaging iterations... h=0.000000,0.000000
Done.
Final: Magnetisation = (0.020248,-0.030249), Energy = -1.039764 
<M> = (-0.010147,0.000714), <E> = -1.032253 

T=1.270000	 Thermalizing iterations... 
Done.
Thermalized Magnetisation = (-0.045964,-0.000806), Energy = -1.039792 
Averaging iterations... h=0.000000,0.000000
Done.
Final: Magnetisation = (-0.056782,0.037725), Energy = -1.047931 
<M> = (-0.015470,0.005666), <E> = -1.041263 

T=1.260000	 Thermalizing iterations... 
Done.
Thermalized Magnetisation = (-0.055743,-0.002197), Energy = -1.044843 
Averaging iterations... h=0.000000,0.000000
Done.
Final: Magnetisation = (-0.038300,-0.023521), Energy = -1.052152 
<M> = (-0.013004,0.004857), <E> = -1.051235 

T=1.250000	 Thermalizing iterations... 
Done.
Thermalized Magnetisation = (-0.009085,-0.070719), Energy = -1.111039 
Averaging iterations... h=0.000000,0.000000
Done.
Final: Magnetisation = (-0.066237,0.058808), Energy = -1.039091 
<M> = (-0.011840,-0.003183), <E> = -1.062207 

T=1.240000	 Thermalizing iterations... 
Done.
Thermalized Magnetisation = (0.009996,-0.047014), Energy = -1.095699 
Averaging iterations... h=0.000000,0.000000
Done.
Final: Magnetisation = (-0.083607,-0.041225), Energy = -1.044197 
<M> = (-0.016240,-0.002230), <E> = -1.073834 

T=1.230000	 Thermalizing iterations... 
Done.
Thermalized Magnetisation = (-0.011622,0.068452), Energy = -1.106367 
Averaging iterations... h=0.000000,0.000000
Done.
Final: Magnetisation = (-0.051769,-0.090544), Energy = -1.056501 
<M> = (-0.015808,-0.020527), <E> = -1.085116 

T=1.220000	 Thermalizing iterations... 
Done.
Thermalized Magnetisation = (0.020676,-0.064044), Energy = -1.084125 
Averaging iterations... h=0.000000,0.000000
Done.
Final: Magnetisation = (-0.029214,-0.080111), Energy = -1.101601 
<M> = (-0.015757,-0.008681), <E> = -1.094536 

T=1.210000	 Thermalizing iterations... 
Done.
Thermalized Magnetisation = (-0.013589,0.011806), Energy = -1.061888 
Averaging iterations... h=0.000000,0.000000
Done.
Final: Magnetisation = (-0.006698,-0.014637), Energy = -1.125090 
<M> = (-0.015489,-0.009977), <E> = -1.104361 

T=1.200000	 Thermalizing iterations... 
Done.
Thermalized Magnetisation = (0.092131,-0.098684), Energy = -1.099030 
Averaging iterations... h=0.000000,0.000000
Done.
Final: Magnetisation = (0.003076,0.108918), Energy = -1.118052 
<M> = (-0.018442,0.003030), <E> = -1.114271 

T=1.190000	 Thermalizing iterations... 
Done.
Thermalized Magnetisation = (0.002218,0.009876), Energy = -1.100713 
Averaging iterations... h=0.000000,0.000000
Done.
Final: Magnetisation = (-0.035277,-0.042363), Energy = -1.133560 
<M> = (-0.020270,0.009948), <E> = -1.124361 

T=1.180000	 Thermalizing iterations... 
Done.
Thermalized Magnetisation = (-0.042988,-0.017084), Energy = -1.131048 
Averaging iterations... h=0.000000,0.000000
Done.
Final: Magnetisation = (0.025592,-0.004820), Energy = -1.108398 
<M> = (-0.019091,-0.001525), <E> = -1.136361 

T=1.170000	 Thermalizing iterations... 
Done.
Thermalized Magnetisation = (-0.111989,0.101386), Energy = -1.165742 
Averaging iterations... h=0.000000,0.000000
Done.
Final: Magnetisation = (-0.035338,0.203497), Energy = -1.151149 
<M> = (-0.017350,-0.004934), <E> = -1.148018 

T=1.160000	 Thermalizing iterations... 
Done.
Thermalized Magnetisation = (0.077501,-0.190200), Energy = -1.189057 
Averaging iterations... h=0.000000,0.000000
Done.
Final: Magnetisation = (0.010230,-0.117886), Energy = -1.160665 
<M> = (-0.013269,-0.018057), <E> = -1.160655 

T=1.150000	 Thermalizing iterations... 
Done.
Thermalized Magnetisation = (-0.028772,-0.110589), Energy = -1.219857 
Averaging iterations... h=0.000000,0.000000
Done.
Final: Magnetisation = (-0.017078,0.003560), Energy = -1.162472 
<M> = (-0.020381,-0.018476), <E> = -1.172772 

T=1.140000	 Thermalizing iterations... 
Done.
Thermalized Magnetisation = (-0.056147,-0.102244), Energy = -1.209965 
Averaging iterations... h=0.000000,0.000000
Done.
Final: Magnetisation = (0.043751,-0.103235), Energy = -1.180425 
<M> = (-0.018162,-0.018558), <E> = -1.184303 

T=1.130000	 Thermalizing iterations... 
Done.
Thermalized Magnetisation = (-0.075033,0.089954), Energy = -1.184821 
Averaging iterations... h=0.000000,0.000000
Done.
Final: Magnetisation = (-0.005054,0.107573), Energy = -1.173985 
<M> = (-0.020323,-0.006325), <E> = -1.193816 

T=1.120000	 Thermalizing iterations... 
Done.
Thermalized Magnetisation = (-0.032682,0.050761), Energy = -1.200112 
Averaging iterations... h=0.000000,0.000000
Done.
Final: Magnetisation = (-0.051778,-0.152731), Energy = -1.228204 
<M> = (-0.023067,0.005209), <E> = -1.206346 

T=1.110000	 Thermalizing iterations... 
Done.
Thermalized Magnetisation = (-0.003992,-0.024799), Energy = -1.191695 
Averaging iterations... h=0.000000,0.000000
Done.
Final: Magnetisation = (-0.036002,0.079699), Energy = -1.225432 
<M> = (-0.023271,0.024737), <E> = -1.216565 

T=1.100000	 Thermalizing iterations... 
Done.
Thermalized Magnetisation = (-0.077892,-0.173301), Energy = -1.250272 
Averaging iterations... h=0.000000,0.000000
Done.
Final: Magnetisation = (-0.043143,-0.117499), Energy = -1.236891 
<M> = (-0.021127,0.011210), <E> = -1.229462 

T=1.090000	 Thermalizing iterations... 
Done.
Thermalized Magnetisation = (-0.018268,-0.024483), Energy = -1.266919 
Averaging iterations... h=0.000000,0.000000
Done.
Final: Magnetisation = (-0.077267,0.048746), Energy = -1.251518 
<M> = (-0.023731,-0.021595), <E> = -1.243666 

T=1.080000	 Thermalizing iterations... 
Done.
Thermalized Magnetisation = (-0.029770,-0.011522), Energy = -1.265961 
Averaging iterations... h=0.000000,0.000000
Done.
Final: Magnetisation = (0.011914,-0.063171), Energy = -1.238883 
<M> = (-0.028317,-0.046974), <E> = -1.255699 

T=1.070000	 Thermalizing iterations... 
Done.
Thermalized Magnetisation = (0.018334,0.103277), Energy = -1.294072 
Averaging iterations... h=0.000000,0.000000
Done.
Final: Magnetisation = (-0.071224,0.135989), Energy = -1.261007 
<M> = (-0.021603,-0.037924), <E> = -1.269123 

T=1.060000	 Thermalizing iterations... 
Done.
Thermalized Magnetisation = (0.001711,0.124041), Energy = -1.293709 
Averaging iterations... h=0.000000,0.000000
Done.
Final: Magnetisation = (0.042752,-0.194294), Energy = -1.293567 
<M> = (-0.019091,0.001276), <E> = -1.280802 

T=1.050000	 Thermalizing iterations... 
Done.
Thermalized Magnetisation = (-0.015088,-0.088666), Energy = -1.318815 
Averaging iterations... h=0.000000,0.000000
Done.
Final: Magnetisation = (-0.061100,-0.104800), Energy = -1.284282 
<M> = (-0.029360,-0.023434), <E> = -1.291219 

T=1.040000	 Thermalizing iterations... 
Done.
Thermalized Magnetisation = (-0.066060,0.131762), Energy = -1.294737 
Averaging iterations... h=0.000000,0.000000
Done.
Final: Magnetisation = (-0.039053,-0.077389), Energy = -1.303486 
<M> = (-0.032872,0.060307), <E> = -1.305399 

T=1.030000	 Thermalizing iterations... 
Done.
Thermalized Magnetisation = (-0.028021,-0.066905), Energy = -1.302451 
Averaging iterations... h=0.000000,0.000000
Done.
Final: Magnetisation = (-0.012499,0.085842), Energy = -1.329632 
<M> = (-0.028711,-0.025429), <E> = -1.315725 

T=1.020000	 Thermalizing iterations... 
Done.
Thermalized Magnetisation = (0.012087,-0.028338), Energy = -1.301939 
Averaging iterations... h=0.000000,0.000000
Done.
Final: Magnetisation = (-0.099610,0.008885), Energy = -1.341342 
<M> = (-0.030566,-0.060151), <E> = -1.327372 

T=1.010000	 Thermalizing iterations... 
Done.
Thermalized Magnetisation = (-0.056720,-0.078093), Energy = -1.323291 
Averaging iterations... h=0.000000,0.000000
Done.
Final: Magnetisation = (-0.034772,-0.123696), Energy = -1.332701 
<M> = (-0.036323,-0.194891), <E> = -1.346762 

T=1.000000	 Thermalizing iterations... 
Done.
Thermalized Magnetisation = (-0.046080,-0.104268), Energy = -1.370131 
Averaging iterations... h=0.000000,0.000000
Done.
Final: Magnetisation = (0.047958,-0.274515), Energy = -1.372659 
<M> = (-0.027614,-0.084459), <E> = -1.359493 

T=0.990000	 Thermalizing iterations... 
Done.
Thermalized Magnetisation = (-0.059584,-0.051062), Energy = -1.390012 
Averaging iterations... h=0.000000,0.000000
Done.
Final: Magnetisation = (0.004391,-0.047452), Energy = -1.354121 
<M> = (-0.013253,-0.111793), <E> = -1.369918 

T=0.980000	 Thermalizing iterations... 
Done.
Thermalized Magnetisation = (-0.043468,0.055762), Energy = -1.375538 
Averaging iterations... h=0.000000,0.000000
Done.
Final: Magnetisation = (0.047845,-0.120870), Energy = -1.390354 
<M> = (-0.022796,-0.062059), <E> = -1.380442 

T=0.970000	 Thermalizing iterations... 
Done.
Thermalized Magnetisation = (-0.052987,-0.040161), Energy = -1.354045 
Averaging iterations... h=0.000000,0.000000
Done.
Final: Magnetisation = (-0.006391,0.240030), Energy = -1.401377 
<M> = (-0.026765,0.163152), <E> = -1.390249 

T=0.960000	 Thermalizing iterations... 
Done.
Thermalized Magnetisation = (-0.063558,-0.492065), Energy = -1.432436 
Averaging iterations... h=0.000000,0.000000
Done.
Final: Magnetisation = (-0.012075,-0.354101), Energy = -1.386458 
<M> = (-0.025269,-0.345896), <E> = -1.409795 

T=0.950000	 Thermalizing iterations... 
Done.
Thermalized Magnetisation = (-0.110041,-0.498743), Energy = -1.415420 
Averaging iterations... h=0.000000,0.000000
Done.
Final: Magnetisation = (0.004490,-0.354165), Energy = -1.432200 
<M> = (-0.024957,-0.418082), <E> = -1.425602 

T=0.940000	 Thermalizing iterations... 
Done.
Thermalized Magnetisation = (-0.014219,-0.439343), Energy = -1.439012 
Averaging iterations... h=0.000000,0.000000
Done.
Final: Magnetisation = (-0.062781,-0.402766), Energy = -1.436890 
<M> = (-0.036020,-0.477163), <E> = -1.441504 

T=0.930000	 Thermalizing iterations... 
Done.
Thermalized Magnetisation = (0.035348,-0.383673), Energy = -1.434685 
Averaging iterations... h=0.000000,0.000000
Done.
Final: Magnetisation = (-0.038780,-0.487133), Energy = -1.451133 
<M> = (-0.032877,-0.521415), <E> = -1.454685 

T=0.920000	 Thermalizing iterations... 
Done.
Thermalized Magnetisation = (0.035803,-0.522295), Energy = -1.485789 
Averaging iterations... h=0.000000,0.000000
Done.
Final: Magnetisation = (-0.043895,-0.519898), Energy = -1.449085 
<M> = (-0.024690,-0.537343), <E> = -1.465816 

T=0.910000	 Thermalizing iterations... 
Done.
Thermalized Magnetisation = (-0.007613,-0.570582), Energy = -1.467131 
Averaging iterations... h=0.000000,0.000000
Done.
Final: Magnetisation = (-0.065572,-0.515161), Energy = -1.475654 
<M> = (-0.019749,-0.547960), <E> = -1.475606 

T=0.900000	 Thermalizing iterations... 
Done.
Thermalized Magnetisation = (-0.048805,-0.557460), Energy = -1.487129 
Averaging iterations... h=0.000000,0.000000
Done.
Final: Magnetisation = (0.038131,-0.528718), Energy = -1.471414 
<M> = (-0.015930,-0.559334), <E> = -1.486206 

T=0.890000	 Thermalizing iterations... 
Done.
Thermalized Magnetisation = (-0.069172,-0.568782), Energy = -1.495026 
Averaging iterations... h=0.000000,0.000000
Done.
Final: Magnetisation = (0.016468,-0.572675), Energy = -1.487004 
<M> = (-0.037327,-0.561512), <E> = -1.495213 

T=0.880000	 Thermalizing iterations... 
Done.
Thermalized Magnetisation = (-0.053507,-0.618216), Energy = -1.508016 
Averaging iterations... h=0.000000,0.000000
Done.
Final: Magnetisation = (0.051020,-0.603084), Energy = -1.513825 
<M> = (-0.031689,-0.583675), <E> = -1.507181 

T=0.870000	 Thermalizing iterations... 
Done.
Thermalized Magnetisation = (-0.037834,-0.630018), Energy = -1.534720 
Averaging iterations... h=0.000000,0.000000
Done.
Final: Magnetisation = (-0.018080,-0.560493), Energy = -1.515326 
<M> = (-0.038006,-0.596947), <E> = -1.517523 

T=0.860000	 Thermalizing iterations... 
Done.
Thermalized Magnetisation = (0.002209,-0.639895), Energy = -1.544228 
Averaging iterations... h=0.000000,0.000000
Done.
Final: Magnetisation = (-0.014194,-0.614073), Energy = -1.526214 
<M> = (-0.036231,-0.601139), <E> = -1.527790 

T=0.850000	 Thermalizing iterations... 
Done.
Thermalized Magnetisation = (-0.042017,-0.611895), Energy = -1.528948 
Averaging iterations... h=0.000000,0.000000
Done.
Final: Magnetisation = (-0.026143,-0.614690), Energy = -1.529629 
<M> = (-0.017223,-0.620663), <E> = -1.537614 

T=0.840000	 Thermalizing iterations... 
Done.
Thermalized Magnetisation = (-0.013864,-0.663424), Energy = -1.561913 
Averaging iterations... h=0.000000,0.000000
Done.
Final: Magnetisation = (0.011589,-0.640489), Energy = -1.570341 
<M> = (-0.018108,-0.627717), <E> = -1.546516 

T=0.830000	 Thermalizing iterations... 
Done.
Thermalized Magnetisation = (0.007823,-0.636246), Energy = -1.552633 
Averaging iterations... h=0.000000,0.000000
Done.
Final: Magnetisation = (-0.025196,-0.621557), Energy = -1.548682 
<M> = (-0.023904,-0.622064), <E> = -1.553594 

T=0.820000	 Thermalizing iterations... 
Done.
Thermalized Magnetisation = (-0.043200,-0.656549), Energy = -1.538110 
Averaging iterations... h=0.000000,0.000000
Done.
Final: Magnetisation = (-0.045983,-0.647739), Energy = -1.540081 
<M> = (-0.027819,-0.633247), <E> = -1.562337 

T=0.810000	 Thermalizing iterations... 
Done.
Thermalized Magnetisation = (-0.040525,-0.663232), Energy = -1.554699 
Averaging iterations... h=0.000000,0.000000
Done.
Final: Magnetisation = (-0.038231,-0.628971), Energy = -1.558361 
<M> = (-0.024952,-0.640443), <E> = -1.570953 

T=0.800000	 Thermalizing iterations... 
Done.
Thermalized Magnetisation = (-0.040159,-0.675058), Energy = -1.584889 
Averaging iterations... h=0.000000,0.000000
Done.
Final: Magnetisation = (-0.061668,-0.644294), Energy = -1.570928 
<M> = (-0.027642,-0.643855), <E> = -1.580064 

T=0.790000	 Thermalizing iterations... 
Done.
Thermalized Magnetisation = (-0.059740,-0.685104), Energy = -1.589652 
Averaging iterations... h=0.000000,0.000000
Done.
Final: Magnetisation = (-0.011457,-0.669505), Energy = -1.617867 
<M> = (-0.028579,-0.656453), <E> = -1.588918 

T=0.780000	 Thermalizing iterations... 
Done.
Thermalized Magnetisation = (-0.006786,-0.649661), Energy = -1.598462 
Averaging iterations... h=0.000000,0.000000
Done.
Final: Magnetisation = (-0.032659,-0.679264), Energy = -1.591900 
<M> = (-0.029937,-0.664604), <E> = -1.597017 

T=0.770000	 Thermalizing iterations... 
Done.
Thermalized Magnetisation = (0.013189,-0.650228), Energy = -1.599567 
Averaging iterations... h=0.000000,0.000000
Done.
Final: Magnetisation = (-0.077934,-0.642080), Energy = -1.588330 
<M> = (-0.023778,-0.667299), <E> = -1.604405 

T=0.760000	 Thermalizing iterations... 
Done.
Thermalized Magnetisation = (-0.047166,-0.676783), Energy = -1.606029 
Averaging iterations... h=0.000000,0.000000
Done.
Final: Magnetisation = (0.055745,-0.686607), Energy = -1.622553 
<M> = (-0.019788,-0.668871), <E> = -1.611682 

T=0.750000	 Thermalizing iterations... 
Done.
Thermalized Magnetisation = (-0.023857,-0.654093), Energy = -1.610756 
Averaging iterations... h=0.000000,0.000000
Done.
Final: Magnetisation = (-0.023331,-0.693990), Energy = -1.618857 
<M> = (-0.020533,-0.671999), <E> = -1.619113 

T=0.740000	 Thermalizing iterations... 
Done.
Thermalized Magnetisation = (-0.000641,-0.685582), Energy = -1.639185 
Averaging iterations... h=0.000000,0.000000
Done.
Final: Magnetisation = (-0.036204,-0.676409), Energy = -1.629266 
<M> = (-0.027326,-0.674212), <E> = -1.625951 

T=0.730000	 Thermalizing iterations... 
Done.
Thermalized Magnetisation = (-0.053642,-0.689572), Energy = -1.631874 
Averaging iterations... h=0.000000,0.000000
Done.
Final: Magnetisation = (-0.030263,-0.681228), Energy = -1.621721 
<M> = (-0.025533,-0.682594), <E> = -1.634391 

T=0.720000	 Thermalizing iterations... 
Done.
Thermalized Magnetisation = (0.016416,-0.688847), Energy = -1.630164 
Averaging iterations... h=0.000000,0.000000
Done.
Final: Magnetisation = (-0.014197,-0.705344), Energy = -1.639817 
<M> = (-0.029304,-0.685970), <E> = -1.641831 

T=0.710000	 Thermalizing iterations... 
Done.
Thermalized Magnetisation = (-0.002055,-0.693400), Energy = -1.644806 
Averaging iterations... h=0.000000,0.000000
Done.
Final: Magnetisation = (-0.084897,-0.685699), Energy = -1.668806 
<M> = (-0.030818,-0.694579), <E> = -1.649562 

T=0.700000	 Thermalizing iterations... 
Done.
Thermalized Magnetisation = (-0.041128,-0.712345), Energy = -1.653624 
Averaging iterations... h=0.000000,0.000000
Done.
Final: Magnetisation = (-0.067323,-0.684685), Energy = -1.657400 
<M> = (-0.025959,-0.701786), <E> = -1.656714 

T=0.690000	 Thermalizing iterations... 
Done.
Thermalized Magnetisation = (-0.045048,-0.710898), Energy = -1.660119 
Averaging iterations... h=0.000000,0.000000
Done.
Final: Magnetisation = (-0.063311,-0.732686), Energy = -1.664832 
<M> = (-0.025006,-0.704386), <E> = -1.663559 

T=0.680000	 Thermalizing iterations... 
Done.
Thermalized Magnetisation = (-0.069141,-0.698657), Energy = -1.659824 
Averaging iterations... h=0.000000,0.000000
Done.
Final: Magnetisation = (-0.109187,-0.698946), Energy = -1.668718 
<M> = (-0.021791,-0.701992), <E> = -1.669793 

T=0.670000	 Thermalizing iterations... 
Done.
Thermalized Magnetisation = (-0.023084,-0.714739), Energy = -1.669029 
Averaging iterations... h=0.000000,0.000000
Done.
Final: Magnetisation = (0.033648,-0.703732), Energy = -1.686070 
<M> = (-0.022165,-0.707647), <E> = -1.676570 

T=0.660000	 Thermalizing iterations... 
Done.
Thermalized Magnetisation = (-0.038667,-0.696831), Energy = -1.676345 
Averaging iterations... h=0.000000,0.000000
Done.
Final: Magnetisation = (-0.054706,-0.695631), Energy = -1.689477 
<M> = (-0.030679,-0.710787), <E> = -1.683466 

T=0.650000	 Thermalizing iterations... 
Done.
Thermalized Magnetisation = (-0.064915,-0.715111), Energy = -1.695381 
Averaging iterations... h=0.000000,0.000000
Done.
Final: Magnetisation = (-0.073396,-0.731471), Energy = -1.682124 
<M> = (-0.026492,-0.713947), <E> = -1.690548 

T=0.640000	 Thermalizing iterations... 
Done.
Thermalized Magnetisation = (-0.025315,-0.743384), Energy = -1.715883 
Averaging iterations... h=0.000000,0.000000
Done.
Final: Magnetisation = (0.010686,-0.718381), Energy = -1.705437 
<M> = (-0.032847,-0.722125), <E> = -1.697967 

T=0.630000	 Thermalizing iterations... 
Done.
Thermalized Magnetisation = (-0.035538,-0.727393), Energy = -1.704145 
Averaging iterations... h=0.000000,0.000000
Done.
Final: Magnetisation = (-0.044503,-0.718548), Energy = -1.706609 
<M> = (-0.024269,-0.727678), <E> = -1.704559 

T=0.620000	 Thermalizing iterations... 
Done.
Thermalized Magnetisation = (-0.016148,-0.759425), Energy = -1.718277 
Averaging iterations... h=0.000000,0.000000
Done.
Final: Magnetisation = (0.000969,-0.731532), Energy = -1.710115 
<M> = (-0.017856,-0.729485), <E> = -1.710875 

T=0.610000	 Thermalizing iterations... 
Done.
Thermalized Magnetisation = (0.000900,-0.748948), Energy = -1.718054 
Averaging iterations... h=0.000000,0.000000
Done.
Final: Magnetisation = (-0.044122,-0.736422), Energy = -1.713415 
<M> = (-0.019993,-0.730117), <E> = -1.717012 

T=0.600000	 Thermalizing iterations... 
Done.
Thermalized Magnetisation = (-0.029835,-0.726083), Energy = -1.719819 
Averaging iterations... h=0.000000,0.000000
Done.
Final: Magnetisation = (0.009900,-0.747412), Energy = -1.722539 
<M> = (-0.022696,-0.732583), <E> = -1.723316 

T=0.590000	 Thermalizing iterations... 
Done.
Thermalized Magnetisation = (-0.071927,-0.731513), Energy = -1.729271 
Averaging iterations... h=0.000000,0.000000
Done.
Final: Magnetisation = (-0.013114,-0.754107), Energy = -1.733070 
<M> = (-0.028447,-0.735358), <E> = -1.729512 

T=0.580000	 Thermalizing iterations... 
Done.
Thermalized Magnetisation = (0.049712,-0.738886), Energy = -1.740088 
Averaging iterations... h=0.000000,0.000000
Done.
Final: Magnetisation = (-0.035554,-0.764180), Energy = -1.751780 
<M> = (-0.025556,-0.742796), <E> = -1.736029 

T=0.570000	 Thermalizing iterations... 
Done.
Thermalized Magnetisation = (-0.057956,-0.753215), Energy = -1.750313 
Averaging iterations... h=0.000000,0.000000
Done.
Final: Magnetisation = (0.007472,-0.732861), Energy = -1.738118 
<M> = (-0.032258,-0.744585), <E> = -1.742742 

T=0.560000	 Thermalizing iterations... 
Done.
Thermalized Magnetisation = (-0.032546,-0.740276), Energy = -1.753202 
Averaging iterations... h=0.000000,0.000000
Done.
Final: Magnetisation = (-0.029659,-0.755439), Energy = -1.746539 
<M> = (-0.032252,-0.750348), <E> = -1.749597 

T=0.550000	 Thermalizing iterations... 
Done.
Thermalized Magnetisation = (-0.055659,-0.747709), Energy = -1.764768 
Averaging iterations... h=0.000000,0.000000
Done.
Final: Magnetisation = (0.004732,-0.738235), Energy = -1.753353 
<M> = (-0.027253,-0.754315), <E> = -1.755547 

T=0.540000	 Thermalizing iterations... 
Done.
Thermalized Magnetisation = (-0.041872,-0.724464), Energy = -1.762306 
Averaging iterations... h=0.000000,0.000000
Done.
Final: Magnetisation = (-0.001754,-0.774936), Energy = -1.756363 
<M> = (-0.023220,-0.755027), <E> = -1.761231 

T=0.530000	 Thermalizing iterations... 
Done.
Thermalized Magnetisation = (-0.006470,-0.747713), Energy = -1.776819 
Averaging iterations... h=0.000000,0.000000
Done.
Final: Magnetisation = (0.003750,-0.769831), Energy = -1.774889 
<M> = (-0.019990,-0.754739), <E> = -1.766894 

T=0.520000	 Thermalizing iterations... 
Done.
Thermalized Magnetisation = (-0.062585,-0.748958), Energy = -1.771947 
Averaging iterations... h=0.000000,0.000000
Done.
Final: Magnetisation = (-0.041940,-0.738575), Energy = -1.766726 
<M> = (-0.023673,-0.759694), <E> = -1.772961 

T=0.510000	 Thermalizing iterations... 
Done.
Thermalized Magnetisation = (-0.041913,-0.751698), Energy = -1.779648 
Averaging iterations... h=0.000000,0.000000
Done.
Final: Magnetisation = (0.026340,-0.767404), Energy = -1.772752 
<M> = (-0.022228,-0.765144), <E> = -1.779395 

T=0.500000	 Thermalizing iterations... 
Done.
Thermalized Magnetisation = (-0.011001,-0.773821), Energy = -1.792357 
Averaging iterations... h=0.000000,0.000000
Done.
Final: Magnetisation = (-0.064489,-0.774253), Energy = -1.792647 
<M> = (-0.024840,-0.768389), <E> = -1.785800 

T=0.490000	 Thermalizing iterations... 
Done.
Thermalized Magnetisation = (-0.030922,-0.786700), Energy = -1.787659 
Averaging iterations... h=0.000000,0.000000
Done.
Final: Magnetisation = (0.002161,-0.788520), Energy = -1.787509 
<M> = (-0.028887,-0.773549), <E> = -1.791968 

T=0.480000	 Thermalizing iterations... 
Done.
Thermalized Magnetisation = (0.016777,-0.767397), Energy = -1.796971 
Averaging iterations... h=0.000000,0.000000
Done.
Final: Magnetisation = (-0.035204,-0.755348), Energy = -1.786279 
<M> = (-0.021112,-0.778059), <E> = -1.797877 

T=0.470000	 Thermalizing iterations... 
Done.
Thermalized Magnetisation = (0.040239,-0.781043), Energy = -1.810892 
Averaging iterations... h=0.000000,0.000000
Done.
Final: Magnetisation = (-0.016785,-0.773534), Energy = -1.806544 
<M> = (-0.022049,-0.778627), <E> = -1.803699 

T=0.460000	 Thermalizing iterations... 
Done.
Thermalized Magnetisation = (0.008092,-0.797853), Energy = -1.806284 
Averaging iterations... h=0.000000,0.000000
Done.
Final: Magnetisation = (-0.022641,-0.773847), Energy = -1.799345 
<M> = (-0.026270,-0.778337), <E> = -1.809083 

T=0.450000	 Thermalizing iterations... 
Done.
Thermalized Magnetisation = (-0.003518,-0.764414), Energy = -1.818284 
Averaging iterations... h=0.000000,0.000000
Done.
Final: Magnetisation = (-0.005540,-0.781140), Energy = -1.816326 
<M> = (-0.028998,-0.780813), <E> = -1.814939 

T=0.440000	 Thermalizing iterations... 
Done.
Thermalized Magnetisation = (-0.010118,-0.800322), Energy = -1.823877 
Averaging iterations... h=0.000000,0.000000
Done.
Final: Magnetisation = (-0.005181,-0.775687), Energy = -1.824805 
<M> = (-0.026008,-0.784214), <E> = -1.820932 

T=0.430000	 Thermalizing iterations... 
Done.
Thermalized Magnetisation = (-0.070178,-0.796623), Energy = -1.827048 
Averaging iterations... h=0.000000,0.000000
Done.
Final: Magnetisation = (-0.034732,-0.783844), Energy = -1.819510 
<M> = (-0.028502,-0.789487), <E> = -1.826677 

T=0.420000	 Thermalizing iterations... 
Done.
Thermalized Magnetisation = (0.002884,-0.795184), Energy = -1.831233 
Averaging iterations... h=0.000000,0.000000
Done.
Final: Magnetisation = (-0.041196,-0.792569), Energy = -1.835622 
<M> = (-0.028803,-0.793694), <E> = -1.832728 

T=0.410000	 Thermalizing iterations... 
Done.
Thermalized Magnetisation = (-0.003905,-0.789466), Energy = -1.838248 
Averaging iterations... h=0.000000,0.000000
Done.
Final: Magnetisation = (-0.005393,-0.768615), Energy = -1.834698 
<M> = (-0.022302,-0.796737), <E> = -1.838643 

T=0.400000	 Thermalizing iterations... 
Done.
Thermalized Magnetisation = (-0.039620,-0.791802), Energy = -1.838753 
Averaging iterations... h=0.000000,0.000000
Done.
Final: Magnetisation = (-0.042364,-0.798403), Energy = -1.843284 
<M> = (-0.031800,-0.799281), <E> = -1.844244 

T=0.390000	 Thermalizing iterations... 
Done.
Thermalized Magnetisation = (-0.029113,-0.793240), Energy = -1.848987 
Averaging iterations... h=0.000000,0.000000
Done.
Final: Magnetisation = (-0.043687,-0.807174), Energy = -1.842582 
<M> = (-0.022356,-0.800323), <E> = -1.849766 

T=0.380000	 Thermalizing iterations... 
Done.
Thermalized Magnetisation = (-0.028656,-0.803187), Energy = -1.851324 
Averaging iterations... h=0.000000,0.000000
Done.
Final: Magnetisation = (-0.040578,-0.801856), Energy = -1.854978 
<M> = (-0.027374,-0.801989), <E> = -1.855164 

T=0.370000	 Thermalizing iterations... 
Done.
Thermalized Magnetisation = (-0.011755,-0.808907), Energy = -1.866324 
Averaging iterations... h=0.000000,0.000000
Done.
Final: Magnetisation = (-0.006485,-0.804082), Energy = -1.862042 
<M> = (-0.028502,-0.806486), <E> = -1.860834 

T=0.360000	 Thermalizing iterations... 
Done.
Thermalized Magnetisation = (-0.008308,-0.823366), Energy = -1.872594 
Averaging iterations... h=0.000000,0.000000
Done.
Final: Magnetisation = (-0.016077,-0.816079), Energy = -1.866170 
<M> = (-0.030864,-0.809636), <E> = -1.866737 

T=0.350000	 Thermalizing iterations... 
Done.
Thermalized Magnetisation = (-0.019418,-0.795408), Energy = -1.864952 
Averaging iterations... h=0.000000,0.000000
Done.
Final: Magnetisation = (-0.026839,-0.800984), Energy = -1.872988 
<M> = (-0.024759,-0.813192), <E> = -1.872463 

T=0.340000	 Thermalizing iterations... 
Done.
Thermalized Magnetisation = (-0.005264,-0.822810), Energy = -1.880297 
Averaging iterations... h=0.000000,0.000000
Done.
Final: Magnetisation = (-0.018384,-0.812923), Energy = -1.877114 
<M> = (-0.026538,-0.816975), <E> = -1.877994 

T=0.330000	 Thermalizing iterations... 
Done.
Thermalized Magnetisation = (-0.040193,-0.818214), Energy = -1.883286 
Averaging iterations... h=0.000000,0.000000
Done.
Final: Magnetisation = (-0.003580,-0.828286), Energy = -1.885324 
<M> = (-0.027183,-0.818820), <E> = -1.883582 

T=0.320000	 Thermalizing iterations... 
Done.
Thermalized Magnetisation = (0.009978,-0.811213), Energy = -1.886502 
Averaging iterations... h=0.000000,0.000000
Done.
Final: Magnetisation = (-0.032880,-0.832355), Energy = -1.890812 
<M> = (-0.025029,-0.822877), <E> = -1.889050 

T=0.310000	 Thermalizing iterations... 
Done.
Thermalized Magnetisation = (-0.038142,-0.821636), Energy = -1.891902 
Averaging iterations... h=0.000000,0.000000
Done.
Final: Magnetisation = (-0.039569,-0.818003), Energy = -1.892855 
<M> = (-0.024870,-0.823031), <E> = -1.894449 

T=0.300000	 Thermalizing iterations... 
Done.
Thermalized Magnetisation = (-0.020517,-0.816092), Energy = -1.900470 
Averaging iterations... h=0.000000,0.000000
Done.
Final: Magnetisation = (-0.046927,-0.823080), Energy = -1.897358 
<M> = (-0.024409,-0.824816), <E> = -1.900013 

T=0.290000	 Thermalizing iterations... 
Done.
Thermalized Magnetisation = (0.000271,-0.829081), Energy = -1.903391 
Averaging iterations... h=0.000000,0.000000
Done.
Final: Magnetisation = (-0.046105,-0.839389), Energy = -1.905626 
<M> = (-0.020814,-0.828599), <E> = -1.905303 

T=0.280000	 Thermalizing iterations... 
Done.
Thermalized Magnetisation = (-0.042878,-0.833343), Energy = -1.907963 
Averaging iterations... h=0.000000,0.000000
Done.
Final: Magnetisation = (-0.037356,-0.829299), Energy = -1.906396 
<M> = (-0.028627,-0.831449), <E> = -1.910811 

T=0.270000	 Thermalizing iterations... 
Done.
Thermalized Magnetisation = (-0.011890,-0.844138), Energy = -1.917188 
Averaging iterations... h=0.000000,0.000000
Done.
Final: Magnetisation = (-0.004002,-0.834475), Energy = -1.915214 
<M> = (-0.029518,-0.835349), <E> = -1.916432 

T=0.260000	 Thermalizing iterations... 
Done.
Thermalized Magnetisation = (-0.036415,-0.832088), Energy = -1.924886 
Averaging iterations... h=0.000000,0.000000
Done.
Final: Magnetisation = (-0.043623,-0.835534), Energy = -1.923946 
<M> = (-0.024466,-0.838988), <E> = -1.921775 

T=0.250000	 Thermalizing iterations... 
Done.
Thermalized Magnetisation = (-0.027318,-0.838657), Energy = -1.927439 
Averaging iterations... h=0.000000,0.000000
Done.
Final: Magnetisation = (-0.009969,-0.836032), Energy = -1.928910 
<M> = (-0.026282,-0.840559), <E> = -1.927056 

T=0.240000	 Thermalizing iterations... 
Done.
Thermalized Magnetisation = (-0.008383,-0.838362), Energy = -1.933895 
Averaging iterations... h=0.000000,0.000000
Done.
Final: Magnetisation = (-0.009297,-0.843322), Energy = -1.932010 
<M> = (-0.023384,-0.842317), <E> = -1.932481 

T=0.230000	 Thermalizing iterations... 
Done.
Thermalized Magnetisation = (-0.041613,-0.845729), Energy = -1.936541 
Averaging iterations... h=0.000000,0.000000
Done.
Final: Magnetisation = (-0.055125,-0.839291), Energy = -1.937050 
<M> = (-0.026336,-0.845418), <E> = -1.937802 

T=0.220000	 Thermalizing iterations... 
Done.
Thermalized Magnetisation = (-0.001085,-0.847725), Energy = -1.941793 
Averaging iterations... h=0.000000,0.000000
Done.
Final: Magnetisation = (0.013997,-0.845813), Energy = -1.941228 
<M> = (-0.025130,-0.847638), <E> = -1.943019 

T=0.210000	 Thermalizing iterations... 
Done.
Thermalized Magnetisation = (-0.043760,-0.852489), Energy = -1.948433 
Averaging iterations... h=0.000000,0.000000
Done.
Final: Magnetisation = (-0.035472,-0.848867), Energy = -1.950687 
<M> = (-0.026488,-0.851483), <E> = -1.948421 

T=0.200000	 Thermalizing iterations... 
Done.
Thermalized Magnetisation = (-0.000174,-0.849383), Energy = -1.952551 
Averaging iterations... h=0.000000,0.000000
Done.
Final: Magnetisation = (-0.012445,-0.851131), Energy = -1.949977 
<M> = (-0.026633,-0.853943), <E> = -1.953788 

T=0.190000	 Thermalizing iterations... 
Done.
Thermalized Magnetisation = (-0.031484,-0.857091), Energy = -1.959563 
Averaging iterations... h=0.000000,0.000000
Done.
Final: Magnetisation = (-0.043609,-0.858516), Energy = -1.959052 
<M> = (-0.024258,-0.856857), <E> = -1.959114 

T=0.180000	 Thermalizing iterations... 
Done.
Thermalized Magnetisation = (-0.036360,-0.860231), Energy = -1.967134 
Averaging iterations... h=0.000000,0.000000
Done.
Final: Magnetisation = (-0.043476,-0.858431), Energy = -1.965758 
<M> = (-0.022516,-0.858634), <E> = -1.964343 

T=0.170000	 Thermalizing iterations... 
Done.
Thermalized Magnetisation = (-0.035226,-0.864623), Energy = -1.966896 
Averaging iterations... h=0.000000,0.000000
Done.
Final: Magnetisation = (-0.035548,-0.858192), Energy = -1.967362 
<M> = (-0.029046,-0.860893), <E> = -1.969601 

T=0.160000	 Thermalizing iterations... 
Done.
Thermalized Magnetisation = (-0.046789,-0.863348), Energy = -1.976142 
Averaging iterations... h=0.000000,0.000000
Done.
Final: Magnetisation = (-0.029345,-0.862735), Energy = -1.977418 
<M> = (-0.025545,-0.864547), <E> = -1.974752 

T=0.150000	 Thermalizing iterations... 
Done.
Thermalized Magnetisation = (-0.012284,-0.870164), Energy = -1.980543 
Averaging iterations... h=0.000000,0.000000
Done.
Final: Magnetisation = (-0.019731,-0.868610), Energy = -1.980172 
<M> = (-0.030193,-0.865467), <E> = -1.980001 

T=0.140000	 Thermalizing iterations... 
Done.
Thermalized Magnetisation = (-0.036986,-0.864040), Energy = -1.984890 
Averaging iterations... h=0.000000,0.000000
Done.
Final: Magnetisation = (-0.020456,-0.871415), Energy = -1.985503 
<M> = (-0.024197,-0.869046), <E> = -1.985185 

T=0.130000	 Thermalizing iterations... 
Done.
Thermalized Magnetisation = (-0.016625,-0.869845), Energy = -1.992028 
Averaging iterations... h=0.000000,0.000000
Done.
Final: Magnetisation = (-0.042417,-0.866764), Energy = -1.990878 
<M> = (-0.025974,-0.870648), <E> = -1.990397 

T=0.120000	 Thermalizing iterations... 
Done.
Thermalized Magnetisation = (-0.005879,-0.877056), Energy = -1.992976 
Averaging iterations... h=0.000000,0.000000
Done.
Final: Magnetisation = (-0.015032,-0.876861), Energy = -1.996466 
<M> = (-0.025072,-0.873493), <E> = -1.995558 

T=0.110000	 Thermalizing iterations... 
Done.
Thermalized Magnetisation = (-0.027225,-0.871500), Energy = -2.001906 
Averaging iterations... h=0.000000,0.000000
Done.
Final: Magnetisation = (-0.038570,-0.878611), Energy = -2.000431 
<M> = (-0.027290,-0.877198), <E> = -2.000731 

T=0.100000	 Thermalizing iterations... 
Done.
Thermalized Magnetisation = (-0.036747,-0.879225), Energy = -2.008444 
Averaging iterations... h=0.000000,0.000000
Done.
Final: Magnetisation = (-0.033852,-0.874032), Energy = -2.005593 
<M> = (-0.027261,-0.878371), <E> = -2.005870 

T=0.090000	 Thermalizing iterations... 
Done.
Thermalized Magnetisation = (-0.014898,-0.878351), Energy = -2.009826 
Averaging iterations... h=0.000000,0.000000
Done.
Final: Magnetisation = (-0.003294,-0.884468), Energy = -2.010244 
<M> = (-0.025203,-0.880212), <E> = -2.010954 

T=0.080000	 Thermalizing iterations... 
Done.
Thermalized Magnetisation = (-0.036282,-0.883999), Energy = -2.016051 
Averaging iterations... h=0.000000,0.000000
Done.
Final: Magnetisation = (-0.034074,-0.884731), Energy = -2.016683 
<M> = (-0.030990,-0.883373), <E> = -2.016074 

T=0.070000	 Thermalizing iterations... 
Done.
Thermalized Magnetisation = (-0.027841,-0.886131), Energy = -2.021044 
Averaging iterations... h=0.000000,0.000000
Done.
Final: Magnetisation = (-0.022474,-0.884102), Energy = -2.022323 
<M> = (-0.028856,-0.885757), <E> = -2.021178 

T=0.060000	 Thermalizing iterations... 
Done.
Thermalized Magnetisation = (-0.043139,-0.890274), Energy = -2.025665 
Averaging iterations... h=0.000000,0.000000
Done.
Final: Magnetisation = (-0.027174,-0.887961), Energy = -2.025872 
<M> = (-0.028077,-0.888163), <E> = -2.026272 

T=0.050000	 Thermalizing iterations... 
Done.
Thermalized Magnetisation = (-0.024761,-0.891604), Energy = -2.032026 
Averaging iterations... h=0.000000,0.000000
Done.
Final: Magnetisation = (-0.026134,-0.890632), Energy = -2.030934 
<M> = (-0.023776,-0.891039), <E> = -2.031366 

T=0.040000	 Thermalizing iterations... 
Done.
Thermalized Magnetisation = (-0.019710,-0.894710), Energy = -2.036767 
Averaging iterations... h=0.000000,0.000000
Done.
Final: Magnetisation = (-0.028048,-0.892237), Energy = -2.035955 
<M> = (-0.023965,-0.893259), <E> = -2.036416 

T=0.030000	 Thermalizing iterations... 
Done.
Thermalized Magnetisation = (-0.031650,-0.896460), Energy = -2.041241 
Averaging iterations... h=0.000000,0.000000
Done.
Final: Magnetisation = (-0.018553,-0.895939), Energy = -2.041289 
<M> = (-0.025837,-0.895882), <E> = -2.041434 

T=0.020000	 Thermalizing iterations... 
Done.
Thermalized Magnetisation = (-0.028171,-0.898279), Energy = -2.046417 
Averaging iterations... h=0.000000,0.000000
Done.
Final: Magnetisation = (-0.021329,-0.897580), Energy = -2.046645 
<M> = (-0.026343,-0.897446), <E> = -2.046448 

T=0.010000	 Thermalizing iterations... 
Done.
Thermalized Magnetisation = (-0.027308,-0.901189), Energy = -2.051521 
Averaging iterations... h=0.000000,0.000000
Done.
Final: Magnetisation = (-0.029604,-0.902272), Energy = -2.051406 
<M> = (-0.024645,-0.900725), <E> = -2.051481 
Final Magnetisation = (-0.029604,-0.902272), Energy = -2.051406 
------------------------

Updating all (first)black/(then)white checkerboard sites simultaneously.. 

ztne RFXY h rotating with |h|=0.000000 at T=0.000000..
loop 1

loop 2

CPU  Start Time = 5537536.097699 

CPU  End Time = 5545068.899260 

CPU Time elapsed total = 7532.801560 

real	125m32.831s
user	2007m38.369s
sys	0m50.353s
