nearest neighbor initialized. 
J loaded. 
h loaded. 
L = 64, dim_L = 2, dim_S = 2
hysteresis_MCS_multiplier = 10, hysteresis_MCS_max = 100
RAND_MAX = 2147483647.000000,
 sizeof(int) = 4,
 sizeof(long) = 8,
 sizeof(double) = 8,
 sizeof(long int) = 8,
 sizeof(short int) = 2,
 sizeof(unsigned int) = 4,
 sizeof(RAND_MAX) = 4

OpenMP Active.

No. of THREADS = 24
No. of PROCESSORS = 24

0.092405,-0.022014
order = ({1.000000-->-1.000000,0.000000}, 0, 1)
Initial Magnetisation = (0.092405,-0.022014), Energy = -0.075336 
Cooling... 
T=2.000000	 Thermalizing iterations... 
Done.
Thermalized Magnetisation = (-0.040951,0.095467), Energy = -0.564921 
Averaging iterations... h=0.062500,0.000000
Done.
Final: Magnetisation = (0.129897,0.028986), Energy = -0.655143 
<M> = (0.043369,0.001910), <E> = -0.624018 

T=1.950000	 Thermalizing iterations... 
Done.
Thermalized Magnetisation = (0.003536,-0.119944), Energy = -0.710293 
Averaging iterations... h=0.062500,0.000000
Done.
Final: Magnetisation = (0.084784,-0.000850), Energy = -0.741311 
<M> = (0.044682,0.000815), <E> = -0.643147 

T=1.900000	 Thermalizing iterations... 
Done.
Thermalized Magnetisation = (0.064295,0.099742), Energy = -0.677360 
Averaging iterations... h=0.062500,0.000000
Done.
Final: Magnetisation = (-0.115885,0.041830), Energy = -0.675546 
<M> = (0.049794,0.000744), <E> = -0.665331 

T=1.850000	 Thermalizing iterations... 
Done.
Thermalized Magnetisation = (0.064945,-0.052728), Energy = -0.725051 
Averaging iterations... h=0.062500,0.000000
Done.
Final: Magnetisation = (0.026263,0.007678), Energy = -0.652446 
<M> = (0.052206,0.001434), <E> = -0.685877 

T=1.800000	 Thermalizing iterations... 
Done.
Thermalized Magnetisation = (0.021628,-0.197690), Energy = -0.756224 
Averaging iterations... h=0.062500,0.000000
Done.
Final: Magnetisation = (0.080466,-0.061128), Energy = -0.655784 
<M> = (0.057113,0.000653), <E> = -0.708493 

T=1.750000	 Thermalizing iterations... 
Done.
Thermalized Magnetisation = (0.162186,0.047962), Energy = -0.755599 
Averaging iterations... h=0.062500,0.000000
Done.
Final: Magnetisation = (0.053968,0.082874), Energy = -0.694805 
<M> = (0.062426,0.000274), <E> = -0.733788 

T=1.700000	 Thermalizing iterations... 
Done.
Thermalized Magnetisation = (0.154365,-0.051935), Energy = -0.817254 
Averaging iterations... h=0.062500,0.000000
Done.
Final: Magnetisation = (-0.092207,0.018363), Energy = -0.804778 
<M> = (0.067423,0.001548), <E> = -0.759685 

T=1.650000	 Thermalizing iterations... 
Done.
Thermalized Magnetisation = (0.112105,0.097964), Energy = -0.757084 
Averaging iterations... h=0.062500,0.000000
Done.
Final: Magnetisation = (-0.039941,0.081302), Energy = -0.722182 
<M> = (0.074402,0.001688), <E> = -0.788745 

T=1.600000	 Thermalizing iterations... 
Done.
Thermalized Magnetisation = (0.165141,0.010553), Energy = -0.835227 
Averaging iterations... h=0.062500,0.000000
Done.
Final: Magnetisation = (-0.027660,0.024062), Energy = -0.742776 
<M> = (0.081288,0.002747), <E> = -0.819827 

T=1.550000	 Thermalizing iterations... 
Done.
Thermalized Magnetisation = (0.044327,0.003497), Energy = -0.924277 
Averaging iterations... h=0.062500,0.000000
Done.
Final: Magnetisation = (0.061494,0.221475), Energy = -0.761831 
<M> = (0.090469,0.000344), <E> = -0.851337 

T=1.500000	 Thermalizing iterations... 
Done.
Thermalized Magnetisation = (0.052871,0.038339), Energy = -0.933424 
Averaging iterations... h=0.062500,0.000000
Done.
Final: Magnetisation = (0.166495,-0.000631), Energy = -0.894473 
<M> = (0.102070,-0.000292), <E> = -0.885723 

T=1.450000	 Thermalizing iterations... 
Done.
Thermalized Magnetisation = (0.041141,-0.082329), Energy = -0.816409 
Averaging iterations... h=0.062500,0.000000
Done.
Final: Magnetisation = (0.014841,0.114603), Energy = -0.914168 
<M> = (0.112021,0.002431), <E> = -0.922159 

T=1.400000	 Thermalizing iterations... 
Done.
Thermalized Magnetisation = (-0.000189,0.019895), Energy = -0.934443 
Averaging iterations... h=0.062500,0.000000
Done.
Final: Magnetisation = (0.073501,-0.139180), Energy = -0.899764 
<M> = (0.126426,0.001171), <E> = -0.964588 

T=1.350000	 Thermalizing iterations... 
Done.
Thermalized Magnetisation = (0.054331,0.097318), Energy = -1.001831 
Averaging iterations... h=0.062500,0.000000
Done.
Final: Magnetisation = (0.243366,0.225452), Energy = -1.058900 
<M> = (0.141667,0.001215), <E> = -1.007889 

T=1.300000	 Thermalizing iterations... 
Done.
Thermalized Magnetisation = (0.278005,-0.070866), Energy = -1.035446 
Averaging iterations... h=0.062500,0.000000
Done.
Final: Magnetisation = (0.141079,0.041837), Energy = -0.978217 
<M> = (0.160476,-0.000784), <E> = -1.054298 

T=1.250000	 Thermalizing iterations... 
Done.
Thermalized Magnetisation = (0.236610,-0.031774), Energy = -1.068200 
Averaging iterations... h=0.062500,0.000000
Done.
Final: Magnetisation = (0.279194,0.082039), Energy = -1.134523 
<M> = (0.189449,-0.001583), <E> = -1.103720 

T=1.200000	 Thermalizing iterations... 
Done.
Thermalized Magnetisation = (0.296578,0.059057), Energy = -1.167865 
Averaging iterations... h=0.062500,0.000000
Done.
Final: Magnetisation = (0.317709,-0.095577), Energy = -1.174667 
<M> = (0.212325,-0.001985), <E> = -1.154815 

T=1.150000	 Thermalizing iterations... 
Done.
Thermalized Magnetisation = (0.339306,-0.160214), Energy = -1.267375 
Averaging iterations... h=0.062500,0.000000
Done.
Final: Magnetisation = (0.302028,0.065769), Energy = -1.220479 
<M> = (0.243043,0.013052), <E> = -1.211163 

T=1.100000	 Thermalizing iterations... 
Done.
Thermalized Magnetisation = (0.221056,-0.145464), Energy = -1.233784 
Averaging iterations... h=0.062500,0.000000
Done.
Final: Magnetisation = (0.272392,0.212308), Energy = -1.248894 
<M> = (0.269697,-0.007825), <E> = -1.267080 

T=1.050000	 Thermalizing iterations... 
Done.
Thermalized Magnetisation = (0.347467,-0.197712), Energy = -1.307162 
Averaging iterations... h=0.062500,0.000000
Done.
Final: Magnetisation = (0.344576,-0.040521), Energy = -1.318292 
<M> = (0.306312,-0.002986), <E> = -1.324335 

T=1.000000	 Thermalizing iterations... 
Done.
Thermalized Magnetisation = (0.373957,0.099382), Energy = -1.387816 
Averaging iterations... h=0.062500,0.000000
Done.
Final: Magnetisation = (0.340023,-0.251571), Energy = -1.367197 
<M> = (0.351663,0.002515), <E> = -1.382259 

T=0.950000	 Thermalizing iterations... 
Done.
Thermalized Magnetisation = (0.337055,-0.028088), Energy = -1.405620 
Averaging iterations... h=0.062500,0.000000
Done.
Final: Magnetisation = (0.418292,-0.067915), Energy = -1.406932 
<M> = (0.377397,0.042941), <E> = -1.436205 

T=0.900000	 Thermalizing iterations... 
Done.
Thermalized Magnetisation = (0.401335,0.385500), Energy = -1.505023 
Averaging iterations... h=0.062500,0.000000
Done.
Final: Magnetisation = (0.481618,-0.113170), Energy = -1.517058 
<M> = (0.414476,0.102394), <E> = -1.490578 

T=0.850000	 Thermalizing iterations... 
Done.
Thermalized Magnetisation = (0.476931,0.073107), Energy = -1.511062 
Averaging iterations... h=0.062500,0.000000
Done.
Final: Magnetisation = (0.442677,-0.039875), Energy = -1.555438 
<M> = (0.444578,0.085832), <E> = -1.538930 

T=0.800000	 Thermalizing iterations... 
Done.
Thermalized Magnetisation = (0.531905,-0.337437), Energy = -1.596052 
Averaging iterations... h=0.062500,0.000000
Done.
Final: Magnetisation = (0.578540,0.107934), Energy = -1.569217 
<M> = (0.449001,0.166833), <E> = -1.584619 

T=0.750000	 Thermalizing iterations... 
Done.
Thermalized Magnetisation = (0.455752,0.409180), Energy = -1.633076 
Averaging iterations... h=0.062500,0.000000
Done.
Final: Magnetisation = (0.564127,-0.358216), Energy = -1.614697 
<M> = (0.471627,-0.184123), <E> = -1.625572 

T=0.700000	 Thermalizing iterations... 
Done.
Thermalized Magnetisation = (0.495949,-0.533258), Energy = -1.683075 
Averaging iterations... h=0.062500,0.000000
Done.
Final: Magnetisation = (0.545721,-0.363452), Energy = -1.669023 
<M> = (0.458061,-0.462230), <E> = -1.664360 

T=0.650000	 Thermalizing iterations... 
Done.
Thermalized Magnetisation = (0.523963,-0.213251), Energy = -1.681124 
Averaging iterations... h=0.062500,0.000000
Done.
Final: Magnetisation = (0.466902,-0.589864), Energy = -1.708620 
<M> = (0.439481,-0.520753), <E> = -1.699931 

T=0.600000	 Thermalizing iterations... 
Done.
Thermalized Magnetisation = (0.470922,-0.547838), Energy = -1.724317 
Averaging iterations... h=0.062500,0.000000
Done.
Final: Magnetisation = (0.401257,-0.622999), Energy = -1.749941 
<M> = (0.461563,-0.499287), <E> = -1.732427 

T=0.550000	 Thermalizing iterations... 
Done.
Thermalized Magnetisation = (0.370353,-0.629833), Energy = -1.772173 
Averaging iterations... h=0.062500,0.000000
Done.
Final: Magnetisation = (0.573105,-0.499755), Energy = -1.754404 
<M> = (0.433357,-0.605553), <E> = -1.765649 

T=0.500000	 Thermalizing iterations... 
Done.
Thermalized Magnetisation = (0.412608,-0.710837), Energy = -1.824227 
Averaging iterations... h=0.062500,0.000000
Done.
Final: Magnetisation = (0.469407,-0.636489), Energy = -1.807795 
<M> = (0.427086,-0.635751), <E> = -1.796317 

T=0.450000	 Thermalizing iterations... 
Done.
Thermalized Magnetisation = (0.454107,-0.641914), Energy = -1.841441 
Averaging iterations... h=0.062500,0.000000
Done.
Final: Magnetisation = (0.383715,-0.676740), Energy = -1.817529 
<M> = (0.429392,-0.654863), <E> = -1.825969 

T=0.400000	 Thermalizing iterations... 
Done.
Thermalized Magnetisation = (0.347375,-0.744173), Energy = -1.859088 
Averaging iterations... h=0.062500,0.000000
Done.
Final: Magnetisation = (0.449971,-0.668110), Energy = -1.868035 
<M> = (0.431397,-0.673703), <E> = -1.854690 

T=0.350000	 Thermalizing iterations... 
Done.
Thermalized Magnetisation = (0.398253,-0.720421), Energy = -1.882215 
Averaging iterations... h=0.062500,0.000000
Done.
Final: Magnetisation = (0.485633,-0.651629), Energy = -1.879414 
<M> = (0.433470,-0.689824), <E> = -1.883171 

T=0.300000	 Thermalizing iterations... 
Done.
Thermalized Magnetisation = (0.411144,-0.733805), Energy = -1.909296 
Averaging iterations... h=0.062500,0.000000
Done.
Final: Magnetisation = (0.387543,-0.721083), Energy = -1.897157 
<M> = (0.426875,-0.712793), <E> = -1.910954 

T=0.250000	 Thermalizing iterations... 
Done.
Thermalized Magnetisation = (0.497687,-0.668923), Energy = -1.935541 
Averaging iterations... h=0.062500,0.000000
Done.
Final: Magnetisation = (0.432857,-0.729411), Energy = -1.937189 
<M> = (0.428003,-0.729520), <E> = -1.938032 

T=0.200000	 Thermalizing iterations... 
Done.
Thermalized Magnetisation = (0.382831,-0.755118), Energy = -1.966041 
Averaging iterations... h=0.062500,0.000000
Done.
Final: Magnetisation = (0.460308,-0.740766), Energy = -1.964671 
<M> = (0.431253,-0.744374), <E> = -1.964723 

T=0.150000	 Thermalizing iterations... 
Done.
Thermalized Magnetisation = (0.394048,-0.773497), Energy = -1.992513 
Averaging iterations... h=0.062500,0.000000
Done.
Final: Magnetisation = (0.450785,-0.748523), Energy = -1.990963 
<M> = (0.431596,-0.757597), <E> = -1.990961 

T=0.100000	 Thermalizing iterations... 
Done.
Thermalized Magnetisation = (0.445242,-0.766156), Energy = -2.018203 
Averaging iterations... h=0.062500,0.000000
Done.
Final: Magnetisation = (0.413424,-0.784853), Energy = -2.014764 
<M> = (0.433161,-0.771703), <E> = -2.016885 

T=0.050000	 Thermalizing iterations... 
Done.
Thermalized Magnetisation = (0.438526,-0.781643), Energy = -2.042976 
Averaging iterations... h=0.062500,0.000000
Done.
Final: Magnetisation = (0.434606,-0.794264), Energy = -2.041967 
<M> = (0.428523,-0.788375), <E> = -2.042444 
Final Magnetisation = (0.434606,-0.794264), Energy = -2.041967 
------------------------

Updating all (first)black/(then)white checkerboard sites simultaneously.. 

ztne RFXY h rotating with |h|=0.062500 at T=0.000000..
loop 1

loop 2

Cooling protocol time (from T=2.000000 to T=0.000000) = 713.525331 

CPU Time elapsed total = 713.557334 
All done - 713 seconds elapsed.
