nearest neighbor initialized. 
J loaded. 
h loaded. 
L = 16, dim_L = 2, dim_S = 2
hysteresis_MCS_multiplier = 10, hysteresis_MCS_max = 100
RAND_MAX = 2147483647.000000,
 sizeof(int) = 4,
 sizeof(long) = 8,
 sizeof(double) = 8,
 sizeof(long int) = 8,
 sizeof(short int) = 2,
 sizeof(unsigned int) = 4,
 sizeof(RAND_MAX) = 4

OpenMP Active.

No. of THREADS = 24
No. of PROCESSORS = 24

-0.055862,-0.024271
order = ({1.000000-->-1.000000,0.000000}, 0, 1)
Initial Magnetisation = (-0.055862,-0.024271), Energy = 0.161290 
Cooling... 
T=2.000000	 Thermalizing iterations... 
Done.
Thermalized Magnetisation = (0.256707,0.050648), Energy = -1.277008 
Averaging iterations... h=0.062500,0.000000
Done.
Final: Magnetisation = (-0.008845,-0.110332), Energy = -0.678678 
<M> = (0.014517,0.010207), <E> = -0.907094 

T=1.950000	 Thermalizing iterations... 
Done.
Thermalized Magnetisation = (0.326695,0.256345), Energy = -0.894386 
Averaging iterations... h=0.062500,0.000000
Done.
Final: Magnetisation = (0.455038,-0.091921), Energy = -1.079693 
<M> = (0.006796,0.012643), <E> = -0.930732 

T=1.900000	 Thermalizing iterations... 
Done.
Thermalized Magnetisation = (-0.076325,-0.052928), Energy = -1.243636 
Averaging iterations... h=0.062500,0.000000
Done.
Final: Magnetisation = (-0.118038,-0.029841), Energy = -0.923264 
<M> = (-0.002809,0.014289), <E> = -0.933431 

T=1.850000	 Thermalizing iterations... 
Done.
Thermalized Magnetisation = (0.290521,0.181326), Energy = -1.052672 
Averaging iterations... h=0.062500,0.000000
Done.
Final: Magnetisation = (0.434455,-0.031351), Energy = -1.263234 
<M> = (0.025384,0.007412), <E> = -0.970645 

T=1.800000	 Thermalizing iterations... 
Done.
Thermalized Magnetisation = (0.097179,-0.396957), Energy = -1.022553 
Averaging iterations... h=0.062500,0.000000
Done.
Final: Magnetisation = (0.093988,0.311025), Energy = -0.666471 
<M> = (0.008005,0.007386), <E> = -0.971759 

T=1.750000	 Thermalizing iterations... 
Done.
Thermalized Magnetisation = (0.202021,0.069567), Energy = -1.197598 
Averaging iterations... h=0.062500,0.000000
Done.
Final: Magnetisation = (-0.266816,-0.317966), Energy = -1.183734 
<M> = (0.011134,0.006559), <E> = -0.994373 

T=1.700000	 Thermalizing iterations... 
Done.
Thermalized Magnetisation = (0.146455,0.123615), Energy = -0.513146 
Averaging iterations... h=0.062500,0.000000
Done.
Final: Magnetisation = (0.410611,0.104690), Energy = -1.248561 
<M> = (0.003723,0.006239), <E> = -1.026739 

T=1.650000	 Thermalizing iterations... 
Done.
Thermalized Magnetisation = (0.235733,-0.294602), Energy = -0.985496 
Averaging iterations... h=0.062500,0.000000
Done.
Final: Magnetisation = (0.194253,0.030337), Energy = -1.208013 
<M> = (0.011626,-0.008727), <E> = -1.038142 

T=1.600000	 Thermalizing iterations... 
Done.
Thermalized Magnetisation = (0.093704,0.038706), Energy = -1.059705 
Averaging iterations... h=0.062500,0.000000
Done.
Final: Magnetisation = (0.241185,-0.300288), Energy = -1.145197 
<M> = (0.008921,-0.009061), <E> = -1.062876 

T=1.550000	 Thermalizing iterations... 
Done.
Thermalized Magnetisation = (0.090655,-0.178994), Energy = -0.864448 
Averaging iterations... h=0.062500,0.000000
Done.
Final: Magnetisation = (-0.592744,-0.248799), Energy = -1.311563 
<M> = (0.009728,-0.005610), <E> = -1.078165 

T=1.500000	 Thermalizing iterations... 
Done.
Thermalized Magnetisation = (-0.602537,0.191745), Energy = -1.135319 
Averaging iterations... h=0.062500,0.000000
Done.
Final: Magnetisation = (0.096405,-0.191485), Energy = -0.950776 
<M> = (0.013277,-0.001515), <E> = -1.105280 

T=1.450000	 Thermalizing iterations... 
Done.
Thermalized Magnetisation = (-0.034158,-0.379929), Energy = -0.825374 
Averaging iterations... h=0.062500,0.000000
Done.
Final: Magnetisation = (-0.232282,0.327914), Energy = -0.907871 
<M> = (0.020003,0.006520), <E> = -1.122874 

T=1.400000	 Thermalizing iterations... 
Done.
Thermalized Magnetisation = (-0.317182,-0.081603), Energy = -0.870447 
Averaging iterations... h=0.062500,0.000000
Done.
Final: Magnetisation = (-0.100679,-0.280578), Energy = -1.078068 
<M> = (0.018917,-0.001426), <E> = -1.146630 

T=1.350000	 Thermalizing iterations... 
Done.
Thermalized Magnetisation = (0.294786,-0.277895), Energy = -1.072596 
Averaging iterations... h=0.062500,0.000000
Done.
Final: Magnetisation = (0.020847,-0.129054), Energy = -1.032830 
<M> = (0.016275,0.005235), <E> = -1.173390 

T=1.300000	 Thermalizing iterations... 
Done.
Thermalized Magnetisation = (0.094769,-0.107524), Energy = -0.978510 
Averaging iterations... h=0.062500,0.000000
Done.
Final: Magnetisation = (0.036854,0.559676), Energy = -1.221508 
<M> = (0.032255,0.011782), <E> = -1.200343 

T=1.250000	 Thermalizing iterations... 
Done.
Thermalized Magnetisation = (0.259848,-0.232913), Energy = -1.146369 
Averaging iterations... h=0.062500,0.000000
Done.
Final: Magnetisation = (-0.102142,0.358038), Energy = -1.336416 
<M> = (0.033730,-0.015424), <E> = -1.233551 

T=1.200000	 Thermalizing iterations... 
Done.
Thermalized Magnetisation = (0.272630,-0.195327), Energy = -1.235875 
Averaging iterations... h=0.062500,0.000000
Done.
Final: Magnetisation = (0.449608,0.021716), Energy = -1.306850 
<M> = (0.050770,0.041089), <E> = -1.261269 

T=1.150000	 Thermalizing iterations... 
Done.
Thermalized Magnetisation = (0.067978,-0.131941), Energy = -1.312678 
Averaging iterations... h=0.062500,0.000000
Done.
Final: Magnetisation = (0.049711,-0.033912), Energy = -1.254939 
<M> = (0.039476,-0.012287), <E> = -1.290894 

T=1.100000	 Thermalizing iterations... 
Done.
Thermalized Magnetisation = (-0.046249,-0.321432), Energy = -1.184371 
Averaging iterations... h=0.062500,0.000000
Done.
Final: Magnetisation = (0.166679,0.392989), Energy = -1.175320 
<M> = (0.036934,-0.012663), <E> = -1.309583 

T=1.050000	 Thermalizing iterations... 
Done.
Thermalized Magnetisation = (0.342126,0.515250), Energy = -1.411757 
Averaging iterations... h=0.062500,0.000000
Done.
Final: Magnetisation = (-0.232607,-0.140849), Energy = -1.237133 
<M> = (0.059325,-0.054269), <E> = -1.354838 

T=1.000000	 Thermalizing iterations... 
Done.
Thermalized Magnetisation = (0.370622,-0.130284), Energy = -1.220046 
Averaging iterations... h=0.062500,0.000000
Done.
Final: Magnetisation = (0.214875,-0.281258), Energy = -1.307368 
<M> = (0.064668,0.016089), <E> = -1.376653 

T=0.950000	 Thermalizing iterations... 
Done.
Thermalized Magnetisation = (-0.040423,0.376766), Energy = -1.512268 
Averaging iterations... h=0.062500,0.000000
Done.
Final: Magnetisation = (0.088686,-0.109727), Energy = -1.430029 
<M> = (0.100319,0.011045), <E> = -1.420832 

T=0.900000	 Thermalizing iterations... 
Done.
Thermalized Magnetisation = (-0.081183,-0.215212), Energy = -1.344545 
Averaging iterations... h=0.062500,0.000000
Done.
Final: Magnetisation = (0.354138,0.168260), Energy = -1.400626 
<M> = (0.094477,-0.045934), <E> = -1.456567 

T=0.850000	 Thermalizing iterations... 
Done.
Thermalized Magnetisation = (-0.093987,0.499183), Energy = -1.235179 
Averaging iterations... h=0.062500,0.000000
Done.
Final: Magnetisation = (0.085209,0.296914), Energy = -1.363188 
<M> = (0.060293,0.038535), <E> = -1.493335 

T=0.800000	 Thermalizing iterations... 
Done.
Thermalized Magnetisation = (-0.003430,0.014954), Energy = -1.464351 
Averaging iterations... h=0.062500,0.000000
Done.
Final: Magnetisation = (0.396165,-0.432033), Energy = -1.493386 
<M> = (0.031582,0.157397), <E> = -1.538935 

T=0.750000	 Thermalizing iterations... 
Done.
Thermalized Magnetisation = (-0.282172,0.530331), Energy = -1.463145 
Averaging iterations... h=0.062500,0.000000
Done.
Final: Magnetisation = (-0.058078,-0.151714), Energy = -1.469525 
<M> = (0.092945,-0.172699), <E> = -1.577513 

T=0.700000	 Thermalizing iterations... 
Done.
Thermalized Magnetisation = (0.576862,0.325349), Energy = -1.710840 
Averaging iterations... h=0.062500,0.000000
Done.
Final: Magnetisation = (-0.202627,0.662956), Energy = -1.520340 
<M> = (0.049043,-0.153168), <E> = -1.616394 

T=0.650000	 Thermalizing iterations... 
Done.
Thermalized Magnetisation = (-0.140961,-0.497496), Energy = -1.547550 
Averaging iterations... h=0.062500,0.000000
Done.
Final: Magnetisation = (0.171582,0.821427), Energy = -1.781583 
<M> = (0.099791,-0.018853), <E> = -1.660208 

T=0.600000	 Thermalizing iterations... 
Done.
Thermalized Magnetisation = (-0.057964,-0.726714), Energy = -1.761990 
Averaging iterations... h=0.062500,0.000000
Done.
Final: Magnetisation = (0.185150,-0.749240), Energy = -1.761606 
<M> = (0.041133,-0.092651), <E> = -1.701480 

T=0.550000	 Thermalizing iterations... 
Done.
Thermalized Magnetisation = (0.391899,0.339466), Energy = -1.740460 
Averaging iterations... h=0.062500,0.000000
Done.
Final: Magnetisation = (-0.561169,0.569863), Energy = -1.669746 
<M> = (0.166745,-0.020097), <E> = -1.738462 

T=0.500000	 Thermalizing iterations... 
Done.
Thermalized Magnetisation = (-0.138252,-0.835288), Energy = -1.719344 
Averaging iterations... h=0.062500,0.000000
Done.
Final: Magnetisation = (0.560351,0.499769), Energy = -1.674394 
<M> = (0.121157,-0.198703), <E> = -1.774950 

T=0.450000	 Thermalizing iterations... 
Done.
Thermalized Magnetisation = (-0.290234,0.643800), Energy = -1.785698 
Averaging iterations... h=0.062500,0.000000
Done.
Final: Magnetisation = (-0.251830,0.718824), Energy = -1.682734 
<M> = (0.035410,0.629837), <E> = -1.798890 

T=0.400000	 Thermalizing iterations... 
Done.
Thermalized Magnetisation = (0.612814,0.453903), Energy = -1.777915 
Averaging iterations... h=0.062500,0.000000
Done.
Final: Magnetisation = (0.162448,0.833508), Energy = -1.801731 
<M> = (0.131408,0.749759), <E> = -1.834082 

T=0.350000	 Thermalizing iterations... 
Done.
Thermalized Magnetisation = (-0.382173,0.759214), Energy = -1.834211 
Averaging iterations... h=0.062500,0.000000
Done.
Final: Magnetisation = (-0.122665,0.840865), Energy = -1.863337 
<M> = (0.096129,0.809464), <E> = -1.866864 

T=0.300000	 Thermalizing iterations... 
Done.
Thermalized Magnetisation = (0.056713,0.871337), Energy = -1.890650 
Averaging iterations... h=0.062500,0.000000
Done.
Final: Magnetisation = (0.445536,0.670806), Energy = -1.858494 
<M> = (0.222688,0.796506), <E> = -1.892819 

T=0.250000	 Thermalizing iterations... 
Done.
Thermalized Magnetisation = (0.358915,0.790168), Energy = -1.902353 
Averaging iterations... h=0.062500,0.000000
Done.
Final: Magnetisation = (0.278906,0.858147), Energy = -1.964461 
<M> = (0.052886,0.858961), <E> = -1.921979 

T=0.200000	 Thermalizing iterations... 
Done.
Thermalized Magnetisation = (0.184555,0.887067), Energy = -1.964825 
Averaging iterations... h=0.062500,0.000000
Done.
Final: Magnetisation = (0.429765,0.779141), Energy = -1.957321 
<M> = (0.103562,0.871367), <E> = -1.946438 

T=0.150000	 Thermalizing iterations... 
Done.
Thermalized Magnetisation = (-0.158817,0.904699), Energy = -1.971572 
Averaging iterations... h=0.062500,0.000000
Done.
Final: Magnetisation = (0.158007,0.924867), Energy = -1.982537 
<M> = (0.104019,0.898545), <E> = -1.973681 

T=0.100000	 Thermalizing iterations... 
Done.
Thermalized Magnetisation = (0.158233,0.932907), Energy = -2.010552 
Averaging iterations... h=0.062500,0.000000
Done.
Final: Magnetisation = (0.233281,0.918193), Energy = -2.008978 
<M> = (0.088883,0.921750), <E> = -1.999640 

T=0.050000	 Thermalizing iterations... 
Done.
Thermalized Magnetisation = (0.034033,0.946052), Energy = -2.024832 
Averaging iterations... h=0.062500,0.000000
Done.
Final: Magnetisation = (0.021503,0.940678), Energy = -2.029548 
<M> = (0.077247,0.937482), <E> = -2.025318 
Final Magnetisation = (0.021503,0.940678), Energy = -2.029548 
------------------------

Updating all (first)black/(then)white checkerboard sites simultaneously.. 

ztne RFXY h rotating with |h|=0.062500 at T=0.000000..
loop 1

loop 2

Cooling protocol time (from T=2.000000 to T=0.000000) = 56.731342 

CPU Time elapsed total = 56.760902 
All done - 57 seconds elapsed.
