+ cd /home/sbasak/Exercises/OpenMP/XY_code/Z2/rotating_field/trial/config/config_6
+ export OMP_NUM_THREADS=28
+ OMP_NUM_THREADS=28
+ ./a_4.out
nearest neighbor initialized. 
h loaded. 
J loaded. 
L = 128, dim_L = 2, dim_S = 2
hysteresis_MCS_multiplier = 10, hysteresis_MCS_max = 100
RAND_MAX = 2147483647.000000,
 sizeof(int) = 4,
 sizeof(long) = 8,
 sizeof(double) = 8,
 sizeof(long int) = 8,
 sizeof(short int) = 2,
 sizeof(unsigned int) = 4,
 sizeof(RAND_MAX) = 4
No. of THREADS = 28
No. of PROCESSORS = 28

0.059162,0.019813
order = ({1.000000-->-1.000000,0.000000}, 0, 1)
Initial Magnetisation = (0.059162,0.019813), Energy = 0.019842 
Cooling... 
T=2.000000	 Thermalizing iterations... 
Done.
Thermalized Magnetisation = (0.115342,-0.014170), Energy = -0.609239 
Averaging iterations... h=0.125000,0.000000
Done.
Final: Magnetisation = (0.117752,-0.032430), Energy = -0.620272 
<M> = (0.117721,-0.000077), <E> = -0.634224 

T=1.990000	 Thermalizing iterations... 
Done.
Thermalized Magnetisation = (0.068403,0.034865), Energy = -0.646651 
Averaging iterations... h=0.125000,0.000000
Done.
Final: Magnetisation = (0.107737,0.003867), Energy = -0.660347 
<M> = (0.121092,-0.001532), <E> = -0.638992 

T=1.980000	 Thermalizing iterations... 
Done.
Thermalized Magnetisation = (0.113263,-0.000601), Energy = -0.655912 
Averaging iterations... h=0.125000,0.000000
Done.
Final: Magnetisation = (0.127819,-0.000662), Energy = -0.633304 
<M> = (0.122035,-0.001020), <E> = -0.643771 

T=1.970000	 Thermalizing iterations... 
Done.
Thermalized Magnetisation = (0.105816,0.031786), Energy = -0.652345 
Averaging iterations... h=0.125000,0.000000
Done.
Final: Magnetisation = (0.112342,-0.053922), Energy = -0.625756 
<M> = (0.124011,-0.002120), <E> = -0.648376 

T=1.960000	 Thermalizing iterations... 
Done.
Thermalized Magnetisation = (0.116145,-0.020698), Energy = -0.678164 
Averaging iterations... h=0.125000,0.000000
Done.
Final: Magnetisation = (0.125222,0.020036), Energy = -0.650452 
<M> = (0.126401,-0.000610), <E> = -0.652194 

T=1.950000	 Thermalizing iterations... 
Done.
Thermalized Magnetisation = (0.131223,0.004036), Energy = -0.646788 
Averaging iterations... h=0.125000,0.000000
Done.
Final: Magnetisation = (0.159349,0.000100), Energy = -0.675878 
<M> = (0.128084,-0.000305), <E> = -0.655727 

T=1.940000	 Thermalizing iterations... 
Done.
Thermalized Magnetisation = (0.165878,-0.009017), Energy = -0.660260 
Averaging iterations... h=0.125000,0.000000
Done.
Final: Magnetisation = (0.160332,0.020416), Energy = -0.659416 
<M> = (0.128885,0.000283), <E> = -0.659575 

T=1.930000	 Thermalizing iterations... 
Done.
Thermalized Magnetisation = (0.151280,-0.005708), Energy = -0.690335 
Averaging iterations... h=0.125000,0.000000
Done.
Final: Magnetisation = (0.069109,0.015987), Energy = -0.628153 
<M> = (0.129848,0.000625), <E> = -0.662940 

T=1.920000	 Thermalizing iterations... 
Done.
Thermalized Magnetisation = (0.105592,0.041242), Energy = -0.683566 
Averaging iterations... h=0.125000,0.000000
Done.
Final: Magnetisation = (0.125264,-0.012968), Energy = -0.663870 
<M> = (0.132536,-0.001031), <E> = -0.668359 

T=1.910000	 Thermalizing iterations... 
Done.
Thermalized Magnetisation = (0.096566,0.004594), Energy = -0.654158 
Averaging iterations... h=0.125000,0.000000
Done.
Final: Magnetisation = (0.106984,-0.024069), Energy = -0.713286 
<M> = (0.134969,-0.001041), <E> = -0.673163 

T=1.900000	 Thermalizing iterations... 
Done.
Thermalized Magnetisation = (0.201451,0.083133), Energy = -0.695962 
Averaging iterations... h=0.125000,0.000000
Done.
Final: Magnetisation = (0.085917,-0.004470), Energy = -0.656410 
<M> = (0.136718,-0.002455), <E> = -0.677645 

T=1.890000	 Thermalizing iterations... 
Done.
Thermalized Magnetisation = (0.083604,0.018459), Energy = -0.666976 
Averaging iterations... h=0.125000,0.000000
Done.
Final: Magnetisation = (0.105169,0.014671), Energy = -0.663072 
<M> = (0.138199,-0.002267), <E> = -0.682404 

T=1.880000	 Thermalizing iterations... 
Done.
Thermalized Magnetisation = (0.158475,-0.022867), Energy = -0.704494 
Averaging iterations... h=0.125000,0.000000
Done.
Final: Magnetisation = (0.084588,0.019557), Energy = -0.686173 
<M> = (0.141554,-0.001460), <E> = -0.687171 

T=1.870000	 Thermalizing iterations... 
Done.
Thermalized Magnetisation = (0.126128,0.012249), Energy = -0.672201 
Averaging iterations... h=0.125000,0.000000
Done.
Final: Magnetisation = (0.162050,0.020399), Energy = -0.681103 
<M> = (0.142716,0.001788), <E> = -0.690892 

T=1.860000	 Thermalizing iterations... 
Done.
Thermalized Magnetisation = (0.115718,0.034661), Energy = -0.651894 
Averaging iterations... h=0.125000,0.000000
Done.
Final: Magnetisation = (0.174582,-0.035134), Energy = -0.686646 
<M> = (0.144189,-0.000621), <E> = -0.695784 

T=1.850000	 Thermalizing iterations... 
Done.
Thermalized Magnetisation = (0.125683,0.088394), Energy = -0.694916 
Averaging iterations... h=0.125000,0.000000
Done.
Final: Magnetisation = (0.182110,-0.025023), Energy = -0.739932 
<M> = (0.145723,-0.000594), <E> = -0.699963 

T=1.840000	 Thermalizing iterations... 
Done.
Thermalized Magnetisation = (0.145817,0.038293), Energy = -0.683937 
Averaging iterations... h=0.125000,0.000000
Done.
Final: Magnetisation = (0.171830,-0.021218), Energy = -0.737404 
<M> = (0.150059,-0.001537), <E> = -0.706269 

T=1.830000	 Thermalizing iterations... 
Done.
Thermalized Magnetisation = (0.209124,-0.014870), Energy = -0.714494 
Averaging iterations... h=0.125000,0.000000
Done.
Final: Magnetisation = (0.143053,0.024835), Energy = -0.692463 
<M> = (0.151251,-0.002945), <E> = -0.711247 

T=1.820000	 Thermalizing iterations... 
Done.
Thermalized Magnetisation = (0.140265,0.040919), Energy = -0.702845 
Averaging iterations... h=0.125000,0.000000
Done.
Final: Magnetisation = (0.153781,-0.030066), Energy = -0.700165 
<M> = (0.154082,-0.001871), <E> = -0.717029 

T=1.810000	 Thermalizing iterations... 
Done.
Thermalized Magnetisation = (0.158866,0.020603), Energy = -0.718637 
Averaging iterations... h=0.125000,0.000000
Done.
Final: Magnetisation = (0.145650,0.048914), Energy = -0.688303 
<M> = (0.159116,-0.001453), <E> = -0.722686 

T=1.800000	 Thermalizing iterations... 
Done.
Thermalized Magnetisation = (0.120961,0.013871), Energy = -0.698388 
Averaging iterations... h=0.125000,0.000000
Done.
Final: Magnetisation = (0.172700,0.026785), Energy = -0.741931 
<M> = (0.160414,0.000184), <E> = -0.726352 

T=1.790000	 Thermalizing iterations... 
Done.
Thermalized Magnetisation = (0.181426,-0.038371), Energy = -0.732515 
Averaging iterations... h=0.125000,0.000000
Done.
Final: Magnetisation = (0.117007,-0.086772), Energy = -0.712609 
<M> = (0.161640,-0.000044), <E> = -0.731767 

T=1.780000	 Thermalizing iterations... 
Done.
Thermalized Magnetisation = (0.177876,-0.007978), Energy = -0.748443 
Averaging iterations... h=0.125000,0.000000
Done.
Final: Magnetisation = (0.170284,-0.013674), Energy = -0.744775 
<M> = (0.163511,0.000465), <E> = -0.735874 

T=1.770000	 Thermalizing iterations... 
Done.
Thermalized Magnetisation = (0.177211,0.036330), Energy = -0.733820 
Averaging iterations... h=0.125000,0.000000
Done.
Final: Magnetisation = (0.156017,0.074628), Energy = -0.741530 
<M> = (0.167208,-0.002904), <E> = -0.742798 

T=1.760000	 Thermalizing iterations... 
Done.
Thermalized Magnetisation = (0.170653,0.021112), Energy = -0.766174 
Averaging iterations... h=0.125000,0.000000
Done.
Final: Magnetisation = (0.217344,-0.021840), Energy = -0.764710 
<M> = (0.170235,-0.000841), <E> = -0.748746 

T=1.750000	 Thermalizing iterations... 
Done.
Thermalized Magnetisation = (0.162698,0.008384), Energy = -0.733122 
Averaging iterations... h=0.125000,0.000000
Done.
Final: Magnetisation = (0.234115,-0.020274), Energy = -0.745947 
<M> = (0.172209,-0.003183), <E> = -0.753986 

T=1.740000	 Thermalizing iterations... 
Done.
Thermalized Magnetisation = (0.190617,0.024275), Energy = -0.741940 
Averaging iterations... h=0.125000,0.000000
Done.
Final: Magnetisation = (0.167702,-0.017484), Energy = -0.746876 
<M> = (0.175661,-0.002260), <E> = -0.760381 

T=1.730000	 Thermalizing iterations... 
Done.
Thermalized Magnetisation = (0.205507,-0.026970), Energy = -0.795416 
Averaging iterations... h=0.125000,0.000000
Done.
Final: Magnetisation = (0.134340,-0.048289), Energy = -0.751580 
<M> = (0.180307,-0.000507), <E> = -0.766664 

T=1.720000	 Thermalizing iterations... 
Done.
Thermalized Magnetisation = (0.181410,-0.049212), Energy = -0.778193 
Averaging iterations... h=0.125000,0.000000
Done.
Final: Magnetisation = (0.177328,0.011379), Energy = -0.785895 
<M> = (0.181170,0.000651), <E> = -0.770616 

T=1.710000	 Thermalizing iterations... 
Done.
Thermalized Magnetisation = (0.212471,-0.057200), Energy = -0.820672 
Averaging iterations... h=0.125000,0.000000
Done.
Final: Magnetisation = (0.217908,-0.008916), Energy = -0.797879 
<M> = (0.184245,0.000187), <E> = -0.776953 

T=1.700000	 Thermalizing iterations... 
Done.
Thermalized Magnetisation = (0.212721,0.013811), Energy = -0.793491 
Averaging iterations... h=0.125000,0.000000
Done.
Final: Magnetisation = (0.211746,0.018313), Energy = -0.788387 
<M> = (0.187875,-0.000847), <E> = -0.783208 

T=1.690000	 Thermalizing iterations... 
Done.
Thermalized Magnetisation = (0.121489,0.008298), Energy = -0.792516 
Averaging iterations... h=0.125000,0.000000
Done.
Final: Magnetisation = (0.199480,-0.060340), Energy = -0.790340 
<M> = (0.191524,-0.001490), <E> = -0.789725 

T=1.680000	 Thermalizing iterations... 
Done.
Thermalized Magnetisation = (0.152134,-0.024827), Energy = -0.773634 
Averaging iterations... h=0.125000,0.000000
Done.
Final: Magnetisation = (0.173650,-0.096157), Energy = -0.796538 
<M> = (0.194445,-0.003069), <E> = -0.796949 

T=1.670000	 Thermalizing iterations... 
Done.
Thermalized Magnetisation = (0.186362,0.010013), Energy = -0.809051 
Averaging iterations... h=0.125000,0.000000
Done.
Final: Magnetisation = (0.211888,-0.071895), Energy = -0.832940 
<M> = (0.198621,-0.002783), <E> = -0.803862 

T=1.660000	 Thermalizing iterations... 
Done.
Thermalized Magnetisation = (0.148630,0.008853), Energy = -0.801565 
Averaging iterations... h=0.125000,0.000000
Done.
Final: Magnetisation = (0.227874,-0.005605), Energy = -0.830383 
<M> = (0.203362,-0.003148), <E> = -0.810336 

T=1.650000	 Thermalizing iterations... 
Done.
Thermalized Magnetisation = (0.221151,-0.035081), Energy = -0.800441 
Averaging iterations... h=0.125000,0.000000
Done.
Final: Magnetisation = (0.149093,0.046446), Energy = -0.789832 
<M> = (0.207106,0.000586), <E> = -0.816471 

T=1.640000	 Thermalizing iterations... 
Done.
Thermalized Magnetisation = (0.219518,0.079832), Energy = -0.856971 
Averaging iterations... h=0.125000,0.000000
Done.
Final: Magnetisation = (0.266857,-0.023004), Energy = -0.838376 
<M> = (0.210079,0.001347), <E> = -0.822555 

T=1.630000	 Thermalizing iterations... 
Done.
Thermalized Magnetisation = (0.216755,0.041122), Energy = -0.842560 
Averaging iterations... h=0.125000,0.000000
Done.
Final: Magnetisation = (0.207075,0.018812), Energy = -0.775143 
<M> = (0.213419,0.000480), <E> = -0.829584 

T=1.620000	 Thermalizing iterations... 
Done.
Thermalized Magnetisation = (0.209367,-0.060743), Energy = -0.820420 
Averaging iterations... h=0.125000,0.000000
Done.
Final: Magnetisation = (0.267094,-0.045573), Energy = -0.839052 
<M> = (0.218284,-0.001980), <E> = -0.836666 

T=1.610000	 Thermalizing iterations... 
Done.
Thermalized Magnetisation = (0.245945,0.048553), Energy = -0.855045 
Averaging iterations... h=0.125000,0.000000
Done.
Final: Magnetisation = (0.211832,0.091089), Energy = -0.865486 
<M> = (0.221375,-0.002592), <E> = -0.843981 

T=1.600000	 Thermalizing iterations... 
Done.
Thermalized Magnetisation = (0.235473,-0.031924), Energy = -0.890544 
Averaging iterations... h=0.125000,0.000000
Done.
Final: Magnetisation = (0.172620,-0.003756), Energy = -0.805478 
<M> = (0.226025,-0.004261), <E> = -0.852459 

T=1.590000	 Thermalizing iterations... 
Done.
Thermalized Magnetisation = (0.212932,0.021509), Energy = -0.825109 
Averaging iterations... h=0.125000,0.000000
Done.
Final: Magnetisation = (0.165650,0.034649), Energy = -0.832420 
<M> = (0.230780,-0.002085), <E> = -0.860103 

T=1.580000	 Thermalizing iterations... 
Done.
Thermalized Magnetisation = (0.239543,0.011791), Energy = -0.836068 
Averaging iterations... h=0.125000,0.000000
Done.
Final: Magnetisation = (0.214719,-0.017554), Energy = -0.897816 
<M> = (0.236726,-0.000580), <E> = -0.867562 

T=1.570000	 Thermalizing iterations... 
Done.
Thermalized Magnetisation = (0.229333,0.027762), Energy = -0.879755 
Averaging iterations... h=0.125000,0.000000
Done.
Final: Magnetisation = (0.233568,0.004984), Energy = -0.874201 
<M> = (0.240390,0.000252), <E> = -0.874302 

T=1.560000	 Thermalizing iterations... 
Done.
Thermalized Magnetisation = (0.293867,-0.037601), Energy = -0.945512 
Averaging iterations... h=0.125000,0.000000
Done.
Final: Magnetisation = (0.196442,-0.011023), Energy = -0.858016 
<M> = (0.244488,0.000663), <E> = -0.881326 

T=1.550000	 Thermalizing iterations... 
Done.
Thermalized Magnetisation = (0.187395,0.003349), Energy = -0.822481 
Averaging iterations... h=0.125000,0.000000
Done.
Final: Magnetisation = (0.229847,0.018896), Energy = -0.876679 
<M> = (0.249513,-0.000297), <E> = -0.890126 

T=1.540000	 Thermalizing iterations... 
Done.
Thermalized Magnetisation = (0.244303,0.060987), Energy = -0.893723 
Averaging iterations... h=0.125000,0.000000
Done.
Final: Magnetisation = (0.238194,-0.083182), Energy = -0.907352 
<M> = (0.254825,-0.001236), <E> = -0.898264 

T=1.530000	 Thermalizing iterations... 
Done.
Thermalized Magnetisation = (0.303903,-0.020968), Energy = -0.968232 
Averaging iterations... h=0.125000,0.000000
Done.
Final: Magnetisation = (0.269597,0.020226), Energy = -0.915179 
<M> = (0.259002,-0.003372), <E> = -0.906903 

T=1.520000	 Thermalizing iterations... 
Done.
Thermalized Magnetisation = (0.289417,0.087073), Energy = -0.932299 
Averaging iterations... h=0.125000,0.000000
Done.
Final: Magnetisation = (0.226836,-0.019866), Energy = -0.905263 
<M> = (0.264320,-0.003159), <E> = -0.915435 

T=1.510000	 Thermalizing iterations... 
Done.
Thermalized Magnetisation = (0.281938,-0.040731), Energy = -0.965450 
Averaging iterations... h=0.125000,0.000000
Done.
Final: Magnetisation = (0.250268,-0.002432), Energy = -0.899458 
<M> = (0.271814,-0.000849), <E> = -0.924465 

T=1.500000	 Thermalizing iterations... 
Done.
Thermalized Magnetisation = (0.313458,-0.098065), Energy = -0.958650 
Averaging iterations... h=0.125000,0.000000
Done.
Final: Magnetisation = (0.247888,-0.074156), Energy = -0.911294 
<M> = (0.277111,0.003472), <E> = -0.932632 

T=1.490000	 Thermalizing iterations... 
Done.
Thermalized Magnetisation = (0.282961,-0.018199), Energy = -0.945627 
Averaging iterations... h=0.125000,0.000000
Done.
Final: Magnetisation = (0.258720,0.098397), Energy = -0.924237 
<M> = (0.281145,0.001094), <E> = -0.940319 

T=1.480000	 Thermalizing iterations... 
Done.
Thermalized Magnetisation = (0.272681,-0.042437), Energy = -0.911027 
Averaging iterations... h=0.125000,0.000000
Done.
Final: Magnetisation = (0.312859,-0.029394), Energy = -0.961510 
<M> = (0.285381,0.000682), <E> = -0.949025 

T=1.470000	 Thermalizing iterations... 
Done.
Thermalized Magnetisation = (0.321403,0.015754), Energy = -0.978535 
Averaging iterations... h=0.125000,0.000000
Done.
Final: Magnetisation = (0.330321,-0.049747), Energy = -1.002515 
<M> = (0.294805,-0.000550), <E> = -0.959698 

T=1.460000	 Thermalizing iterations... 
Done.
Thermalized Magnetisation = (0.285575,0.077121), Energy = -0.949934 
Averaging iterations... h=0.125000,0.000000
Done.
Final: Magnetisation = (0.285827,0.023410), Energy = -0.974546 
<M> = (0.298319,-0.001484), <E> = -0.968644 

T=1.450000	 Thermalizing iterations... 
Done.
Thermalized Magnetisation = (0.303203,0.041685), Energy = -1.003000 
Averaging iterations... h=0.125000,0.000000
Done.
Final: Magnetisation = (0.251259,-0.025555), Energy = -0.939217 
<M> = (0.304449,-0.005886), <E> = -0.978549 

T=1.440000	 Thermalizing iterations... 
Done.
Thermalized Magnetisation = (0.361624,-0.031908), Energy = -1.023258 
Averaging iterations... h=0.125000,0.000000
Done.
Final: Magnetisation = (0.352250,-0.021911), Energy = -1.050838 
<M> = (0.312443,-0.003717), <E> = -0.988961 

T=1.430000	 Thermalizing iterations... 
Done.
Thermalized Magnetisation = (0.292176,-0.062975), Energy = -1.015131 
Averaging iterations... h=0.125000,0.000000
Done.
Final: Magnetisation = (0.291710,0.024621), Energy = -0.993655 
<M> = (0.319074,-0.000560), <E> = -0.997955 

T=1.420000	 Thermalizing iterations... 
Done.
Thermalized Magnetisation = (0.396010,0.041996), Energy = -1.050477 
Averaging iterations... h=0.125000,0.000000
Done.
Final: Magnetisation = (0.318809,-0.046191), Energy = -1.005640 
<M> = (0.324155,0.000910), <E> = -1.006805 

T=1.410000	 Thermalizing iterations... 
Done.
Thermalized Magnetisation = (0.335867,0.011172), Energy = -1.044548 
Averaging iterations... h=0.125000,0.000000
Done.
Final: Magnetisation = (0.336276,0.016437), Energy = -1.029632 
<M> = (0.331354,0.001783), <E> = -1.016287 

T=1.400000	 Thermalizing iterations... 
Done.
Thermalized Magnetisation = (0.328866,-0.006685), Energy = -0.985000 
Averaging iterations... h=0.125000,0.000000
Done.
Final: Magnetisation = (0.338309,0.085716), Energy = -1.000127 
<M> = (0.338311,-0.003287), <E> = -1.027873 

T=1.390000	 Thermalizing iterations... 
Done.
Thermalized Magnetisation = (0.309650,-0.025108), Energy = -1.052733 
Averaging iterations... h=0.125000,0.000000
Done.
Final: Magnetisation = (0.344652,0.008283), Energy = -1.065588 
<M> = (0.344875,-0.002587), <E> = -1.038304 

T=1.380000	 Thermalizing iterations... 
Done.
Thermalized Magnetisation = (0.346205,-0.008302), Energy = -1.025780 
Averaging iterations... h=0.125000,0.000000
Done.
Final: Magnetisation = (0.355462,-0.058341), Energy = -1.014293 
<M> = (0.352723,-0.006321), <E> = -1.049506 

T=1.370000	 Thermalizing iterations... 
Done.
Thermalized Magnetisation = (0.320751,-0.062430), Energy = -1.030468 
Averaging iterations... h=0.125000,0.000000
Done.
Final: Magnetisation = (0.345807,-0.030757), Energy = -1.028629 
<M> = (0.358397,-0.004805), <E> = -1.059225 

T=1.360000	 Thermalizing iterations... 
Done.
Thermalized Magnetisation = (0.364651,-0.015053), Energy = -1.081650 
Averaging iterations... h=0.125000,0.000000
Done.
Final: Magnetisation = (0.431472,0.066760), Energy = -1.134244 
<M> = (0.367059,-0.003824), <E> = -1.070749 

T=1.350000	 Thermalizing iterations... 
Done.
Thermalized Magnetisation = (0.387664,0.106321), Energy = -1.070957 
Averaging iterations... h=0.125000,0.000000
Done.
Final: Magnetisation = (0.312762,0.011582), Energy = -1.031860 
<M> = (0.376324,0.002155), <E> = -1.080859 

T=1.340000	 Thermalizing iterations... 
Done.
Thermalized Magnetisation = (0.429303,0.034996), Energy = -1.181424 
Averaging iterations... h=0.125000,0.000000
Done.
Final: Magnetisation = (0.406632,-0.034550), Energy = -1.116197 
<M> = (0.381402,-0.000619), <E> = -1.090722 

T=1.330000	 Thermalizing iterations... 
Done.
Thermalized Magnetisation = (0.447366,-0.023878), Energy = -1.173671 
Averaging iterations... h=0.125000,0.000000
Done.
Final: Magnetisation = (0.409799,-0.031965), Energy = -1.105850 
<M> = (0.389280,-0.000213), <E> = -1.101579 

T=1.320000	 Thermalizing iterations... 
Done.
Thermalized Magnetisation = (0.371581,0.011175), Energy = -1.107449 
Averaging iterations... h=0.125000,0.000000
Done.
Final: Magnetisation = (0.374144,-0.034136), Energy = -1.079595 
<M> = (0.399273,-0.001476), <E> = -1.114409 

T=1.310000	 Thermalizing iterations... 
Done.
Thermalized Magnetisation = (0.451642,0.015288), Energy = -1.180019 
Averaging iterations... h=0.125000,0.000000
Done.
Final: Magnetisation = (0.394202,0.058087), Energy = -1.144208 
<M> = (0.405870,-0.003952), <E> = -1.126562 

T=1.300000	 Thermalizing iterations... 
Done.
Thermalized Magnetisation = (0.405594,0.008257), Energy = -1.122451 
Averaging iterations... h=0.125000,0.000000
Done.
Final: Magnetisation = (0.437875,-0.004440), Energy = -1.204937 
<M> = (0.412707,-0.006009), <E> = -1.138197 

T=1.290000	 Thermalizing iterations... 
Done.
Thermalized Magnetisation = (0.449561,-0.012985), Energy = -1.157531 
Averaging iterations... h=0.125000,0.000000
Done.
Final: Magnetisation = (0.423703,-0.010584), Energy = -1.132262 
<M> = (0.423414,-0.005376), <E> = -1.150497 

T=1.280000	 Thermalizing iterations... 
Done.
Thermalized Magnetisation = (0.442088,0.048360), Energy = -1.178525 
Averaging iterations... h=0.125000,0.000000
Done.
Final: Magnetisation = (0.426436,0.019886), Energy = -1.159364 
<M> = (0.430484,-0.001954), <E> = -1.160699 

T=1.270000	 Thermalizing iterations... 
Done.
Thermalized Magnetisation = (0.388332,0.004517), Energy = -1.127388 
Averaging iterations... h=0.125000,0.000000
Done.
Final: Magnetisation = (0.413627,0.040260), Energy = -1.167736 
<M> = (0.439808,-0.002324), <E> = -1.172381 

T=1.260000	 Thermalizing iterations... 
Done.
Thermalized Magnetisation = (0.381849,0.020904), Energy = -1.137551 
Averaging iterations... h=0.125000,0.000000
Done.
Final: Magnetisation = (0.444895,-0.048802), Energy = -1.193883 
<M> = (0.446040,0.002593), <E> = -1.183187 

T=1.250000	 Thermalizing iterations... 
Done.
Thermalized Magnetisation = (0.459230,-0.043630), Energy = -1.242622 
Averaging iterations... h=0.125000,0.000000
Done.
Final: Magnetisation = (0.455470,0.035640), Energy = -1.197223 
<M> = (0.455042,-0.004550), <E> = -1.196476 

T=1.240000	 Thermalizing iterations... 
Done.
Thermalized Magnetisation = (0.500478,0.007936), Energy = -1.260651 
Averaging iterations... h=0.125000,0.000000
Done.
Final: Magnetisation = (0.377311,-0.000672), Energy = -1.136200 
<M> = (0.463307,0.001800), <E> = -1.208932 

T=1.230000	 Thermalizing iterations... 
Done.
Thermalized Magnetisation = (0.460844,0.096388), Energy = -1.229712 
Averaging iterations... h=0.125000,0.000000
Done.
Final: Magnetisation = (0.429774,-0.052517), Energy = -1.145458 
<M> = (0.470472,-0.005832), <E> = -1.221153 

T=1.220000	 Thermalizing iterations... 
Done.
Thermalized Magnetisation = (0.464689,-0.034098), Energy = -1.221117 
Averaging iterations... h=0.125000,0.000000
Done.
Final: Magnetisation = (0.462592,-0.055134), Energy = -1.242234 
<M> = (0.478269,-0.005215), <E> = -1.231673 

T=1.210000	 Thermalizing iterations... 
Done.
Thermalized Magnetisation = (0.445333,0.036368), Energy = -1.182549 
Averaging iterations... h=0.125000,0.000000
Done.
Final: Magnetisation = (0.489067,-0.039270), Energy = -1.277163 
<M> = (0.488533,-0.006853), <E> = -1.245238 

T=1.200000	 Thermalizing iterations... 
Done.
Thermalized Magnetisation = (0.540270,-0.047966), Energy = -1.268124 
Averaging iterations... h=0.125000,0.000000
Done.
Final: Magnetisation = (0.502228,-0.010390), Energy = -1.263184 
<M> = (0.497155,0.001485), <E> = -1.256255 

T=1.190000	 Thermalizing iterations... 
Done.
Thermalized Magnetisation = (0.511298,-0.020726), Energy = -1.243572 
Averaging iterations... h=0.125000,0.000000
Done.
Final: Magnetisation = (0.511408,-0.107205), Energy = -1.296535 
<M> = (0.505343,-0.000008), <E> = -1.268130 

T=1.180000	 Thermalizing iterations... 
Done.
Thermalized Magnetisation = (0.508746,-0.067960), Energy = -1.273608 
Averaging iterations... h=0.125000,0.000000
Done.
Final: Magnetisation = (0.489709,0.059467), Energy = -1.255438 
<M> = (0.514346,-0.001959), <E> = -1.279744 

T=1.170000	 Thermalizing iterations... 
Done.
Thermalized Magnetisation = (0.501092,0.039187), Energy = -1.289977 
Averaging iterations... h=0.125000,0.000000
Done.
Final: Magnetisation = (0.494847,0.121579), Energy = -1.273678 
<M> = (0.521893,-0.000203), <E> = -1.292863 

T=1.160000	 Thermalizing iterations... 
Done.
Thermalized Magnetisation = (0.522489,-0.092193), Energy = -1.312472 
Averaging iterations... h=0.125000,0.000000
Done.
Final: Magnetisation = (0.505123,-0.103515), Energy = -1.284958 
<M> = (0.529948,-0.006037), <E> = -1.305672 

T=1.150000	 Thermalizing iterations... 
Done.
Thermalized Magnetisation = (0.544822,-0.034436), Energy = -1.366544 
Averaging iterations... h=0.125000,0.000000
Done.
Final: Magnetisation = (0.528372,-0.017453), Energy = -1.288066 
<M> = (0.536185,-0.004050), <E> = -1.317154 

T=1.140000	 Thermalizing iterations... 
Done.
Thermalized Magnetisation = (0.516349,-0.066003), Energy = -1.337022 
Averaging iterations... h=0.125000,0.000000
Done.
Final: Magnetisation = (0.579848,-0.031426), Energy = -1.352261 
<M> = (0.545825,-0.008336), <E> = -1.329768 

T=1.130000	 Thermalizing iterations... 
Done.
Thermalized Magnetisation = (0.515406,0.014945), Energy = -1.282392 
Averaging iterations... h=0.125000,0.000000
Done.
Final: Magnetisation = (0.536936,0.011413), Energy = -1.344759 
<M> = (0.553302,-0.001429), <E> = -1.341012 

T=1.120000	 Thermalizing iterations... 
Done.
Thermalized Magnetisation = (0.538687,-0.020710), Energy = -1.348142 
Averaging iterations... h=0.125000,0.000000
Done.
Final: Magnetisation = (0.549773,-0.114192), Energy = -1.342078 
<M> = (0.564194,0.000940), <E> = -1.352694 

T=1.110000	 Thermalizing iterations... 
Done.
Thermalized Magnetisation = (0.606402,0.002884), Energy = -1.375893 
Averaging iterations... h=0.125000,0.000000
Done.
Final: Magnetisation = (0.597718,-0.006965), Energy = -1.380679 
<M> = (0.569552,0.003316), <E> = -1.362783 

T=1.100000	 Thermalizing iterations... 
Done.
Thermalized Magnetisation = (0.576371,-0.072508), Energy = -1.384269 
Averaging iterations... h=0.125000,0.000000
Done.
Final: Magnetisation = (0.611597,0.022960), Energy = -1.404772 
<M> = (0.576946,-0.005854), <E> = -1.375299 

T=1.090000	 Thermalizing iterations... 
Done.
Thermalized Magnetisation = (0.572967,-0.040014), Energy = -1.406572 
Averaging iterations... h=0.125000,0.000000
Done.
Final: Magnetisation = (0.555137,-0.016658), Energy = -1.397288 
<M> = (0.584424,-0.002304), <E> = -1.387807 

T=1.080000	 Thermalizing iterations... 
Done.
Thermalized Magnetisation = (0.577727,-0.040233), Energy = -1.377358 
Averaging iterations... h=0.125000,0.000000
Done.
Final: Magnetisation = (0.610066,0.070492), Energy = -1.413806 
<M> = (0.590458,-0.009400), <E> = -1.398623 

T=1.070000	 Thermalizing iterations... 
Done.
Thermalized Magnetisation = (0.613523,0.071394), Energy = -1.427359 
Averaging iterations... h=0.125000,0.000000
Done.
Final: Magnetisation = (0.593330,0.048455), Energy = -1.410979 
<M> = (0.595598,-0.013151), <E> = -1.409686 

T=1.060000	 Thermalizing iterations... 
Done.
Thermalized Magnetisation = (0.584717,0.028821), Energy = -1.410985 
Averaging iterations... h=0.125000,0.000000
Done.
Final: Magnetisation = (0.636485,-0.040560), Energy = -1.439883 
<M> = (0.605318,-0.008485), <E> = -1.421846 

T=1.050000	 Thermalizing iterations... 
Done.
Thermalized Magnetisation = (0.613199,-0.114631), Energy = -1.456856 
Averaging iterations... h=0.125000,0.000000
Done.
Final: Magnetisation = (0.591912,-0.011071), Energy = -1.404770 
<M> = (0.613578,-0.003277), <E> = -1.432674 

T=1.040000	 Thermalizing iterations... 
Done.
Thermalized Magnetisation = (0.606452,0.013344), Energy = -1.432972 
Averaging iterations... h=0.125000,0.000000
Done.
Final: Magnetisation = (0.566165,0.038198), Energy = -1.405146 
<M> = (0.618640,-0.003515), <E> = -1.441863 

T=1.030000	 Thermalizing iterations... 
Done.
Thermalized Magnetisation = (0.595243,0.026121), Energy = -1.413824 
Averaging iterations... h=0.125000,0.000000
Done.
Final: Magnetisation = (0.593091,0.018207), Energy = -1.457515 
<M> = (0.624835,0.002055), <E> = -1.452943 

T=1.020000	 Thermalizing iterations... 
Done.
Thermalized Magnetisation = (0.670759,0.004494), Energy = -1.471041 
Averaging iterations... h=0.125000,0.000000
Done.
Final: Magnetisation = (0.631757,-0.009750), Energy = -1.474687 
<M> = (0.630641,-0.006890), <E> = -1.463040 

T=1.010000	 Thermalizing iterations... 
Done.
Thermalized Magnetisation = (0.623822,0.045592), Energy = -1.459371 
Averaging iterations... h=0.125000,0.000000
Done.
Final: Magnetisation = (0.636749,-0.012561), Energy = -1.486407 
<M> = (0.636645,-0.015783), <E> = -1.474775 

T=1.000000	 Thermalizing iterations... 
Done.
Thermalized Magnetisation = (0.643641,-0.092525), Energy = -1.504738 
Averaging iterations... h=0.125000,0.000000
Done.
Final: Magnetisation = (0.676222,0.051733), Energy = -1.518481 
<M> = (0.641425,-0.005855), <E> = -1.483772 

T=0.990000	 Thermalizing iterations... 
Done.
Thermalized Magnetisation = (0.623101,0.019212), Energy = -1.514735 
Averaging iterations... h=0.125000,0.000000
Done.
Final: Magnetisation = (0.645260,-0.070718), Energy = -1.472241 
<M> = (0.648840,-0.007356), <E> = -1.495317 

T=0.980000	 Thermalizing iterations... 
Done.
Thermalized Magnetisation = (0.632902,0.082662), Energy = -1.496210 
Averaging iterations... h=0.125000,0.000000
Done.
Final: Magnetisation = (0.647092,-0.054779), Energy = -1.496448 
<M> = (0.655272,0.000240), <E> = -1.505193 

T=0.970000	 Thermalizing iterations... 
Done.
Thermalized Magnetisation = (0.634026,0.011040), Energy = -1.478964 
Averaging iterations... h=0.125000,0.000000
Done.
Final: Magnetisation = (0.659222,0.056974), Energy = -1.501446 
<M> = (0.661666,-0.003352), <E> = -1.514995 

T=0.960000	 Thermalizing iterations... 
Done.
Thermalized Magnetisation = (0.655091,-0.049601), Energy = -1.528629 
Averaging iterations... h=0.125000,0.000000
Done.
Final: Magnetisation = (0.700383,0.027315), Energy = -1.527412 
<M> = (0.666823,0.000146), <E> = -1.523801 

T=0.950000	 Thermalizing iterations... 
Done.
Thermalized Magnetisation = (0.663914,-0.023291), Energy = -1.530304 
Averaging iterations... h=0.125000,0.000000
Done.
Final: Magnetisation = (0.647423,0.016463), Energy = -1.520839 
<M> = (0.670685,0.003774), <E> = -1.533706 

T=0.940000	 Thermalizing iterations... 
Done.
Thermalized Magnetisation = (0.673694,0.119258), Energy = -1.576538 
Averaging iterations... h=0.125000,0.000000
Done.
Final: Magnetisation = (0.683681,0.010888), Energy = -1.537476 
<M> = (0.678325,-0.002057), <E> = -1.543673 

T=0.930000	 Thermalizing iterations... 
Done.
Thermalized Magnetisation = (0.673088,0.044836), Energy = -1.537487 
Averaging iterations... h=0.125000,0.000000
Done.
Final: Magnetisation = (0.678418,-0.014765), Energy = -1.527292 
<M> = (0.681408,-0.013918), <E> = -1.552928 

T=0.920000	 Thermalizing iterations... 
Done.
Thermalized Magnetisation = (0.709062,-0.047197), Energy = -1.577169 
Averaging iterations... h=0.125000,0.000000
Done.
Final: Magnetisation = (0.641986,-0.042987), Energy = -1.542748 
<M> = (0.686770,-0.019615), <E> = -1.562051 

T=0.910000	 Thermalizing iterations... 
Done.
Thermalized Magnetisation = (0.695767,-0.010770), Energy = -1.581887 
Averaging iterations... h=0.125000,0.000000
Done.
Final: Magnetisation = (0.707452,0.055958), Energy = -1.584875 
<M> = (0.691498,0.001686), <E> = -1.570600 

T=0.900000	 Thermalizing iterations... 
Done.
Thermalized Magnetisation = (0.705157,-0.069928), Energy = -1.557362 
Averaging iterations... h=0.125000,0.000000
Done.
Final: Magnetisation = (0.685978,0.091176), Energy = -1.591593 
<M> = (0.699299,0.006976), <E> = -1.579786 

T=0.890000	 Thermalizing iterations... 
Done.
Thermalized Magnetisation = (0.665147,-0.076654), Energy = -1.583329 
Averaging iterations... h=0.125000,0.000000
Done.
Final: Magnetisation = (0.678031,-0.022171), Energy = -1.549039 
<M> = (0.700945,0.003219), <E> = -1.587305 

T=0.880000	 Thermalizing iterations... 
Done.
Thermalized Magnetisation = (0.693115,-0.031035), Energy = -1.593086 
Averaging iterations... h=0.125000,0.000000
Done.
Final: Magnetisation = (0.721867,0.001021), Energy = -1.601263 
<M> = (0.705851,0.008453), <E> = -1.597083 

T=0.870000	 Thermalizing iterations... 
Done.
Thermalized Magnetisation = (0.742319,-0.000309), Energy = -1.622979 
Averaging iterations... h=0.125000,0.000000
Done.
Final: Magnetisation = (0.734234,-0.014723), Energy = -1.614557 
<M> = (0.710649,-0.012394), <E> = -1.605444 

T=0.860000	 Thermalizing iterations... 
Done.
Thermalized Magnetisation = (0.717874,-0.127131), Energy = -1.627157 
Averaging iterations... h=0.125000,0.000000
Done.
Final: Magnetisation = (0.736760,0.052436), Energy = -1.613896 
<M> = (0.712817,-0.013674), <E> = -1.613789 

T=0.850000	 Thermalizing iterations... 
Done.
Thermalized Magnetisation = (0.708648,-0.059925), Energy = -1.617572 
Averaging iterations... h=0.125000,0.000000
Done.
Final: Magnetisation = (0.700514,0.029576), Energy = -1.609833 
<M> = (0.714988,-0.007538), <E> = -1.621566 

T=0.840000	 Thermalizing iterations... 
Done.
Thermalized Magnetisation = (0.716120,-0.142233), Energy = -1.635410 
Averaging iterations... h=0.125000,0.000000
Done.
Final: Magnetisation = (0.712066,-0.003371), Energy = -1.637241 
<M> = (0.721394,-0.015820), <E> = -1.629990 

T=0.830000	 Thermalizing iterations... 
Done.
Thermalized Magnetisation = (0.740311,0.103258), Energy = -1.645608 
Averaging iterations... h=0.125000,0.000000
Done.
Final: Magnetisation = (0.712149,-0.043202), Energy = -1.641415 
<M> = (0.727775,-0.013555), <E> = -1.638077 

T=0.820000	 Thermalizing iterations... 
Done.
Thermalized Magnetisation = (0.740120,-0.018674), Energy = -1.651246 
Averaging iterations... h=0.125000,0.000000
Done.
Final: Magnetisation = (0.755683,-0.021264), Energy = -1.641000 
<M> = (0.731260,0.003541), <E> = -1.646156 

T=0.810000	 Thermalizing iterations... 
Done.
Thermalized Magnetisation = (0.726045,0.008987), Energy = -1.616847 
Averaging iterations... h=0.125000,0.000000
Done.
Final: Magnetisation = (0.728779,0.106818), Energy = -1.629599 
<M> = (0.734672,-0.005017), <E> = -1.652805 

T=0.800000	 Thermalizing iterations... 
Done.
Thermalized Magnetisation = (0.723119,-0.088682), Energy = -1.651244 
Averaging iterations... h=0.125000,0.000000
Done.
Final: Magnetisation = (0.721874,-0.046929), Energy = -1.652714 
<M> = (0.736667,-0.006503), <E> = -1.660958 

T=0.790000	 Thermalizing iterations... 
Done.
Thermalized Magnetisation = (0.706881,-0.069076), Energy = -1.677168 
Averaging iterations... h=0.125000,0.000000
Done.
Final: Magnetisation = (0.726787,0.058745), Energy = -1.678168 
<M> = (0.742801,-0.020802), <E> = -1.669424 

T=0.780000	 Thermalizing iterations... 
Done.
Thermalized Magnetisation = (0.729940,0.078654), Energy = -1.665294 
Averaging iterations... h=0.125000,0.000000
Done.
Final: Magnetisation = (0.728910,-0.115188), Energy = -1.664112 
<M> = (0.744806,0.003632), <E> = -1.676263 

T=0.770000	 Thermalizing iterations... 
Done.
Thermalized Magnetisation = (0.777858,-0.035838), Energy = -1.705078 
Averaging iterations... h=0.125000,0.000000
Done.
Final: Magnetisation = (0.755986,-0.023383), Energy = -1.683802 
<M> = (0.747331,-0.026849), <E> = -1.683753 

T=0.760000	 Thermalizing iterations... 
Done.
Thermalized Magnetisation = (0.747272,0.007062), Energy = -1.659618 
Averaging iterations... h=0.125000,0.000000
Done.
Final: Magnetisation = (0.768241,-0.083017), Energy = -1.712845 
<M> = (0.754643,-0.000156), <E> = -1.691491 

T=0.750000	 Thermalizing iterations... 
Done.
Thermalized Magnetisation = (0.759099,-0.010893), Energy = -1.684888 
Averaging iterations... h=0.125000,0.000000
Done.
Final: Magnetisation = (0.748479,-0.056725), Energy = -1.699306 
<M> = (0.758293,0.014098), <E> = -1.698380 

T=0.740000	 Thermalizing iterations... 
Done.
Thermalized Magnetisation = (0.772509,-0.020102), Energy = -1.718210 
Averaging iterations... h=0.125000,0.000000
Done.
Final: Magnetisation = (0.735686,-0.123524), Energy = -1.689723 
<M> = (0.760620,-0.006651), <E> = -1.705318 

T=0.730000	 Thermalizing iterations... 
Done.
Thermalized Magnetisation = (0.765247,-0.033897), Energy = -1.699479 
Averaging iterations... h=0.125000,0.000000
Done.
Final: Magnetisation = (0.787018,-0.054998), Energy = -1.728458 
<M> = (0.764169,-0.015708), <E> = -1.712517 

T=0.720000	 Thermalizing iterations... 
Done.
Thermalized Magnetisation = (0.783273,-0.016075), Energy = -1.712023 
Averaging iterations... h=0.125000,0.000000
Done.
Final: Magnetisation = (0.763993,-0.053373), Energy = -1.721780 
<M> = (0.767627,-0.014261), <E> = -1.719581 

T=0.710000	 Thermalizing iterations... 
Done.
Thermalized Magnetisation = (0.779078,-0.042150), Energy = -1.730932 
Averaging iterations... h=0.125000,0.000000
Done.
Final: Magnetisation = (0.777043,0.024646), Energy = -1.721799 
<M> = (0.770964,-0.030310), <E> = -1.726989 

T=0.700000	 Thermalizing iterations... 
Done.
Thermalized Magnetisation = (0.781592,-0.087090), Energy = -1.758145 
Averaging iterations... h=0.125000,0.000000
Done.
Final: Magnetisation = (0.749075,-0.042488), Energy = -1.730643 
<M> = (0.771647,-0.013953), <E> = -1.733087 

T=0.690000	 Thermalizing iterations... 
Done.
Thermalized Magnetisation = (0.793088,0.028273), Energy = -1.752818 
Averaging iterations... h=0.125000,0.000000
Done.
Final: Magnetisation = (0.747704,-0.167918), Energy = -1.718380 
<M> = (0.776158,-0.012086), <E> = -1.740112 

T=0.680000	 Thermalizing iterations... 
Done.
Thermalized Magnetisation = (0.789275,0.007238), Energy = -1.758232 
Averaging iterations... h=0.125000,0.000000
Done.
Final: Magnetisation = (0.775589,0.079821), Energy = -1.737148 
<M> = (0.780679,-0.004428), <E> = -1.747142 

T=0.670000	 Thermalizing iterations... 
Done.
Thermalized Magnetisation = (0.767003,-0.018500), Energy = -1.761977 
Averaging iterations... h=0.125000,0.000000
Done.
Final: Magnetisation = (0.798262,0.084807), Energy = -1.773140 
<M> = (0.784407,-0.009793), <E> = -1.753523 

T=0.660000	 Thermalizing iterations... 
Done.
Thermalized Magnetisation = (0.801610,0.031826), Energy = -1.754496 
Averaging iterations... h=0.125000,0.000000
Done.
Final: Magnetisation = (0.790059,0.030843), Energy = -1.751081 
<M> = (0.787156,-0.004900), <E> = -1.759856 

T=0.650000	 Thermalizing iterations... 
Done.
Thermalized Magnetisation = (0.787540,-0.024108), Energy = -1.762700 
Averaging iterations... h=0.125000,0.000000
Done.
Final: Magnetisation = (0.762661,-0.027868), Energy = -1.746895 
<M> = (0.790871,-0.012513), <E> = -1.766717 

T=0.640000	 Thermalizing iterations... 
Done.
Thermalized Magnetisation = (0.786024,0.011891), Energy = -1.771450 
Averaging iterations... h=0.125000,0.000000
Done.
Final: Magnetisation = (0.812282,0.018428), Energy = -1.768368 
<M> = (0.791387,-0.017892), <E> = -1.773360 

T=0.630000	 Thermalizing iterations... 
Done.
Thermalized Magnetisation = (0.769037,-0.085786), Energy = -1.779263 
Averaging iterations... h=0.125000,0.000000
Done.
Final: Magnetisation = (0.798885,-0.025299), Energy = -1.769001 
<M> = (0.793640,-0.029640), <E> = -1.779595 

T=0.620000	 Thermalizing iterations... 
Done.
Thermalized Magnetisation = (0.768997,0.174511), Energy = -1.787546 
Averaging iterations... h=0.125000,0.000000
Done.
Final: Magnetisation = (0.790330,-0.012624), Energy = -1.774738 
<M> = (0.799520,0.004897), <E> = -1.786014 

T=0.610000	 Thermalizing iterations... 
Done.
Thermalized Magnetisation = (0.798235,-0.066077), Energy = -1.788903 
Averaging iterations... h=0.125000,0.000000
Done.
Final: Magnetisation = (0.804511,-0.036148), Energy = -1.794357 
<M> = (0.801437,0.008608), <E> = -1.792572 

T=0.600000	 Thermalizing iterations... 
Done.
Thermalized Magnetisation = (0.812717,-0.078391), Energy = -1.807281 
Averaging iterations... h=0.125000,0.000000
Done.
Final: Magnetisation = (0.803004,0.000201), Energy = -1.798234 
<M> = (0.805651,0.016783), <E> = -1.799159 

T=0.590000	 Thermalizing iterations... 
Done.
Thermalized Magnetisation = (0.814183,0.050891), Energy = -1.816280 
Averaging iterations... h=0.125000,0.000000
Done.
Final: Magnetisation = (0.801177,-0.029503), Energy = -1.806846 
<M> = (0.809901,0.017284), <E> = -1.805130 

T=0.580000	 Thermalizing iterations... 
Done.
Thermalized Magnetisation = (0.819948,-0.065161), Energy = -1.822399 
Averaging iterations... h=0.125000,0.000000
Done.
Final: Magnetisation = (0.804281,0.052511), Energy = -1.818026 
<M> = (0.810122,0.007120), <E> = -1.811440 

T=0.570000	 Thermalizing iterations... 
Done.
Thermalized Magnetisation = (0.823323,-0.053353), Energy = -1.821197 
Averaging iterations... h=0.125000,0.000000
Done.
Final: Magnetisation = (0.832820,0.000792), Energy = -1.830668 
<M> = (0.812982,-0.020210), <E> = -1.817655 

T=0.560000	 Thermalizing iterations... 
Done.
Thermalized Magnetisation = (0.814120,-0.057151), Energy = -1.827661 
Averaging iterations... h=0.125000,0.000000
Done.
Final: Magnetisation = (0.813633,-0.086325), Energy = -1.823340 
<M> = (0.816175,-0.032574), <E> = -1.824004 

T=0.550000	 Thermalizing iterations... 
Done.
Thermalized Magnetisation = (0.839193,0.017930), Energy = -1.836435 
Averaging iterations... h=0.125000,0.000000
Done.
Final: Magnetisation = (0.815103,-0.035430), Energy = -1.833474 
<M> = (0.815619,-0.049341), <E> = -1.829596 

T=0.540000	 Thermalizing iterations... 
Done.
Thermalized Magnetisation = (0.839638,0.065566), Energy = -1.852223 
Averaging iterations... h=0.125000,0.000000
Done.
Final: Magnetisation = (0.810567,-0.108496), Energy = -1.838068 
<M> = (0.819573,0.018324), <E> = -1.835553 

T=0.530000	 Thermalizing iterations... 
Done.
Thermalized Magnetisation = (0.830476,-0.056500), Energy = -1.839958 
Averaging iterations... h=0.125000,0.000000
Done.
Final: Magnetisation = (0.807855,0.054251), Energy = -1.849391 
<M> = (0.826746,0.011659), <E> = -1.841911 

T=0.520000	 Thermalizing iterations... 
Done.
Thermalized Magnetisation = (0.835869,0.028219), Energy = -1.850582 
Averaging iterations... h=0.125000,0.000000
Done.
Final: Magnetisation = (0.833356,0.066327), Energy = -1.842925 
<M> = (0.828326,-0.001034), <E> = -1.847759 

T=0.510000	 Thermalizing iterations... 
Done.
Thermalized Magnetisation = (0.833475,-0.003287), Energy = -1.850277 
Averaging iterations... h=0.125000,0.000000
Done.
Final: Magnetisation = (0.837699,-0.032275), Energy = -1.848394 
<M> = (0.830290,-0.024230), <E> = -1.853544 

T=0.500000	 Thermalizing iterations... 
Done.
Thermalized Magnetisation = (0.813688,-0.034801), Energy = -1.850946 
Averaging iterations... h=0.125000,0.000000
Done.
Final: Magnetisation = (0.819930,-0.083962), Energy = -1.853402 
<M> = (0.830277,-0.061158), <E> = -1.859716 

T=0.490000	 Thermalizing iterations... 
Done.
Thermalized Magnetisation = (0.836714,-0.017297), Energy = -1.870458 
Averaging iterations... h=0.125000,0.000000
Done.
Final: Magnetisation = (0.833397,-0.043404), Energy = -1.872668 
<M> = (0.833950,-0.053519), <E> = -1.865876 

T=0.480000	 Thermalizing iterations... 
Done.
Thermalized Magnetisation = (0.835253,-0.017148), Energy = -1.857571 
Averaging iterations... h=0.125000,0.000000
Done.
Final: Magnetisation = (0.843575,0.065646), Energy = -1.869050 
<M> = (0.839499,-0.013998), <E> = -1.871414 

T=0.470000	 Thermalizing iterations... 
Done.
Thermalized Magnetisation = (0.843117,-0.009538), Energy = -1.873304 
Averaging iterations... h=0.125000,0.000000
Done.
Final: Magnetisation = (0.851820,-0.055091), Energy = -1.885970 
<M> = (0.842576,0.024560), <E> = -1.877320 

T=0.460000	 Thermalizing iterations... 
Done.
Thermalized Magnetisation = (0.838272,-0.015205), Energy = -1.871485 
Averaging iterations... h=0.125000,0.000000
Done.
Final: Magnetisation = (0.849511,-0.016420), Energy = -1.883490 
<M> = (0.845734,-0.023797), <E> = -1.882971 

T=0.450000	 Thermalizing iterations... 
Done.
Thermalized Magnetisation = (0.832716,-0.158314), Energy = -1.882601 
Averaging iterations... h=0.125000,0.000000
Done.
Final: Magnetisation = (0.859487,0.001826), Energy = -1.892330 
<M> = (0.848359,-0.027410), <E> = -1.889068 

T=0.440000	 Thermalizing iterations... 
Done.
Thermalized Magnetisation = (0.855058,0.019113), Energy = -1.894921 
Averaging iterations... h=0.125000,0.000000
Done.
Final: Magnetisation = (0.832099,0.081557), Energy = -1.895080 
<M> = (0.847978,-0.045584), <E> = -1.894854 

T=0.430000	 Thermalizing iterations... 
Done.
Thermalized Magnetisation = (0.858428,0.010676), Energy = -1.898851 
Averaging iterations... h=0.125000,0.000000
Done.
Final: Magnetisation = (0.869151,-0.009615), Energy = -1.900070 
<M> = (0.852355,-0.073861), <E> = -1.900747 

T=0.420000	 Thermalizing iterations... 
Done.
Thermalized Magnetisation = (0.854571,0.053808), Energy = -1.902516 
Averaging iterations... h=0.125000,0.000000
Done.
Final: Magnetisation = (0.857879,0.008828), Energy = -1.898259 
<M> = (0.856572,0.005373), <E> = -1.906566 

T=0.410000	 Thermalizing iterations... 
Done.
Thermalized Magnetisation = (0.848869,0.037050), Energy = -1.908118 
Averaging iterations... h=0.125000,0.000000
Done.
Final: Magnetisation = (0.867943,-0.030712), Energy = -1.911434 
<M> = (0.856027,0.025408), <E> = -1.912050 

T=0.400000	 Thermalizing iterations... 
Done.
Thermalized Magnetisation = (0.875084,-0.062638), Energy = -1.923032 
Averaging iterations... h=0.125000,0.000000
Done.
Final: Magnetisation = (0.852156,-0.038462), Energy = -1.917585 
<M> = (0.857919,-0.015271), <E> = -1.917389 

T=0.390000	 Thermalizing iterations... 
Done.
Thermalized Magnetisation = (0.875515,0.057221), Energy = -1.922296 
Averaging iterations... h=0.125000,0.000000
Done.
Final: Magnetisation = (0.875616,0.024962), Energy = -1.925495 
<M> = (0.861365,0.017673), <E> = -1.922885 

T=0.380000	 Thermalizing iterations... 
Done.
Thermalized Magnetisation = (0.868665,-0.038613), Energy = -1.931031 
Averaging iterations... h=0.125000,0.000000
Done.
Final: Magnetisation = (0.861333,0.094094), Energy = -1.932277 
<M> = (0.866279,0.020494), <E> = -1.928882 

T=0.370000	 Thermalizing iterations... 
Done.
Thermalized Magnetisation = (0.871752,0.014298), Energy = -1.940156 
Averaging iterations... h=0.125000,0.000000
Done.
Final: Magnetisation = (0.873555,0.053241), Energy = -1.940006 
<M> = (0.869354,0.028839), <E> = -1.934310 

T=0.360000	 Thermalizing iterations... 
Done.
Thermalized Magnetisation = (0.880780,-0.021090), Energy = -1.946846 
Averaging iterations... h=0.125000,0.000000
Done.
Final: Magnetisation = (0.877507,0.019132), Energy = -1.948604 
<M> = (0.869292,-0.023585), <E> = -1.939863 

T=0.350000	 Thermalizing iterations... 
Done.
Thermalized Magnetisation = (0.868604,-0.012584), Energy = -1.939407 
Averaging iterations... h=0.125000,0.000000
Done.
Final: Magnetisation = (0.866021,0.027585), Energy = -1.948055 
<M> = (0.872122,0.010295), <E> = -1.945463 

T=0.340000	 Thermalizing iterations... 
Done.
Thermalized Magnetisation = (0.867229,0.010890), Energy = -1.947260 
Averaging iterations... h=0.125000,0.000000
Done.
Final: Magnetisation = (0.857376,0.000270), Energy = -1.955387 
<M> = (0.875456,0.008642), <E> = -1.950979 

T=0.330000	 Thermalizing iterations... 
Done.
Thermalized Magnetisation = (0.865843,0.147051), Energy = -1.952667 
Averaging iterations... h=0.125000,0.000000
Done.
Final: Magnetisation = (0.884030,0.065835), Energy = -1.954273 
<M> = (0.875466,0.064746), <E> = -1.956195 

T=0.320000	 Thermalizing iterations... 
Done.
Thermalized Magnetisation = (0.857134,-0.060112), Energy = -1.949528 
Averaging iterations... h=0.125000,0.000000
Done.
Final: Magnetisation = (0.874753,0.004010), Energy = -1.956159 
<M> = (0.878851,0.035873), <E> = -1.961895 

T=0.310000	 Thermalizing iterations... 
Done.
Thermalized Magnetisation = (0.885079,-0.005585), Energy = -1.967706 
Averaging iterations... h=0.125000,0.000000
Done.
Final: Magnetisation = (0.875676,-0.003471), Energy = -1.966377 
<M> = (0.883426,0.015949), <E> = -1.967313 

T=0.300000	 Thermalizing iterations... 
Done.
Thermalized Magnetisation = (0.887587,-0.011973), Energy = -1.972971 
Averaging iterations... h=0.125000,0.000000
Done.
Final: Magnetisation = (0.901759,0.018419), Energy = -1.974359 
<M> = (0.884864,0.072494), <E> = -1.973018 

T=0.290000	 Thermalizing iterations... 
Done.
Thermalized Magnetisation = (0.872564,0.065269), Energy = -1.970652 
Averaging iterations... h=0.125000,0.000000
Done.
Final: Magnetisation = (0.890001,0.007786), Energy = -1.974048 
<M> = (0.886562,0.005104), <E> = -1.978334 

T=0.280000	 Thermalizing iterations... 
Done.
Thermalized Magnetisation = (0.888644,0.050642), Energy = -1.983123 
Averaging iterations... h=0.125000,0.000000
Done.
Final: Magnetisation = (0.902338,0.002301), Energy = -1.985534 
<M> = (0.890906,0.045156), <E> = -1.983595 

T=0.270000	 Thermalizing iterations... 
Done.
Thermalized Magnetisation = (0.884492,-0.016717), Energy = -1.990306 
Averaging iterations... h=0.125000,0.000000
Done.
Final: Magnetisation = (0.879517,0.039457), Energy = -1.989137 
<M> = (0.891591,0.045194), <E> = -1.989204 

T=0.260000	 Thermalizing iterations... 
Done.
Thermalized Magnetisation = (0.895510,0.067682), Energy = -1.986579 
Averaging iterations... h=0.125000,0.000000
Done.
Final: Magnetisation = (0.895281,0.028598), Energy = -1.996575 
<M> = (0.895722,0.013236), <E> = -1.994427 

T=0.250000	 Thermalizing iterations... 
Done.
Thermalized Magnetisation = (0.899266,0.078159), Energy = -1.999846 
Averaging iterations... h=0.125000,0.000000
Done.
Final: Magnetisation = (0.895114,0.030048), Energy = -1.998169 
<M> = (0.894549,0.047869), <E> = -1.999827 

T=0.240000	 Thermalizing iterations... 
Done.
Thermalized Magnetisation = (0.894958,0.015196), Energy = -2.005834 
Averaging iterations... h=0.125000,0.000000
Done.
Final: Magnetisation = (0.898898,-0.017990), Energy = -2.002374 
<M> = (0.899674,0.025805), <E> = -2.005055 

T=0.230000	 Thermalizing iterations... 
Done.
Thermalized Magnetisation = (0.899266,0.028089), Energy = -2.008656 
Averaging iterations... h=0.125000,0.000000
Done.
Final: Magnetisation = (0.905354,0.025693), Energy = -2.012260 
<M> = (0.903244,0.036701), <E> = -2.010540 

T=0.220000	 Thermalizing iterations... 
Done.
Thermalized Magnetisation = (0.907328,0.038302), Energy = -2.014401 
Averaging iterations... h=0.125000,0.000000
Done.
Final: Magnetisation = (0.900730,0.030443), Energy = -2.013015 
<M> = (0.904647,0.058494), <E> = -2.015739 

T=0.210000	 Thermalizing iterations... 
Done.
Thermalized Magnetisation = (0.901956,0.136609), Energy = -2.020950 
Averaging iterations... h=0.125000,0.000000
Done.
Final: Magnetisation = (0.903560,0.109839), Energy = -2.022340 
<M> = (0.906316,0.049889), <E> = -2.020974 

T=0.200000	 Thermalizing iterations... 
Done.
Thermalized Magnetisation = (0.906430,-0.002038), Energy = -2.025857 
Averaging iterations... h=0.125000,0.000000
Done.
Final: Magnetisation = (0.913493,0.001843), Energy = -2.028817 
<M> = (0.910769,0.017958), <E> = -2.026483 

T=0.190000	 Thermalizing iterations... 
Done.
Thermalized Magnetisation = (0.908341,0.064541), Energy = -2.031030 
Averaging iterations... h=0.125000,0.000000
Done.
Final: Magnetisation = (0.912353,0.082035), Energy = -2.030323 
<M> = (0.909660,0.071180), <E> = -2.031756 

T=0.180000	 Thermalizing iterations... 
Done.
Thermalized Magnetisation = (0.912804,0.081529), Energy = -2.038540 
Averaging iterations... h=0.125000,0.000000
Done.
Final: Magnetisation = (0.920632,0.039724), Energy = -2.038993 
<M> = (0.915192,0.061837), <E> = -2.036897 

T=0.170000	 Thermalizing iterations... 
Done.
Thermalized Magnetisation = (0.913896,0.072549), Energy = -2.038836 
Averaging iterations... h=0.125000,0.000000
Done.
Final: Magnetisation = (0.913464,0.043190), Energy = -2.041625 
<M> = (0.916089,0.052942), <E> = -2.042112 

T=0.160000	 Thermalizing iterations... 
Done.
Thermalized Magnetisation = (0.921546,-0.031171), Energy = -2.047612 
Averaging iterations... h=0.125000,0.000000
Done.
Final: Magnetisation = (0.911758,0.086032), Energy = -2.045597 
<M> = (0.920600,0.008114), <E> = -2.047360 

T=0.150000	 Thermalizing iterations... 
Done.
Thermalized Magnetisation = (0.911476,0.081689), Energy = -2.049703 
Averaging iterations... h=0.125000,0.000000
Done.
Final: Magnetisation = (0.922266,-0.019188), Energy = -2.056797 
<M> = (0.923741,0.018365), <E> = -2.052441 

T=0.140000	 Thermalizing iterations... 
Done.
Thermalized Magnetisation = (0.924411,-0.021231), Energy = -2.059522 
Averaging iterations... h=0.125000,0.000000
Done.
Final: Magnetisation = (0.931371,0.034584), Energy = -2.059844 
<M> = (0.923229,0.015350), <E> = -2.057671 

T=0.130000	 Thermalizing iterations... 
Done.
Thermalized Magnetisation = (0.926105,0.014982), Energy = -2.064665 
Averaging iterations... h=0.125000,0.000000
Done.
Final: Magnetisation = (0.920871,-0.001707), Energy = -2.065604 
<M> = (0.926091,0.002778), <E> = -2.062777 

T=0.120000	 Thermalizing iterations... 
Done.
Thermalized Magnetisation = (0.924962,0.025270), Energy = -2.066621 
Averaging iterations... h=0.125000,0.000000
Done.
Final: Magnetisation = (0.936645,0.039354), Energy = -2.069068 
<M> = (0.929527,0.017944), <E> = -2.068012 

T=0.110000	 Thermalizing iterations... 
Done.
Thermalized Magnetisation = (0.931664,-0.006894), Energy = -2.072096 
Averaging iterations... h=0.125000,0.000000
Done.
Final: Magnetisation = (0.937395,0.022259), Energy = -2.074426 
<M> = (0.932161,-0.014119), <E> = -2.073162 

T=0.100000	 Thermalizing iterations... 
Done.
Thermalized Magnetisation = (0.936420,0.033790), Energy = -2.077180 
Averaging iterations... h=0.125000,0.000000
Done.
Final: Magnetisation = (0.931948,0.004759), Energy = -2.079231 
<M> = (0.932800,0.040192), <E> = -2.078342 

T=0.090000	 Thermalizing iterations... 
Done.
Thermalized Magnetisation = (0.935149,0.070785), Energy = -2.084872 
Averaging iterations... h=0.125000,0.000000
Done.
Final: Magnetisation = (0.936230,0.040570), Energy = -2.084065 
<M> = (0.935539,0.034858), <E> = -2.083449 

T=0.080000	 Thermalizing iterations... 
Done.
Thermalized Magnetisation = (0.939363,0.052838), Energy = -2.089063 
Averaging iterations... h=0.125000,0.000000
Done.
Final: Magnetisation = (0.941722,0.032830), Energy = -2.090266 
<M> = (0.937371,0.053462), <E> = -2.088492 

T=0.070000	 Thermalizing iterations... 
Done.
Thermalized Magnetisation = (0.943286,0.024689), Energy = -2.094379 
Averaging iterations... h=0.125000,0.000000
Done.
Final: Magnetisation = (0.941427,0.019819), Energy = -2.093298 
<M> = (0.939518,0.011522), <E> = -2.093596 

T=0.060000	 Thermalizing iterations... 
Done.
Thermalized Magnetisation = (0.943496,0.055320), Energy = -2.098129 
Averaging iterations... h=0.125000,0.000000
Done.
Final: Magnetisation = (0.946922,0.047831), Energy = -2.098528 
<M> = (0.940655,0.036334), <E> = -2.098670 

T=0.050000	 Thermalizing iterations... 
Done.
Thermalized Magnetisation = (0.943765,0.014326), Energy = -2.103694 
Averaging iterations... h=0.125000,0.000000
Done.
Final: Magnetisation = (0.942736,0.033220), Energy = -2.104182 
<M> = (0.941241,0.052449), <E> = -2.103723 

T=0.040000	 Thermalizing iterations... 
Done.
Thermalized Magnetisation = (0.944444,0.071678), Energy = -2.109084 
Averaging iterations... h=0.125000,0.000000
Done.
Final: Magnetisation = (0.942557,0.061764), Energy = -2.108830 
<M> = (0.943421,0.064492), <E> = -2.108857 

T=0.030000	 Thermalizing iterations... 
Done.
Thermalized Magnetisation = (0.944587,0.079022), Energy = -2.113172 
Averaging iterations... h=0.125000,0.000000
Done.
Final: Magnetisation = (0.944851,0.060342), Energy = -2.113994 
<M> = (0.946384,0.062899), <E> = -2.113894 

T=0.020000	 Thermalizing iterations... 
Done.
Thermalized Magnetisation = (0.945310,0.047117), Energy = -2.118798 
Averaging iterations... h=0.125000,0.000000
Done.
Final: Magnetisation = (0.952097,0.041949), Energy = -2.118979 
<M> = (0.948503,0.040018), <E> = -2.118890 

T=0.010000	 Thermalizing iterations... 
Done.
Thermalized Magnetisation = (0.950523,0.040806), Energy = -2.123878 
Averaging iterations... h=0.125000,0.000000
Done.
Final: Magnetisation = (0.949910,0.051439), Energy = -2.123915 
<M> = (0.950136,0.052685), <E> = -2.123883 
Final Magnetisation = (0.949910,0.051439), Energy = -2.123915 
------------------------

Updating all (first)black/(then)white checkerboard sites simultaneously.. 

ztne RFXY h rotating with |h|=0.125000 at T=0.000000..
loop 1

loop 2

CPU  Start Time = 3827268.719694 

CPU  End Time = 3835739.749379 

CPU Time elapsed total = 8471.029685 

real	141m11.041s
user	2386m31.772s
sys	1m10.648s
