nearest neighbor initialized. 
J loaded. 
h loaded. 
L = 64, dim_L = 2, dim_S = 2
hysteresis_MCS_multiplier = 10, hysteresis_MCS_max = 100
RAND_MAX = 2147483647.000000,
 sizeof(int) = 4,
 sizeof(long) = 8,
 sizeof(double) = 8,
 sizeof(long int) = 8,
 sizeof(short int) = 2,
 sizeof(unsigned int) = 4,
 sizeof(RAND_MAX) = 4

OpenMP Active.

No. of THREADS = 24
No. of PROCESSORS = 24

0.095491,-0.022556
order = ({1.000000-->-1.000000,0.000000}, 0, 1)
Initial Magnetisation = (0.095491,-0.022556), Energy = -0.083311 
Cooling... 
T=2.000000	 Thermalizing iterations... 
Done.
Thermalized Magnetisation = (-0.016059,0.088073), Energy = -0.566125 
Averaging iterations... h=0.062500,0.000000
Done.
Final: Magnetisation = (0.097888,0.028270), Energy = -0.737471 
<M> = (0.055064,0.002359), <E> = -0.629608 

T=1.950000	 Thermalizing iterations... 
Done.
Thermalized Magnetisation = (0.099086,-0.068956), Energy = -0.643688 
Averaging iterations... h=0.062500,0.000000
Done.
Final: Magnetisation = (0.094613,-0.059221), Energy = -0.592732 
<M> = (0.056484,0.000052), <E> = -0.649040 

T=1.900000	 Thermalizing iterations... 
Done.
Thermalized Magnetisation = (0.214611,0.053217), Energy = -0.665293 
Averaging iterations... h=0.062500,0.000000
Done.
Final: Magnetisation = (0.168886,-0.099954), Energy = -0.692997 
<M> = (0.062658,-0.000527), <E> = -0.671058 

T=1.850000	 Thermalizing iterations... 
Done.
Thermalized Magnetisation = (0.107456,-0.067796), Energy = -0.684523 
Averaging iterations... h=0.062500,0.000000
Done.
Final: Magnetisation = (0.035937,-0.142136), Energy = -0.668393 
<M> = (0.066903,0.000455), <E> = -0.692755 

T=1.800000	 Thermalizing iterations... 
Done.
Thermalized Magnetisation = (0.137189,-0.000379), Energy = -0.749518 
Averaging iterations... h=0.062500,0.000000
Done.
Final: Magnetisation = (-0.053667,0.022485), Energy = -0.685355 
<M> = (0.071567,-0.000526), <E> = -0.716373 

T=1.750000	 Thermalizing iterations... 
Done.
Thermalized Magnetisation = (0.102869,0.024931), Energy = -0.720501 
Averaging iterations... h=0.062500,0.000000
Done.
Final: Magnetisation = (-0.014526,-0.005308), Energy = -0.640995 
<M> = (0.077979,0.000472), <E> = -0.739977 

T=1.700000	 Thermalizing iterations... 
Done.
Thermalized Magnetisation = (0.230049,0.086901), Energy = -0.841668 
Averaging iterations... h=0.062500,0.000000
Done.
Final: Magnetisation = (-0.002411,0.062468), Energy = -0.758983 
<M> = (0.085154,0.001841), <E> = -0.767273 

T=1.650000	 Thermalizing iterations... 
Done.
Thermalized Magnetisation = (0.128892,-0.029922), Energy = -0.794602 
Averaging iterations... h=0.062500,0.000000
Done.
Final: Magnetisation = (-0.018077,0.039706), Energy = -0.811167 
<M> = (0.093237,-0.000721), <E> = -0.798165 

T=1.600000	 Thermalizing iterations... 
Done.
Thermalized Magnetisation = (0.081972,-0.016153), Energy = -0.879366 
Averaging iterations... h=0.062500,0.000000
Done.
Final: Magnetisation = (0.125449,-0.095273), Energy = -0.813323 
<M> = (0.100816,0.000976), <E> = -0.828454 

T=1.550000	 Thermalizing iterations... 
Done.
Thermalized Magnetisation = (0.028755,-0.080797), Energy = -0.839134 
Averaging iterations... h=0.062500,0.000000
Done.
Final: Magnetisation = (0.053096,-0.075438), Energy = -0.745308 
<M> = (0.114691,0.000570), <E> = -0.861505 

T=1.500000	 Thermalizing iterations... 
Done.
Thermalized Magnetisation = (0.009319,-0.021161), Energy = -0.848922 
Averaging iterations... h=0.062500,0.000000
Done.
Final: Magnetisation = (0.217999,0.000429), Energy = -0.850587 
<M> = (0.126688,-0.000164), <E> = -0.896259 

T=1.450000	 Thermalizing iterations... 
Done.
Thermalized Magnetisation = (0.310261,0.013620), Energy = -0.931977 
Averaging iterations... h=0.062500,0.000000
Done.
Final: Magnetisation = (0.114371,-0.033634), Energy = -0.881856 
<M> = (0.139195,0.001515), <E> = -0.934952 

T=1.400000	 Thermalizing iterations... 
Done.
Thermalized Magnetisation = (0.098244,-0.154231), Energy = -1.031808 
Averaging iterations... h=0.062500,0.000000
Done.
Final: Magnetisation = (0.158009,0.128104), Energy = -1.015505 
<M> = (0.157358,0.006214), <E> = -0.978007 

T=1.350000	 Thermalizing iterations... 
Done.
Thermalized Magnetisation = (0.116544,0.020285), Energy = -0.957289 
Averaging iterations... h=0.062500,0.000000
Done.
Final: Magnetisation = (0.204371,-0.009143), Energy = -1.034478 
<M> = (0.174620,-0.001229), <E> = -1.021446 

T=1.300000	 Thermalizing iterations... 
Done.
Thermalized Magnetisation = (0.267243,-0.192150), Energy = -1.117041 
Averaging iterations... h=0.062500,0.000000
Done.
Final: Magnetisation = (0.233901,0.106797), Energy = -0.997034 
<M> = (0.200613,-0.001354), <E> = -1.069324 

T=1.250000	 Thermalizing iterations... 
Done.
Thermalized Magnetisation = (0.238197,0.173835), Energy = -1.129066 
Averaging iterations... h=0.062500,0.000000
Done.
Final: Magnetisation = (0.177608,0.076064), Energy = -1.153466 
<M> = (0.229785,-0.000108), <E> = -1.119570 

T=1.200000	 Thermalizing iterations... 
Done.
Thermalized Magnetisation = (0.284215,-0.027433), Energy = -1.222333 
Averaging iterations... h=0.062500,0.000000
Done.
Final: Magnetisation = (0.279527,-0.195824), Energy = -1.230546 
<M> = (0.255487,0.002463), <E> = -1.171918 

T=1.150000	 Thermalizing iterations... 
Done.
Thermalized Magnetisation = (0.340859,-0.241420), Energy = -1.288883 
Averaging iterations... h=0.062500,0.000000
Done.
Final: Magnetisation = (0.300433,-0.118202), Energy = -1.168177 
<M> = (0.288476,0.008998), <E> = -1.228597 

T=1.100000	 Thermalizing iterations... 
Done.
Thermalized Magnetisation = (0.399739,-0.081948), Energy = -1.290334 
Averaging iterations... h=0.062500,0.000000
Done.
Final: Magnetisation = (0.346527,0.089973), Energy = -1.214615 
<M> = (0.320949,0.008749), <E> = -1.283818 

T=1.050000	 Thermalizing iterations... 
Done.
Thermalized Magnetisation = (0.352817,-0.029466), Energy = -1.363147 
Averaging iterations... h=0.062500,0.000000
Done.
Final: Magnetisation = (0.308580,-0.148063), Energy = -1.321644 
<M> = (0.356575,0.011114), <E> = -1.341244 

T=1.000000	 Thermalizing iterations... 
Done.
Thermalized Magnetisation = (0.311608,-0.110381), Energy = -1.460580 
Averaging iterations... h=0.062500,0.000000
Done.
Final: Magnetisation = (0.415912,-0.143335), Energy = -1.419422 
<M> = (0.400677,0.027512), <E> = -1.397220 

T=0.950000	 Thermalizing iterations... 
Done.
Thermalized Magnetisation = (0.415746,-0.069457), Energy = -1.467965 
Averaging iterations... h=0.062500,0.000000
Done.
Final: Magnetisation = (0.517585,0.055893), Energy = -1.514690 
<M> = (0.433609,0.035057), <E> = -1.451405 

T=0.900000	 Thermalizing iterations... 
Done.
Thermalized Magnetisation = (0.470134,0.376134), Energy = -1.523083 
Averaging iterations... h=0.062500,0.000000
Done.
Final: Magnetisation = (0.387721,-0.384931), Energy = -1.507334 
<M> = (0.456462,0.065986), <E> = -1.504389 

T=0.850000	 Thermalizing iterations... 
Done.
Thermalized Magnetisation = (0.529075,0.051534), Energy = -1.534404 
Averaging iterations... h=0.062500,0.000000
Done.
Final: Magnetisation = (0.509395,-0.282336), Energy = -1.564766 
<M> = (0.479667,0.027668), <E> = -1.551742 

T=0.800000	 Thermalizing iterations... 
Done.
Thermalized Magnetisation = (0.436775,-0.493206), Energy = -1.613129 
Averaging iterations... h=0.062500,0.000000
Done.
Final: Magnetisation = (0.537231,0.146065), Energy = -1.516990 
<M> = (0.496028,0.112409), <E> = -1.596223 

T=0.750000	 Thermalizing iterations... 
Done.
Thermalized Magnetisation = (0.474659,0.342098), Energy = -1.624392 
Averaging iterations... h=0.062500,0.000000
Done.
Final: Magnetisation = (0.493394,0.201994), Energy = -1.623385 
<M> = (0.527121,-0.120908), <E> = -1.635432 

T=0.700000	 Thermalizing iterations... 
Done.
Thermalized Magnetisation = (0.528910,-0.379556), Energy = -1.689614 
Averaging iterations... h=0.062500,0.000000
Done.
Final: Magnetisation = (0.496555,-0.542370), Energy = -1.663822 
<M> = (0.511628,-0.365487), <E> = -1.674975 

T=0.650000	 Thermalizing iterations... 
Done.
Thermalized Magnetisation = (0.503728,0.540261), Energy = -1.686527 
Averaging iterations... h=0.062500,0.000000
Done.
Final: Magnetisation = (0.561780,0.297257), Energy = -1.686215 
<M> = (0.503611,0.431224), <E> = -1.710449 

T=0.600000	 Thermalizing iterations... 
Done.
Thermalized Magnetisation = (0.500733,0.462390), Energy = -1.729179 
Averaging iterations... h=0.062500,0.000000
Done.
Final: Magnetisation = (0.461214,0.540838), Energy = -1.752041 
<M> = (0.497085,0.500625), <E> = -1.744749 

T=0.550000	 Thermalizing iterations... 
Done.
Thermalized Magnetisation = (0.448592,0.566659), Energy = -1.766318 
Averaging iterations... h=0.062500,0.000000
Done.
Final: Magnetisation = (0.488434,0.339646), Energy = -1.774477 
<M> = (0.509246,0.491895), <E> = -1.775381 

T=0.500000	 Thermalizing iterations... 
Done.
Thermalized Magnetisation = (0.529289,0.572166), Energy = -1.827364 
Averaging iterations... h=0.062500,0.000000
Done.
Final: Magnetisation = (0.522446,0.527864), Energy = -1.807908 
<M> = (0.513002,0.526217), <E> = -1.806123 

T=0.450000	 Thermalizing iterations... 
Done.
Thermalized Magnetisation = (0.542876,0.591827), Energy = -1.836603 
Averaging iterations... h=0.062500,0.000000
Done.
Final: Magnetisation = (0.460369,0.613929), Energy = -1.846561 
<M> = (0.503968,0.575183), <E> = -1.835685 

T=0.400000	 Thermalizing iterations... 
Done.
Thermalized Magnetisation = (0.570025,0.509306), Energy = -1.856050 
Averaging iterations... h=0.062500,0.000000
Done.
Final: Magnetisation = (0.530924,0.563740), Energy = -1.858657 
<M> = (0.504549,0.598695), <E> = -1.864475 

T=0.350000	 Thermalizing iterations... 
Done.
Thermalized Magnetisation = (0.470203,0.658535), Energy = -1.897086 
Averaging iterations... h=0.062500,0.000000
Done.
Final: Magnetisation = (0.575289,0.599042), Energy = -1.894549 
<M> = (0.507098,0.617597), <E> = -1.892935 

T=0.300000	 Thermalizing iterations... 
Done.
Thermalized Magnetisation = (0.585585,0.566307), Energy = -1.922622 
Averaging iterations... h=0.062500,0.000000
Done.
Final: Magnetisation = (0.504681,0.632753), Energy = -1.911655 
<M> = (0.505757,0.637752), <E> = -1.920547 

T=0.250000	 Thermalizing iterations... 
Done.
Thermalized Magnetisation = (0.516283,0.638521), Energy = -1.950990 
Averaging iterations... h=0.062500,0.000000
Done.
Final: Magnetisation = (0.474275,0.696380), Energy = -1.948827 
<M> = (0.514246,0.648789), <E> = -1.947584 

T=0.200000	 Thermalizing iterations... 
Done.
Thermalized Magnetisation = (0.502308,0.661062), Energy = -1.973523 
Averaging iterations... h=0.062500,0.000000
Done.
Final: Magnetisation = (0.524985,0.654963), Energy = -1.974416 
<M> = (0.515717,0.670808), <E> = -1.974326 

T=0.150000	 Thermalizing iterations... 
Done.
Thermalized Magnetisation = (0.493266,0.712005), Energy = -1.996971 
Averaging iterations... h=0.062500,0.000000
Done.
Final: Magnetisation = (0.477375,0.684639), Energy = -2.003578 
<M> = (0.514417,0.688240), <E> = -2.000498 

T=0.100000	 Thermalizing iterations... 
Done.
Thermalized Magnetisation = (0.551331,0.683955), Energy = -2.030181 
Averaging iterations... h=0.062500,0.000000
Done.
Final: Magnetisation = (0.503104,0.727200), Energy = -2.026975 
<M> = (0.517213,0.703195), <E> = -2.026520 

T=0.050000	 Thermalizing iterations... 
Done.
Thermalized Magnetisation = (0.514418,0.725350), Energy = -2.051849 
Averaging iterations... h=0.062500,0.000000
Done.
Final: Magnetisation = (0.513076,0.728360), Energy = -2.052074 
<M> = (0.519674,0.717804), <E> = -2.051970 
Final Magnetisation = (0.513076,0.728360), Energy = -2.052074 
------------------------

Updating all (first)black/(then)white checkerboard sites simultaneously.. 

ztne RFXY h rotating with |h|=0.062500 at T=0.000000..
loop 1

loop 2

Cooling protocol time (from T=2.000000 to T=0.000000) = 598.583097 

CPU Time elapsed total = 598.605878 
All done - 599 seconds elapsed.
