nearest neighbor initialized. 
J loaded. 
h loaded. 
L = 32, dim_L = 2, dim_S = 2
hysteresis_MCS_multiplier = 10, hysteresis_MCS_max = 100
RAND_MAX = 2147483647.000000,
 sizeof(int) = 4,
 sizeof(long) = 8,
 sizeof(double) = 8,
 sizeof(long int) = 8,
 sizeof(short int) = 2,
 sizeof(unsigned int) = 4,
 sizeof(RAND_MAX) = 4

OpenMP Active.

No. of THREADS = 24
No. of PROCESSORS = 24

0.133472,0.081192
order = ({1.000000-->-1.000000,0.000000}, 0, 1)
Initial Magnetisation = (0.133472,0.081192), Energy = -0.038965 
Cooling... 
T=2.000000	 Thermalizing iterations... 
Done.
Thermalized Magnetisation = (0.006761,-0.217303), Energy = -0.524919 
Averaging iterations... h=0.071429,0.000000
Done.
Final: Magnetisation = (-0.082395,0.137455), Energy = -0.827828 
<M> = (0.062437,0.003777), <E> = -0.749364 

T=1.950000	 Thermalizing iterations... 
Done.
Thermalized Magnetisation = (-0.075774,0.293431), Energy = -0.748527 
Averaging iterations... h=0.071429,0.000000
Done.
Final: Magnetisation = (0.089484,-0.025229), Energy = -0.712295 
<M> = (0.061342,0.004012), <E> = -0.772726 

T=1.900000	 Thermalizing iterations... 
Done.
Thermalized Magnetisation = (0.153848,0.129727), Energy = -0.756551 
Averaging iterations... h=0.071429,0.000000
Done.
Final: Magnetisation = (0.047428,-0.068544), Energy = -0.675089 
<M> = (0.065242,0.006973), <E> = -0.787298 

T=1.850000	 Thermalizing iterations... 
Done.
Thermalized Magnetisation = (0.042669,0.201089), Energy = -0.992374 
Averaging iterations... h=0.071429,0.000000
Done.
Final: Magnetisation = (-0.015365,-0.145763), Energy = -0.780277 
<M> = (0.073216,0.004069), <E> = -0.808411 

T=1.800000	 Thermalizing iterations... 
Done.
Thermalized Magnetisation = (0.004022,-0.185171), Energy = -0.703815 
Averaging iterations... h=0.071429,0.000000
Done.
Final: Magnetisation = (0.265282,-0.071075), Energy = -1.076495 
<M> = (0.079473,0.002103), <E> = -0.829425 

T=1.750000	 Thermalizing iterations... 
Done.
Thermalized Magnetisation = (-0.043072,-0.088429), Energy = -0.662752 
Averaging iterations... h=0.071429,0.000000
Done.
Final: Magnetisation = (0.023447,0.238428), Energy = -0.757897 
<M> = (0.083145,0.004665), <E> = -0.856368 

T=1.700000	 Thermalizing iterations... 
Done.
Thermalized Magnetisation = (0.212818,0.114490), Energy = -0.967703 
Averaging iterations... h=0.071429,0.000000
Done.
Final: Magnetisation = (0.136980,-0.078161), Energy = -0.966298 
<M> = (0.091068,-0.001815), <E> = -0.881332 

T=1.650000	 Thermalizing iterations... 
Done.
Thermalized Magnetisation = (0.136692,0.034768), Energy = -0.887694 
Averaging iterations... h=0.071429,0.000000
Done.
Final: Magnetisation = (0.303052,0.393011), Energy = -1.094501 
<M> = (0.095033,-0.000045), <E> = -0.898440 

T=1.600000	 Thermalizing iterations... 
Done.
Thermalized Magnetisation = (0.082575,-0.108589), Energy = -0.862783 
Averaging iterations... h=0.071429,0.000000
Done.
Final: Magnetisation = (0.066530,-0.182202), Energy = -0.897609 
<M> = (0.105745,0.000231), <E> = -0.932978 

T=1.550000	 Thermalizing iterations... 
Done.
Thermalized Magnetisation = (-0.069209,0.110481), Energy = -0.910841 
Averaging iterations... h=0.071429,0.000000
Done.
Final: Magnetisation = (0.120292,0.264637), Energy = -1.095619 
<M> = (0.115276,0.002100), <E> = -0.960081 

T=1.500000	 Thermalizing iterations... 
Done.
Thermalized Magnetisation = (0.266321,0.052407), Energy = -0.963314 
Averaging iterations... h=0.071429,0.000000
Done.
Final: Magnetisation = (0.259982,0.000830), Energy = -1.148357 
<M> = (0.132188,0.003616), <E> = -0.986982 

T=1.450000	 Thermalizing iterations... 
Done.
Thermalized Magnetisation = (0.397735,-0.105030), Energy = -1.199160 
Averaging iterations... h=0.071429,0.000000
Done.
Final: Magnetisation = (0.315152,0.111560), Energy = -1.272056 
<M> = (0.141796,-0.001066), <E> = -1.018967 

T=1.400000	 Thermalizing iterations... 
Done.
Thermalized Magnetisation = (0.065694,-0.282408), Energy = -1.116830 
Averaging iterations... h=0.071429,0.000000
Done.
Final: Magnetisation = (0.140231,0.039086), Energy = -1.125356 
<M> = (0.157007,0.007846), <E> = -1.055939 

T=1.350000	 Thermalizing iterations... 
Done.
Thermalized Magnetisation = (0.271657,-0.163349), Energy = -1.092028 
Averaging iterations... h=0.071429,0.000000
Done.
Final: Magnetisation = (0.068351,-0.208221), Energy = -1.185335 
<M> = (0.176057,-0.001749), <E> = -1.095053 

T=1.300000	 Thermalizing iterations... 
Done.
Thermalized Magnetisation = (0.100713,-0.183298), Energy = -1.148299 
Averaging iterations... h=0.071429,0.000000
Done.
Final: Magnetisation = (0.351118,0.049503), Energy = -1.029265 
<M> = (0.183315,0.004532), <E> = -1.128878 

T=1.250000	 Thermalizing iterations... 
Done.
Thermalized Magnetisation = (0.131409,0.375832), Energy = -1.221827 
Averaging iterations... h=0.071429,0.000000
Done.
Final: Magnetisation = (0.108574,0.039335), Energy = -1.113685 
<M> = (0.222010,-0.001457), <E> = -1.171320 

T=1.200000	 Thermalizing iterations... 
Done.
Thermalized Magnetisation = (0.406926,0.276956), Energy = -1.345496 
Averaging iterations... h=0.071429,0.000000
Done.
Final: Magnetisation = (0.146118,0.339275), Energy = -1.116302 
<M> = (0.238878,0.004105), <E> = -1.209595 

T=1.150000	 Thermalizing iterations... 
Done.
Thermalized Magnetisation = (0.242897,0.134487), Energy = -1.173617 
Averaging iterations... h=0.071429,0.000000
Done.
Final: Magnetisation = (0.081526,-0.038158), Energy = -1.230181 
<M> = (0.288523,-0.001116), <E> = -1.258991 

T=1.100000	 Thermalizing iterations... 
Done.
Thermalized Magnetisation = (0.310030,0.255578), Energy = -1.212335 
Averaging iterations... h=0.071429,0.000000
Done.
Final: Magnetisation = (0.304953,-0.239216), Energy = -1.295031 
<M> = (0.325179,-0.001206), <E> = -1.308151 

T=1.050000	 Thermalizing iterations... 
Done.
Thermalized Magnetisation = (0.351178,-0.086033), Energy = -1.338208 
Averaging iterations... h=0.071429,0.000000
Done.
Final: Magnetisation = (0.110948,-0.000577), Energy = -1.282828 
<M> = (0.355802,0.003763), <E> = -1.357530 

T=1.000000	 Thermalizing iterations... 
Done.
Thermalized Magnetisation = (0.499188,-0.212004), Energy = -1.487692 
Averaging iterations... h=0.071429,0.000000
Done.
Final: Magnetisation = (0.309992,-0.264048), Energy = -1.400567 
<M> = (0.378552,-0.000680), <E> = -1.401835 

T=0.950000	 Thermalizing iterations... 
Done.
Thermalized Magnetisation = (0.174596,0.031160), Energy = -1.355010 
Averaging iterations... h=0.071429,0.000000
Done.
Final: Magnetisation = (0.341350,0.096731), Energy = -1.466747 
<M> = (0.427171,-0.006206), <E> = -1.456983 

T=0.900000	 Thermalizing iterations... 
Done.
Thermalized Magnetisation = (0.273273,0.480890), Energy = -1.552685 
Averaging iterations... h=0.071429,0.000000
Done.
Final: Magnetisation = (0.699278,0.036441), Energy = -1.561854 
<M> = (0.482680,0.013818), <E> = -1.507427 

T=0.850000	 Thermalizing iterations... 
Done.
Thermalized Magnetisation = (0.652744,0.015117), Energy = -1.573326 
Averaging iterations... h=0.071429,0.000000
Done.
Final: Magnetisation = (0.652676,-0.047066), Energy = -1.589962 
<M> = (0.528428,0.010971), <E> = -1.553240 

T=0.800000	 Thermalizing iterations... 
Done.
Thermalized Magnetisation = (0.514178,0.348213), Energy = -1.610580 
Averaging iterations... h=0.071429,0.000000
Done.
Final: Magnetisation = (0.605629,0.193688), Energy = -1.696069 
<M> = (0.562222,0.054301), <E> = -1.600202 

T=0.750000	 Thermalizing iterations... 
Done.
Thermalized Magnetisation = (0.622157,0.249305), Energy = -1.571694 
Averaging iterations... h=0.071429,0.000000
Done.
Final: Magnetisation = (0.631627,-0.126069), Energy = -1.645484 
<M> = (0.590470,0.028031), <E> = -1.640039 

T=0.700000	 Thermalizing iterations... 
Done.
Thermalized Magnetisation = (0.714690,0.132577), Energy = -1.725937 
Averaging iterations... h=0.071429,0.000000
Done.
Final: Magnetisation = (0.625478,-0.097346), Energy = -1.674551 
<M> = (0.613095,0.042509), <E> = -1.676569 

T=0.650000	 Thermalizing iterations... 
Done.
Thermalized Magnetisation = (0.604687,-0.471010), Energy = -1.690671 
Averaging iterations... h=0.071429,0.000000
Done.
Final: Magnetisation = (0.748888,-0.113052), Energy = -1.712345 
<M> = (0.649384,-0.109230), <E> = -1.715334 

T=0.600000	 Thermalizing iterations... 
Done.
Thermalized Magnetisation = (0.497907,0.320798), Energy = -1.707332 
Averaging iterations... h=0.071429,0.000000
Done.
Final: Magnetisation = (0.756174,-0.364643), Energy = -1.793272 
<M> = (0.670126,-0.060772), <E> = -1.749113 

T=0.550000	 Thermalizing iterations... 
Done.
Thermalized Magnetisation = (0.814772,0.020927), Energy = -1.741404 
Averaging iterations... h=0.071429,0.000000
Done.
Final: Magnetisation = (0.813304,-0.060092), Energy = -1.790454 
<M> = (0.709259,0.133819), <E> = -1.779231 

T=0.500000	 Thermalizing iterations... 
Done.
Thermalized Magnetisation = (0.699247,-0.228989), Energy = -1.791060 
Averaging iterations... h=0.071429,0.000000
Done.
Final: Magnetisation = (0.776303,-0.198110), Energy = -1.815812 
<M> = (0.706964,-0.126017), <E> = -1.808563 

T=0.450000	 Thermalizing iterations... 
Done.
Thermalized Magnetisation = (0.625541,0.527283), Energy = -1.837855 
Averaging iterations... h=0.071429,0.000000
Done.
Final: Magnetisation = (0.632647,-0.299772), Energy = -1.847908 
<M> = (0.740600,-0.121443), <E> = -1.837790 

T=0.400000	 Thermalizing iterations... 
Done.
Thermalized Magnetisation = (0.765915,0.421781), Energy = -1.902388 
Averaging iterations... h=0.071429,0.000000
Done.
Final: Magnetisation = (0.680124,-0.441792), Energy = -1.833086 
<M> = (0.745431,-0.212967), <E> = -1.867919 

T=0.350000	 Thermalizing iterations... 
Done.
Thermalized Magnetisation = (0.817950,0.141624), Energy = -1.887247 
Averaging iterations... h=0.071429,0.000000
Done.
Final: Magnetisation = (0.768535,0.436441), Energy = -1.894517 
<M> = (0.775590,0.179243), <E> = -1.894829 

T=0.300000	 Thermalizing iterations... 
Done.
Thermalized Magnetisation = (0.644057,0.566178), Energy = -1.934819 
Averaging iterations... h=0.071429,0.000000
Done.
Final: Magnetisation = (0.695819,0.465218), Energy = -1.904877 
<M> = (0.743601,0.116107), <E> = -1.922174 

T=0.250000	 Thermalizing iterations... 
Done.
Thermalized Magnetisation = (0.835143,0.247876), Energy = -1.944980 
Averaging iterations... h=0.071429,0.000000
Done.
Final: Magnetisation = (0.806986,0.165818), Energy = -1.955639 
<M> = (0.792190,0.271766), <E> = -1.949222 

T=0.200000	 Thermalizing iterations... 
Done.
Thermalized Magnetisation = (0.761868,0.436563), Energy = -1.967092 
Averaging iterations... h=0.071429,0.000000
Done.
Final: Magnetisation = (0.804838,0.375862), Energy = -1.975765 
<M> = (0.780553,0.375142), <E> = -1.976242 

T=0.150000	 Thermalizing iterations... 
Done.
Thermalized Magnetisation = (0.728894,0.592253), Energy = -2.007745 
Averaging iterations... h=0.071429,0.000000
Done.
Final: Magnetisation = (0.835991,0.241703), Energy = -2.001542 
<M> = (0.846271,0.166355), <E> = -2.001308 

T=0.100000	 Thermalizing iterations... 
Done.
Thermalized Magnetisation = (0.826790,0.430651), Energy = -2.028141 
Averaging iterations... h=0.071429,0.000000
Done.
Final: Magnetisation = (0.731346,0.571709), Energy = -2.032916 
<M> = (0.758191,0.520802), <E> = -2.028698 

T=0.050000	 Thermalizing iterations... 
Done.
Thermalized Magnetisation = (0.757280,0.529035), Energy = -2.055178 
Averaging iterations... h=0.071429,0.000000
Done.
Final: Magnetisation = (0.743306,0.569362), Energy = -2.054415 
<M> = (0.768327,0.532930), <E> = -2.054123 
Final Magnetisation = (0.743306,0.569362), Energy = -2.054415 
------------------------

Updating all (first)black/(then)white checkerboard sites simultaneously.. 

ztne RFXY h rotating with |h|=0.071429 at T=0.000000..
loop 1

loop 2

Cooling protocol time (from T=2.000000 to T=0.000000) = 193.356091 

CPU Time elapsed total = 193.387048 
All done - 193 seconds elapsed.
