nearest neighbor initialized. 
J loaded. 
h loaded. 
L = 32, dim_L = 2, dim_S = 2
hysteresis_MCS_multiplier = 10, hysteresis_MCS_max = 100
RAND_MAX = 2147483647.000000,
 sizeof(int) = 4,
 sizeof(long) = 8,
 sizeof(double) = 8,
 sizeof(long int) = 8,
 sizeof(short int) = 2,
 sizeof(unsigned int) = 4,
 sizeof(RAND_MAX) = 4

OpenMP Active.

No. of THREADS = 24
No. of PROCESSORS = 24

0.135821,0.077641
order = ({1.000000-->-1.000000,0.000000}, 0, 1)
Initial Magnetisation = (0.135821,0.077641), Energy = -0.017607 
Cooling... 
T=2.000000	 Thermalizing iterations... 
Done.
Thermalized Magnetisation = (0.016276,-0.255055), Energy = -0.581863 
Averaging iterations... h=0.062500,0.000000
Done.
Final: Magnetisation = (0.116097,0.466840), Energy = -1.094761 
<M> = (0.030624,0.005816), <E> = -0.756593 

T=1.950000	 Thermalizing iterations... 
Done.
Thermalized Magnetisation = (-0.097388,0.064087), Energy = -0.767849 
Averaging iterations... h=0.062500,0.000000
Done.
Final: Magnetisation = (0.178790,-0.063998), Energy = -0.839946 
<M> = (0.025011,0.002710), <E> = -0.773854 

T=1.900000	 Thermalizing iterations... 
Done.
Thermalized Magnetisation = (0.121851,0.077951), Energy = -1.022722 
Averaging iterations... h=0.062500,0.000000
Done.
Final: Magnetisation = (-0.095423,-0.001992), Energy = -0.795317 
<M> = (0.030041,0.006297), <E> = -0.792822 

T=1.850000	 Thermalizing iterations... 
Done.
Thermalized Magnetisation = (-0.242104,-0.027136), Energy = -0.938223 
Averaging iterations... h=0.062500,0.000000
Done.
Final: Magnetisation = (-0.036301,0.024388), Energy = -0.793907 
<M> = (0.032585,0.005215), <E> = -0.811928 

T=1.800000	 Thermalizing iterations... 
Done.
Thermalized Magnetisation = (0.145377,-0.105808), Energy = -1.050440 
Averaging iterations... h=0.062500,0.000000
Done.
Final: Magnetisation = (-0.142000,0.164219), Energy = -0.886294 
<M> = (0.033705,-0.001063), <E> = -0.834453 

T=1.750000	 Thermalizing iterations... 
Done.
Thermalized Magnetisation = (0.317487,-0.144792), Energy = -1.000450 
Averaging iterations... h=0.062500,0.000000
Done.
Final: Magnetisation = (0.000452,0.180674), Energy = -0.865885 
<M> = (0.036306,0.003840), <E> = -0.858526 

T=1.700000	 Thermalizing iterations... 
Done.
Thermalized Magnetisation = (-0.016974,-0.031650), Energy = -0.986404 
Averaging iterations... h=0.062500,0.000000
Done.
Final: Magnetisation = (-0.259473,0.001087), Energy = -0.852101 
<M> = (0.038950,-0.003584), <E> = -0.881122 

T=1.650000	 Thermalizing iterations... 
Done.
Thermalized Magnetisation = (0.095330,-0.193823), Energy = -0.687613 
Averaging iterations... h=0.062500,0.000000
Done.
Final: Magnetisation = (-0.103250,-0.233476), Energy = -0.848713 
<M> = (0.038431,-0.000674), <E> = -0.902502 

T=1.600000	 Thermalizing iterations... 
Done.
Thermalized Magnetisation = (0.021599,0.064278), Energy = -0.591876 
Averaging iterations... h=0.062500,0.000000
Done.
Final: Magnetisation = (0.221376,0.103477), Energy = -0.728168 
<M> = (0.045039,-0.003036), <E> = -0.929407 

T=1.550000	 Thermalizing iterations... 
Done.
Thermalized Magnetisation = (0.144211,-0.035928), Energy = -1.079333 
Averaging iterations... h=0.062500,0.000000
Done.
Final: Magnetisation = (0.268310,0.072775), Energy = -0.992216 
<M> = (0.042666,0.000818), <E> = -0.957246 

T=1.500000	 Thermalizing iterations... 
Done.
Thermalized Magnetisation = (0.310356,0.012744), Energy = -1.142439 
Averaging iterations... h=0.062500,0.000000
Done.
Final: Magnetisation = (-0.063687,0.360882), Energy = -1.004397 
<M> = (0.059163,0.003977), <E> = -0.985057 

T=1.450000	 Thermalizing iterations... 
Done.
Thermalized Magnetisation = (0.137583,-0.190918), Energy = -0.923160 
Averaging iterations... h=0.062500,0.000000
Done.
Final: Magnetisation = (0.153961,0.204803), Energy = -0.929189 
<M> = (0.061584,0.004526), <E> = -1.016947 

T=1.400000	 Thermalizing iterations... 
Done.
Thermalized Magnetisation = (0.002670,0.192382), Energy = -0.910219 
Averaging iterations... h=0.062500,0.000000
Done.
Final: Magnetisation = (0.086462,0.003449), Energy = -1.034343 
<M> = (0.066055,0.012545), <E> = -1.052826 

T=1.350000	 Thermalizing iterations... 
Done.
Thermalized Magnetisation = (0.056730,-0.080211), Energy = -1.062072 
Averaging iterations... h=0.062500,0.000000
Done.
Final: Magnetisation = (0.113551,-0.178300), Energy = -1.089824 
<M> = (0.072464,-0.000377), <E> = -1.082746 

T=1.300000	 Thermalizing iterations... 
Done.
Thermalized Magnetisation = (0.049418,0.087986), Energy = -1.145124 
Averaging iterations... h=0.062500,0.000000
Done.
Final: Magnetisation = (0.077671,0.098825), Energy = -1.120317 
<M> = (0.081830,0.006382), <E> = -1.119770 

T=1.250000	 Thermalizing iterations... 
Done.
Thermalized Magnetisation = (0.070445,0.180877), Energy = -1.164726 
Averaging iterations... h=0.062500,0.000000
Done.
Final: Magnetisation = (-0.233632,-0.050600), Energy = -1.258116 
<M> = (0.097924,0.002465), <E> = -1.159862 

T=1.200000	 Thermalizing iterations... 
Done.
Thermalized Magnetisation = (0.154775,-0.117992), Energy = -1.241612 
Averaging iterations... h=0.062500,0.000000
Done.
Final: Magnetisation = (0.006565,0.126864), Energy = -1.174427 
<M> = (0.106443,0.006177), <E> = -1.200653 

T=1.150000	 Thermalizing iterations... 
Done.
Thermalized Magnetisation = (0.080081,0.072353), Energy = -1.206479 
Averaging iterations... h=0.062500,0.000000
Done.
Final: Magnetisation = (0.086758,-0.050278), Energy = -1.136746 
<M> = (0.131816,-0.005478), <E> = -1.237924 

T=1.100000	 Thermalizing iterations... 
Done.
Thermalized Magnetisation = (0.297416,0.141735), Energy = -1.325264 
Averaging iterations... h=0.062500,0.000000
Done.
Final: Magnetisation = (0.172364,-0.012700), Energy = -1.298499 
<M> = (0.152120,0.002567), <E> = -1.288234 

T=1.050000	 Thermalizing iterations... 
Done.
Thermalized Magnetisation = (0.211073,-0.139166), Energy = -1.345998 
Averaging iterations... h=0.062500,0.000000
Done.
Final: Magnetisation = (0.286857,-0.065186), Energy = -1.321809 
<M> = (0.173194,0.021241), <E> = -1.334002 

T=1.000000	 Thermalizing iterations... 
Done.
Thermalized Magnetisation = (0.123702,0.045606), Energy = -1.344334 
Averaging iterations... h=0.062500,0.000000
Done.
Final: Magnetisation = (0.157017,0.099135), Energy = -1.415980 
<M> = (0.169802,-0.001828), <E> = -1.380323 

T=0.950000	 Thermalizing iterations... 
Done.
Thermalized Magnetisation = (0.204062,-0.123777), Energy = -1.472079 
Averaging iterations... h=0.062500,0.000000
Done.
Final: Magnetisation = (0.564668,-0.110230), Energy = -1.514970 
<M> = (0.208661,-0.012077), <E> = -1.428491 

T=0.900000	 Thermalizing iterations... 
Done.
Thermalized Magnetisation = (0.141718,-0.048990), Energy = -1.503784 
Averaging iterations... h=0.062500,0.000000
Done.
Final: Magnetisation = (0.180846,0.484809), Energy = -1.553292 
<M> = (0.248512,0.030915), <E> = -1.477465 

T=0.850000	 Thermalizing iterations... 
Done.
Thermalized Magnetisation = (0.411971,0.435785), Energy = -1.488144 
Averaging iterations... h=0.062500,0.000000
Done.
Final: Magnetisation = (0.299352,0.149743), Energy = -1.489568 
<M> = (0.265612,0.017188), <E> = -1.525838 

T=0.800000	 Thermalizing iterations... 
Done.
Thermalized Magnetisation = (0.456646,-0.022341), Energy = -1.470287 
Averaging iterations... h=0.062500,0.000000
Done.
Final: Magnetisation = (0.051819,0.608407), Energy = -1.562493 
<M> = (0.296618,0.027636), <E> = -1.572941 

T=0.750000	 Thermalizing iterations... 
Done.
Thermalized Magnetisation = (0.412861,-0.072221), Energy = -1.531844 
Averaging iterations... h=0.062500,0.000000
Done.
Final: Magnetisation = (0.408588,-0.148139), Energy = -1.519606 
<M> = (0.316015,0.111251), <E> = -1.613909 

T=0.700000	 Thermalizing iterations... 
Done.
Thermalized Magnetisation = (0.464489,-0.412593), Energy = -1.645312 
Averaging iterations... h=0.062500,0.000000
Done.
Final: Magnetisation = (0.273366,-0.673449), Energy = -1.723255 
<M> = (0.330175,-0.412826), <E> = -1.661117 

T=0.650000	 Thermalizing iterations... 
Done.
Thermalized Magnetisation = (0.372218,-0.350595), Energy = -1.678324 
Averaging iterations... h=0.062500,0.000000
Done.
Final: Magnetisation = (0.259861,-0.607491), Energy = -1.723042 
<M> = (0.354403,-0.435328), <E> = -1.699536 

T=0.600000	 Thermalizing iterations... 
Done.
Thermalized Magnetisation = (0.530959,-0.499104), Energy = -1.705962 
Averaging iterations... h=0.062500,0.000000
Done.
Final: Magnetisation = (0.362931,0.578069), Energy = -1.757517 
<M> = (0.359159,-0.015274), <E> = -1.732964 

T=0.550000	 Thermalizing iterations... 
Done.
Thermalized Magnetisation = (0.131014,0.598793), Energy = -1.790676 
Averaging iterations... h=0.062500,0.000000
Done.
Final: Magnetisation = (0.147160,0.653368), Energy = -1.761931 
<M> = (0.348241,0.555996), <E> = -1.768161 

T=0.500000	 Thermalizing iterations... 
Done.
Thermalized Magnetisation = (0.405668,0.581345), Energy = -1.815575 
Averaging iterations... h=0.062500,0.000000
Done.
Final: Magnetisation = (0.431888,0.391083), Energy = -1.776029 
<M> = (0.349762,0.577536), <E> = -1.798526 

T=0.450000	 Thermalizing iterations... 
Done.
Thermalized Magnetisation = (0.370627,0.715175), Energy = -1.860956 
Averaging iterations... h=0.062500,0.000000
Done.
Final: Magnetisation = (0.156108,0.688454), Energy = -1.819410 
<M> = (0.351723,0.625658), <E> = -1.829483 

T=0.400000	 Thermalizing iterations... 
Done.
Thermalized Magnetisation = (0.396324,0.751319), Energy = -1.872516 
Averaging iterations... h=0.062500,0.000000
Done.
Final: Magnetisation = (0.394976,0.630071), Energy = -1.869789 
<M> = (0.337702,0.649071), <E> = -1.858944 

T=0.350000	 Thermalizing iterations... 
Done.
Thermalized Magnetisation = (0.297139,0.749386), Energy = -1.884902 
Averaging iterations... h=0.062500,0.000000
Done.
Final: Magnetisation = (0.287447,0.719697), Energy = -1.859397 
<M> = (0.328100,0.685326), <E> = -1.886635 

T=0.300000	 Thermalizing iterations... 
Done.
Thermalized Magnetisation = (0.126683,0.754999), Energy = -1.911920 
Averaging iterations... h=0.062500,0.000000
Done.
Final: Magnetisation = (0.224469,0.787496), Energy = -1.912744 
<M> = (0.303203,0.724589), <E> = -1.914692 

T=0.250000	 Thermalizing iterations... 
Done.
Thermalized Magnetisation = (0.219981,0.775905), Energy = -1.941106 
Averaging iterations... h=0.062500,0.000000
Done.
Final: Magnetisation = (0.320133,0.744114), Energy = -1.947944 
<M> = (0.333103,0.724891), <E> = -1.942081 

T=0.200000	 Thermalizing iterations... 
Done.
Thermalized Magnetisation = (0.394286,0.768640), Energy = -1.977004 
Averaging iterations... h=0.062500,0.000000
Done.
Final: Magnetisation = (0.376977,0.717140), Energy = -1.950378 
<M> = (0.303670,0.762184), <E> = -1.969342 

T=0.150000	 Thermalizing iterations... 
Done.
Thermalized Magnetisation = (0.361192,0.769124), Energy = -1.999501 
Averaging iterations... h=0.062500,0.000000
Done.
Final: Magnetisation = (0.228345,0.824276), Energy = -1.992352 
<M> = (0.325625,0.770396), <E> = -1.995099 

T=0.100000	 Thermalizing iterations... 
Done.
Thermalized Magnetisation = (0.347102,0.744079), Energy = -2.018359 
Averaging iterations... h=0.062500,0.000000
Done.
Final: Magnetisation = (0.340499,0.761404), Energy = -2.018305 
<M> = (0.313656,0.790002), <E> = -2.021208 

T=0.050000	 Thermalizing iterations... 
Done.
Thermalized Magnetisation = (0.325895,0.794693), Energy = -2.048216 
Averaging iterations... h=0.062500,0.000000
Done.
Final: Magnetisation = (0.320243,0.798246), Energy = -2.047624 
<M> = (0.308418,0.804718), <E> = -2.046796 
Final Magnetisation = (0.320243,0.798246), Energy = -2.047624 
------------------------

Updating all (first)black/(then)white checkerboard sites simultaneously.. 

ztne RFXY h rotating with |h|=0.062500 at T=0.000000..
loop 1

loop 2

Cooling protocol time (from T=2.000000 to T=0.000000) = 218.049209 

CPU Time elapsed total = 218.080136 
All done - 218 seconds elapsed.
