+ cd /home/sbasak/Exercises/OpenMP/XY_code/Z2/rotating_field/trial/config/config_28
+ export OMP_NUM_THREADS=28
+ OMP_NUM_THREADS=28
+ ./a_4.out
nearest neighbor initialized. 
h loaded. 
J loaded. 
L = 128, dim_L = 2, dim_S = 2
hysteresis_MCS_multiplier = 10, hysteresis_MCS_max = 100
RAND_MAX = 2147483647.000000,
 sizeof(int) = 4,
 sizeof(long) = 8,
 sizeof(double) = 8,
 sizeof(long int) = 8,
 sizeof(short int) = 2,
 sizeof(unsigned int) = 4,
 sizeof(RAND_MAX) = 4
No. of THREADS = 28
No. of PROCESSORS = 28

0.059824,0.020359
order = ({1.000000-->-1.000000,0.000000}, 0, 1)
Initial Magnetisation = (0.059824,0.020359), Energy = 0.014393 
Cooling... 
T=2.000000	 Thermalizing iterations... 
Done.
Thermalized Magnetisation = (0.093261,-0.020158), Energy = -0.581948 
Averaging iterations... h=0.125000,0.000000
Done.
Final: Magnetisation = (0.099272,-0.039271), Energy = -0.597644 
<M> = (0.111540,0.000002), <E> = -0.632954 

T=1.990000	 Thermalizing iterations... 
Done.
Thermalized Magnetisation = (0.074289,0.036888), Energy = -0.645334 
Averaging iterations... h=0.125000,0.000000
Done.
Final: Magnetisation = (0.093858,-0.002437), Energy = -0.657533 
<M> = (0.114331,-0.001482), <E> = -0.637608 

T=1.980000	 Thermalizing iterations... 
Done.
Thermalized Magnetisation = (0.098751,0.004469), Energy = -0.654173 
Averaging iterations... h=0.125000,0.000000
Done.
Final: Magnetisation = (0.122994,-0.001132), Energy = -0.643756 
<M> = (0.115476,-0.000903), <E> = -0.642238 

T=1.970000	 Thermalizing iterations... 
Done.
Thermalized Magnetisation = (0.111178,0.048106), Energy = -0.653179 
Averaging iterations... h=0.125000,0.000000
Done.
Final: Magnetisation = (0.103749,-0.054932), Energy = -0.625983 
<M> = (0.117387,-0.002027), <E> = -0.646932 

T=1.960000	 Thermalizing iterations... 
Done.
Thermalized Magnetisation = (0.107390,-0.023054), Energy = -0.682147 
Averaging iterations... h=0.125000,0.000000
Done.
Final: Magnetisation = (0.111760,-0.000111), Energy = -0.652956 
<M> = (0.119591,-0.000833), <E> = -0.650600 

T=1.950000	 Thermalizing iterations... 
Done.
Thermalized Magnetisation = (0.120494,0.013583), Energy = -0.649460 
Averaging iterations... h=0.125000,0.000000
Done.
Final: Magnetisation = (0.175902,-0.001515), Energy = -0.690757 
<M> = (0.121447,-0.000395), <E> = -0.654527 

T=1.940000	 Thermalizing iterations... 
Done.
Thermalized Magnetisation = (0.163986,-0.015132), Energy = -0.664596 
Averaging iterations... h=0.125000,0.000000
Done.
Final: Magnetisation = (0.158348,0.019503), Energy = -0.641955 
<M> = (0.121557,0.000023), <E> = -0.657951 

T=1.930000	 Thermalizing iterations... 
Done.
Thermalized Magnetisation = (0.137936,-0.000317), Energy = -0.672874 
Averaging iterations... h=0.125000,0.000000
Done.
Final: Magnetisation = (0.054733,0.011629), Energy = -0.618857 
<M> = (0.122248,0.000442), <E> = -0.661007 

T=1.920000	 Thermalizing iterations... 
Done.
Thermalized Magnetisation = (0.105842,0.049829), Energy = -0.700507 
Averaging iterations... h=0.125000,0.000000
Done.
Final: Magnetisation = (0.127481,-0.024105), Energy = -0.684336 
<M> = (0.125848,-0.001753), <E> = -0.667080 

T=1.910000	 Thermalizing iterations... 
Done.
Thermalized Magnetisation = (0.067481,0.005291), Energy = -0.652264 
Averaging iterations... h=0.125000,0.000000
Done.
Final: Magnetisation = (0.100089,-0.023354), Energy = -0.704479 
<M> = (0.127374,-0.001065), <E> = -0.671385 

T=1.900000	 Thermalizing iterations... 
Done.
Thermalized Magnetisation = (0.197404,0.099079), Energy = -0.686665 
Averaging iterations... h=0.125000,0.000000
Done.
Final: Magnetisation = (0.073160,0.007285), Energy = -0.636228 
<M> = (0.129414,-0.002691), <E> = -0.676142 

T=1.890000	 Thermalizing iterations... 
Done.
Thermalized Magnetisation = (0.095686,0.007704), Energy = -0.667398 
Averaging iterations... h=0.125000,0.000000
Done.
Final: Magnetisation = (0.090331,0.023219), Energy = -0.669202 
<M> = (0.130985,-0.002716), <E> = -0.680638 

T=1.880000	 Thermalizing iterations... 
Done.
Thermalized Magnetisation = (0.149215,-0.021094), Energy = -0.690172 
Averaging iterations... h=0.125000,0.000000
Done.
Final: Magnetisation = (0.082677,0.009831), Energy = -0.697989 
<M> = (0.133816,-0.001698), <E> = -0.685409 

T=1.870000	 Thermalizing iterations... 
Done.
Thermalized Magnetisation = (0.107835,0.009238), Energy = -0.677952 
Averaging iterations... h=0.125000,0.000000
Done.
Final: Magnetisation = (0.146591,0.017676), Energy = -0.690590 
<M> = (0.135511,0.001803), <E> = -0.689347 

T=1.860000	 Thermalizing iterations... 
Done.
Thermalized Magnetisation = (0.097736,0.044562), Energy = -0.642078 
Averaging iterations... h=0.125000,0.000000
Done.
Final: Magnetisation = (0.159185,-0.029852), Energy = -0.673842 
<M> = (0.136321,0.000022), <E> = -0.693634 

T=1.850000	 Thermalizing iterations... 
Done.
Thermalized Magnetisation = (0.129324,0.087461), Energy = -0.696262 
Averaging iterations... h=0.125000,0.000000
Done.
Final: Magnetisation = (0.176544,-0.014485), Energy = -0.736910 
<M> = (0.138225,-0.000901), <E> = -0.698247 

T=1.840000	 Thermalizing iterations... 
Done.
Thermalized Magnetisation = (0.131769,0.026454), Energy = -0.691305 
Averaging iterations... h=0.125000,0.000000
Done.
Final: Magnetisation = (0.155899,-0.025158), Energy = -0.722693 
<M> = (0.142196,-0.000932), <E> = -0.704220 

T=1.830000	 Thermalizing iterations... 
Done.
Thermalized Magnetisation = (0.190395,0.008164), Energy = -0.709953 
Averaging iterations... h=0.125000,0.000000
Done.
Final: Magnetisation = (0.129680,0.039948), Energy = -0.699342 
<M> = (0.143413,-0.002576), <E> = -0.708925 

T=1.820000	 Thermalizing iterations... 
Done.
Thermalized Magnetisation = (0.141007,0.021030), Energy = -0.697410 
Averaging iterations... h=0.125000,0.000000
Done.
Final: Magnetisation = (0.150584,-0.021621), Energy = -0.690722 
<M> = (0.145426,-0.002652), <E> = -0.714528 

T=1.810000	 Thermalizing iterations... 
Done.
Thermalized Magnetisation = (0.152330,0.005102), Energy = -0.722653 
Averaging iterations... h=0.125000,0.000000
Done.
Final: Magnetisation = (0.140657,0.042096), Energy = -0.689964 
<M> = (0.150249,-0.001678), <E> = -0.720049 

T=1.800000	 Thermalizing iterations... 
Done.
Thermalized Magnetisation = (0.112154,-0.000990), Energy = -0.696538 
Averaging iterations... h=0.125000,0.000000
Done.
Final: Magnetisation = (0.167279,0.034642), Energy = -0.741870 
<M> = (0.151682,-0.000663), <E> = -0.724034 

T=1.790000	 Thermalizing iterations... 
Done.
Thermalized Magnetisation = (0.159021,-0.065884), Energy = -0.749907 
Averaging iterations... h=0.125000,0.000000
Done.
Final: Magnetisation = (0.109694,-0.061329), Energy = -0.713416 
<M> = (0.152802,0.000193), <E> = -0.729344 

T=1.780000	 Thermalizing iterations... 
Done.
Thermalized Magnetisation = (0.154489,-0.021505), Energy = -0.748303 
Averaging iterations... h=0.125000,0.000000
Done.
Final: Magnetisation = (0.164694,0.012480), Energy = -0.726270 
<M> = (0.154476,0.000380), <E> = -0.733354 

T=1.770000	 Thermalizing iterations... 
Done.
Thermalized Magnetisation = (0.176934,0.031184), Energy = -0.753281 
Averaging iterations... h=0.125000,0.000000
Done.
Final: Magnetisation = (0.151586,0.073404), Energy = -0.740998 
<M> = (0.158430,-0.002486), <E> = -0.740099 

T=1.760000	 Thermalizing iterations... 
Done.
Thermalized Magnetisation = (0.170343,0.017525), Energy = -0.785782 
Averaging iterations... h=0.125000,0.000000
Done.
Final: Magnetisation = (0.198668,-0.040079), Energy = -0.754251 
<M> = (0.160770,-0.000701), <E> = -0.745749 

T=1.750000	 Thermalizing iterations... 
Done.
Thermalized Magnetisation = (0.156707,0.004322), Energy = -0.733686 
Averaging iterations... h=0.125000,0.000000
Done.
Final: Magnetisation = (0.219064,-0.017109), Energy = -0.729478 
<M> = (0.162858,-0.003695), <E> = -0.751651 

T=1.740000	 Thermalizing iterations... 
Done.
Thermalized Magnetisation = (0.169602,0.039132), Energy = -0.748037 
Averaging iterations... h=0.125000,0.000000
Done.
Final: Magnetisation = (0.150938,-0.015016), Energy = -0.745931 
<M> = (0.165977,-0.002637), <E> = -0.757376 

T=1.730000	 Thermalizing iterations... 
Done.
Thermalized Magnetisation = (0.194417,-0.037218), Energy = -0.788794 
Averaging iterations... h=0.125000,0.000000
Done.
Final: Magnetisation = (0.122864,-0.047174), Energy = -0.742287 
<M> = (0.170541,-0.000610), <E> = -0.763383 

T=1.720000	 Thermalizing iterations... 
Done.
Thermalized Magnetisation = (0.178465,-0.062109), Energy = -0.780898 
Averaging iterations... h=0.125000,0.000000
Done.
Final: Magnetisation = (0.179162,0.023546), Energy = -0.785071 
<M> = (0.171127,0.000818), <E> = -0.767451 

T=1.710000	 Thermalizing iterations... 
Done.
Thermalized Magnetisation = (0.207300,-0.056933), Energy = -0.815367 
Averaging iterations... h=0.125000,0.000000
Done.
Final: Magnetisation = (0.205312,-0.017181), Energy = -0.787587 
<M> = (0.174578,-0.000770), <E> = -0.773818 

T=1.700000	 Thermalizing iterations... 
Done.
Thermalized Magnetisation = (0.210009,0.029260), Energy = -0.805554 
Averaging iterations... h=0.125000,0.000000
Done.
Final: Magnetisation = (0.206632,0.032427), Energy = -0.798140 
<M> = (0.178347,-0.000577), <E> = -0.780565 

T=1.690000	 Thermalizing iterations... 
Done.
Thermalized Magnetisation = (0.110669,0.022136), Energy = -0.786137 
Averaging iterations... h=0.125000,0.000000
Done.
Final: Magnetisation = (0.179349,-0.071295), Energy = -0.783376 
<M> = (0.181099,-0.000580), <E> = -0.786308 

T=1.680000	 Thermalizing iterations... 
Done.
Thermalized Magnetisation = (0.139083,-0.014453), Energy = -0.761371 
Averaging iterations... h=0.125000,0.000000
Done.
Final: Magnetisation = (0.157228,-0.086822), Energy = -0.781635 
<M> = (0.184412,-0.002908), <E> = -0.793588 

T=1.670000	 Thermalizing iterations... 
Done.
Thermalized Magnetisation = (0.173559,-0.003740), Energy = -0.800756 
Averaging iterations... h=0.125000,0.000000
Done.
Final: Magnetisation = (0.191374,-0.077155), Energy = -0.839014 
<M> = (0.188415,-0.001792), <E> = -0.800335 

T=1.660000	 Thermalizing iterations... 
Done.
Thermalized Magnetisation = (0.144744,0.011399), Energy = -0.808165 
Averaging iterations... h=0.125000,0.000000
Done.
Final: Magnetisation = (0.221587,-0.025843), Energy = -0.829091 
<M> = (0.192828,-0.002183), <E> = -0.807034 

T=1.650000	 Thermalizing iterations... 
Done.
Thermalized Magnetisation = (0.199545,-0.021026), Energy = -0.793723 
Averaging iterations... h=0.125000,0.000000
Done.
Final: Magnetisation = (0.128948,0.046463), Energy = -0.778368 
<M> = (0.195435,0.000717), <E> = -0.812484 

T=1.640000	 Thermalizing iterations... 
Done.
Thermalized Magnetisation = (0.230019,0.049688), Energy = -0.848508 
Averaging iterations... h=0.125000,0.000000
Done.
Final: Magnetisation = (0.254710,-0.032770), Energy = -0.830858 
<M> = (0.198637,0.001111), <E> = -0.818808 

T=1.630000	 Thermalizing iterations... 
Done.
Thermalized Magnetisation = (0.194196,0.026922), Energy = -0.837251 
Averaging iterations... h=0.125000,0.000000
Done.
Final: Magnetisation = (0.215763,0.009566), Energy = -0.779409 
<M> = (0.201625,-0.000069), <E> = -0.824994 

T=1.620000	 Thermalizing iterations... 
Done.
Thermalized Magnetisation = (0.213855,-0.054177), Energy = -0.837599 
Averaging iterations... h=0.125000,0.000000
Done.
Final: Magnetisation = (0.262462,-0.045600), Energy = -0.844666 
<M> = (0.207302,-0.001343), <E> = -0.833325 

T=1.610000	 Thermalizing iterations... 
Done.
Thermalized Magnetisation = (0.224799,0.032579), Energy = -0.845263 
Averaging iterations... h=0.125000,0.000000
Done.
Final: Magnetisation = (0.208736,0.089882), Energy = -0.861136 
<M> = (0.209867,-0.002052), <E> = -0.840341 

T=1.600000	 Thermalizing iterations... 
Done.
Thermalized Magnetisation = (0.216926,-0.026500), Energy = -0.873097 
Averaging iterations... h=0.125000,0.000000
Done.
Final: Magnetisation = (0.173926,-0.000301), Energy = -0.807426 
<M> = (0.214301,-0.005069), <E> = -0.847923 

T=1.590000	 Thermalizing iterations... 
Done.
Thermalized Magnetisation = (0.188970,0.020411), Energy = -0.820202 
Averaging iterations... h=0.125000,0.000000
Done.
Final: Magnetisation = (0.142021,0.041780), Energy = -0.819669 
<M> = (0.217811,-0.002493), <E> = -0.854841 

T=1.580000	 Thermalizing iterations... 
Done.
Thermalized Magnetisation = (0.218746,0.016007), Energy = -0.838125 
Averaging iterations... h=0.125000,0.000000
Done.
Final: Magnetisation = (0.211194,-0.039639), Energy = -0.895958 
<M> = (0.223834,-0.000452), <E> = -0.863002 

T=1.570000	 Thermalizing iterations... 
Done.
Thermalized Magnetisation = (0.234526,0.013865), Energy = -0.885774 
Averaging iterations... h=0.125000,0.000000
Done.
Final: Magnetisation = (0.220853,0.020279), Energy = -0.859869 
<M> = (0.227351,0.000331), <E> = -0.869161 

T=1.560000	 Thermalizing iterations... 
Done.
Thermalized Magnetisation = (0.269605,-0.042781), Energy = -0.918452 
Averaging iterations... h=0.125000,0.000000
Done.
Final: Magnetisation = (0.196438,-0.000063), Energy = -0.856751 
<M> = (0.230954,0.001122), <E> = -0.876408 

T=1.550000	 Thermalizing iterations... 
Done.
Thermalized Magnetisation = (0.183987,0.015630), Energy = -0.821356 
Averaging iterations... h=0.125000,0.000000
Done.
Final: Magnetisation = (0.208198,0.023639), Energy = -0.848484 
<M> = (0.236144,-0.000717), <E> = -0.884280 

T=1.540000	 Thermalizing iterations... 
Done.
Thermalized Magnetisation = (0.228508,0.049749), Energy = -0.891733 
Averaging iterations... h=0.125000,0.000000
Done.
Final: Magnetisation = (0.217264,-0.093079), Energy = -0.920796 
<M> = (0.241546,-0.000860), <E> = -0.893317 

T=1.530000	 Thermalizing iterations... 
Done.
Thermalized Magnetisation = (0.293228,-0.006389), Energy = -0.957951 
Averaging iterations... h=0.125000,0.000000
Done.
Final: Magnetisation = (0.251162,0.041368), Energy = -0.914685 
<M> = (0.245518,-0.003815), <E> = -0.901162 

T=1.520000	 Thermalizing iterations... 
Done.
Thermalized Magnetisation = (0.289991,0.067278), Energy = -0.931367 
Averaging iterations... h=0.125000,0.000000
Done.
Final: Magnetisation = (0.232104,-0.033735), Energy = -0.890179 
<M> = (0.250606,-0.003469), <E> = -0.909967 

T=1.510000	 Thermalizing iterations... 
Done.
Thermalized Magnetisation = (0.268594,-0.018308), Energy = -0.949894 
Averaging iterations... h=0.125000,0.000000
Done.
Final: Magnetisation = (0.258117,-0.002925), Energy = -0.913099 
<M> = (0.258155,-0.001005), <E> = -0.918618 

T=1.500000	 Thermalizing iterations... 
Done.
Thermalized Magnetisation = (0.312466,-0.103174), Energy = -0.953722 
Averaging iterations... h=0.125000,0.000000
Done.
Final: Magnetisation = (0.235003,-0.055659), Energy = -0.901317 
<M> = (0.262045,0.002372), <E> = -0.926347 

T=1.490000	 Thermalizing iterations... 
Done.
Thermalized Magnetisation = (0.275726,-0.003874), Energy = -0.935047 
Averaging iterations... h=0.125000,0.000000
Done.
Final: Magnetisation = (0.249628,0.083729), Energy = -0.930961 
<M> = (0.266726,0.000622), <E> = -0.934165 

T=1.480000	 Thermalizing iterations... 
Done.
Thermalized Magnetisation = (0.263966,-0.008350), Energy = -0.907550 
Averaging iterations... h=0.125000,0.000000
Done.
Final: Magnetisation = (0.295801,-0.038447), Energy = -0.941381 
<M> = (0.270935,0.001690), <E> = -0.942458 

T=1.470000	 Thermalizing iterations... 
Done.
Thermalized Magnetisation = (0.298547,0.001219), Energy = -0.965770 
Averaging iterations... h=0.125000,0.000000
Done.
Final: Magnetisation = (0.305661,-0.050160), Energy = -0.978316 
<M> = (0.278723,-0.001486), <E> = -0.952665 

T=1.460000	 Thermalizing iterations... 
Done.
Thermalized Magnetisation = (0.279711,0.066230), Energy = -0.958801 
Averaging iterations... h=0.125000,0.000000
Done.
Final: Magnetisation = (0.269211,0.016961), Energy = -0.955915 
<M> = (0.283300,-0.002907), <E> = -0.962405 

T=1.450000	 Thermalizing iterations... 
Done.
Thermalized Magnetisation = (0.282278,0.021893), Energy = -0.993959 
Averaging iterations... h=0.125000,0.000000
Done.
Final: Magnetisation = (0.253262,-0.017826), Energy = -0.940284 
<M> = (0.289967,-0.005989), <E> = -0.972189 

T=1.440000	 Thermalizing iterations... 
Done.
Thermalized Magnetisation = (0.328618,-0.059540), Energy = -1.018433 
Averaging iterations... h=0.125000,0.000000
Done.
Final: Magnetisation = (0.328194,-0.022004), Energy = -1.010676 
<M> = (0.296556,-0.005672), <E> = -0.981420 

T=1.430000	 Thermalizing iterations... 
Done.
Thermalized Magnetisation = (0.292294,-0.080716), Energy = -1.017665 
Averaging iterations... h=0.125000,0.000000
Done.
Final: Magnetisation = (0.254402,0.002840), Energy = -0.960225 
<M> = (0.303357,-0.001777), <E> = -0.990603 

T=1.420000	 Thermalizing iterations... 
Done.
Thermalized Magnetisation = (0.399832,0.021085), Energy = -1.059011 
Averaging iterations... h=0.125000,0.000000
Done.
Final: Magnetisation = (0.277920,-0.032474), Energy = -0.991184 
<M> = (0.308891,0.000266), <E> = -0.999477 

T=1.410000	 Thermalizing iterations... 
Done.
Thermalized Magnetisation = (0.297411,0.015712), Energy = -1.029709 
Averaging iterations... h=0.125000,0.000000
Done.
Final: Magnetisation = (0.291438,-0.010316), Energy = -1.002441 
<M> = (0.314355,0.002316), <E> = -1.008234 

T=1.400000	 Thermalizing iterations... 
Done.
Thermalized Magnetisation = (0.317412,-0.015303), Energy = -0.995723 
Averaging iterations... h=0.125000,0.000000
Done.
Final: Magnetisation = (0.330481,0.071839), Energy = -0.996526 
<M> = (0.322216,-0.001938), <E> = -1.020172 

T=1.390000	 Thermalizing iterations... 
Done.
Thermalized Magnetisation = (0.308267,-0.005065), Energy = -1.041562 
Averaging iterations... h=0.125000,0.000000
Done.
Final: Magnetisation = (0.317266,0.003109), Energy = -1.028370 
<M> = (0.328427,-0.002308), <E> = -1.030029 

T=1.380000	 Thermalizing iterations... 
Done.
Thermalized Magnetisation = (0.324650,-0.011168), Energy = -1.020001 
Averaging iterations... h=0.125000,0.000000
Done.
Final: Magnetisation = (0.337363,-0.038213), Energy = -1.002386 
<M> = (0.334568,-0.006530), <E> = -1.040595 

T=1.370000	 Thermalizing iterations... 
Done.
Thermalized Magnetisation = (0.301894,-0.051284), Energy = -1.012989 
Averaging iterations... h=0.125000,0.000000
Done.
Final: Magnetisation = (0.308466,-0.051547), Energy = -1.012190 
<M> = (0.341096,-0.004316), <E> = -1.050221 

T=1.360000	 Thermalizing iterations... 
Done.
Thermalized Magnetisation = (0.348659,0.022066), Energy = -1.093102 
Averaging iterations... h=0.125000,0.000000
Done.
Final: Magnetisation = (0.396159,0.065928), Energy = -1.107080 
<M> = (0.349117,-0.002132), <E> = -1.061441 

T=1.350000	 Thermalizing iterations... 
Done.
Thermalized Magnetisation = (0.372017,0.101691), Energy = -1.050221 
Averaging iterations... h=0.125000,0.000000
Done.
Final: Magnetisation = (0.308888,0.020364), Energy = -1.036804 
<M> = (0.358004,0.004641), <E> = -1.071115 

T=1.340000	 Thermalizing iterations... 
Done.
Thermalized Magnetisation = (0.423609,0.018622), Energy = -1.149596 
Averaging iterations... h=0.125000,0.000000
Done.
Final: Magnetisation = (0.383848,0.004406), Energy = -1.106480 
<M> = (0.362684,0.000879), <E> = -1.081455 

T=1.330000	 Thermalizing iterations... 
Done.
Thermalized Magnetisation = (0.414014,-0.004171), Energy = -1.133459 
Averaging iterations... h=0.125000,0.000000
Done.
Final: Magnetisation = (0.383159,-0.058577), Energy = -1.103444 
<M> = (0.372351,0.001605), <E> = -1.092737 

T=1.320000	 Thermalizing iterations... 
Done.
Thermalized Magnetisation = (0.370010,-0.007384), Energy = -1.107463 
Averaging iterations... h=0.125000,0.000000
Done.
Final: Magnetisation = (0.368645,-0.046693), Energy = -1.058587 
<M> = (0.383060,-0.001382), <E> = -1.105748 

T=1.310000	 Thermalizing iterations... 
Done.
Thermalized Magnetisation = (0.448182,0.001701), Energy = -1.180424 
Averaging iterations... h=0.125000,0.000000
Done.
Final: Magnetisation = (0.402423,0.043915), Energy = -1.144290 
<M> = (0.388783,-0.002447), <E> = -1.116819 

T=1.300000	 Thermalizing iterations... 
Done.
Thermalized Magnetisation = (0.385851,0.021676), Energy = -1.113487 
Averaging iterations... h=0.125000,0.000000
Done.
Final: Magnetisation = (0.438054,-0.035788), Energy = -1.195125 
<M> = (0.395373,-0.002540), <E> = -1.128230 

T=1.290000	 Thermalizing iterations... 
Done.
Thermalized Magnetisation = (0.417134,-0.012562), Energy = -1.126095 
Averaging iterations... h=0.125000,0.000000
Done.
Final: Magnetisation = (0.420989,-0.060674), Energy = -1.124031 
<M> = (0.406077,-0.007234), <E> = -1.141325 

T=1.280000	 Thermalizing iterations... 
Done.
Thermalized Magnetisation = (0.411697,0.042707), Energy = -1.158347 
Averaging iterations... h=0.125000,0.000000
Done.
Final: Magnetisation = (0.432799,-0.006483), Energy = -1.164107 
<M> = (0.412507,-0.002009), <E> = -1.150687 

T=1.270000	 Thermalizing iterations... 
Done.
Thermalized Magnetisation = (0.378443,0.013206), Energy = -1.119684 
Averaging iterations... h=0.125000,0.000000
Done.
Final: Magnetisation = (0.381565,0.009580), Energy = -1.152173 
<M> = (0.421588,-0.001527), <E> = -1.162174 

T=1.260000	 Thermalizing iterations... 
Done.
Thermalized Magnetisation = (0.373112,0.021527), Energy = -1.138945 
Averaging iterations... h=0.125000,0.000000
Done.
Final: Magnetisation = (0.433913,-0.043890), Energy = -1.190786 
<M> = (0.428905,-0.000081), <E> = -1.172565 

T=1.250000	 Thermalizing iterations... 
Done.
Thermalized Magnetisation = (0.436564,-0.062095), Energy = -1.225077 
Averaging iterations... h=0.125000,0.000000
Done.
Final: Magnetisation = (0.410669,0.021113), Energy = -1.167892 
<M> = (0.437448,-0.005640), <E> = -1.185749 

T=1.240000	 Thermalizing iterations... 
Done.
Thermalized Magnetisation = (0.458286,-0.012702), Energy = -1.237739 
Averaging iterations... h=0.125000,0.000000
Done.
Final: Magnetisation = (0.382480,-0.012714), Energy = -1.140318 
<M> = (0.445761,0.000848), <E> = -1.198041 

T=1.230000	 Thermalizing iterations... 
Done.
Thermalized Magnetisation = (0.441355,0.087634), Energy = -1.203875 
Averaging iterations... h=0.125000,0.000000
Done.
Final: Magnetisation = (0.398272,-0.063371), Energy = -1.129395 
<M> = (0.451293,-0.005401), <E> = -1.209552 

T=1.220000	 Thermalizing iterations... 
Done.
Thermalized Magnetisation = (0.459355,-0.012095), Energy = -1.214339 
Averaging iterations... h=0.125000,0.000000
Done.
Final: Magnetisation = (0.423429,-0.072882), Energy = -1.199378 
<M> = (0.460473,-0.000417), <E> = -1.221200 

T=1.210000	 Thermalizing iterations... 
Done.
Thermalized Magnetisation = (0.429353,0.012882), Energy = -1.173590 
Averaging iterations... h=0.125000,0.000000
Done.
Final: Magnetisation = (0.461992,-0.009802), Energy = -1.257433 
<M> = (0.469456,-0.007481), <E> = -1.233436 

T=1.200000	 Thermalizing iterations... 
Done.
Thermalized Magnetisation = (0.541803,-0.057103), Energy = -1.264990 
Averaging iterations... h=0.125000,0.000000
Done.
Final: Magnetisation = (0.464264,-0.041829), Energy = -1.248971 
<M> = (0.478805,0.001199), <E> = -1.244795 

T=1.190000	 Thermalizing iterations... 
Done.
Thermalized Magnetisation = (0.484575,0.005301), Energy = -1.233212 
Averaging iterations... h=0.125000,0.000000
Done.
Final: Magnetisation = (0.479902,-0.106287), Energy = -1.271903 
<M> = (0.487490,0.000678), <E> = -1.257099 

T=1.180000	 Thermalizing iterations... 
Done.
Thermalized Magnetisation = (0.490401,-0.065612), Energy = -1.274341 
Averaging iterations... h=0.125000,0.000000
Done.
Final: Magnetisation = (0.475649,0.025108), Energy = -1.230316 
<M> = (0.496774,-0.002096), <E> = -1.269703 

T=1.170000	 Thermalizing iterations... 
Done.
Thermalized Magnetisation = (0.500682,0.044207), Energy = -1.270958 
Averaging iterations... h=0.125000,0.000000
Done.
Final: Magnetisation = (0.478972,0.112772), Energy = -1.262965 
<M> = (0.505619,0.001047), <E> = -1.282164 

T=1.160000	 Thermalizing iterations... 
Done.
Thermalized Magnetisation = (0.505132,-0.073181), Energy = -1.322890 
Averaging iterations... h=0.125000,0.000000
Done.
Final: Magnetisation = (0.488469,-0.116027), Energy = -1.272155 
<M> = (0.511903,-0.007753), <E> = -1.295140 

T=1.150000	 Thermalizing iterations... 
Done.
Thermalized Magnetisation = (0.525688,-0.053060), Energy = -1.351084 
Averaging iterations... h=0.125000,0.000000
Done.
Final: Magnetisation = (0.503353,0.024712), Energy = -1.286165 
<M> = (0.519392,-0.008688), <E> = -1.306422 

T=1.140000	 Thermalizing iterations... 
Done.
Thermalized Magnetisation = (0.477921,-0.077050), Energy = -1.305655 
Averaging iterations... h=0.125000,0.000000
Done.
Final: Magnetisation = (0.559504,-0.038375), Energy = -1.326331 
<M> = (0.529109,-0.010842), <E> = -1.318782 

T=1.130000	 Thermalizing iterations... 
Done.
Thermalized Magnetisation = (0.478009,0.042271), Energy = -1.271806 
Averaging iterations... h=0.125000,0.000000
Done.
Final: Magnetisation = (0.527434,0.043382), Energy = -1.322859 
<M> = (0.538392,-0.004448), <E> = -1.330371 

T=1.120000	 Thermalizing iterations... 
Done.
Thermalized Magnetisation = (0.516371,0.000655), Energy = -1.334682 
Averaging iterations... h=0.125000,0.000000
Done.
Final: Magnetisation = (0.519777,-0.170883), Energy = -1.339224 
<M> = (0.547016,0.001732), <E> = -1.341791 

T=1.110000	 Thermalizing iterations... 
Done.
Thermalized Magnetisation = (0.589131,-0.043745), Energy = -1.364530 
Averaging iterations... h=0.125000,0.000000
Done.
Final: Magnetisation = (0.579674,0.010561), Energy = -1.370017 
<M> = (0.554801,0.005240), <E> = -1.352274 

T=1.100000	 Thermalizing iterations... 
Done.
Thermalized Magnetisation = (0.561214,-0.064476), Energy = -1.386245 
Averaging iterations... h=0.125000,0.000000
Done.
Final: Magnetisation = (0.604506,0.007742), Energy = -1.396394 
<M> = (0.562099,-0.005275), <E> = -1.365628 

T=1.090000	 Thermalizing iterations... 
Done.
Thermalized Magnetisation = (0.573718,-0.059105), Energy = -1.407379 
Averaging iterations... h=0.125000,0.000000
Done.
Final: Magnetisation = (0.552732,0.014569), Energy = -1.387522 
<M> = (0.569830,-0.009107), <E> = -1.377828 

T=1.080000	 Thermalizing iterations... 
Done.
Thermalized Magnetisation = (0.578985,-0.063414), Energy = -1.388684 
Averaging iterations... h=0.125000,0.000000
Done.
Final: Magnetisation = (0.588408,0.087416), Energy = -1.389481 
<M> = (0.574427,-0.016112), <E> = -1.388597 

T=1.070000	 Thermalizing iterations... 
Done.
Thermalized Magnetisation = (0.590968,0.045669), Energy = -1.404993 
Averaging iterations... h=0.125000,0.000000
Done.
Final: Magnetisation = (0.618498,0.026962), Energy = -1.412261 
<M> = (0.583303,-0.013810), <E> = -1.399995 

T=1.060000	 Thermalizing iterations... 
Done.
Thermalized Magnetisation = (0.566150,0.045732), Energy = -1.412769 
Averaging iterations... h=0.125000,0.000000
Done.
Final: Magnetisation = (0.628900,-0.060163), Energy = -1.437870 
<M> = (0.591245,-0.006285), <E> = -1.412132 

T=1.050000	 Thermalizing iterations... 
Done.
Thermalized Magnetisation = (0.611744,-0.104621), Energy = -1.455453 
Averaging iterations... h=0.125000,0.000000
Done.
Final: Magnetisation = (0.590536,-0.044487), Energy = -1.392932 
<M> = (0.598848,0.000285), <E> = -1.422120 

T=1.040000	 Thermalizing iterations... 
Done.
Thermalized Magnetisation = (0.599659,-0.022241), Energy = -1.419814 
Averaging iterations... h=0.125000,0.000000
Done.
Final: Magnetisation = (0.572622,0.024463), Energy = -1.406930 
<M> = (0.604849,-0.004355), <E> = -1.432260 

T=1.030000	 Thermalizing iterations... 
Done.
Thermalized Magnetisation = (0.586353,-0.006281), Energy = -1.401031 
Averaging iterations... h=0.125000,0.000000
Done.
Final: Magnetisation = (0.565043,-0.018334), Energy = -1.435295 
<M> = (0.612529,0.004457), <E> = -1.443752 

T=1.020000	 Thermalizing iterations... 
Done.
Thermalized Magnetisation = (0.638878,0.020285), Energy = -1.442984 
Averaging iterations... h=0.125000,0.000000
Done.
Final: Magnetisation = (0.634421,0.005054), Energy = -1.483802 
<M> = (0.616197,-0.004335), <E> = -1.453737 

T=1.010000	 Thermalizing iterations... 
Done.
Thermalized Magnetisation = (0.607638,0.057055), Energy = -1.436125 
Averaging iterations... h=0.125000,0.000000
Done.
Final: Magnetisation = (0.644015,-0.017819), Energy = -1.478525 
<M> = (0.623933,-0.014992), <E> = -1.466171 

T=1.000000	 Thermalizing iterations... 
Done.
Thermalized Magnetisation = (0.628705,-0.086468), Energy = -1.479272 
Averaging iterations... h=0.125000,0.000000
Done.
Final: Magnetisation = (0.652075,0.048707), Energy = -1.498801 
<M> = (0.629117,-0.007930), <E> = -1.475290 

T=0.990000	 Thermalizing iterations... 
Done.
Thermalized Magnetisation = (0.605649,-0.014431), Energy = -1.497175 
Averaging iterations... h=0.125000,0.000000
Done.
Final: Magnetisation = (0.655243,-0.057503), Energy = -1.479650 
<M> = (0.637148,-0.012260), <E> = -1.486549 

T=0.980000	 Thermalizing iterations... 
Done.
Thermalized Magnetisation = (0.635892,0.057708), Energy = -1.480322 
Averaging iterations... h=0.125000,0.000000
Done.
Final: Magnetisation = (0.652931,-0.069385), Energy = -1.498258 
<M> = (0.644953,0.002559), <E> = -1.496075 

T=0.970000	 Thermalizing iterations... 
Done.
Thermalized Magnetisation = (0.644052,0.060341), Energy = -1.475093 
Averaging iterations... h=0.125000,0.000000
Done.
Final: Magnetisation = (0.652627,0.068679), Energy = -1.498385 
<M> = (0.649516,0.009990), <E> = -1.506421 

T=0.960000	 Thermalizing iterations... 
Done.
Thermalized Magnetisation = (0.632259,0.000784), Energy = -1.521855 
Averaging iterations... h=0.125000,0.000000
Done.
Final: Magnetisation = (0.674762,0.015497), Energy = -1.520536 
<M> = (0.655878,-0.006884), <E> = -1.515305 

T=0.950000	 Thermalizing iterations... 
Done.
Thermalized Magnetisation = (0.667546,0.004287), Energy = -1.522784 
Averaging iterations... h=0.125000,0.000000
Done.
Final: Magnetisation = (0.632371,-0.006787), Energy = -1.506333 
<M> = (0.661374,-0.009847), <E> = -1.525265 

T=0.940000	 Thermalizing iterations... 
Done.
Thermalized Magnetisation = (0.677590,0.125576), Energy = -1.565101 
Averaging iterations... h=0.125000,0.000000
Done.
Final: Magnetisation = (0.683351,0.003983), Energy = -1.537693 
<M> = (0.666226,-0.006639), <E> = -1.535480 

T=0.930000	 Thermalizing iterations... 
Done.
Thermalized Magnetisation = (0.671092,0.071123), Energy = -1.537178 
Averaging iterations... h=0.125000,0.000000
Done.
Final: Magnetisation = (0.670786,-0.006936), Energy = -1.520916 
<M> = (0.670856,-0.021904), <E> = -1.544513 

T=0.920000	 Thermalizing iterations... 
Done.
Thermalized Magnetisation = (0.683332,-0.082436), Energy = -1.558565 
Averaging iterations... h=0.125000,0.000000
Done.
Final: Magnetisation = (0.654597,0.000614), Energy = -1.538518 
<M> = (0.675044,-0.022653), <E> = -1.554332 

T=0.910000	 Thermalizing iterations... 
Done.
Thermalized Magnetisation = (0.690000,-0.040121), Energy = -1.565510 
Averaging iterations... h=0.125000,0.000000
Done.
Final: Magnetisation = (0.693770,0.120114), Energy = -1.586193 
<M> = (0.681765,0.003969), <E> = -1.562783 

T=0.900000	 Thermalizing iterations... 
Done.
Thermalized Magnetisation = (0.707696,-0.044089), Energy = -1.554266 
Averaging iterations... h=0.125000,0.000000
Done.
Final: Magnetisation = (0.668378,0.061275), Energy = -1.570465 
<M> = (0.689209,-0.008012), <E> = -1.571826 

T=0.890000	 Thermalizing iterations... 
Done.
Thermalized Magnetisation = (0.689315,-0.010150), Energy = -1.572062 
Averaging iterations... h=0.125000,0.000000
Done.
Final: Magnetisation = (0.663932,-0.013476), Energy = -1.543925 
<M> = (0.688790,0.000139), <E> = -1.579512 

T=0.880000	 Thermalizing iterations... 
Done.
Thermalized Magnetisation = (0.692319,-0.081302), Energy = -1.590248 
Averaging iterations... h=0.125000,0.000000
Done.
Final: Magnetisation = (0.722334,-0.023666), Energy = -1.593842 
<M> = (0.694269,0.019860), <E> = -1.589014 

T=0.870000	 Thermalizing iterations... 
Done.
Thermalized Magnetisation = (0.746201,-0.014895), Energy = -1.614645 
Averaging iterations... h=0.125000,0.000000
Done.
Final: Magnetisation = (0.715508,-0.013692), Energy = -1.605367 
<M> = (0.701312,-0.013451), <E> = -1.597622 

T=0.860000	 Thermalizing iterations... 
Done.
Thermalized Magnetisation = (0.703921,-0.084769), Energy = -1.618616 
Averaging iterations... h=0.125000,0.000000
Done.
Final: Magnetisation = (0.699754,0.056690), Energy = -1.594849 
<M> = (0.702607,-0.020153), <E> = -1.606013 

T=0.850000	 Thermalizing iterations... 
Done.
Thermalized Magnetisation = (0.721758,-0.041217), Energy = -1.608273 
Averaging iterations... h=0.125000,0.000000
Done.
Final: Magnetisation = (0.706473,0.061310), Energy = -1.596530 
<M> = (0.706432,-0.015520), <E> = -1.613941 

T=0.840000	 Thermalizing iterations... 
Done.
Thermalized Magnetisation = (0.691455,-0.135162), Energy = -1.631137 
Averaging iterations... h=0.125000,0.000000
Done.
Final: Magnetisation = (0.717151,-0.013493), Energy = -1.622628 
<M> = (0.708854,-0.012273), <E> = -1.622191 

T=0.830000	 Thermalizing iterations... 
Done.
Thermalized Magnetisation = (0.719931,0.134324), Energy = -1.640874 
Averaging iterations... h=0.125000,0.000000
Done.
Final: Magnetisation = (0.700380,0.017668), Energy = -1.636918 
<M> = (0.718755,-0.000243), <E> = -1.630695 

T=0.820000	 Thermalizing iterations... 
Done.
Thermalized Magnetisation = (0.723517,-0.030960), Energy = -1.637013 
Averaging iterations... h=0.125000,0.000000
Done.
Final: Magnetisation = (0.731606,-0.052386), Energy = -1.622111 
<M> = (0.721367,-0.001791), <E> = -1.638599 

T=0.810000	 Thermalizing iterations... 
Done.
Thermalized Magnetisation = (0.706297,-0.001416), Energy = -1.608745 
Averaging iterations... h=0.125000,0.000000
Done.
Final: Magnetisation = (0.718918,0.093880), Energy = -1.624491 
<M> = (0.723303,0.019928), <E> = -1.645679 

T=0.800000	 Thermalizing iterations... 
Done.
Thermalized Magnetisation = (0.693499,-0.145728), Energy = -1.640779 
Averaging iterations... h=0.125000,0.000000
Done.
Final: Magnetisation = (0.727828,-0.076136), Energy = -1.647627 
<M> = (0.728074,0.003600), <E> = -1.653957 

T=0.790000	 Thermalizing iterations... 
Done.
Thermalized Magnetisation = (0.679955,-0.108443), Energy = -1.674014 
Averaging iterations... h=0.125000,0.000000
Done.
Final: Magnetisation = (0.718860,0.044909), Energy = -1.666429 
<M> = (0.734298,-0.027373), <E> = -1.662316 

T=0.780000	 Thermalizing iterations... 
Done.
Thermalized Magnetisation = (0.722460,0.080162), Energy = -1.651774 
Averaging iterations... h=0.125000,0.000000
Done.
Final: Magnetisation = (0.724560,-0.029043), Energy = -1.643203 
<M> = (0.734968,-0.006944), <E> = -1.669293 

T=0.770000	 Thermalizing iterations... 
Done.
Thermalized Magnetisation = (0.777521,0.012723), Energy = -1.701075 
Averaging iterations... h=0.125000,0.000000
Done.
Final: Magnetisation = (0.744249,-0.001595), Energy = -1.671427 
<M> = (0.738995,-0.023911), <E> = -1.676760 

T=0.760000	 Thermalizing iterations... 
Done.
Thermalized Magnetisation = (0.765594,0.005849), Energy = -1.663313 
Averaging iterations... h=0.125000,0.000000
Done.
Final: Magnetisation = (0.756637,-0.116607), Energy = -1.706424 
<M> = (0.744594,0.004211), <E> = -1.684506 

T=0.750000	 Thermalizing iterations... 
Done.
Thermalized Magnetisation = (0.758256,0.004831), Energy = -1.680229 
Averaging iterations... h=0.125000,0.000000
Done.
Final: Magnetisation = (0.733008,-0.002552), Energy = -1.685404 
<M> = (0.746159,0.016318), <E> = -1.691479 

T=0.740000	 Thermalizing iterations... 
Done.
Thermalized Magnetisation = (0.774479,0.039388), Energy = -1.715782 
Averaging iterations... h=0.125000,0.000000
Done.
Final: Magnetisation = (0.729591,-0.104395), Energy = -1.687879 
<M> = (0.749845,0.011538), <E> = -1.698416 

T=0.730000	 Thermalizing iterations... 
Done.
Thermalized Magnetisation = (0.750212,0.002170), Energy = -1.686704 
Averaging iterations... h=0.125000,0.000000
Done.
Final: Magnetisation = (0.774523,-0.013192), Energy = -1.722544 
<M> = (0.757225,0.005885), <E> = -1.705556 

T=0.720000	 Thermalizing iterations... 
Done.
Thermalized Magnetisation = (0.760782,-0.007529), Energy = -1.703005 
Averaging iterations... h=0.125000,0.000000
Done.
Final: Magnetisation = (0.756112,-0.012100), Energy = -1.715097 
<M> = (0.759014,0.007122), <E> = -1.712815 

T=0.710000	 Thermalizing iterations... 
Done.
Thermalized Magnetisation = (0.784845,-0.033411), Energy = -1.720085 
Averaging iterations... h=0.125000,0.000000
Done.
Final: Magnetisation = (0.760258,0.012563), Energy = -1.717945 
<M> = (0.762594,-0.032965), <E> = -1.719941 

T=0.700000	 Thermalizing iterations... 
Done.
Thermalized Magnetisation = (0.780121,-0.040770), Energy = -1.752420 
Averaging iterations... h=0.125000,0.000000
Done.
Final: Magnetisation = (0.756440,-0.117553), Energy = -1.722943 
<M> = (0.761141,-0.055997), <E> = -1.726209 

T=0.690000	 Thermalizing iterations... 
Done.
Thermalized Magnetisation = (0.790819,-0.006706), Energy = -1.745754 
Averaging iterations... h=0.125000,0.000000
Done.
Final: Magnetisation = (0.699645,-0.259959), Energy = -1.707813 
<M> = (0.766415,-0.019668), <E> = -1.733309 

T=0.680000	 Thermalizing iterations... 
Done.
Thermalized Magnetisation = (0.783783,-0.053411), Energy = -1.745350 
Averaging iterations... h=0.125000,0.000000
Done.
Final: Magnetisation = (0.756158,0.109940), Energy = -1.736811 
<M> = (0.772472,0.016622), <E> = -1.740238 

T=0.670000	 Thermalizing iterations... 
Done.
Thermalized Magnetisation = (0.758079,-0.042738), Energy = -1.748842 
Averaging iterations... h=0.125000,0.000000
Done.
Final: Magnetisation = (0.792713,0.101560), Energy = -1.764282 
<M> = (0.776680,0.012957), <E> = -1.746871 

T=0.660000	 Thermalizing iterations... 
Done.
Thermalized Magnetisation = (0.791449,0.058593), Energy = -1.740156 
Averaging iterations... h=0.125000,0.000000
Done.
Final: Magnetisation = (0.790100,0.089995), Energy = -1.755226 
<M> = (0.778145,-0.019958), <E> = -1.753037 

T=0.650000	 Thermalizing iterations... 
Done.
Thermalized Magnetisation = (0.787416,-0.000067), Energy = -1.759958 
Averaging iterations... h=0.125000,0.000000
Done.
Final: Magnetisation = (0.736223,-0.037656), Energy = -1.735645 
<M> = (0.781615,0.015982), <E> = -1.760057 

T=0.640000	 Thermalizing iterations... 
Done.
Thermalized Magnetisation = (0.782806,-0.003503), Energy = -1.767744 
Averaging iterations... h=0.125000,0.000000
Done.
Final: Magnetisation = (0.799659,-0.082512), Energy = -1.765212 
<M> = (0.782842,-0.042468), <E> = -1.766729 

T=0.630000	 Thermalizing iterations... 
Done.
Thermalized Magnetisation = (0.775978,-0.025048), Energy = -1.769991 
Averaging iterations... h=0.125000,0.000000
Done.
Final: Magnetisation = (0.805505,-0.046965), Energy = -1.765051 
<M> = (0.784170,-0.049096), <E> = -1.773060 

T=0.620000	 Thermalizing iterations... 
Done.
Thermalized Magnetisation = (0.773648,0.162936), Energy = -1.784350 
Averaging iterations... h=0.125000,0.000000
Done.
Final: Magnetisation = (0.779741,-0.037227), Energy = -1.766733 
<M> = (0.789042,0.022489), <E> = -1.779310 

T=0.610000	 Thermalizing iterations... 
Done.
Thermalized Magnetisation = (0.781380,-0.020538), Energy = -1.778048 
Averaging iterations... h=0.125000,0.000000
Done.
Final: Magnetisation = (0.790474,0.013227), Energy = -1.783831 
<M> = (0.793641,0.045108), <E> = -1.785953 

T=0.600000	 Thermalizing iterations... 
Done.
Thermalized Magnetisation = (0.798066,-0.130908), Energy = -1.804168 
Averaging iterations... h=0.125000,0.000000
Done.
Final: Magnetisation = (0.793176,-0.043935), Energy = -1.796820 
<M> = (0.797039,-0.024779), <E> = -1.792329 

T=0.590000	 Thermalizing iterations... 
Done.
Thermalized Magnetisation = (0.793611,0.019333), Energy = -1.814397 
Averaging iterations... h=0.125000,0.000000
Done.
Final: Magnetisation = (0.789186,-0.029838), Energy = -1.798289 
<M> = (0.799747,0.000329), <E> = -1.798451 

T=0.580000	 Thermalizing iterations... 
Done.
Thermalized Magnetisation = (0.802699,0.067769), Energy = -1.817490 
Averaging iterations... h=0.125000,0.000000
Done.
Final: Magnetisation = (0.789125,0.069592), Energy = -1.815612 
<M> = (0.804169,-0.011203), <E> = -1.804669 

T=0.570000	 Thermalizing iterations... 
Done.
Thermalized Magnetisation = (0.818035,0.004715), Energy = -1.814425 
Averaging iterations... h=0.125000,0.000000
Done.
Final: Magnetisation = (0.821457,-0.013498), Energy = -1.822516 
<M> = (0.803883,-0.029932), <E> = -1.811060 

T=0.560000	 Thermalizing iterations... 
Done.
Thermalized Magnetisation = (0.815844,-0.063010), Energy = -1.819681 
Averaging iterations... h=0.125000,0.000000
Done.
Final: Magnetisation = (0.801612,-0.077829), Energy = -1.807689 
<M> = (0.807255,-0.030737), <E> = -1.817273 

T=0.550000	 Thermalizing iterations... 
Done.
Thermalized Magnetisation = (0.817762,0.060998), Energy = -1.830506 
Averaging iterations... h=0.125000,0.000000
Done.
Final: Magnetisation = (0.811097,0.034851), Energy = -1.829370 
<M> = (0.808376,-0.035701), <E> = -1.822838 

T=0.540000	 Thermalizing iterations... 
Done.
Thermalized Magnetisation = (0.827160,0.041648), Energy = -1.844050 
Averaging iterations... h=0.125000,0.000000
Done.
Final: Magnetisation = (0.808538,-0.140436), Energy = -1.825650 
<M> = (0.812955,0.003973), <E> = -1.828704 

T=0.530000	 Thermalizing iterations... 
Done.
Thermalized Magnetisation = (0.830985,-0.020215), Energy = -1.833517 
Averaging iterations... h=0.125000,0.000000
Done.
Final: Magnetisation = (0.805957,-0.033032), Energy = -1.842138 
<M> = (0.817485,0.012463), <E> = -1.835180 

T=0.520000	 Thermalizing iterations... 
Done.
Thermalized Magnetisation = (0.824522,0.054718), Energy = -1.843401 
Averaging iterations... h=0.125000,0.000000
Done.
Final: Magnetisation = (0.824168,0.007024), Energy = -1.840316 
<M> = (0.820862,-0.008917), <E> = -1.840945 

T=0.510000	 Thermalizing iterations... 
Done.
Thermalized Magnetisation = (0.829140,0.018002), Energy = -1.840963 
Averaging iterations... h=0.125000,0.000000
Done.
Final: Magnetisation = (0.830967,-0.030738), Energy = -1.842920 
<M> = (0.820798,-0.020568), <E> = -1.846852 

T=0.500000	 Thermalizing iterations... 
Done.
Thermalized Magnetisation = (0.803432,-0.072466), Energy = -1.843226 
Averaging iterations... h=0.125000,0.000000
Done.
Final: Magnetisation = (0.811131,-0.096459), Energy = -1.847176 
<M> = (0.823567,-0.036554), <E> = -1.852958 

T=0.490000	 Thermalizing iterations... 
Done.
Thermalized Magnetisation = (0.825669,-0.008016), Energy = -1.863961 
Averaging iterations... h=0.125000,0.000000
Done.
Final: Magnetisation = (0.805991,-0.162503), Energy = -1.866421 
<M> = (0.824969,-0.077332), <E> = -1.859372 

T=0.480000	 Thermalizing iterations... 
Done.
Thermalized Magnetisation = (0.827120,0.018898), Energy = -1.851291 
Averaging iterations... h=0.125000,0.000000
Done.
Final: Magnetisation = (0.832241,0.004808), Energy = -1.858054 
<M> = (0.824284,-0.061035), <E> = -1.864816 

T=0.470000	 Thermalizing iterations... 
Done.
Thermalized Magnetisation = (0.827461,-0.076146), Energy = -1.863328 
Averaging iterations... h=0.125000,0.000000
Done.
Final: Magnetisation = (0.846385,-0.030729), Energy = -1.878129 
<M> = (0.829787,0.034231), <E> = -1.870616 

T=0.460000	 Thermalizing iterations... 
Done.
Thermalized Magnetisation = (0.839717,-0.001759), Energy = -1.868924 
Averaging iterations... h=0.125000,0.000000
Done.
Final: Magnetisation = (0.821279,-0.002617), Energy = -1.871735 
<M> = (0.839218,0.008688), <E> = -1.876366 

T=0.450000	 Thermalizing iterations... 
Done.
Thermalized Magnetisation = (0.832412,-0.159628), Energy = -1.876514 
Averaging iterations... h=0.125000,0.000000
Done.
Final: Magnetisation = (0.848863,0.015370), Energy = -1.886660 
<M> = (0.841205,-0.040485), <E> = -1.882347 

T=0.440000	 Thermalizing iterations... 
Done.
Thermalized Magnetisation = (0.831268,-0.071058), Energy = -1.888294 
Averaging iterations... h=0.125000,0.000000
Done.
Final: Magnetisation = (0.834129,0.042278), Energy = -1.882951 
<M> = (0.837914,-0.074976), <E> = -1.888326 

T=0.430000	 Thermalizing iterations... 
Done.
Thermalized Magnetisation = (0.852460,0.027590), Energy = -1.892536 
Averaging iterations... h=0.125000,0.000000
Done.
Final: Magnetisation = (0.853894,-0.056062), Energy = -1.898689 
<M> = (0.845546,-0.043957), <E> = -1.893973 

T=0.420000	 Thermalizing iterations... 
Done.
Thermalized Magnetisation = (0.848843,0.020495), Energy = -1.901231 
Averaging iterations... h=0.125000,0.000000
Done.
Final: Magnetisation = (0.829749,0.050923), Energy = -1.899426 
<M> = (0.846401,-0.021608), <E> = -1.899770 

T=0.410000	 Thermalizing iterations... 
Done.
Thermalized Magnetisation = (0.834059,0.027860), Energy = -1.900134 
Averaging iterations... h=0.125000,0.000000
Done.
Final: Magnetisation = (0.858902,-0.126290), Energy = -1.905145 
<M> = (0.847437,-0.042941), <E> = -1.905514 

T=0.400000	 Thermalizing iterations... 
Done.
Thermalized Magnetisation = (0.870193,-0.049591), Energy = -1.911461 
Averaging iterations... h=0.125000,0.000000
Done.
Final: Magnetisation = (0.843428,-0.051138), Energy = -1.909087 
<M> = (0.849563,0.004959), <E> = -1.910997 

T=0.390000	 Thermalizing iterations... 
Done.
Thermalized Magnetisation = (0.871338,-0.078865), Energy = -1.915330 
Averaging iterations... h=0.125000,0.000000
Done.
Final: Magnetisation = (0.864391,-0.125755), Energy = -1.913811 
<M> = (0.851294,-0.066150), <E> = -1.916359 

T=0.380000	 Thermalizing iterations... 
Done.
Thermalized Magnetisation = (0.860086,-0.046500), Energy = -1.918014 
Averaging iterations... h=0.125000,0.000000
Done.
Final: Magnetisation = (0.863343,0.044718), Energy = -1.923022 
<M> = (0.857765,-0.029301), <E> = -1.921968 

T=0.370000	 Thermalizing iterations... 
Done.
Thermalized Magnetisation = (0.851966,-0.114691), Energy = -1.931781 
Averaging iterations... h=0.125000,0.000000
Done.
Final: Magnetisation = (0.868340,-0.056672), Energy = -1.935145 
<M> = (0.856788,-0.088970), <E> = -1.927872 

T=0.360000	 Thermalizing iterations... 
Done.
Thermalized Magnetisation = (0.867711,0.067145), Energy = -1.937202 
Averaging iterations... h=0.125000,0.000000
Done.
Final: Magnetisation = (0.853120,0.107657), Energy = -1.937106 
<M> = (0.860577,-0.000394), <E> = -1.933208 

T=0.350000	 Thermalizing iterations... 
Done.
Thermalized Magnetisation = (0.856696,-0.095097), Energy = -1.930324 
Averaging iterations... h=0.125000,0.000000
Done.
Final: Magnetisation = (0.862440,-0.087573), Energy = -1.938883 
<M> = (0.863030,-0.067226), <E> = -1.939012 

T=0.340000	 Thermalizing iterations... 
Done.
Thermalized Magnetisation = (0.858963,0.068195), Energy = -1.940716 
Averaging iterations... h=0.125000,0.000000
Done.
Final: Magnetisation = (0.849268,-0.126930), Energy = -1.947230 
<M> = (0.864298,-0.024906), <E> = -1.944417 

T=0.330000	 Thermalizing iterations... 
Done.
Thermalized Magnetisation = (0.874040,0.040258), Energy = -1.949067 
Averaging iterations... h=0.125000,0.000000
Done.
Final: Magnetisation = (0.866270,0.006215), Energy = -1.948873 
<M> = (0.862549,-0.001971), <E> = -1.949662 

T=0.320000	 Thermalizing iterations... 
Done.
Thermalized Magnetisation = (0.838808,-0.091496), Energy = -1.946650 
Averaging iterations... h=0.125000,0.000000
Done.
Final: Magnetisation = (0.861600,-0.033988), Energy = -1.952486 
<M> = (0.869204,0.014930), <E> = -1.955227 

T=0.310000	 Thermalizing iterations... 
Done.
Thermalized Magnetisation = (0.879499,0.066569), Energy = -1.955962 
Averaging iterations... h=0.125000,0.000000
Done.
Final: Magnetisation = (0.871635,-0.036386), Energy = -1.962902 
<M> = (0.874286,-0.017978), <E> = -1.960605 

T=0.300000	 Thermalizing iterations... 
Done.
Thermalized Magnetisation = (0.866110,-0.030801), Energy = -1.965905 
Averaging iterations... h=0.125000,0.000000
Done.
Final: Magnetisation = (0.888496,0.022881), Energy = -1.965801 
<M> = (0.877868,0.058231), <E> = -1.966163 

T=0.290000	 Thermalizing iterations... 
Done.
Thermalized Magnetisation = (0.869914,0.010434), Energy = -1.966630 
Averaging iterations... h=0.125000,0.000000
Done.
Final: Magnetisation = (0.892601,-0.054810), Energy = -1.970247 
<M> = (0.878886,-0.052268), <E> = -1.971620 

T=0.280000	 Thermalizing iterations... 
Done.
Thermalized Magnetisation = (0.870535,-0.061694), Energy = -1.976287 
Averaging iterations... h=0.125000,0.000000
Done.
Final: Magnetisation = (0.890597,-0.051558), Energy = -1.978753 
<M> = (0.877222,-0.045258), <E> = -1.977077 

T=0.270000	 Thermalizing iterations... 
Done.
Thermalized Magnetisation = (0.868844,0.011774), Energy = -1.982751 
Averaging iterations... h=0.125000,0.000000
Done.
Final: Magnetisation = (0.865004,0.106460), Energy = -1.981733 
<M> = (0.883066,0.070396), <E> = -1.982646 

T=0.260000	 Thermalizing iterations... 
Done.
Thermalized Magnetisation = (0.875195,0.012876), Energy = -1.986238 
Averaging iterations... h=0.125000,0.000000
Done.
Final: Magnetisation = (0.877968,-0.017621), Energy = -1.990123 
<M> = (0.880884,0.009454), <E> = -1.987919 

T=0.250000	 Thermalizing iterations... 
Done.
Thermalized Magnetisation = (0.886605,0.140359), Energy = -1.993940 
Averaging iterations... h=0.125000,0.000000
Done.
Final: Magnetisation = (0.871054,0.156337), Energy = -1.990502 
<M> = (0.884210,0.122607), <E> = -1.993287 

T=0.240000	 Thermalizing iterations... 
Done.
Thermalized Magnetisation = (0.904914,0.053102), Energy = -1.996349 
Averaging iterations... h=0.125000,0.000000
Done.
Final: Magnetisation = (0.880373,0.074616), Energy = -1.997101 
<M> = (0.889255,0.034700), <E> = -1.998346 

T=0.230000	 Thermalizing iterations... 
Done.
Thermalized Magnetisation = (0.899420,0.023883), Energy = -2.002449 
Averaging iterations... h=0.125000,0.000000
Done.
Final: Magnetisation = (0.872291,0.187565), Energy = -2.003346 
<M> = (0.889517,0.073834), <E> = -2.003977 

T=0.220000	 Thermalizing iterations... 
Done.
Thermalized Magnetisation = (0.892370,-0.024602), Energy = -2.005507 
Averaging iterations... h=0.125000,0.000000
Done.
Final: Magnetisation = (0.878614,-0.066717), Energy = -2.007074 
<M> = (0.896450,-0.011155), <E> = -2.009064 

T=0.210000	 Thermalizing iterations... 
Done.
Thermalized Magnetisation = (0.892712,0.133189), Energy = -2.015686 
Averaging iterations... h=0.125000,0.000000
Done.
Final: Magnetisation = (0.890417,0.065530), Energy = -2.014878 
<M> = (0.896447,0.057005), <E> = -2.014407 

T=0.200000	 Thermalizing iterations... 
Done.
Thermalized Magnetisation = (0.890376,0.040154), Energy = -2.019746 
Averaging iterations... h=0.125000,0.000000
Done.
Final: Magnetisation = (0.902617,0.074732), Energy = -2.020598 
<M> = (0.894539,0.075854), <E> = -2.019979 

T=0.190000	 Thermalizing iterations... 
Done.
Thermalized Magnetisation = (0.892000,0.061237), Energy = -2.025209 
Averaging iterations... h=0.125000,0.000000
Done.
Final: Magnetisation = (0.913977,-0.001166), Energy = -2.027226 
<M> = (0.897179,0.046343), <E> = -2.025197 

T=0.180000	 Thermalizing iterations... 
Done.
Thermalized Magnetisation = (0.894286,0.161201), Energy = -2.029251 
Averaging iterations... h=0.125000,0.000000
Done.
Final: Magnetisation = (0.902456,0.131948), Energy = -2.031402 
<M> = (0.894530,0.167416), <E> = -2.030469 

T=0.170000	 Thermalizing iterations... 
Done.
Thermalized Magnetisation = (0.898453,0.033657), Energy = -2.033369 
Averaging iterations... h=0.125000,0.000000
Done.
Final: Magnetisation = (0.882728,0.095932), Energy = -2.038685 
<M> = (0.897601,0.063257), <E> = -2.035495 

T=0.160000	 Thermalizing iterations... 
Done.
Thermalized Magnetisation = (0.903752,-0.008420), Energy = -2.039945 
Averaging iterations... h=0.125000,0.000000
Done.
Final: Magnetisation = (0.904257,0.028444), Energy = -2.039398 
<M> = (0.900141,0.014778), <E> = -2.040945 

T=0.150000	 Thermalizing iterations... 
Done.
Thermalized Magnetisation = (0.901078,-0.005620), Energy = -2.045341 
Averaging iterations... h=0.125000,0.000000
Done.
Final: Magnetisation = (0.904766,-0.002113), Energy = -2.049668 
<M> = (0.903392,-0.020010), <E> = -2.045908 

T=0.140000	 Thermalizing iterations... 
Done.
Thermalized Magnetisation = (0.913398,-0.001855), Energy = -2.053581 
Averaging iterations... h=0.125000,0.000000
Done.
Final: Magnetisation = (0.925040,0.002933), Energy = -2.051952 
<M> = (0.913076,0.001596), <E> = -2.051130 

T=0.130000	 Thermalizing iterations... 
Done.
Thermalized Magnetisation = (0.905039,-0.031332), Energy = -2.056403 
Averaging iterations... h=0.125000,0.000000
Done.
Final: Magnetisation = (0.907567,-0.027978), Energy = -2.057761 
<M> = (0.906195,-0.010361), <E> = -2.056403 

T=0.120000	 Thermalizing iterations... 
Done.
Thermalized Magnetisation = (0.910762,-0.047794), Energy = -2.061429 
Averaging iterations... h=0.125000,0.000000
Done.
Final: Magnetisation = (0.912687,-0.010321), Energy = -2.062001 
<M> = (0.908414,-0.035940), <E> = -2.061568 

T=0.110000	 Thermalizing iterations... 
Done.
Thermalized Magnetisation = (0.900811,0.017405), Energy = -2.067408 
Averaging iterations... h=0.125000,0.000000
Done.
Final: Magnetisation = (0.912632,0.029574), Energy = -2.066585 
<M> = (0.903896,0.012694), <E> = -2.066714 

T=0.100000	 Thermalizing iterations... 
Done.
Thermalized Magnetisation = (0.910035,0.036376), Energy = -2.069418 
Averaging iterations... h=0.125000,0.000000
Done.
Final: Magnetisation = (0.910030,-0.005240), Energy = -2.074008 
<M> = (0.910768,0.016828), <E> = -2.071939 

T=0.090000	 Thermalizing iterations... 
Done.
Thermalized Magnetisation = (0.911738,0.043390), Energy = -2.076361 
Averaging iterations... h=0.125000,0.000000
Done.
Final: Magnetisation = (0.902540,0.067224), Energy = -2.077726 
<M> = (0.914464,0.023154), <E> = -2.077005 

T=0.080000	 Thermalizing iterations... 
Done.
Thermalized Magnetisation = (0.907214,-0.023240), Energy = -2.082406 
Averaging iterations... h=0.125000,0.000000
Done.
Final: Magnetisation = (0.921897,0.024123), Energy = -2.083019 
<M> = (0.913267,0.010793), <E> = -2.082072 

T=0.070000	 Thermalizing iterations... 
Done.
Thermalized Magnetisation = (0.914562,0.030371), Energy = -2.088162 
Averaging iterations... h=0.125000,0.000000
Done.
Final: Magnetisation = (0.920245,0.022601), Energy = -2.087397 
<M> = (0.913546,0.015383), <E> = -2.087142 

T=0.060000	 Thermalizing iterations... 
Done.
Thermalized Magnetisation = (0.912996,0.064349), Energy = -2.091441 
Averaging iterations... h=0.125000,0.000000
Done.
Final: Magnetisation = (0.913752,0.032123), Energy = -2.092621 
<M> = (0.913974,0.038319), <E> = -2.092328 

T=0.050000	 Thermalizing iterations... 
Done.
Thermalized Magnetisation = (0.921186,0.041495), Energy = -2.096703 
Averaging iterations... h=0.125000,0.000000
Done.
Final: Magnetisation = (0.923775,0.035802), Energy = -2.097554 
<M> = (0.920827,0.055135), <E> = -2.097344 

T=0.040000	 Thermalizing iterations... 
Done.
Thermalized Magnetisation = (0.916465,0.030774), Energy = -2.102867 
Averaging iterations... h=0.125000,0.000000
Done.
Final: Magnetisation = (0.916949,0.041170), Energy = -2.102502 
<M> = (0.918486,0.038664), <E> = -2.102427 

T=0.030000	 Thermalizing iterations... 
Done.
Thermalized Magnetisation = (0.918601,0.042651), Energy = -2.107634 
Averaging iterations... h=0.125000,0.000000
Done.
Final: Magnetisation = (0.916396,0.038366), Energy = -2.107658 
<M> = (0.918640,0.033489), <E> = -2.107481 

T=0.020000	 Thermalizing iterations... 
Done.
Thermalized Magnetisation = (0.920415,0.042943), Energy = -2.112620 
Averaging iterations... h=0.125000,0.000000
Done.
Final: Magnetisation = (0.917480,0.024991), Energy = -2.112409 
<M> = (0.919699,0.031884), <E> = -2.112505 

T=0.010000	 Thermalizing iterations... 
Done.
Thermalized Magnetisation = (0.921617,0.031764), Energy = -2.117562 
Averaging iterations... h=0.125000,0.000000
Done.
Final: Magnetisation = (0.921832,0.027670), Energy = -2.117565 
<M> = (0.921887,0.032761), <E> = -2.117527 
Final Magnetisation = (0.921832,0.027670), Energy = -2.117565 
------------------------

Updating all (first)black/(then)white checkerboard sites simultaneously.. 

ztne RFXY h rotating with |h|=0.125000 at T=0.000000..
loop 1

loop 2

CPU  Start Time = 3835201.875382 

CPU  End Time = 3844510.502257 

CPU Time elapsed total = 9308.626875 

real	155m8.642s
user	2724m16.404s
sys	1m20.001s
