+ cd /home/sbasak/Exercises/OpenMP/XY_code/Z2/rotating_field/trial/config/config_100
+ export OMP_NUM_THREADS=28
+ OMP_NUM_THREADS=28
+ ./a_64.out
nearest neighbor initialized. 
h loaded. 
J loaded. 
L = 128, dim_L = 2, dim_S = 2
hysteresis_MCS_multiplier = 10, hysteresis_MCS_max = 100
RAND_MAX = 2147483647.000000,
 sizeof(int) = 4,
 sizeof(long) = 8,
 sizeof(double) = 8,
 sizeof(long int) = 8,
 sizeof(short int) = 2,
 sizeof(unsigned int) = 4,
 sizeof(RAND_MAX) = 4
No. of THREADS = 28
No. of PROCESSORS = 28

0.058901,0.021232
order = ({1.000000-->-1.000000,0.000000}, 0, 1)
Initial Magnetisation = (0.058901,0.021232), Energy = 0.027979 
Cooling... 
T=2.000000	 Thermalizing iterations... 
Done.
Thermalized Magnetisation = (0.009134,-0.011493), Energy = -0.570184 
Averaging iterations... h=0.007812,0.000000
Done.
Final: Magnetisation = (0.008453,-0.032471), Energy = -0.569239 
<M> = (0.011522,0.000197), <E> = -0.606985 

T=1.990000	 Thermalizing iterations... 
Done.
Thermalized Magnetisation = (-0.012635,0.029928), Energy = -0.633418 
Averaging iterations... h=0.007812,0.000000
Done.
Final: Magnetisation = (0.008935,0.011474), Energy = -0.641647 
<M> = (0.013501,-0.001787), <E> = -0.611203 

T=1.980000	 Thermalizing iterations... 
Done.
Thermalized Magnetisation = (-0.004660,0.025069), Energy = -0.641689 
Averaging iterations... h=0.007812,0.000000
Done.
Final: Magnetisation = (0.049851,0.001014), Energy = -0.613217 
<M> = (0.012276,-0.001356), <E> = -0.615443 

T=1.970000	 Thermalizing iterations... 
Done.
Thermalized Magnetisation = (0.005261,0.031263), Energy = -0.629259 
Averaging iterations... h=0.007812,0.000000
Done.
Final: Magnetisation = (0.003651,-0.062799), Energy = -0.627304 
<M> = (0.013488,-0.002174), <E> = -0.619257 

T=1.960000	 Thermalizing iterations... 
Done.
Thermalized Magnetisation = (0.013282,-0.031434), Energy = -0.656936 
Averaging iterations... h=0.007812,0.000000
Done.
Final: Magnetisation = (0.005265,-0.009572), Energy = -0.633573 
<M> = (0.013999,-0.000652), <E> = -0.622723 

T=1.950000	 Thermalizing iterations... 
Done.
Thermalized Magnetisation = (0.010265,0.015848), Energy = -0.622273 
Averaging iterations... h=0.007812,0.000000
Done.
Final: Magnetisation = (0.068624,-0.022918), Energy = -0.638159 
<M> = (0.014758,-0.000523), <E> = -0.625738 

T=1.940000	 Thermalizing iterations... 
Done.
Thermalized Magnetisation = (0.043607,-0.011023), Energy = -0.620380 
Averaging iterations... h=0.007812,0.000000
Done.
Final: Magnetisation = (0.041910,0.019895), Energy = -0.613766 
<M> = (0.013624,-0.000059), <E> = -0.629346 

T=1.930000	 Thermalizing iterations... 
Done.
Thermalized Magnetisation = (0.023416,-0.002305), Energy = -0.637751 
Averaging iterations... h=0.007812,0.000000
Done.
Final: Magnetisation = (-0.072745,0.014857), Energy = -0.627970 
<M> = (0.012424,0.000662), <E> = -0.632296 

T=1.920000	 Thermalizing iterations... 
Done.
Thermalized Magnetisation = (-0.023172,0.030068), Energy = -0.669340 
Averaging iterations... h=0.007812,0.000000
Done.
Final: Magnetisation = (0.008577,-0.012339), Energy = -0.642667 
<M> = (0.013798,-0.001541), <E> = -0.636797 

T=1.910000	 Thermalizing iterations... 
Done.
Thermalized Magnetisation = (-0.026356,0.010255), Energy = -0.645736 
Averaging iterations... h=0.007812,0.000000
Done.
Final: Magnetisation = (-0.011808,-0.013063), Energy = -0.692113 
<M> = (0.013809,-0.001353), <E> = -0.641141 

T=1.900000	 Thermalizing iterations... 
Done.
Thermalized Magnetisation = (0.096859,0.084957), Energy = -0.658939 
Averaging iterations... h=0.007812,0.000000
Done.
Final: Magnetisation = (-0.046839,-0.014173), Energy = -0.639061 
<M> = (0.014179,-0.002883), <E> = -0.645385 

T=1.890000	 Thermalizing iterations... 
Done.
Thermalized Magnetisation = (-0.027940,0.010925), Energy = -0.659840 
Averaging iterations... h=0.007812,0.000000
Done.
Final: Magnetisation = (-0.016387,0.016614), Energy = -0.635029 
<M> = (0.014978,-0.002506), <E> = -0.649182 

T=1.880000	 Thermalizing iterations... 
Done.
Thermalized Magnetisation = (0.020843,-0.034608), Energy = -0.646832 
Averaging iterations... h=0.007812,0.000000
Done.
Final: Magnetisation = (-0.032930,0.005046), Energy = -0.675992 
<M> = (0.015616,-0.001275), <E> = -0.653181 

T=1.870000	 Thermalizing iterations... 
Done.
Thermalized Magnetisation = (-0.017457,0.017237), Energy = -0.664288 
Averaging iterations... h=0.007812,0.000000
Done.
Final: Magnetisation = (0.018456,0.018732), Energy = -0.659082 
<M> = (0.015543,0.001915), <E> = -0.656442 

T=1.860000	 Thermalizing iterations... 
Done.
Thermalized Magnetisation = (-0.017671,0.034862), Energy = -0.626174 
Averaging iterations... h=0.007812,0.000000
Done.
Final: Magnetisation = (0.037401,-0.028511), Energy = -0.637832 
<M> = (0.014678,-0.000711), <E> = -0.660333 

T=1.850000	 Thermalizing iterations... 
Done.
Thermalized Magnetisation = (-0.001734,0.089248), Energy = -0.657553 
Averaging iterations... h=0.007812,0.000000
Done.
Final: Magnetisation = (0.065329,-0.017998), Energy = -0.689178 
<M> = (0.014516,-0.000085), <E> = -0.664763 

T=1.840000	 Thermalizing iterations... 
Done.
Thermalized Magnetisation = (0.006365,0.026719), Energy = -0.659890 
Averaging iterations... h=0.007812,0.000000
Done.
Final: Magnetisation = (0.042417,-0.015564), Energy = -0.690096 
<M> = (0.016432,-0.000938), <E> = -0.669355 

T=1.830000	 Thermalizing iterations... 
Done.
Thermalized Magnetisation = (0.064897,-0.013985), Energy = -0.668254 
Averaging iterations... h=0.007812,0.000000
Done.
Final: Magnetisation = (0.003794,0.059666), Energy = -0.665443 
<M> = (0.015081,-0.002395), <E> = -0.673806 

T=1.820000	 Thermalizing iterations... 
Done.
Thermalized Magnetisation = (0.010005,0.021532), Energy = -0.682569 
Averaging iterations... h=0.007812,0.000000
Done.
Final: Magnetisation = (0.043267,-0.031783), Energy = -0.684046 
<M> = (0.016015,-0.002117), <E> = -0.678777 

T=1.810000	 Thermalizing iterations... 
Done.
Thermalized Magnetisation = (0.006226,0.035540), Energy = -0.685654 
Averaging iterations... h=0.007812,0.000000
Done.
Final: Magnetisation = (0.008973,0.022299), Energy = -0.657340 
<M> = (0.018527,-0.001833), <E> = -0.682879 

T=1.800000	 Thermalizing iterations... 
Done.
Thermalized Magnetisation = (-0.015929,-0.007546), Energy = -0.667292 
Averaging iterations... h=0.007812,0.000000
Done.
Final: Magnetisation = (0.025737,0.025763), Energy = -0.717485 
<M> = (0.018764,-0.000198), <E> = -0.686439 

T=1.790000	 Thermalizing iterations... 
Done.
Thermalized Magnetisation = (0.030242,-0.041526), Energy = -0.697781 
Averaging iterations... h=0.007812,0.000000
Done.
Final: Magnetisation = (-0.017805,-0.050477), Energy = -0.692614 
<M> = (0.016613,0.000352), <E> = -0.690730 

T=1.780000	 Thermalizing iterations... 
Done.
Thermalized Magnetisation = (0.020113,-0.007228), Energy = -0.713669 
Averaging iterations... h=0.007812,0.000000
Done.
Final: Magnetisation = (0.045185,-0.006198), Energy = -0.692675 
<M> = (0.016035,0.000959), <E> = -0.695173 

T=1.770000	 Thermalizing iterations... 
Done.
Thermalized Magnetisation = (0.027851,0.036857), Energy = -0.701531 
Averaging iterations... h=0.007812,0.000000
Done.
Final: Magnetisation = (0.026881,0.074168), Energy = -0.700706 
<M> = (0.017971,-0.002876), <E> = -0.700289 

T=1.760000	 Thermalizing iterations... 
Done.
Thermalized Magnetisation = (0.025620,0.005226), Energy = -0.753549 
Averaging iterations... h=0.007812,0.000000
Done.
Final: Magnetisation = (0.062870,-0.054693), Energy = -0.717615 
<M> = (0.018146,-0.000464), <E> = -0.705552 

T=1.750000	 Thermalizing iterations... 
Done.
Thermalized Magnetisation = (-0.029108,0.008276), Energy = -0.709391 
Averaging iterations... h=0.007812,0.000000
Done.
Final: Magnetisation = (0.063043,-0.005026), Energy = -0.687786 
<M> = (0.017428,-0.002779), <E> = -0.710464 

T=1.740000	 Thermalizing iterations... 
Done.
Thermalized Magnetisation = (0.039596,0.008198), Energy = -0.690357 
Averaging iterations... h=0.007812,0.000000
Done.
Final: Magnetisation = (0.025579,-0.021381), Energy = -0.727330 
<M> = (0.019083,-0.003022), <E> = -0.715234 

T=1.730000	 Thermalizing iterations... 
Done.
Thermalized Magnetisation = (0.038085,-0.040050), Energy = -0.733172 
Averaging iterations... h=0.007812,0.000000
Done.
Final: Magnetisation = (-0.033525,-0.055519), Energy = -0.725136 
<M> = (0.020524,-0.000557), <E> = -0.719689 

T=1.720000	 Thermalizing iterations... 
Done.
Thermalized Magnetisation = (0.024302,-0.061481), Energy = -0.717430 
Averaging iterations... h=0.007812,0.000000
Done.
Final: Magnetisation = (0.037571,0.025047), Energy = -0.739224 
<M> = (0.019039,0.001548), <E> = -0.724052 

T=1.710000	 Thermalizing iterations... 
Done.
Thermalized Magnetisation = (0.029632,-0.051887), Energy = -0.742379 
Averaging iterations... h=0.007812,0.000000
Done.
Final: Magnetisation = (0.044647,-0.021205), Energy = -0.740458 
<M> = (0.019039,-0.000049), <E> = -0.728778 

T=1.700000	 Thermalizing iterations... 
Done.
Thermalized Magnetisation = (0.032903,0.006542), Energy = -0.738198 
Averaging iterations... h=0.007812,0.000000
Done.
Final: Magnetisation = (0.024920,0.035047), Energy = -0.745093 
<M> = (0.020302,-0.000068), <E> = -0.734318 

T=1.690000	 Thermalizing iterations... 
Done.
Thermalized Magnetisation = (-0.029144,0.020170), Energy = -0.761175 
Averaging iterations... h=0.007812,0.000000
Done.
Final: Magnetisation = (0.020323,-0.075501), Energy = -0.740135 
<M> = (0.020866,-0.000681), <E> = -0.739463 

T=1.680000	 Thermalizing iterations... 
Done.
Thermalized Magnetisation = (-0.028034,-0.017982), Energy = -0.760989 
Averaging iterations... h=0.007812,0.000000
Done.
Final: Magnetisation = (0.006176,-0.115700), Energy = -0.746545 
<M> = (0.020113,-0.003586), <E> = -0.745725 

T=1.670000	 Thermalizing iterations... 
Done.
Thermalized Magnetisation = (-0.024063,-0.004160), Energy = -0.737767 
Averaging iterations... h=0.007812,0.000000
Done.
Final: Magnetisation = (0.038566,-0.071750), Energy = -0.773475 
<M> = (0.021348,-0.001739), <E> = -0.751053 

T=1.660000	 Thermalizing iterations... 
Done.
Thermalized Magnetisation = (-0.049884,-0.008381), Energy = -0.766909 
Averaging iterations... h=0.007812,0.000000
Done.
Final: Magnetisation = (0.033690,-0.030386), Energy = -0.773959 
<M> = (0.022214,-0.002088), <E> = -0.756367 

T=1.650000	 Thermalizing iterations... 
Done.
Thermalized Magnetisation = (0.010438,-0.017733), Energy = -0.754522 
Averaging iterations... h=0.007812,0.000000
Done.
Final: Magnetisation = (-0.035164,0.063548), Energy = -0.772443 
<M> = (0.023175,0.000745), <E> = -0.760846 

T=1.640000	 Thermalizing iterations... 
Done.
Thermalized Magnetisation = (0.064987,0.065146), Energy = -0.792365 
Averaging iterations... h=0.007812,0.000000
Done.
Final: Magnetisation = (0.062278,-0.063469), Energy = -0.758880 
<M> = (0.022322,0.000908), <E> = -0.766486 

T=1.630000	 Thermalizing iterations... 
Done.
Thermalized Magnetisation = (0.036125,0.032131), Energy = -0.786338 
Averaging iterations... h=0.007812,0.000000
Done.
Final: Magnetisation = (0.034100,0.000670), Energy = -0.711714 
<M> = (0.023362,0.001054), <E> = -0.771462 

T=1.620000	 Thermalizing iterations... 
Done.
Thermalized Magnetisation = (0.039619,-0.057942), Energy = -0.763538 
Averaging iterations... h=0.007812,0.000000
Done.
Final: Magnetisation = (0.081239,-0.020767), Energy = -0.797265 
<M> = (0.024142,-0.001806), <E> = -0.777934 

T=1.610000	 Thermalizing iterations... 
Done.
Thermalized Magnetisation = (0.052580,0.039518), Energy = -0.796622 
Averaging iterations... h=0.007812,0.000000
Done.
Final: Magnetisation = (0.020391,0.085908), Energy = -0.817772 
<M> = (0.022515,-0.002308), <E> = -0.784369 

T=1.600000	 Thermalizing iterations... 
Done.
Thermalized Magnetisation = (0.026084,-0.016368), Energy = -0.823204 
Averaging iterations... h=0.007812,0.000000
Done.
Final: Magnetisation = (-0.007572,-0.029688), Energy = -0.774320 
<M> = (0.023445,-0.004152), <E> = -0.790764 

T=1.590000	 Thermalizing iterations... 
Done.
Thermalized Magnetisation = (-0.004258,0.034112), Energy = -0.776373 
Averaging iterations... h=0.007812,0.000000
Done.
Final: Magnetisation = (-0.078975,0.022784), Energy = -0.775352 
<M> = (0.024267,-0.002405), <E> = -0.796248 

T=1.580000	 Thermalizing iterations... 
Done.
Thermalized Magnetisation = (0.007637,-0.004252), Energy = -0.784441 
Averaging iterations... h=0.007812,0.000000
Done.
Final: Magnetisation = (0.034508,-0.065662), Energy = -0.851424 
<M> = (0.028505,-0.000438), <E> = -0.802220 

T=1.570000	 Thermalizing iterations... 
Done.
Thermalized Magnetisation = (0.027400,0.036665), Energy = -0.827006 
Averaging iterations... h=0.007812,0.000000
Done.
Final: Magnetisation = (0.024141,0.021352), Energy = -0.809688 
<M> = (0.025664,0.000044), <E> = -0.807474 

T=1.560000	 Thermalizing iterations... 
Done.
Thermalized Magnetisation = (0.080393,-0.041566), Energy = -0.838700 
Averaging iterations... h=0.007812,0.000000
Done.
Final: Magnetisation = (-0.020092,-0.029751), Energy = -0.781037 
<M> = (0.026247,0.000988), <E> = -0.813417 

T=1.550000	 Thermalizing iterations... 
Done.
Thermalized Magnetisation = (-0.029708,-0.016937), Energy = -0.764496 
Averaging iterations... h=0.007812,0.000000
Done.
Final: Magnetisation = (0.018135,0.001331), Energy = -0.813129 
<M> = (0.027482,-0.000098), <E> = -0.820319 

T=1.540000	 Thermalizing iterations... 
Done.
Thermalized Magnetisation = (-0.012000,0.092173), Energy = -0.831496 
Averaging iterations... h=0.007812,0.000000
Done.
Final: Magnetisation = (0.043945,-0.079395), Energy = -0.847735 
<M> = (0.028977,-0.000815), <E> = -0.827079 

T=1.530000	 Thermalizing iterations... 
Done.
Thermalized Magnetisation = (0.076180,0.010645), Energy = -0.881305 
Averaging iterations... h=0.007812,0.000000
Done.
Final: Magnetisation = (0.031397,0.032334), Energy = -0.824233 
<M> = (0.027769,-0.004665), <E> = -0.834194 

T=1.520000	 Thermalizing iterations... 
Done.
Thermalized Magnetisation = (0.074293,0.085289), Energy = -0.837941 
Averaging iterations... h=0.007812,0.000000
Done.
Final: Magnetisation = (0.007339,-0.016697), Energy = -0.851721 
<M> = (0.029397,-0.002014), <E> = -0.840722 

T=1.510000	 Thermalizing iterations... 
Done.
Thermalized Magnetisation = (0.037964,0.001688), Energy = -0.881643 
Averaging iterations... h=0.007812,0.000000
Done.
Final: Magnetisation = (0.024670,-0.017802), Energy = -0.847411 
<M> = (0.033104,-0.000850), <E> = -0.847452 

T=1.500000	 Thermalizing iterations... 
Done.
Thermalized Magnetisation = (0.070518,-0.079454), Energy = -0.847977 
Averaging iterations... h=0.007812,0.000000
Done.
Final: Magnetisation = (-0.019986,-0.064784), Energy = -0.855578 
<M> = (0.032689,0.003331), <E> = -0.853482 

T=1.490000	 Thermalizing iterations... 
Done.
Thermalized Magnetisation = (0.035282,-0.003981), Energy = -0.848990 
Averaging iterations... h=0.007812,0.000000
Done.
Final: Magnetisation = (0.023223,0.091676), Energy = -0.848064 
<M> = (0.031605,0.002208), <E> = -0.860306 

T=1.480000	 Thermalizing iterations... 
Done.
Thermalized Magnetisation = (0.038241,-0.048316), Energy = -0.840015 
Averaging iterations... h=0.007812,0.000000
Done.
Final: Magnetisation = (0.061371,-0.034287), Energy = -0.855578 
<M> = (0.030617,0.000953), <E> = -0.867332 

T=1.470000	 Thermalizing iterations... 
Done.
Thermalized Magnetisation = (0.063669,0.000162), Energy = -0.886861 
Averaging iterations... h=0.007812,0.000000
Done.
Final: Magnetisation = (0.069006,-0.022011), Energy = -0.881508 
<M> = (0.034744,-0.000560), <E> = -0.875358 

T=1.460000	 Thermalizing iterations... 
Done.
Thermalized Magnetisation = (0.038405,0.051570), Energy = -0.873312 
Averaging iterations... h=0.007812,0.000000
Done.
Final: Magnetisation = (0.046764,0.023824), Energy = -0.863295 
<M> = (0.032371,-0.001622), <E> = -0.883098 

T=1.450000	 Thermalizing iterations... 
Done.
Thermalized Magnetisation = (0.071445,0.035691), Energy = -0.892787 
Averaging iterations... h=0.007812,0.000000
Done.
Final: Magnetisation = (-0.028227,-0.023675), Energy = -0.895124 
<M> = (0.035245,-0.005803), <E> = -0.891292 

T=1.440000	 Thermalizing iterations... 
Done.
Thermalized Magnetisation = (0.066407,-0.061147), Energy = -0.911233 
Averaging iterations... h=0.007812,0.000000
Done.
Final: Magnetisation = (0.035251,-0.060315), Energy = -0.910777 
<M> = (0.036823,-0.006004), <E> = -0.898281 

T=1.430000	 Thermalizing iterations... 
Done.
Thermalized Magnetisation = (0.031989,-0.086277), Energy = -0.930961 
Averaging iterations... h=0.007812,0.000000
Done.
Final: Magnetisation = (0.005395,-0.012303), Energy = -0.904408 
<M> = (0.040252,0.000132), <E> = -0.904440 

T=1.420000	 Thermalizing iterations... 
Done.
Thermalized Magnetisation = (0.114619,0.063574), Energy = -0.944318 
Averaging iterations... h=0.007812,0.000000
Done.
Final: Magnetisation = (0.031115,-0.024504), Energy = -0.892187 
<M> = (0.037823,0.002558), <E> = -0.912465 

T=1.410000	 Thermalizing iterations... 
Done.
Thermalized Magnetisation = (0.023789,-0.007707), Energy = -0.941759 
Averaging iterations... h=0.007812,0.000000
Done.
Final: Magnetisation = (0.002935,-0.001773), Energy = -0.943128 
<M> = (0.037638,0.002321), <E> = -0.919770 

T=1.400000	 Thermalizing iterations... 
Done.
Thermalized Magnetisation = (0.050264,-0.012980), Energy = -0.908711 
Averaging iterations... h=0.007812,0.000000
Done.
Final: Magnetisation = (0.044159,0.147992), Energy = -0.891985 
<M> = (0.039374,-0.003094), <E> = -0.928933 

T=1.390000	 Thermalizing iterations... 
Done.
Thermalized Magnetisation = (-0.012535,0.009608), Energy = -0.939847 
Averaging iterations... h=0.007812,0.000000
Done.
Final: Magnetisation = (0.043466,-0.004211), Energy = -0.960741 
<M> = (0.040309,-0.004858), <E> = -0.937505 

T=1.380000	 Thermalizing iterations... 
Done.
Thermalized Magnetisation = (0.033736,-0.018037), Energy = -0.936261 
Averaging iterations... h=0.007812,0.000000
Done.
Final: Magnetisation = (0.040002,-0.043673), Energy = -0.910598 
<M> = (0.041291,-0.010566), <E> = -0.945790 

T=1.370000	 Thermalizing iterations... 
Done.
Thermalized Magnetisation = (-0.021160,-0.056204), Energy = -0.917108 
Averaging iterations... h=0.007812,0.000000
Done.
Final: Magnetisation = (0.008186,-0.048079), Energy = -0.913485 
<M> = (0.044119,-0.006300), <E> = -0.954135 

T=1.360000	 Thermalizing iterations... 
Done.
Thermalized Magnetisation = (0.025473,0.020595), Energy = -1.001421 
Averaging iterations... h=0.007812,0.000000
Done.
Final: Magnetisation = (0.104636,0.128860), Energy = -1.006523 
<M> = (0.046455,-0.002145), <E> = -0.962431 

T=1.350000	 Thermalizing iterations... 
Done.
Thermalized Magnetisation = (0.066121,0.092045), Energy = -0.959714 
Averaging iterations... h=0.007812,0.000000
Done.
Final: Magnetisation = (0.021061,0.065698), Energy = -0.949841 
<M> = (0.049264,0.006612), <E> = -0.969891 

T=1.340000	 Thermalizing iterations... 
Done.
Thermalized Magnetisation = (0.121057,0.025923), Energy = -1.037503 
Averaging iterations... h=0.007812,0.000000
Done.
Final: Magnetisation = (0.085115,-0.037440), Energy = -1.006297 
<M> = (0.045451,0.002611), <E> = -0.978742 

T=1.330000	 Thermalizing iterations... 
Done.
Thermalized Magnetisation = (0.090165,0.063822), Energy = -0.995789 
Averaging iterations... h=0.007812,0.000000
Done.
Final: Magnetisation = (0.078189,-0.106928), Energy = -1.005563 
<M> = (0.045599,-0.000961), <E> = -0.988318 

T=1.320000	 Thermalizing iterations... 
Done.
Thermalized Magnetisation = (0.063569,-0.010595), Energy = -0.993924 
Averaging iterations... h=0.007812,0.000000
Done.
Final: Magnetisation = (0.029931,-0.021065), Energy = -0.954081 
<M> = (0.051449,0.000434), <E> = -0.998140 

T=1.310000	 Thermalizing iterations... 
Done.
Thermalized Magnetisation = (0.096877,-0.000226), Energy = -1.038028 
Averaging iterations... h=0.007812,0.000000
Done.
Final: Magnetisation = (0.004723,0.055925), Energy = -1.014055 
<M> = (0.052514,-0.008691), <E> = -1.007815 

T=1.300000	 Thermalizing iterations... 
Done.
Thermalized Magnetisation = (0.036401,-0.044694), Energy = -0.988562 
Averaging iterations... h=0.007812,0.000000
Done.
Final: Magnetisation = (0.052607,0.036073), Energy = -1.047249 
<M> = (0.054608,-0.007592), <E> = -1.017635 

T=1.290000	 Thermalizing iterations... 
Done.
Thermalized Magnetisation = (0.062237,-0.028228), Energy = -1.018822 
Averaging iterations... h=0.007812,0.000000
Done.
Final: Magnetisation = (0.070687,-0.053853), Energy = -1.025827 
<M> = (0.057367,-0.006688), <E> = -1.027217 

T=1.280000	 Thermalizing iterations... 
Done.
Thermalized Magnetisation = (0.031685,0.000073), Energy = -1.040431 
Averaging iterations... h=0.007812,0.000000
Done.
Final: Magnetisation = (0.066459,-0.021065), Energy = -1.040649 
<M> = (0.061208,-0.001581), <E> = -1.034941 

T=1.270000	 Thermalizing iterations... 
Done.
Thermalized Magnetisation = (0.039493,0.026352), Energy = -1.029393 
Averaging iterations... h=0.007812,0.000000
Done.
Final: Magnetisation = (0.040223,0.003751), Energy = -1.043870 
<M> = (0.058467,0.003363), <E> = -1.044687 

T=1.260000	 Thermalizing iterations... 
Done.
Thermalized Magnetisation = (0.004617,0.000048), Energy = -1.055738 
Averaging iterations... h=0.007812,0.000000
Done.
Final: Magnetisation = (0.005701,-0.023442), Energy = -1.052047 
<M> = (0.058161,0.007199), <E> = -1.054235 

T=1.250000	 Thermalizing iterations... 
Done.
Thermalized Magnetisation = (0.052819,-0.067007), Energy = -1.100326 
Averaging iterations... h=0.007812,0.000000
Done.
Final: Magnetisation = (0.010295,0.061960), Energy = -1.037134 
<M> = (0.063059,-0.003534), <E> = -1.065937 

T=1.240000	 Thermalizing iterations... 
Done.
Thermalized Magnetisation = (0.112228,-0.037306), Energy = -1.101710 
Averaging iterations... h=0.007812,0.000000
Done.
Final: Magnetisation = (-0.023204,-0.031170), Energy = -1.054735 
<M> = (0.064811,-0.002474), <E> = -1.076098 

T=1.230000	 Thermalizing iterations... 
Done.
Thermalized Magnetisation = (0.068682,0.065017), Energy = -1.094814 
Averaging iterations... h=0.007812,0.000000
Done.
Final: Magnetisation = (0.061035,-0.122131), Energy = -1.033364 
<M> = (0.065694,-0.013087), <E> = -1.087063 

T=1.220000	 Thermalizing iterations... 
Done.
Thermalized Magnetisation = (0.096231,-0.034824), Energy = -1.076354 
Averaging iterations... h=0.007812,0.000000
Done.
Final: Magnetisation = (0.050542,-0.058389), Energy = -1.115117 
<M> = (0.066074,-0.015660), <E> = -1.097573 

T=1.210000	 Thermalizing iterations... 
Done.
Thermalized Magnetisation = (0.055729,0.022014), Energy = -1.051323 
Averaging iterations... h=0.007812,0.000000
Done.
Final: Magnetisation = (0.046021,-0.064743), Energy = -1.111147 
<M> = (0.074298,-0.006832), <E> = -1.107408 

T=1.200000	 Thermalizing iterations... 
Done.
Thermalized Magnetisation = (0.173130,-0.088494), Energy = -1.116578 
Averaging iterations... h=0.007812,0.000000
Done.
Final: Magnetisation = (0.082529,0.030999), Energy = -1.134552 
<M> = (0.072598,0.007304), <E> = -1.117742 

T=1.190000	 Thermalizing iterations... 
Done.
Thermalized Magnetisation = (0.114856,-0.017733), Energy = -1.089082 
Averaging iterations... h=0.007812,0.000000
Done.
Final: Magnetisation = (0.103715,-0.082078), Energy = -1.139676 
<M> = (0.076268,0.002787), <E> = -1.127660 

T=1.180000	 Thermalizing iterations... 
Done.
Thermalized Magnetisation = (0.072669,-0.062960), Energy = -1.137146 
Averaging iterations... h=0.007812,0.000000
Done.
Final: Magnetisation = (0.093020,-0.011244), Energy = -1.095811 
<M> = (0.079640,0.002157), <E> = -1.139900 

T=1.170000	 Thermalizing iterations... 
Done.
Thermalized Magnetisation = (-0.038281,0.094012), Energy = -1.169771 
Averaging iterations... h=0.007812,0.000000
Done.
Final: Magnetisation = (0.091106,0.179481), Energy = -1.153813 
<M> = (0.080126,-0.002558), <E> = -1.150464 

T=1.160000	 Thermalizing iterations... 
Done.
Thermalized Magnetisation = (0.118883,-0.184559), Energy = -1.184300 
Averaging iterations... h=0.007812,0.000000
Done.
Final: Magnetisation = (0.059695,-0.098488), Energy = -1.168842 
<M> = (0.082821,-0.014979), <E> = -1.163914 

T=1.150000	 Thermalizing iterations... 
Done.
Thermalized Magnetisation = (0.072821,-0.093390), Energy = -1.218716 
Averaging iterations... h=0.007812,0.000000
Done.
Final: Magnetisation = (0.054122,0.073999), Energy = -1.174253 
<M> = (0.087273,-0.019800), <E> = -1.175077 

T=1.140000	 Thermalizing iterations... 
Done.
Thermalized Magnetisation = (0.024919,-0.121613), Energy = -1.200953 
Averaging iterations... h=0.007812,0.000000
Done.
Final: Magnetisation = (0.109354,-0.116204), Energy = -1.191531 
<M> = (0.092665,-0.022400), <E> = -1.186311 

T=1.130000	 Thermalizing iterations... 
Done.
Thermalized Magnetisation = (0.008119,0.072612), Energy = -1.165851 
Averaging iterations... h=0.007812,0.000000
Done.
Final: Magnetisation = (0.101699,0.169077), Energy = -1.202975 
<M> = (0.093196,-0.012517), <E> = -1.196938 

T=1.120000	 Thermalizing iterations... 
Done.
Thermalized Magnetisation = (0.115110,0.081843), Energy = -1.223992 
Averaging iterations... h=0.007812,0.000000
Done.
Final: Magnetisation = (0.083060,-0.144736), Energy = -1.204831 
<M> = (0.096850,0.007589), <E> = -1.208520 

T=1.110000	 Thermalizing iterations... 
Done.
Thermalized Magnetisation = (0.163035,-0.099853), Energy = -1.201937 
Averaging iterations... h=0.007812,0.000000
Done.
Final: Magnetisation = (0.114953,-0.003777), Energy = -1.221234 
<M> = (0.095019,0.031249), <E> = -1.220337 

T=1.100000	 Thermalizing iterations... 
Done.
Thermalized Magnetisation = (0.055872,-0.228534), Energy = -1.260097 
Averaging iterations... h=0.007812,0.000000
Done.
Final: Magnetisation = (0.063559,-0.039342), Energy = -1.232385 
<M> = (0.097038,0.011398), <E> = -1.232089 

T=1.090000	 Thermalizing iterations... 
Done.
Thermalized Magnetisation = (0.107373,-0.056407), Energy = -1.256940 
Averaging iterations... h=0.007812,0.000000
Done.
Final: Magnetisation = (0.075451,0.051303), Energy = -1.258671 
<M> = (0.108350,-0.010820), <E> = -1.245342 

T=1.080000	 Thermalizing iterations... 
Done.
Thermalized Magnetisation = (0.094927,-0.059470), Energy = -1.278888 
Averaging iterations... h=0.007812,0.000000
Done.
Final: Magnetisation = (0.132443,-0.050373), Energy = -1.243362 
<M> = (0.105156,-0.051908), <E> = -1.257949 

T=1.070000	 Thermalizing iterations... 
Done.
Thermalized Magnetisation = (0.144800,0.033423), Energy = -1.267575 
Averaging iterations... h=0.007812,0.000000
Done.
Final: Magnetisation = (0.118912,0.119238), Energy = -1.255936 
<M> = (0.107711,-0.044981), <E> = -1.271166 

T=1.060000	 Thermalizing iterations... 
Done.
Thermalized Magnetisation = (0.098029,0.097738), Energy = -1.285922 
Averaging iterations... h=0.007812,0.000000
Done.
Final: Magnetisation = (0.153669,-0.165474), Energy = -1.309560 
<M> = (0.117469,-0.009630), <E> = -1.282355 

T=1.050000	 Thermalizing iterations... 
Done.
Thermalized Magnetisation = (0.109953,-0.068373), Energy = -1.302534 
Averaging iterations... h=0.007812,0.000000
Done.
Final: Magnetisation = (0.079317,-0.030572), Energy = -1.292029 
<M> = (0.117317,-0.038733), <E> = -1.293319 

T=1.040000	 Thermalizing iterations... 
Done.
Thermalized Magnetisation = (0.081730,0.015493), Energy = -1.283676 
Averaging iterations... h=0.007812,0.000000
Done.
Final: Magnetisation = (0.141513,-0.264712), Energy = -1.324837 
<M> = (0.109485,0.016236), <E> = -1.305418 

T=1.030000	 Thermalizing iterations... 
Done.
Thermalized Magnetisation = (0.068371,-0.171137), Energy = -1.306100 
Averaging iterations... h=0.007812,0.000000
Done.
Final: Magnetisation = (0.092476,0.027062), Energy = -1.332616 
<M> = (0.123951,0.012777), <E> = -1.317781 

T=1.020000	 Thermalizing iterations... 
Done.
Thermalized Magnetisation = (0.127037,-0.076153), Energy = -1.304310 
Averaging iterations... h=0.007812,0.000000
Done.
Final: Magnetisation = (0.119454,0.126251), Energy = -1.352781 
<M> = (0.125443,-0.062724), <E> = -1.328810 

T=1.010000	 Thermalizing iterations... 
Done.
Thermalized Magnetisation = (0.093917,-0.058475), Energy = -1.329988 
Averaging iterations... h=0.007812,0.000000
Done.
Final: Magnetisation = (0.100033,-0.135236), Energy = -1.334046 
<M> = (0.125186,-0.175444), <E> = -1.348550 

T=1.000000	 Thermalizing iterations... 
Done.
Thermalized Magnetisation = (0.152146,-0.128027), Energy = -1.369416 
Averaging iterations... h=0.007812,0.000000
Done.
Final: Magnetisation = (0.208184,-0.160318), Energy = -1.362116 
<M> = (0.126285,-0.088146), <E> = -1.360514 

T=0.990000	 Thermalizing iterations... 
Done.
Thermalized Magnetisation = (0.135413,0.098929), Energy = -1.396174 
Averaging iterations... h=0.007812,0.000000
Done.
Final: Magnetisation = (0.137731,-0.302824), Energy = -1.365568 
<M> = (0.145509,-0.061964), <E> = -1.371180 

T=0.980000	 Thermalizing iterations... 
Done.
Thermalized Magnetisation = (0.076797,0.016998), Energy = -1.382041 
Averaging iterations... h=0.007812,0.000000
Done.
Final: Magnetisation = (0.190144,-0.119952), Energy = -1.399618 
<M> = (0.138438,-0.051064), <E> = -1.382107 

T=0.970000	 Thermalizing iterations... 
Done.
Thermalized Magnetisation = (0.112853,-0.380912), Energy = -1.379583 
Averaging iterations... h=0.007812,0.000000
Done.
Final: Magnetisation = (0.106466,-0.197646), Energy = -1.398734 
<M> = (0.140254,-0.278840), <E> = -1.397591 

T=0.960000	 Thermalizing iterations... 
Done.
Thermalized Magnetisation = (0.122985,-0.241501), Energy = -1.428182 
Averaging iterations... h=0.007812,0.000000
Done.
Final: Magnetisation = (0.149758,-0.068473), Energy = -1.374448 
<M> = (0.142248,-0.219390), <E> = -1.408003 

T=0.950000	 Thermalizing iterations... 
Done.
Thermalized Magnetisation = (0.086468,-0.448753), Energy = -1.411115 
Averaging iterations... h=0.007812,0.000000
Done.
Final: Magnetisation = (0.157083,-0.454876), Energy = -1.415114 
<M> = (0.137670,-0.385469), <E> = -1.426252 

T=0.940000	 Thermalizing iterations... 
Done.
Thermalized Magnetisation = (0.118258,-0.432537), Energy = -1.436915 
Averaging iterations... h=0.007812,0.000000
Done.
Final: Magnetisation = (0.088356,-0.471442), Energy = -1.439705 
<M> = (0.132343,-0.453838), <E> = -1.441900 

T=0.930000	 Thermalizing iterations... 
Done.
Thermalized Magnetisation = (0.152879,-0.453372), Energy = -1.446352 
Averaging iterations... h=0.007812,0.000000
Done.
Final: Magnetisation = (0.131413,-0.504399), Energy = -1.460415 
<M> = (0.121477,-0.513521), <E> = -1.455585 

T=0.920000	 Thermalizing iterations... 
Done.
Thermalized Magnetisation = (0.127607,-0.529880), Energy = -1.492886 
Averaging iterations... h=0.007812,0.000000
Done.
Final: Magnetisation = (0.072576,-0.580168), Energy = -1.468916 
<M> = (0.132870,-0.529481), <E> = -1.467087 

T=0.910000	 Thermalizing iterations... 
Done.
Thermalized Magnetisation = (0.086663,-0.566122), Energy = -1.471544 
Averaging iterations... h=0.007812,0.000000
Done.
Final: Magnetisation = (0.134119,-0.481440), Energy = -1.472973 
<M> = (0.143673,-0.516372), <E> = -1.475742 

T=0.900000	 Thermalizing iterations... 
Done.
Thermalized Magnetisation = (0.097913,-0.543983), Energy = -1.483338 
Averaging iterations... h=0.007812,0.000000
Done.
Final: Magnetisation = (0.214606,-0.499218), Energy = -1.483857 
<M> = (0.134743,-0.549376), <E> = -1.487805 

T=0.890000	 Thermalizing iterations... 
Done.
Thermalized Magnetisation = (0.064806,-0.567156), Energy = -1.500303 
Averaging iterations... h=0.007812,0.000000
Done.
Final: Magnetisation = (0.180030,-0.561652), Energy = -1.488943 
<M> = (0.122551,-0.560197), <E> = -1.496728 

T=0.880000	 Thermalizing iterations... 
Done.
Thermalized Magnetisation = (0.084280,-0.631052), Energy = -1.514310 
Averaging iterations... h=0.007812,0.000000
Done.
Final: Magnetisation = (0.192206,-0.561192), Energy = -1.501993 
<M> = (0.132193,-0.569948), <E> = -1.508573 

T=0.870000	 Thermalizing iterations... 
Done.
Thermalized Magnetisation = (0.106336,-0.641258), Energy = -1.542792 
Averaging iterations... h=0.007812,0.000000
Done.
Final: Magnetisation = (0.163467,-0.555490), Energy = -1.524523 
<M> = (0.121161,-0.588753), <E> = -1.518762 

T=0.860000	 Thermalizing iterations... 
Done.
Thermalized Magnetisation = (0.175560,-0.619342), Energy = -1.547789 
Averaging iterations... h=0.007812,0.000000
Done.
Final: Magnetisation = (0.175941,-0.581039), Energy = -1.520339 
<M> = (0.123355,-0.602596), <E> = -1.529587 

T=0.850000	 Thermalizing iterations... 
Done.
Thermalized Magnetisation = (0.097713,-0.618346), Energy = -1.517382 
Averaging iterations... h=0.007812,0.000000
Done.
Final: Magnetisation = (0.112248,-0.637165), Energy = -1.536632 
<M> = (0.136121,-0.610774), <E> = -1.539052 

T=0.840000	 Thermalizing iterations... 
Done.
Thermalized Magnetisation = (0.128160,-0.652064), Energy = -1.568635 
Averaging iterations... h=0.007812,0.000000
Done.
Final: Magnetisation = (0.136646,-0.636626), Energy = -1.579099 
<M> = (0.130897,-0.615903), <E> = -1.547100 

T=0.830000	 Thermalizing iterations... 
Done.
Thermalized Magnetisation = (0.147778,-0.571192), Energy = -1.540799 
Averaging iterations... h=0.007812,0.000000
Done.
Final: Magnetisation = (0.150379,-0.627766), Energy = -1.561798 
<M> = (0.134223,-0.618198), <E> = -1.555369 

T=0.820000	 Thermalizing iterations... 
Done.
Thermalized Magnetisation = (0.081380,-0.659174), Energy = -1.546265 
Averaging iterations... h=0.007812,0.000000
Done.
Final: Magnetisation = (0.175851,-0.584667), Energy = -1.554739 
<M> = (0.141291,-0.604514), <E> = -1.562441 

T=0.810000	 Thermalizing iterations... 
Done.
Thermalized Magnetisation = (0.092140,-0.672605), Energy = -1.554762 
Averaging iterations... h=0.007812,0.000000
Done.
Final: Magnetisation = (0.113769,-0.593883), Energy = -1.547581 
<M> = (0.132227,-0.631367), <E> = -1.572590 

T=0.800000	 Thermalizing iterations... 
Done.
Thermalized Magnetisation = (0.122706,-0.651189), Energy = -1.588082 
Averaging iterations... h=0.007812,0.000000
Done.
Final: Magnetisation = (0.115182,-0.617911), Energy = -1.573082 
<M> = (0.123997,-0.638860), <E> = -1.581423 

T=0.790000	 Thermalizing iterations... 
Done.
Thermalized Magnetisation = (0.067257,-0.665980), Energy = -1.596213 
Averaging iterations... h=0.007812,0.000000
Done.
Final: Magnetisation = (0.099827,-0.662519), Energy = -1.617037 
<M> = (0.125073,-0.651637), <E> = -1.590809 

T=0.780000	 Thermalizing iterations... 
Done.
Thermalized Magnetisation = (0.168306,-0.651179), Energy = -1.591235 
Averaging iterations... h=0.007812,0.000000
Done.
Final: Magnetisation = (0.112647,-0.671486), Energy = -1.599073 
<M> = (0.120502,-0.655319), <E> = -1.598296 

T=0.770000	 Thermalizing iterations... 
Done.
Thermalized Magnetisation = (0.206399,-0.623644), Energy = -1.593406 
Averaging iterations... h=0.007812,0.000000
Done.
Final: Magnetisation = (0.098807,-0.647691), Energy = -1.592201 
<M> = (0.128407,-0.656841), <E> = -1.606048 

T=0.760000	 Thermalizing iterations... 
Done.
Thermalized Magnetisation = (0.088552,-0.678433), Energy = -1.591240 
Averaging iterations... h=0.007812,0.000000
Done.
Final: Magnetisation = (0.216934,-0.673474), Energy = -1.629043 
<M> = (0.133395,-0.661302), <E> = -1.613106 

T=0.750000	 Thermalizing iterations... 
Done.
Thermalized Magnetisation = (0.164896,-0.664887), Energy = -1.612708 
Averaging iterations... h=0.007812,0.000000
Done.
Final: Magnetisation = (0.071087,-0.699899), Energy = -1.614460 
<M> = (0.137853,-0.662972), <E> = -1.620479 

T=0.740000	 Thermalizing iterations... 
Done.
Thermalized Magnetisation = (0.138642,-0.707214), Energy = -1.649121 
Averaging iterations... h=0.007812,0.000000
Done.
Final: Magnetisation = (0.109240,-0.670764), Energy = -1.628099 
<M> = (0.135613,-0.668835), <E> = -1.627665 

T=0.730000	 Thermalizing iterations... 
Done.
Thermalized Magnetisation = (0.163547,-0.660212), Energy = -1.628446 
Averaging iterations... h=0.007812,0.000000
Done.
Final: Magnetisation = (0.148835,-0.667471), Energy = -1.633613 
<M> = (0.133301,-0.673264), <E> = -1.635898 

T=0.720000	 Thermalizing iterations... 
Done.
Thermalized Magnetisation = (0.149565,-0.659198), Energy = -1.629939 
Averaging iterations... h=0.007812,0.000000
Done.
Final: Magnetisation = (0.173631,-0.668904), Energy = -1.651350 
<M> = (0.131666,-0.679463), <E> = -1.643624 

T=0.710000	 Thermalizing iterations... 
Done.
Thermalized Magnetisation = (0.116917,-0.683973), Energy = -1.641668 
Averaging iterations... h=0.007812,0.000000
Done.
Final: Magnetisation = (0.086747,-0.698941), Energy = -1.667911 
<M> = (0.124912,-0.690203), <E> = -1.651071 

T=0.700000	 Thermalizing iterations... 
Done.
Thermalized Magnetisation = (0.103860,-0.711482), Energy = -1.656859 
Averaging iterations... h=0.007812,0.000000
Done.
Final: Magnetisation = (0.099091,-0.692198), Energy = -1.659532 
<M> = (0.123464,-0.695092), <E> = -1.658793 

T=0.690000	 Thermalizing iterations... 
Done.
Thermalized Magnetisation = (0.131220,-0.697980), Energy = -1.663010 
Averaging iterations... h=0.007812,0.000000
Done.
Final: Magnetisation = (0.098969,-0.744461), Energy = -1.664448 
<M> = (0.138555,-0.695133), <E> = -1.665260 

T=0.680000	 Thermalizing iterations... 
Done.
Thermalized Magnetisation = (0.076489,-0.700466), Energy = -1.657637 
Averaging iterations... h=0.007812,0.000000
Done.
Final: Magnetisation = (0.060741,-0.713737), Energy = -1.676815 
<M> = (0.129843,-0.696121), <E> = -1.671462 

T=0.670000	 Thermalizing iterations... 
Done.
Thermalized Magnetisation = (0.107370,-0.720026), Energy = -1.680417 
Averaging iterations... h=0.007812,0.000000
Done.
Final: Magnetisation = (0.222382,-0.684711), Energy = -1.689463 
<M> = (0.129101,-0.699004), <E> = -1.678347 

T=0.660000	 Thermalizing iterations... 
Done.
Thermalized Magnetisation = (0.134398,-0.680095), Energy = -1.672891 
Averaging iterations... h=0.007812,0.000000
Done.
Final: Magnetisation = (0.131264,-0.696718), Energy = -1.696393 
<M> = (0.139662,-0.705079), <E> = -1.685174 

T=0.650000	 Thermalizing iterations... 
Done.
Thermalized Magnetisation = (0.086365,-0.713630), Energy = -1.692530 
Averaging iterations... h=0.007812,0.000000
Done.
Final: Magnetisation = (0.101669,-0.720737), Energy = -1.688491 
<M> = (0.128646,-0.707210), <E> = -1.692269 

T=0.640000	 Thermalizing iterations... 
Done.
Thermalized Magnetisation = (0.150751,-0.729922), Energy = -1.708368 
Averaging iterations... h=0.007812,0.000000
Done.
Final: Magnetisation = (0.151919,-0.709904), Energy = -1.703850 
<M> = (0.121769,-0.715926), <E> = -1.699564 

T=0.630000	 Thermalizing iterations... 
Done.
Thermalized Magnetisation = (0.117687,-0.720261), Energy = -1.699720 
Averaging iterations... h=0.007812,0.000000
Done.
Final: Magnetisation = (0.093933,-0.716384), Energy = -1.701282 
<M> = (0.125971,-0.720065), <E> = -1.706124 

T=0.620000	 Thermalizing iterations... 
Done.
Thermalized Magnetisation = (0.111486,-0.737031), Energy = -1.721509 
Averaging iterations... h=0.007812,0.000000
Done.
Final: Magnetisation = (0.165883,-0.727630), Energy = -1.716174 
<M> = (0.129829,-0.721006), <E> = -1.712457 

T=0.610000	 Thermalizing iterations... 
Done.
Thermalized Magnetisation = (0.143052,-0.728430), Energy = -1.726432 
Averaging iterations... h=0.007812,0.000000
Done.
Final: Magnetisation = (0.133646,-0.720715), Energy = -1.716256 
<M> = (0.134087,-0.720802), <E> = -1.718634 

T=0.600000	 Thermalizing iterations... 
Done.
Thermalized Magnetisation = (0.124542,-0.730550), Energy = -1.725468 
Averaging iterations... h=0.007812,0.000000
Done.
Final: Magnetisation = (0.134259,-0.728054), Energy = -1.720991 
<M> = (0.138393,-0.721772), <E> = -1.724676 

T=0.590000	 Thermalizing iterations... 
Done.
Thermalized Magnetisation = (0.121668,-0.735087), Energy = -1.727417 
Averaging iterations... h=0.007812,0.000000
Done.
Final: Magnetisation = (0.171148,-0.736603), Energy = -1.730957 
<M> = (0.139108,-0.727670), <E> = -1.731128 

T=0.580000	 Thermalizing iterations... 
Done.
Thermalized Magnetisation = (0.144201,-0.721045), Energy = -1.750156 
Averaging iterations... h=0.007812,0.000000
Done.
Final: Magnetisation = (0.119911,-0.736494), Energy = -1.750002 
<M> = (0.127570,-0.735522), <E> = -1.738010 

T=0.570000	 Thermalizing iterations... 
Done.
Thermalized Magnetisation = (0.155330,-0.736614), Energy = -1.756042 
Averaging iterations... h=0.007812,0.000000
Done.
Final: Magnetisation = (0.167238,-0.714553), Energy = -1.747407 
<M> = (0.126498,-0.740541), <E> = -1.744653 

T=0.560000	 Thermalizing iterations... 
Done.
Thermalized Magnetisation = (0.139585,-0.742601), Energy = -1.754195 
Averaging iterations... h=0.007812,0.000000
Done.
Final: Magnetisation = (0.143261,-0.741886), Energy = -1.750313 
<M> = (0.123191,-0.746234), <E> = -1.751090 

T=0.550000	 Thermalizing iterations... 
Done.
Thermalized Magnetisation = (0.149560,-0.752444), Energy = -1.763556 
Averaging iterations... h=0.007812,0.000000
Done.
Final: Magnetisation = (0.112132,-0.746089), Energy = -1.758592 
<M> = (0.125631,-0.747177), <E> = -1.757055 

T=0.540000	 Thermalizing iterations... 
Done.
Thermalized Magnetisation = (0.147764,-0.742183), Energy = -1.760085 
Averaging iterations... h=0.007812,0.000000
Done.
Final: Magnetisation = (0.161128,-0.760633), Energy = -1.753502 
<M> = (0.129103,-0.747639), <E> = -1.762994 

T=0.530000	 Thermalizing iterations... 
Done.
Thermalized Magnetisation = (0.158663,-0.736907), Energy = -1.768312 
Averaging iterations... h=0.007812,0.000000
Done.
Final: Magnetisation = (0.145625,-0.755543), Energy = -1.777018 
<M> = (0.135745,-0.748499), <E> = -1.768854 

T=0.520000	 Thermalizing iterations... 
Done.
Thermalized Magnetisation = (0.135529,-0.734338), Energy = -1.770953 
Averaging iterations... h=0.007812,0.000000
Done.
Final: Magnetisation = (0.124635,-0.745611), Energy = -1.770201 
<M> = (0.131947,-0.751581), <E> = -1.774476 

T=0.510000	 Thermalizing iterations... 
Done.
Thermalized Magnetisation = (0.134224,-0.760478), Energy = -1.777862 
Averaging iterations... h=0.007812,0.000000
Done.
Final: Magnetisation = (0.159852,-0.754719), Energy = -1.788256 
<M> = (0.130458,-0.758473), <E> = -1.781122 

T=0.500000	 Thermalizing iterations... 
Done.
Thermalized Magnetisation = (0.114146,-0.772545), Energy = -1.789235 
Averaging iterations... h=0.007812,0.000000
Done.
Final: Magnetisation = (0.090619,-0.760779), Energy = -1.792007 
<M> = (0.133041,-0.760639), <E> = -1.787445 

T=0.490000	 Thermalizing iterations... 
Done.
Thermalized Magnetisation = (0.087257,-0.766367), Energy = -1.789019 
Averaging iterations... h=0.007812,0.000000
Done.
Final: Magnetisation = (0.139697,-0.773816), Energy = -1.793813 
<M> = (0.118653,-0.766338), <E> = -1.793559 

T=0.480000	 Thermalizing iterations... 
Done.
Thermalized Magnetisation = (0.156380,-0.757807), Energy = -1.798943 
Averaging iterations... h=0.007812,0.000000
Done.
Final: Magnetisation = (0.114205,-0.754054), Energy = -1.787705 
<M> = (0.123804,-0.769943), <E> = -1.799475 

T=0.470000	 Thermalizing iterations... 
Done.
Thermalized Magnetisation = (0.172764,-0.757120), Energy = -1.811647 
Averaging iterations... h=0.007812,0.000000
Done.
Final: Magnetisation = (0.094825,-0.783765), Energy = -1.807744 
<M> = (0.130118,-0.770740), <E> = -1.805272 

T=0.460000	 Thermalizing iterations... 
Done.
Thermalized Magnetisation = (0.168943,-0.776719), Energy = -1.804786 
Averaging iterations... h=0.007812,0.000000
Done.
Final: Magnetisation = (0.105442,-0.785076), Energy = -1.804800 
<M> = (0.133407,-0.769084), <E> = -1.810782 

T=0.450000	 Thermalizing iterations... 
Done.
Thermalized Magnetisation = (0.159105,-0.771524), Energy = -1.825790 
Averaging iterations... h=0.007812,0.000000
Done.
Final: Magnetisation = (0.177940,-0.760882), Energy = -1.809797 
<M> = (0.131006,-0.774693), <E> = -1.816625 

T=0.440000	 Thermalizing iterations... 
Done.
Thermalized Magnetisation = (0.128080,-0.785523), Energy = -1.823680 
Averaging iterations... h=0.007812,0.000000
Done.
Final: Magnetisation = (0.130825,-0.777119), Energy = -1.822965 
<M> = (0.137634,-0.776206), <E> = -1.822480 

T=0.430000	 Thermalizing iterations... 
Done.
Thermalized Magnetisation = (0.074537,-0.802229), Energy = -1.832006 
Averaging iterations... h=0.007812,0.000000
Done.
Final: Magnetisation = (0.131889,-0.774829), Energy = -1.819202 
<M> = (0.132626,-0.781848), <E> = -1.828520 

T=0.420000	 Thermalizing iterations... 
Done.
Thermalized Magnetisation = (0.132243,-0.788135), Energy = -1.835112 
Averaging iterations... h=0.007812,0.000000
Done.
Final: Magnetisation = (0.112619,-0.772656), Energy = -1.837265 
<M> = (0.119383,-0.787801), <E> = -1.834486 

T=0.410000	 Thermalizing iterations... 
Done.
Thermalized Magnetisation = (0.174617,-0.790981), Energy = -1.844238 
Averaging iterations... h=0.007812,0.000000
Done.
Final: Magnetisation = (0.126191,-0.777193), Energy = -1.840933 
<M> = (0.127404,-0.790507), <E> = -1.840306 

T=0.400000	 Thermalizing iterations... 
Done.
Thermalized Magnetisation = (0.122724,-0.782983), Energy = -1.833095 
Averaging iterations... h=0.007812,0.000000
Done.
Final: Magnetisation = (0.124556,-0.790790), Energy = -1.844104 
<M> = (0.132244,-0.791324), <E> = -1.845847 

T=0.390000	 Thermalizing iterations... 
Done.
Thermalized Magnetisation = (0.137757,-0.789668), Energy = -1.850093 
Averaging iterations... h=0.007812,0.000000
Done.
Final: Magnetisation = (0.158399,-0.797102), Energy = -1.843019 
<M> = (0.132914,-0.793661), <E> = -1.851355 

T=0.380000	 Thermalizing iterations... 
Done.
Thermalized Magnetisation = (0.112501,-0.800212), Energy = -1.851401 
Averaging iterations... h=0.007812,0.000000
Done.
Final: Magnetisation = (0.115827,-0.802037), Energy = -1.857053 
<M> = (0.129971,-0.795738), <E> = -1.856928 

T=0.370000	 Thermalizing iterations... 
Done.
Thermalized Magnetisation = (0.116775,-0.807097), Energy = -1.870991 
Averaging iterations... h=0.007812,0.000000
Done.
Final: Magnetisation = (0.141983,-0.784692), Energy = -1.865154 
<M> = (0.134147,-0.797426), <E> = -1.862517 

T=0.360000	 Thermalizing iterations... 
Done.
Thermalized Magnetisation = (0.116964,-0.812753), Energy = -1.866815 
Averaging iterations... h=0.007812,0.000000
Done.
Final: Magnetisation = (0.141388,-0.803006), Energy = -1.866546 
<M> = (0.131795,-0.801237), <E> = -1.868153 

T=0.350000	 Thermalizing iterations... 
Done.
Thermalized Magnetisation = (0.117074,-0.805294), Energy = -1.870147 
Averaging iterations... h=0.007812,0.000000
Done.
Final: Magnetisation = (0.148583,-0.793023), Energy = -1.873704 
<M> = (0.125841,-0.805174), <E> = -1.874002 

T=0.340000	 Thermalizing iterations... 
Done.
Thermalized Magnetisation = (0.167714,-0.805574), Energy = -1.880915 
Averaging iterations... h=0.007812,0.000000
Done.
Final: Magnetisation = (0.177380,-0.802134), Energy = -1.882197 
<M> = (0.129770,-0.810142), <E> = -1.879881 

T=0.330000	 Thermalizing iterations... 
Done.
Thermalized Magnetisation = (0.113014,-0.819329), Energy = -1.883673 
Averaging iterations... h=0.007812,0.000000
Done.
Final: Magnetisation = (0.135793,-0.815057), Energy = -1.886832 
<M> = (0.131973,-0.811114), <E> = -1.885229 

T=0.320000	 Thermalizing iterations... 
Done.
Thermalized Magnetisation = (0.155303,-0.804597), Energy = -1.890067 
Averaging iterations... h=0.007812,0.000000
Done.
Final: Magnetisation = (0.125086,-0.815965), Energy = -1.891937 
<M> = (0.133159,-0.813269), <E> = -1.890637 

T=0.310000	 Thermalizing iterations... 
Done.
Thermalized Magnetisation = (0.154761,-0.808808), Energy = -1.893220 
Averaging iterations... h=0.007812,0.000000
Done.
Final: Magnetisation = (0.122543,-0.812289), Energy = -1.893647 
<M> = (0.132218,-0.814669), <E> = -1.896100 

T=0.300000	 Thermalizing iterations... 
Done.
Thermalized Magnetisation = (0.120906,-0.823620), Energy = -1.902206 
Averaging iterations... h=0.007812,0.000000
Done.
Final: Magnetisation = (0.161112,-0.803023), Energy = -1.901060 
<M> = (0.136006,-0.816379), <E> = -1.901455 

T=0.290000	 Thermalizing iterations... 
Done.
Thermalized Magnetisation = (0.134572,-0.828497), Energy = -1.904508 
Averaging iterations... h=0.007812,0.000000
Done.
Final: Magnetisation = (0.126901,-0.824311), Energy = -1.910310 
<M> = (0.133203,-0.823046), <E> = -1.906963 

T=0.280000	 Thermalizing iterations... 
Done.
Thermalized Magnetisation = (0.128779,-0.829214), Energy = -1.911844 
Averaging iterations... h=0.007812,0.000000
Done.
Final: Magnetisation = (0.138259,-0.825884), Energy = -1.911872 
<M> = (0.129446,-0.824258), <E> = -1.912474 

T=0.270000	 Thermalizing iterations... 
Done.
Thermalized Magnetisation = (0.109338,-0.838564), Energy = -1.919965 
Averaging iterations... h=0.007812,0.000000
Done.
Final: Magnetisation = (0.147483,-0.829368), Energy = -1.915897 
<M> = (0.129442,-0.827840), <E> = -1.918177 

T=0.260000	 Thermalizing iterations... 
Done.
Thermalized Magnetisation = (0.105014,-0.826052), Energy = -1.923513 
Averaging iterations... h=0.007812,0.000000
Done.
Final: Magnetisation = (0.115433,-0.829623), Energy = -1.922584 
<M> = (0.134262,-0.829787), <E> = -1.923464 

T=0.250000	 Thermalizing iterations... 
Done.
Thermalized Magnetisation = (0.143922,-0.831516), Energy = -1.930775 
Averaging iterations... h=0.007812,0.000000
Done.
Final: Magnetisation = (0.130993,-0.836926), Energy = -1.931735 
<M> = (0.131581,-0.832602), <E> = -1.928854 

T=0.240000	 Thermalizing iterations... 
Done.
Thermalized Magnetisation = (0.121777,-0.833108), Energy = -1.937143 
Averaging iterations... h=0.007812,0.000000
Done.
Final: Magnetisation = (0.153092,-0.834972), Energy = -1.932730 
<M> = (0.132416,-0.834177), <E> = -1.934059 

T=0.230000	 Thermalizing iterations... 
Done.
Thermalized Magnetisation = (0.114790,-0.838298), Energy = -1.941223 
Averaging iterations... h=0.007812,0.000000
Done.
Final: Magnetisation = (0.105027,-0.836975), Energy = -1.936874 
<M> = (0.127974,-0.837898), <E> = -1.939502 

T=0.220000	 Thermalizing iterations... 
Done.
Thermalized Magnetisation = (0.151606,-0.834124), Energy = -1.941139 
Averaging iterations... h=0.007812,0.000000
Done.
Final: Magnetisation = (0.156606,-0.836185), Energy = -1.942093 
<M> = (0.134085,-0.839958), <E> = -1.944664 

T=0.210000	 Thermalizing iterations... 
Done.
Thermalized Magnetisation = (0.093692,-0.836757), Energy = -1.947596 
Averaging iterations... h=0.007812,0.000000
Done.
Final: Magnetisation = (0.130106,-0.839672), Energy = -1.950946 
<M> = (0.133069,-0.842953), <E> = -1.950122 

T=0.200000	 Thermalizing iterations... 
Done.
Thermalized Magnetisation = (0.143381,-0.844986), Energy = -1.954000 
Averaging iterations... h=0.007812,0.000000
Done.
Final: Magnetisation = (0.138548,-0.848798), Energy = -1.953365 
<M> = (0.129259,-0.846465), <E> = -1.955516 

T=0.190000	 Thermalizing iterations... 
Done.
Thermalized Magnetisation = (0.146329,-0.845348), Energy = -1.960873 
Averaging iterations... h=0.007812,0.000000
Done.
Final: Magnetisation = (0.138788,-0.849724), Energy = -1.964759 
<M> = (0.128981,-0.848384), <E> = -1.960822 

T=0.180000	 Thermalizing iterations... 
Done.
Thermalized Magnetisation = (0.126261,-0.850316), Energy = -1.967982 
Averaging iterations... h=0.007812,0.000000
Done.
Final: Magnetisation = (0.120259,-0.851470), Energy = -1.965636 
<M> = (0.134985,-0.850947), <E> = -1.966005 

T=0.170000	 Thermalizing iterations... 
Done.
Thermalized Magnetisation = (0.135649,-0.856815), Energy = -1.966377 
Averaging iterations... h=0.007812,0.000000
Done.
Final: Magnetisation = (0.115424,-0.853210), Energy = -1.968859 
<M> = (0.134855,-0.852852), <E> = -1.971194 

T=0.160000	 Thermalizing iterations... 
Done.
Thermalized Magnetisation = (0.121870,-0.860797), Energy = -1.978081 
Averaging iterations... h=0.007812,0.000000
Done.
Final: Magnetisation = (0.147022,-0.853278), Energy = -1.977989 
<M> = (0.130211,-0.855821), <E> = -1.976293 

T=0.150000	 Thermalizing iterations... 
Done.
Thermalized Magnetisation = (0.148859,-0.853811), Energy = -1.981500 
Averaging iterations... h=0.007812,0.000000
Done.
Final: Magnetisation = (0.135707,-0.861725), Energy = -1.982160 
<M> = (0.132070,-0.857722), <E> = -1.981626 

T=0.140000	 Thermalizing iterations... 
Done.
Thermalized Magnetisation = (0.127942,-0.863605), Energy = -1.986541 
Averaging iterations... h=0.007812,0.000000
Done.
Final: Magnetisation = (0.135031,-0.860204), Energy = -1.988223 
<M> = (0.132584,-0.860292), <E> = -1.986819 

T=0.130000	 Thermalizing iterations... 
Done.
Thermalized Magnetisation = (0.129595,-0.862456), Energy = -1.994211 
Averaging iterations... h=0.007812,0.000000
Done.
Final: Magnetisation = (0.108956,-0.863985), Energy = -1.991471 
<M> = (0.132295,-0.864579), <E> = -1.992052 

T=0.120000	 Thermalizing iterations... 
Done.
Thermalized Magnetisation = (0.141875,-0.867819), Energy = -1.996957 
Averaging iterations... h=0.007812,0.000000
Done.
Final: Magnetisation = (0.134361,-0.864381), Energy = -1.997318 
<M> = (0.135886,-0.865528), <E> = -1.997211 

T=0.110000	 Thermalizing iterations... 
Done.
Thermalized Magnetisation = (0.140661,-0.864056), Energy = -2.003414 
Averaging iterations... h=0.007812,0.000000
Done.
Final: Magnetisation = (0.132355,-0.865779), Energy = -2.001633 
<M> = (0.132198,-0.867640), <E> = -2.002383 

T=0.100000	 Thermalizing iterations... 
Done.
Thermalized Magnetisation = (0.122213,-0.870644), Energy = -2.009731 
Averaging iterations... h=0.007812,0.000000
Done.
Final: Magnetisation = (0.126874,-0.871409), Energy = -2.007388 
<M> = (0.132111,-0.869843), <E> = -2.007474 

T=0.090000	 Thermalizing iterations... 
Done.
Thermalized Magnetisation = (0.145777,-0.871791), Energy = -2.011170 
Averaging iterations... h=0.007812,0.000000
Done.
Final: Magnetisation = (0.134324,-0.876974), Energy = -2.012143 
<M> = (0.132143,-0.872732), <E> = -2.012581 

T=0.080000	 Thermalizing iterations... 
Done.
Thermalized Magnetisation = (0.134580,-0.877094), Energy = -2.018329 
Averaging iterations... h=0.007812,0.000000
Done.
Final: Magnetisation = (0.131789,-0.876034), Energy = -2.018665 
<M> = (0.131550,-0.875985), <E> = -2.017698 

T=0.070000	 Thermalizing iterations... 
Done.
Thermalized Magnetisation = (0.122689,-0.880138), Energy = -2.022285 
Averaging iterations... h=0.007812,0.000000
Done.
Final: Magnetisation = (0.144802,-0.873585), Energy = -2.023058 
<M> = (0.134763,-0.878048), <E> = -2.022832 

T=0.060000	 Thermalizing iterations... 
Done.
Thermalized Magnetisation = (0.132233,-0.877884), Energy = -2.028000 
Averaging iterations... h=0.007812,0.000000
Done.
Final: Magnetisation = (0.134173,-0.881252), Energy = -2.027504 
<M> = (0.134483,-0.879666), <E> = -2.027905 

T=0.050000	 Thermalizing iterations... 
Done.
Thermalized Magnetisation = (0.140047,-0.879766), Energy = -2.033580 
Averaging iterations... h=0.007812,0.000000
Done.
Final: Magnetisation = (0.131877,-0.882038), Energy = -2.033353 
<M> = (0.135211,-0.882302), <E> = -2.032989 

T=0.040000	 Thermalizing iterations... 
Done.
Thermalized Magnetisation = (0.139546,-0.880812), Energy = -2.037675 
Averaging iterations... h=0.007812,0.000000
Done.
Final: Magnetisation = (0.136613,-0.884054), Energy = -2.037641 
<M> = (0.136627,-0.884246), <E> = -2.038047 

T=0.030000	 Thermalizing iterations... 
Done.
Thermalized Magnetisation = (0.131889,-0.886301), Energy = -2.043100 
Averaging iterations... h=0.007812,0.000000
Done.
Final: Magnetisation = (0.140344,-0.886460), Energy = -2.042775 
<M> = (0.133734,-0.887895), <E> = -2.043087 

T=0.020000	 Thermalizing iterations... 
Done.
Thermalized Magnetisation = (0.139539,-0.888745), Energy = -2.048073 
Averaging iterations... h=0.007812,0.000000
Done.
Final: Magnetisation = (0.131835,-0.890213), Energy = -2.048196 
<M> = (0.133945,-0.890206), <E> = -2.048137 

T=0.010000	 Thermalizing iterations... 
Done.
Thermalized Magnetisation = (0.130702,-0.893321), Energy = -2.053060 
Averaging iterations... h=0.007812,0.000000
Done.
Final: Magnetisation = (0.134536,-0.892306), Energy = -2.053086 
<M> = (0.133288,-0.892305), <E> = -2.053128 
Final Magnetisation = (0.134536,-0.892306), Energy = -2.053086 
------------------------

Updating all (first)black/(then)white checkerboard sites simultaneously.. 

ztne RFXY h rotating with |h|=0.007812 at T=0.000000..
loop 1

loop 2

CPU  Start Time = 1135755.294294 

CPU  End Time = 1144181.777668 

CPU Time elapsed total = 8426.483374 

real	140m26.571s
user	2374m36.278s
sys	1m10.203s
