+ cd /home/sbasak/Exercises/OpenMP/XY_code/Z2/rotating_field/trial/config/config_118
+ export OMP_NUM_THREADS=28
+ OMP_NUM_THREADS=28
+ ./a_64.out
nearest neighbor initialized. 
h loaded. 
J loaded. 
L = 128, dim_L = 2, dim_S = 2
hysteresis_MCS_multiplier = 10, hysteresis_MCS_max = 100
RAND_MAX = 2147483647.000000,
 sizeof(int) = 4,
 sizeof(long) = 8,
 sizeof(double) = 8,
 sizeof(long int) = 8,
 sizeof(short int) = 2,
 sizeof(unsigned int) = 4,
 sizeof(RAND_MAX) = 4
No. of THREADS = 28
No. of PROCESSORS = 28

0.060527,0.024474
order = ({1.000000-->-1.000000,0.000000}, 0, 1)
Initial Magnetisation = (0.060527,0.024474), Energy = 0.029935 
Cooling... 
T=2.000000	 Thermalizing iterations... 
Done.
Thermalized Magnetisation = (-0.008419,-0.029736), Energy = -0.557903 
Averaging iterations... h=0.007812,0.000000
Done.
Final: Magnetisation = (0.007045,-0.030926), Energy = -0.576626 
<M> = (0.006939,-0.000198), <E> = -0.606197 

T=1.990000	 Thermalizing iterations... 
Done.
Thermalized Magnetisation = (-0.027675,0.031261), Energy = -0.633046 
Averaging iterations... h=0.007812,0.000000
Done.
Final: Magnetisation = (-0.011917,0.005756), Energy = -0.642764 
<M> = (0.008421,-0.001520), <E> = -0.610590 

T=1.980000	 Thermalizing iterations... 
Done.
Thermalized Magnetisation = (-0.015324,0.011708), Energy = -0.630376 
Averaging iterations... h=0.007812,0.000000
Done.
Final: Magnetisation = (0.031480,-0.010621), Energy = -0.626122 
<M> = (0.007449,-0.001597), <E> = -0.615021 

T=1.970000	 Thermalizing iterations... 
Done.
Thermalized Magnetisation = (-0.018085,0.029639), Energy = -0.631908 
Averaging iterations... h=0.007812,0.000000
Done.
Final: Magnetisation = (-0.012639,-0.040174), Energy = -0.596469 
<M> = (0.008063,-0.002135), <E> = -0.618794 

T=1.960000	 Thermalizing iterations... 
Done.
Thermalized Magnetisation = (-0.001611,-0.022731), Energy = -0.668780 
Averaging iterations... h=0.007812,0.000000
Done.
Final: Magnetisation = (-0.006329,-0.000840), Energy = -0.622700 
<M> = (0.009251,-0.000441), <E> = -0.621991 

T=1.950000	 Thermalizing iterations... 
Done.
Thermalized Magnetisation = (-0.017272,0.000239), Energy = -0.628546 
Averaging iterations... h=0.007812,0.000000
Done.
Final: Magnetisation = (0.058047,0.002792), Energy = -0.647290 
<M> = (0.009674,-0.000192), <E> = -0.625012 

T=1.940000	 Thermalizing iterations... 
Done.
Thermalized Magnetisation = (0.049189,-0.011718), Energy = -0.614399 
Averaging iterations... h=0.007812,0.000000
Done.
Final: Magnetisation = (0.043514,0.029518), Energy = -0.604877 
<M> = (0.008300,0.000352), <E> = -0.628605 

T=1.930000	 Thermalizing iterations... 
Done.
Thermalized Magnetisation = (0.008797,0.001927), Energy = -0.648086 
Averaging iterations... h=0.007812,0.000000
Done.
Final: Magnetisation = (-0.074073,0.008724), Energy = -0.628001 
<M> = (0.007759,0.000782), <E> = -0.631460 

T=1.920000	 Thermalizing iterations... 
Done.
Thermalized Magnetisation = (-0.029057,0.039332), Energy = -0.669274 
Averaging iterations... h=0.007812,0.000000
Done.
Final: Magnetisation = (0.019119,-0.012200), Energy = -0.634714 
<M> = (0.008541,-0.001272), <E> = -0.636065 

T=1.910000	 Thermalizing iterations... 
Done.
Thermalized Magnetisation = (-0.049849,0.019618), Energy = -0.647865 
Averaging iterations... h=0.007812,0.000000
Done.
Final: Magnetisation = (-0.003885,-0.018645), Energy = -0.678641 
<M> = (0.008643,-0.001251), <E> = -0.640247 

T=1.900000	 Thermalizing iterations... 
Done.
Thermalized Magnetisation = (0.081750,0.085581), Energy = -0.643910 
Averaging iterations... h=0.007812,0.000000
Done.
Final: Magnetisation = (-0.042704,-0.004562), Energy = -0.630330 
<M> = (0.008416,-0.003434), <E> = -0.644461 

T=1.890000	 Thermalizing iterations... 
Done.
Thermalized Magnetisation = (-0.035246,0.008951), Energy = -0.657333 
Averaging iterations... h=0.007812,0.000000
Done.
Final: Magnetisation = (-0.032190,0.025732), Energy = -0.634648 
<M> = (0.009106,-0.002472), <E> = -0.648320 

T=1.880000	 Thermalizing iterations... 
Done.
Thermalized Magnetisation = (0.008014,-0.038100), Energy = -0.642991 
Averaging iterations... h=0.007812,0.000000
Done.
Final: Magnetisation = (-0.050679,0.008883), Energy = -0.670425 
<M> = (0.010172,-0.001665), <E> = -0.652316 

T=1.870000	 Thermalizing iterations... 
Done.
Thermalized Magnetisation = (-0.026960,0.026277), Energy = -0.656819 
Averaging iterations... h=0.007812,0.000000
Done.
Final: Magnetisation = (0.021473,0.012304), Energy = -0.647373 
<M> = (0.009485,0.002075), <E> = -0.655563 

T=1.860000	 Thermalizing iterations... 
Done.
Thermalized Magnetisation = (-0.038646,0.033010), Energy = -0.632433 
Averaging iterations... h=0.007812,0.000000
Done.
Final: Magnetisation = (0.029476,-0.025621), Energy = -0.655976 
<M> = (0.008303,0.000053), <E> = -0.659745 

T=1.850000	 Thermalizing iterations... 
Done.
Thermalized Magnetisation = (0.014879,0.074494), Energy = -0.663287 
Averaging iterations... h=0.007812,0.000000
Done.
Final: Magnetisation = (0.043202,-0.033537), Energy = -0.695562 
<M> = (0.008619,-0.000659), <E> = -0.663850 

T=1.840000	 Thermalizing iterations... 
Done.
Thermalized Magnetisation = (0.001055,0.022156), Energy = -0.674532 
Averaging iterations... h=0.007812,0.000000
Done.
Final: Magnetisation = (0.023211,-0.005583), Energy = -0.689454 
<M> = (0.010894,-0.001362), <E> = -0.668492 

T=1.830000	 Thermalizing iterations... 
Done.
Thermalized Magnetisation = (0.053153,0.004509), Energy = -0.651782 
Averaging iterations... h=0.007812,0.000000
Done.
Final: Magnetisation = (-0.001567,0.051192), Energy = -0.660989 
<M> = (0.009047,-0.002857), <E> = -0.672986 

T=1.820000	 Thermalizing iterations... 
Done.
Thermalized Magnetisation = (0.011705,0.024934), Energy = -0.671293 
Averaging iterations... h=0.007812,0.000000
Done.
Final: Magnetisation = (0.034984,-0.031326), Energy = -0.663922 
<M> = (0.009802,-0.002395), <E> = -0.677836 

T=1.810000	 Thermalizing iterations... 
Done.
Thermalized Magnetisation = (0.001093,0.023204), Energy = -0.679569 
Averaging iterations... h=0.007812,0.000000
Done.
Final: Magnetisation = (-0.000242,0.036521), Energy = -0.663507 
<M> = (0.012134,-0.002205), <E> = -0.681635 

T=1.800000	 Thermalizing iterations... 
Done.
Thermalized Magnetisation = (-0.041471,-0.001547), Energy = -0.655930 
Averaging iterations... h=0.007812,0.000000
Done.
Final: Magnetisation = (-0.012707,0.027317), Energy = -0.722078 
<M> = (0.012067,-0.000029), <E> = -0.685349 

T=1.790000	 Thermalizing iterations... 
Done.
Thermalized Magnetisation = (0.035148,-0.048599), Energy = -0.700506 
Averaging iterations... h=0.007812,0.000000
Done.
Final: Magnetisation = (-0.036746,-0.054094), Energy = -0.702930 
<M> = (0.010140,-0.000078), <E> = -0.689956 

T=1.780000	 Thermalizing iterations... 
Done.
Thermalized Magnetisation = (0.009948,-0.014638), Energy = -0.706406 
Averaging iterations... h=0.007812,0.000000
Done.
Final: Magnetisation = (0.030002,0.007242), Energy = -0.673069 
<M> = (0.010068,0.000836), <E> = -0.693404 

T=1.770000	 Thermalizing iterations... 
Done.
Thermalized Magnetisation = (0.023584,0.025266), Energy = -0.692670 
Averaging iterations... h=0.007812,0.000000
Done.
Final: Magnetisation = (0.005020,0.068250), Energy = -0.703578 
<M> = (0.011257,-0.003671), <E> = -0.699238 

T=1.760000	 Thermalizing iterations... 
Done.
Thermalized Magnetisation = (0.006975,0.012696), Energy = -0.747261 
Averaging iterations... h=0.007812,0.000000
Done.
Final: Magnetisation = (0.067119,-0.033922), Energy = -0.721699 
<M> = (0.010646,-0.001115), <E> = -0.704392 

T=1.750000	 Thermalizing iterations... 
Done.
Thermalized Magnetisation = (-0.009332,0.012966), Energy = -0.697827 
Averaging iterations... h=0.007812,0.000000
Done.
Final: Magnetisation = (0.058737,-0.013215), Energy = -0.677388 
<M> = (0.010162,-0.002960), <E> = -0.709045 

T=1.740000	 Thermalizing iterations... 
Done.
Thermalized Magnetisation = (0.038250,0.012941), Energy = -0.685321 
Averaging iterations... h=0.007812,0.000000
Done.
Final: Magnetisation = (-0.003069,-0.026116), Energy = -0.709053 
<M> = (0.011524,-0.002577), <E> = -0.714096 

T=1.730000	 Thermalizing iterations... 
Done.
Thermalized Magnetisation = (0.047338,-0.011783), Energy = -0.722828 
Averaging iterations... h=0.007812,0.000000
Done.
Final: Magnetisation = (-0.025177,-0.048565), Energy = -0.718392 
<M> = (0.013441,-0.000725), <E> = -0.718337 

T=1.720000	 Thermalizing iterations... 
Done.
Thermalized Magnetisation = (0.004876,-0.063209), Energy = -0.725670 
Averaging iterations... h=0.007812,0.000000
Done.
Final: Magnetisation = (0.023153,0.032659), Energy = -0.726696 
<M> = (0.011577,0.001394), <E> = -0.722472 

T=1.710000	 Thermalizing iterations... 
Done.
Thermalized Magnetisation = (0.038024,-0.058459), Energy = -0.753628 
Averaging iterations... h=0.007812,0.000000
Done.
Final: Magnetisation = (0.034824,-0.033371), Energy = -0.733448 
<M> = (0.011152,0.000500), <E> = -0.727239 

T=1.700000	 Thermalizing iterations... 
Done.
Thermalized Magnetisation = (0.008002,0.020435), Energy = -0.743535 
Averaging iterations... h=0.007812,0.000000
Done.
Final: Magnetisation = (0.008430,0.024284), Energy = -0.743914 
<M> = (0.011990,-0.000954), <E> = -0.732925 

T=1.690000	 Thermalizing iterations... 
Done.
Thermalized Magnetisation = (-0.065517,0.008018), Energy = -0.759803 
Averaging iterations... h=0.007812,0.000000
Done.
Final: Magnetisation = (0.014763,-0.077464), Energy = -0.733982 
<M> = (0.012575,-0.000985), <E> = -0.737968 

T=1.680000	 Thermalizing iterations... 
Done.
Thermalized Magnetisation = (-0.030751,-0.016731), Energy = -0.729613 
Averaging iterations... h=0.007812,0.000000
Done.
Final: Magnetisation = (-0.011278,-0.086575), Energy = -0.742270 
<M> = (0.012094,-0.002468), <E> = -0.744246 

T=1.670000	 Thermalizing iterations... 
Done.
Thermalized Magnetisation = (-0.012373,0.018968), Energy = -0.747274 
Averaging iterations... h=0.007812,0.000000
Done.
Final: Magnetisation = (0.026734,-0.082924), Energy = -0.780482 
<M> = (0.013107,-0.002116), <E> = -0.749408 

T=1.660000	 Thermalizing iterations... 
Done.
Thermalized Magnetisation = (-0.037293,0.006233), Energy = -0.759541 
Averaging iterations... h=0.007812,0.000000
Done.
Final: Magnetisation = (0.031214,-0.048237), Energy = -0.752630 
<M> = (0.014342,-0.002163), <E> = -0.754755 

T=1.650000	 Thermalizing iterations... 
Done.
Thermalized Magnetisation = (0.013923,-0.001319), Energy = -0.734840 
Averaging iterations... h=0.007812,0.000000
Done.
Final: Magnetisation = (-0.041376,0.070446), Energy = -0.768784 
<M> = (0.015271,0.001503), <E> = -0.759247 

T=1.640000	 Thermalizing iterations... 
Done.
Thermalized Magnetisation = (0.062682,0.064627), Energy = -0.792709 
Averaging iterations... h=0.007812,0.000000
Done.
Final: Magnetisation = (0.065746,-0.050985), Energy = -0.755556 
<M> = (0.013812,0.001766), <E> = -0.764770 

T=1.630000	 Thermalizing iterations... 
Done.
Thermalized Magnetisation = (0.030787,0.034742), Energy = -0.768797 
Averaging iterations... h=0.007812,0.000000
Done.
Final: Magnetisation = (0.042929,0.022237), Energy = -0.711254 
<M> = (0.013850,0.000799), <E> = -0.770076 

T=1.620000	 Thermalizing iterations... 
Done.
Thermalized Magnetisation = (0.006453,-0.074486), Energy = -0.783574 
Averaging iterations... h=0.007812,0.000000
Done.
Final: Magnetisation = (0.068610,-0.052228), Energy = -0.781359 
<M> = (0.015008,-0.001773), <E> = -0.775709 

T=1.610000	 Thermalizing iterations... 
Done.
Thermalized Magnetisation = (0.047442,0.043365), Energy = -0.785381 
Averaging iterations... h=0.007812,0.000000
Done.
Final: Magnetisation = (-0.001189,0.083102), Energy = -0.802601 
<M> = (0.014788,-0.003014), <E> = -0.782433 

T=1.600000	 Thermalizing iterations... 
Done.
Thermalized Magnetisation = (0.019632,-0.037676), Energy = -0.821043 
Averaging iterations... h=0.007812,0.000000
Done.
Final: Magnetisation = (-0.027197,-0.022124), Energy = -0.763626 
<M> = (0.014688,-0.004459), <E> = -0.789044 

T=1.590000	 Thermalizing iterations... 
Done.
Thermalized Magnetisation = (-0.018136,0.022133), Energy = -0.775170 
Averaging iterations... h=0.007812,0.000000
Done.
Final: Magnetisation = (-0.074469,-0.000047), Energy = -0.785977 
<M> = (0.015243,-0.002889), <E> = -0.794450 

T=1.580000	 Thermalizing iterations... 
Done.
Thermalized Magnetisation = (0.014167,-0.000393), Energy = -0.765694 
Averaging iterations... h=0.007812,0.000000
Done.
Final: Magnetisation = (0.021630,-0.055709), Energy = -0.855005 
<M> = (0.017864,0.000039), <E> = -0.799682 

T=1.570000	 Thermalizing iterations... 
Done.
Thermalized Magnetisation = (0.022705,0.037731), Energy = -0.822827 
Averaging iterations... h=0.007812,0.000000
Done.
Final: Magnetisation = (0.011673,0.016364), Energy = -0.820420 
<M> = (0.016914,-0.000056), <E> = -0.805490 

T=1.560000	 Thermalizing iterations... 
Done.
Thermalized Magnetisation = (0.072758,-0.060866), Energy = -0.849205 
Averaging iterations... h=0.007812,0.000000
Done.
Final: Magnetisation = (-0.000799,-0.001263), Energy = -0.802236 
<M> = (0.016227,0.001755), <E> = -0.811343 

T=1.550000	 Thermalizing iterations... 
Done.
Thermalized Magnetisation = (-0.043135,-0.000359), Energy = -0.778880 
Averaging iterations... h=0.007812,0.000000
Done.
Final: Magnetisation = (0.007331,0.044247), Energy = -0.798446 
<M> = (0.016770,-0.000167), <E> = -0.817711 

T=1.540000	 Thermalizing iterations... 
Done.
Thermalized Magnetisation = (-0.022744,0.071117), Energy = -0.819607 
Averaging iterations... h=0.007812,0.000000
Done.
Final: Magnetisation = (0.007015,-0.091119), Energy = -0.844826 
<M> = (0.018006,-0.001296), <E> = -0.824763 

T=1.530000	 Thermalizing iterations... 
Done.
Thermalized Magnetisation = (0.060203,-0.018848), Energy = -0.870909 
Averaging iterations... h=0.007812,0.000000
Done.
Final: Magnetisation = (0.021160,0.045770), Energy = -0.831562 
<M> = (0.016755,-0.005197), <E> = -0.832014 

T=1.520000	 Thermalizing iterations... 
Done.
Thermalized Magnetisation = (0.063524,0.085151), Energy = -0.845133 
Averaging iterations... h=0.007812,0.000000
Done.
Final: Magnetisation = (-0.033565,-0.010023), Energy = -0.832035 
<M> = (0.018879,-0.003958), <E> = -0.838528 

T=1.510000	 Thermalizing iterations... 
Done.
Thermalized Magnetisation = (0.026021,-0.032857), Energy = -0.892581 
Averaging iterations... h=0.007812,0.000000
Done.
Final: Magnetisation = (0.024175,-0.001325), Energy = -0.824596 
<M> = (0.021750,-0.001691), <E> = -0.844843 

T=1.500000	 Thermalizing iterations... 
Done.
Thermalized Magnetisation = (0.073643,-0.080516), Energy = -0.855873 
Averaging iterations... h=0.007812,0.000000
Done.
Final: Magnetisation = (-0.019749,-0.050664), Energy = -0.837491 
<M> = (0.019990,0.003492), <E> = -0.850608 

T=1.490000	 Thermalizing iterations... 
Done.
Thermalized Magnetisation = (0.031347,0.004260), Energy = -0.845794 
Averaging iterations... h=0.007812,0.000000
Done.
Final: Magnetisation = (0.024344,0.099268), Energy = -0.852927 
<M> = (0.019168,0.002939), <E> = -0.857065 

T=1.480000	 Thermalizing iterations... 
Done.
Thermalized Magnetisation = (0.038435,-0.046143), Energy = -0.838805 
Averaging iterations... h=0.007812,0.000000
Done.
Final: Magnetisation = (0.039349,-0.022894), Energy = -0.859907 
<M> = (0.019152,0.001248), <E> = -0.864841 

T=1.470000	 Thermalizing iterations... 
Done.
Thermalized Magnetisation = (0.061980,-0.040328), Energy = -0.865137 
Averaging iterations... h=0.007812,0.000000
Done.
Final: Magnetisation = (0.055813,-0.047577), Energy = -0.880152 
<M> = (0.022375,-0.001537), <E> = -0.872596 

T=1.460000	 Thermalizing iterations... 
Done.
Thermalized Magnetisation = (0.039149,0.083767), Energy = -0.878493 
Averaging iterations... h=0.007812,0.000000
Done.
Final: Magnetisation = (0.037754,0.011944), Energy = -0.874666 
<M> = (0.021875,-0.002340), <E> = -0.880188 

T=1.450000	 Thermalizing iterations... 
Done.
Thermalized Magnetisation = (0.036697,0.055257), Energy = -0.902670 
Averaging iterations... h=0.007812,0.000000
Done.
Final: Magnetisation = (-0.022989,-0.024336), Energy = -0.890162 
<M> = (0.022159,-0.005880), <E> = -0.888113 

T=1.440000	 Thermalizing iterations... 
Done.
Thermalized Magnetisation = (0.098146,-0.052403), Energy = -0.913933 
Averaging iterations... h=0.007812,0.000000
Done.
Final: Magnetisation = (0.053073,-0.031930), Energy = -0.904840 
<M> = (0.023953,-0.004397), <E> = -0.895071 

T=1.430000	 Thermalizing iterations... 
Done.
Thermalized Magnetisation = (-0.014198,-0.083941), Energy = -0.904852 
Averaging iterations... h=0.007812,0.000000
Done.
Final: Magnetisation = (-0.001045,-0.000562), Energy = -0.908792 
<M> = (0.027041,-0.000342), <E> = -0.901178 

T=1.420000	 Thermalizing iterations... 
Done.
Thermalized Magnetisation = (0.126053,0.052481), Energy = -0.915742 
Averaging iterations... h=0.007812,0.000000
Done.
Final: Magnetisation = (0.010391,-0.013605), Energy = -0.888458 
<M> = (0.024651,0.002065), <E> = -0.909387 

T=1.410000	 Thermalizing iterations... 
Done.
Thermalized Magnetisation = (0.012686,0.024249), Energy = -0.916768 
Averaging iterations... h=0.007812,0.000000
Done.
Final: Magnetisation = (0.006752,-0.004132), Energy = -0.940715 
<M> = (0.022987,0.004392), <E> = -0.916875 

T=1.400000	 Thermalizing iterations... 
Done.
Thermalized Magnetisation = (0.037376,-0.021405), Energy = -0.898955 
Averaging iterations... h=0.007812,0.000000
Done.
Final: Magnetisation = (0.035326,0.114043), Energy = -0.882614 
<M> = (0.025340,-0.002517), <E> = -0.925909 

T=1.390000	 Thermalizing iterations... 
Done.
Thermalized Magnetisation = (-0.003825,-0.001848), Energy = -0.960566 
Averaging iterations... h=0.007812,0.000000
Done.
Final: Magnetisation = (0.063255,-0.012638), Energy = -0.940778 
<M> = (0.027239,-0.004692), <E> = -0.933771 

T=1.380000	 Thermalizing iterations... 
Done.
Thermalized Magnetisation = (0.013176,-0.020324), Energy = -0.922545 
Averaging iterations... h=0.007812,0.000000
Done.
Final: Magnetisation = (0.046018,-0.054274), Energy = -0.901329 
<M> = (0.027814,-0.008506), <E> = -0.942902 

T=1.370000	 Thermalizing iterations... 
Done.
Thermalized Magnetisation = (-0.024933,-0.072745), Energy = -0.919804 
Averaging iterations... h=0.007812,0.000000
Done.
Final: Magnetisation = (-0.010303,-0.017568), Energy = -0.903231 
<M> = (0.026742,-0.003972), <E> = -0.950547 

T=1.360000	 Thermalizing iterations... 
Done.
Thermalized Magnetisation = (0.023124,0.033740), Energy = -0.977914 
Averaging iterations... h=0.007812,0.000000
Done.
Final: Magnetisation = (0.107633,0.077833), Energy = -1.000638 
<M> = (0.031523,-0.002086), <E> = -0.958674 

T=1.350000	 Thermalizing iterations... 
Done.
Thermalized Magnetisation = (0.037360,0.104691), Energy = -0.956149 
Averaging iterations... h=0.007812,0.000000
Done.
Final: Magnetisation = (-0.004102,0.063089), Energy = -0.959123 
<M> = (0.032200,0.005448), <E> = -0.965613 

T=1.340000	 Thermalizing iterations... 
Done.
Thermalized Magnetisation = (0.112507,0.013737), Energy = -1.017904 
Averaging iterations... h=0.007812,0.000000
Done.
Final: Magnetisation = (0.080101,0.004211), Energy = -0.984350 
<M> = (0.030938,0.003891), <E> = -0.974886 

T=1.330000	 Thermalizing iterations... 
Done.
Thermalized Magnetisation = (0.076371,0.021851), Energy = -1.003894 
Averaging iterations... h=0.007812,0.000000
Done.
Final: Magnetisation = (0.052782,-0.064831), Energy = -0.993823 
<M> = (0.028774,0.000053), <E> = -0.984205 

T=1.320000	 Thermalizing iterations... 
Done.
Thermalized Magnetisation = (0.046302,-0.000683), Energy = -0.991735 
Averaging iterations... h=0.007812,0.000000
Done.
Final: Magnetisation = (0.018302,-0.027946), Energy = -0.942550 
<M> = (0.036457,-0.002949), <E> = -0.993702 

T=1.310000	 Thermalizing iterations... 
Done.
Thermalized Magnetisation = (0.088156,-0.001769), Energy = -1.017380 
Averaging iterations... h=0.007812,0.000000
Done.
Final: Magnetisation = (-0.010558,0.090814), Energy = -1.025275 
<M> = (0.034021,-0.006265), <E> = -1.003563 

T=1.300000	 Thermalizing iterations... 
Done.
Thermalized Magnetisation = (-0.007428,0.001181), Energy = -0.993432 
Averaging iterations... h=0.007812,0.000000
Done.
Final: Magnetisation = (0.048145,0.032347), Energy = -1.055872 
<M> = (0.034826,-0.009280), <E> = -1.013041 

T=1.290000	 Thermalizing iterations... 
Done.
Thermalized Magnetisation = (0.029635,-0.019671), Energy = -1.036582 
Averaging iterations... h=0.007812,0.000000
Done.
Final: Magnetisation = (0.063755,-0.010520), Energy = -1.017387 
<M> = (0.041897,-0.007625), <E> = -1.022581 

T=1.280000	 Thermalizing iterations... 
Done.
Thermalized Magnetisation = (0.059380,0.051024), Energy = -1.041089 
Averaging iterations... h=0.007812,0.000000
Done.
Final: Magnetisation = (0.043594,-0.003827), Energy = -1.041001 
<M> = (0.042317,0.004331), <E> = -1.030440 

T=1.270000	 Thermalizing iterations... 
Done.
Thermalized Magnetisation = (-0.000161,0.055261), Energy = -1.027800 
Averaging iterations... h=0.007812,0.000000
Done.
Final: Magnetisation = (0.003250,-0.008915), Energy = -1.027111 
<M> = (0.040678,0.003349), <E> = -1.040061 

T=1.260000	 Thermalizing iterations... 
Done.
Thermalized Magnetisation = (-0.016651,0.003246), Energy = -1.045269 
Averaging iterations... h=0.007812,0.000000
Done.
Final: Magnetisation = (0.010179,-0.009995), Energy = -1.054182 
<M> = (0.038727,0.005809), <E> = -1.049330 

T=1.250000	 Thermalizing iterations... 
Done.
Thermalized Magnetisation = (0.030456,-0.064317), Energy = -1.100397 
Averaging iterations... h=0.007812,0.000000
Done.
Final: Magnetisation = (-0.012511,0.082388), Energy = -1.043231 
<M> = (0.043821,-0.008322), <E> = -1.060566 

T=1.240000	 Thermalizing iterations... 
Done.
Thermalized Magnetisation = (0.080819,-0.011655), Energy = -1.089061 
Averaging iterations... h=0.007812,0.000000
Done.
Final: Magnetisation = (-0.022152,-0.050636), Energy = -1.046864 
<M> = (0.042992,-0.002709), <E> = -1.071070 

T=1.230000	 Thermalizing iterations... 
Done.
Thermalized Magnetisation = (0.060654,0.111373), Energy = -1.096866 
Averaging iterations... h=0.007812,0.000000
Done.
Final: Magnetisation = (0.044031,-0.151640), Energy = -1.058986 
<M> = (0.042388,-0.015015), <E> = -1.082487 

T=1.220000	 Thermalizing iterations... 
Done.
Thermalized Magnetisation = (0.076854,-0.066848), Energy = -1.069348 
Averaging iterations... h=0.007812,0.000000
Done.
Final: Magnetisation = (0.050101,-0.081320), Energy = -1.087889 
<M> = (0.043506,-0.011175), <E> = -1.091773 

T=1.210000	 Thermalizing iterations... 
Done.
Thermalized Magnetisation = (0.039042,0.068456), Energy = -1.052243 
Averaging iterations... h=0.007812,0.000000
Done.
Final: Magnetisation = (0.064731,-0.054242), Energy = -1.129380 
<M> = (0.051845,-0.004410), <E> = -1.101935 

T=1.200000	 Thermalizing iterations... 
Done.
Thermalized Magnetisation = (0.184762,-0.043141), Energy = -1.105019 
Averaging iterations... h=0.007812,0.000000
Done.
Final: Magnetisation = (0.064678,0.069806), Energy = -1.121882 
<M> = (0.046434,0.010885), <E> = -1.111622 

T=1.190000	 Thermalizing iterations... 
Done.
Thermalized Magnetisation = (0.085677,-0.032485), Energy = -1.104721 
Averaging iterations... h=0.007812,0.000000
Done.
Final: Magnetisation = (0.022035,-0.059920), Energy = -1.136617 
<M> = (0.052615,0.006531), <E> = -1.121834 

T=1.180000	 Thermalizing iterations... 
Done.
Thermalized Magnetisation = (0.067789,-0.097441), Energy = -1.136237 
Averaging iterations... h=0.007812,0.000000
Done.
Final: Magnetisation = (0.054384,0.004510), Energy = -1.101908 
<M> = (0.050872,0.006309), <E> = -1.133364 

T=1.170000	 Thermalizing iterations... 
Done.
Thermalized Magnetisation = (-0.019255,0.095284), Energy = -1.155204 
Averaging iterations... h=0.007812,0.000000
Done.
Final: Magnetisation = (0.063749,0.127005), Energy = -1.161512 
<M> = (0.057472,-0.006807), <E> = -1.146082 

T=1.160000	 Thermalizing iterations... 
Done.
Thermalized Magnetisation = (0.129744,-0.148527), Energy = -1.190832 
Averaging iterations... h=0.007812,0.000000
Done.
Final: Magnetisation = (0.056114,-0.103686), Energy = -1.150197 
<M> = (0.059803,-0.018092), <E> = -1.158799 

T=1.150000	 Thermalizing iterations... 
Done.
Thermalized Magnetisation = (0.055984,-0.129408), Energy = -1.219802 
Averaging iterations... h=0.007812,0.000000
Done.
Final: Magnetisation = (0.022312,0.021080), Energy = -1.149563 
<M> = (0.057071,-0.023315), <E> = -1.169138 

T=1.140000	 Thermalizing iterations... 
Done.
Thermalized Magnetisation = (-0.017372,-0.098325), Energy = -1.192611 
Averaging iterations... h=0.007812,0.000000
Done.
Final: Magnetisation = (0.144028,-0.134087), Energy = -1.176706 
<M> = (0.064754,-0.019563), <E> = -1.180907 

T=1.130000	 Thermalizing iterations... 
Done.
Thermalized Magnetisation = (-0.012552,0.127800), Energy = -1.188589 
Averaging iterations... h=0.007812,0.000000
Done.
Final: Magnetisation = (0.046449,0.137345), Energy = -1.207902 
<M> = (0.063341,0.005150), <E> = -1.190957 

T=1.120000	 Thermalizing iterations... 
Done.
Thermalized Magnetisation = (0.068603,0.084075), Energy = -1.200129 
Averaging iterations... h=0.007812,0.000000
Done.
Final: Magnetisation = (-0.007841,-0.151924), Energy = -1.205672 
<M> = (0.067175,0.020832), <E> = -1.202469 

T=1.110000	 Thermalizing iterations... 
Done.
Thermalized Magnetisation = (0.067817,0.004569), Energy = -1.197370 
Averaging iterations... h=0.007812,0.000000
Done.
Final: Magnetisation = (0.135128,0.041465), Energy = -1.224213 
<M> = (0.064458,0.013195), <E> = -1.212945 

T=1.100000	 Thermalizing iterations... 
Done.
Thermalized Magnetisation = (0.019686,-0.208752), Energy = -1.248706 
Averaging iterations... h=0.007812,0.000000
Done.
Final: Magnetisation = (0.037607,-0.085987), Energy = -1.223441 
<M> = (0.079027,0.015253), <E> = -1.226499 

T=1.090000	 Thermalizing iterations... 
Done.
Thermalized Magnetisation = (0.059022,-0.072564), Energy = -1.260549 
Averaging iterations... h=0.007812,0.000000
Done.
Final: Magnetisation = (0.034363,0.055210), Energy = -1.253756 
<M> = (0.074298,-0.025204), <E> = -1.240240 

T=1.080000	 Thermalizing iterations... 
Done.
Thermalized Magnetisation = (0.092160,0.002409), Energy = -1.247814 
Averaging iterations... h=0.007812,0.000000
Done.
Final: Magnetisation = (0.099619,-0.067356), Energy = -1.250520 
<M> = (0.071870,-0.058707), <E> = -1.251621 

T=1.070000	 Thermalizing iterations... 
Done.
Thermalized Magnetisation = (0.112785,0.038196), Energy = -1.287907 
Averaging iterations... h=0.007812,0.000000
Done.
Final: Magnetisation = (0.024738,0.071972), Energy = -1.246538 
<M> = (0.076934,-0.078622), <E> = -1.266698 

T=1.060000	 Thermalizing iterations... 
Done.
Thermalized Magnetisation = (0.075408,0.082902), Energy = -1.280727 
Averaging iterations... h=0.007812,0.000000
Done.
Final: Magnetisation = (0.110734,-0.253234), Energy = -1.316450 
<M> = (0.084420,-0.012394), <E> = -1.277477 

T=1.050000	 Thermalizing iterations... 
Done.
Thermalized Magnetisation = (0.069935,0.019520), Energy = -1.311637 
Averaging iterations... h=0.007812,0.000000
Done.
Final: Magnetisation = (0.065627,0.025556), Energy = -1.275761 
<M> = (0.087535,-0.012203), <E> = -1.286831 

T=1.040000	 Thermalizing iterations... 
Done.
Thermalized Magnetisation = (0.025207,0.074123), Energy = -1.272567 
Averaging iterations... h=0.007812,0.000000
Done.
Final: Magnetisation = (0.071351,0.085971), Energy = -1.289167 
<M> = (0.074341,0.057090), <E> = -1.300632 

T=1.030000	 Thermalizing iterations... 
Done.
Thermalized Magnetisation = (0.042712,-0.116686), Energy = -1.274799 
Averaging iterations... h=0.007812,0.000000
Done.
Final: Magnetisation = (0.041707,0.102675), Energy = -1.348388 
<M> = (0.086025,-0.020151), <E> = -1.313712 

T=1.020000	 Thermalizing iterations... 
Done.
Thermalized Magnetisation = (0.086577,-0.145034), Energy = -1.310253 
Averaging iterations... h=0.007812,0.000000
Done.
Final: Magnetisation = (0.001285,0.152609), Energy = -1.337726 
<M> = (0.078830,-0.078225), <E> = -1.326167 

T=1.010000	 Thermalizing iterations... 
Done.
Thermalized Magnetisation = (0.052673,0.175475), Energy = -1.344418 
Averaging iterations... h=0.007812,0.000000
Done.
Final: Magnetisation = (0.103652,-0.282961), Energy = -1.351462 
<M> = (0.077790,-0.245104), <E> = -1.345918 

T=1.000000	 Thermalizing iterations... 
Done.
Thermalized Magnetisation = (0.120467,-0.274167), Energy = -1.387751 
Averaging iterations... h=0.007812,0.000000
Done.
Final: Magnetisation = (0.179331,-0.310406), Energy = -1.368029 
<M> = (0.094409,-0.177568), <E> = -1.357962 

T=0.990000	 Thermalizing iterations... 
Done.
Thermalized Magnetisation = (0.070824,0.098644), Energy = -1.381067 
Averaging iterations... h=0.007812,0.000000
Done.
Final: Magnetisation = (0.108901,-0.324713), Energy = -1.374555 
<M> = (0.107398,-0.096564), <E> = -1.366334 

T=0.980000	 Thermalizing iterations... 
Done.
Thermalized Magnetisation = (0.077315,0.043921), Energy = -1.367652 
Averaging iterations... h=0.007812,0.000000
Done.
Final: Magnetisation = (0.182210,-0.175154), Energy = -1.380300 
<M> = (0.104542,-0.230440), <E> = -1.380469 

T=0.970000	 Thermalizing iterations... 
Done.
Thermalized Magnetisation = (0.101921,-0.266606), Energy = -1.375067 
Averaging iterations... h=0.007812,0.000000
Done.
Final: Magnetisation = (0.038298,0.015381), Energy = -1.391998 
<M> = (0.099927,-0.027657), <E> = -1.389551 

T=0.960000	 Thermalizing iterations... 
Done.
Thermalized Magnetisation = (0.082068,-0.426063), Energy = -1.431501 
Averaging iterations... h=0.007812,0.000000
Done.
Final: Magnetisation = (0.099454,-0.207827), Energy = -1.380210 
<M> = (0.096177,-0.317816), <E> = -1.405886 

T=0.950000	 Thermalizing iterations... 
Done.
Thermalized Magnetisation = (0.003680,-0.521708), Energy = -1.412294 
Averaging iterations... h=0.007812,0.000000
Done.
Final: Magnetisation = (0.117432,-0.245009), Energy = -1.423157 
<M> = (0.100638,-0.387021), <E> = -1.422705 

T=0.940000	 Thermalizing iterations... 
Done.
Thermalized Magnetisation = (0.110744,-0.414917), Energy = -1.451056 
Averaging iterations... h=0.007812,0.000000
Done.
Final: Magnetisation = (0.022363,-0.477928), Energy = -1.443544 
<M> = (0.080492,-0.513359), <E> = -1.441735 

T=0.930000	 Thermalizing iterations... 
Done.
Thermalized Magnetisation = (0.145211,-0.403642), Energy = -1.443451 
Averaging iterations... h=0.007812,0.000000
Done.
Final: Magnetisation = (0.123781,-0.482612), Energy = -1.459642 
<M> = (0.080876,-0.513484), <E> = -1.452184 

T=0.920000	 Thermalizing iterations... 
Done.
Thermalized Magnetisation = (0.186925,-0.526381), Energy = -1.497800 
Averaging iterations... h=0.007812,0.000000
Done.
Final: Magnetisation = (0.086863,-0.535138), Energy = -1.449191 
<M> = (0.094614,-0.559809), <E> = -1.466231 

T=0.910000	 Thermalizing iterations... 
Done.
Thermalized Magnetisation = (0.051752,-0.603274), Energy = -1.462806 
Averaging iterations... h=0.007812,0.000000
Done.
Final: Magnetisation = (0.044789,-0.572280), Energy = -1.473766 
<M> = (0.100093,-0.556006), <E> = -1.475344 

T=0.900000	 Thermalizing iterations... 
Done.
Thermalized Magnetisation = (0.090861,-0.585710), Energy = -1.495433 
Averaging iterations... h=0.007812,0.000000
Done.
Final: Magnetisation = (0.203339,-0.516940), Energy = -1.480485 
<M> = (0.097964,-0.569019), <E> = -1.485015 

T=0.890000	 Thermalizing iterations... 
Done.
Thermalized Magnetisation = (0.054854,-0.578990), Energy = -1.494192 
Averaging iterations... h=0.007812,0.000000
Done.
Final: Magnetisation = (0.165643,-0.565275), Energy = -1.476967 
<M> = (0.088362,-0.590073), <E> = -1.496059 

T=0.880000	 Thermalizing iterations... 
Done.
Thermalized Magnetisation = (0.051246,-0.635000), Energy = -1.509756 
Averaging iterations... h=0.007812,0.000000
Done.
Final: Magnetisation = (0.133445,-0.594011), Energy = -1.522349 
<M> = (0.091092,-0.596395), <E> = -1.506686 

T=0.870000	 Thermalizing iterations... 
Done.
Thermalized Magnetisation = (0.067969,-0.655393), Energy = -1.537103 
Averaging iterations... h=0.007812,0.000000
Done.
Final: Magnetisation = (0.135616,-0.586990), Energy = -1.521899 
<M> = (0.084004,-0.607479), <E> = -1.516848 

T=0.860000	 Thermalizing iterations... 
Done.
Thermalized Magnetisation = (0.142757,-0.645240), Energy = -1.537917 
Averaging iterations... h=0.007812,0.000000
Done.
Final: Magnetisation = (0.082423,-0.637578), Energy = -1.528362 
<M> = (0.083710,-0.626099), <E> = -1.528181 

T=0.850000	 Thermalizing iterations... 
Done.
Thermalized Magnetisation = (0.043059,-0.639326), Energy = -1.525861 
Averaging iterations... h=0.007812,0.000000
Done.
Final: Magnetisation = (0.077761,-0.620178), Energy = -1.534417 
<M> = (0.082628,-0.635247), <E> = -1.537336 

T=0.840000	 Thermalizing iterations... 
Done.
Thermalized Magnetisation = (0.062424,-0.666543), Energy = -1.564261 
Averaging iterations... h=0.007812,0.000000
Done.
Final: Magnetisation = (0.117263,-0.620869), Energy = -1.558803 
<M> = (0.094059,-0.632895), <E> = -1.545400 

T=0.830000	 Thermalizing iterations... 
Done.
Thermalized Magnetisation = (0.100635,-0.626054), Energy = -1.542770 
Averaging iterations... h=0.007812,0.000000
Done.
Final: Magnetisation = (0.102187,-0.648095), Energy = -1.555741 
<M> = (0.098448,-0.631634), <E> = -1.553103 

T=0.820000	 Thermalizing iterations... 
Done.
Thermalized Magnetisation = (0.054777,-0.664832), Energy = -1.554009 
Averaging iterations... h=0.007812,0.000000
Done.
Final: Magnetisation = (0.078063,-0.643032), Energy = -1.542606 
<M> = (0.087811,-0.643823), <E> = -1.561506 

T=0.810000	 Thermalizing iterations... 
Done.
Thermalized Magnetisation = (0.061748,-0.675262), Energy = -1.546310 
Averaging iterations... h=0.007812,0.000000
Done.
Final: Magnetisation = (0.076716,-0.634593), Energy = -1.549838 
<M> = (0.094768,-0.653950), <E> = -1.570625 

T=0.800000	 Thermalizing iterations... 
Done.
Thermalized Magnetisation = (0.084362,-0.682234), Energy = -1.586495 
Averaging iterations... h=0.007812,0.000000
Done.
Final: Magnetisation = (0.091237,-0.656792), Energy = -1.584437 
<M> = (0.082995,-0.659752), <E> = -1.579641 

T=0.790000	 Thermalizing iterations... 
Done.
Thermalized Magnetisation = (0.023794,-0.678787), Energy = -1.583914 
Averaging iterations... h=0.007812,0.000000
Done.
Final: Magnetisation = (0.066558,-0.675022), Energy = -1.609533 
<M> = (0.083686,-0.666612), <E> = -1.588756 

T=0.780000	 Thermalizing iterations... 
Done.
Thermalized Magnetisation = (0.107887,-0.650426), Energy = -1.587405 
Averaging iterations... h=0.007812,0.000000
Done.
Final: Magnetisation = (0.130484,-0.665529), Energy = -1.588020 
<M> = (0.080160,-0.675332), <E> = -1.596583 

T=0.770000	 Thermalizing iterations... 
Done.
Thermalized Magnetisation = (0.098083,-0.679284), Energy = -1.592703 
Averaging iterations... h=0.007812,0.000000
Done.
Final: Magnetisation = (0.058424,-0.658018), Energy = -1.587498 
<M> = (0.098563,-0.674510), <E> = -1.604060 

T=0.760000	 Thermalizing iterations... 
Done.
Thermalized Magnetisation = (0.074817,-0.676725), Energy = -1.587744 
Averaging iterations... h=0.007812,0.000000
Done.
Final: Magnetisation = (0.126511,-0.693567), Energy = -1.625578 
<M> = (0.094541,-0.678150), <E> = -1.610955 

T=0.750000	 Thermalizing iterations... 
Done.
Thermalized Magnetisation = (0.118312,-0.673283), Energy = -1.615741 
Averaging iterations... h=0.007812,0.000000
Done.
Final: Magnetisation = (0.078749,-0.705168), Energy = -1.615012 
<M> = (0.091748,-0.681826), <E> = -1.618186 

T=0.740000	 Thermalizing iterations... 
Done.
Thermalized Magnetisation = (0.091813,-0.715814), Energy = -1.641621 
Averaging iterations... h=0.007812,0.000000
Done.
Final: Magnetisation = (0.092187,-0.685990), Energy = -1.627780 
<M> = (0.082738,-0.687201), <E> = -1.625674 

T=0.730000	 Thermalizing iterations... 
Done.
Thermalized Magnetisation = (0.105923,-0.681079), Energy = -1.616063 
Averaging iterations... h=0.007812,0.000000
Done.
Final: Magnetisation = (0.062566,-0.693341), Energy = -1.629624 
<M> = (0.090940,-0.693133), <E> = -1.634127 

T=0.720000	 Thermalizing iterations... 
Done.
Thermalized Magnetisation = (0.148415,-0.675605), Energy = -1.626515 
Averaging iterations... h=0.007812,0.000000
Done.
Final: Magnetisation = (0.110340,-0.705129), Energy = -1.646933 
<M> = (0.084470,-0.701357), <E> = -1.641287 

T=0.710000	 Thermalizing iterations... 
Done.
Thermalized Magnetisation = (0.090123,-0.714576), Energy = -1.657233 
Averaging iterations... h=0.007812,0.000000
Done.
Final: Magnetisation = (0.043916,-0.706649), Energy = -1.665020 
<M> = (0.081397,-0.703621), <E> = -1.648923 

T=0.700000	 Thermalizing iterations... 
Done.
Thermalized Magnetisation = (0.067648,-0.716572), Energy = -1.653975 
Averaging iterations... h=0.007812,0.000000
Done.
Final: Magnetisation = (0.044491,-0.704769), Energy = -1.654903 
<M> = (0.079375,-0.712314), <E> = -1.656552 

T=0.690000	 Thermalizing iterations... 
Done.
Thermalized Magnetisation = (0.100816,-0.706616), Energy = -1.657204 
Averaging iterations... h=0.007812,0.000000
Done.
Final: Magnetisation = (0.052076,-0.744809), Energy = -1.667402 
<M> = (0.090252,-0.711744), <E> = -1.663046 

T=0.680000	 Thermalizing iterations... 
Done.
Thermalized Magnetisation = (0.019012,-0.714141), Energy = -1.658086 
Averaging iterations... h=0.007812,0.000000
Done.
Final: Magnetisation = (0.006741,-0.726180), Energy = -1.676009 
<M> = (0.091890,-0.712011), <E> = -1.669089 

T=0.670000	 Thermalizing iterations... 
Done.
Thermalized Magnetisation = (0.116487,-0.719437), Energy = -1.666589 
Averaging iterations... h=0.007812,0.000000
Done.
Final: Magnetisation = (0.140990,-0.718027), Energy = -1.677796 
<M> = (0.084282,-0.718831), <E> = -1.676185 

T=0.660000	 Thermalizing iterations... 
Done.
Thermalized Magnetisation = (0.057872,-0.736315), Energy = -1.679136 
Averaging iterations... h=0.007812,0.000000
Done.
Final: Magnetisation = (0.053603,-0.728399), Energy = -1.701803 
<M> = (0.094092,-0.721766), <E> = -1.683061 

T=0.650000	 Thermalizing iterations... 
Done.
Thermalized Magnetisation = (0.052915,-0.734092), Energy = -1.695444 
Averaging iterations... h=0.007812,0.000000
Done.
Final: Magnetisation = (0.070281,-0.741692), Energy = -1.680908 
<M> = (0.085115,-0.726271), <E> = -1.690308 

T=0.640000	 Thermalizing iterations... 
Done.
Thermalized Magnetisation = (0.111538,-0.764834), Energy = -1.711978 
Averaging iterations... h=0.007812,0.000000
Done.
Final: Magnetisation = (0.133808,-0.724149), Energy = -1.704753 
<M> = (0.074886,-0.733194), <E> = -1.697491 

T=0.630000	 Thermalizing iterations... 
Done.
Thermalized Magnetisation = (0.085158,-0.734876), Energy = -1.700715 
Averaging iterations... h=0.007812,0.000000
Done.
Final: Magnetisation = (0.029707,-0.743318), Energy = -1.702257 
<M> = (0.081511,-0.737527), <E> = -1.703995 

T=0.620000	 Thermalizing iterations... 
Done.
Thermalized Magnetisation = (0.054893,-0.748865), Energy = -1.713631 
Averaging iterations... h=0.007812,0.000000
Done.
Final: Magnetisation = (0.167368,-0.733628), Energy = -1.720415 
<M> = (0.086780,-0.740935), <E> = -1.710426 

T=0.610000	 Thermalizing iterations... 
Done.
Thermalized Magnetisation = (0.068745,-0.749669), Energy = -1.716947 
Averaging iterations... h=0.007812,0.000000
Done.
Final: Magnetisation = (0.041472,-0.746718), Energy = -1.717112 
<M> = (0.094040,-0.740123), <E> = -1.716515 

T=0.600000	 Thermalizing iterations... 
Done.
Thermalized Magnetisation = (0.081282,-0.733590), Energy = -1.721499 
Averaging iterations... h=0.007812,0.000000
Done.
Final: Magnetisation = (0.108084,-0.750982), Energy = -1.720544 
<M> = (0.084585,-0.741757), <E> = -1.722545 

T=0.590000	 Thermalizing iterations... 
Done.
Thermalized Magnetisation = (0.072768,-0.742117), Energy = -1.727303 
Averaging iterations... h=0.007812,0.000000
Done.
Final: Magnetisation = (0.107512,-0.763372), Energy = -1.728696 
<M> = (0.094172,-0.747421), <E> = -1.729228 

T=0.580000	 Thermalizing iterations... 
Done.
Thermalized Magnetisation = (0.132960,-0.739834), Energy = -1.748086 
Averaging iterations... h=0.007812,0.000000
Done.
Final: Magnetisation = (0.095283,-0.763308), Energy = -1.745632 
<M> = (0.089426,-0.751257), <E> = -1.735756 

T=0.570000	 Thermalizing iterations... 
Done.
Thermalized Magnetisation = (0.089012,-0.753522), Energy = -1.748103 
Averaging iterations... h=0.007812,0.000000
Done.
Final: Magnetisation = (0.136066,-0.738761), Energy = -1.743717 
<M> = (0.088618,-0.757253), <E> = -1.742551 

T=0.560000	 Thermalizing iterations... 
Done.
Thermalized Magnetisation = (0.085425,-0.751562), Energy = -1.749134 
Averaging iterations... h=0.007812,0.000000
Done.
Final: Magnetisation = (0.115149,-0.755664), Energy = -1.751013 
<M> = (0.078292,-0.759013), <E> = -1.748789 

T=0.550000	 Thermalizing iterations... 
Done.
Thermalized Magnetisation = (0.106698,-0.738639), Energy = -1.755635 
Averaging iterations... h=0.007812,0.000000
Done.
Final: Magnetisation = (0.090760,-0.744266), Energy = -1.754157 
<M> = (0.082486,-0.765486), <E> = -1.755186 

T=0.540000	 Thermalizing iterations... 
Done.
Thermalized Magnetisation = (0.112983,-0.751002), Energy = -1.755848 
Averaging iterations... h=0.007812,0.000000
Done.
Final: Magnetisation = (0.084584,-0.779090), Energy = -1.749984 
<M> = (0.090925,-0.763635), <E> = -1.760763 

T=0.530000	 Thermalizing iterations... 
Done.
Thermalized Magnetisation = (0.123625,-0.762920), Energy = -1.772487 
Averaging iterations... h=0.007812,0.000000
Done.
Final: Magnetisation = (0.096966,-0.762822), Energy = -1.773599 
<M> = (0.083103,-0.767457), <E> = -1.766677 

T=0.520000	 Thermalizing iterations... 
Done.
Thermalized Magnetisation = (0.096159,-0.754936), Energy = -1.766896 
Averaging iterations... h=0.007812,0.000000
Done.
Final: Magnetisation = (0.083535,-0.768666), Energy = -1.762624 
<M> = (0.090383,-0.770510), <E> = -1.772585 

T=0.510000	 Thermalizing iterations... 
Done.
Thermalized Magnetisation = (0.067996,-0.778715), Energy = -1.779876 
Averaging iterations... h=0.007812,0.000000
Done.
Final: Magnetisation = (0.107305,-0.766790), Energy = -1.777325 
<M> = (0.086063,-0.774511), <E> = -1.778976 

T=0.500000	 Thermalizing iterations... 
Done.
Thermalized Magnetisation = (0.041001,-0.792075), Energy = -1.788846 
Averaging iterations... h=0.007812,0.000000
Done.
Final: Magnetisation = (0.077165,-0.784867), Energy = -1.785567 
<M> = (0.079798,-0.780583), <E> = -1.785628 

T=0.490000	 Thermalizing iterations... 
Done.
Thermalized Magnetisation = (0.054797,-0.795691), Energy = -1.784550 
Averaging iterations... h=0.007812,0.000000
Done.
Final: Magnetisation = (0.103877,-0.783665), Energy = -1.781754 
<M> = (0.079104,-0.784434), <E> = -1.791692 

T=0.480000	 Thermalizing iterations... 
Done.
Thermalized Magnetisation = (0.112568,-0.768967), Energy = -1.800319 
Averaging iterations... h=0.007812,0.000000
Done.
Final: Magnetisation = (0.065487,-0.762555), Energy = -1.784930 
<M> = (0.083049,-0.787240), <E> = -1.797441 

T=0.470000	 Thermalizing iterations... 
Done.
Thermalized Magnetisation = (0.116952,-0.781441), Energy = -1.810008 
Averaging iterations... h=0.007812,0.000000
Done.
Final: Magnetisation = (0.068511,-0.783032), Energy = -1.802410 
<M> = (0.080956,-0.788404), <E> = -1.803182 

T=0.460000	 Thermalizing iterations... 
Done.
Thermalized Magnetisation = (0.116275,-0.803450), Energy = -1.808239 
Averaging iterations... h=0.007812,0.000000
Done.
Final: Magnetisation = (0.080489,-0.794869), Energy = -1.795539 
<M> = (0.087637,-0.788584), <E> = -1.808581 

T=0.450000	 Thermalizing iterations... 
Done.
Thermalized Magnetisation = (0.141054,-0.784925), Energy = -1.815694 
Averaging iterations... h=0.007812,0.000000
Done.
Final: Magnetisation = (0.133814,-0.780233), Energy = -1.810954 
<M> = (0.094390,-0.790824), <E> = -1.814560 

T=0.440000	 Thermalizing iterations... 
Done.
Thermalized Magnetisation = (0.096195,-0.803716), Energy = -1.820433 
Averaging iterations... h=0.007812,0.000000
Done.
Final: Magnetisation = (0.123133,-0.776852), Energy = -1.822012 
<M> = (0.091063,-0.794647), <E> = -1.820281 

T=0.430000	 Thermalizing iterations... 
Done.
Thermalized Magnetisation = (0.013767,-0.815552), Energy = -1.832876 
Averaging iterations... h=0.007812,0.000000
Done.
Final: Magnetisation = (0.064061,-0.798621), Energy = -1.817074 
<M> = (0.085349,-0.800535), <E> = -1.826282 

T=0.420000	 Thermalizing iterations... 
Done.
Thermalized Magnetisation = (0.072366,-0.809825), Energy = -1.831794 
Averaging iterations... h=0.007812,0.000000
Done.
Final: Magnetisation = (0.072753,-0.800374), Energy = -1.834886 
<M> = (0.086073,-0.803313), <E> = -1.832407 

T=0.410000	 Thermalizing iterations... 
Done.
Thermalized Magnetisation = (0.137560,-0.793919), Energy = -1.839317 
Averaging iterations... h=0.007812,0.000000
Done.
Final: Magnetisation = (0.090789,-0.791831), Energy = -1.835370 
<M> = (0.086942,-0.807466), <E> = -1.838257 

T=0.400000	 Thermalizing iterations... 
Done.
Thermalized Magnetisation = (0.105707,-0.793982), Energy = -1.836118 
Averaging iterations... h=0.007812,0.000000
Done.
Final: Magnetisation = (0.083021,-0.801238), Energy = -1.842179 
<M> = (0.091691,-0.808057), <E> = -1.843759 

T=0.390000	 Thermalizing iterations... 
Done.
Thermalized Magnetisation = (0.049072,-0.808354), Energy = -1.843426 
Averaging iterations... h=0.007812,0.000000
Done.
Final: Magnetisation = (0.107161,-0.814382), Energy = -1.841480 
<M> = (0.094404,-0.809743), <E> = -1.849243 

T=0.380000	 Thermalizing iterations... 
Done.
Thermalized Magnetisation = (0.066095,-0.815241), Energy = -1.849384 
Averaging iterations... h=0.007812,0.000000
Done.
Final: Magnetisation = (0.049537,-0.819422), Energy = -1.855689 
<M> = (0.084384,-0.811609), <E> = -1.854850 

T=0.370000	 Thermalizing iterations... 
Done.
Thermalized Magnetisation = (0.088091,-0.813018), Energy = -1.870440 
Averaging iterations... h=0.007812,0.000000
Done.
Final: Magnetisation = (0.110620,-0.805386), Energy = -1.861660 
<M> = (0.089087,-0.814852), <E> = -1.860332 

T=0.360000	 Thermalizing iterations... 
Done.
Thermalized Magnetisation = (0.075491,-0.824354), Energy = -1.867672 
Averaging iterations... h=0.007812,0.000000
Done.
Final: Magnetisation = (0.087709,-0.821334), Energy = -1.862060 
<M> = (0.091463,-0.817159), <E> = -1.866200 

T=0.350000	 Thermalizing iterations... 
Done.
Thermalized Magnetisation = (0.090843,-0.816694), Energy = -1.863238 
Averaging iterations... h=0.007812,0.000000
Done.
Final: Magnetisation = (0.082000,-0.820388), Energy = -1.872566 
<M> = (0.084283,-0.822546), <E> = -1.871970 

T=0.340000	 Thermalizing iterations... 
Done.
Thermalized Magnetisation = (0.089539,-0.821660), Energy = -1.874197 
Averaging iterations... h=0.007812,0.000000
Done.
Final: Magnetisation = (0.124661,-0.822657), Energy = -1.878370 
<M> = (0.079507,-0.827623), <E> = -1.877752 

T=0.330000	 Thermalizing iterations... 
Done.
Thermalized Magnetisation = (0.070059,-0.839513), Energy = -1.882607 
Averaging iterations... h=0.007812,0.000000
Done.
Final: Magnetisation = (0.086177,-0.832275), Energy = -1.884542 
<M> = (0.086209,-0.830773), <E> = -1.883273 

T=0.320000	 Thermalizing iterations... 
Done.
Thermalized Magnetisation = (0.120088,-0.821728), Energy = -1.886832 
Averaging iterations... h=0.007812,0.000000
Done.
Final: Magnetisation = (0.071384,-0.841911), Energy = -1.891039 
<M> = (0.085638,-0.830652), <E> = -1.888524 

T=0.310000	 Thermalizing iterations... 
Done.
Thermalized Magnetisation = (0.103848,-0.826916), Energy = -1.890713 
Averaging iterations... h=0.007812,0.000000
Done.
Final: Magnetisation = (0.103250,-0.836063), Energy = -1.889274 
<M> = (0.093001,-0.830891), <E> = -1.894034 

T=0.300000	 Thermalizing iterations... 
Done.
Thermalized Magnetisation = (0.085386,-0.837710), Energy = -1.900040 
Averaging iterations... h=0.007812,0.000000
Done.
Final: Magnetisation = (0.105468,-0.822595), Energy = -1.896256 
<M> = (0.092221,-0.834704), <E> = -1.899555 

T=0.290000	 Thermalizing iterations... 
Done.
Thermalized Magnetisation = (0.088828,-0.841688), Energy = -1.906390 
Averaging iterations... h=0.007812,0.000000
Done.
Final: Magnetisation = (0.062440,-0.845338), Energy = -1.904211 
<M> = (0.091570,-0.837009), <E> = -1.905022 

T=0.280000	 Thermalizing iterations... 
Done.
Thermalized Magnetisation = (0.093487,-0.838671), Energy = -1.908204 
Averaging iterations... h=0.007812,0.000000
Done.
Final: Magnetisation = (0.064653,-0.839185), Energy = -1.910196 
<M> = (0.086816,-0.840639), <E> = -1.910442 

T=0.270000	 Thermalizing iterations... 
Done.
Thermalized Magnetisation = (0.070412,-0.854305), Energy = -1.918380 
Averaging iterations... h=0.007812,0.000000
Done.
Final: Magnetisation = (0.112610,-0.839831), Energy = -1.914330 
<M> = (0.087288,-0.844747), <E> = -1.916081 

T=0.260000	 Thermalizing iterations... 
Done.
Thermalized Magnetisation = (0.072539,-0.841092), Energy = -1.921047 
Averaging iterations... h=0.007812,0.000000
Done.
Final: Magnetisation = (0.079525,-0.841138), Energy = -1.921051 
<M> = (0.087682,-0.847925), <E> = -1.921517 

T=0.250000	 Thermalizing iterations... 
Done.
Thermalized Magnetisation = (0.085095,-0.851519), Energy = -1.927961 
Averaging iterations... h=0.007812,0.000000
Done.
Final: Magnetisation = (0.115943,-0.850367), Energy = -1.931951 
<M> = (0.084907,-0.849480), <E> = -1.926801 

T=0.240000	 Thermalizing iterations... 
Done.
Thermalized Magnetisation = (0.082040,-0.841391), Energy = -1.932703 
Averaging iterations... h=0.007812,0.000000
Done.
Final: Magnetisation = (0.110628,-0.847097), Energy = -1.933699 
<M> = (0.088598,-0.852119), <E> = -1.932090 

T=0.230000	 Thermalizing iterations... 
Done.
Thermalized Magnetisation = (0.060810,-0.855089), Energy = -1.937830 
Averaging iterations... h=0.007812,0.000000
Done.
Final: Magnetisation = (0.028719,-0.848672), Energy = -1.936095 
<M> = (0.083538,-0.854227), <E> = -1.937369 

T=0.220000	 Thermalizing iterations... 
Done.
Thermalized Magnetisation = (0.111405,-0.854757), Energy = -1.942200 
Averaging iterations... h=0.007812,0.000000
Done.
Final: Magnetisation = (0.116657,-0.854807), Energy = -1.939905 
<M> = (0.091888,-0.856930), <E> = -1.942680 

T=0.210000	 Thermalizing iterations... 
Done.
Thermalized Magnetisation = (0.054945,-0.859795), Energy = -1.947557 
Averaging iterations... h=0.007812,0.000000
Done.
Final: Magnetisation = (0.079666,-0.861751), Energy = -1.948386 
<M> = (0.086862,-0.858684), <E> = -1.947992 

T=0.200000	 Thermalizing iterations... 
Done.
Thermalized Magnetisation = (0.098606,-0.861322), Energy = -1.955024 
Averaging iterations... h=0.007812,0.000000
Done.
Final: Magnetisation = (0.111044,-0.854363), Energy = -1.949629 
<M> = (0.091239,-0.862219), <E> = -1.953448 

T=0.190000	 Thermalizing iterations... 
Done.
Thermalized Magnetisation = (0.096114,-0.862350), Energy = -1.957668 
Averaging iterations... h=0.007812,0.000000
Done.
Final: Magnetisation = (0.099039,-0.866121), Energy = -1.961144 
<M> = (0.085292,-0.864902), <E> = -1.958768 

T=0.180000	 Thermalizing iterations... 
Done.
Thermalized Magnetisation = (0.070340,-0.865915), Energy = -1.966765 
Averaging iterations... h=0.007812,0.000000
Done.
Final: Magnetisation = (0.075605,-0.863938), Energy = -1.965398 
<M> = (0.089972,-0.867955), <E> = -1.964057 

T=0.170000	 Thermalizing iterations... 
Done.
Thermalized Magnetisation = (0.099054,-0.873797), Energy = -1.966410 
Averaging iterations... h=0.007812,0.000000
Done.
Final: Magnetisation = (0.070518,-0.872299), Energy = -1.967217 
<M> = (0.085947,-0.870632), <E> = -1.969166 

T=0.160000	 Thermalizing iterations... 
Done.
Thermalized Magnetisation = (0.090593,-0.873988), Energy = -1.976974 
Averaging iterations... h=0.007812,0.000000
Done.
Final: Magnetisation = (0.090083,-0.874555), Energy = -1.976559 
<M> = (0.086576,-0.872083), <E> = -1.974327 

T=0.150000	 Thermalizing iterations... 
Done.
Thermalized Magnetisation = (0.106106,-0.869894), Energy = -1.979609 
Averaging iterations... h=0.007812,0.000000
Done.
Final: Magnetisation = (0.094634,-0.876009), Energy = -1.977763 
<M> = (0.089568,-0.875024), <E> = -1.979590 

T=0.140000	 Thermalizing iterations... 
Done.
Thermalized Magnetisation = (0.072660,-0.878213), Energy = -1.985880 
Averaging iterations... h=0.007812,0.000000
Done.
Final: Magnetisation = (0.100451,-0.880728), Energy = -1.987350 
<M> = (0.092995,-0.877546), <E> = -1.984830 

T=0.130000	 Thermalizing iterations... 
Done.
Thermalized Magnetisation = (0.095306,-0.879901), Energy = -1.993701 
Averaging iterations... h=0.007812,0.000000
Done.
Final: Magnetisation = (0.068300,-0.879401), Energy = -1.989900 
<M> = (0.089010,-0.880428), <E> = -1.989944 

T=0.120000	 Thermalizing iterations... 
Done.
Thermalized Magnetisation = (0.101196,-0.878968), Energy = -1.993291 
Averaging iterations... h=0.007812,0.000000
Done.
Final: Magnetisation = (0.098965,-0.884755), Energy = -1.995083 
<M> = (0.082251,-0.883513), <E> = -1.995255 

T=0.110000	 Thermalizing iterations... 
Done.
Thermalized Magnetisation = (0.101190,-0.882463), Energy = -2.001895 
Averaging iterations... h=0.007812,0.000000
Done.
Final: Magnetisation = (0.092888,-0.880675), Energy = -2.000030 
<M> = (0.088938,-0.885146), <E> = -2.000388 

T=0.100000	 Thermalizing iterations... 
Done.
Thermalized Magnetisation = (0.090553,-0.887210), Energy = -2.006867 
Averaging iterations... h=0.007812,0.000000
Done.
Final: Magnetisation = (0.075402,-0.889637), Energy = -2.004841 
<M> = (0.088793,-0.887424), <E> = -2.005510 

T=0.090000	 Thermalizing iterations... 
Done.
Thermalized Magnetisation = (0.093515,-0.887812), Energy = -2.008476 
Averaging iterations... h=0.007812,0.000000
Done.
Final: Magnetisation = (0.096548,-0.896570), Energy = -2.008903 
<M> = (0.089156,-0.889668), <E> = -2.010622 

T=0.080000	 Thermalizing iterations... 
Done.
Thermalized Magnetisation = (0.072028,-0.890713), Energy = -2.016524 
Averaging iterations... h=0.007812,0.000000
Done.
Final: Magnetisation = (0.081336,-0.890310), Energy = -2.016581 
<M> = (0.085136,-0.892651), <E> = -2.015635 

T=0.070000	 Thermalizing iterations... 
Done.
Thermalized Magnetisation = (0.083911,-0.895529), Energy = -2.020807 
Averaging iterations... h=0.007812,0.000000
Done.
Final: Magnetisation = (0.090851,-0.895794), Energy = -2.021781 
<M> = (0.090054,-0.895518), <E> = -2.020803 

T=0.060000	 Thermalizing iterations... 
Done.
Thermalized Magnetisation = (0.078788,-0.899019), Energy = -2.025410 
Averaging iterations... h=0.007812,0.000000
Done.
Final: Magnetisation = (0.081794,-0.900921), Energy = -2.025156 
<M> = (0.089387,-0.897772), <E> = -2.025952 

T=0.050000	 Thermalizing iterations... 
Done.
Thermalized Magnetisation = (0.094113,-0.898698), Energy = -2.031541 
Averaging iterations... h=0.007812,0.000000
Done.
Final: Magnetisation = (0.086554,-0.899896), Energy = -2.030923 
<M> = (0.089405,-0.900419), <E> = -2.030965 

T=0.040000	 Thermalizing iterations... 
Done.
Thermalized Magnetisation = (0.078317,-0.903869), Energy = -2.035987 
Averaging iterations... h=0.007812,0.000000
Done.
Final: Magnetisation = (0.085555,-0.899188), Energy = -2.035683 
<M> = (0.086239,-0.902290), <E> = -2.036015 

T=0.030000	 Thermalizing iterations... 
Done.
Thermalized Magnetisation = (0.087515,-0.906825), Energy = -2.040875 
Averaging iterations... h=0.007812,0.000000
Done.
Final: Magnetisation = (0.092843,-0.905937), Energy = -2.041285 
<M> = (0.091725,-0.904452), <E> = -2.041068 

T=0.020000	 Thermalizing iterations... 
Done.
Thermalized Magnetisation = (0.088321,-0.905558), Energy = -2.045920 
Averaging iterations... h=0.007812,0.000000
Done.
Final: Magnetisation = (0.090872,-0.907824), Energy = -2.046237 
<M> = (0.087743,-0.907329), <E> = -2.046104 

T=0.010000	 Thermalizing iterations... 
Done.
Thermalized Magnetisation = (0.092428,-0.908745), Energy = -2.051178 
Averaging iterations... h=0.007812,0.000000
Done.
Final: Magnetisation = (0.088587,-0.908957), Energy = -2.050958 
<M> = (0.089367,-0.909188), <E> = -2.051092 
Final Magnetisation = (0.088587,-0.908957), Energy = -2.050958 
------------------------

Updating all (first)black/(then)white checkerboard sites simultaneously.. 

ztne RFXY h rotating with |h|=0.007812 at T=0.000000..
loop 1

loop 2

CPU  Start Time = 5608116.446232 

CPU  End Time = 5616615.592076 

CPU Time elapsed total = 8499.145844 

real	141m39.194s
user	2389m14.895s
sys	1m8.430s
