+ cd /home/sbasak/Exercises/OpenMP/XY_code/Z2/rotating_field/trial/config/config_13
+ export OMP_NUM_THREADS=28
+ OMP_NUM_THREADS=28
+ ./a_16.out
nearest neighbor initialized. 
h loaded. 
J loaded. 
L = 128, dim_L = 2, dim_S = 2
hysteresis_MCS_multiplier = 10, hysteresis_MCS_max = 100
RAND_MAX = 2147483647.000000,
 sizeof(int) = 4,
 sizeof(long) = 8,
 sizeof(double) = 8,
 sizeof(long int) = 8,
 sizeof(short int) = 2,
 sizeof(unsigned int) = 4,
 sizeof(RAND_MAX) = 4
No. of THREADS = 28
No. of PROCESSORS = 28

0.061336,0.019640
order = ({1.000000-->-1.000000,0.000000}, 0, 1)
Initial Magnetisation = (0.061336,0.019640), Energy = 0.023722 
Cooling... 
T=2.000000	 Thermalizing iterations... 
Done.
Thermalized Magnetisation = (0.025382,-0.018591), Energy = -0.563292 
Averaging iterations... h=0.031250,0.000000
Done.
Final: Magnetisation = (0.029087,-0.026417), Energy = -0.578925 
<M> = (0.033632,-0.000037), <E> = -0.609544 

T=1.990000	 Thermalizing iterations... 
Done.
Thermalized Magnetisation = (0.009844,0.032308), Energy = -0.627889 
Averaging iterations... h=0.031250,0.000000
Done.
Final: Magnetisation = (0.014424,0.024992), Energy = -0.643276 
<M> = (0.035554,-0.001397), <E> = -0.613738 

T=1.980000	 Thermalizing iterations... 
Done.
Thermalized Magnetisation = (0.030752,0.024171), Energy = -0.647031 
Averaging iterations... h=0.031250,0.000000
Done.
Final: Magnetisation = (0.053348,-0.011192), Energy = -0.624617 
<M> = (0.034930,-0.001175), <E> = -0.617880 

T=1.970000	 Thermalizing iterations... 
Done.
Thermalized Magnetisation = (0.007794,0.032458), Energy = -0.631284 
Averaging iterations... h=0.031250,0.000000
Done.
Final: Magnetisation = (0.014683,-0.061414), Energy = -0.603772 
<M> = (0.036394,-0.002209), <E> = -0.622066 

T=1.960000	 Thermalizing iterations... 
Done.
Thermalized Magnetisation = (0.037452,-0.033941), Energy = -0.670296 
Averaging iterations... h=0.031250,0.000000
Done.
Final: Magnetisation = (0.042716,0.000088), Energy = -0.628120 
<M> = (0.037435,-0.000901), <E> = -0.625387 

T=1.950000	 Thermalizing iterations... 
Done.
Thermalized Magnetisation = (0.033735,0.008568), Energy = -0.641579 
Averaging iterations... h=0.031250,0.000000
Done.
Final: Magnetisation = (0.080398,-0.010787), Energy = -0.648713 
<M> = (0.038434,-0.000061), <E> = -0.628548 

T=1.940000	 Thermalizing iterations... 
Done.
Thermalized Magnetisation = (0.073397,-0.022840), Energy = -0.622506 
Averaging iterations... h=0.031250,0.000000
Done.
Final: Magnetisation = (0.073041,0.025498), Energy = -0.620544 
<M> = (0.037243,0.000407), <E> = -0.631854 

T=1.930000	 Thermalizing iterations... 
Done.
Thermalized Magnetisation = (0.047270,0.010544), Energy = -0.663305 
Averaging iterations... h=0.031250,0.000000
Done.
Final: Magnetisation = (-0.045191,0.021926), Energy = -0.612835 
<M> = (0.036837,0.000771), <E> = -0.634873 

T=1.920000	 Thermalizing iterations... 
Done.
Thermalized Magnetisation = (0.016517,0.039932), Energy = -0.658951 
Averaging iterations... h=0.031250,0.000000
Done.
Final: Magnetisation = (0.047012,-0.030581), Energy = -0.644564 
<M> = (0.038087,-0.001626), <E> = -0.639437 

T=1.910000	 Thermalizing iterations... 
Done.
Thermalized Magnetisation = (-0.003695,0.016758), Energy = -0.649562 
Averaging iterations... h=0.031250,0.000000
Done.
Final: Magnetisation = (0.025473,-0.022747), Energy = -0.681208 
<M> = (0.039006,-0.001734), <E> = -0.643908 

T=1.900000	 Thermalizing iterations... 
Done.
Thermalized Magnetisation = (0.122142,0.100390), Energy = -0.650932 
Averaging iterations... h=0.031250,0.000000
Done.
Final: Magnetisation = (-0.013591,-0.006333), Energy = -0.640521 
<M> = (0.040156,-0.002952), <E> = -0.648245 

T=1.890000	 Thermalizing iterations... 
Done.
Thermalized Magnetisation = (0.001955,0.016308), Energy = -0.660769 
Averaging iterations... h=0.031250,0.000000
Done.
Final: Magnetisation = (0.007885,0.010484), Energy = -0.630082 
<M> = (0.040465,-0.001819), <E> = -0.652106 

T=1.880000	 Thermalizing iterations... 
Done.
Thermalized Magnetisation = (0.047740,-0.034330), Energy = -0.643189 
Averaging iterations... h=0.031250,0.000000
Done.
Final: Magnetisation = (-0.011732,0.001861), Energy = -0.682617 
<M> = (0.041856,-0.001467), <E> = -0.656182 

T=1.870000	 Thermalizing iterations... 
Done.
Thermalized Magnetisation = (0.018772,0.024407), Energy = -0.660309 
Averaging iterations... h=0.031250,0.000000
Done.
Final: Magnetisation = (0.050389,0.006679), Energy = -0.655147 
<M> = (0.041865,0.001873), <E> = -0.659487 

T=1.860000	 Thermalizing iterations... 
Done.
Thermalized Magnetisation = (-0.008911,0.028285), Energy = -0.617682 
Averaging iterations... h=0.031250,0.000000
Done.
Final: Magnetisation = (0.072867,-0.016897), Energy = -0.648182 
<M> = (0.041638,0.000137), <E> = -0.663589 

T=1.850000	 Thermalizing iterations... 
Done.
Thermalized Magnetisation = (0.016710,0.091406), Energy = -0.664393 
Averaging iterations... h=0.031250,0.000000
Done.
Final: Magnetisation = (0.076508,-0.014132), Energy = -0.698342 
<M> = (0.042734,-0.000379), <E> = -0.667825 

T=1.840000	 Thermalizing iterations... 
Done.
Thermalized Magnetisation = (0.039212,0.032892), Energy = -0.658270 
Averaging iterations... h=0.031250,0.000000
Done.
Final: Magnetisation = (0.069477,-0.012930), Energy = -0.722589 
<M> = (0.044367,-0.001319), <E> = -0.672264 

T=1.830000	 Thermalizing iterations... 
Done.
Thermalized Magnetisation = (0.085743,-0.001983), Energy = -0.662878 
Averaging iterations... h=0.031250,0.000000
Done.
Final: Magnetisation = (0.039639,0.025638), Energy = -0.668376 
<M> = (0.043521,-0.002457), <E> = -0.677250 

T=1.820000	 Thermalizing iterations... 
Done.
Thermalized Magnetisation = (0.036459,0.015010), Energy = -0.673205 
Averaging iterations... h=0.031250,0.000000
Done.
Final: Magnetisation = (0.059514,-0.020185), Energy = -0.664231 
<M> = (0.045945,-0.002584), <E> = -0.682334 

T=1.810000	 Thermalizing iterations... 
Done.
Thermalized Magnetisation = (0.042060,0.023083), Energy = -0.681987 
Averaging iterations... h=0.031250,0.000000
Done.
Final: Magnetisation = (0.034506,0.027721), Energy = -0.672824 
<M> = (0.047905,-0.001622), <E> = -0.686245 

T=1.800000	 Thermalizing iterations... 
Done.
Thermalized Magnetisation = (0.000293,-0.014946), Energy = -0.671356 
Averaging iterations... h=0.031250,0.000000
Done.
Final: Magnetisation = (0.048262,0.017191), Energy = -0.723345 
<M> = (0.048278,-0.000063), <E> = -0.690080 

T=1.790000	 Thermalizing iterations... 
Done.
Thermalized Magnetisation = (0.056770,-0.047923), Energy = -0.701652 
Averaging iterations... h=0.031250,0.000000
Done.
Final: Magnetisation = (0.004770,-0.053649), Energy = -0.684634 
<M> = (0.047010,0.000126), <E> = -0.694488 

T=1.780000	 Thermalizing iterations... 
Done.
Thermalized Magnetisation = (0.041251,-0.001891), Energy = -0.711420 
Averaging iterations... h=0.031250,0.000000
Done.
Final: Magnetisation = (0.083369,0.019412), Energy = -0.690711 
<M> = (0.047070,0.001028), <E> = -0.698672 

T=1.770000	 Thermalizing iterations... 
Done.
Thermalized Magnetisation = (0.063945,0.039941), Energy = -0.718843 
Averaging iterations... h=0.031250,0.000000
Done.
Final: Magnetisation = (0.042117,0.098973), Energy = -0.713127 
<M> = (0.049524,-0.002553), <E> = -0.704169 

T=1.760000	 Thermalizing iterations... 
Done.
Thermalized Magnetisation = (0.048668,0.008038), Energy = -0.758512 
Averaging iterations... h=0.031250,0.000000
Done.
Final: Magnetisation = (0.116122,-0.025684), Energy = -0.727135 
<M> = (0.049502,-0.000812), <E> = -0.709430 

T=1.750000	 Thermalizing iterations... 
Done.
Thermalized Magnetisation = (0.016992,0.001596), Energy = -0.699599 
Averaging iterations... h=0.031250,0.000000
Done.
Final: Magnetisation = (0.118442,-0.015535), Energy = -0.701795 
<M> = (0.050181,-0.003774), <E> = -0.714236 

T=1.740000	 Thermalizing iterations... 
Done.
Thermalized Magnetisation = (0.087455,0.019893), Energy = -0.701114 
Averaging iterations... h=0.031250,0.000000
Done.
Final: Magnetisation = (0.039878,-0.022897), Energy = -0.713325 
<M> = (0.051970,-0.003118), <E> = -0.719405 

T=1.730000	 Thermalizing iterations... 
Done.
Thermalized Magnetisation = (0.073012,-0.027146), Energy = -0.732421 
Averaging iterations... h=0.031250,0.000000
Done.
Final: Magnetisation = (-0.012973,-0.058542), Energy = -0.714472 
<M> = (0.054339,-0.000583), <E> = -0.723874 

T=1.720000	 Thermalizing iterations... 
Done.
Thermalized Magnetisation = (0.044837,-0.050382), Energy = -0.710969 
Averaging iterations... h=0.031250,0.000000
Done.
Final: Magnetisation = (0.065024,0.034947), Energy = -0.727644 
<M> = (0.052465,0.001080), <E> = -0.727762 

T=1.710000	 Thermalizing iterations... 
Done.
Thermalized Magnetisation = (0.069457,-0.057632), Energy = -0.767325 
Averaging iterations... h=0.031250,0.000000
Done.
Final: Magnetisation = (0.080240,-0.026539), Energy = -0.755270 
<M> = (0.054277,-0.000026), <E> = -0.732935 

T=1.700000	 Thermalizing iterations... 
Done.
Thermalized Magnetisation = (0.085518,0.021944), Energy = -0.746808 
Averaging iterations... h=0.031250,0.000000
Done.
Final: Magnetisation = (0.091078,0.044071), Energy = -0.748430 
<M> = (0.055542,-0.000221), <E> = -0.738965 

T=1.690000	 Thermalizing iterations... 
Done.
Thermalized Magnetisation = (-0.016771,0.030708), Energy = -0.745052 
Averaging iterations... h=0.031250,0.000000
Done.
Final: Magnetisation = (0.078514,-0.076012), Energy = -0.739156 
<M> = (0.056513,-0.000714), <E> = -0.744199 

T=1.680000	 Thermalizing iterations... 
Done.
Thermalized Magnetisation = (0.026221,-0.011127), Energy = -0.739262 
Averaging iterations... h=0.031250,0.000000
Done.
Final: Magnetisation = (0.028085,-0.113984), Energy = -0.755773 
<M> = (0.057976,-0.003799), <E> = -0.750553 

T=1.670000	 Thermalizing iterations... 
Done.
Thermalized Magnetisation = (0.040311,-0.002339), Energy = -0.756337 
Averaging iterations... h=0.031250,0.000000
Done.
Final: Magnetisation = (0.053648,-0.090431), Energy = -0.781091 
<M> = (0.059204,-0.001956), <E> = -0.755715 

T=1.660000	 Thermalizing iterations... 
Done.
Thermalized Magnetisation = (0.007442,-0.010910), Energy = -0.757884 
Averaging iterations... h=0.031250,0.000000
Done.
Final: Magnetisation = (0.063069,-0.028227), Energy = -0.766650 
<M> = (0.060962,-0.002138), <E> = -0.761370 

T=1.650000	 Thermalizing iterations... 
Done.
Thermalized Magnetisation = (0.063392,-0.003868), Energy = -0.758833 
Averaging iterations... h=0.031250,0.000000
Done.
Final: Magnetisation = (0.015345,0.063508), Energy = -0.764888 
<M> = (0.062931,0.001216), <E> = -0.765592 

T=1.640000	 Thermalizing iterations... 
Done.
Thermalized Magnetisation = (0.094066,0.063244), Energy = -0.789544 
Averaging iterations... h=0.031250,0.000000
Done.
Final: Magnetisation = (0.117037,-0.037804), Energy = -0.767703 
<M> = (0.062957,0.002114), <E> = -0.771483 

T=1.630000	 Thermalizing iterations... 
Done.
Thermalized Magnetisation = (0.043284,0.024111), Energy = -0.791670 
Averaging iterations... h=0.031250,0.000000
Done.
Final: Magnetisation = (0.079668,0.005513), Energy = -0.726102 
<M> = (0.063244,0.001176), <E> = -0.776611 

T=1.620000	 Thermalizing iterations... 
Done.
Thermalized Magnetisation = (0.070568,-0.072790), Energy = -0.777530 
Averaging iterations... h=0.031250,0.000000
Done.
Final: Magnetisation = (0.123964,-0.049469), Energy = -0.772086 
<M> = (0.066296,-0.001142), <E> = -0.782908 

T=1.610000	 Thermalizing iterations... 
Done.
Thermalized Magnetisation = (0.090535,0.055943), Energy = -0.802843 
Averaging iterations... h=0.031250,0.000000
Done.
Final: Magnetisation = (0.050460,0.099714), Energy = -0.812910 
<M> = (0.065655,-0.001640), <E> = -0.789185 

T=1.600000	 Thermalizing iterations... 
Done.
Thermalized Magnetisation = (0.082367,-0.039570), Energy = -0.822127 
Averaging iterations... h=0.031250,0.000000
Done.
Final: Magnetisation = (0.019100,-0.023150), Energy = -0.764397 
<M> = (0.067612,-0.004664), <E> = -0.796067 

T=1.590000	 Thermalizing iterations... 
Done.
Thermalized Magnetisation = (0.040398,-0.004478), Energy = -0.775247 
Averaging iterations... h=0.031250,0.000000
Done.
Final: Magnetisation = (-0.005504,0.013698), Energy = -0.778820 
<M> = (0.069153,-0.001871), <E> = -0.802035 

T=1.580000	 Thermalizing iterations... 
Done.
Thermalized Magnetisation = (0.062854,-0.013571), Energy = -0.786772 
Averaging iterations... h=0.031250,0.000000
Done.
Final: Magnetisation = (0.083062,-0.045252), Energy = -0.868420 
<M> = (0.072408,-0.000489), <E> = -0.808135 

T=1.570000	 Thermalizing iterations... 
Done.
Thermalized Magnetisation = (0.074892,0.037770), Energy = -0.828506 
Averaging iterations... h=0.031250,0.000000
Done.
Final: Magnetisation = (0.097802,0.020195), Energy = -0.808807 
<M> = (0.073956,0.000823), <E> = -0.813236 

T=1.560000	 Thermalizing iterations... 
Done.
Thermalized Magnetisation = (0.121100,-0.045632), Energy = -0.858127 
Averaging iterations... h=0.031250,0.000000
Done.
Final: Magnetisation = (0.044892,-0.026235), Energy = -0.788505 
<M> = (0.073038,0.002293), <E> = -0.819187 

T=1.550000	 Thermalizing iterations... 
Done.
Thermalized Magnetisation = (-0.002235,-0.007491), Energy = -0.775825 
Averaging iterations... h=0.031250,0.000000
Done.
Final: Magnetisation = (0.059503,0.025072), Energy = -0.791951 
<M> = (0.075586,-0.000346), <E> = -0.826391 

T=1.540000	 Thermalizing iterations... 
Done.
Thermalized Magnetisation = (0.043369,0.087355), Energy = -0.821938 
Averaging iterations... h=0.031250,0.000000
Done.
Final: Magnetisation = (0.072251,-0.094905), Energy = -0.855860 
<M> = (0.078478,-0.002442), <E> = -0.833695 

T=1.530000	 Thermalizing iterations... 
Done.
Thermalized Magnetisation = (0.132690,-0.005210), Energy = -0.886241 
Averaging iterations... h=0.031250,0.000000
Done.
Final: Magnetisation = (0.091493,0.017845), Energy = -0.846472 
<M> = (0.079046,-0.004870), <E> = -0.840599 

T=1.520000	 Thermalizing iterations... 
Done.
Thermalized Magnetisation = (0.129597,0.085141), Energy = -0.850706 
Averaging iterations... h=0.031250,0.000000
Done.
Final: Magnetisation = (0.046783,-0.004059), Energy = -0.836962 
<M> = (0.081280,-0.003094), <E> = -0.847601 

T=1.510000	 Thermalizing iterations... 
Done.
Thermalized Magnetisation = (0.111545,0.000366), Energy = -0.901335 
Averaging iterations... h=0.031250,0.000000
Done.
Final: Magnetisation = (0.064182,-0.000064), Energy = -0.836255 
<M> = (0.085185,-0.000941), <E> = -0.854653 

T=1.500000	 Thermalizing iterations... 
Done.
Thermalized Magnetisation = (0.132038,-0.071771), Energy = -0.873249 
Averaging iterations... h=0.031250,0.000000
Done.
Final: Magnetisation = (0.061800,-0.071058), Energy = -0.859586 
<M> = (0.087035,0.002969), <E> = -0.860395 

T=1.490000	 Thermalizing iterations... 
Done.
Thermalized Magnetisation = (0.091800,-0.005769), Energy = -0.858578 
Averaging iterations... h=0.031250,0.000000
Done.
Final: Magnetisation = (0.070770,0.090386), Energy = -0.850374 
<M> = (0.087422,0.002767), <E> = -0.867079 

T=1.480000	 Thermalizing iterations... 
Done.
Thermalized Magnetisation = (0.099408,-0.054658), Energy = -0.836492 
Averaging iterations... h=0.031250,0.000000
Done.
Final: Magnetisation = (0.114043,-0.013839), Energy = -0.869178 
<M> = (0.088045,0.003022), <E> = -0.874717 

T=1.470000	 Thermalizing iterations... 
Done.
Thermalized Magnetisation = (0.118814,0.001924), Energy = -0.896774 
Averaging iterations... h=0.031250,0.000000
Done.
Final: Magnetisation = (0.142437,-0.041176), Energy = -0.887644 
<M> = (0.092184,-0.000402), <E> = -0.882762 

T=1.460000	 Thermalizing iterations... 
Done.
Thermalized Magnetisation = (0.086130,0.069851), Energy = -0.882310 
Averaging iterations... h=0.031250,0.000000
Done.
Final: Magnetisation = (0.089966,0.003235), Energy = -0.862351 
<M> = (0.093787,-0.002738), <E> = -0.891182 

T=1.450000	 Thermalizing iterations... 
Done.
Thermalized Magnetisation = (0.104338,0.033515), Energy = -0.921976 
Averaging iterations... h=0.031250,0.000000
Done.
Final: Magnetisation = (0.063278,-0.033716), Energy = -0.876974 
<M> = (0.095599,-0.006058), <E> = -0.899335 

T=1.440000	 Thermalizing iterations... 
Done.
Thermalized Magnetisation = (0.151852,-0.056040), Energy = -0.919816 
Averaging iterations... h=0.031250,0.000000
Done.
Final: Magnetisation = (0.125894,-0.006711), Energy = -0.918823 
<M> = (0.101431,-0.004549), <E> = -0.906825 

T=1.430000	 Thermalizing iterations... 
Done.
Thermalized Magnetisation = (0.060913,-0.098314), Energy = -0.928978 
Averaging iterations... h=0.031250,0.000000
Done.
Final: Magnetisation = (0.087408,0.010566), Energy = -0.911301 
<M> = (0.104955,-0.000206), <E> = -0.913312 

T=1.420000	 Thermalizing iterations... 
Done.
Thermalized Magnetisation = (0.219070,0.033763), Energy = -0.948557 
Averaging iterations... h=0.031250,0.000000
Done.
Final: Magnetisation = (0.107507,-0.043343), Energy = -0.897465 
<M> = (0.105477,0.001622), <E> = -0.920667 

T=1.410000	 Thermalizing iterations... 
Done.
Thermalized Magnetisation = (0.113104,-0.007278), Energy = -0.951411 
Averaging iterations... h=0.031250,0.000000
Done.
Final: Magnetisation = (0.082777,0.022285), Energy = -0.936604 
<M> = (0.106160,0.006509), <E> = -0.928394 

T=1.400000	 Thermalizing iterations... 
Done.
Thermalized Magnetisation = (0.092491,-0.004120), Energy = -0.895282 
Averaging iterations... h=0.031250,0.000000
Done.
Final: Magnetisation = (0.114288,0.105620), Energy = -0.909648 
<M> = (0.109934,-0.001989), <E> = -0.938370 

T=1.390000	 Thermalizing iterations... 
Done.
Thermalized Magnetisation = (0.082768,-0.024930), Energy = -0.971915 
Averaging iterations... h=0.031250,0.000000
Done.
Final: Magnetisation = (0.103163,0.010954), Energy = -0.968785 
<M> = (0.111895,-0.005778), <E> = -0.946977 

T=1.380000	 Thermalizing iterations... 
Done.
Thermalized Magnetisation = (0.130500,-0.026639), Energy = -0.941113 
Averaging iterations... h=0.031250,0.000000
Done.
Final: Magnetisation = (0.126726,-0.035222), Energy = -0.926248 
<M> = (0.116708,-0.007968), <E> = -0.956071 

T=1.370000	 Thermalizing iterations... 
Done.
Thermalized Magnetisation = (0.061132,-0.040435), Energy = -0.947430 
Averaging iterations... h=0.031250,0.000000
Done.
Final: Magnetisation = (0.033843,-0.020445), Energy = -0.915989 
<M> = (0.117579,-0.005084), <E> = -0.964271 

T=1.360000	 Thermalizing iterations... 
Done.
Thermalized Magnetisation = (0.092306,0.001070), Energy = -1.002906 
Averaging iterations... h=0.031250,0.000000
Done.
Final: Magnetisation = (0.171553,0.086025), Energy = -1.007606 
<M> = (0.123907,-0.002808), <E> = -0.973113 

T=1.350000	 Thermalizing iterations... 
Done.
Thermalized Magnetisation = (0.140732,0.127159), Energy = -0.977083 
Averaging iterations... h=0.031250,0.000000
Done.
Final: Magnetisation = (0.072927,0.042119), Energy = -0.967305 
<M> = (0.128342,0.007743), <E> = -0.980724 

T=1.340000	 Thermalizing iterations... 
Done.
Thermalized Magnetisation = (0.194855,0.022384), Energy = -1.043324 
Averaging iterations... h=0.031250,0.000000
Done.
Final: Magnetisation = (0.176027,-0.036605), Energy = -1.024846 
<M> = (0.127652,0.002098), <E> = -0.989694 

T=1.330000	 Thermalizing iterations... 
Done.
Thermalized Magnetisation = (0.187450,0.010478), Energy = -1.021492 
Averaging iterations... h=0.031250,0.000000
Done.
Final: Magnetisation = (0.159528,-0.051889), Energy = -1.006572 
<M> = (0.131724,-0.000684), <E> = -0.999372 

T=1.320000	 Thermalizing iterations... 
Done.
Thermalized Magnetisation = (0.122533,0.030920), Energy = -1.011411 
Averaging iterations... h=0.031250,0.000000
Done.
Final: Magnetisation = (0.086065,-0.030317), Energy = -0.961787 
<M> = (0.141956,-0.002172), <E> = -1.010215 

T=1.310000	 Thermalizing iterations... 
Done.
Thermalized Magnetisation = (0.191968,0.027619), Energy = -1.041490 
Averaging iterations... h=0.031250,0.000000
Done.
Final: Magnetisation = (0.107671,0.055509), Energy = -1.041108 
<M> = (0.143507,-0.005538), <E> = -1.020335 

T=1.300000	 Thermalizing iterations... 
Done.
Thermalized Magnetisation = (0.139190,-0.011417), Energy = -1.007191 
Averaging iterations... h=0.031250,0.000000
Done.
Final: Magnetisation = (0.181663,0.003230), Energy = -1.085597 
<M> = (0.144675,-0.009590), <E> = -1.029559 

T=1.290000	 Thermalizing iterations... 
Done.
Thermalized Magnetisation = (0.163528,-0.040814), Energy = -1.044454 
Averaging iterations... h=0.031250,0.000000
Done.
Final: Magnetisation = (0.163512,-0.013115), Energy = -1.044025 
<M> = (0.154892,-0.007781), <E> = -1.040094 

T=1.280000	 Thermalizing iterations... 
Done.
Thermalized Magnetisation = (0.164728,0.026295), Energy = -1.063777 
Averaging iterations... h=0.031250,0.000000
Done.
Final: Magnetisation = (0.154835,0.000945), Energy = -1.060891 
<M> = (0.156654,0.002193), <E> = -1.048486 

T=1.270000	 Thermalizing iterations... 
Done.
Thermalized Magnetisation = (0.140155,-0.007062), Energy = -1.039092 
Averaging iterations... h=0.031250,0.000000
Done.
Final: Magnetisation = (0.157014,-0.004161), Energy = -1.053788 
<M> = (0.159689,0.004660), <E> = -1.058052 

T=1.260000	 Thermalizing iterations... 
Done.
Thermalized Magnetisation = (0.093228,0.045927), Energy = -1.067358 
Averaging iterations... h=0.031250,0.000000
Done.
Final: Magnetisation = (0.171428,-0.027505), Energy = -1.076529 
<M> = (0.162202,0.003391), <E> = -1.067717 

T=1.250000	 Thermalizing iterations... 
Done.
Thermalized Magnetisation = (0.170070,-0.105100), Energy = -1.126244 
Averaging iterations... h=0.031250,0.000000
Done.
Final: Magnetisation = (0.135599,0.050161), Energy = -1.063320 
<M> = (0.169959,-0.007453), <E> = -1.079890 

T=1.240000	 Thermalizing iterations... 
Done.
Thermalized Magnetisation = (0.204506,-0.018204), Energy = -1.107840 
Averaging iterations... h=0.031250,0.000000
Done.
Final: Magnetisation = (0.087082,-0.035444), Energy = -1.051318 
<M> = (0.174930,-0.004847), <E> = -1.090852 

T=1.230000	 Thermalizing iterations... 
Done.
Thermalized Magnetisation = (0.179413,0.067308), Energy = -1.096020 
Averaging iterations... h=0.031250,0.000000
Done.
Final: Magnetisation = (0.142020,-0.071785), Energy = -1.042768 
<M> = (0.177728,-0.014879), <E> = -1.101684 

T=1.220000	 Thermalizing iterations... 
Done.
Thermalized Magnetisation = (0.209762,-0.061619), Energy = -1.102770 
Averaging iterations... h=0.031250,0.000000
Done.
Final: Magnetisation = (0.197050,-0.047222), Energy = -1.127525 
<M> = (0.179834,-0.006691), <E> = -1.111903 

T=1.210000	 Thermalizing iterations... 
Done.
Thermalized Magnetisation = (0.194864,0.031346), Energy = -1.064098 
Averaging iterations... h=0.031250,0.000000
Done.
Final: Magnetisation = (0.152830,-0.034270), Energy = -1.156319 
<M> = (0.192384,-0.009232), <E> = -1.123442 

T=1.200000	 Thermalizing iterations... 
Done.
Thermalized Magnetisation = (0.283591,-0.074488), Energy = -1.137786 
Averaging iterations... h=0.031250,0.000000
Done.
Final: Magnetisation = (0.203706,0.022815), Energy = -1.137978 
<M> = (0.195232,0.004083), <E> = -1.131925 

T=1.190000	 Thermalizing iterations... 
Done.
Thermalized Magnetisation = (0.230034,-0.016217), Energy = -1.121657 
Averaging iterations... h=0.031250,0.000000
Done.
Final: Magnetisation = (0.196881,-0.106279), Energy = -1.164048 
<M> = (0.199366,-0.001390), <E> = -1.143537 

T=1.180000	 Thermalizing iterations... 
Done.
Thermalized Magnetisation = (0.195794,-0.104607), Energy = -1.139719 
Averaging iterations... h=0.031250,0.000000
Done.
Final: Magnetisation = (0.203867,0.009528), Energy = -1.130504 
<M> = (0.207254,0.000777), <E> = -1.155232 

T=1.170000	 Thermalizing iterations... 
Done.
Thermalized Magnetisation = (0.132102,0.038302), Energy = -1.173608 
Averaging iterations... h=0.031250,0.000000
Done.
Final: Magnetisation = (0.188108,0.205452), Energy = -1.158953 
<M> = (0.215373,-0.001253), <E> = -1.167701 

T=1.160000	 Thermalizing iterations... 
Done.
Thermalized Magnetisation = (0.298355,-0.082352), Energy = -1.204642 
Averaging iterations... h=0.031250,0.000000
Done.
Final: Magnetisation = (0.231136,-0.089645), Energy = -1.167708 
<M> = (0.218963,-0.011120), <E> = -1.182234 

T=1.150000	 Thermalizing iterations... 
Done.
Thermalized Magnetisation = (0.225324,-0.073836), Energy = -1.243477 
Averaging iterations... h=0.031250,0.000000
Done.
Final: Magnetisation = (0.191222,0.028473), Energy = -1.177045 
<M> = (0.224893,-0.018481), <E> = -1.192940 

T=1.140000	 Thermalizing iterations... 
Done.
Thermalized Magnetisation = (0.182338,-0.106553), Energy = -1.195763 
Averaging iterations... h=0.031250,0.000000
Done.
Final: Magnetisation = (0.269700,-0.121178), Energy = -1.213904 
<M> = (0.232821,-0.014921), <E> = -1.204363 

T=1.130000	 Thermalizing iterations... 
Done.
Thermalized Magnetisation = (0.188110,0.066758), Energy = -1.179664 
Averaging iterations... h=0.031250,0.000000
Done.
Final: Magnetisation = (0.220481,0.069533), Energy = -1.200420 
<M> = (0.241205,0.006403), <E> = -1.214879 

T=1.120000	 Thermalizing iterations... 
Done.
Thermalized Magnetisation = (0.233693,0.027811), Energy = -1.237209 
Averaging iterations... h=0.031250,0.000000
Done.
Final: Magnetisation = (0.192699,-0.170134), Energy = -1.224960 
<M> = (0.250444,0.008551), <E> = -1.226332 

T=1.110000	 Thermalizing iterations... 
Done.
Thermalized Magnetisation = (0.277008,-0.081114), Energy = -1.253108 
Averaging iterations... h=0.031250,0.000000
Done.
Final: Magnetisation = (0.291983,0.078814), Energy = -1.243959 
<M> = (0.256432,-0.004297), <E> = -1.238116 

T=1.100000	 Thermalizing iterations... 
Done.
Thermalized Magnetisation = (0.218680,-0.146304), Energy = -1.264094 
Averaging iterations... h=0.031250,0.000000
Done.
Final: Magnetisation = (0.237426,-0.012603), Energy = -1.241475 
<M> = (0.262136,0.000415), <E> = -1.251188 

T=1.090000	 Thermalizing iterations... 
Done.
Thermalized Magnetisation = (0.274098,-0.000287), Energy = -1.283618 
Averaging iterations... h=0.031250,0.000000
Done.
Final: Magnetisation = (0.215134,-0.071254), Energy = -1.257456 
<M> = (0.270424,-0.024375), <E> = -1.264637 

T=1.080000	 Thermalizing iterations... 
Done.
Thermalized Magnetisation = (0.245644,-0.040942), Energy = -1.276605 
Averaging iterations... h=0.031250,0.000000
Done.
Final: Magnetisation = (0.305769,0.060707), Energy = -1.270843 
<M> = (0.270597,-0.039746), <E> = -1.276690 

T=1.070000	 Thermalizing iterations... 
Done.
Thermalized Magnetisation = (0.325131,0.140557), Energy = -1.302007 
Averaging iterations... h=0.031250,0.000000
Done.
Final: Magnetisation = (0.308302,0.043937), Energy = -1.270107 
<M> = (0.282635,-0.038242), <E> = -1.289255 

T=1.060000	 Thermalizing iterations... 
Done.
Thermalized Magnetisation = (0.278716,0.009388), Energy = -1.303782 
Averaging iterations... h=0.031250,0.000000
Done.
Final: Magnetisation = (0.328905,-0.210607), Energy = -1.328066 
<M> = (0.288696,-0.039055), <E> = -1.300876 

T=1.050000	 Thermalizing iterations... 
Done.
Thermalized Magnetisation = (0.331104,-0.154449), Energy = -1.338768 
Averaging iterations... h=0.031250,0.000000
Done.
Final: Magnetisation = (0.281085,0.023266), Energy = -1.290210 
<M> = (0.295365,-0.014517), <E> = -1.312781 

T=1.040000	 Thermalizing iterations... 
Done.
Thermalized Magnetisation = (0.272232,0.053582), Energy = -1.309709 
Averaging iterations... h=0.031250,0.000000
Done.
Final: Magnetisation = (0.234080,-0.039456), Energy = -1.304931 
<M> = (0.296470,0.015060), <E> = -1.323547 

T=1.030000	 Thermalizing iterations... 
Done.
Thermalized Magnetisation = (0.315270,-0.127585), Energy = -1.298876 
Averaging iterations... h=0.031250,0.000000
Done.
Final: Magnetisation = (0.267687,0.061512), Energy = -1.344653 
<M> = (0.309225,-0.012413), <E> = -1.336246 

T=1.020000	 Thermalizing iterations... 
Done.
Thermalized Magnetisation = (0.301707,-0.062619), Energy = -1.331901 
Averaging iterations... h=0.031250,0.000000
Done.
Final: Magnetisation = (0.297907,-0.002475), Energy = -1.362963 
<M> = (0.310892,-0.026293), <E> = -1.349731 

T=1.010000	 Thermalizing iterations... 
Done.
Thermalized Magnetisation = (0.277346,-0.114067), Energy = -1.325801 
Averaging iterations... h=0.031250,0.000000
Done.
Final: Magnetisation = (0.344119,-0.171508), Energy = -1.367189 
<M> = (0.315333,-0.133331), <E> = -1.363721 

T=1.000000	 Thermalizing iterations... 
Done.
Thermalized Magnetisation = (0.345943,-0.107130), Energy = -1.395788 
Averaging iterations... h=0.031250,0.000000
Done.
Final: Magnetisation = (0.363757,0.014128), Energy = -1.385064 
<M> = (0.320249,-0.087653), <E> = -1.375663 

T=0.990000	 Thermalizing iterations... 
Done.
Thermalized Magnetisation = (0.299469,-0.171144), Energy = -1.390784 
Averaging iterations... h=0.031250,0.000000
Done.
Final: Magnetisation = (0.348461,-0.126587), Energy = -1.377843 
<M> = (0.338901,-0.075017), <E> = -1.386006 

T=0.980000	 Thermalizing iterations... 
Done.
Thermalized Magnetisation = (0.301907,0.117226), Energy = -1.396193 
Averaging iterations... h=0.031250,0.000000
Done.
Final: Magnetisation = (0.363814,0.157809), Energy = -1.407622 
<M> = (0.341795,0.073738), <E> = -1.398941 

T=0.970000	 Thermalizing iterations... 
Done.
Thermalized Magnetisation = (0.331569,0.031354), Energy = -1.384286 
Averaging iterations... h=0.031250,0.000000
Done.
Final: Magnetisation = (0.315206,0.161726), Energy = -1.402987 
<M> = (0.345635,0.166867), <E> = -1.410052 

T=0.960000	 Thermalizing iterations... 
Done.
Thermalized Magnetisation = (0.324967,-0.338238), Energy = -1.435436 
Averaging iterations... h=0.031250,0.000000
Done.
Final: Magnetisation = (0.366750,0.258554), Energy = -1.409176 
<M> = (0.343897,-0.090565), <E> = -1.421395 

T=0.950000	 Thermalizing iterations... 
Done.
Thermalized Magnetisation = (0.314040,-0.344214), Energy = -1.420216 
Averaging iterations... h=0.031250,0.000000
Done.
Final: Magnetisation = (0.335486,-0.064388), Energy = -1.428503 
<M> = (0.350879,-0.143525), <E> = -1.434210 

T=0.940000	 Thermalizing iterations... 
Done.
Thermalized Magnetisation = (0.366024,0.201874), Energy = -1.468843 
Averaging iterations... h=0.031250,0.000000
Done.
Final: Magnetisation = (0.335376,0.060247), Energy = -1.445919 
<M> = (0.363025,-0.051713), <E> = -1.444807 

T=0.930000	 Thermalizing iterations... 
Done.
Thermalized Magnetisation = (0.381933,0.072417), Energy = -1.443288 
Averaging iterations... h=0.031250,0.000000
Done.
Final: Magnetisation = (0.347944,-0.371353), Energy = -1.452359 
<M> = (0.346936,-0.233468), <E> = -1.457154 

T=0.920000	 Thermalizing iterations... 
Done.
Thermalized Magnetisation = (0.411341,0.079574), Energy = -1.475874 
Averaging iterations... h=0.031250,0.000000
Done.
Final: Magnetisation = (0.336330,-0.276961), Energy = -1.449442 
<M> = (0.362912,-0.052680), <E> = -1.467947 

T=0.910000	 Thermalizing iterations... 
Done.
Thermalized Magnetisation = (0.350096,-0.390209), Energy = -1.477303 
Averaging iterations... h=0.031250,0.000000
Done.
Final: Magnetisation = (0.319706,-0.303589), Energy = -1.472287 
<M> = (0.371871,-0.240366), <E> = -1.480073 

T=0.900000	 Thermalizing iterations... 
Done.
Thermalized Magnetisation = (0.371712,-0.157111), Energy = -1.477414 
Averaging iterations... h=0.031250,0.000000
Done.
Final: Magnetisation = (0.419018,-0.098152), Energy = -1.498749 
<M> = (0.375892,-0.166241), <E> = -1.488639 

T=0.890000	 Thermalizing iterations... 
Done.
Thermalized Magnetisation = (0.339907,-0.404410), Energy = -1.499733 
Averaging iterations... h=0.031250,0.000000
Done.
Final: Magnetisation = (0.411900,-0.292887), Energy = -1.477236 
<M> = (0.354495,-0.386309), <E> = -1.501757 

T=0.880000	 Thermalizing iterations... 
Done.
Thermalized Magnetisation = (0.320177,-0.467429), Energy = -1.529758 
Averaging iterations... h=0.031250,0.000000
Done.
Final: Magnetisation = (0.371458,-0.491228), Energy = -1.529484 
<M> = (0.350942,-0.464606), <E> = -1.515040 

T=0.870000	 Thermalizing iterations... 
Done.
Thermalized Magnetisation = (0.353242,-0.433993), Energy = -1.539194 
Averaging iterations... h=0.031250,0.000000
Done.
Final: Magnetisation = (0.373781,-0.452428), Energy = -1.532233 
<M> = (0.340745,-0.475541), <E> = -1.525223 

T=0.860000	 Thermalizing iterations... 
Done.
Thermalized Magnetisation = (0.372008,-0.532325), Energy = -1.561220 
Averaging iterations... h=0.031250,0.000000
Done.
Final: Magnetisation = (0.386823,-0.362528), Energy = -1.530854 
<M> = (0.335388,-0.494671), <E> = -1.535317 

T=0.850000	 Thermalizing iterations... 
Done.
Thermalized Magnetisation = (0.340419,-0.467405), Energy = -1.532463 
Averaging iterations... h=0.031250,0.000000
Done.
Final: Magnetisation = (0.289636,-0.567628), Energy = -1.532736 
<M> = (0.343973,-0.497916), <E> = -1.543579 

T=0.840000	 Thermalizing iterations... 
Done.
Thermalized Magnetisation = (0.280867,-0.583658), Energy = -1.573052 
Averaging iterations... h=0.031250,0.000000
Done.
Final: Magnetisation = (0.353456,-0.515309), Energy = -1.582221 
<M> = (0.362570,-0.465909), <E> = -1.551619 

T=0.830000	 Thermalizing iterations... 
Done.
Thermalized Magnetisation = (0.396224,-0.433327), Energy = -1.567524 
Averaging iterations... h=0.031250,0.000000
Done.
Final: Magnetisation = (0.359821,-0.484564), Energy = -1.577584 
<M> = (0.371227,-0.448716), <E> = -1.559483 

T=0.820000	 Thermalizing iterations... 
Done.
Thermalized Magnetisation = (0.327038,-0.495957), Energy = -1.555967 
Averaging iterations... h=0.031250,0.000000
Done.
Final: Magnetisation = (0.364076,-0.504587), Energy = -1.559065 
<M> = (0.360220,-0.507044), <E> = -1.568816 

T=0.810000	 Thermalizing iterations... 
Done.
Thermalized Magnetisation = (0.323460,-0.585215), Energy = -1.565475 
Averaging iterations... h=0.031250,0.000000
Done.
Final: Magnetisation = (0.364959,-0.510483), Energy = -1.548094 
<M> = (0.352821,-0.524724), <E> = -1.577911 

T=0.800000	 Thermalizing iterations... 
Done.
Thermalized Magnetisation = (0.315253,-0.595109), Energy = -1.593124 
Averaging iterations... h=0.031250,0.000000
Done.
Final: Magnetisation = (0.317404,-0.555721), Energy = -1.573705 
<M> = (0.348010,-0.536992), <E> = -1.586715 

T=0.790000	 Thermalizing iterations... 
Done.
Thermalized Magnetisation = (0.293415,-0.539541), Energy = -1.591526 
Averaging iterations... h=0.031250,0.000000
Done.
Final: Magnetisation = (0.348125,-0.535239), Energy = -1.614373 
<M> = (0.341805,-0.555045), <E> = -1.596878 

T=0.780000	 Thermalizing iterations... 
Done.
Thermalized Magnetisation = (0.389425,-0.516243), Energy = -1.592789 
Averaging iterations... h=0.031250,0.000000
Done.
Final: Magnetisation = (0.311099,-0.606337), Energy = -1.602594 
<M> = (0.345078,-0.559665), <E> = -1.603928 

T=0.770000	 Thermalizing iterations... 
Done.
Thermalized Magnetisation = (0.402232,-0.525048), Energy = -1.611269 
Averaging iterations... h=0.031250,0.000000
Done.
Final: Magnetisation = (0.314687,-0.578911), Energy = -1.606338 
<M> = (0.349383,-0.558323), <E> = -1.612014 

T=0.760000	 Thermalizing iterations... 
Done.
Thermalized Magnetisation = (0.346545,-0.546460), Energy = -1.593756 
Averaging iterations... h=0.031250,0.000000
Done.
Final: Magnetisation = (0.434299,-0.537174), Energy = -1.628979 
<M> = (0.360514,-0.556314), <E> = -1.618970 

T=0.750000	 Thermalizing iterations... 
Done.
Thermalized Magnetisation = (0.399952,-0.498682), Energy = -1.622362 
Averaging iterations... h=0.031250,0.000000
Done.
Final: Magnetisation = (0.343273,-0.561718), Energy = -1.627769 
<M> = (0.359409,-0.559737), <E> = -1.625969 

T=0.740000	 Thermalizing iterations... 
Done.
Thermalized Magnetisation = (0.307008,-0.645405), Energy = -1.651486 
Averaging iterations... h=0.031250,0.000000
Done.
Final: Magnetisation = (0.309418,-0.634434), Energy = -1.638571 
<M> = (0.358142,-0.574416), <E> = -1.634107 

T=0.730000	 Thermalizing iterations... 
Done.
Thermalized Magnetisation = (0.380146,-0.566199), Energy = -1.626030 
Averaging iterations... h=0.031250,0.000000
Done.
Final: Magnetisation = (0.358858,-0.597056), Energy = -1.644631 
<M> = (0.354198,-0.586692), <E> = -1.642220 

T=0.720000	 Thermalizing iterations... 
Done.
Thermalized Magnetisation = (0.374184,-0.557781), Energy = -1.621305 
Averaging iterations... h=0.031250,0.000000
Done.
Final: Magnetisation = (0.372104,-0.602915), Energy = -1.648477 
<M> = (0.341784,-0.596101), <E> = -1.649555 

T=0.710000	 Thermalizing iterations... 
Done.
Thermalized Magnetisation = (0.368163,-0.568754), Energy = -1.649335 
Averaging iterations... h=0.031250,0.000000
Done.
Final: Magnetisation = (0.345404,-0.599861), Energy = -1.667003 
<M> = (0.359171,-0.550116), <E> = -1.656413 

T=0.700000	 Thermalizing iterations... 
Done.
Thermalized Magnetisation = (0.330713,-0.637937), Energy = -1.670589 
Averaging iterations... h=0.031250,0.000000
Done.
Final: Magnetisation = (0.318380,-0.638316), Energy = -1.664417 
<M> = (0.338061,-0.618523), <E> = -1.664571 

T=0.690000	 Thermalizing iterations... 
Done.
Thermalized Magnetisation = (0.350692,-0.593594), Energy = -1.670057 
Averaging iterations... h=0.031250,0.000000
Done.
Final: Magnetisation = (0.297498,-0.664890), Energy = -1.667941 
<M> = (0.349019,-0.604070), <E> = -1.671038 

T=0.680000	 Thermalizing iterations... 
Done.
Thermalized Magnetisation = (0.307554,-0.625476), Energy = -1.674345 
Averaging iterations... h=0.031250,0.000000
Done.
Final: Magnetisation = (0.329215,-0.579967), Energy = -1.682829 
<M> = (0.357507,-0.602563), <E> = -1.677496 

T=0.670000	 Thermalizing iterations... 
Done.
Thermalized Magnetisation = (0.334240,-0.620733), Energy = -1.671724 
Averaging iterations... h=0.031250,0.000000
Done.
Final: Magnetisation = (0.439247,-0.584991), Energy = -1.696952 
<M> = (0.360231,-0.606937), <E> = -1.684178 

T=0.660000	 Thermalizing iterations... 
Done.
Thermalized Magnetisation = (0.356987,-0.594157), Energy = -1.679344 
Averaging iterations... h=0.031250,0.000000
Done.
Final: Magnetisation = (0.404466,-0.580023), Energy = -1.690246 
<M> = (0.355748,-0.619213), <E> = -1.691214 

T=0.650000	 Thermalizing iterations... 
Done.
Thermalized Magnetisation = (0.280270,-0.659038), Energy = -1.700354 
Averaging iterations... h=0.031250,0.000000
Done.
Final: Magnetisation = (0.340776,-0.612375), Energy = -1.684387 
<M> = (0.344709,-0.632934), <E> = -1.698548 

T=0.640000	 Thermalizing iterations... 
Done.
Thermalized Magnetisation = (0.322852,-0.683328), Energy = -1.716595 
Averaging iterations... h=0.031250,0.000000
Done.
Final: Magnetisation = (0.405751,-0.598811), Energy = -1.700285 
<M> = (0.347375,-0.629523), <E> = -1.705551 

T=0.630000	 Thermalizing iterations... 
Done.
Thermalized Magnetisation = (0.323034,-0.624200), Energy = -1.709047 
Averaging iterations... h=0.031250,0.000000
Done.
Final: Magnetisation = (0.366867,-0.626111), Energy = -1.714987 
<M> = (0.341404,-0.640416), <E> = -1.712265 

T=0.620000	 Thermalizing iterations... 
Done.
Thermalized Magnetisation = (0.331667,-0.655794), Energy = -1.724690 
Averaging iterations... h=0.031250,0.000000
Done.
Final: Magnetisation = (0.388878,-0.651666), Energy = -1.728662 
<M> = (0.351132,-0.641640), <E> = -1.718667 

T=0.610000	 Thermalizing iterations... 
Done.
Thermalized Magnetisation = (0.372425,-0.651244), Energy = -1.723077 
Averaging iterations... h=0.031250,0.000000
Done.
Final: Magnetisation = (0.290833,-0.671380), Energy = -1.722369 
<M> = (0.352917,-0.640803), <E> = -1.724744 

T=0.600000	 Thermalizing iterations... 
Done.
Thermalized Magnetisation = (0.345109,-0.665166), Energy = -1.732654 
Averaging iterations... h=0.031250,0.000000
Done.
Final: Magnetisation = (0.403659,-0.640550), Energy = -1.733445 
<M> = (0.358540,-0.641496), <E> = -1.730690 

T=0.590000	 Thermalizing iterations... 
Done.
Thermalized Magnetisation = (0.335501,-0.652830), Energy = -1.731684 
Averaging iterations... h=0.031250,0.000000
Done.
Final: Magnetisation = (0.335777,-0.675876), Energy = -1.744619 
<M> = (0.353605,-0.653601), <E> = -1.737357 

T=0.580000	 Thermalizing iterations... 
Done.
Thermalized Magnetisation = (0.414234,-0.621082), Energy = -1.751543 
Averaging iterations... h=0.031250,0.000000
Done.
Final: Magnetisation = (0.334725,-0.661069), Energy = -1.755527 
<M> = (0.350698,-0.655788), <E> = -1.744145 

T=0.570000	 Thermalizing iterations... 
Done.
Thermalized Magnetisation = (0.354153,-0.654060), Energy = -1.749124 
Averaging iterations... h=0.031250,0.000000
Done.
Final: Magnetisation = (0.402684,-0.618747), Energy = -1.746745 
<M> = (0.349184,-0.661861), <E> = -1.750861 

T=0.560000	 Thermalizing iterations... 
Done.
Thermalized Magnetisation = (0.318828,-0.668993), Energy = -1.764012 
Averaging iterations... h=0.031250,0.000000
Done.
Final: Magnetisation = (0.386431,-0.649405), Energy = -1.761960 
<M> = (0.342253,-0.665620), <E> = -1.757122 

T=0.550000	 Thermalizing iterations... 
Done.
Thermalized Magnetisation = (0.409715,-0.619248), Energy = -1.766947 
Averaging iterations... h=0.031250,0.000000
Done.
Final: Magnetisation = (0.353584,-0.665218), Energy = -1.763664 
<M> = (0.344926,-0.675492), <E> = -1.763460 

T=0.540000	 Thermalizing iterations... 
Done.
Thermalized Magnetisation = (0.362916,-0.663363), Energy = -1.770002 
Averaging iterations... h=0.031250,0.000000
Done.
Final: Magnetisation = (0.327466,-0.697722), Energy = -1.762487 
<M> = (0.357072,-0.667609), <E> = -1.768975 

T=0.530000	 Thermalizing iterations... 
Done.
Thermalized Magnetisation = (0.373102,-0.675454), Energy = -1.777408 
Averaging iterations... h=0.031250,0.000000
Done.
Final: Magnetisation = (0.362894,-0.679604), Energy = -1.784790 
<M> = (0.362623,-0.666423), <E> = -1.774595 

T=0.520000	 Thermalizing iterations... 
Done.
Thermalized Magnetisation = (0.385228,-0.632829), Energy = -1.779698 
Averaging iterations... h=0.031250,0.000000
Done.
Final: Magnetisation = (0.367632,-0.670167), Energy = -1.771768 
<M> = (0.364832,-0.669889), <E> = -1.780945 

T=0.510000	 Thermalizing iterations... 
Done.
Thermalized Magnetisation = (0.336414,-0.687012), Energy = -1.783464 
Averaging iterations... h=0.031250,0.000000
Done.
Final: Magnetisation = (0.381361,-0.674159), Energy = -1.787995 
<M> = (0.357964,-0.679672), <E> = -1.787368 

T=0.500000	 Thermalizing iterations... 
Done.
Thermalized Magnetisation = (0.310695,-0.700661), Energy = -1.792249 
Averaging iterations... h=0.031250,0.000000
Done.
Final: Magnetisation = (0.338461,-0.706724), Energy = -1.800885 
<M> = (0.344374,-0.690275), <E> = -1.793701 

T=0.490000	 Thermalizing iterations... 
Done.
Thermalized Magnetisation = (0.342050,-0.711279), Energy = -1.801837 
Averaging iterations... h=0.031250,0.000000
Done.
Final: Magnetisation = (0.372562,-0.697965), Energy = -1.802689 
<M> = (0.341408,-0.698177), <E> = -1.799846 

T=0.480000	 Thermalizing iterations... 
Done.
Thermalized Magnetisation = (0.358460,-0.701831), Energy = -1.808854 
Averaging iterations... h=0.031250,0.000000
Done.
Final: Magnetisation = (0.357647,-0.663417), Energy = -1.791899 
<M> = (0.345016,-0.701326), <E> = -1.805787 

T=0.470000	 Thermalizing iterations... 
Done.
Thermalized Magnetisation = (0.414602,-0.668662), Energy = -1.809179 
Averaging iterations... h=0.031250,0.000000
Done.
Final: Magnetisation = (0.356082,-0.697916), Energy = -1.823853 
<M> = (0.354171,-0.694445), <E> = -1.811350 

T=0.460000	 Thermalizing iterations... 
Done.
Thermalized Magnetisation = (0.349599,-0.701924), Energy = -1.811287 
Averaging iterations... h=0.031250,0.000000
Done.
Final: Magnetisation = (0.372191,-0.699288), Energy = -1.813476 
<M> = (0.360899,-0.694591), <E> = -1.816860 

T=0.450000	 Thermalizing iterations... 
Done.
Thermalized Magnetisation = (0.375434,-0.697233), Energy = -1.830188 
Averaging iterations... h=0.031250,0.000000
Done.
Final: Magnetisation = (0.404343,-0.657259), Energy = -1.814435 
<M> = (0.360916,-0.695900), <E> = -1.822763 

T=0.440000	 Thermalizing iterations... 
Done.
Thermalized Magnetisation = (0.340676,-0.714071), Energy = -1.826854 
Averaging iterations... h=0.031250,0.000000
Done.
Final: Magnetisation = (0.412417,-0.657996), Energy = -1.825870 
<M> = (0.361415,-0.700161), <E> = -1.828653 

T=0.430000	 Thermalizing iterations... 
Done.
Thermalized Magnetisation = (0.310270,-0.748785), Energy = -1.837371 
Averaging iterations... h=0.031250,0.000000
Done.
Final: Magnetisation = (0.350677,-0.690015), Energy = -1.824482 
<M> = (0.348032,-0.712947), <E> = -1.834812 

T=0.420000	 Thermalizing iterations... 
Done.
Thermalized Magnetisation = (0.333829,-0.736351), Energy = -1.840590 
Averaging iterations... h=0.031250,0.000000
Done.
Final: Magnetisation = (0.359123,-0.716817), Energy = -1.844071 
<M> = (0.343896,-0.719072), <E> = -1.840817 

T=0.410000	 Thermalizing iterations... 
Done.
Thermalized Magnetisation = (0.386276,-0.713045), Energy = -1.848475 
Averaging iterations... h=0.031250,0.000000
Done.
Final: Magnetisation = (0.363840,-0.709838), Energy = -1.844325 
<M> = (0.347416,-0.722549), <E> = -1.846637 

T=0.400000	 Thermalizing iterations... 
Done.
Thermalized Magnetisation = (0.372838,-0.698154), Energy = -1.848295 
Averaging iterations... h=0.031250,0.000000
Done.
Final: Magnetisation = (0.346077,-0.732177), Energy = -1.848941 
<M> = (0.352911,-0.722536), <E> = -1.852104 

T=0.390000	 Thermalizing iterations... 
Done.
Thermalized Magnetisation = (0.360354,-0.721943), Energy = -1.856450 
Averaging iterations... h=0.031250,0.000000
Done.
Final: Magnetisation = (0.346273,-0.735276), Energy = -1.853343 
<M> = (0.360776,-0.719428), <E> = -1.857587 

T=0.380000	 Thermalizing iterations... 
Done.
Thermalized Magnetisation = (0.340703,-0.721708), Energy = -1.856600 
Averaging iterations... h=0.031250,0.000000
Done.
Final: Magnetisation = (0.346393,-0.723980), Energy = -1.861187 
<M> = (0.361661,-0.719650), <E> = -1.863078 

T=0.370000	 Thermalizing iterations... 
Done.
Thermalized Magnetisation = (0.357329,-0.743553), Energy = -1.874948 
Averaging iterations... h=0.031250,0.000000
Done.
Final: Magnetisation = (0.362993,-0.699498), Energy = -1.872620 
<M> = (0.356380,-0.728471), <E> = -1.868776 

T=0.360000	 Thermalizing iterations... 
Done.
Thermalized Magnetisation = (0.357492,-0.744747), Energy = -1.877099 
Averaging iterations... h=0.031250,0.000000
Done.
Final: Magnetisation = (0.382449,-0.712267), Energy = -1.869864 
<M> = (0.354672,-0.733836), <E> = -1.874568 

T=0.350000	 Thermalizing iterations... 
Done.
Thermalized Magnetisation = (0.341050,-0.734704), Energy = -1.878462 
Averaging iterations... h=0.031250,0.000000
Done.
Final: Magnetisation = (0.335093,-0.731853), Energy = -1.875032 
<M> = (0.350761,-0.737401), <E> = -1.880341 

T=0.340000	 Thermalizing iterations... 
Done.
Thermalized Magnetisation = (0.372891,-0.730455), Energy = -1.883421 
Averaging iterations... h=0.031250,0.000000
Done.
Final: Magnetisation = (0.381954,-0.736038), Energy = -1.886004 
<M> = (0.345383,-0.743308), <E> = -1.886027 

T=0.330000	 Thermalizing iterations... 
Done.
Thermalized Magnetisation = (0.356157,-0.751778), Energy = -1.893061 
Averaging iterations... h=0.031250,0.000000
Done.
Final: Magnetisation = (0.346640,-0.745159), Energy = -1.888073 
<M> = (0.346991,-0.748897), <E> = -1.891627 

T=0.320000	 Thermalizing iterations... 
Done.
Thermalized Magnetisation = (0.361363,-0.758524), Energy = -1.896237 
Averaging iterations... h=0.031250,0.000000
Done.
Final: Magnetisation = (0.325720,-0.765766), Energy = -1.901747 
<M> = (0.349300,-0.745882), <E> = -1.896794 

T=0.310000	 Thermalizing iterations... 
Done.
Thermalized Magnetisation = (0.352674,-0.735777), Energy = -1.896813 
Averaging iterations... h=0.031250,0.000000
Done.
Final: Magnetisation = (0.340523,-0.755817), Energy = -1.898092 
<M> = (0.367243,-0.742161), <E> = -1.902242 

T=0.300000	 Thermalizing iterations... 
Done.
Thermalized Magnetisation = (0.359010,-0.749539), Energy = -1.906437 
Averaging iterations... h=0.031250,0.000000
Done.
Final: Magnetisation = (0.375422,-0.724170), Energy = -1.908044 
<M> = (0.362308,-0.747230), <E> = -1.907750 

T=0.290000	 Thermalizing iterations... 
Done.
Thermalized Magnetisation = (0.354116,-0.760510), Energy = -1.909294 
Averaging iterations... h=0.031250,0.000000
Done.
Final: Magnetisation = (0.360634,-0.754582), Energy = -1.913840 
<M> = (0.357058,-0.752258), <E> = -1.913224 

T=0.280000	 Thermalizing iterations... 
Done.
Thermalized Magnetisation = (0.357233,-0.762715), Energy = -1.921186 
Averaging iterations... h=0.031250,0.000000
Done.
Final: Magnetisation = (0.348349,-0.760439), Energy = -1.914169 
<M> = (0.354141,-0.756812), <E> = -1.918709 

T=0.270000	 Thermalizing iterations... 
Done.
Thermalized Magnetisation = (0.326866,-0.783359), Energy = -1.930480 
Averaging iterations... h=0.031250,0.000000
Done.
Final: Magnetisation = (0.368935,-0.765706), Energy = -1.921712 
<M> = (0.351331,-0.763296), <E> = -1.924382 

T=0.260000	 Thermalizing iterations... 
Done.
Thermalized Magnetisation = (0.360442,-0.755325), Energy = -1.931669 
Averaging iterations... h=0.031250,0.000000
Done.
Final: Magnetisation = (0.332202,-0.768099), Energy = -1.930841 
<M> = (0.351526,-0.767731), <E> = -1.929906 

T=0.250000	 Thermalizing iterations... 
Done.
Thermalized Magnetisation = (0.351203,-0.768105), Energy = -1.938064 
Averaging iterations... h=0.031250,0.000000
Done.
Final: Magnetisation = (0.347089,-0.769454), Energy = -1.937603 
<M> = (0.356751,-0.765957), <E> = -1.935104 

T=0.240000	 Thermalizing iterations... 
Done.
Thermalized Magnetisation = (0.370460,-0.752458), Energy = -1.945519 
Averaging iterations... h=0.031250,0.000000
Done.
Final: Magnetisation = (0.349450,-0.778446), Energy = -1.938045 
<M> = (0.360351,-0.766446), <E> = -1.940315 

T=0.230000	 Thermalizing iterations... 
Done.
Thermalized Magnetisation = (0.344825,-0.773473), Energy = -1.945304 
Averaging iterations... h=0.031250,0.000000
Done.
Final: Magnetisation = (0.322975,-0.786132), Energy = -1.943732 
<M> = (0.357845,-0.768807), <E> = -1.945676 

T=0.220000	 Thermalizing iterations... 
Done.
Thermalized Magnetisation = (0.375685,-0.765541), Energy = -1.948747 
Averaging iterations... h=0.031250,0.000000
Done.
Final: Magnetisation = (0.376417,-0.770141), Energy = -1.947874 
<M> = (0.361455,-0.770423), <E> = -1.951082 

T=0.210000	 Thermalizing iterations... 
Done.
Thermalized Magnetisation = (0.332582,-0.787340), Energy = -1.952835 
Averaging iterations... h=0.031250,0.000000
Done.
Final: Magnetisation = (0.369697,-0.776258), Energy = -1.958040 
<M> = (0.358819,-0.777324), <E> = -1.956364 

T=0.200000	 Thermalizing iterations... 
Done.
Thermalized Magnetisation = (0.358183,-0.774596), Energy = -1.959066 
Averaging iterations... h=0.031250,0.000000
Done.
Final: Magnetisation = (0.367835,-0.776757), Energy = -1.958426 
<M> = (0.357029,-0.779482), <E> = -1.961739 

T=0.190000	 Thermalizing iterations... 
Done.
Thermalized Magnetisation = (0.363332,-0.780883), Energy = -1.965272 
Averaging iterations... h=0.031250,0.000000
Done.
Final: Magnetisation = (0.335499,-0.786419), Energy = -1.968813 
<M> = (0.353197,-0.785370), <E> = -1.967043 

T=0.180000	 Thermalizing iterations... 
Done.
Thermalized Magnetisation = (0.351033,-0.783308), Energy = -1.976385 
Averaging iterations... h=0.031250,0.000000
Done.
Final: Magnetisation = (0.351742,-0.781395), Energy = -1.971822 
<M> = (0.354088,-0.787717), <E> = -1.972502 

T=0.170000	 Thermalizing iterations... 
Done.
Thermalized Magnetisation = (0.342952,-0.799814), Energy = -1.972953 
Averaging iterations... h=0.031250,0.000000
Done.
Final: Magnetisation = (0.350128,-0.798556), Energy = -1.975970 
<M> = (0.354886,-0.789500), <E> = -1.977433 

T=0.160000	 Thermalizing iterations... 
Done.
Thermalized Magnetisation = (0.353834,-0.792297), Energy = -1.982929 
Averaging iterations... h=0.031250,0.000000
Done.
Final: Magnetisation = (0.345491,-0.800745), Energy = -1.984301 
<M> = (0.358278,-0.790096), <E> = -1.982606 

T=0.150000	 Thermalizing iterations... 
Done.
Thermalized Magnetisation = (0.375105,-0.779219), Energy = -1.987315 
Averaging iterations... h=0.031250,0.000000
Done.
Final: Magnetisation = (0.372085,-0.792236), Energy = -1.987824 
<M> = (0.358380,-0.792933), <E> = -1.987769 

T=0.140000	 Thermalizing iterations... 
Done.
Thermalized Magnetisation = (0.350151,-0.794102), Energy = -1.992238 
Averaging iterations... h=0.031250,0.000000
Done.
Final: Magnetisation = (0.357799,-0.793288), Energy = -1.993331 
<M> = (0.359762,-0.796198), <E> = -1.993129 

T=0.130000	 Thermalizing iterations... 
Done.
Thermalized Magnetisation = (0.359121,-0.800125), Energy = -2.001249 
Averaging iterations... h=0.031250,0.000000
Done.
Final: Magnetisation = (0.355896,-0.792540), Energy = -1.999403 
<M> = (0.355007,-0.799909), <E> = -1.998309 

T=0.120000	 Thermalizing iterations... 
Done.
Thermalized Magnetisation = (0.377446,-0.793907), Energy = -2.002221 
Averaging iterations... h=0.031250,0.000000
Done.
Final: Magnetisation = (0.373621,-0.797217), Energy = -2.002790 
<M> = (0.359400,-0.801920), <E> = -2.003539 

T=0.110000	 Thermalizing iterations... 
Done.
Thermalized Magnetisation = (0.366728,-0.807787), Energy = -2.010000 
Averaging iterations... h=0.031250,0.000000
Done.
Final: Magnetisation = (0.368370,-0.804917), Energy = -2.008905 
<M> = (0.359163,-0.805767), <E> = -2.008685 

T=0.100000	 Thermalizing iterations... 
Done.
Thermalized Magnetisation = (0.353149,-0.807341), Energy = -2.015555 
Averaging iterations... h=0.031250,0.000000
Done.
Final: Magnetisation = (0.352968,-0.813983), Energy = -2.013488 
<M> = (0.358672,-0.806181), <E> = -2.013756 

T=0.090000	 Thermalizing iterations... 
Done.
Thermalized Magnetisation = (0.361661,-0.812129), Energy = -2.017804 
Averaging iterations... h=0.031250,0.000000
Done.
Final: Magnetisation = (0.349556,-0.811759), Energy = -2.017478 
<M> = (0.362540,-0.807107), <E> = -2.018883 

T=0.080000	 Thermalizing iterations... 
Done.
Thermalized Magnetisation = (0.337202,-0.822716), Energy = -2.025024 
Averaging iterations... h=0.031250,0.000000
Done.
Final: Magnetisation = (0.365133,-0.807561), Energy = -2.024485 
<M> = (0.358400,-0.811378), <E> = -2.023930 

T=0.070000	 Thermalizing iterations... 
Done.
Thermalized Magnetisation = (0.346515,-0.821025), Energy = -2.029593 
Averaging iterations... h=0.031250,0.000000
Done.
Final: Magnetisation = (0.365701,-0.811044), Energy = -2.029124 
<M> = (0.360200,-0.815722), <E> = -2.029096 

T=0.060000	 Thermalizing iterations... 
Done.
Thermalized Magnetisation = (0.366780,-0.810727), Energy = -2.033667 
Averaging iterations... h=0.031250,0.000000
Done.
Final: Magnetisation = (0.354038,-0.817067), Energy = -2.034056 
<M> = (0.360101,-0.817627), <E> = -2.034166 

T=0.050000	 Thermalizing iterations... 
Done.
Thermalized Magnetisation = (0.356207,-0.821373), Energy = -2.039725 
Averaging iterations... h=0.031250,0.000000
Done.
Final: Magnetisation = (0.355330,-0.819056), Energy = -2.039436 
<M> = (0.358226,-0.821022), <E> = -2.039255 

T=0.040000	 Thermalizing iterations... 
Done.
Thermalized Magnetisation = (0.356512,-0.821113), Energy = -2.044488 
Averaging iterations... h=0.031250,0.000000
Done.
Final: Magnetisation = (0.361573,-0.822006), Energy = -2.044319 
<M> = (0.362578,-0.821059), <E> = -2.044325 

T=0.030000	 Thermalizing iterations... 
Done.
Thermalized Magnetisation = (0.362680,-0.821273), Energy = -2.049168 
Averaging iterations... h=0.031250,0.000000
Done.
Final: Magnetisation = (0.362271,-0.825733), Energy = -2.049565 
<M> = (0.359915,-0.825018), <E> = -2.049383 

T=0.020000	 Thermalizing iterations... 
Done.
Thermalized Magnetisation = (0.364226,-0.825177), Energy = -2.054477 
Averaging iterations... h=0.031250,0.000000
Done.
Final: Magnetisation = (0.360391,-0.828098), Energy = -2.054599 
<M> = (0.362891,-0.826792), <E> = -2.054398 

T=0.010000	 Thermalizing iterations... 
Done.
Thermalized Magnetisation = (0.356529,-0.830493), Energy = -2.059367 
Averaging iterations... h=0.031250,0.000000
Done.
Final: Magnetisation = (0.364343,-0.827671), Energy = -2.059317 
<M> = (0.360857,-0.830348), <E> = -2.059408 
Final Magnetisation = (0.364343,-0.827671), Energy = -2.059317 
------------------------

Updating all (first)black/(then)white checkerboard sites simultaneously.. 

ztne RFXY h rotating with |h|=0.031250 at T=0.000000..
loop 1

loop 2

CPU  Start Time = 5524977.807471 

CPU  End Time = 5533642.702095 

CPU Time elapsed total = 8664.894624 

real	144m24.909s
user	2474m39.789s
sys	1m15.715s
