nearest neighbor initialized. 
J loaded. 
h loaded. 
L = 16, dim_L = 2, dim_S = 2
hysteresis_MCS_multiplier = 10, hysteresis_MCS_max = 100
RAND_MAX = 2147483647.000000,
 sizeof(int) = 4,
 sizeof(long) = 8,
 sizeof(double) = 8,
 sizeof(long int) = 8,
 sizeof(short int) = 2,
 sizeof(unsigned int) = 4,
 sizeof(RAND_MAX) = 4

OpenMP Active.

No. of THREADS = 24
No. of PROCESSORS = 24

-0.053784,-0.029940
order = ({1.000000-->-1.000000,0.000000}, 0, 1)
Initial Magnetisation = (-0.053784,-0.029940), Energy = 0.178345 
Cooling... 
T=2.000000	 Thermalizing iterations... 
Done.
Thermalized Magnetisation = (0.340208,-0.069734), Energy = -1.092398 
Averaging iterations... h=0.062500,0.000000
Done.
Final: Magnetisation = (0.207369,0.429137), Energy = -0.927954 
<M> = (0.059101,0.008765), <E> = -0.919318 

T=1.950000	 Thermalizing iterations... 
Done.
Thermalized Magnetisation = (0.121060,-0.198780), Energy = -0.501665 
Averaging iterations... h=0.062500,0.000000
Done.
Final: Magnetisation = (-0.059866,-0.560814), Energy = -0.941550 
<M> = (0.053473,0.010386), <E> = -0.928599 

T=1.900000	 Thermalizing iterations... 
Done.
Thermalized Magnetisation = (0.066264,0.354211), Energy = -1.053695 
Averaging iterations... h=0.062500,0.000000
Done.
Final: Magnetisation = (0.088051,0.359325), Energy = -1.257691 
<M> = (0.048678,0.012022), <E> = -0.948603 

T=1.850000	 Thermalizing iterations... 
Done.
Thermalized Magnetisation = (0.077960,0.018026), Energy = -1.074187 
Averaging iterations... h=0.062500,0.000000
Done.
Final: Magnetisation = (0.295146,0.135504), Energy = -1.116733 
<M> = (0.065258,0.008731), <E> = -0.977042 

T=1.800000	 Thermalizing iterations... 
Done.
Thermalized Magnetisation = (-0.161984,-0.441122), Energy = -0.948482 
Averaging iterations... h=0.062500,0.000000
Done.
Final: Magnetisation = (-0.068206,-0.121850), Energy = -0.854590 
<M> = (0.059451,0.016847), <E> = -0.988141 

T=1.750000	 Thermalizing iterations... 
Done.
Thermalized Magnetisation = (-0.222712,-0.157919), Energy = -1.118163 
Averaging iterations... h=0.062500,0.000000
Done.
Final: Magnetisation = (0.593825,-0.079149), Energy = -1.232013 
<M> = (0.067827,-0.008051), <E> = -1.003871 

T=1.700000	 Thermalizing iterations... 
Done.
Thermalized Magnetisation = (-0.429715,0.319472), Energy = -0.808404 
Averaging iterations... h=0.062500,0.000000
Done.
Final: Magnetisation = (0.298363,0.035722), Energy = -1.202274 
<M> = (0.061864,0.008259), <E> = -1.018944 

T=1.650000	 Thermalizing iterations... 
Done.
Thermalized Magnetisation = (0.521608,0.395704), Energy = -1.364046 
Averaging iterations... h=0.062500,0.000000
Done.
Final: Magnetisation = (0.402085,-0.098619), Energy = -0.959498 
<M> = (0.075470,-0.014021), <E> = -1.046791 

T=1.600000	 Thermalizing iterations... 
Done.
Thermalized Magnetisation = (0.559305,-0.038955), Energy = -1.247056 
Averaging iterations... h=0.062500,0.000000
Done.
Final: Magnetisation = (0.092879,-0.050929), Energy = -0.926729 
<M> = (0.072810,-0.020435), <E> = -1.064493 

T=1.550000	 Thermalizing iterations... 
Done.
Thermalized Magnetisation = (0.190943,-0.562659), Energy = -1.292431 
Averaging iterations... h=0.062500,0.000000
Done.
Final: Magnetisation = (0.082408,0.263341), Energy = -1.183287 
<M> = (0.076690,-0.001314), <E> = -1.093596 

T=1.500000	 Thermalizing iterations... 
Done.
Thermalized Magnetisation = (0.442272,-0.302022), Energy = -1.327559 
Averaging iterations... h=0.062500,0.000000
Done.
Final: Magnetisation = (0.360103,-0.105770), Energy = -1.298831 
<M> = (0.092674,-0.011189), <E> = -1.117485 

T=1.450000	 Thermalizing iterations... 
Done.
Thermalized Magnetisation = (-0.106941,-0.032121), Energy = -1.150091 
Averaging iterations... h=0.062500,0.000000
Done.
Final: Magnetisation = (0.416744,0.174085), Energy = -1.300283 
<M> = (0.096522,0.002940), <E> = -1.137275 

T=1.400000	 Thermalizing iterations... 
Done.
Thermalized Magnetisation = (0.247068,0.314648), Energy = -1.383496 
Averaging iterations... h=0.062500,0.000000
Done.
Final: Magnetisation = (-0.214560,0.066291), Energy = -1.240582 
<M> = (0.117991,-0.014603), <E> = -1.167253 

T=1.350000	 Thermalizing iterations... 
Done.
Thermalized Magnetisation = (0.338805,-0.090068), Energy = -1.244786 
Averaging iterations... h=0.062500,0.000000
Done.
Final: Magnetisation = (-0.141953,0.209356), Energy = -1.177199 
<M> = (0.115193,0.005689), <E> = -1.191400 

T=1.300000	 Thermalizing iterations... 
Done.
Thermalized Magnetisation = (-0.028095,0.229128), Energy = -1.255393 
Averaging iterations... h=0.062500,0.000000
Done.
Final: Magnetisation = (-0.046920,0.127555), Energy = -0.751836 
<M> = (0.130945,0.015017), <E> = -1.214402 

T=1.250000	 Thermalizing iterations... 
Done.
Thermalized Magnetisation = (-0.191922,0.175253), Energy = -1.319431 
Averaging iterations... h=0.062500,0.000000
Done.
Final: Magnetisation = (-0.404823,0.165980), Energy = -1.120151 
<M> = (0.144534,0.001232), <E> = -1.248879 

T=1.200000	 Thermalizing iterations... 
Done.
Thermalized Magnetisation = (0.554248,-0.159595), Energy = -1.209627 
Averaging iterations... h=0.062500,0.000000
Done.
Final: Magnetisation = (0.033951,0.201745), Energy = -1.182397 
<M> = (0.169061,0.049162), <E> = -1.287463 

T=1.150000	 Thermalizing iterations... 
Done.
Thermalized Magnetisation = (0.489433,-0.077777), Energy = -1.404062 
Averaging iterations... h=0.062500,0.000000
Done.
Final: Magnetisation = (0.245054,-0.271048), Energy = -1.387048 
<M> = (0.188002,-0.019872), <E> = -1.317186 

T=1.100000	 Thermalizing iterations... 
Done.
Thermalized Magnetisation = (-0.233938,-0.206529), Energy = -1.557584 
Averaging iterations... h=0.062500,0.000000
Done.
Final: Magnetisation = (-0.375375,-0.167891), Energy = -1.364093 
<M> = (0.195797,-0.009566), <E> = -1.351790 

T=1.050000	 Thermalizing iterations... 
Done.
Thermalized Magnetisation = (-0.499768,-0.249900), Energy = -1.356767 
Averaging iterations... h=0.062500,0.000000
Done.
Final: Magnetisation = (-0.045598,0.208740), Energy = -1.231481 
<M> = (0.237460,-0.075023), <E> = -1.393456 

T=1.000000	 Thermalizing iterations... 
Done.
Thermalized Magnetisation = (0.501337,0.280419), Energy = -1.330998 
Averaging iterations... h=0.062500,0.000000
Done.
Final: Magnetisation = (0.139189,-0.037742), Energy = -1.217801 
<M> = (0.249678,0.035072), <E> = -1.423702 

T=0.950000	 Thermalizing iterations... 
Done.
Thermalized Magnetisation = (0.283965,0.020874), Energy = -1.303160 
Averaging iterations... h=0.062500,0.000000
Done.
Final: Magnetisation = (-0.154859,0.017495), Energy = -1.289217 
<M> = (0.307341,0.038670), <E> = -1.470837 

T=0.900000	 Thermalizing iterations... 
Done.
Thermalized Magnetisation = (0.632402,0.101484), Energy = -1.427411 
Averaging iterations... h=0.062500,0.000000
Done.
Final: Magnetisation = (0.241003,-0.287024), Energy = -1.550682 
<M> = (0.309512,-0.071883), <E> = -1.503192 

T=0.850000	 Thermalizing iterations... 
Done.
Thermalized Magnetisation = (0.366033,-0.396146), Energy = -1.651856 
Averaging iterations... h=0.062500,0.000000
Done.
Final: Magnetisation = (0.199967,0.476560), Energy = -1.573777 
<M> = (0.320479,0.036873), <E> = -1.542736 

T=0.800000	 Thermalizing iterations... 
Done.
Thermalized Magnetisation = (0.005099,0.536660), Energy = -1.362042 
Averaging iterations... h=0.062500,0.000000
Done.
Final: Magnetisation = (0.459626,0.254764), Energy = -1.527484 
<M> = (0.308562,0.202232), <E> = -1.582378 

T=0.750000	 Thermalizing iterations... 
Done.
Thermalized Magnetisation = (0.506160,0.301842), Energy = -1.523774 
Averaging iterations... h=0.062500,0.000000
Done.
Final: Magnetisation = (-0.366839,0.074975), Energy = -1.513434 
<M> = (0.413755,-0.145758), <E> = -1.629470 

T=0.700000	 Thermalizing iterations... 
Done.
Thermalized Magnetisation = (0.202344,0.810667), Energy = -1.707684 
Averaging iterations... h=0.062500,0.000000
Done.
Final: Magnetisation = (-0.114076,-0.192055), Energy = -1.632133 
<M> = (0.483444,0.066165), <E> = -1.674784 

T=0.650000	 Thermalizing iterations... 
Done.
Thermalized Magnetisation = (0.722064,-0.190212), Energy = -1.704513 
Averaging iterations... h=0.062500,0.000000
Done.
Final: Magnetisation = (0.747081,-0.344682), Energy = -1.802743 
<M> = (0.522452,-0.042395), <E> = -1.717030 

T=0.600000	 Thermalizing iterations... 
Done.
Thermalized Magnetisation = (0.377571,0.672137), Energy = -1.749819 
Averaging iterations... h=0.062500,0.000000
Done.
Final: Magnetisation = (0.364459,0.630837), Energy = -1.748714 
<M> = (0.561727,0.056700), <E> = -1.744897 

T=0.550000	 Thermalizing iterations... 
Done.
Thermalized Magnetisation = (0.634856,0.318952), Energy = -1.846424 
Averaging iterations... h=0.062500,0.000000
Done.
Final: Magnetisation = (0.684521,-0.285081), Energy = -1.811393 
<M> = (0.595645,0.103956), <E> = -1.782261 

T=0.500000	 Thermalizing iterations... 
Done.
Thermalized Magnetisation = (0.581338,0.302395), Energy = -1.792152 
Averaging iterations... h=0.062500,0.000000
Done.
Final: Magnetisation = (0.429293,-0.595474), Energy = -1.818520 
<M> = (0.621374,-0.028342), <E> = -1.814796 

T=0.450000	 Thermalizing iterations... 
Done.
Thermalized Magnetisation = (0.707502,-0.431610), Energy = -1.680537 
Averaging iterations... h=0.062500,0.000000
Done.
Final: Magnetisation = (0.634723,-0.582924), Energy = -1.878043 
<M> = (0.616741,0.172606), <E> = -1.839683 

T=0.400000	 Thermalizing iterations... 
Done.
Thermalized Magnetisation = (0.304560,-0.810824), Energy = -1.885107 
Averaging iterations... h=0.062500,0.000000
Done.
Final: Magnetisation = (0.712670,-0.402972), Energy = -1.726318 
<M> = (0.614673,-0.293014), <E> = -1.870028 

T=0.350000	 Thermalizing iterations... 
Done.
Thermalized Magnetisation = (0.736565,0.477057), Energy = -1.870246 
Averaging iterations... h=0.062500,0.000000
Done.
Final: Magnetisation = (0.699685,0.055011), Energy = -1.893578 
<M> = (0.689124,0.045158), <E> = -1.900252 

T=0.300000	 Thermalizing iterations... 
Done.
Thermalized Magnetisation = (0.816382,-0.402304), Energy = -1.938494 
Averaging iterations... h=0.062500,0.000000
Done.
Final: Magnetisation = (0.876601,0.214560), Energy = -1.925409 
<M> = (0.661596,0.111829), <E> = -1.927504 

T=0.250000	 Thermalizing iterations... 
Done.
Thermalized Magnetisation = (0.882321,0.175001), Energy = -1.940923 
Averaging iterations... h=0.062500,0.000000
Done.
Final: Magnetisation = (0.634393,-0.654052), Energy = -1.966095 
<M> = (0.750538,0.082735), <E> = -1.951575 

T=0.200000	 Thermalizing iterations... 
Done.
Thermalized Magnetisation = (0.942269,-0.044059), Energy = -1.998149 
Averaging iterations... h=0.062500,0.000000
Done.
Final: Magnetisation = (0.567644,-0.423396), Energy = -1.933172 
<M> = (0.773133,0.010198), <E> = -1.977449 

T=0.150000	 Thermalizing iterations... 
Done.
Thermalized Magnetisation = (0.689505,0.538209), Energy = -2.015781 
Averaging iterations... h=0.062500,0.000000
Done.
Final: Magnetisation = (0.730480,0.535809), Energy = -2.005436 
<M> = (0.671962,0.586537), <E> = -2.006291 

T=0.100000	 Thermalizing iterations... 
Done.
Thermalized Magnetisation = (0.694413,0.512194), Energy = -2.024942 
Averaging iterations... h=0.062500,0.000000
Done.
Final: Magnetisation = (0.650572,0.637373), Energy = -2.036922 
<M> = (0.674251,0.621296), <E> = -2.031241 

T=0.050000	 Thermalizing iterations... 
Done.
Thermalized Magnetisation = (0.633199,0.636822), Energy = -2.052299 
Averaging iterations... h=0.062500,0.000000
Done.
Final: Magnetisation = (0.627054,0.695882), Energy = -2.055622 
<M> = (0.687728,0.629796), <E> = -2.056244 
Final Magnetisation = (0.627054,0.695882), Energy = -2.055622 
------------------------

Updating all (first)black/(then)white checkerboard sites simultaneously.. 

ztne RFXY h rotating with |h|=0.062500 at T=0.000000..
loop 1

loop 2

Cooling protocol time (from T=2.000000 to T=0.000000) = 50.840085 

CPU Time elapsed total = 50.847289 
All done - 51 seconds elapsed.
