nearest neighbor initialized. 
J loaded. 
h loaded. 
L = 16, dim_L = 2, dim_S = 2
hysteresis_MCS_multiplier = 10, hysteresis_MCS_max = 100
RAND_MAX = 2147483647.000000,
 sizeof(int) = 4,
 sizeof(long) = 8,
 sizeof(double) = 8,
 sizeof(long int) = 8,
 sizeof(short int) = 2,
 sizeof(unsigned int) = 4,
 sizeof(RAND_MAX) = 4

OpenMP Active.

No. of THREADS = 24
No. of PROCESSORS = 24

-0.053862,-0.027666
order = ({1.000000-->-1.000000,0.000000}, 0, 1)
Initial Magnetisation = (-0.053862,-0.027666), Energy = 0.179866 
Cooling... 
T=2.000000	 Thermalizing iterations... 
Done.
Thermalized Magnetisation = (0.101868,0.157513), Energy = -1.155523 
Averaging iterations... h=0.071429,0.000000
Done.
Final: Magnetisation = (-0.013180,-0.274422), Energy = -0.957371 
<M> = (0.042708,0.008034), <E> = -0.920982 

T=1.950000	 Thermalizing iterations... 
Done.
Thermalized Magnetisation = (0.338178,0.234924), Energy = -0.793851 
Averaging iterations... h=0.071429,0.000000
Done.
Final: Magnetisation = (-0.364639,0.071885), Energy = -0.895736 
<M> = (0.028789,0.001800), <E> = -0.925174 

T=1.900000	 Thermalizing iterations... 
Done.
Thermalized Magnetisation = (0.030812,-0.039362), Energy = -0.831691 
Averaging iterations... h=0.071429,0.000000
Done.
Final: Magnetisation = (0.046604,0.220320), Energy = -0.511204 
<M> = (0.035108,0.009559), <E> = -0.940982 

T=1.850000	 Thermalizing iterations... 
Done.
Thermalized Magnetisation = (-0.097294,0.044797), Energy = -0.801765 
Averaging iterations... h=0.071429,0.000000
Done.
Final: Magnetisation = (0.205507,0.185287), Energy = -0.974863 
<M> = (0.051964,0.001394), <E> = -0.971274 

T=1.800000	 Thermalizing iterations... 
Done.
Thermalized Magnetisation = (-0.174798,0.054921), Energy = -1.129807 
Averaging iterations... h=0.071429,0.000000
Done.
Final: Magnetisation = (0.081588,0.006874), Energy = -1.180828 
<M> = (0.049172,0.016850), <E> = -0.974800 

T=1.750000	 Thermalizing iterations... 
Done.
Thermalized Magnetisation = (0.281805,0.031889), Energy = -1.313007 
Averaging iterations... h=0.071429,0.000000
Done.
Final: Magnetisation = (-0.200097,-0.224365), Energy = -1.128235 
<M> = (0.030703,-0.001989), <E> = -0.989720 

T=1.700000	 Thermalizing iterations... 
Done.
Thermalized Magnetisation = (-0.273566,-0.366191), Energy = -0.837033 
Averaging iterations... h=0.071429,0.000000
Done.
Final: Magnetisation = (0.156715,0.128592), Energy = -1.010970 
<M> = (0.045905,0.011975), <E> = -1.013693 

T=1.650000	 Thermalizing iterations... 
Done.
Thermalized Magnetisation = (-0.276938,0.086734), Energy = -0.965374 
Averaging iterations... h=0.071429,0.000000
Done.
Final: Magnetisation = (-0.012473,-0.061246), Energy = -1.075276 
<M> = (0.052601,-0.013128), <E> = -1.044679 

T=1.600000	 Thermalizing iterations... 
Done.
Thermalized Magnetisation = (0.097704,-0.297412), Energy = -1.163844 
Averaging iterations... h=0.071429,0.000000
Done.
Final: Magnetisation = (0.069796,0.454204), Energy = -0.842646 
<M> = (0.059765,-0.004885), <E> = -1.064629 

T=1.550000	 Thermalizing iterations... 
Done.
Thermalized Magnetisation = (0.270391,-0.243895), Energy = -1.067688 
Averaging iterations... h=0.071429,0.000000
Done.
Final: Magnetisation = (0.018426,-0.091045), Energy = -1.018940 
<M> = (0.048677,-0.008440), <E> = -1.083118 

T=1.500000	 Thermalizing iterations... 
Done.
Thermalized Magnetisation = (-0.054138,-0.091495), Energy = -1.098721 
Averaging iterations... h=0.071429,0.000000
Done.
Final: Magnetisation = (0.096785,0.120722), Energy = -1.099576 
<M> = (0.062008,-0.001867), <E> = -1.115457 

T=1.450000	 Thermalizing iterations... 
Done.
Thermalized Magnetisation = (0.698211,0.031316), Energy = -1.289963 
Averaging iterations... h=0.071429,0.000000
Done.
Final: Magnetisation = (0.116728,-0.049227), Energy = -1.093076 
<M> = (0.069801,0.006578), <E> = -1.134833 

T=1.400000	 Thermalizing iterations... 
Done.
Thermalized Magnetisation = (0.219021,-0.159089), Energy = -1.184559 
Averaging iterations... h=0.071429,0.000000
Done.
Final: Magnetisation = (0.000925,-0.111385), Energy = -1.161054 
<M> = (0.067485,-0.006248), <E> = -1.158031 

T=1.350000	 Thermalizing iterations... 
Done.
Thermalized Magnetisation = (0.646772,0.274302), Energy = -1.479748 
Averaging iterations... h=0.071429,0.000000
Done.
Final: Magnetisation = (0.118112,0.190590), Energy = -0.901137 
<M> = (0.067835,-0.000498), <E> = -1.181601 

T=1.300000	 Thermalizing iterations... 
Done.
Thermalized Magnetisation = (0.143219,0.161215), Energy = -1.160639 
Averaging iterations... h=0.071429,0.000000
Done.
Final: Magnetisation = (0.368712,-0.137572), Energy = -1.194729 
<M> = (0.105150,0.003359), <E> = -1.200069 

T=1.250000	 Thermalizing iterations... 
Done.
Thermalized Magnetisation = (0.073014,-0.226339), Energy = -1.117109 
Averaging iterations... h=0.071429,0.000000
Done.
Final: Magnetisation = (0.061497,0.032805), Energy = -1.000140 
<M> = (0.089786,-0.011587), <E> = -1.232677 

T=1.200000	 Thermalizing iterations... 
Done.
Thermalized Magnetisation = (0.441798,-0.174153), Energy = -1.051171 
Averaging iterations... h=0.071429,0.000000
Done.
Final: Magnetisation = (-0.220688,-0.133063), Energy = -1.237297 
<M> = (0.111822,0.052201), <E> = -1.273068 

T=1.150000	 Thermalizing iterations... 
Done.
Thermalized Magnetisation = (-0.086339,-0.825800), Energy = -1.525815 
Averaging iterations... h=0.071429,0.000000
Done.
Final: Magnetisation = (0.390279,0.390385), Energy = -1.405676 
<M> = (0.162165,-0.027804), <E> = -1.296471 

T=1.100000	 Thermalizing iterations... 
Done.
Thermalized Magnetisation = (0.619602,-0.235257), Energy = -1.339107 
Averaging iterations... h=0.071429,0.000000
Done.
Final: Magnetisation = (0.059932,-0.136274), Energy = -1.284253 
<M> = (0.150296,0.003289), <E> = -1.329229 

T=1.050000	 Thermalizing iterations... 
Done.
Thermalized Magnetisation = (0.182353,-0.248040), Energy = -1.370056 
Averaging iterations... h=0.071429,0.000000
Done.
Final: Magnetisation = (0.375549,-0.045343), Energy = -1.495657 
<M> = (0.176762,-0.079023), <E> = -1.371911 

T=1.000000	 Thermalizing iterations... 
Done.
Thermalized Magnetisation = (0.317121,-0.250515), Energy = -1.150804 
Averaging iterations... h=0.071429,0.000000
Done.
Final: Magnetisation = (0.103254,-0.566416), Energy = -1.475286 
<M> = (0.177435,0.047348), <E> = -1.395134 

T=0.950000	 Thermalizing iterations... 
Done.
Thermalized Magnetisation = (0.227003,-0.188885), Energy = -1.377496 
Averaging iterations... h=0.071429,0.000000
Done.
Final: Magnetisation = (0.259428,0.246488), Energy = -1.501714 
<M> = (0.249989,0.063832), <E> = -1.445113 

T=0.900000	 Thermalizing iterations... 
Done.
Thermalized Magnetisation = (0.517966,0.075061), Energy = -1.455599 
Averaging iterations... h=0.071429,0.000000
Done.
Final: Magnetisation = (0.316136,-0.136676), Energy = -1.432536 
<M> = (0.241171,-0.047963), <E> = -1.474623 

T=0.850000	 Thermalizing iterations... 
Done.
Thermalized Magnetisation = (0.435558,-0.304565), Energy = -1.507555 
Averaging iterations... h=0.071429,0.000000
Done.
Final: Magnetisation = (0.585486,-0.377518), Energy = -1.543640 
<M> = (0.277756,0.089991), <E> = -1.521934 

T=0.800000	 Thermalizing iterations... 
Done.
Thermalized Magnetisation = (0.422984,0.165222), Energy = -1.506269 
Averaging iterations... h=0.071429,0.000000
Done.
Final: Magnetisation = (0.746193,-0.132000), Energy = -1.654906 
<M> = (0.259989,0.133294), <E> = -1.559401 

T=0.750000	 Thermalizing iterations... 
Done.
Thermalized Magnetisation = (0.474677,-0.042698), Energy = -1.514226 
Averaging iterations... h=0.071429,0.000000
Done.
Final: Magnetisation = (-0.064673,-0.673739), Energy = -1.718380 
<M> = (0.376132,-0.143000), <E> = -1.606321 

T=0.700000	 Thermalizing iterations... 
Done.
Thermalized Magnetisation = (0.418396,0.215429), Energy = -1.749319 
Averaging iterations... h=0.071429,0.000000
Done.
Final: Magnetisation = (0.752351,0.446083), Energy = -1.798177 
<M> = (0.414049,0.115120), <E> = -1.647338 

T=0.650000	 Thermalizing iterations... 
Done.
Thermalized Magnetisation = (0.416513,0.618586), Energy = -1.766071 
Averaging iterations... h=0.071429,0.000000
Done.
Final: Magnetisation = (0.031052,-0.077975), Energy = -1.512284 
<M> = (0.475419,0.125723), <E> = -1.698142 

T=0.600000	 Thermalizing iterations... 
Done.
Thermalized Magnetisation = (0.617922,0.083529), Energy = -1.624209 
Averaging iterations... h=0.071429,0.000000
Done.
Final: Magnetisation = (0.603497,0.405931), Energy = -1.717915 
<M> = (0.584728,0.019345), <E> = -1.728852 

T=0.550000	 Thermalizing iterations... 
Done.
Thermalized Magnetisation = (0.589229,-0.592717), Energy = -1.829902 
Averaging iterations... h=0.071429,0.000000
Done.
Final: Magnetisation = (0.449994,-0.610287), Energy = -1.784360 
<M> = (0.506415,-0.278812), <E> = -1.764433 

T=0.500000	 Thermalizing iterations... 
Done.
Thermalized Magnetisation = (-0.080173,0.727861), Energy = -1.722675 
Averaging iterations... h=0.071429,0.000000
Done.
Final: Magnetisation = (0.518440,0.726042), Energy = -1.901954 
<M> = (0.494907,0.148206), <E> = -1.797589 

T=0.450000	 Thermalizing iterations... 
Done.
Thermalized Magnetisation = (0.661728,-0.215872), Energy = -1.798262 
Averaging iterations... h=0.071429,0.000000
Done.
Final: Magnetisation = (0.654211,0.586155), Energy = -1.825413 
<M> = (0.565281,0.321731), <E> = -1.825479 

T=0.400000	 Thermalizing iterations... 
Done.
Thermalized Magnetisation = (0.393465,0.596383), Energy = -1.862752 
Averaging iterations... h=0.071429,0.000000
Done.
Final: Magnetisation = (0.747928,-0.157950), Energy = -1.812306 
<M> = (0.502534,-0.494385), <E> = -1.856143 

T=0.350000	 Thermalizing iterations... 
Done.
Thermalized Magnetisation = (0.536665,-0.604737), Energy = -1.886040 
Averaging iterations... h=0.071429,0.000000
Done.
Final: Magnetisation = (0.632970,0.530743), Energy = -1.896652 
<M> = (0.551668,0.376908), <E> = -1.886415 

T=0.300000	 Thermalizing iterations... 
Done.
Thermalized Magnetisation = (0.687726,0.506523), Energy = -1.923749 
Averaging iterations... h=0.071429,0.000000
Done.
Final: Magnetisation = (0.741447,0.373094), Energy = -1.934697 
<M> = (0.562359,0.612354), <E> = -1.914366 

T=0.250000	 Thermalizing iterations... 
Done.
Thermalized Magnetisation = (0.811348,0.267103), Energy = -1.892190 
Averaging iterations... h=0.071429,0.000000
Done.
Final: Magnetisation = (0.541935,-0.713984), Energy = -1.950026 
<M> = (0.574840,-0.614729), <E> = -1.940647 

T=0.200000	 Thermalizing iterations... 
Done.
Thermalized Magnetisation = (0.732133,-0.410687), Energy = -1.974612 
Averaging iterations... h=0.071429,0.000000
Done.
Final: Magnetisation = (0.570010,-0.602317), Energy = -1.965584 
<M> = (0.548858,-0.677543), <E> = -1.966865 

T=0.150000	 Thermalizing iterations... 
Done.
Thermalized Magnetisation = (0.626477,-0.673307), Energy = -1.981980 
Averaging iterations... h=0.071429,0.000000
Done.
Final: Magnetisation = (0.514408,-0.753356), Energy = -2.007654 
<M> = (0.527697,-0.727326), <E> = -1.994248 

T=0.100000	 Thermalizing iterations... 
Done.
Thermalized Magnetisation = (0.640770,-0.666363), Energy = -2.019377 
Averaging iterations... h=0.071429,0.000000
Done.
Final: Magnetisation = (0.501436,-0.720525), Energy = -2.022718 
<M> = (0.506175,-0.762863), <E> = -2.018934 

T=0.050000	 Thermalizing iterations... 
Done.
Thermalized Magnetisation = (0.562396,-0.727627), Energy = -2.043304 
Averaging iterations... h=0.071429,0.000000
Done.
Final: Magnetisation = (0.464017,-0.804593), Energy = -2.047745 
<M> = (0.520038,-0.774644), <E> = -2.044550 
Final Magnetisation = (0.464017,-0.804593), Energy = -2.047745 
------------------------

Updating all (first)black/(then)white checkerboard sites simultaneously.. 

ztne RFXY h rotating with |h|=0.071429 at T=0.000000..
loop 1

loop 2

Cooling protocol time (from T=2.000000 to T=0.000000) = 55.603601 

CPU Time elapsed total = 55.632824 
All done - 55 seconds elapsed.
