nearest neighbor initialized. 
J loaded. 
h loaded. 
L = 32, dim_L = 2, dim_S = 2
hysteresis_MCS_multiplier = 10, hysteresis_MCS_max = 100
RAND_MAX = 2147483647.000000,
 sizeof(int) = 4,
 sizeof(long) = 8,
 sizeof(double) = 8,
 sizeof(long int) = 8,
 sizeof(short int) = 2,
 sizeof(unsigned int) = 4,
 sizeof(RAND_MAX) = 4

OpenMP Active.

No. of THREADS = 24
No. of PROCESSORS = 24

0.139548,0.081212
order = ({1.000000-->-1.000000,0.000000}, 0, 1)
Initial Magnetisation = (0.139548,0.081212), Energy = -0.005848 
Cooling... 
T=2.000000	 Thermalizing iterations... 
Done.
Thermalized Magnetisation = (0.022077,-0.197699), Energy = -0.509017 
Averaging iterations... h=0.062500,0.000000
Done.
Final: Magnetisation = (-0.109077,0.014787), Energy = -0.892671 
<M> = (0.033269,0.000389), <E> = -0.748616 

T=1.950000	 Thermalizing iterations... 
Done.
Thermalized Magnetisation = (0.101871,0.025552), Energy = -0.507690 
Averaging iterations... h=0.062500,0.000000
Done.
Final: Magnetisation = (0.115200,-0.117624), Energy = -0.809800 
<M> = (0.028083,0.005155), <E> = -0.766676 

T=1.900000	 Thermalizing iterations... 
Done.
Thermalized Magnetisation = (0.070117,-0.180347), Energy = -0.816771 
Averaging iterations... h=0.062500,0.000000
Done.
Final: Magnetisation = (0.074539,0.145871), Energy = -0.609084 
<M> = (0.035463,0.006150), <E> = -0.787854 

T=1.850000	 Thermalizing iterations... 
Done.
Thermalized Magnetisation = (0.050343,-0.011141), Energy = -0.886475 
Averaging iterations... h=0.062500,0.000000
Done.
Final: Magnetisation = (-0.079094,0.153752), Energy = -0.916749 
<M> = (0.039967,0.006748), <E> = -0.803033 

T=1.800000	 Thermalizing iterations... 
Done.
Thermalized Magnetisation = (0.168012,-0.086971), Energy = -0.968684 
Averaging iterations... h=0.062500,0.000000
Done.
Final: Magnetisation = (0.188536,0.005891), Energy = -0.832640 
<M> = (0.037149,0.004556), <E> = -0.829431 

T=1.750000	 Thermalizing iterations... 
Done.
Thermalized Magnetisation = (0.080583,0.196099), Energy = -0.820151 
Averaging iterations... h=0.062500,0.000000
Done.
Final: Magnetisation = (0.168075,-0.171611), Energy = -0.849969 
<M> = (0.040818,0.003936), <E> = -0.851267 

T=1.700000	 Thermalizing iterations... 
Done.
Thermalized Magnetisation = (0.264180,-0.061944), Energy = -1.053689 
Averaging iterations... h=0.062500,0.000000
Done.
Final: Magnetisation = (-0.065410,-0.051261), Energy = -0.863289 
<M> = (0.045321,-0.003506), <E> = -0.874749 

T=1.650000	 Thermalizing iterations... 
Done.
Thermalized Magnetisation = (-0.028686,0.072235), Energy = -0.878102 
Averaging iterations... h=0.062500,0.000000
Done.
Final: Magnetisation = (-0.062803,-0.029090), Energy = -0.738493 
<M> = (0.044984,0.000645), <E> = -0.897092 

T=1.600000	 Thermalizing iterations... 
Done.
Thermalized Magnetisation = (0.218305,0.067969), Energy = -0.883811 
Averaging iterations... h=0.062500,0.000000
Done.
Final: Magnetisation = (0.027071,0.052156), Energy = -0.743608 
<M> = (0.057286,0.000693), <E> = -0.921500 

T=1.550000	 Thermalizing iterations... 
Done.
Thermalized Magnetisation = (0.122367,-0.205164), Energy = -0.886919 
Averaging iterations... h=0.062500,0.000000
Done.
Final: Magnetisation = (0.066709,0.266062), Energy = -0.966900 
<M> = (0.052933,0.002228), <E> = -0.948448 

T=1.500000	 Thermalizing iterations... 
Done.
Thermalized Magnetisation = (-0.028758,0.074534), Energy = -0.944613 
Averaging iterations... h=0.062500,0.000000
Done.
Final: Magnetisation = (0.046735,0.000828), Energy = -0.913174 
<M> = (0.067476,0.005496), <E> = -0.980730 

T=1.450000	 Thermalizing iterations... 
Done.
Thermalized Magnetisation = (-0.021304,0.358634), Energy = -1.208893 
Averaging iterations... h=0.062500,0.000000
Done.
Final: Magnetisation = (0.282664,-0.215324), Energy = -1.168846 
<M> = (0.068369,-0.000678), <E> = -1.010695 

T=1.400000	 Thermalizing iterations... 
Done.
Thermalized Magnetisation = (0.372570,-0.117938), Energy = -1.205312 
Averaging iterations... h=0.062500,0.000000
Done.
Final: Magnetisation = (0.145584,-0.241102), Energy = -1.026265 
<M> = (0.075570,0.007371), <E> = -1.042909 

T=1.350000	 Thermalizing iterations... 
Done.
Thermalized Magnetisation = (0.328253,0.192618), Energy = -1.103911 
Averaging iterations... h=0.062500,0.000000
Done.
Final: Magnetisation = (0.051008,0.076569), Energy = -1.071693 
<M> = (0.086488,0.002042), <E> = -1.076212 

T=1.300000	 Thermalizing iterations... 
Done.
Thermalized Magnetisation = (-0.057343,0.073925), Energy = -1.112354 
Averaging iterations... h=0.062500,0.000000
Done.
Final: Magnetisation = (0.132138,0.013384), Energy = -1.060579 
<M> = (0.092908,-0.005410), <E> = -1.111559 

T=1.250000	 Thermalizing iterations... 
Done.
Thermalized Magnetisation = (0.370540,-0.050403), Energy = -1.168345 
Averaging iterations... h=0.062500,0.000000
Done.
Final: Magnetisation = (0.244343,-0.053669), Energy = -1.155813 
<M> = (0.108637,-0.003524), <E> = -1.150298 

T=1.200000	 Thermalizing iterations... 
Done.
Thermalized Magnetisation = (0.247316,-0.099103), Energy = -1.253406 
Averaging iterations... h=0.062500,0.000000
Done.
Final: Magnetisation = (-0.260146,-0.202972), Energy = -1.244378 
<M> = (0.129208,0.001730), <E> = -1.190069 

T=1.150000	 Thermalizing iterations... 
Done.
Thermalized Magnetisation = (0.321653,0.191379), Energy = -1.253718 
Averaging iterations... h=0.062500,0.000000
Done.
Final: Magnetisation = (0.208535,0.255211), Energy = -1.151447 
<M> = (0.139665,0.009528), <E> = -1.227820 

T=1.100000	 Thermalizing iterations... 
Done.
Thermalized Magnetisation = (0.124617,-0.417529), Energy = -1.245026 
Averaging iterations... h=0.062500,0.000000
Done.
Final: Magnetisation = (0.143393,0.259860), Energy = -1.212068 
<M> = (0.169352,0.010950), <E> = -1.276868 

T=1.050000	 Thermalizing iterations... 
Done.
Thermalized Magnetisation = (0.299995,0.255198), Energy = -1.359605 
Averaging iterations... h=0.062500,0.000000
Done.
Final: Magnetisation = (0.220610,-0.290366), Energy = -1.332519 
<M> = (0.194332,0.001004), <E> = -1.322689 

T=1.000000	 Thermalizing iterations... 
Done.
Thermalized Magnetisation = (0.324009,0.068943), Energy = -1.407138 
Averaging iterations... h=0.062500,0.000000
Done.
Final: Magnetisation = (0.471913,0.361281), Energy = -1.402870 
<M> = (0.206215,0.013290), <E> = -1.367936 

T=0.950000	 Thermalizing iterations... 
Done.
Thermalized Magnetisation = (0.653413,-0.224283), Energy = -1.567432 
Averaging iterations... h=0.062500,0.000000
Done.
Final: Magnetisation = (0.447573,0.298195), Energy = -1.503297 
<M> = (0.234364,-0.003683), <E> = -1.417599 

T=0.900000	 Thermalizing iterations... 
Done.
Thermalized Magnetisation = (0.433986,-0.056076), Energy = -1.494269 
Averaging iterations... h=0.062500,0.000000
Done.
Final: Magnetisation = (0.067782,0.264240), Energy = -1.447074 
<M> = (0.285119,0.013444), <E> = -1.469236 

T=0.850000	 Thermalizing iterations... 
Done.
Thermalized Magnetisation = (0.519187,0.444907), Energy = -1.519880 
Averaging iterations... h=0.062500,0.000000
Done.
Final: Magnetisation = (0.359806,-0.138022), Energy = -1.485875 
<M> = (0.340587,0.067201), <E> = -1.512748 

T=0.800000	 Thermalizing iterations... 
Done.
Thermalized Magnetisation = (0.430394,0.001875), Energy = -1.599700 
Averaging iterations... h=0.062500,0.000000
Done.
Final: Magnetisation = (0.202255,0.091247), Energy = -1.562701 
<M> = (0.341244,-0.021977), <E> = -1.564651 

T=0.750000	 Thermalizing iterations... 
Done.
Thermalized Magnetisation = (0.408751,-0.007264), Energy = -1.530032 
Averaging iterations... h=0.062500,0.000000
Done.
Final: Magnetisation = (0.408900,-0.095156), Energy = -1.584040 
<M> = (0.394156,-0.066779), <E> = -1.604945 

T=0.700000	 Thermalizing iterations... 
Done.
Thermalized Magnetisation = (0.229073,-0.544787), Energy = -1.667766 
Averaging iterations... h=0.062500,0.000000
Done.
Final: Magnetisation = (0.629725,0.130095), Energy = -1.713480 
<M> = (0.377427,0.201767), <E> = -1.649556 

T=0.650000	 Thermalizing iterations... 
Done.
Thermalized Magnetisation = (0.274210,-0.674981), Energy = -1.734576 
Averaging iterations... h=0.062500,0.000000
Done.
Final: Magnetisation = (0.555362,0.429297), Energy = -1.673525 
<M> = (0.439186,-0.206809), <E> = -1.688649 

T=0.600000	 Thermalizing iterations... 
Done.
Thermalized Magnetisation = (0.760110,-0.120010), Energy = -1.735916 
Averaging iterations... h=0.062500,0.000000
Done.
Final: Magnetisation = (0.546761,-0.537088), Energy = -1.800728 
<M> = (0.416915,-0.503326), <E> = -1.726351 

T=0.550000	 Thermalizing iterations... 
Done.
Thermalized Magnetisation = (0.338123,-0.637757), Energy = -1.748560 
Averaging iterations... h=0.062500,0.000000
Done.
Final: Magnetisation = (0.516283,-0.596748), Energy = -1.752666 
<M> = (0.421418,-0.546247), <E> = -1.759036 

T=0.500000	 Thermalizing iterations... 
Done.
Thermalized Magnetisation = (0.675906,-0.446113), Energy = -1.821416 
Averaging iterations... h=0.062500,0.000000
Done.
Final: Magnetisation = (0.615561,-0.381923), Energy = -1.792984 
<M> = (0.392343,-0.599587), <E> = -1.789519 

T=0.450000	 Thermalizing iterations... 
Done.
Thermalized Magnetisation = (0.434625,-0.542446), Energy = -1.825982 
Averaging iterations... h=0.062500,0.000000
Done.
Final: Magnetisation = (0.412413,-0.619790), Energy = -1.807075 
<M> = (0.361201,-0.656338), <E> = -1.820557 

T=0.400000	 Thermalizing iterations... 
Done.
Thermalized Magnetisation = (0.327590,-0.660478), Energy = -1.840039 
Averaging iterations... h=0.062500,0.000000
Done.
Final: Magnetisation = (0.302837,-0.680052), Energy = -1.850741 
<M> = (0.350182,-0.697332), <E> = -1.849713 

T=0.350000	 Thermalizing iterations... 
Done.
Thermalized Magnetisation = (0.380644,-0.737182), Energy = -1.878374 
Averaging iterations... h=0.062500,0.000000
Done.
Final: Magnetisation = (0.341272,-0.718871), Energy = -1.879411 
<M> = (0.379968,-0.699502), <E> = -1.878368 

T=0.300000	 Thermalizing iterations... 
Done.
Thermalized Magnetisation = (0.408726,-0.744252), Energy = -1.892146 
Averaging iterations... h=0.062500,0.000000
Done.
Final: Magnetisation = (0.255040,-0.750428), Energy = -1.905777 
<M> = (0.385900,-0.716911), <E> = -1.905898 

T=0.250000	 Thermalizing iterations... 
Done.
Thermalized Magnetisation = (0.356505,-0.753187), Energy = -1.929451 
Averaging iterations... h=0.062500,0.000000
Done.
Final: Magnetisation = (0.434108,-0.718835), Energy = -1.926262 
<M> = (0.358148,-0.757108), <E> = -1.933325 

T=0.200000	 Thermalizing iterations... 
Done.
Thermalized Magnetisation = (0.332558,-0.794333), Energy = -1.946879 
Averaging iterations... h=0.062500,0.000000
Done.
Final: Magnetisation = (0.587436,-0.680329), Energy = -1.964376 
<M> = (0.350367,-0.782824), <E> = -1.959826 

T=0.150000	 Thermalizing iterations... 
Done.
Thermalized Magnetisation = (0.370614,-0.819286), Energy = -1.980824 
Averaging iterations... h=0.062500,0.000000
Done.
Final: Magnetisation = (0.381949,-0.791536), Energy = -1.984543 
<M> = (0.377807,-0.782835), <E> = -1.986163 

T=0.100000	 Thermalizing iterations... 
Done.
Thermalized Magnetisation = (0.400136,-0.807221), Energy = -2.011259 
Averaging iterations... h=0.062500,0.000000
Done.
Final: Magnetisation = (0.440845,-0.767489), Energy = -2.013585 
<M> = (0.352474,-0.815035), <E> = -2.012315 

T=0.050000	 Thermalizing iterations... 
Done.
Thermalized Magnetisation = (0.374828,-0.825776), Energy = -2.038205 
Averaging iterations... h=0.062500,0.000000
Done.
Final: Magnetisation = (0.307781,-0.832071), Energy = -2.040653 
<M> = (0.361835,-0.824446), <E> = -2.037770 
Final Magnetisation = (0.307781,-0.832071), Energy = -2.040653 
------------------------

Updating all (first)black/(then)white checkerboard sites simultaneously.. 

ztne RFXY h rotating with |h|=0.062500 at T=0.000000..
loop 1

loop 2

Cooling protocol time (from T=2.000000 to T=0.000000) = 218.927881 

CPU Time elapsed total = 218.939923 
All done - 220 seconds elapsed.
