nearest neighbor initialized. 
J loaded. 
h loaded. 
L = 32, dim_L = 2, dim_S = 2
hysteresis_MCS_multiplier = 10, hysteresis_MCS_max = 100
RAND_MAX = 2147483647.000000,
 sizeof(int) = 4,
 sizeof(long) = 8,
 sizeof(double) = 8,
 sizeof(long int) = 8,
 sizeof(short int) = 2,
 sizeof(unsigned int) = 4,
 sizeof(RAND_MAX) = 4

OpenMP Active.

No. of THREADS = 24
No. of PROCESSORS = 24

0.136752,0.082774
order = ({1.000000-->-1.000000,0.000000}, 0, 1)
Initial Magnetisation = (0.136752,0.082774), Energy = -0.017876 
Cooling... 
T=2.000000	 Thermalizing iterations... 
Done.
Thermalized Magnetisation = (0.035417,-0.219033), Energy = -0.509310 
Averaging iterations... h=0.071429,0.000000
Done.
Final: Magnetisation = (0.029820,-0.056986), Energy = -0.917522 
<M> = (0.059044,0.001647), <E> = -0.750851 

T=1.950000	 Thermalizing iterations... 
Done.
Thermalized Magnetisation = (-0.191632,0.089708), Energy = -0.807373 
Averaging iterations... h=0.071429,0.000000
Done.
Final: Magnetisation = (0.153351,0.133532), Energy = -0.895856 
<M> = (0.059527,0.002923), <E> = -0.768373 

T=1.900000	 Thermalizing iterations... 
Done.
Thermalized Magnetisation = (-0.049425,-0.103165), Energy = -0.737042 
Averaging iterations... h=0.071429,0.000000
Done.
Final: Magnetisation = (0.014426,-0.064633), Energy = -0.799352 
<M> = (0.064493,0.006682), <E> = -0.794827 

T=1.850000	 Thermalizing iterations... 
Done.
Thermalized Magnetisation = (0.030250,0.077270), Energy = -0.768525 
Averaging iterations... h=0.071429,0.000000
Done.
Final: Magnetisation = (-0.181835,0.154802), Energy = -0.637548 
<M> = (0.072361,0.001754), <E> = -0.809072 

T=1.800000	 Thermalizing iterations... 
Done.
Thermalized Magnetisation = (-0.089637,-0.032012), Energy = -0.652224 
Averaging iterations... h=0.071429,0.000000
Done.
Final: Magnetisation = (-0.284987,0.087148), Energy = -0.822614 
<M> = (0.072702,0.006145), <E> = -0.829171 

T=1.750000	 Thermalizing iterations... 
Done.
Thermalized Magnetisation = (0.063825,0.032575), Energy = -0.919202 
Averaging iterations... h=0.071429,0.000000
Done.
Final: Magnetisation = (-0.018913,-0.108898), Energy = -0.767101 
<M> = (0.076013,0.003787), <E> = -0.851278 

T=1.700000	 Thermalizing iterations... 
Done.
Thermalized Magnetisation = (0.053477,0.177829), Energy = -0.960627 
Averaging iterations... h=0.071429,0.000000
Done.
Final: Magnetisation = (0.067176,0.042419), Energy = -0.860864 
<M> = (0.084357,0.001102), <E> = -0.877529 

T=1.650000	 Thermalizing iterations... 
Done.
Thermalized Magnetisation = (0.122912,-0.099776), Energy = -0.884419 
Averaging iterations... h=0.071429,0.000000
Done.
Final: Magnetisation = (0.272648,-0.048449), Energy = -0.879406 
<M> = (0.090819,0.001035), <E> = -0.901282 

T=1.600000	 Thermalizing iterations... 
Done.
Thermalized Magnetisation = (0.173764,-0.484126), Energy = -1.101186 
Averaging iterations... h=0.071429,0.000000
Done.
Final: Magnetisation = (0.331765,0.077735), Energy = -0.802342 
<M> = (0.100974,-0.000660), <E> = -0.928661 

T=1.550000	 Thermalizing iterations... 
Done.
Thermalized Magnetisation = (0.111264,-0.268333), Energy = -0.968303 
Averaging iterations... h=0.071429,0.000000
Done.
Final: Magnetisation = (-0.015477,-0.170712), Energy = -1.070165 
<M> = (0.105617,0.002241), <E> = -0.958374 

T=1.500000	 Thermalizing iterations... 
Done.
Thermalized Magnetisation = (-0.003128,0.225267), Energy = -0.851546 
Averaging iterations... h=0.071429,0.000000
Done.
Final: Magnetisation = (0.214753,-0.273063), Energy = -1.016642 
<M> = (0.125895,0.010639), <E> = -0.986463 

T=1.450000	 Thermalizing iterations... 
Done.
Thermalized Magnetisation = (0.016857,-0.002049), Energy = -0.858422 
Averaging iterations... h=0.071429,0.000000
Done.
Final: Magnetisation = (0.049546,-0.075366), Energy = -1.117196 
<M> = (0.132104,0.002080), <E> = -1.018309 

T=1.400000	 Thermalizing iterations... 
Done.
Thermalized Magnetisation = (0.240393,0.066079), Energy = -0.971530 
Averaging iterations... h=0.071429,0.000000
Done.
Final: Magnetisation = (0.296477,-0.230372), Energy = -0.962450 
<M> = (0.145964,0.010060), <E> = -1.053626 

T=1.350000	 Thermalizing iterations... 
Done.
Thermalized Magnetisation = (-0.112073,0.082278), Energy = -0.872346 
Averaging iterations... h=0.071429,0.000000
Done.
Final: Magnetisation = (0.184070,0.180881), Energy = -1.062610 
<M> = (0.166058,-0.000893), <E> = -1.089839 

T=1.300000	 Thermalizing iterations... 
Done.
Thermalized Magnetisation = (0.382586,0.263686), Energy = -1.063498 
Averaging iterations... h=0.071429,0.000000
Done.
Final: Magnetisation = (0.057178,-0.049816), Energy = -1.027411 
<M> = (0.173626,0.007948), <E> = -1.127336 

T=1.250000	 Thermalizing iterations... 
Done.
Thermalized Magnetisation = (0.291722,-0.179434), Energy = -1.224916 
Averaging iterations... h=0.071429,0.000000
Done.
Final: Magnetisation = (0.190197,-0.107764), Energy = -1.070754 
<M> = (0.208038,0.001861), <E> = -1.169523 

T=1.200000	 Thermalizing iterations... 
Done.
Thermalized Magnetisation = (0.218341,0.021062), Energy = -1.162591 
Averaging iterations... h=0.071429,0.000000
Done.
Final: Magnetisation = (0.399918,0.019472), Energy = -1.185017 
<M> = (0.224288,-0.000424), <E> = -1.212506 

T=1.150000	 Thermalizing iterations... 
Done.
Thermalized Magnetisation = (0.418977,0.172895), Energy = -1.266796 
Averaging iterations... h=0.071429,0.000000
Done.
Final: Magnetisation = (0.330687,-0.143804), Energy = -1.251722 
<M> = (0.266455,-0.001808), <E> = -1.255027 

T=1.100000	 Thermalizing iterations... 
Done.
Thermalized Magnetisation = (0.215685,-0.130444), Energy = -1.247550 
Averaging iterations... h=0.071429,0.000000
Done.
Final: Magnetisation = (0.346242,-0.006265), Energy = -1.353443 
<M> = (0.292383,-0.001159), <E> = -1.307334 

T=1.050000	 Thermalizing iterations... 
Done.
Thermalized Magnetisation = (0.497461,0.031955), Energy = -1.334215 
Averaging iterations... h=0.071429,0.000000
Done.
Final: Magnetisation = (0.620937,-0.056244), Energy = -1.424667 
<M> = (0.333895,0.017812), <E> = -1.353349 

T=1.000000	 Thermalizing iterations... 
Done.
Thermalized Magnetisation = (0.359793,0.089048), Energy = -1.345800 
Averaging iterations... h=0.071429,0.000000
Done.
Final: Magnetisation = (0.442229,-0.024338), Energy = -1.373553 
<M> = (0.357804,-0.006292), <E> = -1.401405 

T=0.950000	 Thermalizing iterations... 
Done.
Thermalized Magnetisation = (0.512697,0.086373), Energy = -1.565071 
Averaging iterations... h=0.071429,0.000000
Done.
Final: Magnetisation = (0.462966,0.148973), Energy = -1.477356 
<M> = (0.398908,0.003295), <E> = -1.454052 

T=0.900000	 Thermalizing iterations... 
Done.
Thermalized Magnetisation = (0.591131,-0.019293), Energy = -1.594852 
Averaging iterations... h=0.071429,0.000000
Done.
Final: Magnetisation = (0.351365,0.320477), Energy = -1.541725 
<M> = (0.460283,-0.001905), <E> = -1.505175 

T=0.850000	 Thermalizing iterations... 
Done.
Thermalized Magnetisation = (0.622219,0.038100), Energy = -1.530516 
Averaging iterations... h=0.071429,0.000000
Done.
Final: Magnetisation = (0.583967,0.152430), Energy = -1.586083 
<M> = (0.504478,-0.022356), <E> = -1.548799 

T=0.800000	 Thermalizing iterations... 
Done.
Thermalized Magnetisation = (0.501902,-0.237169), Energy = -1.524701 
Averaging iterations... h=0.071429,0.000000
Done.
Final: Magnetisation = (0.547316,-0.393321), Energy = -1.627837 
<M> = (0.533314,0.013616), <E> = -1.596487 

T=0.750000	 Thermalizing iterations... 
Done.
Thermalized Magnetisation = (0.456637,0.008585), Energy = -1.576358 
Averaging iterations... h=0.071429,0.000000
Done.
Final: Magnetisation = (0.475045,-0.297356), Energy = -1.568363 
<M> = (0.574921,-0.034062), <E> = -1.636592 

T=0.700000	 Thermalizing iterations... 
Done.
Thermalized Magnetisation = (0.499680,0.492325), Energy = -1.740035 
Averaging iterations... h=0.071429,0.000000
Done.
Final: Magnetisation = (0.593449,-0.212639), Energy = -1.638895 
<M> = (0.584093,0.063909), <E> = -1.673401 

T=0.650000	 Thermalizing iterations... 
Done.
Thermalized Magnetisation = (0.482071,0.307719), Energy = -1.687948 
Averaging iterations... h=0.071429,0.000000
Done.
Final: Magnetisation = (0.674601,0.026768), Energy = -1.725171 
<M> = (0.619309,-0.132396), <E> = -1.712661 

T=0.600000	 Thermalizing iterations... 
Done.
Thermalized Magnetisation = (0.576032,-0.102382), Energy = -1.733668 
Averaging iterations... h=0.071429,0.000000
Done.
Final: Magnetisation = (0.735161,0.237050), Energy = -1.746032 
<M> = (0.655167,-0.010802), <E> = -1.745727 

T=0.550000	 Thermalizing iterations... 
Done.
Thermalized Magnetisation = (0.659824,0.513154), Energy = -1.779586 
Averaging iterations... h=0.071429,0.000000
Done.
Final: Magnetisation = (0.606113,0.355371), Energy = -1.723419 
<M> = (0.653528,0.215499), <E> = -1.777974 

T=0.500000	 Thermalizing iterations... 
Done.
Thermalized Magnetisation = (0.673258,-0.467956), Energy = -1.818246 
Averaging iterations... h=0.071429,0.000000
Done.
Final: Magnetisation = (0.601593,-0.557288), Energy = -1.798580 
<M> = (0.668523,-0.136552), <E> = -1.806230 

T=0.450000	 Thermalizing iterations... 
Done.
Thermalized Magnetisation = (0.612784,0.485334), Energy = -1.813159 
Averaging iterations... h=0.071429,0.000000
Done.
Final: Magnetisation = (0.766870,0.217869), Energy = -1.832350 
<M> = (0.690627,0.038073), <E> = -1.836735 

T=0.400000	 Thermalizing iterations... 
Done.
Thermalized Magnetisation = (0.684999,-0.349470), Energy = -1.805107 
Averaging iterations... h=0.071429,0.000000
Done.
Final: Magnetisation = (0.691670,-0.407802), Energy = -1.869296 
<M> = (0.663985,-0.387185), <E> = -1.864613 

T=0.350000	 Thermalizing iterations... 
Done.
Thermalized Magnetisation = (0.613455,0.430821), Energy = -1.899875 
Averaging iterations... h=0.071429,0.000000
Done.
Final: Magnetisation = (0.589737,-0.541624), Energy = -1.885294 
<M> = (0.667471,0.059930), <E> = -1.894906 

T=0.300000	 Thermalizing iterations... 
Done.
Thermalized Magnetisation = (0.672454,0.503998), Energy = -1.949411 
Averaging iterations... h=0.071429,0.000000
Done.
Final: Magnetisation = (0.711158,0.402607), Energy = -1.928440 
<M> = (0.670901,0.453465), <E> = -1.922126 

T=0.250000	 Thermalizing iterations... 
Done.
Thermalized Magnetisation = (0.786282,0.431745), Energy = -1.944553 
Averaging iterations... h=0.071429,0.000000
Done.
Final: Magnetisation = (0.702368,0.460313), Energy = -1.954937 
<M> = (0.684079,0.474773), <E> = -1.948531 

T=0.200000	 Thermalizing iterations... 
Done.
Thermalized Magnetisation = (0.777727,0.470827), Energy = -1.985782 
Averaging iterations... h=0.071429,0.000000
Done.
Final: Magnetisation = (0.687899,0.419321), Energy = -1.981748 
<M> = (0.660820,0.548426), <E> = -1.976060 

T=0.150000	 Thermalizing iterations... 
Done.
Thermalized Magnetisation = (0.693388,0.464697), Energy = -2.004003 
Averaging iterations... h=0.071429,0.000000
Done.
Final: Magnetisation = (0.633560,0.632525), Energy = -2.004910 
<M> = (0.676241,0.559166), <E> = -2.002634 

T=0.100000	 Thermalizing iterations... 
Done.
Thermalized Magnetisation = (0.663584,0.623986), Energy = -2.036603 
Averaging iterations... h=0.071429,0.000000
Done.
Final: Magnetisation = (0.717751,0.538189), Energy = -2.031185 
<M> = (0.676768,0.580801), <E> = -2.028514 

T=0.050000	 Thermalizing iterations... 
Done.
Thermalized Magnetisation = (0.653165,0.605837), Energy = -2.052125 
Averaging iterations... h=0.071429,0.000000
Done.
Final: Magnetisation = (0.690247,0.566611), Energy = -2.053925 
<M> = (0.674309,0.601402), <E> = -2.054026 
Final Magnetisation = (0.690247,0.566611), Energy = -2.053925 
------------------------

Updating all (first)black/(then)white checkerboard sites simultaneously.. 

ztne RFXY h rotating with |h|=0.071429 at T=0.000000..
loop 1

loop 2

Cooling protocol time (from T=2.000000 to T=0.000000) = 188.663761 

CPU Time elapsed total = 188.733105 
All done - 189 seconds elapsed.
