+ cd /home/sbasak/Exercises/OpenMP/XY_code/Z2/rotating_field/trial/config/config_93
+ export OMP_NUM_THREADS=28
+ OMP_NUM_THREADS=28
+ ./a_2.out
nearest neighbor initialized. 
h loaded. 
J loaded. 
L = 128, dim_L = 2, dim_S = 2
hysteresis_MCS_multiplier = 10, hysteresis_MCS_max = 100
RAND_MAX = 2147483647.000000,
 sizeof(int) = 4,
 sizeof(long) = 8,
 sizeof(double) = 8,
 sizeof(long int) = 8,
 sizeof(short int) = 2,
 sizeof(unsigned int) = 4,
 sizeof(RAND_MAX) = 4
No. of THREADS = 28
No. of PROCESSORS = 28

0.059851,0.021640
order = ({1.000000-->-1.000000,0.000000}, 0, 1)
Initial Magnetisation = (0.059851,0.021640), Energy = 0.009862 
Cooling... 
T=2.000000	 Thermalizing iterations... 
Done.
Thermalized Magnetisation = (0.207628,-0.003473), Energy = -0.677067 
Averaging iterations... h=0.250000,0.000000
Done.
Final: Magnetisation = (0.219112,-0.059873), Energy = -0.682660 
<M> = (0.220280,0.000026), <E> = -0.708385 

T=1.990000	 Thermalizing iterations... 
Done.
Thermalized Magnetisation = (0.172002,0.038802), Energy = -0.704760 
Averaging iterations... h=0.250000,0.000000
Done.
Final: Magnetisation = (0.215266,0.000286), Energy = -0.734786 
<M> = (0.224462,-0.001425), <E> = -0.714855 

T=1.980000	 Thermalizing iterations... 
Done.
Thermalized Magnetisation = (0.221517,-0.005248), Energy = -0.724805 
Averaging iterations... h=0.250000,0.000000
Done.
Final: Magnetisation = (0.237557,-0.004686), Energy = -0.708489 
<M> = (0.226671,-0.000822), <E> = -0.720402 

T=1.970000	 Thermalizing iterations... 
Done.
Thermalized Magnetisation = (0.240854,0.036778), Energy = -0.736770 
Averaging iterations... h=0.250000,0.000000
Done.
Final: Magnetisation = (0.227371,-0.055461), Energy = -0.707593 
<M> = (0.229903,-0.002321), <E> = -0.726151 

T=1.960000	 Thermalizing iterations... 
Done.
Thermalized Magnetisation = (0.231177,-0.029752), Energy = -0.759191 
Averaging iterations... h=0.250000,0.000000
Done.
Final: Magnetisation = (0.239630,0.014092), Energy = -0.742843 
<M> = (0.232839,-0.001081), <E> = -0.731250 

T=1.950000	 Thermalizing iterations... 
Done.
Thermalized Magnetisation = (0.246130,0.013400), Energy = -0.725608 
Averaging iterations... h=0.250000,0.000000
Done.
Final: Magnetisation = (0.285598,-0.007798), Energy = -0.767908 
<M> = (0.235766,-0.000284), <E> = -0.736063 

T=1.940000	 Thermalizing iterations... 
Done.
Thermalized Magnetisation = (0.293045,-0.000609), Energy = -0.778970 
Averaging iterations... h=0.250000,0.000000
Done.
Final: Magnetisation = (0.262116,0.019040), Energy = -0.745614 
<M> = (0.237780,-0.000068), <E> = -0.740363 

T=1.930000	 Thermalizing iterations... 
Done.
Thermalized Magnetisation = (0.256740,0.007268), Energy = -0.771641 
Averaging iterations... h=0.250000,0.000000
Done.
Final: Magnetisation = (0.171683,0.021290), Energy = -0.682091 
<M> = (0.239934,0.000169), <E> = -0.744902 

T=1.920000	 Thermalizing iterations... 
Done.
Thermalized Magnetisation = (0.231467,0.029766), Energy = -0.759341 
Averaging iterations... h=0.250000,0.000000
Done.
Final: Magnetisation = (0.237128,-0.038585), Energy = -0.733958 
<M> = (0.243681,-0.001270), <E> = -0.751537 

T=1.910000	 Thermalizing iterations... 
Done.
Thermalized Magnetisation = (0.203250,0.006183), Energy = -0.712238 
Averaging iterations... h=0.250000,0.000000
Done.
Final: Magnetisation = (0.227284,-0.035097), Energy = -0.774809 
<M> = (0.247653,-0.000836), <E> = -0.758279 

T=1.900000	 Thermalizing iterations... 
Done.
Thermalized Magnetisation = (0.290833,0.084762), Energy = -0.786962 
Averaging iterations... h=0.250000,0.000000
Done.
Final: Magnetisation = (0.203583,-0.007651), Energy = -0.725498 
<M> = (0.251109,-0.002981), <E> = -0.764206 

T=1.890000	 Thermalizing iterations... 
Done.
Thermalized Magnetisation = (0.197550,0.001021), Energy = -0.743338 
Averaging iterations... h=0.250000,0.000000
Done.
Final: Magnetisation = (0.226052,0.005254), Energy = -0.741681 
<M> = (0.254179,-0.001698), <E> = -0.770260 

T=1.880000	 Thermalizing iterations... 
Done.
Thermalized Magnetisation = (0.272036,-0.030442), Energy = -0.800190 
Averaging iterations... h=0.250000,0.000000
Done.
Final: Magnetisation = (0.193181,0.013905), Energy = -0.754006 
<M> = (0.257576,-0.001356), <E> = -0.776244 

T=1.870000	 Thermalizing iterations... 
Done.
Thermalized Magnetisation = (0.256676,0.006921), Energy = -0.755428 
Averaging iterations... h=0.250000,0.000000
Done.
Final: Magnetisation = (0.269162,0.019805), Energy = -0.780918 
<M> = (0.260678,0.001725), <E> = -0.781392 

T=1.860000	 Thermalizing iterations... 
Done.
Thermalized Magnetisation = (0.228305,0.034388), Energy = -0.745156 
Averaging iterations... h=0.250000,0.000000
Done.
Final: Magnetisation = (0.292374,-0.047136), Energy = -0.764127 
<M> = (0.263520,-0.000237), <E> = -0.786962 

T=1.850000	 Thermalizing iterations... 
Done.
Thermalized Magnetisation = (0.257752,0.083834), Energy = -0.789717 
Averaging iterations... h=0.250000,0.000000
Done.
Final: Magnetisation = (0.300180,-0.000873), Energy = -0.838160 
<M> = (0.266954,-0.000699), <E> = -0.793089 

T=1.840000	 Thermalizing iterations... 
Done.
Thermalized Magnetisation = (0.271590,0.027937), Energy = -0.792945 
Averaging iterations... h=0.250000,0.000000
Done.
Final: Magnetisation = (0.303857,-0.016895), Energy = -0.841361 
<M> = (0.272006,-0.001467), <E> = -0.800858 

T=1.830000	 Thermalizing iterations... 
Done.
Thermalized Magnetisation = (0.305702,-0.009772), Energy = -0.802012 
Averaging iterations... h=0.250000,0.000000
Done.
Final: Magnetisation = (0.284813,0.024290), Energy = -0.792778 
<M> = (0.275074,-0.002952), <E> = -0.807103 

T=1.820000	 Thermalizing iterations... 
Done.
Thermalized Magnetisation = (0.274091,0.034086), Energy = -0.806637 
Averaging iterations... h=0.250000,0.000000
Done.
Final: Magnetisation = (0.280550,-0.018561), Energy = -0.788260 
<M> = (0.279023,-0.001636), <E> = -0.814636 

T=1.810000	 Thermalizing iterations... 
Done.
Thermalized Magnetisation = (0.282055,0.016306), Energy = -0.815592 
Averaging iterations... h=0.250000,0.000000
Done.
Final: Magnetisation = (0.279893,0.050687), Energy = -0.792451 
<M> = (0.284863,-0.000793), <E> = -0.821897 

T=1.800000	 Thermalizing iterations... 
Done.
Thermalized Magnetisation = (0.246728,0.013856), Energy = -0.784367 
Averaging iterations... h=0.250000,0.000000
Done.
Final: Magnetisation = (0.292762,0.032034), Energy = -0.852573 
<M> = (0.287757,-0.000379), <E> = -0.827496 

T=1.790000	 Thermalizing iterations... 
Done.
Thermalized Magnetisation = (0.297788,-0.032042), Energy = -0.819493 
Averaging iterations... h=0.250000,0.000000
Done.
Final: Magnetisation = (0.247490,-0.074158), Energy = -0.784211 
<M> = (0.290509,0.000228), <E> = -0.833786 

T=1.780000	 Thermalizing iterations... 
Done.
Thermalized Magnetisation = (0.302587,-0.004870), Energy = -0.842771 
Averaging iterations... h=0.250000,0.000000
Done.
Final: Magnetisation = (0.303762,0.002910), Energy = -0.831491 
<M> = (0.294170,-0.000023), <E> = -0.839886 

T=1.770000	 Thermalizing iterations... 
Done.
Thermalized Magnetisation = (0.297528,0.038148), Energy = -0.848761 
Averaging iterations... h=0.250000,0.000000
Done.
Final: Magnetisation = (0.282805,0.072454), Energy = -0.837384 
<M> = (0.298774,-0.002531), <E> = -0.847950 

T=1.760000	 Thermalizing iterations... 
Done.
Thermalized Magnetisation = (0.315155,0.014472), Energy = -0.886930 
Averaging iterations... h=0.250000,0.000000
Done.
Final: Magnetisation = (0.353714,-0.033941), Energy = -0.876054 
<M> = (0.303497,-0.000874), <E> = -0.855779 

T=1.750000	 Thermalizing iterations... 
Done.
Thermalized Magnetisation = (0.298400,-0.001531), Energy = -0.834345 
Averaging iterations... h=0.250000,0.000000
Done.
Final: Magnetisation = (0.360695,-0.010234), Energy = -0.869279 
<M> = (0.307063,-0.003125), <E> = -0.862696 

T=1.740000	 Thermalizing iterations... 
Done.
Thermalized Magnetisation = (0.331240,0.015655), Energy = -0.863538 
Averaging iterations... h=0.250000,0.000000
Done.
Final: Magnetisation = (0.313710,-0.016095), Energy = -0.861979 
<M> = (0.311852,-0.002537), <E> = -0.870605 

T=1.730000	 Thermalizing iterations... 
Done.
Thermalized Magnetisation = (0.348280,-0.041742), Energy = -0.919474 
Averaging iterations... h=0.250000,0.000000
Done.
Final: Magnetisation = (0.291050,-0.042259), Energy = -0.871141 
<M> = (0.317015,-0.001185), <E> = -0.878809 

T=1.720000	 Thermalizing iterations... 
Done.
Thermalized Magnetisation = (0.320412,-0.034169), Energy = -0.893583 
Averaging iterations... h=0.250000,0.000000
Done.
Final: Magnetisation = (0.331070,0.043833), Energy = -0.909713 
<M> = (0.320057,0.000410), <E> = -0.884468 

T=1.710000	 Thermalizing iterations... 
Done.
Thermalized Magnetisation = (0.345806,-0.038181), Energy = -0.942869 
Averaging iterations... h=0.250000,0.000000
Done.
Final: Magnetisation = (0.365679,-0.008371), Energy = -0.933624 
<M> = (0.324542,-0.000155), <E> = -0.892186 

T=1.700000	 Thermalizing iterations... 
Done.
Thermalized Magnetisation = (0.373652,0.042827), Energy = -0.942018 
Averaging iterations... h=0.250000,0.000000
Done.
Final: Magnetisation = (0.360637,0.035426), Energy = -0.925040 
<M> = (0.330259,-0.000494), <E> = -0.900993 

T=1.690000	 Thermalizing iterations... 
Done.
Thermalized Magnetisation = (0.279526,0.010408), Energy = -0.905579 
Averaging iterations... h=0.250000,0.000000
Done.
Final: Magnetisation = (0.343191,-0.056195), Energy = -0.903933 
<M> = (0.335001,-0.001074), <E> = -0.909149 

T=1.680000	 Thermalizing iterations... 
Done.
Thermalized Magnetisation = (0.303724,-0.001564), Energy = -0.888954 
Averaging iterations... h=0.250000,0.000000
Done.
Final: Magnetisation = (0.319167,-0.086067), Energy = -0.901115 
<M> = (0.339405,-0.003400), <E> = -0.917982 

T=1.670000	 Thermalizing iterations... 
Done.
Thermalized Magnetisation = (0.339696,-0.005940), Energy = -0.932387 
Averaging iterations... h=0.250000,0.000000
Done.
Final: Magnetisation = (0.349415,-0.081776), Energy = -0.969406 
<M> = (0.344654,-0.002318), <E> = -0.926693 

T=1.660000	 Thermalizing iterations... 
Done.
Thermalized Magnetisation = (0.306145,0.028807), Energy = -0.911593 
Averaging iterations... h=0.250000,0.000000
Done.
Final: Magnetisation = (0.357651,-0.015487), Energy = -0.934022 
<M> = (0.351025,-0.001306), <E> = -0.936019 

T=1.650000	 Thermalizing iterations... 
Done.
Thermalized Magnetisation = (0.365982,0.002525), Energy = -0.928843 
Averaging iterations... h=0.250000,0.000000
Done.
Final: Magnetisation = (0.307261,0.041927), Energy = -0.893353 
<M> = (0.355484,0.000854), <E> = -0.943006 

T=1.640000	 Thermalizing iterations... 
Done.
Thermalized Magnetisation = (0.365211,0.036508), Energy = -0.954043 
Averaging iterations... h=0.250000,0.000000
Done.
Final: Magnetisation = (0.407204,-0.015853), Energy = -0.973923 
<M> = (0.359833,0.000811), <E> = -0.951161 

T=1.630000	 Thermalizing iterations... 
Done.
Thermalized Magnetisation = (0.354879,0.027996), Energy = -0.955539 
Averaging iterations... h=0.250000,0.000000
Done.
Final: Magnetisation = (0.357034,0.020649), Energy = -0.899805 
<M> = (0.365337,0.000451), <E> = -0.959972 

T=1.620000	 Thermalizing iterations... 
Done.
Thermalized Magnetisation = (0.398156,-0.046110), Energy = -0.973070 
Averaging iterations... h=0.250000,0.000000
Done.
Final: Magnetisation = (0.409609,-0.043794), Energy = -0.972479 
<M> = (0.371354,-0.001253), <E> = -0.969611 

T=1.610000	 Thermalizing iterations... 
Done.
Thermalized Magnetisation = (0.370178,0.057001), Energy = -0.973800 
Averaging iterations... h=0.250000,0.000000
Done.
Final: Magnetisation = (0.371728,0.094573), Energy = -1.004850 
<M> = (0.376398,-0.001364), <E> = -0.978869 

T=1.600000	 Thermalizing iterations... 
Done.
Thermalized Magnetisation = (0.388100,-0.037936), Energy = -1.024823 
Averaging iterations... h=0.250000,0.000000
Done.
Final: Magnetisation = (0.323299,-0.002237), Energy = -0.922365 
<M> = (0.382056,-0.004491), <E> = -0.989128 

T=1.590000	 Thermalizing iterations... 
Done.
Thermalized Magnetisation = (0.376490,0.018424), Energy = -0.986550 
Averaging iterations... h=0.250000,0.000000
Done.
Final: Magnetisation = (0.330658,0.027799), Energy = -0.943815 
<M> = (0.387871,-0.002917), <E> = -0.998267 

T=1.580000	 Thermalizing iterations... 
Done.
Thermalized Magnetisation = (0.399779,-0.015461), Energy = -0.981650 
Averaging iterations... h=0.250000,0.000000
Done.
Final: Magnetisation = (0.370427,-0.031508), Energy = -1.030977 
<M> = (0.393359,-0.001080), <E> = -1.007405 

T=1.570000	 Thermalizing iterations... 
Done.
Thermalized Magnetisation = (0.387509,0.014847), Energy = -1.007170 
Averaging iterations... h=0.250000,0.000000
Done.
Final: Magnetisation = (0.406803,0.021336), Energy = -1.012805 
<M> = (0.399374,0.001424), <E> = -1.016452 

T=1.560000	 Thermalizing iterations... 
Done.
Thermalized Magnetisation = (0.435311,-0.010287), Energy = -1.070839 
Averaging iterations... h=0.250000,0.000000
Done.
Final: Magnetisation = (0.366956,0.000844), Energy = -0.981696 
<M> = (0.404037,0.000791), <E> = -1.024872 

T=1.550000	 Thermalizing iterations... 
Done.
Thermalized Magnetisation = (0.372810,-0.013797), Energy = -0.969005 
Averaging iterations... h=0.250000,0.000000
Done.
Final: Magnetisation = (0.376991,0.031198), Energy = -0.991353 
<M> = (0.410631,0.000593), <E> = -1.035728 

T=1.540000	 Thermalizing iterations... 
Done.
Thermalized Magnetisation = (0.403369,0.054526), Energy = -1.034335 
Averaging iterations... h=0.250000,0.000000
Done.
Final: Magnetisation = (0.391542,-0.092525), Energy = -1.047258 
<M> = (0.416664,-0.001503), <E> = -1.046107 

T=1.530000	 Thermalizing iterations... 
Done.
Thermalized Magnetisation = (0.462242,-0.027133), Energy = -1.118580 
Averaging iterations... h=0.250000,0.000000
Done.
Final: Magnetisation = (0.435006,0.030231), Energy = -1.070553 
<M> = (0.422974,-0.002783), <E> = -1.056662 

T=1.520000	 Thermalizing iterations... 
Done.
Thermalized Magnetisation = (0.456405,0.079763), Energy = -1.107045 
Averaging iterations... h=0.250000,0.000000
Done.
Final: Magnetisation = (0.420892,-0.008830), Energy = -1.037574 
<M> = (0.428176,-0.003711), <E> = -1.066261 

T=1.510000	 Thermalizing iterations... 
Done.
Thermalized Magnetisation = (0.458737,-0.010408), Energy = -1.127448 
Averaging iterations... h=0.250000,0.000000
Done.
Final: Magnetisation = (0.410450,-0.008856), Energy = -1.062532 
<M> = (0.436665,0.000157), <E> = -1.078405 

T=1.500000	 Thermalizing iterations... 
Done.
Thermalized Magnetisation = (0.480582,-0.088437), Energy = -1.119058 
Averaging iterations... h=0.250000,0.000000
Done.
Final: Magnetisation = (0.425421,-0.046421), Energy = -1.060568 
<M> = (0.441924,0.001704), <E> = -1.087468 

T=1.490000	 Thermalizing iterations... 
Done.
Thermalized Magnetisation = (0.469960,-0.008070), Energy = -1.127153 
Averaging iterations... h=0.250000,0.000000
Done.
Final: Magnetisation = (0.432214,0.086496), Energy = -1.067820 
<M> = (0.447725,-0.000240), <E> = -1.097291 

T=1.480000	 Thermalizing iterations... 
Done.
Thermalized Magnetisation = (0.425397,-0.046863), Energy = -1.065050 
Averaging iterations... h=0.250000,0.000000
Done.
Final: Magnetisation = (0.470688,-0.036570), Energy = -1.127552 
<M> = (0.453142,0.001127), <E> = -1.107218 

T=1.470000	 Thermalizing iterations... 
Done.
Thermalized Magnetisation = (0.480436,0.055129), Energy = -1.127888 
Averaging iterations... h=0.250000,0.000000
Done.
Final: Magnetisation = (0.490886,-0.035800), Energy = -1.168906 
<M> = (0.461345,-0.001108), <E> = -1.119401 

T=1.460000	 Thermalizing iterations... 
Done.
Thermalized Magnetisation = (0.442422,0.054616), Energy = -1.092647 
Averaging iterations... h=0.250000,0.000000
Done.
Final: Magnetisation = (0.447225,0.022433), Energy = -1.120173 
<M> = (0.467515,0.000257), <E> = -1.130520 

T=1.450000	 Thermalizing iterations... 
Done.
Thermalized Magnetisation = (0.473294,0.024594), Energy = -1.171671 
Averaging iterations... h=0.250000,0.000000
Done.
Final: Magnetisation = (0.435951,-0.012769), Energy = -1.103393 
<M> = (0.473027,-0.004729), <E> = -1.141342 

T=1.440000	 Thermalizing iterations... 
Done.
Thermalized Magnetisation = (0.509324,-0.025661), Energy = -1.193708 
Averaging iterations... h=0.250000,0.000000
Done.
Final: Magnetisation = (0.502186,0.004019), Energy = -1.188854 
<M> = (0.480026,-0.003217), <E> = -1.152888 

T=1.430000	 Thermalizing iterations... 
Done.
Thermalized Magnetisation = (0.474513,-0.059091), Energy = -1.177650 
Averaging iterations... h=0.250000,0.000000
Done.
Final: Magnetisation = (0.480582,0.011562), Energy = -1.171971 
<M> = (0.485759,-0.000440), <E> = -1.162352 

T=1.420000	 Thermalizing iterations... 
Done.
Thermalized Magnetisation = (0.550337,0.027317), Energy = -1.224716 
Averaging iterations... h=0.250000,0.000000
Done.
Final: Magnetisation = (0.475165,-0.010546), Energy = -1.174409 
<M> = (0.492550,-0.000367), <E> = -1.173455 

T=1.410000	 Thermalizing iterations... 
Done.
Thermalized Magnetisation = (0.508179,-0.007337), Energy = -1.209391 
Averaging iterations... h=0.250000,0.000000
Done.
Final: Magnetisation = (0.480367,-0.014153), Energy = -1.163892 
<M> = (0.498421,0.001649), <E> = -1.183408 

T=1.400000	 Thermalizing iterations... 
Done.
Thermalized Magnetisation = (0.490379,0.002022), Energy = -1.159071 
Averaging iterations... h=0.250000,0.000000
Done.
Final: Magnetisation = (0.517262,0.037595), Energy = -1.203040 
<M> = (0.506549,-0.001126), <E> = -1.196955 

T=1.390000	 Thermalizing iterations... 
Done.
Thermalized Magnetisation = (0.503494,-0.017524), Energy = -1.227504 
Averaging iterations... h=0.250000,0.000000
Done.
Final: Magnetisation = (0.543816,-0.013877), Energy = -1.245294 
<M> = (0.513061,0.000088), <E> = -1.208672 

T=1.380000	 Thermalizing iterations... 
Done.
Thermalized Magnetisation = (0.511785,-0.001417), Energy = -1.208982 
Averaging iterations... h=0.250000,0.000000
Done.
Final: Magnetisation = (0.521894,-0.049266), Energy = -1.196252 
<M> = (0.519045,-0.005419), <E> = -1.219772 

T=1.370000	 Thermalizing iterations... 
Done.
Thermalized Magnetisation = (0.492833,-0.045247), Energy = -1.181613 
Averaging iterations... h=0.250000,0.000000
Done.
Final: Magnetisation = (0.503535,-0.048956), Energy = -1.193134 
<M> = (0.524785,-0.003379), <E> = -1.230627 

T=1.360000	 Thermalizing iterations... 
Done.
Thermalized Magnetisation = (0.522851,-0.005193), Energy = -1.246902 
Averaging iterations... h=0.250000,0.000000
Done.
Final: Magnetisation = (0.581065,0.064108), Energy = -1.321249 
<M> = (0.531811,-0.003160), <E> = -1.242556 

T=1.350000	 Thermalizing iterations... 
Done.
Thermalized Magnetisation = (0.546444,0.076447), Energy = -1.227371 
Averaging iterations... h=0.250000,0.000000
Done.
Final: Magnetisation = (0.490482,0.002080), Energy = -1.199757 
<M> = (0.539562,0.001622), <E> = -1.253709 

T=1.340000	 Thermalizing iterations... 
Done.
Thermalized Magnetisation = (0.567892,0.042301), Energy = -1.335569 
Averaging iterations... h=0.250000,0.000000
Done.
Final: Magnetisation = (0.579826,-0.015129), Energy = -1.316668 
<M> = (0.544658,0.000129), <E> = -1.263731 

T=1.330000	 Thermalizing iterations... 
Done.
Thermalized Magnetisation = (0.590046,-0.024028), Energy = -1.347466 
Averaging iterations... h=0.250000,0.000000
Done.
Final: Magnetisation = (0.556440,-0.063730), Energy = -1.279573 
<M> = (0.551350,-0.001462), <E> = -1.275143 

T=1.320000	 Thermalizing iterations... 
Done.
Thermalized Magnetisation = (0.537263,0.014391), Energy = -1.284879 
Averaging iterations... h=0.250000,0.000000
Done.
Final: Magnetisation = (0.542194,-0.040512), Energy = -1.257580 
<M> = (0.559259,0.000700), <E> = -1.288692 

T=1.310000	 Thermalizing iterations... 
Done.
Thermalized Magnetisation = (0.603431,0.010752), Energy = -1.365180 
Averaging iterations... h=0.250000,0.000000
Done.
Final: Magnetisation = (0.572680,0.040053), Energy = -1.308250 
<M> = (0.565161,-0.002491), <E> = -1.300476 

T=1.300000	 Thermalizing iterations... 
Done.
Thermalized Magnetisation = (0.565448,-0.003992), Energy = -1.299797 
Averaging iterations... h=0.250000,0.000000
Done.
Final: Magnetisation = (0.594177,-0.021513), Energy = -1.368482 
<M> = (0.571154,-0.001336), <E> = -1.311902 

T=1.290000	 Thermalizing iterations... 
Done.
Thermalized Magnetisation = (0.604618,-0.014966), Energy = -1.337717 
Averaging iterations... h=0.250000,0.000000
Done.
Final: Magnetisation = (0.585462,-0.015180), Energy = -1.300702 
<M> = (0.578651,-0.004122), <E> = -1.324997 

T=1.280000	 Thermalizing iterations... 
Done.
Thermalized Magnetisation = (0.581979,0.045143), Energy = -1.349353 
Averaging iterations... h=0.250000,0.000000
Done.
Final: Magnetisation = (0.570865,-0.000826), Energy = -1.317802 
<M> = (0.584547,-0.000522), <E> = -1.335090 

T=1.270000	 Thermalizing iterations... 
Done.
Thermalized Magnetisation = (0.571156,0.039227), Energy = -1.316125 
Averaging iterations... h=0.250000,0.000000
Done.
Final: Magnetisation = (0.579187,0.052923), Energy = -1.347734 
<M> = (0.591366,-0.001448), <E> = -1.346256 

T=1.260000	 Thermalizing iterations... 
Done.
Thermalized Magnetisation = (0.558866,-0.000210), Energy = -1.312265 
Averaging iterations... h=0.250000,0.000000
Done.
Final: Magnetisation = (0.598344,-0.030159), Energy = -1.373646 
<M> = (0.596731,-0.001322), <E> = -1.356220 

T=1.250000	 Thermalizing iterations... 
Done.
Thermalized Magnetisation = (0.601223,-0.044501), Energy = -1.390729 
Averaging iterations... h=0.250000,0.000000
Done.
Final: Magnetisation = (0.593658,0.042811), Energy = -1.359493 
<M> = (0.603143,-0.002397), <E> = -1.368817 

T=1.240000	 Thermalizing iterations... 
Done.
Thermalized Magnetisation = (0.618185,0.016900), Energy = -1.427807 
Averaging iterations... h=0.250000,0.000000
Done.
Final: Magnetisation = (0.553658,-0.004020), Energy = -1.304400 
<M> = (0.608908,0.001303), <E> = -1.379972 

T=1.230000	 Thermalizing iterations... 
Done.
Thermalized Magnetisation = (0.611679,0.074507), Energy = -1.389587 
Averaging iterations... h=0.250000,0.000000
Done.
Final: Magnetisation = (0.583290,-0.032233), Energy = -1.303886 
<M> = (0.615065,-0.002979), <E> = -1.391982 

T=1.220000	 Thermalizing iterations... 
Done.
Thermalized Magnetisation = (0.599316,-0.033426), Energy = -1.371970 
Averaging iterations... h=0.250000,0.000000
Done.
Final: Magnetisation = (0.626860,-0.029157), Energy = -1.416957 
<M> = (0.619758,-0.003443), <E> = -1.402058 

T=1.210000	 Thermalizing iterations... 
Done.
Thermalized Magnetisation = (0.607058,0.033989), Energy = -1.364873 
Averaging iterations... h=0.250000,0.000000
Done.
Final: Magnetisation = (0.644139,-0.071578), Energy = -1.452288 
<M> = (0.627057,-0.004197), <E> = -1.414309 

T=1.200000	 Thermalizing iterations... 
Done.
Thermalized Magnetisation = (0.641249,-0.037298), Energy = -1.409089 
Averaging iterations... h=0.250000,0.000000
Done.
Final: Magnetisation = (0.632390,-0.034101), Energy = -1.444516 
<M> = (0.632734,0.001634), <E> = -1.424143 

T=1.190000	 Thermalizing iterations... 
Done.
Thermalized Magnetisation = (0.624693,-0.006737), Energy = -1.397019 
Averaging iterations... h=0.250000,0.000000
Done.
Final: Magnetisation = (0.645880,-0.080227), Energy = -1.458813 
<M> = (0.638224,-0.002019), <E> = -1.434999 

T=1.180000	 Thermalizing iterations... 
Done.
Thermalized Magnetisation = (0.646327,-0.055071), Energy = -1.465295 
Averaging iterations... h=0.250000,0.000000
Done.
Final: Magnetisation = (0.604952,0.023802), Energy = -1.401838 
<M> = (0.644314,0.000246), <E> = -1.446207 

T=1.170000	 Thermalizing iterations... 
Done.
Thermalized Magnetisation = (0.630375,0.020416), Energy = -1.447821 
Averaging iterations... h=0.250000,0.000000
Done.
Final: Magnetisation = (0.626436,0.049043), Energy = -1.428039 
<M> = (0.650560,0.003058), <E> = -1.457604 

T=1.160000	 Thermalizing iterations... 
Done.
Thermalized Magnetisation = (0.644743,-0.046577), Energy = -1.454466 
Averaging iterations... h=0.250000,0.000000
Done.
Final: Magnetisation = (0.638652,-0.031305), Energy = -1.429920 
<M> = (0.654700,-0.001607), <E> = -1.468337 

T=1.150000	 Thermalizing iterations... 
Done.
Thermalized Magnetisation = (0.671769,-0.021217), Energy = -1.531712 
Averaging iterations... h=0.250000,0.000000
Done.
Final: Magnetisation = (0.661299,0.023378), Energy = -1.478647 
<M> = (0.660118,-0.001970), <E> = -1.478873 

T=1.140000	 Thermalizing iterations... 
Done.
Thermalized Magnetisation = (0.654673,-0.049650), Energy = -1.492048 
Averaging iterations... h=0.250000,0.000000
Done.
Final: Magnetisation = (0.679320,-0.021305), Energy = -1.493563 
<M> = (0.665908,-0.005313), <E> = -1.490122 

T=1.130000	 Thermalizing iterations... 
Done.
Thermalized Magnetisation = (0.638592,-0.013789), Energy = -1.442560 
Averaging iterations... h=0.250000,0.000000
Done.
Final: Magnetisation = (0.657482,0.012954), Energy = -1.493106 
<M> = (0.671835,-0.002154), <E> = -1.500660 

T=1.120000	 Thermalizing iterations... 
Done.
Thermalized Magnetisation = (0.654394,-0.055369), Energy = -1.505377 
Averaging iterations... h=0.250000,0.000000
Done.
Final: Magnetisation = (0.668655,-0.101074), Energy = -1.495470 
<M> = (0.677230,0.000618), <E> = -1.510493 

T=1.110000	 Thermalizing iterations... 
Done.
Thermalized Magnetisation = (0.709559,0.034174), Energy = -1.541105 
Averaging iterations... h=0.250000,0.000000
Done.
Final: Magnetisation = (0.697209,0.016592), Energy = -1.531974 
<M> = (0.681726,0.000539), <E> = -1.519856 

T=1.100000	 Thermalizing iterations... 
Done.
Thermalized Magnetisation = (0.695015,-0.016154), Energy = -1.552978 
Averaging iterations... h=0.250000,0.000000
Done.
Final: Magnetisation = (0.716589,0.004787), Energy = -1.564544 
<M> = (0.686695,-0.002070), <E> = -1.530407 

T=1.090000	 Thermalizing iterations... 
Done.
Thermalized Magnetisation = (0.685299,-0.060232), Energy = -1.552289 
Averaging iterations... h=0.250000,0.000000
Done.
Final: Magnetisation = (0.680065,-0.022561), Energy = -1.545720 
<M> = (0.691737,-0.000736), <E> = -1.541318 

T=1.080000	 Thermalizing iterations... 
Done.
Thermalized Magnetisation = (0.695254,0.001461), Energy = -1.534656 
Averaging iterations... h=0.250000,0.000000
Done.
Final: Magnetisation = (0.704568,0.091550), Energy = -1.569778 
<M> = (0.696230,-0.004034), <E> = -1.551129 

T=1.070000	 Thermalizing iterations... 
Done.
Thermalized Magnetisation = (0.705567,0.049565), Energy = -1.564478 
Averaging iterations... h=0.250000,0.000000
Done.
Final: Magnetisation = (0.701467,0.020172), Energy = -1.551767 
<M> = (0.700334,-0.003487), <E> = -1.560306 

T=1.060000	 Thermalizing iterations... 
Done.
Thermalized Magnetisation = (0.686072,0.032135), Energy = -1.555660 
Averaging iterations... h=0.250000,0.000000
Done.
Final: Magnetisation = (0.716266,-0.043424), Energy = -1.580415 
<M> = (0.705330,-0.005106), <E> = -1.570858 

T=1.050000	 Thermalizing iterations... 
Done.
Thermalized Magnetisation = (0.719525,-0.050810), Energy = -1.603349 
Averaging iterations... h=0.250000,0.000000
Done.
Final: Magnetisation = (0.694920,-0.038322), Energy = -1.547957 
<M> = (0.711280,0.002961), <E> = -1.580513 

T=1.040000	 Thermalizing iterations... 
Done.
Thermalized Magnetisation = (0.719136,-0.025885), Energy = -1.592734 
Averaging iterations... h=0.250000,0.000000
Done.
Final: Magnetisation = (0.696872,0.027541), Energy = -1.570098 
<M> = (0.714358,-0.000848), <E> = -1.588742 

T=1.030000	 Thermalizing iterations... 
Done.
Thermalized Magnetisation = (0.709978,0.003244), Energy = -1.569219 
Averaging iterations... h=0.250000,0.000000
Done.
Final: Magnetisation = (0.690352,0.007556), Energy = -1.586238 
<M> = (0.719454,0.000038), <E> = -1.598557 

T=1.020000	 Thermalizing iterations... 
Done.
Thermalized Magnetisation = (0.741109,0.002890), Energy = -1.611380 
Averaging iterations... h=0.250000,0.000000
Done.
Final: Magnetisation = (0.741497,0.017127), Energy = -1.643009 
<M> = (0.723164,-0.000109), <E> = -1.607854 

T=1.010000	 Thermalizing iterations... 
Done.
Thermalized Magnetisation = (0.715600,0.047268), Energy = -1.596058 
Averaging iterations... h=0.250000,0.000000
Done.
Final: Magnetisation = (0.747786,0.044314), Energy = -1.633692 
<M> = (0.727775,-0.003757), <E> = -1.617801 

T=1.000000	 Thermalizing iterations... 
Done.
Thermalized Magnetisation = (0.732086,-0.033734), Energy = -1.638323 
Averaging iterations... h=0.250000,0.000000
Done.
Final: Magnetisation = (0.753516,0.019266), Energy = -1.643715 
<M> = (0.731467,-0.002870), <E> = -1.625857 

T=0.990000	 Thermalizing iterations... 
Done.
Thermalized Magnetisation = (0.709743,-0.049483), Energy = -1.637581 
Averaging iterations... h=0.250000,0.000000
Done.
Final: Magnetisation = (0.739439,-0.014075), Energy = -1.614408 
<M> = (0.736074,-0.002687), <E> = -1.635531 

T=0.980000	 Thermalizing iterations... 
Done.
Thermalized Magnetisation = (0.736732,0.010471), Energy = -1.641596 
Averaging iterations... h=0.250000,0.000000
Done.
Final: Magnetisation = (0.749426,-0.037317), Energy = -1.650400 
<M> = (0.740493,-0.000508), <E> = -1.644407 

T=0.970000	 Thermalizing iterations... 
Done.
Thermalized Magnetisation = (0.744087,0.028957), Energy = -1.629559 
Averaging iterations... h=0.250000,0.000000
Done.
Final: Magnetisation = (0.743454,-0.021379), Energy = -1.648552 
<M> = (0.744577,0.002731), <E> = -1.653377 

T=0.960000	 Thermalizing iterations... 
Done.
Thermalized Magnetisation = (0.750435,0.011397), Energy = -1.668266 
Averaging iterations... h=0.250000,0.000000
Done.
Final: Magnetisation = (0.768748,-0.022051), Energy = -1.662848 
<M> = (0.748253,-0.000807), <E> = -1.661208 

T=0.950000	 Thermalizing iterations... 
Done.
Thermalized Magnetisation = (0.741296,0.014055), Energy = -1.657186 
Averaging iterations... h=0.250000,0.000000
Done.
Final: Magnetisation = (0.736161,0.023590), Energy = -1.653867 
<M> = (0.752042,-0.003541), <E> = -1.670242 

T=0.940000	 Thermalizing iterations... 
Done.
Thermalized Magnetisation = (0.775460,0.051691), Energy = -1.722515 
Averaging iterations... h=0.250000,0.000000
Done.
Final: Magnetisation = (0.754992,-0.059675), Energy = -1.684290 
<M> = (0.756753,-0.001118), <E> = -1.679521 

T=0.930000	 Thermalizing iterations... 
Done.
Thermalized Magnetisation = (0.759685,-0.032064), Energy = -1.678345 
Averaging iterations... h=0.250000,0.000000
Done.
Final: Magnetisation = (0.752672,0.004244), Energy = -1.656233 
<M> = (0.759538,-0.002606), <E> = -1.686929 

T=0.920000	 Thermalizing iterations... 
Done.
Thermalized Magnetisation = (0.767044,-0.012168), Energy = -1.696594 
Averaging iterations... h=0.250000,0.000000
Done.
Final: Magnetisation = (0.741076,-0.012613), Energy = -1.679431 
<M> = (0.762730,-0.006918), <E> = -1.695392 

T=0.910000	 Thermalizing iterations... 
Done.
Thermalized Magnetisation = (0.773382,-0.020705), Energy = -1.704201 
Averaging iterations... h=0.250000,0.000000
Done.
Final: Magnetisation = (0.777507,0.063082), Energy = -1.727849 
<M> = (0.766403,0.000818), <E> = -1.703207 

T=0.900000	 Thermalizing iterations... 
Done.
Thermalized Magnetisation = (0.775043,-0.086057), Energy = -1.693443 
Averaging iterations... h=0.250000,0.000000
Done.
Final: Magnetisation = (0.757341,0.038904), Energy = -1.711587 
<M> = (0.771147,-0.004230), <E> = -1.711600 

T=0.890000	 Thermalizing iterations... 
Done.
Thermalized Magnetisation = (0.768587,-0.029857), Energy = -1.719685 
Averaging iterations... h=0.250000,0.000000
Done.
Final: Magnetisation = (0.765869,-0.035939), Energy = -1.690972 
<M> = (0.774386,0.000074), <E> = -1.718914 

T=0.880000	 Thermalizing iterations... 
Done.
Thermalized Magnetisation = (0.771780,-0.044495), Energy = -1.728317 
Averaging iterations... h=0.250000,0.000000
Done.
Final: Magnetisation = (0.791942,0.003667), Energy = -1.739980 
<M> = (0.777765,-0.001328), <E> = -1.727468 

T=0.870000	 Thermalizing iterations... 
Done.
Thermalized Magnetisation = (0.796005,0.021619), Energy = -1.752167 
Averaging iterations... h=0.250000,0.000000
Done.
Final: Magnetisation = (0.798145,-0.032340), Energy = -1.748105 
<M> = (0.780861,-0.002189), <E> = -1.734971 

T=0.860000	 Thermalizing iterations... 
Done.
Thermalized Magnetisation = (0.781657,-0.083299), Energy = -1.751633 
Averaging iterations... h=0.250000,0.000000
Done.
Final: Magnetisation = (0.794014,0.045129), Energy = -1.746429 
<M> = (0.783901,-0.004994), <E> = -1.742889 

T=0.850000	 Thermalizing iterations... 
Done.
Thermalized Magnetisation = (0.789047,-0.011471), Energy = -1.739792 
Averaging iterations... h=0.250000,0.000000
Done.
Final: Magnetisation = (0.787700,0.040997), Energy = -1.745183 
<M> = (0.786649,-0.003862), <E> = -1.749616 

T=0.840000	 Thermalizing iterations... 
Done.
Thermalized Magnetisation = (0.790688,-0.015163), Energy = -1.765369 
Averaging iterations... h=0.250000,0.000000
Done.
Final: Magnetisation = (0.776593,-0.037092), Energy = -1.754011 
<M> = (0.789840,-0.002208), <E> = -1.757243 

T=0.830000	 Thermalizing iterations... 
Done.
Thermalized Magnetisation = (0.803286,0.085464), Energy = -1.776947 
Averaging iterations... h=0.250000,0.000000
Done.
Final: Magnetisation = (0.783355,-0.072447), Energy = -1.756232 
<M> = (0.794648,0.000737), <E> = -1.765611 

T=0.820000	 Thermalizing iterations... 
Done.
Thermalized Magnetisation = (0.804008,-0.001262), Energy = -1.770934 
Averaging iterations... h=0.250000,0.000000
Done.
Final: Magnetisation = (0.798506,-0.014457), Energy = -1.768983 
<M> = (0.797432,-0.001681), <E> = -1.772380 

T=0.810000	 Thermalizing iterations... 
Done.
Thermalized Magnetisation = (0.778179,0.002685), Energy = -1.734279 
Averaging iterations... h=0.250000,0.000000
Done.
Final: Magnetisation = (0.803744,0.046842), Energy = -1.770401 
<M> = (0.800233,0.000434), <E> = -1.779198 

T=0.800000	 Thermalizing iterations... 
Done.
Thermalized Magnetisation = (0.785310,-0.042602), Energy = -1.772055 
Averaging iterations... h=0.250000,0.000000
Done.
Final: Magnetisation = (0.808230,-0.012308), Energy = -1.780973 
<M> = (0.803070,-0.003356), <E> = -1.786809 

T=0.790000	 Thermalizing iterations... 
Done.
Thermalized Magnetisation = (0.794988,-0.013914), Energy = -1.794628 
Averaging iterations... h=0.250000,0.000000
Done.
Final: Magnetisation = (0.786821,0.067608), Energy = -1.798308 
<M> = (0.806585,-0.001037), <E> = -1.794607 

T=0.780000	 Thermalizing iterations... 
Done.
Thermalized Magnetisation = (0.792244,0.008833), Energy = -1.765196 
Averaging iterations... h=0.250000,0.000000
Done.
Final: Magnetisation = (0.802804,-0.002904), Energy = -1.787258 
<M> = (0.809243,0.001353), <E> = -1.801272 

T=0.770000	 Thermalizing iterations... 
Done.
Thermalized Magnetisation = (0.838518,-0.056559), Energy = -1.839847 
Averaging iterations... h=0.250000,0.000000
Done.
Final: Magnetisation = (0.814341,0.006391), Energy = -1.801484 
<M> = (0.811708,-0.004145), <E> = -1.808047 

T=0.760000	 Thermalizing iterations... 
Done.
Thermalized Magnetisation = (0.813286,-0.022486), Energy = -1.796986 
Averaging iterations... h=0.250000,0.000000
Done.
Final: Magnetisation = (0.823662,-0.067507), Energy = -1.830144 
<M> = (0.815509,0.001617), <E> = -1.815436 

T=0.750000	 Thermalizing iterations... 
Done.
Thermalized Magnetisation = (0.827351,0.008021), Energy = -1.818789 
Averaging iterations... h=0.250000,0.000000
Done.
Final: Magnetisation = (0.805687,0.005079), Energy = -1.809332 
<M> = (0.818897,0.001495), <E> = -1.822175 

T=0.740000	 Thermalizing iterations... 
Done.
Thermalized Magnetisation = (0.824787,-0.002711), Energy = -1.838959 
Averaging iterations... h=0.250000,0.000000
Done.
Final: Magnetisation = (0.803986,-0.045545), Energy = -1.811134 
<M> = (0.821831,-0.000825), <E> = -1.829037 

T=0.730000	 Thermalizing iterations... 
Done.
Thermalized Magnetisation = (0.816690,-0.004555), Energy = -1.809150 
Averaging iterations... h=0.250000,0.000000
Done.
Final: Magnetisation = (0.835102,-0.073483), Energy = -1.857611 
<M> = (0.824165,-0.003844), <E> = -1.835692 

T=0.720000	 Thermalizing iterations... 
Done.
Thermalized Magnetisation = (0.826662,-0.001735), Energy = -1.834557 
Averaging iterations... h=0.250000,0.000000
Done.
Final: Magnetisation = (0.822487,-0.026091), Energy = -1.847174 
<M> = (0.827051,0.001286), <E> = -1.842465 

T=0.710000	 Thermalizing iterations... 
Done.
Thermalized Magnetisation = (0.839562,-0.065366), Energy = -1.858879 
Averaging iterations... h=0.250000,0.000000
Done.
Final: Magnetisation = (0.837027,0.023340), Energy = -1.841321 
<M> = (0.829625,-0.004065), <E> = -1.849434 

T=0.700000	 Thermalizing iterations... 
Done.
Thermalized Magnetisation = (0.843714,-0.072429), Energy = -1.889735 
Averaging iterations... h=0.250000,0.000000
Done.
Final: Magnetisation = (0.828729,-0.009909), Energy = -1.854927 
<M> = (0.832158,-0.008287), <E> = -1.855386 

T=0.690000	 Thermalizing iterations... 
Done.
Thermalized Magnetisation = (0.841123,-0.009353), Energy = -1.872257 
Averaging iterations... h=0.250000,0.000000
Done.
Final: Magnetisation = (0.821429,-0.100933), Energy = -1.830230 
<M> = (0.834897,-0.001635), <E> = -1.862104 

T=0.680000	 Thermalizing iterations... 
Done.
Thermalized Magnetisation = (0.851519,0.043456), Energy = -1.884970 
Averaging iterations... h=0.250000,0.000000
Done.
Final: Magnetisation = (0.825364,0.035229), Energy = -1.856702 
<M> = (0.838894,0.003468), <E> = -1.869286 

T=0.670000	 Thermalizing iterations... 
Done.
Thermalized Magnetisation = (0.839450,-0.052136), Energy = -1.889936 
Averaging iterations... h=0.250000,0.000000
Done.
Final: Magnetisation = (0.857485,0.023952), Energy = -1.890013 
<M> = (0.841406,0.002648), <E> = -1.875457 

T=0.660000	 Thermalizing iterations... 
Done.
Thermalized Magnetisation = (0.841573,0.069994), Energy = -1.876183 
Averaging iterations... h=0.250000,0.000000
Done.
Final: Magnetisation = (0.843221,0.014653), Energy = -1.885622 
<M> = (0.843651,-0.001088), <E> = -1.881260 

T=0.650000	 Thermalizing iterations... 
Done.
Thermalized Magnetisation = (0.847680,0.000205), Energy = -1.883155 
Averaging iterations... h=0.250000,0.000000
Done.
Final: Magnetisation = (0.827553,-0.086041), Energy = -1.865286 
<M> = (0.846485,0.000039), <E> = -1.888116 

T=0.640000	 Thermalizing iterations... 
Done.
Thermalized Magnetisation = (0.852705,0.017107), Energy = -1.899897 
Averaging iterations... h=0.250000,0.000000
Done.
Final: Magnetisation = (0.858387,0.008945), Energy = -1.889638 
<M> = (0.848932,-0.003312), <E> = -1.894496 

T=0.630000	 Thermalizing iterations... 
Done.
Thermalized Magnetisation = (0.849574,-0.032000), Energy = -1.899128 
Averaging iterations... h=0.250000,0.000000
Done.
Final: Magnetisation = (0.857462,-0.024157), Energy = -1.904305 
<M> = (0.851544,0.000591), <E> = -1.900675 

T=0.620000	 Thermalizing iterations... 
Done.
Thermalized Magnetisation = (0.835935,0.117339), Energy = -1.911737 
Averaging iterations... h=0.250000,0.000000
Done.
Final: Magnetisation = (0.845045,-0.058873), Energy = -1.894501 
<M> = (0.854200,-0.000704), <E> = -1.906593 

T=0.610000	 Thermalizing iterations... 
Done.
Thermalized Magnetisation = (0.852456,-0.029144), Energy = -1.909402 
Averaging iterations... h=0.250000,0.000000
Done.
Final: Magnetisation = (0.862241,0.015551), Energy = -1.910175 
<M> = (0.857265,0.005206), <E> = -1.913454 

T=0.600000	 Thermalizing iterations... 
Done.
Thermalized Magnetisation = (0.865850,-0.042561), Energy = -1.930226 
Averaging iterations... h=0.250000,0.000000
Done.
Final: Magnetisation = (0.854005,-0.010559), Energy = -1.920929 
<M> = (0.860293,0.004378), <E> = -1.919906 

T=0.590000	 Thermalizing iterations... 
Done.
Thermalized Magnetisation = (0.869569,0.047626), Energy = -1.941532 
Averaging iterations... h=0.250000,0.000000
Done.
Final: Magnetisation = (0.864123,-0.033006), Energy = -1.929939 
<M> = (0.862192,-0.000304), <E> = -1.925676 

T=0.580000	 Thermalizing iterations... 
Done.
Thermalized Magnetisation = (0.875779,0.012048), Energy = -1.942074 
Averaging iterations... h=0.250000,0.000000
Done.
Final: Magnetisation = (0.860115,0.043970), Energy = -1.937597 
<M> = (0.865222,-0.003837), <E> = -1.931751 

T=0.570000	 Thermalizing iterations... 
Done.
Thermalized Magnetisation = (0.871197,-0.007233), Energy = -1.945402 
Averaging iterations... h=0.250000,0.000000
Done.
Final: Magnetisation = (0.875281,-0.022232), Energy = -1.944840 
<M> = (0.867228,0.000858), <E> = -1.938037 

T=0.560000	 Thermalizing iterations... 
Done.
Thermalized Magnetisation = (0.871966,-0.050990), Energy = -1.942376 
Averaging iterations... h=0.250000,0.000000
Done.
Final: Magnetisation = (0.860807,-0.062904), Energy = -1.935203 
<M> = (0.870231,-0.004039), <E> = -1.944223 

T=0.550000	 Thermalizing iterations... 
Done.
Thermalized Magnetisation = (0.884237,-0.008886), Energy = -1.962612 
Averaging iterations... h=0.250000,0.000000
Done.
Final: Magnetisation = (0.879404,0.042006), Energy = -1.962492 
<M> = (0.872691,-0.005317), <E> = -1.949699 

T=0.540000	 Thermalizing iterations... 
Done.
Thermalized Magnetisation = (0.885323,0.036861), Energy = -1.971023 
Averaging iterations... h=0.250000,0.000000
Done.
Final: Magnetisation = (0.873830,-0.035470), Energy = -1.952299 
<M> = (0.874734,0.000458), <E> = -1.955455 

T=0.530000	 Thermalizing iterations... 
Done.
Thermalized Magnetisation = (0.884381,-0.014893), Energy = -1.964220 
Averaging iterations... h=0.250000,0.000000
Done.
Final: Magnetisation = (0.872240,-0.010378), Energy = -1.965013 
<M> = (0.877992,0.005710), <E> = -1.961882 

T=0.520000	 Thermalizing iterations... 
Done.
Thermalized Magnetisation = (0.885356,-0.026863), Energy = -1.972458 
Averaging iterations... h=0.250000,0.000000
Done.
Final: Magnetisation = (0.876829,-0.009619), Energy = -1.966133 
<M> = (0.879803,-0.003025), <E> = -1.967598 

T=0.510000	 Thermalizing iterations... 
Done.
Thermalized Magnetisation = (0.882156,-0.023820), Energy = -1.973042 
Averaging iterations... h=0.250000,0.000000
Done.
Final: Magnetisation = (0.886898,-0.034501), Energy = -1.972990 
<M> = (0.882535,-0.005911), <E> = -1.973382 

T=0.500000	 Thermalizing iterations... 
Done.
Thermalized Magnetisation = (0.874556,-0.007061), Energy = -1.968023 
Averaging iterations... h=0.250000,0.000000
Done.
Final: Magnetisation = (0.883141,-0.019547), Energy = -1.977250 
<M> = (0.884998,-0.005392), <E> = -1.979365 

T=0.490000	 Thermalizing iterations... 
Done.
Thermalized Magnetisation = (0.883822,0.026032), Energy = -1.984967 
Averaging iterations... h=0.250000,0.000000
Done.
Final: Magnetisation = (0.882881,-0.008424), Energy = -1.987659 
<M> = (0.887213,-0.004504), <E> = -1.985566 

T=0.480000	 Thermalizing iterations... 
Done.
Thermalized Magnetisation = (0.876240,0.003221), Energy = -1.976626 
Averaging iterations... h=0.250000,0.000000
Done.
Final: Magnetisation = (0.892606,0.051543), Energy = -1.987883 
<M> = (0.889698,-0.003224), <E> = -1.990976 

T=0.470000	 Thermalizing iterations... 
Done.
Thermalized Magnetisation = (0.890822,0.034601), Energy = -1.993210 
Averaging iterations... h=0.250000,0.000000
Done.
Final: Magnetisation = (0.894621,-0.044964), Energy = -2.001605 
<M> = (0.892160,0.001513), <E> = -1.996649 

T=0.460000	 Thermalizing iterations... 
Done.
Thermalized Magnetisation = (0.892926,-0.002351), Energy = -1.993728 
Averaging iterations... h=0.250000,0.000000
Done.
Final: Magnetisation = (0.896925,-0.047677), Energy = -2.005036 
<M> = (0.895150,0.002709), <E> = -2.002495 

T=0.450000	 Thermalizing iterations... 
Done.
Thermalized Magnetisation = (0.899084,-0.055249), Energy = -2.002706 
Averaging iterations... h=0.250000,0.000000
Done.
Final: Magnetisation = (0.902992,0.012586), Energy = -2.013363 
<M> = (0.897537,0.004017), <E> = -2.008472 

T=0.440000	 Thermalizing iterations... 
Done.
Thermalized Magnetisation = (0.898747,0.032385), Energy = -2.008227 
Averaging iterations... h=0.250000,0.000000
Done.
Final: Magnetisation = (0.892992,0.053425), Energy = -2.009401 
<M> = (0.899429,-0.006107), <E> = -2.014103 

T=0.430000	 Thermalizing iterations... 
Done.
Thermalized Magnetisation = (0.901249,0.079007), Energy = -2.025946 
Averaging iterations... h=0.250000,0.000000
Done.
Final: Magnetisation = (0.904325,0.025764), Energy = -2.025450 
<M> = (0.901907,-0.005740), <E> = -2.019807 

T=0.420000	 Thermalizing iterations... 
Done.
Thermalized Magnetisation = (0.899587,0.009729), Energy = -2.026014 
Averaging iterations... h=0.250000,0.000000
Done.
Final: Magnetisation = (0.903097,0.011738), Energy = -2.018641 
<M> = (0.904535,-0.000871), <E> = -2.025646 

T=0.410000	 Thermalizing iterations... 
Done.
Thermalized Magnetisation = (0.902495,-0.026343), Energy = -2.030917 
Averaging iterations... h=0.250000,0.000000
Done.
Final: Magnetisation = (0.910086,-0.007650), Energy = -2.030060 
<M> = (0.906904,-0.002941), <E> = -2.031311 

T=0.400000	 Thermalizing iterations... 
Done.
Thermalized Magnetisation = (0.915072,-0.029014), Energy = -2.045015 
Averaging iterations... h=0.250000,0.000000
Done.
Final: Magnetisation = (0.906500,-0.044818), Energy = -2.038466 
<M> = (0.909097,-0.000899), <E> = -2.036621 

T=0.390000	 Thermalizing iterations... 
Done.
Thermalized Magnetisation = (0.915853,0.018239), Energy = -2.039703 
Averaging iterations... h=0.250000,0.000000
Done.
Final: Magnetisation = (0.917192,0.008565), Energy = -2.045404 
<M> = (0.911299,-0.004548), <E> = -2.042032 

T=0.380000	 Thermalizing iterations... 
Done.
Thermalized Magnetisation = (0.912257,-0.035611), Energy = -2.047271 
Averaging iterations... h=0.250000,0.000000
Done.
Final: Magnetisation = (0.919223,0.030040), Energy = -2.052842 
<M> = (0.914192,0.002193), <E> = -2.047944 

T=0.370000	 Thermalizing iterations... 
Done.
Thermalized Magnetisation = (0.914399,-0.022345), Energy = -2.055371 
Averaging iterations... h=0.250000,0.000000
Done.
Final: Magnetisation = (0.923088,0.034339), Energy = -2.061507 
<M> = (0.916205,-0.008047), <E> = -2.053297 

T=0.360000	 Thermalizing iterations... 
Done.
Thermalized Magnetisation = (0.923583,-0.009433), Energy = -2.066080 
Averaging iterations... h=0.250000,0.000000
Done.
Final: Magnetisation = (0.927002,0.004944), Energy = -2.069730 
<M> = (0.918575,-0.003735), <E> = -2.058874 

T=0.350000	 Thermalizing iterations... 
Done.
Thermalized Magnetisation = (0.918818,0.018656), Energy = -2.056958 
Averaging iterations... h=0.250000,0.000000
Done.
Final: Magnetisation = (0.926530,0.014183), Energy = -2.072480 
<M> = (0.920886,0.000693), <E> = -2.064428 

T=0.340000	 Thermalizing iterations... 
Done.
Thermalized Magnetisation = (0.922008,-0.009343), Energy = -2.067718 
Averaging iterations... h=0.250000,0.000000
Done.
Final: Magnetisation = (0.920649,-0.024329), Energy = -2.070126 
<M> = (0.923303,-0.000356), <E> = -2.069939 

T=0.330000	 Thermalizing iterations... 
Done.
Thermalized Magnetisation = (0.922570,0.040530), Energy = -2.069426 
Averaging iterations... h=0.250000,0.000000
Done.
Final: Magnetisation = (0.922110,0.009444), Energy = -2.071648 
<M> = (0.925490,-0.000317), <E> = -2.075116 

T=0.320000	 Thermalizing iterations... 
Done.
Thermalized Magnetisation = (0.916074,-0.077917), Energy = -2.068085 
Averaging iterations... h=0.250000,0.000000
Done.
Final: Magnetisation = (0.925397,-0.039225), Energy = -2.073707 
<M> = (0.928174,0.003573), <E> = -2.080780 

T=0.310000	 Thermalizing iterations... 
Done.
Thermalized Magnetisation = (0.932804,-0.026140), Energy = -2.085302 
Averaging iterations... h=0.250000,0.000000
Done.
Final: Magnetisation = (0.925141,0.002260), Energy = -2.082917 
<M> = (0.930420,0.001294), <E> = -2.086178 

T=0.300000	 Thermalizing iterations... 
Done.
Thermalized Magnetisation = (0.933718,-0.028723), Energy = -2.097243 
Averaging iterations... h=0.250000,0.000000
Done.
Final: Magnetisation = (0.936030,-0.019252), Energy = -2.092397 
<M> = (0.932982,-0.000177), <E> = -2.091775 

T=0.290000	 Thermalizing iterations... 
Done.
Thermalized Magnetisation = (0.933251,0.009050), Energy = -2.094421 
Averaging iterations... h=0.250000,0.000000
Done.
Final: Magnetisation = (0.937585,-0.022260), Energy = -2.093901 
<M> = (0.934922,-0.005074), <E> = -2.097163 

T=0.280000	 Thermalizing iterations... 
Done.
Thermalized Magnetisation = (0.937154,-0.048321), Energy = -2.102193 
Averaging iterations... h=0.250000,0.000000
Done.
Final: Magnetisation = (0.942163,-0.001456), Energy = -2.108609 
<M> = (0.937125,-0.001682), <E> = -2.102468 

T=0.270000	 Thermalizing iterations... 
Done.
Thermalized Magnetisation = (0.940902,-0.011222), Energy = -2.109548 
Averaging iterations... h=0.250000,0.000000
Done.
Final: Magnetisation = (0.937836,-0.009430), Energy = -2.104964 
<M> = (0.939333,0.001824), <E> = -2.107794 

T=0.260000	 Thermalizing iterations... 
Done.
Thermalized Magnetisation = (0.939858,0.013946), Energy = -2.108806 
Averaging iterations... h=0.250000,0.000000
Done.
Final: Magnetisation = (0.942466,-0.039720), Energy = -2.114019 
<M> = (0.941942,0.001137), <E> = -2.113202 

T=0.250000	 Thermalizing iterations... 
Done.
Thermalized Magnetisation = (0.940628,-0.001233), Energy = -2.120676 
Averaging iterations... h=0.250000,0.000000
Done.
Final: Magnetisation = (0.941293,0.020570), Energy = -2.113587 
<M> = (0.944269,-0.000630), <E> = -2.118647 

T=0.240000	 Thermalizing iterations... 
Done.
Thermalized Magnetisation = (0.946441,-0.005323), Energy = -2.126036 
Averaging iterations... h=0.250000,0.000000
Done.
Final: Magnetisation = (0.943471,-0.018125), Energy = -2.120203 
<M> = (0.946348,-0.000430), <E> = -2.123837 

T=0.230000	 Thermalizing iterations... 
Done.
Thermalized Magnetisation = (0.950784,-0.033423), Energy = -2.126587 
Averaging iterations... h=0.250000,0.000000
Done.
Final: Magnetisation = (0.949166,0.016028), Energy = -2.131353 
<M> = (0.948866,0.002416), <E> = -2.129283 

T=0.220000	 Thermalizing iterations... 
Done.
Thermalized Magnetisation = (0.949835,0.012981), Energy = -2.133769 
Averaging iterations... h=0.250000,0.000000
Done.
Final: Magnetisation = (0.945788,-0.004690), Energy = -2.128389 
<M> = (0.950979,-0.007508), <E> = -2.134318 

T=0.210000	 Thermalizing iterations... 
Done.
Thermalized Magnetisation = (0.953262,0.003716), Energy = -2.138044 
Averaging iterations... h=0.250000,0.000000
Done.
Final: Magnetisation = (0.953056,-0.014047), Energy = -2.140242 
<M> = (0.953292,-0.002257), <E> = -2.139747 

T=0.200000	 Thermalizing iterations... 
Done.
Thermalized Magnetisation = (0.954875,-0.028491), Energy = -2.144603 
Averaging iterations... h=0.250000,0.000000
Done.
Final: Magnetisation = (0.960835,-0.000804), Energy = -2.147966 
<M> = (0.955631,-0.000993), <E> = -2.145042 

T=0.190000	 Thermalizing iterations... 
Done.
Thermalized Magnetisation = (0.958059,0.012073), Energy = -2.152258 
Averaging iterations... h=0.250000,0.000000
Done.
Final: Magnetisation = (0.957040,0.015699), Energy = -2.148033 
<M> = (0.958029,0.001405), <E> = -2.150373 

T=0.180000	 Thermalizing iterations... 
Done.
Thermalized Magnetisation = (0.960204,-0.022010), Energy = -2.156649 
Averaging iterations... h=0.250000,0.000000
Done.
Final: Magnetisation = (0.961475,-0.010142), Energy = -2.156446 
<M> = (0.960378,-0.002545), <E> = -2.155516 

T=0.170000	 Thermalizing iterations... 
Done.
Thermalized Magnetisation = (0.961092,0.017391), Energy = -2.158393 
Averaging iterations... h=0.250000,0.000000
Done.
Final: Magnetisation = (0.963058,0.019521), Energy = -2.160248 
<M> = (0.962480,-0.003812), <E> = -2.160724 

T=0.160000	 Thermalizing iterations... 
Done.
Thermalized Magnetisation = (0.963030,-0.006059), Energy = -2.166758 
Averaging iterations... h=0.250000,0.000000
Done.
Final: Magnetisation = (0.963980,0.014967), Energy = -2.163547 
<M> = (0.964619,-0.002339), <E> = -2.166008 

T=0.150000	 Thermalizing iterations... 
Done.
Thermalized Magnetisation = (0.966182,-0.001924), Energy = -2.167379 
Averaging iterations... h=0.250000,0.000000
Done.
Final: Magnetisation = (0.969941,-0.023455), Energy = -2.177486 
<M> = (0.966914,-0.000914), <E> = -2.171002 

T=0.140000	 Thermalizing iterations... 
Done.
Thermalized Magnetisation = (0.969651,-0.004882), Energy = -2.180181 
Averaging iterations... h=0.250000,0.000000
Done.
Final: Magnetisation = (0.970246,-0.008950), Energy = -2.177518 
<M> = (0.969002,-0.003391), <E> = -2.176324 

T=0.130000	 Thermalizing iterations... 
Done.
Thermalized Magnetisation = (0.973240,-0.013964), Energy = -2.182580 
Averaging iterations... h=0.250000,0.000000
Done.
Final: Magnetisation = (0.972613,-0.020920), Energy = -2.184876 
<M> = (0.971371,-0.002231), <E> = -2.181392 

T=0.120000	 Thermalizing iterations... 
Done.
Thermalized Magnetisation = (0.971963,-0.021857), Energy = -2.185616 
Averaging iterations... h=0.250000,0.000000
Done.
Final: Magnetisation = (0.972533,0.008080), Energy = -2.186991 
<M> = (0.973663,-0.000277), <E> = -2.186552 

T=0.110000	 Thermalizing iterations... 
Done.
Thermalized Magnetisation = (0.974395,0.003951), Energy = -2.189169 
Averaging iterations... h=0.250000,0.000000
Done.
Final: Magnetisation = (0.975753,0.004064), Energy = -2.193595 
<M> = (0.975762,0.001728), <E> = -2.191716 

T=0.100000	 Thermalizing iterations... 
Done.
Thermalized Magnetisation = (0.976509,0.020010), Energy = -2.193661 
Averaging iterations... h=0.250000,0.000000
Done.
Final: Magnetisation = (0.979345,-0.005250), Energy = -2.199683 
<M> = (0.977825,-0.001293), <E> = -2.196880 

T=0.090000	 Thermalizing iterations... 
Done.
Thermalized Magnetisation = (0.980106,-0.001454), Energy = -2.202909 
Averaging iterations... h=0.250000,0.000000
Done.
Final: Magnetisation = (0.980805,0.010503), Energy = -2.202773 
<M> = (0.980195,-0.001682), <E> = -2.202021 

T=0.080000	 Thermalizing iterations... 
Done.
Thermalized Magnetisation = (0.983534,-0.000358), Energy = -2.208901 
Averaging iterations... h=0.250000,0.000000
Done.
Final: Magnetisation = (0.983505,-0.011314), Energy = -2.208615 
<M> = (0.982416,0.000234), <E> = -2.206994 

T=0.070000	 Thermalizing iterations... 
Done.
Thermalized Magnetisation = (0.985233,-0.004030), Energy = -2.212742 
Averaging iterations... h=0.250000,0.000000
Done.
Final: Magnetisation = (0.983861,0.012572), Energy = -2.210617 
<M> = (0.984522,-0.003534), <E> = -2.212142 

T=0.060000	 Thermalizing iterations... 
Done.
Thermalized Magnetisation = (0.986445,-0.006522), Energy = -2.216166 
Averaging iterations... h=0.250000,0.000000
Done.
Final: Magnetisation = (0.987137,0.009759), Energy = -2.217137 
<M> = (0.986555,-0.001480), <E> = -2.217117 

T=0.050000	 Thermalizing iterations... 
Done.
Thermalized Magnetisation = (0.989481,-0.016155), Energy = -2.222213 
Averaging iterations... h=0.250000,0.000000
Done.
Final: Magnetisation = (0.989121,-0.010791), Energy = -2.222978 
<M> = (0.988844,0.000790), <E> = -2.222216 

T=0.040000	 Thermalizing iterations... 
Done.
Thermalized Magnetisation = (0.991282,-0.004318), Energy = -2.227535 
Averaging iterations... h=0.250000,0.000000
Done.
Final: Magnetisation = (0.990973,-0.024797), Energy = -2.227826 
<M> = (0.991046,0.000619), <E> = -2.227278 

T=0.030000	 Thermalizing iterations... 
Done.
Thermalized Magnetisation = (0.993432,0.017328), Energy = -2.232335 
Averaging iterations... h=0.250000,0.000000
Done.
Final: Magnetisation = (0.993459,-0.005789), Energy = -2.232386 
<M> = (0.993383,-0.002829), <E> = -2.232365 

T=0.020000	 Thermalizing iterations... 
Done.
Thermalized Magnetisation = (0.995637,-0.005604), Energy = -2.237336 
Averaging iterations... h=0.250000,0.000000
Done.
Final: Magnetisation = (0.995640,-0.011790), Energy = -2.237381 
<M> = (0.995576,-0.004670), <E> = -2.237358 

T=0.010000	 Thermalizing iterations... 
Done.
Thermalized Magnetisation = (0.997792,0.000598), Energy = -2.242396 
Averaging iterations... h=0.250000,0.000000
Done.
Final: Magnetisation = (0.997918,-0.004385), Energy = -2.242576 
<M> = (0.997807,-0.001013), <E> = -2.242383 
Final Magnetisation = (0.997918,-0.004385), Energy = -2.242576 
------------------------

Updating all (first)black/(then)white checkerboard sites simultaneously.. 

ztne RFXY h rotating with |h|=0.250000 at T=0.000000..
loop 1

loop 2

CPU  Start Time = 54619.340558 

CPU  End Time = 62525.505279 

CPU Time elapsed total = 7906.164721 

real	131m46.300s
user	2166m56.003s
sys	0m59.065s
