nearest neighbor initialized. 
J loaded. 
h loaded. 
L = 16, dim_L = 2, dim_S = 2
hysteresis_MCS_multiplier = 10, hysteresis_MCS_max = 100
RAND_MAX = 2147483647.000000,
 sizeof(int) = 4,
 sizeof(long) = 8,
 sizeof(double) = 8,
 sizeof(long int) = 8,
 sizeof(short int) = 2,
 sizeof(unsigned int) = 4,
 sizeof(RAND_MAX) = 4

OpenMP Active.

No. of THREADS = 24
No. of PROCESSORS = 24

-0.056485,-0.035073
order = ({1.000000-->-1.000000,0.000000}, 0, 1)
Initial Magnetisation = (-0.056485,-0.035073), Energy = 0.121170 
Cooling... 
T=2.000000	 Thermalizing iterations... 
Done.
Thermalized Magnetisation = (0.355542,-0.100460), Energy = -1.207357 
Averaging iterations... h=0.062500,0.000000
Done.
Final: Magnetisation = (-0.266824,0.016271), Energy = -0.604650 
<M> = (0.043318,0.013028), <E> = -0.915586 

T=1.950000	 Thermalizing iterations... 
Done.
Thermalized Magnetisation = (0.001299,-0.393585), Energy = -1.045964 
Averaging iterations... h=0.062500,0.000000
Done.
Final: Magnetisation = (0.014842,0.007574), Energy = -0.908295 
<M> = (0.035553,0.003522), <E> = -0.933418 

T=1.900000	 Thermalizing iterations... 
Done.
Thermalized Magnetisation = (0.151871,0.282911), Energy = -1.157094 
Averaging iterations... h=0.062500,0.000000
Done.
Final: Magnetisation = (0.267275,-0.023121), Energy = -0.979203 
<M> = (0.032962,0.011672), <E> = -0.941384 

T=1.850000	 Thermalizing iterations... 
Done.
Thermalized Magnetisation = (-0.058113,0.154092), Energy = -1.032386 
Averaging iterations... h=0.062500,0.000000
Done.
Final: Magnetisation = (0.203928,0.046992), Energy = -0.724746 
<M> = (0.053160,0.005748), <E> = -0.978692 

T=1.800000	 Thermalizing iterations... 
Done.
Thermalized Magnetisation = (0.300730,0.258260), Energy = -1.058660 
Averaging iterations... h=0.062500,0.000000
Done.
Final: Magnetisation = (-0.038484,0.117257), Energy = -0.984341 
<M> = (0.041687,0.012185), <E> = -0.983851 

T=1.750000	 Thermalizing iterations... 
Done.
Thermalized Magnetisation = (-0.257197,-0.169127), Energy = -1.171159 
Averaging iterations... h=0.062500,0.000000
Done.
Final: Magnetisation = (0.090386,0.195112), Energy = -0.861639 
<M> = (0.047449,-0.007845), <E> = -0.996446 

T=1.700000	 Thermalizing iterations... 
Done.
Thermalized Magnetisation = (-0.095582,-0.459532), Energy = -1.245743 
Averaging iterations... h=0.062500,0.000000
Done.
Final: Magnetisation = (0.194695,0.260943), Energy = -1.136924 
<M> = (0.041444,-0.003185), <E> = -1.020962 

T=1.650000	 Thermalizing iterations... 
Done.
Thermalized Magnetisation = (0.063064,-0.009866), Energy = -0.921022 
Averaging iterations... h=0.062500,0.000000
Done.
Final: Magnetisation = (0.213935,0.105557), Energy = -0.967777 
<M> = (0.039193,-0.003603), <E> = -1.038696 

T=1.600000	 Thermalizing iterations... 
Done.
Thermalized Magnetisation = (-0.076602,-0.019765), Energy = -0.761169 
Averaging iterations... h=0.062500,0.000000
Done.
Final: Magnetisation = (0.149759,0.262786), Energy = -0.951883 
<M> = (0.045237,-0.023067), <E> = -1.069231 

T=1.550000	 Thermalizing iterations... 
Done.
Thermalized Magnetisation = (-0.389886,0.038782), Energy = -1.169293 
Averaging iterations... h=0.062500,0.000000
Done.
Final: Magnetisation = (-0.198532,-0.352546), Energy = -1.239796 
<M> = (0.037026,-0.002622), <E> = -1.079800 

T=1.500000	 Thermalizing iterations... 
Done.
Thermalized Magnetisation = (-0.195045,-0.079939), Energy = -1.203312 
Averaging iterations... h=0.062500,0.000000
Done.
Final: Magnetisation = (-0.190700,0.280601), Energy = -1.454139 
<M> = (0.060957,-0.001614), <E> = -1.112422 

T=1.450000	 Thermalizing iterations... 
Done.
Thermalized Magnetisation = (-0.192033,-0.183062), Energy = -1.372350 
Averaging iterations... h=0.062500,0.000000
Done.
Final: Magnetisation = (-0.367375,0.376552), Energy = -1.305277 
<M> = (0.060289,0.004848), <E> = -1.131858 

T=1.400000	 Thermalizing iterations... 
Done.
Thermalized Magnetisation = (0.058766,0.077731), Energy = -1.177452 
Averaging iterations... h=0.062500,0.000000
Done.
Final: Magnetisation = (0.147545,-0.075235), Energy = -1.001957 
<M> = (0.071142,-0.016800), <E> = -1.154460 

T=1.350000	 Thermalizing iterations... 
Done.
Thermalized Magnetisation = (-0.009408,-0.176381), Energy = -1.093206 
Averaging iterations... h=0.062500,0.000000
Done.
Final: Magnetisation = (-0.222544,-0.085849), Energy = -1.012970 
<M> = (0.066625,0.001355), <E> = -1.185129 

T=1.300000	 Thermalizing iterations... 
Done.
Thermalized Magnetisation = (0.258854,-0.139906), Energy = -1.102222 
Averaging iterations... h=0.062500,0.000000
Done.
Final: Magnetisation = (0.366888,-0.453649), Energy = -1.328780 
<M> = (0.083107,0.014181), <E> = -1.216615 

T=1.250000	 Thermalizing iterations... 
Done.
Thermalized Magnetisation = (-0.350908,-0.231815), Energy = -1.227161 
Averaging iterations... h=0.062500,0.000000
Done.
Final: Magnetisation = (0.271288,-0.116282), Energy = -1.312896 
<M> = (0.078516,-0.008230), <E> = -1.246973 

T=1.200000	 Thermalizing iterations... 
Done.
Thermalized Magnetisation = (0.177434,0.014040), Energy = -1.241656 
Averaging iterations... h=0.062500,0.000000
Done.
Final: Magnetisation = (0.146827,0.036270), Energy = -1.253422 
<M> = (0.109807,0.063495), <E> = -1.279631 

T=1.150000	 Thermalizing iterations... 
Done.
Thermalized Magnetisation = (0.139273,0.127922), Energy = -1.161411 
Averaging iterations... h=0.062500,0.000000
Done.
Final: Magnetisation = (-0.043800,0.142504), Energy = -1.231328 
<M> = (0.131005,-0.029520), <E> = -1.304611 

T=1.100000	 Thermalizing iterations... 
Done.
Thermalized Magnetisation = (-0.052698,-0.049371), Energy = -1.117031 
Averaging iterations... h=0.062500,0.000000
Done.
Final: Magnetisation = (0.064647,-0.067028), Energy = -1.030065 
<M> = (0.126486,0.016132), <E> = -1.337907 

T=1.050000	 Thermalizing iterations... 
Done.
Thermalized Magnetisation = (-0.538783,-0.375885), Energy = -1.429357 
Averaging iterations... h=0.062500,0.000000
Done.
Final: Magnetisation = (-0.102171,0.386922), Energy = -1.397047 
<M> = (0.184440,-0.042509), <E> = -1.375304 

T=1.000000	 Thermalizing iterations... 
Done.
Thermalized Magnetisation = (0.300943,-0.124089), Energy = -1.306724 
Averaging iterations... h=0.062500,0.000000
Done.
Final: Magnetisation = (0.343522,-0.558019), Energy = -1.419552 
<M> = (0.180151,0.051966), <E> = -1.400187 

T=0.950000	 Thermalizing iterations... 
Done.
Thermalized Magnetisation = (0.248916,-0.213039), Energy = -1.502197 
Averaging iterations... h=0.062500,0.000000
Done.
Final: Magnetisation = (0.391144,-0.091106), Energy = -1.536897 
<M> = (0.246827,0.030532), <E> = -1.450424 

T=0.900000	 Thermalizing iterations... 
Done.
Thermalized Magnetisation = (0.428198,0.618497), Energy = -1.570549 
Averaging iterations... h=0.062500,0.000000
Done.
Final: Magnetisation = (0.322483,-0.619415), Energy = -1.443529 
<M> = (0.199946,-0.049986), <E> = -1.481255 

T=0.850000	 Thermalizing iterations... 
Done.
Thermalized Magnetisation = (-0.371165,0.604456), Energy = -1.544238 
Averaging iterations... h=0.062500,0.000000
Done.
Final: Magnetisation = (0.163417,-0.153600), Energy = -1.453657 
<M> = (0.257103,0.023941), <E> = -1.519505 

T=0.800000	 Thermalizing iterations... 
Done.
Thermalized Magnetisation = (0.539741,0.415498), Energy = -1.666902 
Averaging iterations... h=0.062500,0.000000
Done.
Final: Magnetisation = (0.221092,-0.263204), Energy = -1.566294 
<M> = (0.217340,0.138631), <E> = -1.566840 

T=0.750000	 Thermalizing iterations... 
Done.
Thermalized Magnetisation = (0.270075,0.659791), Energy = -1.664921 
Averaging iterations... h=0.062500,0.000000
Done.
Final: Magnetisation = (-0.293138,-0.138716), Energy = -1.565856 
<M> = (0.286547,-0.168036), <E> = -1.600259 

T=0.700000	 Thermalizing iterations... 
Done.
Thermalized Magnetisation = (0.311632,0.281152), Energy = -1.602653 
Averaging iterations... h=0.062500,0.000000
Done.
Final: Magnetisation = (0.698820,-0.271811), Energy = -1.657262 
<M> = (0.331012,0.014578), <E> = -1.645676 

T=0.650000	 Thermalizing iterations... 
Done.
Thermalized Magnetisation = (0.595785,-0.357889), Energy = -1.763131 
Averaging iterations... h=0.062500,0.000000
Done.
Final: Magnetisation = (0.660601,0.302481), Energy = -1.693480 
<M> = (0.408452,-0.034253), <E> = -1.689966 

T=0.600000	 Thermalizing iterations... 
Done.
Thermalized Magnetisation = (0.682254,0.386243), Energy = -1.808612 
Averaging iterations... h=0.062500,0.000000
Done.
Final: Magnetisation = (0.423638,-0.769209), Energy = -1.831396 
<M> = (0.403025,-0.197545), <E> = -1.719902 

T=0.550000	 Thermalizing iterations... 
Done.
Thermalized Magnetisation = (0.651282,-0.407091), Energy = -1.744525 
Averaging iterations... h=0.062500,0.000000
Done.
Final: Magnetisation = (0.504610,-0.562949), Energy = -1.803510 
<M> = (0.434204,0.194858), <E> = -1.768407 

T=0.500000	 Thermalizing iterations... 
Done.
Thermalized Magnetisation = (0.357570,-0.643847), Energy = -1.807293 
Averaging iterations... h=0.062500,0.000000
Done.
Final: Magnetisation = (-0.024465,0.767845), Energy = -1.826008 
<M> = (0.480139,-0.221513), <E> = -1.794768 

T=0.450000	 Thermalizing iterations... 
Done.
Thermalized Magnetisation = (0.675288,0.427406), Energy = -1.861796 
Averaging iterations... h=0.062500,0.000000
Done.
Final: Magnetisation = (0.328872,-0.690860), Energy = -1.825035 
<M> = (0.442032,0.415046), <E> = -1.826586 

T=0.400000	 Thermalizing iterations... 
Done.
Thermalized Magnetisation = (0.399227,0.809553), Energy = -1.880201 
Averaging iterations... h=0.062500,0.000000
Done.
Final: Magnetisation = (0.642448,-0.508834), Energy = -1.802683 
<M> = (0.440714,-0.297655), <E> = -1.851880 

T=0.350000	 Thermalizing iterations... 
Done.
Thermalized Magnetisation = (0.665081,-0.516194), Energy = -1.913173 
Averaging iterations... h=0.062500,0.000000
Done.
Final: Magnetisation = (0.577258,-0.672125), Energy = -1.946130 
<M> = (0.438242,-0.611453), <E> = -1.882098 

T=0.300000	 Thermalizing iterations... 
Done.
Thermalized Magnetisation = (0.185981,-0.910176), Energy = -1.928142 
Averaging iterations... h=0.062500,0.000000
Done.
Final: Magnetisation = (0.242985,-0.827856), Energy = -1.950537 
<M> = (0.367958,-0.717478), <E> = -1.911273 

T=0.250000	 Thermalizing iterations... 
Done.
Thermalized Magnetisation = (0.630968,0.565271), Energy = -1.930099 
Averaging iterations... h=0.062500,0.000000
Done.
Final: Magnetisation = (0.641886,0.666396), Energy = -1.972929 
<M> = (0.418186,0.728788), <E> = -1.938720 

T=0.200000	 Thermalizing iterations... 
Done.
Thermalized Magnetisation = (0.607842,0.621891), Energy = -1.979427 
Averaging iterations... h=0.062500,0.000000
Done.
Final: Magnetisation = (0.697529,0.629177), Energy = -1.971005 
<M> = (0.463400,0.714740), <E> = -1.965140 

T=0.150000	 Thermalizing iterations... 
Done.
Thermalized Magnetisation = (0.417193,0.741313), Energy = -1.988623 
Averaging iterations... h=0.062500,0.000000
Done.
Final: Magnetisation = (0.510123,0.766503), Energy = -1.996641 
<M> = (0.444586,0.757770), <E> = -1.992097 

T=0.100000	 Thermalizing iterations... 
Done.
Thermalized Magnetisation = (0.250259,0.834479), Energy = -2.004911 
Averaging iterations... h=0.062500,0.000000
Done.
Final: Magnetisation = (0.323003,0.842791), Energy = -2.016712 
<M> = (0.431131,0.788902), <E> = -2.017471 

T=0.050000	 Thermalizing iterations... 
Done.
Thermalized Magnetisation = (0.524840,0.773448), Energy = -2.046793 
Averaging iterations... h=0.062500,0.000000
Done.
Final: Magnetisation = (0.505598,0.742582), Energy = -2.036190 
<M> = (0.431092,0.809090), <E> = -2.043189 
Final Magnetisation = (0.505598,0.742582), Energy = -2.036190 
------------------------

Updating all (first)black/(then)white checkerboard sites simultaneously.. 

ztne RFXY h rotating with |h|=0.062500 at T=0.000000..
loop 1

loop 2

Cooling protocol time (from T=2.000000 to T=0.000000) = 54.418237 

CPU Time elapsed total = 54.448390 
All done - 55 seconds elapsed.
