nearest neighbor initialized. 
J loaded. 
h loaded. 
L = 16, dim_L = 2, dim_S = 2
hysteresis_MCS_multiplier = 10, hysteresis_MCS_max = 100
RAND_MAX = 2147483647.000000,
 sizeof(int) = 4,
 sizeof(long) = 8,
 sizeof(double) = 8,
 sizeof(long int) = 8,
 sizeof(short int) = 2,
 sizeof(unsigned int) = 4,
 sizeof(RAND_MAX) = 4

OpenMP Active.

No. of THREADS = 24
No. of PROCESSORS = 24

-0.053306,-0.037025
order = ({1.000000-->-1.000000,0.000000}, 0, 1)
Initial Magnetisation = (-0.053306,-0.037025), Energy = 0.148461 
Cooling... 
T=2.000000	 Thermalizing iterations... 
Done.
Thermalized Magnetisation = (0.164192,0.076755), Energy = -1.211959 
Averaging iterations... h=0.071429,0.000000
Done.
Final: Magnetisation = (0.121295,-0.151713), Energy = -1.000044 
<M> = (0.066909,0.013012), <E> = -0.918607 

T=1.950000	 Thermalizing iterations... 
Done.
Thermalized Magnetisation = (0.186694,-0.169996), Energy = -1.389781 
Averaging iterations... h=0.071429,0.000000
Done.
Final: Magnetisation = (0.095904,-0.038413), Energy = -0.711185 
<M> = (0.062500,0.000546), <E> = -0.930432 

T=1.900000	 Thermalizing iterations... 
Done.
Thermalized Magnetisation = (-0.071952,0.138768), Energy = -1.030098 
Averaging iterations... h=0.071429,0.000000
Done.
Final: Magnetisation = (0.053096,-0.177572), Energy = -0.802267 
<M> = (0.063126,0.016261), <E> = -0.949016 

T=1.850000	 Thermalizing iterations... 
Done.
Thermalized Magnetisation = (0.372006,0.209556), Energy = -1.256383 
Averaging iterations... h=0.071429,0.000000
Done.
Final: Magnetisation = (0.267788,-0.313196), Energy = -1.028844 
<M> = (0.086227,0.004783), <E> = -0.979663 

T=1.800000	 Thermalizing iterations... 
Done.
Thermalized Magnetisation = (0.285771,-0.166148), Energy = -0.934812 
Averaging iterations... h=0.071429,0.000000
Done.
Final: Magnetisation = (0.158220,0.321170), Energy = -0.870391 
<M> = (0.068649,0.001182), <E> = -0.976641 

T=1.750000	 Thermalizing iterations... 
Done.
Thermalized Magnetisation = (0.217217,0.060385), Energy = -0.937105 
Averaging iterations... h=0.071429,0.000000
Done.
Final: Magnetisation = (-0.249782,-0.023369), Energy = -0.774771 
<M> = (0.077086,0.002772), <E> = -1.002807 

T=1.700000	 Thermalizing iterations... 
Done.
Thermalized Magnetisation = (0.104743,-0.017256), Energy = -1.108733 
Averaging iterations... h=0.071429,0.000000
Done.
Final: Magnetisation = (0.491067,-0.007963), Energy = -1.055274 
<M> = (0.085966,0.004574), <E> = -1.031344 

T=1.650000	 Thermalizing iterations... 
Done.
Thermalized Magnetisation = (0.244096,0.236965), Energy = -1.024443 
Averaging iterations... h=0.071429,0.000000
Done.
Final: Magnetisation = (0.247159,-0.084839), Energy = -1.290218 
<M> = (0.090248,-0.026623), <E> = -1.045418 

T=1.600000	 Thermalizing iterations... 
Done.
Thermalized Magnetisation = (0.118230,-0.122964), Energy = -1.113002 
Averaging iterations... h=0.071429,0.000000
Done.
Final: Magnetisation = (0.442045,-0.203555), Energy = -1.318362 
<M> = (0.107674,-0.007799), <E> = -1.073898 

T=1.550000	 Thermalizing iterations... 
Done.
Thermalized Magnetisation = (0.355991,-0.275212), Energy = -1.080087 
Averaging iterations... h=0.071429,0.000000
Done.
Final: Magnetisation = (0.309890,0.182540), Energy = -1.145572 
<M> = (0.105960,-0.005796), <E> = -1.089673 

T=1.500000	 Thermalizing iterations... 
Done.
Thermalized Magnetisation = (0.158728,-0.095060), Energy = -1.127681 
Averaging iterations... h=0.071429,0.000000
Done.
Final: Magnetisation = (0.063720,0.219178), Energy = -0.923445 
<M> = (0.114997,-0.010002), <E> = -1.123865 

T=1.450000	 Thermalizing iterations... 
Done.
Thermalized Magnetisation = (0.304734,-0.410675), Energy = -1.455359 
Averaging iterations... h=0.071429,0.000000
Done.
Final: Magnetisation = (0.230820,0.090142), Energy = -1.139082 
<M> = (0.126921,0.008119), <E> = -1.144710 

T=1.400000	 Thermalizing iterations... 
Done.
Thermalized Magnetisation = (0.045152,-0.158933), Energy = -1.187740 
Averaging iterations... h=0.071429,0.000000
Done.
Final: Magnetisation = (0.153217,-0.206810), Energy = -0.989458 
<M> = (0.129287,-0.006586), <E> = -1.172825 

T=1.350000	 Thermalizing iterations... 
Done.
Thermalized Magnetisation = (-0.119903,-0.464941), Energy = -1.274223 
Averaging iterations... h=0.071429,0.000000
Done.
Final: Magnetisation = (0.396557,-0.540696), Energy = -1.528959 
<M> = (0.145555,-0.002308), <E> = -1.195967 

T=1.300000	 Thermalizing iterations... 
Done.
Thermalized Magnetisation = (0.092053,0.273508), Energy = -1.088857 
Averaging iterations... h=0.071429,0.000000
Done.
Final: Magnetisation = (-0.057188,-0.193799), Energy = -1.081401 
<M> = (0.156365,0.011445), <E> = -1.222422 

T=1.250000	 Thermalizing iterations... 
Done.
Thermalized Magnetisation = (0.103954,0.201960), Energy = -1.263572 
Averaging iterations... h=0.071429,0.000000
Done.
Final: Magnetisation = (-0.126831,-0.652879), Energy = -1.371265 
<M> = (0.183320,-0.009056), <E> = -1.251346 

T=1.200000	 Thermalizing iterations... 
Done.
Thermalized Magnetisation = (0.065041,0.078756), Energy = -1.180028 
Averaging iterations... h=0.071429,0.000000
Done.
Final: Magnetisation = (0.296790,0.003306), Energy = -1.112284 
<M> = (0.211497,0.042639), <E> = -1.290096 

T=1.150000	 Thermalizing iterations... 
Done.
Thermalized Magnetisation = (0.529015,0.329728), Energy = -1.487258 
Averaging iterations... h=0.071429,0.000000
Done.
Final: Magnetisation = (0.049227,-0.155581), Energy = -1.290319 
<M> = (0.226971,-0.021682), <E> = -1.328490 

T=1.100000	 Thermalizing iterations... 
Done.
Thermalized Magnetisation = (0.618036,0.133635), Energy = -1.449689 
Averaging iterations... h=0.071429,0.000000
Done.
Final: Magnetisation = (0.237339,-0.142374), Energy = -1.468852 
<M> = (0.253039,-0.013282), <E> = -1.360395 

T=1.050000	 Thermalizing iterations... 
Done.
Thermalized Magnetisation = (0.520704,-0.033387), Energy = -1.407239 
Averaging iterations... h=0.071429,0.000000
Done.
Final: Magnetisation = (0.550290,0.373767), Energy = -1.505670 
<M> = (0.307248,-0.040775), <E> = -1.403478 

T=1.000000	 Thermalizing iterations... 
Done.
Thermalized Magnetisation = (0.271156,0.244584), Energy = -1.480681 
Averaging iterations... h=0.071429,0.000000
Done.
Final: Magnetisation = (0.629615,-0.051350), Energy = -1.636707 
<M> = (0.314030,0.012992), <E> = -1.426169 

T=0.950000	 Thermalizing iterations... 
Done.
Thermalized Magnetisation = (-0.084738,0.517464), Energy = -1.334146 
Averaging iterations... h=0.071429,0.000000
Done.
Final: Magnetisation = (0.277118,-0.197687), Energy = -1.380023 
<M> = (0.368403,0.006547), <E> = -1.484400 

T=0.900000	 Thermalizing iterations... 
Done.
Thermalized Magnetisation = (0.734776,-0.237935), Energy = -1.587588 
Averaging iterations... h=0.071429,0.000000
Done.
Final: Magnetisation = (0.097950,-0.020957), Energy = -1.468376 
<M> = (0.378584,-0.074048), <E> = -1.517446 

T=0.850000	 Thermalizing iterations... 
Done.
Thermalized Magnetisation = (0.233181,0.307395), Energy = -1.516596 
Averaging iterations... h=0.071429,0.000000
Done.
Final: Magnetisation = (0.661433,0.106432), Energy = -1.560485 
<M> = (0.394532,0.029117), <E> = -1.556237 

T=0.800000	 Thermalizing iterations... 
Done.
Thermalized Magnetisation = (0.536967,-0.339851), Energy = -1.433054 
Averaging iterations... h=0.071429,0.000000
Done.
Final: Magnetisation = (0.681050,0.330299), Energy = -1.607912 
<M> = (0.436790,0.080869), <E> = -1.606088 

T=0.750000	 Thermalizing iterations... 
Done.
Thermalized Magnetisation = (0.451431,0.110041), Energy = -1.510108 
Averaging iterations... h=0.071429,0.000000
Done.
Final: Magnetisation = (0.537045,0.247911), Energy = -1.578708 
<M> = (0.482132,-0.137971), <E> = -1.638687 

T=0.700000	 Thermalizing iterations... 
Done.
Thermalized Magnetisation = (0.293909,0.525710), Energy = -1.577982 
Averaging iterations... h=0.071429,0.000000
Done.
Final: Magnetisation = (0.372232,0.067058), Energy = -1.662281 
<M> = (0.545619,0.085327), <E> = -1.684990 

T=0.650000	 Thermalizing iterations... 
Done.
Thermalized Magnetisation = (0.544332,0.445158), Energy = -1.731420 
Averaging iterations... h=0.071429,0.000000
Done.
Final: Magnetisation = (0.300736,-0.399471), Energy = -1.745646 
<M> = (0.554483,-0.001869), <E> = -1.726924 

T=0.600000	 Thermalizing iterations... 
Done.
Thermalized Magnetisation = (0.445986,0.505033), Energy = -1.694618 
Averaging iterations... h=0.071429,0.000000
Done.
Final: Magnetisation = (0.338884,-0.610056), Energy = -1.634588 
<M> = (0.611733,0.054650), <E> = -1.753202 

T=0.550000	 Thermalizing iterations... 
Done.
Thermalized Magnetisation = (0.227752,0.803595), Energy = -1.790151 
Averaging iterations... h=0.071429,0.000000
Done.
Final: Magnetisation = (0.605872,-0.646318), Energy = -1.833739 
<M> = (0.615759,0.123350), <E> = -1.790793 

T=0.500000	 Thermalizing iterations... 
Done.
Thermalized Magnetisation = (0.618745,-0.560230), Energy = -1.852614 
Averaging iterations... h=0.071429,0.000000
Done.
Final: Magnetisation = (0.732137,0.167633), Energy = -1.829131 
<M> = (0.666122,-0.013394), <E> = -1.822620 

T=0.450000	 Thermalizing iterations... 
Done.
Thermalized Magnetisation = (0.689628,-0.466852), Energy = -1.822363 
Averaging iterations... h=0.071429,0.000000
Done.
Final: Magnetisation = (0.196819,0.809171), Energy = -1.742488 
<M> = (0.689332,0.092408), <E> = -1.850160 

T=0.400000	 Thermalizing iterations... 
Done.
Thermalized Magnetisation = (0.613012,0.481457), Energy = -1.867374 
Averaging iterations... h=0.071429,0.000000
Done.
Final: Magnetisation = (0.848792,-0.097954), Energy = -1.851147 
<M> = (0.682983,-0.388722), <E> = -1.880824 

T=0.350000	 Thermalizing iterations... 
Done.
Thermalized Magnetisation = (0.648123,-0.539538), Energy = -1.898511 
Averaging iterations... h=0.071429,0.000000
Done.
Final: Magnetisation = (0.821267,-0.388750), Energy = -1.953230 
<M> = (0.720052,-0.071514), <E> = -1.907777 

T=0.300000	 Thermalizing iterations... 
Done.
Thermalized Magnetisation = (0.629887,0.590319), Energy = -1.943333 
Averaging iterations... h=0.071429,0.000000
Done.
Final: Magnetisation = (0.817819,-0.257617), Energy = -1.939074 
<M> = (0.765727,0.169799), <E> = -1.935500 

T=0.250000	 Thermalizing iterations... 
Done.
Thermalized Magnetisation = (0.865007,0.087581), Energy = -1.948287 
Averaging iterations... h=0.071429,0.000000
Done.
Final: Magnetisation = (0.694200,-0.607339), Energy = -1.962728 
<M> = (0.759878,-0.039760), <E> = -1.961924 

T=0.200000	 Thermalizing iterations... 
Done.
Thermalized Magnetisation = (0.930136,0.147426), Energy = -1.995912 
Averaging iterations... h=0.071429,0.000000
Done.
Final: Magnetisation = (0.777512,-0.507419), Energy = -2.011253 
<M> = (0.785324,-0.143247), <E> = -1.985918 

T=0.150000	 Thermalizing iterations... 
Done.
Thermalized Magnetisation = (0.947647,-0.091467), Energy = -2.026979 
Averaging iterations... h=0.071429,0.000000
Done.
Final: Magnetisation = (0.702754,0.618263), Energy = -2.037637 
<M> = (0.810587,0.156408), <E> = -2.012503 

T=0.100000	 Thermalizing iterations... 
Done.
Thermalized Magnetisation = (0.810663,0.512548), Energy = -2.047654 
Averaging iterations... h=0.071429,0.000000
Done.
Final: Magnetisation = (0.846509,-0.433341), Energy = -2.049917 
<M> = (0.793730,-0.429087), <E> = -2.037594 

T=0.050000	 Thermalizing iterations... 
Done.
Thermalized Magnetisation = (0.853528,-0.406496), Energy = -2.062934 
Averaging iterations... h=0.071429,0.000000
Done.
Final: Magnetisation = (0.781141,-0.531901), Energy = -2.052658 
<M> = (0.812617,-0.501660), <E> = -2.063218 
Final Magnetisation = (0.781141,-0.531901), Energy = -2.052658 
------------------------

Updating all (first)black/(then)white checkerboard sites simultaneously.. 

ztne RFXY h rotating with |h|=0.071429 at T=0.000000..
loop 1

loop 2

Cooling protocol time (from T=2.000000 to T=0.000000) = 51.552270 

CPU Time elapsed total = 51.568611 
All done - 52 seconds elapsed.
