+ cd /home/sbasak/Exercises/OpenMP/XY_code/Z2/rotating_field/trial/config/config_97
+ export OMP_NUM_THREADS=28
+ OMP_NUM_THREADS=28
+ ./a_16.out
nearest neighbor initialized. 
h loaded. 
J loaded. 
L = 128, dim_L = 2, dim_S = 2
hysteresis_MCS_multiplier = 10, hysteresis_MCS_max = 100
RAND_MAX = 2147483647.000000,
 sizeof(int) = 4,
 sizeof(long) = 8,
 sizeof(double) = 8,
 sizeof(long int) = 8,
 sizeof(short int) = 2,
 sizeof(unsigned int) = 4,
 sizeof(RAND_MAX) = 4
No. of THREADS = 28
No. of PROCESSORS = 28

0.060988,0.021842
order = ({1.000000-->-1.000000,0.000000}, 0, 1)
Initial Magnetisation = (0.060988,0.021842), Energy = 0.027751 
Cooling... 
T=2.000000	 Thermalizing iterations... 
Done.
Thermalized Magnetisation = (0.011221,-0.026577), Energy = -0.574718 
Averaging iterations... h=0.031250,0.000000
Done.
Final: Magnetisation = (0.020686,-0.028318), Energy = -0.581413 
<M> = (0.027070,0.000222), <E> = -0.607930 

T=1.990000	 Thermalizing iterations... 
Done.
Thermalized Magnetisation = (-0.004330,0.030722), Energy = -0.619661 
Averaging iterations... h=0.031250,0.000000
Done.
Final: Magnetisation = (0.008443,0.021022), Energy = -0.644367 
<M> = (0.029108,-0.001590), <E> = -0.612536 

T=1.980000	 Thermalizing iterations... 
Done.
Thermalized Magnetisation = (0.018907,0.018126), Energy = -0.625374 
Averaging iterations... h=0.031250,0.000000
Done.
Final: Magnetisation = (0.047059,-0.002928), Energy = -0.617458 
<M> = (0.028355,-0.001212), <E> = -0.616540 

T=1.970000	 Thermalizing iterations... 
Done.
Thermalized Magnetisation = (0.014331,0.015593), Energy = -0.625710 
Averaging iterations... h=0.031250,0.000000
Done.
Final: Magnetisation = (0.003932,-0.056577), Energy = -0.614765 
<M> = (0.029347,-0.002157), <E> = -0.620540 

T=1.960000	 Thermalizing iterations... 
Done.
Thermalized Magnetisation = (0.024361,-0.027051), Energy = -0.663591 
Averaging iterations... h=0.031250,0.000000
Done.
Final: Magnetisation = (0.025641,-0.011363), Energy = -0.620419 
<M> = (0.030235,-0.000388), <E> = -0.623815 

T=1.950000	 Thermalizing iterations... 
Done.
Thermalized Magnetisation = (0.019598,0.004163), Energy = -0.640759 
Averaging iterations... h=0.031250,0.000000
Done.
Final: Magnetisation = (0.081467,-0.017932), Energy = -0.640755 
<M> = (0.031417,-0.000606), <E> = -0.626935 

T=1.940000	 Thermalizing iterations... 
Done.
Thermalized Magnetisation = (0.080119,-0.020437), Energy = -0.615555 
Averaging iterations... h=0.031250,0.000000
Done.
Final: Magnetisation = (0.062721,0.018214), Energy = -0.592741 
<M> = (0.030303,0.000431), <E> = -0.630416 

T=1.930000	 Thermalizing iterations... 
Done.
Thermalized Magnetisation = (0.042955,-0.006046), Energy = -0.634685 
Averaging iterations... h=0.031250,0.000000
Done.
Final: Magnetisation = (-0.042481,0.023068), Energy = -0.619300 
<M> = (0.029802,0.000236), <E> = -0.633454 

T=1.920000	 Thermalizing iterations... 
Done.
Thermalized Magnetisation = (0.011588,0.046303), Energy = -0.673807 
Averaging iterations... h=0.031250,0.000000
Done.
Final: Magnetisation = (0.031183,-0.016791), Energy = -0.649631 
<M> = (0.031109,-0.001760), <E> = -0.638409 

T=1.910000	 Thermalizing iterations... 
Done.
Thermalized Magnetisation = (-0.034611,0.009987), Energy = -0.651464 
Averaging iterations... h=0.031250,0.000000
Done.
Final: Magnetisation = (0.010993,-0.027303), Energy = -0.672999 
<M> = (0.031629,-0.001478), <E> = -0.642316 

T=1.900000	 Thermalizing iterations... 
Done.
Thermalized Magnetisation = (0.113103,0.089273), Energy = -0.653760 
Averaging iterations... h=0.031250,0.000000
Done.
Final: Magnetisation = (-0.011015,0.001721), Energy = -0.634783 
<M> = (0.032175,-0.002937), <E> = -0.646785 

T=1.890000	 Thermalizing iterations... 
Done.
Thermalized Magnetisation = (-0.001103,0.018952), Energy = -0.660931 
Averaging iterations... h=0.031250,0.000000
Done.
Final: Magnetisation = (0.005001,0.017038), Energy = -0.635318 
<M> = (0.032981,-0.002656), <E> = -0.650472 

T=1.880000	 Thermalizing iterations... 
Done.
Thermalized Magnetisation = (0.036253,-0.044485), Energy = -0.640783 
Averaging iterations... h=0.031250,0.000000
Done.
Final: Magnetisation = (-0.012353,0.010531), Energy = -0.671691 
<M> = (0.034350,-0.001360), <E> = -0.654753 

T=1.870000	 Thermalizing iterations... 
Done.
Thermalized Magnetisation = (0.005546,0.020384), Energy = -0.648638 
Averaging iterations... h=0.031250,0.000000
Done.
Final: Magnetisation = (0.039515,0.005333), Energy = -0.659036 
<M> = (0.033925,0.002176), <E> = -0.657679 

T=1.860000	 Thermalizing iterations... 
Done.
Thermalized Magnetisation = (0.010505,0.025759), Energy = -0.615380 
Averaging iterations... h=0.031250,0.000000
Done.
Final: Magnetisation = (0.065823,-0.026400), Energy = -0.651737 
<M> = (0.033344,0.000113), <E> = -0.661894 

T=1.850000	 Thermalizing iterations... 
Done.
Thermalized Magnetisation = (0.014587,0.077272), Energy = -0.665323 
Averaging iterations... h=0.031250,0.000000
Done.
Final: Magnetisation = (0.061692,-0.022767), Energy = -0.695136 
<M> = (0.033664,-0.000091), <E> = -0.665840 

T=1.840000	 Thermalizing iterations... 
Done.
Thermalized Magnetisation = (0.029419,0.024355), Energy = -0.678576 
Averaging iterations... h=0.031250,0.000000
Done.
Final: Magnetisation = (0.056386,-0.015547), Energy = -0.705171 
<M> = (0.035997,-0.001039), <E> = -0.670944 

T=1.830000	 Thermalizing iterations... 
Done.
Thermalized Magnetisation = (0.081993,-0.001008), Energy = -0.674985 
Averaging iterations... h=0.031250,0.000000
Done.
Final: Magnetisation = (0.037167,0.035438), Energy = -0.656151 
<M> = (0.035387,-0.002341), <E> = -0.675380 

T=1.820000	 Thermalizing iterations... 
Done.
Thermalized Magnetisation = (0.023720,0.029259), Energy = -0.659399 
Averaging iterations... h=0.031250,0.000000
Done.
Final: Magnetisation = (0.043086,-0.040220), Energy = -0.665139 
<M> = (0.036531,-0.002356), <E> = -0.680542 

T=1.810000	 Thermalizing iterations... 
Done.
Thermalized Magnetisation = (0.035392,0.028870), Energy = -0.683818 
Averaging iterations... h=0.031250,0.000000
Done.
Final: Magnetisation = (0.025395,0.028777), Energy = -0.653362 
<M> = (0.038861,-0.001711), <E> = -0.684487 

T=1.800000	 Thermalizing iterations... 
Done.
Thermalized Magnetisation = (-0.013494,-0.008104), Energy = -0.676274 
Averaging iterations... h=0.031250,0.000000
Done.
Final: Magnetisation = (0.048510,0.030084), Energy = -0.724056 
<M> = (0.039702,0.000070), <E> = -0.688095 

T=1.790000	 Thermalizing iterations... 
Done.
Thermalized Magnetisation = (0.060651,-0.052505), Energy = -0.706436 
Averaging iterations... h=0.031250,0.000000
Done.
Final: Magnetisation = (-0.013689,-0.060779), Energy = -0.686850 
<M> = (0.037894,0.000143), <E> = -0.692192 

T=1.780000	 Thermalizing iterations... 
Done.
Thermalized Magnetisation = (0.040020,-0.010690), Energy = -0.707707 
Averaging iterations... h=0.031250,0.000000
Done.
Final: Magnetisation = (0.070423,-0.001028), Energy = -0.669549 
<M> = (0.037972,0.000939), <E> = -0.696596 

T=1.770000	 Thermalizing iterations... 
Done.
Thermalized Magnetisation = (0.049170,0.036688), Energy = -0.710640 
Averaging iterations... h=0.031250,0.000000
Done.
Final: Magnetisation = (0.040851,0.084589), Energy = -0.706206 
<M> = (0.040167,-0.002586), <E> = -0.701729 

T=1.760000	 Thermalizing iterations... 
Done.
Thermalized Magnetisation = (0.044937,0.014374), Energy = -0.741389 
Averaging iterations... h=0.031250,0.000000
Done.
Final: Magnetisation = (0.093524,-0.025120), Energy = -0.710998 
<M> = (0.040160,-0.000708), <E> = -0.707277 

T=1.750000	 Thermalizing iterations... 
Done.
Thermalized Magnetisation = (0.026944,0.004722), Energy = -0.685254 
Averaging iterations... h=0.031250,0.000000
Done.
Final: Magnetisation = (0.097442,0.002563), Energy = -0.676019 
<M> = (0.040498,-0.002917), <E> = -0.712225 

T=1.740000	 Thermalizing iterations... 
Done.
Thermalized Magnetisation = (0.063472,0.023421), Energy = -0.703174 
Averaging iterations... h=0.031250,0.000000
Done.
Final: Magnetisation = (0.051609,-0.023508), Energy = -0.709648 
<M> = (0.042010,-0.002752), <E> = -0.716828 

T=1.730000	 Thermalizing iterations... 
Done.
Thermalized Magnetisation = (0.059911,-0.020729), Energy = -0.735276 
Averaging iterations... h=0.031250,0.000000
Done.
Final: Magnetisation = (-0.014158,-0.059380), Energy = -0.725112 
<M> = (0.044325,-0.000832), <E> = -0.721207 

T=1.720000	 Thermalizing iterations... 
Done.
Thermalized Magnetisation = (0.047877,-0.054335), Energy = -0.723406 
Averaging iterations... h=0.031250,0.000000
Done.
Final: Magnetisation = (0.060971,0.041188), Energy = -0.731654 
<M> = (0.042556,0.001020), <E> = -0.725513 

T=1.710000	 Thermalizing iterations... 
Done.
Thermalized Magnetisation = (0.072394,-0.063864), Energy = -0.757547 
Averaging iterations... h=0.031250,0.000000
Done.
Final: Magnetisation = (0.048944,-0.017436), Energy = -0.746761 
<M> = (0.043411,0.000293), <E> = -0.730670 

T=1.700000	 Thermalizing iterations... 
Done.
Thermalized Magnetisation = (0.060095,0.008870), Energy = -0.741644 
Averaging iterations... h=0.031250,0.000000
Done.
Final: Magnetisation = (0.051109,0.039168), Energy = -0.740717 
<M> = (0.044777,-0.000706), <E> = -0.736183 

T=1.690000	 Thermalizing iterations... 
Done.
Thermalized Magnetisation = (-0.014591,0.020081), Energy = -0.745800 
Averaging iterations... h=0.031250,0.000000
Done.
Final: Magnetisation = (0.051479,-0.075601), Energy = -0.746509 
<M> = (0.046781,-0.000464), <E> = -0.741116 

T=1.680000	 Thermalizing iterations... 
Done.
Thermalized Magnetisation = (0.019110,-0.014914), Energy = -0.731144 
Averaging iterations... h=0.031250,0.000000
Done.
Final: Magnetisation = (0.020065,-0.113894), Energy = -0.746624 
<M> = (0.046376,-0.003542), <E> = -0.747428 

T=1.670000	 Thermalizing iterations... 
Done.
Thermalized Magnetisation = (-0.002310,-0.003589), Energy = -0.733612 
Averaging iterations... h=0.031250,0.000000
Done.
Final: Magnetisation = (0.059321,-0.086491), Energy = -0.791370 
<M> = (0.048273,-0.001462), <E> = -0.752979 

T=1.660000	 Thermalizing iterations... 
Done.
Thermalized Magnetisation = (-0.009526,0.000472), Energy = -0.754358 
Averaging iterations... h=0.031250,0.000000
Done.
Final: Magnetisation = (0.073465,-0.033178), Energy = -0.757657 
<M> = (0.049321,-0.002217), <E> = -0.758335 

T=1.650000	 Thermalizing iterations... 
Done.
Thermalized Magnetisation = (0.043280,-0.025308), Energy = -0.745010 
Averaging iterations... h=0.031250,0.000000
Done.
Final: Magnetisation = (-0.004118,0.069107), Energy = -0.759820 
<M> = (0.051723,0.001883), <E> = -0.763020 

T=1.640000	 Thermalizing iterations... 
Done.
Thermalized Magnetisation = (0.091240,0.071231), Energy = -0.787445 
Averaging iterations... h=0.031250,0.000000
Done.
Final: Magnetisation = (0.097297,-0.031762), Energy = -0.786494 
<M> = (0.050352,0.001325), <E> = -0.768473 

T=1.630000	 Thermalizing iterations... 
Done.
Thermalized Magnetisation = (0.042721,0.035192), Energy = -0.790531 
Averaging iterations... h=0.031250,0.000000
Done.
Final: Magnetisation = (0.077486,-0.000531), Energy = -0.718267 
<M> = (0.051516,0.000464), <E> = -0.773717 

T=1.620000	 Thermalizing iterations... 
Done.
Thermalized Magnetisation = (0.052478,-0.078089), Energy = -0.782730 
Averaging iterations... h=0.031250,0.000000
Done.
Final: Magnetisation = (0.136367,-0.043910), Energy = -0.797317 
<M> = (0.054422,-0.001399), <E> = -0.779942 

T=1.610000	 Thermalizing iterations... 
Done.
Thermalized Magnetisation = (0.073969,0.033830), Energy = -0.798876 
Averaging iterations... h=0.031250,0.000000
Done.
Final: Magnetisation = (0.025622,0.083690), Energy = -0.818627 
<M> = (0.054452,-0.002566), <E> = -0.786642 

T=1.600000	 Thermalizing iterations... 
Done.
Thermalized Magnetisation = (0.067921,-0.036917), Energy = -0.835085 
Averaging iterations... h=0.031250,0.000000
Done.
Final: Magnetisation = (0.015467,-0.002707), Energy = -0.771852 
<M> = (0.054423,-0.004593), <E> = -0.792658 

T=1.590000	 Thermalizing iterations... 
Done.
Thermalized Magnetisation = (0.029917,0.025372), Energy = -0.770634 
Averaging iterations... h=0.031250,0.000000
Done.
Final: Magnetisation = (-0.062550,0.032486), Energy = -0.787352 
<M> = (0.056478,-0.002023), <E> = -0.798744 

T=1.580000	 Thermalizing iterations... 
Done.
Thermalized Magnetisation = (0.039373,0.009454), Energy = -0.786089 
Averaging iterations... h=0.031250,0.000000
Done.
Final: Magnetisation = (0.079743,-0.054465), Energy = -0.866451 
<M> = (0.059501,-0.000301), <E> = -0.804604 

T=1.570000	 Thermalizing iterations... 
Done.
Thermalized Magnetisation = (0.075297,0.013127), Energy = -0.830667 
Averaging iterations... h=0.031250,0.000000
Done.
Final: Magnetisation = (0.041841,0.025393), Energy = -0.805505 
<M> = (0.060385,-0.000176), <E> = -0.809922 

T=1.560000	 Thermalizing iterations... 
Done.
Thermalized Magnetisation = (0.117566,-0.067326), Energy = -0.849074 
Averaging iterations... h=0.031250,0.000000
Done.
Final: Magnetisation = (0.008914,-0.014206), Energy = -0.791297 
<M> = (0.059980,0.001779), <E> = -0.815571 

T=1.550000	 Thermalizing iterations... 
Done.
Thermalized Magnetisation = (0.011450,-0.009876), Energy = -0.778781 
Averaging iterations... h=0.031250,0.000000
Done.
Final: Magnetisation = (0.035738,0.018540), Energy = -0.799918 
<M> = (0.062176,-0.001116), <E> = -0.823167 

T=1.540000	 Thermalizing iterations... 
Done.
Thermalized Magnetisation = (0.029993,0.072572), Energy = -0.819533 
Averaging iterations... h=0.031250,0.000000
Done.
Final: Magnetisation = (0.047924,-0.097736), Energy = -0.849443 
<M> = (0.064339,-0.001753), <E> = -0.829673 

T=1.530000	 Thermalizing iterations... 
Done.
Thermalized Magnetisation = (0.128398,-0.021733), Energy = -0.891735 
Averaging iterations... h=0.031250,0.000000
Done.
Final: Magnetisation = (0.070029,0.056240), Energy = -0.840747 
<M> = (0.063899,-0.004399), <E> = -0.836782 

T=1.520000	 Thermalizing iterations... 
Done.
Thermalized Magnetisation = (0.091379,0.080506), Energy = -0.860493 
Averaging iterations... h=0.031250,0.000000
Done.
Final: Magnetisation = (0.027231,-0.015247), Energy = -0.833907 
<M> = (0.066094,-0.002180), <E> = -0.843313 

T=1.510000	 Thermalizing iterations... 
Done.
Thermalized Magnetisation = (0.073641,-0.010027), Energy = -0.892950 
Averaging iterations... h=0.031250,0.000000
Done.
Final: Magnetisation = (0.059745,-0.013655), Energy = -0.843692 
<M> = (0.071503,-0.001001), <E> = -0.850631 

T=1.500000	 Thermalizing iterations... 
Done.
Thermalized Magnetisation = (0.106541,-0.081280), Energy = -0.852259 
Averaging iterations... h=0.031250,0.000000
Done.
Final: Magnetisation = (0.043890,-0.044508), Energy = -0.833368 
<M> = (0.072283,0.002461), <E> = -0.856434 

T=1.490000	 Thermalizing iterations... 
Done.
Thermalized Magnetisation = (0.091199,0.000737), Energy = -0.826034 
Averaging iterations... h=0.031250,0.000000
Done.
Final: Magnetisation = (0.051639,0.092201), Energy = -0.874919 
<M> = (0.070704,0.003320), <E> = -0.862574 

T=1.480000	 Thermalizing iterations... 
Done.
Thermalized Magnetisation = (0.088246,-0.024037), Energy = -0.846116 
Averaging iterations... h=0.031250,0.000000
Done.
Final: Magnetisation = (0.089415,-0.033276), Energy = -0.865219 
<M> = (0.070827,0.001356), <E> = -0.870418 

T=1.470000	 Thermalizing iterations... 
Done.
Thermalized Magnetisation = (0.104215,0.002749), Energy = -0.894732 
Averaging iterations... h=0.031250,0.000000
Done.
Final: Magnetisation = (0.124923,-0.010257), Energy = -0.898133 
<M> = (0.077340,-0.000422), <E> = -0.878897 

T=1.460000	 Thermalizing iterations... 
Done.
Thermalized Magnetisation = (0.069817,0.057442), Energy = -0.876480 
Averaging iterations... h=0.031250,0.000000
Done.
Final: Magnetisation = (0.067416,0.015556), Energy = -0.855111 
<M> = (0.076578,-0.002533), <E> = -0.886176 

T=1.450000	 Thermalizing iterations... 
Done.
Thermalized Magnetisation = (0.101967,0.039427), Energy = -0.903638 
Averaging iterations... h=0.031250,0.000000
Done.
Final: Magnetisation = (0.029016,-0.012297), Energy = -0.887300 
<M> = (0.078606,-0.005450), <E> = -0.894154 

T=1.440000	 Thermalizing iterations... 
Done.
Thermalized Magnetisation = (0.117246,-0.065320), Energy = -0.931175 
Averaging iterations... h=0.031250,0.000000
Done.
Final: Magnetisation = (0.142020,-0.031769), Energy = -0.944633 
<M> = (0.083079,-0.005174), <E> = -0.902100 

T=1.430000	 Thermalizing iterations... 
Done.
Thermalized Magnetisation = (0.068892,-0.082501), Energy = -0.922271 
Averaging iterations... h=0.031250,0.000000
Done.
Final: Magnetisation = (0.064347,0.004779), Energy = -0.920379 
<M> = (0.086787,0.000758), <E> = -0.908725 

T=1.420000	 Thermalizing iterations... 
Done.
Thermalized Magnetisation = (0.188491,0.035585), Energy = -0.950587 
Averaging iterations... h=0.031250,0.000000
Done.
Final: Magnetisation = (0.083009,-0.034003), Energy = -0.899471 
<M> = (0.085505,0.001253), <E> = -0.915881 

T=1.410000	 Thermalizing iterations... 
Done.
Thermalized Magnetisation = (0.100594,-0.006952), Energy = -0.945382 
Averaging iterations... h=0.031250,0.000000
Done.
Final: Magnetisation = (0.079932,-0.004214), Energy = -0.940552 
<M> = (0.085011,0.003669), <E> = -0.923742 

T=1.400000	 Thermalizing iterations... 
Done.
Thermalized Magnetisation = (0.078163,-0.007123), Energy = -0.903334 
Averaging iterations... h=0.031250,0.000000
Done.
Final: Magnetisation = (0.097381,0.081065), Energy = -0.897235 
<M> = (0.091485,-0.001915), <E> = -0.932744 

T=1.390000	 Thermalizing iterations... 
Done.
Thermalized Magnetisation = (0.032087,-0.037366), Energy = -0.961154 
Averaging iterations... h=0.031250,0.000000
Done.
Final: Magnetisation = (0.125955,-0.030796), Energy = -0.945575 
<M> = (0.092145,-0.004560), <E> = -0.941568 

T=1.380000	 Thermalizing iterations... 
Done.
Thermalized Magnetisation = (0.085613,-0.035935), Energy = -0.941012 
Averaging iterations... h=0.031250,0.000000
Done.
Final: Magnetisation = (0.106274,-0.073773), Energy = -0.918759 
<M> = (0.095343,-0.008533), <E> = -0.950652 

T=1.370000	 Thermalizing iterations... 
Done.
Thermalized Magnetisation = (-0.001288,-0.045589), Energy = -0.935525 
Averaging iterations... h=0.031250,0.000000
Done.
Final: Magnetisation = (0.029171,-0.024771), Energy = -0.912271 
<M> = (0.096812,-0.007651), <E> = -0.958903 

T=1.360000	 Thermalizing iterations... 
Done.
Thermalized Magnetisation = (0.101164,0.006408), Energy = -1.007646 
Averaging iterations... h=0.031250,0.000000
Done.
Final: Magnetisation = (0.159753,0.092132), Energy = -1.002090 
<M> = (0.103111,-0.004054), <E> = -0.967219 

T=1.350000	 Thermalizing iterations... 
Done.
Thermalized Magnetisation = (0.123412,0.105416), Energy = -0.969470 
Averaging iterations... h=0.031250,0.000000
Done.
Final: Magnetisation = (0.073155,0.072814), Energy = -0.957392 
<M> = (0.107085,0.007373), <E> = -0.975892 

T=1.340000	 Thermalizing iterations... 
Done.
Thermalized Magnetisation = (0.179210,0.029868), Energy = -1.042051 
Averaging iterations... h=0.031250,0.000000
Done.
Final: Magnetisation = (0.149778,-0.032731), Energy = -1.006756 
<M> = (0.104837,0.004432), <E> = -0.983549 

T=1.330000	 Thermalizing iterations... 
Done.
Thermalized Magnetisation = (0.157456,0.026004), Energy = -1.015889 
Averaging iterations... h=0.031250,0.000000
Done.
Final: Magnetisation = (0.102691,-0.062011), Energy = -1.019515 
<M> = (0.108750,-0.000828), <E> = -0.992513 

T=1.320000	 Thermalizing iterations... 
Done.
Thermalized Magnetisation = (0.150620,-0.037967), Energy = -1.021045 
Averaging iterations... h=0.031250,0.000000
Done.
Final: Magnetisation = (0.108135,-0.020333), Energy = -0.948295 
<M> = (0.116735,-0.001088), <E> = -1.003608 

T=1.310000	 Thermalizing iterations... 
Done.
Thermalized Magnetisation = (0.153641,-0.026271), Energy = -1.058660 
Averaging iterations... h=0.031250,0.000000
Done.
Final: Magnetisation = (0.090531,0.075225), Energy = -1.038292 
<M> = (0.118635,-0.006161), <E> = -1.013643 

T=1.300000	 Thermalizing iterations... 
Done.
Thermalized Magnetisation = (0.089899,-0.025801), Energy = -1.000422 
Averaging iterations... h=0.031250,0.000000
Done.
Final: Magnetisation = (0.134372,-0.001018), Energy = -1.073516 
<M> = (0.120475,-0.008315), <E> = -1.023234 

T=1.290000	 Thermalizing iterations... 
Done.
Thermalized Magnetisation = (0.128143,-0.044374), Energy = -1.028459 
Averaging iterations... h=0.031250,0.000000
Done.
Final: Magnetisation = (0.146446,-0.032437), Energy = -1.012104 
<M> = (0.128908,-0.007803), <E> = -1.033440 

T=1.280000	 Thermalizing iterations... 
Done.
Thermalized Magnetisation = (0.146004,0.016049), Energy = -1.054743 
Averaging iterations... h=0.031250,0.000000
Done.
Final: Magnetisation = (0.138511,0.004693), Energy = -1.046585 
<M> = (0.130661,0.000985), <E> = -1.042184 

T=1.270000	 Thermalizing iterations... 
Done.
Thermalized Magnetisation = (0.116668,0.032789), Energy = -1.050183 
Averaging iterations... h=0.031250,0.000000
Done.
Final: Magnetisation = (0.104273,0.020133), Energy = -1.052245 
<M> = (0.132655,0.001650), <E> = -1.050835 

T=1.260000	 Thermalizing iterations... 
Done.
Thermalized Magnetisation = (0.057096,0.011167), Energy = -1.032256 
Averaging iterations... h=0.031250,0.000000
Done.
Final: Magnetisation = (0.099576,-0.059635), Energy = -1.060286 
<M> = (0.136150,0.003847), <E> = -1.061196 

T=1.250000	 Thermalizing iterations... 
Done.
Thermalized Magnetisation = (0.132075,-0.079497), Energy = -1.112022 
Averaging iterations... h=0.031250,0.000000
Done.
Final: Magnetisation = (0.084473,0.074397), Energy = -1.073515 
<M> = (0.139357,-0.006167), <E> = -1.072370 

T=1.240000	 Thermalizing iterations... 
Done.
Thermalized Magnetisation = (0.167423,-0.034818), Energy = -1.115036 
Averaging iterations... h=0.031250,0.000000
Done.
Final: Magnetisation = (0.049181,-0.028516), Energy = -1.049101 
<M> = (0.147657,-0.003340), <E> = -1.083912 

T=1.230000	 Thermalizing iterations... 
Done.
Thermalized Magnetisation = (0.109754,0.111852), Energy = -1.107653 
Averaging iterations... h=0.031250,0.000000
Done.
Final: Magnetisation = (0.120819,-0.126168), Energy = -1.037795 
<M> = (0.148802,-0.012574), <E> = -1.095193 

T=1.220000	 Thermalizing iterations... 
Done.
Thermalized Magnetisation = (0.174580,-0.044577), Energy = -1.099782 
Averaging iterations... h=0.031250,0.000000
Done.
Final: Magnetisation = (0.169615,-0.062618), Energy = -1.123463 
<M> = (0.151458,-0.010510), <E> = -1.105035 

T=1.210000	 Thermalizing iterations... 
Done.
Thermalized Magnetisation = (0.145015,0.068316), Energy = -1.061290 
Averaging iterations... h=0.031250,0.000000
Done.
Final: Magnetisation = (0.139033,-0.017773), Energy = -1.142315 
<M> = (0.160097,-0.009744), <E> = -1.115792 

T=1.200000	 Thermalizing iterations... 
Done.
Thermalized Magnetisation = (0.284236,-0.078924), Energy = -1.133514 
Averaging iterations... h=0.031250,0.000000
Done.
Final: Magnetisation = (0.160886,0.010320), Energy = -1.125274 
<M> = (0.165456,0.012261), <E> = -1.126437 

T=1.190000	 Thermalizing iterations... 
Done.
Thermalized Magnetisation = (0.221889,-0.029571), Energy = -1.107598 
Averaging iterations... h=0.031250,0.000000
Done.
Final: Magnetisation = (0.163206,-0.165020), Energy = -1.160771 
<M> = (0.168516,-0.002977), <E> = -1.136275 

T=1.180000	 Thermalizing iterations... 
Done.
Thermalized Magnetisation = (0.150328,-0.068426), Energy = -1.147408 
Averaging iterations... h=0.031250,0.000000
Done.
Final: Magnetisation = (0.174558,0.005808), Energy = -1.118305 
<M> = (0.175540,0.002402), <E> = -1.149075 

T=1.170000	 Thermalizing iterations... 
Done.
Thermalized Magnetisation = (0.106537,0.030726), Energy = -1.170075 
Averaging iterations... h=0.031250,0.000000
Done.
Final: Magnetisation = (0.167073,0.126134), Energy = -1.154401 
<M> = (0.184531,-0.005138), <E> = -1.160742 

T=1.160000	 Thermalizing iterations... 
Done.
Thermalized Magnetisation = (0.214482,-0.124486), Energy = -1.184961 
Averaging iterations... h=0.031250,0.000000
Done.
Final: Magnetisation = (0.189763,-0.082006), Energy = -1.154870 
<M> = (0.187016,-0.020319), <E> = -1.173575 

T=1.150000	 Thermalizing iterations... 
Done.
Thermalized Magnetisation = (0.185809,-0.112136), Energy = -1.228083 
Averaging iterations... h=0.031250,0.000000
Done.
Final: Magnetisation = (0.146454,0.007217), Energy = -1.180810 
<M> = (0.193247,-0.020222), <E> = -1.184795 

T=1.140000	 Thermalizing iterations... 
Done.
Thermalized Magnetisation = (0.152728,-0.073605), Energy = -1.188604 
Averaging iterations... h=0.031250,0.000000
Done.
Final: Magnetisation = (0.264640,-0.032407), Energy = -1.193290 
<M> = (0.202859,-0.017005), <E> = -1.196967 

T=1.130000	 Thermalizing iterations... 
Done.
Thermalized Magnetisation = (0.155248,0.076248), Energy = -1.167162 
Averaging iterations... h=0.031250,0.000000
Done.
Final: Magnetisation = (0.197123,0.095020), Energy = -1.212240 
<M> = (0.206356,-0.014875), <E> = -1.207452 

T=1.120000	 Thermalizing iterations... 
Done.
Thermalized Magnetisation = (0.237659,0.108489), Energy = -1.226570 
Averaging iterations... h=0.031250,0.000000
Done.
Final: Magnetisation = (0.195029,-0.176415), Energy = -1.221687 
<M> = (0.211836,0.004643), <E> = -1.218065 

T=1.110000	 Thermalizing iterations... 
Done.
Thermalized Magnetisation = (0.253385,-0.019595), Energy = -1.229486 
Averaging iterations... h=0.031250,0.000000
Done.
Final: Magnetisation = (0.264428,0.041805), Energy = -1.223846 
<M> = (0.219315,0.015400), <E> = -1.229408 

T=1.100000	 Thermalizing iterations... 
Done.
Thermalized Magnetisation = (0.212168,-0.114388), Energy = -1.258908 
Averaging iterations... h=0.031250,0.000000
Done.
Final: Magnetisation = (0.237084,-0.000869), Energy = -1.234904 
<M> = (0.225056,0.005225), <E> = -1.244260 

T=1.090000	 Thermalizing iterations... 
Done.
Thermalized Magnetisation = (0.221181,-0.162048), Energy = -1.288236 
Averaging iterations... h=0.031250,0.000000
Done.
Final: Magnetisation = (0.188061,0.040339), Energy = -1.252413 
<M> = (0.229217,-0.015094), <E> = -1.257063 

T=1.080000	 Thermalizing iterations... 
Done.
Thermalized Magnetisation = (0.236782,-0.011663), Energy = -1.254669 
Averaging iterations... h=0.031250,0.000000
Done.
Final: Magnetisation = (0.231921,0.050896), Energy = -1.258604 
<M> = (0.232004,-0.046106), <E> = -1.268119 

T=1.070000	 Thermalizing iterations... 
Done.
Thermalized Magnetisation = (0.283822,0.048277), Energy = -1.279772 
Averaging iterations... h=0.031250,0.000000
Done.
Final: Magnetisation = (0.219417,-0.021975), Energy = -1.256492 
<M> = (0.241508,-0.065484), <E> = -1.281598 

T=1.060000	 Thermalizing iterations... 
Done.
Thermalized Magnetisation = (0.274797,0.045119), Energy = -1.271344 
Averaging iterations... h=0.031250,0.000000
Done.
Final: Magnetisation = (0.281015,-0.229162), Energy = -1.320823 
<M> = (0.254645,-0.027105), <E> = -1.294145 

T=1.050000	 Thermalizing iterations... 
Done.
Thermalized Magnetisation = (0.274077,-0.219513), Energy = -1.333116 
Averaging iterations... h=0.031250,0.000000
Done.
Final: Magnetisation = (0.257081,-0.095177), Energy = -1.301022 
<M> = (0.259493,-0.006951), <E> = -1.305740 

T=1.040000	 Thermalizing iterations... 
Done.
Thermalized Magnetisation = (0.193933,0.127156), Energy = -1.286136 
Averaging iterations... h=0.031250,0.000000
Done.
Final: Magnetisation = (0.244807,-0.003187), Energy = -1.313144 
<M> = (0.255664,0.025450), <E> = -1.316302 

T=1.030000	 Thermalizing iterations... 
Done.
Thermalized Magnetisation = (0.233069,-0.115764), Energy = -1.291449 
Averaging iterations... h=0.031250,0.000000
Done.
Final: Magnetisation = (0.232982,0.088971), Energy = -1.332688 
<M> = (0.266691,-0.034399), <E> = -1.328497 

T=1.020000	 Thermalizing iterations... 
Done.
Thermalized Magnetisation = (0.301056,-0.178320), Energy = -1.329805 
Averaging iterations... h=0.031250,0.000000
Done.
Final: Magnetisation = (0.247739,0.026584), Energy = -1.363095 
<M> = (0.274814,-0.091637), <E> = -1.343649 

T=1.010000	 Thermalizing iterations... 
Done.
Thermalized Magnetisation = (0.234715,0.045214), Energy = -1.342902 
Averaging iterations... h=0.031250,0.000000
Done.
Final: Magnetisation = (0.274301,-0.112461), Energy = -1.353845 
<M> = (0.274048,-0.083249), <E> = -1.355715 

T=1.000000	 Thermalizing iterations... 
Done.
Thermalized Magnetisation = (0.292066,-0.346500), Energy = -1.396500 
Averaging iterations... h=0.031250,0.000000
Done.
Final: Magnetisation = (0.348038,0.084437), Energy = -1.389032 
<M> = (0.279868,-0.127418), <E> = -1.369084 

T=0.990000	 Thermalizing iterations... 
Done.
Thermalized Magnetisation = (0.268999,-0.144119), Energy = -1.390748 
Averaging iterations... h=0.031250,0.000000
Done.
Final: Magnetisation = (0.298251,-0.184571), Energy = -1.377272 
<M> = (0.292254,-0.061134), <E> = -1.382214 

T=0.980000	 Thermalizing iterations... 
Done.
Thermalized Magnetisation = (0.335421,0.028184), Energy = -1.386965 
Averaging iterations... h=0.031250,0.000000
Done.
Final: Magnetisation = (0.355655,0.004447), Energy = -1.403760 
<M> = (0.309015,-0.086573), <E> = -1.391367 

T=0.970000	 Thermalizing iterations... 
Done.
Thermalized Magnetisation = (0.309647,0.084220), Energy = -1.381777 
Averaging iterations... h=0.031250,0.000000
Done.
Final: Magnetisation = (0.245759,0.231329), Energy = -1.408809 
<M> = (0.299611,0.143819), <E> = -1.403671 

T=0.960000	 Thermalizing iterations... 
Done.
Thermalized Magnetisation = (0.238372,-0.224756), Energy = -1.428964 
Averaging iterations... h=0.031250,0.000000
Done.
Final: Magnetisation = (0.370240,0.041608), Energy = -1.409295 
<M> = (0.304662,-0.167076), <E> = -1.414410 

T=0.950000	 Thermalizing iterations... 
Done.
Thermalized Magnetisation = (0.335127,-0.050135), Energy = -1.390997 
Averaging iterations... h=0.031250,0.000000
Done.
Final: Magnetisation = (0.278771,-0.027562), Energy = -1.417473 
<M> = (0.305148,0.024883), <E> = -1.427146 

T=0.940000	 Thermalizing iterations... 
Done.
Thermalized Magnetisation = (0.347392,-0.202954), Energy = -1.466937 
Averaging iterations... h=0.031250,0.000000
Done.
Final: Magnetisation = (0.265643,-0.151806), Energy = -1.426859 
<M> = (0.302672,-0.326927), <E> = -1.444118 

T=0.930000	 Thermalizing iterations... 
Done.
Thermalized Magnetisation = (0.347479,-0.015063), Energy = -1.451906 
Averaging iterations... h=0.031250,0.000000
Done.
Final: Magnetisation = (0.339412,-0.282859), Energy = -1.443394 
<M> = (0.301196,-0.177457), <E> = -1.452859 

T=0.920000	 Thermalizing iterations... 
Done.
Thermalized Magnetisation = (0.356297,-0.321363), Energy = -1.491048 
Averaging iterations... h=0.031250,0.000000
Done.
Final: Magnetisation = (0.301510,-0.391166), Energy = -1.459512 
<M> = (0.304154,-0.400879), <E> = -1.468812 

T=0.910000	 Thermalizing iterations... 
Done.
Thermalized Magnetisation = (0.321687,-0.332938), Energy = -1.460973 
Averaging iterations... h=0.031250,0.000000
Done.
Final: Magnetisation = (0.266383,-0.437854), Energy = -1.467781 
<M> = (0.324749,-0.365557), <E> = -1.476689 

T=0.900000	 Thermalizing iterations... 
Done.
Thermalized Magnetisation = (0.338595,-0.249459), Energy = -1.475078 
Averaging iterations... h=0.031250,0.000000
Done.
Final: Magnetisation = (0.347633,-0.166974), Energy = -1.494557 
<M> = (0.325519,-0.247936), <E> = -1.484632 

T=0.890000	 Thermalizing iterations... 
Done.
Thermalized Magnetisation = (0.276112,-0.513604), Energy = -1.499007 
Averaging iterations... h=0.031250,0.000000
Done.
Final: Magnetisation = (0.362501,-0.474758), Energy = -1.484177 
<M> = (0.293112,-0.479877), <E> = -1.500220 

T=0.880000	 Thermalizing iterations... 
Done.
Thermalized Magnetisation = (0.286559,-0.464222), Energy = -1.518804 
Averaging iterations... h=0.031250,0.000000
Done.
Final: Magnetisation = (0.349885,-0.353613), Energy = -1.523763 
<M> = (0.310641,-0.393667), <E> = -1.508475 

T=0.870000	 Thermalizing iterations... 
Done.
Thermalized Magnetisation = (0.339626,-0.461130), Energy = -1.540830 
Averaging iterations... h=0.031250,0.000000
Done.
Final: Magnetisation = (0.319434,-0.513553), Energy = -1.530402 
<M> = (0.296938,-0.496160), <E> = -1.521202 

T=0.860000	 Thermalizing iterations... 
Done.
Thermalized Magnetisation = (0.312698,-0.565054), Energy = -1.555186 
Averaging iterations... h=0.031250,0.000000
Done.
Final: Magnetisation = (0.298254,-0.512050), Energy = -1.526083 
<M> = (0.290737,-0.524380), <E> = -1.531606 

T=0.850000	 Thermalizing iterations... 
Done.
Thermalized Magnetisation = (0.282139,-0.497451), Energy = -1.525410 
Averaging iterations... h=0.031250,0.000000
Done.
Final: Magnetisation = (0.219513,-0.569213), Energy = -1.531651 
<M> = (0.293970,-0.535559), <E> = -1.541094 

T=0.840000	 Thermalizing iterations... 
Done.
Thermalized Magnetisation = (0.279934,-0.553257), Energy = -1.577289 
Averaging iterations... h=0.031250,0.000000
Done.
Final: Magnetisation = (0.303306,-0.573902), Energy = -1.564669 
<M> = (0.311933,-0.503439), <E> = -1.548658 

T=0.830000	 Thermalizing iterations... 
Done.
Thermalized Magnetisation = (0.331045,-0.518136), Energy = -1.556552 
Averaging iterations... h=0.031250,0.000000
Done.
Final: Magnetisation = (0.331952,-0.542210), Energy = -1.564304 
<M> = (0.308141,-0.540063), <E> = -1.557792 

T=0.820000	 Thermalizing iterations... 
Done.
Thermalized Magnetisation = (0.246171,-0.574369), Energy = -1.564832 
Averaging iterations... h=0.031250,0.000000
Done.
Final: Magnetisation = (0.363625,-0.513181), Energy = -1.562753 
<M> = (0.305551,-0.552345), <E> = -1.566431 

T=0.810000	 Thermalizing iterations... 
Done.
Thermalized Magnetisation = (0.303762,-0.584233), Energy = -1.558577 
Averaging iterations... h=0.031250,0.000000
Done.
Final: Magnetisation = (0.280564,-0.566838), Energy = -1.552437 
<M> = (0.295342,-0.571592), <E> = -1.575923 

T=0.800000	 Thermalizing iterations... 
Done.
Thermalized Magnetisation = (0.245813,-0.611426), Energy = -1.589342 
Averaging iterations... h=0.031250,0.000000
Done.
Final: Magnetisation = (0.256683,-0.607653), Energy = -1.570054 
<M> = (0.293890,-0.573856), <E> = -1.583915 

T=0.790000	 Thermalizing iterations... 
Done.
Thermalized Magnetisation = (0.212331,-0.617569), Energy = -1.589774 
Averaging iterations... h=0.031250,0.000000
Done.
Final: Magnetisation = (0.324718,-0.599965), Energy = -1.606308 
<M> = (0.283861,-0.591731), <E> = -1.593653 

T=0.780000	 Thermalizing iterations... 
Done.
Thermalized Magnetisation = (0.301919,-0.566715), Energy = -1.590481 
Averaging iterations... h=0.031250,0.000000
Done.
Final: Magnetisation = (0.280400,-0.621956), Energy = -1.596328 
<M> = (0.291271,-0.589136), <E> = -1.601078 

T=0.770000	 Thermalizing iterations... 
Done.
Thermalized Magnetisation = (0.342586,-0.552259), Energy = -1.604171 
Averaging iterations... h=0.031250,0.000000
Done.
Final: Magnetisation = (0.277438,-0.590813), Energy = -1.594319 
<M> = (0.298380,-0.599835), <E> = -1.608955 

T=0.760000	 Thermalizing iterations... 
Done.
Thermalized Magnetisation = (0.311114,-0.583906), Energy = -1.589875 
Averaging iterations... h=0.031250,0.000000
Done.
Final: Magnetisation = (0.344830,-0.588975), Energy = -1.629641 
<M> = (0.304867,-0.593851), <E> = -1.616208 

T=0.750000	 Thermalizing iterations... 
Done.
Thermalized Magnetisation = (0.358663,-0.546680), Energy = -1.618691 
Averaging iterations... h=0.031250,0.000000
Done.
Final: Magnetisation = (0.254101,-0.649736), Energy = -1.622286 
<M> = (0.301748,-0.594469), <E> = -1.622765 

T=0.740000	 Thermalizing iterations... 
Done.
Thermalized Magnetisation = (0.261235,-0.661710), Energy = -1.641982 
Averaging iterations... h=0.031250,0.000000
Done.
Final: Magnetisation = (0.274341,-0.632887), Energy = -1.643039 
<M> = (0.297283,-0.608553), <E> = -1.630750 

T=0.730000	 Thermalizing iterations... 
Done.
Thermalized Magnetisation = (0.312993,-0.610163), Energy = -1.627781 
Averaging iterations... h=0.031250,0.000000
Done.
Final: Magnetisation = (0.246368,-0.629809), Energy = -1.644256 
<M> = (0.287937,-0.623611), <E> = -1.639061 

T=0.720000	 Thermalizing iterations... 
Done.
Thermalized Magnetisation = (0.321268,-0.590126), Energy = -1.636178 
Averaging iterations... h=0.031250,0.000000
Done.
Final: Magnetisation = (0.296824,-0.626869), Energy = -1.642003 
<M> = (0.287723,-0.627640), <E> = -1.646719 

T=0.710000	 Thermalizing iterations... 
Done.
Thermalized Magnetisation = (0.270962,-0.634395), Energy = -1.658341 
Averaging iterations... h=0.031250,0.000000
Done.
Final: Magnetisation = (0.246700,-0.650684), Energy = -1.660481 
<M> = (0.290956,-0.634166), <E> = -1.653856 

T=0.700000	 Thermalizing iterations... 
Done.
Thermalized Magnetisation = (0.232674,-0.665622), Energy = -1.661046 
Averaging iterations... h=0.031250,0.000000
Done.
Final: Magnetisation = (0.279605,-0.636593), Energy = -1.665865 
<M> = (0.286873,-0.640607), <E> = -1.661286 

T=0.690000	 Thermalizing iterations... 
Done.
Thermalized Magnetisation = (0.297759,-0.636080), Energy = -1.669820 
Averaging iterations... h=0.031250,0.000000
Done.
Final: Magnetisation = (0.243954,-0.688946), Energy = -1.662872 
<M> = (0.294180,-0.640852), <E> = -1.668201 

T=0.680000	 Thermalizing iterations... 
Done.
Thermalized Magnetisation = (0.249387,-0.657141), Energy = -1.666454 
Averaging iterations... h=0.031250,0.000000
Done.
Final: Magnetisation = (0.246328,-0.646062), Energy = -1.681736 
<M> = (0.300144,-0.639603), <E> = -1.674020 

T=0.670000	 Thermalizing iterations... 
Done.
Thermalized Magnetisation = (0.294353,-0.658827), Energy = -1.671871 
Averaging iterations... h=0.031250,0.000000
Done.
Final: Magnetisation = (0.387128,-0.607582), Energy = -1.692942 
<M> = (0.303484,-0.637245), <E> = -1.680964 

T=0.660000	 Thermalizing iterations... 
Done.
Thermalized Magnetisation = (0.306393,-0.637064), Energy = -1.686573 
Averaging iterations... h=0.031250,0.000000
Done.
Final: Magnetisation = (0.285862,-0.651284), Energy = -1.699114 
<M> = (0.295831,-0.650447), <E> = -1.688230 

T=0.650000	 Thermalizing iterations... 
Done.
Thermalized Magnetisation = (0.268671,-0.662275), Energy = -1.688812 
Averaging iterations... h=0.031250,0.000000
Done.
Final: Magnetisation = (0.262965,-0.678878), Energy = -1.689732 
<M> = (0.295741,-0.658957), <E> = -1.695365 

T=0.640000	 Thermalizing iterations... 
Done.
Thermalized Magnetisation = (0.255904,-0.706790), Energy = -1.711590 
Averaging iterations... h=0.031250,0.000000
Done.
Final: Magnetisation = (0.315324,-0.634106), Energy = -1.702711 
<M> = (0.284651,-0.667820), <E> = -1.702748 

T=0.630000	 Thermalizing iterations... 
Done.
Thermalized Magnetisation = (0.285699,-0.661312), Energy = -1.711556 
Averaging iterations... h=0.031250,0.000000
Done.
Final: Magnetisation = (0.275919,-0.664532), Energy = -1.706668 
<M> = (0.282313,-0.673104), <E> = -1.709080 

T=0.620000	 Thermalizing iterations... 
Done.
Thermalized Magnetisation = (0.232954,-0.717429), Energy = -1.724783 
Averaging iterations... h=0.031250,0.000000
Done.
Final: Magnetisation = (0.367708,-0.645717), Energy = -1.727096 
<M> = (0.294693,-0.667353), <E> = -1.715377 

T=0.610000	 Thermalizing iterations... 
Done.
Thermalized Magnetisation = (0.275752,-0.682583), Energy = -1.721119 
Averaging iterations... h=0.031250,0.000000
Done.
Final: Magnetisation = (0.289418,-0.660102), Energy = -1.718645 
<M> = (0.300824,-0.667710), <E> = -1.721497 

T=0.600000	 Thermalizing iterations... 
Done.
Thermalized Magnetisation = (0.305517,-0.674289), Energy = -1.732526 
Averaging iterations... h=0.031250,0.000000
Done.
Final: Magnetisation = (0.282204,-0.684206), Energy = -1.719976 
<M> = (0.304908,-0.670164), <E> = -1.727727 

T=0.590000	 Thermalizing iterations... 
Done.
Thermalized Magnetisation = (0.278274,-0.674165), Energy = -1.731187 
Averaging iterations... h=0.031250,0.000000
Done.
Final: Magnetisation = (0.302682,-0.697296), Energy = -1.735943 
<M> = (0.300652,-0.678597), <E> = -1.734381 

T=0.580000	 Thermalizing iterations... 
Done.
Thermalized Magnetisation = (0.340070,-0.663809), Energy = -1.744777 
Averaging iterations... h=0.031250,0.000000
Done.
Final: Magnetisation = (0.260151,-0.682658), Energy = -1.749774 
<M> = (0.296517,-0.682824), <E> = -1.740803 

T=0.570000	 Thermalizing iterations... 
Done.
Thermalized Magnetisation = (0.297840,-0.698940), Energy = -1.749444 
Averaging iterations... h=0.031250,0.000000
Done.
Final: Magnetisation = (0.315105,-0.667520), Energy = -1.742619 
<M> = (0.290645,-0.691402), <E> = -1.747662 

T=0.560000	 Thermalizing iterations... 
Done.
Thermalized Magnetisation = (0.277657,-0.710407), Energy = -1.756364 
Averaging iterations... h=0.031250,0.000000
Done.
Final: Magnetisation = (0.322914,-0.665091), Energy = -1.754464 
<M> = (0.288062,-0.694487), <E> = -1.753989 

T=0.550000	 Thermalizing iterations... 
Done.
Thermalized Magnetisation = (0.312941,-0.674441), Energy = -1.764168 
Averaging iterations... h=0.031250,0.000000
Done.
Final: Magnetisation = (0.270021,-0.706196), Energy = -1.757788 
<M> = (0.284246,-0.705623), <E> = -1.760394 

T=0.540000	 Thermalizing iterations... 
Done.
Thermalized Magnetisation = (0.336484,-0.657605), Energy = -1.766234 
Averaging iterations... h=0.031250,0.000000
Done.
Final: Magnetisation = (0.283950,-0.723181), Energy = -1.758532 
<M> = (0.302665,-0.694175), <E> = -1.765933 

T=0.530000	 Thermalizing iterations... 
Done.
Thermalized Magnetisation = (0.342116,-0.704423), Energy = -1.775244 
Averaging iterations... h=0.031250,0.000000
Done.
Final: Magnetisation = (0.315923,-0.707787), Energy = -1.784789 
<M> = (0.296546,-0.700181), <E> = -1.771658 

T=0.520000	 Thermalizing iterations... 
Done.
Thermalized Magnetisation = (0.298801,-0.678777), Energy = -1.769343 
Averaging iterations... h=0.031250,0.000000
Done.
Final: Magnetisation = (0.287343,-0.685392), Energy = -1.765071 
<M> = (0.299480,-0.704977), <E> = -1.777917 

T=0.510000	 Thermalizing iterations... 
Done.
Thermalized Magnetisation = (0.262670,-0.728536), Energy = -1.782209 
Averaging iterations... h=0.031250,0.000000
Done.
Final: Magnetisation = (0.316247,-0.698536), Energy = -1.783283 
<M> = (0.291719,-0.713795), <E> = -1.784186 

T=0.500000	 Thermalizing iterations... 
Done.
Thermalized Magnetisation = (0.257328,-0.742026), Energy = -1.788974 
Averaging iterations... h=0.031250,0.000000
Done.
Final: Magnetisation = (0.267479,-0.734423), Energy = -1.795972 
<M> = (0.291347,-0.714607), <E> = -1.790368 

T=0.490000	 Thermalizing iterations... 
Done.
Thermalized Magnetisation = (0.249223,-0.747329), Energy = -1.796803 
Averaging iterations... h=0.031250,0.000000
Done.
Final: Magnetisation = (0.266300,-0.732027), Energy = -1.789562 
<M> = (0.285320,-0.725048), <E> = -1.796892 

T=0.480000	 Thermalizing iterations... 
Done.
Thermalized Magnetisation = (0.337879,-0.720075), Energy = -1.799827 
Averaging iterations... h=0.031250,0.000000
Done.
Final: Magnetisation = (0.295258,-0.702173), Energy = -1.788638 
<M> = (0.293722,-0.724553), <E> = -1.802814 

T=0.470000	 Thermalizing iterations... 
Done.
Thermalized Magnetisation = (0.366792,-0.689520), Energy = -1.812477 
Averaging iterations... h=0.031250,0.000000
Done.
Final: Magnetisation = (0.310698,-0.712658), Energy = -1.819706 
<M> = (0.295257,-0.722453), <E> = -1.808351 

T=0.460000	 Thermalizing iterations... 
Done.
Thermalized Magnetisation = (0.333851,-0.727408), Energy = -1.805672 
Averaging iterations... h=0.031250,0.000000
Done.
Final: Magnetisation = (0.286454,-0.734463), Energy = -1.804970 
<M> = (0.303000,-0.721675), <E> = -1.813792 

T=0.450000	 Thermalizing iterations... 
Done.
Thermalized Magnetisation = (0.316929,-0.722793), Energy = -1.826199 
Averaging iterations... h=0.031250,0.000000
Done.
Final: Magnetisation = (0.310792,-0.722940), Energy = -1.812316 
<M> = (0.301707,-0.723341), <E> = -1.819639 

T=0.440000	 Thermalizing iterations... 
Done.
Thermalized Magnetisation = (0.239522,-0.758605), Energy = -1.824222 
Averaging iterations... h=0.031250,0.000000
Done.
Final: Magnetisation = (0.325686,-0.722209), Energy = -1.824938 
<M> = (0.295280,-0.730846), <E> = -1.825665 

T=0.430000	 Thermalizing iterations... 
Done.
Thermalized Magnetisation = (0.246586,-0.768706), Energy = -1.828696 
Averaging iterations... h=0.031250,0.000000
Done.
Final: Magnetisation = (0.284389,-0.741475), Energy = -1.816895 
<M> = (0.293892,-0.738413), <E> = -1.831590 

T=0.420000	 Thermalizing iterations... 
Done.
Thermalized Magnetisation = (0.274088,-0.750124), Energy = -1.835778 
Averaging iterations... h=0.031250,0.000000
Done.
Final: Magnetisation = (0.284263,-0.739752), Energy = -1.837075 
<M> = (0.287543,-0.747055), <E> = -1.837631 

T=0.410000	 Thermalizing iterations... 
Done.
Thermalized Magnetisation = (0.333658,-0.726780), Energy = -1.845006 
Averaging iterations... h=0.031250,0.000000
Done.
Final: Magnetisation = (0.302217,-0.733382), Energy = -1.842558 
<M> = (0.286922,-0.747051), <E> = -1.843431 

T=0.400000	 Thermalizing iterations... 
Done.
Thermalized Magnetisation = (0.302372,-0.729218), Energy = -1.841870 
Averaging iterations... h=0.031250,0.000000
Done.
Final: Magnetisation = (0.278791,-0.752561), Energy = -1.850162 
<M> = (0.297638,-0.747046), <E> = -1.849121 

T=0.390000	 Thermalizing iterations... 
Done.
Thermalized Magnetisation = (0.298467,-0.760930), Energy = -1.855320 
Averaging iterations... h=0.031250,0.000000
Done.
Final: Magnetisation = (0.274501,-0.765136), Energy = -1.846077 
<M> = (0.302983,-0.749135), <E> = -1.854388 

T=0.380000	 Thermalizing iterations... 
Done.
Thermalized Magnetisation = (0.270306,-0.755913), Energy = -1.853907 
Averaging iterations... h=0.031250,0.000000
Done.
Final: Magnetisation = (0.280554,-0.760811), Energy = -1.861259 
<M> = (0.297411,-0.751658), <E> = -1.860002 

T=0.370000	 Thermalizing iterations... 
Done.
Thermalized Magnetisation = (0.270007,-0.773605), Energy = -1.870942 
Averaging iterations... h=0.031250,0.000000
Done.
Final: Magnetisation = (0.321769,-0.732263), Energy = -1.865234 
<M> = (0.300513,-0.755318), <E> = -1.865665 

T=0.360000	 Thermalizing iterations... 
Done.
Thermalized Magnetisation = (0.275468,-0.771624), Energy = -1.871237 
Averaging iterations... h=0.031250,0.000000
Done.
Final: Magnetisation = (0.286670,-0.766223), Energy = -1.868790 
<M> = (0.296769,-0.761841), <E> = -1.871351 

T=0.350000	 Thermalizing iterations... 
Done.
Thermalized Magnetisation = (0.311280,-0.751775), Energy = -1.872905 
Averaging iterations... h=0.031250,0.000000
Done.
Final: Magnetisation = (0.311825,-0.752372), Energy = -1.879689 
<M> = (0.296004,-0.763810), <E> = -1.877120 

T=0.340000	 Thermalizing iterations... 
Done.
Thermalized Magnetisation = (0.297154,-0.759392), Energy = -1.882198 
Averaging iterations... h=0.031250,0.000000
Done.
Final: Magnetisation = (0.318183,-0.770574), Energy = -1.881301 
<M> = (0.287323,-0.771844), <E> = -1.883009 

T=0.330000	 Thermalizing iterations... 
Done.
Thermalized Magnetisation = (0.284661,-0.771777), Energy = -1.884972 
Averaging iterations... h=0.031250,0.000000
Done.
Final: Magnetisation = (0.294220,-0.776134), Energy = -1.887240 
<M> = (0.288972,-0.774157), <E> = -1.888323 

T=0.320000	 Thermalizing iterations... 
Done.
Thermalized Magnetisation = (0.292049,-0.778378), Energy = -1.893612 
Averaging iterations... h=0.031250,0.000000
Done.
Final: Magnetisation = (0.283136,-0.783543), Energy = -1.896019 
<M> = (0.295866,-0.771946), <E> = -1.893790 

T=0.310000	 Thermalizing iterations... 
Done.
Thermalized Magnetisation = (0.298986,-0.780508), Energy = -1.895795 
Averaging iterations... h=0.031250,0.000000
Done.
Final: Magnetisation = (0.289998,-0.771633), Energy = -1.897516 
<M> = (0.305649,-0.769886), <E> = -1.899183 

T=0.300000	 Thermalizing iterations... 
Done.
Thermalized Magnetisation = (0.295580,-0.778322), Energy = -1.905453 
Averaging iterations... h=0.031250,0.000000
Done.
Final: Magnetisation = (0.323955,-0.754207), Energy = -1.902711 
<M> = (0.305297,-0.772460), <E> = -1.904522 

T=0.290000	 Thermalizing iterations... 
Done.
Thermalized Magnetisation = (0.288029,-0.784048), Energy = -1.910873 
Averaging iterations... h=0.031250,0.000000
Done.
Final: Magnetisation = (0.311076,-0.778264), Energy = -1.908591 
<M> = (0.294565,-0.780640), <E> = -1.910115 

T=0.280000	 Thermalizing iterations... 
Done.
Thermalized Magnetisation = (0.289227,-0.785781), Energy = -1.916833 
Averaging iterations... h=0.031250,0.000000
Done.
Final: Magnetisation = (0.259627,-0.791514), Energy = -1.911969 
<M> = (0.297993,-0.784420), <E> = -1.915540 

T=0.270000	 Thermalizing iterations... 
Done.
Thermalized Magnetisation = (0.266457,-0.809543), Energy = -1.922959 
Averaging iterations... h=0.031250,0.000000
Done.
Final: Magnetisation = (0.299092,-0.798874), Energy = -1.918282 
<M> = (0.292001,-0.789323), <E> = -1.921251 

T=0.260000	 Thermalizing iterations... 
Done.
Thermalized Magnetisation = (0.279184,-0.791070), Energy = -1.926424 
Averaging iterations... h=0.031250,0.000000
Done.
Final: Magnetisation = (0.268147,-0.797356), Energy = -1.927809 
<M> = (0.290387,-0.793916), <E> = -1.926728 

T=0.250000	 Thermalizing iterations... 
Done.
Thermalized Magnetisation = (0.309716,-0.794946), Energy = -1.934104 
Averaging iterations... h=0.031250,0.000000
Done.
Final: Magnetisation = (0.305632,-0.788784), Energy = -1.935461 
<M> = (0.294868,-0.793801), <E> = -1.931943 

T=0.240000	 Thermalizing iterations... 
Done.
Thermalized Magnetisation = (0.316366,-0.774022), Energy = -1.938570 
Averaging iterations... h=0.031250,0.000000
Done.
Final: Magnetisation = (0.283721,-0.797576), Energy = -1.935576 
<M> = (0.296429,-0.794513), <E> = -1.937250 

T=0.230000	 Thermalizing iterations... 
Done.
Thermalized Magnetisation = (0.305537,-0.793234), Energy = -1.941386 
Averaging iterations... h=0.031250,0.000000
Done.
Final: Magnetisation = (0.280752,-0.810014), Energy = -1.944362 
<M> = (0.300348,-0.796101), <E> = -1.942466 

T=0.220000	 Thermalizing iterations... 
Done.
Thermalized Magnetisation = (0.317104,-0.794042), Energy = -1.942913 
Averaging iterations... h=0.031250,0.000000
Done.
Final: Magnetisation = (0.313970,-0.789816), Energy = -1.946525 
<M> = (0.303588,-0.797339), <E> = -1.947789 

T=0.210000	 Thermalizing iterations... 
Done.
Thermalized Magnetisation = (0.288331,-0.808538), Energy = -1.952229 
Averaging iterations... h=0.031250,0.000000
Done.
Final: Magnetisation = (0.293867,-0.807202), Energy = -1.954404 
<M> = (0.294957,-0.804878), <E> = -1.953203 

T=0.200000	 Thermalizing iterations... 
Done.
Thermalized Magnetisation = (0.312904,-0.812667), Energy = -1.957263 
Averaging iterations... h=0.031250,0.000000
Done.
Final: Magnetisation = (0.305891,-0.805509), Energy = -1.954459 
<M> = (0.300825,-0.805608), <E> = -1.958617 

T=0.190000	 Thermalizing iterations... 
Done.
Thermalized Magnetisation = (0.287476,-0.823285), Energy = -1.962743 
Averaging iterations... h=0.031250,0.000000
Done.
Final: Magnetisation = (0.293927,-0.808720), Energy = -1.965561 
<M> = (0.300201,-0.809225), <E> = -1.963974 

T=0.180000	 Thermalizing iterations... 
Done.
Thermalized Magnetisation = (0.289430,-0.810630), Energy = -1.973199 
Averaging iterations... h=0.031250,0.000000
Done.
Final: Magnetisation = (0.302253,-0.811390), Energy = -1.966827 
<M> = (0.294279,-0.813312), <E> = -1.969202 

T=0.170000	 Thermalizing iterations... 
Done.
Thermalized Magnetisation = (0.286809,-0.821625), Energy = -1.972025 
Averaging iterations... h=0.031250,0.000000
Done.
Final: Magnetisation = (0.289347,-0.817919), Energy = -1.973964 
<M> = (0.295529,-0.815772), <E> = -1.974307 

T=0.160000	 Thermalizing iterations... 
Done.
Thermalized Magnetisation = (0.300814,-0.820698), Energy = -1.980526 
Averaging iterations... h=0.031250,0.000000
Done.
Final: Magnetisation = (0.309483,-0.817413), Energy = -1.982584 
<M> = (0.300746,-0.814861), <E> = -1.979506 

T=0.150000	 Thermalizing iterations... 
Done.
Thermalized Magnetisation = (0.319693,-0.811619), Energy = -1.984693 
Averaging iterations... h=0.031250,0.000000
Done.
Final: Magnetisation = (0.291016,-0.822510), Energy = -1.983629 
<M> = (0.297667,-0.818569), <E> = -1.984715 

T=0.140000	 Thermalizing iterations... 
Done.
Thermalized Magnetisation = (0.305823,-0.820428), Energy = -1.990940 
Averaging iterations... h=0.031250,0.000000
Done.
Final: Magnetisation = (0.305044,-0.823066), Energy = -1.990498 
<M> = (0.299768,-0.823266), <E> = -1.989916 

T=0.130000	 Thermalizing iterations... 
Done.
Thermalized Magnetisation = (0.310437,-0.816157), Energy = -1.996595 
Averaging iterations... h=0.031250,0.000000
Done.
Final: Magnetisation = (0.280200,-0.832712), Energy = -1.994566 
<M> = (0.301432,-0.825385), <E> = -1.995118 

T=0.120000	 Thermalizing iterations... 
Done.
Thermalized Magnetisation = (0.305271,-0.828400), Energy = -1.998529 
Averaging iterations... h=0.031250,0.000000
Done.
Final: Magnetisation = (0.312861,-0.817918), Energy = -1.999927 
<M> = (0.300940,-0.827752), <E> = -2.000439 

T=0.110000	 Thermalizing iterations... 
Done.
Thermalized Magnetisation = (0.306988,-0.828361), Energy = -2.005636 
Averaging iterations... h=0.031250,0.000000
Done.
Final: Magnetisation = (0.315852,-0.825328), Energy = -2.004732 
<M> = (0.303076,-0.829256), <E> = -2.005563 

T=0.100000	 Thermalizing iterations... 
Done.
Thermalized Magnetisation = (0.309799,-0.831545), Energy = -2.011773 
Averaging iterations... h=0.031250,0.000000
Done.
Final: Magnetisation = (0.285125,-0.838457), Energy = -2.010951 
<M> = (0.301332,-0.831969), <E> = -2.010713 

T=0.090000	 Thermalizing iterations... 
Done.
Thermalized Magnetisation = (0.294304,-0.836662), Energy = -2.014810 
Averaging iterations... h=0.031250,0.000000
Done.
Final: Magnetisation = (0.293082,-0.840810), Energy = -2.015287 
<M> = (0.300205,-0.834659), <E> = -2.015721 

T=0.080000	 Thermalizing iterations... 
Done.
Thermalized Magnetisation = (0.301805,-0.840616), Energy = -2.022387 
Averaging iterations... h=0.031250,0.000000
Done.
Final: Magnetisation = (0.300935,-0.830475), Energy = -2.021191 
<M> = (0.298222,-0.838789), <E> = -2.020846 

T=0.070000	 Thermalizing iterations... 
Done.
Thermalized Magnetisation = (0.290463,-0.846298), Energy = -2.025141 
Averaging iterations... h=0.031250,0.000000
Done.
Final: Magnetisation = (0.308121,-0.841169), Energy = -2.025481 
<M> = (0.299818,-0.841259), <E> = -2.025936 

T=0.060000	 Thermalizing iterations... 
Done.
Thermalized Magnetisation = (0.301933,-0.843496), Energy = -2.030346 
Averaging iterations... h=0.031250,0.000000
Done.
Final: Magnetisation = (0.285416,-0.848121), Energy = -2.031114 
<M> = (0.300213,-0.842602), <E> = -2.031066 

T=0.050000	 Thermalizing iterations... 
Done.
Thermalized Magnetisation = (0.295426,-0.845321), Energy = -2.035945 
Averaging iterations... h=0.031250,0.000000
Done.
Final: Magnetisation = (0.302753,-0.839421), Energy = -2.036345 
<M> = (0.303093,-0.844149), <E> = -2.036137 

T=0.040000	 Thermalizing iterations... 
Done.
Thermalized Magnetisation = (0.301523,-0.847418), Energy = -2.041398 
Averaging iterations... h=0.031250,0.000000
Done.
Final: Magnetisation = (0.301721,-0.847277), Energy = -2.041057 
<M> = (0.302582,-0.847876), <E> = -2.041219 

T=0.030000	 Thermalizing iterations... 
Done.
Thermalized Magnetisation = (0.297054,-0.850348), Energy = -2.046180 
Averaging iterations... h=0.031250,0.000000
Done.
Final: Magnetisation = (0.303663,-0.850427), Energy = -2.046187 
<M> = (0.299128,-0.851702), <E> = -2.046245 

T=0.020000	 Thermalizing iterations... 
Done.
Thermalized Magnetisation = (0.301603,-0.850555), Energy = -2.051209 
Averaging iterations... h=0.031250,0.000000
Done.
Final: Magnetisation = (0.302906,-0.850401), Energy = -2.051511 
<M> = (0.300076,-0.853018), <E> = -2.051292 

T=0.010000	 Thermalizing iterations... 
Done.
Thermalized Magnetisation = (0.297890,-0.855859), Energy = -2.056371 
Averaging iterations... h=0.031250,0.000000
Done.
Final: Magnetisation = (0.297883,-0.856110), Energy = -2.056160 
<M> = (0.299575,-0.856297), <E> = -2.056283 
Final Magnetisation = (0.297883,-0.856110), Energy = -2.056160 
------------------------

Updating all (first)black/(then)white checkerboard sites simultaneously.. 

ztne RFXY h rotating with |h|=0.031250 at T=0.000000..
loop 1

loop 2

CPU  Start Time = 391209.335841 

CPU  End Time = 399874.681922 

CPU Time elapsed total = 8665.346081 

real	144m25.384s
user	2481m4.965s
sys	1m15.605s
