+ cd /home/sbasak/Exercises/OpenMP/XY_code/Z2/rotating_field/trial/config/config_13
+ export OMP_NUM_THREADS=28
+ OMP_NUM_THREADS=28
+ ./a_4.out
nearest neighbor initialized. 
h loaded. 
J loaded. 
L = 128, dim_L = 2, dim_S = 2
hysteresis_MCS_multiplier = 10, hysteresis_MCS_max = 100
RAND_MAX = 2147483647.000000,
 sizeof(int) = 4,
 sizeof(long) = 8,
 sizeof(double) = 8,
 sizeof(long int) = 8,
 sizeof(short int) = 2,
 sizeof(unsigned int) = 4,
 sizeof(RAND_MAX) = 4
No. of THREADS = 28
No. of PROCESSORS = 28

0.060043,0.020869
order = ({1.000000-->-1.000000,0.000000}, 0, 1)
Initial Magnetisation = (0.060043,0.020869), Energy = 0.019475 
Cooling... 
T=2.000000	 Thermalizing iterations... 
Done.
Thermalized Magnetisation = (0.103666,-0.011136), Energy = -0.572026 
Averaging iterations... h=0.125000,0.000000
Done.
Final: Magnetisation = (0.113944,-0.036903), Energy = -0.598231 
<M> = (0.120376,-0.000086), <E> = -0.636454 

T=1.990000	 Thermalizing iterations... 
Done.
Thermalized Magnetisation = (0.083701,0.012931), Energy = -0.652994 
Averaging iterations... h=0.125000,0.000000
Done.
Final: Magnetisation = (0.110379,0.008178), Energy = -0.668656 
<M> = (0.123545,-0.001381), <E> = -0.641590 

T=1.980000	 Thermalizing iterations... 
Done.
Thermalized Magnetisation = (0.111802,0.013695), Energy = -0.654728 
Averaging iterations... h=0.125000,0.000000
Done.
Final: Magnetisation = (0.134175,0.005403), Energy = -0.641986 
<M> = (0.124657,-0.001019), <E> = -0.646031 

T=1.970000	 Thermalizing iterations... 
Done.
Thermalized Magnetisation = (0.116519,0.045698), Energy = -0.647233 
Averaging iterations... h=0.125000,0.000000
Done.
Final: Magnetisation = (0.101690,-0.053713), Energy = -0.627850 
<M> = (0.126820,-0.002437), <E> = -0.650766 

T=1.960000	 Thermalizing iterations... 
Done.
Thermalized Magnetisation = (0.126984,-0.034525), Energy = -0.694794 
Averaging iterations... h=0.125000,0.000000
Done.
Final: Magnetisation = (0.137921,0.014685), Energy = -0.665045 
<M> = (0.128867,-0.000684), <E> = -0.654874 

T=1.950000	 Thermalizing iterations... 
Done.
Thermalized Magnetisation = (0.119073,0.001953), Energy = -0.644899 
Averaging iterations... h=0.125000,0.000000
Done.
Final: Magnetisation = (0.184004,-0.011294), Energy = -0.681324 
<M> = (0.130942,-0.000408), <E> = -0.658495 

T=1.940000	 Thermalizing iterations... 
Done.
Thermalized Magnetisation = (0.167497,-0.016178), Energy = -0.662608 
Averaging iterations... h=0.125000,0.000000
Done.
Final: Magnetisation = (0.163664,0.025848), Energy = -0.658884 
<M> = (0.130791,0.000361), <E> = -0.661733 

T=1.930000	 Thermalizing iterations... 
Done.
Thermalized Magnetisation = (0.147871,-0.006654), Energy = -0.694822 
Averaging iterations... h=0.125000,0.000000
Done.
Final: Magnetisation = (0.065354,0.015587), Energy = -0.611521 
<M> = (0.132160,0.000134), <E> = -0.665152 

T=1.920000	 Thermalizing iterations... 
Done.
Thermalized Magnetisation = (0.112850,0.041169), Energy = -0.689176 
Averaging iterations... h=0.125000,0.000000
Done.
Final: Magnetisation = (0.131907,-0.024316), Energy = -0.659263 
<M> = (0.135201,-0.001329), <E> = -0.670499 

T=1.910000	 Thermalizing iterations... 
Done.
Thermalized Magnetisation = (0.093116,0.006437), Energy = -0.661360 
Averaging iterations... h=0.125000,0.000000
Done.
Final: Magnetisation = (0.118111,-0.008661), Energy = -0.709043 
<M> = (0.137635,-0.001380), <E> = -0.675902 

T=1.900000	 Thermalizing iterations... 
Done.
Thermalized Magnetisation = (0.201963,0.089477), Energy = -0.697509 
Averaging iterations... h=0.125000,0.000000
Done.
Final: Magnetisation = (0.080227,-0.019450), Energy = -0.657436 
<M> = (0.139497,-0.002330), <E> = -0.680579 

T=1.890000	 Thermalizing iterations... 
Done.
Thermalized Magnetisation = (0.089548,0.009572), Energy = -0.673950 
Averaging iterations... h=0.125000,0.000000
Done.
Final: Magnetisation = (0.107591,0.017829), Energy = -0.666330 
<M> = (0.141479,-0.002214), <E> = -0.685216 

T=1.880000	 Thermalizing iterations... 
Done.
Thermalized Magnetisation = (0.163622,-0.020485), Energy = -0.696272 
Averaging iterations... h=0.125000,0.000000
Done.
Final: Magnetisation = (0.093912,-0.003331), Energy = -0.696400 
<M> = (0.144281,-0.001560), <E> = -0.690137 

T=1.870000	 Thermalizing iterations... 
Done.
Thermalized Magnetisation = (0.125589,0.022694), Energy = -0.688584 
Averaging iterations... h=0.125000,0.000000
Done.
Final: Magnetisation = (0.144614,0.021877), Energy = -0.681952 
<M> = (0.145637,0.002074), <E> = -0.693785 

T=1.860000	 Thermalizing iterations... 
Done.
Thermalized Magnetisation = (0.120979,0.036543), Energy = -0.663631 
Averaging iterations... h=0.125000,0.000000
Done.
Final: Magnetisation = (0.168506,-0.029021), Energy = -0.683455 
<M> = (0.146936,-0.000027), <E> = -0.698168 

T=1.850000	 Thermalizing iterations... 
Done.
Thermalized Magnetisation = (0.125271,0.098350), Energy = -0.697894 
Averaging iterations... h=0.125000,0.000000
Done.
Final: Magnetisation = (0.185222,-0.011539), Energy = -0.734412 
<M> = (0.149237,-0.000609), <E> = -0.702916 

T=1.840000	 Thermalizing iterations... 
Done.
Thermalized Magnetisation = (0.150788,0.038349), Energy = -0.689048 
Averaging iterations... h=0.125000,0.000000
Done.
Final: Magnetisation = (0.180700,-0.029939), Energy = -0.769888 
<M> = (0.152938,-0.001504), <E> = -0.708792 

T=1.830000	 Thermalizing iterations... 
Done.
Thermalized Magnetisation = (0.204211,0.005325), Energy = -0.716233 
Averaging iterations... h=0.125000,0.000000
Done.
Final: Magnetisation = (0.142987,0.041680), Energy = -0.696109 
<M> = (0.154344,-0.002460), <E> = -0.714023 

T=1.820000	 Thermalizing iterations... 
Done.
Thermalized Magnetisation = (0.143597,0.026015), Energy = -0.714866 
Averaging iterations... h=0.125000,0.000000
Done.
Final: Magnetisation = (0.166784,-0.012598), Energy = -0.713619 
<M> = (0.157736,-0.002473), <E> = -0.720282 

T=1.810000	 Thermalizing iterations... 
Done.
Thermalized Magnetisation = (0.148759,0.021126), Energy = -0.712624 
Averaging iterations... h=0.125000,0.000000
Done.
Final: Magnetisation = (0.155135,0.044196), Energy = -0.702097 
<M> = (0.161813,-0.001378), <E> = -0.725278 

T=1.800000	 Thermalizing iterations... 
Done.
Thermalized Magnetisation = (0.110899,0.008170), Energy = -0.681758 
Averaging iterations... h=0.125000,0.000000
Done.
Final: Magnetisation = (0.171473,0.031044), Energy = -0.747552 
<M> = (0.163837,-0.000161), <E> = -0.729391 

T=1.790000	 Thermalizing iterations... 
Done.
Thermalized Magnetisation = (0.176955,-0.033937), Energy = -0.729346 
Averaging iterations... h=0.125000,0.000000
Done.
Final: Magnetisation = (0.130487,-0.071060), Energy = -0.721254 
<M> = (0.165030,0.000249), <E> = -0.734388 

T=1.780000	 Thermalizing iterations... 
Done.
Thermalized Magnetisation = (0.169708,-0.005357), Energy = -0.751208 
Averaging iterations... h=0.125000,0.000000
Done.
Final: Magnetisation = (0.193717,0.007507), Energy = -0.745542 
<M> = (0.166529,0.000773), <E> = -0.739079 

T=1.770000	 Thermalizing iterations... 
Done.
Thermalized Magnetisation = (0.184754,0.049607), Energy = -0.750012 
Averaging iterations... h=0.125000,0.000000
Done.
Final: Magnetisation = (0.184280,0.070285), Energy = -0.744064 
<M> = (0.170707,-0.003238), <E> = -0.745704 

T=1.760000	 Thermalizing iterations... 
Done.
Thermalized Magnetisation = (0.177648,0.021604), Energy = -0.796013 
Averaging iterations... h=0.125000,0.000000
Done.
Final: Magnetisation = (0.215013,-0.033272), Energy = -0.757413 
<M> = (0.173048,-0.001238), <E> = -0.751656 

T=1.750000	 Thermalizing iterations... 
Done.
Thermalized Magnetisation = (0.148507,-0.000161), Energy = -0.731446 
Averaging iterations... h=0.125000,0.000000
Done.
Final: Magnetisation = (0.220114,-0.017764), Energy = -0.751746 
<M> = (0.175784,-0.003206), <E> = -0.757321 

T=1.740000	 Thermalizing iterations... 
Done.
Thermalized Magnetisation = (0.184558,0.024050), Energy = -0.745247 
Averaging iterations... h=0.125000,0.000000
Done.
Final: Magnetisation = (0.181270,-0.022730), Energy = -0.748383 
<M> = (0.178891,-0.002553), <E> = -0.763394 

T=1.730000	 Thermalizing iterations... 
Done.
Thermalized Magnetisation = (0.201536,-0.033020), Energy = -0.789343 
Averaging iterations... h=0.125000,0.000000
Done.
Final: Magnetisation = (0.153243,-0.038495), Energy = -0.773627 
<M> = (0.183300,-0.000792), <E> = -0.769609 

T=1.720000	 Thermalizing iterations... 
Done.
Thermalized Magnetisation = (0.180411,-0.049977), Energy = -0.773179 
Averaging iterations... h=0.125000,0.000000
Done.
Final: Magnetisation = (0.198238,0.029449), Energy = -0.780398 
<M> = (0.183952,0.000516), <E> = -0.773463 

T=1.710000	 Thermalizing iterations... 
Done.
Thermalized Magnetisation = (0.213099,-0.061088), Energy = -0.823259 
Averaging iterations... h=0.125000,0.000000
Done.
Final: Magnetisation = (0.221604,-0.020324), Energy = -0.816382 
<M> = (0.187455,-0.000389), <E> = -0.779837 

T=1.700000	 Thermalizing iterations... 
Done.
Thermalized Magnetisation = (0.239594,0.028867), Energy = -0.805108 
Averaging iterations... h=0.125000,0.000000
Done.
Final: Magnetisation = (0.213914,0.028361), Energy = -0.787781 
<M> = (0.191569,-0.001038), <E> = -0.786577 

T=1.690000	 Thermalizing iterations... 
Done.
Thermalized Magnetisation = (0.128788,0.008213), Energy = -0.775998 
Averaging iterations... h=0.125000,0.000000
Done.
Final: Magnetisation = (0.197715,-0.062642), Energy = -0.786173 
<M> = (0.195085,-0.001011), <E> = -0.793216 

T=1.680000	 Thermalizing iterations... 
Done.
Thermalized Magnetisation = (0.167177,-0.019936), Energy = -0.803997 
Averaging iterations... h=0.125000,0.000000
Done.
Final: Magnetisation = (0.163049,-0.094563), Energy = -0.799623 
<M> = (0.198300,-0.003703), <E> = -0.800608 

T=1.670000	 Thermalizing iterations... 
Done.
Thermalized Magnetisation = (0.168021,-0.005467), Energy = -0.801413 
Averaging iterations... h=0.125000,0.000000
Done.
Final: Magnetisation = (0.219094,-0.099745), Energy = -0.836658 
<M> = (0.202046,-0.002145), <E> = -0.807210 

T=1.660000	 Thermalizing iterations... 
Done.
Thermalized Magnetisation = (0.157125,0.017432), Energy = -0.791617 
Averaging iterations... h=0.125000,0.000000
Done.
Final: Magnetisation = (0.235128,-0.025390), Energy = -0.832672 
<M> = (0.206878,-0.002037), <E> = -0.814010 

T=1.650000	 Thermalizing iterations... 
Done.
Thermalized Magnetisation = (0.208848,-0.001171), Energy = -0.801775 
Averaging iterations... h=0.125000,0.000000
Done.
Final: Magnetisation = (0.150349,0.045233), Energy = -0.777885 
<M> = (0.210412,0.001683), <E> = -0.819539 

T=1.640000	 Thermalizing iterations... 
Done.
Thermalized Magnetisation = (0.223959,0.068485), Energy = -0.845172 
Averaging iterations... h=0.125000,0.000000
Done.
Final: Magnetisation = (0.250566,-0.030478), Energy = -0.839651 
<M> = (0.213461,0.001915), <E> = -0.825979 

T=1.630000	 Thermalizing iterations... 
Done.
Thermalized Magnetisation = (0.191398,0.039248), Energy = -0.840473 
Averaging iterations... h=0.125000,0.000000
Done.
Final: Magnetisation = (0.205159,0.015791), Energy = -0.761778 
<M> = (0.217092,0.000195), <E> = -0.832482 

T=1.620000	 Thermalizing iterations... 
Done.
Thermalized Magnetisation = (0.238459,-0.051111), Energy = -0.845872 
Averaging iterations... h=0.125000,0.000000
Done.
Final: Magnetisation = (0.277220,-0.049082), Energy = -0.833501 
<M> = (0.221906,-0.001022), <E> = -0.840483 

T=1.610000	 Thermalizing iterations... 
Done.
Thermalized Magnetisation = (0.241294,0.044970), Energy = -0.868043 
Averaging iterations... h=0.125000,0.000000
Done.
Final: Magnetisation = (0.214226,0.084996), Energy = -0.879120 
<M> = (0.225700,-0.001952), <E> = -0.848219 

T=1.600000	 Thermalizing iterations... 
Done.
Thermalized Magnetisation = (0.258719,-0.046334), Energy = -0.894131 
Averaging iterations... h=0.125000,0.000000
Done.
Final: Magnetisation = (0.173934,-0.012173), Energy = -0.804529 
<M> = (0.229799,-0.004916), <E> = -0.856052 

T=1.590000	 Thermalizing iterations... 
Done.
Thermalized Magnetisation = (0.234272,0.017817), Energy = -0.848373 
Averaging iterations... h=0.125000,0.000000
Done.
Final: Magnetisation = (0.170232,0.031450), Energy = -0.833263 
<M> = (0.234495,-0.003311), <E> = -0.863429 

T=1.580000	 Thermalizing iterations... 
Done.
Thermalized Magnetisation = (0.237833,-0.007412), Energy = -0.833149 
Averaging iterations... h=0.125000,0.000000
Done.
Final: Magnetisation = (0.227492,-0.025609), Energy = -0.901639 
<M> = (0.240075,-0.000288), <E> = -0.871490 

T=1.570000	 Thermalizing iterations... 
Done.
Thermalized Magnetisation = (0.235154,0.039701), Energy = -0.883886 
Averaging iterations... h=0.125000,0.000000
Done.
Final: Magnetisation = (0.258479,0.007242), Energy = -0.869826 
<M> = (0.244694,0.000365), <E> = -0.878002 

T=1.560000	 Thermalizing iterations... 
Done.
Thermalized Magnetisation = (0.309373,-0.023656), Energy = -0.943169 
Averaging iterations... h=0.125000,0.000000
Done.
Final: Magnetisation = (0.211471,-0.017057), Energy = -0.844042 
<M> = (0.247568,0.000421), <E> = -0.884690 

T=1.550000	 Thermalizing iterations... 
Done.
Thermalized Magnetisation = (0.197010,0.003561), Energy = -0.837153 
Averaging iterations... h=0.125000,0.000000
Done.
Final: Magnetisation = (0.235183,0.018527), Energy = -0.867183 
<M> = (0.253562,-0.000184), <E> = -0.893615 

T=1.540000	 Thermalizing iterations... 
Done.
Thermalized Magnetisation = (0.246280,0.084435), Energy = -0.887577 
Averaging iterations... h=0.125000,0.000000
Done.
Final: Magnetisation = (0.233921,-0.090242), Energy = -0.912239 
<M> = (0.258065,-0.001631), <E> = -0.901886 

T=1.530000	 Thermalizing iterations... 
Done.
Thermalized Magnetisation = (0.308669,-0.007482), Energy = -0.966569 
Averaging iterations... h=0.125000,0.000000
Done.
Final: Magnetisation = (0.268402,0.051346), Energy = -0.922848 
<M> = (0.263470,-0.002639), <E> = -0.911208 

T=1.520000	 Thermalizing iterations... 
Done.
Thermalized Magnetisation = (0.300700,0.051465), Energy = -0.943649 
Averaging iterations... h=0.125000,0.000000
Done.
Final: Magnetisation = (0.242473,-0.013617), Energy = -0.893882 
<M> = (0.268576,-0.004442), <E> = -0.919868 

T=1.510000	 Thermalizing iterations... 
Done.
Thermalized Magnetisation = (0.289461,-0.011718), Energy = -0.966008 
Averaging iterations... h=0.125000,0.000000
Done.
Final: Magnetisation = (0.255343,-0.010773), Energy = -0.910715 
<M> = (0.276144,-0.000319), <E> = -0.928485 

T=1.500000	 Thermalizing iterations... 
Done.
Thermalized Magnetisation = (0.318900,-0.062726), Energy = -0.942258 
Averaging iterations... h=0.125000,0.000000
Done.
Final: Magnetisation = (0.254172,-0.058248), Energy = -0.919076 
<M> = (0.280265,0.002427), <E> = -0.935968 

T=1.490000	 Thermalizing iterations... 
Done.
Thermalized Magnetisation = (0.314684,-0.009551), Energy = -0.954046 
Averaging iterations... h=0.125000,0.000000
Done.
Final: Magnetisation = (0.249237,0.081954), Energy = -0.917496 
<M> = (0.285685,0.000659), <E> = -0.944596 

T=1.480000	 Thermalizing iterations... 
Done.
Thermalized Magnetisation = (0.284105,-0.051069), Energy = -0.911843 
Averaging iterations... h=0.125000,0.000000
Done.
Final: Magnetisation = (0.291009,-0.027926), Energy = -0.951774 
<M> = (0.289107,0.002206), <E> = -0.952495 

T=1.470000	 Thermalizing iterations... 
Done.
Thermalized Magnetisation = (0.314897,0.016236), Energy = -0.970333 
Averaging iterations... h=0.125000,0.000000
Done.
Final: Magnetisation = (0.339970,-0.030783), Energy = -0.987458 
<M> = (0.297962,0.000098), <E> = -0.963596 

T=1.460000	 Thermalizing iterations... 
Done.
Thermalized Magnetisation = (0.309886,0.064020), Energy = -0.962709 
Averaging iterations... h=0.125000,0.000000
Done.
Final: Magnetisation = (0.292087,0.034824), Energy = -0.949693 
<M> = (0.302707,-0.000822), <E> = -0.973156 

T=1.450000	 Thermalizing iterations... 
Done.
Thermalized Magnetisation = (0.288176,0.029065), Energy = -1.002471 
Averaging iterations... h=0.125000,0.000000
Done.
Final: Magnetisation = (0.272413,-0.037109), Energy = -0.960179 
<M> = (0.310344,-0.005888), <E> = -0.983801 

T=1.440000	 Thermalizing iterations... 
Done.
Thermalized Magnetisation = (0.371300,-0.052219), Energy = -1.041104 
Averaging iterations... h=0.125000,0.000000
Done.
Final: Magnetisation = (0.340234,0.013869), Energy = -1.030643 
<M> = (0.316524,-0.004022), <E> = -0.992986 

T=1.430000	 Thermalizing iterations... 
Done.
Thermalized Magnetisation = (0.307327,-0.071553), Energy = -1.002518 
Averaging iterations... h=0.125000,0.000000
Done.
Final: Magnetisation = (0.311717,0.026143), Energy = -1.003536 
<M> = (0.322946,-0.000245), <E> = -1.001358 

T=1.420000	 Thermalizing iterations... 
Done.
Thermalized Magnetisation = (0.394780,0.032483), Energy = -1.051546 
Averaging iterations... h=0.125000,0.000000
Done.
Final: Magnetisation = (0.312050,-0.021944), Energy = -1.010393 
<M> = (0.329011,0.000475), <E> = -1.010731 

T=1.410000	 Thermalizing iterations... 
Done.
Thermalized Magnetisation = (0.342219,0.011844), Energy = -1.042066 
Averaging iterations... h=0.125000,0.000000
Done.
Final: Magnetisation = (0.312101,-0.020999), Energy = -1.020447 
<M> = (0.334660,0.003070), <E> = -1.019912 

T=1.400000	 Thermalizing iterations... 
Done.
Thermalized Magnetisation = (0.344724,-0.000260), Energy = -0.986528 
Averaging iterations... h=0.125000,0.000000
Done.
Final: Magnetisation = (0.334048,0.084309), Energy = -0.999246 
<M> = (0.343554,-0.002196), <E> = -1.032187 

T=1.390000	 Thermalizing iterations... 
Done.
Thermalized Magnetisation = (0.308722,-0.016983), Energy = -1.048452 
Averaging iterations... h=0.125000,0.000000
Done.
Final: Magnetisation = (0.354881,0.008536), Energy = -1.062799 
<M> = (0.348967,-0.002280), <E> = -1.042031 

T=1.380000	 Thermalizing iterations... 
Done.
Thermalized Magnetisation = (0.343536,-0.010642), Energy = -1.028382 
Averaging iterations... h=0.125000,0.000000
Done.
Final: Magnetisation = (0.354024,-0.031012), Energy = -1.021670 
<M> = (0.356732,-0.007569), <E> = -1.053379 

T=1.370000	 Thermalizing iterations... 
Done.
Thermalized Magnetisation = (0.315290,-0.069737), Energy = -1.026165 
Averaging iterations... h=0.125000,0.000000
Done.
Final: Magnetisation = (0.331156,-0.021010), Energy = -1.021056 
<M> = (0.361565,-0.004443), <E> = -1.062922 

T=1.360000	 Thermalizing iterations... 
Done.
Thermalized Magnetisation = (0.380438,0.021062), Energy = -1.111764 
Averaging iterations... h=0.125000,0.000000
Done.
Final: Magnetisation = (0.422268,0.098441), Energy = -1.126409 
<M> = (0.371478,-0.000282), <E> = -1.074272 

T=1.350000	 Thermalizing iterations... 
Done.
Thermalized Magnetisation = (0.398323,0.088202), Energy = -1.077316 
Averaging iterations... h=0.125000,0.000000
Done.
Final: Magnetisation = (0.339358,0.018185), Energy = -1.044458 
<M> = (0.380617,0.002060), <E> = -1.084694 

T=1.340000	 Thermalizing iterations... 
Done.
Thermalized Magnetisation = (0.448782,0.019359), Energy = -1.170758 
Averaging iterations... h=0.125000,0.000000
Done.
Final: Magnetisation = (0.400787,-0.023226), Energy = -1.116957 
<M> = (0.385632,-0.000420), <E> = -1.094443 

T=1.330000	 Thermalizing iterations... 
Done.
Thermalized Magnetisation = (0.445028,0.008995), Energy = -1.147174 
Averaging iterations... h=0.125000,0.000000
Done.
Final: Magnetisation = (0.415563,-0.049752), Energy = -1.116868 
<M> = (0.394531,-0.002889), <E> = -1.106049 

T=1.320000	 Thermalizing iterations... 
Done.
Thermalized Magnetisation = (0.396266,0.028447), Energy = -1.121526 
Averaging iterations... h=0.125000,0.000000
Done.
Final: Magnetisation = (0.392017,-0.048412), Energy = -1.081214 
<M> = (0.403682,0.000032), <E> = -1.118653 

T=1.310000	 Thermalizing iterations... 
Done.
Thermalized Magnetisation = (0.460622,0.010390), Energy = -1.177493 
Averaging iterations... h=0.125000,0.000000
Done.
Final: Magnetisation = (0.403226,0.022832), Energy = -1.142932 
<M> = (0.411213,-0.004619), <E> = -1.131372 

T=1.300000	 Thermalizing iterations... 
Done.
Thermalized Magnetisation = (0.405341,-0.013399), Energy = -1.111563 
Averaging iterations... h=0.125000,0.000000
Done.
Final: Magnetisation = (0.437118,-0.023766), Energy = -1.206966 
<M> = (0.416663,-0.004042), <E> = -1.141619 

T=1.290000	 Thermalizing iterations... 
Done.
Thermalized Magnetisation = (0.456975,-0.013371), Energy = -1.167651 
Averaging iterations... h=0.125000,0.000000
Done.
Final: Magnetisation = (0.446024,0.008153), Energy = -1.143998 
<M> = (0.428137,-0.006568), <E> = -1.155022 

T=1.280000	 Thermalizing iterations... 
Done.
Thermalized Magnetisation = (0.430364,0.039682), Energy = -1.171411 
Averaging iterations... h=0.125000,0.000000
Done.
Final: Magnetisation = (0.434444,-0.002467), Energy = -1.165068 
<M> = (0.435124,-0.001480), <E> = -1.164933 

T=1.270000	 Thermalizing iterations... 
Done.
Thermalized Magnetisation = (0.420704,0.052761), Energy = -1.148122 
Averaging iterations... h=0.125000,0.000000
Done.
Final: Magnetisation = (0.442092,0.028949), Energy = -1.169078 
<M> = (0.444057,-0.001025), <E> = -1.176184 

T=1.260000	 Thermalizing iterations... 
Done.
Thermalized Magnetisation = (0.402493,0.050267), Energy = -1.172264 
Averaging iterations... h=0.125000,0.000000
Done.
Final: Magnetisation = (0.437368,-0.060250), Energy = -1.192553 
<M> = (0.450214,-0.001122), <E> = -1.187269 

T=1.250000	 Thermalizing iterations... 
Done.
Thermalized Magnetisation = (0.455916,-0.079562), Energy = -1.241490 
Averaging iterations... h=0.125000,0.000000
Done.
Final: Magnetisation = (0.423143,0.052629), Energy = -1.186320 
<M> = (0.460448,-0.005501), <E> = -1.200529 

T=1.240000	 Thermalizing iterations... 
Done.
Thermalized Magnetisation = (0.481999,0.015032), Energy = -1.247872 
Averaging iterations... h=0.125000,0.000000
Done.
Final: Magnetisation = (0.388754,-0.025414), Energy = -1.152033 
<M> = (0.468006,0.002106), <E> = -1.212382 

T=1.230000	 Thermalizing iterations... 
Done.
Thermalized Magnetisation = (0.463791,0.104556), Energy = -1.215228 
Averaging iterations... h=0.125000,0.000000
Done.
Final: Magnetisation = (0.421513,-0.023457), Energy = -1.124728 
<M> = (0.474478,-0.004240), <E> = -1.224659 

T=1.220000	 Thermalizing iterations... 
Done.
Thermalized Magnetisation = (0.485339,-0.066823), Energy = -1.232716 
Averaging iterations... h=0.125000,0.000000
Done.
Final: Magnetisation = (0.466189,-0.064956), Energy = -1.243355 
<M> = (0.481929,-0.007197), <E> = -1.235988 

T=1.210000	 Thermalizing iterations... 
Done.
Thermalized Magnetisation = (0.470731,0.039112), Energy = -1.186660 
Averaging iterations... h=0.125000,0.000000
Done.
Final: Magnetisation = (0.477863,-0.048855), Energy = -1.265232 
<M> = (0.492931,-0.005605), <E> = -1.249377 

T=1.200000	 Thermalizing iterations... 
Done.
Thermalized Magnetisation = (0.550648,-0.025958), Energy = -1.266330 
Averaging iterations... h=0.125000,0.000000
Done.
Final: Magnetisation = (0.499517,0.006453), Energy = -1.258739 
<M> = (0.501600,0.001768), <E> = -1.259687 

T=1.190000	 Thermalizing iterations... 
Done.
Thermalized Magnetisation = (0.516048,-0.009328), Energy = -1.235034 
Averaging iterations... h=0.125000,0.000000
Done.
Final: Magnetisation = (0.507821,-0.092172), Energy = -1.295138 
<M> = (0.508056,-0.002955), <E> = -1.271065 

T=1.180000	 Thermalizing iterations... 
Done.
Thermalized Magnetisation = (0.525487,-0.076450), Energy = -1.275891 
Averaging iterations... h=0.125000,0.000000
Done.
Final: Magnetisation = (0.497270,0.040815), Energy = -1.251045 
<M> = (0.517905,-0.001860), <E> = -1.283766 

T=1.170000	 Thermalizing iterations... 
Done.
Thermalized Magnetisation = (0.506819,0.058632), Energy = -1.295595 
Averaging iterations... h=0.125000,0.000000
Done.
Final: Magnetisation = (0.500869,0.128101), Energy = -1.281328 
<M> = (0.525194,0.001593), <E> = -1.296078 

T=1.160000	 Thermalizing iterations... 
Done.
Thermalized Magnetisation = (0.535147,-0.081336), Energy = -1.316510 
Averaging iterations... h=0.125000,0.000000
Done.
Final: Magnetisation = (0.516214,-0.081761), Energy = -1.282002 
<M> = (0.533781,-0.006787), <E> = -1.309874 

T=1.150000	 Thermalizing iterations... 
Done.
Thermalized Magnetisation = (0.562664,-0.032432), Energy = -1.372630 
Averaging iterations... h=0.125000,0.000000
Done.
Final: Magnetisation = (0.533764,-0.006654), Energy = -1.313766 
<M> = (0.539219,-0.006996), <E> = -1.320561 

T=1.140000	 Thermalizing iterations... 
Done.
Thermalized Magnetisation = (0.520192,-0.060765), Energy = -1.346169 
Averaging iterations... h=0.125000,0.000000
Done.
Final: Magnetisation = (0.569046,-0.047253), Energy = -1.355725 
<M> = (0.549539,-0.006840), <E> = -1.333117 

T=1.130000	 Thermalizing iterations... 
Done.
Thermalized Magnetisation = (0.517283,0.029808), Energy = -1.284246 
Averaging iterations... h=0.125000,0.000000
Done.
Final: Magnetisation = (0.544082,0.034131), Energy = -1.344329 
<M> = (0.557568,-0.004787), <E> = -1.344807 

T=1.120000	 Thermalizing iterations... 
Done.
Thermalized Magnetisation = (0.540587,-0.012811), Energy = -1.362541 
Averaging iterations... h=0.125000,0.000000
Done.
Final: Magnetisation = (0.564630,-0.088649), Energy = -1.351523 
<M> = (0.566362,0.001288), <E> = -1.355946 

T=1.110000	 Thermalizing iterations... 
Done.
Thermalized Magnetisation = (0.597811,-0.028925), Energy = -1.384380 
Averaging iterations... h=0.125000,0.000000
Done.
Final: Magnetisation = (0.587408,0.029068), Energy = -1.374172 
<M> = (0.573700,0.004150), <E> = -1.366470 

T=1.100000	 Thermalizing iterations... 
Done.
Thermalized Magnetisation = (0.591199,-0.078510), Energy = -1.398227 
Averaging iterations... h=0.125000,0.000000
Done.
Final: Magnetisation = (0.618577,0.055597), Energy = -1.405684 
<M> = (0.579189,-0.002561), <E> = -1.378789 

T=1.090000	 Thermalizing iterations... 
Done.
Thermalized Magnetisation = (0.583893,-0.060513), Energy = -1.402970 
Averaging iterations... h=0.125000,0.000000
Done.
Final: Magnetisation = (0.566392,-0.005997), Energy = -1.394494 
<M> = (0.587389,-0.007463), <E> = -1.391148 

T=1.080000	 Thermalizing iterations... 
Done.
Thermalized Magnetisation = (0.571685,-0.056169), Energy = -1.383440 
Averaging iterations... h=0.125000,0.000000
Done.
Final: Magnetisation = (0.606571,0.087289), Energy = -1.408512 
<M> = (0.592783,-0.015977), <E> = -1.401943 

T=1.070000	 Thermalizing iterations... 
Done.
Thermalized Magnetisation = (0.612103,0.113834), Energy = -1.425744 
Averaging iterations... h=0.125000,0.000000
Done.
Final: Magnetisation = (0.613498,0.017733), Energy = -1.406831 
<M> = (0.599957,-0.007180), <E> = -1.412705 

T=1.060000	 Thermalizing iterations... 
Done.
Thermalized Magnetisation = (0.576635,0.016223), Energy = -1.406930 
Averaging iterations... h=0.125000,0.000000
Done.
Final: Magnetisation = (0.637936,-0.025328), Energy = -1.426338 
<M> = (0.608039,-0.006973), <E> = -1.424753 

T=1.050000	 Thermalizing iterations... 
Done.
Thermalized Magnetisation = (0.632170,-0.066127), Energy = -1.465380 
Averaging iterations... h=0.125000,0.000000
Done.
Final: Magnetisation = (0.585756,-0.034862), Energy = -1.414731 
<M> = (0.617297,0.003574), <E> = -1.435170 

T=1.040000	 Thermalizing iterations... 
Done.
Thermalized Magnetisation = (0.617494,-0.025332), Energy = -1.438411 
Averaging iterations... h=0.125000,0.000000
Done.
Final: Magnetisation = (0.585906,0.011052), Energy = -1.418100 
<M> = (0.620962,0.003467), <E> = -1.445039 

T=1.030000	 Thermalizing iterations... 
Done.
Thermalized Magnetisation = (0.602402,0.005864), Energy = -1.416336 
Averaging iterations... h=0.125000,0.000000
Done.
Final: Magnetisation = (0.600123,0.036512), Energy = -1.459737 
<M> = (0.627472,-0.000658), <E> = -1.456229 

T=1.020000	 Thermalizing iterations... 
Done.
Thermalized Magnetisation = (0.650802,-0.058357), Energy = -1.470260 
Averaging iterations... h=0.125000,0.000000
Done.
Final: Magnetisation = (0.644992,0.005598), Energy = -1.495443 
<M> = (0.633796,-0.003538), <E> = -1.466825 

T=1.010000	 Thermalizing iterations... 
Done.
Thermalized Magnetisation = (0.602358,0.042428), Energy = -1.452518 
Averaging iterations... h=0.125000,0.000000
Done.
Final: Magnetisation = (0.653450,-0.052574), Energy = -1.486587 
<M> = (0.640977,-0.011839), <E> = -1.478551 

T=1.000000	 Thermalizing iterations... 
Done.
Thermalized Magnetisation = (0.637499,-0.059678), Energy = -1.496475 
Averaging iterations... h=0.125000,0.000000
Done.
Final: Magnetisation = (0.673554,0.061283), Energy = -1.513647 
<M> = (0.645486,-0.007666), <E> = -1.486985 

T=0.990000	 Thermalizing iterations... 
Done.
Thermalized Magnetisation = (0.608269,-0.026397), Energy = -1.500847 
Averaging iterations... h=0.125000,0.000000
Done.
Final: Magnetisation = (0.671865,-0.052350), Energy = -1.490970 
<M> = (0.654254,-0.011760), <E> = -1.498452 

T=0.980000	 Thermalizing iterations... 
Done.
Thermalized Magnetisation = (0.661331,0.029769), Energy = -1.510785 
Averaging iterations... h=0.125000,0.000000
Done.
Final: Magnetisation = (0.660844,-0.059122), Energy = -1.502270 
<M> = (0.660190,-0.001407), <E> = -1.508229 

T=0.970000	 Thermalizing iterations... 
Done.
Thermalized Magnetisation = (0.651337,0.072572), Energy = -1.486108 
Averaging iterations... h=0.125000,0.000000
Done.
Final: Magnetisation = (0.670113,0.081392), Energy = -1.512428 
<M> = (0.664352,-0.003284), <E> = -1.517955 

T=0.960000	 Thermalizing iterations... 
Done.
Thermalized Magnetisation = (0.674200,0.004720), Energy = -1.536287 
Averaging iterations... h=0.125000,0.000000
Done.
Final: Magnetisation = (0.687916,0.014677), Energy = -1.514940 
<M> = (0.669170,-0.001714), <E> = -1.526990 

T=0.950000	 Thermalizing iterations... 
Done.
Thermalized Magnetisation = (0.674344,0.017060), Energy = -1.525477 
Averaging iterations... h=0.125000,0.000000
Done.
Final: Magnetisation = (0.648146,-0.029273), Energy = -1.519673 
<M> = (0.674456,-0.007897), <E> = -1.536700 

T=0.940000	 Thermalizing iterations... 
Done.
Thermalized Magnetisation = (0.683081,0.099525), Energy = -1.576436 
Averaging iterations... h=0.125000,0.000000
Done.
Final: Magnetisation = (0.679224,-0.006170), Energy = -1.546019 
<M> = (0.681099,-0.004958), <E> = -1.546685 

T=0.930000	 Thermalizing iterations... 
Done.
Thermalized Magnetisation = (0.680699,0.013314), Energy = -1.540217 
Averaging iterations... h=0.125000,0.000000
Done.
Final: Magnetisation = (0.693171,0.004840), Energy = -1.524369 
<M> = (0.683969,-0.011960), <E> = -1.555209 

T=0.920000	 Thermalizing iterations... 
Done.
Thermalized Magnetisation = (0.703049,-0.045846), Energy = -1.570799 
Averaging iterations... h=0.125000,0.000000
Done.
Final: Magnetisation = (0.666183,0.015121), Energy = -1.553231 
<M> = (0.689721,-0.019111), <E> = -1.565002 

T=0.910000	 Thermalizing iterations... 
Done.
Thermalized Magnetisation = (0.703597,-0.046595), Energy = -1.573215 
Averaging iterations... h=0.125000,0.000000
Done.
Final: Magnetisation = (0.700245,0.080596), Energy = -1.594724 
<M> = (0.695101,-0.010399), <E> = -1.573657 

T=0.900000	 Thermalizing iterations... 
Done.
Thermalized Magnetisation = (0.712247,-0.053034), Energy = -1.563601 
Averaging iterations... h=0.125000,0.000000
Done.
Final: Magnetisation = (0.667592,0.083193), Energy = -1.578953 
<M> = (0.700309,-0.007488), <E> = -1.582755 

T=0.890000	 Thermalizing iterations... 
Done.
Thermalized Magnetisation = (0.672128,-0.063690), Energy = -1.580331 
Averaging iterations... h=0.125000,0.000000
Done.
Final: Magnetisation = (0.683188,-0.085014), Energy = -1.553690 
<M> = (0.703273,0.005429), <E> = -1.590286 

T=0.880000	 Thermalizing iterations... 
Done.
Thermalized Magnetisation = (0.705470,-0.049828), Energy = -1.603862 
Averaging iterations... h=0.125000,0.000000
Done.
Final: Magnetisation = (0.718266,-0.074378), Energy = -1.614649 
<M> = (0.708573,0.006292), <E> = -1.599676 

T=0.870000	 Thermalizing iterations... 
Done.
Thermalized Magnetisation = (0.754561,0.017268), Energy = -1.627426 
Averaging iterations... h=0.125000,0.000000
Done.
Final: Magnetisation = (0.744812,-0.054938), Energy = -1.620550 
<M> = (0.712857,-0.001264), <E> = -1.608157 

T=0.860000	 Thermalizing iterations... 
Done.
Thermalized Magnetisation = (0.718927,-0.077573), Energy = -1.618539 
Averaging iterations... h=0.125000,0.000000
Done.
Final: Magnetisation = (0.728048,0.078829), Energy = -1.625549 
<M> = (0.715659,-0.021660), <E> = -1.616707 

T=0.850000	 Thermalizing iterations... 
Done.
Thermalized Magnetisation = (0.724272,-0.024650), Energy = -1.625697 
Averaging iterations... h=0.125000,0.000000
Done.
Final: Magnetisation = (0.713527,0.062080), Energy = -1.612814 
<M> = (0.719666,-0.018938), <E> = -1.624317 

T=0.840000	 Thermalizing iterations... 
Done.
Thermalized Magnetisation = (0.705451,-0.103103), Energy = -1.633307 
Averaging iterations... h=0.125000,0.000000
Done.
Final: Magnetisation = (0.720989,0.003953), Energy = -1.630872 
<M> = (0.723335,-0.003446), <E> = -1.632445 

T=0.830000	 Thermalizing iterations... 
Done.
Thermalized Magnetisation = (0.743445,0.093726), Energy = -1.650719 
Averaging iterations... h=0.125000,0.000000
Done.
Final: Magnetisation = (0.713284,0.035470), Energy = -1.644491 
<M> = (0.730360,0.001740), <E> = -1.640913 

T=0.820000	 Thermalizing iterations... 
Done.
Thermalized Magnetisation = (0.732164,-0.049956), Energy = -1.647539 
Averaging iterations... h=0.125000,0.000000
Done.
Final: Magnetisation = (0.746786,-0.030574), Energy = -1.646190 
<M> = (0.733813,0.005607), <E> = -1.648559 

T=0.810000	 Thermalizing iterations... 
Done.
Thermalized Magnetisation = (0.722755,0.012407), Energy = -1.622117 
Averaging iterations... h=0.125000,0.000000
Done.
Final: Magnetisation = (0.746724,0.082322), Energy = -1.642162 
<M> = (0.737799,0.004740), <E> = -1.655957 

T=0.800000	 Thermalizing iterations... 
Done.
Thermalized Magnetisation = (0.729499,-0.123245), Energy = -1.664717 
Averaging iterations... h=0.125000,0.000000
Done.
Final: Magnetisation = (0.736686,-0.072103), Energy = -1.652093 
<M> = (0.740222,0.005553), <E> = -1.663728 

T=0.790000	 Thermalizing iterations... 
Done.
Thermalized Magnetisation = (0.723969,-0.048166), Energy = -1.674037 
Averaging iterations... h=0.125000,0.000000
Done.
Final: Magnetisation = (0.723130,0.026868), Energy = -1.673382 
<M> = (0.745879,-0.011012), <E> = -1.672187 

T=0.780000	 Thermalizing iterations... 
Done.
Thermalized Magnetisation = (0.731644,0.072493), Energy = -1.653085 
Averaging iterations... h=0.125000,0.000000
Done.
Final: Magnetisation = (0.741126,-0.058833), Energy = -1.657481 
<M> = (0.747375,-0.015542), <E> = -1.678935 

T=0.770000	 Thermalizing iterations... 
Done.
Thermalized Magnetisation = (0.790409,-0.052392), Energy = -1.715625 
Averaging iterations... h=0.125000,0.000000
Done.
Final: Magnetisation = (0.762936,-0.011075), Energy = -1.678685 
<M> = (0.751151,-0.007758), <E> = -1.686346 

T=0.760000	 Thermalizing iterations... 
Done.
Thermalized Magnetisation = (0.755667,0.058091), Energy = -1.670925 
Averaging iterations... h=0.125000,0.000000
Done.
Final: Magnetisation = (0.773865,-0.098453), Energy = -1.713855 
<M> = (0.756929,-0.001875), <E> = -1.693805 

T=0.750000	 Thermalizing iterations... 
Done.
Thermalized Magnetisation = (0.753090,0.047031), Energy = -1.681611 
Averaging iterations... h=0.125000,0.000000
Done.
Final: Magnetisation = (0.725732,-0.005406), Energy = -1.690222 
<M> = (0.759570,0.019695), <E> = -1.701553 

T=0.740000	 Thermalizing iterations... 
Done.
Thermalized Magnetisation = (0.780254,-0.012018), Energy = -1.722914 
Averaging iterations... h=0.125000,0.000000
Done.
Final: Magnetisation = (0.739368,-0.062225), Energy = -1.696458 
<M> = (0.762707,-0.010173), <E> = -1.708019 

T=0.730000	 Thermalizing iterations... 
Done.
Thermalized Magnetisation = (0.771359,-0.003627), Energy = -1.704618 
Averaging iterations... h=0.125000,0.000000
Done.
Final: Magnetisation = (0.785950,-0.057916), Energy = -1.728745 
<M> = (0.765895,-0.004318), <E> = -1.715198 

T=0.720000	 Thermalizing iterations... 
Done.
Thermalized Magnetisation = (0.781706,0.012347), Energy = -1.707885 
Averaging iterations... h=0.125000,0.000000
Done.
Final: Magnetisation = (0.765465,-0.096142), Energy = -1.724688 
<M> = (0.772206,-0.003222), <E> = -1.722529 

T=0.710000	 Thermalizing iterations... 
Done.
Thermalized Magnetisation = (0.784634,-0.063778), Energy = -1.734690 
Averaging iterations... h=0.125000,0.000000
Done.
Final: Magnetisation = (0.768281,0.075098), Energy = -1.723688 
<M> = (0.775370,-0.018914), <E> = -1.729563 

T=0.700000	 Thermalizing iterations... 
Done.
Thermalized Magnetisation = (0.794892,-0.067144), Energy = -1.763163 
Averaging iterations... h=0.125000,0.000000
Done.
Final: Magnetisation = (0.750384,-0.101883), Energy = -1.732813 
<M> = (0.775339,-0.033639), <E> = -1.735648 

T=0.690000	 Thermalizing iterations... 
Done.
Thermalized Magnetisation = (0.803809,-0.013560), Energy = -1.756150 
Averaging iterations... h=0.125000,0.000000
Done.
Final: Magnetisation = (0.751912,-0.159689), Energy = -1.724989 
<M> = (0.776116,-0.011265), <E> = -1.743059 

T=0.680000	 Thermalizing iterations... 
Done.
Thermalized Magnetisation = (0.786477,0.008199), Energy = -1.756735 
Averaging iterations... h=0.125000,0.000000
Done.
Final: Magnetisation = (0.767227,0.114048), Energy = -1.744590 
<M> = (0.784523,0.009055), <E> = -1.749893 

T=0.670000	 Thermalizing iterations... 
Done.
Thermalized Magnetisation = (0.787898,-0.034618), Energy = -1.770271 
Averaging iterations... h=0.125000,0.000000
Done.
Final: Magnetisation = (0.809934,0.039899), Energy = -1.771851 
<M> = (0.788584,0.002803), <E> = -1.756400 

T=0.660000	 Thermalizing iterations... 
Done.
Thermalized Magnetisation = (0.804017,0.033123), Energy = -1.767466 
Averaging iterations... h=0.125000,0.000000
Done.
Final: Magnetisation = (0.799834,0.062466), Energy = -1.765668 
<M> = (0.788407,0.000555), <E> = -1.762367 

T=0.650000	 Thermalizing iterations... 
Done.
Thermalized Magnetisation = (0.799797,0.010789), Energy = -1.764594 
Averaging iterations... h=0.125000,0.000000
Done.
Final: Magnetisation = (0.771570,-0.044018), Energy = -1.747006 
<M> = (0.792858,0.001897), <E> = -1.769406 

T=0.640000	 Thermalizing iterations... 
Done.
Thermalized Magnetisation = (0.779599,-0.122763), Energy = -1.777343 
Averaging iterations... h=0.125000,0.000000
Done.
Final: Magnetisation = (0.813940,-0.052661), Energy = -1.774593 
<M> = (0.794404,-0.020418), <E> = -1.776155 

T=0.630000	 Thermalizing iterations... 
Done.
Thermalized Magnetisation = (0.777198,-0.081225), Energy = -1.780473 
Averaging iterations... h=0.125000,0.000000
Done.
Final: Magnetisation = (0.808832,-0.037199), Energy = -1.780697 
<M> = (0.798662,-0.014335), <E> = -1.782343 

T=0.620000	 Thermalizing iterations... 
Done.
Thermalized Magnetisation = (0.771956,0.243092), Energy = -1.798259 
Averaging iterations... h=0.125000,0.000000
Done.
Final: Magnetisation = (0.785444,-0.080657), Energy = -1.783189 
<M> = (0.801227,-0.002756), <E> = -1.788688 

T=0.610000	 Thermalizing iterations... 
Done.
Thermalized Magnetisation = (0.805554,-0.039516), Energy = -1.790144 
Averaging iterations... h=0.125000,0.000000
Done.
Final: Magnetisation = (0.813946,0.003590), Energy = -1.792132 
<M> = (0.805183,0.018880), <E> = -1.795348 

T=0.600000	 Thermalizing iterations... 
Done.
Thermalized Magnetisation = (0.814387,-0.073597), Energy = -1.807385 
Averaging iterations... h=0.125000,0.000000
Done.
Final: Magnetisation = (0.807723,-0.034685), Energy = -1.807236 
<M> = (0.808706,0.004889), <E> = -1.801823 

T=0.590000	 Thermalizing iterations... 
Done.
Thermalized Magnetisation = (0.818540,0.013511), Energy = -1.820182 
Averaging iterations... h=0.125000,0.000000
Done.
Final: Magnetisation = (0.805762,-0.049233), Energy = -1.807584 
<M> = (0.811726,-0.006132), <E> = -1.807704 

T=0.580000	 Thermalizing iterations... 
Done.
Thermalized Magnetisation = (0.808881,0.029275), Energy = -1.820556 
Averaging iterations... h=0.125000,0.000000
Done.
Final: Magnetisation = (0.818012,0.049838), Energy = -1.824184 
<M> = (0.816797,0.001846), <E> = -1.813885 

T=0.570000	 Thermalizing iterations... 
Done.
Thermalized Magnetisation = (0.829056,-0.035497), Energy = -1.821833 
Averaging iterations... h=0.125000,0.000000
Done.
Final: Magnetisation = (0.835143,-0.046045), Energy = -1.830650 
<M> = (0.817368,-0.009052), <E> = -1.820450 

T=0.560000	 Thermalizing iterations... 
Done.
Thermalized Magnetisation = (0.822959,-0.011815), Energy = -1.824260 
Averaging iterations... h=0.125000,0.000000
Done.
Final: Magnetisation = (0.820846,-0.021888), Energy = -1.821424 
<M> = (0.819379,-0.033809), <E> = -1.826550 

T=0.550000	 Thermalizing iterations... 
Done.
Thermalized Magnetisation = (0.824512,0.108053), Energy = -1.840332 
Averaging iterations... h=0.125000,0.000000
Done.
Final: Magnetisation = (0.823626,0.026854), Energy = -1.839367 
<M> = (0.821957,-0.004592), <E> = -1.832180 

T=0.540000	 Thermalizing iterations... 
Done.
Thermalized Magnetisation = (0.839889,0.015699), Energy = -1.847629 
Averaging iterations... h=0.125000,0.000000
Done.
Final: Magnetisation = (0.815523,-0.112063), Energy = -1.837983 
<M> = (0.825890,-0.003985), <E> = -1.838167 

T=0.530000	 Thermalizing iterations... 
Done.
Thermalized Magnetisation = (0.830836,-0.066487), Energy = -1.839005 
Averaging iterations... h=0.125000,0.000000
Done.
Final: Magnetisation = (0.821704,0.035082), Energy = -1.849897 
<M> = (0.830847,0.015760), <E> = -1.844575 

T=0.520000	 Thermalizing iterations... 
Done.
Thermalized Magnetisation = (0.832115,0.108026), Energy = -1.854618 
Averaging iterations... h=0.125000,0.000000
Done.
Final: Magnetisation = (0.829998,0.010854), Energy = -1.846830 
<M> = (0.831818,-0.008635), <E> = -1.850206 

T=0.510000	 Thermalizing iterations... 
Done.
Thermalized Magnetisation = (0.839460,-0.013400), Energy = -1.854409 
Averaging iterations... h=0.125000,0.000000
Done.
Final: Magnetisation = (0.839161,0.012682), Energy = -1.851191 
<M> = (0.834638,-0.009985), <E> = -1.856290 

T=0.500000	 Thermalizing iterations... 
Done.
Thermalized Magnetisation = (0.819153,-0.012954), Energy = -1.853891 
Averaging iterations... h=0.125000,0.000000
Done.
Final: Magnetisation = (0.827980,-0.107550), Energy = -1.859766 
<M> = (0.835607,-0.051529), <E> = -1.862444 

T=0.490000	 Thermalizing iterations... 
Done.
Thermalized Magnetisation = (0.843300,0.021947), Energy = -1.871550 
Averaging iterations... h=0.125000,0.000000
Done.
Final: Magnetisation = (0.845410,-0.039756), Energy = -1.872275 
<M> = (0.840855,0.007934), <E> = -1.868636 

T=0.480000	 Thermalizing iterations... 
Done.
Thermalized Magnetisation = (0.829005,0.032498), Energy = -1.859429 
Averaging iterations... h=0.125000,0.000000
Done.
Final: Magnetisation = (0.848328,0.083316), Energy = -1.869983 
<M> = (0.840308,-0.037830), <E> = -1.874041 

T=0.470000	 Thermalizing iterations... 
Done.
Thermalized Magnetisation = (0.846031,0.006529), Energy = -1.879041 
Averaging iterations... h=0.125000,0.000000
Done.
Final: Magnetisation = (0.838956,-0.036433), Energy = -1.892449 
<M> = (0.842509,-0.024165), <E> = -1.879737 

T=0.460000	 Thermalizing iterations... 
Done.
Thermalized Magnetisation = (0.849200,0.016314), Energy = -1.872079 
Averaging iterations... h=0.125000,0.000000
Done.
Final: Magnetisation = (0.829104,-0.055273), Energy = -1.880845 
<M> = (0.851180,0.028536), <E> = -1.885528 

T=0.450000	 Thermalizing iterations... 
Done.
Thermalized Magnetisation = (0.842314,-0.132602), Energy = -1.888036 
Averaging iterations... h=0.125000,0.000000
Done.
Final: Magnetisation = (0.859392,0.016995), Energy = -1.892450 
<M> = (0.852210,0.005558), <E> = -1.891544 

T=0.440000	 Thermalizing iterations... 
Done.
Thermalized Magnetisation = (0.856830,-0.027095), Energy = -1.896334 
Averaging iterations... h=0.125000,0.000000
Done.
Final: Magnetisation = (0.839572,0.108758), Energy = -1.894808 
<M> = (0.852765,-0.044333), <E> = -1.897362 

T=0.430000	 Thermalizing iterations... 
Done.
Thermalized Magnetisation = (0.863327,0.100394), Energy = -1.906575 
Averaging iterations... h=0.125000,0.000000
Done.
Final: Magnetisation = (0.867758,-0.025186), Energy = -1.904161 
<M> = (0.856420,-0.041953), <E> = -1.903192 

T=0.420000	 Thermalizing iterations... 
Done.
Thermalized Magnetisation = (0.853301,0.025201), Energy = -1.906588 
Averaging iterations... h=0.125000,0.000000
Done.
Final: Magnetisation = (0.857313,-0.050545), Energy = -1.904604 
<M> = (0.859800,-0.045409), <E> = -1.909282 

T=0.410000	 Thermalizing iterations... 
Done.
Thermalized Magnetisation = (0.854851,-0.020252), Energy = -1.918655 
Averaging iterations... h=0.125000,0.000000
Done.
Final: Magnetisation = (0.875129,-0.055643), Energy = -1.914594 
<M> = (0.862842,-0.006022), <E> = -1.914649 

T=0.400000	 Thermalizing iterations... 
Done.
Thermalized Magnetisation = (0.875966,-0.103752), Energy = -1.923797 
Averaging iterations... h=0.125000,0.000000
Done.
Final: Magnetisation = (0.863005,-0.097463), Energy = -1.924318 
<M> = (0.861945,-0.016839), <E> = -1.919983 

T=0.390000	 Thermalizing iterations... 
Done.
Thermalized Magnetisation = (0.884192,-0.008838), Energy = -1.926765 
Averaging iterations... h=0.125000,0.000000
Done.
Final: Magnetisation = (0.881579,-0.060760), Energy = -1.923586 
<M> = (0.868490,-0.042258), <E> = -1.925491 

T=0.380000	 Thermalizing iterations... 
Done.
Thermalized Magnetisation = (0.868113,-0.064277), Energy = -1.929650 
Averaging iterations... h=0.125000,0.000000
Done.
Final: Magnetisation = (0.875906,0.029004), Energy = -1.935227 
<M> = (0.872973,-0.000261), <E> = -1.931268 

T=0.370000	 Thermalizing iterations... 
Done.
Thermalized Magnetisation = (0.856728,-0.035509), Energy = -1.937033 
Averaging iterations... h=0.125000,0.000000
Done.
Final: Magnetisation = (0.886900,0.017647), Energy = -1.944334 
<M> = (0.876523,-0.011185), <E> = -1.936893 

T=0.360000	 Thermalizing iterations... 
Done.
Thermalized Magnetisation = (0.884257,0.000208), Energy = -1.950081 
Averaging iterations... h=0.125000,0.000000
Done.
Final: Magnetisation = (0.884316,0.002400), Energy = -1.950597 
<M> = (0.876672,-0.018877), <E> = -1.942316 

T=0.350000	 Thermalizing iterations... 
Done.
Thermalized Magnetisation = (0.863189,-0.023266), Energy = -1.939833 
Averaging iterations... h=0.125000,0.000000
Done.
Final: Magnetisation = (0.879531,0.031320), Energy = -1.955136 
<M> = (0.878192,-0.010203), <E> = -1.948130 

T=0.340000	 Thermalizing iterations... 
Done.
Thermalized Magnetisation = (0.883863,0.000023), Energy = -1.950287 
Averaging iterations... h=0.125000,0.000000
Done.
Final: Magnetisation = (0.877536,-0.012615), Energy = -1.955361 
<M> = (0.882211,0.032959), <E> = -1.953640 

T=0.330000	 Thermalizing iterations... 
Done.
Thermalized Magnetisation = (0.889779,0.071523), Energy = -1.955196 
Averaging iterations... h=0.125000,0.000000
Done.
Final: Magnetisation = (0.884982,0.039621), Energy = -1.958420 
<M> = (0.882887,0.018292), <E> = -1.958956 

T=0.320000	 Thermalizing iterations... 
Done.
Thermalized Magnetisation = (0.869401,-0.134429), Energy = -1.955518 
Averaging iterations... h=0.125000,0.000000
Done.
Final: Magnetisation = (0.884206,0.009472), Energy = -1.960601 
<M> = (0.885715,-0.011397), <E> = -1.964252 

T=0.310000	 Thermalizing iterations... 
Done.
Thermalized Magnetisation = (0.884790,0.065034), Energy = -1.970018 
Averaging iterations... h=0.125000,0.000000
Done.
Final: Magnetisation = (0.878476,0.078096), Energy = -1.969874 
<M> = (0.887281,0.022505), <E> = -1.969741 

T=0.300000	 Thermalizing iterations... 
Done.
Thermalized Magnetisation = (0.896906,-0.082414), Energy = -1.978170 
Averaging iterations... h=0.125000,0.000000
Done.
Final: Magnetisation = (0.902591,-0.007138), Energy = -1.974229 
<M> = (0.894349,-0.004702), <E> = -1.975362 

T=0.290000	 Thermalizing iterations... 
Done.
Thermalized Magnetisation = (0.887943,-0.022874), Energy = -1.973662 
Averaging iterations... h=0.125000,0.000000
Done.
Final: Magnetisation = (0.896370,-0.069482), Energy = -1.977788 
<M> = (0.895266,-0.035442), <E> = -1.980902 

T=0.280000	 Thermalizing iterations... 
Done.
Thermalized Magnetisation = (0.896888,-0.087591), Energy = -1.986059 
Averaging iterations... h=0.125000,0.000000
Done.
Final: Magnetisation = (0.906125,-0.037459), Energy = -1.989136 
<M> = (0.897783,-0.058499), <E> = -1.986268 

T=0.270000	 Thermalizing iterations... 
Done.
Thermalized Magnetisation = (0.885290,-0.099431), Energy = -1.993624 
Averaging iterations... h=0.125000,0.000000
Done.
Final: Magnetisation = (0.884704,-0.117437), Energy = -1.989147 
<M> = (0.895085,-0.074584), <E> = -1.991749 

T=0.260000	 Thermalizing iterations... 
Done.
Thermalized Magnetisation = (0.902065,0.024243), Energy = -1.993850 
Averaging iterations... h=0.125000,0.000000
Done.
Final: Magnetisation = (0.907001,-0.058522), Energy = -1.998439 
<M> = (0.900635,-0.019233), <E> = -1.997061 

T=0.250000	 Thermalizing iterations... 
Done.
Thermalized Magnetisation = (0.907733,0.017547), Energy = -2.004610 
Averaging iterations... h=0.125000,0.000000
Done.
Final: Magnetisation = (0.907014,0.057581), Energy = -1.999322 
<M> = (0.902861,0.033624), <E> = -2.002355 

T=0.240000	 Thermalizing iterations... 
Done.
Thermalized Magnetisation = (0.912588,-0.030647), Energy = -2.012007 
Averaging iterations... h=0.125000,0.000000
Done.
Final: Magnetisation = (0.897611,-0.070225), Energy = -2.005597 
<M> = (0.907471,-0.037290), <E> = -2.007536 

T=0.230000	 Thermalizing iterations... 
Done.
Thermalized Magnetisation = (0.901949,-0.102359), Energy = -2.008700 
Averaging iterations... h=0.125000,0.000000
Done.
Final: Magnetisation = (0.919478,0.010988), Energy = -2.015021 
<M> = (0.910775,-0.051998), <E> = -2.013024 

T=0.220000	 Thermalizing iterations... 
Done.
Thermalized Magnetisation = (0.910167,-0.038865), Energy = -2.016248 
Averaging iterations... h=0.125000,0.000000
Done.
Final: Magnetisation = (0.896730,-0.071425), Energy = -2.015284 
<M> = (0.913473,-0.029539), <E> = -2.018119 

T=0.210000	 Thermalizing iterations... 
Done.
Thermalized Magnetisation = (0.911037,-0.022751), Energy = -2.024078 
Averaging iterations... h=0.125000,0.000000
Done.
Final: Magnetisation = (0.914347,-0.002124), Energy = -2.023029 
<M> = (0.913778,-0.071034), <E> = -2.023656 

T=0.200000	 Thermalizing iterations... 
Done.
Thermalized Magnetisation = (0.922124,-0.077988), Energy = -2.029768 
Averaging iterations... h=0.125000,0.000000
Done.
Final: Magnetisation = (0.926318,-0.043959), Energy = -2.029889 
<M> = (0.918212,-0.064792), <E> = -2.028958 

T=0.190000	 Thermalizing iterations... 
Done.
Thermalized Magnetisation = (0.905953,-0.135436), Energy = -2.033343 
Averaging iterations... h=0.125000,0.000000
Done.
Final: Magnetisation = (0.922842,-0.090182), Energy = -2.033050 
<M> = (0.918476,-0.083213), <E> = -2.034134 

T=0.180000	 Thermalizing iterations... 
Done.
Thermalized Magnetisation = (0.916646,-0.006084), Energy = -2.039350 
Averaging iterations... h=0.125000,0.000000
Done.
Final: Magnetisation = (0.916510,-0.069883), Energy = -2.040341 
<M> = (0.919088,-0.017844), <E> = -2.039372 

T=0.170000	 Thermalizing iterations... 
Done.
Thermalized Magnetisation = (0.918545,-0.119864), Energy = -2.042631 
Averaging iterations... h=0.125000,0.000000
Done.
Final: Magnetisation = (0.918719,-0.096664), Energy = -2.046460 
<M> = (0.921977,-0.093454), <E> = -2.044706 

T=0.160000	 Thermalizing iterations... 
Done.
Thermalized Magnetisation = (0.923258,-0.135965), Energy = -2.049628 
Averaging iterations... h=0.125000,0.000000
Done.
Final: Magnetisation = (0.921862,-0.104295), Energy = -2.050190 
<M> = (0.927300,-0.102192), <E> = -2.049820 

T=0.150000	 Thermalizing iterations... 
Done.
Thermalized Magnetisation = (0.928489,-0.054527), Energy = -2.052841 
Averaging iterations... h=0.125000,0.000000
Done.
Final: Magnetisation = (0.935937,-0.093001), Energy = -2.059927 
<M> = (0.927515,-0.094788), <E> = -2.055015 

T=0.140000	 Thermalizing iterations... 
Done.
Thermalized Magnetisation = (0.934455,-0.084054), Energy = -2.063349 
Averaging iterations... h=0.125000,0.000000
Done.
Final: Magnetisation = (0.932367,-0.106905), Energy = -2.061437 
<M> = (0.930303,-0.074824), <E> = -2.060264 

T=0.130000	 Thermalizing iterations... 
Done.
Thermalized Magnetisation = (0.936071,-0.100143), Energy = -2.067429 
Averaging iterations... h=0.125000,0.000000
Done.
Final: Magnetisation = (0.927009,-0.142052), Energy = -2.067997 
<M> = (0.931445,-0.106593), <E> = -2.065413 

T=0.120000	 Thermalizing iterations... 
Done.
Thermalized Magnetisation = (0.934749,-0.099174), Energy = -2.069615 
Averaging iterations... h=0.125000,0.000000
Done.
Final: Magnetisation = (0.936033,-0.069998), Energy = -2.069079 
<M> = (0.933314,-0.096620), <E> = -2.070547 

T=0.110000	 Thermalizing iterations... 
Done.
Thermalized Magnetisation = (0.941544,-0.033188), Energy = -2.075650 
Averaging iterations... h=0.125000,0.000000
Done.
Final: Magnetisation = (0.933454,-0.049726), Energy = -2.077606 
<M> = (0.935445,-0.070873), <E> = -2.075760 

T=0.100000	 Thermalizing iterations... 
Done.
Thermalized Magnetisation = (0.943766,-0.033475), Energy = -2.078523 
Averaging iterations... h=0.125000,0.000000
Done.
Final: Magnetisation = (0.939531,-0.076949), Energy = -2.083580 
<M> = (0.938599,-0.039681), <E> = -2.080843 

T=0.090000	 Thermalizing iterations... 
Done.
Thermalized Magnetisation = (0.944185,-0.094832), Energy = -2.087070 
Averaging iterations... h=0.125000,0.000000
Done.
Final: Magnetisation = (0.939132,-0.112941), Energy = -2.086013 
<M> = (0.942795,-0.110788), <E> = -2.086033 

T=0.080000	 Thermalizing iterations... 
Done.
Thermalized Magnetisation = (0.938795,-0.101795), Energy = -2.091257 
Averaging iterations... h=0.125000,0.000000
Done.
Final: Magnetisation = (0.948870,-0.108949), Energy = -2.093356 
<M> = (0.941059,-0.095572), <E> = -2.091101 

T=0.070000	 Thermalizing iterations... 
Done.
Thermalized Magnetisation = (0.946340,-0.132531), Energy = -2.097095 
Averaging iterations... h=0.125000,0.000000
Done.
Final: Magnetisation = (0.943632,-0.143677), Energy = -2.095133 
<M> = (0.941350,-0.142417), <E> = -2.096168 

T=0.060000	 Thermalizing iterations... 
Done.
Thermalized Magnetisation = (0.947466,-0.097280), Energy = -2.100929 
Averaging iterations... h=0.125000,0.000000
Done.
Final: Magnetisation = (0.953003,-0.102265), Energy = -2.101398 
<M> = (0.947476,-0.124266), <E> = -2.101212 

T=0.050000	 Thermalizing iterations... 
Done.
Thermalized Magnetisation = (0.949453,-0.124886), Energy = -2.106124 
Averaging iterations... h=0.125000,0.000000
Done.
Final: Magnetisation = (0.945788,-0.113540), Energy = -2.106643 
<M> = (0.947163,-0.101452), <E> = -2.106257 

T=0.040000	 Thermalizing iterations... 
Done.
Thermalized Magnetisation = (0.948643,-0.151437), Energy = -2.111263 
Averaging iterations... h=0.125000,0.000000
Done.
Final: Magnetisation = (0.949608,-0.139736), Energy = -2.111166 
<M> = (0.950086,-0.137427), <E> = -2.111350 

T=0.030000	 Thermalizing iterations... 
Done.
Thermalized Magnetisation = (0.953749,-0.113913), Energy = -2.116076 
Averaging iterations... h=0.125000,0.000000
Done.
Final: Magnetisation = (0.951660,-0.120837), Energy = -2.116553 
<M> = (0.950382,-0.131248), <E> = -2.116444 

T=0.020000	 Thermalizing iterations... 
Done.
Thermalized Magnetisation = (0.953489,-0.114375), Energy = -2.121467 
Averaging iterations... h=0.125000,0.000000
Done.
Final: Magnetisation = (0.951396,-0.128177), Energy = -2.121308 
<M> = (0.951646,-0.117712), <E> = -2.121438 

T=0.010000	 Thermalizing iterations... 
Done.
Thermalized Magnetisation = (0.953318,-0.125775), Energy = -2.126438 
Averaging iterations... h=0.125000,0.000000
Done.
Final: Magnetisation = (0.955053,-0.129635), Energy = -2.126501 
<M> = (0.953880,-0.120994), <E> = -2.126440 
Final Magnetisation = (0.955053,-0.129635), Energy = -2.126501 
------------------------

Updating all (first)black/(then)white checkerboard sites simultaneously.. 

ztne RFXY h rotating with |h|=0.125000 at T=0.000000..
loop 1

loop 2

CPU  Start Time = 5473366.801560 

CPU  End Time = 5481844.056283 

CPU Time elapsed total = 8477.254723 

real	141m17.269s
user	2399m48.815s
sys	1m13.731s
