nearest neighbor initialized. 
J loaded. 
h loaded. 
L = 32, dim_L = 2, dim_S = 2
hysteresis_MCS_multiplier = 10, hysteresis_MCS_max = 100
RAND_MAX = 2147483647.000000,
 sizeof(int) = 4,
 sizeof(long) = 8,
 sizeof(double) = 8,
 sizeof(long int) = 8,
 sizeof(short int) = 2,
 sizeof(unsigned int) = 4,
 sizeof(RAND_MAX) = 4

OpenMP Active.

No. of THREADS = 24
No. of PROCESSORS = 24

0.134041,0.074201
order = ({1.000000-->-1.000000,0.000000}, 0, 1)
Initial Magnetisation = (0.134041,0.074201), Energy = -0.018845 
Cooling... 
T=2.000000	 Thermalizing iterations... 
Done.
Thermalized Magnetisation = (0.044628,-0.240799), Energy = -0.518131 
Averaging iterations... h=0.071429,0.000000
Done.
Final: Magnetisation = (0.096864,-0.102860), Energy = -0.834446 
<M> = (0.065811,0.003687), <E> = -0.752174 

T=1.950000	 Thermalizing iterations... 
Done.
Thermalized Magnetisation = (0.117123,-0.106238), Energy = -0.625439 
Averaging iterations... h=0.071429,0.000000
Done.
Final: Magnetisation = (-0.045261,-0.000318), Energy = -0.788671 
<M> = (0.065781,0.000974), <E> = -0.772312 

T=1.900000	 Thermalizing iterations... 
Done.
Thermalized Magnetisation = (-0.138931,0.053084), Energy = -0.811659 
Averaging iterations... h=0.071429,0.000000
Done.
Final: Magnetisation = (0.238817,0.193872), Energy = -0.907014 
<M> = (0.072194,0.007077), <E> = -0.786936 

T=1.850000	 Thermalizing iterations... 
Done.
Thermalized Magnetisation = (-0.183919,-0.014173), Energy = -0.870994 
Averaging iterations... h=0.071429,0.000000
Done.
Final: Magnetisation = (-0.010790,0.112157), Energy = -0.746685 
<M> = (0.077033,0.002516), <E> = -0.811625 

T=1.800000	 Thermalizing iterations... 
Done.
Thermalized Magnetisation = (0.159960,-0.037012), Energy = -0.784076 
Averaging iterations... h=0.071429,0.000000
Done.
Final: Magnetisation = (-0.048308,0.052247), Energy = -0.778318 
<M> = (0.080637,-0.000407), <E> = -0.831870 

T=1.750000	 Thermalizing iterations... 
Done.
Thermalized Magnetisation = (0.127768,0.022940), Energy = -0.942883 
Averaging iterations... h=0.071429,0.000000
Done.
Final: Magnetisation = (0.139185,0.029078), Energy = -0.648090 
<M> = (0.087175,0.004231), <E> = -0.855181 

T=1.700000	 Thermalizing iterations... 
Done.
Thermalized Magnetisation = (-0.052393,0.099511), Energy = -0.787786 
Averaging iterations... h=0.071429,0.000000
Done.
Final: Magnetisation = (0.022201,0.064607), Energy = -0.622823 
<M> = (0.095336,-0.003733), <E> = -0.879186 

T=1.650000	 Thermalizing iterations... 
Done.
Thermalized Magnetisation = (-0.010993,0.023912), Energy = -0.931491 
Averaging iterations... h=0.071429,0.000000
Done.
Final: Magnetisation = (0.097682,-0.003854), Energy = -1.020355 
<M> = (0.101007,0.000142), <E> = -0.902578 

T=1.600000	 Thermalizing iterations... 
Done.
Thermalized Magnetisation = (-0.053357,-0.080163), Energy = -0.778751 
Averaging iterations... h=0.071429,0.000000
Done.
Final: Magnetisation = (0.093170,0.009032), Energy = -0.772127 
<M> = (0.114158,-0.002160), <E> = -0.930662 

T=1.550000	 Thermalizing iterations... 
Done.
Thermalized Magnetisation = (0.253314,0.128311), Energy = -1.042219 
Averaging iterations... h=0.071429,0.000000
Done.
Final: Magnetisation = (-0.076641,0.258339), Energy = -0.916282 
<M> = (0.112747,-0.000091), <E> = -0.954607 

T=1.500000	 Thermalizing iterations... 
Done.
Thermalized Magnetisation = (0.100433,-0.227432), Energy = -1.030273 
Averaging iterations... h=0.071429,0.000000
Done.
Final: Magnetisation = (0.156958,0.047506), Energy = -0.971515 
<M> = (0.142620,0.005917), <E> = -0.989380 

T=1.450000	 Thermalizing iterations... 
Done.
Thermalized Magnetisation = (0.071227,0.156003), Energy = -0.917122 
Averaging iterations... h=0.071429,0.000000
Done.
Final: Magnetisation = (0.313797,0.033208), Energy = -1.022906 
<M> = (0.147881,-0.001906), <E> = -1.019683 

T=1.400000	 Thermalizing iterations... 
Done.
Thermalized Magnetisation = (0.264414,0.036986), Energy = -1.051373 
Averaging iterations... h=0.071429,0.000000
Done.
Final: Magnetisation = (0.344663,0.078869), Energy = -1.127405 
<M> = (0.159989,0.006067), <E> = -1.058234 

T=1.350000	 Thermalizing iterations... 
Done.
Thermalized Magnetisation = (0.378158,-0.009132), Energy = -1.117850 
Averaging iterations... h=0.071429,0.000000
Done.
Final: Magnetisation = (0.108523,0.249014), Energy = -1.188520 
<M> = (0.179181,-0.002145), <E> = -1.091210 

T=1.300000	 Thermalizing iterations... 
Done.
Thermalized Magnetisation = (0.266356,-0.078292), Energy = -1.088947 
Averaging iterations... h=0.071429,0.000000
Done.
Final: Magnetisation = (0.098833,-0.058467), Energy = -1.155970 
<M> = (0.198739,0.008392), <E> = -1.131501 

T=1.250000	 Thermalizing iterations... 
Done.
Thermalized Magnetisation = (0.421347,-0.067801), Energy = -1.115779 
Averaging iterations... h=0.071429,0.000000
Done.
Final: Magnetisation = (0.525819,-0.086574), Energy = -1.276092 
<M> = (0.237810,0.003105), <E> = -1.174311 

T=1.200000	 Thermalizing iterations... 
Done.
Thermalized Magnetisation = (0.188672,-0.404470), Energy = -1.128408 
Averaging iterations... h=0.071429,0.000000
Done.
Final: Magnetisation = (0.093295,-0.331744), Energy = -1.106900 
<M> = (0.259021,0.002956), <E> = -1.217602 

T=1.150000	 Thermalizing iterations... 
Done.
Thermalized Magnetisation = (0.441199,0.262590), Energy = -1.200770 
Averaging iterations... h=0.071429,0.000000
Done.
Final: Magnetisation = (0.292149,-0.055400), Energy = -1.222301 
<M> = (0.305966,0.002423), <E> = -1.264948 

T=1.100000	 Thermalizing iterations... 
Done.
Thermalized Magnetisation = (0.146081,0.014279), Energy = -1.222458 
Averaging iterations... h=0.071429,0.000000
Done.
Final: Magnetisation = (0.069748,-0.365064), Energy = -1.281095 
<M> = (0.347697,0.012314), <E> = -1.312981 

T=1.050000	 Thermalizing iterations... 
Done.
Thermalized Magnetisation = (0.415248,-0.257633), Energy = -1.344724 
Averaging iterations... h=0.071429,0.000000
Done.
Final: Magnetisation = (0.488982,-0.205618), Energy = -1.428791 
<M> = (0.377599,0.008438), <E> = -1.365423 

T=1.000000	 Thermalizing iterations... 
Done.
Thermalized Magnetisation = (0.607078,-0.137311), Energy = -1.380664 
Averaging iterations... h=0.071429,0.000000
Done.
Final: Magnetisation = (0.252648,-0.264452), Energy = -1.413110 
<M> = (0.409696,0.004873), <E> = -1.409641 

T=0.950000	 Thermalizing iterations... 
Done.
Thermalized Magnetisation = (0.487198,-0.078840), Energy = -1.604196 
Averaging iterations... h=0.071429,0.000000
Done.
Final: Magnetisation = (0.518635,0.315897), Energy = -1.390027 
<M> = (0.459592,0.004635), <E> = -1.465619 

T=0.900000	 Thermalizing iterations... 
Done.
Thermalized Magnetisation = (0.458073,0.359285), Energy = -1.505525 
Averaging iterations... h=0.071429,0.000000
Done.
Final: Magnetisation = (0.577152,-0.158235), Energy = -1.500998 
<M> = (0.513902,0.020987), <E> = -1.517020 

T=0.850000	 Thermalizing iterations... 
Done.
Thermalized Magnetisation = (0.523507,-0.148434), Energy = -1.400114 
Averaging iterations... h=0.071429,0.000000
Done.
Final: Magnetisation = (0.567935,-0.271950), Energy = -1.612350 
<M> = (0.553047,-0.009115), <E> = -1.559680 

T=0.800000	 Thermalizing iterations... 
Done.
Thermalized Magnetisation = (0.704409,0.152695), Energy = -1.611222 
Averaging iterations... h=0.071429,0.000000
Done.
Final: Magnetisation = (0.498206,0.092409), Energy = -1.543387 
<M> = (0.592454,0.004410), <E> = -1.607903 

T=0.750000	 Thermalizing iterations... 
Done.
Thermalized Magnetisation = (0.548572,-0.324051), Energy = -1.677328 
Averaging iterations... h=0.071429,0.000000
Done.
Final: Magnetisation = (0.496347,0.086703), Energy = -1.565490 
<M> = (0.628410,0.008394), <E> = -1.649188 

T=0.700000	 Thermalizing iterations... 
Done.
Thermalized Magnetisation = (0.698526,0.070553), Energy = -1.741364 
Averaging iterations... h=0.071429,0.000000
Done.
Final: Magnetisation = (0.571288,-0.007859), Energy = -1.594057 
<M> = (0.655494,0.003174), <E> = -1.686208 

T=0.650000	 Thermalizing iterations... 
Done.
Thermalized Magnetisation = (0.778329,0.070170), Energy = -1.711928 
Averaging iterations... h=0.071429,0.000000
Done.
Final: Magnetisation = (0.736197,-0.223807), Energy = -1.653729 
<M> = (0.678727,-0.063729), <E> = -1.721215 

T=0.600000	 Thermalizing iterations... 
Done.
Thermalized Magnetisation = (0.718489,0.009562), Energy = -1.781666 
Averaging iterations... h=0.071429,0.000000
Done.
Final: Magnetisation = (0.790992,0.052230), Energy = -1.736616 
<M> = (0.702509,-0.066287), <E> = -1.755533 

T=0.550000	 Thermalizing iterations... 
Done.
Thermalized Magnetisation = (0.693523,-0.286641), Energy = -1.809919 
Averaging iterations... h=0.071429,0.000000
Done.
Final: Magnetisation = (0.645252,-0.194178), Energy = -1.742065 
<M> = (0.732348,0.075010), <E> = -1.785982 

T=0.500000	 Thermalizing iterations... 
Done.
Thermalized Magnetisation = (0.797705,0.189677), Energy = -1.815480 
Averaging iterations... h=0.071429,0.000000
Done.
Final: Magnetisation = (0.830129,0.173310), Energy = -1.847419 
<M> = (0.746293,-0.083609), <E> = -1.815241 

T=0.450000	 Thermalizing iterations... 
Done.
Thermalized Magnetisation = (0.702230,0.238213), Energy = -1.855191 
Averaging iterations... h=0.071429,0.000000
Done.
Final: Magnetisation = (0.745277,-0.381986), Energy = -1.833277 
<M> = (0.755526,0.013442), <E> = -1.843795 

T=0.400000	 Thermalizing iterations... 
Done.
Thermalized Magnetisation = (0.745673,0.079914), Energy = -1.866561 
Averaging iterations... h=0.071429,0.000000
Done.
Final: Magnetisation = (0.817758,-0.168102), Energy = -1.872101 
<M> = (0.779497,-0.120234), <E> = -1.872812 

T=0.350000	 Thermalizing iterations... 
Done.
Thermalized Magnetisation = (0.864157,0.035706), Energy = -1.900752 
Averaging iterations... h=0.071429,0.000000
Done.
Final: Magnetisation = (0.816806,0.361161), Energy = -1.934227 
<M> = (0.806115,0.084236), <E> = -1.900574 

T=0.300000	 Thermalizing iterations... 
Done.
Thermalized Magnetisation = (0.812066,0.151360), Energy = -1.924874 
Averaging iterations... h=0.071429,0.000000
Done.
Final: Magnetisation = (0.802554,0.387328), Energy = -1.971010 
<M> = (0.788121,0.026127), <E> = -1.928106 

T=0.250000	 Thermalizing iterations... 
Done.
Thermalized Magnetisation = (0.861824,-0.055680), Energy = -1.938809 
Averaging iterations... h=0.071429,0.000000
Done.
Final: Magnetisation = (0.846475,-0.260958), Energy = -1.959821 
<M> = (0.819873,-0.240009), <E> = -1.955612 

T=0.200000	 Thermalizing iterations... 
Done.
Thermalized Magnetisation = (0.718107,0.534609), Energy = -1.983197 
Averaging iterations... h=0.071429,0.000000
Done.
Final: Magnetisation = (0.807301,0.410675), Energy = -1.972142 
<M> = (0.830884,0.049504), <E> = -1.981679 

T=0.150000	 Thermalizing iterations... 
Done.
Thermalized Magnetisation = (0.750817,0.552827), Energy = -2.004524 
Averaging iterations... h=0.071429,0.000000
Done.
Final: Magnetisation = (0.871379,-0.011941), Energy = -2.011231 
<M> = (0.851426,0.312512), <E> = -2.007876 

T=0.100000	 Thermalizing iterations... 
Done.
Thermalized Magnetisation = (0.875209,0.324911), Energy = -2.032651 
Averaging iterations... h=0.071429,0.000000
Done.
Final: Magnetisation = (0.866673,0.386584), Energy = -2.035591 
<M> = (0.853875,0.345820), <E> = -2.033452 

T=0.050000	 Thermalizing iterations... 
Done.
Thermalized Magnetisation = (0.780207,0.557722), Energy = -2.056979 
Averaging iterations... h=0.071429,0.000000
Done.
Final: Magnetisation = (0.844061,0.440085), Energy = -2.059532 
<M> = (0.828034,0.461990), <E> = -2.059091 
Final Magnetisation = (0.844061,0.440085), Energy = -2.059532 
------------------------

Updating all (first)black/(then)white checkerboard sites simultaneously.. 

ztne RFXY h rotating with |h|=0.071429 at T=0.000000..
loop 1

loop 2

Cooling protocol time (from T=2.000000 to T=0.000000) = 180.454310 

CPU Time elapsed total = 180.514623 
All done - 181 seconds elapsed.
