nearest neighbor initialized. 
J loaded. 
h loaded. 
L = 16, dim_L = 2, dim_S = 2
hysteresis_MCS_multiplier = 10, hysteresis_MCS_max = 100
RAND_MAX = 2147483647.000000,
 sizeof(int) = 4,
 sizeof(long) = 8,
 sizeof(double) = 8,
 sizeof(long int) = 8,
 sizeof(short int) = 2,
 sizeof(unsigned int) = 4,
 sizeof(RAND_MAX) = 4

OpenMP Active.

No. of THREADS = 24
No. of PROCESSORS = 24

-0.042911,-0.030568
order = ({1.000000-->-1.000000,0.000000}, 0, 1)
Initial Magnetisation = (-0.042911,-0.030568), Energy = 0.182371 
Cooling... 
T=2.000000	 Thermalizing iterations... 
Done.
Thermalized Magnetisation = (0.489791,-0.167418), Energy = -1.098957 
Averaging iterations... h=0.062500,0.000000
Done.
Final: Magnetisation = (-0.222371,0.154120), Energy = -1.147976 
<M> = (0.109668,0.009888), <E> = -0.934969 

T=1.950000	 Thermalizing iterations... 
Done.
Thermalized Magnetisation = (0.425125,0.045578), Energy = -1.103513 
Averaging iterations... h=0.062500,0.000000
Done.
Final: Magnetisation = (0.501724,-0.010647), Energy = -1.022467 
<M> = (0.117943,0.007789), <E> = -0.947115 

T=1.900000	 Thermalizing iterations... 
Done.
Thermalized Magnetisation = (-0.151528,0.040630), Energy = -0.932007 
Averaging iterations... h=0.062500,0.000000
Done.
Final: Magnetisation = (-0.063445,0.141969), Energy = -0.714169 
<M> = (0.100791,0.012258), <E> = -0.948594 

T=1.850000	 Thermalizing iterations... 
Done.
Thermalized Magnetisation = (0.424548,0.135712), Energy = -1.287570 
Averaging iterations... h=0.062500,0.000000
Done.
Final: Magnetisation = (0.295373,0.041580), Energy = -1.076308 
<M> = (0.133353,0.000066), <E> = -0.998183 

T=1.800000	 Thermalizing iterations... 
Done.
Thermalized Magnetisation = (0.038958,0.303473), Energy = -1.246081 
Averaging iterations... h=0.062500,0.000000
Done.
Final: Magnetisation = (-0.003988,0.004446), Energy = -0.941915 
<M> = (0.129327,0.022075), <E> = -0.992108 

T=1.750000	 Thermalizing iterations... 
Done.
Thermalized Magnetisation = (0.156815,0.123996), Energy = -1.096472 
Averaging iterations... h=0.062500,0.000000
Done.
Final: Magnetisation = (0.321827,-0.274075), Energy = -0.812508 
<M> = (0.135869,-0.013602), <E> = -1.022647 

T=1.700000	 Thermalizing iterations... 
Done.
Thermalized Magnetisation = (0.335991,-0.198585), Energy = -1.017892 
Averaging iterations... h=0.062500,0.000000
Done.
Final: Magnetisation = (-0.244272,-0.249254), Energy = -0.719245 
<M> = (0.140783,0.011772), <E> = -1.037722 

T=1.650000	 Thermalizing iterations... 
Done.
Thermalized Magnetisation = (0.023482,0.056570), Energy = -0.969624 
Averaging iterations... h=0.062500,0.000000
Done.
Final: Magnetisation = (0.147032,-0.554148), Energy = -1.317065 
<M> = (0.147105,-0.009312), <E> = -1.067636 

T=1.600000	 Thermalizing iterations... 
Done.
Thermalized Magnetisation = (0.460408,0.153344), Energy = -1.366207 
Averaging iterations... h=0.062500,0.000000
Done.
Final: Magnetisation = (0.301647,-0.003013), Energy = -1.049306 
<M> = (0.151895,-0.012078), <E> = -1.088336 

T=1.550000	 Thermalizing iterations... 
Done.
Thermalized Magnetisation = (-0.034483,0.038444), Energy = -1.274098 
Averaging iterations... h=0.062500,0.000000
Done.
Final: Magnetisation = (0.060603,-0.096542), Energy = -1.009775 
<M> = (0.169742,-0.000848), <E> = -1.112130 

T=1.500000	 Thermalizing iterations... 
Done.
Thermalized Magnetisation = (0.069311,0.334636), Energy = -1.028349 
Averaging iterations... h=0.062500,0.000000
Done.
Final: Magnetisation = (-0.006329,0.266681), Energy = -1.357393 
<M> = (0.184652,-0.017083), <E> = -1.149625 

T=1.450000	 Thermalizing iterations... 
Done.
Thermalized Magnetisation = (0.095765,0.023193), Energy = -1.043740 
Averaging iterations... h=0.062500,0.000000
Done.
Final: Magnetisation = (0.245142,-0.084501), Energy = -0.944816 
<M> = (0.206121,0.005116), <E> = -1.168597 

T=1.400000	 Thermalizing iterations... 
Done.
Thermalized Magnetisation = (0.677999,0.040641), Energy = -1.439576 
Averaging iterations... h=0.062500,0.000000
Done.
Final: Magnetisation = (-0.040679,-0.306888), Energy = -0.957857 
<M> = (0.216934,-0.012952), <E> = -1.203368 

T=1.350000	 Thermalizing iterations... 
Done.
Thermalized Magnetisation = (-0.056370,0.259157), Energy = -1.064386 
Averaging iterations... h=0.062500,0.000000
Done.
Final: Magnetisation = (0.419931,0.120676), Energy = -1.531789 
<M> = (0.258804,0.007784), <E> = -1.237863 

T=1.300000	 Thermalizing iterations... 
Done.
Thermalized Magnetisation = (0.468777,-0.112979), Energy = -1.046142 
Averaging iterations... h=0.062500,0.000000
Done.
Final: Magnetisation = (0.247962,0.125035), Energy = -1.178885 
<M> = (0.271259,0.001148), <E> = -1.262341 

T=1.250000	 Thermalizing iterations... 
Done.
Thermalized Magnetisation = (0.316244,-0.063375), Energy = -1.323152 
Averaging iterations... h=0.062500,0.000000
Done.
Final: Magnetisation = (-0.228496,-0.159736), Energy = -0.920574 
<M> = (0.284021,-0.028078), <E> = -1.286390 

T=1.200000	 Thermalizing iterations... 
Done.
Thermalized Magnetisation = (0.339979,0.260823), Energy = -1.494477 
Averaging iterations... h=0.062500,0.000000
Done.
Final: Magnetisation = (0.450235,0.224767), Energy = -1.139175 
<M> = (0.321164,0.047684), <E> = -1.334589 

T=1.150000	 Thermalizing iterations... 
Done.
Thermalized Magnetisation = (0.695237,0.070080), Energy = -1.607066 
Averaging iterations... h=0.062500,0.000000
Done.
Final: Magnetisation = (0.570229,0.297930), Energy = -1.527710 
<M> = (0.373146,-0.024558), <E> = -1.388588 

T=1.100000	 Thermalizing iterations... 
Done.
Thermalized Magnetisation = (0.076350,0.256868), Energy = -1.161316 
Averaging iterations... h=0.062500,0.000000
Done.
Final: Magnetisation = (0.338310,0.243327), Energy = -1.272101 
<M> = (0.388678,-0.003920), <E> = -1.411274 

T=1.050000	 Thermalizing iterations... 
Done.
Thermalized Magnetisation = (0.623607,-0.441512), Energy = -1.698925 
Averaging iterations... h=0.062500,0.000000
Done.
Final: Magnetisation = (0.047325,0.001368), Energy = -1.178075 
<M> = (0.433953,-0.052318), <E> = -1.470500 

T=1.000000	 Thermalizing iterations... 
Done.
Thermalized Magnetisation = (0.448395,-0.092000), Energy = -1.621187 
Averaging iterations... h=0.062500,0.000000
Done.
Final: Magnetisation = (0.314508,-0.290041), Energy = -1.334766 
<M> = (0.458918,0.022419), <E> = -1.495071 

T=0.950000	 Thermalizing iterations... 
Done.
Thermalized Magnetisation = (0.713100,-0.179919), Energy = -1.788673 
Averaging iterations... h=0.062500,0.000000
Done.
Final: Magnetisation = (0.453996,0.096199), Energy = -1.426506 
<M> = (0.507317,0.007947), <E> = -1.556858 

T=0.900000	 Thermalizing iterations... 
Done.
Thermalized Magnetisation = (0.730966,-0.075895), Energy = -1.618980 
Averaging iterations... h=0.062500,0.000000
Done.
Final: Magnetisation = (0.504826,0.613607), Energy = -1.740924 
<M> = (0.536190,-0.015293), <E> = -1.591627 

T=0.850000	 Thermalizing iterations... 
Done.
Thermalized Magnetisation = (0.636967,-0.497326), Energy = -1.726431 
Averaging iterations... h=0.062500,0.000000
Done.
Final: Magnetisation = (0.660374,0.064602), Energy = -1.589108 
<M> = (0.592282,0.034910), <E> = -1.648344 

T=0.800000	 Thermalizing iterations... 
Done.
Thermalized Magnetisation = (0.768480,-0.105594), Energy = -1.798365 
Averaging iterations... h=0.062500,0.000000
Done.
Final: Magnetisation = (0.633684,0.012030), Energy = -1.675521 
<M> = (0.592649,0.007836), <E> = -1.678989 

T=0.750000	 Thermalizing iterations... 
Done.
Thermalized Magnetisation = (0.458645,0.744354), Energy = -1.884868 
Averaging iterations... h=0.062500,0.000000
Done.
Final: Magnetisation = (0.807287,-0.222068), Energy = -1.838328 
<M> = (0.661622,-0.059133), <E> = -1.729194 

T=0.700000	 Thermalizing iterations... 
Done.
Thermalized Magnetisation = (0.866962,0.218493), Energy = -1.939190 
Averaging iterations... h=0.062500,0.000000
Done.
Final: Magnetisation = (0.603768,-0.010030), Energy = -1.857273 
<M> = (0.685376,-0.052638), <E> = -1.759121 

T=0.650000	 Thermalizing iterations... 
Done.
Thermalized Magnetisation = (0.883506,0.025013), Energy = -1.896178 
Averaging iterations... h=0.062500,0.000000
Done.
Final: Magnetisation = (0.667500,-0.275310), Energy = -1.828249 
<M> = (0.709323,0.047637), <E> = -1.802657 

T=0.600000	 Thermalizing iterations... 
Done.
Thermalized Magnetisation = (0.550365,0.363588), Energy = -1.776470 
Averaging iterations... h=0.062500,0.000000
Done.
Final: Magnetisation = (0.799147,-0.331482), Energy = -1.954356 
<M> = (0.733089,0.043587), <E> = -1.828017 

T=0.550000	 Thermalizing iterations... 
Done.
Thermalized Magnetisation = (0.903279,-0.019624), Energy = -1.920382 
Averaging iterations... h=0.062500,0.000000
Done.
Final: Magnetisation = (0.677417,-0.146141), Energy = -1.873755 
<M> = (0.753247,0.023670), <E> = -1.859678 

T=0.500000	 Thermalizing iterations... 
Done.
Thermalized Magnetisation = (0.768485,-0.410744), Energy = -1.938130 
Averaging iterations... h=0.062500,0.000000
Done.
Final: Magnetisation = (0.732945,0.156693), Energy = -1.799865 
<M> = (0.778874,-0.025491), <E> = -1.888041 

T=0.450000	 Thermalizing iterations... 
Done.
Thermalized Magnetisation = (0.851040,-0.322083), Energy = -1.947925 
Averaging iterations... h=0.062500,0.000000
Done.
Final: Magnetisation = (0.825127,0.106049), Energy = -1.923912 
<M> = (0.800697,0.079640), <E> = -1.918407 

T=0.400000	 Thermalizing iterations... 
Done.
Thermalized Magnetisation = (0.908281,-0.110715), Energy = -2.015703 
Averaging iterations... h=0.062500,0.000000
Done.
Final: Magnetisation = (0.893401,-0.286446), Energy = -1.974684 
<M> = (0.810455,-0.148095), <E> = -1.945323 

T=0.350000	 Thermalizing iterations... 
Done.
Thermalized Magnetisation = (0.826891,-0.243327), Energy = -1.914308 
Averaging iterations... h=0.062500,0.000000
Done.
Final: Magnetisation = (0.642297,0.597093), Energy = -1.980025 
<M> = (0.841811,0.063820), <E> = -1.973653 

T=0.300000	 Thermalizing iterations... 
Done.
Thermalized Magnetisation = (0.830090,0.431355), Energy = -2.023492 
Averaging iterations... h=0.062500,0.000000
Done.
Final: Magnetisation = (0.877855,0.038906), Energy = -2.023560 
<M> = (0.874108,0.027492), <E> = -2.003676 

T=0.250000	 Thermalizing iterations... 
Done.
Thermalized Magnetisation = (0.940150,0.173100), Energy = -2.071075 
Averaging iterations... h=0.062500,0.000000
Done.
Final: Magnetisation = (0.867258,0.330242), Energy = -2.008192 
<M> = (0.891801,-0.067050), <E> = -2.028834 

T=0.200000	 Thermalizing iterations... 
Done.
Thermalized Magnetisation = (0.924349,0.063487), Energy = -2.003232 
Averaging iterations... h=0.062500,0.000000
Done.
Final: Magnetisation = (0.936650,0.219742), Energy = -2.069986 
<M> = (0.912977,0.040032), <E> = -2.055143 

T=0.150000	 Thermalizing iterations... 
Done.
Thermalized Magnetisation = (0.897986,-0.293313), Energy = -2.073500 
Averaging iterations... h=0.062500,0.000000
Done.
Final: Magnetisation = (0.929613,-0.171304), Energy = -2.088199 
<M> = (0.933235,0.003811), <E> = -2.079355 

T=0.100000	 Thermalizing iterations... 
Done.
Thermalized Magnetisation = (0.944996,0.247570), Energy = -2.116673 
Averaging iterations... h=0.062500,0.000000
Done.
Final: Magnetisation = (0.958105,-0.127661), Energy = -2.109074 
<M> = (0.951248,-0.054206), <E> = -2.105524 

T=0.050000	 Thermalizing iterations... 
Done.
Thermalized Magnetisation = (0.970390,-0.137797), Energy = -2.127132 
Averaging iterations... h=0.062500,0.000000
Done.
Final: Magnetisation = (0.989676,0.107917), Energy = -2.140839 
<M> = (0.978544,-0.011186), <E> = -2.130917 
Final Magnetisation = (0.989676,0.107917), Energy = -2.140839 
------------------------

Updating all (first)black/(then)white checkerboard sites simultaneously.. 

ztne RFXY h rotating with |h|=0.062500 at T=0.000000..
loop 1

loop 2

Cooling protocol time (from T=2.000000 to T=0.000000) = 52.880185 

CPU Time elapsed total = 52.910797 
All done - 53 seconds elapsed.
