+ cd /home/sbasak/Exercises/OpenMP/XY_code/Z2/rotating_field/trial/config/config_1
+ export OMP_NUM_THREADS=28
+ OMP_NUM_THREADS=28
+ ./a_8.out
nearest neighbor initialized. 
h loaded. 
J loaded. 
L = 128, dim_L = 2, dim_S = 2
hysteresis_MCS_multiplier = 10, hysteresis_MCS_max = 100
RAND_MAX = 2147483647.000000,
 sizeof(int) = 4,
 sizeof(long) = 8,
 sizeof(double) = 8,
 sizeof(long int) = 8,
 sizeof(short int) = 2,
 sizeof(unsigned int) = 4,
 sizeof(RAND_MAX) = 4
No. of THREADS = 28
No. of PROCESSORS = 28

0.059793,0.019883
order = ({1.000000-->-1.000000,0.000000}, 0, 1)
Initial Magnetisation = (0.059793,0.019883), Energy = 0.016813 
Cooling... 
T=2.000000	 Thermalizing iterations... 
Done.
Thermalized Magnetisation = (0.057741,-0.025696), Energy = -0.577210 
Averaging iterations... h=0.062500,0.000000
Done.
Final: Magnetisation = (0.051993,-0.034864), Energy = -0.592783 
<M> = (0.061560,-0.000312), <E> = -0.615544 

T=1.990000	 Thermalizing iterations... 
Done.
Thermalized Magnetisation = (0.022503,0.035867), Energy = -0.637844 
Averaging iterations... h=0.062500,0.000000
Done.
Final: Magnetisation = (0.057753,0.007481), Energy = -0.651429 
<M> = (0.063945,-0.001483), <E> = -0.620120 

T=1.980000	 Thermalizing iterations... 
Done.
Thermalized Magnetisation = (0.053497,0.012011), Energy = -0.647797 
Averaging iterations... h=0.062500,0.000000
Done.
Final: Magnetisation = (0.071222,0.014483), Energy = -0.632633 
<M> = (0.064026,-0.001387), <E> = -0.624582 

T=1.970000	 Thermalizing iterations... 
Done.
Thermalized Magnetisation = (0.052830,0.032611), Energy = -0.632477 
Averaging iterations... h=0.062500,0.000000
Done.
Final: Magnetisation = (0.040531,-0.059635), Energy = -0.616968 
<M> = (0.065309,-0.001960), <E> = -0.628303 

T=1.960000	 Thermalizing iterations... 
Done.
Thermalized Magnetisation = (0.047267,-0.029537), Energy = -0.668258 
Averaging iterations... h=0.062500,0.000000
Done.
Final: Magnetisation = (0.065126,-0.005271), Energy = -0.635586 
<M> = (0.067033,-0.001169), <E> = -0.632227 

T=1.950000	 Thermalizing iterations... 
Done.
Thermalized Magnetisation = (0.068302,0.006057), Energy = -0.631999 
Averaging iterations... h=0.062500,0.000000
Done.
Final: Magnetisation = (0.117335,-0.005595), Energy = -0.644016 
<M> = (0.068128,-0.000280), <E> = -0.635433 

T=1.940000	 Thermalizing iterations... 
Done.
Thermalized Magnetisation = (0.109105,-0.015354), Energy = -0.618224 
Averaging iterations... h=0.062500,0.000000
Done.
Final: Magnetisation = (0.088431,0.032642), Energy = -0.614211 
<M> = (0.066941,-0.000162), <E> = -0.638592 

T=1.930000	 Thermalizing iterations... 
Done.
Thermalized Magnetisation = (0.084323,0.005794), Energy = -0.664993 
Averaging iterations... h=0.062500,0.000000
Done.
Final: Magnetisation = (-0.009803,0.008903), Energy = -0.618211 
<M> = (0.067980,0.000237), <E> = -0.641903 

T=1.920000	 Thermalizing iterations... 
Done.
Thermalized Magnetisation = (0.038171,0.046477), Energy = -0.676713 
Averaging iterations... h=0.062500,0.000000
Done.
Final: Magnetisation = (0.078749,-0.018212), Energy = -0.653424 
<M> = (0.070155,-0.001416), <E> = -0.647021 

T=1.910000	 Thermalizing iterations... 
Done.
Thermalized Magnetisation = (0.021015,0.005669), Energy = -0.644120 
Averaging iterations... h=0.062500,0.000000
Done.
Final: Magnetisation = (0.041666,-0.023569), Energy = -0.692193 
<M> = (0.071401,-0.001357), <E> = -0.651334 

T=1.900000	 Thermalizing iterations... 
Done.
Thermalized Magnetisation = (0.146036,0.085350), Energy = -0.665656 
Averaging iterations... h=0.062500,0.000000
Done.
Final: Magnetisation = (0.014373,-0.007425), Energy = -0.639190 
<M> = (0.072029,-0.002952), <E> = -0.655355 

T=1.890000	 Thermalizing iterations... 
Done.
Thermalized Magnetisation = (0.020726,0.012309), Energy = -0.661025 
Averaging iterations... h=0.062500,0.000000
Done.
Final: Magnetisation = (0.044447,0.016615), Energy = -0.636556 
<M> = (0.072965,-0.002031), <E> = -0.659558 

T=1.880000	 Thermalizing iterations... 
Done.
Thermalized Magnetisation = (0.086691,-0.037142), Energy = -0.656703 
Averaging iterations... h=0.062500,0.000000
Done.
Final: Magnetisation = (0.013180,0.005244), Energy = -0.658660 
<M> = (0.075201,-0.001818), <E> = -0.664158 

T=1.870000	 Thermalizing iterations... 
Done.
Thermalized Magnetisation = (0.056006,0.011931), Energy = -0.655515 
Averaging iterations... h=0.062500,0.000000
Done.
Final: Magnetisation = (0.090053,0.008443), Energy = -0.668468 
<M> = (0.075707,0.001740), <E> = -0.667339 

T=1.860000	 Thermalizing iterations... 
Done.
Thermalized Magnetisation = (0.047342,0.037000), Energy = -0.629050 
Averaging iterations... h=0.062500,0.000000
Done.
Final: Magnetisation = (0.108136,-0.031121), Energy = -0.652946 
<M> = (0.075951,-0.000156), <E> = -0.671480 

T=1.850000	 Thermalizing iterations... 
Done.
Thermalized Magnetisation = (0.061442,0.085266), Energy = -0.669400 
Averaging iterations... h=0.062500,0.000000
Done.
Final: Magnetisation = (0.122447,-0.007714), Energy = -0.702761 
<M> = (0.076710,-0.000563), <E> = -0.675687 

T=1.840000	 Thermalizing iterations... 
Done.
Thermalized Magnetisation = (0.062959,0.023681), Energy = -0.670212 
Averaging iterations... h=0.062500,0.000000
Done.
Final: Magnetisation = (0.087592,-0.009237), Energy = -0.696428 
<M> = (0.080113,-0.001432), <E> = -0.680967 

T=1.830000	 Thermalizing iterations... 
Done.
Thermalized Magnetisation = (0.135602,0.014227), Energy = -0.686172 
Averaging iterations... h=0.062500,0.000000
Done.
Final: Magnetisation = (0.091284,0.049208), Energy = -0.653776 
<M> = (0.079653,-0.002693), <E> = -0.685580 

T=1.820000	 Thermalizing iterations... 
Done.
Thermalized Magnetisation = (0.080958,0.030563), Energy = -0.681404 
Averaging iterations... h=0.062500,0.000000
Done.
Final: Magnetisation = (0.099574,-0.014401), Energy = -0.683597 
<M> = (0.081493,-0.002338), <E> = -0.690548 

T=1.810000	 Thermalizing iterations... 
Done.
Thermalized Magnetisation = (0.053516,0.031708), Energy = -0.685314 
Averaging iterations... h=0.062500,0.000000
Done.
Final: Magnetisation = (0.060067,0.034019), Energy = -0.658622 
<M> = (0.085120,-0.002028), <E> = -0.695155 

T=1.800000	 Thermalizing iterations... 
Done.
Thermalized Magnetisation = (0.047390,-0.001736), Energy = -0.667665 
Averaging iterations... h=0.062500,0.000000
Done.
Final: Magnetisation = (0.096216,0.024309), Energy = -0.728077 
<M> = (0.085585,-0.000038), <E> = -0.698940 

T=1.790000	 Thermalizing iterations... 
Done.
Thermalized Magnetisation = (0.096660,-0.049527), Energy = -0.706625 
Averaging iterations... h=0.062500,0.000000
Done.
Final: Magnetisation = (0.035308,-0.073561), Energy = -0.692525 
<M> = (0.085542,-0.000374), <E> = -0.703440 

T=1.780000	 Thermalizing iterations... 
Done.
Thermalized Magnetisation = (0.076616,-0.026325), Energy = -0.725135 
Averaging iterations... h=0.062500,0.000000
Done.
Final: Magnetisation = (0.109893,0.012195), Energy = -0.715696 
<M> = (0.086457,0.000794), <E> = -0.707703 

T=1.770000	 Thermalizing iterations... 
Done.
Thermalized Magnetisation = (0.096268,0.030605), Energy = -0.712163 
Averaging iterations... h=0.062500,0.000000
Done.
Final: Magnetisation = (0.077671,0.064089), Energy = -0.701668 
<M> = (0.089152,-0.003027), <E> = -0.713524 

T=1.760000	 Thermalizing iterations... 
Done.
Thermalized Magnetisation = (0.093688,0.021734), Energy = -0.745202 
Averaging iterations... h=0.062500,0.000000
Done.
Final: Magnetisation = (0.133013,-0.031852), Energy = -0.742097 
<M> = (0.090674,-0.001528), <E> = -0.718690 

T=1.750000	 Thermalizing iterations... 
Done.
Thermalized Magnetisation = (0.079338,0.020938), Energy = -0.713439 
Averaging iterations... h=0.062500,0.000000
Done.
Final: Magnetisation = (0.136169,-0.008385), Energy = -0.701647 
<M> = (0.091493,-0.002496), <E> = -0.724059 

T=1.740000	 Thermalizing iterations... 
Done.
Thermalized Magnetisation = (0.116545,0.015347), Energy = -0.708852 
Averaging iterations... h=0.062500,0.000000
Done.
Final: Magnetisation = (0.101167,-0.031788), Energy = -0.730884 
<M> = (0.093121,-0.002275), <E> = -0.729139 

T=1.730000	 Thermalizing iterations... 
Done.
Thermalized Magnetisation = (0.124163,-0.034402), Energy = -0.736713 
Averaging iterations... h=0.062500,0.000000
Done.
Final: Magnetisation = (0.042578,-0.041674), Energy = -0.733835 
<M> = (0.096474,-0.001311), <E> = -0.734159 

T=1.720000	 Thermalizing iterations... 
Done.
Thermalized Magnetisation = (0.090001,-0.058612), Energy = -0.735092 
Averaging iterations... h=0.062500,0.000000
Done.
Final: Magnetisation = (0.100789,0.031233), Energy = -0.756543 
<M> = (0.095994,0.000624), <E> = -0.738275 

T=1.710000	 Thermalizing iterations... 
Done.
Thermalized Magnetisation = (0.120030,-0.059407), Energy = -0.790943 
Averaging iterations... h=0.062500,0.000000
Done.
Final: Magnetisation = (0.118083,-0.011825), Energy = -0.758807 
<M> = (0.098056,-0.000817), <E> = -0.743556 

T=1.700000	 Thermalizing iterations... 
Done.
Thermalized Magnetisation = (0.135187,0.014460), Energy = -0.754312 
Averaging iterations... h=0.062500,0.000000
Done.
Final: Magnetisation = (0.139013,0.026995), Energy = -0.765639 
<M> = (0.100590,-0.000133), <E> = -0.749752 

T=1.690000	 Thermalizing iterations... 
Done.
Thermalized Magnetisation = (0.041308,0.026948), Energy = -0.759015 
Averaging iterations... h=0.062500,0.000000
Done.
Final: Magnetisation = (0.110626,-0.067689), Energy = -0.756775 
<M> = (0.102272,-0.000021), <E> = -0.755011 

T=1.680000	 Thermalizing iterations... 
Done.
Thermalized Magnetisation = (0.063410,-0.013276), Energy = -0.753322 
Averaging iterations... h=0.062500,0.000000
Done.
Final: Magnetisation = (0.072865,-0.101641), Energy = -0.763959 
<M> = (0.104320,-0.002834), <E> = -0.761464 

T=1.670000	 Thermalizing iterations... 
Done.
Thermalized Magnetisation = (0.061824,0.009351), Energy = -0.757423 
Averaging iterations... h=0.062500,0.000000
Done.
Final: Magnetisation = (0.118793,-0.083444), Energy = -0.793626 
<M> = (0.106811,-0.001592), <E> = -0.767694 

T=1.660000	 Thermalizing iterations... 
Done.
Thermalized Magnetisation = (0.038972,0.016316), Energy = -0.754521 
Averaging iterations... h=0.062500,0.000000
Done.
Final: Magnetisation = (0.136496,-0.036212), Energy = -0.788514 
<M> = (0.109561,-0.002169), <E> = -0.773642 

T=1.650000	 Thermalizing iterations... 
Done.
Thermalized Magnetisation = (0.109456,-0.003923), Energy = -0.765690 
Averaging iterations... h=0.062500,0.000000
Done.
Final: Magnetisation = (0.064661,0.046855), Energy = -0.754291 
<M> = (0.111262,0.000891), <E> = -0.778119 

T=1.640000	 Thermalizing iterations... 
Done.
Thermalized Magnetisation = (0.137226,0.071314), Energy = -0.802797 
Averaging iterations... h=0.062500,0.000000
Done.
Final: Magnetisation = (0.162597,-0.039196), Energy = -0.786607 
<M> = (0.112214,0.001151), <E> = -0.783484 

T=1.630000	 Thermalizing iterations... 
Done.
Thermalized Magnetisation = (0.119697,0.021349), Energy = -0.809923 
Averaging iterations... h=0.062500,0.000000
Done.
Final: Magnetisation = (0.117665,0.017141), Energy = -0.749646 
<M> = (0.114860,0.000504), <E> = -0.789520 

T=1.620000	 Thermalizing iterations... 
Done.
Thermalized Magnetisation = (0.115270,-0.051123), Energy = -0.805283 
Averaging iterations... h=0.062500,0.000000
Done.
Final: Magnetisation = (0.174904,-0.037844), Energy = -0.819846 
<M> = (0.117940,-0.001332), <E> = -0.796502 

T=1.610000	 Thermalizing iterations... 
Done.
Thermalized Magnetisation = (0.142207,0.042786), Energy = -0.816084 
Averaging iterations... h=0.062500,0.000000
Done.
Final: Magnetisation = (0.130929,0.085387), Energy = -0.824772 
<M> = (0.119677,-0.002872), <E> = -0.802960 

T=1.600000	 Thermalizing iterations... 
Done.
Thermalized Magnetisation = (0.123763,-0.039362), Energy = -0.850995 
Averaging iterations... h=0.062500,0.000000
Done.
Final: Magnetisation = (0.072303,-0.026111), Energy = -0.768199 
<M> = (0.121761,-0.004383), <E> = -0.809695 

T=1.590000	 Thermalizing iterations... 
Done.
Thermalized Magnetisation = (0.089509,0.026231), Energy = -0.796385 
Averaging iterations... h=0.062500,0.000000
Done.
Final: Magnetisation = (0.026795,0.028969), Energy = -0.787832 
<M> = (0.124466,-0.001979), <E> = -0.816045 

T=1.580000	 Thermalizing iterations... 
Done.
Thermalized Magnetisation = (0.138208,0.022428), Energy = -0.789281 
Averaging iterations... h=0.062500,0.000000
Done.
Final: Magnetisation = (0.129117,-0.044641), Energy = -0.862479 
<M> = (0.129252,-0.000166), <E> = -0.822436 

T=1.570000	 Thermalizing iterations... 
Done.
Thermalized Magnetisation = (0.139212,0.045232), Energy = -0.855758 
Averaging iterations... h=0.062500,0.000000
Done.
Final: Magnetisation = (0.114663,0.023042), Energy = -0.817328 
<M> = (0.130888,-0.000086), <E> = -0.828496 

T=1.560000	 Thermalizing iterations... 
Done.
Thermalized Magnetisation = (0.181744,-0.060700), Energy = -0.889824 
Averaging iterations... h=0.062500,0.000000
Done.
Final: Magnetisation = (0.082950,-0.014812), Energy = -0.815140 
<M> = (0.132515,0.001201), <E> = -0.834331 

T=1.550000	 Thermalizing iterations... 
Done.
Thermalized Magnetisation = (0.071299,-0.004068), Energy = -0.783963 
Averaging iterations... h=0.062500,0.000000
Done.
Final: Magnetisation = (0.118035,0.014619), Energy = -0.818077 
<M> = (0.136401,-0.001037), <E> = -0.842145 

T=1.540000	 Thermalizing iterations... 
Done.
Thermalized Magnetisation = (0.109287,0.093768), Energy = -0.826049 
Averaging iterations... h=0.062500,0.000000
Done.
Final: Magnetisation = (0.121218,-0.095561), Energy = -0.867130 
<M> = (0.139496,-0.001768), <E> = -0.849485 

T=1.530000	 Thermalizing iterations... 
Done.
Thermalized Magnetisation = (0.190152,-0.004074), Energy = -0.919783 
Averaging iterations... h=0.062500,0.000000
Done.
Final: Magnetisation = (0.138886,0.025229), Energy = -0.869349 
<M> = (0.141756,-0.002955), <E> = -0.856776 

T=1.520000	 Thermalizing iterations... 
Done.
Thermalized Magnetisation = (0.186702,0.081605), Energy = -0.865866 
Averaging iterations... h=0.062500,0.000000
Done.
Final: Magnetisation = (0.120294,-0.038252), Energy = -0.851252 
<M> = (0.145893,-0.003341), <E> = -0.864756 

T=1.510000	 Thermalizing iterations... 
Done.
Thermalized Magnetisation = (0.158657,0.001690), Energy = -0.898997 
Averaging iterations... h=0.062500,0.000000
Done.
Final: Magnetisation = (0.140126,0.008513), Energy = -0.873348 
<M> = (0.151773,-0.000682), <E> = -0.872246 

T=1.500000	 Thermalizing iterations... 
Done.
Thermalized Magnetisation = (0.192409,-0.074337), Energy = -0.901759 
Averaging iterations... h=0.062500,0.000000
Done.
Final: Magnetisation = (0.119850,-0.068014), Energy = -0.856607 
<M> = (0.154241,0.002016), <E> = -0.878369 

T=1.490000	 Thermalizing iterations... 
Done.
Thermalized Magnetisation = (0.171333,0.016591), Energy = -0.876074 
Averaging iterations... h=0.062500,0.000000
Done.
Final: Magnetisation = (0.137558,0.098512), Energy = -0.885044 
<M> = (0.155501,0.001616), <E> = -0.885465 

T=1.480000	 Thermalizing iterations... 
Done.
Thermalized Magnetisation = (0.177091,-0.045797), Energy = -0.872693 
Averaging iterations... h=0.062500,0.000000
Done.
Final: Magnetisation = (0.163619,-0.037334), Energy = -0.887134 
<M> = (0.157273,0.000890), <E> = -0.892941 

T=1.470000	 Thermalizing iterations... 
Done.
Thermalized Magnetisation = (0.182559,-0.012279), Energy = -0.924917 
Averaging iterations... h=0.062500,0.000000
Done.
Final: Magnetisation = (0.222586,-0.034158), Energy = -0.938905 
<M> = (0.164779,-0.001152), <E> = -0.901879 

T=1.460000	 Thermalizing iterations... 
Done.
Thermalized Magnetisation = (0.151694,0.047608), Energy = -0.905597 
Averaging iterations... h=0.062500,0.000000
Done.
Final: Magnetisation = (0.169067,0.024140), Energy = -0.895579 
<M> = (0.166067,-0.001845), <E> = -0.910360 

T=1.450000	 Thermalizing iterations... 
Done.
Thermalized Magnetisation = (0.178970,0.027832), Energy = -0.940240 
Averaging iterations... h=0.062500,0.000000
Done.
Final: Magnetisation = (0.107555,-0.015466), Energy = -0.894707 
<M> = (0.170893,-0.005392), <E> = -0.918995 

T=1.440000	 Thermalizing iterations... 
Done.
Thermalized Magnetisation = (0.229961,-0.046727), Energy = -0.963796 
Averaging iterations... h=0.062500,0.000000
Done.
Final: Magnetisation = (0.199227,-0.016962), Energy = -0.951088 
<M> = (0.176200,-0.004013), <E> = -0.927284 

T=1.430000	 Thermalizing iterations... 
Done.
Thermalized Magnetisation = (0.146635,-0.105448), Energy = -0.945925 
Averaging iterations... h=0.062500,0.000000
Done.
Final: Magnetisation = (0.167561,0.016934), Energy = -0.926617 
<M> = (0.180682,0.000274), <E> = -0.934395 

T=1.420000	 Thermalizing iterations... 
Done.
Thermalized Magnetisation = (0.281902,0.074980), Energy = -0.982724 
Averaging iterations... h=0.062500,0.000000
Done.
Final: Magnetisation = (0.170623,-0.040035), Energy = -0.932752 
<M> = (0.184390,0.001837), <E> = -0.942782 

T=1.410000	 Thermalizing iterations... 
Done.
Thermalized Magnetisation = (0.215365,0.003508), Energy = -0.965926 
Averaging iterations... h=0.062500,0.000000
Done.
Final: Magnetisation = (0.147326,0.016924), Energy = -0.948099 
<M> = (0.186022,0.004512), <E> = -0.950248 

T=1.400000	 Thermalizing iterations... 
Done.
Thermalized Magnetisation = (0.195632,-0.014846), Energy = -0.926006 
Averaging iterations... h=0.062500,0.000000
Done.
Final: Magnetisation = (0.200477,0.080767), Energy = -0.930451 
<M> = (0.193761,-0.002554), <E> = -0.961137 

T=1.390000	 Thermalizing iterations... 
Done.
Thermalized Magnetisation = (0.170684,-0.016931), Energy = -0.972566 
Averaging iterations... h=0.062500,0.000000
Done.
Final: Magnetisation = (0.220174,-0.007270), Energy = -0.976618 
<M> = (0.198691,-0.002970), <E> = -0.970676 

T=1.380000	 Thermalizing iterations... 
Done.
Thermalized Magnetisation = (0.208715,-0.025149), Energy = -0.978725 
Averaging iterations... h=0.062500,0.000000
Done.
Final: Magnetisation = (0.205797,-0.049394), Energy = -0.929633 
<M> = (0.202402,-0.008449), <E> = -0.979620 

T=1.370000	 Thermalizing iterations... 
Done.
Thermalized Magnetisation = (0.168363,-0.049834), Energy = -0.961384 
Averaging iterations... h=0.062500,0.000000
Done.
Final: Magnetisation = (0.167549,-0.023909), Energy = -0.950088 
<M> = (0.207465,-0.005635), <E> = -0.988734 

T=1.360000	 Thermalizing iterations... 
Done.
Thermalized Magnetisation = (0.177724,0.026851), Energy = -1.005142 
Averaging iterations... h=0.062500,0.000000
Done.
Final: Magnetisation = (0.274138,0.102316), Energy = -1.047938 
<M> = (0.214576,-0.002817), <E> = -0.998166 

T=1.350000	 Thermalizing iterations... 
Done.
Thermalized Magnetisation = (0.232762,0.099638), Energy = -1.001470 
Averaging iterations... h=0.062500,0.000000
Done.
Final: Magnetisation = (0.176921,0.034265), Energy = -0.974561 
<M> = (0.221271,0.005893), <E> = -1.006384 

T=1.340000	 Thermalizing iterations... 
Done.
Thermalized Magnetisation = (0.296875,0.019734), Energy = -1.084484 
Averaging iterations... h=0.062500,0.000000
Done.
Final: Magnetisation = (0.276659,-0.046317), Energy = -1.047389 
<M> = (0.223701,-0.000038), <E> = -1.015453 

T=1.330000	 Thermalizing iterations... 
Done.
Thermalized Magnetisation = (0.270675,-0.002646), Energy = -1.051484 
Averaging iterations... h=0.062500,0.000000
Done.
Final: Magnetisation = (0.257513,-0.059043), Energy = -1.030413 
<M> = (0.229597,0.000317), <E> = -1.025899 

T=1.320000	 Thermalizing iterations... 
Done.
Thermalized Magnetisation = (0.216482,-0.018344), Energy = -1.036893 
Averaging iterations... h=0.062500,0.000000
Done.
Final: Magnetisation = (0.189047,-0.052751), Energy = -0.968332 
<M> = (0.241296,-0.003187), <E> = -1.037911 

T=1.310000	 Thermalizing iterations... 
Done.
Thermalized Magnetisation = (0.300425,-0.017410), Energy = -1.093062 
Averaging iterations... h=0.062500,0.000000
Done.
Final: Magnetisation = (0.207141,0.030320), Energy = -1.048519 
<M> = (0.244861,-0.005349), <E> = -1.048284 

T=1.300000	 Thermalizing iterations... 
Done.
Thermalized Magnetisation = (0.218291,-0.001521), Energy = -1.037547 
Averaging iterations... h=0.062500,0.000000
Done.
Final: Magnetisation = (0.268200,0.003025), Energy = -1.100983 
<M> = (0.249472,-0.006197), <E> = -1.058775 

T=1.290000	 Thermalizing iterations... 
Done.
Thermalized Magnetisation = (0.260242,-0.033788), Energy = -1.066611 
Averaging iterations... h=0.062500,0.000000
Done.
Final: Magnetisation = (0.280958,-0.051032), Energy = -1.051042 
<M> = (0.257775,-0.007782), <E> = -1.069503 

T=1.280000	 Thermalizing iterations... 
Done.
Thermalized Magnetisation = (0.299498,0.035806), Energy = -1.110893 
Averaging iterations... h=0.062500,0.000000
Done.
Final: Magnetisation = (0.269151,-0.016694), Energy = -1.090256 
<M> = (0.263996,-0.002086), <E> = -1.078439 

T=1.270000	 Thermalizing iterations... 
Done.
Thermalized Magnetisation = (0.215667,0.007840), Energy = -1.059157 
Averaging iterations... h=0.062500,0.000000
Done.
Final: Magnetisation = (0.267485,-0.001544), Energy = -1.090332 
<M> = (0.270760,-0.000350), <E> = -1.089616 

T=1.260000	 Thermalizing iterations... 
Done.
Thermalized Magnetisation = (0.210380,0.006737), Energy = -1.075730 
Averaging iterations... h=0.062500,0.000000
Done.
Final: Magnetisation = (0.276861,-0.037754), Energy = -1.132389 
<M> = (0.277210,0.002741), <E> = -1.099379 

T=1.250000	 Thermalizing iterations... 
Done.
Thermalized Magnetisation = (0.291697,-0.094675), Energy = -1.153693 
Averaging iterations... h=0.062500,0.000000
Done.
Final: Magnetisation = (0.259125,0.031824), Energy = -1.105587 
<M> = (0.285320,-0.006970), <E> = -1.111833 

T=1.240000	 Thermalizing iterations... 
Done.
Thermalized Magnetisation = (0.311165,0.000718), Energy = -1.148682 
Averaging iterations... h=0.062500,0.000000
Done.
Final: Magnetisation = (0.197494,-0.007523), Energy = -1.069452 
<M> = (0.292111,-0.002175), <E> = -1.123081 

T=1.230000	 Thermalizing iterations... 
Done.
Thermalized Magnetisation = (0.291499,0.092367), Energy = -1.139306 
Averaging iterations... h=0.062500,0.000000
Done.
Final: Magnetisation = (0.254235,-0.095159), Energy = -1.060454 
<M> = (0.296486,-0.011317), <E> = -1.134980 

T=1.220000	 Thermalizing iterations... 
Done.
Thermalized Magnetisation = (0.275456,-0.061660), Energy = -1.122017 
Averaging iterations... h=0.062500,0.000000
Done.
Final: Magnetisation = (0.273364,-0.030559), Energy = -1.156784 
<M> = (0.303980,-0.009181), <E> = -1.145398 

T=1.210000	 Thermalizing iterations... 
Done.
Thermalized Magnetisation = (0.289432,0.050805), Energy = -1.100915 
Averaging iterations... h=0.062500,0.000000
Done.
Final: Magnetisation = (0.289601,-0.021314), Energy = -1.171875 
<M> = (0.315065,-0.005363), <E> = -1.157306 

T=1.200000	 Thermalizing iterations... 
Done.
Thermalized Magnetisation = (0.402812,-0.058079), Energy = -1.180910 
Averaging iterations... h=0.062500,0.000000
Done.
Final: Magnetisation = (0.343691,0.020099), Energy = -1.180352 
<M> = (0.322139,0.000411), <E> = -1.168351 

T=1.190000	 Thermalizing iterations... 
Done.
Thermalized Magnetisation = (0.347511,0.021797), Energy = -1.136856 
Averaging iterations... h=0.062500,0.000000
Done.
Final: Magnetisation = (0.343629,-0.104292), Energy = -1.198495 
<M> = (0.330161,0.002589), <E> = -1.179262 

T=1.180000	 Thermalizing iterations... 
Done.
Thermalized Magnetisation = (0.328109,-0.055677), Energy = -1.177786 
Averaging iterations... h=0.062500,0.000000
Done.
Final: Magnetisation = (0.319014,0.032021), Energy = -1.143836 
<M> = (0.340408,-0.002420), <E> = -1.191888 

T=1.170000	 Thermalizing iterations... 
Done.
Thermalized Magnetisation = (0.315409,0.080479), Energy = -1.205333 
Averaging iterations... h=0.062500,0.000000
Done.
Final: Magnetisation = (0.338324,0.137850), Energy = -1.191237 
<M> = (0.347132,0.006983), <E> = -1.204521 

T=1.160000	 Thermalizing iterations... 
Done.
Thermalized Magnetisation = (0.367711,-0.150535), Energy = -1.233514 
Averaging iterations... h=0.062500,0.000000
Done.
Final: Magnetisation = (0.332287,-0.116103), Energy = -1.197940 
<M> = (0.355997,-0.007878), <E> = -1.217841 

T=1.150000	 Thermalizing iterations... 
Done.
Thermalized Magnetisation = (0.354306,-0.067902), Energy = -1.263733 
Averaging iterations... h=0.062500,0.000000
Done.
Final: Magnetisation = (0.352017,0.019762), Energy = -1.214053 
<M> = (0.362201,-0.008583), <E> = -1.228783 

T=1.140000	 Thermalizing iterations... 
Done.
Thermalized Magnetisation = (0.330913,-0.053344), Energy = -1.238324 
Averaging iterations... h=0.062500,0.000000
Done.
Final: Magnetisation = (0.393016,-0.068587), Energy = -1.248039 
<M> = (0.373054,-0.016490), <E> = -1.241415 

T=1.130000	 Thermalizing iterations... 
Done.
Thermalized Magnetisation = (0.345675,0.007702), Energy = -1.206803 
Averaging iterations... h=0.062500,0.000000
Done.
Final: Magnetisation = (0.353087,0.031405), Energy = -1.235685 
<M> = (0.381141,-0.007230), <E> = -1.252009 

T=1.120000	 Thermalizing iterations... 
Done.
Thermalized Magnetisation = (0.352586,0.064837), Energy = -1.267565 
Averaging iterations... h=0.062500,0.000000
Done.
Final: Magnetisation = (0.369339,-0.134943), Energy = -1.276730 
<M> = (0.391842,0.005623), <E> = -1.264354 

T=1.110000	 Thermalizing iterations... 
Done.
Thermalized Magnetisation = (0.432662,-0.061333), Energy = -1.286867 
Averaging iterations... h=0.062500,0.000000
Done.
Final: Magnetisation = (0.415471,0.020220), Energy = -1.290764 
<M> = (0.401703,0.004158), <E> = -1.275549 

T=1.100000	 Thermalizing iterations... 
Done.
Thermalized Magnetisation = (0.391958,-0.099610), Energy = -1.300687 
Averaging iterations... h=0.062500,0.000000
Done.
Final: Magnetisation = (0.436985,-0.012124), Energy = -1.304319 
<M> = (0.407629,0.001502), <E> = -1.289193 

T=1.090000	 Thermalizing iterations... 
Done.
Thermalized Magnetisation = (0.438727,-0.007786), Energy = -1.315770 
Averaging iterations... h=0.062500,0.000000
Done.
Final: Magnetisation = (0.369502,-0.060449), Energy = -1.301670 
<M> = (0.414278,-0.021365), <E> = -1.301913 

T=1.080000	 Thermalizing iterations... 
Done.
Thermalized Magnetisation = (0.414909,-0.012972), Energy = -1.297713 
Averaging iterations... h=0.062500,0.000000
Done.
Final: Magnetisation = (0.456325,0.077722), Energy = -1.320907 
<M> = (0.421272,-0.030355), <E> = -1.312994 

T=1.070000	 Thermalizing iterations... 
Done.
Thermalized Magnetisation = (0.440620,0.075828), Energy = -1.334060 
Averaging iterations... h=0.062500,0.000000
Done.
Final: Magnetisation = (0.416181,0.110370), Energy = -1.301587 
<M> = (0.428221,-0.018817), <E> = -1.325576 

T=1.060000	 Thermalizing iterations... 
Done.
Thermalized Magnetisation = (0.385198,-0.012337), Energy = -1.335248 
Averaging iterations... h=0.062500,0.000000
Done.
Final: Magnetisation = (0.474771,-0.079611), Energy = -1.356967 
<M> = (0.442647,-0.025361), <E> = -1.339020 

T=1.050000	 Thermalizing iterations... 
Done.
Thermalized Magnetisation = (0.464477,-0.227358), Energy = -1.396425 
Averaging iterations... h=0.062500,0.000000
Done.
Final: Magnetisation = (0.415868,-0.005147), Energy = -1.329919 
<M> = (0.451071,-0.001167), <E> = -1.349684 

T=1.040000	 Thermalizing iterations... 
Done.
Thermalized Magnetisation = (0.434698,-0.006109), Energy = -1.336571 
Averaging iterations... h=0.062500,0.000000
Done.
Final: Magnetisation = (0.413030,0.081228), Energy = -1.354674 
<M> = (0.452356,0.015054), <E> = -1.360483 

T=1.030000	 Thermalizing iterations... 
Done.
Thermalized Magnetisation = (0.422077,-0.096099), Energy = -1.331738 
Averaging iterations... h=0.062500,0.000000
Done.
Final: Magnetisation = (0.421430,0.071086), Energy = -1.393713 
<M> = (0.465760,-0.005530), <E> = -1.372469 

T=1.020000	 Thermalizing iterations... 
Done.
Thermalized Magnetisation = (0.483312,-0.065293), Energy = -1.369650 
Averaging iterations... h=0.062500,0.000000
Done.
Final: Magnetisation = (0.472855,-0.006895), Energy = -1.399581 
<M> = (0.471818,0.011242), <E> = -1.383802 

T=1.010000	 Thermalizing iterations... 
Done.
Thermalized Magnetisation = (0.466682,-0.016130), Energy = -1.380280 
Averaging iterations... h=0.062500,0.000000
Done.
Final: Magnetisation = (0.509636,-0.111328), Energy = -1.413180 
<M> = (0.475354,-0.068401), <E> = -1.397267 

T=1.000000	 Thermalizing iterations... 
Done.
Thermalized Magnetisation = (0.493303,-0.191407), Energy = -1.431003 
Averaging iterations... h=0.062500,0.000000
Done.
Final: Magnetisation = (0.545394,0.053737), Energy = -1.434159 
<M> = (0.484297,-0.065491), <E> = -1.408155 

T=0.990000	 Thermalizing iterations... 
Done.
Thermalized Magnetisation = (0.475696,-0.062461), Energy = -1.432762 
Averaging iterations... h=0.062500,0.000000
Done.
Final: Magnetisation = (0.498564,-0.052082), Energy = -1.400147 
<M> = (0.498058,-0.024538), <E> = -1.419007 

T=0.980000	 Thermalizing iterations... 
Done.
Thermalized Magnetisation = (0.480814,0.064340), Energy = -1.432252 
Averaging iterations... h=0.062500,0.000000
Done.
Final: Magnetisation = (0.521917,-0.067343), Energy = -1.444882 
<M> = (0.502907,-0.005571), <E> = -1.430401 

T=0.970000	 Thermalizing iterations... 
Done.
Thermalized Magnetisation = (0.481156,0.002325), Energy = -1.410407 
Averaging iterations... h=0.062500,0.000000
Done.
Final: Magnetisation = (0.499858,0.013051), Energy = -1.450822 
<M> = (0.508625,-0.002924), <E> = -1.440596 

T=0.960000	 Thermalizing iterations... 
Done.
Thermalized Magnetisation = (0.494225,-0.002274), Energy = -1.463034 
Averaging iterations... h=0.062500,0.000000
Done.
Final: Magnetisation = (0.544867,0.017745), Energy = -1.441112 
<M> = (0.510303,-0.005058), <E> = -1.451164 

T=0.950000	 Thermalizing iterations... 
Done.
Thermalized Magnetisation = (0.503028,-0.153652), Energy = -1.446886 
Averaging iterations... h=0.062500,0.000000
Done.
Final: Magnetisation = (0.500109,-0.122658), Energy = -1.444737 
<M> = (0.518388,-0.078757), <E> = -1.462914 

T=0.940000	 Thermalizing iterations... 
Done.
Thermalized Magnetisation = (0.558534,0.071038), Energy = -1.502295 
Averaging iterations... h=0.062500,0.000000
Done.
Final: Magnetisation = (0.508078,0.070334), Energy = -1.477584 
<M> = (0.530294,-0.023768), <E> = -1.473911 

T=0.930000	 Thermalizing iterations... 
Done.
Thermalized Magnetisation = (0.528010,0.190927), Energy = -1.466525 
Averaging iterations... h=0.062500,0.000000
Done.
Final: Magnetisation = (0.537781,-0.138185), Energy = -1.472010 
<M> = (0.525787,-0.090242), <E> = -1.484123 

T=0.920000	 Thermalizing iterations... 
Done.
Thermalized Magnetisation = (0.579443,-0.078070), Energy = -1.513651 
Averaging iterations... h=0.062500,0.000000
Done.
Final: Magnetisation = (0.536212,-0.088288), Energy = -1.477694 
<M> = (0.534046,-0.065620), <E> = -1.495164 

T=0.910000	 Thermalizing iterations... 
Done.
Thermalized Magnetisation = (0.550349,-0.073570), Energy = -1.511137 
Averaging iterations... h=0.062500,0.000000
Done.
Final: Magnetisation = (0.527092,0.155149), Energy = -1.509822 
<M> = (0.549266,-0.038062), <E> = -1.504204 

T=0.900000	 Thermalizing iterations... 
Done.
Thermalized Magnetisation = (0.543542,-0.068689), Energy = -1.504296 
Averaging iterations... h=0.062500,0.000000
Done.
Final: Magnetisation = (0.535807,-0.045184), Energy = -1.505524 
<M> = (0.544590,-0.121015), <E> = -1.513077 

T=0.890000	 Thermalizing iterations... 
Done.
Thermalized Magnetisation = (0.505397,-0.219963), Energy = -1.522305 
Averaging iterations... h=0.062500,0.000000
Done.
Final: Magnetisation = (0.541763,-0.053515), Energy = -1.486576 
<M> = (0.548309,0.054086), <E> = -1.522373 

T=0.880000	 Thermalizing iterations... 
Done.
Thermalized Magnetisation = (0.541071,-0.296787), Energy = -1.538823 
Averaging iterations... h=0.062500,0.000000
Done.
Final: Magnetisation = (0.598280,-0.108439), Energy = -1.535190 
<M> = (0.551216,-0.118416), <E> = -1.532629 

T=0.870000	 Thermalizing iterations... 
Done.
Thermalized Magnetisation = (0.611757,-0.094213), Energy = -1.557819 
Averaging iterations... h=0.062500,0.000000
Done.
Final: Magnetisation = (0.586857,0.000603), Energy = -1.543285 
<M> = (0.551536,-0.100490), <E> = -1.542448 

T=0.860000	 Thermalizing iterations... 
Done.
Thermalized Magnetisation = (0.577627,-0.219209), Energy = -1.554280 
Averaging iterations... h=0.062500,0.000000
Done.
Final: Magnetisation = (0.564691,-0.119079), Energy = -1.548469 
<M> = (0.551094,-0.183880), <E> = -1.552313 

T=0.850000	 Thermalizing iterations... 
Done.
Thermalized Magnetisation = (0.553868,-0.136437), Energy = -1.550580 
Averaging iterations... h=0.062500,0.000000
Done.
Final: Magnetisation = (0.531067,-0.223664), Energy = -1.549448 
<M> = (0.552817,-0.166140), <E> = -1.561197 

T=0.840000	 Thermalizing iterations... 
Done.
Thermalized Magnetisation = (0.501482,-0.242450), Energy = -1.587320 
Averaging iterations... h=0.062500,0.000000
Done.
Final: Magnetisation = (0.575296,0.100729), Energy = -1.585093 
<M> = (0.566993,0.046900), <E> = -1.568144 

T=0.830000	 Thermalizing iterations... 
Done.
Thermalized Magnetisation = (0.597128,-0.025470), Energy = -1.593434 
Averaging iterations... h=0.062500,0.000000
Done.
Final: Magnetisation = (0.531466,0.043194), Energy = -1.590361 
<M> = (0.578412,-0.062595), <E> = -1.577524 

T=0.820000	 Thermalizing iterations... 
Done.
Thermalized Magnetisation = (0.552607,-0.249890), Energy = -1.587010 
Averaging iterations... h=0.062500,0.000000
Done.
Final: Magnetisation = (0.630552,0.059743), Energy = -1.569606 
<M> = (0.575350,-0.103831), <E> = -1.586073 

T=0.810000	 Thermalizing iterations... 
Done.
Thermalized Magnetisation = (0.538813,-0.037773), Energy = -1.573837 
Averaging iterations... h=0.062500,0.000000
Done.
Final: Magnetisation = (0.554154,0.215573), Energy = -1.575774 
<M> = (0.571288,0.169237), <E> = -1.594124 

T=0.800000	 Thermalizing iterations... 
Done.
Thermalized Magnetisation = (0.538577,-0.182962), Energy = -1.596698 
Averaging iterations... h=0.062500,0.000000
Done.
Final: Magnetisation = (0.532778,-0.162970), Energy = -1.587770 
<M> = (0.571962,-0.041543), <E> = -1.603497 

T=0.790000	 Thermalizing iterations... 
Done.
Thermalized Magnetisation = (0.511357,0.018952), Energy = -1.612130 
Averaging iterations... h=0.062500,0.000000
Done.
Final: Magnetisation = (0.588984,-0.189013), Energy = -1.621514 
<M> = (0.572303,-0.173727), <E> = -1.611656 

T=0.780000	 Thermalizing iterations... 
Done.
Thermalized Magnetisation = (0.527276,0.128260), Energy = -1.613828 
Averaging iterations... h=0.062500,0.000000
Done.
Final: Magnetisation = (0.549574,-0.307313), Energy = -1.603684 
<M> = (0.570041,-0.129855), <E> = -1.619884 

T=0.770000	 Thermalizing iterations... 
Done.
Thermalized Magnetisation = (0.594651,-0.202285), Energy = -1.640411 
Averaging iterations... h=0.062500,0.000000
Done.
Final: Magnetisation = (0.548312,-0.280467), Energy = -1.624867 
<M> = (0.570788,-0.141940), <E> = -1.627779 

T=0.760000	 Thermalizing iterations... 
Done.
Thermalized Magnetisation = (0.604972,0.029740), Energy = -1.621210 
Averaging iterations... h=0.062500,0.000000
Done.
Final: Magnetisation = (0.592475,-0.168889), Energy = -1.644135 
<M> = (0.590577,-0.015681), <E> = -1.634388 

T=0.750000	 Thermalizing iterations... 
Done.
Thermalized Magnetisation = (0.590749,-0.006388), Energy = -1.626078 
Averaging iterations... h=0.062500,0.000000
Done.
Final: Magnetisation = (0.594642,-0.117207), Energy = -1.633720 
<M> = (0.591480,-0.008913), <E> = -1.642333 

T=0.740000	 Thermalizing iterations... 
Done.
Thermalized Magnetisation = (0.628103,-0.175198), Energy = -1.664756 
Averaging iterations... h=0.062500,0.000000
Done.
Final: Magnetisation = (0.567740,-0.225633), Energy = -1.651216 
<M> = (0.591860,-0.134577), <E> = -1.649408 

T=0.730000	 Thermalizing iterations... 
Done.
Thermalized Magnetisation = (0.626563,-0.173425), Energy = -1.639220 
Averaging iterations... h=0.062500,0.000000
Done.
Final: Magnetisation = (0.605217,0.033466), Energy = -1.659998 
<M> = (0.596898,-0.059834), <E> = -1.656770 

T=0.720000	 Thermalizing iterations... 
Done.
Thermalized Magnetisation = (0.660234,-0.090186), Energy = -1.650927 
Averaging iterations... h=0.062500,0.000000
Done.
Final: Magnetisation = (0.598724,-0.126460), Energy = -1.668156 
<M> = (0.598464,-0.091229), <E> = -1.664543 

T=0.710000	 Thermalizing iterations... 
Done.
Thermalized Magnetisation = (0.590071,-0.112771), Energy = -1.672321 
Averaging iterations... h=0.062500,0.000000
Done.
Final: Magnetisation = (0.585548,-0.093903), Energy = -1.669273 
<M> = (0.590107,-0.186884), <E> = -1.672094 

T=0.700000	 Thermalizing iterations... 
Done.
Thermalized Magnetisation = (0.574647,-0.076912), Energy = -1.694434 
Averaging iterations... h=0.062500,0.000000
Done.
Final: Magnetisation = (0.562368,-0.232152), Energy = -1.672274 
<M> = (0.591756,-0.095121), <E> = -1.679297 

T=0.690000	 Thermalizing iterations... 
Done.
Thermalized Magnetisation = (0.622848,-0.234648), Energy = -1.692195 
Averaging iterations... h=0.062500,0.000000
Done.
Final: Magnetisation = (0.520635,-0.447562), Energy = -1.674634 
<M> = (0.586633,-0.286450), <E> = -1.686946 

T=0.680000	 Thermalizing iterations... 
Done.
Thermalized Magnetisation = (0.554586,-0.397081), Energy = -1.690283 
Averaging iterations... h=0.062500,0.000000
Done.
Final: Magnetisation = (0.547766,-0.230133), Energy = -1.694730 
<M> = (0.593680,-0.312084), <E> = -1.693566 

T=0.670000	 Thermalizing iterations... 
Done.
Thermalized Magnetisation = (0.567155,-0.404204), Energy = -1.699555 
Averaging iterations... h=0.062500,0.000000
Done.
Final: Magnetisation = (0.659540,-0.232613), Energy = -1.715936 
<M> = (0.591904,-0.345158), <E> = -1.700099 

T=0.660000	 Thermalizing iterations... 
Done.
Thermalized Magnetisation = (0.589454,-0.342790), Energy = -1.699817 
Averaging iterations... h=0.062500,0.000000
Done.
Final: Magnetisation = (0.646619,-0.190642), Energy = -1.710546 
<M> = (0.588638,-0.345978), <E> = -1.707513 

T=0.650000	 Thermalizing iterations... 
Done.
Thermalized Magnetisation = (0.561316,-0.391951), Energy = -1.715085 
Averaging iterations... h=0.062500,0.000000
Done.
Final: Magnetisation = (0.538100,-0.432121), Energy = -1.696077 
<M> = (0.585700,-0.394981), <E> = -1.714415 

T=0.640000	 Thermalizing iterations... 
Done.
Thermalized Magnetisation = (0.557050,-0.465775), Energy = -1.723430 
Averaging iterations... h=0.062500,0.000000
Done.
Final: Magnetisation = (0.633660,-0.356082), Energy = -1.720215 
<M> = (0.571432,-0.429668), <E> = -1.721931 

T=0.630000	 Thermalizing iterations... 
Done.
Thermalized Magnetisation = (0.566874,-0.225545), Energy = -1.722157 
Averaging iterations... h=0.062500,0.000000
Done.
Final: Magnetisation = (0.604225,-0.210127), Energy = -1.726422 
<M> = (0.588818,-0.208520), <E> = -1.727676 

T=0.620000	 Thermalizing iterations... 
Done.
Thermalized Magnetisation = (0.594653,-0.037673), Energy = -1.741097 
Averaging iterations... h=0.062500,0.000000
Done.
Final: Magnetisation = (0.590935,-0.158140), Energy = -1.736602 
<M> = (0.609392,-0.122867), <E> = -1.733129 

T=0.610000	 Thermalizing iterations... 
Done.
Thermalized Magnetisation = (0.600917,-0.364763), Energy = -1.740307 
Averaging iterations... h=0.062500,0.000000
Done.
Final: Magnetisation = (0.543398,-0.443317), Energy = -1.739978 
<M> = (0.592593,-0.350507), <E> = -1.740732 

T=0.600000	 Thermalizing iterations... 
Done.
Thermalized Magnetisation = (0.577974,-0.477832), Energy = -1.753056 
Averaging iterations... h=0.062500,0.000000
Done.
Final: Magnetisation = (0.592553,-0.360069), Energy = -1.743027 
<M> = (0.595996,-0.393914), <E> = -1.747175 

T=0.590000	 Thermalizing iterations... 
Done.
Thermalized Magnetisation = (0.557949,-0.416828), Energy = -1.761291 
Averaging iterations... h=0.062500,0.000000
Done.
Final: Magnetisation = (0.549664,-0.460640), Energy = -1.762663 
<M> = (0.592168,-0.417543), <E> = -1.753851 

T=0.580000	 Thermalizing iterations... 
Done.
Thermalized Magnetisation = (0.631744,-0.375051), Energy = -1.772361 
Averaging iterations... h=0.062500,0.000000
Done.
Final: Magnetisation = (0.587808,-0.386069), Energy = -1.764269 
<M> = (0.596954,-0.402011), <E> = -1.759839 

T=0.570000	 Thermalizing iterations... 
Done.
Thermalized Magnetisation = (0.600730,-0.436150), Energy = -1.766779 
Averaging iterations... h=0.062500,0.000000
Done.
Final: Magnetisation = (0.623070,-0.398787), Energy = -1.765982 
<M> = (0.581023,-0.439053), <E> = -1.766786 

T=0.560000	 Thermalizing iterations... 
Done.
Thermalized Magnetisation = (0.562078,-0.521966), Energy = -1.778635 
Averaging iterations... h=0.062500,0.000000
Done.
Final: Magnetisation = (0.613993,-0.470844), Energy = -1.775968 
<M> = (0.572154,-0.477042), <E> = -1.773355 

T=0.550000	 Thermalizing iterations... 
Done.
Thermalized Magnetisation = (0.636509,-0.396340), Energy = -1.782284 
Averaging iterations... h=0.062500,0.000000
Done.
Final: Magnetisation = (0.578336,-0.490717), Energy = -1.776679 
<M> = (0.581543,-0.463766), <E> = -1.779390 

T=0.540000	 Thermalizing iterations... 
Done.
Thermalized Magnetisation = (0.617789,-0.414228), Energy = -1.789746 
Averaging iterations... h=0.062500,0.000000
Done.
Final: Magnetisation = (0.596411,-0.472754), Energy = -1.780430 
<M> = (0.595874,-0.421779), <E> = -1.784706 

T=0.530000	 Thermalizing iterations... 
Done.
Thermalized Magnetisation = (0.605070,-0.447554), Energy = -1.791875 
Averaging iterations... h=0.062500,0.000000
Done.
Final: Magnetisation = (0.588391,-0.401281), Energy = -1.797358 
<M> = (0.596571,-0.442872), <E> = -1.790830 

T=0.520000	 Thermalizing iterations... 
Done.
Thermalized Magnetisation = (0.637701,-0.403805), Energy = -1.794894 
Averaging iterations... h=0.062500,0.000000
Done.
Final: Magnetisation = (0.595455,-0.472093), Energy = -1.795814 
<M> = (0.590909,-0.474801), <E> = -1.797157 

T=0.510000	 Thermalizing iterations... 
Done.
Thermalized Magnetisation = (0.580299,-0.470874), Energy = -1.803001 
Averaging iterations... h=0.062500,0.000000
Done.
Final: Magnetisation = (0.608070,-0.489877), Energy = -1.805984 
<M> = (0.581775,-0.486414), <E> = -1.803559 

T=0.500000	 Thermalizing iterations... 
Done.
Thermalized Magnetisation = (0.543714,-0.559350), Energy = -1.807127 
Averaging iterations... h=0.062500,0.000000
Done.
Final: Magnetisation = (0.564849,-0.554097), Energy = -1.819093 
<M> = (0.583991,-0.486822), <E> = -1.809762 

T=0.490000	 Thermalizing iterations... 
Done.
Thermalized Magnetisation = (0.568697,-0.501637), Energy = -1.820797 
Averaging iterations... h=0.062500,0.000000
Done.
Final: Magnetisation = (0.589847,-0.517310), Energy = -1.819849 
<M> = (0.583276,-0.494664), <E> = -1.816102 

T=0.480000	 Thermalizing iterations... 
Done.
Thermalized Magnetisation = (0.610339,-0.482366), Energy = -1.823092 
Averaging iterations... h=0.062500,0.000000
Done.
Final: Magnetisation = (0.600689,-0.453453), Energy = -1.818908 
<M> = (0.571503,-0.527372), <E> = -1.822067 

T=0.470000	 Thermalizing iterations... 
Done.
Thermalized Magnetisation = (0.613790,-0.481977), Energy = -1.827430 
Averaging iterations... h=0.062500,0.000000
Done.
Final: Magnetisation = (0.566437,-0.540883), Energy = -1.843532 
<M> = (0.591718,-0.487818), <E> = -1.827409 

T=0.460000	 Thermalizing iterations... 
Done.
Thermalized Magnetisation = (0.601008,-0.500985), Energy = -1.824097 
Averaging iterations... h=0.062500,0.000000
Done.
Final: Magnetisation = (0.578740,-0.539674), Energy = -1.828243 
<M> = (0.596088,-0.500532), <E> = -1.833044 

T=0.450000	 Thermalizing iterations... 
Done.
Thermalized Magnetisation = (0.586652,-0.537399), Energy = -1.839614 
Averaging iterations... h=0.062500,0.000000
Done.
Final: Magnetisation = (0.644422,-0.400839), Energy = -1.835775 
<M> = (0.599809,-0.494461), <E> = -1.838934 

T=0.440000	 Thermalizing iterations... 
Done.
Thermalized Magnetisation = (0.570143,-0.526196), Energy = -1.844700 
Averaging iterations... h=0.062500,0.000000
Done.
Final: Magnetisation = (0.631768,-0.440397), Energy = -1.849199 
<M> = (0.590108,-0.514160), <E> = -1.845156 

T=0.430000	 Thermalizing iterations... 
Done.
Thermalized Magnetisation = (0.560253,-0.532069), Energy = -1.843902 
Averaging iterations... h=0.062500,0.000000
Done.
Final: Magnetisation = (0.620173,-0.422938), Energy = -1.844679 
<M> = (0.587091,-0.520708), <E> = -1.850904 

T=0.420000	 Thermalizing iterations... 
Done.
Thermalized Magnetisation = (0.588991,-0.525600), Energy = -1.852767 
Averaging iterations... h=0.062500,0.000000
Done.
Final: Magnetisation = (0.600060,-0.547329), Energy = -1.856779 
<M> = (0.583816,-0.533500), <E> = -1.856792 

T=0.410000	 Thermalizing iterations... 
Done.
Thermalized Magnetisation = (0.606767,-0.520135), Energy = -1.868179 
Averaging iterations... h=0.062500,0.000000
Done.
Final: Magnetisation = (0.617588,-0.506899), Energy = -1.858157 
<M> = (0.579062,-0.540171), <E> = -1.862843 

T=0.400000	 Thermalizing iterations... 
Done.
Thermalized Magnetisation = (0.617348,-0.517880), Energy = -1.868978 
Averaging iterations... h=0.062500,0.000000
Done.
Final: Magnetisation = (0.567286,-0.582594), Energy = -1.869654 
<M> = (0.591189,-0.536781), <E> = -1.868124 

T=0.390000	 Thermalizing iterations... 
Done.
Thermalized Magnetisation = (0.604944,-0.529624), Energy = -1.875047 
Averaging iterations... h=0.062500,0.000000
Done.
Final: Magnetisation = (0.597558,-0.555146), Energy = -1.868332 
<M> = (0.597308,-0.532551), <E> = -1.873683 

T=0.380000	 Thermalizing iterations... 
Done.
Thermalized Magnetisation = (0.594785,-0.538660), Energy = -1.873922 
Averaging iterations... h=0.062500,0.000000
Done.
Final: Magnetisation = (0.590823,-0.491376), Energy = -1.879956 
<M> = (0.599958,-0.515594), <E> = -1.879183 

T=0.370000	 Thermalizing iterations... 
Done.
Thermalized Magnetisation = (0.579884,-0.575689), Energy = -1.891989 
Averaging iterations... h=0.062500,0.000000
Done.
Final: Magnetisation = (0.632386,-0.499370), Energy = -1.884868 
<M> = (0.600445,-0.542935), <E> = -1.885049 

T=0.360000	 Thermalizing iterations... 
Done.
Thermalized Magnetisation = (0.592275,-0.562981), Energy = -1.892492 
Averaging iterations... h=0.062500,0.000000
Done.
Final: Magnetisation = (0.593963,-0.544110), Energy = -1.890294 
<M> = (0.593702,-0.557003), <E> = -1.890884 

T=0.350000	 Thermalizing iterations... 
Done.
Thermalized Magnetisation = (0.599744,-0.536276), Energy = -1.893443 
Averaging iterations... h=0.062500,0.000000
Done.
Final: Magnetisation = (0.587852,-0.536937), Energy = -1.892392 
<M> = (0.591026,-0.558704), <E> = -1.896578 

T=0.340000	 Thermalizing iterations... 
Done.
Thermalized Magnetisation = (0.599863,-0.543416), Energy = -1.901498 
Averaging iterations... h=0.062500,0.000000
Done.
Final: Magnetisation = (0.601164,-0.569686), Energy = -1.903405 
<M> = (0.586624,-0.566144), <E> = -1.902086 

T=0.330000	 Thermalizing iterations... 
Done.
Thermalized Magnetisation = (0.626138,-0.526804), Energy = -1.906048 
Averaging iterations... h=0.062500,0.000000
Done.
Final: Magnetisation = (0.584055,-0.562353), Energy = -1.907328 
<M> = (0.585393,-0.575064), <E> = -1.907676 

T=0.320000	 Thermalizing iterations... 
Done.
Thermalized Magnetisation = (0.569129,-0.627602), Energy = -1.914262 
Averaging iterations... h=0.062500,0.000000
Done.
Final: Magnetisation = (0.588850,-0.575880), Energy = -1.916015 
<M> = (0.593709,-0.572693), <E> = -1.912991 

T=0.310000	 Thermalizing iterations... 
Done.
Thermalized Magnetisation = (0.579792,-0.585663), Energy = -1.917670 
Averaging iterations... h=0.062500,0.000000
Done.
Final: Magnetisation = (0.607612,-0.550532), Energy = -1.913214 
<M> = (0.604614,-0.559337), <E> = -1.918272 

T=0.300000	 Thermalizing iterations... 
Done.
Thermalized Magnetisation = (0.599475,-0.573758), Energy = -1.923907 
Averaging iterations... h=0.062500,0.000000
Done.
Final: Magnetisation = (0.636540,-0.533598), Energy = -1.926087 
<M> = (0.600405,-0.570536), <E> = -1.923953 

T=0.290000	 Thermalizing iterations... 
Done.
Thermalized Magnetisation = (0.592774,-0.585642), Energy = -1.923488 
Averaging iterations... h=0.062500,0.000000
Done.
Final: Magnetisation = (0.588834,-0.589415), Energy = -1.926127 
<M> = (0.596743,-0.579245), <E> = -1.929580 

T=0.280000	 Thermalizing iterations... 
Done.
Thermalized Magnetisation = (0.593478,-0.600531), Energy = -1.937030 
Averaging iterations... h=0.062500,0.000000
Done.
Final: Magnetisation = (0.579303,-0.579431), Energy = -1.930814 
<M> = (0.601571,-0.573807), <E> = -1.934920 

T=0.270000	 Thermalizing iterations... 
Done.
Thermalized Magnetisation = (0.529484,-0.651135), Energy = -1.939711 
Averaging iterations... h=0.062500,0.000000
Done.
Final: Magnetisation = (0.582767,-0.602864), Energy = -1.935255 
<M> = (0.592817,-0.593417), <E> = -1.940605 

T=0.260000	 Thermalizing iterations... 
Done.
Thermalized Magnetisation = (0.599214,-0.585164), Energy = -1.944795 
Averaging iterations... h=0.062500,0.000000
Done.
Final: Magnetisation = (0.599253,-0.595585), Energy = -1.948323 
<M> = (0.595073,-0.594935), <E> = -1.945946 

T=0.250000	 Thermalizing iterations... 
Done.
Thermalized Magnetisation = (0.607879,-0.583552), Energy = -1.952540 
Averaging iterations... h=0.062500,0.000000
Done.
Final: Magnetisation = (0.605049,-0.599434), Energy = -1.952477 
<M> = (0.594523,-0.602123), <E> = -1.951163 

T=0.240000	 Thermalizing iterations... 
Done.
Thermalized Magnetisation = (0.625237,-0.558955), Energy = -1.958554 
Averaging iterations... h=0.062500,0.000000
Done.
Final: Magnetisation = (0.612790,-0.590413), Energy = -1.956126 
<M> = (0.601582,-0.596113), <E> = -1.956462 

T=0.230000	 Thermalizing iterations... 
Done.
Thermalized Magnetisation = (0.596351,-0.592269), Energy = -1.963438 
Averaging iterations... h=0.062500,0.000000
Done.
Final: Magnetisation = (0.592764,-0.600695), Energy = -1.962661 
<M> = (0.609001,-0.586031), <E> = -1.961780 

T=0.220000	 Thermalizing iterations... 
Done.
Thermalized Magnetisation = (0.624006,-0.580565), Energy = -1.965611 
Averaging iterations... h=0.062500,0.000000
Done.
Final: Magnetisation = (0.613645,-0.610582), Energy = -1.966168 
<M> = (0.598782,-0.607690), <E> = -1.967088 

T=0.210000	 Thermalizing iterations... 
Done.
Thermalized Magnetisation = (0.602354,-0.584739), Energy = -1.969246 
Averaging iterations... h=0.062500,0.000000
Done.
Final: Magnetisation = (0.600708,-0.607701), Energy = -1.973547 
<M> = (0.600612,-0.606551), <E> = -1.972592 

T=0.200000	 Thermalizing iterations... 
Done.
Thermalized Magnetisation = (0.616339,-0.595880), Energy = -1.975745 
Averaging iterations... h=0.062500,0.000000
Done.
Final: Magnetisation = (0.624285,-0.586928), Energy = -1.976694 
<M> = (0.601770,-0.610465), <E> = -1.977765 

T=0.190000	 Thermalizing iterations... 
Done.
Thermalized Magnetisation = (0.586736,-0.646575), Energy = -1.983937 
Averaging iterations... h=0.062500,0.000000
Done.
Final: Magnetisation = (0.607345,-0.604773), Energy = -1.984434 
<M> = (0.596410,-0.619409), <E> = -1.983178 

T=0.180000	 Thermalizing iterations... 
Done.
Thermalized Magnetisation = (0.621601,-0.587112), Energy = -1.990938 
Averaging iterations... h=0.062500,0.000000
Done.
Final: Magnetisation = (0.599286,-0.620154), Energy = -1.988913 
<M> = (0.600982,-0.621392), <E> = -1.988536 

T=0.170000	 Thermalizing iterations... 
Done.
Thermalized Magnetisation = (0.585626,-0.633987), Energy = -1.991772 
Averaging iterations... h=0.062500,0.000000
Done.
Final: Magnetisation = (0.575276,-0.644897), Energy = -1.994311 
<M> = (0.599571,-0.624854), <E> = -1.993620 

T=0.160000	 Thermalizing iterations... 
Done.
Thermalized Magnetisation = (0.587116,-0.632103), Energy = -1.997496 
Averaging iterations... h=0.062500,0.000000
Done.
Final: Magnetisation = (0.591486,-0.639290), Energy = -1.996971 
<M> = (0.606994,-0.621177), <E> = -1.998814 

T=0.150000	 Thermalizing iterations... 
Done.
Thermalized Magnetisation = (0.623428,-0.619995), Energy = -2.005094 
Averaging iterations... h=0.062500,0.000000
Done.
Final: Magnetisation = (0.618748,-0.615972), Energy = -2.003014 
<M> = (0.604152,-0.625100), <E> = -2.003936 

T=0.140000	 Thermalizing iterations... 
Done.
Thermalized Magnetisation = (0.621443,-0.606580), Energy = -2.008943 
Averaging iterations... h=0.062500,0.000000
Done.
Final: Magnetisation = (0.607170,-0.629512), Energy = -2.008393 
<M> = (0.607350,-0.626471), <E> = -2.009204 

T=0.130000	 Thermalizing iterations... 
Done.
Thermalized Magnetisation = (0.613366,-0.621664), Energy = -2.017607 
Averaging iterations... h=0.062500,0.000000
Done.
Final: Magnetisation = (0.607353,-0.618835), Energy = -2.014852 
<M> = (0.605276,-0.633780), <E> = -2.014456 

T=0.120000	 Thermalizing iterations... 
Done.
Thermalized Magnetisation = (0.603699,-0.638810), Energy = -2.018382 
Averaging iterations... h=0.062500,0.000000
Done.
Final: Magnetisation = (0.614621,-0.640880), Energy = -2.019721 
<M> = (0.602724,-0.638361), <E> = -2.019642 

T=0.110000	 Thermalizing iterations... 
Done.
Thermalized Magnetisation = (0.606818,-0.642965), Energy = -2.025158 
Averaging iterations... h=0.062500,0.000000
Done.
Final: Magnetisation = (0.615769,-0.622385), Energy = -2.024763 
<M> = (0.605972,-0.639598), <E> = -2.024809 

T=0.100000	 Thermalizing iterations... 
Done.
Thermalized Magnetisation = (0.628028,-0.634415), Energy = -2.030824 
Averaging iterations... h=0.062500,0.000000
Done.
Final: Magnetisation = (0.601870,-0.643513), Energy = -2.031183 
<M> = (0.604517,-0.644363), <E> = -2.029909 

T=0.090000	 Thermalizing iterations... 
Done.
Thermalized Magnetisation = (0.613972,-0.639332), Energy = -2.034291 
Averaging iterations... h=0.062500,0.000000
Done.
Final: Magnetisation = (0.598681,-0.648366), Energy = -2.035326 
<M> = (0.608904,-0.643637), <E> = -2.035029 

T=0.080000	 Thermalizing iterations... 
Done.
Thermalized Magnetisation = (0.599182,-0.667162), Energy = -2.041338 
Averaging iterations... h=0.062500,0.000000
Done.
Final: Magnetisation = (0.604732,-0.647148), Energy = -2.039918 
<M> = (0.608802,-0.647396), <E> = -2.040127 

T=0.070000	 Thermalizing iterations... 
Done.
Thermalized Magnetisation = (0.610578,-0.644412), Energy = -2.045069 
Averaging iterations... h=0.062500,0.000000
Done.
Final: Magnetisation = (0.618063,-0.642318), Energy = -2.045156 
<M> = (0.605866,-0.654395), <E> = -2.045246 

T=0.060000	 Thermalizing iterations... 
Done.
Thermalized Magnetisation = (0.605324,-0.654190), Energy = -2.049295 
Averaging iterations... h=0.062500,0.000000
Done.
Final: Magnetisation = (0.606373,-0.652082), Energy = -2.050776 
<M> = (0.607240,-0.655639), <E> = -2.050312 

T=0.050000	 Thermalizing iterations... 
Done.
Thermalized Magnetisation = (0.611528,-0.650028), Energy = -2.055909 
Averaging iterations... h=0.062500,0.000000
Done.
Final: Magnetisation = (0.616020,-0.652349), Energy = -2.055750 
<M> = (0.610590,-0.655849), <E> = -2.055405 

T=0.040000	 Thermalizing iterations... 
Done.
Thermalized Magnetisation = (0.613306,-0.655512), Energy = -2.060258 
Averaging iterations... h=0.062500,0.000000
Done.
Final: Magnetisation = (0.613908,-0.654324), Energy = -2.060053 
<M> = (0.609731,-0.661093), <E> = -2.060458 

T=0.030000	 Thermalizing iterations... 
Done.
Thermalized Magnetisation = (0.609845,-0.659891), Energy = -2.065437 
Averaging iterations... h=0.062500,0.000000
Done.
Final: Magnetisation = (0.605766,-0.671160), Energy = -2.065442 
<M> = (0.607800,-0.665499), <E> = -2.065496 

T=0.020000	 Thermalizing iterations... 
Done.
Thermalized Magnetisation = (0.614122,-0.663689), Energy = -2.070364 
Averaging iterations... h=0.062500,0.000000
Done.
Final: Magnetisation = (0.609920,-0.665699), Energy = -2.070567 
<M> = (0.610965,-0.664990), <E> = -2.070542 

T=0.010000	 Thermalizing iterations... 
Done.
Thermalized Magnetisation = (0.609763,-0.668996), Energy = -2.075623 
Averaging iterations... h=0.062500,0.000000
Done.
Final: Magnetisation = (0.610976,-0.666481), Energy = -2.075515 
<M> = (0.610663,-0.668726), <E> = -2.075538 
Final Magnetisation = (0.610976,-0.666481), Energy = -2.075515 
------------------------

Updating all (first)black/(then)white checkerboard sites simultaneously.. 

ztne RFXY h rotating with |h|=0.062500 at T=0.000000..
loop 1

loop 2

CPU  Start Time = 3825039.855467 

CPU  End Time = 3834099.988538 

CPU Time elapsed total = 9060.133071 

real	151m0.148s
user	2616m35.654s
sys	1m16.798s
