+ cd /home/sbasak/Exercises/OpenMP/XY_code/Z2/rotating_field/trial/config/config_52
+ export OMP_NUM_THREADS=28
+ OMP_NUM_THREADS=28
+ ./a_4.out
nearest neighbor initialized. 
h loaded. 
J loaded. 
L = 128, dim_L = 2, dim_S = 2
hysteresis_MCS_multiplier = 10, hysteresis_MCS_max = 100
RAND_MAX = 2147483647.000000,
 sizeof(int) = 4,
 sizeof(long) = 8,
 sizeof(double) = 8,
 sizeof(long int) = 8,
 sizeof(short int) = 2,
 sizeof(unsigned int) = 4,
 sizeof(RAND_MAX) = 4
No. of THREADS = 28
No. of PROCESSORS = 28

0.059347,0.021507
order = ({1.000000-->-1.000000,0.000000}, 0, 1)
Initial Magnetisation = (0.059347,0.021507), Energy = 0.020223 
Cooling... 
T=2.000000	 Thermalizing iterations... 
Done.
Thermalized Magnetisation = (0.103456,-0.004444), Energy = -0.589911 
Averaging iterations... h=0.125000,0.000000
Done.
Final: Magnetisation = (0.107450,-0.042306), Energy = -0.610424 
<M> = (0.113772,0.000125), <E> = -0.633695 

T=1.990000	 Thermalizing iterations... 
Done.
Thermalized Magnetisation = (0.073593,0.037701), Energy = -0.642018 
Averaging iterations... h=0.125000,0.000000
Done.
Final: Magnetisation = (0.106510,0.000037), Energy = -0.661641 
<M> = (0.117160,-0.001475), <E> = -0.638656 

T=1.980000	 Thermalizing iterations... 
Done.
Thermalized Magnetisation = (0.127887,0.006538), Energy = -0.668957 
Averaging iterations... h=0.125000,0.000000
Done.
Final: Magnetisation = (0.128172,0.000481), Energy = -0.637572 
<M> = (0.117968,-0.000835), <E> = -0.643053 

T=1.970000	 Thermalizing iterations... 
Done.
Thermalized Magnetisation = (0.097677,0.032286), Energy = -0.646797 
Averaging iterations... h=0.125000,0.000000
Done.
Final: Magnetisation = (0.113379,-0.050317), Energy = -0.628969 
<M> = (0.119646,-0.002328), <E> = -0.647693 

T=1.960000	 Thermalizing iterations... 
Done.
Thermalized Magnetisation = (0.123655,-0.034998), Energy = -0.682493 
Averaging iterations... h=0.125000,0.000000
Done.
Final: Magnetisation = (0.116563,0.003705), Energy = -0.655624 
<M> = (0.121849,-0.000929), <E> = -0.651456 

T=1.950000	 Thermalizing iterations... 
Done.
Thermalized Magnetisation = (0.120704,0.000283), Energy = -0.656869 
Averaging iterations... h=0.125000,0.000000
Done.
Final: Magnetisation = (0.200318,-0.003154), Energy = -0.700928 
<M> = (0.124072,-0.000209), <E> = -0.655239 

T=1.940000	 Thermalizing iterations... 
Done.
Thermalized Magnetisation = (0.181138,-0.000929), Energy = -0.654134 
Averaging iterations... h=0.125000,0.000000
Done.
Final: Magnetisation = (0.163100,0.027624), Energy = -0.646760 
<M> = (0.124054,0.000059), <E> = -0.658776 

T=1.930000	 Thermalizing iterations... 
Done.
Thermalized Magnetisation = (0.143443,-0.003083), Energy = -0.677098 
Averaging iterations... h=0.125000,0.000000
Done.
Final: Magnetisation = (0.058213,0.008970), Energy = -0.623987 
<M> = (0.125149,0.000288), <E> = -0.662123 

T=1.920000	 Thermalizing iterations... 
Done.
Thermalized Magnetisation = (0.106184,0.032018), Energy = -0.676167 
Averaging iterations... h=0.125000,0.000000
Done.
Final: Magnetisation = (0.112268,-0.026232), Energy = -0.651804 
<M> = (0.128020,-0.001369), <E> = -0.667599 

T=1.910000	 Thermalizing iterations... 
Done.
Thermalized Magnetisation = (0.092478,0.008978), Energy = -0.660052 
Averaging iterations... h=0.125000,0.000000
Done.
Final: Magnetisation = (0.100935,-0.004583), Energy = -0.703469 
<M> = (0.129811,-0.001062), <E> = -0.672461 

T=1.900000	 Thermalizing iterations... 
Done.
Thermalized Magnetisation = (0.197430,0.085178), Energy = -0.697600 
Averaging iterations... h=0.125000,0.000000
Done.
Final: Magnetisation = (0.093527,-0.005804), Energy = -0.650380 
<M> = (0.132375,-0.002917), <E> = -0.677326 

T=1.890000	 Thermalizing iterations... 
Done.
Thermalized Magnetisation = (0.073648,0.006400), Energy = -0.660501 
Averaging iterations... h=0.125000,0.000000
Done.
Final: Magnetisation = (0.085269,0.018486), Energy = -0.664577 
<M> = (0.133421,-0.002332), <E> = -0.681357 

T=1.880000	 Thermalizing iterations... 
Done.
Thermalized Magnetisation = (0.137719,-0.033961), Energy = -0.696483 
Averaging iterations... h=0.125000,0.000000
Done.
Final: Magnetisation = (0.072911,0.004370), Energy = -0.672819 
<M> = (0.136528,-0.001684), <E> = -0.686685 

T=1.870000	 Thermalizing iterations... 
Done.
Thermalized Magnetisation = (0.111158,0.008015), Energy = -0.674252 
Averaging iterations... h=0.125000,0.000000
Done.
Final: Magnetisation = (0.154390,0.008978), Energy = -0.686741 
<M> = (0.137823,0.001909), <E> = -0.690153 

T=1.860000	 Thermalizing iterations... 
Done.
Thermalized Magnetisation = (0.108991,0.057319), Energy = -0.662756 
Averaging iterations... h=0.125000,0.000000
Done.
Final: Magnetisation = (0.161473,-0.027880), Energy = -0.669513 
<M> = (0.138890,-0.000562), <E> = -0.694661 

T=1.850000	 Thermalizing iterations... 
Done.
Thermalized Magnetisation = (0.122558,0.074314), Energy = -0.694969 
Averaging iterations... h=0.125000,0.000000
Done.
Final: Magnetisation = (0.177159,-0.020804), Energy = -0.738019 
<M> = (0.140796,-0.000969), <E> = -0.699198 

T=1.840000	 Thermalizing iterations... 
Done.
Thermalized Magnetisation = (0.145875,0.032428), Energy = -0.693493 
Averaging iterations... h=0.125000,0.000000
Done.
Final: Magnetisation = (0.168731,-0.000496), Energy = -0.741521 
<M> = (0.145234,-0.001310), <E> = -0.705194 

T=1.830000	 Thermalizing iterations... 
Done.
Thermalized Magnetisation = (0.192363,-0.008155), Energy = -0.714552 
Averaging iterations... h=0.125000,0.000000
Done.
Final: Magnetisation = (0.145588,0.042386), Energy = -0.707858 
<M> = (0.146568,-0.003375), <E> = -0.710047 

T=1.820000	 Thermalizing iterations... 
Done.
Thermalized Magnetisation = (0.139642,0.052654), Energy = -0.717346 
Averaging iterations... h=0.125000,0.000000
Done.
Final: Magnetisation = (0.154407,-0.028083), Energy = -0.695572 
<M> = (0.148865,-0.002697), <E> = -0.715840 

T=1.810000	 Thermalizing iterations... 
Done.
Thermalized Magnetisation = (0.126871,0.025290), Energy = -0.714136 
Averaging iterations... h=0.125000,0.000000
Done.
Final: Magnetisation = (0.151006,0.054069), Energy = -0.694415 
<M> = (0.154156,-0.001404), <E> = -0.721664 

T=1.800000	 Thermalizing iterations... 
Done.
Thermalized Magnetisation = (0.095804,0.011102), Energy = -0.708564 
Averaging iterations... h=0.125000,0.000000
Done.
Final: Magnetisation = (0.171055,0.027521), Energy = -0.758045 
<M> = (0.154595,-0.000231), <E> = -0.725217 

T=1.790000	 Thermalizing iterations... 
Done.
Thermalized Magnetisation = (0.150736,-0.039285), Energy = -0.716119 
Averaging iterations... h=0.125000,0.000000
Done.
Final: Magnetisation = (0.122887,-0.065795), Energy = -0.714457 
<M> = (0.156152,-0.000258), <E> = -0.730552 

T=1.780000	 Thermalizing iterations... 
Done.
Thermalized Magnetisation = (0.161349,-0.007853), Energy = -0.733729 
Averaging iterations... h=0.125000,0.000000
Done.
Final: Magnetisation = (0.180413,-0.008969), Energy = -0.736170 
<M> = (0.157925,0.000846), <E> = -0.735089 

T=1.770000	 Thermalizing iterations... 
Done.
Thermalized Magnetisation = (0.165632,0.032222), Energy = -0.749804 
Averaging iterations... h=0.125000,0.000000
Done.
Final: Magnetisation = (0.147832,0.073421), Energy = -0.723280 
<M> = (0.161467,-0.002793), <E> = -0.741291 

T=1.760000	 Thermalizing iterations... 
Done.
Thermalized Magnetisation = (0.167007,0.009287), Energy = -0.790444 
Averaging iterations... h=0.125000,0.000000
Done.
Final: Magnetisation = (0.225760,-0.035263), Energy = -0.767548 
<M> = (0.164322,-0.000682), <E> = -0.747488 

T=1.750000	 Thermalizing iterations... 
Done.
Thermalized Magnetisation = (0.167376,-0.002319), Energy = -0.733905 
Averaging iterations... h=0.125000,0.000000
Done.
Final: Magnetisation = (0.233101,-0.016469), Energy = -0.752061 
<M> = (0.166611,-0.002999), <E> = -0.752715 

T=1.740000	 Thermalizing iterations... 
Done.
Thermalized Magnetisation = (0.185692,0.023556), Energy = -0.732070 
Averaging iterations... h=0.125000,0.000000
Done.
Final: Magnetisation = (0.163799,-0.038976), Energy = -0.758528 
<M> = (0.169597,-0.002693), <E> = -0.758799 

T=1.730000	 Thermalizing iterations... 
Done.
Thermalized Magnetisation = (0.187252,-0.040212), Energy = -0.771266 
Averaging iterations... h=0.125000,0.000000
Done.
Final: Magnetisation = (0.137985,-0.058187), Energy = -0.756426 
<M> = (0.174226,-0.001307), <E> = -0.765262 

T=1.720000	 Thermalizing iterations... 
Done.
Thermalized Magnetisation = (0.181906,-0.066123), Energy = -0.775117 
Averaging iterations... h=0.125000,0.000000
Done.
Final: Magnetisation = (0.192530,0.037113), Energy = -0.793824 
<M> = (0.174873,0.000974), <E> = -0.769050 

T=1.710000	 Thermalizing iterations... 
Done.
Thermalized Magnetisation = (0.211637,-0.036228), Energy = -0.829194 
Averaging iterations... h=0.125000,0.000000
Done.
Final: Magnetisation = (0.212846,-0.021178), Energy = -0.808359 
<M> = (0.177856,-0.000481), <E> = -0.774985 

T=1.700000	 Thermalizing iterations... 
Done.
Thermalized Magnetisation = (0.219935,0.019015), Energy = -0.782520 
Averaging iterations... h=0.125000,0.000000
Done.
Final: Magnetisation = (0.210647,0.030257), Energy = -0.808725 
<M> = (0.181694,0.000372), <E> = -0.781743 

T=1.690000	 Thermalizing iterations... 
Done.
Thermalized Magnetisation = (0.119009,0.018277), Energy = -0.785180 
Averaging iterations... h=0.125000,0.000000
Done.
Final: Magnetisation = (0.190275,-0.079292), Energy = -0.795995 
<M> = (0.184680,-0.000762), <E> = -0.787990 

T=1.680000	 Thermalizing iterations... 
Done.
Thermalized Magnetisation = (0.156203,-0.019855), Energy = -0.790322 
Averaging iterations... h=0.125000,0.000000
Done.
Final: Magnetisation = (0.160883,-0.107073), Energy = -0.797874 
<M> = (0.187841,-0.003132), <E> = -0.794936 

T=1.670000	 Thermalizing iterations... 
Done.
Thermalized Magnetisation = (0.162181,0.000799), Energy = -0.793911 
Averaging iterations... h=0.125000,0.000000
Done.
Final: Magnetisation = (0.213755,-0.078422), Energy = -0.843166 
<M> = (0.192220,-0.002514), <E> = -0.801795 

T=1.660000	 Thermalizing iterations... 
Done.
Thermalized Magnetisation = (0.138769,0.012842), Energy = -0.791820 
Averaging iterations... h=0.125000,0.000000
Done.
Final: Magnetisation = (0.208264,-0.019017), Energy = -0.816800 
<M> = (0.196137,-0.002112), <E> = -0.808643 

T=1.650000	 Thermalizing iterations... 
Done.
Thermalized Magnetisation = (0.212174,-0.018661), Energy = -0.795705 
Averaging iterations... h=0.125000,0.000000
Done.
Final: Magnetisation = (0.152724,0.050092), Energy = -0.787351 
<M> = (0.200538,0.000505), <E> = -0.814632 

T=1.640000	 Thermalizing iterations... 
Done.
Thermalized Magnetisation = (0.227237,0.063119), Energy = -0.837049 
Averaging iterations... h=0.125000,0.000000
Done.
Final: Magnetisation = (0.267649,-0.020598), Energy = -0.842019 
<M> = (0.201871,0.000652), <E> = -0.820375 

T=1.630000	 Thermalizing iterations... 
Done.
Thermalized Magnetisation = (0.192134,0.030420), Energy = -0.837672 
Averaging iterations... h=0.125000,0.000000
Done.
Final: Magnetisation = (0.204980,-0.001095), Energy = -0.764648 
<M> = (0.206178,0.000063), <E> = -0.826910 

T=1.620000	 Thermalizing iterations... 
Done.
Thermalized Magnetisation = (0.212488,-0.033490), Energy = -0.830298 
Averaging iterations... h=0.125000,0.000000
Done.
Final: Magnetisation = (0.285842,-0.034077), Energy = -0.871227 
<M> = (0.210589,-0.000872), <E> = -0.834635 

T=1.610000	 Thermalizing iterations... 
Done.
Thermalized Magnetisation = (0.218523,0.033736), Energy = -0.837268 
Averaging iterations... h=0.125000,0.000000
Done.
Final: Magnetisation = (0.212780,0.084439), Energy = -0.870569 
<M> = (0.214438,-0.002321), <E> = -0.842359 

T=1.600000	 Thermalizing iterations... 
Done.
Thermalized Magnetisation = (0.253631,-0.037182), Energy = -0.885547 
Averaging iterations... h=0.125000,0.000000
Done.
Final: Magnetisation = (0.160462,-0.016880), Energy = -0.815258 
<M> = (0.218058,-0.004227), <E> = -0.850075 

T=1.590000	 Thermalizing iterations... 
Done.
Thermalized Magnetisation = (0.180067,0.027260), Energy = -0.814430 
Averaging iterations... h=0.125000,0.000000
Done.
Final: Magnetisation = (0.157670,0.023914), Energy = -0.829193 
<M> = (0.222637,-0.002599), <E> = -0.857271 

T=1.580000	 Thermalizing iterations... 
Done.
Thermalized Magnetisation = (0.216956,0.006952), Energy = -0.826671 
Averaging iterations... h=0.125000,0.000000
Done.
Final: Magnetisation = (0.231295,-0.044899), Energy = -0.921348 
<M> = (0.228066,-0.000280), <E> = -0.864950 

T=1.570000	 Thermalizing iterations... 
Done.
Thermalized Magnetisation = (0.239510,0.026796), Energy = -0.868927 
Averaging iterations... h=0.125000,0.000000
Done.
Final: Magnetisation = (0.243287,0.011068), Energy = -0.873191 
<M> = (0.231938,0.000253), <E> = -0.871442 

T=1.560000	 Thermalizing iterations... 
Done.
Thermalized Magnetisation = (0.296644,-0.027541), Energy = -0.935443 
Averaging iterations... h=0.125000,0.000000
Done.
Final: Magnetisation = (0.191421,-0.018133), Energy = -0.857721 
<M> = (0.236107,0.000735), <E> = -0.878573 

T=1.550000	 Thermalizing iterations... 
Done.
Thermalized Magnetisation = (0.171470,-0.010580), Energy = -0.823993 
Averaging iterations... h=0.125000,0.000000
Done.
Final: Magnetisation = (0.216538,0.024523), Energy = -0.847273 
<M> = (0.240732,-0.000065), <E> = -0.887077 

T=1.540000	 Thermalizing iterations... 
Done.
Thermalized Magnetisation = (0.218220,0.058416), Energy = -0.880742 
Averaging iterations... h=0.125000,0.000000
Done.
Final: Magnetisation = (0.222760,-0.109078), Energy = -0.917325 
<M> = (0.245638,-0.000923), <E> = -0.895332 

T=1.530000	 Thermalizing iterations... 
Done.
Thermalized Magnetisation = (0.294038,-0.025114), Energy = -0.956193 
Averaging iterations... h=0.125000,0.000000
Done.
Final: Magnetisation = (0.267180,0.024575), Energy = -0.912152 
<M> = (0.250165,-0.003973), <E> = -0.903916 

T=1.520000	 Thermalizing iterations... 
Done.
Thermalized Magnetisation = (0.287467,0.096851), Energy = -0.923055 
Averaging iterations... h=0.125000,0.000000
Done.
Final: Magnetisation = (0.233345,-0.025338), Energy = -0.892491 
<M> = (0.255029,-0.004124), <E> = -0.912527 

T=1.510000	 Thermalizing iterations... 
Done.
Thermalized Magnetisation = (0.279975,-0.003468), Energy = -0.959890 
Averaging iterations... h=0.125000,0.000000
Done.
Final: Magnetisation = (0.239556,-0.013228), Energy = -0.922718 
<M> = (0.263235,-0.001312), <E> = -0.921898 

T=1.500000	 Thermalizing iterations... 
Done.
Thermalized Magnetisation = (0.314538,-0.109484), Energy = -0.954419 
Averaging iterations... h=0.125000,0.000000
Done.
Final: Magnetisation = (0.242409,-0.049797), Energy = -0.920711 
<M> = (0.267124,0.002339), <E> = -0.928979 

T=1.490000	 Thermalizing iterations... 
Done.
Thermalized Magnetisation = (0.270207,0.006900), Energy = -0.941482 
Averaging iterations... h=0.125000,0.000000
Done.
Final: Magnetisation = (0.246532,0.075062), Energy = -0.917919 
<M> = (0.272556,0.002032), <E> = -0.937314 

T=1.480000	 Thermalizing iterations... 
Done.
Thermalized Magnetisation = (0.275770,-0.051600), Energy = -0.908252 
Averaging iterations... h=0.125000,0.000000
Done.
Final: Magnetisation = (0.305406,-0.019689), Energy = -0.942187 
<M> = (0.277372,0.000241), <E> = -0.945935 

T=1.470000	 Thermalizing iterations... 
Done.
Thermalized Magnetisation = (0.291873,-0.001142), Energy = -0.957016 
Averaging iterations... h=0.125000,0.000000
Done.
Final: Magnetisation = (0.338447,-0.052115), Energy = -0.986996 
<M> = (0.284697,-0.000706), <E> = -0.955999 

T=1.460000	 Thermalizing iterations... 
Done.
Thermalized Magnetisation = (0.272750,0.059600), Energy = -0.955345 
Averaging iterations... h=0.125000,0.000000
Done.
Final: Magnetisation = (0.278773,0.034611), Energy = -0.952881 
<M> = (0.288247,-0.001474), <E> = -0.964642 

T=1.450000	 Thermalizing iterations... 
Done.
Thermalized Magnetisation = (0.273083,0.030543), Energy = -0.989941 
Averaging iterations... h=0.125000,0.000000
Done.
Final: Magnetisation = (0.259475,-0.025521), Energy = -0.962556 
<M> = (0.294742,-0.005095), <E> = -0.975188 

T=1.440000	 Thermalizing iterations... 
Done.
Thermalized Magnetisation = (0.354260,-0.042631), Energy = -1.035140 
Averaging iterations... h=0.125000,0.000000
Done.
Final: Magnetisation = (0.334650,0.020208), Energy = -1.026357 
<M> = (0.302703,-0.005536), <E> = -0.985100 

T=1.430000	 Thermalizing iterations... 
Done.
Thermalized Magnetisation = (0.273238,-0.052995), Energy = -0.997255 
Averaging iterations... h=0.125000,0.000000
Done.
Final: Magnetisation = (0.301694,0.021308), Energy = -0.987698 
<M> = (0.308878,-0.000806), <E> = -0.993687 

T=1.420000	 Thermalizing iterations... 
Done.
Thermalized Magnetisation = (0.385118,0.040857), Energy = -1.038092 
Averaging iterations... h=0.125000,0.000000
Done.
Final: Magnetisation = (0.290052,-0.055127), Energy = -0.985813 
<M> = (0.315301,-0.000861), <E> = -1.002834 

T=1.410000	 Thermalizing iterations... 
Done.
Thermalized Magnetisation = (0.328956,-0.003535), Energy = -1.031115 
Averaging iterations... h=0.125000,0.000000
Done.
Final: Magnetisation = (0.295864,-0.033097), Energy = -0.997584 
<M> = (0.320072,0.003100), <E> = -1.011717 

T=1.400000	 Thermalizing iterations... 
Done.
Thermalized Magnetisation = (0.320585,-0.001775), Energy = -0.994068 
Averaging iterations... h=0.125000,0.000000
Done.
Final: Magnetisation = (0.348038,0.069264), Energy = -1.012780 
<M> = (0.326739,-0.004247), <E> = -1.022402 

T=1.390000	 Thermalizing iterations... 
Done.
Thermalized Magnetisation = (0.308958,0.000638), Energy = -1.036809 
Averaging iterations... h=0.125000,0.000000
Done.
Final: Magnetisation = (0.333156,-0.010319), Energy = -1.046972 
<M> = (0.333545,-0.001495), <E> = -1.033737 

T=1.380000	 Thermalizing iterations... 
Done.
Thermalized Magnetisation = (0.357225,0.005670), Energy = -1.046054 
Averaging iterations... h=0.125000,0.000000
Done.
Final: Magnetisation = (0.348311,-0.053067), Energy = -1.003036 
<M> = (0.339496,-0.005818), <E> = -1.043844 

T=1.370000	 Thermalizing iterations... 
Done.
Thermalized Magnetisation = (0.308988,-0.055917), Energy = -1.013245 
Averaging iterations... h=0.125000,0.000000
Done.
Final: Magnetisation = (0.299016,-0.035283), Energy = -1.010899 
<M> = (0.347537,-0.003588), <E> = -1.054870 

T=1.360000	 Thermalizing iterations... 
Done.
Thermalized Magnetisation = (0.354025,0.001945), Energy = -1.076579 
Averaging iterations... h=0.125000,0.000000
Done.
Final: Magnetisation = (0.425364,0.084120), Energy = -1.122164 
<M> = (0.355998,-0.004057), <E> = -1.065508 

T=1.350000	 Thermalizing iterations... 
Done.
Thermalized Magnetisation = (0.362864,0.075885), Energy = -1.058113 
Averaging iterations... h=0.125000,0.000000
Done.
Final: Magnetisation = (0.315159,0.058612), Energy = -1.051381 
<M> = (0.364771,0.002726), <E> = -1.075812 

T=1.340000	 Thermalizing iterations... 
Done.
Thermalized Magnetisation = (0.395566,0.024129), Energy = -1.134438 
Averaging iterations... h=0.125000,0.000000
Done.
Final: Magnetisation = (0.416071,-0.042200), Energy = -1.118776 
<M> = (0.369638,-0.000063), <E> = -1.085597 

T=1.330000	 Thermalizing iterations... 
Done.
Thermalized Magnetisation = (0.435836,-0.015776), Energy = -1.136184 
Averaging iterations... h=0.125000,0.000000
Done.
Final: Magnetisation = (0.393212,-0.050265), Energy = -1.095000 
<M> = (0.376555,-0.000644), <E> = -1.096204 

T=1.320000	 Thermalizing iterations... 
Done.
Thermalized Magnetisation = (0.394247,0.018279), Energy = -1.121474 
Averaging iterations... h=0.125000,0.000000
Done.
Final: Magnetisation = (0.373984,-0.041381), Energy = -1.063971 
<M> = (0.389066,-0.002581), <E> = -1.109963 

T=1.310000	 Thermalizing iterations... 
Done.
Thermalized Magnetisation = (0.445534,0.007555), Energy = -1.179994 
Averaging iterations... h=0.125000,0.000000
Done.
Final: Magnetisation = (0.389731,0.058303), Energy = -1.128802 
<M> = (0.394512,-0.003535), <E> = -1.121345 

T=1.300000	 Thermalizing iterations... 
Done.
Thermalized Magnetisation = (0.393182,0.002566), Energy = -1.120961 
Averaging iterations... h=0.125000,0.000000
Done.
Final: Magnetisation = (0.416107,-0.005972), Energy = -1.196222 
<M> = (0.401253,-0.003834), <E> = -1.132875 

T=1.290000	 Thermalizing iterations... 
Done.
Thermalized Magnetisation = (0.433119,-0.039605), Energy = -1.162512 
Averaging iterations... h=0.125000,0.000000
Done.
Final: Magnetisation = (0.427931,-0.018010), Energy = -1.120934 
<M> = (0.411865,-0.007739), <E> = -1.144865 

T=1.280000	 Thermalizing iterations... 
Done.
Thermalized Magnetisation = (0.416578,0.038643), Energy = -1.174338 
Averaging iterations... h=0.125000,0.000000
Done.
Final: Magnetisation = (0.428741,-0.008909), Energy = -1.160047 
<M> = (0.417770,-0.001383), <E> = -1.154900 

T=1.270000	 Thermalizing iterations... 
Done.
Thermalized Magnetisation = (0.388926,-0.002327), Energy = -1.128057 
Averaging iterations... h=0.125000,0.000000
Done.
Final: Magnetisation = (0.407769,0.025313), Energy = -1.167597 
<M> = (0.427451,-0.000512), <E> = -1.166314 

T=1.260000	 Thermalizing iterations... 
Done.
Thermalized Magnetisation = (0.373529,0.038925), Energy = -1.147959 
Averaging iterations... h=0.125000,0.000000
Done.
Final: Magnetisation = (0.463700,-0.046365), Energy = -1.207331 
<M> = (0.435124,0.001301), <E> = -1.177657 

T=1.250000	 Thermalizing iterations... 
Done.
Thermalized Magnetisation = (0.462846,-0.073360), Energy = -1.222105 
Averaging iterations... h=0.125000,0.000000
Done.
Final: Magnetisation = (0.423380,0.028060), Energy = -1.163588 
<M> = (0.442987,-0.008519), <E> = -1.190294 

T=1.240000	 Thermalizing iterations... 
Done.
Thermalized Magnetisation = (0.453095,-0.005310), Energy = -1.226931 
Averaging iterations... h=0.125000,0.000000
Done.
Final: Magnetisation = (0.364985,-0.029254), Energy = -1.148575 
<M> = (0.450939,0.001430), <E> = -1.202402 

T=1.230000	 Thermalizing iterations... 
Done.
Thermalized Magnetisation = (0.472547,0.086272), Energy = -1.232312 
Averaging iterations... h=0.125000,0.000000
Done.
Final: Magnetisation = (0.416817,-0.088068), Energy = -1.130643 
<M> = (0.458032,-0.005340), <E> = -1.214406 

T=1.220000	 Thermalizing iterations... 
Done.
Thermalized Magnetisation = (0.454157,-0.023870), Energy = -1.222136 
Averaging iterations... h=0.125000,0.000000
Done.
Final: Magnetisation = (0.465682,-0.052942), Energy = -1.238331 
<M> = (0.465721,-0.009303), <E> = -1.226002 

T=1.210000	 Thermalizing iterations... 
Done.
Thermalized Magnetisation = (0.452745,0.041133), Energy = -1.183158 
Averaging iterations... h=0.125000,0.000000
Done.
Final: Magnetisation = (0.473630,-0.053585), Energy = -1.257825 
<M> = (0.475705,-0.007692), <E> = -1.238342 

T=1.200000	 Thermalizing iterations... 
Done.
Thermalized Magnetisation = (0.529978,-0.051573), Energy = -1.266286 
Averaging iterations... h=0.125000,0.000000
Done.
Final: Magnetisation = (0.507030,-0.025157), Energy = -1.275460 
<M> = (0.485232,0.001391), <E> = -1.250125 

T=1.190000	 Thermalizing iterations... 
Done.
Thermalized Magnetisation = (0.502132,0.013247), Energy = -1.237632 
Averaging iterations... h=0.125000,0.000000
Done.
Final: Magnetisation = (0.475636,-0.096751), Energy = -1.280044 
<M> = (0.490919,-0.001061), <E> = -1.261213 

T=1.180000	 Thermalizing iterations... 
Done.
Thermalized Magnetisation = (0.479083,-0.057183), Energy = -1.261672 
Averaging iterations... h=0.125000,0.000000
Done.
Final: Magnetisation = (0.456544,0.059139), Energy = -1.227588 
<M> = (0.500739,0.000869), <E> = -1.273637 

T=1.170000	 Thermalizing iterations... 
Done.
Thermalized Magnetisation = (0.483027,0.042690), Energy = -1.263371 
Averaging iterations... h=0.125000,0.000000
Done.
Final: Magnetisation = (0.476129,0.144833), Energy = -1.278434 
<M> = (0.510573,0.002670), <E> = -1.286172 

T=1.160000	 Thermalizing iterations... 
Done.
Thermalized Magnetisation = (0.518703,-0.121875), Energy = -1.290020 
Averaging iterations... h=0.125000,0.000000
Done.
Final: Magnetisation = (0.491913,-0.068648), Energy = -1.267496 
<M> = (0.517230,-0.004556), <E> = -1.298916 

T=1.150000	 Thermalizing iterations... 
Done.
Thermalized Magnetisation = (0.524023,-0.046969), Energy = -1.351519 
Averaging iterations... h=0.125000,0.000000
Done.
Final: Magnetisation = (0.528708,0.023364), Energy = -1.296899 
<M> = (0.523912,-0.002878), <E> = -1.310489 

T=1.140000	 Thermalizing iterations... 
Done.
Thermalized Magnetisation = (0.493593,-0.061468), Energy = -1.306785 
Averaging iterations... h=0.125000,0.000000
Done.
Final: Magnetisation = (0.550141,-0.055869), Energy = -1.332089 
<M> = (0.533514,-0.007847), <E> = -1.323225 

T=1.130000	 Thermalizing iterations... 
Done.
Thermalized Magnetisation = (0.498414,0.014969), Energy = -1.265451 
Averaging iterations... h=0.125000,0.000000
Done.
Final: Magnetisation = (0.528443,0.010954), Energy = -1.334452 
<M> = (0.541934,-0.004356), <E> = -1.334174 

T=1.120000	 Thermalizing iterations... 
Done.
Thermalized Magnetisation = (0.537456,0.008328), Energy = -1.352644 
Averaging iterations... h=0.125000,0.000000
Done.
Final: Magnetisation = (0.560511,-0.163722), Energy = -1.360595 
<M> = (0.550845,0.001412), <E> = -1.346227 

T=1.110000	 Thermalizing iterations... 
Done.
Thermalized Magnetisation = (0.581701,0.016631), Energy = -1.350600 
Averaging iterations... h=0.125000,0.000000
Done.
Final: Magnetisation = (0.597952,0.047826), Energy = -1.399845 
<M> = (0.558197,0.007570), <E> = -1.356166 

T=1.100000	 Thermalizing iterations... 
Done.
Thermalized Magnetisation = (0.568079,-0.061592), Energy = -1.380405 
Averaging iterations... h=0.125000,0.000000
Done.
Final: Magnetisation = (0.598191,0.032472), Energy = -1.405884 
<M> = (0.564680,-0.001670), <E> = -1.368906 

T=1.090000	 Thermalizing iterations... 
Done.
Thermalized Magnetisation = (0.572535,-0.048448), Energy = -1.390265 
Averaging iterations... h=0.125000,0.000000
Done.
Final: Magnetisation = (0.554476,-0.004079), Energy = -1.379860 
<M> = (0.572248,-0.003612), <E> = -1.380842 

T=1.080000	 Thermalizing iterations... 
Done.
Thermalized Magnetisation = (0.566846,-0.006355), Energy = -1.363505 
Averaging iterations... h=0.125000,0.000000
Done.
Final: Magnetisation = (0.606191,0.076002), Energy = -1.402260 
<M> = (0.578824,-0.011763), <E> = -1.392487 

T=1.070000	 Thermalizing iterations... 
Done.
Thermalized Magnetisation = (0.600334,0.078635), Energy = -1.419410 
Averaging iterations... h=0.125000,0.000000
Done.
Final: Magnetisation = (0.603072,0.053818), Energy = -1.398355 
<M> = (0.585920,-0.008576), <E> = -1.403293 

T=1.060000	 Thermalizing iterations... 
Done.
Thermalized Magnetisation = (0.576108,0.052437), Energy = -1.407118 
Averaging iterations... h=0.125000,0.000000
Done.
Final: Magnetisation = (0.610052,-0.030664), Energy = -1.433633 
<M> = (0.593702,-0.014487), <E> = -1.415106 

T=1.050000	 Thermalizing iterations... 
Done.
Thermalized Magnetisation = (0.610069,-0.108985), Energy = -1.445952 
Averaging iterations... h=0.125000,0.000000
Done.
Final: Magnetisation = (0.560974,-0.004957), Energy = -1.398546 
<M> = (0.602460,0.006433), <E> = -1.425754 

T=1.040000	 Thermalizing iterations... 
Done.
Thermalized Magnetisation = (0.593763,-0.033991), Energy = -1.434676 
Averaging iterations... h=0.125000,0.000000
Done.
Final: Magnetisation = (0.595716,0.043096), Energy = -1.422787 
<M> = (0.607046,-0.002992), <E> = -1.435459 

T=1.030000	 Thermalizing iterations... 
Done.
Thermalized Magnetisation = (0.590245,-0.000200), Energy = -1.412556 
Averaging iterations... h=0.125000,0.000000
Done.
Final: Magnetisation = (0.573157,0.028777), Energy = -1.445376 
<M> = (0.615202,0.005007), <E> = -1.447126 

T=1.020000	 Thermalizing iterations... 
Done.
Thermalized Magnetisation = (0.650010,-0.007576), Energy = -1.468469 
Averaging iterations... h=0.125000,0.000000
Done.
Final: Magnetisation = (0.640028,0.001890), Energy = -1.473987 
<M> = (0.619488,0.000785), <E> = -1.457128 

T=1.010000	 Thermalizing iterations... 
Done.
Thermalized Magnetisation = (0.613748,0.008680), Energy = -1.450414 
Averaging iterations... h=0.125000,0.000000
Done.
Final: Magnetisation = (0.655842,-0.030831), Energy = -1.479076 
<M> = (0.626372,-0.012892), <E> = -1.469053 

T=1.000000	 Thermalizing iterations... 
Done.
Thermalized Magnetisation = (0.615814,-0.049165), Energy = -1.491441 
Averaging iterations... h=0.125000,0.000000
Done.
Final: Magnetisation = (0.655338,0.042671), Energy = -1.496184 
<M> = (0.631433,-0.014746), <E> = -1.478469 

T=0.990000	 Thermalizing iterations... 
Done.
Thermalized Magnetisation = (0.602190,-0.000562), Energy = -1.500779 
Averaging iterations... h=0.125000,0.000000
Done.
Final: Magnetisation = (0.661883,-0.035580), Energy = -1.478041 
<M> = (0.640523,-0.014362), <E> = -1.489231 

T=0.980000	 Thermalizing iterations... 
Done.
Thermalized Magnetisation = (0.638439,0.029036), Energy = -1.488034 
Averaging iterations... h=0.125000,0.000000
Done.
Final: Magnetisation = (0.653931,-0.071330), Energy = -1.508463 
<M> = (0.645173,-0.006152), <E> = -1.499118 

T=0.970000	 Thermalizing iterations... 
Done.
Thermalized Magnetisation = (0.637550,0.047731), Energy = -1.476876 
Averaging iterations... h=0.125000,0.000000
Done.
Final: Magnetisation = (0.649849,0.071280), Energy = -1.510711 
<M> = (0.650966,0.015156), <E> = -1.509533 

T=0.960000	 Thermalizing iterations... 
Done.
Thermalized Magnetisation = (0.653041,-0.016475), Energy = -1.517929 
Averaging iterations... h=0.125000,0.000000
Done.
Final: Magnetisation = (0.681985,0.007380), Energy = -1.514118 
<M> = (0.657732,0.001852), <E> = -1.518599 

T=0.950000	 Thermalizing iterations... 
Done.
Thermalized Magnetisation = (0.650700,0.000872), Energy = -1.512978 
Averaging iterations... h=0.125000,0.000000
Done.
Final: Magnetisation = (0.631445,-0.001387), Energy = -1.515910 
<M> = (0.660657,-0.005510), <E> = -1.528384 

T=0.940000	 Thermalizing iterations... 
Done.
Thermalized Magnetisation = (0.682241,0.130227), Energy = -1.585661 
Averaging iterations... h=0.125000,0.000000
Done.
Final: Magnetisation = (0.677694,0.007250), Energy = -1.546316 
<M> = (0.670097,-0.014552), <E> = -1.538701 

T=0.930000	 Thermalizing iterations... 
Done.
Thermalized Magnetisation = (0.678159,0.018496), Energy = -1.538051 
Averaging iterations... h=0.125000,0.000000
Done.
Final: Magnetisation = (0.673727,-0.009822), Energy = -1.524306 
<M> = (0.674078,-0.022599), <E> = -1.547281 

T=0.920000	 Thermalizing iterations... 
Done.
Thermalized Magnetisation = (0.697835,-0.041391), Energy = -1.576250 
Averaging iterations... h=0.125000,0.000000
Done.
Final: Magnetisation = (0.648103,-0.031191), Energy = -1.538561 
<M> = (0.678874,-0.014116), <E> = -1.557300 

T=0.910000	 Thermalizing iterations... 
Done.
Thermalized Magnetisation = (0.694685,0.011716), Energy = -1.578442 
Averaging iterations... h=0.125000,0.000000
Done.
Final: Magnetisation = (0.704572,0.025105), Energy = -1.593215 
<M> = (0.683233,0.007440), <E> = -1.566115 

T=0.900000	 Thermalizing iterations... 
Done.
Thermalized Magnetisation = (0.696179,-0.068122), Energy = -1.562802 
Averaging iterations... h=0.125000,0.000000
Done.
Final: Magnetisation = (0.674091,0.084856), Energy = -1.577129 
<M> = (0.690763,-0.006963), <E> = -1.575156 

T=0.890000	 Thermalizing iterations... 
Done.
Thermalized Magnetisation = (0.662286,-0.066447), Energy = -1.577107 
Averaging iterations... h=0.125000,0.000000
Done.
Final: Magnetisation = (0.672141,-0.000616), Energy = -1.552210 
<M> = (0.691447,0.002274), <E> = -1.582613 

T=0.880000	 Thermalizing iterations... 
Done.
Thermalized Magnetisation = (0.710284,-0.012824), Energy = -1.598032 
Averaging iterations... h=0.125000,0.000000
Done.
Final: Magnetisation = (0.698625,-0.053370), Energy = -1.592375 
<M> = (0.695685,-0.000758), <E> = -1.591952 

T=0.870000	 Thermalizing iterations... 
Done.
Thermalized Magnetisation = (0.723332,-0.011858), Energy = -1.612692 
Averaging iterations... h=0.125000,0.000000
Done.
Final: Magnetisation = (0.728421,-0.014553), Energy = -1.599448 
<M> = (0.701194,-0.014267), <E> = -1.600274 

T=0.860000	 Thermalizing iterations... 
Done.
Thermalized Magnetisation = (0.694918,-0.134201), Energy = -1.613074 
Averaging iterations... h=0.125000,0.000000
Done.
Final: Magnetisation = (0.719546,0.056300), Energy = -1.612381 
<M> = (0.704480,-0.027344), <E> = -1.608998 

T=0.850000	 Thermalizing iterations... 
Done.
Thermalized Magnetisation = (0.714943,-0.047792), Energy = -1.609486 
Averaging iterations... h=0.125000,0.000000
Done.
Final: Magnetisation = (0.701606,0.049018), Energy = -1.606133 
<M> = (0.707845,-0.020144), <E> = -1.617241 

T=0.840000	 Thermalizing iterations... 
Done.
Thermalized Magnetisation = (0.686066,-0.146870), Energy = -1.634083 
Averaging iterations... h=0.125000,0.000000
Done.
Final: Magnetisation = (0.705930,-0.027662), Energy = -1.629684 
<M> = (0.712759,-0.025471), <E> = -1.625212 

T=0.830000	 Thermalizing iterations... 
Done.
Thermalized Magnetisation = (0.728822,0.054957), Energy = -1.649501 
Averaging iterations... h=0.125000,0.000000
Done.
Final: Magnetisation = (0.689071,0.031866), Energy = -1.632982 
<M> = (0.720291,-0.000146), <E> = -1.633380 

T=0.820000	 Thermalizing iterations... 
Done.
Thermalized Magnetisation = (0.732948,-0.024113), Energy = -1.648693 
Averaging iterations... h=0.125000,0.000000
Done.
Final: Magnetisation = (0.736385,-0.043802), Energy = -1.630475 
<M> = (0.723565,0.000545), <E> = -1.641287 

T=0.810000	 Thermalizing iterations... 
Done.
Thermalized Magnetisation = (0.712263,-0.039523), Energy = -1.607821 
Averaging iterations... h=0.125000,0.000000
Done.
Final: Magnetisation = (0.734202,0.073918), Energy = -1.623169 
<M> = (0.726782,0.006579), <E> = -1.648649 

T=0.800000	 Thermalizing iterations... 
Done.
Thermalized Magnetisation = (0.711513,-0.139807), Energy = -1.645746 
Averaging iterations... h=0.125000,0.000000
Done.
Final: Magnetisation = (0.730509,-0.109869), Energy = -1.643151 
<M> = (0.730600,-0.021688), <E> = -1.656586 

T=0.790000	 Thermalizing iterations... 
Done.
Thermalized Magnetisation = (0.711610,-0.019463), Energy = -1.663548 
Averaging iterations... h=0.125000,0.000000
Done.
Final: Magnetisation = (0.710918,0.028962), Energy = -1.666465 
<M> = (0.733575,-0.035457), <E> = -1.665049 

T=0.780000	 Thermalizing iterations... 
Done.
Thermalized Magnetisation = (0.705282,0.066946), Energy = -1.666301 
Averaging iterations... h=0.125000,0.000000
Done.
Final: Magnetisation = (0.728990,-0.059821), Energy = -1.650217 
<M> = (0.735746,-0.010650), <E> = -1.671995 

T=0.770000	 Thermalizing iterations... 
Done.
Thermalized Magnetisation = (0.778887,0.026025), Energy = -1.704662 
Averaging iterations... h=0.125000,0.000000
Done.
Final: Magnetisation = (0.748441,0.005472), Energy = -1.672587 
<M> = (0.740389,-0.024494), <E> = -1.679456 

T=0.760000	 Thermalizing iterations... 
Done.
Thermalized Magnetisation = (0.740942,0.000249), Energy = -1.662464 
Averaging iterations... h=0.125000,0.000000
Done.
Final: Magnetisation = (0.748867,-0.140459), Energy = -1.695118 
<M> = (0.746055,-0.005258), <E> = -1.687042 

T=0.750000	 Thermalizing iterations... 
Done.
Thermalized Magnetisation = (0.756051,0.002802), Energy = -1.683366 
Averaging iterations... h=0.125000,0.000000
Done.
Final: Magnetisation = (0.735372,-0.044340), Energy = -1.685935 
<M> = (0.750350,-0.004247), <E> = -1.694384 

T=0.740000	 Thermalizing iterations... 
Done.
Thermalized Magnetisation = (0.764396,-0.031113), Energy = -1.713262 
Averaging iterations... h=0.125000,0.000000
Done.
Final: Magnetisation = (0.726100,-0.094017), Energy = -1.692135 
<M> = (0.752043,-0.001174), <E> = -1.701150 

T=0.730000	 Thermalizing iterations... 
Done.
Thermalized Magnetisation = (0.759294,-0.032434), Energy = -1.685672 
Averaging iterations... h=0.125000,0.000000
Done.
Final: Magnetisation = (0.782626,-0.022812), Energy = -1.728447 
<M> = (0.754572,0.008050), <E> = -1.708199 

T=0.720000	 Thermalizing iterations... 
Done.
Thermalized Magnetisation = (0.773792,0.035791), Energy = -1.706622 
Averaging iterations... h=0.125000,0.000000
Done.
Final: Magnetisation = (0.741021,-0.020207), Energy = -1.715851 
<M> = (0.759842,0.021502), <E> = -1.715407 

T=0.710000	 Thermalizing iterations... 
Done.
Thermalized Magnetisation = (0.769247,-0.089449), Energy = -1.729726 
Averaging iterations... h=0.125000,0.000000
Done.
Final: Magnetisation = (0.762245,0.032531), Energy = -1.712898 
<M> = (0.761073,-0.034772), <E> = -1.722812 

T=0.700000	 Thermalizing iterations... 
Done.
Thermalized Magnetisation = (0.777941,-0.040987), Energy = -1.758488 
Averaging iterations... h=0.125000,0.000000
Done.
Final: Magnetisation = (0.745797,-0.149719), Energy = -1.721562 
<M> = (0.763218,-0.037371), <E> = -1.728948 

T=0.690000	 Thermalizing iterations... 
Done.
Thermalized Magnetisation = (0.781646,0.052093), Energy = -1.745064 
Averaging iterations... h=0.125000,0.000000
Done.
Final: Magnetisation = (0.742218,-0.132292), Energy = -1.708919 
<M> = (0.765481,0.024061), <E> = -1.736028 

T=0.680000	 Thermalizing iterations... 
Done.
Thermalized Magnetisation = (0.786483,0.013794), Energy = -1.756100 
Averaging iterations... h=0.125000,0.000000
Done.
Final: Magnetisation = (0.746353,0.140368), Energy = -1.738813 
<M> = (0.771721,-0.017546), <E> = -1.743334 

T=0.670000	 Thermalizing iterations... 
Done.
Thermalized Magnetisation = (0.779088,-0.034775), Energy = -1.756096 
Averaging iterations... h=0.125000,0.000000
Done.
Final: Magnetisation = (0.796535,0.069668), Energy = -1.765529 
<M> = (0.774377,0.012805), <E> = -1.749590 

T=0.660000	 Thermalizing iterations... 
Done.
Thermalized Magnetisation = (0.791802,0.016891), Energy = -1.754620 
Averaging iterations... h=0.125000,0.000000
Done.
Final: Magnetisation = (0.789721,0.044057), Energy = -1.756700 
<M> = (0.778369,-0.021543), <E> = -1.756011 

T=0.650000	 Thermalizing iterations... 
Done.
Thermalized Magnetisation = (0.786831,0.036809), Energy = -1.759244 
Averaging iterations... h=0.125000,0.000000
Done.
Final: Magnetisation = (0.742677,0.002339), Energy = -1.742209 
<M> = (0.780422,0.012754), <E> = -1.762657 

T=0.640000	 Thermalizing iterations... 
Done.
Thermalized Magnetisation = (0.787245,-0.053644), Energy = -1.773472 
Averaging iterations... h=0.125000,0.000000
Done.
Final: Magnetisation = (0.795675,0.019836), Energy = -1.766186 
<M> = (0.781636,-0.033380), <E> = -1.769383 

T=0.630000	 Thermalizing iterations... 
Done.
Thermalized Magnetisation = (0.749623,-0.011286), Energy = -1.769627 
Averaging iterations... h=0.125000,0.000000
Done.
Final: Magnetisation = (0.804785,0.007657), Energy = -1.773150 
<M> = (0.786109,-0.008771), <E> = -1.775734 

T=0.620000	 Thermalizing iterations... 
Done.
Thermalized Magnetisation = (0.765579,0.181535), Energy = -1.789307 
Averaging iterations... h=0.125000,0.000000
Done.
Final: Magnetisation = (0.782204,-0.090319), Energy = -1.778047 
<M> = (0.788432,0.024509), <E> = -1.781994 

T=0.610000	 Thermalizing iterations... 
Done.
Thermalized Magnetisation = (0.788752,0.015489), Energy = -1.787030 
Averaging iterations... h=0.125000,0.000000
Done.
Final: Magnetisation = (0.791342,-0.039822), Energy = -1.787920 
<M> = (0.792644,0.025789), <E> = -1.788869 

T=0.600000	 Thermalizing iterations... 
Done.
Thermalized Magnetisation = (0.805732,-0.068349), Energy = -1.802946 
Averaging iterations... h=0.125000,0.000000
Done.
Final: Magnetisation = (0.789618,-0.019475), Energy = -1.799923 
<M> = (0.797413,-0.014541), <E> = -1.795149 

T=0.590000	 Thermalizing iterations... 
Done.
Thermalized Magnetisation = (0.796880,-0.013080), Energy = -1.811302 
Averaging iterations... h=0.125000,0.000000
Done.
Final: Magnetisation = (0.798617,0.017083), Energy = -1.801453 
<M> = (0.801055,0.016730), <E> = -1.801127 

T=0.580000	 Thermalizing iterations... 
Done.
Thermalized Magnetisation = (0.808749,-0.006916), Energy = -1.811665 
Averaging iterations... h=0.125000,0.000000
Done.
Final: Magnetisation = (0.806152,0.024329), Energy = -1.814599 
<M> = (0.803461,-0.029265), <E> = -1.807365 

T=0.570000	 Thermalizing iterations... 
Done.
Thermalized Magnetisation = (0.814571,-0.072505), Energy = -1.818221 
Averaging iterations... h=0.125000,0.000000
Done.
Final: Magnetisation = (0.824847,-0.052665), Energy = -1.827995 
<M> = (0.805211,-0.033879), <E> = -1.813804 

T=0.560000	 Thermalizing iterations... 
Done.
Thermalized Magnetisation = (0.811459,-0.007798), Energy = -1.811950 
Averaging iterations... h=0.125000,0.000000
Done.
Final: Magnetisation = (0.798198,-0.125478), Energy = -1.815629 
<M> = (0.804942,-0.060655), <E> = -1.820110 

T=0.550000	 Thermalizing iterations... 
Done.
Thermalized Magnetisation = (0.816071,0.096454), Energy = -1.833214 
Averaging iterations... h=0.125000,0.000000
Done.
Final: Magnetisation = (0.801701,-0.017896), Energy = -1.831985 
<M> = (0.809033,0.005413), <E> = -1.825743 

T=0.540000	 Thermalizing iterations... 
Done.
Thermalized Magnetisation = (0.832521,0.006478), Energy = -1.842920 
Averaging iterations... h=0.125000,0.000000
Done.
Final: Magnetisation = (0.802082,-0.109033), Energy = -1.829774 
<M> = (0.813356,-0.031695), <E> = -1.831648 

T=0.530000	 Thermalizing iterations... 
Done.
Thermalized Magnetisation = (0.828505,-0.105860), Energy = -1.839249 
Averaging iterations... h=0.125000,0.000000
Done.
Final: Magnetisation = (0.809023,0.070868), Energy = -1.843094 
<M> = (0.819181,-0.025517), <E> = -1.837814 

T=0.520000	 Thermalizing iterations... 
Done.
Thermalized Magnetisation = (0.835084,-0.033240), Energy = -1.847466 
Averaging iterations... h=0.125000,0.000000
Done.
Final: Magnetisation = (0.815347,-0.023523), Energy = -1.834849 
<M> = (0.820435,-0.029313), <E> = -1.843926 

T=0.510000	 Thermalizing iterations... 
Done.
Thermalized Magnetisation = (0.824970,-0.017254), Energy = -1.854297 
Averaging iterations... h=0.125000,0.000000
Done.
Final: Magnetisation = (0.836971,-0.030193), Energy = -1.843161 
<M> = (0.821517,-0.010196), <E> = -1.849612 

T=0.500000	 Thermalizing iterations... 
Done.
Thermalized Magnetisation = (0.807000,0.017936), Energy = -1.848528 
Averaging iterations... h=0.125000,0.000000
Done.
Final: Magnetisation = (0.811074,-0.042502), Energy = -1.856748 
<M> = (0.823174,-0.005745), <E> = -1.855767 

T=0.490000	 Thermalizing iterations... 
Done.
Thermalized Magnetisation = (0.833775,0.026589), Energy = -1.863986 
Averaging iterations... h=0.125000,0.000000
Done.
Final: Magnetisation = (0.816307,-0.080433), Energy = -1.866415 
<M> = (0.825701,-0.054805), <E> = -1.862184 

T=0.480000	 Thermalizing iterations... 
Done.
Thermalized Magnetisation = (0.823455,0.026679), Energy = -1.852172 
Averaging iterations... h=0.125000,0.000000
Done.
Final: Magnetisation = (0.836421,0.056043), Energy = -1.864179 
<M> = (0.828895,-0.036644), <E> = -1.867495 

T=0.470000	 Thermalizing iterations... 
Done.
Thermalized Magnetisation = (0.830898,-0.033626), Energy = -1.867003 
Averaging iterations... h=0.125000,0.000000
Done.
Final: Magnetisation = (0.821465,-0.019593), Energy = -1.877818 
<M> = (0.832729,0.019350), <E> = -1.873317 

T=0.460000	 Thermalizing iterations... 
Done.
Thermalized Magnetisation = (0.831032,-0.024814), Energy = -1.873324 
Averaging iterations... h=0.125000,0.000000
Done.
Final: Magnetisation = (0.836644,-0.060025), Energy = -1.874292 
<M> = (0.836274,-0.017376), <E> = -1.879089 

T=0.450000	 Thermalizing iterations... 
Done.
Thermalized Magnetisation = (0.829396,-0.109305), Energy = -1.876086 
Averaging iterations... h=0.125000,0.000000
Done.
Final: Magnetisation = (0.846738,0.007187), Energy = -1.882687 
<M> = (0.839653,-0.000654), <E> = -1.885126 

T=0.440000	 Thermalizing iterations... 
Done.
Thermalized Magnetisation = (0.832473,-0.115697), Energy = -1.888972 
Averaging iterations... h=0.125000,0.000000
Done.
Final: Magnetisation = (0.833043,0.087754), Energy = -1.888438 
<M> = (0.839854,-0.062701), <E> = -1.890775 

T=0.430000	 Thermalizing iterations... 
Done.
Thermalized Magnetisation = (0.847013,-0.024982), Energy = -1.896180 
Averaging iterations... h=0.125000,0.000000
Done.
Final: Magnetisation = (0.851284,-0.077371), Energy = -1.896611 
<M> = (0.841607,-0.086813), <E> = -1.896727 

T=0.420000	 Thermalizing iterations... 
Done.
Thermalized Magnetisation = (0.833582,0.078382), Energy = -1.904213 
Averaging iterations... h=0.125000,0.000000
Done.
Final: Magnetisation = (0.849004,-0.005361), Energy = -1.900062 
<M> = (0.840920,-0.015721), <E> = -1.902640 

T=0.410000	 Thermalizing iterations... 
Done.
Thermalized Magnetisation = (0.843551,0.092728), Energy = -1.908441 
Averaging iterations... h=0.125000,0.000000
Done.
Final: Magnetisation = (0.862191,-0.019205), Energy = -1.907515 
<M> = (0.846867,0.029225), <E> = -1.908241 

T=0.400000	 Thermalizing iterations... 
Done.
Thermalized Magnetisation = (0.860867,-0.027962), Energy = -1.920051 
Averaging iterations... h=0.125000,0.000000
Done.
Final: Magnetisation = (0.838432,0.003864), Energy = -1.919275 
<M> = (0.846916,0.026664), <E> = -1.913745 

T=0.390000	 Thermalizing iterations... 
Done.
Thermalized Magnetisation = (0.857673,0.044117), Energy = -1.919189 
Averaging iterations... h=0.125000,0.000000
Done.
Final: Magnetisation = (0.861791,0.048680), Energy = -1.923792 
<M> = (0.849236,0.038150), <E> = -1.919199 

T=0.380000	 Thermalizing iterations... 
Done.
Thermalized Magnetisation = (0.855426,-0.091616), Energy = -1.921653 
Averaging iterations... h=0.125000,0.000000
Done.
Final: Magnetisation = (0.858001,0.051783), Energy = -1.929797 
<M> = (0.857748,-0.027508), <E> = -1.924836 

T=0.370000	 Thermalizing iterations... 
Done.
Thermalized Magnetisation = (0.841325,-0.103276), Energy = -1.932987 
Averaging iterations... h=0.125000,0.000000
Done.
Final: Magnetisation = (0.844888,-0.090108), Energy = -1.934027 
<M> = (0.851158,-0.054303), <E> = -1.930535 

T=0.360000	 Thermalizing iterations... 
Done.
Thermalized Magnetisation = (0.857017,-0.005776), Energy = -1.941856 
Averaging iterations... h=0.125000,0.000000
Done.
Final: Magnetisation = (0.864966,-0.021953), Energy = -1.940332 
<M> = (0.859457,-0.052464), <E> = -1.936017 

T=0.350000	 Thermalizing iterations... 
Done.
Thermalized Magnetisation = (0.849513,-0.001549), Energy = -1.932703 
Averaging iterations... h=0.125000,0.000000
Done.
Final: Magnetisation = (0.839576,-0.007523), Energy = -1.943338 
<M> = (0.861279,-0.016777), <E> = -1.941705 

T=0.340000	 Thermalizing iterations... 
Done.
Thermalized Magnetisation = (0.870903,-0.046718), Energy = -1.946383 
Averaging iterations... h=0.125000,0.000000
Done.
Final: Magnetisation = (0.860224,0.011491), Energy = -1.950239 
<M> = (0.861842,0.018779), <E> = -1.947244 

T=0.330000	 Thermalizing iterations... 
Done.
Thermalized Magnetisation = (0.862210,0.096277), Energy = -1.950253 
Averaging iterations... h=0.125000,0.000000
Done.
Final: Magnetisation = (0.850575,0.121931), Energy = -1.950436 
<M> = (0.861109,0.053292), <E> = -1.952531 

T=0.320000	 Thermalizing iterations... 
Done.
Thermalized Magnetisation = (0.844652,-0.027654), Energy = -1.948087 
Averaging iterations... h=0.125000,0.000000
Done.
Final: Magnetisation = (0.857466,0.000615), Energy = -1.950353 
<M> = (0.865112,0.068669), <E> = -1.958004 

T=0.310000	 Thermalizing iterations... 
Done.
Thermalized Magnetisation = (0.867357,0.003097), Energy = -1.961154 
Averaging iterations... h=0.125000,0.000000
Done.
Final: Magnetisation = (0.849258,0.028685), Energy = -1.963675 
<M> = (0.872577,-0.027414), <E> = -1.963532 

T=0.300000	 Thermalizing iterations... 
Done.
Thermalized Magnetisation = (0.870096,-0.169498), Energy = -1.969114 
Averaging iterations... h=0.125000,0.000000
Done.
Final: Magnetisation = (0.892133,-0.118098), Energy = -1.970532 
<M> = (0.875259,-0.102167), <E> = -1.969020 

T=0.290000	 Thermalizing iterations... 
Done.
Thermalized Magnetisation = (0.853193,-0.153009), Energy = -1.967088 
Averaging iterations... h=0.125000,0.000000
Done.
Final: Magnetisation = (0.881532,-0.117847), Energy = -1.970752 
<M> = (0.870607,-0.118040), <E> = -1.974576 

T=0.280000	 Thermalizing iterations... 
Done.
Thermalized Magnetisation = (0.868436,-0.174694), Energy = -1.982241 
Averaging iterations... h=0.125000,0.000000
Done.
Final: Magnetisation = (0.882301,-0.076310), Energy = -1.981934 
<M> = (0.876720,-0.104002), <E> = -1.980001 

T=0.270000	 Thermalizing iterations... 
Done.
Thermalized Magnetisation = (0.866777,-0.021213), Energy = -1.986717 
Averaging iterations... h=0.125000,0.000000
Done.
Final: Magnetisation = (0.864308,-0.048516), Energy = -1.983123 
<M> = (0.874373,-0.037248), <E> = -1.985366 

T=0.260000	 Thermalizing iterations... 
Done.
Thermalized Magnetisation = (0.887257,0.039537), Energy = -1.986786 
Averaging iterations... h=0.125000,0.000000
Done.
Final: Magnetisation = (0.866224,0.024266), Energy = -1.992435 
<M> = (0.880657,-0.018021), <E> = -1.990769 

T=0.250000	 Thermalizing iterations... 
Done.
Thermalized Magnetisation = (0.875825,0.013460), Energy = -1.997454 
Averaging iterations... h=0.125000,0.000000
Done.
Final: Magnetisation = (0.879601,0.010426), Energy = -1.993531 
<M> = (0.881439,0.004340), <E> = -1.996107 

T=0.240000	 Thermalizing iterations... 
Done.
Thermalized Magnetisation = (0.900502,-0.081260), Energy = -2.003257 
Averaging iterations... h=0.125000,0.000000
Done.
Final: Magnetisation = (0.878359,-0.100600), Energy = -2.000175 
<M> = (0.883130,-0.050632), <E> = -2.001396 

T=0.230000	 Thermalizing iterations... 
Done.
Thermalized Magnetisation = (0.890291,0.048486), Energy = -2.003680 
Averaging iterations... h=0.125000,0.000000
Done.
Final: Magnetisation = (0.878774,0.058017), Energy = -2.007659 
<M> = (0.891324,0.022393), <E> = -2.006727 

T=0.220000	 Thermalizing iterations... 
Done.
Thermalized Magnetisation = (0.891424,-0.057647), Energy = -2.009973 
Averaging iterations... h=0.125000,0.000000
Done.
Final: Magnetisation = (0.876378,-0.071267), Energy = -2.009532 
<M> = (0.889242,-0.036598), <E> = -2.012014 

T=0.210000	 Thermalizing iterations... 
Done.
Thermalized Magnetisation = (0.893457,0.023511), Energy = -2.018086 
Averaging iterations... h=0.125000,0.000000
Done.
Final: Magnetisation = (0.889781,0.002484), Energy = -2.016511 
<M> = (0.891702,-0.010472), <E> = -2.017339 

T=0.200000	 Thermalizing iterations... 
Done.
Thermalized Magnetisation = (0.889915,-0.041712), Energy = -2.022738 
Averaging iterations... h=0.125000,0.000000
Done.
Final: Magnetisation = (0.895106,-0.024751), Energy = -2.023966 
<M> = (0.893321,-0.004511), <E> = -2.022737 

T=0.190000	 Thermalizing iterations... 
Done.
Thermalized Magnetisation = (0.890061,-0.052774), Energy = -2.029844 
Averaging iterations... h=0.125000,0.000000
Done.
Final: Magnetisation = (0.894582,-0.033548), Energy = -2.026895 
<M> = (0.893877,-0.068461), <E> = -2.028109 

T=0.180000	 Thermalizing iterations... 
Done.
Thermalized Magnetisation = (0.891630,0.089674), Energy = -2.032095 
Averaging iterations... h=0.125000,0.000000
Done.
Final: Magnetisation = (0.893426,0.017888), Energy = -2.033195 
<M> = (0.894801,0.059235), <E> = -2.033260 

T=0.170000	 Thermalizing iterations... 
Done.
Thermalized Magnetisation = (0.899320,0.035555), Energy = -2.035582 
Averaging iterations... h=0.125000,0.000000
Done.
Final: Magnetisation = (0.894202,0.058205), Energy = -2.039508 
<M> = (0.899112,0.027276), <E> = -2.038449 

T=0.160000	 Thermalizing iterations... 
Done.
Thermalized Magnetisation = (0.893921,0.083432), Energy = -2.042269 
Averaging iterations... h=0.125000,0.000000
Done.
Final: Magnetisation = (0.893962,0.105452), Energy = -2.040254 
<M> = (0.898760,0.063584), <E> = -2.043650 

T=0.150000	 Thermalizing iterations... 
Done.
Thermalized Magnetisation = (0.892366,0.087673), Energy = -2.046703 
Averaging iterations... h=0.125000,0.000000
Done.
Final: Magnetisation = (0.899913,0.076741), Energy = -2.051836 
<M> = (0.902878,0.077093), <E> = -2.048806 

T=0.140000	 Thermalizing iterations... 
Done.
Thermalized Magnetisation = (0.906162,0.040381), Energy = -2.056545 
Averaging iterations... h=0.125000,0.000000
Done.
Final: Magnetisation = (0.909741,0.040846), Energy = -2.055561 
<M> = (0.906198,0.060873), <E> = -2.054013 

T=0.130000	 Thermalizing iterations... 
Done.
Thermalized Magnetisation = (0.908301,0.097437), Energy = -2.058428 
Averaging iterations... h=0.125000,0.000000
Done.
Final: Magnetisation = (0.908974,0.075300), Energy = -2.061013 
<M> = (0.907745,0.083444), <E> = -2.059174 

T=0.120000	 Thermalizing iterations... 
Done.
Thermalized Magnetisation = (0.915175,0.081633), Energy = -2.062573 
Averaging iterations... h=0.125000,0.000000
Done.
Final: Magnetisation = (0.910240,0.077438), Energy = -2.065959 
<M> = (0.906927,0.097259), <E> = -2.064433 

T=0.110000	 Thermalizing iterations... 
Done.
Thermalized Magnetisation = (0.900589,0.117212), Energy = -2.068845 
Averaging iterations... h=0.125000,0.000000
Done.
Final: Magnetisation = (0.910651,0.111085), Energy = -2.071696 
<M> = (0.909499,0.093482), <E> = -2.069529 

T=0.100000	 Thermalizing iterations... 
Done.
Thermalized Magnetisation = (0.914831,0.097246), Energy = -2.072306 
Averaging iterations... h=0.125000,0.000000
Done.
Final: Magnetisation = (0.915801,0.077778), Energy = -2.076960 
<M> = (0.910789,0.086675), <E> = -2.074752 

T=0.090000	 Thermalizing iterations... 
Done.
Thermalized Magnetisation = (0.910563,0.103188), Energy = -2.079674 
Averaging iterations... h=0.125000,0.000000
Done.
Final: Magnetisation = (0.910099,0.095398), Energy = -2.080144 
<M> = (0.913702,0.098333), <E> = -2.079846 

T=0.080000	 Thermalizing iterations... 
Done.
Thermalized Magnetisation = (0.913694,0.081462), Energy = -2.085486 
Averaging iterations... h=0.125000,0.000000
Done.
Final: Magnetisation = (0.921441,0.069505), Energy = -2.086257 
<M> = (0.913524,0.084292), <E> = -2.084876 

T=0.070000	 Thermalizing iterations... 
Done.
Thermalized Magnetisation = (0.916752,0.124607), Energy = -2.090672 
Averaging iterations... h=0.125000,0.000000
Done.
Final: Magnetisation = (0.917517,0.104170), Energy = -2.088448 
<M> = (0.917730,0.098288), <E> = -2.090051 

T=0.060000	 Thermalizing iterations... 
Done.
Thermalized Magnetisation = (0.912525,0.132053), Energy = -2.094013 
Averaging iterations... h=0.125000,0.000000
Done.
Final: Magnetisation = (0.918190,0.089265), Energy = -2.095279 
<M> = (0.917835,0.110976), <E> = -2.095136 

T=0.050000	 Thermalizing iterations... 
Done.
Thermalized Magnetisation = (0.921700,0.074574), Energy = -2.099793 
Averaging iterations... h=0.125000,0.000000
Done.
Final: Magnetisation = (0.919306,0.080041), Energy = -2.100531 
<M> = (0.919771,0.100721), <E> = -2.100159 

T=0.040000	 Thermalizing iterations... 
Done.
Thermalized Magnetisation = (0.916816,0.112998), Energy = -2.105654 
Averaging iterations... h=0.125000,0.000000
Done.
Final: Magnetisation = (0.918348,0.114775), Energy = -2.105178 
<M> = (0.919201,0.109854), <E> = -2.105233 

T=0.030000	 Thermalizing iterations... 
Done.
Thermalized Magnetisation = (0.925803,0.125954), Energy = -2.110212 
Averaging iterations... h=0.125000,0.000000
Done.
Final: Magnetisation = (0.925591,0.119849), Energy = -2.110467 
<M> = (0.924062,0.111369), <E> = -2.110275 

T=0.020000	 Thermalizing iterations... 
Done.
Thermalized Magnetisation = (0.919417,0.134279), Energy = -2.115087 
Averaging iterations... h=0.125000,0.000000
Done.
Final: Magnetisation = (0.924183,0.108808), Energy = -2.115180 
<M> = (0.924622,0.119478), <E> = -2.115268 

T=0.010000	 Thermalizing iterations... 
Done.
Thermalized Magnetisation = (0.925662,0.117952), Energy = -2.120357 
Averaging iterations... h=0.125000,0.000000
Done.
Final: Magnetisation = (0.924368,0.121231), Energy = -2.120277 
<M> = (0.924021,0.122281), <E> = -2.120304 
Final Magnetisation = (0.924368,0.121231), Energy = -2.120277 
------------------------

Updating all (first)black/(then)white checkerboard sites simultaneously.. 

ztne RFXY h rotating with |h|=0.125000 at T=0.000000..
loop 1

loop 2

CPU  Start Time = 5556167.163133 

CPU  End Time = 5564596.487605 

CPU Time elapsed total = 8429.324472 

real	140m29.351s
user	2371m23.677s
sys	1m8.532s
