+ cd /home/sbasak/Exercises/OpenMP/XY_code/Z2/rotating_field/trial/config/config_64
+ export OMP_NUM_THREADS=28
+ OMP_NUM_THREADS=28
+ ./a_4.out
nearest neighbor initialized. 
h loaded. 
J loaded. 
L = 128, dim_L = 2, dim_S = 2
hysteresis_MCS_multiplier = 10, hysteresis_MCS_max = 100
RAND_MAX = 2147483647.000000,
 sizeof(int) = 4,
 sizeof(long) = 8,
 sizeof(double) = 8,
 sizeof(long int) = 8,
 sizeof(short int) = 2,
 sizeof(unsigned int) = 4,
 sizeof(RAND_MAX) = 4
No. of THREADS = 28
No. of PROCESSORS = 28

0.062059,0.022146
order = ({1.000000-->-1.000000,0.000000}, 0, 1)
Initial Magnetisation = (0.062059,0.022146), Energy = 0.017748 
Cooling... 
T=2.000000	 Thermalizing iterations... 
Done.
Thermalized Magnetisation = (0.117612,-0.017765), Energy = -0.594062 
Averaging iterations... h=0.125000,0.000000
Done.
Final: Magnetisation = (0.107592,-0.028458), Energy = -0.605255 
<M> = (0.114864,0.000115), <E> = -0.633501 

T=1.990000	 Thermalizing iterations... 
Done.
Thermalized Magnetisation = (0.083235,0.023169), Energy = -0.648528 
Averaging iterations... h=0.125000,0.000000
Done.
Final: Magnetisation = (0.091195,0.012342), Energy = -0.669533 
<M> = (0.117927,-0.001630), <E> = -0.638353 

T=1.980000	 Thermalizing iterations... 
Done.
Thermalized Magnetisation = (0.096751,0.006100), Energy = -0.658384 
Averaging iterations... h=0.125000,0.000000
Done.
Final: Magnetisation = (0.119259,-0.001825), Energy = -0.637119 
<M> = (0.118463,-0.001696), <E> = -0.642906 

T=1.970000	 Thermalizing iterations... 
Done.
Thermalized Magnetisation = (0.111785,0.033632), Energy = -0.642715 
Averaging iterations... h=0.125000,0.000000
Done.
Final: Magnetisation = (0.094237,-0.063892), Energy = -0.639179 
<M> = (0.120214,-0.002493), <E> = -0.647117 

T=1.960000	 Thermalizing iterations... 
Done.
Thermalized Magnetisation = (0.119225,-0.032135), Energy = -0.684104 
Averaging iterations... h=0.125000,0.000000
Done.
Final: Magnetisation = (0.128124,0.015611), Energy = -0.660830 
<M> = (0.122845,-0.000420), <E> = -0.650997 

T=1.950000	 Thermalizing iterations... 
Done.
Thermalized Magnetisation = (0.121909,-0.000705), Energy = -0.657016 
Averaging iterations... h=0.125000,0.000000
Done.
Final: Magnetisation = (0.194352,-0.014633), Energy = -0.689504 
<M> = (0.124530,-0.000076), <E> = -0.654787 

T=1.940000	 Thermalizing iterations... 
Done.
Thermalized Magnetisation = (0.155189,-0.010537), Energy = -0.656390 
Averaging iterations... h=0.125000,0.000000
Done.
Final: Magnetisation = (0.162249,0.033856), Energy = -0.659751 
<M> = (0.124947,0.000281), <E> = -0.658160 

T=1.930000	 Thermalizing iterations... 
Done.
Thermalized Magnetisation = (0.134315,-0.015006), Energy = -0.684362 
Averaging iterations... h=0.125000,0.000000
Done.
Final: Magnetisation = (0.056720,0.012693), Energy = -0.619128 
<M> = (0.125747,0.000165), <E> = -0.661474 

T=1.920000	 Thermalizing iterations... 
Done.
Thermalized Magnetisation = (0.098952,0.029533), Energy = -0.693103 
Averaging iterations... h=0.125000,0.000000
Done.
Final: Magnetisation = (0.115648,-0.018558), Energy = -0.666429 
<M> = (0.129153,-0.001439), <E> = -0.667263 

T=1.910000	 Thermalizing iterations... 
Done.
Thermalized Magnetisation = (0.082458,0.003647), Energy = -0.659812 
Averaging iterations... h=0.125000,0.000000
Done.
Final: Magnetisation = (0.088546,-0.014738), Energy = -0.706177 
<M> = (0.131156,-0.000964), <E> = -0.672121 

T=1.900000	 Thermalizing iterations... 
Done.
Thermalized Magnetisation = (0.190631,0.109547), Energy = -0.700000 
Averaging iterations... h=0.125000,0.000000
Done.
Final: Magnetisation = (0.084492,-0.013120), Energy = -0.644052 
<M> = (0.133125,-0.002896), <E> = -0.676764 

T=1.890000	 Thermalizing iterations... 
Done.
Thermalized Magnetisation = (0.093578,-0.000477), Energy = -0.663400 
Averaging iterations... h=0.125000,0.000000
Done.
Final: Magnetisation = (0.102288,0.021727), Energy = -0.662418 
<M> = (0.134587,-0.002343), <E> = -0.681151 

T=1.880000	 Thermalizing iterations... 
Done.
Thermalized Magnetisation = (0.153621,-0.034817), Energy = -0.699942 
Averaging iterations... h=0.125000,0.000000
Done.
Final: Magnetisation = (0.081703,0.009655), Energy = -0.672341 
<M> = (0.137499,-0.001511), <E> = -0.686192 

T=1.870000	 Thermalizing iterations... 
Done.
Thermalized Magnetisation = (0.116766,0.016641), Energy = -0.673632 
Averaging iterations... h=0.125000,0.000000
Done.
Final: Magnetisation = (0.153871,0.029927), Energy = -0.690796 
<M> = (0.139161,0.002019), <E> = -0.689899 

T=1.860000	 Thermalizing iterations... 
Done.
Thermalized Magnetisation = (0.108563,0.036462), Energy = -0.642573 
Averaging iterations... h=0.125000,0.000000
Done.
Final: Magnetisation = (0.166375,-0.036624), Energy = -0.678523 
<M> = (0.140372,-0.000416), <E> = -0.694185 

T=1.850000	 Thermalizing iterations... 
Done.
Thermalized Magnetisation = (0.128052,0.098179), Energy = -0.714940 
Averaging iterations... h=0.125000,0.000000
Done.
Final: Magnetisation = (0.182041,-0.015928), Energy = -0.741302 
<M> = (0.142602,-0.000411), <E> = -0.698985 

T=1.840000	 Thermalizing iterations... 
Done.
Thermalized Magnetisation = (0.140861,0.028889), Energy = -0.691768 
Averaging iterations... h=0.125000,0.000000
Done.
Final: Magnetisation = (0.183467,-0.008675), Energy = -0.738000 
<M> = (0.146337,-0.001544), <E> = -0.704969 

T=1.830000	 Thermalizing iterations... 
Done.
Thermalized Magnetisation = (0.202232,-0.007002), Energy = -0.717739 
Averaging iterations... h=0.125000,0.000000
Done.
Final: Magnetisation = (0.141687,0.031230), Energy = -0.685584 
<M> = (0.147220,-0.003072), <E> = -0.709786 

T=1.820000	 Thermalizing iterations... 
Done.
Thermalized Magnetisation = (0.143906,0.025546), Energy = -0.709371 
Averaging iterations... h=0.125000,0.000000
Done.
Final: Magnetisation = (0.154494,-0.021707), Energy = -0.699347 
<M> = (0.149784,-0.002022), <E> = -0.715163 

T=1.810000	 Thermalizing iterations... 
Done.
Thermalized Magnetisation = (0.138725,0.022617), Energy = -0.705630 
Averaging iterations... h=0.125000,0.000000
Done.
Final: Magnetisation = (0.138933,0.037372), Energy = -0.686621 
<M> = (0.154800,-0.001340), <E> = -0.721091 

T=1.800000	 Thermalizing iterations... 
Done.
Thermalized Magnetisation = (0.120401,-0.004745), Energy = -0.691415 
Averaging iterations... h=0.125000,0.000000
Done.
Final: Magnetisation = (0.154380,0.029413), Energy = -0.752927 
<M> = (0.156071,0.000387), <E> = -0.724928 

T=1.790000	 Thermalizing iterations... 
Done.
Thermalized Magnetisation = (0.163763,-0.043298), Energy = -0.724247 
Averaging iterations... h=0.125000,0.000000
Done.
Final: Magnetisation = (0.105329,-0.061657), Energy = -0.711507 
<M> = (0.156887,0.000155), <E> = -0.729596 

T=1.780000	 Thermalizing iterations... 
Done.
Thermalized Magnetisation = (0.164266,-0.018569), Energy = -0.748482 
Averaging iterations... h=0.125000,0.000000
Done.
Final: Magnetisation = (0.186184,0.004982), Energy = -0.735709 
<M> = (0.159638,0.000754), <E> = -0.734689 

T=1.770000	 Thermalizing iterations... 
Done.
Thermalized Magnetisation = (0.173617,0.019990), Energy = -0.761970 
Averaging iterations... h=0.125000,0.000000
Done.
Final: Magnetisation = (0.158656,0.080394), Energy = -0.730121 
<M> = (0.162635,-0.003245), <E> = -0.740599 

T=1.760000	 Thermalizing iterations... 
Done.
Thermalized Magnetisation = (0.175626,0.005058), Energy = -0.780769 
Averaging iterations... h=0.125000,0.000000
Done.
Final: Magnetisation = (0.229338,-0.029012), Energy = -0.773753 
<M> = (0.165901,-0.001100), <E> = -0.747068 

T=1.750000	 Thermalizing iterations... 
Done.
Thermalized Magnetisation = (0.155837,0.002135), Energy = -0.733632 
Averaging iterations... h=0.125000,0.000000
Done.
Final: Magnetisation = (0.211125,-0.027079), Energy = -0.736201 
<M> = (0.167209,-0.003149), <E> = -0.752463 

T=1.740000	 Thermalizing iterations... 
Done.
Thermalized Magnetisation = (0.170882,0.034193), Energy = -0.732402 
Averaging iterations... h=0.125000,0.000000
Done.
Final: Magnetisation = (0.171405,-0.015528), Energy = -0.765470 
<M> = (0.170691,-0.002427), <E> = -0.758519 

T=1.730000	 Thermalizing iterations... 
Done.
Thermalized Magnetisation = (0.195063,-0.042048), Energy = -0.784498 
Averaging iterations... h=0.125000,0.000000
Done.
Final: Magnetisation = (0.127985,-0.063180), Energy = -0.772441 
<M> = (0.175726,-0.000910), <E> = -0.764663 

T=1.720000	 Thermalizing iterations... 
Done.
Thermalized Magnetisation = (0.182148,-0.053174), Energy = -0.760443 
Averaging iterations... h=0.125000,0.000000
Done.
Final: Magnetisation = (0.191666,0.006986), Energy = -0.781590 
<M> = (0.176624,-0.000255), <E> = -0.768763 

T=1.710000	 Thermalizing iterations... 
Done.
Thermalized Magnetisation = (0.193925,-0.065942), Energy = -0.818002 
Averaging iterations... h=0.125000,0.000000
Done.
Final: Magnetisation = (0.189164,-0.039850), Energy = -0.793650 
<M> = (0.179218,-0.000098), <E> = -0.774264 

T=1.700000	 Thermalizing iterations... 
Done.
Thermalized Magnetisation = (0.214947,0.027386), Energy = -0.796378 
Averaging iterations... h=0.125000,0.000000
Done.
Final: Magnetisation = (0.196472,0.018183), Energy = -0.778418 
<M> = (0.183020,-0.000649), <E> = -0.781262 

T=1.690000	 Thermalizing iterations... 
Done.
Thermalized Magnetisation = (0.129102,0.029915), Energy = -0.802222 
Averaging iterations... h=0.125000,0.000000
Done.
Final: Magnetisation = (0.192450,-0.075762), Energy = -0.789044 
<M> = (0.186879,-0.000962), <E> = -0.787829 

T=1.680000	 Thermalizing iterations... 
Done.
Thermalized Magnetisation = (0.162609,-0.010755), Energy = -0.784397 
Averaging iterations... h=0.125000,0.000000
Done.
Final: Magnetisation = (0.167995,-0.101627), Energy = -0.777478 
<M> = (0.189311,-0.003957), <E> = -0.794553 

T=1.670000	 Thermalizing iterations... 
Done.
Thermalized Magnetisation = (0.179294,0.001713), Energy = -0.801834 
Averaging iterations... h=0.125000,0.000000
Done.
Final: Magnetisation = (0.190454,-0.075038), Energy = -0.832046 
<M> = (0.193297,-0.002357), <E> = -0.800936 

T=1.660000	 Thermalizing iterations... 
Done.
Thermalized Magnetisation = (0.145679,0.003557), Energy = -0.796551 
Averaging iterations... h=0.125000,0.000000
Done.
Final: Magnetisation = (0.212041,-0.017281), Energy = -0.821024 
<M> = (0.197852,-0.002764), <E> = -0.808689 

T=1.650000	 Thermalizing iterations... 
Done.
Thermalized Magnetisation = (0.204029,-0.014199), Energy = -0.801195 
Averaging iterations... h=0.125000,0.000000
Done.
Final: Magnetisation = (0.126802,0.058361), Energy = -0.775034 
<M> = (0.201475,0.000979), <E> = -0.814270 

T=1.640000	 Thermalizing iterations... 
Done.
Thermalized Magnetisation = (0.220121,0.038434), Energy = -0.842567 
Averaging iterations... h=0.125000,0.000000
Done.
Final: Magnetisation = (0.265384,-0.027929), Energy = -0.840535 
<M> = (0.203421,0.001032), <E> = -0.819962 

T=1.630000	 Thermalizing iterations... 
Done.
Thermalized Magnetisation = (0.202025,0.024734), Energy = -0.852733 
Averaging iterations... h=0.125000,0.000000
Done.
Final: Magnetisation = (0.210051,0.001659), Energy = -0.779280 
<M> = (0.207581,0.000283), <E> = -0.826889 

T=1.620000	 Thermalizing iterations... 
Done.
Thermalized Magnetisation = (0.231119,-0.040893), Energy = -0.832014 
Averaging iterations... h=0.125000,0.000000
Done.
Final: Magnetisation = (0.277878,-0.041575), Energy = -0.844730 
<M> = (0.213308,-0.001033), <E> = -0.834509 

T=1.610000	 Thermalizing iterations... 
Done.
Thermalized Magnetisation = (0.230427,0.043027), Energy = -0.862434 
Averaging iterations... h=0.125000,0.000000
Done.
Final: Magnetisation = (0.209612,0.090985), Energy = -0.865297 
<M> = (0.215516,-0.002474), <E> = -0.841817 

T=1.600000	 Thermalizing iterations... 
Done.
Thermalized Magnetisation = (0.233208,-0.046982), Energy = -0.886764 
Averaging iterations... h=0.125000,0.000000
Done.
Final: Magnetisation = (0.165071,-0.021565), Energy = -0.798307 
<M> = (0.219873,-0.004204), <E> = -0.849802 

T=1.590000	 Thermalizing iterations... 
Done.
Thermalized Magnetisation = (0.186472,0.016575), Energy = -0.820961 
Averaging iterations... h=0.125000,0.000000
Done.
Final: Magnetisation = (0.158954,0.044192), Energy = -0.835170 
<M> = (0.224251,-0.002591), <E> = -0.857234 

T=1.580000	 Thermalizing iterations... 
Done.
Thermalized Magnetisation = (0.231639,0.014545), Energy = -0.850877 
Averaging iterations... h=0.125000,0.000000
Done.
Final: Magnetisation = (0.207127,-0.038845), Energy = -0.910697 
<M> = (0.230250,0.000735), <E> = -0.864760 

T=1.570000	 Thermalizing iterations... 
Done.
Thermalized Magnetisation = (0.222047,0.039698), Energy = -0.880780 
Averaging iterations... h=0.125000,0.000000
Done.
Final: Magnetisation = (0.229989,0.000407), Energy = -0.859198 
<M> = (0.234327,0.000954), <E> = -0.871298 

T=1.560000	 Thermalizing iterations... 
Done.
Thermalized Magnetisation = (0.281877,-0.043441), Energy = -0.934965 
Averaging iterations... h=0.125000,0.000000
Done.
Final: Magnetisation = (0.195891,-0.014327), Energy = -0.847384 
<M> = (0.237746,0.001271), <E> = -0.878170 

T=1.550000	 Thermalizing iterations... 
Done.
Thermalized Magnetisation = (0.192585,-0.013184), Energy = -0.823640 
Averaging iterations... h=0.125000,0.000000
Done.
Final: Magnetisation = (0.225291,0.011376), Energy = -0.854470 
<M> = (0.242559,-0.000152), <E> = -0.886825 

T=1.540000	 Thermalizing iterations... 
Done.
Thermalized Magnetisation = (0.238658,0.077721), Energy = -0.884311 
Averaging iterations... h=0.125000,0.000000
Done.
Final: Magnetisation = (0.234686,-0.076911), Energy = -0.912928 
<M> = (0.248694,-0.001774), <E> = -0.895238 

T=1.530000	 Thermalizing iterations... 
Done.
Thermalized Magnetisation = (0.306560,-0.047818), Energy = -0.961388 
Averaging iterations... h=0.125000,0.000000
Done.
Final: Magnetisation = (0.261881,0.033794), Energy = -0.923639 
<M> = (0.252709,-0.003483), <E> = -0.903886 

T=1.520000	 Thermalizing iterations... 
Done.
Thermalized Magnetisation = (0.293861,0.082121), Energy = -0.933719 
Averaging iterations... h=0.125000,0.000000
Done.
Final: Magnetisation = (0.233447,-0.010306), Energy = -0.886221 
<M> = (0.257595,-0.003210), <E> = -0.912366 

T=1.510000	 Thermalizing iterations... 
Done.
Thermalized Magnetisation = (0.260726,-0.019172), Energy = -0.953017 
Averaging iterations... h=0.125000,0.000000
Done.
Final: Magnetisation = (0.249838,-0.008005), Energy = -0.904597 
<M> = (0.264103,-0.000065), <E> = -0.921649 

T=1.500000	 Thermalizing iterations... 
Done.
Thermalized Magnetisation = (0.317763,-0.115690), Energy = -0.957189 
Averaging iterations... h=0.125000,0.000000
Done.
Final: Magnetisation = (0.231032,-0.054520), Energy = -0.900496 
<M> = (0.270017,0.002598), <E> = -0.929036 

T=1.490000	 Thermalizing iterations... 
Done.
Thermalized Magnetisation = (0.282954,0.005716), Energy = -0.921882 
Averaging iterations... h=0.125000,0.000000
Done.
Final: Magnetisation = (0.244718,0.092773), Energy = -0.916305 
<M> = (0.273737,0.000879), <E> = -0.936922 

T=1.480000	 Thermalizing iterations... 
Done.
Thermalized Magnetisation = (0.257119,-0.020264), Energy = -0.903854 
Averaging iterations... h=0.125000,0.000000
Done.
Final: Magnetisation = (0.286677,-0.020281), Energy = -0.949095 
<M> = (0.278384,0.001941), <E> = -0.945394 

T=1.470000	 Thermalizing iterations... 
Done.
Thermalized Magnetisation = (0.305099,0.032978), Energy = -0.966896 
Averaging iterations... h=0.125000,0.000000
Done.
Final: Magnetisation = (0.312433,-0.052597), Energy = -0.977576 
<M> = (0.287618,-0.000957), <E> = -0.956667 

T=1.460000	 Thermalizing iterations... 
Done.
Thermalized Magnetisation = (0.281181,0.045488), Energy = -0.947698 
Averaging iterations... h=0.125000,0.000000
Done.
Final: Magnetisation = (0.280177,0.016379), Energy = -0.960945 
<M> = (0.290300,-0.001509), <E> = -0.965110 

T=1.450000	 Thermalizing iterations... 
Done.
Thermalized Magnetisation = (0.270358,0.052460), Energy = -0.995386 
Averaging iterations... h=0.125000,0.000000
Done.
Final: Magnetisation = (0.263804,-0.008163), Energy = -0.955133 
<M> = (0.297757,-0.003048), <E> = -0.975279 

T=1.440000	 Thermalizing iterations... 
Done.
Thermalized Magnetisation = (0.358330,-0.049403), Energy = -1.017484 
Averaging iterations... h=0.125000,0.000000
Done.
Final: Magnetisation = (0.349507,-0.022503), Energy = -1.031068 
<M> = (0.304778,-0.004459), <E> = -0.985079 

T=1.430000	 Thermalizing iterations... 
Done.
Thermalized Magnetisation = (0.299300,-0.067612), Energy = -1.000020 
Averaging iterations... h=0.125000,0.000000
Done.
Final: Magnetisation = (0.300410,0.022655), Energy = -0.978198 
<M> = (0.311540,0.000658), <E> = -0.993775 

T=1.420000	 Thermalizing iterations... 
Done.
Thermalized Magnetisation = (0.397959,0.059689), Energy = -1.058956 
Averaging iterations... h=0.125000,0.000000
Done.
Final: Magnetisation = (0.281379,-0.045305), Energy = -0.965335 
<M> = (0.317249,0.000112), <E> = -1.003050 

T=1.410000	 Thermalizing iterations... 
Done.
Thermalized Magnetisation = (0.342584,-0.005258), Energy = -1.029322 
Averaging iterations... h=0.125000,0.000000
Done.
Final: Magnetisation = (0.297208,-0.019340), Energy = -1.003624 
<M> = (0.322536,0.002257), <E> = -1.011884 

T=1.400000	 Thermalizing iterations... 
Done.
Thermalized Magnetisation = (0.309188,-0.008386), Energy = -0.991302 
Averaging iterations... h=0.125000,0.000000
Done.
Final: Magnetisation = (0.337031,0.068482), Energy = -0.996526 
<M> = (0.331031,-0.002393), <E> = -1.023974 

T=1.390000	 Thermalizing iterations... 
Done.
Thermalized Magnetisation = (0.319508,-0.019301), Energy = -1.041551 
Averaging iterations... h=0.125000,0.000000
Done.
Final: Magnetisation = (0.356913,0.000742), Energy = -1.041043 
<M> = (0.336978,-0.002444), <E> = -1.034314 

T=1.380000	 Thermalizing iterations... 
Done.
Thermalized Magnetisation = (0.332351,-0.010421), Energy = -1.022278 
Averaging iterations... h=0.125000,0.000000
Done.
Final: Magnetisation = (0.373723,-0.065144), Energy = -1.016526 
<M> = (0.344071,-0.007232), <E> = -1.044994 

T=1.370000	 Thermalizing iterations... 
Done.
Thermalized Magnetisation = (0.304475,-0.063205), Energy = -1.012694 
Averaging iterations... h=0.125000,0.000000
Done.
Final: Magnetisation = (0.324907,-0.047480), Energy = -1.003469 
<M> = (0.350115,-0.005217), <E> = -1.055277 

T=1.360000	 Thermalizing iterations... 
Done.
Thermalized Magnetisation = (0.367182,-0.000916), Energy = -1.093229 
Averaging iterations... h=0.125000,0.000000
Done.
Final: Magnetisation = (0.402184,0.069345), Energy = -1.118231 
<M> = (0.358611,-0.002679), <E> = -1.066166 

T=1.350000	 Thermalizing iterations... 
Done.
Thermalized Magnetisation = (0.401385,0.098236), Energy = -1.076718 
Averaging iterations... h=0.125000,0.000000
Done.
Final: Magnetisation = (0.306437,0.040485), Energy = -1.026947 
<M> = (0.368141,0.003523), <E> = -1.075972 

T=1.340000	 Thermalizing iterations... 
Done.
Thermalized Magnetisation = (0.426754,0.036076), Energy = -1.163036 
Averaging iterations... h=0.125000,0.000000
Done.
Final: Magnetisation = (0.403235,-0.035489), Energy = -1.112731 
<M> = (0.371926,0.001246), <E> = -1.085640 

T=1.330000	 Thermalizing iterations... 
Done.
Thermalized Magnetisation = (0.455345,0.010895), Energy = -1.162374 
Averaging iterations... h=0.125000,0.000000
Done.
Final: Magnetisation = (0.396303,-0.046559), Energy = -1.105703 
<M> = (0.380807,-0.002305), <E> = -1.097086 

T=1.320000	 Thermalizing iterations... 
Done.
Thermalized Magnetisation = (0.374545,0.045270), Energy = -1.118173 
Averaging iterations... h=0.125000,0.000000
Done.
Final: Magnetisation = (0.347506,-0.042937), Energy = -1.055119 
<M> = (0.390675,-0.000365), <E> = -1.110459 

T=1.310000	 Thermalizing iterations... 
Done.
Thermalized Magnetisation = (0.458169,0.020619), Energy = -1.185773 
Averaging iterations... h=0.125000,0.000000
Done.
Final: Magnetisation = (0.388993,0.040511), Energy = -1.134025 
<M> = (0.397406,-0.002773), <E> = -1.121775 

T=1.300000	 Thermalizing iterations... 
Done.
Thermalized Magnetisation = (0.387988,-0.004246), Energy = -1.107382 
Averaging iterations... h=0.125000,0.000000
Done.
Final: Magnetisation = (0.444643,0.013098), Energy = -1.195295 
<M> = (0.404759,-0.005686), <E> = -1.133492 

T=1.290000	 Thermalizing iterations... 
Done.
Thermalized Magnetisation = (0.439514,-0.022876), Energy = -1.154668 
Averaging iterations... h=0.125000,0.000000
Done.
Final: Magnetisation = (0.429725,-0.020807), Energy = -1.138209 
<M> = (0.415334,-0.005313), <E> = -1.146088 

T=1.280000	 Thermalizing iterations... 
Done.
Thermalized Magnetisation = (0.423096,0.022988), Energy = -1.187378 
Averaging iterations... h=0.125000,0.000000
Done.
Final: Magnetisation = (0.396738,-0.009653), Energy = -1.152879 
<M> = (0.422107,-0.001613), <E> = -1.156372 

T=1.270000	 Thermalizing iterations... 
Done.
Thermalized Magnetisation = (0.399183,0.030123), Energy = -1.135940 
Averaging iterations... h=0.125000,0.000000
Done.
Final: Magnetisation = (0.397589,0.020178), Energy = -1.152304 
<M> = (0.430311,-0.002515), <E> = -1.167179 

T=1.260000	 Thermalizing iterations... 
Done.
Thermalized Magnetisation = (0.377106,0.021885), Energy = -1.154103 
Averaging iterations... h=0.125000,0.000000
Done.
Final: Magnetisation = (0.445920,-0.023604), Energy = -1.187451 
<M> = (0.437070,0.001764), <E> = -1.178159 

T=1.250000	 Thermalizing iterations... 
Done.
Thermalized Magnetisation = (0.443073,-0.072878), Energy = -1.226474 
Averaging iterations... h=0.125000,0.000000
Done.
Final: Magnetisation = (0.414953,0.040166), Energy = -1.185145 
<M> = (0.446900,-0.005422), <E> = -1.191397 

T=1.240000	 Thermalizing iterations... 
Done.
Thermalized Magnetisation = (0.469818,0.022659), Energy = -1.236394 
Averaging iterations... h=0.125000,0.000000
Done.
Final: Magnetisation = (0.364447,-0.019260), Energy = -1.142904 
<M> = (0.455166,-0.001752), <E> = -1.203548 

T=1.230000	 Thermalizing iterations... 
Done.
Thermalized Magnetisation = (0.473840,0.076131), Energy = -1.223274 
Averaging iterations... h=0.125000,0.000000
Done.
Final: Magnetisation = (0.398920,-0.078483), Energy = -1.130798 
<M> = (0.461086,-0.007193), <E> = -1.215621 

T=1.220000	 Thermalizing iterations... 
Done.
Thermalized Magnetisation = (0.456082,-0.017969), Energy = -1.210427 
Averaging iterations... h=0.125000,0.000000
Done.
Final: Magnetisation = (0.459874,-0.041846), Energy = -1.237755 
<M> = (0.469246,-0.006042), <E> = -1.226751 

T=1.210000	 Thermalizing iterations... 
Done.
Thermalized Magnetisation = (0.455156,0.025020), Energy = -1.186568 
Averaging iterations... h=0.125000,0.000000
Done.
Final: Magnetisation = (0.441593,0.011587), Energy = -1.251933 
<M> = (0.479673,-0.004285), <E> = -1.240085 

T=1.200000	 Thermalizing iterations... 
Done.
Thermalized Magnetisation = (0.521174,-0.051440), Energy = -1.264609 
Averaging iterations... h=0.125000,0.000000
Done.
Final: Magnetisation = (0.493079,-0.022453), Energy = -1.270627 
<M> = (0.488594,0.001425), <E> = -1.251111 

T=1.190000	 Thermalizing iterations... 
Done.
Thermalized Magnetisation = (0.478360,0.003663), Energy = -1.223804 
Averaging iterations... h=0.125000,0.000000
Done.
Final: Magnetisation = (0.494223,-0.111004), Energy = -1.291400 
<M> = (0.497485,-0.002242), <E> = -1.262758 

T=1.180000	 Thermalizing iterations... 
Done.
Thermalized Magnetisation = (0.495596,-0.052910), Energy = -1.256093 
Averaging iterations... h=0.125000,0.000000
Done.
Final: Magnetisation = (0.483899,0.028391), Energy = -1.223077 
<M> = (0.504135,0.000860), <E> = -1.274540 

T=1.170000	 Thermalizing iterations... 
Done.
Thermalized Magnetisation = (0.489166,0.039394), Energy = -1.278000 
Averaging iterations... h=0.125000,0.000000
Done.
Final: Magnetisation = (0.500702,0.100341), Energy = -1.272341 
<M> = (0.511546,0.000907), <E> = -1.287398 

T=1.160000	 Thermalizing iterations... 
Done.
Thermalized Magnetisation = (0.513813,-0.091144), Energy = -1.299931 
Averaging iterations... h=0.125000,0.000000
Done.
Final: Magnetisation = (0.492596,-0.082620), Energy = -1.265900 
<M> = (0.520701,-0.007451), <E> = -1.300807 

T=1.150000	 Thermalizing iterations... 
Done.
Thermalized Magnetisation = (0.536511,-0.036107), Energy = -1.345498 
Averaging iterations... h=0.125000,0.000000
Done.
Final: Magnetisation = (0.507442,-0.030704), Energy = -1.282340 
<M> = (0.527383,-0.005006), <E> = -1.311711 

T=1.140000	 Thermalizing iterations... 
Done.
Thermalized Magnetisation = (0.505350,-0.055108), Energy = -1.322923 
Averaging iterations... h=0.125000,0.000000
Done.
Final: Magnetisation = (0.568173,-0.027133), Energy = -1.338666 
<M> = (0.536267,-0.004543), <E> = -1.324051 

T=1.130000	 Thermalizing iterations... 
Done.
Thermalized Magnetisation = (0.491181,0.025170), Energy = -1.282427 
Averaging iterations... h=0.125000,0.000000
Done.
Final: Magnetisation = (0.533748,0.047997), Energy = -1.337462 
<M> = (0.545364,-0.003747), <E> = -1.335885 

T=1.120000	 Thermalizing iterations... 
Done.
Thermalized Magnetisation = (0.536973,-0.028085), Energy = -1.344266 
Averaging iterations... h=0.125000,0.000000
Done.
Final: Magnetisation = (0.542624,-0.148048), Energy = -1.338677 
<M> = (0.552809,-0.000319), <E> = -1.347119 

T=1.110000	 Thermalizing iterations... 
Done.
Thermalized Magnetisation = (0.600268,-0.033095), Energy = -1.364857 
Averaging iterations... h=0.125000,0.000000
Done.
Final: Magnetisation = (0.589689,0.007944), Energy = -1.377913 
<M> = (0.560397,0.004700), <E> = -1.357613 

T=1.100000	 Thermalizing iterations... 
Done.
Thermalized Magnetisation = (0.575324,-0.079406), Energy = -1.386719 
Averaging iterations... h=0.125000,0.000000
Done.
Final: Magnetisation = (0.606149,0.041094), Energy = -1.407190 
<M> = (0.567201,-0.004766), <E> = -1.370398 

T=1.090000	 Thermalizing iterations... 
Done.
Thermalized Magnetisation = (0.567703,-0.052900), Energy = -1.400575 
Averaging iterations... h=0.125000,0.000000
Done.
Final: Magnetisation = (0.538557,0.061517), Energy = -1.369702 
<M> = (0.574836,-0.006973), <E> = -1.382519 

T=1.080000	 Thermalizing iterations... 
Done.
Thermalized Magnetisation = (0.565328,-0.007320), Energy = -1.373720 
Averaging iterations... h=0.125000,0.000000
Done.
Final: Magnetisation = (0.605734,0.078674), Energy = -1.409601 
<M> = (0.580783,-0.015938), <E> = -1.393295 

T=1.070000	 Thermalizing iterations... 
Done.
Thermalized Magnetisation = (0.594293,0.074809), Energy = -1.411958 
Averaging iterations... h=0.125000,0.000000
Done.
Final: Magnetisation = (0.600273,0.000351), Energy = -1.401645 
<M> = (0.587957,-0.010533), <E> = -1.405181 

T=1.060000	 Thermalizing iterations... 
Done.
Thermalized Magnetisation = (0.578054,0.036120), Energy = -1.419293 
Averaging iterations... h=0.125000,0.000000
Done.
Final: Magnetisation = (0.616262,-0.052145), Energy = -1.417241 
<M> = (0.598119,-0.010899), <E> = -1.416897 

T=1.050000	 Thermalizing iterations... 
Done.
Thermalized Magnetisation = (0.610039,-0.096950), Energy = -1.463729 
Averaging iterations... h=0.125000,0.000000
Done.
Final: Magnetisation = (0.595045,-0.023118), Energy = -1.409701 
<M> = (0.605273,0.001557), <E> = -1.427205 

T=1.040000	 Thermalizing iterations... 
Done.
Thermalized Magnetisation = (0.584059,0.022442), Energy = -1.416280 
Averaging iterations... h=0.125000,0.000000
Done.
Final: Magnetisation = (0.560175,0.021456), Energy = -1.415809 
<M> = (0.609573,0.000434), <E> = -1.436746 

T=1.030000	 Thermalizing iterations... 
Done.
Thermalized Magnetisation = (0.601535,0.012093), Energy = -1.408566 
Averaging iterations... h=0.125000,0.000000
Done.
Final: Magnetisation = (0.559648,-0.004625), Energy = -1.441864 
<M> = (0.614942,0.007407), <E> = -1.448290 

T=1.020000	 Thermalizing iterations... 
Done.
Thermalized Magnetisation = (0.653102,-0.014849), Energy = -1.455057 
Averaging iterations... h=0.125000,0.000000
Done.
Final: Magnetisation = (0.630248,0.015891), Energy = -1.478431 
<M> = (0.623140,-0.006193), <E> = -1.458738 

T=1.010000	 Thermalizing iterations... 
Done.
Thermalized Magnetisation = (0.594297,0.029415), Energy = -1.440820 
Averaging iterations... h=0.125000,0.000000
Done.
Final: Magnetisation = (0.648247,-0.046863), Energy = -1.485964 
<M> = (0.627811,-0.020059), <E> = -1.470203 

T=1.000000	 Thermalizing iterations... 
Done.
Thermalized Magnetisation = (0.630503,-0.049234), Energy = -1.492917 
Averaging iterations... h=0.125000,0.000000
Done.
Final: Magnetisation = (0.660584,0.118646), Energy = -1.497852 
<M> = (0.633232,-0.008779), <E> = -1.479519 

T=0.990000	 Thermalizing iterations... 
Done.
Thermalized Magnetisation = (0.627124,-0.026047), Energy = -1.513952 
Averaging iterations... h=0.125000,0.000000
Done.
Final: Magnetisation = (0.656188,-0.037620), Energy = -1.469806 
<M> = (0.642046,-0.016130), <E> = -1.490647 

T=0.980000	 Thermalizing iterations... 
Done.
Thermalized Magnetisation = (0.638479,0.055781), Energy = -1.489013 
Averaging iterations... h=0.125000,0.000000
Done.
Final: Magnetisation = (0.646436,-0.054193), Energy = -1.506622 
<M> = (0.649474,-0.004454), <E> = -1.500203 

T=0.970000	 Thermalizing iterations... 
Done.
Thermalized Magnetisation = (0.652038,-0.000559), Energy = -1.479035 
Averaging iterations... h=0.125000,0.000000
Done.
Final: Magnetisation = (0.655584,0.082179), Energy = -1.520983 
<M> = (0.654570,0.004510), <E> = -1.510826 

T=0.960000	 Thermalizing iterations... 
Done.
Thermalized Magnetisation = (0.669587,-0.010252), Energy = -1.533441 
Averaging iterations... h=0.125000,0.000000
Done.
Final: Magnetisation = (0.680922,0.039732), Energy = -1.520862 
<M> = (0.659086,0.001423), <E> = -1.519195 

T=0.950000	 Thermalizing iterations... 
Done.
Thermalized Magnetisation = (0.645321,0.014369), Energy = -1.507614 
Averaging iterations... h=0.125000,0.000000
Done.
Final: Magnetisation = (0.648493,-0.022124), Energy = -1.519332 
<M> = (0.662748,-0.004371), <E> = -1.529474 

T=0.940000	 Thermalizing iterations... 
Done.
Thermalized Magnetisation = (0.679755,0.127868), Energy = -1.569718 
Averaging iterations... h=0.125000,0.000000
Done.
Final: Magnetisation = (0.669667,0.027396), Energy = -1.534494 
<M> = (0.670477,-0.009190), <E> = -1.539623 

T=0.930000	 Thermalizing iterations... 
Done.
Thermalized Magnetisation = (0.685438,0.051808), Energy = -1.538958 
Averaging iterations... h=0.125000,0.000000
Done.
Final: Magnetisation = (0.666225,0.002244), Energy = -1.532247 
<M> = (0.673688,-0.014318), <E> = -1.548375 

T=0.920000	 Thermalizing iterations... 
Done.
Thermalized Magnetisation = (0.692168,-0.025689), Energy = -1.570339 
Averaging iterations... h=0.125000,0.000000
Done.
Final: Magnetisation = (0.658704,-0.015134), Energy = -1.544835 
<M> = (0.680485,-0.015445), <E> = -1.557852 

T=0.910000	 Thermalizing iterations... 
Done.
Thermalized Magnetisation = (0.689485,-0.046911), Energy = -1.579217 
Averaging iterations... h=0.125000,0.000000
Done.
Final: Magnetisation = (0.706184,0.091343), Energy = -1.589273 
<M> = (0.685297,-0.001332), <E> = -1.566587 

T=0.900000	 Thermalizing iterations... 
Done.
Thermalized Magnetisation = (0.708277,-0.103624), Energy = -1.550685 
Averaging iterations... h=0.125000,0.000000
Done.
Final: Magnetisation = (0.669093,0.100589), Energy = -1.577206 
<M> = (0.691772,-0.009503), <E> = -1.575766 

T=0.890000	 Thermalizing iterations... 
Done.
Thermalized Magnetisation = (0.670907,-0.032306), Energy = -1.585272 
Averaging iterations... h=0.125000,0.000000
Done.
Final: Magnetisation = (0.666106,-0.037186), Energy = -1.554529 
<M> = (0.691935,-0.007071), <E> = -1.583503 

T=0.880000	 Thermalizing iterations... 
Done.
Thermalized Magnetisation = (0.695273,-0.091459), Energy = -1.590826 
Averaging iterations... h=0.125000,0.000000
Done.
Final: Magnetisation = (0.718019,-0.061883), Energy = -1.603568 
<M> = (0.698708,-0.004729), <E> = -1.592540 

T=0.870000	 Thermalizing iterations... 
Done.
Thermalized Magnetisation = (0.719976,0.016996), Energy = -1.617019 
Averaging iterations... h=0.125000,0.000000
Done.
Final: Magnetisation = (0.742160,-0.032841), Energy = -1.611163 
<M> = (0.700194,-0.018209), <E> = -1.601201 

T=0.860000	 Thermalizing iterations... 
Done.
Thermalized Magnetisation = (0.712793,-0.114821), Energy = -1.622782 
Averaging iterations... h=0.125000,0.000000
Done.
Final: Magnetisation = (0.725220,0.066641), Energy = -1.604913 
<M> = (0.707468,-0.029196), <E> = -1.609866 

T=0.850000	 Thermalizing iterations... 
Done.
Thermalized Magnetisation = (0.718423,0.000293), Energy = -1.609674 
Averaging iterations... h=0.125000,0.000000
Done.
Final: Magnetisation = (0.689574,0.042123), Energy = -1.608590 
<M> = (0.709815,0.000817), <E> = -1.617669 

T=0.840000	 Thermalizing iterations... 
Done.
Thermalized Magnetisation = (0.690303,-0.145305), Energy = -1.638689 
Averaging iterations... h=0.125000,0.000000
Done.
Final: Magnetisation = (0.719879,-0.011617), Energy = -1.626974 
<M> = (0.712138,-0.019696), <E> = -1.625889 

T=0.830000	 Thermalizing iterations... 
Done.
Thermalized Magnetisation = (0.729169,0.086322), Energy = -1.645233 
Averaging iterations... h=0.125000,0.000000
Done.
Final: Magnetisation = (0.685710,0.054637), Energy = -1.631120 
<M> = (0.720717,0.009138), <E> = -1.634296 

T=0.820000	 Thermalizing iterations... 
Done.
Thermalized Magnetisation = (0.740410,-0.026529), Energy = -1.643878 
Averaging iterations... h=0.125000,0.000000
Done.
Final: Magnetisation = (0.741332,-0.076368), Energy = -1.639075 
<M> = (0.724548,-0.004555), <E> = -1.642075 

T=0.810000	 Thermalizing iterations... 
Done.
Thermalized Magnetisation = (0.698756,-0.078938), Energy = -1.609290 
Averaging iterations... h=0.125000,0.000000
Done.
Final: Magnetisation = (0.728785,0.036492), Energy = -1.636127 
<M> = (0.727140,-0.002326), <E> = -1.649296 

T=0.800000	 Thermalizing iterations... 
Done.
Thermalized Magnetisation = (0.712670,-0.039817), Energy = -1.652471 
Averaging iterations... h=0.125000,0.000000
Done.
Final: Magnetisation = (0.715355,-0.142611), Energy = -1.644557 
<M> = (0.729643,-0.015681), <E> = -1.657438 

T=0.790000	 Thermalizing iterations... 
Done.
Thermalized Magnetisation = (0.695709,-0.020854), Energy = -1.655930 
Averaging iterations... h=0.125000,0.000000
Done.
Final: Magnetisation = (0.705898,0.014596), Energy = -1.665922 
<M> = (0.733362,-0.043697), <E> = -1.666011 

T=0.780000	 Thermalizing iterations... 
Done.
Thermalized Magnetisation = (0.724324,0.108305), Energy = -1.655107 
Averaging iterations... h=0.125000,0.000000
Done.
Final: Magnetisation = (0.711515,-0.014215), Energy = -1.651547 
<M> = (0.734364,-0.009242), <E> = -1.672677 

T=0.770000	 Thermalizing iterations... 
Done.
Thermalized Magnetisation = (0.764872,-0.023163), Energy = -1.703329 
Averaging iterations... h=0.125000,0.000000
Done.
Final: Magnetisation = (0.736311,0.000167), Energy = -1.670927 
<M> = (0.741370,-0.009118), <E> = -1.680349 

T=0.760000	 Thermalizing iterations... 
Done.
Thermalized Magnetisation = (0.753829,-0.007836), Energy = -1.659349 
Averaging iterations... h=0.125000,0.000000
Done.
Final: Magnetisation = (0.757948,-0.049991), Energy = -1.698898 
<M> = (0.747403,0.021581), <E> = -1.687643 

T=0.750000	 Thermalizing iterations... 
Done.
Thermalized Magnetisation = (0.765215,-0.001673), Energy = -1.689547 
Averaging iterations... h=0.125000,0.000000
Done.
Final: Magnetisation = (0.744578,0.013477), Energy = -1.699108 
<M> = (0.750492,0.022908), <E> = -1.695266 

T=0.740000	 Thermalizing iterations... 
Done.
Thermalized Magnetisation = (0.754877,0.004501), Energy = -1.715241 
Averaging iterations... h=0.125000,0.000000
Done.
Final: Magnetisation = (0.728983,-0.101131), Energy = -1.686441 
<M> = (0.750386,0.008243), <E> = -1.701972 

T=0.730000	 Thermalizing iterations... 
Done.
Thermalized Magnetisation = (0.765401,-0.039567), Energy = -1.691102 
Averaging iterations... h=0.125000,0.000000
Done.
Final: Magnetisation = (0.769090,-0.053601), Energy = -1.724932 
<M> = (0.756626,0.010875), <E> = -1.708958 

T=0.720000	 Thermalizing iterations... 
Done.
Thermalized Magnetisation = (0.775338,0.012288), Energy = -1.704047 
Averaging iterations... h=0.125000,0.000000
Done.
Final: Magnetisation = (0.759784,0.006047), Energy = -1.710717 
<M> = (0.760321,0.018825), <E> = -1.716258 

T=0.710000	 Thermalizing iterations... 
Done.
Thermalized Magnetisation = (0.777378,-0.004042), Energy = -1.728381 
Averaging iterations... h=0.125000,0.000000
Done.
Final: Magnetisation = (0.768559,0.021785), Energy = -1.719762 
<M> = (0.763910,-0.021259), <E> = -1.723505 

T=0.700000	 Thermalizing iterations... 
Done.
Thermalized Magnetisation = (0.778054,-0.078342), Energy = -1.765096 
Averaging iterations... h=0.125000,0.000000
Done.
Final: Magnetisation = (0.744274,-0.148000), Energy = -1.730217 
<M> = (0.761243,-0.043496), <E> = -1.729762 

T=0.690000	 Thermalizing iterations... 
Done.
Thermalized Magnetisation = (0.784881,-0.000719), Energy = -1.749722 
Averaging iterations... h=0.125000,0.000000
Done.
Final: Magnetisation = (0.746731,-0.144061), Energy = -1.718095 
<M> = (0.768199,-0.024011), <E> = -1.736632 

T=0.680000	 Thermalizing iterations... 
Done.
Thermalized Magnetisation = (0.788818,-0.042537), Energy = -1.758776 
Averaging iterations... h=0.125000,0.000000
Done.
Final: Magnetisation = (0.762006,0.084315), Energy = -1.742001 
<M> = (0.774934,0.013842), <E> = -1.743921 

T=0.670000	 Thermalizing iterations... 
Done.
Thermalized Magnetisation = (0.759005,0.018938), Energy = -1.756400 
Averaging iterations... h=0.125000,0.000000
Done.
Final: Magnetisation = (0.789154,0.064182), Energy = -1.771617 
<M> = (0.775162,0.041569), <E> = -1.750145 

T=0.660000	 Thermalizing iterations... 
Done.
Thermalized Magnetisation = (0.773223,-0.011654), Energy = -1.745413 
Averaging iterations... h=0.125000,0.000000
Done.
Final: Magnetisation = (0.777917,0.050805), Energy = -1.745631 
<M> = (0.780155,-0.011055), <E> = -1.756100 

T=0.650000	 Thermalizing iterations... 
Done.
Thermalized Magnetisation = (0.769620,-0.013929), Energy = -1.759334 
Averaging iterations... h=0.125000,0.000000
Done.
Final: Magnetisation = (0.777035,-0.027548), Energy = -1.737773 
<M> = (0.783042,-0.018081), <E> = -1.763384 

T=0.640000	 Thermalizing iterations... 
Done.
Thermalized Magnetisation = (0.777481,-0.064965), Energy = -1.772834 
Averaging iterations... h=0.125000,0.000000
Done.
Final: Magnetisation = (0.798444,-0.068314), Energy = -1.768003 
<M> = (0.786305,-0.044448), <E> = -1.769984 

T=0.630000	 Thermalizing iterations... 
Done.
Thermalized Magnetisation = (0.778239,-0.040909), Energy = -1.780984 
Averaging iterations... h=0.125000,0.000000
Done.
Final: Magnetisation = (0.802901,-0.018533), Energy = -1.770927 
<M> = (0.784327,0.003859), <E> = -1.776380 

T=0.620000	 Thermalizing iterations... 
Done.
Thermalized Magnetisation = (0.757750,0.180939), Energy = -1.781505 
Averaging iterations... h=0.125000,0.000000
Done.
Final: Magnetisation = (0.775133,-0.152418), Energy = -1.782473 
<M> = (0.789349,-0.005278), <E> = -1.782660 

T=0.610000	 Thermalizing iterations... 
Done.
Thermalized Magnetisation = (0.790798,-0.048610), Energy = -1.778249 
Averaging iterations... h=0.125000,0.000000
Done.
Final: Magnetisation = (0.788807,-0.050963), Energy = -1.789300 
<M> = (0.794727,-0.031776), <E> = -1.789409 

T=0.600000	 Thermalizing iterations... 
Done.
Thermalized Magnetisation = (0.807937,-0.090178), Energy = -1.804807 
Averaging iterations... h=0.125000,0.000000
Done.
Final: Magnetisation = (0.797971,-0.029648), Energy = -1.801851 
<M> = (0.797692,0.025774), <E> = -1.796033 

T=0.590000	 Thermalizing iterations... 
Done.
Thermalized Magnetisation = (0.802121,0.032803), Energy = -1.815670 
Averaging iterations... h=0.125000,0.000000
Done.
Final: Magnetisation = (0.786514,-0.094843), Energy = -1.804924 
<M> = (0.799688,-0.026444), <E> = -1.801940 

T=0.580000	 Thermalizing iterations... 
Done.
Thermalized Magnetisation = (0.820056,0.036215), Energy = -1.811666 
Averaging iterations... h=0.125000,0.000000
Done.
Final: Magnetisation = (0.787258,0.035033), Energy = -1.816022 
<M> = (0.801180,-0.002444), <E> = -1.808084 

T=0.570000	 Thermalizing iterations... 
Done.
Thermalized Magnetisation = (0.817292,-0.037937), Energy = -1.815701 
Averaging iterations... h=0.125000,0.000000
Done.
Final: Magnetisation = (0.822828,-0.014751), Energy = -1.823568 
<M> = (0.806494,0.010896), <E> = -1.814595 

T=0.560000	 Thermalizing iterations... 
Done.
Thermalized Magnetisation = (0.824064,-0.006244), Energy = -1.821995 
Averaging iterations... h=0.125000,0.000000
Done.
Final: Magnetisation = (0.812325,0.004277), Energy = -1.816596 
<M> = (0.810229,0.008038), <E> = -1.820865 

T=0.550000	 Thermalizing iterations... 
Done.
Thermalized Magnetisation = (0.824301,-0.004384), Energy = -1.836502 
Averaging iterations... h=0.125000,0.000000
Done.
Final: Magnetisation = (0.803466,0.017806), Energy = -1.834355 
<M> = (0.807968,-0.009544), <E> = -1.826236 

T=0.540000	 Thermalizing iterations... 
Done.
Thermalized Magnetisation = (0.803952,0.106332), Energy = -1.846152 
Averaging iterations... h=0.125000,0.000000
Done.
Final: Magnetisation = (0.800241,-0.132480), Energy = -1.829218 
<M> = (0.811499,0.018944), <E> = -1.832077 

T=0.530000	 Thermalizing iterations... 
Done.
Thermalized Magnetisation = (0.834529,-0.069559), Energy = -1.836718 
Averaging iterations... h=0.125000,0.000000
Done.
Final: Magnetisation = (0.797222,-0.005319), Energy = -1.844869 
<M> = (0.815625,-0.005823), <E> = -1.838923 

T=0.520000	 Thermalizing iterations... 
Done.
Thermalized Magnetisation = (0.834752,0.071795), Energy = -1.851586 
Averaging iterations... h=0.125000,0.000000
Done.
Final: Magnetisation = (0.817561,0.096023), Energy = -1.841788 
<M> = (0.820811,0.011045), <E> = -1.844338 

T=0.510000	 Thermalizing iterations... 
Done.
Thermalized Magnetisation = (0.836751,-0.040484), Energy = -1.845488 
Averaging iterations... h=0.125000,0.000000
Done.
Final: Magnetisation = (0.841295,-0.004875), Energy = -1.850079 
<M> = (0.823346,-0.042129), <E> = -1.850303 

T=0.500000	 Thermalizing iterations... 
Done.
Thermalized Magnetisation = (0.817383,0.033225), Energy = -1.850510 
Averaging iterations... h=0.125000,0.000000
Done.
Final: Magnetisation = (0.827950,-0.084263), Energy = -1.856967 
<M> = (0.826580,-0.005663), <E> = -1.856216 

T=0.490000	 Thermalizing iterations... 
Done.
Thermalized Magnetisation = (0.823252,0.006868), Energy = -1.864717 
Averaging iterations... h=0.125000,0.000000
Done.
Final: Magnetisation = (0.816043,-0.144818), Energy = -1.868653 
<M> = (0.825990,-0.048687), <E> = -1.862721 

T=0.480000	 Thermalizing iterations... 
Done.
Thermalized Magnetisation = (0.814009,0.031341), Energy = -1.852134 
Averaging iterations... h=0.125000,0.000000
Done.
Final: Magnetisation = (0.838470,0.111684), Energy = -1.867219 
<M> = (0.827325,-0.008851), <E> = -1.868303 

T=0.470000	 Thermalizing iterations... 
Done.
Thermalized Magnetisation = (0.822527,0.090663), Energy = -1.866484 
Averaging iterations... h=0.125000,0.000000
Done.
Final: Magnetisation = (0.843886,0.008065), Energy = -1.878170 
<M> = (0.833726,0.048912), <E> = -1.873757 

T=0.460000	 Thermalizing iterations... 
Done.
Thermalized Magnetisation = (0.841426,-0.058116), Energy = -1.874680 
Averaging iterations... h=0.125000,0.000000
Done.
Final: Magnetisation = (0.829250,-0.112890), Energy = -1.876733 
<M> = (0.837868,-0.031424), <E> = -1.879674 

T=0.450000	 Thermalizing iterations... 
Done.
Thermalized Magnetisation = (0.829636,-0.119093), Energy = -1.881661 
Averaging iterations... h=0.125000,0.000000
Done.
Final: Magnetisation = (0.846615,0.023283), Energy = -1.888155 
<M> = (0.838718,-0.008346), <E> = -1.885737 

T=0.440000	 Thermalizing iterations... 
Done.
Thermalized Magnetisation = (0.846551,0.015431), Energy = -1.891721 
Averaging iterations... h=0.125000,0.000000
Done.
Final: Magnetisation = (0.841861,0.026415), Energy = -1.894483 
<M> = (0.840351,-0.083715), <E> = -1.891527 

T=0.430000	 Thermalizing iterations... 
Done.
Thermalized Magnetisation = (0.830278,-0.017877), Energy = -1.897294 
Averaging iterations... h=0.125000,0.000000
Done.
Final: Magnetisation = (0.860868,0.012794), Energy = -1.898587 
<M> = (0.842844,-0.075724), <E> = -1.897378 

T=0.420000	 Thermalizing iterations... 
Done.
Thermalized Magnetisation = (0.847280,-0.092694), Energy = -1.904010 
Averaging iterations... h=0.125000,0.000000
Done.
Final: Magnetisation = (0.839168,-0.032598), Energy = -1.897230 
<M> = (0.842184,-0.089281), <E> = -1.903265 

T=0.410000	 Thermalizing iterations... 
Done.
Thermalized Magnetisation = (0.848563,-0.071656), Energy = -1.911620 
Averaging iterations... h=0.125000,0.000000
Done.
Final: Magnetisation = (0.853794,-0.018545), Energy = -1.906488 
<M> = (0.844192,-0.086633), <E> = -1.908825 

T=0.400000	 Thermalizing iterations... 
Done.
Thermalized Magnetisation = (0.837437,-0.169284), Energy = -1.917341 
Averaging iterations... h=0.125000,0.000000
Done.
Final: Magnetisation = (0.832959,-0.207917), Energy = -1.913770 
<M> = (0.846199,-0.094657), <E> = -1.914267 

T=0.390000	 Thermalizing iterations... 
Done.
Thermalized Magnetisation = (0.862824,-0.007045), Energy = -1.918272 
Averaging iterations... h=0.125000,0.000000
Done.
Final: Magnetisation = (0.854087,-0.120255), Energy = -1.921374 
<M> = (0.850193,-0.073870), <E> = -1.919776 

T=0.380000	 Thermalizing iterations... 
Done.
Thermalized Magnetisation = (0.855360,-0.115812), Energy = -1.919818 
Averaging iterations... h=0.125000,0.000000
Done.
Final: Magnetisation = (0.852234,-0.068372), Energy = -1.929582 
<M> = (0.859892,-0.063452), <E> = -1.925555 

T=0.370000	 Thermalizing iterations... 
Done.
Thermalized Magnetisation = (0.844825,-0.072346), Energy = -1.933709 
Averaging iterations... h=0.125000,0.000000
Done.
Final: Magnetisation = (0.863801,-0.020426), Energy = -1.934674 
<M> = (0.857089,-0.040341), <E> = -1.931119 

T=0.360000	 Thermalizing iterations... 
Done.
Thermalized Magnetisation = (0.864097,-0.089392), Energy = -1.942836 
Averaging iterations... h=0.125000,0.000000
Done.
Final: Magnetisation = (0.871624,-0.044715), Energy = -1.945342 
<M> = (0.858833,-0.086113), <E> = -1.936720 

T=0.350000	 Thermalizing iterations... 
Done.
Thermalized Magnetisation = (0.852346,-0.010263), Energy = -1.933096 
Averaging iterations... h=0.125000,0.000000
Done.
Final: Magnetisation = (0.862158,-0.054640), Energy = -1.945383 
<M> = (0.863996,-0.032770), <E> = -1.942403 

T=0.340000	 Thermalizing iterations... 
Done.
Thermalized Magnetisation = (0.858712,-0.086961), Energy = -1.944947 
Averaging iterations... h=0.125000,0.000000
Done.
Final: Magnetisation = (0.877510,-0.025023), Energy = -1.951498 
<M> = (0.866289,-0.064474), <E> = -1.947745 

T=0.330000	 Thermalizing iterations... 
Done.
Thermalized Magnetisation = (0.862569,-0.026254), Energy = -1.950731 
Averaging iterations... h=0.125000,0.000000
Done.
Final: Magnetisation = (0.870317,-0.086064), Energy = -1.949904 
<M> = (0.863381,-0.107099), <E> = -1.953144 

T=0.320000	 Thermalizing iterations... 
Done.
Thermalized Magnetisation = (0.842390,-0.253278), Energy = -1.954829 
Averaging iterations... h=0.125000,0.000000
Done.
Final: Magnetisation = (0.872175,-0.114473), Energy = -1.953521 
<M> = (0.870048,-0.095899), <E> = -1.958776 

T=0.310000	 Thermalizing iterations... 
Done.
Thermalized Magnetisation = (0.875090,-0.097877), Energy = -1.964246 
Averaging iterations... h=0.125000,0.000000
Done.
Final: Magnetisation = (0.865626,-0.108215), Energy = -1.963575 
<M> = (0.872199,-0.072349), <E> = -1.964210 

T=0.300000	 Thermalizing iterations... 
Done.
Thermalized Magnetisation = (0.887045,-0.070312), Energy = -1.971897 
Averaging iterations... h=0.125000,0.000000
Done.
Final: Magnetisation = (0.889693,-0.062095), Energy = -1.970311 
<M> = (0.881461,-0.041219), <E> = -1.969534 

T=0.290000	 Thermalizing iterations... 
Done.
Thermalized Magnetisation = (0.856151,-0.126237), Energy = -1.966387 
Averaging iterations... h=0.125000,0.000000
Done.
Final: Magnetisation = (0.890688,-0.121999), Energy = -1.970172 
<M> = (0.875125,-0.120724), <E> = -1.975274 

T=0.280000	 Thermalizing iterations... 
Done.
Thermalized Magnetisation = (0.870437,-0.172990), Energy = -1.978162 
Averaging iterations... h=0.125000,0.000000
Done.
Final: Magnetisation = (0.881983,-0.140171), Energy = -1.981126 
<M> = (0.878388,-0.121224), <E> = -1.980603 

T=0.270000	 Thermalizing iterations... 
Done.
Thermalized Magnetisation = (0.874157,-0.125755), Energy = -1.985197 
Averaging iterations... h=0.125000,0.000000
Done.
Final: Magnetisation = (0.874782,-0.150761), Energy = -1.981613 
<M> = (0.877909,-0.094751), <E> = -1.986217 

T=0.260000	 Thermalizing iterations... 
Done.
Thermalized Magnetisation = (0.882534,-0.063318), Energy = -1.985426 
Averaging iterations... h=0.125000,0.000000
Done.
Final: Magnetisation = (0.870246,-0.139568), Energy = -1.988885 
<M> = (0.877341,-0.145103), <E> = -1.991401 

T=0.250000	 Thermalizing iterations... 
Done.
Thermalized Magnetisation = (0.879816,-0.037414), Energy = -1.997754 
Averaging iterations... h=0.125000,0.000000
Done.
Final: Magnetisation = (0.885728,-0.109662), Energy = -1.993622 
<M> = (0.886050,-0.098700), <E> = -1.996643 

T=0.240000	 Thermalizing iterations... 
Done.
Thermalized Magnetisation = (0.893708,-0.078420), Energy = -2.003022 
Averaging iterations... h=0.125000,0.000000
Done.
Final: Magnetisation = (0.881016,-0.082820), Energy = -1.999965 
<M> = (0.886700,-0.099536), <E> = -2.001999 

T=0.230000	 Thermalizing iterations... 
Done.
Thermalized Magnetisation = (0.893718,-0.101575), Energy = -2.006146 
Averaging iterations... h=0.125000,0.000000
Done.
Final: Magnetisation = (0.880698,-0.077289), Energy = -2.007068 
<M> = (0.888725,-0.101078), <E> = -2.007434 

T=0.220000	 Thermalizing iterations... 
Done.
Thermalized Magnetisation = (0.883970,-0.055031), Energy = -2.012793 
Averaging iterations... h=0.125000,0.000000
Done.
Final: Magnetisation = (0.871571,-0.213567), Energy = -2.012901 
<M> = (0.889142,-0.103822), <E> = -2.012608 

T=0.210000	 Thermalizing iterations... 
Done.
Thermalized Magnetisation = (0.900382,-0.099979), Energy = -2.018430 
Averaging iterations... h=0.125000,0.000000
Done.
Final: Magnetisation = (0.900702,-0.120721), Energy = -2.017685 
<M> = (0.898644,-0.136154), <E> = -2.017909 

T=0.200000	 Thermalizing iterations... 
Done.
Thermalized Magnetisation = (0.900166,-0.128707), Energy = -2.023653 
Averaging iterations... h=0.125000,0.000000
Done.
Final: Magnetisation = (0.905368,-0.146498), Energy = -2.025958 
<M> = (0.895466,-0.114814), <E> = -2.023318 

T=0.190000	 Thermalizing iterations... 
Done.
Thermalized Magnetisation = (0.894644,-0.121310), Energy = -2.029729 
Averaging iterations... h=0.125000,0.000000
Done.
Final: Magnetisation = (0.906067,-0.134292), Energy = -2.028046 
<M> = (0.897213,-0.126434), <E> = -2.028578 

T=0.180000	 Thermalizing iterations... 
Done.
Thermalized Magnetisation = (0.901932,-0.132013), Energy = -2.034755 
Averaging iterations... h=0.125000,0.000000
Done.
Final: Magnetisation = (0.894949,-0.125503), Energy = -2.035678 
<M> = (0.898338,-0.121523), <E> = -2.033812 

T=0.170000	 Thermalizing iterations... 
Done.
Thermalized Magnetisation = (0.913547,-0.088665), Energy = -2.036653 
Averaging iterations... h=0.125000,0.000000
Done.
Final: Magnetisation = (0.891841,-0.147298), Energy = -2.039791 
<M> = (0.901008,-0.124179), <E> = -2.039016 

T=0.160000	 Thermalizing iterations... 
Done.
Thermalized Magnetisation = (0.892261,-0.195780), Energy = -2.043323 
Averaging iterations... h=0.125000,0.000000
Done.
Final: Magnetisation = (0.910549,-0.119436), Energy = -2.043314 
<M> = (0.906006,-0.154259), <E> = -2.044229 

T=0.150000	 Thermalizing iterations... 
Done.
Thermalized Magnetisation = (0.911620,-0.120033), Energy = -2.047963 
Averaging iterations... h=0.125000,0.000000
Done.
Final: Magnetisation = (0.908675,-0.139545), Energy = -2.050912 
<M> = (0.904210,-0.139485), <E> = -2.049322 

T=0.140000	 Thermalizing iterations... 
Done.
Thermalized Magnetisation = (0.905785,-0.132006), Energy = -2.056760 
Averaging iterations... h=0.125000,0.000000
Done.
Final: Magnetisation = (0.915647,-0.124272), Energy = -2.056946 
<M> = (0.909161,-0.121774), <E> = -2.054602 

T=0.130000	 Thermalizing iterations... 
Done.
Thermalized Magnetisation = (0.903554,-0.141755), Energy = -2.059922 
Averaging iterations... h=0.125000,0.000000
Done.
Final: Magnetisation = (0.909051,-0.126800), Energy = -2.061879 
<M> = (0.909426,-0.126532), <E> = -2.059810 

T=0.120000	 Thermalizing iterations... 
Done.
Thermalized Magnetisation = (0.905922,-0.167935), Energy = -2.065602 
Averaging iterations... h=0.125000,0.000000
Done.
Final: Magnetisation = (0.915248,-0.143545), Energy = -2.065669 
<M> = (0.910222,-0.156070), <E> = -2.065000 

T=0.110000	 Thermalizing iterations... 
Done.
Thermalized Magnetisation = (0.913462,-0.114963), Energy = -2.069178 
Averaging iterations... h=0.125000,0.000000
Done.
Final: Magnetisation = (0.926672,-0.122645), Energy = -2.071814 
<M> = (0.914830,-0.131334), <E> = -2.070084 

T=0.100000	 Thermalizing iterations... 
Done.
Thermalized Magnetisation = (0.918011,-0.158690), Energy = -2.075240 
Averaging iterations... h=0.125000,0.000000
Done.
Final: Magnetisation = (0.921824,-0.173370), Energy = -2.076829 
<M> = (0.915655,-0.166188), <E> = -2.075292 

T=0.090000	 Thermalizing iterations... 
Done.
Thermalized Magnetisation = (0.921868,-0.176282), Energy = -2.081075 
Averaging iterations... h=0.125000,0.000000
Done.
Final: Magnetisation = (0.922493,-0.191621), Energy = -2.080443 
<M> = (0.919494,-0.193012), <E> = -2.080440 

T=0.080000	 Thermalizing iterations... 
Done.
Thermalized Magnetisation = (0.913585,-0.223423), Energy = -2.086737 
Averaging iterations... h=0.125000,0.000000
Done.
Final: Magnetisation = (0.928421,-0.180345), Energy = -2.088000 
<M> = (0.917652,-0.205412), <E> = -2.085476 

T=0.070000	 Thermalizing iterations... 
Done.
Thermalized Magnetisation = (0.924007,-0.163106), Energy = -2.091187 
Averaging iterations... h=0.125000,0.000000
Done.
Final: Magnetisation = (0.919074,-0.156441), Energy = -2.089214 
<M> = (0.921369,-0.161243), <E> = -2.090578 

T=0.060000	 Thermalizing iterations... 
Done.
Thermalized Magnetisation = (0.918451,-0.198566), Energy = -2.095463 
Averaging iterations... h=0.125000,0.000000
Done.
Final: Magnetisation = (0.922524,-0.199511), Energy = -2.095609 
<M> = (0.921386,-0.204692), <E> = -2.095671 

T=0.050000	 Thermalizing iterations... 
Done.
Thermalized Magnetisation = (0.921067,-0.240714), Energy = -2.100448 
Averaging iterations... h=0.125000,0.000000
Done.
Final: Magnetisation = (0.922969,-0.213264), Energy = -2.100980 
<M> = (0.924275,-0.207353), <E> = -2.100694 

T=0.040000	 Thermalizing iterations... 
Done.
Thermalized Magnetisation = (0.922706,-0.225641), Energy = -2.105514 
Averaging iterations... h=0.125000,0.000000
Done.
Final: Magnetisation = (0.925857,-0.226183), Energy = -2.105662 
<M> = (0.923239,-0.220340), <E> = -2.105784 

T=0.030000	 Thermalizing iterations... 
Done.
Thermalized Magnetisation = (0.927293,-0.216144), Energy = -2.110617 
Averaging iterations... h=0.125000,0.000000
Done.
Final: Magnetisation = (0.925214,-0.231786), Energy = -2.111131 
<M> = (0.925860,-0.224543), <E> = -2.110823 

T=0.020000	 Thermalizing iterations... 
Done.
Thermalized Magnetisation = (0.927971,-0.222438), Energy = -2.115762 
Averaging iterations... h=0.125000,0.000000
Done.
Final: Magnetisation = (0.929416,-0.218803), Energy = -2.115700 
<M> = (0.928094,-0.229962), <E> = -2.115846 

T=0.010000	 Thermalizing iterations... 
Done.
Thermalized Magnetisation = (0.928332,-0.236642), Energy = -2.120878 
Averaging iterations... h=0.125000,0.000000
Done.
Final: Magnetisation = (0.927251,-0.236624), Energy = -2.120907 
<M> = (0.930163,-0.228342), <E> = -2.120861 
Final Magnetisation = (0.927251,-0.236624), Energy = -2.120907 
------------------------

Updating all (first)black/(then)white checkerboard sites simultaneously.. 

ztne RFXY h rotating with |h|=0.125000 at T=0.000000..
loop 1

loop 2

CPU  Start Time = 5560288.892489 

CPU  End Time = 5578384.410187 

CPU Time elapsed total = 18095.517698 

real	301m35.543s
user	5086m43.189s
sys	1m42.701s
