nearest neighbor initialized. 
J loaded. 
h loaded. 
L = 32, dim_L = 2, dim_S = 2
hysteresis_MCS_multiplier = 10, hysteresis_MCS_max = 100
RAND_MAX = 2147483647.000000,
 sizeof(int) = 4,
 sizeof(long) = 8,
 sizeof(double) = 8,
 sizeof(long int) = 8,
 sizeof(short int) = 2,
 sizeof(unsigned int) = 4,
 sizeof(RAND_MAX) = 4

OpenMP Active.

No. of THREADS = 24
No. of PROCESSORS = 24

0.143992,0.076430
order = ({1.000000-->-1.000000,0.000000}, 0, 1)
Initial Magnetisation = (0.143992,0.076430), Energy = -0.030579 
Cooling... 
T=2.000000	 Thermalizing iterations... 
Done.
Thermalized Magnetisation = (0.028218,-0.260111), Energy = -0.593664 
Averaging iterations... h=0.071429,0.000000
Done.
Final: Magnetisation = (-0.094538,-0.018180), Energy = -0.510117 
<M> = (0.038434,0.003302), <E> = -0.745334 

T=1.950000	 Thermalizing iterations... 
Done.
Thermalized Magnetisation = (0.114623,-0.026218), Energy = -0.610054 
Averaging iterations... h=0.071429,0.000000
Done.
Final: Magnetisation = (0.154491,-0.277121), Energy = -0.760868 
<M> = (0.036486,0.000076), <E> = -0.766718 

T=1.900000	 Thermalizing iterations... 
Done.
Thermalized Magnetisation = (0.129832,-0.020666), Energy = -0.942917 
Averaging iterations... h=0.071429,0.000000
Done.
Final: Magnetisation = (-0.035816,-0.044997), Energy = -0.848754 
<M> = (0.040514,0.006980), <E> = -0.785623 

T=1.850000	 Thermalizing iterations... 
Done.
Thermalized Magnetisation = (0.155759,-0.056271), Energy = -0.766140 
Averaging iterations... h=0.071429,0.000000
Done.
Final: Magnetisation = (-0.063296,0.091549), Energy = -0.749732 
<M> = (0.049639,0.000950), <E> = -0.806442 

T=1.800000	 Thermalizing iterations... 
Done.
Thermalized Magnetisation = (0.064928,-0.091026), Energy = -0.892531 
Averaging iterations... h=0.071429,0.000000
Done.
Final: Magnetisation = (0.010729,0.326073), Energy = -0.992735 
<M> = (0.046569,0.003027), <E> = -0.827231 

T=1.750000	 Thermalizing iterations... 
Done.
Thermalized Magnetisation = (0.006743,0.062897), Energy = -0.674135 
Averaging iterations... h=0.071429,0.000000
Done.
Final: Magnetisation = (0.064124,0.105826), Energy = -0.746998 
<M> = (0.049523,0.003030), <E> = -0.847249 

T=1.700000	 Thermalizing iterations... 
Done.
Thermalized Magnetisation = (0.032322,0.236193), Energy = -0.907468 
Averaging iterations... h=0.071429,0.000000
Done.
Final: Magnetisation = (0.009767,-0.122939), Energy = -0.982987 
<M> = (0.056560,-0.002539), <E> = -0.871178 

T=1.650000	 Thermalizing iterations... 
Done.
Thermalized Magnetisation = (0.003272,0.044448), Energy = -0.573930 
Averaging iterations... h=0.071429,0.000000
Done.
Final: Magnetisation = (0.118988,0.056701), Energy = -0.891683 
<M> = (0.061348,0.000669), <E> = -0.894656 

T=1.600000	 Thermalizing iterations... 
Done.
Thermalized Magnetisation = (-0.040325,0.109991), Energy = -0.860895 
Averaging iterations... h=0.071429,0.000000
Done.
Final: Magnetisation = (0.254871,0.061557), Energy = -1.118670 
<M> = (0.068397,0.002407), <E> = -0.921394 

T=1.550000	 Thermalizing iterations... 
Done.
Thermalized Magnetisation = (-0.291233,-0.236472), Energy = -1.031721 
Averaging iterations... h=0.071429,0.000000
Done.
Final: Magnetisation = (0.291387,-0.109788), Energy = -0.987230 
<M> = (0.070300,-0.003285), <E> = -0.949338 

T=1.500000	 Thermalizing iterations... 
Done.
Thermalized Magnetisation = (0.140272,0.054306), Energy = -1.113325 
Averaging iterations... h=0.071429,0.000000
Done.
Final: Magnetisation = (0.010644,-0.042312), Energy = -1.091034 
<M> = (0.084862,0.003622), <E> = -0.978548 

T=1.450000	 Thermalizing iterations... 
Done.
Thermalized Magnetisation = (0.184334,-0.213156), Energy = -0.909690 
Averaging iterations... h=0.071429,0.000000
Done.
Final: Magnetisation = (0.227093,0.086490), Energy = -0.924885 
<M> = (0.093178,0.002641), <E> = -1.006673 

T=1.400000	 Thermalizing iterations... 
Done.
Thermalized Magnetisation = (0.145891,-0.162486), Energy = -0.962050 
Averaging iterations... h=0.071429,0.000000
Done.
Final: Magnetisation = (0.280247,0.061832), Energy = -1.007833 
<M> = (0.098907,0.009671), <E> = -1.038788 

T=1.350000	 Thermalizing iterations... 
Done.
Thermalized Magnetisation = (0.144643,0.043929), Energy = -0.933902 
Averaging iterations... h=0.071429,0.000000
Done.
Final: Magnetisation = (0.149317,-0.132047), Energy = -1.052060 
<M> = (0.113542,-0.006516), <E> = -1.075607 

T=1.300000	 Thermalizing iterations... 
Done.
Thermalized Magnetisation = (-0.033078,0.131861), Energy = -1.048124 
Averaging iterations... h=0.071429,0.000000
Done.
Final: Magnetisation = (0.143595,0.009490), Energy = -1.043618 
<M> = (0.125245,0.000286), <E> = -1.108212 

T=1.250000	 Thermalizing iterations... 
Done.
Thermalized Magnetisation = (0.232395,-0.210690), Energy = -1.269006 
Averaging iterations... h=0.071429,0.000000
Done.
Final: Magnetisation = (-0.197448,0.108671), Energy = -1.225914 
<M> = (0.141052,0.000833), <E> = -1.149348 

T=1.200000	 Thermalizing iterations... 
Done.
Thermalized Magnetisation = (0.253011,-0.002526), Energy = -1.234846 
Averaging iterations... h=0.071429,0.000000
Done.
Final: Magnetisation = (0.158676,0.186344), Energy = -1.174482 
<M> = (0.161996,0.004376), <E> = -1.191514 

T=1.150000	 Thermalizing iterations... 
Done.
Thermalized Magnetisation = (0.376234,0.190628), Energy = -1.325391 
Averaging iterations... h=0.071429,0.000000
Done.
Final: Magnetisation = (0.199078,0.189088), Energy = -1.226447 
<M> = (0.189011,-0.005132), <E> = -1.230924 

T=1.100000	 Thermalizing iterations... 
Done.
Thermalized Magnetisation = (0.166264,-0.211181), Energy = -1.267768 
Averaging iterations... h=0.071429,0.000000
Done.
Final: Magnetisation = (0.362216,0.077578), Energy = -1.128332 
<M> = (0.222065,-0.002998), <E> = -1.281956 

T=1.050000	 Thermalizing iterations... 
Done.
Thermalized Magnetisation = (0.102421,0.140929), Energy = -1.317724 
Averaging iterations... h=0.071429,0.000000
Done.
Final: Magnetisation = (0.416449,-0.317994), Energy = -1.377192 
<M> = (0.248912,0.029551), <E> = -1.327586 

T=1.000000	 Thermalizing iterations... 
Done.
Thermalized Magnetisation = (0.374611,0.243271), Energy = -1.371367 
Averaging iterations... h=0.071429,0.000000
Done.
Final: Magnetisation = (0.240763,-0.108857), Energy = -1.382343 
<M> = (0.264911,0.017941), <E> = -1.369625 

T=0.950000	 Thermalizing iterations... 
Done.
Thermalized Magnetisation = (0.316697,-0.015073), Energy = -1.340814 
Averaging iterations... h=0.071429,0.000000
Done.
Final: Magnetisation = (0.613684,-0.137083), Energy = -1.490438 
<M> = (0.318778,-0.021437), <E> = -1.423385 

T=0.900000	 Thermalizing iterations... 
Done.
Thermalized Magnetisation = (0.404353,-0.353690), Energy = -1.462143 
Averaging iterations... h=0.071429,0.000000
Done.
Final: Magnetisation = (0.320301,-0.068877), Energy = -1.470421 
<M> = (0.374963,0.030669), <E> = -1.476761 

T=0.850000	 Thermalizing iterations... 
Done.
Thermalized Magnetisation = (0.396056,-0.189168), Energy = -1.592671 
Averaging iterations... h=0.071429,0.000000
Done.
Final: Magnetisation = (0.186043,0.168315), Energy = -1.374634 
<M> = (0.405652,0.024836), <E> = -1.522159 

T=0.800000	 Thermalizing iterations... 
Done.
Thermalized Magnetisation = (0.540895,-0.061802), Energy = -1.579751 
Averaging iterations... h=0.071429,0.000000
Done.
Final: Magnetisation = (0.326026,-0.405623), Energy = -1.685060 
<M> = (0.433115,0.063178), <E> = -1.571772 

T=0.750000	 Thermalizing iterations... 
Done.
Thermalized Magnetisation = (0.566878,-0.104571), Energy = -1.618187 
Averaging iterations... h=0.071429,0.000000
Done.
Final: Magnetisation = (0.744759,0.118124), Energy = -1.670910 
<M> = (0.494366,0.020043), <E> = -1.611481 

T=0.700000	 Thermalizing iterations... 
Done.
Thermalized Magnetisation = (0.662066,-0.193592), Energy = -1.653526 
Averaging iterations... h=0.071429,0.000000
Done.
Final: Magnetisation = (0.478068,0.174881), Energy = -1.620764 
<M> = (0.502741,0.075704), <E> = -1.654335 

T=0.650000	 Thermalizing iterations... 
Done.
Thermalized Magnetisation = (0.806098,-0.091834), Energy = -1.745003 
Averaging iterations... h=0.071429,0.000000
Done.
Final: Magnetisation = (0.202371,-0.711192), Energy = -1.681692 
<M> = (0.542855,-0.198392), <E> = -1.690797 

T=0.600000	 Thermalizing iterations... 
Done.
Thermalized Magnetisation = (0.581144,0.101547), Energy = -1.775444 
Averaging iterations... h=0.071429,0.000000
Done.
Final: Magnetisation = (0.684436,0.099476), Energy = -1.742673 
<M> = (0.540723,0.068890), <E> = -1.727893 

T=0.550000	 Thermalizing iterations... 
Done.
Thermalized Magnetisation = (0.547983,0.380942), Energy = -1.765138 
Averaging iterations... h=0.071429,0.000000
Done.
Final: Magnetisation = (0.154254,0.796874), Energy = -1.784673 
<M> = (0.554232,-0.132078), <E> = -1.758644 

T=0.500000	 Thermalizing iterations... 
Done.
Thermalized Magnetisation = (0.439062,-0.587004), Energy = -1.737037 
Averaging iterations... h=0.071429,0.000000
Done.
Final: Magnetisation = (0.321004,-0.631022), Energy = -1.807291 
<M> = (0.551254,-0.382330), <E> = -1.789172 

T=0.450000	 Thermalizing iterations... 
Done.
Thermalized Magnetisation = (0.754119,0.259032), Energy = -1.801737 
Averaging iterations... h=0.071429,0.000000
Done.
Final: Magnetisation = (0.293286,0.682861), Energy = -1.786934 
<M> = (0.583934,0.454241), <E> = -1.818776 

T=0.400000	 Thermalizing iterations... 
Done.
Thermalized Magnetisation = (0.561308,-0.546326), Energy = -1.863146 
Averaging iterations... h=0.071429,0.000000
Done.
Final: Magnetisation = (0.671128,-0.262950), Energy = -1.838154 
<M> = (0.514824,-0.585745), <E> = -1.848376 

T=0.350000	 Thermalizing iterations... 
Done.
Thermalized Magnetisation = (0.320983,-0.762766), Energy = -1.871138 
Averaging iterations... h=0.071429,0.000000
Done.
Final: Magnetisation = (0.603173,-0.572540), Energy = -1.828680 
<M> = (0.573265,-0.482163), <E> = -1.875803 

T=0.300000	 Thermalizing iterations... 
Done.
Thermalized Magnetisation = (0.664468,-0.493954), Energy = -1.922892 
Averaging iterations... h=0.071429,0.000000
Done.
Final: Magnetisation = (0.374536,-0.774002), Energy = -1.926009 
<M> = (0.559741,-0.593983), <E> = -1.904738 

T=0.250000	 Thermalizing iterations... 
Done.
Thermalized Magnetisation = (0.516266,-0.662402), Energy = -1.939756 
Averaging iterations... h=0.071429,0.000000
Done.
Final: Magnetisation = (0.459037,-0.737189), Energy = -1.943856 
<M> = (0.504300,-0.693391), <E> = -1.933464 

T=0.200000	 Thermalizing iterations... 
Done.
Thermalized Magnetisation = (0.424443,-0.759473), Energy = -1.958198 
Averaging iterations... h=0.071429,0.000000
Done.
Final: Magnetisation = (0.599744,-0.652979), Energy = -1.978152 
<M> = (0.498816,-0.720288), <E> = -1.959302 

T=0.150000	 Thermalizing iterations... 
Done.
Thermalized Magnetisation = (0.478355,-0.757562), Energy = -1.989461 
Averaging iterations... h=0.071429,0.000000
Done.
Final: Magnetisation = (0.660929,-0.570747), Energy = -1.984021 
<M> = (0.523546,-0.718494), <E> = -1.985858 

T=0.100000	 Thermalizing iterations... 
Done.
Thermalized Magnetisation = (0.530089,-0.747436), Energy = -2.011646 
Averaging iterations... h=0.071429,0.000000
Done.
Final: Magnetisation = (0.527467,-0.748001), Energy = -2.008240 
<M> = (0.502217,-0.759868), <E> = -2.011932 

T=0.050000	 Thermalizing iterations... 
Done.
Thermalized Magnetisation = (0.444156,-0.802339), Energy = -2.037416 
Averaging iterations... h=0.071429,0.000000
Done.
Final: Magnetisation = (0.524593,-0.747941), Energy = -2.038469 
<M> = (0.508941,-0.769643), <E> = -2.037280 
Final Magnetisation = (0.524593,-0.747941), Energy = -2.038469 
------------------------

Updating all (first)black/(then)white checkerboard sites simultaneously.. 

ztne RFXY h rotating with |h|=0.071429 at T=0.000000..
loop 1

loop 2

Cooling protocol time (from T=2.000000 to T=0.000000) = 199.002851 

CPU Time elapsed total = 199.015859 
All done - 200 seconds elapsed.
