+ cd /home/sbasak/Exercises/OpenMP/XY_code/Z2/rotating_field/trial/config/config_16
+ export OMP_NUM_THREADS=28
+ OMP_NUM_THREADS=28
+ ./a_32.out
nearest neighbor initialized. 
h loaded. 
J loaded. 
L = 128, dim_L = 2, dim_S = 2
hysteresis_MCS_multiplier = 10, hysteresis_MCS_max = 100
RAND_MAX = 2147483647.000000,
 sizeof(int) = 4,
 sizeof(long) = 8,
 sizeof(double) = 8,
 sizeof(long int) = 8,
 sizeof(short int) = 2,
 sizeof(unsigned int) = 4,
 sizeof(RAND_MAX) = 4
No. of THREADS = 28
No. of PROCESSORS = 28

0.059413,0.022440
order = ({1.000000-->-1.000000,0.000000}, 0, 1)
Initial Magnetisation = (0.059413,0.022440), Energy = 0.029184 
Cooling... 
T=2.000000	 Thermalizing iterations... 
Done.
Thermalized Magnetisation = (0.018108,-0.018600), Energy = -0.564938 
Averaging iterations... h=0.015625,0.000000
Done.
Final: Magnetisation = (0.008671,-0.027168), Energy = -0.565519 
<M> = (0.010860,-0.000301), <E> = -0.607718 

T=1.990000	 Thermalizing iterations... 
Done.
Thermalized Magnetisation = (-0.022090,0.029567), Energy = -0.618044 
Averaging iterations... h=0.015625,0.000000
Done.
Final: Magnetisation = (-0.020717,0.000357), Energy = -0.642142 
<M> = (0.012663,-0.001638), <E> = -0.611985 

T=1.980000	 Thermalizing iterations... 
Done.
Thermalized Magnetisation = (-0.001778,0.019635), Energy = -0.641808 
Averaging iterations... h=0.015625,0.000000
Done.
Final: Magnetisation = (0.041019,-0.005117), Energy = -0.620279 
<M> = (0.011376,-0.001150), <E> = -0.616462 

T=1.970000	 Thermalizing iterations... 
Done.
Thermalized Magnetisation = (0.000457,0.033030), Energy = -0.625505 
Averaging iterations... h=0.015625,0.000000
Done.
Final: Magnetisation = (0.005469,-0.057608), Energy = -0.616776 
<M> = (0.012799,-0.002470), <E> = -0.620407 

T=1.960000	 Thermalizing iterations... 
Done.
Thermalized Magnetisation = (0.016109,-0.032534), Energy = -0.677595 
Averaging iterations... h=0.015625,0.000000
Done.
Final: Magnetisation = (0.016587,0.022717), Energy = -0.630161 
<M> = (0.012995,-0.000557), <E> = -0.623270 

T=1.950000	 Thermalizing iterations... 
Done.
Thermalized Magnetisation = (-0.005806,0.005955), Energy = -0.638904 
Averaging iterations... h=0.015625,0.000000
Done.
Final: Magnetisation = (0.064043,-0.001654), Energy = -0.648182 
<M> = (0.014020,-0.000554), <E> = -0.626541 

T=1.940000	 Thermalizing iterations... 
Done.
Thermalized Magnetisation = (0.036815,-0.023426), Energy = -0.605346 
Averaging iterations... h=0.015625,0.000000
Done.
Final: Magnetisation = (0.054773,0.024591), Energy = -0.623061 
<M> = (0.013142,0.000383), <E> = -0.630159 

T=1.930000	 Thermalizing iterations... 
Done.
Thermalized Magnetisation = (0.006980,-0.002319), Energy = -0.640128 
Averaging iterations... h=0.015625,0.000000
Done.
Final: Magnetisation = (-0.056065,0.025951), Energy = -0.617252 
<M> = (0.011650,0.000561), <E> = -0.633245 

T=1.920000	 Thermalizing iterations... 
Done.
Thermalized Magnetisation = (-0.009192,0.047557), Energy = -0.668565 
Averaging iterations... h=0.015625,0.000000
Done.
Final: Magnetisation = (0.015125,-0.006142), Energy = -0.647451 
<M> = (0.012832,-0.001227), <E> = -0.637935 

T=1.910000	 Thermalizing iterations... 
Done.
Thermalized Magnetisation = (-0.048691,0.001802), Energy = -0.643061 
Averaging iterations... h=0.015625,0.000000
Done.
Final: Magnetisation = (-0.006288,-0.003169), Energy = -0.694126 
<M> = (0.013717,-0.001378), <E> = -0.641861 

T=1.900000	 Thermalizing iterations... 
Done.
Thermalized Magnetisation = (0.095457,0.092214), Energy = -0.656776 
Averaging iterations... h=0.015625,0.000000
Done.
Final: Magnetisation = (-0.040185,-0.018702), Energy = -0.651210 
<M> = (0.013424,-0.003212), <E> = -0.645781 

T=1.890000	 Thermalizing iterations... 
Done.
Thermalized Magnetisation = (-0.033169,0.027583), Energy = -0.667686 
Averaging iterations... h=0.015625,0.000000
Done.
Final: Magnetisation = (-0.011126,0.019863), Energy = -0.630648 
<M> = (0.014110,-0.002499), <E> = -0.650186 

T=1.880000	 Thermalizing iterations... 
Done.
Thermalized Magnetisation = (0.005425,-0.042036), Energy = -0.634153 
Averaging iterations... h=0.015625,0.000000
Done.
Final: Magnetisation = (-0.028568,0.007940), Energy = -0.679476 
<M> = (0.014981,-0.001835), <E> = -0.654042 

T=1.870000	 Thermalizing iterations... 
Done.
Thermalized Magnetisation = (-0.020998,0.012485), Energy = -0.644654 
Averaging iterations... h=0.015625,0.000000
Done.
Final: Magnetisation = (0.033555,0.007576), Energy = -0.658112 
<M> = (0.014411,0.001864), <E> = -0.657341 

T=1.860000	 Thermalizing iterations... 
Done.
Thermalized Magnetisation = (-0.022353,0.027735), Energy = -0.619157 
Averaging iterations... h=0.015625,0.000000
Done.
Final: Magnetisation = (0.053288,-0.033690), Energy = -0.661004 
<M> = (0.013436,-0.000046), <E> = -0.661593 

T=1.850000	 Thermalizing iterations... 
Done.
Thermalized Magnetisation = (0.006868,0.083072), Energy = -0.669984 
Averaging iterations... h=0.015625,0.000000
Done.
Final: Magnetisation = (0.043656,-0.024732), Energy = -0.687860 
<M> = (0.013381,-0.000305), <E> = -0.665424 

T=1.840000	 Thermalizing iterations... 
Done.
Thermalized Magnetisation = (0.001348,0.030143), Energy = -0.660083 
Averaging iterations... h=0.015625,0.000000
Done.
Final: Magnetisation = (0.039603,-0.009119), Energy = -0.692296 
<M> = (0.015672,-0.001467), <E> = -0.670358 

T=1.830000	 Thermalizing iterations... 
Done.
Thermalized Magnetisation = (0.062255,-0.009902), Energy = -0.646547 
Averaging iterations... h=0.015625,0.000000
Done.
Final: Magnetisation = (0.006514,0.019938), Energy = -0.669850 
<M> = (0.014545,-0.002930), <E> = -0.675018 

T=1.820000	 Thermalizing iterations... 
Done.
Thermalized Magnetisation = (0.011573,0.046663), Energy = -0.667295 
Averaging iterations... h=0.015625,0.000000
Done.
Final: Magnetisation = (0.036954,-0.025346), Energy = -0.658952 
<M> = (0.015270,-0.002953), <E> = -0.679820 

T=1.810000	 Thermalizing iterations... 
Done.
Thermalized Magnetisation = (-0.004091,0.019008), Energy = -0.684428 
Averaging iterations... h=0.015625,0.000000
Done.
Final: Magnetisation = (-0.009529,0.019478), Energy = -0.660941 
<M> = (0.017748,-0.001672), <E> = -0.683672 

T=1.800000	 Thermalizing iterations... 
Done.
Thermalized Magnetisation = (-0.027269,-0.001903), Energy = -0.684820 
Averaging iterations... h=0.015625,0.000000
Done.
Final: Magnetisation = (0.023801,0.036118), Energy = -0.713118 
<M> = (0.017494,-0.000304), <E> = -0.687277 

T=1.790000	 Thermalizing iterations... 
Done.
Thermalized Magnetisation = (0.038083,-0.043793), Energy = -0.688896 
Averaging iterations... h=0.015625,0.000000
Done.
Final: Magnetisation = (-0.039262,-0.078510), Energy = -0.702061 
<M> = (0.015789,0.000483), <E> = -0.692152 

T=1.780000	 Thermalizing iterations... 
Done.
Thermalized Magnetisation = (0.021927,-0.030626), Energy = -0.703911 
Averaging iterations... h=0.015625,0.000000
Done.
Final: Magnetisation = (0.035753,0.009076), Energy = -0.693057 
<M> = (0.015379,0.000884), <E> = -0.696151 

T=1.770000	 Thermalizing iterations... 
Done.
Thermalized Magnetisation = (0.019051,0.039291), Energy = -0.691640 
Averaging iterations... h=0.015625,0.000000
Done.
Final: Magnetisation = (0.011234,0.084895), Energy = -0.723849 
<M> = (0.017030,-0.002975), <E> = -0.701604 

T=1.760000	 Thermalizing iterations... 
Done.
Thermalized Magnetisation = (0.014692,0.025676), Energy = -0.747500 
Averaging iterations... h=0.015625,0.000000
Done.
Final: Magnetisation = (0.068900,-0.046479), Energy = -0.726069 
<M> = (0.017431,-0.000948), <E> = -0.706739 

T=1.750000	 Thermalizing iterations... 
Done.
Thermalized Magnetisation = (-0.023375,0.011234), Energy = -0.708818 
Averaging iterations... h=0.015625,0.000000
Done.
Final: Magnetisation = (0.079952,-0.013331), Energy = -0.680309 
<M> = (0.016293,-0.003745), <E> = -0.711403 

T=1.740000	 Thermalizing iterations... 
Done.
Thermalized Magnetisation = (0.040290,0.008770), Energy = -0.690969 
Averaging iterations... h=0.015625,0.000000
Done.
Final: Magnetisation = (0.009270,-0.029550), Energy = -0.709606 
<M> = (0.017789,-0.002151), <E> = -0.716672 

T=1.730000	 Thermalizing iterations... 
Done.
Thermalized Magnetisation = (0.021823,-0.021672), Energy = -0.714818 
Averaging iterations... h=0.015625,0.000000
Done.
Final: Magnetisation = (-0.034897,-0.052445), Energy = -0.726246 
<M> = (0.019158,-0.001193), <E> = -0.720922 

T=1.720000	 Thermalizing iterations... 
Done.
Thermalized Magnetisation = (0.018833,-0.062720), Energy = -0.714797 
Averaging iterations... h=0.015625,0.000000
Done.
Final: Magnetisation = (0.028689,0.035627), Energy = -0.723796 
<M> = (0.017701,0.000656), <E> = -0.725261 

T=1.710000	 Thermalizing iterations... 
Done.
Thermalized Magnetisation = (0.041047,-0.061817), Energy = -0.754261 
Averaging iterations... h=0.015625,0.000000
Done.
Final: Magnetisation = (0.019423,-0.034604), Energy = -0.737882 
<M> = (0.018755,0.000105), <E> = -0.729923 

T=1.700000	 Thermalizing iterations... 
Done.
Thermalized Magnetisation = (0.049311,0.000820), Energy = -0.726922 
Averaging iterations... h=0.015625,0.000000
Done.
Final: Magnetisation = (0.030801,0.011004), Energy = -0.739908 
<M> = (0.019087,-0.000507), <E> = -0.735231 

T=1.690000	 Thermalizing iterations... 
Done.
Thermalized Magnetisation = (-0.052753,0.028670), Energy = -0.764592 
Averaging iterations... h=0.015625,0.000000
Done.
Final: Magnetisation = (0.044771,-0.066733), Energy = -0.747359 
<M> = (0.019478,-0.001332), <E> = -0.741026 

T=1.680000	 Thermalizing iterations... 
Done.
Thermalized Magnetisation = (-0.030659,-0.031195), Energy = -0.742137 
Averaging iterations... h=0.015625,0.000000
Done.
Final: Magnetisation = (-0.014889,-0.090996), Energy = -0.751795 
<M> = (0.018884,-0.003073), <E> = -0.747235 

T=1.670000	 Thermalizing iterations... 
Done.
Thermalized Magnetisation = (-0.024413,-0.005140), Energy = -0.758283 
Averaging iterations... h=0.015625,0.000000
Done.
Final: Magnetisation = (0.033022,-0.071362), Energy = -0.781390 
<M> = (0.020400,-0.002194), <E> = -0.752206 

T=1.660000	 Thermalizing iterations... 
Done.
Thermalized Magnetisation = (-0.017996,-0.002589), Energy = -0.764736 
Averaging iterations... h=0.015625,0.000000
Done.
Final: Magnetisation = (0.036387,-0.030052), Energy = -0.755975 
<M> = (0.020992,-0.001560), <E> = -0.757762 

T=1.650000	 Thermalizing iterations... 
Done.
Thermalized Magnetisation = (0.022403,-0.022535), Energy = -0.761463 
Averaging iterations... h=0.015625,0.000000
Done.
Final: Magnetisation = (-0.024447,0.059416), Energy = -0.756325 
<M> = (0.022111,0.001243), <E> = -0.762264 

T=1.640000	 Thermalizing iterations... 
Done.
Thermalized Magnetisation = (0.070493,0.077281), Energy = -0.796936 
Averaging iterations... h=0.015625,0.000000
Done.
Final: Magnetisation = (0.065615,-0.035514), Energy = -0.766756 
<M> = (0.020706,0.001286), <E> = -0.767823 

T=1.630000	 Thermalizing iterations... 
Done.
Thermalized Magnetisation = (0.036264,0.020418), Energy = -0.794251 
Averaging iterations... h=0.015625,0.000000
Done.
Final: Magnetisation = (0.019521,0.017539), Energy = -0.719165 
<M> = (0.022599,0.000418), <E> = -0.773263 

T=1.620000	 Thermalizing iterations... 
Done.
Thermalized Magnetisation = (0.017738,-0.087771), Energy = -0.774419 
Averaging iterations... h=0.015625,0.000000
Done.
Final: Magnetisation = (0.098737,-0.065738), Energy = -0.787976 
<M> = (0.022719,-0.001323), <E> = -0.779551 

T=1.610000	 Thermalizing iterations... 
Done.
Thermalized Magnetisation = (0.053196,0.050955), Energy = -0.790643 
Averaging iterations... h=0.015625,0.000000
Done.
Final: Magnetisation = (-0.000932,0.078344), Energy = -0.808868 
<M> = (0.021873,-0.002414), <E> = -0.785409 

T=1.600000	 Thermalizing iterations... 
Done.
Thermalized Magnetisation = (0.038304,-0.015552), Energy = -0.819060 
Averaging iterations... h=0.015625,0.000000
Done.
Final: Magnetisation = (-0.008430,-0.031046), Energy = -0.778565 
<M> = (0.022005,-0.003560), <E> = -0.792335 

T=1.590000	 Thermalizing iterations... 
Done.
Thermalized Magnetisation = (-0.000552,0.022744), Energy = -0.767639 
Averaging iterations... h=0.015625,0.000000
Done.
Final: Magnetisation = (-0.077864,0.018066), Energy = -0.773020 
<M> = (0.022748,-0.002956), <E> = -0.797984 

T=1.580000	 Thermalizing iterations... 
Done.
Thermalized Magnetisation = (0.029289,-0.007903), Energy = -0.772153 
Averaging iterations... h=0.015625,0.000000
Done.
Final: Magnetisation = (0.020130,-0.048343), Energy = -0.843310 
<M> = (0.026237,0.000140), <E> = -0.803851 

T=1.570000	 Thermalizing iterations... 
Done.
Thermalized Magnetisation = (0.016293,0.023837), Energy = -0.827554 
Averaging iterations... h=0.015625,0.000000
Done.
Final: Magnetisation = (0.023893,0.020323), Energy = -0.809392 
<M> = (0.025419,0.000740), <E> = -0.809404 

T=1.560000	 Thermalizing iterations... 
Done.
Thermalized Magnetisation = (0.078854,-0.056811), Energy = -0.858841 
Averaging iterations... h=0.015625,0.000000
Done.
Final: Magnetisation = (-0.031776,0.007862), Energy = -0.783878 
<M> = (0.024080,0.002483), <E> = -0.815059 

T=1.550000	 Thermalizing iterations... 
Done.
Thermalized Magnetisation = (-0.060910,0.012906), Energy = -0.776452 
Averaging iterations... h=0.015625,0.000000
Done.
Final: Magnetisation = (0.016331,-0.011654), Energy = -0.813065 
<M> = (0.025773,-0.000177), <E> = -0.822349 

T=1.540000	 Thermalizing iterations... 
Done.
Thermalized Magnetisation = (0.019978,0.061605), Energy = -0.834565 
Averaging iterations... h=0.015625,0.000000
Done.
Final: Magnetisation = (0.012824,-0.090509), Energy = -0.845277 
<M> = (0.026273,-0.001472), <E> = -0.829125 

T=1.530000	 Thermalizing iterations... 
Done.
Thermalized Magnetisation = (0.086101,-0.019457), Energy = -0.893337 
Averaging iterations... h=0.015625,0.000000
Done.
Final: Magnetisation = (0.038028,0.030923), Energy = -0.837400 
<M> = (0.025763,-0.003907), <E> = -0.836361 

T=1.520000	 Thermalizing iterations... 
Done.
Thermalized Magnetisation = (0.064385,0.090753), Energy = -0.831802 
Averaging iterations... h=0.015625,0.000000
Done.
Final: Magnetisation = (0.004197,-0.015446), Energy = -0.820681 
<M> = (0.027624,-0.004035), <E> = -0.843267 

T=1.510000	 Thermalizing iterations... 
Done.
Thermalized Magnetisation = (0.041498,-0.001809), Energy = -0.889160 
Averaging iterations... h=0.015625,0.000000
Done.
Final: Magnetisation = (0.024806,0.013158), Energy = -0.829983 
<M> = (0.031700,-0.002125), <E> = -0.849390 

T=1.500000	 Thermalizing iterations... 
Done.
Thermalized Magnetisation = (0.080620,-0.086736), Energy = -0.871950 
Averaging iterations... h=0.015625,0.000000
Done.
Final: Magnetisation = (-0.003619,-0.083850), Energy = -0.835004 
<M> = (0.030220,0.002885), <E> = -0.855533 

T=1.490000	 Thermalizing iterations... 
Done.
Thermalized Magnetisation = (0.039163,0.000233), Energy = -0.845513 
Averaging iterations... h=0.015625,0.000000
Done.
Final: Magnetisation = (0.017873,0.078856), Energy = -0.848330 
<M> = (0.029727,0.004041), <E> = -0.862396 

T=1.480000	 Thermalizing iterations... 
Done.
Thermalized Magnetisation = (0.063304,-0.026723), Energy = -0.821502 
Averaging iterations... h=0.015625,0.000000
Done.
Final: Magnetisation = (0.045976,-0.025780), Energy = -0.859293 
<M> = (0.027974,0.002811), <E> = -0.869532 

T=1.470000	 Thermalizing iterations... 
Done.
Thermalized Magnetisation = (0.055761,0.006641), Energy = -0.860156 
Averaging iterations... h=0.015625,0.000000
Done.
Final: Magnetisation = (0.091440,-0.017013), Energy = -0.875368 
<M> = (0.032634,-0.001025), <E> = -0.877631 

T=1.460000	 Thermalizing iterations... 
Done.
Thermalized Magnetisation = (0.020790,0.061369), Energy = -0.893693 
Averaging iterations... h=0.015625,0.000000
Done.
Final: Magnetisation = (0.034901,0.004214), Energy = -0.870896 
<M> = (0.031290,-0.002932), <E> = -0.885362 

T=1.450000	 Thermalizing iterations... 
Done.
Thermalized Magnetisation = (0.060333,0.042170), Energy = -0.914623 
Averaging iterations... h=0.015625,0.000000
Done.
Final: Magnetisation = (-0.007717,-0.041309), Energy = -0.884956 
<M> = (0.033542,-0.007638), <E> = -0.893710 

T=1.440000	 Thermalizing iterations... 
Done.
Thermalized Magnetisation = (0.087553,-0.056970), Energy = -0.919472 
Averaging iterations... h=0.015625,0.000000
Done.
Final: Magnetisation = (0.042246,-0.008688), Energy = -0.920276 
<M> = (0.034496,-0.004968), <E> = -0.900607 

T=1.430000	 Thermalizing iterations... 
Done.
Thermalized Magnetisation = (0.003839,-0.105106), Energy = -0.944260 
Averaging iterations... h=0.015625,0.000000
Done.
Final: Magnetisation = (-0.003628,-0.002558), Energy = -0.939308 
<M> = (0.037378,0.000101), <E> = -0.907317 

T=1.420000	 Thermalizing iterations... 
Done.
Thermalized Magnetisation = (0.132473,0.042534), Energy = -0.939939 
Averaging iterations... h=0.015625,0.000000
Done.
Final: Magnetisation = (0.031694,-0.041265), Energy = -0.894110 
<M> = (0.036984,0.000023), <E> = -0.914747 

T=1.410000	 Thermalizing iterations... 
Done.
Thermalized Magnetisation = (0.048097,0.017150), Energy = -0.947792 
Averaging iterations... h=0.015625,0.000000
Done.
Final: Magnetisation = (-0.000394,-0.022551), Energy = -0.954942 
<M> = (0.034492,0.004130), <E> = -0.922297 

T=1.400000	 Thermalizing iterations... 
Done.
Thermalized Magnetisation = (0.053379,-0.013653), Energy = -0.908490 
Averaging iterations... h=0.015625,0.000000
Done.
Final: Magnetisation = (0.059918,0.115935), Energy = -0.906290 
<M> = (0.037114,-0.000781), <E> = -0.932326 

T=1.390000	 Thermalizing iterations... 
Done.
Thermalized Magnetisation = (-0.011458,-0.030011), Energy = -0.961655 
Averaging iterations... h=0.015625,0.000000
Done.
Final: Magnetisation = (0.044464,-0.034545), Energy = -0.949563 
<M> = (0.037041,-0.004126), <E> = -0.940159 

T=1.380000	 Thermalizing iterations... 
Done.
Thermalized Magnetisation = (0.043868,-0.012069), Energy = -0.934564 
Averaging iterations... h=0.015625,0.000000
Done.
Final: Magnetisation = (0.045349,-0.062199), Energy = -0.918449 
<M> = (0.039844,-0.008820), <E> = -0.949205 

T=1.370000	 Thermalizing iterations... 
Done.
Thermalized Magnetisation = (-0.026446,-0.039006), Energy = -0.951327 
Averaging iterations... h=0.015625,0.000000
Done.
Final: Magnetisation = (-0.008824,-0.005956), Energy = -0.895753 
<M> = (0.040531,-0.005725), <E> = -0.957282 

T=1.360000	 Thermalizing iterations... 
Done.
Thermalized Magnetisation = (0.022876,0.019214), Energy = -0.990858 
Averaging iterations... h=0.015625,0.000000
Done.
Final: Magnetisation = (0.097863,0.062530), Energy = -0.993339 
<M> = (0.042163,-0.003059), <E> = -0.965021 

T=1.350000	 Thermalizing iterations... 
Done.
Thermalized Magnetisation = (0.056921,0.106156), Energy = -0.953305 
Averaging iterations... h=0.015625,0.000000
Done.
Final: Magnetisation = (0.005487,0.054804), Energy = -0.948777 
<M> = (0.045966,0.005652), <E> = -0.973037 

T=1.340000	 Thermalizing iterations... 
Done.
Thermalized Magnetisation = (0.122888,0.020229), Energy = -1.033069 
Averaging iterations... h=0.015625,0.000000
Done.
Final: Magnetisation = (0.092185,0.000424), Energy = -1.001096 
<M> = (0.042055,0.002300), <E> = -0.982685 

T=1.330000	 Thermalizing iterations... 
Done.
Thermalized Magnetisation = (0.086114,0.015548), Energy = -1.005178 
Averaging iterations... h=0.015625,0.000000
Done.
Final: Magnetisation = (0.079866,-0.072915), Energy = -0.997417 
<M> = (0.042999,0.000635), <E> = -0.991471 

T=1.320000	 Thermalizing iterations... 
Done.
Thermalized Magnetisation = (0.060632,-0.016021), Energy = -1.021741 
Averaging iterations... h=0.015625,0.000000
Done.
Final: Magnetisation = (0.034249,-0.048439), Energy = -0.943476 
<M> = (0.048621,-0.003458), <E> = -1.000755 

T=1.310000	 Thermalizing iterations... 
Done.
Thermalized Magnetisation = (0.111681,-0.037611), Energy = -1.029735 
Averaging iterations... h=0.015625,0.000000
Done.
Final: Magnetisation = (0.004296,0.077329), Energy = -1.041960 
<M> = (0.047823,-0.007251), <E> = -1.011368 

T=1.300000	 Thermalizing iterations... 
Done.
Thermalized Magnetisation = (0.016951,0.000990), Energy = -1.001935 
Averaging iterations... h=0.015625,0.000000
Done.
Final: Magnetisation = (0.042195,0.013830), Energy = -1.083749 
<M> = (0.048869,-0.010824), <E> = -1.021090 

T=1.290000	 Thermalizing iterations... 
Done.
Thermalized Magnetisation = (0.040553,-0.033438), Energy = -1.028228 
Averaging iterations... h=0.015625,0.000000
Done.
Final: Magnetisation = (0.055730,-0.055020), Energy = -1.017919 
<M> = (0.053213,-0.006259), <E> = -1.030541 

T=1.280000	 Thermalizing iterations... 
Done.
Thermalized Magnetisation = (0.008864,0.009630), Energy = -1.057104 
Averaging iterations... h=0.015625,0.000000
Done.
Final: Magnetisation = (0.071246,-0.011421), Energy = -1.047952 
<M> = (0.054134,0.000990), <E> = -1.039416 

T=1.270000	 Thermalizing iterations... 
Done.
Thermalized Magnetisation = (0.009457,0.002022), Energy = -1.038353 
Averaging iterations... h=0.015625,0.000000
Done.
Final: Magnetisation = (0.001575,-0.012922), Energy = -1.053030 
<M> = (0.054640,0.004986), <E> = -1.048125 

T=1.260000	 Thermalizing iterations... 
Done.
Thermalized Magnetisation = (-0.013399,-0.006745), Energy = -1.032593 
Averaging iterations... h=0.015625,0.000000
Done.
Final: Magnetisation = (0.077776,0.003586), Energy = -1.065407 
<M> = (0.053758,0.009807), <E> = -1.058195 

T=1.250000	 Thermalizing iterations... 
Done.
Thermalized Magnetisation = (0.044977,-0.090781), Energy = -1.117428 
Averaging iterations... h=0.015625,0.000000
Done.
Final: Magnetisation = (0.026704,0.072267), Energy = -1.042933 
<M> = (0.059414,-0.006784), <E> = -1.070234 

T=1.240000	 Thermalizing iterations... 
Done.
Thermalized Magnetisation = (0.076073,-0.033476), Energy = -1.096434 
Averaging iterations... h=0.015625,0.000000
Done.
Final: Magnetisation = (-0.024948,-0.033254), Energy = -1.043194 
<M> = (0.056772,-0.000781), <E> = -1.080540 

T=1.230000	 Thermalizing iterations... 
Done.
Thermalized Magnetisation = (0.045483,0.105794), Energy = -1.094774 
Averaging iterations... h=0.015625,0.000000
Done.
Final: Magnetisation = (0.031523,-0.098481), Energy = -1.037640 
<M> = (0.059148,-0.015890), <E> = -1.091052 

T=1.220000	 Thermalizing iterations... 
Done.
Thermalized Magnetisation = (0.065644,0.014675), Energy = -1.084876 
Averaging iterations... h=0.015625,0.000000
Done.
Final: Magnetisation = (0.059906,-0.084048), Energy = -1.121541 
<M> = (0.062216,-0.012719), <E> = -1.101729 

T=1.210000	 Thermalizing iterations... 
Done.
Thermalized Magnetisation = (0.067809,0.046308), Energy = -1.065208 
Averaging iterations... h=0.015625,0.000000
Done.
Final: Magnetisation = (0.073986,-0.043083), Energy = -1.138306 
<M> = (0.066674,-0.003347), <E> = -1.111772 

T=1.200000	 Thermalizing iterations... 
Done.
Thermalized Magnetisation = (0.181236,-0.065661), Energy = -1.128003 
Averaging iterations... h=0.015625,0.000000
Done.
Final: Magnetisation = (0.078221,0.013807), Energy = -1.133247 
<M> = (0.063372,0.002726), <E> = -1.121072 

T=1.190000	 Thermalizing iterations... 
Done.
Thermalized Magnetisation = (0.097250,0.006128), Energy = -1.084499 
Averaging iterations... h=0.015625,0.000000
Done.
Final: Magnetisation = (0.078244,-0.087487), Energy = -1.130575 
<M> = (0.067820,0.005410), <E> = -1.131660 

T=1.180000	 Thermalizing iterations... 
Done.
Thermalized Magnetisation = (0.065813,-0.059340), Energy = -1.141321 
Averaging iterations... h=0.015625,0.000000
Done.
Final: Magnetisation = (0.074996,-0.042600), Energy = -1.086323 
<M> = (0.070841,-0.000143), <E> = -1.143166 

T=1.170000	 Thermalizing iterations... 
Done.
Thermalized Magnetisation = (0.011704,0.116090), Energy = -1.186576 
Averaging iterations... h=0.015625,0.000000
Done.
Final: Magnetisation = (0.071374,0.137202), Energy = -1.159044 
<M> = (0.073724,-0.002258), <E> = -1.155291 

T=1.160000	 Thermalizing iterations... 
Done.
Thermalized Magnetisation = (0.112174,-0.127514), Energy = -1.188332 
Averaging iterations... h=0.015625,0.000000
Done.
Final: Magnetisation = (0.088326,-0.143633), Energy = -1.168516 
<M> = (0.074301,-0.017254), <E> = -1.168897 

T=1.150000	 Thermalizing iterations... 
Done.
Thermalized Magnetisation = (0.059241,-0.067323), Energy = -1.246053 
Averaging iterations... h=0.015625,0.000000
Done.
Final: Magnetisation = (0.038250,-0.023275), Energy = -1.168141 
<M> = (0.077703,-0.009707), <E> = -1.180070 

T=1.140000	 Thermalizing iterations... 
Done.
Thermalized Magnetisation = (0.027197,-0.082616), Energy = -1.186055 
Averaging iterations... h=0.015625,0.000000
Done.
Final: Magnetisation = (0.143542,-0.123181), Energy = -1.169908 
<M> = (0.082540,-0.016701), <E> = -1.190710 

T=1.130000	 Thermalizing iterations... 
Done.
Thermalized Magnetisation = (0.002524,0.066299), Energy = -1.189340 
Averaging iterations... h=0.015625,0.000000
Done.
Final: Magnetisation = (0.085478,0.077936), Energy = -1.196280 
<M> = (0.080548,0.009816), <E> = -1.200904 

T=1.120000	 Thermalizing iterations... 
Done.
Thermalized Magnetisation = (0.107870,0.020646), Energy = -1.216473 
Averaging iterations... h=0.015625,0.000000
Done.
Final: Magnetisation = (0.033096,-0.067979), Energy = -1.225594 
<M> = (0.088282,0.006351), <E> = -1.213220 

T=1.110000	 Thermalizing iterations... 
Done.
Thermalized Magnetisation = (0.096540,-0.081782), Energy = -1.219742 
Averaging iterations... h=0.015625,0.000000
Done.
Final: Magnetisation = (0.109803,0.019881), Energy = -1.215872 
<M> = (0.083493,0.010008), <E> = -1.223794 

T=1.100000	 Thermalizing iterations... 
Done.
Thermalized Magnetisation = (0.047000,-0.136699), Energy = -1.259981 
Averaging iterations... h=0.015625,0.000000
Done.
Final: Magnetisation = (0.077987,-0.113768), Energy = -1.255559 
<M> = (0.085687,0.005707), <E> = -1.237490 

T=1.090000	 Thermalizing iterations... 
Done.
Thermalized Magnetisation = (0.062228,-0.044350), Energy = -1.262240 
Averaging iterations... h=0.015625,0.000000
Done.
Final: Magnetisation = (0.028589,0.012603), Energy = -1.255878 
<M> = (0.089685,-0.016112), <E> = -1.248974 

T=1.080000	 Thermalizing iterations... 
Done.
Thermalized Magnetisation = (0.106034,-0.011950), Energy = -1.274294 
Averaging iterations... h=0.015625,0.000000
Done.
Final: Magnetisation = (0.090334,-0.008285), Energy = -1.249564 
<M> = (0.091919,-0.044384), <E> = -1.260706 

T=1.070000	 Thermalizing iterations... 
Done.
Thermalized Magnetisation = (0.086638,0.047601), Energy = -1.282800 
Averaging iterations... h=0.015625,0.000000
Done.
Final: Magnetisation = (0.069628,0.097662), Energy = -1.267124 
<M> = (0.092064,-0.030322), <E> = -1.275102 

T=1.060000	 Thermalizing iterations... 
Done.
Thermalized Magnetisation = (0.111702,0.126887), Energy = -1.290598 
Averaging iterations... h=0.015625,0.000000
Done.
Final: Magnetisation = (0.169574,-0.173851), Energy = -1.307241 
<M> = (0.103346,-0.030936), <E> = -1.286615 

T=1.050000	 Thermalizing iterations... 
Done.
Thermalized Magnetisation = (0.145787,-0.011334), Energy = -1.307809 
Averaging iterations... h=0.015625,0.000000
Done.
Final: Magnetisation = (0.088870,0.003266), Energy = -1.292973 
<M> = (0.094773,0.004288), <E> = -1.297449 

T=1.040000	 Thermalizing iterations... 
Done.
Thermalized Magnetisation = (0.038575,0.085806), Energy = -1.297977 
Averaging iterations... h=0.015625,0.000000
Done.
Final: Magnetisation = (0.078382,-0.088135), Energy = -1.310808 
<M> = (0.096441,0.032692), <E> = -1.310441 

T=1.030000	 Thermalizing iterations... 
Done.
Thermalized Magnetisation = (0.068230,-0.111711), Energy = -1.291607 
Averaging iterations... h=0.015625,0.000000
Done.
Final: Magnetisation = (0.082083,-0.003844), Energy = -1.330977 
<M> = (0.107509,-0.054470), <E> = -1.321985 

T=1.020000	 Thermalizing iterations... 
Done.
Thermalized Magnetisation = (0.111318,-0.115608), Energy = -1.317279 
Averaging iterations... h=0.015625,0.000000
Done.
Final: Magnetisation = (0.073811,0.008816), Energy = -1.330628 
<M> = (0.108080,-0.089522), <E> = -1.333966 

T=1.010000	 Thermalizing iterations... 
Done.
Thermalized Magnetisation = (0.055804,-0.072656), Energy = -1.332774 
Averaging iterations... h=0.015625,0.000000
Done.
Final: Magnetisation = (0.118242,-0.145444), Energy = -1.356085 
<M> = (0.105350,-0.122463), <E> = -1.351083 

T=1.000000	 Thermalizing iterations... 
Done.
Thermalized Magnetisation = (0.106433,-0.348991), Energy = -1.381018 
Averaging iterations... h=0.015625,0.000000
Done.
Final: Magnetisation = (0.177975,-0.203126), Energy = -1.373551 
<M> = (0.110503,-0.154143), <E> = -1.362591 

T=0.990000	 Thermalizing iterations... 
Done.
Thermalized Magnetisation = (0.058195,0.096183), Energy = -1.394980 
Averaging iterations... h=0.015625,0.000000
Done.
Final: Magnetisation = (0.143535,-0.130270), Energy = -1.357998 
<M> = (0.122821,0.032209), <E> = -1.373742 

T=0.980000	 Thermalizing iterations... 
Done.
Thermalized Magnetisation = (0.101549,0.001195), Energy = -1.368088 
Averaging iterations... h=0.015625,0.000000
Done.
Final: Magnetisation = (0.189075,-0.114006), Energy = -1.386074 
<M> = (0.125817,-0.041869), <E> = -1.385171 

T=0.970000	 Thermalizing iterations... 
Done.
Thermalized Magnetisation = (0.102080,-0.141201), Energy = -1.363721 
Averaging iterations... h=0.015625,0.000000
Done.
Final: Magnetisation = (0.046056,-0.049544), Energy = -1.407414 
<M> = (0.125899,-0.052045), <E> = -1.395886 

T=0.960000	 Thermalizing iterations... 
Done.
Thermalized Magnetisation = (0.092307,-0.271774), Energy = -1.438241 
Averaging iterations... h=0.015625,0.000000
Done.
Final: Magnetisation = (0.151316,-0.029328), Energy = -1.397072 
<M> = (0.121842,-0.263505), <E> = -1.412459 

T=0.950000	 Thermalizing iterations... 
Done.
Thermalized Magnetisation = (0.025319,-0.391850), Energy = -1.410069 
Averaging iterations... h=0.015625,0.000000
Done.
Final: Magnetisation = (0.162927,-0.281816), Energy = -1.423480 
<M> = (0.117296,-0.379876), <E> = -1.428613 

T=0.940000	 Thermalizing iterations... 
Done.
Thermalized Magnetisation = (0.146636,-0.207468), Energy = -1.444991 
Averaging iterations... h=0.015625,0.000000
Done.
Final: Magnetisation = (0.048253,-0.346730), Energy = -1.425227 
<M> = (0.123673,-0.390680), <E> = -1.441485 

T=0.930000	 Thermalizing iterations... 
Done.
Thermalized Magnetisation = (0.120930,-0.356216), Energy = -1.441947 
Averaging iterations... h=0.015625,0.000000
Done.
Final: Magnetisation = (0.131101,-0.538398), Energy = -1.462486 
<M> = (0.114894,-0.420086), <E> = -1.453715 

T=0.920000	 Thermalizing iterations... 
Done.
Thermalized Magnetisation = (0.146228,-0.510656), Energy = -1.489725 
Averaging iterations... h=0.015625,0.000000
Done.
Final: Magnetisation = (0.040773,-0.506126), Energy = -1.453393 
<M> = (0.119114,-0.498292), <E> = -1.468587 

T=0.910000	 Thermalizing iterations... 
Done.
Thermalized Magnetisation = (0.061111,-0.561688), Energy = -1.464784 
Averaging iterations... h=0.015625,0.000000
Done.
Final: Magnetisation = (0.073026,-0.454017), Energy = -1.470807 
<M> = (0.127677,-0.492586), <E> = -1.477553 

T=0.900000	 Thermalizing iterations... 
Done.
Thermalized Magnetisation = (0.131864,-0.295810), Energy = -1.484760 
Averaging iterations... h=0.015625,0.000000
Done.
Final: Magnetisation = (0.244890,-0.446659), Energy = -1.473935 
<M> = (0.127914,-0.408153), <E> = -1.484469 

T=0.890000	 Thermalizing iterations... 
Done.
Thermalized Magnetisation = (0.108022,-0.549017), Energy = -1.505392 
Averaging iterations... h=0.015625,0.000000
Done.
Final: Magnetisation = (0.159613,-0.517760), Energy = -1.482430 
<M> = (0.118842,-0.545388), <E> = -1.498658 

T=0.880000	 Thermalizing iterations... 
Done.
Thermalized Magnetisation = (0.085268,-0.568431), Energy = -1.511248 
Averaging iterations... h=0.015625,0.000000
Done.
Final: Magnetisation = (0.187618,-0.566187), Energy = -1.516314 
<M> = (0.129895,-0.553688), <E> = -1.510373 

T=0.870000	 Thermalizing iterations... 
Done.
Thermalized Magnetisation = (0.073286,-0.584839), Energy = -1.532015 
Averaging iterations... h=0.015625,0.000000
Done.
Final: Magnetisation = (0.143159,-0.550806), Energy = -1.518104 
<M> = (0.102132,-0.576143), <E> = -1.521181 

T=0.860000	 Thermalizing iterations... 
Done.
Thermalized Magnetisation = (0.130126,-0.596615), Energy = -1.536913 
Averaging iterations... h=0.015625,0.000000
Done.
Final: Magnetisation = (0.141174,-0.574015), Energy = -1.534108 
<M> = (0.110463,-0.575576), <E> = -1.531098 

T=0.850000	 Thermalizing iterations... 
Done.
Thermalized Magnetisation = (0.066332,-0.606771), Energy = -1.521474 
Averaging iterations... h=0.015625,0.000000
Done.
Final: Magnetisation = (0.114887,-0.632392), Energy = -1.536947 
<M> = (0.116133,-0.592428), <E> = -1.540364 

T=0.840000	 Thermalizing iterations... 
Done.
Thermalized Magnetisation = (0.074635,-0.641881), Energy = -1.567026 
Averaging iterations... h=0.015625,0.000000
Done.
Final: Magnetisation = (0.117583,-0.610682), Energy = -1.576845 
<M> = (0.127805,-0.591289), <E> = -1.548704 

T=0.830000	 Thermalizing iterations... 
Done.
Thermalized Magnetisation = (0.174077,-0.590622), Energy = -1.551930 
Averaging iterations... h=0.015625,0.000000
Done.
Final: Magnetisation = (0.141053,-0.610867), Energy = -1.552371 
<M> = (0.124153,-0.589082), <E> = -1.556496 

T=0.820000	 Thermalizing iterations... 
Done.
Thermalized Magnetisation = (0.086628,-0.606867), Energy = -1.542350 
Averaging iterations... h=0.015625,0.000000
Done.
Final: Magnetisation = (0.125243,-0.615488), Energy = -1.554515 
<M> = (0.120459,-0.606541), <E> = -1.565652 

T=0.810000	 Thermalizing iterations... 
Done.
Thermalized Magnetisation = (0.061083,-0.666319), Energy = -1.560084 
Averaging iterations... h=0.015625,0.000000
Done.
Final: Magnetisation = (0.089473,-0.576563), Energy = -1.562006 
<M> = (0.117669,-0.618146), <E> = -1.574753 

T=0.800000	 Thermalizing iterations... 
Done.
Thermalized Magnetisation = (0.127931,-0.676247), Energy = -1.598832 
Averaging iterations... h=0.015625,0.000000
Done.
Final: Magnetisation = (0.097393,-0.624473), Energy = -1.584251 
<M> = (0.109934,-0.623567), <E> = -1.582899 

T=0.790000	 Thermalizing iterations... 
Done.
Thermalized Magnetisation = (0.071686,-0.641558), Energy = -1.596504 
Averaging iterations... h=0.015625,0.000000
Done.
Final: Magnetisation = (0.063762,-0.630269), Energy = -1.612320 
<M> = (0.109968,-0.634624), <E> = -1.592470 

T=0.780000	 Thermalizing iterations... 
Done.
Thermalized Magnetisation = (0.151886,-0.624883), Energy = -1.592463 
Averaging iterations... h=0.015625,0.000000
Done.
Final: Magnetisation = (0.131435,-0.661067), Energy = -1.610236 
<M> = (0.120684,-0.636665), <E> = -1.600189 

T=0.770000	 Thermalizing iterations... 
Done.
Thermalized Magnetisation = (0.164135,-0.649059), Energy = -1.610675 
Averaging iterations... h=0.015625,0.000000
Done.
Final: Magnetisation = (0.067639,-0.617127), Energy = -1.596272 
<M> = (0.117075,-0.640864), <E> = -1.608273 

T=0.760000	 Thermalizing iterations... 
Done.
Thermalized Magnetisation = (0.100623,-0.649332), Energy = -1.603596 
Averaging iterations... h=0.015625,0.000000
Done.
Final: Magnetisation = (0.212995,-0.655558), Energy = -1.624618 
<M> = (0.120048,-0.646186), <E> = -1.614876 

T=0.750000	 Thermalizing iterations... 
Done.
Thermalized Magnetisation = (0.155680,-0.593187), Energy = -1.613201 
Averaging iterations... h=0.015625,0.000000
Done.
Final: Magnetisation = (0.066121,-0.667618), Energy = -1.619826 
<M> = (0.120775,-0.646157), <E> = -1.622168 

T=0.740000	 Thermalizing iterations... 
Done.
Thermalized Magnetisation = (0.129878,-0.667934), Energy = -1.641431 
Averaging iterations... h=0.015625,0.000000
Done.
Final: Magnetisation = (0.095014,-0.663287), Energy = -1.626115 
<M> = (0.121650,-0.651741), <E> = -1.629750 

T=0.730000	 Thermalizing iterations... 
Done.
Thermalized Magnetisation = (0.153740,-0.640001), Energy = -1.625244 
Averaging iterations... h=0.015625,0.000000
Done.
Final: Magnetisation = (0.079483,-0.666021), Energy = -1.635942 
<M> = (0.122282,-0.658135), <E> = -1.637729 

T=0.720000	 Thermalizing iterations... 
Done.
Thermalized Magnetisation = (0.138910,-0.656033), Energy = -1.629731 
Averaging iterations... h=0.015625,0.000000
Done.
Final: Magnetisation = (0.129241,-0.675429), Energy = -1.637052 
<M> = (0.110567,-0.665127), <E> = -1.645163 

T=0.710000	 Thermalizing iterations... 
Done.
Thermalized Magnetisation = (0.128103,-0.661276), Energy = -1.652284 
Averaging iterations... h=0.015625,0.000000
Done.
Final: Magnetisation = (0.084568,-0.680771), Energy = -1.673368 
<M> = (0.113679,-0.670052), <E> = -1.652956 

T=0.700000	 Thermalizing iterations... 
Done.
Thermalized Magnetisation = (0.110765,-0.709740), Energy = -1.659971 
Averaging iterations... h=0.015625,0.000000
Done.
Final: Magnetisation = (0.077839,-0.672543), Energy = -1.649173 
<M> = (0.112426,-0.679938), <E> = -1.660198 

T=0.690000	 Thermalizing iterations... 
Done.
Thermalized Magnetisation = (0.139644,-0.676083), Energy = -1.669560 
Averaging iterations... h=0.015625,0.000000
Done.
Final: Magnetisation = (0.085474,-0.712057), Energy = -1.666018 
<M> = (0.124010,-0.678430), <E> = -1.666918 

T=0.680000	 Thermalizing iterations... 
Done.
Thermalized Magnetisation = (0.082765,-0.687803), Energy = -1.675185 
Averaging iterations... h=0.015625,0.000000
Done.
Final: Magnetisation = (0.090258,-0.697383), Energy = -1.678397 
<M> = (0.124897,-0.673829), <E> = -1.673201 

T=0.670000	 Thermalizing iterations... 
Done.
Thermalized Magnetisation = (0.082308,-0.684008), Energy = -1.673317 
Averaging iterations... h=0.015625,0.000000
Done.
Final: Magnetisation = (0.228354,-0.676396), Energy = -1.690489 
<M> = (0.119392,-0.682815), <E> = -1.679905 

T=0.660000	 Thermalizing iterations... 
Done.
Thermalized Magnetisation = (0.080935,-0.678222), Energy = -1.673772 
Averaging iterations... h=0.015625,0.000000
Done.
Final: Magnetisation = (0.124763,-0.662742), Energy = -1.693704 
<M> = (0.127547,-0.688256), <E> = -1.686928 

T=0.650000	 Thermalizing iterations... 
Done.
Thermalized Magnetisation = (0.086121,-0.681352), Energy = -1.692250 
Averaging iterations... h=0.015625,0.000000
Done.
Final: Magnetisation = (0.088328,-0.705532), Energy = -1.687216 
<M> = (0.114260,-0.693526), <E> = -1.694107 

T=0.640000	 Thermalizing iterations... 
Done.
Thermalized Magnetisation = (0.140195,-0.712989), Energy = -1.715856 
Averaging iterations... h=0.015625,0.000000
Done.
Final: Magnetisation = (0.155922,-0.691755), Energy = -1.706848 
<M> = (0.111764,-0.696131), <E> = -1.701261 

T=0.630000	 Thermalizing iterations... 
Done.
Thermalized Magnetisation = (0.119687,-0.710852), Energy = -1.706432 
Averaging iterations... h=0.015625,0.000000
Done.
Final: Magnetisation = (0.076948,-0.691859), Energy = -1.704113 
<M> = (0.111779,-0.702361), <E> = -1.707733 

T=0.620000	 Thermalizing iterations... 
Done.
Thermalized Magnetisation = (0.092573,-0.716477), Energy = -1.724252 
Averaging iterations... h=0.015625,0.000000
Done.
Final: Magnetisation = (0.155828,-0.703073), Energy = -1.727306 
<M> = (0.117126,-0.706705), <E> = -1.714428 

T=0.610000	 Thermalizing iterations... 
Done.
Thermalized Magnetisation = (0.126555,-0.693517), Energy = -1.716187 
Averaging iterations... h=0.015625,0.000000
Done.
Final: Magnetisation = (0.096839,-0.703206), Energy = -1.723406 
<M> = (0.122113,-0.706359), <E> = -1.720245 

T=0.600000	 Thermalizing iterations... 
Done.
Thermalized Magnetisation = (0.132539,-0.707195), Energy = -1.729430 
Averaging iterations... h=0.015625,0.000000
Done.
Final: Magnetisation = (0.137300,-0.711172), Energy = -1.731962 
<M> = (0.119107,-0.709159), <E> = -1.726603 

T=0.590000	 Thermalizing iterations... 
Done.
Thermalized Magnetisation = (0.117114,-0.692578), Energy = -1.733631 
Averaging iterations... h=0.015625,0.000000
Done.
Final: Magnetisation = (0.127929,-0.714290), Energy = -1.738232 
<M> = (0.124386,-0.712871), <E> = -1.733023 

T=0.580000	 Thermalizing iterations... 
Done.
Thermalized Magnetisation = (0.124817,-0.705967), Energy = -1.750405 
Averaging iterations... h=0.015625,0.000000
Done.
Final: Magnetisation = (0.109269,-0.738157), Energy = -1.750813 
<M> = (0.112933,-0.718668), <E> = -1.739776 

T=0.570000	 Thermalizing iterations... 
Done.
Thermalized Magnetisation = (0.131993,-0.726199), Energy = -1.751882 
Averaging iterations... h=0.015625,0.000000
Done.
Final: Magnetisation = (0.165935,-0.706743), Energy = -1.738635 
<M> = (0.108399,-0.722511), <E> = -1.746113 

T=0.560000	 Thermalizing iterations... 
Done.
Thermalized Magnetisation = (0.100838,-0.736012), Energy = -1.762902 
Averaging iterations... h=0.015625,0.000000
Done.
Final: Magnetisation = (0.129463,-0.728788), Energy = -1.753640 
<M> = (0.109930,-0.730207), <E> = -1.752811 

T=0.550000	 Thermalizing iterations... 
Done.
Thermalized Magnetisation = (0.128476,-0.709800), Energy = -1.768114 
Averaging iterations... h=0.015625,0.000000
Done.
Final: Magnetisation = (0.093665,-0.743098), Energy = -1.768457 
<M> = (0.115161,-0.733034), <E> = -1.758905 

T=0.540000	 Thermalizing iterations... 
Done.
Thermalized Magnetisation = (0.165430,-0.706735), Energy = -1.768144 
Averaging iterations... h=0.015625,0.000000
Done.
Final: Magnetisation = (0.114589,-0.756208), Energy = -1.764181 
<M> = (0.122185,-0.729631), <E> = -1.764644 

T=0.530000	 Thermalizing iterations... 
Done.
Thermalized Magnetisation = (0.143624,-0.716488), Energy = -1.776147 
Averaging iterations... h=0.015625,0.000000
Done.
Final: Magnetisation = (0.144215,-0.731474), Energy = -1.780941 
<M> = (0.120384,-0.730836), <E> = -1.770522 

T=0.520000	 Thermalizing iterations... 
Done.
Thermalized Magnetisation = (0.066478,-0.705379), Energy = -1.773469 
Averaging iterations... h=0.015625,0.000000
Done.
Final: Magnetisation = (0.161270,-0.714101), Energy = -1.770310 
<M> = (0.120493,-0.731000), <E> = -1.776315 

T=0.510000	 Thermalizing iterations... 
Done.
Thermalized Magnetisation = (0.074856,-0.744789), Energy = -1.781545 
Averaging iterations... h=0.015625,0.000000
Done.
Final: Magnetisation = (0.146685,-0.737800), Energy = -1.785274 
<M> = (0.118791,-0.743644), <E> = -1.782797 

T=0.500000	 Thermalizing iterations... 
Done.
Thermalized Magnetisation = (0.084382,-0.751863), Energy = -1.784249 
Averaging iterations... h=0.015625,0.000000
Done.
Final: Magnetisation = (0.103911,-0.737699), Energy = -1.798796 
<M> = (0.117540,-0.746476), <E> = -1.789159 

T=0.490000	 Thermalizing iterations... 
Done.
Thermalized Magnetisation = (0.095920,-0.764245), Energy = -1.799241 
Averaging iterations... h=0.015625,0.000000
Done.
Final: Magnetisation = (0.131852,-0.746146), Energy = -1.790861 
<M> = (0.112720,-0.751266), <E> = -1.795292 

T=0.480000	 Thermalizing iterations... 
Done.
Thermalized Magnetisation = (0.166412,-0.733520), Energy = -1.801470 
Averaging iterations... h=0.015625,0.000000
Done.
Final: Magnetisation = (0.102061,-0.733579), Energy = -1.789791 
<M> = (0.118227,-0.753562), <E> = -1.801270 

T=0.470000	 Thermalizing iterations... 
Done.
Thermalized Magnetisation = (0.154220,-0.752930), Energy = -1.812480 
Averaging iterations... h=0.015625,0.000000
Done.
Final: Magnetisation = (0.120743,-0.753097), Energy = -1.808174 
<M> = (0.121401,-0.754507), <E> = -1.807085 

T=0.460000	 Thermalizing iterations... 
Done.
Thermalized Magnetisation = (0.132434,-0.761029), Energy = -1.805180 
Averaging iterations... h=0.015625,0.000000
Done.
Final: Magnetisation = (0.109785,-0.756576), Energy = -1.800782 
<M> = (0.121846,-0.753989), <E> = -1.812417 

T=0.450000	 Thermalizing iterations... 
Done.
Thermalized Magnetisation = (0.126527,-0.755016), Energy = -1.821722 
Averaging iterations... h=0.015625,0.000000
Done.
Final: Magnetisation = (0.157071,-0.745180), Energy = -1.814894 
<M> = (0.122644,-0.756510), <E> = -1.818522 

T=0.440000	 Thermalizing iterations... 
Done.
Thermalized Magnetisation = (0.103497,-0.771687), Energy = -1.826317 
Averaging iterations... h=0.015625,0.000000
Done.
Final: Magnetisation = (0.119038,-0.761723), Energy = -1.830390 
<M> = (0.128530,-0.759588), <E> = -1.824022 

T=0.430000	 Thermalizing iterations... 
Done.
Thermalized Magnetisation = (0.077006,-0.791404), Energy = -1.834087 
Averaging iterations... h=0.015625,0.000000
Done.
Final: Magnetisation = (0.088362,-0.755301), Energy = -1.817984 
<M> = (0.119576,-0.767514), <E> = -1.830076 

T=0.420000	 Thermalizing iterations... 
Done.
Thermalized Magnetisation = (0.138400,-0.771733), Energy = -1.834823 
Averaging iterations... h=0.015625,0.000000
Done.
Final: Magnetisation = (0.108441,-0.774792), Energy = -1.835707 
<M> = (0.114364,-0.769584), <E> = -1.836211 

T=0.410000	 Thermalizing iterations... 
Done.
Thermalized Magnetisation = (0.153485,-0.760150), Energy = -1.841345 
Averaging iterations... h=0.015625,0.000000
Done.
Final: Magnetisation = (0.151870,-0.755655), Energy = -1.840355 
<M> = (0.116034,-0.775874), <E> = -1.842040 

T=0.400000	 Thermalizing iterations... 
Done.
Thermalized Magnetisation = (0.106505,-0.764319), Energy = -1.839591 
Averaging iterations... h=0.015625,0.000000
Done.
Final: Magnetisation = (0.130376,-0.778938), Energy = -1.846091 
<M> = (0.117140,-0.777494), <E> = -1.847469 

T=0.390000	 Thermalizing iterations... 
Done.
Thermalized Magnetisation = (0.118021,-0.778379), Energy = -1.849186 
Averaging iterations... h=0.015625,0.000000
Done.
Final: Magnetisation = (0.115940,-0.776182), Energy = -1.842138 
<M> = (0.123413,-0.775530), <E> = -1.853123 

T=0.380000	 Thermalizing iterations... 
Done.
Thermalized Magnetisation = (0.121505,-0.782068), Energy = -1.854670 
Averaging iterations... h=0.015625,0.000000
Done.
Final: Magnetisation = (0.128366,-0.781342), Energy = -1.863055 
<M> = (0.123035,-0.778553), <E> = -1.858682 

T=0.370000	 Thermalizing iterations... 
Done.
Thermalized Magnetisation = (0.150992,-0.785605), Energy = -1.870126 
Averaging iterations... h=0.015625,0.000000
Done.
Final: Magnetisation = (0.164061,-0.766624), Energy = -1.861766 
<M> = (0.123861,-0.781895), <E> = -1.864080 

T=0.360000	 Thermalizing iterations... 
Done.
Thermalized Magnetisation = (0.130101,-0.796675), Energy = -1.872764 
Averaging iterations... h=0.015625,0.000000
Done.
Final: Magnetisation = (0.129780,-0.788993), Energy = -1.864411 
<M> = (0.118439,-0.787210), <E> = -1.870076 

T=0.350000	 Thermalizing iterations... 
Done.
Thermalized Magnetisation = (0.115875,-0.769102), Energy = -1.870662 
Averaging iterations... h=0.015625,0.000000
Done.
Final: Magnetisation = (0.100692,-0.792008), Energy = -1.869451 
<M> = (0.118718,-0.790205), <E> = -1.875771 

T=0.340000	 Thermalizing iterations... 
Done.
Thermalized Magnetisation = (0.127594,-0.803156), Energy = -1.881291 
Averaging iterations... h=0.015625,0.000000
Done.
Final: Magnetisation = (0.172924,-0.789172), Energy = -1.878492 
<M> = (0.118602,-0.793321), <E> = -1.881400 

T=0.330000	 Thermalizing iterations... 
Done.
Thermalized Magnetisation = (0.131155,-0.796030), Energy = -1.883029 
Averaging iterations... h=0.015625,0.000000
Done.
Final: Magnetisation = (0.122464,-0.808288), Energy = -1.888294 
<M> = (0.119758,-0.796490), <E> = -1.886972 

T=0.320000	 Thermalizing iterations... 
Done.
Thermalized Magnetisation = (0.134938,-0.799462), Energy = -1.890866 
Averaging iterations... h=0.015625,0.000000
Done.
Final: Magnetisation = (0.135267,-0.794150), Energy = -1.891125 
<M> = (0.120058,-0.797823), <E> = -1.892383 

T=0.310000	 Thermalizing iterations... 
Done.
Thermalized Magnetisation = (0.107886,-0.786127), Energy = -1.895677 
Averaging iterations... h=0.015625,0.000000
Done.
Final: Magnetisation = (0.145480,-0.795645), Energy = -1.893830 
<M> = (0.121052,-0.797499), <E> = -1.897720 

T=0.300000	 Thermalizing iterations... 
Done.
Thermalized Magnetisation = (0.119726,-0.797210), Energy = -1.902522 
Averaging iterations... h=0.015625,0.000000
Done.
Final: Magnetisation = (0.126473,-0.798352), Energy = -1.901682 
<M> = (0.124550,-0.802580), <E> = -1.903323 

T=0.290000	 Thermalizing iterations... 
Done.
Thermalized Magnetisation = (0.133144,-0.805985), Energy = -1.906764 
Averaging iterations... h=0.015625,0.000000
Done.
Final: Magnetisation = (0.120562,-0.807087), Energy = -1.909583 
<M> = (0.118641,-0.804713), <E> = -1.908701 

T=0.280000	 Thermalizing iterations... 
Done.
Thermalized Magnetisation = (0.111201,-0.812226), Energy = -1.913579 
Averaging iterations... h=0.015625,0.000000
Done.
Final: Magnetisation = (0.116254,-0.809417), Energy = -1.912215 
<M> = (0.115747,-0.809492), <E> = -1.914219 

T=0.270000	 Thermalizing iterations... 
Done.
Thermalized Magnetisation = (0.105394,-0.818091), Energy = -1.922461 
Averaging iterations... h=0.015625,0.000000
Done.
Final: Magnetisation = (0.148902,-0.813941), Energy = -1.918163 
<M> = (0.121252,-0.812854), <E> = -1.919864 

T=0.260000	 Thermalizing iterations... 
Done.
Thermalized Magnetisation = (0.110934,-0.799039), Energy = -1.923260 
Averaging iterations... h=0.015625,0.000000
Done.
Final: Magnetisation = (0.106103,-0.815908), Energy = -1.925740 
<M> = (0.125162,-0.816295), <E> = -1.925291 

T=0.250000	 Thermalizing iterations... 
Done.
Thermalized Magnetisation = (0.127903,-0.813126), Energy = -1.929084 
Averaging iterations... h=0.015625,0.000000
Done.
Final: Magnetisation = (0.143603,-0.811756), Energy = -1.933507 
<M> = (0.120437,-0.818352), <E> = -1.930602 

T=0.240000	 Thermalizing iterations... 
Done.
Thermalized Magnetisation = (0.124959,-0.821710), Energy = -1.940523 
Averaging iterations... h=0.015625,0.000000
Done.
Final: Magnetisation = (0.110772,-0.821940), Energy = -1.936186 
<M> = (0.120275,-0.819503), <E> = -1.935767 

T=0.230000	 Thermalizing iterations... 
Done.
Thermalized Magnetisation = (0.128669,-0.813676), Energy = -1.942592 
Averaging iterations... h=0.015625,0.000000
Done.
Final: Magnetisation = (0.116216,-0.829842), Energy = -1.941990 
<M> = (0.123546,-0.820558), <E> = -1.941159 

T=0.220000	 Thermalizing iterations... 
Done.
Thermalized Magnetisation = (0.143101,-0.826311), Energy = -1.946654 
Averaging iterations... h=0.015625,0.000000
Done.
Final: Magnetisation = (0.124579,-0.823925), Energy = -1.946112 
<M> = (0.121731,-0.824002), <E> = -1.946379 

T=0.210000	 Thermalizing iterations... 
Done.
Thermalized Magnetisation = (0.103392,-0.833702), Energy = -1.949703 
Averaging iterations... h=0.015625,0.000000
Done.
Final: Magnetisation = (0.127741,-0.829361), Energy = -1.952071 
<M> = (0.119299,-0.825856), <E> = -1.951760 

T=0.200000	 Thermalizing iterations... 
Done.
Thermalized Magnetisation = (0.115939,-0.828632), Energy = -1.956257 
Averaging iterations... h=0.015625,0.000000
Done.
Final: Magnetisation = (0.139070,-0.832349), Energy = -1.956240 
<M> = (0.122194,-0.830029), <E> = -1.957195 

T=0.190000	 Thermalizing iterations... 
Done.
Thermalized Magnetisation = (0.129012,-0.831843), Energy = -1.962670 
Averaging iterations... h=0.015625,0.000000
Done.
Final: Magnetisation = (0.099250,-0.836429), Energy = -1.963955 
<M> = (0.122897,-0.832918), <E> = -1.962494 

T=0.180000	 Thermalizing iterations... 
Done.
Thermalized Magnetisation = (0.120024,-0.828946), Energy = -1.969856 
Averaging iterations... h=0.015625,0.000000
Done.
Final: Magnetisation = (0.125846,-0.829784), Energy = -1.969374 
<M> = (0.121355,-0.836721), <E> = -1.967820 

T=0.170000	 Thermalizing iterations... 
Done.
Thermalized Magnetisation = (0.107654,-0.843343), Energy = -1.969308 
Averaging iterations... h=0.015625,0.000000
Done.
Final: Magnetisation = (0.103734,-0.839849), Energy = -1.970692 
<M> = (0.119014,-0.837543), <E> = -1.972937 

T=0.160000	 Thermalizing iterations... 
Done.
Thermalized Magnetisation = (0.114582,-0.846742), Energy = -1.980407 
Averaging iterations... h=0.015625,0.000000
Done.
Final: Magnetisation = (0.125405,-0.833361), Energy = -1.979272 
<M> = (0.119135,-0.839191), <E> = -1.978169 

T=0.150000	 Thermalizing iterations... 
Done.
Thermalized Magnetisation = (0.154830,-0.836147), Energy = -1.983730 
Averaging iterations... h=0.015625,0.000000
Done.
Final: Magnetisation = (0.129469,-0.843412), Energy = -1.982409 
<M> = (0.125092,-0.841545), <E> = -1.983317 

T=0.140000	 Thermalizing iterations... 
Done.
Thermalized Magnetisation = (0.109557,-0.843234), Energy = -1.989108 
Averaging iterations... h=0.015625,0.000000
Done.
Final: Magnetisation = (0.120599,-0.847418), Energy = -1.988863 
<M> = (0.120253,-0.845611), <E> = -1.988535 

T=0.130000	 Thermalizing iterations... 
Done.
Thermalized Magnetisation = (0.134882,-0.847592), Energy = -1.995103 
Averaging iterations... h=0.015625,0.000000
Done.
Final: Magnetisation = (0.093764,-0.849796), Energy = -1.992678 
<M> = (0.122270,-0.845566), <E> = -1.993781 

T=0.120000	 Thermalizing iterations... 
Done.
Thermalized Magnetisation = (0.127678,-0.853168), Energy = -1.996967 
Averaging iterations... h=0.015625,0.000000
Done.
Final: Magnetisation = (0.144953,-0.851168), Energy = -1.998770 
<M> = (0.120581,-0.851165), <E> = -1.998977 

T=0.110000	 Thermalizing iterations... 
Done.
Thermalized Magnetisation = (0.131248,-0.846400), Energy = -2.005100 
Averaging iterations... h=0.015625,0.000000
Done.
Final: Magnetisation = (0.124841,-0.851572), Energy = -2.004106 
<M> = (0.122723,-0.853112), <E> = -2.004112 

T=0.100000	 Thermalizing iterations... 
Done.
Thermalized Magnetisation = (0.121863,-0.853705), Energy = -2.010482 
Averaging iterations... h=0.015625,0.000000
Done.
Final: Magnetisation = (0.119799,-0.849815), Energy = -2.009111 
<M> = (0.117427,-0.855070), <E> = -2.009303 

T=0.090000	 Thermalizing iterations... 
Done.
Thermalized Magnetisation = (0.132132,-0.854856), Energy = -2.012059 
Averaging iterations... h=0.015625,0.000000
Done.
Final: Magnetisation = (0.123601,-0.862309), Energy = -2.014596 
<M> = (0.125105,-0.857725), <E> = -2.014339 

T=0.080000	 Thermalizing iterations... 
Done.
Thermalized Magnetisation = (0.110694,-0.865993), Energy = -2.020032 
Averaging iterations... h=0.015625,0.000000
Done.
Final: Magnetisation = (0.119567,-0.860072), Energy = -2.020222 
<M> = (0.115937,-0.860741), <E> = -2.019481 

T=0.070000	 Thermalizing iterations... 
Done.
Thermalized Magnetisation = (0.121989,-0.863186), Energy = -2.024685 
Averaging iterations... h=0.015625,0.000000
Done.
Final: Magnetisation = (0.126378,-0.860980), Energy = -2.025197 
<M> = (0.120666,-0.862106), <E> = -2.024515 

T=0.060000	 Thermalizing iterations... 
Done.
Thermalized Magnetisation = (0.128079,-0.863694), Energy = -2.028840 
Averaging iterations... h=0.015625,0.000000
Done.
Final: Magnetisation = (0.124307,-0.864571), Energy = -2.029288 
<M> = (0.123495,-0.865322), <E> = -2.029648 

T=0.050000	 Thermalizing iterations... 
Done.
Thermalized Magnetisation = (0.126133,-0.867281), Energy = -2.035226 
Averaging iterations... h=0.015625,0.000000
Done.
Final: Magnetisation = (0.122319,-0.867429), Energy = -2.035033 
<M> = (0.124906,-0.867755), <E> = -2.034760 

T=0.040000	 Thermalizing iterations... 
Done.
Thermalized Magnetisation = (0.124437,-0.866956), Energy = -2.039326 
Averaging iterations... h=0.015625,0.000000
Done.
Final: Magnetisation = (0.119421,-0.866431), Energy = -2.039668 
<M> = (0.125666,-0.869062), <E> = -2.039783 

T=0.030000	 Thermalizing iterations... 
Done.
Thermalized Magnetisation = (0.128577,-0.871839), Energy = -2.044460 
Averaging iterations... h=0.015625,0.000000
Done.
Final: Magnetisation = (0.123964,-0.874714), Energy = -2.044856 
<M> = (0.122179,-0.872734), <E> = -2.044870 

T=0.020000	 Thermalizing iterations... 
Done.
Thermalized Magnetisation = (0.124816,-0.872886), Energy = -2.049821 
Averaging iterations... h=0.015625,0.000000
Done.
Final: Magnetisation = (0.124695,-0.875873), Energy = -2.049830 
<M> = (0.122651,-0.874988), <E> = -2.049862 

T=0.010000	 Thermalizing iterations... 
Done.
Thermalized Magnetisation = (0.122714,-0.877626), Energy = -2.054869 
Averaging iterations... h=0.015625,0.000000
Done.
Final: Magnetisation = (0.124103,-0.877142), Energy = -2.054812 
<M> = (0.124540,-0.877017), <E> = -2.054864 
Final Magnetisation = (0.124103,-0.877142), Energy = -2.054812 
------------------------

Updating all (first)black/(then)white checkerboard sites simultaneously.. 

ztne RFXY h rotating with |h|=0.015625 at T=0.000000..
loop 1

loop 2

CPU  Start Time = 2963203.932724 

CPU  End Time = 2971759.419932 

CPU Time elapsed total = 8555.487208 

real	142m35.509s
user	2419m53.910s
sys	1m9.930s
