+ cd /home/sbasak/Exercises/OpenMP/XY_code/Z2/rotating_field/trial/config/config_35
+ export OMP_NUM_THREADS=28
+ OMP_NUM_THREADS=28
+ ./a_4.out
nearest neighbor initialized. 
h loaded. 
J loaded. 
L = 128, dim_L = 2, dim_S = 2
hysteresis_MCS_multiplier = 10, hysteresis_MCS_max = 100
RAND_MAX = 2147483647.000000,
 sizeof(int) = 4,
 sizeof(long) = 8,
 sizeof(double) = 8,
 sizeof(long int) = 8,
 sizeof(short int) = 2,
 sizeof(unsigned int) = 4,
 sizeof(RAND_MAX) = 4
No. of THREADS = 28
No. of PROCESSORS = 28

0.058863,0.023289
order = ({1.000000-->-1.000000,0.000000}, 0, 1)
Initial Magnetisation = (0.058863,0.023289), Energy = 0.017903 
Cooling... 
T=2.000000	 Thermalizing iterations... 
Done.
Thermalized Magnetisation = (0.112343,-0.028195), Energy = -0.604192 
Averaging iterations... h=0.125000,0.000000
Done.
Final: Magnetisation = (0.120359,-0.039033), Energy = -0.600573 
<M> = (0.118022,-0.000265), <E> = -0.634975 

T=1.990000	 Thermalizing iterations... 
Done.
Thermalized Magnetisation = (0.080586,0.024183), Energy = -0.636278 
Averaging iterations... h=0.125000,0.000000
Done.
Final: Magnetisation = (0.111732,-0.007970), Energy = -0.674535 
<M> = (0.121408,-0.001808), <E> = -0.639980 

T=1.980000	 Thermalizing iterations... 
Done.
Thermalized Magnetisation = (0.102653,0.001713), Energy = -0.660418 
Averaging iterations... h=0.125000,0.000000
Done.
Final: Magnetisation = (0.137718,0.007938), Energy = -0.635098 
<M> = (0.122265,-0.001108), <E> = -0.644598 

T=1.970000	 Thermalizing iterations... 
Done.
Thermalized Magnetisation = (0.107490,0.032569), Energy = -0.654076 
Averaging iterations... h=0.125000,0.000000
Done.
Final: Magnetisation = (0.121131,-0.053301), Energy = -0.633992 
<M> = (0.124322,-0.002341), <E> = -0.649034 

T=1.960000	 Thermalizing iterations... 
Done.
Thermalized Magnetisation = (0.116013,-0.027715), Energy = -0.671045 
Averaging iterations... h=0.125000,0.000000
Done.
Final: Magnetisation = (0.116391,0.011087), Energy = -0.662296 
<M> = (0.126601,-0.000939), <E> = -0.652949 

T=1.950000	 Thermalizing iterations... 
Done.
Thermalized Magnetisation = (0.130502,0.021569), Energy = -0.651375 
Averaging iterations... h=0.125000,0.000000
Done.
Final: Magnetisation = (0.185078,-0.007178), Energy = -0.681501 
<M> = (0.128643,-0.000414), <E> = -0.656672 

T=1.940000	 Thermalizing iterations... 
Done.
Thermalized Magnetisation = (0.183987,-0.002008), Energy = -0.666700 
Averaging iterations... h=0.125000,0.000000
Done.
Final: Magnetisation = (0.153664,0.026804), Energy = -0.657093 
<M> = (0.129124,0.000093), <E> = -0.660144 

T=1.930000	 Thermalizing iterations... 
Done.
Thermalized Magnetisation = (0.152580,0.006283), Energy = -0.682040 
Averaging iterations... h=0.125000,0.000000
Done.
Final: Magnetisation = (0.078351,0.008297), Energy = -0.624866 
<M> = (0.129941,0.000032), <E> = -0.663787 

T=1.920000	 Thermalizing iterations... 
Done.
Thermalized Magnetisation = (0.110843,0.036468), Energy = -0.691696 
Averaging iterations... h=0.125000,0.000000
Done.
Final: Magnetisation = (0.121355,-0.014382), Energy = -0.655524 
<M> = (0.133017,-0.001591), <E> = -0.669237 

T=1.910000	 Thermalizing iterations... 
Done.
Thermalized Magnetisation = (0.095385,-0.003072), Energy = -0.648550 
Averaging iterations... h=0.125000,0.000000
Done.
Final: Magnetisation = (0.107123,-0.013701), Energy = -0.704543 
<M> = (0.135206,-0.001123), <E> = -0.674181 

T=1.900000	 Thermalizing iterations... 
Done.
Thermalized Magnetisation = (0.203084,0.080354), Energy = -0.705275 
Averaging iterations... h=0.125000,0.000000
Done.
Final: Magnetisation = (0.093278,-0.014624), Energy = -0.656300 
<M> = (0.137143,-0.003156), <E> = -0.678816 

T=1.890000	 Thermalizing iterations... 
Done.
Thermalized Magnetisation = (0.092508,0.022961), Energy = -0.675781 
Averaging iterations... h=0.125000,0.000000
Done.
Final: Magnetisation = (0.107361,0.004548), Energy = -0.671183 
<M> = (0.138737,-0.002215), <E> = -0.683377 

T=1.880000	 Thermalizing iterations... 
Done.
Thermalized Magnetisation = (0.159297,-0.038107), Energy = -0.685803 
Averaging iterations... h=0.125000,0.000000
Done.
Final: Magnetisation = (0.086572,0.018658), Energy = -0.687568 
<M> = (0.141451,-0.001433), <E> = -0.687999 

T=1.870000	 Thermalizing iterations... 
Done.
Thermalized Magnetisation = (0.130627,0.008676), Energy = -0.674639 
Averaging iterations... h=0.125000,0.000000
Done.
Final: Magnetisation = (0.166698,0.013998), Energy = -0.698111 
<M> = (0.142933,0.002118), <E> = -0.691904 

T=1.860000	 Thermalizing iterations... 
Done.
Thermalized Magnetisation = (0.101790,0.033738), Energy = -0.654161 
Averaging iterations... h=0.125000,0.000000
Done.
Final: Magnetisation = (0.169041,-0.028239), Energy = -0.673149 
<M> = (0.144004,-0.000168), <E> = -0.696340 

T=1.850000	 Thermalizing iterations... 
Done.
Thermalized Magnetisation = (0.131283,0.065401), Energy = -0.715665 
Averaging iterations... h=0.125000,0.000000
Done.
Final: Magnetisation = (0.178430,-0.001015), Energy = -0.734241 
<M> = (0.146165,-0.000405), <E> = -0.701187 

T=1.840000	 Thermalizing iterations... 
Done.
Thermalized Magnetisation = (0.142557,0.027267), Energy = -0.690764 
Averaging iterations... h=0.125000,0.000000
Done.
Final: Magnetisation = (0.165951,-0.016417), Energy = -0.741731 
<M> = (0.150496,-0.001589), <E> = -0.707040 

T=1.830000	 Thermalizing iterations... 
Done.
Thermalized Magnetisation = (0.205216,-0.007856), Energy = -0.722919 
Averaging iterations... h=0.125000,0.000000
Done.
Final: Magnetisation = (0.146513,0.049587), Energy = -0.702856 
<M> = (0.151644,-0.002391), <E> = -0.712200 

T=1.820000	 Thermalizing iterations... 
Done.
Thermalized Magnetisation = (0.159467,0.035378), Energy = -0.712612 
Averaging iterations... h=0.125000,0.000000
Done.
Final: Magnetisation = (0.173683,-0.016479), Energy = -0.719878 
<M> = (0.154432,-0.002697), <E> = -0.717826 

T=1.810000	 Thermalizing iterations... 
Done.
Thermalized Magnetisation = (0.144278,0.019475), Energy = -0.725654 
Averaging iterations... h=0.125000,0.000000
Done.
Final: Magnetisation = (0.143234,0.038913), Energy = -0.690826 
<M> = (0.159429,-0.001595), <E> = -0.723295 

T=1.800000	 Thermalizing iterations... 
Done.
Thermalized Magnetisation = (0.103119,0.006845), Energy = -0.704696 
Averaging iterations... h=0.125000,0.000000
Done.
Final: Magnetisation = (0.184245,0.036723), Energy = -0.752759 
<M> = (0.160772,0.000048), <E> = -0.727647 

T=1.790000	 Thermalizing iterations... 
Done.
Thermalized Magnetisation = (0.163128,-0.032248), Energy = -0.727952 
Averaging iterations... h=0.125000,0.000000
Done.
Final: Magnetisation = (0.119342,-0.071532), Energy = -0.708489 
<M> = (0.161747,-0.000147), <E> = -0.732387 

T=1.780000	 Thermalizing iterations... 
Done.
Thermalized Magnetisation = (0.163250,-0.014961), Energy = -0.739412 
Averaging iterations... h=0.125000,0.000000
Done.
Final: Magnetisation = (0.187536,0.008694), Energy = -0.740349 
<M> = (0.163569,0.000981), <E> = -0.737086 

T=1.770000	 Thermalizing iterations... 
Done.
Thermalized Magnetisation = (0.183275,0.021294), Energy = -0.749601 
Averaging iterations... h=0.125000,0.000000
Done.
Final: Magnetisation = (0.155550,0.086474), Energy = -0.735843 
<M> = (0.167821,-0.002864), <E> = -0.743651 

T=1.760000	 Thermalizing iterations... 
Done.
Thermalized Magnetisation = (0.168328,0.018906), Energy = -0.788686 
Averaging iterations... h=0.125000,0.000000
Done.
Final: Magnetisation = (0.209559,-0.035754), Energy = -0.752024 
<M> = (0.170734,-0.001178), <E> = -0.749727 

T=1.750000	 Thermalizing iterations... 
Done.
Thermalized Magnetisation = (0.145959,-0.016805), Energy = -0.741562 
Averaging iterations... h=0.125000,0.000000
Done.
Final: Magnetisation = (0.222314,-0.022104), Energy = -0.738227 
<M> = (0.172785,-0.003033), <E> = -0.755181 

T=1.740000	 Thermalizing iterations... 
Done.
Thermalized Magnetisation = (0.179294,0.019500), Energy = -0.743454 
Averaging iterations... h=0.125000,0.000000
Done.
Final: Magnetisation = (0.174489,-0.012502), Energy = -0.749347 
<M> = (0.175808,-0.002688), <E> = -0.760978 

T=1.730000	 Thermalizing iterations... 
Done.
Thermalized Magnetisation = (0.218062,-0.032055), Energy = -0.796197 
Averaging iterations... h=0.125000,0.000000
Done.
Final: Magnetisation = (0.138971,-0.056896), Energy = -0.764301 
<M> = (0.180460,-0.001130), <E> = -0.767300 

T=1.720000	 Thermalizing iterations... 
Done.
Thermalized Magnetisation = (0.185368,-0.050517), Energy = -0.769521 
Averaging iterations... h=0.125000,0.000000
Done.
Final: Magnetisation = (0.187030,0.024973), Energy = -0.783624 
<M> = (0.181863,0.001114), <E> = -0.771760 

T=1.710000	 Thermalizing iterations... 
Done.
Thermalized Magnetisation = (0.203499,-0.056653), Energy = -0.814490 
Averaging iterations... h=0.125000,0.000000
Done.
Final: Magnetisation = (0.215602,-0.013078), Energy = -0.801302 
<M> = (0.184715,-0.000353), <E> = -0.778289 

T=1.700000	 Thermalizing iterations... 
Done.
Thermalized Magnetisation = (0.226016,0.020864), Energy = -0.801268 
Averaging iterations... h=0.125000,0.000000
Done.
Final: Magnetisation = (0.213913,0.024361), Energy = -0.796301 
<M> = (0.188783,-0.001005), <E> = -0.784539 

T=1.690000	 Thermalizing iterations... 
Done.
Thermalized Magnetisation = (0.133994,0.025784), Energy = -0.810610 
Averaging iterations... h=0.125000,0.000000
Done.
Final: Magnetisation = (0.193428,-0.051908), Energy = -0.796066 
<M> = (0.191926,-0.001075), <E> = -0.790708 

T=1.680000	 Thermalizing iterations... 
Done.
Thermalized Magnetisation = (0.152671,-0.026902), Energy = -0.788428 
Averaging iterations... h=0.125000,0.000000
Done.
Final: Magnetisation = (0.165651,-0.096086), Energy = -0.786412 
<M> = (0.194602,-0.003164), <E> = -0.797847 

T=1.670000	 Thermalizing iterations... 
Done.
Thermalized Magnetisation = (0.193161,0.002083), Energy = -0.808196 
Averaging iterations... h=0.125000,0.000000
Done.
Final: Magnetisation = (0.205262,-0.074947), Energy = -0.839949 
<M> = (0.199059,-0.002037), <E> = -0.804357 

T=1.660000	 Thermalizing iterations... 
Done.
Thermalized Magnetisation = (0.151797,-0.005511), Energy = -0.793391 
Averaging iterations... h=0.125000,0.000000
Done.
Final: Magnetisation = (0.218340,-0.031507), Energy = -0.827245 
<M> = (0.202797,-0.001894), <E> = -0.811239 

T=1.650000	 Thermalizing iterations... 
Done.
Thermalized Magnetisation = (0.213568,-0.000366), Energy = -0.799110 
Averaging iterations... h=0.125000,0.000000
Done.
Final: Magnetisation = (0.162106,0.062405), Energy = -0.791621 
<M> = (0.207545,0.000349), <E> = -0.817445 

T=1.640000	 Thermalizing iterations... 
Done.
Thermalized Magnetisation = (0.229619,0.055519), Energy = -0.837324 
Averaging iterations... h=0.125000,0.000000
Done.
Final: Magnetisation = (0.261998,-0.032226), Energy = -0.842129 
<M> = (0.209682,0.001198), <E> = -0.823545 

T=1.630000	 Thermalizing iterations... 
Done.
Thermalized Magnetisation = (0.208560,0.042333), Energy = -0.846788 
Averaging iterations... h=0.125000,0.000000
Done.
Final: Magnetisation = (0.213589,0.022366), Energy = -0.777054 
<M> = (0.213678,0.000154), <E> = -0.830145 

T=1.620000	 Thermalizing iterations... 
Done.
Thermalized Magnetisation = (0.226963,-0.039316), Energy = -0.825981 
Averaging iterations... h=0.125000,0.000000
Done.
Final: Magnetisation = (0.269469,-0.046430), Energy = -0.833931 
<M> = (0.219294,-0.001328), <E> = -0.838202 

T=1.610000	 Thermalizing iterations... 
Done.
Thermalized Magnetisation = (0.226665,0.038022), Energy = -0.853236 
Averaging iterations... h=0.125000,0.000000
Done.
Final: Magnetisation = (0.213677,0.089566), Energy = -0.865327 
<M> = (0.221852,-0.002584), <E> = -0.845464 

T=1.600000	 Thermalizing iterations... 
Done.
Thermalized Magnetisation = (0.251028,-0.017925), Energy = -0.890970 
Averaging iterations... h=0.125000,0.000000
Done.
Final: Magnetisation = (0.172192,-0.005829), Energy = -0.817749 
<M> = (0.226292,-0.004134), <E> = -0.853663 

T=1.590000	 Thermalizing iterations... 
Done.
Thermalized Magnetisation = (0.215129,0.018410), Energy = -0.833112 
Averaging iterations... h=0.125000,0.000000
Done.
Final: Magnetisation = (0.158392,0.027958), Energy = -0.812164 
<M> = (0.230826,-0.001961), <E> = -0.860576 

T=1.580000	 Thermalizing iterations... 
Done.
Thermalized Magnetisation = (0.240618,-0.009717), Energy = -0.832720 
Averaging iterations... h=0.125000,0.000000
Done.
Final: Magnetisation = (0.223466,-0.026908), Energy = -0.918940 
<M> = (0.236688,-0.000336), <E> = -0.868513 

T=1.570000	 Thermalizing iterations... 
Done.
Thermalized Magnetisation = (0.225855,0.012735), Energy = -0.893197 
Averaging iterations... h=0.125000,0.000000
Done.
Final: Magnetisation = (0.236483,0.004970), Energy = -0.867298 
<M> = (0.240292,0.000732), <E> = -0.875062 

T=1.560000	 Thermalizing iterations... 
Done.
Thermalized Magnetisation = (0.295904,-0.034506), Energy = -0.944085 
Averaging iterations... h=0.125000,0.000000
Done.
Final: Magnetisation = (0.201756,0.015590), Energy = -0.849883 
<M> = (0.244082,-0.000200), <E> = -0.882250 

T=1.550000	 Thermalizing iterations... 
Done.
Thermalized Magnetisation = (0.211373,-0.015712), Energy = -0.834779 
Averaging iterations... h=0.125000,0.000000
Done.
Final: Magnetisation = (0.230389,0.014819), Energy = -0.855242 
<M> = (0.248947,-0.000625), <E> = -0.890578 

T=1.540000	 Thermalizing iterations... 
Done.
Thermalized Magnetisation = (0.248126,0.070775), Energy = -0.888802 
Averaging iterations... h=0.125000,0.000000
Done.
Final: Magnetisation = (0.219156,-0.100207), Energy = -0.920772 
<M> = (0.255520,-0.002248), <E> = -0.899767 

T=1.530000	 Thermalizing iterations... 
Done.
Thermalized Magnetisation = (0.321834,-0.004081), Energy = -0.973588 
Averaging iterations... h=0.125000,0.000000
Done.
Final: Magnetisation = (0.261652,0.030633), Energy = -0.922634 
<M> = (0.259749,-0.004423), <E> = -0.908222 

T=1.520000	 Thermalizing iterations... 
Done.
Thermalized Magnetisation = (0.296287,0.083211), Energy = -0.943545 
Averaging iterations... h=0.125000,0.000000
Done.
Final: Magnetisation = (0.256694,-0.021563), Energy = -0.895827 
<M> = (0.264886,-0.003380), <E> = -0.916767 

T=1.510000	 Thermalizing iterations... 
Done.
Thermalized Magnetisation = (0.281992,-0.015679), Energy = -0.972417 
Averaging iterations... h=0.125000,0.000000
Done.
Final: Magnetisation = (0.255198,-0.018401), Energy = -0.918443 
<M> = (0.272335,0.000055), <E> = -0.925886 

T=1.500000	 Thermalizing iterations... 
Done.
Thermalized Magnetisation = (0.323570,-0.070899), Energy = -0.958532 
Averaging iterations... h=0.125000,0.000000
Done.
Final: Magnetisation = (0.256238,-0.072358), Energy = -0.914353 
<M> = (0.276366,0.002088), <E> = -0.933150 

T=1.490000	 Thermalizing iterations... 
Done.
Thermalized Magnetisation = (0.301541,0.008695), Energy = -0.943944 
Averaging iterations... h=0.125000,0.000000
Done.
Final: Magnetisation = (0.246786,0.107533), Energy = -0.907493 
<M> = (0.281656,0.001771), <E> = -0.941710 

T=1.480000	 Thermalizing iterations... 
Done.
Thermalized Magnetisation = (0.265946,-0.066550), Energy = -0.917909 
Averaging iterations... h=0.125000,0.000000
Done.
Final: Magnetisation = (0.299084,-0.018481), Energy = -0.945475 
<M> = (0.285850,0.003059), <E> = -0.950581 

T=1.470000	 Thermalizing iterations... 
Done.
Thermalized Magnetisation = (0.321161,-0.003278), Energy = -0.985164 
Averaging iterations... h=0.125000,0.000000
Done.
Final: Magnetisation = (0.336586,-0.054005), Energy = -1.002427 
<M> = (0.294042,-0.000160), <E> = -0.960842 

T=1.460000	 Thermalizing iterations... 
Done.
Thermalized Magnetisation = (0.285101,0.051664), Energy = -0.957732 
Averaging iterations... h=0.125000,0.000000
Done.
Final: Magnetisation = (0.294024,0.022379), Energy = -0.968445 
<M> = (0.298407,-0.001049), <E> = -0.970182 

T=1.450000	 Thermalizing iterations... 
Done.
Thermalized Magnetisation = (0.304219,0.031997), Energy = -1.012285 
Averaging iterations... h=0.125000,0.000000
Done.
Final: Magnetisation = (0.254912,-0.020357), Energy = -0.965204 
<M> = (0.304392,-0.004487), <E> = -0.980041 

T=1.440000	 Thermalizing iterations... 
Done.
Thermalized Magnetisation = (0.344502,-0.032723), Energy = -1.013717 
Averaging iterations... h=0.125000,0.000000
Done.
Final: Magnetisation = (0.335746,-0.026001), Energy = -1.021333 
<M> = (0.311943,-0.005462), <E> = -0.989736 

T=1.430000	 Thermalizing iterations... 
Done.
Thermalized Magnetisation = (0.305704,-0.067406), Energy = -1.021269 
Averaging iterations... h=0.125000,0.000000
Done.
Final: Magnetisation = (0.293723,0.022876), Energy = -0.993525 
<M> = (0.319603,-0.000710), <E> = -0.998747 

T=1.420000	 Thermalizing iterations... 
Done.
Thermalized Magnetisation = (0.401649,0.040649), Energy = -1.054154 
Averaging iterations... h=0.125000,0.000000
Done.
Final: Magnetisation = (0.285348,-0.017933), Energy = -0.988549 
<M> = (0.324814,0.001516), <E> = -1.007917 

T=1.410000	 Thermalizing iterations... 
Done.
Thermalized Magnetisation = (0.330955,0.006276), Energy = -1.032019 
Averaging iterations... h=0.125000,0.000000
Done.
Final: Magnetisation = (0.302962,-0.019755), Energy = -1.021548 
<M> = (0.330291,0.002128), <E> = -1.016953 

T=1.400000	 Thermalizing iterations... 
Done.
Thermalized Magnetisation = (0.345058,-0.002303), Energy = -1.015047 
Averaging iterations... h=0.125000,0.000000
Done.
Final: Magnetisation = (0.387380,0.076478), Energy = -1.034170 
<M> = (0.338109,-0.003254), <E> = -1.028933 

T=1.390000	 Thermalizing iterations... 
Done.
Thermalized Magnetisation = (0.296005,-0.011338), Energy = -1.045699 
Averaging iterations... h=0.125000,0.000000
Done.
Final: Magnetisation = (0.355838,-0.021657), Energy = -1.050370 
<M> = (0.344679,-0.001805), <E> = -1.039485 

T=1.380000	 Thermalizing iterations... 
Done.
Thermalized Magnetisation = (0.337034,-0.006071), Energy = -1.033281 
Averaging iterations... h=0.125000,0.000000
Done.
Final: Magnetisation = (0.343052,-0.053958), Energy = -0.999586 
<M> = (0.352358,-0.008263), <E> = -1.050097 

T=1.370000	 Thermalizing iterations... 
Done.
Thermalized Magnetisation = (0.321768,-0.055349), Energy = -1.018776 
Averaging iterations... h=0.125000,0.000000
Done.
Final: Magnetisation = (0.346734,-0.053300), Energy = -1.026780 
<M> = (0.358316,-0.004749), <E> = -1.060384 

T=1.360000	 Thermalizing iterations... 
Done.
Thermalized Magnetisation = (0.344748,-0.016764), Energy = -1.086440 
Averaging iterations... h=0.125000,0.000000
Done.
Final: Magnetisation = (0.438795,0.084352), Energy = -1.133375 
<M> = (0.367263,-0.003167), <E> = -1.071412 

T=1.350000	 Thermalizing iterations... 
Done.
Thermalized Magnetisation = (0.376646,0.110703), Energy = -1.064489 
Averaging iterations... h=0.125000,0.000000
Done.
Final: Magnetisation = (0.324210,0.032308), Energy = -1.053779 
<M> = (0.375993,0.003175), <E> = -1.081639 

T=1.340000	 Thermalizing iterations... 
Done.
Thermalized Magnetisation = (0.410600,0.043600), Energy = -1.136114 
Averaging iterations... h=0.125000,0.000000
Done.
Final: Magnetisation = (0.403084,-0.037365), Energy = -1.126415 
<M> = (0.380551,0.000769), <E> = -1.091500 

T=1.330000	 Thermalizing iterations... 
Done.
Thermalized Magnetisation = (0.455720,-0.029266), Energy = -1.162550 
Averaging iterations... h=0.125000,0.000000
Done.
Final: Magnetisation = (0.393436,-0.059726), Energy = -1.106541 
<M> = (0.389370,-0.001178), <E> = -1.103184 

T=1.320000	 Thermalizing iterations... 
Done.
Thermalized Magnetisation = (0.387074,0.011795), Energy = -1.101976 
Averaging iterations... h=0.125000,0.000000
Done.
Final: Magnetisation = (0.371140,-0.026742), Energy = -1.061029 
<M> = (0.398762,-0.001701), <E> = -1.116039 

T=1.310000	 Thermalizing iterations... 
Done.
Thermalized Magnetisation = (0.464383,0.017454), Energy = -1.192707 
Averaging iterations... h=0.125000,0.000000
Done.
Final: Magnetisation = (0.397804,0.032312), Energy = -1.133562 
<M> = (0.405585,-0.003037), <E> = -1.127736 

T=1.300000	 Thermalizing iterations... 
Done.
Thermalized Magnetisation = (0.409903,-0.006583), Energy = -1.119745 
Averaging iterations... h=0.125000,0.000000
Done.
Final: Magnetisation = (0.435250,0.004513), Energy = -1.193298 
<M> = (0.412975,-0.004612), <E> = -1.139211 

T=1.290000	 Thermalizing iterations... 
Done.
Thermalized Magnetisation = (0.452878,-0.017239), Energy = -1.167589 
Averaging iterations... h=0.125000,0.000000
Done.
Final: Magnetisation = (0.421979,-0.009265), Energy = -1.129571 
<M> = (0.423152,-0.006275), <E> = -1.151571 

T=1.280000	 Thermalizing iterations... 
Done.
Thermalized Magnetisation = (0.452334,0.054440), Energy = -1.181437 
Averaging iterations... h=0.125000,0.000000
Done.
Final: Magnetisation = (0.434892,-0.015658), Energy = -1.174691 
<M> = (0.429852,-0.000871), <E> = -1.162158 

T=1.270000	 Thermalizing iterations... 
Done.
Thermalized Magnetisation = (0.427622,0.003727), Energy = -1.144983 
Averaging iterations... h=0.125000,0.000000
Done.
Final: Magnetisation = (0.420389,0.018052), Energy = -1.175528 
<M> = (0.438903,-0.002437), <E> = -1.173278 

T=1.260000	 Thermalizing iterations... 
Done.
Thermalized Magnetisation = (0.387703,0.019115), Energy = -1.141998 
Averaging iterations... h=0.125000,0.000000
Done.
Final: Magnetisation = (0.426763,-0.078608), Energy = -1.172623 
<M> = (0.446231,0.000206), <E> = -1.183968 

T=1.250000	 Thermalizing iterations... 
Done.
Thermalized Magnetisation = (0.439087,-0.081724), Energy = -1.230669 
Averaging iterations... h=0.125000,0.000000
Done.
Final: Magnetisation = (0.438737,0.051289), Energy = -1.197046 
<M> = (0.454233,-0.007047), <E> = -1.197317 

T=1.240000	 Thermalizing iterations... 
Done.
Thermalized Magnetisation = (0.466318,0.012168), Energy = -1.240732 
Averaging iterations... h=0.125000,0.000000
Done.
Final: Magnetisation = (0.399281,-0.010940), Energy = -1.149685 
<M> = (0.462786,-0.001840), <E> = -1.209583 

T=1.230000	 Thermalizing iterations... 
Done.
Thermalized Magnetisation = (0.463373,0.104338), Energy = -1.229445 
Averaging iterations... h=0.125000,0.000000
Done.
Final: Magnetisation = (0.425098,-0.090143), Energy = -1.147946 
<M> = (0.468680,-0.007291), <E> = -1.221470 

T=1.220000	 Thermalizing iterations... 
Done.
Thermalized Magnetisation = (0.455159,-0.019096), Energy = -1.216481 
Averaging iterations... h=0.125000,0.000000
Done.
Final: Magnetisation = (0.463552,-0.024805), Energy = -1.249989 
<M> = (0.477122,-0.005081), <E> = -1.232976 

T=1.210000	 Thermalizing iterations... 
Done.
Thermalized Magnetisation = (0.460953,0.074211), Energy = -1.184301 
Averaging iterations... h=0.125000,0.000000
Done.
Final: Magnetisation = (0.489212,-0.018208), Energy = -1.262908 
<M> = (0.487087,-0.003623), <E> = -1.245149 

T=1.200000	 Thermalizing iterations... 
Done.
Thermalized Magnetisation = (0.520201,-0.039939), Energy = -1.255584 
Averaging iterations... h=0.125000,0.000000
Done.
Final: Magnetisation = (0.485809,-0.030906), Energy = -1.260779 
<M> = (0.495424,0.004833), <E> = -1.256347 

T=1.190000	 Thermalizing iterations... 
Done.
Thermalized Magnetisation = (0.501236,-0.038592), Energy = -1.242172 
Averaging iterations... h=0.125000,0.000000
Done.
Final: Magnetisation = (0.499696,-0.100196), Energy = -1.290468 
<M> = (0.503719,-0.000192), <E> = -1.268497 

T=1.180000	 Thermalizing iterations... 
Done.
Thermalized Magnetisation = (0.516642,-0.041576), Energy = -1.278600 
Averaging iterations... h=0.125000,0.000000
Done.
Final: Magnetisation = (0.473327,0.038511), Energy = -1.228757 
<M> = (0.512804,0.000551), <E> = -1.280741 

T=1.170000	 Thermalizing iterations... 
Done.
Thermalized Magnetisation = (0.488180,0.045919), Energy = -1.294855 
Averaging iterations... h=0.125000,0.000000
Done.
Final: Magnetisation = (0.504586,0.119277), Energy = -1.268127 
<M> = (0.521866,-0.000605), <E> = -1.293980 

T=1.160000	 Thermalizing iterations... 
Done.
Thermalized Magnetisation = (0.528875,-0.096314), Energy = -1.304193 
Averaging iterations... h=0.125000,0.000000
Done.
Final: Magnetisation = (0.486948,-0.076745), Energy = -1.283239 
<M> = (0.528234,-0.005487), <E> = -1.306371 

T=1.150000	 Thermalizing iterations... 
Done.
Thermalized Magnetisation = (0.534051,-0.080712), Energy = -1.372450 
Averaging iterations... h=0.125000,0.000000
Done.
Final: Magnetisation = (0.530661,-0.026341), Energy = -1.313604 
<M> = (0.534402,-0.007118), <E> = -1.317253 

T=1.140000	 Thermalizing iterations... 
Done.
Thermalized Magnetisation = (0.526738,-0.052712), Energy = -1.345386 
Averaging iterations... h=0.125000,0.000000
Done.
Final: Magnetisation = (0.564257,-0.040653), Energy = -1.340468 
<M> = (0.543522,-0.007905), <E> = -1.329975 

T=1.130000	 Thermalizing iterations... 
Done.
Thermalized Magnetisation = (0.521970,0.036089), Energy = -1.297931 
Averaging iterations... h=0.125000,0.000000
Done.
Final: Magnetisation = (0.548318,0.033333), Energy = -1.341680 
<M> = (0.553072,-0.008302), <E> = -1.341609 

T=1.120000	 Thermalizing iterations... 
Done.
Thermalized Magnetisation = (0.530757,-0.005759), Energy = -1.336781 
Averaging iterations... h=0.125000,0.000000
Done.
Final: Magnetisation = (0.546745,-0.157001), Energy = -1.355479 
<M> = (0.560748,-0.001023), <E> = -1.352150 

T=1.110000	 Thermalizing iterations... 
Done.
Thermalized Magnetisation = (0.606807,-0.007304), Energy = -1.376040 
Averaging iterations... h=0.125000,0.000000
Done.
Final: Magnetisation = (0.589673,-0.003224), Energy = -1.379047 
<M> = (0.568181,0.007385), <E> = -1.363302 

T=1.100000	 Thermalizing iterations... 
Done.
Thermalized Magnetisation = (0.578888,-0.079171), Energy = -1.403427 
Averaging iterations... h=0.125000,0.000000
Done.
Final: Magnetisation = (0.608299,0.020020), Energy = -1.420757 
<M> = (0.574537,-0.000255), <E> = -1.376348 

T=1.090000	 Thermalizing iterations... 
Done.
Thermalized Magnetisation = (0.582706,-0.061692), Energy = -1.413650 
Averaging iterations... h=0.125000,0.000000
Done.
Final: Magnetisation = (0.561748,0.047342), Energy = -1.407027 
<M> = (0.582731,-0.003147), <E> = -1.387980 

T=1.080000	 Thermalizing iterations... 
Done.
Thermalized Magnetisation = (0.596283,-0.027331), Energy = -1.391694 
Averaging iterations... h=0.125000,0.000000
Done.
Final: Magnetisation = (0.616513,0.106400), Energy = -1.418184 
<M> = (0.588418,-0.013685), <E> = -1.398993 

T=1.070000	 Thermalizing iterations... 
Done.
Thermalized Magnetisation = (0.626707,0.067446), Energy = -1.421123 
Averaging iterations... h=0.125000,0.000000
Done.
Final: Magnetisation = (0.598522,0.056851), Energy = -1.402420 
<M> = (0.595606,-0.009439), <E> = -1.410067 

T=1.060000	 Thermalizing iterations... 
Done.
Thermalized Magnetisation = (0.573270,0.044776), Energy = -1.411346 
Averaging iterations... h=0.125000,0.000000
Done.
Final: Magnetisation = (0.612081,-0.080241), Energy = -1.443730 
<M> = (0.604192,-0.010492), <E> = -1.422144 

T=1.050000	 Thermalizing iterations... 
Done.
Thermalized Magnetisation = (0.614579,-0.088603), Energy = -1.461569 
Averaging iterations... h=0.125000,0.000000
Done.
Final: Magnetisation = (0.585249,-0.010918), Energy = -1.400508 
<M> = (0.611850,-0.001444), <E> = -1.432290 

T=1.040000	 Thermalizing iterations... 
Done.
Thermalized Magnetisation = (0.614624,-0.016900), Energy = -1.448012 
Averaging iterations... h=0.125000,0.000000
Done.
Final: Magnetisation = (0.575978,0.066661), Energy = -1.427122 
<M> = (0.614366,-0.004202), <E> = -1.441762 

T=1.030000	 Thermalizing iterations... 
Done.
Thermalized Magnetisation = (0.601591,-0.014391), Energy = -1.419613 
Averaging iterations... h=0.125000,0.000000
Done.
Final: Magnetisation = (0.607200,-0.018684), Energy = -1.456929 
<M> = (0.624634,-0.002468), <E> = -1.453861 

T=1.020000	 Thermalizing iterations... 
Done.
Thermalized Magnetisation = (0.662918,0.019999), Energy = -1.460569 
Averaging iterations... h=0.125000,0.000000
Done.
Final: Magnetisation = (0.635369,-0.011252), Energy = -1.486432 
<M> = (0.628889,-0.002084), <E> = -1.463469 

T=1.010000	 Thermalizing iterations... 
Done.
Thermalized Magnetisation = (0.615898,0.069434), Energy = -1.447003 
Averaging iterations... h=0.125000,0.000000
Done.
Final: Magnetisation = (0.657381,-0.008022), Energy = -1.483864 
<M> = (0.634187,-0.010653), <E> = -1.475517 

T=1.000000	 Thermalizing iterations... 
Done.
Thermalized Magnetisation = (0.619856,-0.069454), Energy = -1.485339 
Averaging iterations... h=0.125000,0.000000
Done.
Final: Magnetisation = (0.671526,0.074764), Energy = -1.499063 
<M> = (0.640098,-0.010979), <E> = -1.484283 

T=0.990000	 Thermalizing iterations... 
Done.
Thermalized Magnetisation = (0.604528,-0.003696), Energy = -1.503611 
Averaging iterations... h=0.125000,0.000000
Done.
Final: Magnetisation = (0.651938,-0.038525), Energy = -1.466867 
<M> = (0.647815,-0.009437), <E> = -1.495218 

T=0.980000	 Thermalizing iterations... 
Done.
Thermalized Magnetisation = (0.661094,0.039041), Energy = -1.501376 
Averaging iterations... h=0.125000,0.000000
Done.
Final: Magnetisation = (0.644553,-0.078430), Energy = -1.492098 
<M> = (0.653765,-0.000396), <E> = -1.505081 

T=0.970000	 Thermalizing iterations... 
Done.
Thermalized Magnetisation = (0.652709,0.020441), Energy = -1.480218 
Averaging iterations... h=0.125000,0.000000
Done.
Final: Magnetisation = (0.649692,0.076944), Energy = -1.514829 
<M> = (0.661385,0.004495), <E> = -1.515604 

T=0.960000	 Thermalizing iterations... 
Done.
Thermalized Magnetisation = (0.676467,-0.001204), Energy = -1.535432 
Averaging iterations... h=0.125000,0.000000
Done.
Final: Magnetisation = (0.696602,0.033102), Energy = -1.514820 
<M> = (0.665012,0.005730), <E> = -1.524197 

T=0.950000	 Thermalizing iterations... 
Done.
Thermalized Magnetisation = (0.670256,-0.004508), Energy = -1.519519 
Averaging iterations... h=0.125000,0.000000
Done.
Final: Magnetisation = (0.633815,-0.074418), Energy = -1.511703 
<M> = (0.668531,-0.003078), <E> = -1.533796 

T=0.940000	 Thermalizing iterations... 
Done.
Thermalized Magnetisation = (0.700688,0.098364), Energy = -1.574148 
Averaging iterations... h=0.125000,0.000000
Done.
Final: Magnetisation = (0.689405,0.012974), Energy = -1.537436 
<M> = (0.676698,-0.004524), <E> = -1.544392 

T=0.930000	 Thermalizing iterations... 
Done.
Thermalized Magnetisation = (0.683441,0.057787), Energy = -1.541379 
Averaging iterations... h=0.125000,0.000000
Done.
Final: Magnetisation = (0.676582,0.002360), Energy = -1.530161 
<M> = (0.680293,-0.008869), <E> = -1.552894 

T=0.920000	 Thermalizing iterations... 
Done.
Thermalized Magnetisation = (0.709853,0.001531), Energy = -1.576730 
Averaging iterations... h=0.125000,0.000000
Done.
Final: Magnetisation = (0.664222,-0.016757), Energy = -1.538227 
<M> = (0.684420,-0.015366), <E> = -1.562297 

T=0.910000	 Thermalizing iterations... 
Done.
Thermalized Magnetisation = (0.700287,-0.057592), Energy = -1.572958 
Averaging iterations... h=0.125000,0.000000
Done.
Final: Magnetisation = (0.698687,0.074355), Energy = -1.582445 
<M> = (0.690837,-0.006691), <E> = -1.571333 

T=0.900000	 Thermalizing iterations... 
Done.
Thermalized Magnetisation = (0.702469,-0.050380), Energy = -1.561939 
Averaging iterations... h=0.125000,0.000000
Done.
Final: Magnetisation = (0.672549,0.033812), Energy = -1.580887 
<M> = (0.696425,-0.006964), <E> = -1.580321 

T=0.890000	 Thermalizing iterations... 
Done.
Thermalized Magnetisation = (0.673738,-0.104253), Energy = -1.587027 
Averaging iterations... h=0.125000,0.000000
Done.
Final: Magnetisation = (0.684089,0.016200), Energy = -1.544693 
<M> = (0.700378,-0.003211), <E> = -1.588161 

T=0.880000	 Thermalizing iterations... 
Done.
Thermalized Magnetisation = (0.690547,-0.078145), Energy = -1.600926 
Averaging iterations... h=0.125000,0.000000
Done.
Final: Magnetisation = (0.723997,-0.053515), Energy = -1.615645 
<M> = (0.704038,0.005750), <E> = -1.597115 

T=0.870000	 Thermalizing iterations... 
Done.
Thermalized Magnetisation = (0.736145,0.030726), Energy = -1.620689 
Averaging iterations... h=0.125000,0.000000
Done.
Final: Magnetisation = (0.729252,-0.019835), Energy = -1.614664 
<M> = (0.709553,-0.007889), <E> = -1.605620 

T=0.860000	 Thermalizing iterations... 
Done.
Thermalized Magnetisation = (0.729244,-0.089517), Energy = -1.625759 
Averaging iterations... h=0.125000,0.000000
Done.
Final: Magnetisation = (0.719748,0.087140), Energy = -1.606759 
<M> = (0.711451,-0.024342), <E> = -1.614185 

T=0.850000	 Thermalizing iterations... 
Done.
Thermalized Magnetisation = (0.717115,-0.078332), Energy = -1.623156 
Averaging iterations... h=0.125000,0.000000
Done.
Final: Magnetisation = (0.692939,-0.006001), Energy = -1.602060 
<M> = (0.714283,-0.010242), <E> = -1.622187 

T=0.840000	 Thermalizing iterations... 
Done.
Thermalized Magnetisation = (0.688708,-0.119328), Energy = -1.639674 
Averaging iterations... h=0.125000,0.000000
Done.
Final: Magnetisation = (0.713462,-0.020961), Energy = -1.642795 
<M> = (0.719418,-0.014188), <E> = -1.630168 

T=0.830000	 Thermalizing iterations... 
Done.
Thermalized Magnetisation = (0.736166,0.143972), Energy = -1.645854 
Averaging iterations... h=0.125000,0.000000
Done.
Final: Magnetisation = (0.702528,0.001865), Energy = -1.636514 
<M> = (0.726099,0.014295), <E> = -1.638795 

T=0.820000	 Thermalizing iterations... 
Done.
Thermalized Magnetisation = (0.741235,0.010132), Energy = -1.641124 
Averaging iterations... h=0.125000,0.000000
Done.
Final: Magnetisation = (0.738537,-0.023959), Energy = -1.635213 
<M> = (0.730160,0.010141), <E> = -1.646004 

T=0.810000	 Thermalizing iterations... 
Done.
Thermalized Magnetisation = (0.718355,-0.044434), Energy = -1.612542 
Averaging iterations... h=0.125000,0.000000
Done.
Final: Magnetisation = (0.745049,0.018655), Energy = -1.632066 
<M> = (0.731903,0.006662), <E> = -1.653459 

T=0.800000	 Thermalizing iterations... 
Done.
Thermalized Magnetisation = (0.711582,-0.141992), Energy = -1.651267 
Averaging iterations... h=0.125000,0.000000
Done.
Final: Magnetisation = (0.745644,-0.069833), Energy = -1.649916 
<M> = (0.737206,-0.006051), <E> = -1.661535 

T=0.790000	 Thermalizing iterations... 
Done.
Thermalized Magnetisation = (0.718385,-0.040317), Energy = -1.673751 
Averaging iterations... h=0.125000,0.000000
Done.
Final: Magnetisation = (0.715687,0.099880), Energy = -1.672203 
<M> = (0.739887,-0.032716), <E> = -1.669888 

T=0.780000	 Thermalizing iterations... 
Done.
Thermalized Magnetisation = (0.716015,0.047661), Energy = -1.663174 
Averaging iterations... h=0.125000,0.000000
Done.
Final: Magnetisation = (0.735400,-0.062714), Energy = -1.656267 
<M> = (0.741342,-0.009469), <E> = -1.676920 

T=0.770000	 Thermalizing iterations... 
Done.
Thermalized Magnetisation = (0.778441,-0.029255), Energy = -1.719977 
Averaging iterations... h=0.125000,0.000000
Done.
Final: Magnetisation = (0.747070,-0.074859), Energy = -1.682680 
<M> = (0.747218,-0.029032), <E> = -1.684504 

T=0.760000	 Thermalizing iterations... 
Done.
Thermalized Magnetisation = (0.746156,-0.004052), Energy = -1.673830 
Averaging iterations... h=0.125000,0.000000
Done.
Final: Magnetisation = (0.758213,-0.068955), Energy = -1.708507 
<M> = (0.752226,-0.000285), <E> = -1.691771 

T=0.750000	 Thermalizing iterations... 
Done.
Thermalized Magnetisation = (0.760018,0.065580), Energy = -1.681569 
Averaging iterations... h=0.125000,0.000000
Done.
Final: Magnetisation = (0.733973,-0.017464), Energy = -1.695262 
<M> = (0.757833,0.005441), <E> = -1.699004 

T=0.740000	 Thermalizing iterations... 
Done.
Thermalized Magnetisation = (0.752128,-0.065684), Energy = -1.711391 
Averaging iterations... h=0.125000,0.000000
Done.
Final: Magnetisation = (0.735900,-0.071805), Energy = -1.695158 
<M> = (0.758035,0.007728), <E> = -1.705994 

T=0.730000	 Thermalizing iterations... 
Done.
Thermalized Magnetisation = (0.768444,-0.033865), Energy = -1.691825 
Averaging iterations... h=0.125000,0.000000
Done.
Final: Magnetisation = (0.788390,-0.059287), Energy = -1.730984 
<M> = (0.762308,-0.012372), <E> = -1.713074 

T=0.720000	 Thermalizing iterations... 
Done.
Thermalized Magnetisation = (0.774243,0.025932), Energy = -1.710553 
Averaging iterations... h=0.125000,0.000000
Done.
Final: Magnetisation = (0.762986,-0.020266), Energy = -1.720706 
<M> = (0.767181,0.003871), <E> = -1.720016 

T=0.710000	 Thermalizing iterations... 
Done.
Thermalized Magnetisation = (0.788217,-0.000066), Energy = -1.731017 
Averaging iterations... h=0.125000,0.000000
Done.
Final: Magnetisation = (0.768866,0.040561), Energy = -1.719351 
<M> = (0.770350,-0.000547), <E> = -1.727484 

T=0.700000	 Thermalizing iterations... 
Done.
Thermalized Magnetisation = (0.790189,-0.082444), Energy = -1.761480 
Averaging iterations... h=0.125000,0.000000
Done.
Final: Magnetisation = (0.758460,-0.094093), Energy = -1.730382 
<M> = (0.768292,-0.049374), <E> = -1.733620 

T=0.690000	 Thermalizing iterations... 
Done.
Thermalized Magnetisation = (0.792649,0.020399), Energy = -1.754089 
Averaging iterations... h=0.125000,0.000000
Done.
Final: Magnetisation = (0.747210,-0.130067), Energy = -1.705560 
<M> = (0.771880,-0.009817), <E> = -1.740718 

T=0.680000	 Thermalizing iterations... 
Done.
Thermalized Magnetisation = (0.784807,-0.018477), Energy = -1.759701 
Averaging iterations... h=0.125000,0.000000
Done.
Final: Magnetisation = (0.765121,0.117308), Energy = -1.740867 
<M> = (0.778257,0.018993), <E> = -1.748002 

T=0.670000	 Thermalizing iterations... 
Done.
Thermalized Magnetisation = (0.791603,0.012117), Energy = -1.765467 
Averaging iterations... h=0.125000,0.000000
Done.
Final: Magnetisation = (0.795219,0.017308), Energy = -1.767568 
<M> = (0.782818,-0.004110), <E> = -1.754245 

T=0.660000	 Thermalizing iterations... 
Done.
Thermalized Magnetisation = (0.796140,0.071706), Energy = -1.759645 
Averaging iterations... h=0.125000,0.000000
Done.
Final: Magnetisation = (0.790439,-0.008988), Energy = -1.754291 
<M> = (0.785257,0.020483), <E> = -1.760400 

T=0.650000	 Thermalizing iterations... 
Done.
Thermalized Magnetisation = (0.783411,-0.005154), Energy = -1.760617 
Averaging iterations... h=0.125000,0.000000
Done.
Final: Magnetisation = (0.755643,-0.015791), Energy = -1.751449 
<M> = (0.788118,-0.036366), <E> = -1.767426 

T=0.640000	 Thermalizing iterations... 
Done.
Thermalized Magnetisation = (0.783971,-0.107413), Energy = -1.775148 
Averaging iterations... h=0.125000,0.000000
Done.
Final: Magnetisation = (0.802924,0.001208), Energy = -1.767858 
<M> = (0.788724,-0.035412), <E> = -1.774000 

T=0.630000	 Thermalizing iterations... 
Done.
Thermalized Magnetisation = (0.773833,-0.079059), Energy = -1.775849 
Averaging iterations... h=0.125000,0.000000
Done.
Final: Magnetisation = (0.805768,-0.016015), Energy = -1.774631 
<M> = (0.792258,0.021479), <E> = -1.780390 

T=0.620000	 Thermalizing iterations... 
Done.
Thermalized Magnetisation = (0.765484,0.099833), Energy = -1.794117 
Averaging iterations... h=0.125000,0.000000
Done.
Final: Magnetisation = (0.790142,-0.079138), Energy = -1.777778 
<M> = (0.794738,0.009120), <E> = -1.786539 

T=0.610000	 Thermalizing iterations... 
Done.
Thermalized Magnetisation = (0.799097,-0.045503), Energy = -1.792148 
Averaging iterations... h=0.125000,0.000000
Done.
Final: Magnetisation = (0.811272,0.003469), Energy = -1.792300 
<M> = (0.801773,0.002190), <E> = -1.793046 

T=0.600000	 Thermalizing iterations... 
Done.
Thermalized Magnetisation = (0.813397,-0.054038), Energy = -1.803174 
Averaging iterations... h=0.125000,0.000000
Done.
Final: Magnetisation = (0.799536,-0.011440), Energy = -1.805833 
<M> = (0.803284,0.029113), <E> = -1.799692 

T=0.590000	 Thermalizing iterations... 
Done.
Thermalized Magnetisation = (0.788980,-0.053738), Energy = -1.818428 
Averaging iterations... h=0.125000,0.000000
Done.
Final: Magnetisation = (0.803459,-0.069886), Energy = -1.806860 
<M> = (0.806746,-0.025813), <E> = -1.805665 

T=0.580000	 Thermalizing iterations... 
Done.
Thermalized Magnetisation = (0.808604,0.028996), Energy = -1.821634 
Averaging iterations... h=0.125000,0.000000
Done.
Final: Magnetisation = (0.791133,0.028007), Energy = -1.820041 
<M> = (0.809036,0.015685), <E> = -1.811867 

T=0.570000	 Thermalizing iterations... 
Done.
Thermalized Magnetisation = (0.827161,0.002707), Energy = -1.820091 
Averaging iterations... h=0.125000,0.000000
Done.
Final: Magnetisation = (0.830861,-0.003299), Energy = -1.830581 
<M> = (0.812288,-0.001908), <E> = -1.818301 

T=0.560000	 Thermalizing iterations... 
Done.
Thermalized Magnetisation = (0.829039,-0.020215), Energy = -1.825235 
Averaging iterations... h=0.125000,0.000000
Done.
Final: Magnetisation = (0.800097,-0.106453), Energy = -1.819833 
<M> = (0.812361,-0.039072), <E> = -1.824607 

T=0.550000	 Thermalizing iterations... 
Done.
Thermalized Magnetisation = (0.825396,-0.003106), Energy = -1.834133 
Averaging iterations... h=0.125000,0.000000
Done.
Final: Magnetisation = (0.819255,0.028068), Energy = -1.836657 
<M> = (0.816264,-0.011382), <E> = -1.830094 

T=0.540000	 Thermalizing iterations... 
Done.
Thermalized Magnetisation = (0.828039,0.070865), Energy = -1.850587 
Averaging iterations... h=0.125000,0.000000
Done.
Final: Magnetisation = (0.804292,-0.085447), Energy = -1.832167 
<M> = (0.817475,-0.004450), <E> = -1.835948 

T=0.530000	 Thermalizing iterations... 
Done.
Thermalized Magnetisation = (0.835563,-0.078314), Energy = -1.841033 
Averaging iterations... h=0.125000,0.000000
Done.
Final: Magnetisation = (0.821734,-0.087110), Energy = -1.848822 
<M> = (0.822346,-0.015690), <E> = -1.842505 

T=0.520000	 Thermalizing iterations... 
Done.
Thermalized Magnetisation = (0.835969,0.037216), Energy = -1.854144 
Averaging iterations... h=0.125000,0.000000
Done.
Final: Magnetisation = (0.823975,0.057205), Energy = -1.841894 
<M> = (0.827494,-0.015472), <E> = -1.848236 

T=0.510000	 Thermalizing iterations... 
Done.
Thermalized Magnetisation = (0.841343,-0.062364), Energy = -1.849576 
Averaging iterations... h=0.125000,0.000000
Done.
Final: Magnetisation = (0.838491,-0.105813), Energy = -1.849356 
<M> = (0.825799,-0.071565), <E> = -1.854028 

T=0.500000	 Thermalizing iterations... 
Done.
Thermalized Magnetisation = (0.818563,-0.066676), Energy = -1.852125 
Averaging iterations... h=0.125000,0.000000
Done.
Final: Magnetisation = (0.818099,-0.115822), Energy = -1.858320 
<M> = (0.828938,-0.076156), <E> = -1.860314 

T=0.490000	 Thermalizing iterations... 
Done.
Thermalized Magnetisation = (0.828823,0.048576), Energy = -1.868995 
Averaging iterations... h=0.125000,0.000000
Done.
Final: Magnetisation = (0.827574,-0.079340), Energy = -1.868909 
<M> = (0.833788,-0.039839), <E> = -1.866477 

T=0.480000	 Thermalizing iterations... 
Done.
Thermalized Magnetisation = (0.817459,0.005331), Energy = -1.856805 
Averaging iterations... h=0.125000,0.000000
Done.
Final: Magnetisation = (0.833117,0.054909), Energy = -1.873313 
<M> = (0.830961,-0.086996), <E> = -1.872279 

T=0.470000	 Thermalizing iterations... 
Done.
Thermalized Magnetisation = (0.824532,-0.019011), Energy = -1.873496 
Averaging iterations... h=0.125000,0.000000
Done.
Final: Magnetisation = (0.848384,-0.020274), Energy = -1.884015 
<M> = (0.837830,0.011275), <E> = -1.877647 

T=0.460000	 Thermalizing iterations... 
Done.
Thermalized Magnetisation = (0.850452,-0.034902), Energy = -1.874714 
Averaging iterations... h=0.125000,0.000000
Done.
Final: Magnetisation = (0.840554,-0.052906), Energy = -1.876437 
<M> = (0.845611,-0.019678), <E> = -1.883376 

T=0.450000	 Thermalizing iterations... 
Done.
Thermalized Magnetisation = (0.842354,-0.121121), Energy = -1.880988 
Averaging iterations... h=0.125000,0.000000
Done.
Final: Magnetisation = (0.852353,-0.056236), Energy = -1.893491 
<M> = (0.845274,-0.014456), <E> = -1.889617 

T=0.440000	 Thermalizing iterations... 
Done.
Thermalized Magnetisation = (0.854293,-0.001992), Energy = -1.893045 
Averaging iterations... h=0.125000,0.000000
Done.
Final: Magnetisation = (0.839886,0.028969), Energy = -1.894148 
<M> = (0.846805,-0.068705), <E> = -1.895278 

T=0.430000	 Thermalizing iterations... 
Done.
Thermalized Magnetisation = (0.843720,0.097309), Energy = -1.901086 
Averaging iterations... h=0.125000,0.000000
Done.
Final: Magnetisation = (0.867241,-0.017612), Energy = -1.903883 
<M> = (0.852028,-0.021620), <E> = -1.901064 

T=0.420000	 Thermalizing iterations... 
Done.
Thermalized Magnetisation = (0.854347,0.055479), Energy = -1.904936 
Averaging iterations... h=0.125000,0.000000
Done.
Final: Magnetisation = (0.859116,0.053369), Energy = -1.903356 
<M> = (0.854014,0.004939), <E> = -1.906948 

T=0.410000	 Thermalizing iterations... 
Done.
Thermalized Magnetisation = (0.851645,0.051372), Energy = -1.914799 
Averaging iterations... h=0.125000,0.000000
Done.
Final: Magnetisation = (0.870428,0.008575), Energy = -1.912557 
<M> = (0.856272,0.001901), <E> = -1.912737 

T=0.400000	 Thermalizing iterations... 
Done.
Thermalized Magnetisation = (0.872015,-0.038148), Energy = -1.921244 
Averaging iterations... h=0.125000,0.000000
Done.
Final: Magnetisation = (0.863340,-0.032277), Energy = -1.918923 
<M> = (0.857255,0.038253), <E> = -1.917990 

T=0.390000	 Thermalizing iterations... 
Done.
Thermalized Magnetisation = (0.874056,0.044431), Energy = -1.921759 
Averaging iterations... h=0.125000,0.000000
Done.
Final: Magnetisation = (0.874138,0.048434), Energy = -1.927092 
<M> = (0.859142,0.033051), <E> = -1.923270 

T=0.380000	 Thermalizing iterations... 
Done.
Thermalized Magnetisation = (0.849415,0.048096), Energy = -1.924892 
Averaging iterations... h=0.125000,0.000000
Done.
Final: Magnetisation = (0.864775,0.111080), Energy = -1.932081 
<M> = (0.861450,0.081578), <E> = -1.929277 

T=0.370000	 Thermalizing iterations... 
Done.
Thermalized Magnetisation = (0.860821,-0.014482), Energy = -1.941065 
Averaging iterations... h=0.125000,0.000000
Done.
Final: Magnetisation = (0.876401,0.014583), Energy = -1.941019 
<M> = (0.866227,-0.006244), <E> = -1.934807 

T=0.360000	 Thermalizing iterations... 
Done.
Thermalized Magnetisation = (0.876198,-0.031614), Energy = -1.947284 
Averaging iterations... h=0.125000,0.000000
Done.
Final: Magnetisation = (0.879894,0.022014), Energy = -1.951312 
<M> = (0.867113,0.000407), <E> = -1.940306 

T=0.350000	 Thermalizing iterations... 
Done.
Thermalized Magnetisation = (0.867512,0.040097), Energy = -1.935983 
Averaging iterations... h=0.125000,0.000000
Done.
Final: Magnetisation = (0.867689,0.017210), Energy = -1.952206 
<M> = (0.870851,0.042866), <E> = -1.946058 

T=0.340000	 Thermalizing iterations... 
Done.
Thermalized Magnetisation = (0.870956,-0.047924), Energy = -1.950195 
Averaging iterations... h=0.125000,0.000000
Done.
Final: Magnetisation = (0.863444,-0.099740), Energy = -1.951882 
<M> = (0.869907,-0.037223), <E> = -1.951654 

T=0.330000	 Thermalizing iterations... 
Done.
Thermalized Magnetisation = (0.868178,0.081902), Energy = -1.956195 
Averaging iterations... h=0.125000,0.000000
Done.
Final: Magnetisation = (0.868505,0.094957), Energy = -1.955908 
<M> = (0.870938,0.042881), <E> = -1.956762 

T=0.320000	 Thermalizing iterations... 
Done.
Thermalized Magnetisation = (0.850695,-0.107075), Energy = -1.954567 
Averaging iterations... h=0.125000,0.000000
Done.
Final: Magnetisation = (0.865785,-0.032719), Energy = -1.956829 
<M> = (0.877004,0.024321), <E> = -1.962393 

T=0.310000	 Thermalizing iterations... 
Done.
Thermalized Magnetisation = (0.887607,0.046709), Energy = -1.968166 
Averaging iterations... h=0.125000,0.000000
Done.
Final: Magnetisation = (0.871701,0.151803), Energy = -1.970870 
<M> = (0.880369,0.025870), <E> = -1.967800 

T=0.300000	 Thermalizing iterations... 
Done.
Thermalized Magnetisation = (0.882678,-0.078862), Energy = -1.977058 
Averaging iterations... h=0.125000,0.000000
Done.
Final: Magnetisation = (0.894399,-0.032925), Energy = -1.971121 
<M> = (0.885600,-0.012422), <E> = -1.973335 

T=0.290000	 Thermalizing iterations... 
Done.
Thermalized Magnetisation = (0.882553,0.006169), Energy = -1.968723 
Averaging iterations... h=0.125000,0.000000
Done.
Final: Magnetisation = (0.896033,-0.038497), Energy = -1.976323 
<M> = (0.885104,-0.029407), <E> = -1.978811 

T=0.280000	 Thermalizing iterations... 
Done.
Thermalized Magnetisation = (0.879233,-0.054660), Energy = -1.986629 
Averaging iterations... h=0.125000,0.000000
Done.
Final: Magnetisation = (0.890812,-0.039024), Energy = -1.986288 
<M> = (0.887951,-0.026715), <E> = -1.984241 

T=0.270000	 Thermalizing iterations... 
Done.
Thermalized Magnetisation = (0.883861,0.018458), Energy = -1.987672 
Averaging iterations... h=0.125000,0.000000
Done.
Final: Magnetisation = (0.866231,0.041774), Energy = -1.985672 
<M> = (0.885314,0.034486), <E> = -1.989725 

T=0.260000	 Thermalizing iterations... 
Done.
Thermalized Magnetisation = (0.886643,0.090379), Energy = -1.989199 
Averaging iterations... h=0.125000,0.000000
Done.
Final: Magnetisation = (0.893425,0.040452), Energy = -1.994270 
<M> = (0.889350,0.038842), <E> = -1.994921 

T=0.250000	 Thermalizing iterations... 
Done.
Thermalized Magnetisation = (0.889961,0.079622), Energy = -2.001981 
Averaging iterations... h=0.125000,0.000000
Done.
Final: Magnetisation = (0.899779,0.061265), Energy = -1.997485 
<M> = (0.891083,0.067463), <E> = -2.000408 

T=0.240000	 Thermalizing iterations... 
Done.
Thermalized Magnetisation = (0.903388,0.047656), Energy = -2.008387 
Averaging iterations... h=0.125000,0.000000
Done.
Final: Magnetisation = (0.902562,0.030792), Energy = -2.003791 
<M> = (0.898118,0.048720), <E> = -2.005639 

T=0.230000	 Thermalizing iterations... 
Done.
Thermalized Magnetisation = (0.898362,-0.014697), Energy = -2.009991 
Averaging iterations... h=0.125000,0.000000
Done.
Final: Magnetisation = (0.895309,0.080071), Energy = -2.010667 
<M> = (0.901050,0.019276), <E> = -2.011121 

T=0.220000	 Thermalizing iterations... 
Done.
Thermalized Magnetisation = (0.898890,0.103599), Energy = -2.016959 
Averaging iterations... h=0.125000,0.000000
Done.
Final: Magnetisation = (0.884304,0.037462), Energy = -2.014528 
<M> = (0.901352,0.058811), <E> = -2.016245 

T=0.210000	 Thermalizing iterations... 
Done.
Thermalized Magnetisation = (0.894754,0.089622), Energy = -2.021348 
Averaging iterations... h=0.125000,0.000000
Done.
Final: Magnetisation = (0.897626,0.024058), Energy = -2.020239 
<M> = (0.900296,0.029926), <E> = -2.021597 

T=0.200000	 Thermalizing iterations... 
Done.
Thermalized Magnetisation = (0.906012,-0.033295), Energy = -2.026608 
Averaging iterations... h=0.125000,0.000000
Done.
Final: Magnetisation = (0.908799,-0.065167), Energy = -2.026671 
<M> = (0.904544,0.011109), <E> = -2.026993 

T=0.190000	 Thermalizing iterations... 
Done.
Thermalized Magnetisation = (0.903967,0.022420), Energy = -2.032968 
Averaging iterations... h=0.125000,0.000000
Done.
Final: Magnetisation = (0.912680,0.040085), Energy = -2.030825 
<M> = (0.908816,0.048083), <E> = -2.032207 

T=0.180000	 Thermalizing iterations... 
Done.
Thermalized Magnetisation = (0.904990,0.083212), Energy = -2.039359 
Averaging iterations... h=0.125000,0.000000
Done.
Final: Magnetisation = (0.905126,0.073072), Energy = -2.037605 
<M> = (0.907942,0.076318), <E> = -2.037558 

T=0.170000	 Thermalizing iterations... 
Done.
Thermalized Magnetisation = (0.917237,0.027856), Energy = -2.040437 
Averaging iterations... h=0.125000,0.000000
Done.
Final: Magnetisation = (0.908349,-0.007433), Energy = -2.043393 
<M> = (0.912029,0.010055), <E> = -2.042639 

T=0.160000	 Thermalizing iterations... 
Done.
Thermalized Magnetisation = (0.913186,0.050852), Energy = -2.048169 
Averaging iterations... h=0.125000,0.000000
Done.
Final: Magnetisation = (0.906764,0.114610), Energy = -2.046964 
<M> = (0.912490,0.066667), <E> = -2.047872 

T=0.150000	 Thermalizing iterations... 
Done.
Thermalized Magnetisation = (0.911277,0.097214), Energy = -2.050101 
Averaging iterations... h=0.125000,0.000000
Done.
Final: Magnetisation = (0.911648,0.049766), Energy = -2.056729 
<M> = (0.916395,0.046555), <E> = -2.053058 

T=0.140000	 Thermalizing iterations... 
Done.
Thermalized Magnetisation = (0.922093,0.046262), Energy = -2.060255 
Averaging iterations... h=0.125000,0.000000
Done.
Final: Magnetisation = (0.915435,0.020510), Energy = -2.059835 
<M> = (0.917174,0.036735), <E> = -2.058222 

T=0.130000	 Thermalizing iterations... 
Done.
Thermalized Magnetisation = (0.922430,0.015439), Energy = -2.064427 
Averaging iterations... h=0.125000,0.000000
Done.
Final: Magnetisation = (0.919796,0.038942), Energy = -2.065663 
<M> = (0.917986,0.041437), <E> = -2.063354 

T=0.120000	 Thermalizing iterations... 
Done.
Thermalized Magnetisation = (0.923885,0.058499), Energy = -2.067217 
Averaging iterations... h=0.125000,0.000000
Done.
Final: Magnetisation = (0.919476,0.044573), Energy = -2.069984 
<M> = (0.921445,0.052307), <E> = -2.068664 

T=0.110000	 Thermalizing iterations... 
Done.
Thermalized Magnetisation = (0.920537,0.055300), Energy = -2.071781 
Averaging iterations... h=0.125000,0.000000
Done.
Final: Magnetisation = (0.926375,0.025841), Energy = -2.075416 
<M> = (0.924792,0.030807), <E> = -2.073717 

T=0.100000	 Thermalizing iterations... 
Done.
Thermalized Magnetisation = (0.922649,0.104559), Energy = -2.077242 
Averaging iterations... h=0.125000,0.000000
Done.
Final: Magnetisation = (0.929128,0.063572), Energy = -2.080343 
<M> = (0.923702,0.075945), <E> = -2.078942 

T=0.090000	 Thermalizing iterations... 
Done.
Thermalized Magnetisation = (0.923663,0.105802), Energy = -2.083944 
Averaging iterations... h=0.125000,0.000000
Done.
Final: Magnetisation = (0.928188,0.083909), Energy = -2.084687 
<M> = (0.930660,0.075714), <E> = -2.084053 

T=0.080000	 Thermalizing iterations... 
Done.
Thermalized Magnetisation = (0.928840,0.042708), Energy = -2.090364 
Averaging iterations... h=0.125000,0.000000
Done.
Final: Magnetisation = (0.929382,0.084571), Energy = -2.090100 
<M> = (0.927825,0.080662), <E> = -2.089090 

T=0.070000	 Thermalizing iterations... 
Done.
Thermalized Magnetisation = (0.934422,0.085312), Energy = -2.094682 
Averaging iterations... h=0.125000,0.000000
Done.
Final: Magnetisation = (0.933170,0.063835), Energy = -2.093345 
<M> = (0.930931,0.069751), <E> = -2.094290 

T=0.060000	 Thermalizing iterations... 
Done.
Thermalized Magnetisation = (0.929711,0.111413), Energy = -2.098635 
Averaging iterations... h=0.125000,0.000000
Done.
Final: Magnetisation = (0.935439,0.078157), Energy = -2.099361 
<M> = (0.932603,0.080671), <E> = -2.099282 

T=0.050000	 Thermalizing iterations... 
Done.
Thermalized Magnetisation = (0.934538,0.037112), Energy = -2.104430 
Averaging iterations... h=0.125000,0.000000
Done.
Final: Magnetisation = (0.936236,0.051518), Energy = -2.105042 
<M> = (0.936113,0.060530), <E> = -2.104329 

T=0.040000	 Thermalizing iterations... 
Done.
Thermalized Magnetisation = (0.935078,0.088541), Energy = -2.109356 
Averaging iterations... h=0.125000,0.000000
Done.
Final: Magnetisation = (0.936600,0.065302), Energy = -2.109888 
<M> = (0.935214,0.087829), <E> = -2.109427 

T=0.030000	 Thermalizing iterations... 
Done.
Thermalized Magnetisation = (0.939858,0.078099), Energy = -2.114150 
Averaging iterations... h=0.125000,0.000000
Done.
Final: Magnetisation = (0.941284,0.061409), Energy = -2.114495 
<M> = (0.940786,0.067183), <E> = -2.114463 

T=0.020000	 Thermalizing iterations... 
Done.
Thermalized Magnetisation = (0.938983,0.089518), Energy = -2.119365 
Averaging iterations... h=0.125000,0.000000
Done.
Final: Magnetisation = (0.943699,0.073778), Energy = -2.119591 
<M> = (0.940397,0.080135), <E> = -2.119466 

T=0.010000	 Thermalizing iterations... 
Done.
Thermalized Magnetisation = (0.941496,0.085710), Energy = -2.124512 
Averaging iterations... h=0.125000,0.000000
Done.
Final: Magnetisation = (0.941324,0.074631), Energy = -2.124525 
<M> = (0.942165,0.082692), <E> = -2.124495 
Final Magnetisation = (0.941324,0.074631), Energy = -2.124525 
------------------------

Updating all (first)black/(then)white checkerboard sites simultaneously.. 

ztne RFXY h rotating with |h|=0.125000 at T=0.000000..
loop 1

loop 2

CPU  Start Time = 5532649.682336 

CPU  End Time = 5541020.727290 

CPU Time elapsed total = 8371.044954 

real	139m31.112s
user	2358m35.091s
sys	1m8.521s
