nearest neighbor initialized. 
J loaded. 
h loaded. 
L = 32, dim_L = 2, dim_S = 2
hysteresis_MCS_multiplier = 10, hysteresis_MCS_max = 100
RAND_MAX = 2147483647.000000,
 sizeof(int) = 4,
 sizeof(long) = 8,
 sizeof(double) = 8,
 sizeof(long int) = 8,
 sizeof(short int) = 2,
 sizeof(unsigned int) = 4,
 sizeof(RAND_MAX) = 4

OpenMP Active.

No. of THREADS = 24
No. of PROCESSORS = 24

0.142489,0.072291
order = ({1.000000-->-1.000000,0.000000}, 0, 1)
Initial Magnetisation = (0.142489,0.072291), Energy = -0.042383 
Cooling... 
T=2.000000	 Thermalizing iterations... 
Done.
Thermalized Magnetisation = (0.036272,-0.274538), Energy = -0.584253 
Averaging iterations... h=0.062500,0.000000
Done.
Final: Magnetisation = (0.013615,0.063048), Energy = -0.825108 
<M> = (0.036552,0.002847), <E> = -0.747210 

T=1.950000	 Thermalizing iterations... 
Done.
Thermalized Magnetisation = (0.068059,0.148977), Energy = -0.627641 
Averaging iterations... h=0.062500,0.000000
Done.
Final: Magnetisation = (0.233063,-0.069358), Energy = -0.591911 
<M> = (0.033115,-0.000657), <E> = -0.764539 

T=1.900000	 Thermalizing iterations... 
Done.
Thermalized Magnetisation = (-0.025329,-0.042363), Energy = -0.896202 
Averaging iterations... h=0.062500,0.000000
Done.
Final: Magnetisation = (-0.073974,0.024939), Energy = -0.567255 
<M> = (0.039911,0.005699), <E> = -0.787209 

T=1.850000	 Thermalizing iterations... 
Done.
Thermalized Magnetisation = (-0.072316,0.039384), Energy = -0.756361 
Averaging iterations... h=0.062500,0.000000
Done.
Final: Magnetisation = (0.026534,0.168697), Energy = -0.829463 
<M> = (0.039817,0.003407), <E> = -0.807861 

T=1.800000	 Thermalizing iterations... 
Done.
Thermalized Magnetisation = (0.133661,0.033267), Energy = -0.938824 
Averaging iterations... h=0.062500,0.000000
Done.
Final: Magnetisation = (-0.211172,0.142961), Energy = -0.758213 
<M> = (0.041591,0.002019), <E> = -0.830058 

T=1.750000	 Thermalizing iterations... 
Done.
Thermalized Magnetisation = (0.300421,-0.170437), Energy = -0.922600 
Averaging iterations... h=0.062500,0.000000
Done.
Final: Magnetisation = (-0.085539,-0.023789), Energy = -0.809668 
<M> = (0.044070,0.005682), <E> = -0.849919 

T=1.700000	 Thermalizing iterations... 
Done.
Thermalized Magnetisation = (0.005768,0.148745), Energy = -0.555907 
Averaging iterations... h=0.062500,0.000000
Done.
Final: Magnetisation = (-0.062777,0.195529), Energy = -0.840867 
<M> = (0.051927,0.000801), <E> = -0.874376 

T=1.650000	 Thermalizing iterations... 
Done.
Thermalized Magnetisation = (0.111630,0.221467), Energy = -0.811813 
Averaging iterations... h=0.062500,0.000000
Done.
Final: Magnetisation = (-0.049923,0.108686), Energy = -1.056364 
<M> = (0.054773,0.001835), <E> = -0.894548 

T=1.600000	 Thermalizing iterations... 
Done.
Thermalized Magnetisation = (-0.132226,0.084600), Energy = -1.042500 
Averaging iterations... h=0.062500,0.000000
Done.
Final: Magnetisation = (0.272828,0.033607), Energy = -1.034782 
<M> = (0.062226,0.000023), <E> = -0.923865 

T=1.550000	 Thermalizing iterations... 
Done.
Thermalized Magnetisation = (0.089192,0.065164), Energy = -0.868473 
Averaging iterations... h=0.062500,0.000000
Done.
Final: Magnetisation = (0.007582,0.290441), Energy = -1.002864 
<M> = (0.061680,-0.001886), <E> = -0.948923 

T=1.500000	 Thermalizing iterations... 
Done.
Thermalized Magnetisation = (0.062233,-0.079335), Energy = -0.768406 
Averaging iterations... h=0.062500,0.000000
Done.
Final: Magnetisation = (-0.235002,0.258459), Energy = -1.032947 
<M> = (0.076273,0.007126), <E> = -0.978045 

T=1.450000	 Thermalizing iterations... 
Done.
Thermalized Magnetisation = (0.144429,-0.126205), Energy = -0.948693 
Averaging iterations... h=0.062500,0.000000
Done.
Final: Magnetisation = (0.037695,-0.021115), Energy = -1.016429 
<M> = (0.077615,-0.000266), <E> = -1.009743 

T=1.400000	 Thermalizing iterations... 
Done.
Thermalized Magnetisation = (-0.122402,0.104432), Energy = -1.021852 
Averaging iterations... h=0.062500,0.000000
Done.
Final: Magnetisation = (0.306636,-0.116543), Energy = -1.178671 
<M> = (0.085471,0.009731), <E> = -1.045672 

T=1.350000	 Thermalizing iterations... 
Done.
Thermalized Magnetisation = (0.086739,0.329567), Energy = -1.135252 
Averaging iterations... h=0.062500,0.000000
Done.
Final: Magnetisation = (-0.061082,-0.054930), Energy = -1.221763 
<M> = (0.092859,-0.000348), <E> = -1.079122 

T=1.300000	 Thermalizing iterations... 
Done.
Thermalized Magnetisation = (0.336373,-0.292082), Energy = -1.214543 
Averaging iterations... h=0.062500,0.000000
Done.
Final: Magnetisation = (0.138008,-0.192227), Energy = -1.031064 
<M> = (0.103601,0.004769), <E> = -1.117615 

T=1.250000	 Thermalizing iterations... 
Done.
Thermalized Magnetisation = (0.091827,-0.014664), Energy = -1.084036 
Averaging iterations... h=0.062500,0.000000
Done.
Final: Magnetisation = (0.209688,-0.063137), Energy = -1.234718 
<M> = (0.127414,-0.000052), <E> = -1.152868 

T=1.200000	 Thermalizing iterations... 
Done.
Thermalized Magnetisation = (0.131054,-0.121999), Energy = -1.129665 
Averaging iterations... h=0.062500,0.000000
Done.
Final: Magnetisation = (0.125569,0.299598), Energy = -1.382647 
<M> = (0.133687,0.006829), <E> = -1.191159 

T=1.150000	 Thermalizing iterations... 
Done.
Thermalized Magnetisation = (-0.007859,-0.113129), Energy = -1.257932 
Averaging iterations... h=0.062500,0.000000
Done.
Final: Magnetisation = (0.145105,0.170501), Energy = -1.140821 
<M> = (0.156630,-0.011683), <E> = -1.230670 

T=1.100000	 Thermalizing iterations... 
Done.
Thermalized Magnetisation = (0.251586,-0.344334), Energy = -1.251469 
Averaging iterations... h=0.062500,0.000000
Done.
Final: Magnetisation = (0.354677,0.175062), Energy = -1.326137 
<M> = (0.186895,0.004035), <E> = -1.283766 

T=1.050000	 Thermalizing iterations... 
Done.
Thermalized Magnetisation = (0.416050,-0.162127), Energy = -1.362862 
Averaging iterations... h=0.062500,0.000000
Done.
Final: Magnetisation = (0.214632,0.109586), Energy = -1.380219 
<M> = (0.216845,-0.008592), <E> = -1.326092 

T=1.000000	 Thermalizing iterations... 
Done.
Thermalized Magnetisation = (0.269853,-0.150660), Energy = -1.431116 
Averaging iterations... h=0.062500,0.000000
Done.
Final: Magnetisation = (0.327162,-0.172666), Energy = -1.268694 
<M> = (0.215991,-0.033187), <E> = -1.371025 

T=0.950000	 Thermalizing iterations... 
Done.
Thermalized Magnetisation = (0.060274,0.298180), Energy = -1.446998 
Averaging iterations... h=0.062500,0.000000
Done.
Final: Magnetisation = (0.334284,0.093339), Energy = -1.488805 
<M> = (0.238541,0.026048), <E> = -1.418770 

T=0.900000	 Thermalizing iterations... 
Done.
Thermalized Magnetisation = (0.299024,-0.488837), Energy = -1.511232 
Averaging iterations... h=0.062500,0.000000
Done.
Final: Magnetisation = (0.526036,0.366123), Energy = -1.549711 
<M> = (0.302311,0.058920), <E> = -1.468448 

T=0.850000	 Thermalizing iterations... 
Done.
Thermalized Magnetisation = (0.154893,-0.148780), Energy = -1.473151 
Averaging iterations... h=0.062500,0.000000
Done.
Final: Magnetisation = (0.186553,-0.470635), Energy = -1.437380 
<M> = (0.329938,0.011765), <E> = -1.521009 

T=0.800000	 Thermalizing iterations... 
Done.
Thermalized Magnetisation = (0.550522,0.119888), Energy = -1.594986 
Averaging iterations... h=0.062500,0.000000
Done.
Final: Magnetisation = (0.366124,-0.326121), Energy = -1.650892 
<M> = (0.366896,0.015571), <E> = -1.566369 

T=0.750000	 Thermalizing iterations... 
Done.
Thermalized Magnetisation = (0.504211,-0.369178), Energy = -1.566370 
Averaging iterations... h=0.062500,0.000000
Done.
Final: Magnetisation = (0.481435,0.157623), Energy = -1.635489 
<M> = (0.415677,-0.114890), <E> = -1.609701 

T=0.700000	 Thermalizing iterations... 
Done.
Thermalized Magnetisation = (0.620063,-0.206410), Energy = -1.664572 
Averaging iterations... h=0.062500,0.000000
Done.
Final: Magnetisation = (0.485467,-0.023146), Energy = -1.612837 
<M> = (0.454083,-0.205689), <E> = -1.649642 

T=0.650000	 Thermalizing iterations... 
Done.
Thermalized Magnetisation = (0.633180,-0.227620), Energy = -1.703335 
Averaging iterations... h=0.062500,0.000000
Done.
Final: Magnetisation = (0.378367,-0.459035), Energy = -1.698613 
<M> = (0.468307,-0.336699), <E> = -1.689705 

T=0.600000	 Thermalizing iterations... 
Done.
Thermalized Magnetisation = (0.743335,0.073481), Energy = -1.793275 
Averaging iterations... h=0.062500,0.000000
Done.
Final: Magnetisation = (0.489818,0.635403), Energy = -1.750341 
<M> = (0.491776,0.004431), <E> = -1.724020 

T=0.550000	 Thermalizing iterations... 
Done.
Thermalized Magnetisation = (0.494422,0.465506), Energy = -1.746536 
Averaging iterations... h=0.062500,0.000000
Done.
Final: Magnetisation = (0.504867,0.548059), Energy = -1.770884 
<M> = (0.452234,0.534720), <E> = -1.760561 

T=0.500000	 Thermalizing iterations... 
Done.
Thermalized Magnetisation = (0.247341,0.711257), Energy = -1.801761 
Averaging iterations... h=0.062500,0.000000
Done.
Final: Magnetisation = (0.587814,0.311567), Energy = -1.759558 
<M> = (0.476088,0.456055), <E> = -1.786864 

T=0.450000	 Thermalizing iterations... 
Done.
Thermalized Magnetisation = (0.361019,0.699584), Energy = -1.829068 
Averaging iterations... h=0.062500,0.000000
Done.
Final: Magnetisation = (0.362893,0.527159), Energy = -1.829618 
<M> = (0.430561,0.620006), <E> = -1.821799 

T=0.400000	 Thermalizing iterations... 
Done.
Thermalized Magnetisation = (0.490834,0.637556), Energy = -1.797794 
Averaging iterations... h=0.062500,0.000000
Done.
Final: Magnetisation = (0.473152,0.633948), Energy = -1.845014 
<M> = (0.436303,0.611800), <E> = -1.848776 

T=0.350000	 Thermalizing iterations... 
Done.
Thermalized Magnetisation = (0.306646,0.664310), Energy = -1.840679 
Averaging iterations... h=0.062500,0.000000
Done.
Final: Magnetisation = (0.478221,0.702915), Energy = -1.868716 
<M> = (0.444050,0.640742), <E> = -1.877169 

T=0.300000	 Thermalizing iterations... 
Done.
Thermalized Magnetisation = (0.158195,0.827452), Energy = -1.914668 
Averaging iterations... h=0.062500,0.000000
Done.
Final: Magnetisation = (0.312612,0.722295), Energy = -1.923859 
<M> = (0.427100,0.667200), <E> = -1.904772 

T=0.250000	 Thermalizing iterations... 
Done.
Thermalized Magnetisation = (0.369328,0.756162), Energy = -1.939731 
Averaging iterations... h=0.062500,0.000000
Done.
Final: Magnetisation = (0.318840,0.765252), Energy = -1.909917 
<M> = (0.418275,0.709628), <E> = -1.932254 

T=0.200000	 Thermalizing iterations... 
Done.
Thermalized Magnetisation = (0.452758,0.769086), Energy = -1.970069 
Averaging iterations... h=0.062500,0.000000
Done.
Final: Magnetisation = (0.488066,0.715904), Energy = -1.968209 
<M> = (0.407764,0.748827), <E> = -1.959499 

T=0.150000	 Thermalizing iterations... 
Done.
Thermalized Magnetisation = (0.464931,0.742582), Energy = -1.989400 
Averaging iterations... h=0.062500,0.000000
Done.
Final: Magnetisation = (0.505178,0.702053), Energy = -1.978187 
<M> = (0.445119,0.743971), <E> = -1.985940 

T=0.100000	 Thermalizing iterations... 
Done.
Thermalized Magnetisation = (0.338589,0.823160), Energy = -2.007113 
Averaging iterations... h=0.062500,0.000000
Done.
Final: Magnetisation = (0.440794,0.764337), Energy = -2.006575 
<M> = (0.411362,0.788038), <E> = -2.012077 

T=0.050000	 Thermalizing iterations... 
Done.
Thermalized Magnetisation = (0.460317,0.778348), Energy = -2.039983 
Averaging iterations... h=0.062500,0.000000
Done.
Final: Magnetisation = (0.374850,0.811105), Energy = -2.038251 
<M> = (0.411598,0.801195), <E> = -2.037348 
Final Magnetisation = (0.374850,0.811105), Energy = -2.038251 
------------------------

Updating all (first)black/(then)white checkerboard sites simultaneously.. 

ztne RFXY h rotating with |h|=0.062500 at T=0.000000..
loop 1

loop 2

Cooling protocol time (from T=2.000000 to T=0.000000) = 176.423549 

CPU Time elapsed total = 176.430249 
All done - 176 seconds elapsed.
