nearest neighbor initialized. 
J loaded. 
h loaded. 
L = 64, dim_L = 2, dim_S = 2
hysteresis_MCS_multiplier = 10, hysteresis_MCS_max = 100
RAND_MAX = 2147483647.000000,
 sizeof(int) = 4,
 sizeof(long) = 8,
 sizeof(double) = 8,
 sizeof(long int) = 8,
 sizeof(short int) = 2,
 sizeof(unsigned int) = 4,
 sizeof(RAND_MAX) = 4

OpenMP Active.

No. of THREADS = 24
No. of PROCESSORS = 24

0.093364,-0.025831
order = ({1.000000-->-1.000000,0.000000}, 0, 1)
Initial Magnetisation = (0.093364,-0.025831), Energy = -0.075846 
Cooling... 
T=2.000000	 Thermalizing iterations... 
Done.
Thermalized Magnetisation = (-0.034992,0.103521), Energy = -0.551712 
Averaging iterations... h=0.071429,0.000000
Done.
Final: Magnetisation = (0.031798,-0.067825), Energy = -0.591738 
<M> = (0.056120,0.000378), <E> = -0.626484 

T=1.950000	 Thermalizing iterations... 
Done.
Thermalized Magnetisation = (0.113890,-0.031049), Energy = -0.613085 
Averaging iterations... h=0.071429,0.000000
Done.
Final: Magnetisation = (0.031121,0.028524), Energy = -0.658151 
<M> = (0.058961,0.001919), <E> = -0.645043 

T=1.900000	 Thermalizing iterations... 
Done.
Thermalized Magnetisation = (0.010380,-0.004069), Energy = -0.728680 
Averaging iterations... h=0.071429,0.000000
Done.
Final: Magnetisation = (0.153928,-0.054151), Energy = -0.755508 
<M> = (0.064786,0.000875), <E> = -0.666811 

T=1.850000	 Thermalizing iterations... 
Done.
Thermalized Magnetisation = (0.059761,-0.034660), Energy = -0.631492 
Averaging iterations... h=0.071429,0.000000
Done.
Final: Magnetisation = (0.012348,0.040971), Energy = -0.634979 
<M> = (0.069278,0.000851), <E> = -0.687730 

T=1.800000	 Thermalizing iterations... 
Done.
Thermalized Magnetisation = (0.169318,0.040848), Energy = -0.788863 
Averaging iterations... h=0.071429,0.000000
Done.
Final: Magnetisation = (0.041097,0.031512), Energy = -0.778526 
<M> = (0.076615,-0.000478), <E> = -0.712063 

T=1.750000	 Thermalizing iterations... 
Done.
Thermalized Magnetisation = (0.047215,-0.064114), Energy = -0.712612 
Averaging iterations... h=0.071429,0.000000
Done.
Final: Magnetisation = (0.126960,0.028677), Energy = -0.821400 
<M> = (0.082120,0.001444), <E> = -0.736956 

T=1.700000	 Thermalizing iterations... 
Done.
Thermalized Magnetisation = (0.072408,-0.091935), Energy = -0.680850 
Averaging iterations... h=0.071429,0.000000
Done.
Final: Magnetisation = (0.165630,0.063245), Energy = -0.782280 
<M> = (0.088518,0.000712), <E> = -0.762670 

T=1.650000	 Thermalizing iterations... 
Done.
Thermalized Magnetisation = (0.036048,-0.066133), Energy = -0.762527 
Averaging iterations... h=0.071429,0.000000
Done.
Final: Magnetisation = (0.217917,-0.008256), Energy = -0.833269 
<M> = (0.098723,0.000886), <E> = -0.793653 

T=1.600000	 Thermalizing iterations... 
Done.
Thermalized Magnetisation = (0.142235,-0.021923), Energy = -0.809854 
Averaging iterations... h=0.071429,0.000000
Done.
Final: Magnetisation = (0.064239,-0.075253), Energy = -0.823390 
<M> = (0.106659,0.002201), <E> = -0.823396 

T=1.550000	 Thermalizing iterations... 
Done.
Thermalized Magnetisation = (0.092368,0.174887), Energy = -0.880354 
Averaging iterations... h=0.071429,0.000000
Done.
Final: Magnetisation = (0.252210,0.066659), Energy = -0.974702 
<M> = (0.120280,0.000739), <E> = -0.856263 

T=1.500000	 Thermalizing iterations... 
Done.
Thermalized Magnetisation = (0.132420,0.096790), Energy = -0.922524 
Averaging iterations... h=0.071429,0.000000
Done.
Final: Magnetisation = (0.139983,0.124391), Energy = -0.851286 
<M> = (0.134806,0.000819), <E> = -0.891146 

T=1.450000	 Thermalizing iterations... 
Done.
Thermalized Magnetisation = (0.257927,-0.065235), Energy = -1.000200 
Averaging iterations... h=0.071429,0.000000
Done.
Final: Magnetisation = (0.168595,-0.014719), Energy = -0.927631 
<M> = (0.148600,0.001335), <E> = -0.930756 

T=1.400000	 Thermalizing iterations... 
Done.
Thermalized Magnetisation = (0.245488,0.041109), Energy = -0.990089 
Averaging iterations... h=0.071429,0.000000
Done.
Final: Magnetisation = (0.143196,-0.169260), Energy = -0.994202 
<M> = (0.170166,-0.000334), <E> = -0.973565 

T=1.350000	 Thermalizing iterations... 
Done.
Thermalized Magnetisation = (0.123832,0.067368), Energy = -0.932719 
Averaging iterations... h=0.071429,0.000000
Done.
Final: Magnetisation = (0.299279,0.034737), Energy = -1.028343 
<M> = (0.190190,0.004286), <E> = -1.019878 

T=1.300000	 Thermalizing iterations... 
Done.
Thermalized Magnetisation = (0.137999,0.008839), Energy = -1.118679 
Averaging iterations... h=0.071429,0.000000
Done.
Final: Magnetisation = (0.218434,0.050009), Energy = -0.956391 
<M> = (0.213426,-0.003684), <E> = -1.065834 

T=1.250000	 Thermalizing iterations... 
Done.
Thermalized Magnetisation = (0.133364,0.121849), Energy = -1.078189 
Averaging iterations... h=0.071429,0.000000
Done.
Final: Magnetisation = (0.194985,-0.013450), Energy = -1.077528 
<M> = (0.248052,-0.002653), <E> = -1.118517 

T=1.200000	 Thermalizing iterations... 
Done.
Thermalized Magnetisation = (0.178661,-0.029790), Energy = -1.158298 
Averaging iterations... h=0.071429,0.000000
Done.
Final: Magnetisation = (0.221375,-0.052137), Energy = -1.134708 
<M> = (0.274958,0.002576), <E> = -1.170413 

T=1.150000	 Thermalizing iterations... 
Done.
Thermalized Magnetisation = (0.319824,-0.102814), Energy = -1.193875 
Averaging iterations... h=0.071429,0.000000
Done.
Final: Magnetisation = (0.332644,-0.055073), Energy = -1.229461 
<M> = (0.317234,0.005613), <E> = -1.229293 

T=1.100000	 Thermalizing iterations... 
Done.
Thermalized Magnetisation = (0.302779,0.037252), Energy = -1.257451 
Averaging iterations... h=0.071429,0.000000
Done.
Final: Magnetisation = (0.283331,0.153364), Energy = -1.226084 
<M> = (0.351590,-0.002158), <E> = -1.286359 

T=1.050000	 Thermalizing iterations... 
Done.
Thermalized Magnetisation = (0.405795,0.131608), Energy = -1.351538 
Averaging iterations... h=0.071429,0.000000
Done.
Final: Magnetisation = (0.294483,0.091088), Energy = -1.324419 
<M> = (0.392187,0.011707), <E> = -1.342871 

T=1.000000	 Thermalizing iterations... 
Done.
Thermalized Magnetisation = (0.509751,-0.039658), Energy = -1.404548 
Averaging iterations... h=0.071429,0.000000
Done.
Final: Magnetisation = (0.305882,0.028395), Energy = -1.329142 
<M> = (0.439418,0.006837), <E> = -1.399857 

T=0.950000	 Thermalizing iterations... 
Done.
Thermalized Magnetisation = (0.520522,-0.132697), Energy = -1.528374 
Averaging iterations... h=0.071429,0.000000
Done.
Final: Magnetisation = (0.531281,-0.061970), Energy = -1.495397 
<M> = (0.471027,0.042792), <E> = -1.452895 

T=0.900000	 Thermalizing iterations... 
Done.
Thermalized Magnetisation = (0.480266,0.171291), Energy = -1.479320 
Averaging iterations... h=0.071429,0.000000
Done.
Final: Magnetisation = (0.460478,-0.113427), Energy = -1.473683 
<M> = (0.498193,0.013806), <E> = -1.504851 

T=0.850000	 Thermalizing iterations... 
Done.
Thermalized Magnetisation = (0.484149,-0.511058), Energy = -1.582575 
Averaging iterations... h=0.071429,0.000000
Done.
Final: Magnetisation = (0.607902,-0.185964), Energy = -1.568769 
<M> = (0.525789,-0.008938), <E> = -1.552075 

T=0.800000	 Thermalizing iterations... 
Done.
Thermalized Magnetisation = (0.482353,-0.281658), Energy = -1.567082 
Averaging iterations... h=0.071429,0.000000
Done.
Final: Magnetisation = (0.507261,0.185103), Energy = -1.607989 
<M> = (0.538534,0.184501), <E> = -1.595266 

T=0.750000	 Thermalizing iterations... 
Done.
Thermalized Magnetisation = (0.666468,0.003673), Energy = -1.653731 
Averaging iterations... h=0.071429,0.000000
Done.
Final: Magnetisation = (0.397532,-0.421516), Energy = -1.577735 
<M> = (0.564772,0.125212), <E> = -1.635568 

T=0.700000	 Thermalizing iterations... 
Done.
Thermalized Magnetisation = (0.601531,0.391952), Energy = -1.706567 
Averaging iterations... h=0.071429,0.000000
Done.
Final: Magnetisation = (0.587370,0.015094), Energy = -1.679267 
<M> = (0.575005,0.241314), <E> = -1.672427 

T=0.650000	 Thermalizing iterations... 
Done.
Thermalized Magnetisation = (0.658453,0.015115), Energy = -1.710376 
Averaging iterations... h=0.071429,0.000000
Done.
Final: Magnetisation = (0.644531,0.002584), Energy = -1.700664 
<M> = (0.592314,-0.155707), <E> = -1.705833 

T=0.600000	 Thermalizing iterations... 
Done.
Thermalized Magnetisation = (0.637957,0.054094), Energy = -1.688574 
Averaging iterations... h=0.071429,0.000000
Done.
Final: Magnetisation = (0.568621,-0.069752), Energy = -1.728899 
<M> = (0.613015,-0.056547), <E> = -1.738455 

T=0.550000	 Thermalizing iterations... 
Done.
Thermalized Magnetisation = (0.530233,-0.251464), Energy = -1.755869 
Averaging iterations... h=0.071429,0.000000
Done.
Final: Magnetisation = (0.586297,-0.520269), Energy = -1.783633 
<M> = (0.571663,-0.441519), <E> = -1.772397 

T=0.500000	 Thermalizing iterations... 
Done.
Thermalized Magnetisation = (0.463508,-0.638310), Energy = -1.802377 
Averaging iterations... h=0.071429,0.000000
Done.
Final: Magnetisation = (0.551262,-0.436308), Energy = -1.797492 
<M> = (0.590110,-0.413748), <E> = -1.802572 

T=0.450000	 Thermalizing iterations... 
Done.
Thermalized Magnetisation = (0.646140,-0.378064), Energy = -1.835575 
Averaging iterations... h=0.071429,0.000000
Done.
Final: Magnetisation = (0.601817,-0.384937), Energy = -1.846947 
<M> = (0.575881,-0.495298), <E> = -1.831898 

T=0.400000	 Thermalizing iterations... 
Done.
Thermalized Magnetisation = (0.612033,-0.448543), Energy = -1.847776 
Averaging iterations... h=0.071429,0.000000
Done.
Final: Magnetisation = (0.571617,-0.543269), Energy = -1.866784 
<M> = (0.573474,-0.549715), <E> = -1.861406 

T=0.350000	 Thermalizing iterations... 
Done.
Thermalized Magnetisation = (0.581741,-0.570857), Energy = -1.882678 
Averaging iterations... h=0.071429,0.000000
Done.
Final: Magnetisation = (0.557138,-0.606839), Energy = -1.884757 
<M> = (0.576144,-0.557682), <E> = -1.889516 

T=0.300000	 Thermalizing iterations... 
Done.
Thermalized Magnetisation = (0.576550,-0.587393), Energy = -1.911721 
Averaging iterations... h=0.071429,0.000000
Done.
Final: Magnetisation = (0.643155,-0.514757), Energy = -1.920516 
<M> = (0.574998,-0.595638), <E> = -1.917659 

T=0.250000	 Thermalizing iterations... 
Done.
Thermalized Magnetisation = (0.586218,-0.587559), Energy = -1.946805 
Averaging iterations... h=0.071429,0.000000
Done.
Final: Magnetisation = (0.580704,-0.607918), Energy = -1.939663 
<M> = (0.567704,-0.622912), <E> = -1.944901 

T=0.200000	 Thermalizing iterations... 
Done.
Thermalized Magnetisation = (0.578204,-0.644156), Energy = -1.969135 
Averaging iterations... h=0.071429,0.000000
Done.
Final: Magnetisation = (0.612726,-0.614401), Energy = -1.969403 
<M> = (0.572028,-0.640999), <E> = -1.971365 

T=0.150000	 Thermalizing iterations... 
Done.
Thermalized Magnetisation = (0.543037,-0.679456), Energy = -1.997842 
Averaging iterations... h=0.071429,0.000000
Done.
Final: Magnetisation = (0.616848,-0.634887), Energy = -1.999182 
<M> = (0.570304,-0.662292), <E> = -1.997653 

T=0.100000	 Thermalizing iterations... 
Done.
Thermalized Magnetisation = (0.579269,-0.666327), Energy = -2.023453 
Averaging iterations... h=0.071429,0.000000
Done.
Final: Magnetisation = (0.573718,-0.681037), Energy = -2.023709 
<M> = (0.572405,-0.678982), <E> = -2.023679 

T=0.050000	 Thermalizing iterations... 
Done.
Thermalized Magnetisation = (0.582900,-0.688288), Energy = -2.050506 
Averaging iterations... h=0.071429,0.000000
Done.
Final: Magnetisation = (0.548209,-0.705634), Energy = -2.049082 
<M> = (0.571654,-0.697355), <E> = -2.049204 
Final Magnetisation = (0.548209,-0.705634), Energy = -2.049082 
------------------------

Updating all (first)black/(then)white checkerboard sites simultaneously.. 

ztne RFXY h rotating with |h|=0.071429 at T=0.000000..
loop 1

loop 2

Cooling protocol time (from T=2.000000 to T=0.000000) = 671.867716 

CPU Time elapsed total = 671.892894 
All done - 672 seconds elapsed.
