nearest neighbor initialized. 
J loaded. 
h loaded. 
L = 64, dim_L = 2, dim_S = 2
hysteresis_MCS_multiplier = 10, hysteresis_MCS_max = 100
RAND_MAX = 2147483647.000000,
 sizeof(int) = 4,
 sizeof(long) = 8,
 sizeof(double) = 8,
 sizeof(long int) = 8,
 sizeof(short int) = 2,
 sizeof(unsigned int) = 4,
 sizeof(RAND_MAX) = 4

OpenMP Active.

No. of THREADS = 24
No. of PROCESSORS = 24

0.095584,-0.018878
order = ({1.000000-->-1.000000,0.000000}, 0, 1)
Initial Magnetisation = (0.095584,-0.018878), Energy = -0.081625 
Cooling... 
T=2.000000	 Thermalizing iterations... 
Done.
Thermalized Magnetisation = (-0.038121,0.092086), Energy = -0.545329 
Averaging iterations... h=0.062500,0.000000
Done.
Final: Magnetisation = (0.022476,-0.202005), Energy = -0.664716 
<M> = (0.048221,0.000825), <E> = -0.624856 

T=1.950000	 Thermalizing iterations... 
Done.
Thermalized Magnetisation = (0.108789,-0.016452), Energy = -0.763658 
Averaging iterations... h=0.062500,0.000000
Done.
Final: Magnetisation = (0.005795,0.063124), Energy = -0.577453 
<M> = (0.050604,0.000970), <E> = -0.643667 

T=1.900000	 Thermalizing iterations... 
Done.
Thermalized Magnetisation = (0.001313,0.045743), Energy = -0.659307 
Averaging iterations... h=0.062500,0.000000
Done.
Final: Magnetisation = (0.184384,0.005580), Energy = -0.632945 
<M> = (0.055637,0.000823), <E> = -0.663834 

T=1.850000	 Thermalizing iterations... 
Done.
Thermalized Magnetisation = (0.117784,-0.085394), Energy = -0.692381 
Averaging iterations... h=0.062500,0.000000
Done.
Final: Magnetisation = (0.056084,-0.068061), Energy = -0.630122 
<M> = (0.058848,0.000536), <E> = -0.686159 

T=1.800000	 Thermalizing iterations... 
Done.
Thermalized Magnetisation = (0.016942,0.101306), Energy = -0.751127 
Averaging iterations... h=0.062500,0.000000
Done.
Final: Magnetisation = (0.229085,0.027910), Energy = -0.650574 
<M> = (0.064751,-0.000590), <E> = -0.709523 

T=1.750000	 Thermalizing iterations... 
Done.
Thermalized Magnetisation = (0.072978,-0.057182), Energy = -0.757202 
Averaging iterations... h=0.062500,0.000000
Done.
Final: Magnetisation = (0.138472,0.044632), Energy = -0.733309 
<M> = (0.069843,0.000286), <E> = -0.733857 

T=1.700000	 Thermalizing iterations... 
Done.
Thermalized Magnetisation = (0.174956,0.073057), Energy = -0.693476 
Averaging iterations... h=0.062500,0.000000
Done.
Final: Magnetisation = (0.112391,0.066518), Energy = -0.786567 
<M> = (0.076698,0.000127), <E> = -0.761173 

T=1.650000	 Thermalizing iterations... 
Done.
Thermalized Magnetisation = (0.129980,0.145248), Energy = -0.842448 
Averaging iterations... h=0.062500,0.000000
Done.
Final: Magnetisation = (0.053052,0.088223), Energy = -0.851434 
<M> = (0.083753,0.001196), <E> = -0.790796 

T=1.600000	 Thermalizing iterations... 
Done.
Thermalized Magnetisation = (0.063306,0.037823), Energy = -0.795608 
Averaging iterations... h=0.062500,0.000000
Done.
Final: Magnetisation = (0.142271,0.056588), Energy = -0.855763 
<M> = (0.092512,0.003126), <E> = -0.819889 

T=1.550000	 Thermalizing iterations... 
Done.
Thermalized Magnetisation = (0.026878,-0.074145), Energy = -0.799078 
Averaging iterations... h=0.062500,0.000000
Done.
Final: Magnetisation = (0.133317,-0.006460), Energy = -0.808883 
<M> = (0.103592,0.000940), <E> = -0.853389 

T=1.500000	 Thermalizing iterations... 
Done.
Thermalized Magnetisation = (0.210013,0.130357), Energy = -0.862502 
Averaging iterations... h=0.062500,0.000000
Done.
Final: Magnetisation = (0.252677,-0.070699), Energy = -0.866987 
<M> = (0.116142,0.001523), <E> = -0.887134 

T=1.450000	 Thermalizing iterations... 
Done.
Thermalized Magnetisation = (0.024369,0.065416), Energy = -0.883539 
Averaging iterations... h=0.062500,0.000000
Done.
Final: Magnetisation = (0.245403,-0.034816), Energy = -0.968550 
<M> = (0.125810,0.002001), <E> = -0.926754 

T=1.400000	 Thermalizing iterations... 
Done.
Thermalized Magnetisation = (0.109624,0.188773), Energy = -0.947724 
Averaging iterations... h=0.062500,0.000000
Done.
Final: Magnetisation = (0.195408,-0.078116), Energy = -1.083200 
<M> = (0.145323,0.000739), <E> = -0.967169 

T=1.350000	 Thermalizing iterations... 
Done.
Thermalized Magnetisation = (0.105242,-0.038130), Energy = -1.060695 
Averaging iterations... h=0.062500,0.000000
Done.
Final: Magnetisation = (0.181721,-0.158446), Energy = -0.965104 
<M> = (0.162213,0.001351), <E> = -1.011405 

T=1.300000	 Thermalizing iterations... 
Done.
Thermalized Magnetisation = (0.131920,0.057139), Energy = -0.971364 
Averaging iterations... h=0.062500,0.000000
Done.
Final: Magnetisation = (0.176638,-0.002942), Energy = -0.992228 
<M> = (0.183226,-0.000263), <E> = -1.058319 

T=1.250000	 Thermalizing iterations... 
Done.
Thermalized Magnetisation = (0.169414,0.011757), Energy = -1.100427 
Averaging iterations... h=0.062500,0.000000
Done.
Final: Magnetisation = (0.254064,0.038581), Energy = -1.129663 
<M> = (0.214947,-0.002789), <E> = -1.108511 

T=1.200000	 Thermalizing iterations... 
Done.
Thermalized Magnetisation = (0.126823,0.187641), Energy = -1.153303 
Averaging iterations... h=0.062500,0.000000
Done.
Final: Magnetisation = (0.293086,-0.016234), Energy = -1.180909 
<M> = (0.239124,0.003280), <E> = -1.160883 

T=1.150000	 Thermalizing iterations... 
Done.
Thermalized Magnetisation = (0.438439,0.012294), Energy = -1.233304 
Averaging iterations... h=0.062500,0.000000
Done.
Final: Magnetisation = (0.168367,-0.157739), Energy = -1.154441 
<M> = (0.277890,0.006061), <E> = -1.218536 

T=1.100000	 Thermalizing iterations... 
Done.
Thermalized Magnetisation = (0.390834,-0.162977), Energy = -1.359476 
Averaging iterations... h=0.062500,0.000000
Done.
Final: Magnetisation = (0.250569,0.041975), Energy = -1.318137 
<M> = (0.307849,-0.003621), <E> = -1.273809 

T=1.050000	 Thermalizing iterations... 
Done.
Thermalized Magnetisation = (0.341387,0.158129), Energy = -1.314691 
Averaging iterations... h=0.062500,0.000000
Done.
Final: Magnetisation = (0.308017,0.153609), Energy = -1.334934 
<M> = (0.348122,0.001340), <E> = -1.332227 

T=1.000000	 Thermalizing iterations... 
Done.
Thermalized Magnetisation = (0.375529,-0.021404), Energy = -1.432478 
Averaging iterations... h=0.062500,0.000000
Done.
Final: Magnetisation = (0.249917,0.047047), Energy = -1.372762 
<M> = (0.393673,0.017535), <E> = -1.389486 

T=0.950000	 Thermalizing iterations... 
Done.
Thermalized Magnetisation = (0.357125,0.098215), Energy = -1.489240 
Averaging iterations... h=0.062500,0.000000
Done.
Final: Magnetisation = (0.305291,-0.126740), Energy = -1.442311 
<M> = (0.425301,0.046177), <E> = -1.443905 

T=0.900000	 Thermalizing iterations... 
Done.
Thermalized Magnetisation = (0.500816,0.087198), Energy = -1.514999 
Averaging iterations... h=0.062500,0.000000
Done.
Final: Magnetisation = (0.484127,-0.040964), Energy = -1.456907 
<M> = (0.451983,0.023474), <E> = -1.495343 

T=0.850000	 Thermalizing iterations... 
Done.
Thermalized Magnetisation = (0.383176,-0.249613), Energy = -1.536160 
Averaging iterations... h=0.062500,0.000000
Done.
Final: Magnetisation = (0.478341,-0.123886), Energy = -1.543054 
<M> = (0.472380,-0.013906), <E> = -1.544881 

T=0.800000	 Thermalizing iterations... 
Done.
Thermalized Magnetisation = (0.404565,-0.431840), Energy = -1.542885 
Averaging iterations... h=0.062500,0.000000
Done.
Final: Magnetisation = (0.480123,0.422231), Energy = -1.576946 
<M> = (0.498072,0.041037), <E> = -1.586452 

T=0.750000	 Thermalizing iterations... 
Done.
Thermalized Magnetisation = (0.605182,0.344646), Energy = -1.640804 
Averaging iterations... h=0.062500,0.000000
Done.
Final: Magnetisation = (0.513611,-0.331617), Energy = -1.623516 
<M> = (0.500587,0.297722), <E> = -1.629815 

T=0.700000	 Thermalizing iterations... 
Done.
Thermalized Magnetisation = (0.525591,-0.409455), Energy = -1.691952 
Averaging iterations... h=0.062500,0.000000
Done.
Final: Magnetisation = (0.472145,-0.385559), Energy = -1.661791 
<M> = (0.523493,-0.297944), <E> = -1.666824 

T=0.650000	 Thermalizing iterations... 
Done.
Thermalized Magnetisation = (0.627188,0.023145), Energy = -1.681764 
Averaging iterations... h=0.062500,0.000000
Done.
Final: Magnetisation = (0.489741,-0.301718), Energy = -1.715808 
<M> = (0.517109,-0.357662), <E> = -1.701204 

T=0.600000	 Thermalizing iterations... 
Done.
Thermalized Magnetisation = (0.581177,-0.172078), Energy = -1.742035 
Averaging iterations... h=0.062500,0.000000
Done.
Final: Magnetisation = (0.596104,-0.337466), Energy = -1.738731 
<M> = (0.513272,-0.414573), <E> = -1.734748 

T=0.550000	 Thermalizing iterations... 
Done.
Thermalized Magnetisation = (0.465168,-0.599524), Energy = -1.780999 
Averaging iterations... h=0.062500,0.000000
Done.
Final: Magnetisation = (0.523429,-0.546295), Energy = -1.782172 
<M> = (0.486515,-0.543352), <E> = -1.767755 

T=0.500000	 Thermalizing iterations... 
Done.
Thermalized Magnetisation = (0.385358,-0.669611), Energy = -1.823103 
Averaging iterations... h=0.062500,0.000000
Done.
Final: Magnetisation = (0.514964,-0.498256), Energy = -1.809080 
<M> = (0.496499,-0.565850), <E> = -1.797783 

T=0.450000	 Thermalizing iterations... 
Done.
Thermalized Magnetisation = (0.508056,-0.456115), Energy = -1.808735 
Averaging iterations... h=0.062500,0.000000
Done.
Final: Magnetisation = (0.451141,-0.654143), Energy = -1.810474 
<M> = (0.513332,-0.489587), <E> = -1.826876 

T=0.400000	 Thermalizing iterations... 
Done.
Thermalized Magnetisation = (0.539488,-0.488457), Energy = -1.850610 
Averaging iterations... h=0.062500,0.000000
Done.
Final: Magnetisation = (0.548835,-0.575083), Energy = -1.868998 
<M> = (0.493509,-0.620296), <E> = -1.856900 

T=0.350000	 Thermalizing iterations... 
Done.
Thermalized Magnetisation = (0.552215,-0.592099), Energy = -1.879775 
Averaging iterations... h=0.062500,0.000000
Done.
Final: Magnetisation = (0.475814,-0.695614), Energy = -1.884234 
<M> = (0.494677,-0.639102), <E> = -1.884958 

T=0.300000	 Thermalizing iterations... 
Done.
Thermalized Magnetisation = (0.527389,-0.639080), Energy = -1.919741 
Averaging iterations... h=0.062500,0.000000
Done.
Final: Magnetisation = (0.523150,-0.621439), Energy = -1.915803 
<M> = (0.497172,-0.658703), <E> = -1.912746 

T=0.250000	 Thermalizing iterations... 
Done.
Thermalized Magnetisation = (0.529031,-0.666125), Energy = -1.948785 
Averaging iterations... h=0.062500,0.000000
Done.
Final: Magnetisation = (0.475141,-0.694805), Energy = -1.946144 
<M> = (0.491956,-0.681556), <E> = -1.940186 

T=0.200000	 Thermalizing iterations... 
Done.
Thermalized Magnetisation = (0.424146,-0.721386), Energy = -1.968255 
Averaging iterations... h=0.062500,0.000000
Done.
Final: Magnetisation = (0.499776,-0.687654), Energy = -1.973706 
<M> = (0.493204,-0.697179), <E> = -1.966729 

T=0.150000	 Thermalizing iterations... 
Done.
Thermalized Magnetisation = (0.522795,-0.692593), Energy = -1.992400 
Averaging iterations... h=0.062500,0.000000
Done.
Final: Magnetisation = (0.493607,-0.699709), Energy = -1.991722 
<M> = (0.493415,-0.715642), <E> = -1.992911 

T=0.100000	 Thermalizing iterations... 
Done.
Thermalized Magnetisation = (0.506693,-0.717997), Energy = -2.017422 
Averaging iterations... h=0.062500,0.000000
Done.
Final: Magnetisation = (0.480712,-0.733224), Energy = -2.018847 
<M> = (0.497483,-0.730561), <E> = -2.018861 

T=0.050000	 Thermalizing iterations... 
Done.
Thermalized Magnetisation = (0.491691,-0.754211), Energy = -2.044882 
Averaging iterations... h=0.062500,0.000000
Done.
Final: Magnetisation = (0.490756,-0.746560), Energy = -2.044370 
<M> = (0.492279,-0.749866), <E> = -2.044434 
Final Magnetisation = (0.490756,-0.746560), Energy = -2.044370 
------------------------

Updating all (first)black/(then)white checkerboard sites simultaneously.. 

ztne RFXY h rotating with |h|=0.062500 at T=0.000000..
loop 1

loop 2

Cooling protocol time (from T=2.000000 to T=0.000000) = 662.911730 

CPU Time elapsed total = 662.934902 
All done - 663 seconds elapsed.
