nearest neighbor initialized. 
J loaded. 
h loaded. 
L = 64, dim_L = 2, dim_S = 2
hysteresis_MCS_multiplier = 10, hysteresis_MCS_max = 100
RAND_MAX = 2147483647.000000,
 sizeof(int) = 4,
 sizeof(long) = 8,
 sizeof(double) = 8,
 sizeof(long int) = 8,
 sizeof(short int) = 2,
 sizeof(unsigned int) = 4,
 sizeof(RAND_MAX) = 4

OpenMP Active.

No. of THREADS = 24
No. of PROCESSORS = 24

0.092691,-0.021478
order = ({1.000000-->-1.000000,0.000000}, 0, 1)
Initial Magnetisation = (0.092691,-0.021478), Energy = -0.094118 
Cooling... 
T=2.000000	 Thermalizing iterations... 
Done.
Thermalized Magnetisation = (-0.007139,0.083765), Energy = -0.569810 
Averaging iterations... h=0.062500,0.000000
Done.
Final: Magnetisation = (0.087481,-0.073463), Energy = -0.654399 
<M> = (0.064728,0.000580), <E> = -0.628654 

T=1.950000	 Thermalizing iterations... 
Done.
Thermalized Magnetisation = (0.069671,-0.127634), Energy = -0.578153 
Averaging iterations... h=0.062500,0.000000
Done.
Final: Magnetisation = (0.008659,0.027898), Energy = -0.623662 
<M> = (0.067686,0.000556), <E> = -0.649121 

T=1.900000	 Thermalizing iterations... 
Done.
Thermalized Magnetisation = (0.014999,-0.078189), Energy = -0.666080 
Averaging iterations... h=0.062500,0.000000
Done.
Final: Magnetisation = (0.136129,0.031906), Energy = -0.681982 
<M> = (0.074886,0.000697), <E> = -0.670081 

T=1.850000	 Thermalizing iterations... 
Done.
Thermalized Magnetisation = (0.102989,-0.076722), Energy = -0.662753 
Averaging iterations... h=0.062500,0.000000
Done.
Final: Magnetisation = (0.189044,-0.143216), Energy = -0.706327 
<M> = (0.078872,0.002288), <E> = -0.690873 

T=1.800000	 Thermalizing iterations... 
Done.
Thermalized Magnetisation = (0.168127,0.001729), Energy = -0.708902 
Averaging iterations... h=0.062500,0.000000
Done.
Final: Magnetisation = (0.007644,-0.042999), Energy = -0.656751 
<M> = (0.085755,0.001058), <E> = -0.715043 

T=1.750000	 Thermalizing iterations... 
Done.
Thermalized Magnetisation = (-0.034322,-0.088342), Energy = -0.750120 
Averaging iterations... h=0.062500,0.000000
Done.
Final: Magnetisation = (0.122484,-0.011778), Energy = -0.809857 
<M> = (0.093428,0.001077), <E> = -0.740104 

T=1.700000	 Thermalizing iterations... 
Done.
Thermalized Magnetisation = (0.061023,-0.123510), Energy = -0.758719 
Averaging iterations... h=0.062500,0.000000
Done.
Final: Magnetisation = (0.094707,-0.007427), Energy = -0.725114 
<M> = (0.101235,0.000907), <E> = -0.766992 

T=1.650000	 Thermalizing iterations... 
Done.
Thermalized Magnetisation = (0.224841,0.019038), Energy = -0.712927 
Averaging iterations... h=0.062500,0.000000
Done.
Final: Magnetisation = (0.285955,-0.058266), Energy = -0.912227 
<M> = (0.110475,-0.000371), <E> = -0.796973 

T=1.600000	 Thermalizing iterations... 
Done.
Thermalized Magnetisation = (0.237372,0.007237), Energy = -0.879475 
Averaging iterations... h=0.062500,0.000000
Done.
Final: Magnetisation = (0.038024,-0.065542), Energy = -0.815592 
<M> = (0.121611,0.001092), <E> = -0.827527 

T=1.550000	 Thermalizing iterations... 
Done.
Thermalized Magnetisation = (0.243533,-0.031866), Energy = -0.887257 
Averaging iterations... h=0.062500,0.000000
Done.
Final: Magnetisation = (0.199491,0.038721), Energy = -0.814873 
<M> = (0.134694,-0.001352), <E> = -0.860175 

T=1.500000	 Thermalizing iterations... 
Done.
Thermalized Magnetisation = (0.145965,0.053504), Energy = -0.959958 
Averaging iterations... h=0.062500,0.000000
Done.
Final: Magnetisation = (0.221688,0.027862), Energy = -0.933360 
<M> = (0.151292,0.000860), <E> = -0.895645 

T=1.450000	 Thermalizing iterations... 
Done.
Thermalized Magnetisation = (0.157165,0.213787), Energy = -0.942006 
Averaging iterations... h=0.062500,0.000000
Done.
Final: Magnetisation = (0.246486,0.011129), Energy = -0.961739 
<M> = (0.168536,0.002050), <E> = -0.934763 

T=1.400000	 Thermalizing iterations... 
Done.
Thermalized Magnetisation = (0.152816,0.070133), Energy = -0.908976 
Averaging iterations... h=0.062500,0.000000
Done.
Final: Magnetisation = (0.138271,0.181957), Energy = -0.991430 
<M> = (0.190539,0.002326), <E> = -0.977973 

T=1.350000	 Thermalizing iterations... 
Done.
Thermalized Magnetisation = (0.217280,-0.002811), Energy = -1.003483 
Averaging iterations... h=0.062500,0.000000
Done.
Final: Magnetisation = (0.236782,0.086530), Energy = -0.981836 
<M> = (0.214534,0.003407), <E> = -1.022707 

T=1.300000	 Thermalizing iterations... 
Done.
Thermalized Magnetisation = (0.163374,0.063122), Energy = -1.031398 
Averaging iterations... h=0.062500,0.000000
Done.
Final: Magnetisation = (0.119121,0.065200), Energy = -1.083952 
<M> = (0.240313,-0.002780), <E> = -1.070659 

T=1.250000	 Thermalizing iterations... 
Done.
Thermalized Magnetisation = (0.236191,0.030659), Energy = -1.090160 
Averaging iterations... h=0.062500,0.000000
Done.
Final: Magnetisation = (0.290247,-0.108268), Energy = -1.042909 
<M> = (0.280426,-0.000956), <E> = -1.122816 

T=1.200000	 Thermalizing iterations... 
Done.
Thermalized Magnetisation = (0.300267,0.142508), Energy = -1.161490 
Averaging iterations... h=0.062500,0.000000
Done.
Final: Magnetisation = (0.321408,0.078035), Energy = -1.232359 
<M> = (0.315327,0.001173), <E> = -1.177221 

T=1.150000	 Thermalizing iterations... 
Done.
Thermalized Magnetisation = (0.440906,-0.076296), Energy = -1.236943 
Averaging iterations... h=0.062500,0.000000
Done.
Final: Magnetisation = (0.264065,0.047965), Energy = -1.335972 
<M> = (0.358428,0.004658), <E> = -1.236190 

T=1.100000	 Thermalizing iterations... 
Done.
Thermalized Magnetisation = (0.201657,-0.232801), Energy = -1.259429 
Averaging iterations... h=0.062500,0.000000
Done.
Final: Magnetisation = (0.470972,-0.027946), Energy = -1.306702 
<M> = (0.398413,-0.001753), <E> = -1.293850 

T=1.050000	 Thermalizing iterations... 
Done.
Thermalized Magnetisation = (0.458826,-0.032526), Energy = -1.355656 
Averaging iterations... h=0.062500,0.000000
Done.
Final: Magnetisation = (0.384626,-0.227103), Energy = -1.340800 
<M> = (0.440698,-0.005037), <E> = -1.352754 

T=1.000000	 Thermalizing iterations... 
Done.
Thermalized Magnetisation = (0.502254,-0.058565), Energy = -1.399840 
Averaging iterations... h=0.062500,0.000000
Done.
Final: Magnetisation = (0.591569,-0.071397), Energy = -1.437672 
<M> = (0.490961,0.012465), <E> = -1.409965 

T=0.950000	 Thermalizing iterations... 
Done.
Thermalized Magnetisation = (0.523231,0.228752), Energy = -1.438217 
Averaging iterations... h=0.062500,0.000000
Done.
Final: Magnetisation = (0.609704,-0.065250), Energy = -1.463797 
<M> = (0.525753,0.007159), <E> = -1.462751 

T=0.900000	 Thermalizing iterations... 
Done.
Thermalized Magnetisation = (0.575511,0.209362), Energy = -1.537584 
Averaging iterations... h=0.062500,0.000000
Done.
Final: Magnetisation = (0.603568,0.040526), Energy = -1.501468 
<M> = (0.559585,0.006373), <E> = -1.513871 

T=0.850000	 Thermalizing iterations... 
Done.
Thermalized Magnetisation = (0.650381,-0.244015), Energy = -1.560305 
Averaging iterations... h=0.062500,0.000000
Done.
Final: Magnetisation = (0.617506,0.060320), Energy = -1.562963 
<M> = (0.582970,0.007638), <E> = -1.559273 

T=0.800000	 Thermalizing iterations... 
Done.
Thermalized Magnetisation = (0.567810,0.325389), Energy = -1.576400 
Averaging iterations... h=0.062500,0.000000
Done.
Final: Magnetisation = (0.522054,-0.419763), Energy = -1.592670 
<M> = (0.600377,0.028375), <E> = -1.600711 

T=0.750000	 Thermalizing iterations... 
Done.
Thermalized Magnetisation = (0.632963,0.031358), Energy = -1.608302 
Averaging iterations... h=0.062500,0.000000
Done.
Final: Magnetisation = (0.634545,-0.165625), Energy = -1.634438 
<M> = (0.624941,0.014589), <E> = -1.641590 

T=0.700000	 Thermalizing iterations... 
Done.
Thermalized Magnetisation = (0.590735,-0.057958), Energy = -1.670924 
Averaging iterations... h=0.062500,0.000000
Done.
Final: Magnetisation = (0.671335,-0.082765), Energy = -1.701534 
<M> = (0.650739,-0.022517), <E> = -1.677094 

T=0.650000	 Thermalizing iterations... 
Done.
Thermalized Magnetisation = (0.607267,-0.257638), Energy = -1.719163 
Averaging iterations... h=0.062500,0.000000
Done.
Final: Magnetisation = (0.658834,0.226844), Energy = -1.686422 
<M> = (0.654011,0.050870), <E> = -1.711367 

T=0.600000	 Thermalizing iterations... 
Done.
Thermalized Magnetisation = (0.732550,-0.165711), Energy = -1.713639 
Averaging iterations... h=0.062500,0.000000
Done.
Final: Magnetisation = (0.701064,-0.019598), Energy = -1.732371 
<M> = (0.674370,0.088231), <E> = -1.743692 

T=0.550000	 Thermalizing iterations... 
Done.
Thermalized Magnetisation = (0.723127,-0.016505), Energy = -1.775970 
Averaging iterations... h=0.062500,0.000000
Done.
Final: Magnetisation = (0.694948,0.308210), Energy = -1.802117 
<M> = (0.669952,-0.132575), <E> = -1.775649 

T=0.500000	 Thermalizing iterations... 
Done.
Thermalized Magnetisation = (0.732091,0.126556), Energy = -1.780830 
Averaging iterations... h=0.062500,0.000000
Done.
Final: Magnetisation = (0.675934,-0.294232), Energy = -1.802999 
<M> = (0.682292,-0.265868), <E> = -1.805956 

T=0.450000	 Thermalizing iterations... 
Done.
Thermalized Magnetisation = (0.674149,0.453949), Energy = -1.835593 
Averaging iterations... h=0.062500,0.000000
Done.
Final: Magnetisation = (0.521634,0.600451), Energy = -1.822537 
<M> = (0.665295,0.410341), <E> = -1.836197 

T=0.400000	 Thermalizing iterations... 
Done.
Thermalized Magnetisation = (0.724111,0.372489), Energy = -1.880953 
Averaging iterations... h=0.062500,0.000000
Done.
Final: Magnetisation = (0.658090,0.410175), Energy = -1.850352 
<M> = (0.651857,0.490632), <E> = -1.865389 

T=0.350000	 Thermalizing iterations... 
Done.
Thermalized Magnetisation = (0.656380,0.529800), Energy = -1.890437 
Averaging iterations... h=0.062500,0.000000
Done.
Final: Magnetisation = (0.649388,0.549264), Energy = -1.895503 
<M> = (0.660504,0.497613), <E> = -1.893806 

T=0.300000	 Thermalizing iterations... 
Done.
Thermalized Magnetisation = (0.603507,0.635741), Energy = -1.932964 
Averaging iterations... h=0.062500,0.000000
Done.
Final: Magnetisation = (0.655404,0.546467), Energy = -1.920554 
<M> = (0.650319,0.554608), <E> = -1.921598 

T=0.250000	 Thermalizing iterations... 
Done.
Thermalized Magnetisation = (0.612722,0.639348), Energy = -1.949056 
Averaging iterations... h=0.062500,0.000000
Done.
Final: Magnetisation = (0.555983,0.686774), Energy = -1.951450 
<M> = (0.648136,0.585515), <E> = -1.948785 

T=0.200000	 Thermalizing iterations... 
Done.
Thermalized Magnetisation = (0.661991,0.593718), Energy = -1.972952 
Averaging iterations... h=0.062500,0.000000
Done.
Final: Magnetisation = (0.670893,0.589075), Energy = -1.972407 
<M> = (0.647875,0.611229), <E> = -1.975539 

T=0.150000	 Thermalizing iterations... 
Done.
Thermalized Magnetisation = (0.648773,0.645103), Energy = -2.002328 
Averaging iterations... h=0.062500,0.000000
Done.
Final: Magnetisation = (0.644492,0.623976), Energy = -1.999852 
<M> = (0.647028,0.632956), <E> = -2.001789 

T=0.100000	 Thermalizing iterations... 
Done.
Thermalized Magnetisation = (0.657522,0.649312), Energy = -2.027299 
Averaging iterations... h=0.062500,0.000000
Done.
Final: Magnetisation = (0.683563,0.618396), Energy = -2.028292 
<M> = (0.654100,0.645924), <E> = -2.027740 

T=0.050000	 Thermalizing iterations... 
Done.
Thermalized Magnetisation = (0.636868,0.680084), Energy = -2.053278 
Averaging iterations... h=0.062500,0.000000
Done.
Final: Magnetisation = (0.643218,0.677750), Energy = -2.052646 
<M> = (0.649933,0.667958), <E> = -2.053229 
Final Magnetisation = (0.643218,0.677750), Energy = -2.052646 
------------------------

Updating all (first)black/(then)white checkerboard sites simultaneously.. 

ztne RFXY h rotating with |h|=0.062500 at T=0.000000..
loop 1

loop 2

Cooling protocol time (from T=2.000000 to T=0.000000) = 718.924062 

CPU Time elapsed total = 718.932960 
All done - 719 seconds elapsed.
