nearest neighbor initialized. 
J loaded. 
h loaded. 
L = 64, dim_L = 2, dim_S = 2
hysteresis_MCS_multiplier = 10, hysteresis_MCS_max = 100
RAND_MAX = 2147483647.000000,
 sizeof(int) = 4,
 sizeof(long) = 8,
 sizeof(double) = 8,
 sizeof(long int) = 8,
 sizeof(short int) = 2,
 sizeof(unsigned int) = 4,
 sizeof(RAND_MAX) = 4

OpenMP Active.

No. of THREADS = 24
No. of PROCESSORS = 24

0.092989,-0.025022
order = ({1.000000-->-1.000000,0.000000}, 0, 1)
Initial Magnetisation = (0.092989,-0.025022), Energy = -0.098787 
Cooling... 
T=2.000000	 Thermalizing iterations... 
Done.
Thermalized Magnetisation = (-0.006135,0.085714), Energy = -0.569862 
Averaging iterations... h=0.071429,0.000000
Done.
Final: Magnetisation = (0.201120,0.009313), Energy = -0.620408 
<M> = (0.073465,0.000982), <E> = -0.632523 

T=1.950000	 Thermalizing iterations... 
Done.
Thermalized Magnetisation = (0.016960,-0.098056), Energy = -0.667805 
Averaging iterations... h=0.071429,0.000000
Done.
Final: Magnetisation = (0.073078,0.015454), Energy = -0.581355 
<M> = (0.076809,0.000617), <E> = -0.651503 

T=1.900000	 Thermalizing iterations... 
Done.
Thermalized Magnetisation = (0.194664,-0.017463), Energy = -0.695100 
Averaging iterations... h=0.071429,0.000000
Done.
Final: Magnetisation = (0.170714,0.087988), Energy = -0.735715 
<M> = (0.083208,0.000987), <E> = -0.673719 

T=1.850000	 Thermalizing iterations... 
Done.
Thermalized Magnetisation = (0.025099,0.011135), Energy = -0.688355 
Averaging iterations... h=0.071429,0.000000
Done.
Final: Magnetisation = (0.052809,-0.046227), Energy = -0.665030 
<M> = (0.088744,0.001400), <E> = -0.694499 

T=1.800000	 Thermalizing iterations... 
Done.
Thermalized Magnetisation = (0.138454,0.118004), Energy = -0.748564 
Averaging iterations... h=0.071429,0.000000
Done.
Final: Magnetisation = (0.074111,-0.031063), Energy = -0.657488 
<M> = (0.097986,-0.000617), <E> = -0.718817 

T=1.750000	 Thermalizing iterations... 
Done.
Thermalized Magnetisation = (0.058636,0.076815), Energy = -0.732120 
Averaging iterations... h=0.071429,0.000000
Done.
Final: Magnetisation = (0.124563,-0.072781), Energy = -0.725281 
<M> = (0.105214,-0.000833), <E> = -0.743754 

T=1.700000	 Thermalizing iterations... 
Done.
Thermalized Magnetisation = (0.048878,-0.066725), Energy = -0.742981 
Averaging iterations... h=0.071429,0.000000
Done.
Final: Magnetisation = (0.106750,-0.037314), Energy = -0.848414 
<M> = (0.113773,0.000192), <E> = -0.771426 

T=1.650000	 Thermalizing iterations... 
Done.
Thermalized Magnetisation = (0.084526,0.147830), Energy = -0.887092 
Averaging iterations... h=0.071429,0.000000
Done.
Final: Magnetisation = (0.096955,0.088489), Energy = -0.703362 
<M> = (0.125481,0.000517), <E> = -0.801862 

T=1.600000	 Thermalizing iterations... 
Done.
Thermalized Magnetisation = (0.256982,-0.005508), Energy = -0.920295 
Averaging iterations... h=0.071429,0.000000
Done.
Final: Magnetisation = (0.196956,-0.025190), Energy = -0.823091 
<M> = (0.136191,0.001941), <E> = -0.832931 

T=1.550000	 Thermalizing iterations... 
Done.
Thermalized Magnetisation = (0.175840,0.139725), Energy = -0.820072 
Averaging iterations... h=0.071429,0.000000
Done.
Final: Magnetisation = (0.162051,-0.122331), Energy = -0.954552 
<M> = (0.152507,0.000468), <E> = -0.866110 

T=1.500000	 Thermalizing iterations... 
Done.
Thermalized Magnetisation = (0.125643,0.068305), Energy = -0.958395 
Averaging iterations... h=0.071429,0.000000
Done.
Final: Magnetisation = (0.185997,0.100580), Energy = -0.907457 
<M> = (0.170388,0.001538), <E> = -0.902442 

T=1.450000	 Thermalizing iterations... 
Done.
Thermalized Magnetisation = (0.173924,-0.031517), Energy = -0.899860 
Averaging iterations... h=0.071429,0.000000
Done.
Final: Magnetisation = (0.290736,-0.011177), Energy = -0.983014 
<M> = (0.189947,0.000214), <E> = -0.942765 

T=1.400000	 Thermalizing iterations... 
Done.
Thermalized Magnetisation = (0.182634,0.181867), Energy = -0.958985 
Averaging iterations... h=0.071429,0.000000
Done.
Final: Magnetisation = (0.213952,0.115746), Energy = -0.931853 
<M> = (0.214022,0.002503), <E> = -0.986194 

T=1.350000	 Thermalizing iterations... 
Done.
Thermalized Magnetisation = (0.060775,-0.061966), Energy = -0.957124 
Averaging iterations... h=0.071429,0.000000
Done.
Final: Magnetisation = (0.257011,0.050431), Energy = -0.960215 
<M> = (0.238648,0.004358), <E> = -1.031195 

T=1.300000	 Thermalizing iterations... 
Done.
Thermalized Magnetisation = (0.347444,-0.073889), Energy = -1.105642 
Averaging iterations... h=0.071429,0.000000
Done.
Final: Magnetisation = (0.204426,-0.038144), Energy = -1.070709 
<M> = (0.268415,-0.002301), <E> = -1.080741 

T=1.250000	 Thermalizing iterations... 
Done.
Thermalized Magnetisation = (0.176091,0.118058), Energy = -1.095887 
Averaging iterations... h=0.071429,0.000000
Done.
Final: Magnetisation = (0.335816,-0.007414), Energy = -1.175492 
<M> = (0.307205,0.001229), <E> = -1.133428 

T=1.200000	 Thermalizing iterations... 
Done.
Thermalized Magnetisation = (0.353879,-0.127270), Energy = -1.183531 
Averaging iterations... h=0.071429,0.000000
Done.
Final: Magnetisation = (0.473032,0.124701), Energy = -1.216792 
<M> = (0.344869,0.002992), <E> = -1.189691 

T=1.150000	 Thermalizing iterations... 
Done.
Thermalized Magnetisation = (0.452007,0.065323), Energy = -1.288170 
Averaging iterations... h=0.071429,0.000000
Done.
Final: Magnetisation = (0.456298,-0.132413), Energy = -1.246558 
<M> = (0.388009,0.006042), <E> = -1.249066 

T=1.100000	 Thermalizing iterations... 
Done.
Thermalized Magnetisation = (0.489779,0.121933), Energy = -1.335561 
Averaging iterations... h=0.071429,0.000000
Done.
Final: Magnetisation = (0.423479,0.183394), Energy = -1.380144 
<M> = (0.430706,-0.001119), <E> = -1.305677 

T=1.050000	 Thermalizing iterations... 
Done.
Thermalized Magnetisation = (0.507343,0.073141), Energy = -1.324020 
Averaging iterations... h=0.071429,0.000000
Done.
Final: Magnetisation = (0.539174,-0.053717), Energy = -1.362672 
<M> = (0.475189,0.001118), <E> = -1.365135 

T=1.000000	 Thermalizing iterations... 
Done.
Thermalized Magnetisation = (0.520227,-0.061531), Energy = -1.414016 
Averaging iterations... h=0.071429,0.000000
Done.
Final: Magnetisation = (0.483938,-0.078815), Energy = -1.444126 
<M> = (0.519445,0.010264), <E> = -1.421040 

T=0.950000	 Thermalizing iterations... 
Done.
Thermalized Magnetisation = (0.603439,-0.039696), Energy = -1.447662 
Averaging iterations... h=0.071429,0.000000
Done.
Final: Magnetisation = (0.544427,-0.160907), Energy = -1.433749 
<M> = (0.552726,0.024765), <E> = -1.473192 

T=0.900000	 Thermalizing iterations... 
Done.
Thermalized Magnetisation = (0.513083,0.176989), Energy = -1.468996 
Averaging iterations... h=0.071429,0.000000
Done.
Final: Magnetisation = (0.548760,0.228369), Energy = -1.533046 
<M> = (0.587484,0.021990), <E> = -1.523740 

T=0.850000	 Thermalizing iterations... 
Done.
Thermalized Magnetisation = (0.577406,-0.204111), Energy = -1.610351 
Averaging iterations... h=0.071429,0.000000
Done.
Final: Magnetisation = (0.624121,0.003347), Energy = -1.515207 
<M> = (0.610312,-0.004171), <E> = -1.569230 

T=0.800000	 Thermalizing iterations... 
Done.
Thermalized Magnetisation = (0.657869,-0.260202), Energy = -1.634174 
Averaging iterations... h=0.071429,0.000000
Done.
Final: Magnetisation = (0.690837,-0.126720), Energy = -1.576075 
<M> = (0.630697,0.013999), <E> = -1.610021 

T=0.750000	 Thermalizing iterations... 
Done.
Thermalized Magnetisation = (0.673272,0.064616), Energy = -1.630416 
Averaging iterations... h=0.071429,0.000000
Done.
Final: Magnetisation = (0.662349,-0.206907), Energy = -1.625289 
<M> = (0.663275,-0.023435), <E> = -1.649321 

T=0.700000	 Thermalizing iterations... 
Done.
Thermalized Magnetisation = (0.683274,0.235086), Energy = -1.673973 
Averaging iterations... h=0.071429,0.000000
Done.
Final: Magnetisation = (0.740159,-0.183292), Energy = -1.702487 
<M> = (0.677687,-0.004714), <E> = -1.684600 

T=0.650000	 Thermalizing iterations... 
Done.
Thermalized Magnetisation = (0.670988,0.194451), Energy = -1.700411 
Averaging iterations... h=0.071429,0.000000
Done.
Final: Magnetisation = (0.629029,0.129034), Energy = -1.710744 
<M> = (0.689863,0.050211), <E> = -1.718959 

T=0.600000	 Thermalizing iterations... 
Done.
Thermalized Magnetisation = (0.698837,0.062387), Energy = -1.727740 
Averaging iterations... h=0.071429,0.000000
Done.
Final: Magnetisation = (0.678674,0.259349), Energy = -1.774621 
<M> = (0.708078,0.054154), <E> = -1.751626 

T=0.550000	 Thermalizing iterations... 
Done.
Thermalized Magnetisation = (0.683777,0.235469), Energy = -1.764337 
Averaging iterations... h=0.071429,0.000000
Done.
Final: Magnetisation = (0.727645,0.090705), Energy = -1.756605 
<M> = (0.712934,-0.022885), <E> = -1.782375 

T=0.500000	 Thermalizing iterations... 
Done.
Thermalized Magnetisation = (0.720178,-0.022066), Energy = -1.815274 
Averaging iterations... h=0.071429,0.000000
Done.
Final: Magnetisation = (0.744309,-0.285238), Energy = -1.822945 
<M> = (0.717328,0.023881), <E> = -1.813464 

T=0.450000	 Thermalizing iterations... 
Done.
Thermalized Magnetisation = (0.788993,0.166543), Energy = -1.823809 
Averaging iterations... h=0.071429,0.000000
Done.
Final: Magnetisation = (0.710154,-0.258163), Energy = -1.832909 
<M> = (0.727266,-0.094247), <E> = -1.842739 

T=0.400000	 Thermalizing iterations... 
Done.
Thermalized Magnetisation = (0.802568,0.312818), Energy = -1.876102 
Averaging iterations... h=0.071429,0.000000
Done.
Final: Magnetisation = (0.734996,0.193897), Energy = -1.860674 
<M> = (0.723051,0.379154), <E> = -1.871381 

T=0.350000	 Thermalizing iterations... 
Done.
Thermalized Magnetisation = (0.790518,-0.320521), Energy = -1.916316 
Averaging iterations... h=0.071429,0.000000
Done.
Final: Magnetisation = (0.777284,-0.007591), Energy = -1.886972 
<M> = (0.754306,-0.175254), <E> = -1.899073 

T=0.300000	 Thermalizing iterations... 
Done.
Thermalized Magnetisation = (0.751590,0.330135), Energy = -1.928932 
Averaging iterations... h=0.071429,0.000000
Done.
Final: Magnetisation = (0.766017,0.374144), Energy = -1.935539 
<M> = (0.757275,0.119049), <E> = -1.926740 

T=0.250000	 Thermalizing iterations... 
Done.
Thermalized Magnetisation = (0.761995,0.456364), Energy = -1.958407 
Averaging iterations... h=0.071429,0.000000
Done.
Final: Magnetisation = (0.776042,0.432998), Energy = -1.954706 
<M> = (0.717410,0.505192), <E> = -1.954954 

T=0.200000	 Thermalizing iterations... 
Done.
Thermalized Magnetisation = (0.705297,0.538775), Energy = -1.973951 
Averaging iterations... h=0.071429,0.000000
Done.
Final: Magnetisation = (0.699644,0.572950), Energy = -1.981702 
<M> = (0.716176,0.533617), <E> = -1.981718 

T=0.150000	 Thermalizing iterations... 
Done.
Thermalized Magnetisation = (0.749152,0.523298), Energy = -2.009421 
Averaging iterations... h=0.071429,0.000000
Done.
Final: Magnetisation = (0.702549,0.567077), Energy = -2.005161 
<M> = (0.717269,0.560662), <E> = -2.007969 

T=0.100000	 Thermalizing iterations... 
Done.
Thermalized Magnetisation = (0.731945,0.551770), Energy = -2.035425 
Averaging iterations... h=0.071429,0.000000
Done.
Final: Magnetisation = (0.717219,0.577619), Energy = -2.034875 
<M> = (0.724601,0.574401), <E> = -2.033965 

T=0.050000	 Thermalizing iterations... 
Done.
Thermalized Magnetisation = (0.727983,0.603407), Energy = -2.059891 
Averaging iterations... h=0.071429,0.000000
Done.
Final: Magnetisation = (0.711404,0.606911), Energy = -2.058601 
<M> = (0.721479,0.597122), <E> = -2.059388 
Final Magnetisation = (0.711404,0.606911), Energy = -2.058601 
------------------------

Updating all (first)black/(then)white checkerboard sites simultaneously.. 

ztne RFXY h rotating with |h|=0.071429 at T=0.000000..
loop 1

loop 2

Cooling protocol time (from T=2.000000 to T=0.000000) = 620.474546 

CPU Time elapsed total = 620.550957 
All done - 621 seconds elapsed.
