nearest neighbor initialized. 
J loaded. 
h loaded. 
L = 16, dim_L = 2, dim_S = 2
hysteresis_MCS_multiplier = 10, hysteresis_MCS_max = 100
RAND_MAX = 2147483647.000000,
 sizeof(int) = 4,
 sizeof(long) = 8,
 sizeof(double) = 8,
 sizeof(long int) = 8,
 sizeof(short int) = 2,
 sizeof(unsigned int) = 4,
 sizeof(RAND_MAX) = 4

OpenMP Active.

No. of THREADS = 24
No. of PROCESSORS = 24

-0.056199,-0.034081
order = ({1.000000-->-1.000000,0.000000}, 0, 1)
Initial Magnetisation = (-0.056199,-0.034081), Energy = 0.161458 
Cooling... 
T=2.000000	 Thermalizing iterations... 
Done.
Thermalized Magnetisation = (0.392665,-0.139268), Energy = -1.137637 
Averaging iterations... h=0.071429,0.000000
Done.
Final: Magnetisation = (-0.091722,-0.054785), Energy = -1.143068 
<M> = (0.076817,0.012791), <E> = -0.919654 

T=1.950000	 Thermalizing iterations... 
Done.
Thermalized Magnetisation = (0.067353,0.088658), Energy = -0.694070 
Averaging iterations... h=0.071429,0.000000
Done.
Final: Magnetisation = (0.222633,-0.153501), Energy = -0.457099 
<M> = (0.073720,0.005642), <E> = -0.930913 

T=1.900000	 Thermalizing iterations... 
Done.
Thermalized Magnetisation = (0.647213,-0.117879), Energy = -1.431153 
Averaging iterations... h=0.071429,0.000000
Done.
Final: Magnetisation = (0.010431,-0.014871), Energy = -0.803019 
<M> = (0.064800,0.009966), <E> = -0.949828 

T=1.850000	 Thermalizing iterations... 
Done.
Thermalized Magnetisation = (0.615382,-0.067897), Energy = -1.285713 
Averaging iterations... h=0.071429,0.000000
Done.
Final: Magnetisation = (-0.040002,-0.043745), Energy = -0.620014 
<M> = (0.091174,-0.003248), <E> = -0.977255 

T=1.800000	 Thermalizing iterations... 
Done.
Thermalized Magnetisation = (-0.124730,-0.106403), Energy = -0.884583 
Averaging iterations... h=0.071429,0.000000
Done.
Final: Magnetisation = (0.176111,-0.027620), Energy = -0.937902 
<M> = (0.083993,0.006111), <E> = -0.985677 

T=1.750000	 Thermalizing iterations... 
Done.
Thermalized Magnetisation = (0.393400,-0.122751), Energy = -1.193739 
Averaging iterations... h=0.071429,0.000000
Done.
Final: Magnetisation = (0.071904,-0.284329), Energy = -1.021276 
<M> = (0.085388,-0.003474), <E> = -1.004914 

T=1.700000	 Thermalizing iterations... 
Done.
Thermalized Magnetisation = (0.453809,0.030215), Energy = -1.253784 
Averaging iterations... h=0.071429,0.000000
Done.
Final: Magnetisation = (-0.088684,-0.181170), Energy = -0.826812 
<M> = (0.093423,0.003902), <E> = -1.024202 

T=1.650000	 Thermalizing iterations... 
Done.
Thermalized Magnetisation = (0.513364,-0.098625), Energy = -1.229122 
Averaging iterations... h=0.071429,0.000000
Done.
Final: Magnetisation = (0.090803,-0.182571), Energy = -0.787469 
<M> = (0.087395,-0.017080), <E> = -1.049427 

T=1.600000	 Thermalizing iterations... 
Done.
Thermalized Magnetisation = (-0.042456,-0.094656), Energy = -0.882259 
Averaging iterations... h=0.071429,0.000000
Done.
Final: Magnetisation = (-0.180768,-0.112168), Energy = -1.118037 
<M> = (0.096296,-0.014041), <E> = -1.076475 

T=1.550000	 Thermalizing iterations... 
Done.
Thermalized Magnetisation = (-0.130205,0.095409), Energy = -0.803886 
Averaging iterations... h=0.071429,0.000000
Done.
Final: Magnetisation = (0.171156,0.211571), Energy = -0.644410 
<M> = (0.114125,-0.006465), <E> = -1.092307 

T=1.500000	 Thermalizing iterations... 
Done.
Thermalized Magnetisation = (-0.044766,0.124559), Energy = -0.977071 
Averaging iterations... h=0.071429,0.000000
Done.
Final: Magnetisation = (0.236643,0.080905), Energy = -1.055793 
<M> = (0.120470,0.006709), <E> = -1.126828 

T=1.450000	 Thermalizing iterations... 
Done.
Thermalized Magnetisation = (-0.116933,-0.021272), Energy = -1.205484 
Averaging iterations... h=0.071429,0.000000
Done.
Final: Magnetisation = (0.310479,0.050135), Energy = -1.304900 
<M> = (0.133002,0.014558), <E> = -1.142270 

T=1.400000	 Thermalizing iterations... 
Done.
Thermalized Magnetisation = (0.169613,0.609876), Energy = -1.233277 
Averaging iterations... h=0.071429,0.000000
Done.
Final: Magnetisation = (0.064550,0.107341), Energy = -1.173568 
<M> = (0.142097,-0.018196), <E> = -1.170694 

T=1.350000	 Thermalizing iterations... 
Done.
Thermalized Magnetisation = (0.065807,-0.007257), Energy = -0.902415 
Averaging iterations... h=0.071429,0.000000
Done.
Final: Magnetisation = (0.253960,-0.036210), Energy = -0.781853 
<M> = (0.155886,0.001785), <E> = -1.205141 

T=1.300000	 Thermalizing iterations... 
Done.
Thermalized Magnetisation = (0.427736,-0.079906), Energy = -0.997361 
Averaging iterations... h=0.071429,0.000000
Done.
Final: Magnetisation = (-0.221312,-0.328840), Energy = -1.346548 
<M> = (0.176001,0.012294), <E> = -1.233102 

T=1.250000	 Thermalizing iterations... 
Done.
Thermalized Magnetisation = (0.312095,0.006628), Energy = -1.294367 
Averaging iterations... h=0.071429,0.000000
Done.
Final: Magnetisation = (0.079507,-0.155257), Energy = -1.043878 
<M> = (0.181435,-0.000399), <E> = -1.252575 

T=1.200000	 Thermalizing iterations... 
Done.
Thermalized Magnetisation = (0.366244,0.274834), Energy = -1.009192 
Averaging iterations... h=0.071429,0.000000
Done.
Final: Magnetisation = (-0.428359,0.100363), Energy = -0.802171 
<M> = (0.215854,0.045666), <E> = -1.292917 

T=1.150000	 Thermalizing iterations... 
Done.
Thermalized Magnetisation = (0.440137,0.324247), Energy = -1.428132 
Averaging iterations... h=0.071429,0.000000
Done.
Final: Magnetisation = (0.223733,0.073334), Energy = -1.349648 
<M> = (0.244864,-0.015743), <E> = -1.337299 

T=1.100000	 Thermalizing iterations... 
Done.
Thermalized Magnetisation = (-0.052405,0.393675), Energy = -1.265465 
Averaging iterations... h=0.071429,0.000000
Done.
Final: Magnetisation = (0.220000,-0.191096), Energy = -1.211175 
<M> = (0.271406,-0.028031), <E> = -1.357421 

T=1.050000	 Thermalizing iterations... 
Done.
Thermalized Magnetisation = (0.529248,0.308052), Energy = -1.424228 
Averaging iterations... h=0.071429,0.000000
Done.
Final: Magnetisation = (0.576892,-0.210748), Energy = -1.493367 
<M> = (0.301465,-0.067604), <E> = -1.411303 

T=1.000000	 Thermalizing iterations... 
Done.
Thermalized Magnetisation = (0.321285,-0.048099), Energy = -1.312071 
Averaging iterations... h=0.071429,0.000000
Done.
Final: Magnetisation = (0.352562,-0.293595), Energy = -1.520857 
<M> = (0.325626,-0.003345), <E> = -1.433798 

T=0.950000	 Thermalizing iterations... 
Done.
Thermalized Magnetisation = (0.519172,0.313192), Energy = -1.369028 
Averaging iterations... h=0.071429,0.000000
Done.
Final: Magnetisation = (0.023948,0.125501), Energy = -1.510926 
<M> = (0.365980,0.046589), <E> = -1.482813 

T=0.900000	 Thermalizing iterations... 
Done.
Thermalized Magnetisation = (0.767160,-0.023079), Energy = -1.519554 
Averaging iterations... h=0.071429,0.000000
Done.
Final: Magnetisation = (0.394212,0.344775), Energy = -1.489903 
<M> = (0.398846,-0.049150), <E> = -1.530229 

T=0.850000	 Thermalizing iterations... 
Done.
Thermalized Magnetisation = (0.530586,-0.249187), Energy = -1.589081 
Averaging iterations... h=0.071429,0.000000
Done.
Final: Magnetisation = (0.703975,-0.025657), Energy = -1.828511 
<M> = (0.437712,0.074931), <E> = -1.567470 

T=0.800000	 Thermalizing iterations... 
Done.
Thermalized Magnetisation = (0.129207,0.127045), Energy = -1.533579 
Averaging iterations... h=0.071429,0.000000
Done.
Final: Magnetisation = (0.732329,-0.177399), Energy = -1.645699 
<M> = (0.484473,0.064974), <E> = -1.611588 

T=0.750000	 Thermalizing iterations... 
Done.
Thermalized Magnetisation = (0.638501,0.175169), Energy = -1.630666 
Averaging iterations... h=0.071429,0.000000
Done.
Final: Magnetisation = (0.704026,0.300967), Energy = -1.769783 
<M> = (0.563801,-0.119599), <E> = -1.662575 

T=0.700000	 Thermalizing iterations... 
Done.
Thermalized Magnetisation = (0.036774,0.000854), Energy = -1.649936 
Averaging iterations... h=0.071429,0.000000
Done.
Final: Magnetisation = (0.509766,0.333298), Energy = -1.670066 
<M> = (0.572011,0.107126), <E> = -1.693789 

T=0.650000	 Thermalizing iterations... 
Done.
Thermalized Magnetisation = (0.783393,-0.322327), Energy = -1.835818 
Averaging iterations... h=0.071429,0.000000
Done.
Final: Magnetisation = (0.454029,-0.464888), Energy = -1.676397 
<M> = (0.641294,0.097415), <E> = -1.743714 

T=0.600000	 Thermalizing iterations... 
Done.
Thermalized Magnetisation = (0.762300,-0.157915), Energy = -1.722339 
Averaging iterations... h=0.071429,0.000000
Done.
Final: Magnetisation = (0.354148,-0.523364), Energy = -1.643615 
<M> = (0.667111,0.034895), <E> = -1.768577 

T=0.550000	 Thermalizing iterations... 
Done.
Thermalized Magnetisation = (0.805218,-0.173294), Energy = -1.871956 
Averaging iterations... h=0.071429,0.000000
Done.
Final: Magnetisation = (0.808170,-0.187475), Energy = -1.823429 
<M> = (0.655688,-0.001029), <E> = -1.799788 

T=0.500000	 Thermalizing iterations... 
Done.
Thermalized Magnetisation = (0.830036,-0.333822), Energy = -1.803678 
Averaging iterations... h=0.071429,0.000000
Done.
Final: Magnetisation = (0.855920,-0.091826), Energy = -1.847299 
<M> = (0.684376,0.031974), <E> = -1.830513 

T=0.450000	 Thermalizing iterations... 
Done.
Thermalized Magnetisation = (0.405357,-0.732893), Energy = -1.883704 
Averaging iterations... h=0.071429,0.000000
Done.
Final: Magnetisation = (0.644950,0.493025), Energy = -1.760267 
<M> = (0.742039,0.029152), <E> = -1.866295 

T=0.400000	 Thermalizing iterations... 
Done.
Thermalized Magnetisation = (0.739104,-0.034746), Energy = -1.842620 
Averaging iterations... h=0.071429,0.000000
Done.
Final: Magnetisation = (0.723685,0.380492), Energy = -1.901999 
<M> = (0.728523,-0.272454), <E> = -1.889489 

T=0.350000	 Thermalizing iterations... 
Done.
Thermalized Magnetisation = (0.788630,-0.302333), Energy = -1.918728 
Averaging iterations... h=0.071429,0.000000
Done.
Final: Magnetisation = (0.688322,-0.559265), Energy = -1.957417 
<M> = (0.753751,0.024425), <E> = -1.916674 

T=0.300000	 Thermalizing iterations... 
Done.
Thermalized Magnetisation = (0.904335,0.209526), Energy = -1.956936 
Averaging iterations... h=0.071429,0.000000
Done.
Final: Magnetisation = (0.814954,0.234527), Energy = -1.915015 
<M> = (0.804812,0.058807), <E> = -1.946208 

T=0.250000	 Thermalizing iterations... 
Done.
Thermalized Magnetisation = (0.823677,-0.410477), Energy = -2.007202 
Averaging iterations... h=0.071429,0.000000
Done.
Final: Magnetisation = (0.617934,-0.642005), Energy = -1.963224 
<M> = (0.824752,-0.115601), <E> = -1.973386 

T=0.200000	 Thermalizing iterations... 
Done.
Thermalized Magnetisation = (0.837589,-0.347672), Energy = -1.996422 
Averaging iterations... h=0.071429,0.000000
Done.
Final: Magnetisation = (0.936357,0.112076), Energy = -2.006408 
<M> = (0.855672,-0.014469), <E> = -1.998541 

T=0.150000	 Thermalizing iterations... 
Done.
Thermalized Magnetisation = (0.925952,-0.008670), Energy = -1.981625 
Averaging iterations... h=0.071429,0.000000
Done.
Final: Magnetisation = (0.618168,0.691093), Energy = -2.020213 
<M> = (0.887039,0.171402), <E> = -2.023157 

T=0.100000	 Thermalizing iterations... 
Done.
Thermalized Magnetisation = (0.922027,0.249964), Energy = -2.047154 
Averaging iterations... h=0.071429,0.000000
Done.
Final: Magnetisation = (0.954814,-0.035399), Energy = -2.030916 
<M> = (0.897956,-0.225399), <E> = -2.048860 

T=0.050000	 Thermalizing iterations... 
Done.
Thermalized Magnetisation = (0.895736,0.375141), Energy = -2.070885 
Averaging iterations... h=0.071429,0.000000
Done.
Final: Magnetisation = (0.941142,0.225638), Energy = -2.072846 
<M> = (0.868123,0.414591), <E> = -2.073673 
Final Magnetisation = (0.941142,0.225638), Energy = -2.072846 
------------------------

Updating all (first)black/(then)white checkerboard sites simultaneously.. 

ztne RFXY h rotating with |h|=0.071429 at T=0.000000..
loop 1

loop 2

Cooling protocol time (from T=2.000000 to T=0.000000) = 48.830536 

CPU Time elapsed total = 48.836636 
All done - 49 seconds elapsed.
