nearest neighbor initialized. 
J loaded. 
h loaded. 
L = 32, dim_L = 2, dim_S = 2
hysteresis_MCS_multiplier = 10, hysteresis_MCS_max = 100
RAND_MAX = 2147483647.000000,
 sizeof(int) = 4,
 sizeof(long) = 8,
 sizeof(double) = 8,
 sizeof(long int) = 8,
 sizeof(short int) = 2,
 sizeof(unsigned int) = 4,
 sizeof(RAND_MAX) = 4

OpenMP Active.

No. of THREADS = 24
No. of PROCESSORS = 24

0.135581,0.067886
order = ({1.000000-->-1.000000,0.000000}, 0, 1)
Initial Magnetisation = (0.135581,0.067886), Energy = -0.021879 
Cooling... 
T=2.000000	 Thermalizing iterations... 
Done.
Thermalized Magnetisation = (-0.003969,-0.262727), Energy = -0.563405 
Averaging iterations... h=0.062500,0.000000
Done.
Final: Magnetisation = (0.170642,-0.061711), Energy = -0.914190 
<M> = (0.055257,0.003535), <E> = -0.753916 

T=1.950000	 Thermalizing iterations... 
Done.
Thermalized Magnetisation = (0.030775,0.010603), Energy = -0.873209 
Averaging iterations... h=0.062500,0.000000
Done.
Final: Magnetisation = (0.118230,-0.016678), Energy = -0.639243 
<M> = (0.054992,0.004474), <E> = -0.769543 

T=1.900000	 Thermalizing iterations... 
Done.
Thermalized Magnetisation = (0.033853,-0.026861), Energy = -0.490878 
Averaging iterations... h=0.062500,0.000000
Done.
Final: Magnetisation = (-0.041544,-0.092673), Energy = -0.755356 
<M> = (0.060445,0.007173), <E> = -0.791206 

T=1.850000	 Thermalizing iterations... 
Done.
Thermalized Magnetisation = (0.098238,0.042117), Energy = -0.735230 
Averaging iterations... h=0.062500,0.000000
Done.
Final: Magnetisation = (-0.149169,-0.107893), Energy = -0.772849 
<M> = (0.063414,0.001516), <E> = -0.811965 

T=1.800000	 Thermalizing iterations... 
Done.
Thermalized Magnetisation = (-0.059199,-0.021773), Energy = -0.749615 
Averaging iterations... h=0.062500,0.000000
Done.
Final: Magnetisation = (0.058806,-0.064520), Energy = -0.665212 
<M> = (0.066625,0.004562), <E> = -0.833830 

T=1.750000	 Thermalizing iterations... 
Done.
Thermalized Magnetisation = (0.127627,0.050396), Energy = -0.869822 
Averaging iterations... h=0.062500,0.000000
Done.
Final: Magnetisation = (0.158048,0.222932), Energy = -0.730315 
<M> = (0.074423,0.003782), <E> = -0.860314 

T=1.700000	 Thermalizing iterations... 
Done.
Thermalized Magnetisation = (-0.191425,-0.094128), Energy = -0.842467 
Averaging iterations... h=0.062500,0.000000
Done.
Final: Magnetisation = (0.221705,-0.010384), Energy = -0.895212 
<M> = (0.080723,0.000319), <E> = -0.883730 

T=1.650000	 Thermalizing iterations... 
Done.
Thermalized Magnetisation = (0.140501,-0.011342), Energy = -0.897700 
Averaging iterations... h=0.062500,0.000000
Done.
Final: Magnetisation = (-0.099435,-0.107334), Energy = -0.715120 
<M> = (0.083768,-0.002086), <E> = -0.901319 

T=1.600000	 Thermalizing iterations... 
Done.
Thermalized Magnetisation = (0.050831,0.003708), Energy = -0.938984 
Averaging iterations... h=0.062500,0.000000
Done.
Final: Magnetisation = (0.185342,0.046371), Energy = -0.936303 
<M> = (0.099629,-0.000233), <E> = -0.932758 

T=1.550000	 Thermalizing iterations... 
Done.
Thermalized Magnetisation = (0.038545,-0.096093), Energy = -0.941525 
Averaging iterations... h=0.062500,0.000000
Done.
Final: Magnetisation = (0.138023,-0.021570), Energy = -0.929527 
<M> = (0.100212,-0.003738), <E> = -0.955500 

T=1.500000	 Thermalizing iterations... 
Done.
Thermalized Magnetisation = (0.081213,-0.257624), Energy = -0.889393 
Averaging iterations... h=0.062500,0.000000
Done.
Final: Magnetisation = (-0.082851,-0.016617), Energy = -1.028422 
<M> = (0.114920,0.005336), <E> = -0.986787 

T=1.450000	 Thermalizing iterations... 
Done.
Thermalized Magnetisation = (0.251692,0.035187), Energy = -1.024058 
Averaging iterations... h=0.062500,0.000000
Done.
Final: Magnetisation = (0.049016,-0.045829), Energy = -0.783727 
<M> = (0.124628,0.001269), <E> = -1.017052 

T=1.400000	 Thermalizing iterations... 
Done.
Thermalized Magnetisation = (0.154471,-0.010341), Energy = -1.136345 
Averaging iterations... h=0.062500,0.000000
Done.
Final: Magnetisation = (0.221122,0.026403), Energy = -0.959052 
<M> = (0.137105,0.009417), <E> = -1.052229 

T=1.350000	 Thermalizing iterations... 
Done.
Thermalized Magnetisation = (0.127877,0.183825), Energy = -1.110357 
Averaging iterations... h=0.062500,0.000000
Done.
Final: Magnetisation = (0.127316,-0.053970), Energy = -1.025449 
<M> = (0.151114,-0.000350), <E> = -1.089330 

T=1.300000	 Thermalizing iterations... 
Done.
Thermalized Magnetisation = (0.448669,0.009843), Energy = -1.186802 
Averaging iterations... h=0.062500,0.000000
Done.
Final: Magnetisation = (0.175667,-0.066301), Energy = -0.994255 
<M> = (0.170808,0.004620), <E> = -1.125959 

T=1.250000	 Thermalizing iterations... 
Done.
Thermalized Magnetisation = (0.282169,-0.206231), Energy = -1.112428 
Averaging iterations... h=0.062500,0.000000
Done.
Final: Magnetisation = (0.296801,0.004476), Energy = -1.224019 
<M> = (0.198901,0.006356), <E> = -1.166380 

T=1.200000	 Thermalizing iterations... 
Done.
Thermalized Magnetisation = (0.211533,0.151730), Energy = -1.231402 
Averaging iterations... h=0.062500,0.000000
Done.
Final: Magnetisation = (0.442252,-0.294078), Energy = -1.360213 
<M> = (0.225761,0.003632), <E> = -1.210245 

T=1.150000	 Thermalizing iterations... 
Done.
Thermalized Magnetisation = (0.216153,-0.032472), Energy = -1.212127 
Averaging iterations... h=0.062500,0.000000
Done.
Final: Magnetisation = (0.066345,0.118671), Energy = -1.101525 
<M> = (0.254881,-0.002775), <E> = -1.248535 

T=1.100000	 Thermalizing iterations... 
Done.
Thermalized Magnetisation = (0.351420,-0.018013), Energy = -1.339882 
Averaging iterations... h=0.062500,0.000000
Done.
Final: Magnetisation = (-0.002809,-0.297801), Energy = -1.327302 
<M> = (0.301938,0.001255), <E> = -1.304114 

T=1.050000	 Thermalizing iterations... 
Done.
Thermalized Magnetisation = (0.197016,-0.070087), Energy = -1.336322 
Averaging iterations... h=0.062500,0.000000
Done.
Final: Magnetisation = (0.521675,-0.272178), Energy = -1.444331 
<M> = (0.331171,0.004975), <E> = -1.348506 

T=1.000000	 Thermalizing iterations... 
Done.
Thermalized Magnetisation = (0.030235,-0.023875), Energy = -1.390397 
Averaging iterations... h=0.062500,0.000000
Done.
Final: Magnetisation = (0.354700,0.117158), Energy = -1.362387 
<M> = (0.343642,0.009322), <E> = -1.392269 

T=0.950000	 Thermalizing iterations... 
Done.
Thermalized Magnetisation = (0.366803,-0.058209), Energy = -1.363253 
Averaging iterations... h=0.062500,0.000000
Done.
Final: Magnetisation = (0.447984,0.294996), Energy = -1.538345 
<M> = (0.393319,0.018132), <E> = -1.448195 

T=0.900000	 Thermalizing iterations... 
Done.
Thermalized Magnetisation = (0.509114,0.043240), Energy = -1.530272 
Averaging iterations... h=0.062500,0.000000
Done.
Final: Magnetisation = (0.500746,-0.227967), Energy = -1.508046 
<M> = (0.440482,0.008112), <E> = -1.502278 

T=0.850000	 Thermalizing iterations... 
Done.
Thermalized Magnetisation = (0.428476,-0.159802), Energy = -1.499821 
Averaging iterations... h=0.062500,0.000000
Done.
Final: Magnetisation = (0.438650,-0.525697), Energy = -1.603409 
<M> = (0.500828,-0.017492), <E> = -1.546212 

T=0.800000	 Thermalizing iterations... 
Done.
Thermalized Magnetisation = (0.629964,0.177028), Energy = -1.622532 
Averaging iterations... h=0.062500,0.000000
Done.
Final: Magnetisation = (0.195838,0.470951), Energy = -1.497238 
<M> = (0.529898,0.029074), <E> = -1.593821 

T=0.750000	 Thermalizing iterations... 
Done.
Thermalized Magnetisation = (0.621850,0.119215), Energy = -1.611920 
Averaging iterations... h=0.062500,0.000000
Done.
Final: Magnetisation = (0.510952,-0.325148), Energy = -1.607940 
<M> = (0.565514,0.018785), <E> = -1.632077 

T=0.700000	 Thermalizing iterations... 
Done.
Thermalized Magnetisation = (0.617230,-0.279616), Energy = -1.705769 
Averaging iterations... h=0.062500,0.000000
Done.
Final: Magnetisation = (0.384945,-0.645466), Energy = -1.668470 
<M> = (0.595612,0.035154), <E> = -1.671975 

T=0.650000	 Thermalizing iterations... 
Done.
Thermalized Magnetisation = (0.597416,-0.436915), Energy = -1.705394 
Averaging iterations... h=0.062500,0.000000
Done.
Final: Magnetisation = (0.552801,-0.172560), Energy = -1.639410 
<M> = (0.627664,-0.047958), <E> = -1.710300 

T=0.600000	 Thermalizing iterations... 
Done.
Thermalized Magnetisation = (0.619129,-0.338154), Energy = -1.720357 
Averaging iterations... h=0.062500,0.000000
Done.
Final: Magnetisation = (0.403186,0.526647), Energy = -1.720774 
<M> = (0.626086,-0.062006), <E> = -1.743160 

T=0.550000	 Thermalizing iterations... 
Done.
Thermalized Magnetisation = (0.622332,-0.470886), Energy = -1.802865 
Averaging iterations... h=0.062500,0.000000
Done.
Final: Magnetisation = (0.518737,-0.487110), Energy = -1.724992 
<M> = (0.657395,0.086911), <E> = -1.774729 

T=0.500000	 Thermalizing iterations... 
Done.
Thermalized Magnetisation = (0.633932,0.214982), Energy = -1.782636 
Averaging iterations... h=0.062500,0.000000
Done.
Final: Magnetisation = (0.684026,-0.371045), Energy = -1.789678 
<M> = (0.674039,-0.012387), <E> = -1.803755 

T=0.450000	 Thermalizing iterations... 
Done.
Thermalized Magnetisation = (0.751898,-0.209882), Energy = -1.804743 
Averaging iterations... h=0.062500,0.000000
Done.
Final: Magnetisation = (0.853171,-0.091626), Energy = -1.861206 
<M> = (0.664601,-0.102285), <E> = -1.833934 

T=0.400000	 Thermalizing iterations... 
Done.
Thermalized Magnetisation = (0.692474,0.394645), Energy = -1.842589 
Averaging iterations... h=0.062500,0.000000
Done.
Final: Magnetisation = (0.630146,-0.484964), Energy = -1.865288 
<M> = (0.675078,-0.143248), <E> = -1.863617 

T=0.350000	 Thermalizing iterations... 
Done.
Thermalized Magnetisation = (0.755192,-0.408571), Energy = -1.892708 
Averaging iterations... h=0.062500,0.000000
Done.
Final: Magnetisation = (0.655252,0.589497), Energy = -1.932972 
<M> = (0.686335,0.114643), <E> = -1.891910 

T=0.300000	 Thermalizing iterations... 
Done.
Thermalized Magnetisation = (0.667568,0.440760), Energy = -1.924209 
Averaging iterations... h=0.062500,0.000000
Done.
Final: Magnetisation = (0.512279,0.701792), Energy = -1.939215 
<M> = (0.676079,0.442507), <E> = -1.919183 

T=0.250000	 Thermalizing iterations... 
Done.
Thermalized Magnetisation = (0.809435,0.286011), Energy = -1.927188 
Averaging iterations... h=0.062500,0.000000
Done.
Final: Magnetisation = (0.773365,0.397726), Energy = -1.966184 
<M> = (0.658904,0.549811), <E> = -1.946976 

T=0.200000	 Thermalizing iterations... 
Done.
Thermalized Magnetisation = (0.655773,0.607262), Energy = -1.969946 
Averaging iterations... h=0.062500,0.000000
Done.
Final: Magnetisation = (0.686110,0.591016), Energy = -1.989454 
<M> = (0.633247,0.612158), <E> = -1.973624 

T=0.150000	 Thermalizing iterations... 
Done.
Thermalized Magnetisation = (0.521806,0.750724), Energy = -2.008694 
Averaging iterations... h=0.062500,0.000000
Done.
Final: Magnetisation = (0.621998,0.674007), Energy = -2.001550 
<M> = (0.648946,0.622037), <E> = -2.000291 

T=0.100000	 Thermalizing iterations... 
Done.
Thermalized Magnetisation = (0.671456,0.652669), Energy = -2.023967 
Averaging iterations... h=0.062500,0.000000
Done.
Final: Magnetisation = (0.654286,0.639749), Energy = -2.029439 
<M> = (0.641695,0.654410), <E> = -2.026485 

T=0.050000	 Thermalizing iterations... 
Done.
Thermalized Magnetisation = (0.583978,0.727088), Energy = -2.050424 
Averaging iterations... h=0.062500,0.000000
Done.
Final: Magnetisation = (0.674396,0.662383), Energy = -2.049458 
<M> = (0.629442,0.686011), <E> = -2.051861 
Final Magnetisation = (0.674396,0.662383), Energy = -2.049458 
------------------------

Updating all (first)black/(then)white checkerboard sites simultaneously.. 

ztne RFXY h rotating with |h|=0.062500 at T=0.000000..
loop 1

loop 2

Cooling protocol time (from T=2.000000 to T=0.000000) = 183.276719 

CPU Time elapsed total = 183.289450 
All done - 183 seconds elapsed.
