nearest neighbor initialized. 
J loaded. 
h loaded. 
L = 64, dim_L = 2, dim_S = 2
hysteresis_MCS_multiplier = 10, hysteresis_MCS_max = 100
RAND_MAX = 2147483647.000000,
 sizeof(int) = 4,
 sizeof(long) = 8,
 sizeof(double) = 8,
 sizeof(long int) = 8,
 sizeof(short int) = 2,
 sizeof(unsigned int) = 4,
 sizeof(RAND_MAX) = 4

OpenMP Active.

No. of THREADS = 24
No. of PROCESSORS = 24

0.099377,-0.026096
order = ({1.000000-->-1.000000,0.000000}, 0, 1)
Initial Magnetisation = (0.099377,-0.026096), Energy = -0.072876 
Cooling... 
T=2.000000	 Thermalizing iterations... 
Done.
Thermalized Magnetisation = (-0.026412,0.100867), Energy = -0.577665 
Averaging iterations... h=0.071429,0.000000
Done.
Final: Magnetisation = (0.015943,-0.135813), Energy = -0.674504 
<M> = (0.062416,0.000869), <E> = -0.631355 

T=1.950000	 Thermalizing iterations... 
Done.
Thermalized Magnetisation = (0.041765,0.116447), Energy = -0.624466 
Averaging iterations... h=0.071429,0.000000
Done.
Final: Magnetisation = (0.078711,-0.038698), Energy = -0.607309 
<M> = (0.066222,0.000516), <E> = -0.650212 

T=1.900000	 Thermalizing iterations... 
Done.
Thermalized Magnetisation = (0.042677,0.003894), Energy = -0.731035 
Averaging iterations... h=0.071429,0.000000
Done.
Final: Magnetisation = (0.091779,0.019562), Energy = -0.704787 
<M> = (0.071570,0.000493), <E> = -0.671711 

T=1.850000	 Thermalizing iterations... 
Done.
Thermalized Magnetisation = (0.170840,-0.011782), Energy = -0.752145 
Averaging iterations... h=0.071429,0.000000
Done.
Final: Magnetisation = (0.033008,-0.068372), Energy = -0.651757 
<M> = (0.078620,0.001024), <E> = -0.693304 

T=1.800000	 Thermalizing iterations... 
Done.
Thermalized Magnetisation = (0.060664,-0.013258), Energy = -0.688081 
Averaging iterations... h=0.071429,0.000000
Done.
Final: Magnetisation = (0.000743,0.047707), Energy = -0.739132 
<M> = (0.083859,-0.000969), <E> = -0.716680 

T=1.750000	 Thermalizing iterations... 
Done.
Thermalized Magnetisation = (0.080710,0.046830), Energy = -0.752150 
Averaging iterations... h=0.071429,0.000000
Done.
Final: Magnetisation = (0.074333,0.140411), Energy = -0.786021 
<M> = (0.092418,-0.001788), <E> = -0.742499 

T=1.700000	 Thermalizing iterations... 
Done.
Thermalized Magnetisation = (0.076687,-0.065379), Energy = -0.840535 
Averaging iterations... h=0.071429,0.000000
Done.
Final: Magnetisation = (0.171908,0.008894), Energy = -0.695130 
<M> = (0.099687,0.000367), <E> = -0.770769 

T=1.650000	 Thermalizing iterations... 
Done.
Thermalized Magnetisation = (0.122785,-0.070424), Energy = -0.862160 
Averaging iterations... h=0.071429,0.000000
Done.
Final: Magnetisation = (0.149144,0.075204), Energy = -0.825058 
<M> = (0.109901,-0.000083), <E> = -0.799792 

T=1.600000	 Thermalizing iterations... 
Done.
Thermalized Magnetisation = (0.132748,0.130480), Energy = -0.932642 
Averaging iterations... h=0.071429,0.000000
Done.
Final: Magnetisation = (0.120427,-0.023754), Energy = -0.889782 
<M> = (0.117048,0.001541), <E> = -0.831172 

T=1.550000	 Thermalizing iterations... 
Done.
Thermalized Magnetisation = (0.120087,0.050155), Energy = -0.849048 
Averaging iterations... h=0.071429,0.000000
Done.
Final: Magnetisation = (0.187503,0.004951), Energy = -0.820331 
<M> = (0.133180,0.000069), <E> = -0.864238 

T=1.500000	 Thermalizing iterations... 
Done.
Thermalized Magnetisation = (0.181069,0.039055), Energy = -0.920525 
Averaging iterations... h=0.071429,0.000000
Done.
Final: Magnetisation = (0.287641,0.003503), Energy = -0.975798 
<M> = (0.149169,0.001381), <E> = -0.900826 

T=1.450000	 Thermalizing iterations... 
Done.
Thermalized Magnetisation = (0.150653,0.007068), Energy = -0.867270 
Averaging iterations... h=0.071429,0.000000
Done.
Final: Magnetisation = (0.253868,-0.063718), Energy = -1.013302 
<M> = (0.163870,0.001740), <E> = -0.939540 

T=1.400000	 Thermalizing iterations... 
Done.
Thermalized Magnetisation = (0.244007,0.037417), Energy = -0.950483 
Averaging iterations... h=0.071429,0.000000
Done.
Final: Magnetisation = (0.217963,0.104780), Energy = -0.971504 
<M> = (0.184816,-0.000595), <E> = -0.982243 

T=1.350000	 Thermalizing iterations... 
Done.
Thermalized Magnetisation = (0.052063,0.060394), Energy = -0.965754 
Averaging iterations... h=0.071429,0.000000
Done.
Final: Magnetisation = (0.256544,0.037028), Energy = -1.029297 
<M> = (0.208360,0.002295), <E> = -1.028609 

T=1.300000	 Thermalizing iterations... 
Done.
Thermalized Magnetisation = (0.310086,-0.185343), Energy = -1.113221 
Averaging iterations... h=0.071429,0.000000
Done.
Final: Magnetisation = (0.163363,-0.065951), Energy = -1.048090 
<M> = (0.233001,0.002062), <E> = -1.074406 

T=1.250000	 Thermalizing iterations... 
Done.
Thermalized Magnetisation = (0.245375,0.192441), Energy = -1.130860 
Averaging iterations... h=0.071429,0.000000
Done.
Final: Magnetisation = (0.243298,-0.182397), Energy = -1.173393 
<M> = (0.268763,0.002260), <E> = -1.127740 

T=1.200000	 Thermalizing iterations... 
Done.
Thermalized Magnetisation = (0.218502,-0.003840), Energy = -1.145248 
Averaging iterations... h=0.071429,0.000000
Done.
Final: Magnetisation = (0.319295,0.039162), Energy = -1.131135 
<M> = (0.299317,0.002068), <E> = -1.180158 

T=1.150000	 Thermalizing iterations... 
Done.
Thermalized Magnetisation = (0.223918,0.087328), Energy = -1.221423 
Averaging iterations... h=0.071429,0.000000
Done.
Final: Magnetisation = (0.317241,0.046724), Energy = -1.255161 
<M> = (0.337421,0.005164), <E> = -1.238013 

T=1.100000	 Thermalizing iterations... 
Done.
Thermalized Magnetisation = (0.403720,-0.028857), Energy = -1.300609 
Averaging iterations... h=0.071429,0.000000
Done.
Final: Magnetisation = (0.355644,0.079085), Energy = -1.316675 
<M> = (0.378080,0.003896), <E> = -1.295410 

T=1.050000	 Thermalizing iterations... 
Done.
Thermalized Magnetisation = (0.487131,-0.038500), Energy = -1.350687 
Averaging iterations... h=0.071429,0.000000
Done.
Final: Magnetisation = (0.424658,-0.048622), Energy = -1.404439 
<M> = (0.416099,-0.004065), <E> = -1.352028 

T=1.000000	 Thermalizing iterations... 
Done.
Thermalized Magnetisation = (0.393840,0.100435), Energy = -1.394007 
Averaging iterations... h=0.071429,0.000000
Done.
Final: Magnetisation = (0.451213,-0.098303), Energy = -1.402902 
<M> = (0.460989,0.020924), <E> = -1.408379 

T=0.950000	 Thermalizing iterations... 
Done.
Thermalized Magnetisation = (0.493422,0.069574), Energy = -1.469691 
Averaging iterations... h=0.071429,0.000000
Done.
Final: Magnetisation = (0.465374,0.183547), Energy = -1.429877 
<M> = (0.495694,0.011351), <E> = -1.462410 

T=0.900000	 Thermalizing iterations... 
Done.
Thermalized Magnetisation = (0.519406,0.130889), Energy = -1.514126 
Averaging iterations... h=0.071429,0.000000
Done.
Final: Magnetisation = (0.530091,-0.271410), Energy = -1.514830 
<M> = (0.527870,0.041631), <E> = -1.513279 

T=0.850000	 Thermalizing iterations... 
Done.
Thermalized Magnetisation = (0.495197,-0.105225), Energy = -1.550490 
Averaging iterations... h=0.071429,0.000000
Done.
Final: Magnetisation = (0.506859,-0.186400), Energy = -1.527740 
<M> = (0.557484,0.011685), <E> = -1.559730 

T=0.800000	 Thermalizing iterations... 
Done.
Thermalized Magnetisation = (0.620069,-0.292616), Energy = -1.630869 
Averaging iterations... h=0.071429,0.000000
Done.
Final: Magnetisation = (0.487185,0.437143), Energy = -1.591265 
<M> = (0.566864,0.021203), <E> = -1.601967 

T=0.750000	 Thermalizing iterations... 
Done.
Thermalized Magnetisation = (0.568043,0.048431), Energy = -1.663631 
Averaging iterations... h=0.071429,0.000000
Done.
Final: Magnetisation = (0.420065,-0.336426), Energy = -1.599528 
<M> = (0.599081,0.013056), <E> = -1.641841 

T=0.700000	 Thermalizing iterations... 
Done.
Thermalized Magnetisation = (0.540255,0.123808), Energy = -1.673499 
Averaging iterations... h=0.071429,0.000000
Done.
Final: Magnetisation = (0.693775,0.140525), Energy = -1.684730 
<M> = (0.600062,0.252187), <E> = -1.679904 

T=0.650000	 Thermalizing iterations... 
Done.
Thermalized Magnetisation = (0.655500,0.140877), Energy = -1.708753 
Averaging iterations... h=0.071429,0.000000
Done.
Final: Magnetisation = (0.737683,0.152877), Energy = -1.728733 
<M> = (0.620638,-0.009090), <E> = -1.712816 

T=0.600000	 Thermalizing iterations... 
Done.
Thermalized Magnetisation = (0.666482,-0.069864), Energy = -1.743241 
Averaging iterations... h=0.071429,0.000000
Done.
Final: Magnetisation = (0.619523,0.322563), Energy = -1.748694 
<M> = (0.626217,0.206642), <E> = -1.746517 

T=0.550000	 Thermalizing iterations... 
Done.
Thermalized Magnetisation = (0.555656,0.447183), Energy = -1.766122 
Averaging iterations... h=0.071429,0.000000
Done.
Final: Magnetisation = (0.712596,0.174684), Energy = -1.780568 
<M> = (0.626141,0.316769), <E> = -1.778290 

T=0.500000	 Thermalizing iterations... 
Done.
Thermalized Magnetisation = (0.696450,0.011881), Energy = -1.811528 
Averaging iterations... h=0.071429,0.000000
Done.
Final: Magnetisation = (0.643974,0.414093), Energy = -1.816228 
<M> = (0.621417,0.396252), <E> = -1.808862 

T=0.450000	 Thermalizing iterations... 
Done.
Thermalized Magnetisation = (0.611390,0.527048), Energy = -1.827960 
Averaging iterations... h=0.071429,0.000000
Done.
Final: Magnetisation = (0.551322,0.614387), Energy = -1.854029 
<M> = (0.621800,0.447648), <E> = -1.838666 

T=0.400000	 Thermalizing iterations... 
Done.
Thermalized Magnetisation = (0.592849,0.568345), Energy = -1.856680 
Averaging iterations... h=0.071429,0.000000
Done.
Final: Magnetisation = (0.645897,0.483470), Energy = -1.864231 
<M> = (0.605484,0.529201), <E> = -1.868014 

T=0.350000	 Thermalizing iterations... 
Done.
Thermalized Magnetisation = (0.689751,0.493587), Energy = -1.902104 
Averaging iterations... h=0.071429,0.000000
Done.
Final: Magnetisation = (0.603842,0.593695), Energy = -1.892523 
<M> = (0.616131,0.541844), <E> = -1.896500 

T=0.300000	 Thermalizing iterations... 
Done.
Thermalized Magnetisation = (0.598077,0.591996), Energy = -1.922716 
Averaging iterations... h=0.071429,0.000000
Done.
Final: Magnetisation = (0.611311,0.567306), Energy = -1.917132 
<M> = (0.613110,0.571190), <E> = -1.924053 

T=0.250000	 Thermalizing iterations... 
Done.
Thermalized Magnetisation = (0.582529,0.569768), Energy = -1.945839 
Averaging iterations... h=0.071429,0.000000
Done.
Final: Magnetisation = (0.619057,0.615026), Energy = -1.955353 
<M> = (0.610055,0.598240), <E> = -1.951072 

T=0.200000	 Thermalizing iterations... 
Done.
Thermalized Magnetisation = (0.608178,0.646431), Energy = -1.976178 
Averaging iterations... h=0.071429,0.000000
Done.
Final: Magnetisation = (0.640026,0.633813), Energy = -1.980834 
<M> = (0.611645,0.625915), <E> = -1.978007 

T=0.150000	 Thermalizing iterations... 
Done.
Thermalized Magnetisation = (0.590645,0.667627), Energy = -2.009057 
Averaging iterations... h=0.071429,0.000000
Done.
Final: Magnetisation = (0.639919,0.630564), Energy = -2.008415 
<M> = (0.611701,0.644243), <E> = -2.004202 

T=0.100000	 Thermalizing iterations... 
Done.
Thermalized Magnetisation = (0.649497,0.635388), Energy = -2.027725 
Averaging iterations... h=0.071429,0.000000
Done.
Final: Magnetisation = (0.627671,0.653559), Energy = -2.031642 
<M> = (0.615183,0.660958), <E> = -2.030134 

T=0.050000	 Thermalizing iterations... 
Done.
Thermalized Magnetisation = (0.597376,0.695764), Energy = -2.056275 
Averaging iterations... h=0.071429,0.000000
Done.
Final: Magnetisation = (0.620800,0.673732), Energy = -2.055182 
<M> = (0.612460,0.678627), <E> = -2.055574 
Final Magnetisation = (0.620800,0.673732), Energy = -2.055182 
------------------------

Updating all (first)black/(then)white checkerboard sites simultaneously.. 

ztne RFXY h rotating with |h|=0.071429 at T=0.000000..
loop 1

loop 2

Cooling protocol time (from T=2.000000 to T=0.000000) = 612.979016 

CPU Time elapsed total = 613.002747 
All done - 613 seconds elapsed.
