+ cd /home/sbasak/Exercises/OpenMP/XY_code/Z2/rotating_field/trial/config/config_31
+ export OMP_NUM_THREADS=28
+ OMP_NUM_THREADS=28
+ ./a_16.out
nearest neighbor initialized. 
h loaded. 
J loaded. 
L = 128, dim_L = 2, dim_S = 2
hysteresis_MCS_multiplier = 10, hysteresis_MCS_max = 100
RAND_MAX = 2147483647.000000,
 sizeof(int) = 4,
 sizeof(long) = 8,
 sizeof(double) = 8,
 sizeof(long int) = 8,
 sizeof(short int) = 2,
 sizeof(unsigned int) = 4,
 sizeof(RAND_MAX) = 4
No. of THREADS = 28
No. of PROCESSORS = 28

0.060524,0.022299
order = ({1.000000-->-1.000000,0.000000}, 0, 1)
Initial Magnetisation = (0.060524,0.022299), Energy = 0.026678 
Cooling... 
T=2.000000	 Thermalizing iterations... 
Done.
Thermalized Magnetisation = (0.022704,-0.011147), Energy = -0.559014 
Averaging iterations... h=0.031250,0.000000
Done.
Final: Magnetisation = (0.028970,-0.031311), Energy = -0.583927 
<M> = (0.033845,-0.000505), <E> = -0.608137 

T=1.990000	 Thermalizing iterations... 
Done.
Thermalized Magnetisation = (0.003343,0.023881), Energy = -0.639312 
Averaging iterations... h=0.031250,0.000000
Done.
Final: Magnetisation = (0.017494,0.020443), Energy = -0.639075 
<M> = (0.035566,-0.001613), <E> = -0.612439 

T=1.980000	 Thermalizing iterations... 
Done.
Thermalized Magnetisation = (0.025291,0.018683), Energy = -0.639674 
Averaging iterations... h=0.031250,0.000000
Done.
Final: Magnetisation = (0.057591,-0.003566), Energy = -0.615644 
<M> = (0.034645,-0.001244), <E> = -0.616698 

T=1.970000	 Thermalizing iterations... 
Done.
Thermalized Magnetisation = (0.021010,0.025131), Energy = -0.624068 
Averaging iterations... h=0.031250,0.000000
Done.
Final: Magnetisation = (0.001304,-0.047030), Energy = -0.603708 
<M> = (0.035894,-0.002448), <E> = -0.620516 

T=1.960000	 Thermalizing iterations... 
Done.
Thermalized Magnetisation = (0.032106,-0.031157), Energy = -0.663388 
Averaging iterations... h=0.031250,0.000000
Done.
Final: Magnetisation = (0.024837,0.007774), Energy = -0.623799 
<M> = (0.037374,-0.001218), <E> = -0.624103 

T=1.950000	 Thermalizing iterations... 
Done.
Thermalized Magnetisation = (0.015921,0.017599), Energy = -0.621737 
Averaging iterations... h=0.031250,0.000000
Done.
Final: Magnetisation = (0.092357,-0.010283), Energy = -0.653341 
<M> = (0.038082,-0.000435), <E> = -0.627154 

T=1.940000	 Thermalizing iterations... 
Done.
Thermalized Magnetisation = (0.070195,-0.022506), Energy = -0.604138 
Averaging iterations... h=0.031250,0.000000
Done.
Final: Magnetisation = (0.075693,0.025991), Energy = -0.610188 
<M> = (0.037274,0.000262), <E> = -0.630675 

T=1.930000	 Thermalizing iterations... 
Done.
Thermalized Magnetisation = (0.036557,-0.019699), Energy = -0.633371 
Averaging iterations... h=0.031250,0.000000
Done.
Final: Magnetisation = (-0.045148,0.010136), Energy = -0.602419 
<M> = (0.036871,0.000783), <E> = -0.633720 

T=1.920000	 Thermalizing iterations... 
Done.
Thermalized Magnetisation = (-0.000789,0.050582), Energy = -0.669967 
Averaging iterations... h=0.031250,0.000000
Done.
Final: Magnetisation = (0.028230,-0.010160), Energy = -0.638388 
<M> = (0.038604,-0.001403), <E> = -0.638352 

T=1.910000	 Thermalizing iterations... 
Done.
Thermalized Magnetisation = (-0.003922,-0.003967), Energy = -0.654452 
Averaging iterations... h=0.031250,0.000000
Done.
Final: Magnetisation = (0.017235,-0.027496), Energy = -0.668697 
<M> = (0.039237,-0.001658), <E> = -0.642788 

T=1.900000	 Thermalizing iterations... 
Done.
Thermalized Magnetisation = (0.111037,0.091566), Energy = -0.655378 
Averaging iterations... h=0.031250,0.000000
Done.
Final: Magnetisation = (-0.004216,-0.003162), Energy = -0.638220 
<M> = (0.039636,-0.003141), <E> = -0.646815 

T=1.890000	 Thermalizing iterations... 
Done.
Thermalized Magnetisation = (-0.010551,0.014513), Energy = -0.653110 
Averaging iterations... h=0.031250,0.000000
Done.
Final: Magnetisation = (0.005440,0.015963), Energy = -0.642903 
<M> = (0.040562,-0.002524), <E> = -0.650888 

T=1.880000	 Thermalizing iterations... 
Done.
Thermalized Magnetisation = (0.055877,-0.029842), Energy = -0.648818 
Averaging iterations... h=0.031250,0.000000
Done.
Final: Magnetisation = (-0.019499,0.017508), Energy = -0.657795 
<M> = (0.042013,-0.001948), <E> = -0.654758 

T=1.870000	 Thermalizing iterations... 
Done.
Thermalized Magnetisation = (0.014059,0.022250), Energy = -0.645823 
Averaging iterations... h=0.031250,0.000000
Done.
Final: Magnetisation = (0.057611,0.031293), Energy = -0.669407 
<M> = (0.042231,0.001761), <E> = -0.658132 

T=1.860000	 Thermalizing iterations... 
Done.
Thermalized Magnetisation = (0.028066,0.022373), Energy = -0.624544 
Averaging iterations... h=0.031250,0.000000
Done.
Final: Magnetisation = (0.080221,-0.024577), Energy = -0.646489 
<M> = (0.041654,-0.000164), <E> = -0.662278 

T=1.850000	 Thermalizing iterations... 
Done.
Thermalized Magnetisation = (0.025221,0.100803), Energy = -0.660536 
Averaging iterations... h=0.031250,0.000000
Done.
Final: Magnetisation = (0.087479,-0.024301), Energy = -0.703021 
<M> = (0.042287,-0.000178), <E> = -0.666494 

T=1.840000	 Thermalizing iterations... 
Done.
Thermalized Magnetisation = (0.047049,0.030723), Energy = -0.664101 
Averaging iterations... h=0.031250,0.000000
Done.
Final: Magnetisation = (0.065439,-0.013167), Energy = -0.702463 
<M> = (0.044378,-0.001303), <E> = -0.671149 

T=1.830000	 Thermalizing iterations... 
Done.
Thermalized Magnetisation = (0.091733,0.001100), Energy = -0.669586 
Averaging iterations... h=0.031250,0.000000
Done.
Final: Magnetisation = (0.048008,0.039643), Energy = -0.654475 
<M> = (0.043625,-0.002458), <E> = -0.675656 

T=1.820000	 Thermalizing iterations... 
Done.
Thermalized Magnetisation = (0.057334,0.031562), Energy = -0.683014 
Averaging iterations... h=0.031250,0.000000
Done.
Final: Magnetisation = (0.052615,-0.028476), Energy = -0.673306 
<M> = (0.044449,-0.001544), <E> = -0.680908 

T=1.810000	 Thermalizing iterations... 
Done.
Thermalized Magnetisation = (0.030238,0.023096), Energy = -0.685254 
Averaging iterations... h=0.031250,0.000000
Done.
Final: Magnetisation = (0.027819,0.020421), Energy = -0.659854 
<M> = (0.047532,-0.001925), <E> = -0.684830 

T=1.800000	 Thermalizing iterations... 
Done.
Thermalized Magnetisation = (0.006294,-0.008293), Energy = -0.683182 
Averaging iterations... h=0.031250,0.000000
Done.
Final: Magnetisation = (0.049702,0.036105), Energy = -0.714979 
<M> = (0.047998,0.000023), <E> = -0.688694 

T=1.790000	 Thermalizing iterations... 
Done.
Thermalized Magnetisation = (0.056570,-0.052296), Energy = -0.701215 
Averaging iterations... h=0.031250,0.000000
Done.
Final: Magnetisation = (0.000369,-0.066316), Energy = -0.670919 
<M> = (0.046959,0.000248), <E> = -0.692819 

T=1.780000	 Thermalizing iterations... 
Done.
Thermalized Magnetisation = (0.052429,-0.018453), Energy = -0.707998 
Averaging iterations... h=0.031250,0.000000
Done.
Final: Magnetisation = (0.071117,-0.006092), Energy = -0.709266 
<M> = (0.047410,0.001383), <E> = -0.697240 

T=1.770000	 Thermalizing iterations... 
Done.
Thermalized Magnetisation = (0.059143,0.055278), Energy = -0.702408 
Averaging iterations... h=0.031250,0.000000
Done.
Final: Magnetisation = (0.045295,0.070239), Energy = -0.692248 
<M> = (0.049202,-0.002650), <E> = -0.702440 

T=1.760000	 Thermalizing iterations... 
Done.
Thermalized Magnetisation = (0.041410,0.017781), Energy = -0.752123 
Averaging iterations... h=0.031250,0.000000
Done.
Final: Magnetisation = (0.105440,-0.032650), Energy = -0.715114 
<M> = (0.049957,-0.000955), <E> = -0.707728 

T=1.750000	 Thermalizing iterations... 
Done.
Thermalized Magnetisation = (0.015534,0.004178), Energy = -0.696547 
Averaging iterations... h=0.031250,0.000000
Done.
Final: Magnetisation = (0.096421,-0.021290), Energy = -0.687830 
<M> = (0.050068,-0.002694), <E> = -0.712599 

T=1.740000	 Thermalizing iterations... 
Done.
Thermalized Magnetisation = (0.056156,0.023361), Energy = -0.690336 
Averaging iterations... h=0.031250,0.000000
Done.
Final: Magnetisation = (0.042754,-0.033639), Energy = -0.718729 
<M> = (0.051601,-0.002336), <E> = -0.717829 

T=1.730000	 Thermalizing iterations... 
Done.
Thermalized Magnetisation = (0.075306,-0.033289), Energy = -0.724669 
Averaging iterations... h=0.031250,0.000000
Done.
Final: Magnetisation = (-0.007920,-0.044249), Energy = -0.723640 
<M> = (0.054533,-0.000808), <E> = -0.722652 

T=1.720000	 Thermalizing iterations... 
Done.
Thermalized Magnetisation = (0.056442,-0.057645), Energy = -0.727034 
Averaging iterations... h=0.031250,0.000000
Done.
Final: Magnetisation = (0.055465,0.024096), Energy = -0.748074 
<M> = (0.053026,0.001137), <E> = -0.726604 

T=1.710000	 Thermalizing iterations... 
Done.
Thermalized Magnetisation = (0.074496,-0.047377), Energy = -0.775541 
Averaging iterations... h=0.031250,0.000000
Done.
Final: Magnetisation = (0.065099,-0.036562), Energy = -0.743365 
<M> = (0.054311,-0.000387), <E> = -0.731464 

T=1.700000	 Thermalizing iterations... 
Done.
Thermalized Magnetisation = (0.065836,0.018116), Energy = -0.738505 
Averaging iterations... h=0.031250,0.000000
Done.
Final: Magnetisation = (0.064333,0.021600), Energy = -0.736160 
<M> = (0.056382,-0.000723), <E> = -0.737089 

T=1.690000	 Thermalizing iterations... 
Done.
Thermalized Magnetisation = (-0.014624,0.022779), Energy = -0.744993 
Averaging iterations... h=0.031250,0.000000
Done.
Final: Magnetisation = (0.058354,-0.057715), Energy = -0.746100 
<M> = (0.056776,-0.001289), <E> = -0.742551 

T=1.680000	 Thermalizing iterations... 
Done.
Thermalized Magnetisation = (0.017024,-0.018038), Energy = -0.747346 
Averaging iterations... h=0.031250,0.000000
Done.
Final: Magnetisation = (0.044566,-0.096993), Energy = -0.753087 
<M> = (0.057122,-0.002595), <E> = -0.748483 

T=1.670000	 Thermalizing iterations... 
Done.
Thermalized Magnetisation = (0.018195,0.005652), Energy = -0.752274 
Averaging iterations... h=0.031250,0.000000
Done.
Final: Magnetisation = (0.079371,-0.066506), Energy = -0.796428 
<M> = (0.059431,-0.002236), <E> = -0.753976 

T=1.660000	 Thermalizing iterations... 
Done.
Thermalized Magnetisation = (0.012261,0.000164), Energy = -0.747848 
Averaging iterations... h=0.031250,0.000000
Done.
Final: Magnetisation = (0.074359,-0.020872), Energy = -0.779476 
<M> = (0.061383,-0.002608), <E> = -0.759898 

T=1.650000	 Thermalizing iterations... 
Done.
Thermalized Magnetisation = (0.039213,-0.016982), Energy = -0.740265 
Averaging iterations... h=0.031250,0.000000
Done.
Final: Magnetisation = (0.024512,0.067887), Energy = -0.762981 
<M> = (0.062642,0.000219), <E> = -0.764265 

T=1.640000	 Thermalizing iterations... 
Done.
Thermalized Magnetisation = (0.094493,0.056463), Energy = -0.797817 
Averaging iterations... h=0.031250,0.000000
Done.
Final: Magnetisation = (0.122934,-0.040720), Energy = -0.763309 
<M> = (0.062049,0.001181), <E> = -0.769412 

T=1.630000	 Thermalizing iterations... 
Done.
Thermalized Magnetisation = (0.049007,0.037790), Energy = -0.778491 
Averaging iterations... h=0.031250,0.000000
Done.
Final: Magnetisation = (0.079982,0.007901), Energy = -0.702215 
<M> = (0.063229,-0.000184), <E> = -0.775040 

T=1.620000	 Thermalizing iterations... 
Done.
Thermalized Magnetisation = (0.079858,-0.076761), Energy = -0.796089 
Averaging iterations... h=0.031250,0.000000
Done.
Final: Magnetisation = (0.141544,-0.037392), Energy = -0.786296 
<M> = (0.065237,-0.001649), <E> = -0.781293 

T=1.610000	 Thermalizing iterations... 
Done.
Thermalized Magnetisation = (0.098484,0.046323), Energy = -0.794940 
Averaging iterations... h=0.031250,0.000000
Done.
Final: Magnetisation = (0.050007,0.088857), Energy = -0.803169 
<M> = (0.065637,-0.002372), <E> = -0.787743 

T=1.600000	 Thermalizing iterations... 
Done.
Thermalized Magnetisation = (0.086347,-0.010549), Energy = -0.818086 
Averaging iterations... h=0.031250,0.000000
Done.
Final: Magnetisation = (0.033863,-0.014769), Energy = -0.770761 
<M> = (0.067118,-0.003501), <E> = -0.794673 

T=1.590000	 Thermalizing iterations... 
Done.
Thermalized Magnetisation = (0.041800,0.028674), Energy = -0.773441 
Averaging iterations... h=0.031250,0.000000
Done.
Final: Magnetisation = (-0.045755,0.011620), Energy = -0.755849 
<M> = (0.069586,-0.002959), <E> = -0.800568 

T=1.580000	 Thermalizing iterations... 
Done.
Thermalized Magnetisation = (0.084337,-0.005103), Energy = -0.769462 
Averaging iterations... h=0.031250,0.000000
Done.
Final: Magnetisation = (0.068362,-0.045215), Energy = -0.860131 
<M> = (0.072106,0.000247), <E> = -0.806248 

T=1.570000	 Thermalizing iterations... 
Done.
Thermalized Magnetisation = (0.075524,0.035208), Energy = -0.836520 
Averaging iterations... h=0.031250,0.000000
Done.
Final: Magnetisation = (0.074790,0.009586), Energy = -0.810048 
<M> = (0.073045,0.000411), <E> = -0.811362 

T=1.560000	 Thermalizing iterations... 
Done.
Thermalized Magnetisation = (0.111828,-0.065168), Energy = -0.860273 
Averaging iterations... h=0.031250,0.000000
Done.
Final: Magnetisation = (0.037062,-0.005348), Energy = -0.798005 
<M> = (0.074660,0.001846), <E> = -0.817722 

T=1.550000	 Thermalizing iterations... 
Done.
Thermalized Magnetisation = (0.015289,-0.008059), Energy = -0.788727 
Averaging iterations... h=0.031250,0.000000
Done.
Final: Magnetisation = (0.056162,0.018654), Energy = -0.794261 
<M> = (0.076823,0.000271), <E> = -0.825464 

T=1.540000	 Thermalizing iterations... 
Done.
Thermalized Magnetisation = (0.043778,0.084914), Energy = -0.829048 
Averaging iterations... h=0.031250,0.000000
Done.
Final: Magnetisation = (0.085870,-0.093130), Energy = -0.849231 
<M> = (0.078421,-0.001078), <E> = -0.832331 

T=1.530000	 Thermalizing iterations... 
Done.
Thermalized Magnetisation = (0.129395,-0.003492), Energy = -0.890228 
Averaging iterations... h=0.031250,0.000000
Done.
Final: Magnetisation = (0.078377,0.037243), Energy = -0.851145 
<M> = (0.079434,-0.003501), <E> = -0.839020 

T=1.520000	 Thermalizing iterations... 
Done.
Thermalized Magnetisation = (0.142151,0.070027), Energy = -0.861017 
Averaging iterations... h=0.031250,0.000000
Done.
Final: Magnetisation = (0.040464,-0.029874), Energy = -0.835867 
<M> = (0.081816,-0.002954), <E> = -0.845925 

T=1.510000	 Thermalizing iterations... 
Done.
Thermalized Magnetisation = (0.084222,-0.026773), Energy = -0.879329 
Averaging iterations... h=0.031250,0.000000
Done.
Final: Magnetisation = (0.062913,0.001418), Energy = -0.833684 
<M> = (0.087467,-0.001111), <E> = -0.852827 

T=1.500000	 Thermalizing iterations... 
Done.
Thermalized Magnetisation = (0.131631,-0.078363), Energy = -0.872201 
Averaging iterations... h=0.031250,0.000000
Done.
Final: Magnetisation = (0.064782,-0.071610), Energy = -0.831348 
<M> = (0.087654,0.003329), <E> = -0.859250 

T=1.490000	 Thermalizing iterations... 
Done.
Thermalized Magnetisation = (0.084308,-0.015027), Energy = -0.852922 
Averaging iterations... h=0.031250,0.000000
Done.
Final: Magnetisation = (0.065720,0.111275), Energy = -0.857424 
<M> = (0.087988,0.003344), <E> = -0.865592 

T=1.480000	 Thermalizing iterations... 
Done.
Thermalized Magnetisation = (0.108122,-0.051703), Energy = -0.849497 
Averaging iterations... h=0.031250,0.000000
Done.
Final: Magnetisation = (0.110962,-0.015432), Energy = -0.869762 
<M> = (0.088422,0.002425), <E> = -0.872863 

T=1.470000	 Thermalizing iterations... 
Done.
Thermalized Magnetisation = (0.124143,-0.004024), Energy = -0.877725 
Averaging iterations... h=0.031250,0.000000
Done.
Final: Magnetisation = (0.136434,-0.005895), Energy = -0.879292 
<M> = (0.094007,-0.000987), <E> = -0.882111 

T=1.460000	 Thermalizing iterations... 
Done.
Thermalized Magnetisation = (0.100005,0.078368), Energy = -0.885784 
Averaging iterations... h=0.031250,0.000000
Done.
Final: Magnetisation = (0.117977,0.025180), Energy = -0.877001 
<M> = (0.094161,-0.001453), <E> = -0.889419 

T=1.450000	 Thermalizing iterations... 
Done.
Thermalized Magnetisation = (0.133566,0.023676), Energy = -0.916733 
Averaging iterations... h=0.031250,0.000000
Done.
Final: Magnetisation = (0.065833,-0.028923), Energy = -0.885729 
<M> = (0.097151,-0.006267), <E> = -0.897934 

T=1.440000	 Thermalizing iterations... 
Done.
Thermalized Magnetisation = (0.149505,-0.063410), Energy = -0.939372 
Averaging iterations... h=0.031250,0.000000
Done.
Final: Magnetisation = (0.138166,-0.026708), Energy = -0.935055 
<M> = (0.101489,-0.002781), <E> = -0.905812 

T=1.430000	 Thermalizing iterations... 
Done.
Thermalized Magnetisation = (0.074997,-0.091185), Energy = -0.923037 
Averaging iterations... h=0.031250,0.000000
Done.
Final: Magnetisation = (0.063768,0.031845), Energy = -0.911984 
<M> = (0.104728,0.001002), <E> = -0.912352 

T=1.420000	 Thermalizing iterations... 
Done.
Thermalized Magnetisation = (0.181360,0.040579), Energy = -0.947894 
Averaging iterations... h=0.031250,0.000000
Done.
Final: Magnetisation = (0.099261,-0.025392), Energy = -0.899875 
<M> = (0.106032,0.001910), <E> = -0.919580 

T=1.410000	 Thermalizing iterations... 
Done.
Thermalized Magnetisation = (0.091738,-0.017058), Energy = -0.940829 
Averaging iterations... h=0.031250,0.000000
Done.
Final: Magnetisation = (0.057946,-0.002716), Energy = -0.932906 
<M> = (0.105940,0.003488), <E> = -0.926962 

T=1.400000	 Thermalizing iterations... 
Done.
Thermalized Magnetisation = (0.083888,-0.008489), Energy = -0.917748 
Averaging iterations... h=0.031250,0.000000
Done.
Final: Magnetisation = (0.118290,0.119960), Energy = -0.900888 
<M> = (0.111245,-0.002192), <E> = -0.937499 

T=1.390000	 Thermalizing iterations... 
Done.
Thermalized Magnetisation = (0.041743,-0.018784), Energy = -0.964344 
Averaging iterations... h=0.031250,0.000000
Done.
Final: Magnetisation = (0.136321,-0.014972), Energy = -0.952732 
<M> = (0.113295,-0.005010), <E> = -0.945943 

T=1.380000	 Thermalizing iterations... 
Done.
Thermalized Magnetisation = (0.093269,-0.029811), Energy = -0.945912 
Averaging iterations... h=0.031250,0.000000
Done.
Final: Magnetisation = (0.119855,-0.032831), Energy = -0.917622 
<M> = (0.116089,-0.009013), <E> = -0.954620 

T=1.370000	 Thermalizing iterations... 
Done.
Thermalized Magnetisation = (0.058173,-0.075172), Energy = -0.937014 
Averaging iterations... h=0.031250,0.000000
Done.
Final: Magnetisation = (0.059655,-0.037705), Energy = -0.914096 
<M> = (0.118353,-0.007116), <E> = -0.963153 

T=1.360000	 Thermalizing iterations... 
Done.
Thermalized Magnetisation = (0.119567,0.027096), Energy = -1.001623 
Averaging iterations... h=0.031250,0.000000
Done.
Final: Magnetisation = (0.178186,0.082083), Energy = -1.006991 
<M> = (0.125009,-0.004688), <E> = -0.971778 

T=1.350000	 Thermalizing iterations... 
Done.
Thermalized Magnetisation = (0.133662,0.104596), Energy = -0.968603 
Averaging iterations... h=0.031250,0.000000
Done.
Final: Magnetisation = (0.105749,0.045597), Energy = -0.971321 
<M> = (0.130227,0.005424), <E> = -0.979801 

T=1.340000	 Thermalizing iterations... 
Done.
Thermalized Magnetisation = (0.196885,0.018711), Energy = -1.051866 
Averaging iterations... h=0.031250,0.000000
Done.
Final: Magnetisation = (0.163819,-0.022870), Energy = -1.006683 
<M> = (0.129203,0.001718), <E> = -0.989282 

T=1.330000	 Thermalizing iterations... 
Done.
Thermalized Magnetisation = (0.198101,0.012043), Energy = -1.022404 
Averaging iterations... h=0.031250,0.000000
Done.
Final: Magnetisation = (0.169927,-0.071730), Energy = -1.012048 
<M> = (0.131097,0.000753), <E> = -0.998288 

T=1.320000	 Thermalizing iterations... 
Done.
Thermalized Magnetisation = (0.154494,0.000504), Energy = -1.026899 
Averaging iterations... h=0.031250,0.000000
Done.
Final: Magnetisation = (0.096129,-0.035899), Energy = -0.982066 
<M> = (0.141260,-0.005000), <E> = -1.009688 

T=1.310000	 Thermalizing iterations... 
Done.
Thermalized Magnetisation = (0.209000,-0.023316), Energy = -1.069196 
Averaging iterations... h=0.031250,0.000000
Done.
Final: Magnetisation = (0.138096,0.095593), Energy = -1.048092 
<M> = (0.144280,-0.007987), <E> = -1.020085 

T=1.300000	 Thermalizing iterations... 
Done.
Thermalized Magnetisation = (0.133284,-0.021484), Energy = -1.028257 
Averaging iterations... h=0.031250,0.000000
Done.
Final: Magnetisation = (0.163250,0.008176), Energy = -1.090834 
<M> = (0.146448,-0.009022), <E> = -1.029977 

T=1.290000	 Thermalizing iterations... 
Done.
Thermalized Magnetisation = (0.154797,-0.049850), Energy = -1.022177 
Averaging iterations... h=0.031250,0.000000
Done.
Final: Magnetisation = (0.170231,0.016962), Energy = -1.028395 
<M> = (0.153529,-0.008532), <E> = -1.039478 

T=1.280000	 Thermalizing iterations... 
Done.
Thermalized Magnetisation = (0.146588,0.026745), Energy = -1.060545 
Averaging iterations... h=0.031250,0.000000
Done.
Final: Magnetisation = (0.171594,-0.003455), Energy = -1.062553 
<M> = (0.157616,-0.003071), <E> = -1.048520 

T=1.270000	 Thermalizing iterations... 
Done.
Thermalized Magnetisation = (0.133907,-0.018548), Energy = -1.040617 
Averaging iterations... h=0.031250,0.000000
Done.
Final: Magnetisation = (0.148109,-0.025714), Energy = -1.058236 
<M> = (0.160317,0.003081), <E> = -1.057415 

T=1.260000	 Thermalizing iterations... 
Done.
Thermalized Magnetisation = (0.109292,0.031903), Energy = -1.053488 
Averaging iterations... h=0.031250,0.000000
Done.
Final: Magnetisation = (0.129535,-0.036611), Energy = -1.063597 
<M> = (0.165142,0.004319), <E> = -1.068583 

T=1.250000	 Thermalizing iterations... 
Done.
Thermalized Magnetisation = (0.143181,-0.083217), Energy = -1.109061 
Averaging iterations... h=0.031250,0.000000
Done.
Final: Magnetisation = (0.131256,0.028396), Energy = -1.053122 
<M> = (0.169689,-0.008952), <E> = -1.079651 

T=1.240000	 Thermalizing iterations... 
Done.
Thermalized Magnetisation = (0.187103,0.006231), Energy = -1.109558 
Averaging iterations... h=0.031250,0.000000
Done.
Final: Magnetisation = (0.121133,-0.030184), Energy = -1.032491 
<M> = (0.174872,-0.002764), <E> = -1.090600 

T=1.230000	 Thermalizing iterations... 
Done.
Thermalized Magnetisation = (0.194159,0.097733), Energy = -1.095558 
Averaging iterations... h=0.031250,0.000000
Done.
Final: Magnetisation = (0.177615,-0.102341), Energy = -1.047827 
<M> = (0.180192,-0.012150), <E> = -1.102101 

T=1.220000	 Thermalizing iterations... 
Done.
Thermalized Magnetisation = (0.214633,-0.020995), Energy = -1.096793 
Averaging iterations... h=0.031250,0.000000
Done.
Final: Magnetisation = (0.202695,-0.067171), Energy = -1.126534 
<M> = (0.183793,-0.013873), <E> = -1.112287 

T=1.210000	 Thermalizing iterations... 
Done.
Thermalized Magnetisation = (0.179441,0.055544), Energy = -1.072817 
Averaging iterations... h=0.031250,0.000000
Done.
Final: Magnetisation = (0.182116,-0.013858), Energy = -1.152672 
<M> = (0.192221,-0.006899), <E> = -1.123612 

T=1.200000	 Thermalizing iterations... 
Done.
Thermalized Magnetisation = (0.315579,-0.092215), Energy = -1.135192 
Averaging iterations... h=0.031250,0.000000
Done.
Final: Magnetisation = (0.223895,0.025012), Energy = -1.133826 
<M> = (0.195733,0.006568), <E> = -1.133255 

T=1.190000	 Thermalizing iterations... 
Done.
Thermalized Magnetisation = (0.233667,-0.032078), Energy = -1.115376 
Averaging iterations... h=0.031250,0.000000
Done.
Final: Magnetisation = (0.173574,-0.129925), Energy = -1.145137 
<M> = (0.203214,0.004065), <E> = -1.143386 

T=1.180000	 Thermalizing iterations... 
Done.
Thermalized Magnetisation = (0.175045,-0.059028), Energy = -1.143119 
Averaging iterations... h=0.031250,0.000000
Done.
Final: Magnetisation = (0.209011,-0.010928), Energy = -1.115242 
<M> = (0.208633,-0.003845), <E> = -1.156988 

T=1.170000	 Thermalizing iterations... 
Done.
Thermalized Magnetisation = (0.187853,0.073864), Energy = -1.186283 
Averaging iterations... h=0.031250,0.000000
Done.
Final: Magnetisation = (0.206736,0.138124), Energy = -1.169880 
<M> = (0.216601,-0.006073), <E> = -1.168863 

T=1.160000	 Thermalizing iterations... 
Done.
Thermalized Magnetisation = (0.254132,-0.164552), Energy = -1.214267 
Averaging iterations... h=0.031250,0.000000
Done.
Final: Magnetisation = (0.216655,-0.131745), Energy = -1.183014 
<M> = (0.218686,-0.019122), <E> = -1.181988 

T=1.150000	 Thermalizing iterations... 
Done.
Thermalized Magnetisation = (0.237507,-0.060720), Energy = -1.237218 
Averaging iterations... h=0.031250,0.000000
Done.
Final: Magnetisation = (0.225908,0.039308), Energy = -1.188446 
<M> = (0.227088,-0.011920), <E> = -1.192395 

T=1.140000	 Thermalizing iterations... 
Done.
Thermalized Magnetisation = (0.164598,-0.129308), Energy = -1.203961 
Averaging iterations... h=0.031250,0.000000
Done.
Final: Magnetisation = (0.301356,-0.076584), Energy = -1.213798 
<M> = (0.236563,-0.015302), <E> = -1.204938 

T=1.130000	 Thermalizing iterations... 
Done.
Thermalized Magnetisation = (0.167392,0.072190), Energy = -1.184679 
Averaging iterations... h=0.031250,0.000000
Done.
Final: Magnetisation = (0.220513,0.156805), Energy = -1.215571 
<M> = (0.243303,-0.006986), <E> = -1.216062 

T=1.120000	 Thermalizing iterations... 
Done.
Thermalized Magnetisation = (0.236666,0.046247), Energy = -1.218045 
Averaging iterations... h=0.031250,0.000000
Done.
Final: Magnetisation = (0.223021,-0.141431), Energy = -1.231122 
<M> = (0.251452,0.001349), <E> = -1.227686 

T=1.110000	 Thermalizing iterations... 
Done.
Thermalized Magnetisation = (0.261457,-0.058778), Energy = -1.224395 
Averaging iterations... h=0.031250,0.000000
Done.
Final: Magnetisation = (0.301207,0.034089), Energy = -1.253237 
<M> = (0.254893,0.008919), <E> = -1.238899 

T=1.100000	 Thermalizing iterations... 
Done.
Thermalized Magnetisation = (0.263572,-0.140794), Energy = -1.281563 
Averaging iterations... h=0.031250,0.000000
Done.
Final: Magnetisation = (0.258136,-0.008947), Energy = -1.269092 
<M> = (0.261837,0.008590), <E> = -1.251955 

T=1.090000	 Thermalizing iterations... 
Done.
Thermalized Magnetisation = (0.273492,-0.073834), Energy = -1.283274 
Averaging iterations... h=0.031250,0.000000
Done.
Final: Magnetisation = (0.189209,0.103741), Energy = -1.265151 
<M> = (0.265379,-0.016617), <E> = -1.265571 

T=1.080000	 Thermalizing iterations... 
Done.
Thermalized Magnetisation = (0.260828,-0.113438), Energy = -1.283681 
Averaging iterations... h=0.031250,0.000000
Done.
Final: Magnetisation = (0.265821,0.112363), Energy = -1.262521 
<M> = (0.272117,-0.045608), <E> = -1.278070 

T=1.070000	 Thermalizing iterations... 
Done.
Thermalized Magnetisation = (0.284489,0.123111), Energy = -1.313163 
Averaging iterations... h=0.031250,0.000000
Done.
Final: Magnetisation = (0.248030,0.094904), Energy = -1.263567 
<M> = (0.281448,-0.012270), <E> = -1.290466 

T=1.060000	 Thermalizing iterations... 
Done.
Thermalized Magnetisation = (0.294241,0.117083), Energy = -1.291278 
Averaging iterations... h=0.031250,0.000000
Done.
Final: Magnetisation = (0.355853,-0.224920), Energy = -1.330419 
<M> = (0.291954,-0.021749), <E> = -1.302351 

T=1.050000	 Thermalizing iterations... 
Done.
Thermalized Magnetisation = (0.296924,-0.166178), Energy = -1.333576 
Averaging iterations... h=0.031250,0.000000
Done.
Final: Magnetisation = (0.274413,0.012507), Energy = -1.291319 
<M> = (0.293106,-0.028878), <E> = -1.313886 

T=1.040000	 Thermalizing iterations... 
Done.
Thermalized Magnetisation = (0.233323,0.035696), Energy = -1.299939 
Averaging iterations... h=0.031250,0.000000
Done.
Final: Magnetisation = (0.273536,-0.059184), Energy = -1.339212 
<M> = (0.299700,0.023136), <E> = -1.325055 

T=1.030000	 Thermalizing iterations... 
Done.
Thermalized Magnetisation = (0.282077,-0.109801), Energy = -1.312829 
Averaging iterations... h=0.031250,0.000000
Done.
Final: Magnetisation = (0.316160,0.047094), Energy = -1.346425 
<M> = (0.310455,0.008710), <E> = -1.337767 

T=1.020000	 Thermalizing iterations... 
Done.
Thermalized Magnetisation = (0.353078,-0.031244), Energy = -1.328255 
Averaging iterations... h=0.031250,0.000000
Done.
Final: Magnetisation = (0.276837,0.183651), Energy = -1.367533 
<M> = (0.303937,-0.052344), <E> = -1.350411 

T=1.010000	 Thermalizing iterations... 
Done.
Thermalized Magnetisation = (0.275019,0.024728), Energy = -1.340751 
Averaging iterations... h=0.031250,0.000000
Done.
Final: Magnetisation = (0.358319,-0.087033), Energy = -1.369043 
<M> = (0.314292,-0.123411), <E> = -1.364802 

T=1.000000	 Thermalizing iterations... 
Done.
Thermalized Magnetisation = (0.330826,-0.212887), Energy = -1.381985 
Averaging iterations... h=0.031250,0.000000
Done.
Final: Magnetisation = (0.375820,-0.057080), Energy = -1.392346 
<M> = (0.321521,-0.083315), <E> = -1.375744 

T=0.990000	 Thermalizing iterations... 
Done.
Thermalized Magnetisation = (0.289701,-0.077885), Energy = -1.392537 
Averaging iterations... h=0.031250,0.000000
Done.
Final: Magnetisation = (0.359380,-0.029897), Energy = -1.371216 
<M> = (0.337624,-0.082030), <E> = -1.389309 

T=0.980000	 Thermalizing iterations... 
Done.
Thermalized Magnetisation = (0.353923,0.273020), Energy = -1.391378 
Averaging iterations... h=0.031250,0.000000
Done.
Final: Magnetisation = (0.376498,0.024044), Energy = -1.402706 
<M> = (0.341370,0.041069), <E> = -1.399379 

T=0.970000	 Thermalizing iterations... 
Done.
Thermalized Magnetisation = (0.298024,0.094222), Energy = -1.377109 
Averaging iterations... h=0.031250,0.000000
Done.
Final: Magnetisation = (0.271072,0.145196), Energy = -1.414729 
<M> = (0.342861,0.126104), <E> = -1.410719 

T=0.960000	 Thermalizing iterations... 
Done.
Thermalized Magnetisation = (0.317809,-0.105496), Energy = -1.438419 
Averaging iterations... h=0.031250,0.000000
Done.
Final: Magnetisation = (0.402981,0.091690), Energy = -1.396671 
<M> = (0.350225,-0.132266), <E> = -1.421265 

T=0.950000	 Thermalizing iterations... 
Done.
Thermalized Magnetisation = (0.270509,-0.313214), Energy = -1.437674 
Averaging iterations... h=0.031250,0.000000
Done.
Final: Magnetisation = (0.347649,-0.072134), Energy = -1.417895 
<M> = (0.350169,-0.129407), <E> = -1.433056 

T=0.940000	 Thermalizing iterations... 
Done.
Thermalized Magnetisation = (0.376228,-0.171450), Energy = -1.461345 
Averaging iterations... h=0.031250,0.000000
Done.
Final: Magnetisation = (0.325891,-0.173824), Energy = -1.443195 
<M> = (0.356408,-0.246276), <E> = -1.448882 

T=0.930000	 Thermalizing iterations... 
Done.
Thermalized Magnetisation = (0.383135,0.137454), Energy = -1.448137 
Averaging iterations... h=0.031250,0.000000
Done.
Final: Magnetisation = (0.368490,-0.278010), Energy = -1.450226 
<M> = (0.348842,-0.312088), <E> = -1.461084 

T=0.920000	 Thermalizing iterations... 
Done.
Thermalized Magnetisation = (0.427559,-0.144684), Energy = -1.499864 
Averaging iterations... h=0.031250,0.000000
Done.
Final: Magnetisation = (0.347015,-0.247622), Energy = -1.471180 
<M> = (0.352478,-0.223422), <E> = -1.469309 

T=0.910000	 Thermalizing iterations... 
Done.
Thermalized Magnetisation = (0.339242,-0.437387), Energy = -1.479643 
Averaging iterations... h=0.031250,0.000000
Done.
Final: Magnetisation = (0.388185,-0.244425), Energy = -1.491774 
<M> = (0.383499,-0.219390), <E> = -1.480096 

T=0.900000	 Thermalizing iterations... 
Done.
Thermalized Magnetisation = (0.395249,-0.339380), Energy = -1.490397 
Averaging iterations... h=0.031250,0.000000
Done.
Final: Magnetisation = (0.401500,-0.362746), Energy = -1.481380 
<M> = (0.357436,-0.364898), <E> = -1.492075 

T=0.890000	 Thermalizing iterations... 
Done.
Thermalized Magnetisation = (0.327051,-0.424397), Energy = -1.496085 
Averaging iterations... h=0.031250,0.000000
Done.
Final: Magnetisation = (0.351456,-0.401585), Energy = -1.491529 
<M> = (0.361804,-0.305259), <E> = -1.499559 

T=0.880000	 Thermalizing iterations... 
Done.
Thermalized Magnetisation = (0.315813,-0.406057), Energy = -1.517075 
Averaging iterations... h=0.031250,0.000000
Done.
Final: Magnetisation = (0.410598,-0.290767), Energy = -1.516706 
<M> = (0.362549,-0.308224), <E> = -1.511673 

T=0.870000	 Thermalizing iterations... 
Done.
Thermalized Magnetisation = (0.334971,-0.506504), Energy = -1.546179 
Averaging iterations... h=0.031250,0.000000
Done.
Final: Magnetisation = (0.383354,-0.367953), Energy = -1.520455 
<M> = (0.354571,-0.435298), <E> = -1.523360 

T=0.860000	 Thermalizing iterations... 
Done.
Thermalized Magnetisation = (0.358089,-0.543891), Energy = -1.559794 
Averaging iterations... h=0.031250,0.000000
Done.
Final: Magnetisation = (0.333455,-0.455336), Energy = -1.524740 
<M> = (0.344006,-0.470188), <E> = -1.534251 

T=0.850000	 Thermalizing iterations... 
Done.
Thermalized Magnetisation = (0.342410,-0.306807), Energy = -1.533435 
Averaging iterations... h=0.031250,0.000000
Done.
Final: Magnetisation = (0.317772,-0.465719), Energy = -1.540135 
<M> = (0.364487,-0.368946), <E> = -1.541767 

T=0.840000	 Thermalizing iterations... 
Done.
Thermalized Magnetisation = (0.373040,-0.468816), Energy = -1.572242 
Averaging iterations... h=0.031250,0.000000
Done.
Final: Magnetisation = (0.376846,-0.489067), Energy = -1.576158 
<M> = (0.370805,-0.413174), <E> = -1.550671 

T=0.830000	 Thermalizing iterations... 
Done.
Thermalized Magnetisation = (0.440529,-0.359505), Energy = -1.562146 
Averaging iterations... h=0.031250,0.000000
Done.
Final: Magnetisation = (0.378205,-0.512902), Energy = -1.568833 
<M> = (0.365452,-0.477312), <E> = -1.560140 

T=0.820000	 Thermalizing iterations... 
Done.
Thermalized Magnetisation = (0.339941,-0.464718), Energy = -1.556595 
Averaging iterations... h=0.031250,0.000000
Done.
Final: Magnetisation = (0.400114,-0.447442), Energy = -1.554688 
<M> = (0.363813,-0.468702), <E> = -1.567755 

T=0.810000	 Thermalizing iterations... 
Done.
Thermalized Magnetisation = (0.342028,-0.533030), Energy = -1.555868 
Averaging iterations... h=0.031250,0.000000
Done.
Final: Magnetisation = (0.372972,-0.407192), Energy = -1.560411 
<M> = (0.366489,-0.480612), <E> = -1.577131 

T=0.800000	 Thermalizing iterations... 
Done.
Thermalized Magnetisation = (0.328453,-0.538933), Energy = -1.582487 
Averaging iterations... h=0.031250,0.000000
Done.
Final: Magnetisation = (0.355377,-0.502472), Energy = -1.568958 
<M> = (0.356075,-0.515122), <E> = -1.586417 

T=0.790000	 Thermalizing iterations... 
Done.
Thermalized Magnetisation = (0.293382,-0.581356), Energy = -1.599898 
Averaging iterations... h=0.031250,0.000000
Done.
Final: Magnetisation = (0.361171,-0.497192), Energy = -1.601365 
<M> = (0.345196,-0.532220), <E> = -1.595654 

T=0.780000	 Thermalizing iterations... 
Done.
Thermalized Magnetisation = (0.350877,-0.535322), Energy = -1.581263 
Averaging iterations... h=0.031250,0.000000
Done.
Final: Magnetisation = (0.337199,-0.554549), Energy = -1.593569 
<M> = (0.344628,-0.547649), <E> = -1.603791 

T=0.770000	 Thermalizing iterations... 
Done.
Thermalized Magnetisation = (0.450849,-0.469445), Energy = -1.622671 
Averaging iterations... h=0.031250,0.000000
Done.
Final: Magnetisation = (0.354900,-0.560589), Energy = -1.595712 
<M> = (0.362067,-0.525520), <E> = -1.610941 

T=0.760000	 Thermalizing iterations... 
Done.
Thermalized Magnetisation = (0.390525,-0.509762), Energy = -1.592333 
Averaging iterations... h=0.031250,0.000000
Done.
Final: Magnetisation = (0.389989,-0.511673), Energy = -1.623793 
<M> = (0.368012,-0.493822), <E> = -1.618008 

T=0.750000	 Thermalizing iterations... 
Done.
Thermalized Magnetisation = (0.400985,-0.537437), Energy = -1.623083 
Averaging iterations... h=0.031250,0.000000
Done.
Final: Magnetisation = (0.340266,-0.589309), Energy = -1.626947 
<M> = (0.369495,-0.536958), <E> = -1.625714 

T=0.740000	 Thermalizing iterations... 
Done.
Thermalized Magnetisation = (0.335110,-0.632596), Energy = -1.643959 
Averaging iterations... h=0.031250,0.000000
Done.
Final: Magnetisation = (0.321680,-0.623787), Energy = -1.641375 
<M> = (0.361803,-0.558693), <E> = -1.633371 

T=0.730000	 Thermalizing iterations... 
Done.
Thermalized Magnetisation = (0.389393,-0.496755), Energy = -1.633750 
Averaging iterations... h=0.031250,0.000000
Done.
Final: Magnetisation = (0.415474,-0.449033), Energy = -1.648925 
<M> = (0.379320,-0.458549), <E> = -1.640060 

T=0.720000	 Thermalizing iterations... 
Done.
Thermalized Magnetisation = (0.404675,-0.536965), Energy = -1.626002 
Averaging iterations... h=0.031250,0.000000
Done.
Final: Magnetisation = (0.363810,-0.567443), Energy = -1.649262 
<M> = (0.357378,-0.573781), <E> = -1.648852 

T=0.710000	 Thermalizing iterations... 
Done.
Thermalized Magnetisation = (0.362593,-0.592780), Energy = -1.652008 
Averaging iterations... h=0.031250,0.000000
Done.
Final: Magnetisation = (0.332459,-0.585414), Energy = -1.665427 
<M> = (0.345199,-0.589054), <E> = -1.656756 

T=0.700000	 Thermalizing iterations... 
Done.
Thermalized Magnetisation = (0.326318,-0.615544), Energy = -1.666856 
Averaging iterations... h=0.031250,0.000000
Done.
Final: Magnetisation = (0.314768,-0.625038), Energy = -1.662419 
<M> = (0.345096,-0.599360), <E> = -1.663941 

T=0.690000	 Thermalizing iterations... 
Done.
Thermalized Magnetisation = (0.376807,-0.567685), Energy = -1.667923 
Averaging iterations... h=0.031250,0.000000
Done.
Final: Magnetisation = (0.323342,-0.618114), Energy = -1.666174 
<M> = (0.354689,-0.590427), <E> = -1.670491 

T=0.680000	 Thermalizing iterations... 
Done.
Thermalized Magnetisation = (0.292586,-0.611924), Energy = -1.665835 
Averaging iterations... h=0.031250,0.000000
Done.
Final: Magnetisation = (0.303610,-0.627107), Energy = -1.687922 
<M> = (0.368969,-0.583643), <E> = -1.676620 

T=0.670000	 Thermalizing iterations... 
Done.
Thermalized Magnetisation = (0.342912,-0.615782), Energy = -1.678528 
Averaging iterations... h=0.031250,0.000000
Done.
Final: Magnetisation = (0.419032,-0.557402), Energy = -1.693214 
<M> = (0.366538,-0.585039), <E> = -1.683585 

T=0.660000	 Thermalizing iterations... 
Done.
Thermalized Magnetisation = (0.349287,-0.564661), Energy = -1.683138 
Averaging iterations... h=0.031250,0.000000
Done.
Final: Magnetisation = (0.378302,-0.570051), Energy = -1.692241 
<M> = (0.363553,-0.596278), <E> = -1.690823 

T=0.650000	 Thermalizing iterations... 
Done.
Thermalized Magnetisation = (0.311337,-0.632804), Energy = -1.698462 
Averaging iterations... h=0.031250,0.000000
Done.
Final: Magnetisation = (0.319988,-0.612969), Energy = -1.686848 
<M> = (0.358818,-0.605114), <E> = -1.697923 

T=0.640000	 Thermalizing iterations... 
Done.
Thermalized Magnetisation = (0.316317,-0.688149), Energy = -1.719756 
Averaging iterations... h=0.031250,0.000000
Done.
Final: Magnetisation = (0.389740,-0.591445), Energy = -1.709744 
<M> = (0.347119,-0.624927), <E> = -1.705113 

T=0.630000	 Thermalizing iterations... 
Done.
Thermalized Magnetisation = (0.316346,-0.657633), Energy = -1.710073 
Averaging iterations... h=0.031250,0.000000
Done.
Final: Magnetisation = (0.333827,-0.643360), Energy = -1.709473 
<M> = (0.356259,-0.616781), <E> = -1.711248 

T=0.620000	 Thermalizing iterations... 
Done.
Thermalized Magnetisation = (0.347206,-0.635658), Energy = -1.729571 
Averaging iterations... h=0.031250,0.000000
Done.
Final: Magnetisation = (0.383348,-0.656255), Energy = -1.730647 
<M> = (0.361356,-0.613475), <E> = -1.717815 

T=0.610000	 Thermalizing iterations... 
Done.
Thermalized Magnetisation = (0.360583,-0.618342), Energy = -1.726603 
Averaging iterations... h=0.031250,0.000000
Done.
Final: Magnetisation = (0.360305,-0.599025), Energy = -1.726335 
<M> = (0.369395,-0.610454), <E> = -1.723920 

T=0.600000	 Thermalizing iterations... 
Done.
Thermalized Magnetisation = (0.366818,-0.644951), Energy = -1.730484 
Averaging iterations... h=0.031250,0.000000
Done.
Final: Magnetisation = (0.378769,-0.622524), Energy = -1.730724 
<M> = (0.362003,-0.625345), <E> = -1.730175 

T=0.590000	 Thermalizing iterations... 
Done.
Thermalized Magnetisation = (0.333171,-0.630890), Energy = -1.737724 
Averaging iterations... h=0.031250,0.000000
Done.
Final: Magnetisation = (0.360962,-0.672805), Energy = -1.746020 
<M> = (0.362422,-0.633338), <E> = -1.737019 

T=0.580000	 Thermalizing iterations... 
Done.
Thermalized Magnetisation = (0.417792,-0.600046), Energy = -1.754876 
Averaging iterations... h=0.031250,0.000000
Done.
Final: Magnetisation = (0.359489,-0.628031), Energy = -1.752728 
<M> = (0.356147,-0.640109), <E> = -1.743509 

T=0.570000	 Thermalizing iterations... 
Done.
Thermalized Magnetisation = (0.345964,-0.606518), Energy = -1.753490 
Averaging iterations... h=0.031250,0.000000
Done.
Final: Magnetisation = (0.415998,-0.562554), Energy = -1.748455 
<M> = (0.357735,-0.628397), <E> = -1.749804 

T=0.560000	 Thermalizing iterations... 
Done.
Thermalized Magnetisation = (0.371495,-0.634773), Energy = -1.760116 
Averaging iterations... h=0.031250,0.000000
Done.
Final: Magnetisation = (0.362175,-0.656586), Energy = -1.756528 
<M> = (0.344665,-0.658644), <E> = -1.756595 

T=0.550000	 Thermalizing iterations... 
Done.
Thermalized Magnetisation = (0.398382,-0.622492), Energy = -1.764717 
Averaging iterations... h=0.031250,0.000000
Done.
Final: Magnetisation = (0.351304,-0.628720), Energy = -1.761662 
<M> = (0.345182,-0.663494), <E> = -1.762633 

T=0.540000	 Thermalizing iterations... 
Done.
Thermalized Magnetisation = (0.383243,-0.611625), Energy = -1.768464 
Averaging iterations... h=0.031250,0.000000
Done.
Final: Magnetisation = (0.342593,-0.688246), Energy = -1.766460 
<M> = (0.363771,-0.647287), <E> = -1.768169 

T=0.530000	 Thermalizing iterations... 
Done.
Thermalized Magnetisation = (0.406810,-0.646219), Energy = -1.780194 
Averaging iterations... h=0.031250,0.000000
Done.
Final: Magnetisation = (0.352468,-0.675349), Energy = -1.778847 
<M> = (0.371500,-0.644244), <E> = -1.774121 

T=0.520000	 Thermalizing iterations... 
Done.
Thermalized Magnetisation = (0.403683,-0.611689), Energy = -1.773511 
Averaging iterations... h=0.031250,0.000000
Done.
Final: Magnetisation = (0.364893,-0.652273), Energy = -1.776728 
<M> = (0.365126,-0.656936), <E> = -1.780252 

T=0.510000	 Thermalizing iterations... 
Done.
Thermalized Magnetisation = (0.322769,-0.695352), Energy = -1.789592 
Averaging iterations... h=0.031250,0.000000
Done.
Final: Magnetisation = (0.412938,-0.642898), Energy = -1.786118 
<M> = (0.356021,-0.672514), <E> = -1.786699 

T=0.500000	 Thermalizing iterations... 
Done.
Thermalized Magnetisation = (0.302487,-0.725658), Energy = -1.802187 
Averaging iterations... h=0.031250,0.000000
Done.
Final: Magnetisation = (0.320822,-0.700921), Energy = -1.806371 
<M> = (0.352031,-0.676355), <E> = -1.793173 

T=0.490000	 Thermalizing iterations... 
Done.
Thermalized Magnetisation = (0.330599,-0.691195), Energy = -1.798060 
Averaging iterations... h=0.031250,0.000000
Done.
Final: Magnetisation = (0.372391,-0.688321), Energy = -1.799087 
<M> = (0.349620,-0.679452), <E> = -1.799147 

T=0.480000	 Thermalizing iterations... 
Done.
Thermalized Magnetisation = (0.416779,-0.650296), Energy = -1.805333 
Averaging iterations... h=0.031250,0.000000
Done.
Final: Magnetisation = (0.314190,-0.657731), Energy = -1.793243 
<M> = (0.344819,-0.693961), <E> = -1.805222 

T=0.470000	 Thermalizing iterations... 
Done.
Thermalized Magnetisation = (0.377748,-0.668348), Energy = -1.814318 
Averaging iterations... h=0.031250,0.000000
Done.
Final: Magnetisation = (0.346413,-0.691213), Energy = -1.817947 
<M> = (0.363291,-0.679114), <E> = -1.810493 

T=0.460000	 Thermalizing iterations... 
Done.
Thermalized Magnetisation = (0.349249,-0.698431), Energy = -1.810361 
Averaging iterations... h=0.031250,0.000000
Done.
Final: Magnetisation = (0.358303,-0.692997), Energy = -1.806702 
<M> = (0.368641,-0.676328), <E> = -1.816327 

T=0.450000	 Thermalizing iterations... 
Done.
Thermalized Magnetisation = (0.358366,-0.699413), Energy = -1.826333 
Averaging iterations... h=0.031250,0.000000
Done.
Final: Magnetisation = (0.372508,-0.673901), Energy = -1.816550 
<M> = (0.372912,-0.679229), <E> = -1.822085 

T=0.440000	 Thermalizing iterations... 
Done.
Thermalized Magnetisation = (0.354839,-0.695302), Energy = -1.824168 
Averaging iterations... h=0.031250,0.000000
Done.
Final: Magnetisation = (0.393696,-0.641900), Energy = -1.829781 
<M> = (0.364910,-0.689946), <E> = -1.828030 

T=0.430000	 Thermalizing iterations... 
Done.
Thermalized Magnetisation = (0.317716,-0.717842), Energy = -1.836418 
Averaging iterations... h=0.031250,0.000000
Done.
Final: Magnetisation = (0.314729,-0.698570), Energy = -1.821533 
<M> = (0.356940,-0.698484), <E> = -1.834156 

T=0.420000	 Thermalizing iterations... 
Done.
Thermalized Magnetisation = (0.364659,-0.705930), Energy = -1.838534 
Averaging iterations... h=0.031250,0.000000
Done.
Final: Magnetisation = (0.361455,-0.698282), Energy = -1.844753 
<M> = (0.349144,-0.708526), <E> = -1.840129 

T=0.410000	 Thermalizing iterations... 
Done.
Thermalized Magnetisation = (0.394748,-0.694528), Energy = -1.852204 
Averaging iterations... h=0.031250,0.000000
Done.
Final: Magnetisation = (0.367456,-0.694462), Energy = -1.842284 
<M> = (0.352105,-0.710755), <E> = -1.845875 

T=0.400000	 Thermalizing iterations... 
Done.
Thermalized Magnetisation = (0.376019,-0.699361), Energy = -1.847512 
Averaging iterations... h=0.031250,0.000000
Done.
Final: Magnetisation = (0.355865,-0.719011), Energy = -1.852829 
<M> = (0.352446,-0.711403), <E> = -1.851567 

T=0.390000	 Thermalizing iterations... 
Done.
Thermalized Magnetisation = (0.340800,-0.706811), Energy = -1.856394 
Averaging iterations... h=0.031250,0.000000
Done.
Final: Magnetisation = (0.321900,-0.734585), Energy = -1.846415 
<M> = (0.366274,-0.706615), <E> = -1.857011 

T=0.380000	 Thermalizing iterations... 
Done.
Thermalized Magnetisation = (0.339252,-0.722141), Energy = -1.857359 
Averaging iterations... h=0.031250,0.000000
Done.
Final: Magnetisation = (0.347223,-0.728503), Energy = -1.863436 
<M> = (0.366457,-0.709246), <E> = -1.862442 

T=0.370000	 Thermalizing iterations... 
Done.
Thermalized Magnetisation = (0.349119,-0.744560), Energy = -1.873533 
Averaging iterations... h=0.031250,0.000000
Done.
Final: Magnetisation = (0.395038,-0.676111), Energy = -1.864052 
<M> = (0.364063,-0.711808), <E> = -1.868080 

T=0.360000	 Thermalizing iterations... 
Done.
Thermalized Magnetisation = (0.342106,-0.734575), Energy = -1.872080 
Averaging iterations... h=0.031250,0.000000
Done.
Final: Magnetisation = (0.387661,-0.706434), Energy = -1.870533 
<M> = (0.364085,-0.718187), <E> = -1.873862 

T=0.350000	 Thermalizing iterations... 
Done.
Thermalized Magnetisation = (0.340156,-0.731368), Energy = -1.877433 
Averaging iterations... h=0.031250,0.000000
Done.
Final: Magnetisation = (0.377054,-0.715618), Energy = -1.878123 
<M> = (0.357122,-0.725381), <E> = -1.879655 

T=0.340000	 Thermalizing iterations... 
Done.
Thermalized Magnetisation = (0.355997,-0.717791), Energy = -1.885506 
Averaging iterations... h=0.031250,0.000000
Done.
Final: Magnetisation = (0.383489,-0.735927), Energy = -1.884727 
<M> = (0.356532,-0.730845), <E> = -1.885412 

T=0.330000	 Thermalizing iterations... 
Done.
Thermalized Magnetisation = (0.338775,-0.740782), Energy = -1.887615 
Averaging iterations... h=0.031250,0.000000
Done.
Final: Magnetisation = (0.337125,-0.756849), Energy = -1.887669 
<M> = (0.357585,-0.732249), <E> = -1.890895 

T=0.320000	 Thermalizing iterations... 
Done.
Thermalized Magnetisation = (0.356818,-0.748963), Energy = -1.896708 
Averaging iterations... h=0.031250,0.000000
Done.
Final: Magnetisation = (0.371494,-0.741059), Energy = -1.896262 
<M> = (0.359327,-0.735162), <E> = -1.896224 

T=0.310000	 Thermalizing iterations... 
Done.
Thermalized Magnetisation = (0.349511,-0.736836), Energy = -1.897626 
Averaging iterations... h=0.031250,0.000000
Done.
Final: Magnetisation = (0.349445,-0.737700), Energy = -1.898688 
<M> = (0.367711,-0.732604), <E> = -1.901595 

T=0.300000	 Thermalizing iterations... 
Done.
Thermalized Magnetisation = (0.381813,-0.727582), Energy = -1.907383 
Averaging iterations... h=0.031250,0.000000
Done.
Final: Magnetisation = (0.406323,-0.693731), Energy = -1.906284 
<M> = (0.370297,-0.733410), <E> = -1.907135 

T=0.290000	 Thermalizing iterations... 
Done.
Thermalized Magnetisation = (0.357203,-0.753328), Energy = -1.911648 
Averaging iterations... h=0.031250,0.000000
Done.
Final: Magnetisation = (0.371458,-0.740095), Energy = -1.914038 
<M> = (0.363308,-0.741987), <E> = -1.912733 

T=0.280000	 Thermalizing iterations... 
Done.
Thermalized Magnetisation = (0.376323,-0.738554), Energy = -1.921009 
Averaging iterations... h=0.031250,0.000000
Done.
Final: Magnetisation = (0.348277,-0.745638), Energy = -1.916824 
<M> = (0.364484,-0.741276), <E> = -1.918030 

T=0.270000	 Thermalizing iterations... 
Done.
Thermalized Magnetisation = (0.332840,-0.776984), Energy = -1.923299 
Averaging iterations... h=0.031250,0.000000
Done.
Final: Magnetisation = (0.380666,-0.740864), Energy = -1.916876 
<M> = (0.354307,-0.753866), <E> = -1.923818 

T=0.260000	 Thermalizing iterations... 
Done.
Thermalized Magnetisation = (0.382175,-0.741322), Energy = -1.928848 
Averaging iterations... h=0.031250,0.000000
Done.
Final: Magnetisation = (0.338414,-0.760719), Energy = -1.929326 
<M> = (0.355260,-0.758258), <E> = -1.929100 

T=0.250000	 Thermalizing iterations... 
Done.
Thermalized Magnetisation = (0.375455,-0.745267), Energy = -1.935921 
Averaging iterations... h=0.031250,0.000000
Done.
Final: Magnetisation = (0.357251,-0.752039), Energy = -1.939620 
<M> = (0.361038,-0.756702), <E> = -1.934353 

T=0.240000	 Thermalizing iterations... 
Done.
Thermalized Magnetisation = (0.379863,-0.733392), Energy = -1.942126 
Averaging iterations... h=0.031250,0.000000
Done.
Final: Magnetisation = (0.383869,-0.753041), Energy = -1.938047 
<M> = (0.364753,-0.755211), <E> = -1.939682 

T=0.230000	 Thermalizing iterations... 
Done.
Thermalized Magnetisation = (0.352888,-0.774797), Energy = -1.946145 
Averaging iterations... h=0.031250,0.000000
Done.
Final: Magnetisation = (0.353848,-0.761391), Energy = -1.944089 
<M> = (0.362275,-0.759214), <E> = -1.944987 

T=0.220000	 Thermalizing iterations... 
Done.
Thermalized Magnetisation = (0.392337,-0.747917), Energy = -1.946603 
Averaging iterations... h=0.031250,0.000000
Done.
Final: Magnetisation = (0.378232,-0.761364), Energy = -1.949099 
<M> = (0.367186,-0.762683), <E> = -1.950262 

T=0.210000	 Thermalizing iterations... 
Done.
Thermalized Magnetisation = (0.341718,-0.775669), Energy = -1.954702 
Averaging iterations... h=0.031250,0.000000
Done.
Final: Magnetisation = (0.361153,-0.769069), Energy = -1.956375 
<M> = (0.362815,-0.766113), <E> = -1.955698 

T=0.200000	 Thermalizing iterations... 
Done.
Thermalized Magnetisation = (0.376786,-0.759322), Energy = -1.957756 
Averaging iterations... h=0.031250,0.000000
Done.
Final: Magnetisation = (0.383657,-0.762876), Energy = -1.957720 
<M> = (0.360937,-0.770586), <E> = -1.961061 

T=0.190000	 Thermalizing iterations... 
Done.
Thermalized Magnetisation = (0.362426,-0.778672), Energy = -1.965466 
Averaging iterations... h=0.031250,0.000000
Done.
Final: Magnetisation = (0.337929,-0.773522), Energy = -1.968437 
<M> = (0.362451,-0.774465), <E> = -1.966419 

T=0.180000	 Thermalizing iterations... 
Done.
Thermalized Magnetisation = (0.376024,-0.765615), Energy = -1.975439 
Averaging iterations... h=0.031250,0.000000
Done.
Final: Magnetisation = (0.371739,-0.768282), Energy = -1.970858 
<M> = (0.365040,-0.775119), <E> = -1.971667 

T=0.170000	 Thermalizing iterations... 
Done.
Thermalized Magnetisation = (0.339124,-0.798997), Energy = -1.972039 
Averaging iterations... h=0.031250,0.000000
Done.
Final: Magnetisation = (0.339524,-0.793472), Energy = -1.976575 
<M> = (0.364943,-0.776198), <E> = -1.976841 

T=0.160000	 Thermalizing iterations... 
Done.
Thermalized Magnetisation = (0.364317,-0.781137), Energy = -1.981561 
Averaging iterations... h=0.031250,0.000000
Done.
Final: Magnetisation = (0.363414,-0.785595), Energy = -1.983419 
<M> = (0.366636,-0.779580), <E> = -1.982058 

T=0.150000	 Thermalizing iterations... 
Done.
Thermalized Magnetisation = (0.400823,-0.767318), Energy = -1.988216 
Averaging iterations... h=0.031250,0.000000
Done.
Final: Magnetisation = (0.374374,-0.779536), Energy = -1.985392 
<M> = (0.367930,-0.781059), <E> = -1.987224 

T=0.140000	 Thermalizing iterations... 
Done.
Thermalized Magnetisation = (0.361970,-0.787854), Energy = -1.992694 
Averaging iterations... h=0.031250,0.000000
Done.
Final: Magnetisation = (0.366063,-0.780142), Energy = -1.994019 
<M> = (0.366430,-0.784716), <E> = -1.992486 

T=0.130000	 Thermalizing iterations... 
Done.
Thermalized Magnetisation = (0.359005,-0.794207), Energy = -1.999692 
Averaging iterations... h=0.031250,0.000000
Done.
Final: Magnetisation = (0.360850,-0.788286), Energy = -1.998377 
<M> = (0.363423,-0.790114), <E> = -1.997633 

T=0.120000	 Thermalizing iterations... 
Done.
Thermalized Magnetisation = (0.361306,-0.794303), Energy = -2.000624 
Averaging iterations... h=0.031250,0.000000
Done.
Final: Magnetisation = (0.362503,-0.793942), Energy = -2.002735 
<M> = (0.369659,-0.789568), <E> = -2.002926 

T=0.110000	 Thermalizing iterations... 
Done.
Thermalized Magnetisation = (0.372795,-0.793257), Energy = -2.008482 
Averaging iterations... h=0.031250,0.000000
Done.
Final: Magnetisation = (0.365417,-0.796275), Energy = -2.008030 
<M> = (0.367197,-0.794087), <E> = -2.008050 

T=0.100000	 Thermalizing iterations... 
Done.
Thermalized Magnetisation = (0.374433,-0.788327), Energy = -2.014778 
Averaging iterations... h=0.031250,0.000000
Done.
Final: Magnetisation = (0.353151,-0.798495), Energy = -2.013197 
<M> = (0.365788,-0.796532), <E> = -2.013133 

T=0.090000	 Thermalizing iterations... 
Done.
Thermalized Magnetisation = (0.375030,-0.794876), Energy = -2.016975 
Averaging iterations... h=0.031250,0.000000
Done.
Final: Magnetisation = (0.349813,-0.807041), Energy = -2.018200 
<M> = (0.364685,-0.799086), <E> = -2.018238 

T=0.080000	 Thermalizing iterations... 
Done.
Thermalized Magnetisation = (0.351644,-0.811059), Energy = -2.024716 
Averaging iterations... h=0.031250,0.000000
Done.
Final: Magnetisation = (0.369340,-0.795324), Energy = -2.023921 
<M> = (0.364032,-0.802433), <E> = -2.023368 

T=0.070000	 Thermalizing iterations... 
Done.
Thermalized Magnetisation = (0.352276,-0.812866), Energy = -2.028738 
Averaging iterations... h=0.031250,0.000000
Done.
Final: Magnetisation = (0.376642,-0.796658), Energy = -2.028818 
<M> = (0.365808,-0.805611), <E> = -2.028470 

T=0.060000	 Thermalizing iterations... 
Done.
Thermalized Magnetisation = (0.359935,-0.809169), Energy = -2.033359 
Averaging iterations... h=0.031250,0.000000
Done.
Final: Magnetisation = (0.373110,-0.804691), Energy = -2.033617 
<M> = (0.369048,-0.806304), <E> = -2.033544 

T=0.050000	 Thermalizing iterations... 
Done.
Thermalized Magnetisation = (0.366722,-0.804633), Energy = -2.038850 
Averaging iterations... h=0.031250,0.000000
Done.
Final: Magnetisation = (0.371766,-0.805660), Energy = -2.038858 
<M> = (0.366714,-0.810435), <E> = -2.038656 

T=0.040000	 Thermalizing iterations... 
Done.
Thermalized Magnetisation = (0.362393,-0.814042), Energy = -2.043214 
Averaging iterations... h=0.031250,0.000000
Done.
Final: Magnetisation = (0.371768,-0.807907), Energy = -2.043624 
<M> = (0.368486,-0.811142), <E> = -2.043701 

T=0.030000	 Thermalizing iterations... 
Done.
Thermalized Magnetisation = (0.363281,-0.812413), Energy = -2.048405 
Averaging iterations... h=0.031250,0.000000
Done.
Final: Magnetisation = (0.371660,-0.815070), Energy = -2.048627 
<M> = (0.367190,-0.816751), <E> = -2.048709 

T=0.020000	 Thermalizing iterations... 
Done.
Thermalized Magnetisation = (0.367380,-0.816964), Energy = -2.053581 
Averaging iterations... h=0.031250,0.000000
Done.
Final: Magnetisation = (0.366478,-0.817735), Energy = -2.053990 
<M> = (0.369187,-0.816858), <E> = -2.053729 

T=0.010000	 Thermalizing iterations... 
Done.
Thermalized Magnetisation = (0.368993,-0.820363), Energy = -2.058674 
Averaging iterations... h=0.031250,0.000000
Done.
Final: Magnetisation = (0.366982,-0.818648), Energy = -2.058682 
<M> = (0.370108,-0.818907), <E> = -2.058770 
Final Magnetisation = (0.366982,-0.818648), Energy = -2.058682 
------------------------

Updating all (first)black/(then)white checkerboard sites simultaneously.. 

ztne RFXY h rotating with |h|=0.031250 at T=0.000000..
loop 1

loop 2

CPU  Start Time = 5477449.216826 

CPU  End Time = 5488100.406712 

CPU Time elapsed total = 10651.189885 

real	177m31.213s
user	3263m35.024s
sys	1m58.313s
