+ cd /home/sbasak/Exercises/OpenMP/XY_code/Z2/rotating_field/trial/config/config_11
+ export OMP_NUM_THREADS=28
+ OMP_NUM_THREADS=28
+ ./a_8.out
nearest neighbor initialized. 
h loaded. 
J loaded. 
L = 128, dim_L = 2, dim_S = 2
hysteresis_MCS_multiplier = 10, hysteresis_MCS_max = 100
RAND_MAX = 2147483647.000000,
 sizeof(int) = 4,
 sizeof(long) = 8,
 sizeof(double) = 8,
 sizeof(long int) = 8,
 sizeof(short int) = 2,
 sizeof(unsigned int) = 4,
 sizeof(RAND_MAX) = 4
No. of THREADS = 28
No. of PROCESSORS = 28

0.061728,0.021899
order = ({1.000000-->-1.000000,0.000000}, 0, 1)
Initial Magnetisation = (0.061728,0.021899), Energy = 0.024928 
Cooling... 
T=2.000000	 Thermalizing iterations... 
Done.
Thermalized Magnetisation = (0.034228,-0.014317), Energy = -0.573986 
Averaging iterations... h=0.062500,0.000000
Done.
Final: Magnetisation = (0.052350,-0.028713), Energy = -0.588799 
<M> = (0.054755,-0.000149), <E> = -0.613558 

T=1.990000	 Thermalizing iterations... 
Done.
Thermalized Magnetisation = (0.018728,0.036444), Energy = -0.631358 
Averaging iterations... h=0.062500,0.000000
Done.
Final: Magnetisation = (0.038437,0.015166), Energy = -0.631988 
<M> = (0.057407,-0.001745), <E> = -0.618166 

T=1.980000	 Thermalizing iterations... 
Done.
Thermalized Magnetisation = (0.042000,0.016376), Energy = -0.647264 
Averaging iterations... h=0.062500,0.000000
Done.
Final: Magnetisation = (0.073100,-0.005695), Energy = -0.627735 
<M> = (0.056846,-0.001153), <E> = -0.622450 

T=1.970000	 Thermalizing iterations... 
Done.
Thermalized Magnetisation = (0.041077,0.038059), Energy = -0.633341 
Averaging iterations... h=0.062500,0.000000
Done.
Final: Magnetisation = (0.046334,-0.062354), Energy = -0.617784 
<M> = (0.057802,-0.002023), <E> = -0.626203 

T=1.960000	 Thermalizing iterations... 
Done.
Thermalized Magnetisation = (0.053744,-0.021606), Energy = -0.664404 
Averaging iterations... h=0.062500,0.000000
Done.
Final: Magnetisation = (0.058467,0.001394), Energy = -0.629918 
<M> = (0.059926,-0.000575), <E> = -0.629795 

T=1.950000	 Thermalizing iterations... 
Done.
Thermalized Magnetisation = (0.053859,0.006524), Energy = -0.616988 
Averaging iterations... h=0.062500,0.000000
Done.
Final: Magnetisation = (0.103559,-0.014466), Energy = -0.649070 
<M> = (0.060988,-0.000818), <E> = -0.633439 

T=1.940000	 Thermalizing iterations... 
Done.
Thermalized Magnetisation = (0.094212,-0.005262), Energy = -0.630607 
Averaging iterations... h=0.062500,0.000000
Done.
Final: Magnetisation = (0.086967,0.024823), Energy = -0.625151 
<M> = (0.060193,0.000346), <E> = -0.636388 

T=1.930000	 Thermalizing iterations... 
Done.
Thermalized Magnetisation = (0.075324,-0.006876), Energy = -0.646034 
Averaging iterations... h=0.062500,0.000000
Done.
Final: Magnetisation = (-0.014227,0.005464), Energy = -0.617960 
<M> = (0.060055,0.000935), <E> = -0.639891 

T=1.920000	 Thermalizing iterations... 
Done.
Thermalized Magnetisation = (0.034540,0.044240), Energy = -0.673272 
Averaging iterations... h=0.062500,0.000000
Done.
Final: Magnetisation = (0.067312,-0.018522), Energy = -0.638171 
<M> = (0.061687,-0.001487), <E> = -0.644406 

T=1.910000	 Thermalizing iterations... 
Done.
Thermalized Magnetisation = (0.009197,0.010165), Energy = -0.643963 
Averaging iterations... h=0.062500,0.000000
Done.
Final: Magnetisation = (0.032826,-0.029328), Energy = -0.685104 
<M> = (0.063460,-0.001020), <E> = -0.649030 

T=1.900000	 Thermalizing iterations... 
Done.
Thermalized Magnetisation = (0.131807,0.100968), Energy = -0.657801 
Averaging iterations... h=0.062500,0.000000
Done.
Final: Magnetisation = (0.011780,-0.009143), Energy = -0.636414 
<M> = (0.064001,-0.003086), <E> = -0.653218 

T=1.890000	 Thermalizing iterations... 
Done.
Thermalized Magnetisation = (0.028504,0.003061), Energy = -0.659591 
Averaging iterations... h=0.062500,0.000000
Done.
Final: Magnetisation = (0.020286,0.012486), Energy = -0.643412 
<M> = (0.065131,-0.002685), <E> = -0.657421 

T=1.880000	 Thermalizing iterations... 
Done.
Thermalized Magnetisation = (0.065889,-0.030033), Energy = -0.653800 
Averaging iterations... h=0.062500,0.000000
Done.
Final: Magnetisation = (0.010944,0.013645), Energy = -0.671660 
<M> = (0.067397,-0.001326), <E> = -0.661690 

T=1.870000	 Thermalizing iterations... 
Done.
Thermalized Magnetisation = (0.051208,0.023321), Energy = -0.652081 
Averaging iterations... h=0.062500,0.000000
Done.
Final: Magnetisation = (0.078923,0.018611), Energy = -0.660071 
<M> = (0.067287,0.002154), <E> = -0.664898 

T=1.860000	 Thermalizing iterations... 
Done.
Thermalized Magnetisation = (0.026164,0.019626), Energy = -0.620790 
Averaging iterations... h=0.062500,0.000000
Done.
Final: Magnetisation = (0.100518,-0.033956), Energy = -0.653620 
<M> = (0.067314,-0.000424), <E> = -0.668907 

T=1.850000	 Thermalizing iterations... 
Done.
Thermalized Magnetisation = (0.044960,0.100345), Energy = -0.670689 
Averaging iterations... h=0.062500,0.000000
Done.
Final: Magnetisation = (0.122638,-0.025892), Energy = -0.705287 
<M> = (0.067926,-0.000412), <E> = -0.673205 

T=1.840000	 Thermalizing iterations... 
Done.
Thermalized Magnetisation = (0.062918,0.033366), Energy = -0.660634 
Averaging iterations... h=0.062500,0.000000
Done.
Final: Magnetisation = (0.096973,-0.008071), Energy = -0.700647 
<M> = (0.071069,-0.000679), <E> = -0.678476 

T=1.830000	 Thermalizing iterations... 
Done.
Thermalized Magnetisation = (0.113246,-0.004291), Energy = -0.664678 
Averaging iterations... h=0.062500,0.000000
Done.
Final: Magnetisation = (0.073303,0.035130), Energy = -0.680014 
<M> = (0.070544,-0.002496), <E> = -0.682872 

T=1.820000	 Thermalizing iterations... 
Done.
Thermalized Magnetisation = (0.065500,0.035598), Energy = -0.675876 
Averaging iterations... h=0.062500,0.000000
Done.
Final: Magnetisation = (0.076293,-0.030380), Energy = -0.683755 
<M> = (0.072076,-0.002620), <E> = -0.688193 

T=1.810000	 Thermalizing iterations... 
Done.
Thermalized Magnetisation = (0.084065,0.027925), Energy = -0.697586 
Averaging iterations... h=0.062500,0.000000
Done.
Final: Magnetisation = (0.051185,0.037013), Energy = -0.671344 
<M> = (0.076142,-0.001623), <E> = -0.692721 

T=1.800000	 Thermalizing iterations... 
Done.
Thermalized Magnetisation = (0.025634,0.004873), Energy = -0.682837 
Averaging iterations... h=0.062500,0.000000
Done.
Final: Magnetisation = (0.084542,0.037422), Energy = -0.717527 
<M> = (0.076461,0.000302), <E> = -0.696448 

T=1.790000	 Thermalizing iterations... 
Done.
Thermalized Magnetisation = (0.101363,-0.046637), Energy = -0.698502 
Averaging iterations... h=0.062500,0.000000
Done.
Final: Magnetisation = (0.040887,-0.057485), Energy = -0.703199 
<M> = (0.075737,0.000005), <E> = -0.700883 

T=1.780000	 Thermalizing iterations... 
Done.
Thermalized Magnetisation = (0.089371,-0.029891), Energy = -0.729437 
Averaging iterations... h=0.062500,0.000000
Done.
Final: Magnetisation = (0.098125,-0.008427), Energy = -0.690499 
<M> = (0.076726,0.000733), <E> = -0.704997 

T=1.770000	 Thermalizing iterations... 
Done.
Thermalized Magnetisation = (0.085169,0.036083), Energy = -0.701295 
Averaging iterations... h=0.062500,0.000000
Done.
Final: Magnetisation = (0.065253,0.076443), Energy = -0.703510 
<M> = (0.079395,-0.003304), <E> = -0.710753 

T=1.760000	 Thermalizing iterations... 
Done.
Thermalized Magnetisation = (0.098770,0.014376), Energy = -0.755193 
Averaging iterations... h=0.062500,0.000000
Done.
Final: Magnetisation = (0.136246,-0.046737), Energy = -0.734859 
<M> = (0.081009,-0.001242), <E> = -0.716475 

T=1.750000	 Thermalizing iterations... 
Done.
Thermalized Magnetisation = (0.060191,0.010109), Energy = -0.705360 
Averaging iterations... h=0.062500,0.000000
Done.
Final: Magnetisation = (0.128796,-0.010348), Energy = -0.695989 
<M> = (0.081290,-0.003139), <E> = -0.720971 

T=1.740000	 Thermalizing iterations... 
Done.
Thermalized Magnetisation = (0.107006,0.014438), Energy = -0.704595 
Averaging iterations... h=0.062500,0.000000
Done.
Final: Magnetisation = (0.087053,-0.024564), Energy = -0.749104 
<M> = (0.083375,-0.002357), <E> = -0.726280 

T=1.730000	 Thermalizing iterations... 
Done.
Thermalized Magnetisation = (0.113482,-0.027461), Energy = -0.724950 
Averaging iterations... h=0.062500,0.000000
Done.
Final: Magnetisation = (0.049703,-0.043767), Energy = -0.726416 
<M> = (0.086339,-0.000634), <E> = -0.731258 

T=1.720000	 Thermalizing iterations... 
Done.
Thermalized Magnetisation = (0.094035,-0.058116), Energy = -0.736024 
Averaging iterations... h=0.062500,0.000000
Done.
Final: Magnetisation = (0.106167,0.023859), Energy = -0.748581 
<M> = (0.085851,0.000673), <E> = -0.735355 

T=1.710000	 Thermalizing iterations... 
Done.
Thermalized Magnetisation = (0.109836,-0.044021), Energy = -0.775573 
Averaging iterations... h=0.062500,0.000000
Done.
Final: Magnetisation = (0.108508,-0.032046), Energy = -0.743247 
<M> = (0.087077,-0.001122), <E> = -0.740233 

T=1.700000	 Thermalizing iterations... 
Done.
Thermalized Magnetisation = (0.116834,0.010187), Energy = -0.748102 
Averaging iterations... h=0.062500,0.000000
Done.
Final: Magnetisation = (0.092613,0.042867), Energy = -0.773438 
<M> = (0.089828,-0.000140), <E> = -0.746467 

T=1.690000	 Thermalizing iterations... 
Done.
Thermalized Magnetisation = (0.015896,0.010477), Energy = -0.758649 
Averaging iterations... h=0.062500,0.000000
Done.
Final: Magnetisation = (0.105254,-0.073988), Energy = -0.756927 
<M> = (0.091439,-0.000666), <E> = -0.751601 

T=1.680000	 Thermalizing iterations... 
Done.
Thermalized Magnetisation = (0.048104,-0.014941), Energy = -0.741703 
Averaging iterations... h=0.062500,0.000000
Done.
Final: Magnetisation = (0.060007,-0.092327), Energy = -0.754417 
<M> = (0.092789,-0.003374), <E> = -0.758383 

T=1.670000	 Thermalizing iterations... 
Done.
Thermalized Magnetisation = (0.058716,0.018051), Energy = -0.764592 
Averaging iterations... h=0.062500,0.000000
Done.
Final: Magnetisation = (0.106843,-0.073080), Energy = -0.809636 
<M> = (0.094969,-0.002444), <E> = -0.764228 

T=1.660000	 Thermalizing iterations... 
Done.
Thermalized Magnetisation = (0.039629,-0.009043), Energy = -0.780653 
Averaging iterations... h=0.062500,0.000000
Done.
Final: Magnetisation = (0.119559,-0.047233), Energy = -0.785948 
<M> = (0.097478,-0.002381), <E> = -0.769828 

T=1.650000	 Thermalizing iterations... 
Done.
Thermalized Magnetisation = (0.100313,-0.017120), Energy = -0.747684 
Averaging iterations... h=0.062500,0.000000
Done.
Final: Magnetisation = (0.047974,0.048791), Energy = -0.756975 
<M> = (0.100306,0.000764), <E> = -0.774666 

T=1.640000	 Thermalizing iterations... 
Done.
Thermalized Magnetisation = (0.131414,0.068302), Energy = -0.812360 
Averaging iterations... h=0.062500,0.000000
Done.
Final: Magnetisation = (0.157952,-0.029648), Energy = -0.775342 
<M> = (0.099508,0.001393), <E> = -0.780075 

T=1.630000	 Thermalizing iterations... 
Done.
Thermalized Magnetisation = (0.116656,0.012165), Energy = -0.813547 
Averaging iterations... h=0.062500,0.000000
Done.
Final: Magnetisation = (0.121094,0.022277), Energy = -0.740937 
<M> = (0.102455,0.000523), <E> = -0.785753 

T=1.620000	 Thermalizing iterations... 
Done.
Thermalized Magnetisation = (0.104995,-0.075261), Energy = -0.805843 
Averaging iterations... h=0.062500,0.000000
Done.
Final: Magnetisation = (0.172764,-0.034953), Energy = -0.796970 
<M> = (0.105755,-0.001788), <E> = -0.792696 

T=1.610000	 Thermalizing iterations... 
Done.
Thermalized Magnetisation = (0.121603,0.044979), Energy = -0.814626 
Averaging iterations... h=0.062500,0.000000
Done.
Final: Magnetisation = (0.094941,0.097296), Energy = -0.827479 
<M> = (0.106434,-0.002215), <E> = -0.799317 

T=1.600000	 Thermalizing iterations... 
Done.
Thermalized Magnetisation = (0.114130,-0.028915), Energy = -0.844329 
Averaging iterations... h=0.062500,0.000000
Done.
Final: Magnetisation = (0.090678,0.007260), Energy = -0.780175 
<M> = (0.108212,-0.005367), <E> = -0.806037 

T=1.590000	 Thermalizing iterations... 
Done.
Thermalized Magnetisation = (0.075245,0.021622), Energy = -0.776388 
Averaging iterations... h=0.062500,0.000000
Done.
Final: Magnetisation = (0.030297,0.023260), Energy = -0.790477 
<M> = (0.110792,-0.002093), <E> = -0.812104 

T=1.580000	 Thermalizing iterations... 
Done.
Thermalized Magnetisation = (0.115464,0.009285), Energy = -0.786918 
Averaging iterations... h=0.062500,0.000000
Done.
Final: Magnetisation = (0.099392,-0.048444), Energy = -0.862350 
<M> = (0.116214,-0.000656), <E> = -0.818496 

T=1.570000	 Thermalizing iterations... 
Done.
Thermalized Magnetisation = (0.121703,0.043019), Energy = -0.854870 
Averaging iterations... h=0.062500,0.000000
Done.
Final: Magnetisation = (0.094784,0.013276), Energy = -0.831444 
<M> = (0.117253,0.000762), <E> = -0.824427 

T=1.560000	 Thermalizing iterations... 
Done.
Thermalized Magnetisation = (0.151592,-0.046678), Energy = -0.850745 
Averaging iterations... h=0.062500,0.000000
Done.
Final: Magnetisation = (0.084358,-0.016444), Energy = -0.812860 
<M> = (0.118431,0.001592), <E> = -0.830290 

T=1.550000	 Thermalizing iterations... 
Done.
Thermalized Magnetisation = (0.040951,-0.027330), Energy = -0.765513 
Averaging iterations... h=0.062500,0.000000
Done.
Final: Magnetisation = (0.091411,0.028358), Energy = -0.818114 
<M> = (0.121450,-0.000670), <E> = -0.837765 

T=1.540000	 Thermalizing iterations... 
Done.
Thermalized Magnetisation = (0.107421,0.067645), Energy = -0.840291 
Averaging iterations... h=0.062500,0.000000
Done.
Final: Magnetisation = (0.119823,-0.053304), Energy = -0.857857 
<M> = (0.125365,-0.002353), <E> = -0.845753 

T=1.530000	 Thermalizing iterations... 
Done.
Thermalized Magnetisation = (0.182791,-0.013860), Energy = -0.914520 
Averaging iterations... h=0.062500,0.000000
Done.
Final: Magnetisation = (0.137532,0.013967), Energy = -0.873269 
<M> = (0.127003,-0.004101), <E> = -0.852923 

T=1.520000	 Thermalizing iterations... 
Done.
Thermalized Magnetisation = (0.182704,0.069775), Energy = -0.858950 
Averaging iterations... h=0.062500,0.000000
Done.
Final: Magnetisation = (0.094272,-0.003781), Energy = -0.840740 
<M> = (0.130094,-0.003202), <E> = -0.860355 

T=1.510000	 Thermalizing iterations... 
Done.
Thermalized Magnetisation = (0.138404,-0.012056), Energy = -0.895468 
Averaging iterations... h=0.062500,0.000000
Done.
Final: Magnetisation = (0.121269,-0.007173), Energy = -0.862827 
<M> = (0.135070,-0.000938), <E> = -0.867514 

T=1.500000	 Thermalizing iterations... 
Done.
Thermalized Magnetisation = (0.186799,-0.101248), Energy = -0.901303 
Averaging iterations... h=0.062500,0.000000
Done.
Final: Magnetisation = (0.100022,-0.054433), Energy = -0.860307 
<M> = (0.136761,0.002933), <E> = -0.874083 

T=1.490000	 Thermalizing iterations... 
Done.
Thermalized Magnetisation = (0.161883,-0.015778), Energy = -0.873343 
Averaging iterations... h=0.062500,0.000000
Done.
Final: Magnetisation = (0.132523,0.104938), Energy = -0.877436 
<M> = (0.140121,0.003134), <E> = -0.880919 

T=1.480000	 Thermalizing iterations... 
Done.
Thermalized Magnetisation = (0.155237,-0.061642), Energy = -0.867727 
Averaging iterations... h=0.062500,0.000000
Done.
Final: Magnetisation = (0.160278,-0.035270), Energy = -0.885510 
<M> = (0.140698,0.002862), <E> = -0.887981 

T=1.470000	 Thermalizing iterations... 
Done.
Thermalized Magnetisation = (0.190224,0.013750), Energy = -0.901031 
Averaging iterations... h=0.062500,0.000000
Done.
Final: Magnetisation = (0.191868,-0.042185), Energy = -0.916420 
<M> = (0.147622,0.000105), <E> = -0.897095 

T=1.460000	 Thermalizing iterations... 
Done.
Thermalized Magnetisation = (0.144073,0.073539), Energy = -0.889315 
Averaging iterations... h=0.062500,0.000000
Done.
Final: Magnetisation = (0.165119,0.021080), Energy = -0.909420 
<M> = (0.148709,-0.001885), <E> = -0.905128 

T=1.450000	 Thermalizing iterations... 
Done.
Thermalized Magnetisation = (0.169616,0.041381), Energy = -0.934992 
Averaging iterations... h=0.062500,0.000000
Done.
Final: Magnetisation = (0.083539,-0.021658), Energy = -0.895116 
<M> = (0.153609,-0.006800), <E> = -0.913828 

T=1.440000	 Thermalizing iterations... 
Done.
Thermalized Magnetisation = (0.196659,-0.056299), Energy = -0.937629 
Averaging iterations... h=0.062500,0.000000
Done.
Final: Magnetisation = (0.187364,-0.023254), Energy = -0.949284 
<M> = (0.159633,-0.004005), <E> = -0.922590 

T=1.430000	 Thermalizing iterations... 
Done.
Thermalized Magnetisation = (0.159071,-0.070937), Energy = -0.965676 
Averaging iterations... h=0.062500,0.000000
Done.
Final: Magnetisation = (0.150097,0.013355), Energy = -0.925794 
<M> = (0.164065,0.000880), <E> = -0.929575 

T=1.420000	 Thermalizing iterations... 
Done.
Thermalized Magnetisation = (0.258379,0.046241), Energy = -0.957394 
Averaging iterations... h=0.062500,0.000000
Done.
Final: Magnetisation = (0.148081,-0.031258), Energy = -0.928644 
<M> = (0.166570,0.001330), <E> = -0.937452 

T=1.410000	 Thermalizing iterations... 
Done.
Thermalized Magnetisation = (0.149182,0.005553), Energy = -0.951078 
Averaging iterations... h=0.062500,0.000000
Done.
Final: Magnetisation = (0.120382,0.013163), Energy = -0.941189 
<M> = (0.168043,0.004225), <E> = -0.945368 

T=1.400000	 Thermalizing iterations... 
Done.
Thermalized Magnetisation = (0.156025,-0.037435), Energy = -0.930570 
Averaging iterations... h=0.062500,0.000000
Done.
Final: Magnetisation = (0.190551,0.080570), Energy = -0.924488 
<M> = (0.173972,-0.002411), <E> = -0.955510 

T=1.390000	 Thermalizing iterations... 
Done.
Thermalized Magnetisation = (0.128223,-0.036169), Energy = -0.974595 
Averaging iterations... h=0.062500,0.000000
Done.
Final: Magnetisation = (0.185309,-0.049056), Energy = -0.981816 
<M> = (0.178066,-0.005404), <E> = -0.965285 

T=1.380000	 Thermalizing iterations... 
Done.
Thermalized Magnetisation = (0.181169,0.001140), Energy = -0.964298 
Averaging iterations... h=0.062500,0.000000
Done.
Final: Magnetisation = (0.208569,-0.039164), Energy = -0.941814 
<M> = (0.182714,-0.009039), <E> = -0.973829 

T=1.370000	 Thermalizing iterations... 
Done.
Thermalized Magnetisation = (0.141095,-0.034009), Energy = -0.945101 
Averaging iterations... h=0.062500,0.000000
Done.
Final: Magnetisation = (0.153024,-0.060648), Energy = -0.939352 
<M> = (0.185286,-0.005306), <E> = -0.982383 

T=1.360000	 Thermalizing iterations... 
Done.
Thermalized Magnetisation = (0.187101,-0.001815), Energy = -1.019016 
Averaging iterations... h=0.062500,0.000000
Done.
Final: Magnetisation = (0.238003,0.084349), Energy = -1.025608 
<M> = (0.193457,-0.003068), <E> = -0.992215 

T=1.350000	 Thermalizing iterations... 
Done.
Thermalized Magnetisation = (0.211281,0.128838), Energy = -0.990962 
Averaging iterations... h=0.062500,0.000000
Done.
Final: Magnetisation = (0.135068,0.081004), Energy = -0.984828 
<M> = (0.199660,0.004149), <E> = -1.000245 

T=1.340000	 Thermalizing iterations... 
Done.
Thermalized Magnetisation = (0.272436,0.029577), Energy = -1.069105 
Averaging iterations... h=0.062500,0.000000
Done.
Final: Magnetisation = (0.228605,-0.018578), Energy = -1.038944 
<M> = (0.201418,0.003003), <E> = -1.009146 

T=1.330000	 Thermalizing iterations... 
Done.
Thermalized Magnetisation = (0.251214,0.010546), Energy = -1.054648 
Averaging iterations... h=0.062500,0.000000
Done.
Final: Magnetisation = (0.228330,-0.060119), Energy = -1.038372 
<M> = (0.205524,-0.000042), <E> = -1.019007 

T=1.320000	 Thermalizing iterations... 
Done.
Thermalized Magnetisation = (0.244993,-0.010303), Energy = -1.043340 
Averaging iterations... h=0.062500,0.000000
Done.
Final: Magnetisation = (0.194610,-0.051853), Energy = -1.000957 
<M> = (0.215305,-0.002840), <E> = -1.030333 

T=1.310000	 Thermalizing iterations... 
Done.
Thermalized Magnetisation = (0.279443,0.009433), Energy = -1.073734 
Averaging iterations... h=0.062500,0.000000
Done.
Final: Magnetisation = (0.199641,0.029353), Energy = -1.059152 
<M> = (0.220211,-0.007131), <E> = -1.042007 

T=1.300000	 Thermalizing iterations... 
Done.
Thermalized Magnetisation = (0.221170,-0.026521), Energy = -1.041194 
Averaging iterations... h=0.062500,0.000000
Done.
Final: Magnetisation = (0.245024,-0.002315), Energy = -1.109369 
<M> = (0.223965,-0.006123), <E> = -1.051533 

T=1.290000	 Thermalizing iterations... 
Done.
Thermalized Magnetisation = (0.221557,-0.037658), Energy = -1.046211 
Averaging iterations... h=0.062500,0.000000
Done.
Final: Magnetisation = (0.248081,-0.048491), Energy = -1.051915 
<M> = (0.233995,-0.005298), <E> = -1.062709 

T=1.280000	 Thermalizing iterations... 
Done.
Thermalized Magnetisation = (0.259705,0.036071), Energy = -1.084696 
Averaging iterations... h=0.062500,0.000000
Done.
Final: Magnetisation = (0.209226,-0.033519), Energy = -1.077245 
<M> = (0.239417,0.001041), <E> = -1.071652 

T=1.270000	 Thermalizing iterations... 
Done.
Thermalized Magnetisation = (0.196219,-0.003395), Energy = -1.053184 
Averaging iterations... h=0.062500,0.000000
Done.
Final: Magnetisation = (0.219518,-0.037362), Energy = -1.094411 
<M> = (0.245304,-0.001728), <E> = -1.082048 

T=1.260000	 Thermalizing iterations... 
Done.
Thermalized Magnetisation = (0.170348,-0.019008), Energy = -1.073555 
Averaging iterations... h=0.062500,0.000000
Done.
Final: Magnetisation = (0.249520,-0.057581), Energy = -1.099981 
<M> = (0.250043,0.005012), <E> = -1.091692 

T=1.250000	 Thermalizing iterations... 
Done.
Thermalized Magnetisation = (0.266249,-0.063256), Energy = -1.153247 
Averaging iterations... h=0.062500,0.000000
Done.
Final: Magnetisation = (0.200841,0.055381), Energy = -1.079847 
<M> = (0.260695,-0.009134), <E> = -1.104535 

T=1.240000	 Thermalizing iterations... 
Done.
Thermalized Magnetisation = (0.276397,-0.001782), Energy = -1.135485 
Averaging iterations... h=0.062500,0.000000
Done.
Final: Magnetisation = (0.175011,-0.001572), Energy = -1.054497 
<M> = (0.264078,-0.002825), <E> = -1.116302 

T=1.230000	 Thermalizing iterations... 
Done.
Thermalized Magnetisation = (0.269294,0.090527), Energy = -1.118941 
Averaging iterations... h=0.062500,0.000000
Done.
Final: Magnetisation = (0.231582,-0.081444), Energy = -1.056691 
<M> = (0.268381,-0.010104), <E> = -1.127377 

T=1.220000	 Thermalizing iterations... 
Done.
Thermalized Magnetisation = (0.237914,-0.078753), Energy = -1.129506 
Averaging iterations... h=0.062500,0.000000
Done.
Final: Magnetisation = (0.256680,-0.037114), Energy = -1.158807 
<M> = (0.277045,-0.013898), <E> = -1.137857 

T=1.210000	 Thermalizing iterations... 
Done.
Thermalized Magnetisation = (0.256270,0.062754), Energy = -1.097887 
Averaging iterations... h=0.062500,0.000000
Done.
Final: Magnetisation = (0.253215,-0.037546), Energy = -1.159684 
<M> = (0.287946,-0.007553), <E> = -1.149585 

T=1.200000	 Thermalizing iterations... 
Done.
Thermalized Magnetisation = (0.381546,-0.071530), Energy = -1.175243 
Averaging iterations... h=0.062500,0.000000
Done.
Final: Magnetisation = (0.301907,0.028956), Energy = -1.176861 
<M> = (0.294291,0.005992), <E> = -1.159687 

T=1.190000	 Thermalizing iterations... 
Done.
Thermalized Magnetisation = (0.341205,-0.001219), Energy = -1.139476 
Averaging iterations... h=0.062500,0.000000
Done.
Final: Magnetisation = (0.305924,-0.080271), Energy = -1.184583 
<M> = (0.300242,0.000727), <E> = -1.170246 

T=1.180000	 Thermalizing iterations... 
Done.
Thermalized Magnetisation = (0.291271,-0.024051), Energy = -1.193117 
Averaging iterations... h=0.062500,0.000000
Done.
Final: Magnetisation = (0.298940,0.026777), Energy = -1.166071 
<M> = (0.308839,-0.003462), <E> = -1.182798 

T=1.170000	 Thermalizing iterations... 
Done.
Thermalized Magnetisation = (0.265157,0.069591), Energy = -1.187765 
Averaging iterations... h=0.062500,0.000000
Done.
Final: Magnetisation = (0.262868,0.139931), Energy = -1.178416 
<M> = (0.317752,-0.007532), <E> = -1.196266 

T=1.160000	 Thermalizing iterations... 
Done.
Thermalized Magnetisation = (0.348673,-0.140557), Energy = -1.215913 
Averaging iterations... h=0.062500,0.000000
Done.
Final: Magnetisation = (0.300055,-0.082897), Energy = -1.192463 
<M> = (0.323025,-0.020964), <E> = -1.208938 

T=1.150000	 Thermalizing iterations... 
Done.
Thermalized Magnetisation = (0.379545,-0.094606), Energy = -1.272587 
Averaging iterations... h=0.062500,0.000000
Done.
Final: Magnetisation = (0.296961,-0.003104), Energy = -1.200999 
<M> = (0.328831,-0.013450), <E> = -1.220188 

T=1.140000	 Thermalizing iterations... 
Done.
Thermalized Magnetisation = (0.270495,-0.086468), Energy = -1.232135 
Averaging iterations... h=0.062500,0.000000
Done.
Final: Magnetisation = (0.399046,-0.112011), Energy = -1.243856 
<M> = (0.343301,-0.021036), <E> = -1.233303 

T=1.130000	 Thermalizing iterations... 
Done.
Thermalized Magnetisation = (0.275689,0.057320), Energy = -1.201745 
Averaging iterations... h=0.062500,0.000000
Done.
Final: Magnetisation = (0.350336,0.071241), Energy = -1.254214 
<M> = (0.348998,0.002438), <E> = -1.244230 

T=1.120000	 Thermalizing iterations... 
Done.
Thermalized Magnetisation = (0.331492,0.035386), Energy = -1.246458 
Averaging iterations... h=0.062500,0.000000
Done.
Final: Magnetisation = (0.334968,-0.146914), Energy = -1.249391 
<M> = (0.357261,0.009562), <E> = -1.256007 

T=1.110000	 Thermalizing iterations... 
Done.
Thermalized Magnetisation = (0.401038,-0.084936), Energy = -1.260668 
Averaging iterations... h=0.062500,0.000000
Done.
Final: Magnetisation = (0.402483,0.035302), Energy = -1.292946 
<M> = (0.365376,0.011827), <E> = -1.266745 

T=1.100000	 Thermalizing iterations... 
Done.
Thermalized Magnetisation = (0.344966,-0.123108), Energy = -1.289067 
Averaging iterations... h=0.062500,0.000000
Done.
Final: Magnetisation = (0.364393,-0.012364), Energy = -1.288048 
<M> = (0.377387,-0.007347), <E> = -1.280075 

T=1.090000	 Thermalizing iterations... 
Done.
Thermalized Magnetisation = (0.353361,-0.051715), Energy = -1.299961 
Averaging iterations... h=0.062500,0.000000
Done.
Final: Magnetisation = (0.312469,0.020029), Energy = -1.287706 
<M> = (0.381136,-0.020793), <E> = -1.293093 

T=1.080000	 Thermalizing iterations... 
Done.
Thermalized Magnetisation = (0.397012,-0.020155), Energy = -1.298666 
Averaging iterations... h=0.062500,0.000000
Done.
Final: Magnetisation = (0.422380,0.032344), Energy = -1.309415 
<M> = (0.386347,-0.037608), <E> = -1.305073 

T=1.070000	 Thermalizing iterations... 
Done.
Thermalized Magnetisation = (0.428411,0.063713), Energy = -1.325146 
Averaging iterations... h=0.062500,0.000000
Done.
Final: Magnetisation = (0.395340,0.021230), Energy = -1.300003 
<M> = (0.394985,-0.044453), <E> = -1.317657 

T=1.060000	 Thermalizing iterations... 
Done.
Thermalized Magnetisation = (0.394616,0.077929), Energy = -1.331183 
Averaging iterations... h=0.062500,0.000000
Done.
Final: Magnetisation = (0.424235,-0.192659), Energy = -1.342297 
<M> = (0.407517,-0.031251), <E> = -1.330073 

T=1.050000	 Thermalizing iterations... 
Done.
Thermalized Magnetisation = (0.426471,-0.104620), Energy = -1.361177 
Averaging iterations... h=0.062500,0.000000
Done.
Final: Magnetisation = (0.381543,-0.044002), Energy = -1.315383 
<M> = (0.420670,-0.004295), <E> = -1.341051 

T=1.040000	 Thermalizing iterations... 
Done.
Thermalized Magnetisation = (0.362934,0.070269), Energy = -1.321020 
Averaging iterations... h=0.062500,0.000000
Done.
Final: Magnetisation = (0.383331,0.129536), Energy = -1.335942 
<M> = (0.415498,0.019487), <E> = -1.351447 

T=1.030000	 Thermalizing iterations... 
Done.
Thermalized Magnetisation = (0.380226,-0.095038), Energy = -1.335499 
Averaging iterations... h=0.062500,0.000000
Done.
Final: Magnetisation = (0.404810,0.080703), Energy = -1.387367 
<M> = (0.426775,0.013911), <E> = -1.364274 

T=1.020000	 Thermalizing iterations... 
Done.
Thermalized Magnetisation = (0.447205,-0.045293), Energy = -1.346499 
Averaging iterations... h=0.062500,0.000000
Done.
Final: Magnetisation = (0.419645,0.056198), Energy = -1.391150 
<M> = (0.434756,-0.038773), <E> = -1.375649 

T=1.010000	 Thermalizing iterations... 
Done.
Thermalized Magnetisation = (0.405204,0.114749), Energy = -1.350368 
Averaging iterations... h=0.062500,0.000000
Done.
Final: Magnetisation = (0.452271,-0.074045), Energy = -1.398487 
<M> = (0.443935,-0.070952), <E> = -1.389252 

T=1.000000	 Thermalizing iterations... 
Done.
Thermalized Magnetisation = (0.454630,-0.164733), Energy = -1.414655 
Averaging iterations... h=0.062500,0.000000
Done.
Final: Magnetisation = (0.534604,0.011284), Energy = -1.433685 
<M> = (0.448485,-0.015431), <E> = -1.399822 

T=0.990000	 Thermalizing iterations... 
Done.
Thermalized Magnetisation = (0.419716,-0.012350), Energy = -1.437787 
Averaging iterations... h=0.062500,0.000000
Done.
Final: Magnetisation = (0.467343,-0.057591), Energy = -1.391502 
<M> = (0.458879,-0.056850), <E> = -1.412140 

T=0.980000	 Thermalizing iterations... 
Done.
Thermalized Magnetisation = (0.456500,0.131665), Energy = -1.401763 
Averaging iterations... h=0.062500,0.000000
Done.
Final: Magnetisation = (0.510892,-0.059671), Energy = -1.441576 
<M> = (0.469608,-0.021523), <E> = -1.423197 

T=0.970000	 Thermalizing iterations... 
Done.
Thermalized Magnetisation = (0.448437,-0.167201), Energy = -1.406550 
Averaging iterations... h=0.062500,0.000000
Done.
Final: Magnetisation = (0.477883,0.085184), Energy = -1.431220 
<M> = (0.473991,-0.002966), <E> = -1.433915 

T=0.960000	 Thermalizing iterations... 
Done.
Thermalized Magnetisation = (0.461227,-0.024677), Energy = -1.456512 
Averaging iterations... h=0.062500,0.000000
Done.
Final: Magnetisation = (0.522357,-0.037327), Energy = -1.437736 
<M> = (0.478254,0.031825), <E> = -1.444823 

T=0.950000	 Thermalizing iterations... 
Done.
Thermalized Magnetisation = (0.467430,-0.213228), Energy = -1.455328 
Averaging iterations... h=0.062500,0.000000
Done.
Final: Magnetisation = (0.485253,-0.098201), Energy = -1.442793 
<M> = (0.478902,-0.001416), <E> = -1.455685 

T=0.940000	 Thermalizing iterations... 
Done.
Thermalized Magnetisation = (0.513747,0.055658), Energy = -1.487308 
Averaging iterations... h=0.062500,0.000000
Done.
Final: Magnetisation = (0.477502,0.012662), Energy = -1.463307 
<M> = (0.488250,-0.114765), <E> = -1.466602 

T=0.930000	 Thermalizing iterations... 
Done.
Thermalized Magnetisation = (0.486381,0.190185), Energy = -1.462528 
Averaging iterations... h=0.062500,0.000000
Done.
Final: Magnetisation = (0.527688,-0.158821), Energy = -1.469616 
<M> = (0.491226,-0.058508), <E> = -1.476911 

T=0.920000	 Thermalizing iterations... 
Done.
Thermalized Magnetisation = (0.514842,-0.173391), Energy = -1.509724 
Averaging iterations... h=0.062500,0.000000
Done.
Final: Magnetisation = (0.433758,-0.113989), Energy = -1.462138 
<M> = (0.499395,-0.104666), <E> = -1.487540 

T=0.910000	 Thermalizing iterations... 
Done.
Thermalized Magnetisation = (0.544234,-0.042767), Energy = -1.499862 
Averaging iterations... h=0.062500,0.000000
Done.
Final: Magnetisation = (0.516604,0.002115), Energy = -1.493173 
<M> = (0.513913,-0.056681), <E> = -1.497625 

T=0.900000	 Thermalizing iterations... 
Done.
Thermalized Magnetisation = (0.517715,-0.083928), Energy = -1.484885 
Averaging iterations... h=0.062500,0.000000
Done.
Final: Magnetisation = (0.527661,-0.047333), Energy = -1.506513 
<M> = (0.512842,-0.067554), <E> = -1.507208 

T=0.890000	 Thermalizing iterations... 
Done.
Thermalized Magnetisation = (0.478519,-0.298656), Energy = -1.515741 
Averaging iterations... h=0.062500,0.000000
Done.
Final: Magnetisation = (0.507797,-0.182978), Energy = -1.498649 
<M> = (0.504488,-0.142269), <E> = -1.516997 

T=0.880000	 Thermalizing iterations... 
Done.
Thermalized Magnetisation = (0.502558,-0.161380), Energy = -1.521033 
Averaging iterations... h=0.062500,0.000000
Done.
Final: Magnetisation = (0.547848,-0.047108), Energy = -1.532825 
<M> = (0.514116,-0.055443), <E> = -1.526736 

T=0.870000	 Thermalizing iterations... 
Done.
Thermalized Magnetisation = (0.527990,-0.263092), Energy = -1.551355 
Averaging iterations... h=0.062500,0.000000
Done.
Final: Magnetisation = (0.528643,-0.291174), Energy = -1.552173 
<M> = (0.514724,-0.253150), <E> = -1.537224 

T=0.860000	 Thermalizing iterations... 
Done.
Thermalized Magnetisation = (0.540618,-0.050942), Energy = -1.560542 
Averaging iterations... h=0.062500,0.000000
Done.
Final: Magnetisation = (0.540964,-0.141655), Energy = -1.537798 
<M> = (0.518439,-0.177394), <E> = -1.546553 

T=0.850000	 Thermalizing iterations... 
Done.
Thermalized Magnetisation = (0.534154,0.156390), Energy = -1.551521 
Averaging iterations... h=0.062500,0.000000
Done.
Final: Magnetisation = (0.500196,-0.053510), Energy = -1.538899 
<M> = (0.523084,0.151005), <E> = -1.555503 

T=0.840000	 Thermalizing iterations... 
Done.
Thermalized Magnetisation = (0.516319,-0.250661), Energy = -1.589668 
Averaging iterations... h=0.062500,0.000000
Done.
Final: Magnetisation = (0.524807,-0.152594), Energy = -1.572234 
<M> = (0.530095,-0.134967), <E> = -1.564063 

T=0.830000	 Thermalizing iterations... 
Done.
Thermalized Magnetisation = (0.570193,0.003200), Energy = -1.592468 
Averaging iterations... h=0.062500,0.000000
Done.
Final: Magnetisation = (0.539931,0.085526), Energy = -1.579507 
<M> = (0.540946,-0.040247), <E> = -1.572441 

T=0.820000	 Thermalizing iterations... 
Done.
Thermalized Magnetisation = (0.525512,-0.076370), Energy = -1.573424 
Averaging iterations... h=0.062500,0.000000
Done.
Final: Magnetisation = (0.567880,-0.142271), Energy = -1.574617 
<M> = (0.542809,-0.028132), <E> = -1.580239 

T=0.810000	 Thermalizing iterations... 
Done.
Thermalized Magnetisation = (0.502490,-0.396491), Energy = -1.566892 
Averaging iterations... h=0.062500,0.000000
Done.
Final: Magnetisation = (0.530731,-0.236089), Energy = -1.574061 
<M> = (0.532065,-0.291969), <E> = -1.589472 

T=0.800000	 Thermalizing iterations... 
Done.
Thermalized Magnetisation = (0.484531,-0.418453), Energy = -1.595360 
Averaging iterations... h=0.062500,0.000000
Done.
Final: Magnetisation = (0.524995,-0.190043), Energy = -1.577198 
<M> = (0.531767,-0.254915), <E> = -1.598023 

T=0.790000	 Thermalizing iterations... 
Done.
Thermalized Magnetisation = (0.440413,-0.204026), Energy = -1.614697 
Averaging iterations... h=0.062500,0.000000
Done.
Final: Magnetisation = (0.556353,-0.077800), Energy = -1.599845 
<M> = (0.531392,-0.173994), <E> = -1.607722 

T=0.780000	 Thermalizing iterations... 
Done.
Thermalized Magnetisation = (0.496995,-0.120671), Energy = -1.606916 
Averaging iterations... h=0.062500,0.000000
Done.
Final: Magnetisation = (0.508650,-0.331798), Energy = -1.594241 
<M> = (0.535411,-0.239270), <E> = -1.614923 

T=0.770000	 Thermalizing iterations... 
Done.
Thermalized Magnetisation = (0.614181,-0.057922), Energy = -1.640531 
Averaging iterations... h=0.062500,0.000000
Done.
Final: Magnetisation = (0.558249,-0.206400), Energy = -1.619113 
<M> = (0.550084,-0.076111), <E> = -1.622366 

T=0.760000	 Thermalizing iterations... 
Done.
Thermalized Magnetisation = (0.570254,-0.207118), Energy = -1.604849 
Averaging iterations... h=0.062500,0.000000
Done.
Final: Magnetisation = (0.573333,-0.320985), Energy = -1.650257 
<M> = (0.544796,-0.238859), <E> = -1.630674 

T=0.750000	 Thermalizing iterations... 
Done.
Thermalized Magnetisation = (0.559681,-0.221560), Energy = -1.629163 
Averaging iterations... h=0.062500,0.000000
Done.
Final: Magnetisation = (0.529260,-0.316887), Energy = -1.634260 
<M> = (0.552182,-0.299174), <E> = -1.638025 

T=0.740000	 Thermalizing iterations... 
Done.
Thermalized Magnetisation = (0.514114,-0.425686), Energy = -1.659907 
Averaging iterations... h=0.062500,0.000000
Done.
Final: Magnetisation = (0.506551,-0.317895), Energy = -1.652025 
<M> = (0.540207,-0.325395), <E> = -1.645269 

T=0.730000	 Thermalizing iterations... 
Done.
Thermalized Magnetisation = (0.553881,-0.186711), Energy = -1.640208 
Averaging iterations... h=0.062500,0.000000
Done.
Final: Magnetisation = (0.587977,-0.138442), Energy = -1.660714 
<M> = (0.553117,-0.188142), <E> = -1.653084 

T=0.720000	 Thermalizing iterations... 
Done.
Thermalized Magnetisation = (0.553828,-0.174214), Energy = -1.646685 
Averaging iterations... h=0.062500,0.000000
Done.
Final: Magnetisation = (0.548457,-0.250485), Energy = -1.659772 
<M> = (0.545116,-0.260594), <E> = -1.660585 

T=0.710000	 Thermalizing iterations... 
Done.
Thermalized Magnetisation = (0.540783,-0.305717), Energy = -1.674836 
Averaging iterations... h=0.062500,0.000000
Done.
Final: Magnetisation = (0.520834,-0.463997), Energy = -1.679918 
<M> = (0.524056,-0.413979), <E> = -1.668967 

T=0.700000	 Thermalizing iterations... 
Done.
Thermalized Magnetisation = (0.535611,-0.262051), Energy = -1.689888 
Averaging iterations... h=0.062500,0.000000
Done.
Final: Magnetisation = (0.476981,-0.451748), Energy = -1.671092 
<M> = (0.533925,-0.292496), <E> = -1.675227 

T=0.690000	 Thermalizing iterations... 
Done.
Thermalized Magnetisation = (0.591039,-0.236787), Energy = -1.683850 
Averaging iterations... h=0.062500,0.000000
Done.
Final: Magnetisation = (0.460869,-0.521621), Energy = -1.673154 
<M> = (0.549122,-0.366730), <E> = -1.681994 

T=0.680000	 Thermalizing iterations... 
Done.
Thermalized Magnetisation = (0.488578,-0.476119), Energy = -1.688268 
Averaging iterations... h=0.062500,0.000000
Done.
Final: Magnetisation = (0.519509,-0.363194), Energy = -1.697611 
<M> = (0.541255,-0.433595), <E> = -1.689355 

T=0.670000	 Thermalizing iterations... 
Done.
Thermalized Magnetisation = (0.519318,-0.448822), Energy = -1.692018 
Averaging iterations... h=0.062500,0.000000
Done.
Final: Magnetisation = (0.625219,-0.185963), Energy = -1.708270 
<M> = (0.545371,-0.383623), <E> = -1.695988 

T=0.660000	 Thermalizing iterations... 
Done.
Thermalized Magnetisation = (0.534187,-0.378218), Energy = -1.691308 
Averaging iterations... h=0.062500,0.000000
Done.
Final: Magnetisation = (0.580072,-0.303611), Energy = -1.701209 
<M> = (0.541492,-0.404241), <E> = -1.702900 

T=0.650000	 Thermalizing iterations... 
Done.
Thermalized Magnetisation = (0.492511,-0.482627), Energy = -1.708050 
Averaging iterations... h=0.062500,0.000000
Done.
Final: Magnetisation = (0.493141,-0.390166), Energy = -1.693019 
<M> = (0.536975,-0.429006), <E> = -1.709890 

T=0.640000	 Thermalizing iterations... 
Done.
Thermalized Magnetisation = (0.516937,-0.514767), Energy = -1.721280 
Averaging iterations... h=0.062500,0.000000
Done.
Final: Magnetisation = (0.537314,-0.468215), Energy = -1.723745 
<M> = (0.524149,-0.477025), <E> = -1.717497 

T=0.630000	 Thermalizing iterations... 
Done.
Thermalized Magnetisation = (0.494022,-0.528913), Energy = -1.731332 
Averaging iterations... h=0.062500,0.000000
Done.
Final: Magnetisation = (0.558806,-0.426673), Energy = -1.722242 
<M> = (0.524489,-0.488770), <E> = -1.723975 

T=0.620000	 Thermalizing iterations... 
Done.
Thermalized Magnetisation = (0.530409,-0.447931), Energy = -1.734976 
Averaging iterations... h=0.062500,0.000000
Done.
Final: Magnetisation = (0.567206,-0.437576), Energy = -1.733701 
<M> = (0.548355,-0.427851), <E> = -1.729584 

T=0.610000	 Thermalizing iterations... 
Done.
Thermalized Magnetisation = (0.521048,-0.512824), Energy = -1.741793 
Averaging iterations... h=0.062500,0.000000
Done.
Final: Magnetisation = (0.498124,-0.504482), Energy = -1.731776 
<M> = (0.544046,-0.462837), <E> = -1.736482 

T=0.600000	 Thermalizing iterations... 
Done.
Thermalized Magnetisation = (0.514078,-0.547436), Energy = -1.749598 
Averaging iterations... h=0.062500,0.000000
Done.
Final: Magnetisation = (0.546571,-0.424476), Energy = -1.744395 
<M> = (0.551292,-0.450931), <E> = -1.742419 

T=0.590000	 Thermalizing iterations... 
Done.
Thermalized Magnetisation = (0.526494,-0.491110), Energy = -1.749664 
Averaging iterations... h=0.062500,0.000000
Done.
Final: Magnetisation = (0.550962,-0.487155), Energy = -1.759997 
<M> = (0.543649,-0.486245), <E> = -1.749398 

T=0.580000	 Thermalizing iterations... 
Done.
Thermalized Magnetisation = (0.566292,-0.489197), Energy = -1.768909 
Averaging iterations... h=0.062500,0.000000
Done.
Final: Magnetisation = (0.536988,-0.459659), Energy = -1.755031 
<M> = (0.538920,-0.497015), <E> = -1.755814 

T=0.570000	 Thermalizing iterations... 
Done.
Thermalized Magnetisation = (0.504706,-0.530174), Energy = -1.766055 
Averaging iterations... h=0.062500,0.000000
Done.
Final: Magnetisation = (0.577241,-0.437494), Energy = -1.765110 
<M> = (0.531943,-0.503644), <E> = -1.762685 

T=0.560000	 Thermalizing iterations... 
Done.
Thermalized Magnetisation = (0.527192,-0.540715), Energy = -1.775889 
Averaging iterations... h=0.062500,0.000000
Done.
Final: Magnetisation = (0.572820,-0.488191), Energy = -1.776072 
<M> = (0.522635,-0.520535), <E> = -1.768856 

T=0.550000	 Thermalizing iterations... 
Done.
Thermalized Magnetisation = (0.601069,-0.399907), Energy = -1.781915 
Averaging iterations... h=0.062500,0.000000
Done.
Final: Magnetisation = (0.530051,-0.526757), Energy = -1.780141 
<M> = (0.538212,-0.487199), <E> = -1.774580 

T=0.540000	 Thermalizing iterations... 
Done.
Thermalized Magnetisation = (0.550948,-0.512225), Energy = -1.779297 
Averaging iterations... h=0.062500,0.000000
Done.
Final: Magnetisation = (0.542724,-0.513813), Energy = -1.778954 
<M> = (0.546616,-0.485052), <E> = -1.780721 

T=0.530000	 Thermalizing iterations... 
Done.
Thermalized Magnetisation = (0.566445,-0.530367), Energy = -1.792216 
Averaging iterations... h=0.062500,0.000000
Done.
Final: Magnetisation = (0.549088,-0.524335), Energy = -1.794580 
<M> = (0.554447,-0.497286), <E> = -1.786404 

T=0.520000	 Thermalizing iterations... 
Done.
Thermalized Magnetisation = (0.525362,-0.504774), Energy = -1.794808 
Averaging iterations... h=0.062500,0.000000
Done.
Final: Magnetisation = (0.558801,-0.478644), Energy = -1.782701 
<M> = (0.546162,-0.517526), <E> = -1.792551 

T=0.510000	 Thermalizing iterations... 
Done.
Thermalized Magnetisation = (0.537364,-0.554604), Energy = -1.800860 
Averaging iterations... h=0.062500,0.000000
Done.
Final: Magnetisation = (0.566267,-0.508862), Energy = -1.796210 
<M> = (0.532516,-0.545601), <E> = -1.799247 

T=0.500000	 Thermalizing iterations... 
Done.
Thermalized Magnetisation = (0.508906,-0.584324), Energy = -1.806074 
Averaging iterations... h=0.062500,0.000000
Done.
Final: Magnetisation = (0.519388,-0.583318), Energy = -1.817009 
<M> = (0.532386,-0.552183), <E> = -1.805541 

T=0.490000	 Thermalizing iterations... 
Done.
Thermalized Magnetisation = (0.523195,-0.560147), Energy = -1.812908 
Averaging iterations... h=0.062500,0.000000
Done.
Final: Magnetisation = (0.503542,-0.598578), Energy = -1.806777 
<M> = (0.522911,-0.566173), <E> = -1.811963 

T=0.480000	 Thermalizing iterations... 
Done.
Thermalized Magnetisation = (0.568656,-0.510665), Energy = -1.817292 
Averaging iterations... h=0.062500,0.000000
Done.
Final: Magnetisation = (0.577189,-0.478881), Energy = -1.806751 
<M> = (0.528145,-0.558474), <E> = -1.817543 

T=0.470000	 Thermalizing iterations... 
Done.
Thermalized Magnetisation = (0.530744,-0.578318), Energy = -1.820592 
Averaging iterations... h=0.062500,0.000000
Done.
Final: Magnetisation = (0.548708,-0.565233), Energy = -1.834196 
<M> = (0.542071,-0.541453), <E> = -1.823084 

T=0.460000	 Thermalizing iterations... 
Done.
Thermalized Magnetisation = (0.565556,-0.538972), Energy = -1.817914 
Averaging iterations... h=0.062500,0.000000
Done.
Final: Magnetisation = (0.515020,-0.577088), Energy = -1.819691 
<M> = (0.543390,-0.557281), <E> = -1.828953 

T=0.450000	 Thermalizing iterations... 
Done.
Thermalized Magnetisation = (0.551035,-0.563739), Energy = -1.837647 
Averaging iterations... h=0.062500,0.000000
Done.
Final: Magnetisation = (0.569997,-0.524621), Energy = -1.826396 
<M> = (0.551418,-0.547194), <E> = -1.834719 

T=0.440000	 Thermalizing iterations... 
Done.
Thermalized Magnetisation = (0.517666,-0.575884), Energy = -1.838831 
Averaging iterations... h=0.062500,0.000000
Done.
Final: Magnetisation = (0.581276,-0.497609), Energy = -1.842301 
<M> = (0.543662,-0.568784), <E> = -1.840797 

T=0.430000	 Thermalizing iterations... 
Done.
Thermalized Magnetisation = (0.493742,-0.595337), Energy = -1.842116 
Averaging iterations... h=0.062500,0.000000
Done.
Final: Magnetisation = (0.571580,-0.534850), Energy = -1.835768 
<M> = (0.539225,-0.575328), <E> = -1.846756 

T=0.420000	 Thermalizing iterations... 
Done.
Thermalized Magnetisation = (0.512873,-0.605792), Energy = -1.852868 
Averaging iterations... h=0.062500,0.000000
Done.
Final: Magnetisation = (0.562167,-0.557070), Energy = -1.859600 
<M> = (0.530617,-0.588534), <E> = -1.853013 

T=0.410000	 Thermalizing iterations... 
Done.
Thermalized Magnetisation = (0.552530,-0.593036), Energy = -1.864338 
Averaging iterations... h=0.062500,0.000000
Done.
Final: Magnetisation = (0.542528,-0.578151), Energy = -1.857796 
<M> = (0.530027,-0.594159), <E> = -1.858643 

T=0.400000	 Thermalizing iterations... 
Done.
Thermalized Magnetisation = (0.544087,-0.574951), Energy = -1.860110 
Averaging iterations... h=0.062500,0.000000
Done.
Final: Magnetisation = (0.496747,-0.645794), Energy = -1.868646 
<M> = (0.535506,-0.590760), <E> = -1.863921 

T=0.390000	 Thermalizing iterations... 
Done.
Thermalized Magnetisation = (0.550887,-0.577615), Energy = -1.868336 
Averaging iterations... h=0.062500,0.000000
Done.
Final: Magnetisation = (0.523547,-0.601458), Energy = -1.868373 
<M> = (0.544803,-0.588840), <E> = -1.869462 

T=0.380000	 Thermalizing iterations... 
Done.
Thermalized Magnetisation = (0.528549,-0.586983), Energy = -1.868636 
Averaging iterations... h=0.062500,0.000000
Done.
Final: Magnetisation = (0.544588,-0.581910), Energy = -1.878094 
<M> = (0.544918,-0.584911), <E> = -1.875005 

T=0.370000	 Thermalizing iterations... 
Done.
Thermalized Magnetisation = (0.520752,-0.630467), Energy = -1.884369 
Averaging iterations... h=0.062500,0.000000
Done.
Final: Magnetisation = (0.597351,-0.539457), Energy = -1.882355 
<M> = (0.549325,-0.586534), <E> = -1.880667 

T=0.360000	 Thermalizing iterations... 
Done.
Thermalized Magnetisation = (0.530558,-0.616871), Energy = -1.885096 
Averaging iterations... h=0.062500,0.000000
Done.
Final: Magnetisation = (0.550025,-0.593945), Energy = -1.885831 
<M> = (0.543437,-0.599488), <E> = -1.886524 

T=0.350000	 Thermalizing iterations... 
Done.
Thermalized Magnetisation = (0.536463,-0.620480), Energy = -1.890254 
Averaging iterations... h=0.062500,0.000000
Done.
Final: Magnetisation = (0.539580,-0.588888), Energy = -1.885456 
<M> = (0.540120,-0.607898), <E> = -1.892371 

T=0.340000	 Thermalizing iterations... 
Done.
Thermalized Magnetisation = (0.557064,-0.592743), Energy = -1.891976 
Averaging iterations... h=0.062500,0.000000
Done.
Final: Magnetisation = (0.548889,-0.623078), Energy = -1.898476 
<M> = (0.534715,-0.616688), <E> = -1.898036 

T=0.330000	 Thermalizing iterations... 
Done.
Thermalized Magnetisation = (0.535229,-0.607642), Energy = -1.897735 
Averaging iterations... h=0.062500,0.000000
Done.
Final: Magnetisation = (0.536689,-0.588862), Energy = -1.901530 
<M> = (0.530935,-0.626242), <E> = -1.903512 

T=0.320000	 Thermalizing iterations... 
Done.
Thermalized Magnetisation = (0.539741,-0.632019), Energy = -1.907041 
Averaging iterations... h=0.062500,0.000000
Done.
Final: Magnetisation = (0.517837,-0.650123), Energy = -1.911256 
<M> = (0.541923,-0.618777), <E> = -1.908832 

T=0.310000	 Thermalizing iterations... 
Done.
Thermalized Magnetisation = (0.554370,-0.617543), Energy = -1.913388 
Averaging iterations... h=0.062500,0.000000
Done.
Final: Magnetisation = (0.546756,-0.607526), Energy = -1.913925 
<M> = (0.550588,-0.611688), <E> = -1.914239 

T=0.300000	 Thermalizing iterations... 
Done.
Thermalized Magnetisation = (0.547605,-0.633269), Energy = -1.920085 
Averaging iterations... h=0.062500,0.000000
Done.
Final: Magnetisation = (0.603453,-0.552595), Energy = -1.920274 
<M> = (0.555118,-0.610360), <E> = -1.919596 

T=0.290000	 Thermalizing iterations... 
Done.
Thermalized Magnetisation = (0.523141,-0.619782), Energy = -1.923595 
Averaging iterations... h=0.062500,0.000000
Done.
Final: Magnetisation = (0.564923,-0.603984), Energy = -1.924688 
<M> = (0.548353,-0.620867), <E> = -1.925194 

T=0.280000	 Thermalizing iterations... 
Done.
Thermalized Magnetisation = (0.524278,-0.649074), Energy = -1.930543 
Averaging iterations... h=0.062500,0.000000
Done.
Final: Magnetisation = (0.547770,-0.604322), Energy = -1.926940 
<M> = (0.546050,-0.627315), <E> = -1.930822 

T=0.270000	 Thermalizing iterations... 
Done.
Thermalized Magnetisation = (0.502478,-0.673403), Energy = -1.936973 
Averaging iterations... h=0.062500,0.000000
Done.
Final: Magnetisation = (0.544521,-0.643972), Energy = -1.933151 
<M> = (0.538607,-0.640903), <E> = -1.936316 

T=0.260000	 Thermalizing iterations... 
Done.
Thermalized Magnetisation = (0.566901,-0.621326), Energy = -1.941760 
Averaging iterations... h=0.062500,0.000000
Done.
Final: Magnetisation = (0.523040,-0.640842), Energy = -1.940549 
<M> = (0.538496,-0.643568), <E> = -1.941771 

T=0.250000	 Thermalizing iterations... 
Done.
Thermalized Magnetisation = (0.566941,-0.618396), Energy = -1.949091 
Averaging iterations... h=0.062500,0.000000
Done.
Final: Magnetisation = (0.536976,-0.651394), Energy = -1.949465 
<M> = (0.544661,-0.639714), <E> = -1.947045 

T=0.240000	 Thermalizing iterations... 
Done.
Thermalized Magnetisation = (0.573129,-0.601819), Energy = -1.953303 
Averaging iterations... h=0.062500,0.000000
Done.
Final: Magnetisation = (0.536605,-0.655963), Energy = -1.952954 
<M> = (0.551128,-0.637565), <E> = -1.952329 

T=0.230000	 Thermalizing iterations... 
Done.
Thermalized Magnetisation = (0.553292,-0.649874), Energy = -1.960309 
Averaging iterations... h=0.062500,0.000000
Done.
Final: Magnetisation = (0.527602,-0.650850), Energy = -1.959448 
<M> = (0.554287,-0.635504), <E> = -1.957523 

T=0.220000	 Thermalizing iterations... 
Done.
Thermalized Magnetisation = (0.573150,-0.627656), Energy = -1.958445 
Averaging iterations... h=0.062500,0.000000
Done.
Final: Magnetisation = (0.565230,-0.645453), Energy = -1.958386 
<M> = (0.554031,-0.641042), <E> = -1.962857 

T=0.210000	 Thermalizing iterations... 
Done.
Thermalized Magnetisation = (0.546321,-0.653483), Energy = -1.968315 
Averaging iterations... h=0.062500,0.000000
Done.
Final: Magnetisation = (0.536221,-0.659562), Energy = -1.969746 
<M> = (0.547547,-0.651318), <E> = -1.968308 

T=0.200000	 Thermalizing iterations... 
Done.
Thermalized Magnetisation = (0.558102,-0.650644), Energy = -1.970815 
Averaging iterations... h=0.062500,0.000000
Done.
Final: Magnetisation = (0.569021,-0.636600), Energy = -1.969667 
<M> = (0.549455,-0.652856), <E> = -1.973684 

T=0.190000	 Thermalizing iterations... 
Done.
Thermalized Magnetisation = (0.528179,-0.675866), Energy = -1.976393 
Averaging iterations... h=0.062500,0.000000
Done.
Final: Magnetisation = (0.537487,-0.650239), Energy = -1.981082 
<M> = (0.545055,-0.659303), <E> = -1.978984 

T=0.180000	 Thermalizing iterations... 
Done.
Thermalized Magnetisation = (0.574446,-0.644695), Energy = -1.986985 
Averaging iterations... h=0.062500,0.000000
Done.
Final: Magnetisation = (0.541076,-0.659465), Energy = -1.983021 
<M> = (0.547442,-0.662527), <E> = -1.984243 

T=0.170000	 Thermalizing iterations... 
Done.
Thermalized Magnetisation = (0.536022,-0.670700), Energy = -1.984476 
Averaging iterations... h=0.062500,0.000000
Done.
Final: Magnetisation = (0.553477,-0.662188), Energy = -1.989232 
<M> = (0.551141,-0.662514), <E> = -1.989319 

T=0.160000	 Thermalizing iterations... 
Done.
Thermalized Magnetisation = (0.529769,-0.671820), Energy = -1.995794 
Averaging iterations... h=0.062500,0.000000
Done.
Final: Magnetisation = (0.538957,-0.674828), Energy = -1.996123 
<M> = (0.550269,-0.663645), <E> = -1.994491 

T=0.150000	 Thermalizing iterations... 
Done.
Thermalized Magnetisation = (0.567958,-0.652988), Energy = -1.999184 
Averaging iterations... h=0.062500,0.000000
Done.
Final: Magnetisation = (0.557785,-0.656855), Energy = -1.998794 
<M> = (0.551578,-0.669878), <E> = -1.999783 

T=0.140000	 Thermalizing iterations... 
Done.
Thermalized Magnetisation = (0.551710,-0.666283), Energy = -2.006078 
Averaging iterations... h=0.062500,0.000000
Done.
Final: Magnetisation = (0.542818,-0.679930), Energy = -2.005796 
<M> = (0.552046,-0.672139), <E> = -2.004997 

T=0.130000	 Thermalizing iterations... 
Done.
Thermalized Magnetisation = (0.545197,-0.682797), Energy = -2.012250 
Averaging iterations... h=0.062500,0.000000
Done.
Final: Magnetisation = (0.549140,-0.664867), Energy = -2.010146 
<M> = (0.552809,-0.672036), <E> = -2.010186 

T=0.120000	 Thermalizing iterations... 
Done.
Thermalized Magnetisation = (0.546541,-0.687548), Energy = -2.013590 
Averaging iterations... h=0.062500,0.000000
Done.
Final: Magnetisation = (0.562749,-0.667652), Energy = -2.015898 
<M> = (0.546152,-0.682688), <E> = -2.015463 

T=0.110000	 Thermalizing iterations... 
Done.
Thermalized Magnetisation = (0.544979,-0.690757), Energy = -2.021177 
Averaging iterations... h=0.062500,0.000000
Done.
Final: Magnetisation = (0.561051,-0.672897), Energy = -2.019546 
<M> = (0.551341,-0.681373), <E> = -2.020598 

T=0.100000	 Thermalizing iterations... 
Done.
Thermalized Magnetisation = (0.559889,-0.675770), Energy = -2.027361 
Averaging iterations... h=0.062500,0.000000
Done.
Final: Magnetisation = (0.549715,-0.689397), Energy = -2.026296 
<M> = (0.553599,-0.681033), <E> = -2.025666 

T=0.090000	 Thermalizing iterations... 
Done.
Thermalized Magnetisation = (0.554014,-0.683765), Energy = -2.030557 
Averaging iterations... h=0.062500,0.000000
Done.
Final: Magnetisation = (0.549507,-0.687094), Energy = -2.030660 
<M> = (0.559318,-0.680996), <E> = -2.030778 

T=0.080000	 Thermalizing iterations... 
Done.
Thermalized Magnetisation = (0.543217,-0.706182), Energy = -2.036304 
Averaging iterations... h=0.062500,0.000000
Done.
Final: Magnetisation = (0.559212,-0.681140), Energy = -2.036838 
<M> = (0.554250,-0.688030), <E> = -2.035859 

T=0.070000	 Thermalizing iterations... 
Done.
Thermalized Magnetisation = (0.557170,-0.687358), Energy = -2.041389 
Averaging iterations... h=0.062500,0.000000
Done.
Final: Magnetisation = (0.556823,-0.690955), Energy = -2.040677 
<M> = (0.554614,-0.689489), <E> = -2.041015 

T=0.060000	 Thermalizing iterations... 
Done.
Thermalized Magnetisation = (0.551445,-0.688128), Energy = -2.045457 
Averaging iterations... h=0.062500,0.000000
Done.
Final: Magnetisation = (0.554514,-0.688402), Energy = -2.046617 
<M> = (0.553301,-0.693638), <E> = -2.046135 

T=0.050000	 Thermalizing iterations... 
Done.
Thermalized Magnetisation = (0.560897,-0.687522), Energy = -2.050980 
Averaging iterations... h=0.062500,0.000000
Done.
Final: Magnetisation = (0.549834,-0.699939), Energy = -2.051021 
<M> = (0.555458,-0.696709), <E> = -2.051169 

T=0.040000	 Thermalizing iterations... 
Done.
Thermalized Magnetisation = (0.548973,-0.701970), Energy = -2.056220 
Averaging iterations... h=0.062500,0.000000
Done.
Final: Magnetisation = (0.560115,-0.696304), Energy = -2.056361 
<M> = (0.555369,-0.699074), <E> = -2.056235 

T=0.030000	 Thermalizing iterations... 
Done.
Thermalized Magnetisation = (0.555768,-0.697550), Energy = -2.060907 
Averaging iterations... h=0.062500,0.000000
Done.
Final: Magnetisation = (0.555435,-0.703196), Energy = -2.061191 
<M> = (0.553709,-0.704841), <E> = -2.061292 

T=0.020000	 Thermalizing iterations... 
Done.
Thermalized Magnetisation = (0.557711,-0.704907), Energy = -2.066280 
Averaging iterations... h=0.062500,0.000000
Done.
Final: Magnetisation = (0.550219,-0.707945), Energy = -2.066468 
<M> = (0.552923,-0.707543), <E> = -2.066301 

T=0.010000	 Thermalizing iterations... 
Done.
Thermalized Magnetisation = (0.556657,-0.707188), Energy = -2.071287 
Averaging iterations... h=0.062500,0.000000
Done.
Final: Magnetisation = (0.556312,-0.707464), Energy = -2.071195 
<M> = (0.558755,-0.706080), <E> = -2.071322 
Final Magnetisation = (0.556312,-0.707464), Energy = -2.071195 
------------------------

Updating all (first)black/(then)white checkerboard sites simultaneously.. 

ztne RFXY h rotating with |h|=0.062500 at T=0.000000..
loop 1

loop 2

CPU  Start Time = 5524609.135587 

CPU  End Time = 5533374.811764 

CPU Time elapsed total = 8765.676178 

real	146m5.685s
user	2513m48.093s
sys	1m14.842s
