nearest neighbor initialized. 
J loaded. 
h loaded. 
L = 16, dim_L = 2, dim_S = 2
hysteresis_MCS_multiplier = 10, hysteresis_MCS_max = 100
RAND_MAX = 2147483647.000000,
 sizeof(int) = 4,
 sizeof(long) = 8,
 sizeof(double) = 8,
 sizeof(long int) = 8,
 sizeof(short int) = 2,
 sizeof(unsigned int) = 4,
 sizeof(RAND_MAX) = 4

OpenMP Active.

No. of THREADS = 24
No. of PROCESSORS = 24

-0.066041,-0.023724
order = ({1.000000-->-1.000000,0.000000}, 0, 1)
Initial Magnetisation = (-0.066041,-0.023724), Energy = 0.170982 
Cooling... 
T=2.000000	 Thermalizing iterations... 
Done.
Thermalized Magnetisation = (0.315164,-0.088467), Energy = -0.967736 
Averaging iterations... h=0.071429,0.000000
Done.
Final: Magnetisation = (-0.108906,-0.056305), Energy = -0.232872 
<M> = (0.066741,0.009310), <E> = -0.919907 

T=1.950000	 Thermalizing iterations... 
Done.
Thermalized Magnetisation = (-0.521286,0.050553), Energy = -1.081803 
Averaging iterations... h=0.071429,0.000000
Done.
Final: Magnetisation = (0.190069,-0.462023), Energy = -0.733539 
<M> = (0.063344,0.009024), <E> = -0.929783 

T=1.900000	 Thermalizing iterations... 
Done.
Thermalized Magnetisation = (0.236271,-0.302656), Energy = -1.235935 
Averaging iterations... h=0.071429,0.000000
Done.
Final: Magnetisation = (-0.096672,-0.069064), Energy = -1.082296 
<M> = (0.056703,0.015034), <E> = -0.959659 

T=1.850000	 Thermalizing iterations... 
Done.
Thermalized Magnetisation = (0.158902,-0.500139), Energy = -1.228458 
Averaging iterations... h=0.071429,0.000000
Done.
Final: Magnetisation = (0.061289,-0.050176), Energy = -0.851026 
<M> = (0.077869,0.000861), <E> = -0.977626 

T=1.800000	 Thermalizing iterations... 
Done.
Thermalized Magnetisation = (-0.033584,0.091927), Energy = -0.730032 
Averaging iterations... h=0.071429,0.000000
Done.
Final: Magnetisation = (-0.187385,-0.286587), Energy = -0.921158 
<M> = (0.069597,0.014156), <E> = -0.978204 

T=1.750000	 Thermalizing iterations... 
Done.
Thermalized Magnetisation = (0.148414,0.073137), Energy = -1.084380 
Averaging iterations... h=0.071429,0.000000
Done.
Final: Magnetisation = (-0.168425,0.194131), Energy = -0.993570 
<M> = (0.077216,-0.008436), <E> = -0.996944 

T=1.700000	 Thermalizing iterations... 
Done.
Thermalized Magnetisation = (0.022135,0.023137), Energy = -0.721157 
Averaging iterations... h=0.071429,0.000000
Done.
Final: Magnetisation = (0.078620,0.266535), Energy = -1.009297 
<M> = (0.074818,0.003391), <E> = -1.033406 

T=1.650000	 Thermalizing iterations... 
Done.
Thermalized Magnetisation = (-0.015467,0.123151), Energy = -1.066973 
Averaging iterations... h=0.071429,0.000000
Done.
Final: Magnetisation = (-0.147024,-0.254324), Energy = -1.171980 
<M> = (0.073604,-0.024297), <E> = -1.044057 

T=1.600000	 Thermalizing iterations... 
Done.
Thermalized Magnetisation = (-0.272270,-0.082308), Energy = -1.167235 
Averaging iterations... h=0.071429,0.000000
Done.
Final: Magnetisation = (-0.141842,-0.478677), Energy = -0.888440 
<M> = (0.094365,-0.018864), <E> = -1.073538 

T=1.550000	 Thermalizing iterations... 
Done.
Thermalized Magnetisation = (0.256072,-0.208809), Energy = -0.938342 
Averaging iterations... h=0.071429,0.000000
Done.
Final: Magnetisation = (-0.090366,0.402571), Energy = -1.098179 
<M> = (0.092607,0.007778), <E> = -1.086763 

T=1.500000	 Thermalizing iterations... 
Done.
Thermalized Magnetisation = (-0.113915,0.232567), Energy = -1.283615 
Averaging iterations... h=0.071429,0.000000
Done.
Final: Magnetisation = (-0.245640,0.156149), Energy = -0.917943 
<M> = (0.111096,0.001968), <E> = -1.112345 

T=1.450000	 Thermalizing iterations... 
Done.
Thermalized Magnetisation = (0.239919,0.198561), Energy = -1.233939 
Averaging iterations... h=0.071429,0.000000
Done.
Final: Magnetisation = (0.240757,0.140590), Energy = -1.029795 
<M> = (0.121167,0.005637), <E> = -1.140545 

T=1.400000	 Thermalizing iterations... 
Done.
Thermalized Magnetisation = (-0.082409,-0.233766), Energy = -0.808711 
Averaging iterations... h=0.071429,0.000000
Done.
Final: Magnetisation = (0.277446,0.319390), Energy = -1.210591 
<M> = (0.132318,-0.017184), <E> = -1.168959 

T=1.350000	 Thermalizing iterations... 
Done.
Thermalized Magnetisation = (0.184107,-0.517650), Energy = -1.059700 
Averaging iterations... h=0.071429,0.000000
Done.
Final: Magnetisation = (0.261989,-0.616725), Energy = -1.242876 
<M> = (0.127134,0.003941), <E> = -1.194341 

T=1.300000	 Thermalizing iterations... 
Done.
Thermalized Magnetisation = (0.001285,0.286478), Energy = -1.060247 
Averaging iterations... h=0.071429,0.000000
Done.
Final: Magnetisation = (0.056068,-0.223543), Energy = -0.869688 
<M> = (0.149567,0.004345), <E> = -1.216525 

T=1.250000	 Thermalizing iterations... 
Done.
Thermalized Magnetisation = (0.304405,0.552273), Energy = -1.354694 
Averaging iterations... h=0.071429,0.000000
Done.
Final: Magnetisation = (-0.201765,0.169862), Energy = -1.185449 
<M> = (0.157982,-0.015554), <E> = -1.247358 

T=1.200000	 Thermalizing iterations... 
Done.
Thermalized Magnetisation = (0.297385,-0.050442), Energy = -1.368170 
Averaging iterations... h=0.071429,0.000000
Done.
Final: Magnetisation = (0.240106,0.278875), Energy = -1.159278 
<M> = (0.203146,0.049777), <E> = -1.290174 

T=1.150000	 Thermalizing iterations... 
Done.
Thermalized Magnetisation = (-0.093846,-0.398617), Energy = -1.168542 
Averaging iterations... h=0.071429,0.000000
Done.
Final: Magnetisation = (0.340974,0.617438), Energy = -1.404990 
<M> = (0.203810,-0.021645), <E> = -1.306937 

T=1.100000	 Thermalizing iterations... 
Done.
Thermalized Magnetisation = (0.232405,-0.235128), Energy = -1.243943 
Averaging iterations... h=0.071429,0.000000
Done.
Final: Magnetisation = (0.437223,-0.239399), Energy = -1.458204 
<M> = (0.229509,0.000218), <E> = -1.351544 

T=1.050000	 Thermalizing iterations... 
Done.
Thermalized Magnetisation = (0.432432,-0.266442), Energy = -1.217466 
Averaging iterations... h=0.071429,0.000000
Done.
Final: Magnetisation = (0.142464,-0.100057), Energy = -1.200142 
<M> = (0.264628,-0.059486), <E> = -1.399391 

T=1.000000	 Thermalizing iterations... 
Done.
Thermalized Magnetisation = (0.662302,0.273513), Energy = -1.571416 
Averaging iterations... h=0.071429,0.000000
Done.
Final: Magnetisation = (0.032196,-0.205112), Energy = -1.129771 
<M> = (0.308772,0.016490), <E> = -1.422314 

T=0.950000	 Thermalizing iterations... 
Done.
Thermalized Magnetisation = (0.612940,0.325560), Energy = -1.660743 
Averaging iterations... h=0.071429,0.000000
Done.
Final: Magnetisation = (0.366363,0.440081), Energy = -1.404483 
<M> = (0.334054,0.026936), <E> = -1.466714 

T=0.900000	 Thermalizing iterations... 
Done.
Thermalized Magnetisation = (0.564441,-0.095889), Energy = -1.567666 
Averaging iterations... h=0.071429,0.000000
Done.
Final: Magnetisation = (0.029047,-0.396724), Energy = -1.474270 
<M> = (0.349724,-0.071385), <E> = -1.505947 

T=0.850000	 Thermalizing iterations... 
Done.
Thermalized Magnetisation = (0.450979,0.117068), Energy = -1.415473 
Averaging iterations... h=0.071429,0.000000
Done.
Final: Magnetisation = (0.567617,0.245227), Energy = -1.560015 
<M> = (0.403142,0.046362), <E> = -1.547714 

T=0.800000	 Thermalizing iterations... 
Done.
Thermalized Magnetisation = (0.725861,-0.342334), Energy = -1.711663 
Averaging iterations... h=0.071429,0.000000
Done.
Final: Magnetisation = (0.578087,0.188970), Energy = -1.574883 
<M> = (0.413263,0.043261), <E> = -1.589411 

T=0.750000	 Thermalizing iterations... 
Done.
Thermalized Magnetisation = (0.523586,0.289947), Energy = -1.606668 
Averaging iterations... h=0.071429,0.000000
Done.
Final: Magnetisation = (0.692837,0.445707), Energy = -1.648726 
<M> = (0.517322,-0.172608), <E> = -1.644839 

T=0.700000	 Thermalizing iterations... 
Done.
Thermalized Magnetisation = (0.787163,-0.299132), Energy = -1.722490 
Averaging iterations... h=0.071429,0.000000
Done.
Final: Magnetisation = (0.486155,-0.621727), Energy = -1.682834 
<M> = (0.526869,-0.001301), <E> = -1.677113 

T=0.650000	 Thermalizing iterations... 
Done.
Thermalized Magnetisation = (0.529821,0.462456), Energy = -1.741141 
Averaging iterations... h=0.071429,0.000000
Done.
Final: Magnetisation = (0.759808,0.074975), Energy = -1.796321 
<M> = (0.604873,0.028583), <E> = -1.720734 

T=0.600000	 Thermalizing iterations... 
Done.
Thermalized Magnetisation = (0.651015,0.593952), Energy = -1.719409 
Averaging iterations... h=0.071429,0.000000
Done.
Final: Magnetisation = (0.830189,-0.306077), Energy = -1.781126 
<M> = (0.638314,0.051048), <E> = -1.750704 

T=0.550000	 Thermalizing iterations... 
Done.
Thermalized Magnetisation = (0.609937,-0.618031), Energy = -1.842646 
Averaging iterations... h=0.071429,0.000000
Done.
Final: Magnetisation = (0.556770,-0.569789), Energy = -1.693696 
<M> = (0.609359,0.082303), <E> = -1.783265 

T=0.500000	 Thermalizing iterations... 
Done.
Thermalized Magnetisation = (0.694485,-0.400970), Energy = -1.830376 
Averaging iterations... h=0.071429,0.000000
Done.
Final: Magnetisation = (0.596297,-0.516194), Energy = -1.721600 
<M> = (0.686925,-0.021305), <E> = -1.817965 

T=0.450000	 Thermalizing iterations... 
Done.
Thermalized Magnetisation = (0.803761,0.098555), Energy = -1.910853 
Averaging iterations... h=0.071429,0.000000
Done.
Final: Magnetisation = (0.640250,-0.525350), Energy = -1.848846 
<M> = (0.682342,0.145616), <E> = -1.845868 

T=0.400000	 Thermalizing iterations... 
Done.
Thermalized Magnetisation = (0.874557,0.130761), Energy = -1.888864 
Averaging iterations... h=0.071429,0.000000
Done.
Final: Magnetisation = (0.847766,0.137236), Energy = -1.894789 
<M> = (0.648714,-0.307219), <E> = -1.875050 

T=0.350000	 Thermalizing iterations... 
Done.
Thermalized Magnetisation = (0.839235,0.351544), Energy = -1.964522 
Averaging iterations... h=0.071429,0.000000
Done.
Final: Magnetisation = (0.640414,-0.478788), Energy = -1.859520 
<M> = (0.718302,-0.053427), <E> = -1.902616 

T=0.300000	 Thermalizing iterations... 
Done.
Thermalized Magnetisation = (0.843492,-0.061678), Energy = -1.902099 
Averaging iterations... h=0.071429,0.000000
Done.
Final: Magnetisation = (0.868470,-0.208557), Energy = -1.859864 
<M> = (0.756542,0.253928), <E> = -1.930674 

T=0.250000	 Thermalizing iterations... 
Done.
Thermalized Magnetisation = (0.927894,0.179982), Energy = -1.974258 
Averaging iterations... h=0.071429,0.000000
Done.
Final: Magnetisation = (0.864870,-0.357432), Energy = -1.979777 
<M> = (0.757460,-0.024235), <E> = -1.955150 

T=0.200000	 Thermalizing iterations... 
Done.
Thermalized Magnetisation = (0.682154,-0.607051), Energy = -2.005866 
Averaging iterations... h=0.071429,0.000000
Done.
Final: Magnetisation = (0.862608,-0.117818), Energy = -1.953652 
<M> = (0.766942,-0.136738), <E> = -1.981600 

T=0.150000	 Thermalizing iterations... 
Done.
Thermalized Magnetisation = (0.814382,-0.471295), Energy = -2.012546 
Averaging iterations... h=0.071429,0.000000
Done.
Final: Magnetisation = (0.796700,0.410028), Energy = -1.999883 
<M> = (0.768488,-0.049872), <E> = -2.007856 

T=0.100000	 Thermalizing iterations... 
Done.
Thermalized Magnetisation = (0.888518,0.185850), Energy = -2.036450 
Averaging iterations... h=0.071429,0.000000
Done.
Final: Magnetisation = (0.873933,-0.351771), Energy = -2.033315 
<M> = (0.776753,-0.491133), <E> = -2.032418 

T=0.050000	 Thermalizing iterations... 
Done.
Thermalized Magnetisation = (0.895192,-0.333161), Energy = -2.055822 
Averaging iterations... h=0.071429,0.000000
Done.
Final: Magnetisation = (0.752104,-0.582941), Energy = -2.057932 
<M> = (0.796954,-0.518017), <E> = -2.058895 
Final Magnetisation = (0.752104,-0.582941), Energy = -2.057932 
------------------------

Updating all (first)black/(then)white checkerboard sites simultaneously.. 

ztne RFXY h rotating with |h|=0.071429 at T=0.000000..
loop 1

loop 2

Cooling protocol time (from T=2.000000 to T=0.000000) = 53.442811 

CPU Time elapsed total = 53.456355 
All done - 54 seconds elapsed.
