nearest neighbor initialized. 
J loaded. 
h loaded. 
L = 32, dim_L = 2, dim_S = 2
hysteresis_MCS_multiplier = 10, hysteresis_MCS_max = 100
RAND_MAX = 2147483647.000000,
 sizeof(int) = 4,
 sizeof(long) = 8,
 sizeof(double) = 8,
 sizeof(long int) = 8,
 sizeof(short int) = 2,
 sizeof(unsigned int) = 4,
 sizeof(RAND_MAX) = 4

OpenMP Active.

No. of THREADS = 24
No. of PROCESSORS = 24

0.141860,0.076177
order = ({1.000000-->-1.000000,0.000000}, 0, 1)
Initial Magnetisation = (0.141860,0.076177), Energy = -0.016268 
Cooling... 
T=2.000000	 Thermalizing iterations... 
Done.
Thermalized Magnetisation = (0.042383,-0.260102), Energy = -0.561631 
Averaging iterations... h=0.062500,0.000000
Done.
Final: Magnetisation = (-0.046348,0.033765), Energy = -0.597168 
<M> = (0.060212,0.003445), <E> = -0.750764 

T=1.950000	 Thermalizing iterations... 
Done.
Thermalized Magnetisation = (0.060864,0.170884), Energy = -0.751081 
Averaging iterations... h=0.062500,0.000000
Done.
Final: Magnetisation = (-0.047427,0.047611), Energy = -0.667425 
<M> = (0.059557,0.001751), <E> = -0.769997 

T=1.900000	 Thermalizing iterations... 
Done.
Thermalized Magnetisation = (-0.088506,0.030110), Energy = -0.833241 
Averaging iterations... h=0.062500,0.000000
Done.
Final: Magnetisation = (0.016782,0.069506), Energy = -0.908166 
<M> = (0.067236,0.004589), <E> = -0.788213 

T=1.850000	 Thermalizing iterations... 
Done.
Thermalized Magnetisation = (-0.058460,0.140544), Energy = -0.764005 
Averaging iterations... h=0.062500,0.000000
Done.
Final: Magnetisation = (-0.027146,-0.144475), Energy = -0.859110 
<M> = (0.072986,0.001399), <E> = -0.809581 

T=1.800000	 Thermalizing iterations... 
Done.
Thermalized Magnetisation = (0.040605,0.052508), Energy = -0.781954 
Averaging iterations... h=0.062500,0.000000
Done.
Final: Magnetisation = (0.108046,0.197690), Energy = -0.863101 
<M> = (0.079263,0.004686), <E> = -0.831742 

T=1.750000	 Thermalizing iterations... 
Done.
Thermalized Magnetisation = (0.252131,-0.063290), Energy = -0.675843 
Averaging iterations... h=0.062500,0.000000
Done.
Final: Magnetisation = (0.193687,-0.149137), Energy = -0.861142 
<M> = (0.085395,0.001217), <E> = -0.854213 

T=1.700000	 Thermalizing iterations... 
Done.
Thermalized Magnetisation = (0.088505,0.069230), Energy = -0.858724 
Averaging iterations... h=0.062500,0.000000
Done.
Final: Magnetisation = (0.228087,-0.049619), Energy = -1.015157 
<M> = (0.087960,-0.002113), <E> = -0.879502 

T=1.650000	 Thermalizing iterations... 
Done.
Thermalized Magnetisation = (0.169973,0.203396), Energy = -0.969788 
Averaging iterations... h=0.062500,0.000000
Done.
Final: Magnetisation = (0.049383,-0.064260), Energy = -0.819944 
<M> = (0.096425,-0.002060), <E> = -0.903048 

T=1.600000	 Thermalizing iterations... 
Done.
Thermalized Magnetisation = (-0.045123,0.133604), Energy = -0.968775 
Averaging iterations... h=0.062500,0.000000
Done.
Final: Magnetisation = (-0.000242,-0.189336), Energy = -0.816599 
<M> = (0.114922,-0.000073), <E> = -0.932851 

T=1.550000	 Thermalizing iterations... 
Done.
Thermalized Magnetisation = (0.229868,0.156478), Energy = -1.015451 
Averaging iterations... h=0.062500,0.000000
Done.
Final: Magnetisation = (0.196900,0.082650), Energy = -1.043562 
<M> = (0.113003,0.003357), <E> = -0.958599 

T=1.500000	 Thermalizing iterations... 
Done.
Thermalized Magnetisation = (-0.030091,-0.229864), Energy = -1.001956 
Averaging iterations... h=0.062500,0.000000
Done.
Final: Magnetisation = (0.088525,0.059602), Energy = -1.000949 
<M> = (0.136737,0.007111), <E> = -0.988145 

T=1.450000	 Thermalizing iterations... 
Done.
Thermalized Magnetisation = (0.072864,0.165909), Energy = -0.916519 
Averaging iterations... h=0.062500,0.000000
Done.
Final: Magnetisation = (-0.046416,0.017062), Energy = -0.785223 
<M> = (0.145232,0.003479), <E> = -1.019328 

T=1.400000	 Thermalizing iterations... 
Done.
Thermalized Magnetisation = (-0.015090,0.126641), Energy = -1.091279 
Averaging iterations... h=0.062500,0.000000
Done.
Final: Magnetisation = (0.173362,-0.113848), Energy = -1.206751 
<M> = (0.158478,0.010849), <E> = -1.055490 

T=1.350000	 Thermalizing iterations... 
Done.
Thermalized Magnetisation = (0.362574,-0.214033), Energy = -1.107643 
Averaging iterations... h=0.062500,0.000000
Done.
Final: Magnetisation = (0.018179,0.076395), Energy = -1.060549 
<M> = (0.177357,-0.003708), <E> = -1.092140 

T=1.300000	 Thermalizing iterations... 
Done.
Thermalized Magnetisation = (0.100503,0.037749), Energy = -1.115223 
Averaging iterations... h=0.062500,0.000000
Done.
Final: Magnetisation = (0.421490,0.220922), Energy = -1.236124 
<M> = (0.192400,0.010009), <E> = -1.132105 

T=1.250000	 Thermalizing iterations... 
Done.
Thermalized Magnetisation = (0.144690,-0.157911), Energy = -1.075675 
Averaging iterations... h=0.062500,0.000000
Done.
Final: Magnetisation = (0.105963,-0.175714), Energy = -1.147245 
<M> = (0.221372,0.004702), <E> = -1.170267 

T=1.200000	 Thermalizing iterations... 
Done.
Thermalized Magnetisation = (-0.137137,0.263046), Energy = -1.276449 
Averaging iterations... h=0.062500,0.000000
Done.
Final: Magnetisation = (0.320063,-0.224506), Energy = -1.338356 
<M> = (0.243013,0.006235), <E> = -1.218522 

T=1.150000	 Thermalizing iterations... 
Done.
Thermalized Magnetisation = (0.332529,-0.070042), Energy = -1.074841 
Averaging iterations... h=0.062500,0.000000
Done.
Final: Magnetisation = (0.150251,0.461136), Energy = -1.232408 
<M> = (0.278355,0.007577), <E> = -1.258071 

T=1.100000	 Thermalizing iterations... 
Done.
Thermalized Magnetisation = (0.513677,0.141170), Energy = -1.312920 
Averaging iterations... h=0.062500,0.000000
Done.
Final: Magnetisation = (0.309622,-0.055982), Energy = -1.175250 
<M> = (0.324568,0.011248), <E> = -1.311165 

T=1.050000	 Thermalizing iterations... 
Done.
Thermalized Magnetisation = (0.276022,0.134358), Energy = -1.316307 
Averaging iterations... h=0.062500,0.000000
Done.
Final: Magnetisation = (0.739778,-0.014136), Energy = -1.635287 
<M> = (0.355607,0.013928), <E> = -1.359040 

T=1.000000	 Thermalizing iterations... 
Done.
Thermalized Magnetisation = (0.381464,-0.074442), Energy = -1.423688 
Averaging iterations... h=0.062500,0.000000
Done.
Final: Magnetisation = (0.341809,0.218035), Energy = -1.330023 
<M> = (0.369005,-0.003185), <E> = -1.400947 

T=0.950000	 Thermalizing iterations... 
Done.
Thermalized Magnetisation = (0.426886,-0.298515), Energy = -1.448187 
Averaging iterations... h=0.062500,0.000000
Done.
Final: Magnetisation = (0.314488,-0.220199), Energy = -1.418303 
<M> = (0.419686,0.003587), <E> = -1.455303 

T=0.900000	 Thermalizing iterations... 
Done.
Thermalized Magnetisation = (0.443557,0.053758), Energy = -1.489598 
Averaging iterations... h=0.062500,0.000000
Done.
Final: Magnetisation = (0.394901,0.519711), Energy = -1.544799 
<M> = (0.467117,0.006759), <E> = -1.503147 

T=0.850000	 Thermalizing iterations... 
Done.
Thermalized Magnetisation = (0.296818,-0.473463), Energy = -1.591964 
Averaging iterations... h=0.062500,0.000000
Done.
Final: Magnetisation = (0.409481,0.116941), Energy = -1.471256 
<M> = (0.508534,-0.013013), <E> = -1.549390 

T=0.800000	 Thermalizing iterations... 
Done.
Thermalized Magnetisation = (0.650728,0.201370), Energy = -1.537724 
Averaging iterations... h=0.062500,0.000000
Done.
Final: Magnetisation = (0.388579,0.204684), Energy = -1.553964 
<M> = (0.540916,0.043333), <E> = -1.597987 

T=0.750000	 Thermalizing iterations... 
Done.
Thermalized Magnetisation = (0.692866,0.074151), Energy = -1.639665 
Averaging iterations... h=0.062500,0.000000
Done.
Final: Magnetisation = (0.650248,0.454469), Energy = -1.675872 
<M> = (0.586081,0.013604), <E> = -1.636389 

T=0.700000	 Thermalizing iterations... 
Done.
Thermalized Magnetisation = (0.781149,0.229571), Energy = -1.771027 
Averaging iterations... h=0.062500,0.000000
Done.
Final: Magnetisation = (0.640221,0.170877), Energy = -1.731771 
<M> = (0.605975,0.009465), <E> = -1.675014 

T=0.650000	 Thermalizing iterations... 
Done.
Thermalized Magnetisation = (0.552964,-0.272343), Energy = -1.698536 
Averaging iterations... h=0.062500,0.000000
Done.
Final: Magnetisation = (0.585665,0.479109), Energy = -1.715497 
<M> = (0.642703,0.014371), <E> = -1.710944 

T=0.600000	 Thermalizing iterations... 
Done.
Thermalized Magnetisation = (0.686631,0.053953), Energy = -1.744709 
Averaging iterations... h=0.062500,0.000000
Done.
Final: Magnetisation = (0.661713,0.028109), Energy = -1.721809 
<M> = (0.664341,-0.075714), <E> = -1.746451 

T=0.550000	 Thermalizing iterations... 
Done.
Thermalized Magnetisation = (0.647110,0.184555), Energy = -1.786929 
Averaging iterations... h=0.062500,0.000000
Done.
Final: Magnetisation = (0.702670,0.395031), Energy = -1.815773 
<M> = (0.685547,-0.069561), <E> = -1.776245 

T=0.500000	 Thermalizing iterations... 
Done.
Thermalized Magnetisation = (0.520496,-0.546881), Energy = -1.840945 
Averaging iterations... h=0.062500,0.000000
Done.
Final: Magnetisation = (0.779674,0.004722), Energy = -1.799568 
<M> = (0.681912,0.037791), <E> = -1.806440 

T=0.450000	 Thermalizing iterations... 
Done.
Thermalized Magnetisation = (0.748096,0.192016), Energy = -1.840117 
Averaging iterations... h=0.062500,0.000000
Done.
Final: Magnetisation = (0.705008,-0.312406), Energy = -1.850575 
<M> = (0.725709,-0.103112), <E> = -1.836555 

T=0.400000	 Thermalizing iterations... 
Done.
Thermalized Magnetisation = (0.710244,0.455521), Energy = -1.878480 
Averaging iterations... h=0.062500,0.000000
Done.
Final: Magnetisation = (0.775715,0.232357), Energy = -1.881748 
<M> = (0.710055,-0.203762), <E> = -1.864837 

T=0.350000	 Thermalizing iterations... 
Done.
Thermalized Magnetisation = (0.796955,0.305436), Energy = -1.906426 
Averaging iterations... h=0.062500,0.000000
Done.
Final: Magnetisation = (0.551175,0.665475), Energy = -1.886879 
<M> = (0.753083,-0.042737), <E> = -1.892314 

T=0.300000	 Thermalizing iterations... 
Done.
Thermalized Magnetisation = (0.614773,0.552320), Energy = -1.917259 
Averaging iterations... h=0.062500,0.000000
Done.
Final: Magnetisation = (0.591891,0.605598), Energy = -1.923180 
<M> = (0.730270,0.138277), <E> = -1.919915 

T=0.250000	 Thermalizing iterations... 
Done.
Thermalized Magnetisation = (0.641203,-0.554747), Energy = -1.963185 
Averaging iterations... h=0.062500,0.000000
Done.
Final: Magnetisation = (0.712233,-0.502982), Energy = -1.952065 
<M> = (0.697117,-0.489888), <E> = -1.948910 

T=0.200000	 Thermalizing iterations... 
Done.
Thermalized Magnetisation = (0.644460,-0.628878), Energy = -1.983633 
Averaging iterations... h=0.062500,0.000000
Done.
Final: Magnetisation = (0.811389,-0.343903), Energy = -1.966779 
<M> = (0.704304,-0.505046), <E> = -1.974400 

T=0.150000	 Thermalizing iterations... 
Done.
Thermalized Magnetisation = (0.653616,-0.624267), Energy = -1.996601 
Averaging iterations... h=0.062500,0.000000
Done.
Final: Magnetisation = (0.826351,-0.322501), Energy = -2.010280 
<M> = (0.731546,-0.496000), <E> = -2.000686 

T=0.100000	 Thermalizing iterations... 
Done.
Thermalized Magnetisation = (0.657945,-0.592066), Energy = -2.029896 
Averaging iterations... h=0.062500,0.000000
Done.
Final: Magnetisation = (0.745623,-0.555309), Energy = -2.023366 
<M> = (0.698572,-0.585032), <E> = -2.027173 

T=0.050000	 Thermalizing iterations... 
Done.
Thermalized Magnetisation = (0.692320,-0.591693), Energy = -2.053421 
Averaging iterations... h=0.062500,0.000000
Done.
Final: Magnetisation = (0.697534,-0.595872), Energy = -2.053905 
<M> = (0.714513,-0.583859), <E> = -2.052582 
Final Magnetisation = (0.697534,-0.595872), Energy = -2.053905 
------------------------

Updating all (first)black/(then)white checkerboard sites simultaneously.. 

ztne RFXY h rotating with |h|=0.062500 at T=0.000000..
loop 1

loop 2

Cooling protocol time (from T=2.000000 to T=0.000000) = 181.776521 

CPU Time elapsed total = 181.782847 
All done - 182 seconds elapsed.
