+ cd /home/sbasak/Exercises/OpenMP/XY_code/Z2/rotating_field/trial/config/config_49
+ export OMP_NUM_THREADS=28
+ OMP_NUM_THREADS=28
+ ./a_64.out
nearest neighbor initialized. 
h loaded. 
J loaded. 
L = 128, dim_L = 2, dim_S = 2
hysteresis_MCS_multiplier = 10, hysteresis_MCS_max = 100
RAND_MAX = 2147483647.000000,
 sizeof(int) = 4,
 sizeof(long) = 8,
 sizeof(double) = 8,
 sizeof(long int) = 8,
 sizeof(short int) = 2,
 sizeof(unsigned int) = 4,
 sizeof(RAND_MAX) = 4
No. of THREADS = 28
No. of PROCESSORS = 28

0.060584,0.020846
order = ({1.000000-->-1.000000,0.000000}, 0, 1)
Initial Magnetisation = (0.060584,0.020846), Energy = 0.025413 
Cooling... 
T=2.000000	 Thermalizing iterations... 
Done.
Thermalized Magnetisation = (-0.002380,-0.025113), Energy = -0.555211 
Averaging iterations... h=0.007812,0.000000
Done.
Final: Magnetisation = (-0.004772,-0.045095), Energy = -0.577391 
<M> = (0.003313,-0.000082), <E> = -0.605664 

T=1.990000	 Thermalizing iterations... 
Done.
Thermalized Magnetisation = (-0.012956,0.030709), Energy = -0.616454 
Averaging iterations... h=0.007812,0.000000
Done.
Final: Magnetisation = (-0.015370,0.001172), Energy = -0.642997 
<M> = (0.004749,-0.001779), <E> = -0.609953 

T=1.980000	 Thermalizing iterations... 
Done.
Thermalized Magnetisation = (-0.018274,0.007162), Energy = -0.644782 
Averaging iterations... h=0.007812,0.000000
Done.
Final: Magnetisation = (0.030822,0.008865), Energy = -0.611823 
<M> = (0.003779,-0.001306), <E> = -0.614196 

T=1.970000	 Thermalizing iterations... 
Done.
Thermalized Magnetisation = (-0.012160,0.042911), Energy = -0.633225 
Averaging iterations... h=0.007812,0.000000
Done.
Final: Magnetisation = (-0.007155,-0.052480), Energy = -0.614317 
<M> = (0.004273,-0.002195), <E> = -0.617977 

T=1.960000	 Thermalizing iterations... 
Done.
Thermalized Magnetisation = (-0.001250,-0.023919), Energy = -0.659537 
Averaging iterations... h=0.007812,0.000000
Done.
Final: Magnetisation = (-0.000536,0.013210), Energy = -0.629543 
<M> = (0.005026,-0.000627), <E> = -0.621119 

T=1.950000	 Thermalizing iterations... 
Done.
Thermalized Magnetisation = (-0.004018,0.017212), Energy = -0.628700 
Averaging iterations... h=0.007812,0.000000
Done.
Final: Magnetisation = (0.060677,0.000305), Energy = -0.631369 
<M> = (0.006041,-0.000201), <E> = -0.624113 

T=1.940000	 Thermalizing iterations... 
Done.
Thermalized Magnetisation = (0.039221,-0.019175), Energy = -0.606767 
Averaging iterations... h=0.007812,0.000000
Done.
Final: Magnetisation = (0.044577,0.032235), Energy = -0.612063 
<M> = (0.004492,0.000286), <E> = -0.627780 

T=1.930000	 Thermalizing iterations... 
Done.
Thermalized Magnetisation = (0.011096,0.000094), Energy = -0.631607 
Averaging iterations... h=0.007812,0.000000
Done.
Final: Magnetisation = (-0.067376,0.012954), Energy = -0.626938 
<M> = (0.003330,0.000908), <E> = -0.630952 

T=1.920000	 Thermalizing iterations... 
Done.
Thermalized Magnetisation = (-0.011357,0.045756), Energy = -0.659296 
Averaging iterations... h=0.007812,0.000000
Done.
Final: Magnetisation = (0.002375,-0.015133), Energy = -0.635210 
<M> = (0.004398,-0.001534), <E> = -0.635651 

T=1.910000	 Thermalizing iterations... 
Done.
Thermalized Magnetisation = (-0.028272,0.019253), Energy = -0.633400 
Averaging iterations... h=0.007812,0.000000
Done.
Final: Magnetisation = (-0.022044,-0.026623), Energy = -0.668120 
<M> = (0.004095,-0.001269), <E> = -0.639693 

T=1.900000	 Thermalizing iterations... 
Done.
Thermalized Magnetisation = (0.094852,0.082155), Energy = -0.643733 
Averaging iterations... h=0.007812,0.000000
Done.
Final: Magnetisation = (-0.034509,-0.002793), Energy = -0.632436 
<M> = (0.004566,-0.003296), <E> = -0.643734 

T=1.890000	 Thermalizing iterations... 
Done.
Thermalized Magnetisation = (-0.048797,0.012197), Energy = -0.653633 
Averaging iterations... h=0.007812,0.000000
Done.
Final: Magnetisation = (-0.030843,0.025834), Energy = -0.631705 
<M> = (0.004850,-0.002693), <E> = -0.648093 

T=1.880000	 Thermalizing iterations... 
Done.
Thermalized Magnetisation = (0.016444,-0.023203), Energy = -0.652776 
Averaging iterations... h=0.007812,0.000000
Done.
Final: Magnetisation = (-0.044002,0.008551), Energy = -0.683645 
<M> = (0.005953,-0.001192), <E> = -0.651796 

T=1.870000	 Thermalizing iterations... 
Done.
Thermalized Magnetisation = (-0.024711,0.017387), Energy = -0.642628 
Averaging iterations... h=0.007812,0.000000
Done.
Final: Magnetisation = (0.029483,-0.004066), Energy = -0.663417 
<M> = (0.005477,0.002459), <E> = -0.654731 

T=1.860000	 Thermalizing iterations... 
Done.
Thermalized Magnetisation = (-0.027817,0.013311), Energy = -0.602214 
Averaging iterations... h=0.007812,0.000000
Done.
Final: Magnetisation = (0.037488,-0.026825), Energy = -0.652353 
<M> = (0.004361,-0.000409), <E> = -0.659400 

T=1.850000	 Thermalizing iterations... 
Done.
Thermalized Magnetisation = (-0.004695,0.090469), Energy = -0.650113 
Averaging iterations... h=0.007812,0.000000
Done.
Final: Magnetisation = (0.045011,-0.025626), Energy = -0.691370 
<M> = (0.003982,-0.000133), <E> = -0.663294 

T=1.840000	 Thermalizing iterations... 
Done.
Thermalized Magnetisation = (-0.011353,0.014258), Energy = -0.666768 
Averaging iterations... h=0.007812,0.000000
Done.
Final: Magnetisation = (0.027830,-0.017628), Energy = -0.688534 
<M> = (0.006246,-0.001393), <E> = -0.667833 

T=1.830000	 Thermalizing iterations... 
Done.
Thermalized Magnetisation = (0.052663,-0.008077), Energy = -0.642242 
Averaging iterations... h=0.007812,0.000000
Done.
Final: Magnetisation = (-0.000372,0.036353), Energy = -0.660764 
<M> = (0.004225,-0.002759), <E> = -0.672791 

T=1.820000	 Thermalizing iterations... 
Done.
Thermalized Magnetisation = (0.001863,0.022154), Energy = -0.661768 
Averaging iterations... h=0.007812,0.000000
Done.
Final: Magnetisation = (0.016279,-0.036344), Energy = -0.670197 
<M> = (0.004986,-0.002463), <E> = -0.677621 

T=1.810000	 Thermalizing iterations... 
Done.
Thermalized Magnetisation = (0.006903,0.031085), Energy = -0.691012 
Averaging iterations... h=0.007812,0.000000
Done.
Final: Magnetisation = (0.008757,0.036709), Energy = -0.666536 
<M> = (0.007732,-0.002078), <E> = -0.681204 

T=1.800000	 Thermalizing iterations... 
Done.
Thermalized Magnetisation = (-0.031278,-0.017182), Energy = -0.678107 
Averaging iterations... h=0.007812,0.000000
Done.
Final: Magnetisation = (0.018791,0.022825), Energy = -0.711488 
<M> = (0.007078,-0.000238), <E> = -0.685111 

T=1.790000	 Thermalizing iterations... 
Done.
Thermalized Magnetisation = (0.009818,-0.070098), Energy = -0.700519 
Averaging iterations... h=0.007812,0.000000
Done.
Final: Magnetisation = (-0.036881,-0.069952), Energy = -0.698805 
<M> = (0.005222,0.000079), <E> = -0.689420 

T=1.780000	 Thermalizing iterations... 
Done.
Thermalized Magnetisation = (0.009851,-0.028516), Energy = -0.717642 
Averaging iterations... h=0.007812,0.000000
Done.
Final: Magnetisation = (0.021142,-0.002239), Energy = -0.698902 
<M> = (0.004500,0.001715), <E> = -0.693734 

T=1.770000	 Thermalizing iterations... 
Done.
Thermalized Magnetisation = (0.017540,0.033376), Energy = -0.692686 
Averaging iterations... h=0.007812,0.000000
Done.
Final: Magnetisation = (0.005203,0.075192), Energy = -0.701512 
<M> = (0.006594,-0.003188), <E> = -0.698882 

T=1.760000	 Thermalizing iterations... 
Done.
Thermalized Magnetisation = (0.006655,0.008255), Energy = -0.749338 
Averaging iterations... h=0.007812,0.000000
Done.
Final: Magnetisation = (0.054069,-0.038236), Energy = -0.728512 
<M> = (0.006134,-0.000945), <E> = -0.704272 

T=1.750000	 Thermalizing iterations... 
Done.
Thermalized Magnetisation = (-0.017393,0.013626), Energy = -0.721437 
Averaging iterations... h=0.007812,0.000000
Done.
Final: Magnetisation = (0.056173,-0.007500), Energy = -0.665364 
<M> = (0.004499,-0.003115), <E> = -0.709312 

T=1.740000	 Thermalizing iterations... 
Done.
Thermalized Magnetisation = (0.030459,0.017446), Energy = -0.705863 
Averaging iterations... h=0.007812,0.000000
Done.
Final: Magnetisation = (-0.000351,-0.037681), Energy = -0.712615 
<M> = (0.006586,-0.003102), <E> = -0.714127 

T=1.730000	 Thermalizing iterations... 
Done.
Thermalized Magnetisation = (0.021786,-0.033129), Energy = -0.734934 
Averaging iterations... h=0.007812,0.000000
Done.
Final: Magnetisation = (-0.042240,-0.045356), Energy = -0.718246 
<M> = (0.008089,0.000100), <E> = -0.718181 

T=1.720000	 Thermalizing iterations... 
Done.
Thermalized Magnetisation = (0.006902,-0.053235), Energy = -0.708641 
Averaging iterations... h=0.007812,0.000000
Done.
Final: Magnetisation = (0.023017,0.028010), Energy = -0.727509 
<M> = (0.005577,0.000988), <E> = -0.722522 

T=1.710000	 Thermalizing iterations... 
Done.
Thermalized Magnetisation = (0.013900,-0.053118), Energy = -0.739671 
Averaging iterations... h=0.007812,0.000000
Done.
Final: Magnetisation = (0.025058,-0.041385), Energy = -0.740891 
<M> = (0.005584,-0.000259), <E> = -0.727395 

T=1.700000	 Thermalizing iterations... 
Done.
Thermalized Magnetisation = (0.026874,0.015717), Energy = -0.740097 
Averaging iterations... h=0.007812,0.000000
Done.
Final: Magnetisation = (-0.000495,0.015769), Energy = -0.736675 
<M> = (0.006608,-0.000398), <E> = -0.733255 

T=1.690000	 Thermalizing iterations... 
Done.
Thermalized Magnetisation = (-0.055504,0.008200), Energy = -0.755548 
Averaging iterations... h=0.007812,0.000000
Done.
Final: Magnetisation = (0.027734,-0.090819), Energy = -0.738647 
<M> = (0.005994,-0.000700), <E> = -0.738372 

T=1.680000	 Thermalizing iterations... 
Done.
Thermalized Magnetisation = (-0.037699,-0.028892), Energy = -0.740885 
Averaging iterations... h=0.007812,0.000000
Done.
Final: Magnetisation = (-0.007730,-0.115393), Energy = -0.746957 
<M> = (0.006094,-0.002782), <E> = -0.744555 

T=1.670000	 Thermalizing iterations... 
Done.
Thermalized Magnetisation = (-0.040205,-0.014536), Energy = -0.737958 
Averaging iterations... h=0.007812,0.000000
Done.
Final: Magnetisation = (0.007841,-0.080032), Energy = -0.781646 
<M> = (0.007608,-0.002312), <E> = -0.749958 

T=1.660000	 Thermalizing iterations... 
Done.
Thermalized Magnetisation = (-0.040319,-0.029033), Energy = -0.770983 
Averaging iterations... h=0.007812,0.000000
Done.
Final: Magnetisation = (0.014000,-0.029968), Energy = -0.769520 
<M> = (0.008131,-0.002110), <E> = -0.755145 

T=1.650000	 Thermalizing iterations... 
Done.
Thermalized Magnetisation = (0.010330,-0.020955), Energy = -0.741716 
Averaging iterations... h=0.007812,0.000000
Done.
Final: Magnetisation = (-0.032723,0.062001), Energy = -0.757205 
<M> = (0.008666,0.001424), <E> = -0.759603 

T=1.640000	 Thermalizing iterations... 
Done.
Thermalized Magnetisation = (0.059045,0.052699), Energy = -0.789364 
Averaging iterations... h=0.007812,0.000000
Done.
Final: Magnetisation = (0.050775,-0.045276), Energy = -0.754388 
<M> = (0.006442,0.001624), <E> = -0.765187 

T=1.630000	 Thermalizing iterations... 
Done.
Thermalized Magnetisation = (-0.005052,0.013109), Energy = -0.774821 
Averaging iterations... h=0.007812,0.000000
Done.
Final: Magnetisation = (0.013683,0.006783), Energy = -0.720979 
<M> = (0.007550,0.000391), <E> = -0.770849 

T=1.620000	 Thermalizing iterations... 
Done.
Thermalized Magnetisation = (-0.006280,-0.067228), Energy = -0.775836 
Averaging iterations... h=0.007812,0.000000
Done.
Final: Magnetisation = (0.070106,-0.014974), Energy = -0.772969 
<M> = (0.008235,-0.002467), <E> = -0.776643 

T=1.610000	 Thermalizing iterations... 
Done.
Thermalized Magnetisation = (0.024556,0.055779), Energy = -0.798584 
Averaging iterations... h=0.007812,0.000000
Done.
Final: Magnetisation = (0.005343,0.091099), Energy = -0.813855 
<M> = (0.007184,-0.002358), <E> = -0.783274 

T=1.600000	 Thermalizing iterations... 
Done.
Thermalized Magnetisation = (0.024140,-0.026762), Energy = -0.814948 
Averaging iterations... h=0.007812,0.000000
Done.
Final: Magnetisation = (-0.033645,-0.012805), Energy = -0.755201 
<M> = (0.006937,-0.004355), <E> = -0.789858 

T=1.590000	 Thermalizing iterations... 
Done.
Thermalized Magnetisation = (-0.023188,0.023036), Energy = -0.776722 
Averaging iterations... h=0.007812,0.000000
Done.
Final: Magnetisation = (-0.087489,0.038396), Energy = -0.766385 
<M> = (0.007790,-0.002614), <E> = -0.795426 

T=1.580000	 Thermalizing iterations... 
Done.
Thermalized Magnetisation = (0.001061,0.003621), Energy = -0.774360 
Averaging iterations... h=0.007812,0.000000
Done.
Final: Magnetisation = (-0.007217,-0.049378), Energy = -0.850085 
<M> = (0.010255,-0.000470), <E> = -0.801004 

T=1.570000	 Thermalizing iterations... 
Done.
Thermalized Magnetisation = (0.000423,0.015510), Energy = -0.824697 
Averaging iterations... h=0.007812,0.000000
Done.
Final: Magnetisation = (0.010697,0.026121), Energy = -0.808532 
<M> = (0.009588,0.000024), <E> = -0.806889 

T=1.560000	 Thermalizing iterations... 
Done.
Thermalized Magnetisation = (0.067421,-0.054423), Energy = -0.854835 
Averaging iterations... h=0.007812,0.000000
Done.
Final: Magnetisation = (-0.034498,-0.022503), Energy = -0.788769 
<M> = (0.008277,0.002025), <E> = -0.812180 

T=1.550000	 Thermalizing iterations... 
Done.
Thermalized Magnetisation = (-0.064658,-0.036290), Energy = -0.790588 
Averaging iterations... h=0.007812,0.000000
Done.
Final: Magnetisation = (0.001479,0.039650), Energy = -0.795421 
<M> = (0.009190,-0.000564), <E> = -0.819747 

T=1.540000	 Thermalizing iterations... 
Done.
Thermalized Magnetisation = (-0.025962,0.083035), Energy = -0.821779 
Averaging iterations... h=0.007812,0.000000
Done.
Final: Magnetisation = (0.015891,-0.093222), Energy = -0.865016 
<M> = (0.009854,-0.001316), <E> = -0.826768 

T=1.530000	 Thermalizing iterations... 
Done.
Thermalized Magnetisation = (0.054689,-0.006190), Energy = -0.859612 
Averaging iterations... h=0.007812,0.000000
Done.
Final: Magnetisation = (0.031548,0.030120), Energy = -0.817452 
<M> = (0.008263,-0.004617), <E> = -0.833605 

T=1.520000	 Thermalizing iterations... 
Done.
Thermalized Magnetisation = (0.052039,0.066363), Energy = -0.843260 
Averaging iterations... h=0.007812,0.000000
Done.
Final: Magnetisation = (-0.025148,-0.014902), Energy = -0.851459 
<M> = (0.010240,-0.002332), <E> = -0.840541 

T=1.510000	 Thermalizing iterations... 
Done.
Thermalized Magnetisation = (0.031215,-0.008670), Energy = -0.874032 
Averaging iterations... h=0.007812,0.000000
Done.
Final: Magnetisation = (0.007121,0.020432), Energy = -0.832696 
<M> = (0.013732,-0.001157), <E> = -0.846567 

T=1.500000	 Thermalizing iterations... 
Done.
Thermalized Magnetisation = (0.051213,-0.090914), Energy = -0.870204 
Averaging iterations... h=0.007812,0.000000
Done.
Final: Magnetisation = (-0.004796,-0.065942), Energy = -0.833674 
<M> = (0.011572,0.002966), <E> = -0.852419 

T=1.490000	 Thermalizing iterations... 
Done.
Thermalized Magnetisation = (-0.000657,0.003803), Energy = -0.841306 
Averaging iterations... h=0.007812,0.000000
Done.
Final: Magnetisation = (-0.005500,0.107510), Energy = -0.858692 
<M> = (0.010025,0.003615), <E> = -0.859442 

T=1.480000	 Thermalizing iterations... 
Done.
Thermalized Magnetisation = (0.027591,-0.034753), Energy = -0.831535 
Averaging iterations... h=0.007812,0.000000
Done.
Final: Magnetisation = (0.051547,-0.012321), Energy = -0.849263 
<M> = (0.008918,0.003369), <E> = -0.866702 

T=1.470000	 Thermalizing iterations... 
Done.
Thermalized Magnetisation = (0.045757,0.018568), Energy = -0.876183 
Averaging iterations... h=0.007812,0.000000
Done.
Final: Magnetisation = (0.045113,-0.018067), Energy = -0.903151 
<M> = (0.012778,-0.001439), <E> = -0.874652 

T=1.460000	 Thermalizing iterations... 
Done.
Thermalized Magnetisation = (0.005471,0.070042), Energy = -0.893539 
Averaging iterations... h=0.007812,0.000000
Done.
Final: Magnetisation = (0.010213,0.033903), Energy = -0.842631 
<M> = (0.011300,-0.002199), <E> = -0.882427 

T=1.450000	 Thermalizing iterations... 
Done.
Thermalized Magnetisation = (0.041221,0.043602), Energy = -0.916038 
Averaging iterations... h=0.007812,0.000000
Done.
Final: Magnetisation = (-0.028415,-0.038326), Energy = -0.879466 
<M> = (0.010617,-0.007342), <E> = -0.890344 

T=1.440000	 Thermalizing iterations... 
Done.
Thermalized Magnetisation = (0.063150,-0.054026), Energy = -0.908062 
Averaging iterations... h=0.007812,0.000000
Done.
Final: Magnetisation = (0.043941,-0.023798), Energy = -0.908728 
<M> = (0.013755,-0.005217), <E> = -0.897751 

T=1.430000	 Thermalizing iterations... 
Done.
Thermalized Magnetisation = (0.000369,-0.087711), Energy = -0.932475 
Averaging iterations... h=0.007812,0.000000
Done.
Final: Magnetisation = (0.001155,0.000337), Energy = -0.912535 
<M> = (0.014759,0.001420), <E> = -0.904246 

T=1.420000	 Thermalizing iterations... 
Done.
Thermalized Magnetisation = (0.118191,0.063952), Energy = -0.919878 
Averaging iterations... h=0.007812,0.000000
Done.
Final: Magnetisation = (0.006247,-0.043504), Energy = -0.894832 
<M> = (0.013131,0.002066), <E> = -0.911892 

T=1.410000	 Thermalizing iterations... 
Done.
Thermalized Magnetisation = (0.013735,0.009134), Energy = -0.950376 
Averaging iterations... h=0.007812,0.000000
Done.
Final: Magnetisation = (-0.022673,0.019580), Energy = -0.945177 
<M> = (0.009870,0.006117), <E> = -0.919371 

T=1.400000	 Thermalizing iterations... 
Done.
Thermalized Magnetisation = (0.018579,-0.024142), Energy = -0.891963 
Averaging iterations... h=0.007812,0.000000
Done.
Final: Magnetisation = (0.028989,0.079662), Energy = -0.875649 
<M> = (0.012972,-0.002854), <E> = -0.928797 

T=1.390000	 Thermalizing iterations... 
Done.
Thermalized Magnetisation = (-0.016251,-0.045798), Energy = -0.945273 
Averaging iterations... h=0.007812,0.000000
Done.
Final: Magnetisation = (0.014518,-0.023560), Energy = -0.938950 
<M> = (0.014003,-0.004722), <E> = -0.937255 

T=1.380000	 Thermalizing iterations... 
Done.
Thermalized Magnetisation = (-0.001107,-0.013399), Energy = -0.937825 
Averaging iterations... h=0.007812,0.000000
Done.
Final: Magnetisation = (0.002095,-0.067544), Energy = -0.919827 
<M> = (0.012766,-0.010614), <E> = -0.945647 

T=1.370000	 Thermalizing iterations... 
Done.
Thermalized Magnetisation = (-0.051955,-0.064776), Energy = -0.945936 
Averaging iterations... h=0.007812,0.000000
Done.
Final: Magnetisation = (-0.030932,-0.014281), Energy = -0.906038 
<M> = (0.012616,-0.003997), <E> = -0.954324 

T=1.360000	 Thermalizing iterations... 
Done.
Thermalized Magnetisation = (0.022112,0.022099), Energy = -0.993145 
Averaging iterations... h=0.007812,0.000000
Done.
Final: Magnetisation = (0.085951,0.088501), Energy = -0.992837 
<M> = (0.017772,-0.003665), <E> = -0.962487 

T=1.350000	 Thermalizing iterations... 
Done.
Thermalized Magnetisation = (0.037980,0.090928), Energy = -0.928366 
Averaging iterations... h=0.007812,0.000000
Done.
Final: Magnetisation = (-0.018330,0.080106), Energy = -0.961597 
<M> = (0.016957,0.007652), <E> = -0.969462 

T=1.340000	 Thermalizing iterations... 
Done.
Thermalized Magnetisation = (0.086008,0.004678), Energy = -1.020363 
Averaging iterations... h=0.007812,0.000000
Done.
Final: Magnetisation = (0.047487,-0.006962), Energy = -0.991376 
<M> = (0.014809,0.001539), <E> = -0.979365 

T=1.330000	 Thermalizing iterations... 
Done.
Thermalized Magnetisation = (0.038112,0.032298), Energy = -0.981009 
Averaging iterations... h=0.007812,0.000000
Done.
Final: Magnetisation = (0.020394,-0.047979), Energy = -1.008726 
<M> = (0.013656,0.001371), <E> = -0.988496 

T=1.320000	 Thermalizing iterations... 
Done.
Thermalized Magnetisation = (0.031478,0.009275), Energy = -1.007293 
Averaging iterations... h=0.007812,0.000000
Done.
Final: Magnetisation = (-0.013737,-0.025553), Energy = -0.952229 
<M> = (0.017799,-0.001795), <E> = -0.998433 

T=1.310000	 Thermalizing iterations... 
Done.
Thermalized Magnetisation = (0.067855,-0.003576), Energy = -1.023508 
Averaging iterations... h=0.007812,0.000000
Done.
Final: Magnetisation = (-0.033723,0.076265), Energy = -1.020131 
<M> = (0.017866,-0.008699), <E> = -1.007235 

T=1.300000	 Thermalizing iterations... 
Done.
Thermalized Magnetisation = (0.001717,-0.009725), Energy = -1.016824 
Averaging iterations... h=0.007812,0.000000
Done.
Final: Magnetisation = (0.039405,0.076462), Energy = -1.074717 
<M> = (0.018267,-0.006502), <E> = -1.017689 

T=1.290000	 Thermalizing iterations... 
Done.
Thermalized Magnetisation = (-0.012288,-0.019318), Energy = -1.030881 
Averaging iterations... h=0.007812,0.000000
Done.
Final: Magnetisation = (0.027506,-0.052766), Energy = -1.008346 
<M> = (0.024629,-0.007773), <E> = -1.027224 

T=1.280000	 Thermalizing iterations... 
Done.
Thermalized Magnetisation = (-0.001531,-0.001157), Energy = -1.046587 
Averaging iterations... h=0.007812,0.000000
Done.
Final: Magnetisation = (0.055153,-0.017601), Energy = -1.038051 
<M> = (0.021457,0.002070), <E> = -1.035664 

T=1.270000	 Thermalizing iterations... 
Done.
Thermalized Magnetisation = (-0.001740,0.024130), Energy = -1.016333 
Averaging iterations... h=0.007812,0.000000
Done.
Final: Magnetisation = (-0.018666,-0.021155), Energy = -1.045743 
<M> = (0.018537,0.006877), <E> = -1.044837 

T=1.260000	 Thermalizing iterations... 
Done.
Thermalized Magnetisation = (-0.053889,-0.006105), Energy = -1.058040 
Averaging iterations... h=0.007812,0.000000
Done.
Final: Magnetisation = (0.020215,-0.006477), Energy = -1.058735 
<M> = (0.018257,0.004476), <E> = -1.055083 

T=1.250000	 Thermalizing iterations... 
Done.
Thermalized Magnetisation = (-0.004254,-0.036894), Energy = -1.108559 
Averaging iterations... h=0.007812,0.000000
Done.
Final: Magnetisation = (0.003458,0.046602), Energy = -1.045635 
<M> = (0.022140,-0.005193), <E> = -1.065997 

T=1.240000	 Thermalizing iterations... 
Done.
Thermalized Magnetisation = (0.062123,0.021719), Energy = -1.093950 
Averaging iterations... h=0.007812,0.000000
Done.
Final: Magnetisation = (-0.038230,-0.044642), Energy = -1.052845 
<M> = (0.021176,-0.001738), <E> = -1.076682 

T=1.230000	 Thermalizing iterations... 
Done.
Thermalized Magnetisation = (0.057168,0.074114), Energy = -1.095220 
Averaging iterations... h=0.007812,0.000000
Done.
Final: Magnetisation = (0.001094,-0.113998), Energy = -1.043086 
<M> = (0.019920,-0.014276), <E> = -1.088268 

T=1.220000	 Thermalizing iterations... 
Done.
Thermalized Magnetisation = (0.065075,-0.066235), Energy = -1.068707 
Averaging iterations... h=0.007812,0.000000
Done.
Final: Magnetisation = (0.040207,-0.038167), Energy = -1.113404 
<M> = (0.020285,-0.008537), <E> = -1.097652 

T=1.210000	 Thermalizing iterations... 
Done.
Thermalized Magnetisation = (0.006571,0.020083), Energy = -1.059117 
Averaging iterations... h=0.007812,0.000000
Done.
Final: Magnetisation = (0.050058,-0.010675), Energy = -1.117561 
<M> = (0.025190,-0.004281), <E> = -1.107977 

T=1.200000	 Thermalizing iterations... 
Done.
Thermalized Magnetisation = (0.116476,-0.058089), Energy = -1.099714 
Averaging iterations... h=0.007812,0.000000
Done.
Final: Magnetisation = (0.045353,0.012986), Energy = -1.126914 
<M> = (0.023721,0.011946), <E> = -1.117739 

T=1.190000	 Thermalizing iterations... 
Done.
Thermalized Magnetisation = (0.046706,0.046372), Energy = -1.100459 
Averaging iterations... h=0.007812,0.000000
Done.
Final: Magnetisation = (0.052998,-0.153198), Energy = -1.141013 
<M> = (0.023429,0.006475), <E> = -1.128811 

T=1.180000	 Thermalizing iterations... 
Done.
Thermalized Magnetisation = (0.006233,-0.099141), Energy = -1.141075 
Averaging iterations... h=0.007812,0.000000
Done.
Final: Magnetisation = (0.002860,0.009713), Energy = -1.100298 
<M> = (0.027289,-0.003612), <E> = -1.139896 

T=1.170000	 Thermalizing iterations... 
Done.
Thermalized Magnetisation = (-0.062222,0.065282), Energy = -1.165453 
Averaging iterations... h=0.007812,0.000000
Done.
Final: Magnetisation = (-0.009156,0.199731), Energy = -1.166009 
<M> = (0.029286,-0.008836), <E> = -1.152332 

T=1.160000	 Thermalizing iterations... 
Done.
Thermalized Magnetisation = (0.068559,-0.110420), Energy = -1.188043 
Averaging iterations... h=0.007812,0.000000
Done.
Final: Magnetisation = (0.017008,-0.048557), Energy = -1.165819 
<M> = (0.025886,-0.015350), <E> = -1.165139 

T=1.150000	 Thermalizing iterations... 
Done.
Thermalized Magnetisation = (0.013916,-0.164702), Energy = -1.221195 
Averaging iterations... h=0.007812,0.000000
Done.
Final: Magnetisation = (0.001742,0.019066), Energy = -1.168929 
<M> = (0.031387,-0.017485), <E> = -1.175424 

T=1.140000	 Thermalizing iterations... 
Done.
Thermalized Magnetisation = (-0.021324,-0.031226), Energy = -1.186652 
Averaging iterations... h=0.007812,0.000000
Done.
Final: Magnetisation = (0.079640,-0.175676), Energy = -1.208407 
<M> = (0.035210,-0.024897), <E> = -1.187165 

T=1.130000	 Thermalizing iterations... 
Done.
Thermalized Magnetisation = (-0.050858,0.122017), Energy = -1.185392 
Averaging iterations... h=0.007812,0.000000
Done.
Final: Magnetisation = (0.059963,0.119878), Energy = -1.185357 
<M> = (0.030105,0.002388), <E> = -1.197910 

T=1.120000	 Thermalizing iterations... 
Done.
Thermalized Magnetisation = (0.061547,0.104784), Energy = -1.220909 
Averaging iterations... h=0.007812,0.000000
Done.
Final: Magnetisation = (-0.000071,-0.146653), Energy = -1.214612 
<M> = (0.030061,0.003282), <E> = -1.209362 

T=1.110000	 Thermalizing iterations... 
Done.
Thermalized Magnetisation = (0.066073,-0.136098), Energy = -1.191658 
Averaging iterations... h=0.007812,0.000000
Done.
Final: Magnetisation = (0.062879,0.032244), Energy = -1.234437 
<M> = (0.030752,0.018201), <E> = -1.220488 

T=1.100000	 Thermalizing iterations... 
Done.
Thermalized Magnetisation = (-0.002550,-0.150747), Energy = -1.239363 
Averaging iterations... h=0.007812,0.000000
Done.
Final: Magnetisation = (0.009812,-0.075835), Energy = -1.227056 
<M> = (0.037165,0.003394), <E> = -1.233619 

T=1.090000	 Thermalizing iterations... 
Done.
Thermalized Magnetisation = (0.023922,-0.063573), Energy = -1.268142 
Averaging iterations... h=0.007812,0.000000
Done.
Final: Magnetisation = (0.007039,0.118311), Energy = -1.263427 
<M> = (0.036466,-0.013890), <E> = -1.245954 

T=1.080000	 Thermalizing iterations... 
Done.
Thermalized Magnetisation = (-0.001835,-0.074373), Energy = -1.276555 
Averaging iterations... h=0.007812,0.000000
Done.
Final: Magnetisation = (0.031715,0.012930), Energy = -1.261381 
<M> = (0.030686,-0.074359), <E> = -1.259403 

T=1.070000	 Thermalizing iterations... 
Done.
Thermalized Magnetisation = (0.030602,0.088224), Energy = -1.289149 
Averaging iterations... h=0.007812,0.000000
Done.
Final: Magnetisation = (0.040447,0.078991), Energy = -1.247378 
<M> = (0.035659,-0.066718), <E> = -1.272559 

T=1.060000	 Thermalizing iterations... 
Done.
Thermalized Magnetisation = (0.024210,0.181637), Energy = -1.285052 
Averaging iterations... h=0.007812,0.000000
Done.
Final: Magnetisation = (0.028109,-0.193215), Energy = -1.300634 
<M> = (0.032784,0.008688), <E> = -1.282685 

T=1.050000	 Thermalizing iterations... 
Done.
Thermalized Magnetisation = (0.042070,-0.101408), Energy = -1.312728 
Averaging iterations... h=0.007812,0.000000
Done.
Final: Magnetisation = (0.027142,-0.097413), Energy = -1.295707 
<M> = (0.033863,-0.044152), <E> = -1.294304 

T=1.040000	 Thermalizing iterations... 
Done.
Thermalized Magnetisation = (-0.029655,0.012014), Energy = -1.303216 
Averaging iterations... h=0.007812,0.000000
Done.
Final: Magnetisation = (0.052249,-0.095855), Energy = -1.300244 
<M> = (0.029609,0.036833), <E> = -1.305091 

T=1.030000	 Thermalizing iterations... 
Done.
Thermalized Magnetisation = (0.007604,-0.125414), Energy = -1.290012 
Averaging iterations... h=0.007812,0.000000
Done.
Final: Magnetisation = (0.015527,0.159474), Energy = -1.344973 
<M> = (0.039639,-0.002549), <E> = -1.317405 

T=1.020000	 Thermalizing iterations... 
Done.
Thermalized Magnetisation = (0.064637,-0.003206), Energy = -1.315953 
Averaging iterations... h=0.007812,0.000000
Done.
Final: Magnetisation = (0.021864,0.158667), Energy = -1.348553 
<M> = (0.037257,-0.063178), <E> = -1.330343 

T=1.010000	 Thermalizing iterations... 
Done.
Thermalized Magnetisation = (0.025962,0.083094), Energy = -1.331882 
Averaging iterations... h=0.007812,0.000000
Done.
Final: Magnetisation = (0.034203,-0.225988), Energy = -1.354065 
<M> = (0.031905,-0.222368), <E> = -1.349354 

T=1.000000	 Thermalizing iterations... 
Done.
Thermalized Magnetisation = (0.054952,-0.233901), Energy = -1.376460 
Averaging iterations... h=0.007812,0.000000
Done.
Final: Magnetisation = (0.113687,-0.217219), Energy = -1.376425 
<M> = (0.039375,-0.177300), <E> = -1.360911 

T=0.990000	 Thermalizing iterations... 
Done.
Thermalized Magnetisation = (-0.018951,-0.225911), Energy = -1.392449 
Averaging iterations... h=0.007812,0.000000
Done.
Final: Magnetisation = (0.077110,-0.327561), Energy = -1.373925 
<M> = (0.055048,-0.135547), <E> = -1.371295 

T=0.980000	 Thermalizing iterations... 
Done.
Thermalized Magnetisation = (0.040439,0.319356), Energy = -1.376460 
Averaging iterations... h=0.007812,0.000000
Done.
Final: Magnetisation = (0.088767,0.069265), Energy = -1.376962 
<M> = (0.048376,0.124113), <E> = -1.383547 

T=0.970000	 Thermalizing iterations... 
Done.
Thermalized Magnetisation = (0.070311,-0.196660), Energy = -1.353859 
Averaging iterations... h=0.007812,0.000000
Done.
Final: Magnetisation = (0.018198,-0.293620), Energy = -1.405946 
<M> = (0.051314,-0.265286), <E> = -1.394285 

T=0.960000	 Thermalizing iterations... 
Done.
Thermalized Magnetisation = (-0.025379,-0.307410), Energy = -1.421688 
Averaging iterations... h=0.007812,0.000000
Done.
Final: Magnetisation = (0.057418,0.062796), Energy = -1.382188 
<M> = (0.039199,-0.221774), <E> = -1.407618 

T=0.950000	 Thermalizing iterations... 
Done.
Thermalized Magnetisation = (-0.033403,-0.454535), Energy = -1.408267 
Averaging iterations... h=0.007812,0.000000
Done.
Final: Magnetisation = (0.040040,-0.346789), Energy = -1.424302 
<M> = (0.042760,-0.360146), <E> = -1.423175 

T=0.940000	 Thermalizing iterations... 
Done.
Thermalized Magnetisation = (0.068246,-0.513307), Energy = -1.456388 
Averaging iterations... h=0.007812,0.000000
Done.
Final: Magnetisation = (-0.010032,-0.335830), Energy = -1.425796 
<M> = (0.039371,-0.478693), <E> = -1.442281 

T=0.930000	 Thermalizing iterations... 
Done.
Thermalized Magnetisation = (0.116364,-0.214271), Energy = -1.437380 
Averaging iterations... h=0.007812,0.000000
Done.
Final: Magnetisation = (0.067552,-0.466874), Energy = -1.448661 
<M> = (0.034977,-0.376306), <E> = -1.448874 

T=0.920000	 Thermalizing iterations... 
Done.
Thermalized Magnetisation = (0.096054,-0.506435), Energy = -1.482637 
Averaging iterations... h=0.007812,0.000000
Done.
Final: Magnetisation = (0.025031,-0.506115), Energy = -1.465636 
<M> = (0.050178,-0.512018), <E> = -1.465487 

T=0.910000	 Thermalizing iterations... 
Done.
Thermalized Magnetisation = (0.037177,-0.576403), Energy = -1.469626 
Averaging iterations... h=0.007812,0.000000
Done.
Final: Magnetisation = (0.021594,-0.573012), Energy = -1.477655 
<M> = (0.051287,-0.501066), <E> = -1.474093 

T=0.900000	 Thermalizing iterations... 
Done.
Thermalized Magnetisation = (0.058492,-0.366127), Energy = -1.469702 
Averaging iterations... h=0.007812,0.000000
Done.
Final: Magnetisation = (0.150956,-0.272355), Energy = -1.478504 
<M> = (0.061899,-0.363809), <E> = -1.479797 

T=0.890000	 Thermalizing iterations... 
Done.
Thermalized Magnetisation = (0.023664,-0.531006), Energy = -1.499851 
Averaging iterations... h=0.007812,0.000000
Done.
Final: Magnetisation = (0.109528,-0.543280), Energy = -1.491734 
<M> = (0.035735,-0.559821), <E> = -1.496233 

T=0.880000	 Thermalizing iterations... 
Done.
Thermalized Magnetisation = (0.021037,-0.552848), Energy = -1.515082 
Averaging iterations... h=0.007812,0.000000
Done.
Final: Magnetisation = (0.112747,-0.550139), Energy = -1.504223 
<M> = (0.043657,-0.567451), <E> = -1.507191 

T=0.870000	 Thermalizing iterations... 
Done.
Thermalized Magnetisation = (0.019468,-0.643181), Energy = -1.530310 
Averaging iterations... h=0.007812,0.000000
Done.
Final: Magnetisation = (0.062351,-0.561643), Energy = -1.518100 
<M> = (0.032142,-0.589355), <E> = -1.518841 

T=0.860000	 Thermalizing iterations... 
Done.
Thermalized Magnetisation = (0.081939,-0.636022), Energy = -1.539896 
Averaging iterations... h=0.007812,0.000000
Done.
Final: Magnetisation = (0.030310,-0.599633), Energy = -1.522748 
<M> = (0.037393,-0.602413), <E> = -1.529648 

T=0.850000	 Thermalizing iterations... 
Done.
Thermalized Magnetisation = (0.022695,-0.613006), Energy = -1.523063 
Averaging iterations... h=0.007812,0.000000
Done.
Final: Magnetisation = (0.015852,-0.663376), Energy = -1.546264 
<M> = (0.051753,-0.610233), <E> = -1.538010 

T=0.840000	 Thermalizing iterations... 
Done.
Thermalized Magnetisation = (0.019153,-0.658311), Energy = -1.560990 
Averaging iterations... h=0.007812,0.000000
Done.
Final: Magnetisation = (0.072195,-0.634085), Energy = -1.585333 
<M> = (0.046771,-0.615484), <E> = -1.546512 

T=0.830000	 Thermalizing iterations... 
Done.
Thermalized Magnetisation = (0.052806,-0.592600), Energy = -1.546453 
Averaging iterations... h=0.007812,0.000000
Done.
Final: Magnetisation = (0.087687,-0.623909), Energy = -1.560891 
<M> = (0.046311,-0.613865), <E> = -1.553985 

T=0.820000	 Thermalizing iterations... 
Done.
Thermalized Magnetisation = (-0.021411,-0.647314), Energy = -1.542891 
Averaging iterations... h=0.007812,0.000000
Done.
Final: Magnetisation = (0.070352,-0.629610), Energy = -1.552493 
<M> = (0.047704,-0.619525), <E> = -1.562844 

T=0.810000	 Thermalizing iterations... 
Done.
Thermalized Magnetisation = (0.074069,-0.670393), Energy = -1.548514 
Averaging iterations... h=0.007812,0.000000
Done.
Final: Magnetisation = (0.035178,-0.609480), Energy = -1.557263 
<M> = (0.048203,-0.632817), <E> = -1.572116 

T=0.800000	 Thermalizing iterations... 
Done.
Thermalized Magnetisation = (0.043708,-0.670978), Energy = -1.589016 
Averaging iterations... h=0.007812,0.000000
Done.
Final: Magnetisation = (-0.018878,-0.643124), Energy = -1.579695 
<M> = (0.040562,-0.641727), <E> = -1.580559 

T=0.790000	 Thermalizing iterations... 
Done.
Thermalized Magnetisation = (-0.006680,-0.644820), Energy = -1.594658 
Averaging iterations... h=0.007812,0.000000
Done.
Final: Magnetisation = (-0.001048,-0.642599), Energy = -1.617013 
<M> = (0.044248,-0.644043), <E> = -1.589650 

T=0.780000	 Thermalizing iterations... 
Done.
Thermalized Magnetisation = (0.058076,-0.633708), Energy = -1.583382 
Averaging iterations... h=0.007812,0.000000
Done.
Final: Magnetisation = (0.060171,-0.678507), Energy = -1.596296 
<M> = (0.042516,-0.655433), <E> = -1.597916 

T=0.770000	 Thermalizing iterations... 
Done.
Thermalized Magnetisation = (0.100569,-0.655263), Energy = -1.594239 
Averaging iterations... h=0.007812,0.000000
Done.
Final: Magnetisation = (-0.008032,-0.640596), Energy = -1.592002 
<M> = (0.049899,-0.659877), <E> = -1.605558 

T=0.760000	 Thermalizing iterations... 
Done.
Thermalized Magnetisation = (0.060337,-0.677393), Energy = -1.592853 
Averaging iterations... h=0.007812,0.000000
Done.
Final: Magnetisation = (0.122136,-0.664620), Energy = -1.625253 
<M> = (0.049681,-0.660745), <E> = -1.612750 

T=0.750000	 Thermalizing iterations... 
Done.
Thermalized Magnetisation = (0.043136,-0.647468), Energy = -1.612590 
Averaging iterations... h=0.007812,0.000000
Done.
Final: Magnetisation = (0.030349,-0.676232), Energy = -1.616981 
<M> = (0.048289,-0.662451), <E> = -1.619636 

T=0.740000	 Thermalizing iterations... 
Done.
Thermalized Magnetisation = (0.068913,-0.691963), Energy = -1.638144 
Averaging iterations... h=0.007812,0.000000
Done.
Final: Magnetisation = (0.050726,-0.659944), Energy = -1.630623 
<M> = (0.049880,-0.667984), <E> = -1.627007 

T=0.730000	 Thermalizing iterations... 
Done.
Thermalized Magnetisation = (0.062479,-0.664832), Energy = -1.622762 
Averaging iterations... h=0.007812,0.000000
Done.
Final: Magnetisation = (0.051111,-0.668470), Energy = -1.627307 
<M> = (0.042956,-0.674355), <E> = -1.635362 

T=0.720000	 Thermalizing iterations... 
Done.
Thermalized Magnetisation = (0.062460,-0.682107), Energy = -1.631071 
Averaging iterations... h=0.007812,0.000000
Done.
Final: Magnetisation = (0.074798,-0.677999), Energy = -1.647686 
<M> = (0.039024,-0.679408), <E> = -1.642621 

T=0.710000	 Thermalizing iterations... 
Done.
Thermalized Magnetisation = (0.052954,-0.698228), Energy = -1.653339 
Averaging iterations... h=0.007812,0.000000
Done.
Final: Magnetisation = (-0.005677,-0.698244), Energy = -1.660269 
<M> = (0.035541,-0.685588), <E> = -1.650533 

T=0.700000	 Thermalizing iterations... 
Done.
Thermalized Magnetisation = (0.024210,-0.699889), Energy = -1.651422 
Averaging iterations... h=0.007812,0.000000
Done.
Final: Magnetisation = (0.000287,-0.680590), Energy = -1.660568 
<M> = (0.040082,-0.690890), <E> = -1.657819 

T=0.690000	 Thermalizing iterations... 
Done.
Thermalized Magnetisation = (0.051489,-0.684233), Energy = -1.651840 
Averaging iterations... h=0.007812,0.000000
Done.
Final: Magnetisation = (0.021313,-0.726951), Energy = -1.666861 
<M> = (0.047490,-0.691640), <E> = -1.664209 

T=0.680000	 Thermalizing iterations... 
Done.
Thermalized Magnetisation = (-0.029076,-0.683191), Energy = -1.653721 
Averaging iterations... h=0.007812,0.000000
Done.
Final: Magnetisation = (0.001026,-0.701665), Energy = -1.674489 
<M> = (0.053767,-0.692455), <E> = -1.670633 

T=0.670000	 Thermalizing iterations... 
Done.
Thermalized Magnetisation = (0.024865,-0.702420), Energy = -1.671287 
Averaging iterations... h=0.007812,0.000000
Done.
Final: Magnetisation = (0.088664,-0.688860), Energy = -1.688145 
<M> = (0.044280,-0.699482), <E> = -1.677413 

T=0.660000	 Thermalizing iterations... 
Done.
Thermalized Magnetisation = (0.018730,-0.700829), Energy = -1.675522 
Averaging iterations... h=0.007812,0.000000
Done.
Final: Magnetisation = (0.007658,-0.696848), Energy = -1.688098 
<M> = (0.045469,-0.704332), <E> = -1.684541 

T=0.650000	 Thermalizing iterations... 
Done.
Thermalized Magnetisation = (0.027738,-0.704979), Energy = -1.695765 
Averaging iterations... h=0.007812,0.000000
Done.
Final: Magnetisation = (0.008847,-0.728659), Energy = -1.691817 
<M> = (0.042350,-0.706037), <E> = -1.691502 

T=0.640000	 Thermalizing iterations... 
Done.
Thermalized Magnetisation = (0.032689,-0.754258), Energy = -1.719876 
Averaging iterations... h=0.007812,0.000000
Done.
Final: Magnetisation = (0.118830,-0.718392), Energy = -1.714295 
<M> = (0.037886,-0.712929), <E> = -1.698751 

T=0.630000	 Thermalizing iterations... 
Done.
Thermalized Magnetisation = (0.022884,-0.724533), Energy = -1.702891 
Averaging iterations... h=0.007812,0.000000
Done.
Final: Magnetisation = (0.006183,-0.701095), Energy = -1.708385 
<M> = (0.033786,-0.719680), <E> = -1.705504 

T=0.620000	 Thermalizing iterations... 
Done.
Thermalized Magnetisation = (0.051880,-0.746095), Energy = -1.718255 
Averaging iterations... h=0.007812,0.000000
Done.
Final: Magnetisation = (0.093435,-0.710804), Energy = -1.711675 
<M> = (0.045460,-0.721917), <E> = -1.711634 

T=0.610000	 Thermalizing iterations... 
Done.
Thermalized Magnetisation = (0.057521,-0.722588), Energy = -1.721109 
Averaging iterations... h=0.007812,0.000000
Done.
Final: Magnetisation = (-0.020317,-0.730445), Energy = -1.716738 
<M> = (0.043631,-0.720123), <E> = -1.717766 

T=0.600000	 Thermalizing iterations... 
Done.
Thermalized Magnetisation = (0.036552,-0.705201), Energy = -1.724927 
Averaging iterations... h=0.007812,0.000000
Done.
Final: Magnetisation = (0.031072,-0.728427), Energy = -1.716972 
<M> = (0.042109,-0.724274), <E> = -1.724231 

T=0.590000	 Thermalizing iterations... 
Done.
Thermalized Magnetisation = (0.051207,-0.705108), Energy = -1.726590 
Averaging iterations... h=0.007812,0.000000
Done.
Final: Magnetisation = (0.047046,-0.744654), Energy = -1.732279 
<M> = (0.054584,-0.727224), <E> = -1.730351 

T=0.580000	 Thermalizing iterations... 
Done.
Thermalized Magnetisation = (0.076485,-0.725003), Energy = -1.746490 
Averaging iterations... h=0.007812,0.000000
Done.
Final: Magnetisation = (0.053147,-0.737190), Energy = -1.745924 
<M> = (0.042907,-0.732273), <E> = -1.737135 

T=0.570000	 Thermalizing iterations... 
Done.
Thermalized Magnetisation = (0.040692,-0.738124), Energy = -1.751367 
Averaging iterations... h=0.007812,0.000000
Done.
Final: Magnetisation = (0.083600,-0.715240), Energy = -1.737228 
<M> = (0.041821,-0.737280), <E> = -1.743806 

T=0.560000	 Thermalizing iterations... 
Done.
Thermalized Magnetisation = (0.061847,-0.738240), Energy = -1.749669 
Averaging iterations... h=0.007812,0.000000
Done.
Final: Magnetisation = (0.070966,-0.736415), Energy = -1.757170 
<M> = (0.039170,-0.743552), <E> = -1.750255 

T=0.550000	 Thermalizing iterations... 
Done.
Thermalized Magnetisation = (0.057425,-0.740414), Energy = -1.760950 
Averaging iterations... h=0.007812,0.000000
Done.
Final: Magnetisation = (0.027544,-0.743250), Energy = -1.758836 
<M> = (0.043378,-0.746109), <E> = -1.756538 

T=0.540000	 Thermalizing iterations... 
Done.
Thermalized Magnetisation = (0.040651,-0.742122), Energy = -1.760461 
Averaging iterations... h=0.007812,0.000000
Done.
Final: Magnetisation = (0.054592,-0.761787), Energy = -1.758254 
<M> = (0.050027,-0.747467), <E> = -1.762154 

T=0.530000	 Thermalizing iterations... 
Done.
Thermalized Magnetisation = (0.095619,-0.748417), Energy = -1.774933 
Averaging iterations... h=0.007812,0.000000
Done.
Final: Magnetisation = (0.059839,-0.763402), Energy = -1.778173 
<M> = (0.046191,-0.749381), <E> = -1.768043 

T=0.520000	 Thermalizing iterations... 
Done.
Thermalized Magnetisation = (0.025088,-0.736834), Energy = -1.772670 
Averaging iterations... h=0.007812,0.000000
Done.
Final: Magnetisation = (0.020823,-0.747824), Energy = -1.765102 
<M> = (0.045279,-0.750678), <E> = -1.774023 

T=0.510000	 Thermalizing iterations... 
Done.
Thermalized Magnetisation = (0.025082,-0.764076), Energy = -1.779324 
Averaging iterations... h=0.007812,0.000000
Done.
Final: Magnetisation = (0.070614,-0.758954), Energy = -1.785170 
<M> = (0.048051,-0.755586), <E> = -1.780341 

T=0.500000	 Thermalizing iterations... 
Done.
Thermalized Magnetisation = (0.004883,-0.772182), Energy = -1.787320 
Averaging iterations... h=0.007812,0.000000
Done.
Final: Magnetisation = (0.024553,-0.756607), Energy = -1.790959 
<M> = (0.045999,-0.759793), <E> = -1.786612 

T=0.490000	 Thermalizing iterations... 
Done.
Thermalized Magnetisation = (0.025991,-0.782399), Energy = -1.788394 
Averaging iterations... h=0.007812,0.000000
Done.
Final: Magnetisation = (0.083535,-0.765429), Energy = -1.788807 
<M> = (0.038991,-0.763714), <E> = -1.792923 

T=0.480000	 Thermalizing iterations... 
Done.
Thermalized Magnetisation = (0.089030,-0.750447), Energy = -1.799094 
Averaging iterations... h=0.007812,0.000000
Done.
Final: Magnetisation = (0.032962,-0.746048), Energy = -1.784205 
<M> = (0.047478,-0.767302), <E> = -1.798832 

T=0.470000	 Thermalizing iterations... 
Done.
Thermalized Magnetisation = (0.051426,-0.779064), Energy = -1.813172 
Averaging iterations... h=0.007812,0.000000
Done.
Final: Magnetisation = (0.026512,-0.761840), Energy = -1.804621 
<M> = (0.043114,-0.769500), <E> = -1.804577 

T=0.460000	 Thermalizing iterations... 
Done.
Thermalized Magnetisation = (0.108844,-0.779454), Energy = -1.801512 
Averaging iterations... h=0.007812,0.000000
Done.
Final: Magnetisation = (0.033943,-0.765633), Energy = -1.796478 
<M> = (0.046976,-0.769057), <E> = -1.810011 

T=0.450000	 Thermalizing iterations... 
Done.
Thermalized Magnetisation = (0.098093,-0.766504), Energy = -1.819045 
Averaging iterations... h=0.007812,0.000000
Done.
Final: Magnetisation = (0.105497,-0.760714), Energy = -1.816350 
<M> = (0.052745,-0.771554), <E> = -1.815771 

T=0.440000	 Thermalizing iterations... 
Done.
Thermalized Magnetisation = (0.038127,-0.789299), Energy = -1.818039 
Averaging iterations... h=0.007812,0.000000
Done.
Final: Magnetisation = (0.073300,-0.767125), Energy = -1.820983 
<M> = (0.044924,-0.775950), <E> = -1.821550 

T=0.430000	 Thermalizing iterations... 
Done.
Thermalized Magnetisation = (-0.001449,-0.802557), Energy = -1.832577 
Averaging iterations... h=0.007812,0.000000
Done.
Final: Magnetisation = (0.016859,-0.769808), Energy = -1.819510 
<M> = (0.049795,-0.779555), <E> = -1.827563 

T=0.420000	 Thermalizing iterations... 
Done.
Thermalized Magnetisation = (0.062341,-0.787057), Energy = -1.833654 
Averaging iterations... h=0.007812,0.000000
Done.
Final: Magnetisation = (0.038022,-0.774513), Energy = -1.835168 
<M> = (0.045142,-0.784700), <E> = -1.833726 

T=0.410000	 Thermalizing iterations... 
Done.
Thermalized Magnetisation = (0.081264,-0.785998), Energy = -1.838177 
Averaging iterations... h=0.007812,0.000000
Done.
Final: Magnetisation = (0.050072,-0.771464), Energy = -1.836813 
<M> = (0.042326,-0.787634), <E> = -1.839467 

T=0.400000	 Thermalizing iterations... 
Done.
Thermalized Magnetisation = (0.047014,-0.769416), Energy = -1.838063 
Averaging iterations... h=0.007812,0.000000
Done.
Final: Magnetisation = (0.057006,-0.793274), Energy = -1.842995 
<M> = (0.045867,-0.789362), <E> = -1.845111 

T=0.390000	 Thermalizing iterations... 
Done.
Thermalized Magnetisation = (0.002182,-0.781180), Energy = -1.846824 
Averaging iterations... h=0.007812,0.000000
Done.
Final: Magnetisation = (0.058708,-0.796199), Energy = -1.841766 
<M> = (0.047772,-0.790699), <E> = -1.850554 

T=0.380000	 Thermalizing iterations... 
Done.
Thermalized Magnetisation = (0.025460,-0.797212), Energy = -1.853480 
Averaging iterations... h=0.007812,0.000000
Done.
Final: Magnetisation = (0.022688,-0.790816), Energy = -1.855315 
<M> = (0.044103,-0.794425), <E> = -1.856144 

T=0.370000	 Thermalizing iterations... 
Done.
Thermalized Magnetisation = (0.053382,-0.802506), Energy = -1.871749 
Averaging iterations... h=0.007812,0.000000
Done.
Final: Magnetisation = (0.084889,-0.775959), Energy = -1.866330 
<M> = (0.052336,-0.797158), <E> = -1.861974 

T=0.360000	 Thermalizing iterations... 
Done.
Thermalized Magnetisation = (0.036741,-0.814228), Energy = -1.865607 
Averaging iterations... h=0.007812,0.000000
Done.
Final: Magnetisation = (0.067574,-0.802934), Energy = -1.866712 
<M> = (0.045600,-0.799295), <E> = -1.867435 

T=0.350000	 Thermalizing iterations... 
Done.
Thermalized Magnetisation = (0.022200,-0.792964), Energy = -1.867857 
Averaging iterations... h=0.007812,0.000000
Done.
Final: Magnetisation = (0.046430,-0.784652), Energy = -1.867626 
<M> = (0.042873,-0.802447), <E> = -1.873164 

T=0.340000	 Thermalizing iterations... 
Done.
Thermalized Magnetisation = (0.054951,-0.820225), Energy = -1.882198 
Averaging iterations... h=0.007812,0.000000
Done.
Final: Magnetisation = (0.076985,-0.812458), Energy = -1.878609 
<M> = (0.042573,-0.808330), <E> = -1.879034 

T=0.330000	 Thermalizing iterations... 
Done.
Thermalized Magnetisation = (0.031417,-0.808655), Energy = -1.884636 
Averaging iterations... h=0.007812,0.000000
Done.
Final: Magnetisation = (0.047988,-0.822119), Energy = -1.884720 
<M> = (0.038374,-0.812401), <E> = -1.884515 

T=0.320000	 Thermalizing iterations... 
Done.
Thermalized Magnetisation = (0.081006,-0.811488), Energy = -1.887592 
Averaging iterations... h=0.007812,0.000000
Done.
Final: Magnetisation = (0.062494,-0.822240), Energy = -1.891644 
<M> = (0.049941,-0.811623), <E> = -1.889920 

T=0.310000	 Thermalizing iterations... 
Done.
Thermalized Magnetisation = (0.049417,-0.805493), Energy = -1.894233 
Averaging iterations... h=0.007812,0.000000
Done.
Final: Magnetisation = (0.008651,-0.819877), Energy = -1.893437 
<M> = (0.047228,-0.812492), <E> = -1.895371 

T=0.300000	 Thermalizing iterations... 
Done.
Thermalized Magnetisation = (0.062264,-0.813980), Energy = -1.899269 
Averaging iterations... h=0.007812,0.000000
Done.
Final: Magnetisation = (0.051083,-0.801822), Energy = -1.900237 
<M> = (0.047866,-0.815524), <E> = -1.900812 

T=0.290000	 Thermalizing iterations... 
Done.
Thermalized Magnetisation = (0.036463,-0.827679), Energy = -1.901930 
Averaging iterations... h=0.007812,0.000000
Done.
Final: Magnetisation = (0.067773,-0.815910), Energy = -1.907880 
<M> = (0.049646,-0.818392), <E> = -1.906266 

T=0.280000	 Thermalizing iterations... 
Done.
Thermalized Magnetisation = (0.041362,-0.818805), Energy = -1.909720 
Averaging iterations... h=0.007812,0.000000
Done.
Final: Magnetisation = (0.036103,-0.826876), Energy = -1.908660 
<M> = (0.049364,-0.824406), <E> = -1.911841 

T=0.270000	 Thermalizing iterations... 
Done.
Thermalized Magnetisation = (0.045823,-0.835001), Energy = -1.917757 
Averaging iterations... h=0.007812,0.000000
Done.
Final: Magnetisation = (0.056881,-0.819057), Energy = -1.912986 
<M> = (0.046777,-0.826116), <E> = -1.917400 

T=0.260000	 Thermalizing iterations... 
Done.
Thermalized Magnetisation = (0.020939,-0.821156), Energy = -1.923025 
Averaging iterations... h=0.007812,0.000000
Done.
Final: Magnetisation = (0.013876,-0.831665), Energy = -1.923324 
<M> = (0.043643,-0.829689), <E> = -1.922709 

T=0.250000	 Thermalizing iterations... 
Done.
Thermalized Magnetisation = (0.065999,-0.833976), Energy = -1.931826 
Averaging iterations... h=0.007812,0.000000
Done.
Final: Magnetisation = (0.062370,-0.829775), Energy = -1.932404 
<M> = (0.045207,-0.831792), <E> = -1.928064 

T=0.240000	 Thermalizing iterations... 
Done.
Thermalized Magnetisation = (0.048465,-0.831657), Energy = -1.935026 
Averaging iterations... h=0.007812,0.000000
Done.
Final: Magnetisation = (0.087359,-0.823168), Energy = -1.934323 
<M> = (0.048736,-0.832349), <E> = -1.933263 

T=0.230000	 Thermalizing iterations... 
Done.
Thermalized Magnetisation = (0.050155,-0.835094), Energy = -1.939400 
Averaging iterations... h=0.007812,0.000000
Done.
Final: Magnetisation = (0.023941,-0.831271), Energy = -1.936062 
<M> = (0.043868,-0.835795), <E> = -1.938660 

T=0.220000	 Thermalizing iterations... 
Done.
Thermalized Magnetisation = (0.100048,-0.835121), Energy = -1.941852 
Averaging iterations... h=0.007812,0.000000
Done.
Final: Magnetisation = (0.059321,-0.831988), Energy = -1.943644 
<M> = (0.050735,-0.836374), <E> = -1.943853 

T=0.210000	 Thermalizing iterations... 
Done.
Thermalized Magnetisation = (0.032364,-0.832469), Energy = -1.945866 
Averaging iterations... h=0.007812,0.000000
Done.
Final: Magnetisation = (0.040831,-0.839474), Energy = -1.948661 
<M> = (0.039618,-0.841657), <E> = -1.949234 

T=0.200000	 Thermalizing iterations... 
Done.
Thermalized Magnetisation = (0.046390,-0.840686), Energy = -1.953259 
Averaging iterations... h=0.007812,0.000000
Done.
Final: Magnetisation = (0.048009,-0.840930), Energy = -1.952706 
<M> = (0.045110,-0.843153), <E> = -1.954717 

T=0.190000	 Thermalizing iterations... 
Done.
Thermalized Magnetisation = (0.038302,-0.839514), Energy = -1.959396 
Averaging iterations... h=0.007812,0.000000
Done.
Final: Magnetisation = (0.022598,-0.844382), Energy = -1.961265 
<M> = (0.044980,-0.847015), <E> = -1.960053 

T=0.180000	 Thermalizing iterations... 
Done.
Thermalized Magnetisation = (0.058588,-0.843376), Energy = -1.967699 
Averaging iterations... h=0.007812,0.000000
Done.
Final: Magnetisation = (0.061237,-0.845973), Energy = -1.964057 
<M> = (0.048179,-0.848512), <E> = -1.965307 

T=0.170000	 Thermalizing iterations... 
Done.
Thermalized Magnetisation = (0.042831,-0.852574), Energy = -1.965165 
Averaging iterations... h=0.007812,0.000000
Done.
Final: Magnetisation = (0.036584,-0.846831), Energy = -1.969091 
<M> = (0.049418,-0.851407), <E> = -1.970501 

T=0.160000	 Thermalizing iterations... 
Done.
Thermalized Magnetisation = (0.025124,-0.853226), Energy = -1.977445 
Averaging iterations... h=0.007812,0.000000
Done.
Final: Magnetisation = (0.040582,-0.854167), Energy = -1.977165 
<M> = (0.048060,-0.852274), <E> = -1.975653 

T=0.150000	 Thermalizing iterations... 
Done.
Thermalized Magnetisation = (0.070135,-0.852639), Energy = -1.980301 
Averaging iterations... h=0.007812,0.000000
Done.
Final: Magnetisation = (0.051450,-0.853502), Energy = -1.979428 
<M> = (0.047017,-0.855022), <E> = -1.980837 

T=0.140000	 Thermalizing iterations... 
Done.
Thermalized Magnetisation = (0.022909,-0.858610), Energy = -1.986531 
Averaging iterations... h=0.007812,0.000000
Done.
Final: Magnetisation = (0.051389,-0.855837), Energy = -1.987298 
<M> = (0.048150,-0.859262), <E> = -1.986104 

T=0.130000	 Thermalizing iterations... 
Done.
Thermalized Magnetisation = (0.055384,-0.858738), Energy = -1.992966 
Averaging iterations... h=0.007812,0.000000
Done.
Final: Magnetisation = (0.019734,-0.859246), Energy = -1.991246 
<M> = (0.047944,-0.861529), <E> = -1.991288 

T=0.120000	 Thermalizing iterations... 
Done.
Thermalized Magnetisation = (0.062610,-0.865347), Energy = -1.995805 
Averaging iterations... h=0.007812,0.000000
Done.
Final: Magnetisation = (0.059560,-0.867632), Energy = -1.996382 
<M> = (0.047139,-0.863675), <E> = -1.996435 

T=0.110000	 Thermalizing iterations... 
Done.
Thermalized Magnetisation = (0.053747,-0.864972), Energy = -2.003252 
Averaging iterations... h=0.007812,0.000000
Done.
Final: Magnetisation = (0.059241,-0.863547), Energy = -2.001507 
<M> = (0.045826,-0.866213), <E> = -2.001596 

T=0.100000	 Thermalizing iterations... 
Done.
Thermalized Magnetisation = (0.044764,-0.866490), Energy = -2.008186 
Averaging iterations... h=0.007812,0.000000
Done.
Final: Magnetisation = (0.031465,-0.872569), Energy = -2.007385 
<M> = (0.051207,-0.867581), <E> = -2.006772 

T=0.090000	 Thermalizing iterations... 
Done.
Thermalized Magnetisation = (0.059172,-0.867619), Energy = -2.010628 
Averaging iterations... h=0.007812,0.000000
Done.
Final: Magnetisation = (0.058649,-0.874101), Energy = -2.011385 
<M> = (0.047501,-0.869989), <E> = -2.011819 

T=0.080000	 Thermalizing iterations... 
Done.
Thermalized Magnetisation = (0.044566,-0.875265), Energy = -2.017603 
Averaging iterations... h=0.007812,0.000000
Done.
Final: Magnetisation = (0.042870,-0.873723), Energy = -2.018024 
<M> = (0.048768,-0.873560), <E> = -2.016970 

T=0.070000	 Thermalizing iterations... 
Done.
Thermalized Magnetisation = (0.043576,-0.878408), Energy = -2.021938 
Averaging iterations... h=0.007812,0.000000
Done.
Final: Magnetisation = (0.031604,-0.875228), Energy = -2.021820 
<M> = (0.046138,-0.875901), <E> = -2.022035 

T=0.060000	 Thermalizing iterations... 
Done.
Thermalized Magnetisation = (0.051621,-0.877869), Energy = -2.026162 
Averaging iterations... h=0.007812,0.000000
Done.
Final: Magnetisation = (0.044488,-0.882951), Energy = -2.026854 
<M> = (0.045089,-0.879822), <E> = -2.027166 

T=0.050000	 Thermalizing iterations... 
Done.
Thermalized Magnetisation = (0.044025,-0.882307), Energy = -2.032947 
Averaging iterations... h=0.007812,0.000000
Done.
Final: Magnetisation = (0.043205,-0.881261), Energy = -2.032202 
<M> = (0.049773,-0.881299), <E> = -2.032218 

T=0.040000	 Thermalizing iterations... 
Done.
Thermalized Magnetisation = (0.044471,-0.881753), Energy = -2.037196 
Averaging iterations... h=0.007812,0.000000
Done.
Final: Magnetisation = (0.041974,-0.884800), Energy = -2.037042 
<M> = (0.047557,-0.883040), <E> = -2.037306 

T=0.030000	 Thermalizing iterations... 
Done.
Thermalized Magnetisation = (0.052269,-0.883870), Energy = -2.042542 
Averaging iterations... h=0.007812,0.000000
Done.
Final: Magnetisation = (0.054052,-0.884558), Energy = -2.041960 
<M> = (0.050017,-0.885451), <E> = -2.042339 

T=0.020000	 Thermalizing iterations... 
Done.
Thermalized Magnetisation = (0.045104,-0.888319), Energy = -2.047454 
Averaging iterations... h=0.007812,0.000000
Done.
Final: Magnetisation = (0.051375,-0.887645), Energy = -2.047662 
<M> = (0.045938,-0.888222), <E> = -2.047364 

T=0.010000	 Thermalizing iterations... 
Done.
Thermalized Magnetisation = (0.046229,-0.890684), Energy = -2.052411 
Averaging iterations... h=0.007812,0.000000
Done.
Final: Magnetisation = (0.046361,-0.890817), Energy = -2.052271 
<M> = (0.049151,-0.889813), <E> = -2.052381 
Final Magnetisation = (0.046361,-0.890817), Energy = -2.052271 
------------------------

Updating all (first)black/(then)white checkerboard sites simultaneously.. 

ztne RFXY h rotating with |h|=0.007812 at T=0.000000..
loop 1

loop 2

CPU  Start Time = 3846864.529889 

CPU  End Time = 3855289.793051 

CPU Time elapsed total = 8425.263162 

real	140m25.280s
user	2374m7.451s
sys	1m11.578s
