nearest neighbor initialized. 
J loaded. 
h loaded. 
L = 16, dim_L = 2, dim_S = 2
hysteresis_MCS_multiplier = 10, hysteresis_MCS_max = 100
RAND_MAX = 2147483647.000000,
 sizeof(int) = 4,
 sizeof(long) = 8,
 sizeof(double) = 8,
 sizeof(long int) = 8,
 sizeof(short int) = 2,
 sizeof(unsigned int) = 4,
 sizeof(RAND_MAX) = 4

OpenMP Active.

No. of THREADS = 24
No. of PROCESSORS = 24

-0.057357,-0.027296
order = ({1.000000-->-1.000000,0.000000}, 0, 1)
Initial Magnetisation = (-0.057357,-0.027296), Energy = 0.146508 
Cooling... 
T=2.000000	 Thermalizing iterations... 
Done.
Thermalized Magnetisation = (0.248533,0.011713), Energy = -1.214317 
Averaging iterations... h=0.071429,0.000000
Done.
Final: Magnetisation = (0.026003,-0.286433), Energy = -0.904038 
<M> = (0.040559,0.016961), <E> = -0.912039 

T=1.950000	 Thermalizing iterations... 
Done.
Thermalized Magnetisation = (0.249603,-0.045061), Energy = -0.966309 
Averaging iterations... h=0.071429,0.000000
Done.
Final: Magnetisation = (-0.133789,0.266367), Energy = -0.890605 
<M> = (0.039182,0.008214), <E> = -0.936099 

T=1.900000	 Thermalizing iterations... 
Done.
Thermalized Magnetisation = (-0.321115,-0.129513), Energy = -0.724175 
Averaging iterations... h=0.071429,0.000000
Done.
Final: Magnetisation = (-0.093562,0.080451), Energy = -0.989353 
<M> = (0.033616,0.011467), <E> = -0.946986 

T=1.850000	 Thermalizing iterations... 
Done.
Thermalized Magnetisation = (0.134016,-0.147836), Energy = -0.861224 
Averaging iterations... h=0.071429,0.000000
Done.
Final: Magnetisation = (0.047887,0.337927), Energy = -0.832414 
<M> = (0.049353,0.002237), <E> = -0.978587 

T=1.800000	 Thermalizing iterations... 
Done.
Thermalized Magnetisation = (-0.085750,0.045005), Energy = -0.904094 
Averaging iterations... h=0.071429,0.000000
Done.
Final: Magnetisation = (0.462775,0.123368), Energy = -0.995999 
<M> = (0.043763,0.015774), <E> = -0.988219 

T=1.750000	 Thermalizing iterations... 
Done.
Thermalized Magnetisation = (0.142723,0.444547), Energy = -0.968044 
Averaging iterations... h=0.071429,0.000000
Done.
Final: Magnetisation = (-0.074149,0.142838), Energy = -0.790394 
<M> = (0.047361,0.001563), <E> = -0.998849 

T=1.700000	 Thermalizing iterations... 
Done.
Thermalized Magnetisation = (-0.073837,-0.042518), Energy = -0.912843 
Averaging iterations... h=0.071429,0.000000
Done.
Final: Magnetisation = (-0.118760,-0.143909), Energy = -1.096815 
<M> = (0.039887,0.004586), <E> = -1.029575 

T=1.650000	 Thermalizing iterations... 
Done.
Thermalized Magnetisation = (-0.165417,0.420299), Energy = -1.267721 
Averaging iterations... h=0.071429,0.000000
Done.
Final: Magnetisation = (-0.227975,0.522759), Energy = -0.887517 
<M> = (0.034874,-0.009235), <E> = -1.044513 

T=1.600000	 Thermalizing iterations... 
Done.
Thermalized Magnetisation = (-0.650498,-0.026074), Energy = -1.252801 
Averaging iterations... h=0.071429,0.000000
Done.
Final: Magnetisation = (0.028377,-0.205024), Energy = -0.901943 
<M> = (0.047762,-0.004562), <E> = -1.067769 

T=1.550000	 Thermalizing iterations... 
Done.
Thermalized Magnetisation = (0.010945,0.190525), Energy = -1.064940 
Averaging iterations... h=0.071429,0.000000
Done.
Final: Magnetisation = (-0.144519,0.053610), Energy = -0.979150 
<M> = (0.048641,-0.010768), <E> = -1.080730 

T=1.500000	 Thermalizing iterations... 
Done.
Thermalized Magnetisation = (-0.242351,0.328887), Energy = -1.235737 
Averaging iterations... h=0.071429,0.000000
Done.
Final: Magnetisation = (-0.231804,-0.125236), Energy = -1.214662 
<M> = (0.052456,0.006265), <E> = -1.118876 

T=1.450000	 Thermalizing iterations... 
Done.
Thermalized Magnetisation = (-0.395992,-0.448680), Energy = -1.237248 
Averaging iterations... h=0.071429,0.000000
Done.
Final: Magnetisation = (-0.171585,-0.269367), Energy = -1.315876 
<M> = (0.066707,-0.006540), <E> = -1.137981 

T=1.400000	 Thermalizing iterations... 
Done.
Thermalized Magnetisation = (-0.128660,0.026589), Energy = -0.965211 
Averaging iterations... h=0.071429,0.000000
Done.
Final: Magnetisation = (0.141860,-0.219707), Energy = -1.180452 
<M> = (0.069740,-0.004249), <E> = -1.166929 

T=1.350000	 Thermalizing iterations... 
Done.
Thermalized Magnetisation = (0.035414,0.036135), Energy = -1.184474 
Averaging iterations... h=0.071429,0.000000
Done.
Final: Magnetisation = (0.609915,-0.172185), Energy = -1.373645 
<M> = (0.082207,-0.001184), <E> = -1.194802 

T=1.300000	 Thermalizing iterations... 
Done.
Thermalized Magnetisation = (-0.081133,-0.363330), Energy = -1.140402 
Averaging iterations... h=0.071429,0.000000
Done.
Final: Magnetisation = (0.140668,0.125882), Energy = -1.142339 
<M> = (0.087689,0.001427), <E> = -1.212372 

T=1.250000	 Thermalizing iterations... 
Done.
Thermalized Magnetisation = (-0.251227,0.352609), Energy = -1.327616 
Averaging iterations... h=0.071429,0.000000
Done.
Final: Magnetisation = (0.261338,-0.050170), Energy = -0.941480 
<M> = (0.084038,-0.015593), <E> = -1.239840 

T=1.200000	 Thermalizing iterations... 
Done.
Thermalized Magnetisation = (-0.180898,-0.470706), Energy = -1.412278 
Averaging iterations... h=0.071429,0.000000
Done.
Final: Magnetisation = (0.306922,0.008205), Energy = -1.296755 
<M> = (0.096373,0.029980), <E> = -1.280591 

T=1.150000	 Thermalizing iterations... 
Done.
Thermalized Magnetisation = (0.139400,-0.510789), Energy = -1.443255 
Averaging iterations... h=0.071429,0.000000
Done.
Final: Magnetisation = (0.502561,-0.426101), Energy = -1.393358 
<M> = (0.109058,-0.026649), <E> = -1.295877 

T=1.100000	 Thermalizing iterations... 
Done.
Thermalized Magnetisation = (0.324062,-0.160363), Energy = -1.163966 
Averaging iterations... h=0.071429,0.000000
Done.
Final: Magnetisation = (0.067628,-0.222576), Energy = -1.315579 
<M> = (0.134846,0.017525), <E> = -1.332503 

T=1.050000	 Thermalizing iterations... 
Done.
Thermalized Magnetisation = (0.277352,0.491159), Energy = -1.250380 
Averaging iterations... h=0.071429,0.000000
Done.
Final: Magnetisation = (-0.339993,0.606808), Energy = -1.502378 
<M> = (0.163105,-0.065426), <E> = -1.372190 

T=1.000000	 Thermalizing iterations... 
Done.
Thermalized Magnetisation = (-0.196318,0.231606), Energy = -1.363714 
Averaging iterations... h=0.071429,0.000000
Done.
Final: Magnetisation = (0.012930,0.455950), Energy = -1.242439 
<M> = (0.170549,-0.027565), <E> = -1.396758 

T=0.950000	 Thermalizing iterations... 
Done.
Thermalized Magnetisation = (-0.112301,0.160515), Energy = -1.265624 
Averaging iterations... h=0.071429,0.000000
Done.
Final: Magnetisation = (-0.056122,0.508941), Energy = -1.401497 
<M> = (0.209923,0.037136), <E> = -1.443297 

T=0.900000	 Thermalizing iterations... 
Done.
Thermalized Magnetisation = (0.289431,0.061134), Energy = -1.381742 
Averaging iterations... h=0.071429,0.000000
Done.
Final: Magnetisation = (-0.361857,0.040132), Energy = -1.623508 
<M> = (0.213574,-0.002777), <E> = -1.483013 

T=0.850000	 Thermalizing iterations... 
Done.
Thermalized Magnetisation = (0.429923,0.228520), Energy = -1.287184 
Averaging iterations... h=0.071429,0.000000
Done.
Final: Magnetisation = (0.657960,0.112343), Energy = -1.567958 
<M> = (0.224132,0.067045), <E> = -1.523636 

T=0.800000	 Thermalizing iterations... 
Done.
Thermalized Magnetisation = (0.211140,-0.356725), Energy = -1.453654 
Averaging iterations... h=0.071429,0.000000
Done.
Final: Magnetisation = (0.445571,-0.808598), Energy = -1.819304 
<M> = (0.252109,0.137894), <E> = -1.565189 

T=0.750000	 Thermalizing iterations... 
Done.
Thermalized Magnetisation = (-0.032936,-0.618040), Energy = -1.647819 
Averaging iterations... h=0.071429,0.000000
Done.
Final: Magnetisation = (0.243473,-0.653704), Energy = -1.600503 
<M> = (0.314136,-0.231010), <E> = -1.611591 

T=0.700000	 Thermalizing iterations... 
Done.
Thermalized Magnetisation = (0.333719,0.571125), Energy = -1.701751 
Averaging iterations... h=0.071429,0.000000
Done.
Final: Magnetisation = (0.061308,-0.742925), Energy = -1.721639 
<M> = (0.373932,-0.083249), <E> = -1.651960 

T=0.650000	 Thermalizing iterations... 
Done.
Thermalized Magnetisation = (0.439671,0.503038), Energy = -1.756547 
Averaging iterations... h=0.071429,0.000000
Done.
Final: Magnetisation = (0.346814,-0.505241), Energy = -1.588522 
<M> = (0.400132,-0.049330), <E> = -1.688297 

T=0.600000	 Thermalizing iterations... 
Done.
Thermalized Magnetisation = (0.453420,-0.057020), Energy = -1.635144 
Averaging iterations... h=0.071429,0.000000
Done.
Final: Magnetisation = (0.728318,-0.012551), Energy = -1.774990 
<M> = (0.428206,0.158358), <E> = -1.720754 

T=0.550000	 Thermalizing iterations... 
Done.
Thermalized Magnetisation = (0.417475,-0.691814), Energy = -1.786193 
Averaging iterations... h=0.071429,0.000000
Done.
Final: Magnetisation = (0.471556,0.484345), Energy = -1.770496 
<M> = (0.419713,0.382853), <E> = -1.764184 

T=0.500000	 Thermalizing iterations... 
Done.
Thermalized Magnetisation = (0.096136,0.789286), Energy = -1.795190 
Averaging iterations... h=0.071429,0.000000
Done.
Final: Magnetisation = (0.292323,0.711832), Energy = -1.817564 
<M> = (0.475748,0.498909), <E> = -1.795666 

T=0.450000	 Thermalizing iterations... 
Done.
Thermalized Magnetisation = (0.068072,-0.782998), Energy = -1.840320 
Averaging iterations... h=0.071429,0.000000
Done.
Final: Magnetisation = (0.391087,-0.684477), Energy = -1.852036 
<M> = (0.534539,0.121054), <E> = -1.824051 

T=0.400000	 Thermalizing iterations... 
Done.
Thermalized Magnetisation = (0.451079,-0.665839), Energy = -1.833943 
Averaging iterations... h=0.071429,0.000000
Done.
Final: Magnetisation = (0.768196,-0.244339), Energy = -1.854327 
<M> = (0.418514,-0.635063), <E> = -1.857865 

T=0.350000	 Thermalizing iterations... 
Done.
Thermalized Magnetisation = (0.374272,-0.666048), Energy = -1.828722 
Averaging iterations... h=0.071429,0.000000
Done.
Final: Magnetisation = (0.588263,-0.666445), Energy = -1.897529 
<M> = (0.361092,-0.715142), <E> = -1.888470 

T=0.300000	 Thermalizing iterations... 
Done.
Thermalized Magnetisation = (0.403676,-0.677742), Energy = -1.919385 
Averaging iterations... h=0.071429,0.000000
Done.
Final: Magnetisation = (0.487138,-0.628940), Energy = -1.867130 
<M> = (0.322677,-0.751986), <E> = -1.913458 

T=0.250000	 Thermalizing iterations... 
Done.
Thermalized Magnetisation = (0.643604,-0.630740), Energy = -1.970838 
Averaging iterations... h=0.071429,0.000000
Done.
Final: Magnetisation = (0.619182,-0.611494), Energy = -1.943275 
<M> = (0.477334,-0.704997), <E> = -1.941950 

T=0.200000	 Thermalizing iterations... 
Done.
Thermalized Magnetisation = (0.319335,0.785753), Energy = -1.947192 
Averaging iterations... h=0.071429,0.000000
Done.
Final: Magnetisation = (0.484244,0.705511), Energy = -1.957161 
<M> = (0.416747,0.758784), <E> = -1.967418 

T=0.150000	 Thermalizing iterations... 
Done.
Thermalized Magnetisation = (0.571825,0.599610), Energy = -1.982535 
Averaging iterations... h=0.071429,0.000000
Done.
Final: Magnetisation = (0.468093,0.782866), Energy = -2.004517 
<M> = (0.465388,0.749863), <E> = -1.994323 

T=0.100000	 Thermalizing iterations... 
Done.
Thermalized Magnetisation = (0.317455,0.868542), Energy = -2.029763 
Averaging iterations... h=0.071429,0.000000
Done.
Final: Magnetisation = (0.576571,0.714190), Energy = -2.023201 
<M> = (0.407422,0.812939), <E> = -2.020430 

T=0.050000	 Thermalizing iterations... 
Done.
Thermalized Magnetisation = (0.356439,0.840381), Energy = -2.044644 
Averaging iterations... h=0.071429,0.000000
Done.
Final: Magnetisation = (0.430195,0.803843), Energy = -2.046626 
<M> = (0.436160,0.808856), <E> = -2.045659 
Final Magnetisation = (0.430195,0.803843), Energy = -2.046626 
------------------------

Updating all (first)black/(then)white checkerboard sites simultaneously.. 

ztne RFXY h rotating with |h|=0.071429 at T=0.000000..
loop 1

loop 2

Cooling protocol time (from T=2.000000 to T=0.000000) = 59.079361 

CPU Time elapsed total = 59.088555 
All done - 59 seconds elapsed.
