nearest neighbor initialized. 
J loaded. 
h loaded. 
L = 32, dim_L = 2, dim_S = 2
hysteresis_MCS_multiplier = 10, hysteresis_MCS_max = 100
RAND_MAX = 2147483647.000000,
 sizeof(int) = 4,
 sizeof(long) = 8,
 sizeof(double) = 8,
 sizeof(long int) = 8,
 sizeof(short int) = 2,
 sizeof(unsigned int) = 4,
 sizeof(RAND_MAX) = 4

OpenMP Active.

No. of THREADS = 24
No. of PROCESSORS = 24

0.149161,0.086148
order = ({1.000000-->-1.000000,0.000000}, 0, 1)
Initial Magnetisation = (0.149161,0.086148), Energy = -0.021139 
Cooling... 
T=2.000000	 Thermalizing iterations... 
Done.
Thermalized Magnetisation = (0.017700,-0.190808), Energy = -0.517424 
Averaging iterations... h=0.071429,0.000000
Done.
Final: Magnetisation = (0.002060,0.124737), Energy = -0.821573 
<M> = (0.041372,0.004943), <E> = -0.749747 

T=1.950000	 Thermalizing iterations... 
Done.
Thermalized Magnetisation = (0.026069,0.038917), Energy = -0.722226 
Averaging iterations... h=0.071429,0.000000
Done.
Final: Magnetisation = (0.045324,-0.043472), Energy = -0.779739 
<M> = (0.043135,0.000039), <E> = -0.770219 

T=1.900000	 Thermalizing iterations... 
Done.
Thermalized Magnetisation = (0.119696,0.146125), Energy = -1.029608 
Averaging iterations... h=0.071429,0.000000
Done.
Final: Magnetisation = (-0.016810,0.054327), Energy = -0.766463 
<M> = (0.049436,0.006835), <E> = -0.790087 

T=1.850000	 Thermalizing iterations... 
Done.
Thermalized Magnetisation = (0.050426,0.041643), Energy = -0.901097 
Averaging iterations... h=0.071429,0.000000
Done.
Final: Magnetisation = (-0.097568,0.095126), Energy = -0.711554 
<M> = (0.054109,0.001817), <E> = -0.808994 

T=1.800000	 Thermalizing iterations... 
Done.
Thermalized Magnetisation = (0.103893,-0.008746), Energy = -0.919089 
Averaging iterations... h=0.071429,0.000000
Done.
Final: Magnetisation = (-0.122905,-0.060586), Energy = -0.840755 
<M> = (0.051758,0.001575), <E> = -0.833752 

T=1.750000	 Thermalizing iterations... 
Done.
Thermalized Magnetisation = (0.001813,-0.102711), Energy = -0.861131 
Averaging iterations... h=0.071429,0.000000
Done.
Final: Magnetisation = (0.208706,-0.071602), Energy = -1.000289 
<M> = (0.061207,0.003083), <E> = -0.854363 

T=1.700000	 Thermalizing iterations... 
Done.
Thermalized Magnetisation = (0.073066,0.113422), Energy = -0.796021 
Averaging iterations... h=0.071429,0.000000
Done.
Final: Magnetisation = (-0.136794,-0.080915), Energy = -0.860317 
<M> = (0.062370,-0.000206), <E> = -0.877700 

T=1.650000	 Thermalizing iterations... 
Done.
Thermalized Magnetisation = (0.193421,-0.117785), Energy = -0.846573 
Averaging iterations... h=0.071429,0.000000
Done.
Final: Magnetisation = (-0.014990,-0.034996), Energy = -0.996472 
<M> = (0.068003,-0.001000), <E> = -0.901495 

T=1.600000	 Thermalizing iterations... 
Done.
Thermalized Magnetisation = (0.105369,0.045119), Energy = -0.953497 
Averaging iterations... h=0.071429,0.000000
Done.
Final: Magnetisation = (-0.283370,0.059029), Energy = -1.116877 
<M> = (0.076510,-0.001910), <E> = -0.927439 

T=1.550000	 Thermalizing iterations... 
Done.
Thermalized Magnetisation = (0.097127,-0.068259), Energy = -0.747825 
Averaging iterations... h=0.071429,0.000000
Done.
Final: Magnetisation = (0.219230,-0.059518), Energy = -1.005686 
<M> = (0.077706,0.001650), <E> = -0.953435 

T=1.500000	 Thermalizing iterations... 
Done.
Thermalized Magnetisation = (0.305059,-0.087280), Energy = -0.929374 
Averaging iterations... h=0.071429,0.000000
Done.
Final: Magnetisation = (0.020060,-0.016528), Energy = -0.986520 
<M> = (0.094978,0.008944), <E> = -0.983185 

T=1.450000	 Thermalizing iterations... 
Done.
Thermalized Magnetisation = (0.134097,-0.129080), Energy = -0.954324 
Averaging iterations... h=0.071429,0.000000
Done.
Final: Magnetisation = (0.053793,0.176054), Energy = -0.898574 
<M> = (0.096119,-0.001687), <E> = -1.013873 

T=1.400000	 Thermalizing iterations... 
Done.
Thermalized Magnetisation = (-0.049430,0.031867), Energy = -1.097783 
Averaging iterations... h=0.071429,0.000000
Done.
Final: Magnetisation = (0.008911,0.093399), Energy = -0.958705 
<M> = (0.105430,0.008813), <E> = -1.047844 

T=1.350000	 Thermalizing iterations... 
Done.
Thermalized Magnetisation = (0.034577,-0.253523), Energy = -1.042891 
Averaging iterations... h=0.071429,0.000000
Done.
Final: Magnetisation = (0.342189,-0.122000), Energy = -1.071640 
<M> = (0.124536,-0.001485), <E> = -1.084336 

T=1.300000	 Thermalizing iterations... 
Done.
Thermalized Magnetisation = (0.116565,-0.203662), Energy = -1.136940 
Averaging iterations... h=0.071429,0.000000
Done.
Final: Magnetisation = (0.070612,0.120586), Energy = -1.087257 
<M> = (0.130635,0.010162), <E> = -1.118720 

T=1.250000	 Thermalizing iterations... 
Done.
Thermalized Magnetisation = (-0.134973,-0.318551), Energy = -1.173837 
Averaging iterations... h=0.071429,0.000000
Done.
Final: Magnetisation = (0.302275,0.050325), Energy = -1.010472 
<M> = (0.151607,0.002673), <E> = -1.155669 

T=1.200000	 Thermalizing iterations... 
Done.
Thermalized Magnetisation = (0.369210,0.172241), Energy = -1.107960 
Averaging iterations... h=0.071429,0.000000
Done.
Final: Magnetisation = (0.360255,0.194302), Energy = -1.100852 
<M> = (0.168489,0.004555), <E> = -1.198685 

T=1.150000	 Thermalizing iterations... 
Done.
Thermalized Magnetisation = (0.310492,-0.206553), Energy = -1.332999 
Averaging iterations... h=0.071429,0.000000
Done.
Final: Magnetisation = (0.166181,0.050555), Energy = -1.256006 
<M> = (0.203906,-0.004396), <E> = -1.240443 

T=1.100000	 Thermalizing iterations... 
Done.
Thermalized Magnetisation = (0.484936,-0.135307), Energy = -1.281016 
Averaging iterations... h=0.071429,0.000000
Done.
Final: Magnetisation = (0.422240,0.187030), Energy = -1.249205 
<M> = (0.237989,0.009424), <E> = -1.291013 

T=1.050000	 Thermalizing iterations... 
Done.
Thermalized Magnetisation = (0.174428,0.035044), Energy = -1.268675 
Averaging iterations... h=0.071429,0.000000
Done.
Final: Magnetisation = (0.422236,-0.074211), Energy = -1.355980 
<M> = (0.253855,0.016390), <E> = -1.334222 

T=1.000000	 Thermalizing iterations... 
Done.
Thermalized Magnetisation = (0.457202,-0.164153), Energy = -1.360090 
Averaging iterations... h=0.071429,0.000000
Done.
Final: Magnetisation = (0.113220,-0.289270), Energy = -1.400138 
<M> = (0.276041,0.009608), <E> = -1.379162 

T=0.950000	 Thermalizing iterations... 
Done.
Thermalized Magnetisation = (0.245470,-0.075968), Energy = -1.260272 
Averaging iterations... h=0.071429,0.000000
Done.
Final: Magnetisation = (0.450162,0.057123), Energy = -1.345987 
<M> = (0.309924,-0.010194), <E> = -1.430961 

T=0.900000	 Thermalizing iterations... 
Done.
Thermalized Magnetisation = (0.191456,-0.307726), Energy = -1.509807 
Averaging iterations... h=0.071429,0.000000
Done.
Final: Magnetisation = (0.423560,0.165285), Energy = -1.484708 
<M> = (0.357536,-0.015502), <E> = -1.484908 

T=0.850000	 Thermalizing iterations... 
Done.
Thermalized Magnetisation = (0.557360,0.413569), Energy = -1.518391 
Averaging iterations... h=0.071429,0.000000
Done.
Final: Magnetisation = (0.178673,0.166281), Energy = -1.537563 
<M> = (0.399310,0.014292), <E> = -1.530879 

T=0.800000	 Thermalizing iterations... 
Done.
Thermalized Magnetisation = (0.393226,0.037678), Energy = -1.575100 
Averaging iterations... h=0.071429,0.000000
Done.
Final: Magnetisation = (0.290659,0.182709), Energy = -1.571299 
<M> = (0.443440,-0.010363), <E> = -1.578606 

T=0.750000	 Thermalizing iterations... 
Done.
Thermalized Magnetisation = (0.295084,-0.545821), Energy = -1.594887 
Averaging iterations... h=0.071429,0.000000
Done.
Final: Magnetisation = (0.572255,0.014081), Energy = -1.716877 
<M> = (0.476579,0.028270), <E> = -1.616356 

T=0.700000	 Thermalizing iterations... 
Done.
Thermalized Magnetisation = (0.683063,-0.049937), Energy = -1.640617 
Averaging iterations... h=0.071429,0.000000
Done.
Final: Magnetisation = (0.277458,-0.591278), Energy = -1.684533 
<M> = (0.495973,-0.161151), <E> = -1.661257 

T=0.650000	 Thermalizing iterations... 
Done.
Thermalized Magnetisation = (0.414606,-0.606297), Energy = -1.741994 
Averaging iterations... h=0.071429,0.000000
Done.
Final: Magnetisation = (0.415592,-0.565356), Energy = -1.736568 
<M> = (0.523716,-0.331697), <E> = -1.697643 

T=0.600000	 Thermalizing iterations... 
Done.
Thermalized Magnetisation = (0.137456,0.563877), Energy = -1.704869 
Averaging iterations... h=0.071429,0.000000
Done.
Final: Magnetisation = (0.472788,0.522449), Energy = -1.780368 
<M> = (0.564716,0.000073), <E> = -1.731766 

T=0.550000	 Thermalizing iterations... 
Done.
Thermalized Magnetisation = (0.481588,0.518278), Energy = -1.760829 
Averaging iterations... h=0.071429,0.000000
Done.
Final: Magnetisation = (0.423507,0.601416), Energy = -1.765748 
<M> = (0.542196,0.427622), <E> = -1.765849 

T=0.500000	 Thermalizing iterations... 
Done.
Thermalized Magnetisation = (0.562157,-0.162306), Energy = -1.743632 
Averaging iterations... h=0.071429,0.000000
Done.
Final: Magnetisation = (0.657551,0.528195), Energy = -1.829927 
<M> = (0.570895,-0.103360), <E> = -1.793412 

T=0.450000	 Thermalizing iterations... 
Done.
Thermalized Magnetisation = (0.700856,0.391386), Energy = -1.839004 
Averaging iterations... h=0.071429,0.000000
Done.
Final: Magnetisation = (0.710758,0.271234), Energy = -1.865603 
<M> = (0.568757,0.472376), <E> = -1.824936 

T=0.400000	 Thermalizing iterations... 
Done.
Thermalized Magnetisation = (0.685577,0.531161), Energy = -1.862409 
Averaging iterations... h=0.071429,0.000000
Done.
Final: Magnetisation = (0.633324,0.403851), Energy = -1.869458 
<M> = (0.541651,0.530137), <E> = -1.855148 

T=0.350000	 Thermalizing iterations... 
Done.
Thermalized Magnetisation = (0.508780,0.524270), Energy = -1.860944 
Averaging iterations... h=0.071429,0.000000
Done.
Final: Magnetisation = (0.272020,0.727366), Energy = -1.852789 
<M> = (0.561386,0.551680), <E> = -1.883175 

T=0.300000	 Thermalizing iterations... 
Done.
Thermalized Magnetisation = (0.512311,0.596608), Energy = -1.888243 
Averaging iterations... h=0.071429,0.000000
Done.
Final: Magnetisation = (0.573847,0.569355), Energy = -1.907493 
<M> = (0.516730,0.620883), <E> = -1.911060 

T=0.250000	 Thermalizing iterations... 
Done.
Thermalized Magnetisation = (0.484728,0.553022), Energy = -1.935986 
Averaging iterations... h=0.071429,0.000000
Done.
Final: Magnetisation = (0.496171,0.744548), Energy = -1.945853 
<M> = (0.537626,0.628727), <E> = -1.938499 

T=0.200000	 Thermalizing iterations... 
Done.
Thermalized Magnetisation = (0.431690,0.711637), Energy = -1.952066 
Averaging iterations... h=0.071429,0.000000
Done.
Final: Magnetisation = (0.522477,0.723861), Energy = -1.970864 
<M> = (0.516363,0.680993), <E> = -1.965479 

T=0.150000	 Thermalizing iterations... 
Done.
Thermalized Magnetisation = (0.514592,0.685519), Energy = -1.989772 
Averaging iterations... h=0.071429,0.000000
Done.
Final: Magnetisation = (0.520804,0.679067), Energy = -1.988913 
<M> = (0.536224,0.685748), <E> = -1.991756 

T=0.100000	 Thermalizing iterations... 
Done.
Thermalized Magnetisation = (0.555326,0.694397), Energy = -2.022136 
Averaging iterations... h=0.071429,0.000000
Done.
Final: Magnetisation = (0.534969,0.694098), Energy = -2.015966 
<M> = (0.534007,0.708764), <E> = -2.017734 

T=0.050000	 Thermalizing iterations... 
Done.
Thermalized Magnetisation = (0.559776,0.719724), Energy = -2.045585 
Averaging iterations... h=0.071429,0.000000
Done.
Final: Magnetisation = (0.535674,0.732787), Energy = -2.043277 
<M> = (0.518713,0.734588), <E> = -2.043197 
Final Magnetisation = (0.535674,0.732787), Energy = -2.043277 
------------------------

Updating all (first)black/(then)white checkerboard sites simultaneously.. 

ztne RFXY h rotating with |h|=0.071429 at T=0.000000..
loop 1

loop 2

Cooling protocol time (from T=2.000000 to T=0.000000) = 173.232680 

CPU Time elapsed total = 173.265928 
All done - 174 seconds elapsed.
