nearest neighbor initialized. 
J loaded. 
h loaded. 
L = 16, dim_L = 2, dim_S = 2
hysteresis_MCS_multiplier = 10, hysteresis_MCS_max = 100
RAND_MAX = 2147483647.000000,
 sizeof(int) = 4,
 sizeof(long) = 8,
 sizeof(double) = 8,
 sizeof(long int) = 8,
 sizeof(short int) = 2,
 sizeof(unsigned int) = 4,
 sizeof(RAND_MAX) = 4

OpenMP Active.

No. of THREADS = 24
No. of PROCESSORS = 24

-0.060060,0.002339
order = ({1.000000-->-1.000000,0.000000}, 0, 1)
Initial Magnetisation = (-0.060060,0.002339), Energy = 0.147944 
Cooling... 
T=2.000000	 Thermalizing iterations... 
Done.
Thermalized Magnetisation = (0.212790,-0.013140), Energy = -1.134254 
Averaging iterations... h=0.071429,0.000000
Done.
Final: Magnetisation = (0.083869,0.458331), Energy = -1.280864 
<M> = (0.024062,0.009575), <E> = -0.921097 

T=1.950000	 Thermalizing iterations... 
Done.
Thermalized Magnetisation = (-0.218692,-0.230759), Energy = -0.411985 
Averaging iterations... h=0.071429,0.000000
Done.
Final: Magnetisation = (0.266617,-0.264864), Energy = -0.984426 
<M> = (0.028835,0.009704), <E> = -0.926585 

T=1.900000	 Thermalizing iterations... 
Done.
Thermalized Magnetisation = (0.165182,-0.061276), Energy = -0.779281 
Averaging iterations... h=0.071429,0.000000
Done.
Final: Magnetisation = (0.003277,0.092330), Energy = -0.635159 
<M> = (0.020957,-0.000346), <E> = -0.945100 

T=1.850000	 Thermalizing iterations... 
Done.
Thermalized Magnetisation = (-0.053319,-0.322288), Energy = -1.232316 
Averaging iterations... h=0.071429,0.000000
Done.
Final: Magnetisation = (0.074499,0.035537), Energy = -0.380078 
<M> = (0.038438,0.007291), <E> = -0.973117 

T=1.800000	 Thermalizing iterations... 
Done.
Thermalized Magnetisation = (-0.008835,0.444759), Energy = -0.826214 
Averaging iterations... h=0.071429,0.000000
Done.
Final: Magnetisation = (0.155890,0.389485), Energy = -1.161430 
<M> = (0.023868,0.011293), <E> = -0.985274 

T=1.750000	 Thermalizing iterations... 
Done.
Thermalized Magnetisation = (-0.074286,0.113433), Energy = -1.102823 
Averaging iterations... h=0.071429,0.000000
Done.
Final: Magnetisation = (-0.429988,0.022283), Energy = -0.850361 
<M> = (0.036260,0.006217), <E> = -1.003515 

T=1.700000	 Thermalizing iterations... 
Done.
Thermalized Magnetisation = (0.173776,0.006976), Energy = -1.145784 
Averaging iterations... h=0.071429,0.000000
Done.
Final: Magnetisation = (0.011964,0.529682), Energy = -1.319413 
<M> = (0.034981,0.001979), <E> = -1.024480 

T=1.650000	 Thermalizing iterations... 
Done.
Thermalized Magnetisation = (0.026258,-0.237965), Energy = -0.979827 
Averaging iterations... h=0.071429,0.000000
Done.
Final: Magnetisation = (0.250813,0.147194), Energy = -1.181708 
<M> = (0.031269,-0.007811), <E> = -1.043417 

T=1.600000	 Thermalizing iterations... 
Done.
Thermalized Magnetisation = (0.506280,-0.336467), Energy = -1.332162 
Averaging iterations... h=0.071429,0.000000
Done.
Final: Magnetisation = (-0.091870,0.038493), Energy = -0.799804 
<M> = (0.038237,-0.009301), <E> = -1.074358 

T=1.550000	 Thermalizing iterations... 
Done.
Thermalized Magnetisation = (0.327855,0.218282), Energy = -1.191008 
Averaging iterations... h=0.071429,0.000000
Done.
Final: Magnetisation = (-0.119897,0.263506), Energy = -1.110783 
<M> = (0.034644,-0.002475), <E> = -1.084381 

T=1.500000	 Thermalizing iterations... 
Done.
Thermalized Magnetisation = (-0.261214,0.043945), Energy = -1.062462 
Averaging iterations... h=0.071429,0.000000
Done.
Final: Magnetisation = (0.359592,0.296053), Energy = -1.285249 
<M> = (0.045276,-0.004827), <E> = -1.113698 

T=1.450000	 Thermalizing iterations... 
Done.
Thermalized Magnetisation = (0.263437,0.171116), Energy = -0.954817 
Averaging iterations... h=0.071429,0.000000
Done.
Final: Magnetisation = (0.016997,0.078864), Energy = -1.334766 
<M> = (0.059906,0.012387), <E> = -1.135779 

T=1.400000	 Thermalizing iterations... 
Done.
Thermalized Magnetisation = (0.306078,0.237587), Energy = -0.752930 
Averaging iterations... h=0.071429,0.000000
Done.
Final: Magnetisation = (-0.140031,0.250956), Energy = -1.036677 
<M> = (0.051299,-0.004487), <E> = -1.161618 

T=1.350000	 Thermalizing iterations... 
Done.
Thermalized Magnetisation = (-0.281949,-0.035693), Energy = -0.927150 
Averaging iterations... h=0.071429,0.000000
Done.
Final: Magnetisation = (0.494983,-0.049646), Energy = -1.305812 
<M> = (0.043388,-0.014604), <E> = -1.184766 

T=1.300000	 Thermalizing iterations... 
Done.
Thermalized Magnetisation = (0.021377,-0.191999), Energy = -1.214999 
Averaging iterations... h=0.071429,0.000000
Done.
Final: Magnetisation = (0.479122,-0.258827), Energy = -1.194318 
<M> = (0.073684,0.003904), <E> = -1.208398 

T=1.250000	 Thermalizing iterations... 
Done.
Thermalized Magnetisation = (0.244078,-0.149794), Energy = -0.836863 
Averaging iterations... h=0.071429,0.000000
Done.
Final: Magnetisation = (-0.480112,-0.068538), Energy = -1.225498 
<M> = (0.059816,-0.012464), <E> = -1.238123 

T=1.200000	 Thermalizing iterations... 
Done.
Thermalized Magnetisation = (-0.080546,0.303862), Energy = -1.297009 
Averaging iterations... h=0.071429,0.000000
Done.
Final: Magnetisation = (-0.282608,0.346917), Energy = -1.314410 
<M> = (0.081744,0.059130), <E> = -1.268851 

T=1.150000	 Thermalizing iterations... 
Done.
Thermalized Magnetisation = (0.146092,0.370879), Energy = -1.187189 
Averaging iterations... h=0.071429,0.000000
Done.
Final: Magnetisation = (-0.388687,0.019438), Energy = -1.319278 
<M> = (0.106248,-0.024950), <E> = -1.309064 

T=1.100000	 Thermalizing iterations... 
Done.
Thermalized Magnetisation = (-0.047473,0.053271), Energy = -1.037980 
Averaging iterations... h=0.071429,0.000000
Done.
Final: Magnetisation = (0.326542,-0.437634), Energy = -1.586184 
<M> = (0.081773,0.007556), <E> = -1.333365 

T=1.050000	 Thermalizing iterations... 
Done.
Thermalized Magnetisation = (-0.080888,-0.005878), Energy = -1.294338 
Averaging iterations... h=0.071429,0.000000
Done.
Final: Magnetisation = (-0.336803,-0.354361), Energy = -1.522365 
<M> = (0.137375,-0.067799), <E> = -1.370675 

T=1.000000	 Thermalizing iterations... 
Done.
Thermalized Magnetisation = (0.688943,-0.009011), Energy = -1.405043 
Averaging iterations... h=0.071429,0.000000
Done.
Final: Magnetisation = (0.370047,-0.480497), Energy = -1.331150 
<M> = (0.116256,0.008030), <E> = -1.390965 

T=0.950000	 Thermalizing iterations... 
Done.
Thermalized Magnetisation = (0.456198,0.320699), Energy = -1.498269 
Averaging iterations... h=0.071429,0.000000
Done.
Final: Magnetisation = (-0.562139,-0.280558), Energy = -1.454649 
<M> = (0.152096,-0.005632), <E> = -1.429969 

T=0.900000	 Thermalizing iterations... 
Done.
Thermalized Magnetisation = (-0.277333,-0.152678), Energy = -1.223307 
Averaging iterations... h=0.071429,0.000000
Done.
Final: Magnetisation = (0.297979,0.496560), Energy = -1.411458 
<M> = (0.153396,-0.028711), <E> = -1.472920 

T=0.850000	 Thermalizing iterations... 
Done.
Thermalized Magnetisation = (0.432218,0.240191), Energy = -1.387910 
Averaging iterations... h=0.071429,0.000000
Done.
Final: Magnetisation = (0.194300,-0.163129), Energy = -1.474086 
<M> = (0.128289,0.000607), <E> = -1.509067 

T=0.800000	 Thermalizing iterations... 
Done.
Thermalized Magnetisation = (-0.114379,-0.238510), Energy = -1.568856 
Averaging iterations... h=0.071429,0.000000
Done.
Final: Magnetisation = (-0.057226,-0.271289), Energy = -1.394335 
<M> = (0.129794,0.173154), <E> = -1.546949 

T=0.750000	 Thermalizing iterations... 
Done.
Thermalized Magnetisation = (-0.143896,0.122668), Energy = -1.632406 
Averaging iterations... h=0.071429,0.000000
Done.
Final: Magnetisation = (0.298430,-0.151384), Energy = -1.516239 
<M> = (0.187914,-0.260948), <E> = -1.595576 

T=0.700000	 Thermalizing iterations... 
Done.
Thermalized Magnetisation = (0.426614,0.545987), Energy = -1.656429 
Averaging iterations... h=0.071429,0.000000
Done.
Final: Magnetisation = (-0.209162,0.493195), Energy = -1.613994 
<M> = (0.274797,0.038997), <E> = -1.630075 

T=0.650000	 Thermalizing iterations... 
Done.
Thermalized Magnetisation = (-0.246461,-0.390997), Energy = -1.625941 
Averaging iterations... h=0.071429,0.000000
Done.
Final: Magnetisation = (-0.061497,0.809805), Energy = -1.725483 
<M> = (0.228222,0.030557), <E> = -1.679709 

T=0.600000	 Thermalizing iterations... 
Done.
Thermalized Magnetisation = (0.417045,-0.594859), Energy = -1.697510 
Averaging iterations... h=0.071429,0.000000
Done.
Final: Magnetisation = (0.683113,-0.204367), Energy = -1.601108 
<M> = (0.234289,0.499871), <E> = -1.717312 

T=0.550000	 Thermalizing iterations... 
Done.
Thermalized Magnetisation = (0.647637,-0.175625), Energy = -1.663361 
Averaging iterations... h=0.071429,0.000000
Done.
Final: Magnetisation = (0.531560,-0.618115), Energy = -1.794169 
<M> = (0.337540,-0.392713), <E> = -1.753004 

T=0.500000	 Thermalizing iterations... 
Done.
Thermalized Magnetisation = (0.815636,0.056218), Energy = -1.781781 
Averaging iterations... h=0.071429,0.000000
Done.
Final: Magnetisation = (0.866831,-0.140668), Energy = -1.793285 
<M> = (0.347409,-0.272720), <E> = -1.785563 

T=0.450000	 Thermalizing iterations... 
Done.
Thermalized Magnetisation = (-0.026404,-0.805483), Energy = -1.851981 
Averaging iterations... h=0.071429,0.000000
Done.
Final: Magnetisation = (0.217251,-0.535732), Energy = -1.791224 
<M> = (0.243458,-0.152409), <E> = -1.811122 

T=0.400000	 Thermalizing iterations... 
Done.
Thermalized Magnetisation = (0.824816,0.118435), Energy = -1.815727 
Averaging iterations... h=0.071429,0.000000
Done.
Final: Magnetisation = (0.232775,-0.790429), Energy = -1.836079 
<M> = (0.179830,-0.185032), <E> = -1.842622 

T=0.350000	 Thermalizing iterations... 
Done.
Thermalized Magnetisation = (0.624094,-0.667600), Energy = -1.919965 
Averaging iterations... h=0.071429,0.000000
Done.
Final: Magnetisation = (-0.196541,-0.777628), Energy = -1.896367 
<M> = (0.246227,-0.716891), <E> = -1.875666 

T=0.300000	 Thermalizing iterations... 
Done.
Thermalized Magnetisation = (0.191630,0.849621), Energy = -1.920353 
Averaging iterations... h=0.071429,0.000000
Done.
Final: Magnetisation = (0.153054,0.854377), Energy = -1.924620 
<M> = (0.449964,0.650452), <E> = -1.900799 

T=0.250000	 Thermalizing iterations... 
Done.
Thermalized Magnetisation = (0.397344,0.734868), Energy = -1.928066 
Averaging iterations... h=0.071429,0.000000
Done.
Final: Magnetisation = (0.290240,0.844868), Energy = -1.966477 
<M> = (0.329184,0.730342), <E> = -1.927646 

T=0.200000	 Thermalizing iterations... 
Done.
Thermalized Magnetisation = (0.465216,0.682769), Energy = -1.892158 
Averaging iterations... h=0.071429,0.000000
Done.
Final: Magnetisation = (0.177185,0.872450), Energy = -1.964460 
<M> = (0.202797,0.829463), <E> = -1.956004 

T=0.150000	 Thermalizing iterations... 
Done.
Thermalized Magnetisation = (0.164213,0.900890), Energy = -1.983152 
Averaging iterations... h=0.071429,0.000000
Done.
Final: Magnetisation = (0.298972,0.852299), Energy = -1.989936 
<M> = (0.210627,0.863011), <E> = -1.982266 

T=0.100000	 Thermalizing iterations... 
Done.
Thermalized Magnetisation = (0.228053,0.872972), Energy = -2.002859 
Averaging iterations... h=0.071429,0.000000
Done.
Final: Magnetisation = (0.350498,0.833992), Energy = -2.009215 
<M> = (0.256405,0.871579), <E> = -2.008447 

T=0.050000	 Thermalizing iterations... 
Done.
Thermalized Magnetisation = (0.157721,0.907840), Energy = -2.032333 
Averaging iterations... h=0.071429,0.000000
Done.
Final: Magnetisation = (0.190689,0.888015), Energy = -2.041077 
<M> = (0.246692,0.890930), <E> = -2.033463 
Final Magnetisation = (0.190689,0.888015), Energy = -2.041077 
------------------------

Updating all (first)black/(then)white checkerboard sites simultaneously.. 

ztne RFXY h rotating with |h|=0.071429 at T=0.000000..
loop 1

loop 2

Cooling protocol time (from T=2.000000 to T=0.000000) = 56.771267 

CPU Time elapsed total = 56.807712 
All done - 57 seconds elapsed.
