+ cd /home/sbasak/Exercises/OpenMP/XY_code/Z2/rotating_field/trial/config/config_84
+ export OMP_NUM_THREADS=28
+ OMP_NUM_THREADS=28
+ ./a_8.out
nearest neighbor initialized. 
h loaded. 
J loaded. 
L = 128, dim_L = 2, dim_S = 2
hysteresis_MCS_multiplier = 10, hysteresis_MCS_max = 100
RAND_MAX = 2147483647.000000,
 sizeof(int) = 4,
 sizeof(long) = 8,
 sizeof(double) = 8,
 sizeof(long int) = 8,
 sizeof(short int) = 2,
 sizeof(unsigned int) = 4,
 sizeof(RAND_MAX) = 4
No. of THREADS = 28
No. of PROCESSORS = 28

0.061716,0.021560
order = ({1.000000-->-1.000000,0.000000}, 0, 1)
Initial Magnetisation = (0.061716,0.021560), Energy = 0.023342 
Cooling... 
T=2.000000	 Thermalizing iterations... 
Done.
Thermalized Magnetisation = (0.050294,-0.025722), Energy = -0.565961 
Averaging iterations... h=0.062500,0.000000
Done.
Final: Magnetisation = (0.047851,-0.030559), Energy = -0.576250 
<M> = (0.055538,0.000322), <E> = -0.612416 

T=1.990000	 Thermalizing iterations... 
Done.
Thermalized Magnetisation = (0.014411,0.034535), Energy = -0.626931 
Averaging iterations... h=0.062500,0.000000
Done.
Final: Magnetisation = (0.035983,-0.000844), Energy = -0.643923 
<M> = (0.057551,-0.001224), <E> = -0.616703 

T=1.980000	 Thermalizing iterations... 
Done.
Thermalized Magnetisation = (0.033941,0.017458), Energy = -0.652313 
Averaging iterations... h=0.062500,0.000000
Done.
Final: Magnetisation = (0.091051,-0.002722), Energy = -0.630656 
<M> = (0.057741,-0.000989), <E> = -0.621218 

T=1.970000	 Thermalizing iterations... 
Done.
Thermalized Magnetisation = (0.036146,0.036198), Energy = -0.632726 
Averaging iterations... h=0.062500,0.000000
Done.
Final: Magnetisation = (0.043476,-0.050753), Energy = -0.605775 
<M> = (0.058984,-0.002155), <E> = -0.625180 

T=1.960000	 Thermalizing iterations... 
Done.
Thermalized Magnetisation = (0.052441,-0.026342), Energy = -0.670515 
Averaging iterations... h=0.062500,0.000000
Done.
Final: Magnetisation = (0.047815,-0.002226), Energy = -0.618709 
<M> = (0.060201,-0.000748), <E> = -0.628296 

T=1.950000	 Thermalizing iterations... 
Done.
Thermalized Magnetisation = (0.044110,-0.002396), Energy = -0.634720 
Averaging iterations... h=0.062500,0.000000
Done.
Final: Magnetisation = (0.116049,-0.005241), Energy = -0.647334 
<M> = (0.061405,-0.000391), <E> = -0.631774 

T=1.940000	 Thermalizing iterations... 
Done.
Thermalized Magnetisation = (0.104171,-0.020398), Energy = -0.620655 
Averaging iterations... h=0.062500,0.000000
Done.
Final: Magnetisation = (0.097350,0.016594), Energy = -0.617936 
<M> = (0.061445,0.000338), <E> = -0.635179 

T=1.930000	 Thermalizing iterations... 
Done.
Thermalized Magnetisation = (0.067199,0.002302), Energy = -0.661436 
Averaging iterations... h=0.062500,0.000000
Done.
Final: Magnetisation = (-0.009570,0.004886), Energy = -0.619930 
<M> = (0.061177,0.000442), <E> = -0.638251 

T=1.920000	 Thermalizing iterations... 
Done.
Thermalized Magnetisation = (0.024200,0.033221), Energy = -0.670894 
Averaging iterations... h=0.062500,0.000000
Done.
Final: Magnetisation = (0.063861,-0.010092), Energy = -0.649540 
<M> = (0.062936,-0.001391), <E> = -0.643202 

T=1.910000	 Thermalizing iterations... 
Done.
Thermalized Magnetisation = (0.016023,0.008227), Energy = -0.634808 
Averaging iterations... h=0.062500,0.000000
Done.
Final: Magnetisation = (0.031839,-0.027812), Energy = -0.680499 
<M> = (0.064094,-0.001356), <E> = -0.647778 

T=1.900000	 Thermalizing iterations... 
Done.
Thermalized Magnetisation = (0.136119,0.094341), Energy = -0.663524 
Averaging iterations... h=0.062500,0.000000
Done.
Final: Magnetisation = (0.026638,-0.007077), Energy = -0.633840 
<M> = (0.065196,-0.002715), <E> = -0.651731 

T=1.890000	 Thermalizing iterations... 
Done.
Thermalized Magnetisation = (0.025003,0.013031), Energy = -0.662722 
Averaging iterations... h=0.062500,0.000000
Done.
Final: Magnetisation = (0.031498,0.022135), Energy = -0.658120 
<M> = (0.065655,-0.002417), <E> = -0.655775 

T=1.880000	 Thermalizing iterations... 
Done.
Thermalized Magnetisation = (0.071400,-0.027499), Energy = -0.661334 
Averaging iterations... h=0.062500,0.000000
Done.
Final: Magnetisation = (0.016143,-0.003389), Energy = -0.673073 
<M> = (0.068082,-0.001854), <E> = -0.660195 

T=1.870000	 Thermalizing iterations... 
Done.
Thermalized Magnetisation = (0.025646,0.033679), Energy = -0.651637 
Averaging iterations... h=0.062500,0.000000
Done.
Final: Magnetisation = (0.068171,0.005076), Energy = -0.663951 
<M> = (0.068467,0.002064), <E> = -0.663521 

T=1.860000	 Thermalizing iterations... 
Done.
Thermalized Magnetisation = (0.036381,0.040858), Energy = -0.618022 
Averaging iterations... h=0.062500,0.000000
Done.
Final: Magnetisation = (0.087694,-0.027569), Energy = -0.654226 
<M> = (0.068536,-0.000258), <E> = -0.667760 

T=1.850000	 Thermalizing iterations... 
Done.
Thermalized Magnetisation = (0.055833,0.088825), Energy = -0.664356 
Averaging iterations... h=0.062500,0.000000
Done.
Final: Magnetisation = (0.103547,-0.020024), Energy = -0.709037 
<M> = (0.069014,-0.000489), <E> = -0.671548 

T=1.840000	 Thermalizing iterations... 
Done.
Thermalized Magnetisation = (0.063023,0.032974), Energy = -0.673583 
Averaging iterations... h=0.062500,0.000000
Done.
Final: Magnetisation = (0.092332,-0.002510), Energy = -0.724195 
<M> = (0.072031,-0.001001), <E> = -0.676578 

T=1.830000	 Thermalizing iterations... 
Done.
Thermalized Magnetisation = (0.125602,0.001598), Energy = -0.683198 
Averaging iterations... h=0.062500,0.000000
Done.
Final: Magnetisation = (0.065413,0.032988), Energy = -0.664728 
<M> = (0.071890,-0.002603), <E> = -0.681221 

T=1.820000	 Thermalizing iterations... 
Done.
Thermalized Magnetisation = (0.082686,0.031806), Energy = -0.691342 
Averaging iterations... h=0.062500,0.000000
Done.
Final: Magnetisation = (0.079765,-0.033266), Energy = -0.667604 
<M> = (0.073367,-0.002262), <E> = -0.686533 

T=1.810000	 Thermalizing iterations... 
Done.
Thermalized Magnetisation = (0.066509,0.033878), Energy = -0.690238 
Averaging iterations... h=0.062500,0.000000
Done.
Final: Magnetisation = (0.066788,0.054189), Energy = -0.662691 
<M> = (0.077030,-0.001841), <E> = -0.690929 

T=1.800000	 Thermalizing iterations... 
Done.
Thermalized Magnetisation = (0.041938,-0.011562), Energy = -0.674782 
Averaging iterations... h=0.062500,0.000000
Done.
Final: Magnetisation = (0.076448,0.037106), Energy = -0.723803 
<M> = (0.077418,-0.000153), <E> = -0.694725 

T=1.790000	 Thermalizing iterations... 
Done.
Thermalized Magnetisation = (0.081197,-0.042750), Energy = -0.703325 
Averaging iterations... h=0.062500,0.000000
Done.
Final: Magnetisation = (0.039576,-0.074989), Energy = -0.689377 
<M> = (0.076997,-0.000292), <E> = -0.698769 

T=1.780000	 Thermalizing iterations... 
Done.
Thermalized Magnetisation = (0.080729,-0.036413), Energy = -0.714985 
Averaging iterations... h=0.062500,0.000000
Done.
Final: Magnetisation = (0.115297,-0.000941), Energy = -0.704589 
<M> = (0.078052,0.000693), <E> = -0.703423 

T=1.770000	 Thermalizing iterations... 
Done.
Thermalized Magnetisation = (0.111782,0.039723), Energy = -0.722444 
Averaging iterations... h=0.062500,0.000000
Done.
Final: Magnetisation = (0.079526,0.075584), Energy = -0.705164 
<M> = (0.080483,-0.003232), <E> = -0.709005 

T=1.760000	 Thermalizing iterations... 
Done.
Thermalized Magnetisation = (0.089687,0.012423), Energy = -0.754258 
Averaging iterations... h=0.062500,0.000000
Done.
Final: Magnetisation = (0.108400,-0.030897), Energy = -0.728541 
<M> = (0.081262,-0.001253), <E> = -0.714017 

T=1.750000	 Thermalizing iterations... 
Done.
Thermalized Magnetisation = (0.053578,0.024519), Energy = -0.707458 
Averaging iterations... h=0.062500,0.000000
Done.
Final: Magnetisation = (0.144647,-0.014588), Energy = -0.694562 
<M> = (0.082429,-0.003216), <E> = -0.719040 

T=1.740000	 Thermalizing iterations... 
Done.
Thermalized Magnetisation = (0.095017,0.017737), Energy = -0.715692 
Averaging iterations... h=0.062500,0.000000
Done.
Final: Magnetisation = (0.076444,-0.010233), Energy = -0.718236 
<M> = (0.084444,-0.003066), <E> = -0.724403 

T=1.730000	 Thermalizing iterations... 
Done.
Thermalized Magnetisation = (0.093607,-0.038691), Energy = -0.729094 
Averaging iterations... h=0.062500,0.000000
Done.
Final: Magnetisation = (0.035874,-0.057324), Energy = -0.731017 
<M> = (0.087651,-0.000985), <E> = -0.729413 

T=1.720000	 Thermalizing iterations... 
Done.
Thermalized Magnetisation = (0.093669,-0.052486), Energy = -0.740687 
Averaging iterations... h=0.062500,0.000000
Done.
Final: Magnetisation = (0.083440,0.017185), Energy = -0.751118 
<M> = (0.087326,0.000769), <E> = -0.733501 

T=1.710000	 Thermalizing iterations... 
Done.
Thermalized Magnetisation = (0.101535,-0.045785), Energy = -0.762620 
Averaging iterations... h=0.062500,0.000000
Done.
Final: Magnetisation = (0.091018,-0.032654), Energy = -0.742374 
<M> = (0.088754,0.000287), <E> = -0.738772 

T=1.700000	 Thermalizing iterations... 
Done.
Thermalized Magnetisation = (0.108073,0.018559), Energy = -0.744060 
Averaging iterations... h=0.062500,0.000000
Done.
Final: Magnetisation = (0.107304,0.022713), Energy = -0.736953 
<M> = (0.091081,-0.000625), <E> = -0.744261 

T=1.690000	 Thermalizing iterations... 
Done.
Thermalized Magnetisation = (0.019830,0.024985), Energy = -0.755536 
Averaging iterations... h=0.062500,0.000000
Done.
Final: Magnetisation = (0.092992,-0.082678), Energy = -0.750054 
<M> = (0.093652,-0.001013), <E> = -0.750109 

T=1.680000	 Thermalizing iterations... 
Done.
Thermalized Magnetisation = (0.058537,-0.011744), Energy = -0.756885 
Averaging iterations... h=0.062500,0.000000
Done.
Final: Magnetisation = (0.067470,-0.111406), Energy = -0.766974 
<M> = (0.094246,-0.003134), <E> = -0.756154 

T=1.670000	 Thermalizing iterations... 
Done.
Thermalized Magnetisation = (0.067317,0.005183), Energy = -0.762156 
Averaging iterations... h=0.062500,0.000000
Done.
Final: Magnetisation = (0.105566,-0.078288), Energy = -0.800185 
<M> = (0.096478,-0.002232), <E> = -0.761774 

T=1.660000	 Thermalizing iterations... 
Done.
Thermalized Magnetisation = (0.028537,-0.018235), Energy = -0.764760 
Averaging iterations... h=0.062500,0.000000
Done.
Final: Magnetisation = (0.116664,-0.038561), Energy = -0.785023 
<M> = (0.099113,-0.002321), <E> = -0.767206 

T=1.650000	 Thermalizing iterations... 
Done.
Thermalized Magnetisation = (0.099622,-0.010859), Energy = -0.748934 
Averaging iterations... h=0.062500,0.000000
Done.
Final: Magnetisation = (0.060783,0.050055), Energy = -0.774284 
<M> = (0.101183,0.001193), <E> = -0.772328 

T=1.640000	 Thermalizing iterations... 
Done.
Thermalized Magnetisation = (0.124070,0.073932), Energy = -0.815516 
Averaging iterations... h=0.062500,0.000000
Done.
Final: Magnetisation = (0.155372,-0.046250), Energy = -0.787532 
<M> = (0.101919,0.000169), <E> = -0.777878 

T=1.630000	 Thermalizing iterations... 
Done.
Thermalized Magnetisation = (0.107581,0.031926), Energy = -0.797802 
Averaging iterations... h=0.062500,0.000000
Done.
Final: Magnetisation = (0.117578,0.009629), Energy = -0.733007 
<M> = (0.104216,0.000525), <E> = -0.783401 

T=1.620000	 Thermalizing iterations... 
Done.
Thermalized Magnetisation = (0.106779,-0.070120), Energy = -0.781081 
Averaging iterations... h=0.062500,0.000000
Done.
Final: Magnetisation = (0.165220,-0.045340), Energy = -0.788541 
<M> = (0.107331,-0.001086), <E> = -0.790173 

T=1.610000	 Thermalizing iterations... 
Done.
Thermalized Magnetisation = (0.121760,0.027813), Energy = -0.787715 
Averaging iterations... h=0.062500,0.000000
Done.
Final: Magnetisation = (0.096836,0.117770), Energy = -0.820911 
<M> = (0.108455,-0.002381), <E> = -0.796543 

T=1.600000	 Thermalizing iterations... 
Done.
Thermalized Magnetisation = (0.126613,-0.015124), Energy = -0.841893 
Averaging iterations... h=0.062500,0.000000
Done.
Final: Magnetisation = (0.078175,0.010449), Energy = -0.774165 
<M> = (0.110759,-0.004154), <E> = -0.803360 

T=1.590000	 Thermalizing iterations... 
Done.
Thermalized Magnetisation = (0.099875,0.006719), Energy = -0.788660 
Averaging iterations... h=0.062500,0.000000
Done.
Final: Magnetisation = (0.033306,0.027674), Energy = -0.786986 
<M> = (0.113092,-0.003110), <E> = -0.809844 

T=1.580000	 Thermalizing iterations... 
Done.
Thermalized Magnetisation = (0.114597,0.026729), Energy = -0.786754 
Averaging iterations... h=0.062500,0.000000
Done.
Final: Magnetisation = (0.122214,-0.066221), Energy = -0.876042 
<M> = (0.118473,-0.000310), <E> = -0.815809 

T=1.570000	 Thermalizing iterations... 
Done.
Thermalized Magnetisation = (0.107067,0.056767), Energy = -0.848672 
Averaging iterations... h=0.062500,0.000000
Done.
Final: Magnetisation = (0.089621,0.016852), Energy = -0.817614 
<M> = (0.118902,-0.000079), <E> = -0.821844 

T=1.560000	 Thermalizing iterations... 
Done.
Thermalized Magnetisation = (0.166977,-0.062241), Energy = -0.865615 
Averaging iterations... h=0.062500,0.000000
Done.
Final: Magnetisation = (0.084895,-0.009884), Energy = -0.800784 
<M> = (0.120621,0.002524), <E> = -0.827441 

T=1.550000	 Thermalizing iterations... 
Done.
Thermalized Magnetisation = (0.075809,-0.009419), Energy = -0.776341 
Averaging iterations... h=0.062500,0.000000
Done.
Final: Magnetisation = (0.082621,0.024948), Energy = -0.802457 
<M> = (0.124223,0.000091), <E> = -0.834828 

T=1.540000	 Thermalizing iterations... 
Done.
Thermalized Magnetisation = (0.114422,0.063247), Energy = -0.832627 
Averaging iterations... h=0.062500,0.000000
Done.
Final: Magnetisation = (0.112653,-0.102132), Energy = -0.867920 
<M> = (0.127490,-0.001327), <E> = -0.842136 

T=1.530000	 Thermalizing iterations... 
Done.
Thermalized Magnetisation = (0.164368,-0.012553), Energy = -0.902392 
Averaging iterations... h=0.062500,0.000000
Done.
Final: Magnetisation = (0.116643,0.013871), Energy = -0.846207 
<M> = (0.128614,-0.002967), <E> = -0.849710 

T=1.520000	 Thermalizing iterations... 
Done.
Thermalized Magnetisation = (0.159503,0.107337), Energy = -0.859308 
Averaging iterations... h=0.062500,0.000000
Done.
Final: Magnetisation = (0.102006,-0.023352), Energy = -0.840553 
<M> = (0.132186,-0.003648), <E> = -0.856824 

T=1.510000	 Thermalizing iterations... 
Done.
Thermalized Magnetisation = (0.125219,-0.006310), Energy = -0.899538 
Averaging iterations... h=0.062500,0.000000
Done.
Final: Magnetisation = (0.119763,-0.006033), Energy = -0.858646 
<M> = (0.138976,-0.001389), <E> = -0.864805 

T=1.500000	 Thermalizing iterations... 
Done.
Thermalized Magnetisation = (0.179036,-0.097937), Energy = -0.896134 
Averaging iterations... h=0.062500,0.000000
Done.
Final: Magnetisation = (0.108186,-0.085835), Energy = -0.862915 
<M> = (0.140661,0.002045), <E> = -0.870927 

T=1.490000	 Thermalizing iterations... 
Done.
Thermalized Magnetisation = (0.153458,0.004549), Energy = -0.874212 
Averaging iterations... h=0.062500,0.000000
Done.
Final: Magnetisation = (0.129138,0.103753), Energy = -0.861037 
<M> = (0.142435,0.001823), <E> = -0.877694 

T=1.480000	 Thermalizing iterations... 
Done.
Thermalized Magnetisation = (0.147228,-0.021378), Energy = -0.854355 
Averaging iterations... h=0.062500,0.000000
Done.
Final: Magnetisation = (0.172398,-0.042543), Energy = -0.897908 
<M> = (0.144603,0.001430), <E> = -0.884906 

T=1.470000	 Thermalizing iterations... 
Done.
Thermalized Magnetisation = (0.188837,0.019356), Energy = -0.909380 
Averaging iterations... h=0.062500,0.000000
Done.
Final: Magnetisation = (0.193466,-0.043977), Energy = -0.910217 
<M> = (0.150378,0.000080), <E> = -0.893782 

T=1.460000	 Thermalizing iterations... 
Done.
Thermalized Magnetisation = (0.130683,0.081303), Energy = -0.877276 
Averaging iterations... h=0.062500,0.000000
Done.
Final: Magnetisation = (0.149260,0.014510), Energy = -0.886626 
<M> = (0.152348,-0.002417), <E> = -0.901938 

T=1.450000	 Thermalizing iterations... 
Done.
Thermalized Magnetisation = (0.191589,0.036421), Energy = -0.930601 
Averaging iterations... h=0.062500,0.000000
Done.
Final: Magnetisation = (0.111363,-0.058302), Energy = -0.897131 
<M> = (0.157932,-0.004756), <E> = -0.911117 

T=1.440000	 Thermalizing iterations... 
Done.
Thermalized Magnetisation = (0.191546,-0.063298), Energy = -0.933115 
Averaging iterations... h=0.062500,0.000000
Done.
Final: Magnetisation = (0.188907,-0.023342), Energy = -0.955193 
<M> = (0.161785,-0.005010), <E> = -0.919124 

T=1.430000	 Thermalizing iterations... 
Done.
Thermalized Magnetisation = (0.122538,-0.097902), Energy = -0.949063 
Averaging iterations... h=0.062500,0.000000
Done.
Final: Magnetisation = (0.145885,0.020269), Energy = -0.926032 
<M> = (0.167535,0.000321), <E> = -0.926070 

T=1.420000	 Thermalizing iterations... 
Done.
Thermalized Magnetisation = (0.264857,0.044586), Energy = -0.953588 
Averaging iterations... h=0.062500,0.000000
Done.
Final: Magnetisation = (0.159320,-0.034368), Energy = -0.928948 
<M> = (0.169541,0.000354), <E> = -0.933873 

T=1.410000	 Thermalizing iterations... 
Done.
Thermalized Magnetisation = (0.187548,0.012686), Energy = -0.973823 
Averaging iterations... h=0.062500,0.000000
Done.
Final: Magnetisation = (0.146987,0.001136), Energy = -0.952712 
<M> = (0.172005,0.003787), <E> = -0.941967 

T=1.400000	 Thermalizing iterations... 
Done.
Thermalized Magnetisation = (0.170654,-0.000923), Energy = -0.908212 
Averaging iterations... h=0.062500,0.000000
Done.
Final: Magnetisation = (0.181996,0.109120), Energy = -0.927522 
<M> = (0.178433,-0.002383), <E> = -0.951932 

T=1.390000	 Thermalizing iterations... 
Done.
Thermalized Magnetisation = (0.149140,0.009173), Energy = -0.974565 
Averaging iterations... h=0.062500,0.000000
Done.
Final: Magnetisation = (0.186538,-0.018506), Energy = -0.970396 
<M> = (0.181798,-0.004370), <E> = -0.961077 

T=1.380000	 Thermalizing iterations... 
Done.
Thermalized Magnetisation = (0.192984,0.000720), Energy = -0.965282 
Averaging iterations... h=0.062500,0.000000
Done.
Final: Magnetisation = (0.195585,-0.061681), Energy = -0.944385 
<M> = (0.187483,-0.007465), <E> = -0.970912 

T=1.370000	 Thermalizing iterations... 
Done.
Thermalized Magnetisation = (0.135095,-0.048063), Energy = -0.940752 
Averaging iterations... h=0.062500,0.000000
Done.
Final: Magnetisation = (0.155719,-0.035559), Energy = -0.933805 
<M> = (0.192550,-0.006685), <E> = -0.979806 

T=1.360000	 Thermalizing iterations... 
Done.
Thermalized Magnetisation = (0.179437,-0.010767), Energy = -1.010683 
Averaging iterations... h=0.062500,0.000000
Done.
Final: Magnetisation = (0.246734,0.074470), Energy = -1.034087 
<M> = (0.199644,-0.003872), <E> = -0.988936 

T=1.350000	 Thermalizing iterations... 
Done.
Thermalized Magnetisation = (0.231384,0.102484), Energy = -0.974609 
Averaging iterations... h=0.062500,0.000000
Done.
Final: Magnetisation = (0.172365,0.054584), Energy = -0.974293 
<M> = (0.206149,0.006371), <E> = -0.997003 

T=1.340000	 Thermalizing iterations... 
Done.
Thermalized Magnetisation = (0.233973,0.023464), Energy = -1.050621 
Averaging iterations... h=0.062500,0.000000
Done.
Final: Magnetisation = (0.259958,-0.055578), Energy = -1.041056 
<M> = (0.207673,0.001833), <E> = -1.006146 

T=1.330000	 Thermalizing iterations... 
Done.
Thermalized Magnetisation = (0.265569,0.023992), Energy = -1.055205 
Averaging iterations... h=0.062500,0.000000
Done.
Final: Magnetisation = (0.237165,-0.068436), Energy = -1.035181 
<M> = (0.213074,0.001473), <E> = -1.016096 

T=1.320000	 Thermalizing iterations... 
Done.
Thermalized Magnetisation = (0.220424,-0.024128), Energy = -1.031126 
Averaging iterations... h=0.062500,0.000000
Done.
Final: Magnetisation = (0.207521,-0.042320), Energy = -0.981250 
<M> = (0.221576,-0.002121), <E> = -1.027630 

T=1.310000	 Thermalizing iterations... 
Done.
Thermalized Magnetisation = (0.309391,-0.033323), Energy = -1.091327 
Averaging iterations... h=0.062500,0.000000
Done.
Final: Magnetisation = (0.204502,0.049690), Energy = -1.054916 
<M> = (0.228124,-0.004068), <E> = -1.038277 

T=1.300000	 Thermalizing iterations... 
Done.
Thermalized Magnetisation = (0.213775,-0.043489), Energy = -1.024333 
Averaging iterations... h=0.062500,0.000000
Done.
Final: Magnetisation = (0.259159,0.017932), Energy = -1.113713 
<M> = (0.231985,-0.008915), <E> = -1.048230 

T=1.290000	 Thermalizing iterations... 
Done.
Thermalized Magnetisation = (0.253296,-0.036340), Energy = -1.056731 
Averaging iterations... h=0.062500,0.000000
Done.
Final: Magnetisation = (0.262137,-0.037317), Energy = -1.047419 
<M> = (0.242310,-0.004315), <E> = -1.060086 

T=1.280000	 Thermalizing iterations... 
Done.
Thermalized Magnetisation = (0.245812,0.002848), Energy = -1.071593 
Averaging iterations... h=0.062500,0.000000
Done.
Final: Magnetisation = (0.249708,-0.007874), Energy = -1.071070 
<M> = (0.247956,-0.000530), <E> = -1.069295 

T=1.270000	 Thermalizing iterations... 
Done.
Thermalized Magnetisation = (0.208840,0.011409), Energy = -1.042634 
Averaging iterations... h=0.062500,0.000000
Done.
Final: Magnetisation = (0.232649,0.010187), Energy = -1.074363 
<M> = (0.251880,0.001176), <E> = -1.077976 

T=1.260000	 Thermalizing iterations... 
Done.
Thermalized Magnetisation = (0.191304,-0.021641), Energy = -1.062773 
Averaging iterations... h=0.062500,0.000000
Done.
Final: Magnetisation = (0.226267,-0.043588), Energy = -1.085748 
<M> = (0.260541,0.006336), <E> = -1.089148 

T=1.250000	 Thermalizing iterations... 
Done.
Thermalized Magnetisation = (0.245363,-0.078821), Energy = -1.138334 
Averaging iterations... h=0.062500,0.000000
Done.
Final: Magnetisation = (0.216521,0.067405), Energy = -1.085183 
<M> = (0.268593,-0.007773), <E> = -1.101399 

T=1.240000	 Thermalizing iterations... 
Done.
Thermalized Magnetisation = (0.297364,-0.028984), Energy = -1.154053 
Averaging iterations... h=0.062500,0.000000
Done.
Final: Magnetisation = (0.178758,-0.043797), Energy = -1.057983 
<M> = (0.275311,-0.002990), <E> = -1.112986 

T=1.230000	 Thermalizing iterations... 
Done.
Thermalized Magnetisation = (0.288782,0.109643), Energy = -1.134044 
Averaging iterations... h=0.062500,0.000000
Done.
Final: Magnetisation = (0.221917,-0.106034), Energy = -1.054490 
<M> = (0.279047,-0.011193), <E> = -1.124871 

T=1.220000	 Thermalizing iterations... 
Done.
Thermalized Magnetisation = (0.305893,-0.024732), Energy = -1.141385 
Averaging iterations... h=0.062500,0.000000
Done.
Final: Magnetisation = (0.299833,-0.033540), Energy = -1.161958 
<M> = (0.286680,-0.008493), <E> = -1.135321 

T=1.210000	 Thermalizing iterations... 
Done.
Thermalized Magnetisation = (0.263621,0.035013), Energy = -1.093910 
Averaging iterations... h=0.062500,0.000000
Done.
Final: Magnetisation = (0.293712,-0.022312), Energy = -1.184153 
<M> = (0.299824,-0.008597), <E> = -1.147160 

T=1.200000	 Thermalizing iterations... 
Done.
Thermalized Magnetisation = (0.404191,-0.077744), Energy = -1.170930 
Averaging iterations... h=0.062500,0.000000
Done.
Final: Magnetisation = (0.311123,0.014516), Energy = -1.169405 
<M> = (0.306516,0.006469), <E> = -1.157706 

T=1.190000	 Thermalizing iterations... 
Done.
Thermalized Magnetisation = (0.322664,0.023906), Energy = -1.132587 
Averaging iterations... h=0.062500,0.000000
Done.
Final: Magnetisation = (0.320630,-0.049337), Energy = -1.191262 
<M> = (0.313828,0.000793), <E> = -1.169046 

T=1.180000	 Thermalizing iterations... 
Done.
Thermalized Magnetisation = (0.266118,-0.068531), Energy = -1.167014 
Averaging iterations... h=0.062500,0.000000
Done.
Final: Magnetisation = (0.323917,0.019015), Energy = -1.145803 
<M> = (0.321127,-0.001921), <E> = -1.181111 

T=1.170000	 Thermalizing iterations... 
Done.
Thermalized Magnetisation = (0.271563,0.079096), Energy = -1.175027 
Averaging iterations... h=0.062500,0.000000
Done.
Final: Magnetisation = (0.314328,0.175582), Energy = -1.185281 
<M> = (0.332406,0.002289), <E> = -1.194032 

T=1.160000	 Thermalizing iterations... 
Done.
Thermalized Magnetisation = (0.372889,-0.120759), Energy = -1.230398 
Averaging iterations... h=0.062500,0.000000
Done.
Final: Magnetisation = (0.326919,-0.133156), Energy = -1.187692 
<M> = (0.342820,-0.015071), <E> = -1.207995 

T=1.150000	 Thermalizing iterations... 
Done.
Thermalized Magnetisation = (0.331677,-0.100481), Energy = -1.255814 
Averaging iterations... h=0.062500,0.000000
Done.
Final: Magnetisation = (0.303336,0.023497), Energy = -1.197326 
<M> = (0.347832,-0.013848), <E> = -1.218782 

T=1.140000	 Thermalizing iterations... 
Done.
Thermalized Magnetisation = (0.341377,-0.064407), Energy = -1.232190 
Averaging iterations... h=0.062500,0.000000
Done.
Final: Magnetisation = (0.419211,-0.054618), Energy = -1.252755 
<M> = (0.357488,-0.014288), <E> = -1.231627 

T=1.130000	 Thermalizing iterations... 
Done.
Thermalized Magnetisation = (0.302843,0.041989), Energy = -1.204725 
Averaging iterations... h=0.062500,0.000000
Done.
Final: Magnetisation = (0.353637,0.073031), Energy = -1.222103 
<M> = (0.367509,-0.017727), <E> = -1.242886 

T=1.120000	 Thermalizing iterations... 
Done.
Thermalized Magnetisation = (0.350666,0.067579), Energy = -1.229921 
Averaging iterations... h=0.062500,0.000000
Done.
Final: Magnetisation = (0.331084,-0.197001), Energy = -1.262002 
<M> = (0.377942,0.006999), <E> = -1.254757 

T=1.110000	 Thermalizing iterations... 
Done.
Thermalized Magnetisation = (0.434933,-0.044507), Energy = -1.273653 
Averaging iterations... h=0.062500,0.000000
Done.
Final: Magnetisation = (0.421801,0.040099), Energy = -1.261667 
<M> = (0.383365,0.010110), <E> = -1.264851 

T=1.100000	 Thermalizing iterations... 
Done.
Thermalized Magnetisation = (0.377587,-0.092094), Energy = -1.300511 
Averaging iterations... h=0.062500,0.000000
Done.
Final: Magnetisation = (0.413357,-0.011307), Energy = -1.301474 
<M> = (0.394005,0.006057), <E> = -1.279669 

T=1.090000	 Thermalizing iterations... 
Done.
Thermalized Magnetisation = (0.360838,-0.074841), Energy = -1.288935 
Averaging iterations... h=0.062500,0.000000
Done.
Final: Magnetisation = (0.342456,0.020441), Energy = -1.301241 
<M> = (0.401042,-0.021635), <E> = -1.291932 

T=1.080000	 Thermalizing iterations... 
Done.
Thermalized Magnetisation = (0.399687,-0.009771), Energy = -1.286474 
Averaging iterations... h=0.062500,0.000000
Done.
Final: Magnetisation = (0.413112,0.068078), Energy = -1.311382 
<M> = (0.407760,-0.030389), <E> = -1.304083 

T=1.070000	 Thermalizing iterations... 
Done.
Thermalized Magnetisation = (0.442348,0.115416), Energy = -1.325593 
Averaging iterations... h=0.062500,0.000000
Done.
Final: Magnetisation = (0.408490,0.026383), Energy = -1.290518 
<M> = (0.419334,-0.036447), <E> = -1.317677 

T=1.060000	 Thermalizing iterations... 
Done.
Thermalized Magnetisation = (0.433249,0.078583), Energy = -1.341487 
Averaging iterations... h=0.062500,0.000000
Done.
Final: Magnetisation = (0.482809,-0.095252), Energy = -1.352059 
<M> = (0.427411,-0.013734), <E> = -1.329617 

T=1.050000	 Thermalizing iterations... 
Done.
Thermalized Magnetisation = (0.437464,-0.146103), Energy = -1.371891 
Averaging iterations... h=0.062500,0.000000
Done.
Final: Magnetisation = (0.427896,0.020089), Energy = -1.315057 
<M> = (0.439406,0.008024), <E> = -1.340882 

T=1.040000	 Thermalizing iterations... 
Done.
Thermalized Magnetisation = (0.426861,-0.011156), Energy = -1.344617 
Averaging iterations... h=0.062500,0.000000
Done.
Final: Magnetisation = (0.406996,-0.030562), Energy = -1.339232 
<M> = (0.442541,0.000753), <E> = -1.351503 

T=1.030000	 Thermalizing iterations... 
Done.
Thermalized Magnetisation = (0.444820,0.001242), Energy = -1.344126 
Averaging iterations... h=0.062500,0.000000
Done.
Final: Magnetisation = (0.432404,0.087183), Energy = -1.373924 
<M> = (0.451474,0.004280), <E> = -1.364089 

T=1.020000	 Thermalizing iterations... 
Done.
Thermalized Magnetisation = (0.503130,-0.046097), Energy = -1.376322 
Averaging iterations... h=0.062500,0.000000
Done.
Final: Magnetisation = (0.462098,0.034342), Energy = -1.390041 
<M> = (0.461712,-0.025113), <E> = -1.375575 

T=1.010000	 Thermalizing iterations... 
Done.
Thermalized Magnetisation = (0.432807,-0.059675), Energy = -1.357094 
Averaging iterations... h=0.062500,0.000000
Done.
Final: Magnetisation = (0.502172,-0.041724), Energy = -1.400540 
<M> = (0.464130,-0.042455), <E> = -1.388713 

T=1.000000	 Thermalizing iterations... 
Done.
Thermalized Magnetisation = (0.464494,-0.065168), Energy = -1.411561 
Averaging iterations... h=0.062500,0.000000
Done.
Final: Magnetisation = (0.550938,0.097855), Energy = -1.425309 
<M> = (0.469507,-0.064797), <E> = -1.399100 

T=0.990000	 Thermalizing iterations... 
Done.
Thermalized Magnetisation = (0.456273,-0.105607), Energy = -1.436498 
Averaging iterations... h=0.062500,0.000000
Done.
Final: Magnetisation = (0.487220,-0.161053), Energy = -1.399523 
<M> = (0.482571,-0.046841), <E> = -1.412005 

T=0.980000	 Thermalizing iterations... 
Done.
Thermalized Magnetisation = (0.519346,0.095686), Energy = -1.419917 
Averaging iterations... h=0.062500,0.000000
Done.
Final: Magnetisation = (0.511565,-0.176851), Energy = -1.431514 
<M> = (0.490025,-0.025812), <E> = -1.423347 

T=0.970000	 Thermalizing iterations... 
Done.
Thermalized Magnetisation = (0.502966,0.092660), Energy = -1.410470 
Averaging iterations... h=0.062500,0.000000
Done.
Final: Magnetisation = (0.498614,0.151849), Energy = -1.436015 
<M> = (0.497461,0.029265), <E> = -1.433797 

T=0.960000	 Thermalizing iterations... 
Done.
Thermalized Magnetisation = (0.478762,-0.065654), Energy = -1.461577 
Averaging iterations... h=0.062500,0.000000
Done.
Final: Magnetisation = (0.549993,-0.004085), Energy = -1.445078 
<M> = (0.503111,-0.044665), <E> = -1.444005 

T=0.950000	 Thermalizing iterations... 
Done.
Thermalized Magnetisation = (0.508840,-0.095605), Energy = -1.432394 
Averaging iterations... h=0.062500,0.000000
Done.
Final: Magnetisation = (0.480820,-0.106142), Energy = -1.439083 
<M> = (0.505195,-0.058912), <E> = -1.454852 

T=0.940000	 Thermalizing iterations... 
Done.
Thermalized Magnetisation = (0.510182,0.026844), Energy = -1.493163 
Averaging iterations... h=0.062500,0.000000
Done.
Final: Magnetisation = (0.497701,0.103659), Energy = -1.462867 
<M> = (0.513960,-0.095102), <E> = -1.466892 

T=0.930000	 Thermalizing iterations... 
Done.
Thermalized Magnetisation = (0.510417,0.198357), Energy = -1.454560 
Averaging iterations... h=0.062500,0.000000
Done.
Final: Magnetisation = (0.541163,0.054844), Energy = -1.465646 
<M> = (0.519313,-0.027254), <E> = -1.475750 

T=0.920000	 Thermalizing iterations... 
Done.
Thermalized Magnetisation = (0.552498,-0.016194), Energy = -1.518647 
Averaging iterations... h=0.062500,0.000000
Done.
Final: Magnetisation = (0.489296,-0.123734), Energy = -1.466721 
<M> = (0.527583,-0.017062), <E> = -1.486654 

T=0.910000	 Thermalizing iterations... 
Done.
Thermalized Magnetisation = (0.532122,-0.123532), Energy = -1.505229 
Averaging iterations... h=0.062500,0.000000
Done.
Final: Magnetisation = (0.547528,-0.013901), Energy = -1.509568 
<M> = (0.534915,0.004437), <E> = -1.496553 

T=0.900000	 Thermalizing iterations... 
Done.
Thermalized Magnetisation = (0.563285,-0.034620), Energy = -1.474030 
Averaging iterations... h=0.062500,0.000000
Done.
Final: Magnetisation = (0.506826,0.173226), Energy = -1.523182 
<M> = (0.538091,0.040352), <E> = -1.506474 

T=0.890000	 Thermalizing iterations... 
Done.
Thermalized Magnetisation = (0.475979,-0.104951), Energy = -1.509592 
Averaging iterations... h=0.062500,0.000000
Done.
Final: Magnetisation = (0.528936,-0.133763), Energy = -1.496214 
<M> = (0.537110,0.068825), <E> = -1.514580 

T=0.880000	 Thermalizing iterations... 
Done.
Thermalized Magnetisation = (0.517077,-0.240520), Energy = -1.534079 
Averaging iterations... h=0.062500,0.000000
Done.
Final: Magnetisation = (0.580398,0.012458), Energy = -1.529359 
<M> = (0.540584,-0.003068), <E> = -1.525736 

T=0.870000	 Thermalizing iterations... 
Done.
Thermalized Magnetisation = (0.534876,-0.293007), Energy = -1.558556 
Averaging iterations... h=0.062500,0.000000
Done.
Final: Magnetisation = (0.563881,-0.083368), Energy = -1.527177 
<M> = (0.544046,-0.091387), <E> = -1.535532 

T=0.860000	 Thermalizing iterations... 
Done.
Thermalized Magnetisation = (0.563755,-0.187059), Energy = -1.547739 
Averaging iterations... h=0.062500,0.000000
Done.
Final: Magnetisation = (0.548169,-0.024009), Energy = -1.537751 
<M> = (0.534463,-0.206423), <E> = -1.546110 

T=0.850000	 Thermalizing iterations... 
Done.
Thermalized Magnetisation = (0.575164,0.043219), Energy = -1.541655 
Averaging iterations... h=0.062500,0.000000
Done.
Final: Magnetisation = (0.531661,-0.102761), Energy = -1.555175 
<M> = (0.554413,-0.074043), <E> = -1.553368 

T=0.840000	 Thermalizing iterations... 
Done.
Thermalized Magnetisation = (0.565584,-0.212631), Energy = -1.594975 
Averaging iterations... h=0.062500,0.000000
Done.
Final: Magnetisation = (0.552533,-0.139733), Energy = -1.569733 
<M> = (0.554923,0.040818), <E> = -1.562611 

T=0.830000	 Thermalizing iterations... 
Done.
Thermalized Magnetisation = (0.600370,-0.161512), Energy = -1.585324 
Averaging iterations... h=0.062500,0.000000
Done.
Final: Magnetisation = (0.541909,0.178220), Energy = -1.584125 
<M> = (0.566761,-0.112247), <E> = -1.571388 

T=0.820000	 Thermalizing iterations... 
Done.
Thermalized Magnetisation = (0.568014,0.161834), Energy = -1.566148 
Averaging iterations... h=0.062500,0.000000
Done.
Final: Magnetisation = (0.592422,-0.110247), Energy = -1.564740 
<M> = (0.557427,0.152001), <E> = -1.580465 

T=0.810000	 Thermalizing iterations... 
Done.
Thermalized Magnetisation = (0.521171,-0.422798), Energy = -1.566449 
Averaging iterations... h=0.062500,0.000000
Done.
Final: Magnetisation = (0.548300,-0.138981), Energy = -1.564793 
<M> = (0.556224,-0.204418), <E> = -1.588242 

T=0.800000	 Thermalizing iterations... 
Done.
Thermalized Magnetisation = (0.550608,-0.223497), Energy = -1.599285 
Averaging iterations... h=0.062500,0.000000
Done.
Final: Magnetisation = (0.549192,0.110927), Energy = -1.583994 
<M> = (0.574627,0.006402), <E> = -1.595743 

T=0.790000	 Thermalizing iterations... 
Done.
Thermalized Magnetisation = (0.446240,-0.375249), Energy = -1.603204 
Averaging iterations... h=0.062500,0.000000
Done.
Final: Magnetisation = (0.543360,-0.284907), Energy = -1.629406 
<M> = (0.541859,-0.335392), <E> = -1.606321 

T=0.780000	 Thermalizing iterations... 
Done.
Thermalized Magnetisation = (0.514901,-0.166969), Energy = -1.603032 
Averaging iterations... h=0.062500,0.000000
Done.
Final: Magnetisation = (0.542714,-0.218032), Energy = -1.603784 
<M> = (0.555342,-0.250124), <E> = -1.613546 

T=0.770000	 Thermalizing iterations... 
Done.
Thermalized Magnetisation = (0.628227,-0.227912), Energy = -1.632346 
Averaging iterations... h=0.062500,0.000000
Done.
Final: Magnetisation = (0.483437,-0.420958), Energy = -1.608878 
<M> = (0.560452,-0.310412), <E> = -1.621464 

T=0.760000	 Thermalizing iterations... 
Done.
Thermalized Magnetisation = (0.586015,-0.255465), Energy = -1.604573 
Averaging iterations... h=0.062500,0.000000
Done.
Final: Magnetisation = (0.592151,-0.260899), Energy = -1.647970 
<M> = (0.573687,-0.215058), <E> = -1.628915 

T=0.750000	 Thermalizing iterations... 
Done.
Thermalized Magnetisation = (0.612466,-0.228846), Energy = -1.627122 
Averaging iterations... h=0.062500,0.000000
Done.
Final: Magnetisation = (0.541752,-0.289807), Energy = -1.641685 
<M> = (0.581796,-0.243011), <E> = -1.635603 

T=0.740000	 Thermalizing iterations... 
Done.
Thermalized Magnetisation = (0.544318,-0.336969), Energy = -1.657583 
Averaging iterations... h=0.062500,0.000000
Done.
Final: Magnetisation = (0.515950,-0.441903), Energy = -1.649330 
<M> = (0.562813,-0.332654), <E> = -1.644225 

T=0.730000	 Thermalizing iterations... 
Done.
Thermalized Magnetisation = (0.574927,-0.328914), Energy = -1.642744 
Averaging iterations... h=0.062500,0.000000
Done.
Final: Magnetisation = (0.605903,-0.297753), Energy = -1.656821 
<M> = (0.562742,-0.330737), <E> = -1.651914 

T=0.720000	 Thermalizing iterations... 
Done.
Thermalized Magnetisation = (0.553090,-0.355508), Energy = -1.639567 
Averaging iterations... h=0.062500,0.000000
Done.
Final: Magnetisation = (0.584961,-0.326150), Energy = -1.656531 
<M> = (0.555452,-0.353871), <E> = -1.659606 

T=0.710000	 Thermalizing iterations... 
Done.
Thermalized Magnetisation = (0.576566,-0.357067), Energy = -1.672285 
Averaging iterations... h=0.062500,0.000000
Done.
Final: Magnetisation = (0.569288,-0.351913), Energy = -1.668575 
<M> = (0.555841,-0.380604), <E> = -1.666979 

T=0.700000	 Thermalizing iterations... 
Done.
Thermalized Magnetisation = (0.497713,-0.478978), Energy = -1.687275 
Averaging iterations... h=0.062500,0.000000
Done.
Final: Magnetisation = (0.526220,-0.442807), Energy = -1.672971 
<M> = (0.557797,-0.371544), <E> = -1.673830 

T=0.690000	 Thermalizing iterations... 
Done.
Thermalized Magnetisation = (0.626485,-0.271380), Energy = -1.681193 
Averaging iterations... h=0.062500,0.000000
Done.
Final: Magnetisation = (0.474884,-0.541452), Energy = -1.669621 
<M> = (0.561307,-0.395342), <E> = -1.680913 

T=0.680000	 Thermalizing iterations... 
Done.
Thermalized Magnetisation = (0.553488,-0.405489), Energy = -1.684354 
Averaging iterations... h=0.062500,0.000000
Done.
Final: Magnetisation = (0.559723,-0.172604), Energy = -1.686020 
<M> = (0.576404,-0.349896), <E> = -1.687394 

T=0.670000	 Thermalizing iterations... 
Done.
Thermalized Magnetisation = (0.545509,-0.418109), Energy = -1.683289 
Averaging iterations... h=0.062500,0.000000
Done.
Final: Magnetisation = (0.636769,-0.342089), Energy = -1.709159 
<M> = (0.570710,-0.397113), <E> = -1.694063 

T=0.660000	 Thermalizing iterations... 
Done.
Thermalized Magnetisation = (0.585355,-0.341879), Energy = -1.688966 
Averaging iterations... h=0.062500,0.000000
Done.
Final: Magnetisation = (0.602830,-0.352368), Energy = -1.693002 
<M> = (0.567733,-0.398606), <E> = -1.701122 

T=0.650000	 Thermalizing iterations... 
Done.
Thermalized Magnetisation = (0.514732,-0.486313), Energy = -1.707050 
Averaging iterations... h=0.062500,0.000000
Done.
Final: Magnetisation = (0.515828,-0.487495), Energy = -1.694446 
<M> = (0.564811,-0.426239), <E> = -1.708365 

T=0.640000	 Thermalizing iterations... 
Done.
Thermalized Magnetisation = (0.521707,-0.493408), Energy = -1.722429 
Averaging iterations... h=0.062500,0.000000
Done.
Final: Magnetisation = (0.608442,-0.355012), Energy = -1.707711 
<M> = (0.558830,-0.422950), <E> = -1.715285 

T=0.630000	 Thermalizing iterations... 
Done.
Thermalized Magnetisation = (0.556584,-0.404550), Energy = -1.722594 
Averaging iterations... h=0.062500,0.000000
Done.
Final: Magnetisation = (0.583408,-0.397867), Energy = -1.720466 
<M> = (0.555077,-0.423737), <E> = -1.721769 

T=0.620000	 Thermalizing iterations... 
Done.
Thermalized Magnetisation = (0.540711,-0.414262), Energy = -1.730240 
Averaging iterations... h=0.062500,0.000000
Done.
Final: Magnetisation = (0.603666,-0.445406), Energy = -1.736802 
<M> = (0.568780,-0.440107), <E> = -1.728146 

T=0.610000	 Thermalizing iterations... 
Done.
Thermalized Magnetisation = (0.595748,-0.421618), Energy = -1.734487 
Averaging iterations... h=0.062500,0.000000
Done.
Final: Magnetisation = (0.541241,-0.483238), Energy = -1.727514 
<M> = (0.571832,-0.441129), <E> = -1.734748 

T=0.600000	 Thermalizing iterations... 
Done.
Thermalized Magnetisation = (0.550069,-0.510416), Energy = -1.747846 
Averaging iterations... h=0.062500,0.000000
Done.
Final: Magnetisation = (0.587924,-0.466565), Energy = -1.737214 
<M> = (0.573453,-0.432911), <E> = -1.740999 

T=0.590000	 Thermalizing iterations... 
Done.
Thermalized Magnetisation = (0.559255,-0.478896), Energy = -1.749451 
Averaging iterations... h=0.062500,0.000000
Done.
Final: Magnetisation = (0.562146,-0.447100), Energy = -1.752175 
<M> = (0.587480,-0.420672), <E> = -1.746615 

T=0.580000	 Thermalizing iterations... 
Done.
Thermalized Magnetisation = (0.586254,-0.468952), Energy = -1.767261 
Averaging iterations... h=0.062500,0.000000
Done.
Final: Magnetisation = (0.544436,-0.447709), Energy = -1.755725 
<M> = (0.560946,-0.466138), <E> = -1.754129 

T=0.570000	 Thermalizing iterations... 
Done.
Thermalized Magnetisation = (0.557607,-0.527039), Energy = -1.761955 
Averaging iterations... h=0.062500,0.000000
Done.
Final: Magnetisation = (0.613928,-0.442698), Energy = -1.761763 
<M> = (0.561269,-0.481052), <E> = -1.760532 

T=0.560000	 Thermalizing iterations... 
Done.
Thermalized Magnetisation = (0.563576,-0.482542), Energy = -1.778867 
Averaging iterations... h=0.062500,0.000000
Done.
Final: Magnetisation = (0.573632,-0.509703), Energy = -1.764266 
<M> = (0.556677,-0.486328), <E> = -1.766945 

T=0.550000	 Thermalizing iterations... 
Done.
Thermalized Magnetisation = (0.621671,-0.404202), Energy = -1.778150 
Averaging iterations... h=0.062500,0.000000
Done.
Final: Magnetisation = (0.546145,-0.518923), Energy = -1.768563 
<M> = (0.547092,-0.510973), <E> = -1.773524 

T=0.540000	 Thermalizing iterations... 
Done.
Thermalized Magnetisation = (0.606315,-0.413820), Energy = -1.786328 
Averaging iterations... h=0.062500,0.000000
Done.
Final: Magnetisation = (0.552908,-0.557346), Energy = -1.772461 
<M> = (0.575865,-0.455547), <E> = -1.778556 

T=0.530000	 Thermalizing iterations... 
Done.
Thermalized Magnetisation = (0.594335,-0.507356), Energy = -1.788755 
Averaging iterations... h=0.062500,0.000000
Done.
Final: Magnetisation = (0.561433,-0.511779), Energy = -1.795878 
<M> = (0.573751,-0.486626), <E> = -1.784702 

T=0.520000	 Thermalizing iterations... 
Done.
Thermalized Magnetisation = (0.579992,-0.475886), Energy = -1.786844 
Averaging iterations... h=0.062500,0.000000
Done.
Final: Magnetisation = (0.572127,-0.468797), Energy = -1.792836 
<M> = (0.570297,-0.499296), <E> = -1.791028 

T=0.510000	 Thermalizing iterations... 
Done.
Thermalized Magnetisation = (0.530072,-0.563169), Energy = -1.797586 
Averaging iterations... h=0.062500,0.000000
Done.
Final: Magnetisation = (0.616524,-0.494921), Energy = -1.800422 
<M> = (0.559095,-0.529066), <E> = -1.797424 

T=0.500000	 Thermalizing iterations... 
Done.
Thermalized Magnetisation = (0.507907,-0.566117), Energy = -1.802674 
Averaging iterations... h=0.062500,0.000000
Done.
Final: Magnetisation = (0.524080,-0.586012), Energy = -1.808293 
<M> = (0.557568,-0.542898), <E> = -1.803596 

T=0.490000	 Thermalizing iterations... 
Done.
Thermalized Magnetisation = (0.536009,-0.540748), Energy = -1.810309 
Averaging iterations... h=0.062500,0.000000
Done.
Final: Magnetisation = (0.547437,-0.573616), Energy = -1.812454 
<M> = (0.554267,-0.549890), <E> = -1.809979 

T=0.480000	 Thermalizing iterations... 
Done.
Thermalized Magnetisation = (0.602388,-0.483270), Energy = -1.816850 
Averaging iterations... h=0.062500,0.000000
Done.
Final: Magnetisation = (0.552894,-0.498590), Energy = -1.798308 
<M> = (0.552431,-0.551967), <E> = -1.815869 

T=0.470000	 Thermalizing iterations... 
Done.
Thermalized Magnetisation = (0.587267,-0.515324), Energy = -1.820178 
Averaging iterations... h=0.062500,0.000000
Done.
Final: Magnetisation = (0.568838,-0.571724), Energy = -1.835707 
<M> = (0.564230,-0.536900), <E> = -1.821196 

T=0.460000	 Thermalizing iterations... 
Done.
Thermalized Magnetisation = (0.586872,-0.525538), Energy = -1.814702 
Averaging iterations... h=0.062500,0.000000
Done.
Final: Magnetisation = (0.527556,-0.591530), Energy = -1.820544 
<M> = (0.575431,-0.531438), <E> = -1.826887 

T=0.450000	 Thermalizing iterations... 
Done.
Thermalized Magnetisation = (0.570394,-0.570450), Energy = -1.834422 
Averaging iterations... h=0.062500,0.000000
Done.
Final: Magnetisation = (0.619687,-0.455894), Energy = -1.822885 
<M> = (0.581532,-0.522097), <E> = -1.832646 

T=0.440000	 Thermalizing iterations... 
Done.
Thermalized Magnetisation = (0.538615,-0.574545), Energy = -1.838249 
Averaging iterations... h=0.062500,0.000000
Done.
Final: Magnetisation = (0.599514,-0.524090), Energy = -1.842086 
<M> = (0.574356,-0.546526), <E> = -1.838963 

T=0.430000	 Thermalizing iterations... 
Done.
Thermalized Magnetisation = (0.525526,-0.572726), Energy = -1.840398 
Averaging iterations... h=0.062500,0.000000
Done.
Final: Magnetisation = (0.556170,-0.545205), Energy = -1.832370 
<M> = (0.563650,-0.565331), <E> = -1.844965 

T=0.420000	 Thermalizing iterations... 
Done.
Thermalized Magnetisation = (0.538410,-0.590121), Energy = -1.854433 
Averaging iterations... h=0.062500,0.000000
Done.
Final: Magnetisation = (0.568670,-0.571952), Energy = -1.854381 
<M> = (0.557336,-0.578451), <E> = -1.850883 

T=0.410000	 Thermalizing iterations... 
Done.
Thermalized Magnetisation = (0.571738,-0.587945), Energy = -1.863335 
Averaging iterations... h=0.062500,0.000000
Done.
Final: Magnetisation = (0.571883,-0.561578), Energy = -1.854105 
<M> = (0.552480,-0.588610), <E> = -1.856938 

T=0.400000	 Thermalizing iterations... 
Done.
Thermalized Magnetisation = (0.567827,-0.565098), Energy = -1.859628 
Averaging iterations... h=0.062500,0.000000
Done.
Final: Magnetisation = (0.535695,-0.631419), Energy = -1.867519 
<M> = (0.562079,-0.575643), <E> = -1.862303 

T=0.390000	 Thermalizing iterations... 
Done.
Thermalized Magnetisation = (0.582732,-0.568674), Energy = -1.867516 
Averaging iterations... h=0.062500,0.000000
Done.
Final: Magnetisation = (0.556564,-0.599782), Energy = -1.861492 
<M> = (0.572809,-0.575889), <E> = -1.867587 

T=0.380000	 Thermalizing iterations... 
Done.
Thermalized Magnetisation = (0.552131,-0.575983), Energy = -1.868715 
Averaging iterations... h=0.062500,0.000000
Done.
Final: Magnetisation = (0.563816,-0.568647), Energy = -1.871787 
<M> = (0.569420,-0.579655), <E> = -1.873265 

T=0.370000	 Thermalizing iterations... 
Done.
Thermalized Magnetisation = (0.551123,-0.628511), Energy = -1.883561 
Averaging iterations... h=0.062500,0.000000
Done.
Final: Magnetisation = (0.604217,-0.532892), Energy = -1.883345 
<M> = (0.576921,-0.577883), <E> = -1.878926 

T=0.360000	 Thermalizing iterations... 
Done.
Thermalized Magnetisation = (0.554479,-0.602779), Energy = -1.887245 
Averaging iterations... h=0.062500,0.000000
Done.
Final: Magnetisation = (0.590030,-0.563130), Energy = -1.886526 
<M> = (0.571523,-0.590039), <E> = -1.884610 

T=0.350000	 Thermalizing iterations... 
Done.
Thermalized Magnetisation = (0.561831,-0.588291), Energy = -1.887044 
Averaging iterations... h=0.062500,0.000000
Done.
Final: Magnetisation = (0.563233,-0.586070), Energy = -1.888686 
<M> = (0.558731,-0.605834), <E> = -1.890531 

T=0.340000	 Thermalizing iterations... 
Done.
Thermalized Magnetisation = (0.563218,-0.612316), Energy = -1.892513 
Averaging iterations... h=0.062500,0.000000
Done.
Final: Magnetisation = (0.585344,-0.621033), Energy = -1.898012 
<M> = (0.557156,-0.613974), <E> = -1.896053 

T=0.330000	 Thermalizing iterations... 
Done.
Thermalized Magnetisation = (0.576195,-0.597248), Energy = -1.897700 
Averaging iterations... h=0.062500,0.000000
Done.
Final: Magnetisation = (0.548030,-0.621597), Energy = -1.899874 
<M> = (0.558920,-0.615580), <E> = -1.901678 

T=0.320000	 Thermalizing iterations... 
Done.
Thermalized Magnetisation = (0.558035,-0.632576), Energy = -1.906002 
Averaging iterations... h=0.062500,0.000000
Done.
Final: Magnetisation = (0.565762,-0.623766), Energy = -1.910950 
<M> = (0.565190,-0.611937), <E> = -1.906978 

T=0.310000	 Thermalizing iterations... 
Done.
Thermalized Magnetisation = (0.596142,-0.589898), Energy = -1.910811 
Averaging iterations... h=0.062500,0.000000
Done.
Final: Magnetisation = (0.567449,-0.621869), Energy = -1.908635 
<M> = (0.576595,-0.602392), <E> = -1.912298 

T=0.300000	 Thermalizing iterations... 
Done.
Thermalized Magnetisation = (0.572660,-0.613129), Energy = -1.916014 
Averaging iterations... h=0.062500,0.000000
Done.
Final: Magnetisation = (0.629311,-0.539637), Energy = -1.918513 
<M> = (0.578067,-0.605223), <E> = -1.917739 

T=0.290000	 Thermalizing iterations... 
Done.
Thermalized Magnetisation = (0.552951,-0.624262), Energy = -1.920820 
Averaging iterations... h=0.062500,0.000000
Done.
Final: Magnetisation = (0.586495,-0.612780), Energy = -1.922823 
<M> = (0.570446,-0.616820), <E> = -1.923350 

T=0.280000	 Thermalizing iterations... 
Done.
Thermalized Magnetisation = (0.574191,-0.641709), Energy = -1.930155 
Averaging iterations... h=0.062500,0.000000
Done.
Final: Magnetisation = (0.574338,-0.595225), Energy = -1.924012 
<M> = (0.570884,-0.620934), <E> = -1.928988 

T=0.270000	 Thermalizing iterations... 
Done.
Thermalized Magnetisation = (0.521741,-0.675638), Energy = -1.935646 
Averaging iterations... h=0.062500,0.000000
Done.
Final: Magnetisation = (0.567256,-0.629217), Energy = -1.930517 
<M> = (0.562423,-0.634167), <E> = -1.934606 

T=0.260000	 Thermalizing iterations... 
Done.
Thermalized Magnetisation = (0.563899,-0.632918), Energy = -1.940676 
Averaging iterations... h=0.062500,0.000000
Done.
Final: Magnetisation = (0.545857,-0.650566), Energy = -1.942936 
<M> = (0.562888,-0.638556), <E> = -1.940018 

T=0.250000	 Thermalizing iterations... 
Done.
Thermalized Magnetisation = (0.603884,-0.609240), Energy = -1.946723 
Averaging iterations... h=0.062500,0.000000
Done.
Final: Magnetisation = (0.579301,-0.633713), Energy = -1.949184 
<M> = (0.568345,-0.636798), <E> = -1.945182 

T=0.240000	 Thermalizing iterations... 
Done.
Thermalized Magnetisation = (0.591681,-0.612389), Energy = -1.950133 
Averaging iterations... h=0.062500,0.000000
Done.
Final: Magnetisation = (0.561954,-0.656810), Energy = -1.949838 
<M> = (0.575041,-0.631697), <E> = -1.950492 

T=0.230000	 Thermalizing iterations... 
Done.
Thermalized Magnetisation = (0.558296,-0.661433), Energy = -1.956147 
Averaging iterations... h=0.062500,0.000000
Done.
Final: Magnetisation = (0.571910,-0.636126), Energy = -1.958374 
<M> = (0.577070,-0.632232), <E> = -1.955724 

T=0.220000	 Thermalizing iterations... 
Done.
Thermalized Magnetisation = (0.572539,-0.646353), Energy = -1.954648 
Averaging iterations... h=0.062500,0.000000
Done.
Final: Magnetisation = (0.573023,-0.647431), Energy = -1.959992 
<M> = (0.574909,-0.640861), <E> = -1.961057 

T=0.210000	 Thermalizing iterations... 
Done.
Thermalized Magnetisation = (0.557444,-0.659171), Energy = -1.963743 
Averaging iterations... h=0.062500,0.000000
Done.
Final: Magnetisation = (0.562250,-0.646110), Energy = -1.967183 
<M> = (0.571754,-0.645586), <E> = -1.966429 

T=0.200000	 Thermalizing iterations... 
Done.
Thermalized Magnetisation = (0.583223,-0.652995), Energy = -1.967919 
Averaging iterations... h=0.062500,0.000000
Done.
Final: Magnetisation = (0.582985,-0.638373), Energy = -1.969980 
<M> = (0.574080,-0.648829), <E> = -1.971866 

T=0.190000	 Thermalizing iterations... 
Done.
Thermalized Magnetisation = (0.579081,-0.664373), Energy = -1.976233 
Averaging iterations... h=0.062500,0.000000
Done.
Final: Magnetisation = (0.578929,-0.644991), Energy = -1.980192 
<M> = (0.571358,-0.655263), <E> = -1.977223 

T=0.180000	 Thermalizing iterations... 
Done.
Thermalized Magnetisation = (0.578658,-0.650121), Energy = -1.987165 
Averaging iterations... h=0.062500,0.000000
Done.
Final: Magnetisation = (0.566565,-0.666673), Energy = -1.982350 
<M> = (0.568197,-0.663506), <E> = -1.982482 

T=0.170000	 Thermalizing iterations... 
Done.
Thermalized Magnetisation = (0.584684,-0.637469), Energy = -1.982744 
Averaging iterations... h=0.062500,0.000000
Done.
Final: Magnetisation = (0.553742,-0.675150), Energy = -1.988035 
<M> = (0.578965,-0.655256), <E> = -1.987525 

T=0.160000	 Thermalizing iterations... 
Done.
Thermalized Magnetisation = (0.557568,-0.676320), Energy = -1.993141 
Averaging iterations... h=0.062500,0.000000
Done.
Final: Magnetisation = (0.561731,-0.679742), Energy = -1.993512 
<M> = (0.578286,-0.657448), <E> = -1.992674 

T=0.150000	 Thermalizing iterations... 
Done.
Thermalized Magnetisation = (0.604266,-0.636108), Energy = -1.997443 
Averaging iterations... h=0.062500,0.000000
Done.
Final: Magnetisation = (0.582126,-0.659502), Energy = -1.997363 
<M> = (0.576426,-0.663289), <E> = -1.997852 

T=0.140000	 Thermalizing iterations... 
Done.
Thermalized Magnetisation = (0.582204,-0.657744), Energy = -2.004670 
Averaging iterations... h=0.062500,0.000000
Done.
Final: Magnetisation = (0.588448,-0.657343), Energy = -2.003803 
<M> = (0.572223,-0.671345), <E> = -2.003288 

T=0.130000	 Thermalizing iterations... 
Done.
Thermalized Magnetisation = (0.565490,-0.689235), Energy = -2.010488 
Averaging iterations... h=0.062500,0.000000
Done.
Final: Magnetisation = (0.563666,-0.681023), Energy = -2.009347 
<M> = (0.577121,-0.672039), <E> = -2.008365 

T=0.120000	 Thermalizing iterations... 
Done.
Thermalized Magnetisation = (0.584614,-0.671781), Energy = -2.013236 
Averaging iterations... h=0.062500,0.000000
Done.
Final: Magnetisation = (0.587375,-0.668956), Energy = -2.012576 
<M> = (0.574688,-0.677188), <E> = -2.013650 

T=0.110000	 Thermalizing iterations... 
Done.
Thermalized Magnetisation = (0.583552,-0.671989), Energy = -2.019116 
Averaging iterations... h=0.062500,0.000000
Done.
Final: Magnetisation = (0.594639,-0.660039), Energy = -2.018427 
<M> = (0.576570,-0.679902), <E> = -2.018801 

T=0.100000	 Thermalizing iterations... 
Done.
Thermalized Magnetisation = (0.577000,-0.681287), Energy = -2.024430 
Averaging iterations... h=0.062500,0.000000
Done.
Final: Magnetisation = (0.579549,-0.680356), Energy = -2.024579 
<M> = (0.579943,-0.678327), <E> = -2.023955 

T=0.090000	 Thermalizing iterations... 
Done.
Thermalized Magnetisation = (0.584427,-0.681146), Energy = -2.029127 
Averaging iterations... h=0.062500,0.000000
Done.
Final: Magnetisation = (0.564473,-0.692765), Energy = -2.028465 
<M> = (0.580289,-0.680597), <E> = -2.029032 

T=0.080000	 Thermalizing iterations... 
Done.
Thermalized Magnetisation = (0.569767,-0.697506), Energy = -2.035481 
Averaging iterations... h=0.062500,0.000000
Done.
Final: Magnetisation = (0.577928,-0.683918), Energy = -2.034956 
<M> = (0.578447,-0.686003), <E> = -2.034106 

T=0.070000	 Thermalizing iterations... 
Done.
Thermalized Magnetisation = (0.581569,-0.690703), Energy = -2.039744 
Averaging iterations... h=0.062500,0.000000
Done.
Final: Magnetisation = (0.584327,-0.685695), Energy = -2.039032 
<M> = (0.578323,-0.690574), <E> = -2.039187 

T=0.060000	 Thermalizing iterations... 
Done.
Thermalized Magnetisation = (0.589668,-0.677780), Energy = -2.044788 
Averaging iterations... h=0.062500,0.000000
Done.
Final: Magnetisation = (0.568577,-0.698825), Energy = -2.044269 
<M> = (0.578463,-0.692553), <E> = -2.044307 

T=0.050000	 Thermalizing iterations... 
Done.
Thermalized Magnetisation = (0.586353,-0.681967), Energy = -2.049532 
Averaging iterations... h=0.062500,0.000000
Done.
Final: Magnetisation = (0.574837,-0.703424), Energy = -2.049764 
<M> = (0.581062,-0.693926), <E> = -2.049375 

T=0.040000	 Thermalizing iterations... 
Done.
Thermalized Magnetisation = (0.578820,-0.697648), Energy = -2.054605 
Averaging iterations... h=0.062500,0.000000
Done.
Final: Magnetisation = (0.582558,-0.694355), Energy = -2.054554 
<M> = (0.579316,-0.698364), <E> = -2.054445 

T=0.030000	 Thermalizing iterations... 
Done.
Thermalized Magnetisation = (0.586039,-0.696725), Energy = -2.059677 
Averaging iterations... h=0.062500,0.000000
Done.
Final: Magnetisation = (0.582920,-0.699294), Energy = -2.059106 
<M> = (0.577944,-0.702725), <E> = -2.059474 

T=0.020000	 Thermalizing iterations... 
Done.
Thermalized Magnetisation = (0.582569,-0.700881), Energy = -2.064539 
Averaging iterations... h=0.062500,0.000000
Done.
Final: Magnetisation = (0.587740,-0.701394), Energy = -2.064578 
<M> = (0.582046,-0.703572), <E> = -2.064500 

T=0.010000	 Thermalizing iterations... 
Done.
Thermalized Magnetisation = (0.579064,-0.709682), Energy = -2.069399 
Averaging iterations... h=0.062500,0.000000
Done.
Final: Magnetisation = (0.579049,-0.708132), Energy = -2.069414 
<M> = (0.579140,-0.707943), <E> = -2.069518 
Final Magnetisation = (0.579049,-0.708132), Energy = -2.069414 
------------------------

Updating all (first)black/(then)white checkerboard sites simultaneously.. 

ztne RFXY h rotating with |h|=0.062500 at T=0.000000..
loop 1

loop 2

CPU  Start Time = 5523838.196275 

CPU  End Time = 5532741.358154 

CPU Time elapsed total = 8903.161879 

real	148m23.174s
user	2562m56.947s
sys	1m17.343s
