nearest neighbor initialized. 
J loaded. 
h loaded. 
L = 32, dim_L = 2, dim_S = 2
hysteresis_MCS_multiplier = 10, hysteresis_MCS_max = 100
RAND_MAX = 2147483647.000000,
 sizeof(int) = 4,
 sizeof(long) = 8,
 sizeof(double) = 8,
 sizeof(long int) = 8,
 sizeof(short int) = 2,
 sizeof(unsigned int) = 4,
 sizeof(RAND_MAX) = 4

OpenMP Active.

No. of THREADS = 24
No. of PROCESSORS = 24

0.132266,0.076058
order = ({1.000000-->-1.000000,0.000000}, 0, 1)
Initial Magnetisation = (0.132266,0.076058), Energy = -0.023678 
Cooling... 
T=2.000000	 Thermalizing iterations... 
Done.
Thermalized Magnetisation = (0.051942,-0.226580), Energy = -0.535796 
Averaging iterations... h=0.071429,0.000000
Done.
Final: Magnetisation = (0.053694,0.060336), Energy = -0.692779 
<M> = (0.090729,0.002192), <E> = -0.762081 

T=1.950000	 Thermalizing iterations... 
Done.
Thermalized Magnetisation = (0.107397,0.011671), Energy = -0.738790 
Averaging iterations... h=0.071429,0.000000
Done.
Final: Magnetisation = (0.038865,-0.089945), Energy = -0.590367 
<M> = (0.093862,-0.000478), <E> = -0.780550 

T=1.900000	 Thermalizing iterations... 
Done.
Thermalized Magnetisation = (-0.104785,0.173366), Energy = -1.013245 
Averaging iterations... h=0.071429,0.000000
Done.
Final: Magnetisation = (0.043528,0.053271), Energy = -0.783402 
<M> = (0.106977,0.003465), <E> = -0.803452 

T=1.850000	 Thermalizing iterations... 
Done.
Thermalized Magnetisation = (0.053053,-0.006187), Energy = -0.741865 
Averaging iterations... h=0.071429,0.000000
Done.
Final: Magnetisation = (0.119416,-0.059574), Energy = -0.882328 
<M> = (0.109686,0.000444), <E> = -0.822991 

T=1.800000	 Thermalizing iterations... 
Done.
Thermalized Magnetisation = (0.124612,-0.055070), Energy = -0.790489 
Averaging iterations... h=0.071429,0.000000
Done.
Final: Magnetisation = (0.017332,0.075041), Energy = -0.743452 
<M> = (0.115890,0.005094), <E> = -0.845914 

T=1.750000	 Thermalizing iterations... 
Done.
Thermalized Magnetisation = (0.133030,0.118897), Energy = -0.938636 
Averaging iterations... h=0.071429,0.000000
Done.
Final: Magnetisation = (0.151569,-0.068813), Energy = -0.936750 
<M> = (0.124129,0.001671), <E> = -0.870308 

T=1.700000	 Thermalizing iterations... 
Done.
Thermalized Magnetisation = (0.197865,0.202324), Energy = -1.016342 
Averaging iterations... h=0.071429,0.000000
Done.
Final: Magnetisation = (0.216856,-0.077457), Energy = -1.027271 
<M> = (0.135782,-0.000521), <E> = -0.894555 

T=1.650000	 Thermalizing iterations... 
Done.
Thermalized Magnetisation = (-0.008814,-0.154320), Energy = -0.853373 
Averaging iterations... h=0.071429,0.000000
Done.
Final: Magnetisation = (0.051850,0.193528), Energy = -0.833942 
<M> = (0.139771,-0.000225), <E> = -0.919071 

T=1.600000	 Thermalizing iterations... 
Done.
Thermalized Magnetisation = (0.062650,0.072226), Energy = -1.006893 
Averaging iterations... h=0.071429,0.000000
Done.
Final: Magnetisation = (0.103950,-0.013704), Energy = -0.999304 
<M> = (0.160438,-0.005501), <E> = -0.949515 

T=1.550000	 Thermalizing iterations... 
Done.
Thermalized Magnetisation = (0.354794,0.109341), Energy = -0.773805 
Averaging iterations... h=0.071429,0.000000
Done.
Final: Magnetisation = (0.212168,0.043545), Energy = -0.863770 
<M> = (0.169380,0.001402), <E> = -0.977241 

T=1.500000	 Thermalizing iterations... 
Done.
Thermalized Magnetisation = (0.145411,0.102699), Energy = -0.952969 
Averaging iterations... h=0.071429,0.000000
Done.
Final: Magnetisation = (-0.093862,-0.041647), Energy = -1.004012 
<M> = (0.193682,0.004972), <E> = -1.010371 

T=1.450000	 Thermalizing iterations... 
Done.
Thermalized Magnetisation = (0.102567,-0.206365), Energy = -0.939236 
Averaging iterations... h=0.071429,0.000000
Done.
Final: Magnetisation = (0.098495,-0.013430), Energy = -0.920504 
<M> = (0.205947,-0.000707), <E> = -1.042381 

T=1.400000	 Thermalizing iterations... 
Done.
Thermalized Magnetisation = (0.380837,0.166449), Energy = -1.144496 
Averaging iterations... h=0.071429,0.000000
Done.
Final: Magnetisation = (0.260848,0.207054), Energy = -1.095447 
<M> = (0.227821,0.008663), <E> = -1.083565 

T=1.350000	 Thermalizing iterations... 
Done.
Thermalized Magnetisation = (0.446224,0.034017), Energy = -1.255273 
Averaging iterations... h=0.071429,0.000000
Done.
Final: Magnetisation = (0.201452,0.008290), Energy = -1.068556 
<M> = (0.252228,-0.002177), <E> = -1.123441 

T=1.300000	 Thermalizing iterations... 
Done.
Thermalized Magnetisation = (0.275813,-0.115193), Energy = -0.878991 
Averaging iterations... h=0.071429,0.000000
Done.
Final: Magnetisation = (0.417510,-0.008275), Energy = -1.226540 
<M> = (0.276184,0.004929), <E> = -1.163934 

T=1.250000	 Thermalizing iterations... 
Done.
Thermalized Magnetisation = (0.344017,0.063162), Energy = -1.191598 
Averaging iterations... h=0.071429,0.000000
Done.
Final: Magnetisation = (0.499208,0.072618), Energy = -1.233890 
<M> = (0.314509,-0.001535), <E> = -1.207347 

T=1.200000	 Thermalizing iterations... 
Done.
Thermalized Magnetisation = (0.367102,0.291419), Energy = -1.140621 
Averaging iterations... h=0.071429,0.000000
Done.
Final: Magnetisation = (0.364902,0.067250), Energy = -1.298022 
<M> = (0.341034,0.000770), <E> = -1.254633 

T=1.150000	 Thermalizing iterations... 
Done.
Thermalized Magnetisation = (0.404350,0.252111), Energy = -1.354198 
Averaging iterations... h=0.071429,0.000000
Done.
Final: Magnetisation = (0.352633,0.201463), Energy = -1.308609 
<M> = (0.388413,-0.001870), <E> = -1.303878 

T=1.100000	 Thermalizing iterations... 
Done.
Thermalized Magnetisation = (0.203048,-0.106246), Energy = -1.267091 
Averaging iterations... h=0.071429,0.000000
Done.
Final: Magnetisation = (0.464985,0.335496), Energy = -1.443162 
<M> = (0.436349,-0.005418), <E> = -1.361350 

T=1.050000	 Thermalizing iterations... 
Done.
Thermalized Magnetisation = (0.455338,0.020608), Energy = -1.337866 
Averaging iterations... h=0.071429,0.000000
Done.
Final: Magnetisation = (0.584980,-0.014569), Energy = -1.542692 
<M> = (0.465961,0.002772), <E> = -1.408853 

T=1.000000	 Thermalizing iterations... 
Done.
Thermalized Magnetisation = (0.283811,-0.090690), Energy = -1.355620 
Averaging iterations... h=0.071429,0.000000
Done.
Final: Magnetisation = (0.366560,0.418613), Energy = -1.496413 
<M> = (0.500580,-0.016523), <E> = -1.457436 

T=0.950000	 Thermalizing iterations... 
Done.
Thermalized Magnetisation = (0.599742,0.095986), Energy = -1.536180 
Averaging iterations... h=0.071429,0.000000
Done.
Final: Magnetisation = (0.410492,-0.374624), Energy = -1.539858 
<M> = (0.542094,-0.018167), <E> = -1.509172 

T=0.900000	 Thermalizing iterations... 
Done.
Thermalized Magnetisation = (0.627841,0.191781), Energy = -1.539328 
Averaging iterations... h=0.071429,0.000000
Done.
Final: Magnetisation = (0.545740,0.072415), Energy = -1.549069 
<M> = (0.580409,0.022618), <E> = -1.557487 

T=0.850000	 Thermalizing iterations... 
Done.
Thermalized Magnetisation = (0.606622,0.369807), Energy = -1.545843 
Averaging iterations... h=0.071429,0.000000
Done.
Final: Magnetisation = (0.652867,0.251561), Energy = -1.527284 
<M> = (0.614478,-0.016988), <E> = -1.602148 

T=0.800000	 Thermalizing iterations... 
Done.
Thermalized Magnetisation = (0.717541,0.071559), Energy = -1.660815 
Averaging iterations... h=0.071429,0.000000
Done.
Final: Magnetisation = (0.373774,0.046281), Energy = -1.623711 
<M> = (0.652882,-0.000544), <E> = -1.646915 

T=0.750000	 Thermalizing iterations... 
Done.
Thermalized Magnetisation = (0.698778,-0.119704), Energy = -1.728945 
Averaging iterations... h=0.071429,0.000000
Done.
Final: Magnetisation = (0.745292,0.298639), Energy = -1.770772 
<M> = (0.669729,-0.008100), <E> = -1.682872 

T=0.700000	 Thermalizing iterations... 
Done.
Thermalized Magnetisation = (0.726675,0.192575), Energy = -1.769323 
Averaging iterations... h=0.071429,0.000000
Done.
Final: Magnetisation = (0.731825,-0.275700), Energy = -1.771542 
<M> = (0.690943,-0.001995), <E> = -1.717383 

T=0.650000	 Thermalizing iterations... 
Done.
Thermalized Magnetisation = (0.679206,0.038346), Energy = -1.720718 
Averaging iterations... h=0.071429,0.000000
Done.
Final: Magnetisation = (0.788858,0.007524), Energy = -1.741862 
<M> = (0.722267,-0.027178), <E> = -1.752619 

T=0.600000	 Thermalizing iterations... 
Done.
Thermalized Magnetisation = (0.801097,0.203658), Energy = -1.796523 
Averaging iterations... h=0.071429,0.000000
Done.
Final: Magnetisation = (0.775236,-0.106808), Energy = -1.816370 
<M> = (0.741218,-0.030742), <E> = -1.788405 

T=0.550000	 Thermalizing iterations... 
Done.
Thermalized Magnetisation = (0.748775,0.376336), Energy = -1.810084 
Averaging iterations... h=0.071429,0.000000
Done.
Final: Magnetisation = (0.693216,0.026457), Energy = -1.772158 
<M> = (0.763272,0.010909), <E> = -1.817329 

T=0.500000	 Thermalizing iterations... 
Done.
Thermalized Magnetisation = (0.770255,-0.316107), Energy = -1.845261 
Averaging iterations... h=0.071429,0.000000
Done.
Final: Magnetisation = (0.848635,0.081975), Energy = -1.888673 
<M> = (0.784281,-0.042391), <E> = -1.847575 

T=0.450000	 Thermalizing iterations... 
Done.
Thermalized Magnetisation = (0.855674,-0.108276), Energy = -1.877755 
Averaging iterations... h=0.071429,0.000000
Done.
Final: Magnetisation = (0.744776,-0.420892), Energy = -1.868874 
<M> = (0.805835,-0.023107), <E> = -1.877165 

T=0.400000	 Thermalizing iterations... 
Done.
Thermalized Magnetisation = (0.866672,0.075561), Energy = -1.911704 
Averaging iterations... h=0.071429,0.000000
Done.
Final: Magnetisation = (0.839353,-0.021805), Energy = -1.909457 
<M> = (0.824842,-0.032962), <E> = -1.904338 

T=0.350000	 Thermalizing iterations... 
Done.
Thermalized Magnetisation = (0.838735,-0.215593), Energy = -1.938104 
Averaging iterations... h=0.071429,0.000000
Done.
Final: Magnetisation = (0.856617,0.223700), Energy = -1.944237 
<M> = (0.840405,0.009131), <E> = -1.933483 

T=0.300000	 Thermalizing iterations... 
Done.
Thermalized Magnetisation = (0.759338,-0.383347), Energy = -1.932034 
Averaging iterations... h=0.071429,0.000000
Done.
Final: Magnetisation = (0.856954,0.120176), Energy = -1.978394 
<M> = (0.845328,0.043823), <E> = -1.960347 

T=0.250000	 Thermalizing iterations... 
Done.
Thermalized Magnetisation = (0.754033,-0.497690), Energy = -1.963923 
Averaging iterations... h=0.071429,0.000000
Done.
Final: Magnetisation = (0.715715,0.540436), Energy = -1.982952 
<M> = (0.876558,-0.044350), <E> = -1.986907 

T=0.200000	 Thermalizing iterations... 
Done.
Thermalized Magnetisation = (0.898478,0.078007), Energy = -2.006717 
Averaging iterations... h=0.071429,0.000000
Done.
Final: Magnetisation = (0.910946,0.214031), Energy = -2.035693 
<M> = (0.894085,0.009260), <E> = -2.012836 

T=0.150000	 Thermalizing iterations... 
Done.
Thermalized Magnetisation = (0.918866,-0.147228), Energy = -2.032433 
Averaging iterations... h=0.071429,0.000000
Done.
Final: Magnetisation = (0.923705,-0.155697), Energy = -2.027759 
<M> = (0.916876,-0.031992), <E> = -2.039111 

T=0.100000	 Thermalizing iterations... 
Done.
Thermalized Magnetisation = (0.938934,0.165259), Energy = -2.065503 
Averaging iterations... h=0.071429,0.000000
Done.
Final: Magnetisation = (0.947260,-0.018589), Energy = -2.064057 
<M> = (0.932734,-0.122039), <E> = -2.064737 

T=0.050000	 Thermalizing iterations... 
Done.
Thermalized Magnetisation = (0.936186,-0.222271), Energy = -2.093642 
Averaging iterations... h=0.071429,0.000000
Done.
Final: Magnetisation = (0.928911,-0.246904), Energy = -2.090595 
<M> = (0.937274,-0.209370), <E> = -2.090196 
Final Magnetisation = (0.928911,-0.246904), Energy = -2.090595 
------------------------

Updating all (first)black/(then)white checkerboard sites simultaneously.. 

ztne RFXY h rotating with |h|=0.071429 at T=0.000000..
loop 1

loop 2

Cooling protocol time (from T=2.000000 to T=0.000000) = 200.414349 

CPU Time elapsed total = 200.442201 
All done - 200 seconds elapsed.
