nearest neighbor initialized. 
J loaded. 
h loaded. 
L = 32, dim_L = 2, dim_S = 2
hysteresis_MCS_multiplier = 10, hysteresis_MCS_max = 100
RAND_MAX = 2147483647.000000,
 sizeof(int) = 4,
 sizeof(long) = 8,
 sizeof(double) = 8,
 sizeof(long int) = 8,
 sizeof(short int) = 2,
 sizeof(unsigned int) = 4,
 sizeof(RAND_MAX) = 4

OpenMP Active.

No. of THREADS = 24
No. of PROCESSORS = 24

0.149138,0.081946
order = ({1.000000-->-1.000000,0.000000}, 0, 1)
Initial Magnetisation = (0.149138,0.081946), Energy = -0.035522 
Cooling... 
T=2.000000	 Thermalizing iterations... 
Done.
Thermalized Magnetisation = (0.046683,-0.268586), Energy = -0.546381 
Averaging iterations... h=0.062500,0.000000
Done.
Final: Magnetisation = (-0.062648,-0.086067), Energy = -0.571866 
<M> = (0.054335,0.004163), <E> = -0.747833 

T=1.950000	 Thermalizing iterations... 
Done.
Thermalized Magnetisation = (0.065364,-0.109839), Energy = -0.762066 
Averaging iterations... h=0.062500,0.000000
Done.
Final: Magnetisation = (0.015892,-0.175668), Energy = -0.762552 
<M> = (0.053789,0.000290), <E> = -0.766856 

T=1.900000	 Thermalizing iterations... 
Done.
Thermalized Magnetisation = (-0.093788,0.156845), Energy = -0.788916 
Averaging iterations... h=0.062500,0.000000
Done.
Final: Magnetisation = (0.263101,-0.020380), Energy = -0.694161 
<M> = (0.058834,0.003957), <E> = -0.785822 

T=1.850000	 Thermalizing iterations... 
Done.
Thermalized Magnetisation = (0.183457,0.045803), Energy = -0.756669 
Averaging iterations... h=0.062500,0.000000
Done.
Final: Magnetisation = (-0.100432,0.004092), Energy = -0.633677 
<M> = (0.065089,-0.000286), <E> = -0.809726 

T=1.800000	 Thermalizing iterations... 
Done.
Thermalized Magnetisation = (0.118446,-0.207171), Energy = -0.948565 
Averaging iterations... h=0.062500,0.000000
Done.
Final: Magnetisation = (-0.121515,0.122795), Energy = -0.606454 
<M> = (0.069914,0.005914), <E> = -0.828552 

T=1.750000	 Thermalizing iterations... 
Done.
Thermalized Magnetisation = (0.039745,0.064097), Energy = -0.894131 
Averaging iterations... h=0.062500,0.000000
Done.
Final: Magnetisation = (0.152265,-0.085600), Energy = -0.557668 
<M> = (0.073123,0.002415), <E> = -0.851294 

T=1.700000	 Thermalizing iterations... 
Done.
Thermalized Magnetisation = (0.167588,-0.129222), Energy = -0.853450 
Averaging iterations... h=0.062500,0.000000
Done.
Final: Magnetisation = (0.141233,-0.169913), Energy = -0.901649 
<M> = (0.082758,-0.000343), <E> = -0.874475 

T=1.650000	 Thermalizing iterations... 
Done.
Thermalized Magnetisation = (0.302818,0.293862), Energy = -0.894331 
Averaging iterations... h=0.062500,0.000000
Done.
Final: Magnetisation = (0.018670,0.038900), Energy = -0.901409 
<M> = (0.086051,-0.002009), <E> = -0.894924 

T=1.600000	 Thermalizing iterations... 
Done.
Thermalized Magnetisation = (0.142909,-0.034007), Energy = -0.959012 
Averaging iterations... h=0.062500,0.000000
Done.
Final: Magnetisation = (0.200769,0.141064), Energy = -0.986269 
<M> = (0.101574,0.001462), <E> = -0.927689 

T=1.550000	 Thermalizing iterations... 
Done.
Thermalized Magnetisation = (0.188696,-0.033406), Energy = -0.971247 
Averaging iterations... h=0.062500,0.000000
Done.
Final: Magnetisation = (0.001683,-0.361132), Energy = -1.039055 
<M> = (0.100508,-0.000882), <E> = -0.952425 

T=1.500000	 Thermalizing iterations... 
Done.
Thermalized Magnetisation = (-0.089799,-0.069345), Energy = -0.960318 
Averaging iterations... h=0.062500,0.000000
Done.
Final: Magnetisation = (0.061965,0.341051), Energy = -0.955713 
<M> = (0.119086,0.010686), <E> = -0.981380 

T=1.450000	 Thermalizing iterations... 
Done.
Thermalized Magnetisation = (-0.012175,-0.179246), Energy = -0.934236 
Averaging iterations... h=0.062500,0.000000
Done.
Final: Magnetisation = (0.119025,0.108066), Energy = -1.129881 
<M> = (0.126978,0.002429), <E> = -1.011537 

T=1.400000	 Thermalizing iterations... 
Done.
Thermalized Magnetisation = (0.027020,0.231395), Energy = -0.910840 
Averaging iterations... h=0.062500,0.000000
Done.
Final: Magnetisation = (0.134381,0.031202), Energy = -0.916196 
<M> = (0.140702,0.011912), <E> = -1.045728 

T=1.350000	 Thermalizing iterations... 
Done.
Thermalized Magnetisation = (0.122540,0.105459), Energy = -1.032624 
Averaging iterations... h=0.062500,0.000000
Done.
Final: Magnetisation = (-0.169571,-0.252233), Energy = -1.173840 
<M> = (0.159791,-0.001158), <E> = -1.080824 

T=1.300000	 Thermalizing iterations... 
Done.
Thermalized Magnetisation = (0.307876,-0.038944), Energy = -0.951753 
Averaging iterations... h=0.062500,0.000000
Done.
Final: Magnetisation = (-0.066066,0.107239), Energy = -1.107069 
<M> = (0.174985,0.001751), <E> = -1.118092 

T=1.250000	 Thermalizing iterations... 
Done.
Thermalized Magnetisation = (0.207175,-0.187541), Energy = -1.297108 
Averaging iterations... h=0.062500,0.000000
Done.
Final: Magnetisation = (0.470810,-0.090710), Energy = -1.319369 
<M> = (0.198749,-0.000314), <E> = -1.160029 

T=1.200000	 Thermalizing iterations... 
Done.
Thermalized Magnetisation = (0.260015,-0.083066), Energy = -1.363919 
Averaging iterations... h=0.062500,0.000000
Done.
Final: Magnetisation = (0.203967,-0.196137), Energy = -1.052018 
<M> = (0.220481,0.008965), <E> = -1.200307 

T=1.150000	 Thermalizing iterations... 
Done.
Thermalized Magnetisation = (0.148226,0.074009), Energy = -1.102811 
Averaging iterations... h=0.062500,0.000000
Done.
Final: Magnetisation = (0.251460,0.289102), Energy = -1.127154 
<M> = (0.263666,-0.006172), <E> = -1.244825 

T=1.100000	 Thermalizing iterations... 
Done.
Thermalized Magnetisation = (-0.052120,0.333248), Energy = -1.251500 
Averaging iterations... h=0.062500,0.000000
Done.
Final: Magnetisation = (0.506360,-0.156561), Energy = -1.396411 
<M> = (0.301756,-0.004413), <E> = -1.297122 

T=1.050000	 Thermalizing iterations... 
Done.
Thermalized Magnetisation = (0.339889,0.048065), Energy = -1.387039 
Averaging iterations... h=0.062500,0.000000
Done.
Final: Magnetisation = (0.318620,0.273582), Energy = -1.380021 
<M> = (0.336009,0.003261), <E> = -1.344652 

T=1.000000	 Thermalizing iterations... 
Done.
Thermalized Magnetisation = (0.334440,-0.224808), Energy = -1.250526 
Averaging iterations... h=0.062500,0.000000
Done.
Final: Magnetisation = (0.165904,0.047399), Energy = -1.429375 
<M> = (0.365080,0.001129), <E> = -1.390030 

T=0.950000	 Thermalizing iterations... 
Done.
Thermalized Magnetisation = (0.458381,0.196588), Energy = -1.390800 
Averaging iterations... h=0.062500,0.000000
Done.
Final: Magnetisation = (0.565099,-0.262192), Energy = -1.442334 
<M> = (0.412959,0.008014), <E> = -1.443683 

T=0.900000	 Thermalizing iterations... 
Done.
Thermalized Magnetisation = (0.456141,-0.200991), Energy = -1.448411 
Averaging iterations... h=0.062500,0.000000
Done.
Final: Magnetisation = (0.475539,-0.551639), Energy = -1.535668 
<M> = (0.465163,0.058891), <E> = -1.495973 

T=0.850000	 Thermalizing iterations... 
Done.
Thermalized Magnetisation = (0.500696,0.052475), Energy = -1.466490 
Averaging iterations... h=0.062500,0.000000
Done.
Final: Magnetisation = (0.777501,0.100096), Energy = -1.615502 
<M> = (0.524913,0.031657), <E> = -1.544809 

T=0.800000	 Thermalizing iterations... 
Done.
Thermalized Magnetisation = (0.647533,0.266729), Energy = -1.592264 
Averaging iterations... h=0.062500,0.000000
Done.
Final: Magnetisation = (0.566400,-0.177439), Energy = -1.628353 
<M> = (0.566449,0.010197), <E> = -1.591431 

T=0.750000	 Thermalizing iterations... 
Done.
Thermalized Magnetisation = (0.596392,-0.163911), Energy = -1.674090 
Averaging iterations... h=0.062500,0.000000
Done.
Final: Magnetisation = (0.510819,-0.272325), Energy = -1.696249 
<M> = (0.586914,-0.014293), <E> = -1.631227 

T=0.700000	 Thermalizing iterations... 
Done.
Thermalized Magnetisation = (0.641487,0.090075), Energy = -1.703043 
Averaging iterations... h=0.062500,0.000000
Done.
Final: Magnetisation = (0.630073,-0.280849), Energy = -1.633581 
<M> = (0.613119,-0.038928), <E> = -1.668425 

T=0.650000	 Thermalizing iterations... 
Done.
Thermalized Magnetisation = (0.587869,-0.364184), Energy = -1.691966 
Averaging iterations... h=0.062500,0.000000
Done.
Final: Magnetisation = (0.638606,0.346395), Energy = -1.687586 
<M> = (0.658202,-0.049019), <E> = -1.704850 

T=0.600000	 Thermalizing iterations... 
Done.
Thermalized Magnetisation = (0.623392,-0.210630), Energy = -1.792900 
Averaging iterations... h=0.062500,0.000000
Done.
Final: Magnetisation = (0.750757,0.178399), Energy = -1.744172 
<M> = (0.670828,-0.001755), <E> = -1.739841 

T=0.550000	 Thermalizing iterations... 
Done.
Thermalized Magnetisation = (0.803915,0.013943), Energy = -1.788109 
Averaging iterations... h=0.062500,0.000000
Done.
Final: Magnetisation = (0.741712,-0.049946), Energy = -1.792364 
<M> = (0.692333,0.167663), <E> = -1.770768 

T=0.500000	 Thermalizing iterations... 
Done.
Thermalized Magnetisation = (0.620171,-0.300075), Energy = -1.764733 
Averaging iterations... h=0.062500,0.000000
Done.
Final: Magnetisation = (0.827706,-0.103525), Energy = -1.846809 
<M> = (0.687613,-0.161924), <E> = -1.800274 

T=0.450000	 Thermalizing iterations... 
Done.
Thermalized Magnetisation = (0.650898,0.465772), Energy = -1.817675 
Averaging iterations... h=0.062500,0.000000
Done.
Final: Magnetisation = (0.788149,-0.036734), Energy = -1.828768 
<M> = (0.743512,-0.054681), <E> = -1.829753 

T=0.400000	 Thermalizing iterations... 
Done.
Thermalized Magnetisation = (0.731507,0.405631), Energy = -1.845726 
Averaging iterations... h=0.062500,0.000000
Done.
Final: Magnetisation = (0.813999,0.186265), Energy = -1.849214 
<M> = (0.752633,-0.132306), <E> = -1.857845 

T=0.350000	 Thermalizing iterations... 
Done.
Thermalized Magnetisation = (0.661634,-0.483059), Energy = -1.883919 
Averaging iterations... h=0.062500,0.000000
Done.
Final: Magnetisation = (0.753928,0.426359), Energy = -1.893135 
<M> = (0.757215,0.036471), <E> = -1.886526 

T=0.300000	 Thermalizing iterations... 
Done.
Thermalized Magnetisation = (0.515974,0.731327), Energy = -1.925939 
Averaging iterations... h=0.062500,0.000000
Done.
Final: Magnetisation = (0.659637,0.454053), Energy = -1.897625 
<M> = (0.740711,0.077356), <E> = -1.914575 

T=0.250000	 Thermalizing iterations... 
Done.
Thermalized Magnetisation = (0.858803,0.130711), Energy = -1.953505 
Averaging iterations... h=0.062500,0.000000
Done.
Final: Magnetisation = (0.810557,-0.441691), Energy = -1.943484 
<M> = (0.768001,-0.259548), <E> = -1.940765 

T=0.200000	 Thermalizing iterations... 
Done.
Thermalized Magnetisation = (0.675817,-0.604573), Energy = -1.966421 
Averaging iterations... h=0.062500,0.000000
Done.
Final: Magnetisation = (0.852828,-0.314810), Energy = -1.971947 
<M> = (0.723847,-0.513275), <E> = -1.967666 

T=0.150000	 Thermalizing iterations... 
Done.
Thermalized Magnetisation = (0.691066,-0.614047), Energy = -1.981389 
Averaging iterations... h=0.062500,0.000000
Done.
Final: Magnetisation = (0.887944,-0.047470), Energy = -1.991131 
<M> = (0.774538,-0.422401), <E> = -1.993379 

T=0.100000	 Thermalizing iterations... 
Done.
Thermalized Magnetisation = (0.680231,-0.658860), Energy = -2.021657 
Averaging iterations... h=0.062500,0.000000
Done.
Final: Magnetisation = (0.750348,-0.546275), Energy = -2.020291 
<M> = (0.723394,-0.592593), <E> = -2.020359 

T=0.050000	 Thermalizing iterations... 
Done.
Thermalized Magnetisation = (0.714718,-0.614462), Energy = -2.047564 
Averaging iterations... h=0.062500,0.000000
Done.
Final: Magnetisation = (0.749520,-0.571738), Energy = -2.043103 
<M> = (0.735541,-0.604117), <E> = -2.045677 
Final Magnetisation = (0.749520,-0.571738), Energy = -2.043103 
------------------------

Updating all (first)black/(then)white checkerboard sites simultaneously.. 

ztne RFXY h rotating with |h|=0.062500 at T=0.000000..
loop 1

loop 2

Cooling protocol time (from T=2.000000 to T=0.000000) = 199.803582 

CPU Time elapsed total = 199.814948 
All done - 200 seconds elapsed.
