nearest neighbor initialized. 
J loaded. 
h loaded. 
L = 32, dim_L = 2, dim_S = 2
hysteresis_MCS_multiplier = 10, hysteresis_MCS_max = 100
RAND_MAX = 2147483647.000000,
 sizeof(int) = 4,
 sizeof(long) = 8,
 sizeof(double) = 8,
 sizeof(long int) = 8,
 sizeof(short int) = 2,
 sizeof(unsigned int) = 4,
 sizeof(RAND_MAX) = 4

OpenMP Active.

No. of THREADS = 24
No. of PROCESSORS = 24

0.144494,0.080573
order = ({1.000000-->-1.000000,0.000000}, 0, 1)
Initial Magnetisation = (0.144494,0.080573), Energy = -0.023122 
Cooling... 
T=2.000000	 Thermalizing iterations... 
Done.
Thermalized Magnetisation = (0.054583,-0.249685), Energy = -0.521205 
Averaging iterations... h=0.062500,0.000000
Done.
Final: Magnetisation = (-0.141624,-0.175884), Energy = -0.787848 
<M> = (0.046561,0.001377), <E> = -0.744815 

T=1.950000	 Thermalizing iterations... 
Done.
Thermalized Magnetisation = (0.111604,-0.127941), Energy = -0.761811 
Averaging iterations... h=0.062500,0.000000
Done.
Final: Magnetisation = (0.072929,-0.285556), Energy = -0.888139 
<M> = (0.042140,0.002967), <E> = -0.766475 

T=1.900000	 Thermalizing iterations... 
Done.
Thermalized Magnetisation = (0.113959,-0.024051), Energy = -1.021072 
Averaging iterations... h=0.062500,0.000000
Done.
Final: Magnetisation = (0.307235,-0.088847), Energy = -0.782519 
<M> = (0.049121,0.007684), <E> = -0.784367 

T=1.850000	 Thermalizing iterations... 
Done.
Thermalized Magnetisation = (0.186084,0.101785), Energy = -0.768636 
Averaging iterations... h=0.062500,0.000000
Done.
Final: Magnetisation = (0.187135,0.005095), Energy = -0.615374 
<M> = (0.050468,0.003192), <E> = -0.803097 

T=1.800000	 Thermalizing iterations... 
Done.
Thermalized Magnetisation = (-0.048342,0.116898), Energy = -0.827643 
Averaging iterations... h=0.062500,0.000000
Done.
Final: Magnetisation = (0.092516,0.069994), Energy = -0.958565 
<M> = (0.055445,0.001078), <E> = -0.828196 

T=1.750000	 Thermalizing iterations... 
Done.
Thermalized Magnetisation = (0.043575,0.007533), Energy = -0.691506 
Averaging iterations... h=0.062500,0.000000
Done.
Final: Magnetisation = (0.094399,-0.166652), Energy = -0.895847 
<M> = (0.060522,0.004044), <E> = -0.845370 

T=1.700000	 Thermalizing iterations... 
Done.
Thermalized Magnetisation = (0.059264,0.256109), Energy = -0.929073 
Averaging iterations... h=0.062500,0.000000
Done.
Final: Magnetisation = (0.139241,0.253288), Energy = -0.920047 
<M> = (0.067768,0.001618), <E> = -0.874571 

T=1.650000	 Thermalizing iterations... 
Done.
Thermalized Magnetisation = (-0.222653,-0.091797), Energy = -0.878384 
Averaging iterations... h=0.062500,0.000000
Done.
Final: Magnetisation = (-0.063776,-0.174498), Energy = -0.828801 
<M> = (0.070319,-0.001418), <E> = -0.894540 

T=1.600000	 Thermalizing iterations... 
Done.
Thermalized Magnetisation = (-0.100371,-0.156541), Energy = -0.849374 
Averaging iterations... h=0.062500,0.000000
Done.
Final: Magnetisation = (-0.091470,-0.092756), Energy = -0.918901 
<M> = (0.082127,-0.000988), <E> = -0.923510 

T=1.550000	 Thermalizing iterations... 
Done.
Thermalized Magnetisation = (-0.010184,0.214991), Energy = -0.893619 
Averaging iterations... h=0.062500,0.000000
Done.
Final: Magnetisation = (0.111138,-0.033129), Energy = -1.031318 
<M> = (0.078147,-0.000620), <E> = -0.946625 

T=1.500000	 Thermalizing iterations... 
Done.
Thermalized Magnetisation = (-0.186740,0.047064), Energy = -0.903017 
Averaging iterations... h=0.062500,0.000000
Done.
Final: Magnetisation = (-0.058250,-0.137929), Energy = -0.948604 
<M> = (0.097928,0.006755), <E> = -0.975162 

T=1.450000	 Thermalizing iterations... 
Done.
Thermalized Magnetisation = (0.316212,0.237887), Energy = -1.110063 
Averaging iterations... h=0.062500,0.000000
Done.
Final: Magnetisation = (-0.033418,0.013528), Energy = -1.049544 
<M> = (0.106536,-0.001982), <E> = -1.007420 

T=1.400000	 Thermalizing iterations... 
Done.
Thermalized Magnetisation = (-0.127790,-0.251723), Energy = -0.916095 
Averaging iterations... h=0.062500,0.000000
Done.
Final: Magnetisation = (0.192913,-0.097760), Energy = -1.258506 
<M> = (0.115297,0.010210), <E> = -1.039880 

T=1.350000	 Thermalizing iterations... 
Done.
Thermalized Magnetisation = (0.017310,-0.009504), Energy = -1.117821 
Averaging iterations... h=0.062500,0.000000
Done.
Final: Magnetisation = (0.185420,-0.072468), Energy = -1.069068 
<M> = (0.123716,-0.007424), <E> = -1.077402 

T=1.300000	 Thermalizing iterations... 
Done.
Thermalized Magnetisation = (0.103095,0.181822), Energy = -1.170479 
Averaging iterations... h=0.062500,0.000000
Done.
Final: Magnetisation = (0.045510,0.136380), Energy = -1.125630 
<M> = (0.137302,0.007052), <E> = -1.115411 

T=1.250000	 Thermalizing iterations... 
Done.
Thermalized Magnetisation = (0.016935,-0.183393), Energy = -0.986685 
Averaging iterations... h=0.062500,0.000000
Done.
Final: Magnetisation = (0.128283,0.173293), Energy = -1.091705 
<M> = (0.169745,0.007954), <E> = -1.153905 

T=1.200000	 Thermalizing iterations... 
Done.
Thermalized Magnetisation = (-0.115184,0.106832), Energy = -1.180719 
Averaging iterations... h=0.062500,0.000000
Done.
Final: Magnetisation = (0.490851,0.157596), Energy = -1.301745 
<M> = (0.186472,0.001126), <E> = -1.198979 

T=1.150000	 Thermalizing iterations... 
Done.
Thermalized Magnetisation = (0.460223,-0.137616), Energy = -1.285418 
Averaging iterations... h=0.062500,0.000000
Done.
Final: Magnetisation = (0.168306,-0.213877), Energy = -1.105087 
<M> = (0.220340,-0.000377), <E> = -1.236547 

T=1.100000	 Thermalizing iterations... 
Done.
Thermalized Magnetisation = (0.332347,0.212680), Energy = -1.310206 
Averaging iterations... h=0.062500,0.000000
Done.
Final: Magnetisation = (0.187296,-0.383312), Energy = -1.257170 
<M> = (0.257798,0.014049), <E> = -1.287723 

T=1.050000	 Thermalizing iterations... 
Done.
Thermalized Magnetisation = (0.313542,-0.344428), Energy = -1.381742 
Averaging iterations... h=0.062500,0.000000
Done.
Final: Magnetisation = (0.373176,-0.363823), Energy = -1.299365 
<M> = (0.283790,0.011659), <E> = -1.331892 

T=1.000000	 Thermalizing iterations... 
Done.
Thermalized Magnetisation = (0.421719,-0.072612), Energy = -1.371212 
Averaging iterations... h=0.062500,0.000000
Done.
Final: Magnetisation = (0.174252,0.325405), Energy = -1.327444 
<M> = (0.310759,-0.006413), <E> = -1.374819 

T=0.950000	 Thermalizing iterations... 
Done.
Thermalized Magnetisation = (0.541541,0.012046), Energy = -1.523429 
Averaging iterations... h=0.062500,0.000000
Done.
Final: Magnetisation = (0.167113,-0.459558), Energy = -1.337947 
<M> = (0.355007,-0.021622), <E> = -1.431544 

T=0.900000	 Thermalizing iterations... 
Done.
Thermalized Magnetisation = (0.305533,0.276782), Energy = -1.514570 
Averaging iterations... h=0.062500,0.000000
Done.
Final: Magnetisation = (0.404900,0.442709), Energy = -1.399932 
<M> = (0.408021,0.035772), <E> = -1.481398 

T=0.850000	 Thermalizing iterations... 
Done.
Thermalized Magnetisation = (0.528203,0.070237), Energy = -1.427295 
Averaging iterations... h=0.062500,0.000000
Done.
Final: Magnetisation = (0.415574,-0.104319), Energy = -1.550435 
<M> = (0.462840,0.012013), <E> = -1.529412 

T=0.800000	 Thermalizing iterations... 
Done.
Thermalized Magnetisation = (0.445401,0.284285), Energy = -1.519577 
Averaging iterations... h=0.062500,0.000000
Done.
Final: Magnetisation = (0.476465,0.461042), Energy = -1.553881 
<M> = (0.514821,0.003829), <E> = -1.579009 

T=0.750000	 Thermalizing iterations... 
Done.
Thermalized Magnetisation = (0.514481,0.311301), Energy = -1.621118 
Averaging iterations... h=0.062500,0.000000
Done.
Final: Magnetisation = (0.523263,0.215566), Energy = -1.638761 
<M> = (0.538378,0.058012), <E> = -1.621885 

T=0.700000	 Thermalizing iterations... 
Done.
Thermalized Magnetisation = (0.575327,0.283714), Energy = -1.626547 
Averaging iterations... h=0.062500,0.000000
Done.
Final: Magnetisation = (0.566973,-0.338363), Energy = -1.660230 
<M> = (0.557328,-0.005448), <E> = -1.658140 

T=0.650000	 Thermalizing iterations... 
Done.
Thermalized Magnetisation = (0.515497,-0.414449), Energy = -1.659187 
Averaging iterations... h=0.062500,0.000000
Done.
Final: Magnetisation = (0.617729,0.280211), Energy = -1.696665 
<M> = (0.598415,-0.165639), <E> = -1.696420 

T=0.600000	 Thermalizing iterations... 
Done.
Thermalized Magnetisation = (0.653086,0.193696), Energy = -1.729776 
Averaging iterations... h=0.062500,0.000000
Done.
Final: Magnetisation = (0.520690,0.396365), Energy = -1.709467 
<M> = (0.594288,0.001481), <E> = -1.731586 

T=0.550000	 Thermalizing iterations... 
Done.
Thermalized Magnetisation = (0.777764,-0.050551), Energy = -1.734751 
Averaging iterations... h=0.062500,0.000000
Done.
Final: Magnetisation = (0.641878,0.059356), Energy = -1.735045 
<M> = (0.617365,-0.033849), <E> = -1.761801 

T=0.500000	 Thermalizing iterations... 
Done.
Thermalized Magnetisation = (0.492967,0.517781), Energy = -1.838526 
Averaging iterations... h=0.062500,0.000000
Done.
Final: Magnetisation = (0.715213,-0.126992), Energy = -1.735780 
<M> = (0.614419,-0.093149), <E> = -1.792763 

T=0.450000	 Thermalizing iterations... 
Done.
Thermalized Magnetisation = (0.583700,0.482668), Energy = -1.800468 
Averaging iterations... h=0.062500,0.000000
Done.
Final: Magnetisation = (0.819844,0.184856), Energy = -1.836405 
<M> = (0.620308,-0.278782), <E> = -1.821703 

T=0.400000	 Thermalizing iterations... 
Done.
Thermalized Magnetisation = (0.573180,0.550576), Energy = -1.844886 
Averaging iterations... h=0.062500,0.000000
Done.
Final: Magnetisation = (0.790618,0.027430), Energy = -1.855042 
<M> = (0.611271,-0.115861), <E> = -1.850846 

T=0.350000	 Thermalizing iterations... 
Done.
Thermalized Magnetisation = (0.538580,-0.706139), Energy = -1.898095 
Averaging iterations... h=0.062500,0.000000
Done.
Final: Magnetisation = (0.566647,-0.647436), Energy = -1.876680 
<M> = (0.582945,-0.578445), <E> = -1.881237 

T=0.300000	 Thermalizing iterations... 
Done.
Thermalized Magnetisation = (0.440036,0.698634), Energy = -1.897200 
Averaging iterations... h=0.062500,0.000000
Done.
Final: Magnetisation = (0.739917,0.423709), Energy = -1.900225 
<M> = (0.594888,0.576578), <E> = -1.907901 

T=0.250000	 Thermalizing iterations... 
Done.
Thermalized Magnetisation = (0.719455,0.483969), Energy = -1.935380 
Averaging iterations... h=0.062500,0.000000
Done.
Final: Magnetisation = (0.624738,0.616451), Energy = -1.928475 
<M> = (0.604253,0.611518), <E> = -1.935027 

T=0.200000	 Thermalizing iterations... 
Done.
Thermalized Magnetisation = (0.534316,0.734226), Energy = -1.970747 
Averaging iterations... h=0.062500,0.000000
Done.
Final: Magnetisation = (0.490427,0.778920), Energy = -1.966598 
<M> = (0.572098,0.668063), <E> = -1.962419 

T=0.150000	 Thermalizing iterations... 
Done.
Thermalized Magnetisation = (0.497013,0.777524), Energy = -1.985615 
Averaging iterations... h=0.062500,0.000000
Done.
Final: Magnetisation = (0.557857,0.656491), Energy = -2.004732 
<M> = (0.590441,0.669986), <E> = -1.988674 

T=0.100000	 Thermalizing iterations... 
Done.
Thermalized Magnetisation = (0.546279,0.719637), Energy = -2.018393 
Averaging iterations... h=0.062500,0.000000
Done.
Final: Magnetisation = (0.587857,0.673886), Energy = -2.018338 
<M> = (0.585254,0.699756), <E> = -2.014678 

T=0.050000	 Thermalizing iterations... 
Done.
Thermalized Magnetisation = (0.583603,0.727694), Energy = -2.040787 
Averaging iterations... h=0.062500,0.000000
Done.
Final: Magnetisation = (0.551992,0.746525), Energy = -2.040146 
<M> = (0.571209,0.732624), <E> = -2.040266 
Final Magnetisation = (0.551992,0.746525), Energy = -2.040146 
------------------------

Updating all (first)black/(then)white checkerboard sites simultaneously.. 

ztne RFXY h rotating with |h|=0.062500 at T=0.000000..
loop 1

loop 2

Cooling protocol time (from T=2.000000 to T=0.000000) = 202.370830 

CPU Time elapsed total = 202.391189 
All done - 203 seconds elapsed.
