+ cd /home/sbasak/Exercises/OpenMP/XY_code/Z2/rotating_field/trial/config/config_30
+ export OMP_NUM_THREADS=28
+ OMP_NUM_THREADS=28
+ ./a_16.out
nearest neighbor initialized. 
h loaded. 
J loaded. 
L = 128, dim_L = 2, dim_S = 2
hysteresis_MCS_multiplier = 10, hysteresis_MCS_max = 100
RAND_MAX = 2147483647.000000,
 sizeof(int) = 4,
 sizeof(long) = 8,
 sizeof(double) = 8,
 sizeof(long int) = 8,
 sizeof(short int) = 2,
 sizeof(unsigned int) = 4,
 sizeof(RAND_MAX) = 4
No. of THREADS = 28
No. of PROCESSORS = 28

0.061217,0.022475
order = ({1.000000-->-1.000000,0.000000}, 0, 1)
Initial Magnetisation = (0.061217,0.022475), Energy = 0.024343 
Cooling... 
T=2.000000	 Thermalizing iterations... 
Done.
Thermalized Magnetisation = (0.012196,-0.021758), Energy = -0.560333 
Averaging iterations... h=0.031250,0.000000
Done.
Final: Magnetisation = (0.031908,-0.042040), Energy = -0.580320 
<M> = (0.027910,-0.000240), <E> = -0.609540 

T=1.990000	 Thermalizing iterations... 
Done.
Thermalized Magnetisation = (-0.014777,0.031217), Energy = -0.635041 
Averaging iterations... h=0.031250,0.000000
Done.
Final: Magnetisation = (0.015236,0.006962), Energy = -0.652466 
<M> = (0.029807,-0.001630), <E> = -0.613935 

T=1.980000	 Thermalizing iterations... 
Done.
Thermalized Magnetisation = (0.017911,0.006625), Energy = -0.634079 
Averaging iterations... h=0.031250,0.000000
Done.
Final: Magnetisation = (0.052814,-0.008507), Energy = -0.621426 
<M> = (0.029228,-0.001221), <E> = -0.618107 

T=1.970000	 Thermalizing iterations... 
Done.
Thermalized Magnetisation = (0.004457,0.028278), Energy = -0.631291 
Averaging iterations... h=0.031250,0.000000
Done.
Final: Magnetisation = (-0.000267,-0.054168), Energy = -0.616125 
<M> = (0.029832,-0.002253), <E> = -0.621918 

T=1.960000	 Thermalizing iterations... 
Done.
Thermalized Magnetisation = (0.026099,-0.017512), Energy = -0.672223 
Averaging iterations... h=0.031250,0.000000
Done.
Final: Magnetisation = (0.019932,0.000426), Energy = -0.634203 
<M> = (0.031543,-0.000907), <E> = -0.625414 

T=1.950000	 Thermalizing iterations... 
Done.
Thermalized Magnetisation = (0.017982,0.014799), Energy = -0.639012 
Averaging iterations... h=0.031250,0.000000
Done.
Final: Magnetisation = (0.083031,-0.015585), Energy = -0.638706 
<M> = (0.032304,-0.000935), <E> = -0.628640 

T=1.940000	 Thermalizing iterations... 
Done.
Thermalized Magnetisation = (0.067809,-0.019664), Energy = -0.618134 
Averaging iterations... h=0.031250,0.000000
Done.
Final: Magnetisation = (0.067640,0.027767), Energy = -0.615421 
<M> = (0.031092,-0.000263), <E> = -0.632355 

T=1.930000	 Thermalizing iterations... 
Done.
Thermalized Magnetisation = (0.036345,-0.009693), Energy = -0.648416 
Averaging iterations... h=0.031250,0.000000
Done.
Final: Magnetisation = (-0.051034,0.016650), Energy = -0.621239 
<M> = (0.030717,0.000568), <E> = -0.635104 

T=1.920000	 Thermalizing iterations... 
Done.
Thermalized Magnetisation = (-0.008371,0.039168), Energy = -0.670426 
Averaging iterations... h=0.031250,0.000000
Done.
Final: Magnetisation = (0.033440,-0.012939), Energy = -0.661796 
<M> = (0.031628,-0.001529), <E> = -0.639645 

T=1.910000	 Thermalizing iterations... 
Done.
Thermalized Magnetisation = (-0.001750,0.012541), Energy = -0.655455 
Averaging iterations... h=0.031250,0.000000
Done.
Final: Magnetisation = (0.019310,-0.025203), Energy = -0.687490 
<M> = (0.032122,-0.000933), <E> = -0.644350 

T=1.900000	 Thermalizing iterations... 
Done.
Thermalized Magnetisation = (0.106536,0.082008), Energy = -0.650990 
Averaging iterations... h=0.031250,0.000000
Done.
Final: Magnetisation = (-0.012593,-0.023225), Energy = -0.634660 
<M> = (0.033472,-0.003043), <E> = -0.648377 

T=1.890000	 Thermalizing iterations... 
Done.
Thermalized Magnetisation = (-0.019483,0.023590), Energy = -0.669301 
Averaging iterations... h=0.031250,0.000000
Done.
Final: Magnetisation = (-0.009156,0.016391), Energy = -0.631236 
<M> = (0.033348,-0.002848), <E> = -0.652062 

T=1.880000	 Thermalizing iterations... 
Done.
Thermalized Magnetisation = (0.033177,-0.033661), Energy = -0.648226 
Averaging iterations... h=0.031250,0.000000
Done.
Final: Magnetisation = (-0.009633,0.006740), Energy = -0.666934 
<M> = (0.035306,-0.001522), <E> = -0.656576 

T=1.870000	 Thermalizing iterations... 
Done.
Thermalized Magnetisation = (0.005708,0.019982), Energy = -0.656566 
Averaging iterations... h=0.031250,0.000000
Done.
Final: Magnetisation = (0.050712,0.030781), Energy = -0.664796 
<M> = (0.035082,0.001917), <E> = -0.659836 

T=1.860000	 Thermalizing iterations... 
Done.
Thermalized Magnetisation = (0.001535,0.029782), Energy = -0.609734 
Averaging iterations... h=0.031250,0.000000
Done.
Final: Magnetisation = (0.072393,-0.033314), Energy = -0.659685 
<M> = (0.033789,-0.000768), <E> = -0.663979 

T=1.850000	 Thermalizing iterations... 
Done.
Thermalized Magnetisation = (0.021168,0.092793), Energy = -0.657015 
Averaging iterations... h=0.031250,0.000000
Done.
Final: Magnetisation = (0.085806,-0.011109), Energy = -0.697945 
<M> = (0.034957,-0.000421), <E> = -0.668167 

T=1.840000	 Thermalizing iterations... 
Done.
Thermalized Magnetisation = (0.027992,0.037047), Energy = -0.658083 
Averaging iterations... h=0.031250,0.000000
Done.
Final: Magnetisation = (0.058217,-0.005517), Energy = -0.695962 
<M> = (0.037366,-0.001489), <E> = -0.672855 

T=1.830000	 Thermalizing iterations... 
Done.
Thermalized Magnetisation = (0.094958,0.014326), Energy = -0.665342 
Averaging iterations... h=0.031250,0.000000
Done.
Final: Magnetisation = (0.022855,0.041476), Energy = -0.647665 
<M> = (0.036042,-0.002835), <E> = -0.677459 

T=1.820000	 Thermalizing iterations... 
Done.
Thermalized Magnetisation = (0.025556,0.046675), Energy = -0.691071 
Averaging iterations... h=0.031250,0.000000
Done.
Final: Magnetisation = (0.055230,-0.034201), Energy = -0.671005 
<M> = (0.037682,-0.001889), <E> = -0.682553 

T=1.810000	 Thermalizing iterations... 
Done.
Thermalized Magnetisation = (0.027797,0.015971), Energy = -0.672172 
Averaging iterations... h=0.031250,0.000000
Done.
Final: Magnetisation = (0.031730,0.036401), Energy = -0.647779 
<M> = (0.040313,-0.001463), <E> = -0.686640 

T=1.800000	 Thermalizing iterations... 
Done.
Thermalized Magnetisation = (-0.001328,-0.004078), Energy = -0.671010 
Averaging iterations... h=0.031250,0.000000
Done.
Final: Magnetisation = (0.051196,0.035383), Energy = -0.719109 
<M> = (0.039979,0.000359), <E> = -0.690435 

T=1.790000	 Thermalizing iterations... 
Done.
Thermalized Magnetisation = (0.055741,-0.045582), Energy = -0.693314 
Averaging iterations... h=0.031250,0.000000
Done.
Final: Magnetisation = (-0.011068,-0.070192), Energy = -0.687438 
<M> = (0.038671,-0.000192), <E> = -0.694928 

T=1.780000	 Thermalizing iterations... 
Done.
Thermalized Magnetisation = (0.040449,-0.023879), Energy = -0.708363 
Averaging iterations... h=0.031250,0.000000
Done.
Final: Magnetisation = (0.072613,0.006029), Energy = -0.708485 
<M> = (0.039782,0.000882), <E> = -0.699152 

T=1.770000	 Thermalizing iterations... 
Done.
Thermalized Magnetisation = (0.050975,0.033182), Energy = -0.723282 
Averaging iterations... h=0.031250,0.000000
Done.
Final: Magnetisation = (0.036505,0.086617), Energy = -0.708735 
<M> = (0.040983,-0.002934), <E> = -0.704635 

T=1.760000	 Thermalizing iterations... 
Done.
Thermalized Magnetisation = (0.034812,0.010550), Energy = -0.727727 
Averaging iterations... h=0.031250,0.000000
Done.
Final: Magnetisation = (0.101205,-0.028792), Energy = -0.719939 
<M> = (0.041442,-0.000441), <E> = -0.710153 

T=1.750000	 Thermalizing iterations... 
Done.
Thermalized Magnetisation = (0.009850,0.008476), Energy = -0.713113 
Averaging iterations... h=0.031250,0.000000
Done.
Final: Magnetisation = (0.091327,-0.022332), Energy = -0.686782 
<M> = (0.041080,-0.003018), <E> = -0.714616 

T=1.740000	 Thermalizing iterations... 
Done.
Thermalized Magnetisation = (0.063494,0.014710), Energy = -0.695214 
Averaging iterations... h=0.031250,0.000000
Done.
Final: Magnetisation = (0.042543,-0.018239), Energy = -0.712482 
<M> = (0.043439,-0.002007), <E> = -0.719299 

T=1.730000	 Thermalizing iterations... 
Done.
Thermalized Magnetisation = (0.067001,-0.052263), Energy = -0.736589 
Averaging iterations... h=0.031250,0.000000
Done.
Final: Magnetisation = (-0.033809,-0.065766), Energy = -0.729000 
<M> = (0.045648,-0.001084), <E> = -0.723934 

T=1.720000	 Thermalizing iterations... 
Done.
Thermalized Magnetisation = (0.026173,-0.061420), Energy = -0.737216 
Averaging iterations... h=0.031250,0.000000
Done.
Final: Magnetisation = (0.053543,0.028927), Energy = -0.749134 
<M> = (0.043843,0.001146), <E> = -0.728281 

T=1.710000	 Thermalizing iterations... 
Done.
Thermalized Magnetisation = (0.079634,-0.065587), Energy = -0.758973 
Averaging iterations... h=0.031250,0.000000
Done.
Final: Magnetisation = (0.056868,-0.042107), Energy = -0.730767 
<M> = (0.044800,-0.000230), <E> = -0.733510 

T=1.700000	 Thermalizing iterations... 
Done.
Thermalized Magnetisation = (0.070052,0.027222), Energy = -0.752163 
Averaging iterations... h=0.031250,0.000000
Done.
Final: Magnetisation = (0.051233,0.023647), Energy = -0.745351 
<M> = (0.046213,-0.000022), <E> = -0.739161 

T=1.690000	 Thermalizing iterations... 
Done.
Thermalized Magnetisation = (-0.018243,0.019325), Energy = -0.767528 
Averaging iterations... h=0.031250,0.000000
Done.
Final: Magnetisation = (0.056226,-0.084146), Energy = -0.751017 
<M> = (0.047006,-0.000684), <E> = -0.744433 

T=1.680000	 Thermalizing iterations... 
Done.
Thermalized Magnetisation = (0.005950,-0.028947), Energy = -0.739861 
Averaging iterations... h=0.031250,0.000000
Done.
Final: Magnetisation = (0.024622,-0.089917), Energy = -0.750355 
<M> = (0.047281,-0.003356), <E> = -0.750846 

T=1.670000	 Thermalizing iterations... 
Done.
Thermalized Magnetisation = (0.016260,-0.009252), Energy = -0.750473 
Averaging iterations... h=0.031250,0.000000
Done.
Final: Magnetisation = (0.054234,-0.089702), Energy = -0.789315 
<M> = (0.049122,-0.002187), <E> = -0.756054 

T=1.660000	 Thermalizing iterations... 
Done.
Thermalized Magnetisation = (-0.015144,-0.014226), Energy = -0.758314 
Averaging iterations... h=0.031250,0.000000
Done.
Final: Magnetisation = (0.073743,-0.044443), Energy = -0.766045 
<M> = (0.051049,-0.002162), <E> = -0.761608 

T=1.650000	 Thermalizing iterations... 
Done.
Thermalized Magnetisation = (0.057984,-0.031371), Energy = -0.756123 
Averaging iterations... h=0.031250,0.000000
Done.
Final: Magnetisation = (0.021794,0.051919), Energy = -0.757128 
<M> = (0.052009,0.001528), <E> = -0.766157 

T=1.640000	 Thermalizing iterations... 
Done.
Thermalized Magnetisation = (0.091656,0.081786), Energy = -0.790468 
Averaging iterations... h=0.031250,0.000000
Done.
Final: Magnetisation = (0.101148,-0.042114), Energy = -0.775494 
<M> = (0.051638,0.001354), <E> = -0.772072 

T=1.630000	 Thermalizing iterations... 
Done.
Thermalized Magnetisation = (0.052550,0.006601), Energy = -0.800275 
Averaging iterations... h=0.031250,0.000000
Done.
Final: Magnetisation = (0.063829,0.009065), Energy = -0.724321 
<M> = (0.052700,-0.000372), <E> = -0.777012 

T=1.620000	 Thermalizing iterations... 
Done.
Thermalized Magnetisation = (0.042632,-0.068345), Energy = -0.797648 
Averaging iterations... h=0.031250,0.000000
Done.
Final: Magnetisation = (0.115148,-0.019542), Energy = -0.797944 
<M> = (0.054539,-0.001622), <E> = -0.783644 

T=1.610000	 Thermalizing iterations... 
Done.
Thermalized Magnetisation = (0.092131,0.027956), Energy = -0.802555 
Averaging iterations... h=0.031250,0.000000
Done.
Final: Magnetisation = (0.040238,0.091319), Energy = -0.814217 
<M> = (0.055070,-0.003076), <E> = -0.789739 

T=1.600000	 Thermalizing iterations... 
Done.
Thermalized Magnetisation = (0.075601,-0.035276), Energy = -0.833987 
Averaging iterations... h=0.031250,0.000000
Done.
Final: Magnetisation = (0.016264,-0.014139), Energy = -0.755095 
<M> = (0.055083,-0.004352), <E> = -0.796862 

T=1.590000	 Thermalizing iterations... 
Done.
Thermalized Magnetisation = (0.018183,0.013973), Energy = -0.762615 
Averaging iterations... h=0.031250,0.000000
Done.
Final: Magnetisation = (-0.033653,0.031615), Energy = -0.786266 
<M> = (0.057732,-0.002723), <E> = -0.802696 

T=1.580000	 Thermalizing iterations... 
Done.
Thermalized Magnetisation = (0.046389,0.007528), Energy = -0.775740 
Averaging iterations... h=0.031250,0.000000
Done.
Final: Magnetisation = (0.051911,-0.062317), Energy = -0.865593 
<M> = (0.061057,-0.000292), <E> = -0.808749 

T=1.570000	 Thermalizing iterations... 
Done.
Thermalized Magnetisation = (0.071226,0.035932), Energy = -0.841205 
Averaging iterations... h=0.031250,0.000000
Done.
Final: Magnetisation = (0.064226,-0.004376), Energy = -0.807618 
<M> = (0.060899,-0.000449), <E> = -0.814253 

T=1.560000	 Thermalizing iterations... 
Done.
Thermalized Magnetisation = (0.129821,-0.057521), Energy = -0.859779 
Averaging iterations... h=0.031250,0.000000
Done.
Final: Magnetisation = (0.014018,-0.005242), Energy = -0.790569 
<M> = (0.060363,0.001386), <E> = -0.819796 

T=1.550000	 Thermalizing iterations... 
Done.
Thermalized Magnetisation = (0.000952,0.015090), Energy = -0.780443 
Averaging iterations... h=0.031250,0.000000
Done.
Final: Magnetisation = (0.048813,0.031800), Energy = -0.806071 
<M> = (0.062773,-0.001111), <E> = -0.827180 

T=1.540000	 Thermalizing iterations... 
Done.
Thermalized Magnetisation = (0.040093,0.093947), Energy = -0.817709 
Averaging iterations... h=0.031250,0.000000
Done.
Final: Magnetisation = (0.037361,-0.086225), Energy = -0.867823 
<M> = (0.064271,-0.001470), <E> = -0.833983 

T=1.530000	 Thermalizing iterations... 
Done.
Thermalized Magnetisation = (0.110977,0.001374), Energy = -0.891910 
Averaging iterations... h=0.031250,0.000000
Done.
Final: Magnetisation = (0.059200,0.033685), Energy = -0.845572 
<M> = (0.065001,-0.003785), <E> = -0.840919 

T=1.520000	 Thermalizing iterations... 
Done.
Thermalized Magnetisation = (0.109016,0.077349), Energy = -0.855528 
Averaging iterations... h=0.031250,0.000000
Done.
Final: Magnetisation = (0.037238,-0.043766), Energy = -0.854502 
<M> = (0.066308,-0.002341), <E> = -0.847919 

T=1.510000	 Thermalizing iterations... 
Done.
Thermalized Magnetisation = (0.076651,-0.017540), Energy = -0.890056 
Averaging iterations... h=0.031250,0.000000
Done.
Final: Magnetisation = (0.038550,0.010078), Energy = -0.837840 
<M> = (0.071568,-0.001157), <E> = -0.854966 

T=1.500000	 Thermalizing iterations... 
Done.
Thermalized Magnetisation = (0.121382,-0.097567), Energy = -0.872812 
Averaging iterations... h=0.031250,0.000000
Done.
Final: Magnetisation = (0.031784,-0.063263), Energy = -0.858795 
<M> = (0.071756,0.001763), <E> = -0.861251 

T=1.490000	 Thermalizing iterations... 
Done.
Thermalized Magnetisation = (0.099920,-0.017597), Energy = -0.845722 
Averaging iterations... h=0.031250,0.000000
Done.
Final: Magnetisation = (0.064824,0.091148), Energy = -0.865465 
<M> = (0.072233,0.002248), <E> = -0.868011 

T=1.480000	 Thermalizing iterations... 
Done.
Thermalized Magnetisation = (0.100397,-0.031282), Energy = -0.857153 
Averaging iterations... h=0.031250,0.000000
Done.
Final: Magnetisation = (0.082330,-0.051574), Energy = -0.873816 
<M> = (0.070375,0.002004), <E> = -0.875145 

T=1.470000	 Thermalizing iterations... 
Done.
Thermalized Magnetisation = (0.113418,0.005347), Energy = -0.902668 
Averaging iterations... h=0.031250,0.000000
Done.
Final: Magnetisation = (0.111398,-0.027143), Energy = -0.887055 
<M> = (0.076635,-0.001074), <E> = -0.883835 

T=1.460000	 Thermalizing iterations... 
Done.
Thermalized Magnetisation = (0.083332,0.058737), Energy = -0.885978 
Averaging iterations... h=0.031250,0.000000
Done.
Final: Magnetisation = (0.080772,0.011734), Energy = -0.873557 
<M> = (0.075276,-0.002538), <E> = -0.891486 

T=1.450000	 Thermalizing iterations... 
Done.
Thermalized Magnetisation = (0.102871,0.039161), Energy = -0.904868 
Averaging iterations... h=0.031250,0.000000
Done.
Final: Magnetisation = (0.042102,-0.025919), Energy = -0.901978 
<M> = (0.079631,-0.004874), <E> = -0.899391 

T=1.440000	 Thermalizing iterations... 
Done.
Thermalized Magnetisation = (0.127023,-0.057705), Energy = -0.920517 
Averaging iterations... h=0.031250,0.000000
Done.
Final: Magnetisation = (0.103053,-0.033457), Energy = -0.929668 
<M> = (0.081983,-0.004058), <E> = -0.907331 

T=1.430000	 Thermalizing iterations... 
Done.
Thermalized Magnetisation = (0.083533,-0.089534), Energy = -0.937434 
Averaging iterations... h=0.031250,0.000000
Done.
Final: Magnetisation = (0.038654,0.015627), Energy = -0.913804 
<M> = (0.085821,-0.000249), <E> = -0.913925 

T=1.420000	 Thermalizing iterations... 
Done.
Thermalized Magnetisation = (0.168913,0.034749), Energy = -0.940899 
Averaging iterations... h=0.031250,0.000000
Done.
Final: Magnetisation = (0.089815,-0.039942), Energy = -0.902758 
<M> = (0.085740,0.003268), <E> = -0.921556 

T=1.410000	 Thermalizing iterations... 
Done.
Thermalized Magnetisation = (0.093990,0.007531), Energy = -0.956598 
Averaging iterations... h=0.031250,0.000000
Done.
Final: Magnetisation = (0.060125,0.019074), Energy = -0.949598 
<M> = (0.085280,0.004057), <E> = -0.929104 

T=1.400000	 Thermalizing iterations... 
Done.
Thermalized Magnetisation = (0.111605,-0.014159), Energy = -0.894236 
Averaging iterations... h=0.031250,0.000000
Done.
Final: Magnetisation = (0.093982,0.111655), Energy = -0.897156 
<M> = (0.089754,-0.002295), <E> = -0.938327 

T=1.390000	 Thermalizing iterations... 
Done.
Thermalized Magnetisation = (0.050204,-0.055175), Energy = -0.944808 
Averaging iterations... h=0.031250,0.000000
Done.
Final: Magnetisation = (0.107393,-0.023399), Energy = -0.949477 
<M> = (0.090918,-0.004290), <E> = -0.947527 

T=1.380000	 Thermalizing iterations... 
Done.
Thermalized Magnetisation = (0.060937,-0.024413), Energy = -0.939859 
Averaging iterations... h=0.031250,0.000000
Done.
Final: Magnetisation = (0.095638,-0.067935), Energy = -0.917374 
<M> = (0.093268,-0.008706), <E> = -0.955875 

T=1.370000	 Thermalizing iterations... 
Done.
Thermalized Magnetisation = (0.032119,-0.059924), Energy = -0.943114 
Averaging iterations... h=0.031250,0.000000
Done.
Final: Magnetisation = (0.084060,-0.036113), Energy = -0.920415 
<M> = (0.094308,-0.005619), <E> = -0.964434 

T=1.360000	 Thermalizing iterations... 
Done.
Thermalized Magnetisation = (0.090493,-0.007163), Energy = -0.991359 
Averaging iterations... h=0.031250,0.000000
Done.
Final: Magnetisation = (0.177681,0.074604), Energy = -1.017068 
<M> = (0.101231,-0.004325), <E> = -0.973509 

T=1.350000	 Thermalizing iterations... 
Done.
Thermalized Magnetisation = (0.121376,0.091025), Energy = -0.982528 
Averaging iterations... h=0.031250,0.000000
Done.
Final: Magnetisation = (0.076568,0.081566), Energy = -0.959992 
<M> = (0.103543,0.002978), <E> = -0.981430 

T=1.340000	 Thermalizing iterations... 
Done.
Thermalized Magnetisation = (0.186266,0.040997), Energy = -1.065441 
Averaging iterations... h=0.031250,0.000000
Done.
Final: Magnetisation = (0.146954,0.000079), Energy = -1.007487 
<M> = (0.103431,0.000796), <E> = -0.990033 

T=1.330000	 Thermalizing iterations... 
Done.
Thermalized Magnetisation = (0.152178,0.007462), Energy = -1.010868 
Averaging iterations... h=0.031250,0.000000
Done.
Final: Magnetisation = (0.151051,-0.098396), Energy = -1.015587 
<M> = (0.106820,0.002489), <E> = -0.999560 

T=1.320000	 Thermalizing iterations... 
Done.
Thermalized Magnetisation = (0.133177,0.000482), Energy = -1.023714 
Averaging iterations... h=0.031250,0.000000
Done.
Final: Magnetisation = (0.086464,-0.030683), Energy = -0.989210 
<M> = (0.112788,-0.004649), <E> = -1.010139 

T=1.310000	 Thermalizing iterations... 
Done.
Thermalized Magnetisation = (0.173677,-0.021578), Energy = -1.058016 
Averaging iterations... h=0.031250,0.000000
Done.
Final: Magnetisation = (0.072510,0.046928), Energy = -1.052477 
<M> = (0.113952,-0.007751), <E> = -1.019869 

T=1.300000	 Thermalizing iterations... 
Done.
Thermalized Magnetisation = (0.114995,0.005662), Energy = -0.999554 
Averaging iterations... h=0.031250,0.000000
Done.
Final: Magnetisation = (0.158566,0.038670), Energy = -1.089569 
<M> = (0.116670,-0.008284), <E> = -1.029509 

T=1.290000	 Thermalizing iterations... 
Done.
Thermalized Magnetisation = (0.123736,-0.009287), Energy = -1.022769 
Averaging iterations... h=0.031250,0.000000
Done.
Final: Magnetisation = (0.163685,-0.028982), Energy = -1.023574 
<M> = (0.123995,-0.002336), <E> = -1.040205 

T=1.280000	 Thermalizing iterations... 
Done.
Thermalized Magnetisation = (0.094976,0.032402), Energy = -1.059192 
Averaging iterations... h=0.031250,0.000000
Done.
Final: Magnetisation = (0.146095,-0.026008), Energy = -1.062759 
<M> = (0.126022,0.001295), <E> = -1.047950 

T=1.270000	 Thermalizing iterations... 
Done.
Thermalized Magnetisation = (0.108459,0.023767), Energy = -1.060004 
Averaging iterations... h=0.031250,0.000000
Done.
Final: Magnetisation = (0.079185,-0.028420), Energy = -1.060883 
<M> = (0.127413,0.000498), <E> = -1.057316 

T=1.260000	 Thermalizing iterations... 
Done.
Thermalized Magnetisation = (0.063426,0.021870), Energy = -1.045992 
Averaging iterations... h=0.031250,0.000000
Done.
Final: Magnetisation = (0.112364,-0.074156), Energy = -1.074237 
<M> = (0.129137,0.004152), <E> = -1.068459 

T=1.250000	 Thermalizing iterations... 
Done.
Thermalized Magnetisation = (0.146751,-0.080714), Energy = -1.131793 
Averaging iterations... h=0.031250,0.000000
Done.
Final: Magnetisation = (0.086613,0.093402), Energy = -1.066003 
<M> = (0.135601,-0.002838), <E> = -1.078989 

T=1.240000	 Thermalizing iterations... 
Done.
Thermalized Magnetisation = (0.176531,-0.044977), Energy = -1.103926 
Averaging iterations... h=0.031250,0.000000
Done.
Final: Magnetisation = (0.063562,-0.051121), Energy = -1.066335 
<M> = (0.137107,-0.003698), <E> = -1.089955 

T=1.230000	 Thermalizing iterations... 
Done.
Thermalized Magnetisation = (0.180575,0.104336), Energy = -1.106434 
Averaging iterations... h=0.031250,0.000000
Done.
Final: Magnetisation = (0.107021,-0.121382), Energy = -1.055008 
<M> = (0.140517,-0.014745), <E> = -1.101744 

T=1.220000	 Thermalizing iterations... 
Done.
Thermalized Magnetisation = (0.155550,-0.059064), Energy = -1.107899 
Averaging iterations... h=0.031250,0.000000
Done.
Final: Magnetisation = (0.155802,-0.001325), Energy = -1.124037 
<M> = (0.145866,-0.010282), <E> = -1.111450 

T=1.210000	 Thermalizing iterations... 
Done.
Thermalized Magnetisation = (0.135817,0.061517), Energy = -1.058974 
Averaging iterations... h=0.031250,0.000000
Done.
Final: Magnetisation = (0.113081,-0.039149), Energy = -1.138626 
<M> = (0.153371,-0.011574), <E> = -1.122813 

T=1.200000	 Thermalizing iterations... 
Done.
Thermalized Magnetisation = (0.261619,-0.081763), Energy = -1.123332 
Averaging iterations... h=0.031250,0.000000
Done.
Final: Magnetisation = (0.184347,0.038522), Energy = -1.155205 
<M> = (0.156524,-0.000090), <E> = -1.132524 

T=1.190000	 Thermalizing iterations... 
Done.
Thermalized Magnetisation = (0.177372,-0.004273), Energy = -1.120195 
Averaging iterations... h=0.031250,0.000000
Done.
Final: Magnetisation = (0.174923,-0.136363), Energy = -1.162609 
<M> = (0.160607,0.006410), <E> = -1.143112 

T=1.180000	 Thermalizing iterations... 
Done.
Thermalized Magnetisation = (0.152840,-0.085048), Energy = -1.173856 
Averaging iterations... h=0.031250,0.000000
Done.
Final: Magnetisation = (0.175607,0.011910), Energy = -1.126943 
<M> = (0.162822,-0.000557), <E> = -1.155439 

T=1.170000	 Thermalizing iterations... 
Done.
Thermalized Magnetisation = (0.109770,0.064912), Energy = -1.190825 
Averaging iterations... h=0.031250,0.000000
Done.
Final: Magnetisation = (0.150135,0.170868), Energy = -1.161510 
<M> = (0.167662,0.001006), <E> = -1.167084 

T=1.160000	 Thermalizing iterations... 
Done.
Thermalized Magnetisation = (0.205855,-0.167969), Energy = -1.188979 
Averaging iterations... h=0.031250,0.000000
Done.
Final: Magnetisation = (0.156861,-0.079184), Energy = -1.155083 
<M> = (0.175864,-0.014140), <E> = -1.180406 

T=1.150000	 Thermalizing iterations... 
Done.
Thermalized Magnetisation = (0.193254,-0.094874), Energy = -1.233230 
Averaging iterations... h=0.031250,0.000000
Done.
Final: Magnetisation = (0.153527,0.022551), Energy = -1.187532 
<M> = (0.176423,-0.013549), <E> = -1.190866 

T=1.140000	 Thermalizing iterations... 
Done.
Thermalized Magnetisation = (0.120461,-0.139858), Energy = -1.193834 
Averaging iterations... h=0.031250,0.000000
Done.
Final: Magnetisation = (0.239007,-0.021547), Energy = -1.200935 
<M> = (0.183362,-0.010287), <E> = -1.202556 

T=1.130000	 Thermalizing iterations... 
Done.
Thermalized Magnetisation = (0.143478,0.116334), Energy = -1.182363 
Averaging iterations... h=0.031250,0.000000
Done.
Final: Magnetisation = (0.195219,0.141973), Energy = -1.211084 
<M> = (0.192945,-0.001424), <E> = -1.214029 

T=1.120000	 Thermalizing iterations... 
Done.
Thermalized Magnetisation = (0.195412,0.073904), Energy = -1.224461 
Averaging iterations... h=0.031250,0.000000
Done.
Final: Magnetisation = (0.167759,-0.138314), Energy = -1.224756 
<M> = (0.196196,-0.003702), <E> = -1.225312 

T=1.110000	 Thermalizing iterations... 
Done.
Thermalized Magnetisation = (0.252049,-0.054169), Energy = -1.234343 
Averaging iterations... h=0.031250,0.000000
Done.
Final: Magnetisation = (0.174093,-0.051321), Energy = -1.231419 
<M> = (0.199823,0.010154), <E> = -1.235664 

T=1.100000	 Thermalizing iterations... 
Done.
Thermalized Magnetisation = (0.198703,-0.112810), Energy = -1.256639 
Averaging iterations... h=0.031250,0.000000
Done.
Final: Magnetisation = (0.223973,-0.031046), Energy = -1.252861 
<M> = (0.203697,-0.004214), <E> = -1.249516 

T=1.090000	 Thermalizing iterations... 
Done.
Thermalized Magnetisation = (0.210726,0.000548), Energy = -1.264989 
Averaging iterations... h=0.031250,0.000000
Done.
Final: Magnetisation = (0.170949,0.045515), Energy = -1.277164 
<M> = (0.210425,-0.031139), <E> = -1.262553 

T=1.080000	 Thermalizing iterations... 
Done.
Thermalized Magnetisation = (0.228280,-0.017805), Energy = -1.273083 
Averaging iterations... h=0.031250,0.000000
Done.
Final: Magnetisation = (0.224806,0.017019), Energy = -1.263159 
<M> = (0.213934,-0.040072), <E> = -1.274190 

T=1.070000	 Thermalizing iterations... 
Done.
Thermalized Magnetisation = (0.231464,0.075194), Energy = -1.291307 
Averaging iterations... h=0.031250,0.000000
Done.
Final: Magnetisation = (0.196333,0.060484), Energy = -1.265981 
<M> = (0.218138,-0.020331), <E> = -1.286846 

T=1.060000	 Thermalizing iterations... 
Done.
Thermalized Magnetisation = (0.196927,0.127584), Energy = -1.298925 
Averaging iterations... h=0.031250,0.000000
Done.
Final: Magnetisation = (0.237784,-0.149393), Energy = -1.324042 
<M> = (0.231072,-0.013313), <E> = -1.298751 

T=1.050000	 Thermalizing iterations... 
Done.
Thermalized Magnetisation = (0.235654,-0.124568), Energy = -1.320301 
Averaging iterations... h=0.031250,0.000000
Done.
Final: Magnetisation = (0.222829,-0.020274), Energy = -1.282606 
<M> = (0.230883,-0.045089), <E> = -1.309474 

T=1.040000	 Thermalizing iterations... 
Done.
Thermalized Magnetisation = (0.198459,0.066762), Energy = -1.295284 
Averaging iterations... h=0.031250,0.000000
Done.
Final: Magnetisation = (0.182131,0.041880), Energy = -1.319257 
<M> = (0.225606,-0.005979), <E> = -1.320475 

T=1.030000	 Thermalizing iterations... 
Done.
Thermalized Magnetisation = (0.225386,-0.151231), Energy = -1.298413 
Averaging iterations... h=0.031250,0.000000
Done.
Final: Magnetisation = (0.253885,0.073190), Energy = -1.349853 
<M> = (0.245216,0.027831), <E> = -1.335256 

T=1.020000	 Thermalizing iterations... 
Done.
Thermalized Magnetisation = (0.251580,0.069773), Energy = -1.346381 
Averaging iterations... h=0.031250,0.000000
Done.
Final: Magnetisation = (0.206330,0.150083), Energy = -1.359676 
<M> = (0.241258,-0.037591), <E> = -1.346446 

T=1.010000	 Thermalizing iterations... 
Done.
Thermalized Magnetisation = (0.197104,-0.051953), Energy = -1.344452 
Averaging iterations... h=0.031250,0.000000
Done.
Final: Magnetisation = (0.258057,-0.147864), Energy = -1.364230 
<M> = (0.248012,-0.116148), <E> = -1.361675 

T=1.000000	 Thermalizing iterations... 
Done.
Thermalized Magnetisation = (0.252238,-0.069394), Energy = -1.386698 
Averaging iterations... h=0.031250,0.000000
Done.
Final: Magnetisation = (0.369532,-0.108025), Energy = -1.397869 
<M> = (0.246136,-0.086509), <E> = -1.373434 

T=0.990000	 Thermalizing iterations... 
Done.
Thermalized Magnetisation = (0.216435,-0.105187), Energy = -1.397631 
Averaging iterations... h=0.031250,0.000000
Done.
Final: Magnetisation = (0.278758,-0.215922), Energy = -1.401553 
<M> = (0.268339,-0.071332), <E> = -1.386006 

T=0.980000	 Thermalizing iterations... 
Done.
Thermalized Magnetisation = (0.273686,0.085940), Energy = -1.377147 
Averaging iterations... h=0.031250,0.000000
Done.
Final: Magnetisation = (0.333628,-0.216307), Energy = -1.411035 
<M> = (0.272578,-0.130896), <E> = -1.395419 

T=0.970000	 Thermalizing iterations... 
Done.
Thermalized Magnetisation = (0.269339,-0.190921), Energy = -1.375172 
Averaging iterations... h=0.031250,0.000000
Done.
Final: Magnetisation = (0.249772,-0.024288), Energy = -1.399141 
<M> = (0.276569,-0.023691), <E> = -1.407766 

T=0.960000	 Thermalizing iterations... 
Done.
Thermalized Magnetisation = (0.280651,-0.143263), Energy = -1.431476 
Averaging iterations... h=0.031250,0.000000
Done.
Final: Magnetisation = (0.306552,-0.208441), Energy = -1.411100 
<M> = (0.263113,-0.215387), <E> = -1.419773 

T=0.950000	 Thermalizing iterations... 
Done.
Thermalized Magnetisation = (0.239585,-0.316011), Energy = -1.424830 
Averaging iterations... h=0.031250,0.000000
Done.
Final: Magnetisation = (0.251196,-0.227318), Energy = -1.413970 
<M> = (0.273513,-0.205405), <E> = -1.431807 

T=0.940000	 Thermalizing iterations... 
Done.
Thermalized Magnetisation = (0.332048,-0.173093), Energy = -1.453973 
Averaging iterations... h=0.031250,0.000000
Done.
Final: Magnetisation = (0.200624,-0.123771), Energy = -1.410138 
<M> = (0.267432,-0.327227), <E> = -1.448656 

T=0.930000	 Thermalizing iterations... 
Done.
Thermalized Magnetisation = (0.352732,-0.195940), Energy = -1.426388 
Averaging iterations... h=0.031250,0.000000
Done.
Final: Magnetisation = (0.331224,-0.292722), Energy = -1.449743 
<M> = (0.264405,-0.358966), <E> = -1.459975 

T=0.920000	 Thermalizing iterations... 
Done.
Thermalized Magnetisation = (0.304542,-0.374359), Energy = -1.488687 
Averaging iterations... h=0.031250,0.000000
Done.
Final: Magnetisation = (0.250776,-0.373536), Energy = -1.463821 
<M> = (0.274996,-0.420741), <E> = -1.473492 

T=0.910000	 Thermalizing iterations... 
Done.
Thermalized Magnetisation = (0.256330,-0.453630), Energy = -1.482032 
Averaging iterations... h=0.031250,0.000000
Done.
Final: Magnetisation = (0.228649,-0.473345), Energy = -1.476870 
<M> = (0.278775,-0.427774), <E> = -1.482469 

T=0.900000	 Thermalizing iterations... 
Done.
Thermalized Magnetisation = (0.279663,-0.314664), Energy = -1.482963 
Averaging iterations... h=0.031250,0.000000
Done.
Final: Magnetisation = (0.342851,-0.424462), Energy = -1.492340 
<M> = (0.287247,-0.328448), <E> = -1.490547 

T=0.890000	 Thermalizing iterations... 
Done.
Thermalized Magnetisation = (0.258593,-0.384541), Energy = -1.499218 
Averaging iterations... h=0.031250,0.000000
Done.
Final: Magnetisation = (0.315113,-0.332736), Energy = -1.481256 
<M> = (0.281538,-0.226391), <E> = -1.497283 

T=0.880000	 Thermalizing iterations... 
Done.
Thermalized Magnetisation = (0.249650,-0.352498), Energy = -1.514007 
Averaging iterations... h=0.031250,0.000000
Done.
Final: Magnetisation = (0.318533,-0.449022), Energy = -1.527474 
<M> = (0.280774,-0.402687), <E> = -1.510943 

T=0.870000	 Thermalizing iterations... 
Done.
Thermalized Magnetisation = (0.300808,-0.519553), Energy = -1.541468 
Averaging iterations... h=0.031250,0.000000
Done.
Final: Magnetisation = (0.283267,-0.492809), Energy = -1.534364 
<M> = (0.272841,-0.491425), <E> = -1.524702 

T=0.860000	 Thermalizing iterations... 
Done.
Thermalized Magnetisation = (0.295620,-0.457925), Energy = -1.547324 
Averaging iterations... h=0.031250,0.000000
Done.
Final: Magnetisation = (0.291552,-0.477718), Energy = -1.525524 
<M> = (0.265576,-0.512222), <E> = -1.535182 

T=0.850000	 Thermalizing iterations... 
Done.
Thermalized Magnetisation = (0.214231,-0.544500), Energy = -1.539575 
Averaging iterations... h=0.031250,0.000000
Done.
Final: Magnetisation = (0.226638,-0.529355), Energy = -1.537351 
<M> = (0.271045,-0.531896), <E> = -1.544861 

T=0.840000	 Thermalizing iterations... 
Done.
Thermalized Magnetisation = (0.229658,-0.610135), Energy = -1.568263 
Averaging iterations... h=0.031250,0.000000
Done.
Final: Magnetisation = (0.277973,-0.565013), Energy = -1.567406 
<M> = (0.280078,-0.517568), <E> = -1.552846 

T=0.830000	 Thermalizing iterations... 
Done.
Thermalized Magnetisation = (0.332141,-0.444201), Energy = -1.565838 
Averaging iterations... h=0.031250,0.000000
Done.
Final: Magnetisation = (0.365558,-0.520665), Energy = -1.565781 
<M> = (0.282474,-0.524676), <E> = -1.561654 

T=0.820000	 Thermalizing iterations... 
Done.
Thermalized Magnetisation = (0.244256,-0.531072), Energy = -1.563391 
Averaging iterations... h=0.031250,0.000000
Done.
Final: Magnetisation = (0.297929,-0.517199), Energy = -1.559977 
<M> = (0.286703,-0.485068), <E> = -1.568221 

T=0.810000	 Thermalizing iterations... 
Done.
Thermalized Magnetisation = (0.271087,-0.583283), Energy = -1.557728 
Averaging iterations... h=0.031250,0.000000
Done.
Final: Magnetisation = (0.269385,-0.480372), Energy = -1.550658 
<M> = (0.275238,-0.556033), <E> = -1.579189 

T=0.800000	 Thermalizing iterations... 
Done.
Thermalized Magnetisation = (0.253505,-0.575005), Energy = -1.592118 
Averaging iterations... h=0.031250,0.000000
Done.
Final: Magnetisation = (0.235583,-0.583029), Energy = -1.570476 
<M> = (0.283849,-0.552210), <E> = -1.587286 

T=0.790000	 Thermalizing iterations... 
Done.
Thermalized Magnetisation = (0.182569,-0.621382), Energy = -1.587362 
Averaging iterations... h=0.031250,0.000000
Done.
Final: Magnetisation = (0.315160,-0.562147), Energy = -1.616494 
<M> = (0.272742,-0.571122), <E> = -1.596842 

T=0.780000	 Thermalizing iterations... 
Done.
Thermalized Magnetisation = (0.284698,-0.544988), Energy = -1.591100 
Averaging iterations... h=0.031250,0.000000
Done.
Final: Magnetisation = (0.289730,-0.572164), Energy = -1.592955 
<M> = (0.274094,-0.568355), <E> = -1.604122 

T=0.770000	 Thermalizing iterations... 
Done.
Thermalized Magnetisation = (0.356323,-0.517384), Energy = -1.603598 
Averaging iterations... h=0.031250,0.000000
Done.
Final: Magnetisation = (0.252043,-0.601974), Energy = -1.600805 
<M> = (0.283879,-0.577135), <E> = -1.612015 

T=0.760000	 Thermalizing iterations... 
Done.
Thermalized Magnetisation = (0.272555,-0.580251), Energy = -1.591593 
Averaging iterations... h=0.031250,0.000000
Done.
Final: Magnetisation = (0.336772,-0.600713), Energy = -1.631304 
<M> = (0.285933,-0.572559), <E> = -1.619345 

T=0.750000	 Thermalizing iterations... 
Done.
Thermalized Magnetisation = (0.313915,-0.580886), Energy = -1.621958 
Averaging iterations... h=0.031250,0.000000
Done.
Final: Magnetisation = (0.258966,-0.622415), Energy = -1.626115 
<M> = (0.285636,-0.578748), <E> = -1.626411 

T=0.740000	 Thermalizing iterations... 
Done.
Thermalized Magnetisation = (0.255330,-0.633583), Energy = -1.648562 
Averaging iterations... h=0.031250,0.000000
Done.
Final: Magnetisation = (0.255865,-0.617393), Energy = -1.633901 
<M> = (0.285116,-0.584308), <E> = -1.633674 

T=0.730000	 Thermalizing iterations... 
Done.
Thermalized Magnetisation = (0.311168,-0.599939), Energy = -1.644763 
Averaging iterations... h=0.031250,0.000000
Done.
Final: Magnetisation = (0.270370,-0.601944), Energy = -1.639926 
<M> = (0.285528,-0.592386), <E> = -1.642124 

T=0.720000	 Thermalizing iterations... 
Done.
Thermalized Magnetisation = (0.275583,-0.592867), Energy = -1.631035 
Averaging iterations... h=0.031250,0.000000
Done.
Final: Magnetisation = (0.260000,-0.632363), Energy = -1.651472 
<M> = (0.276289,-0.607583), <E> = -1.649759 

T=0.710000	 Thermalizing iterations... 
Done.
Thermalized Magnetisation = (0.294566,-0.600817), Energy = -1.659452 
Averaging iterations... h=0.031250,0.000000
Done.
Final: Magnetisation = (0.250543,-0.607293), Energy = -1.663516 
<M> = (0.274614,-0.614071), <E> = -1.657086 

T=0.700000	 Thermalizing iterations... 
Done.
Thermalized Magnetisation = (0.244856,-0.643038), Energy = -1.664345 
Averaging iterations... h=0.031250,0.000000
Done.
Final: Magnetisation = (0.236449,-0.637731), Energy = -1.662348 
<M> = (0.269876,-0.617074), <E> = -1.664414 

T=0.690000	 Thermalizing iterations... 
Done.
Thermalized Magnetisation = (0.309110,-0.601666), Energy = -1.674394 
Averaging iterations... h=0.031250,0.000000
Done.
Final: Magnetisation = (0.185605,-0.692882), Energy = -1.668699 
<M> = (0.276944,-0.623226), <E> = -1.671115 

T=0.680000	 Thermalizing iterations... 
Done.
Thermalized Magnetisation = (0.197735,-0.628446), Energy = -1.671656 
Averaging iterations... h=0.031250,0.000000
Done.
Final: Magnetisation = (0.252615,-0.635783), Energy = -1.683038 
<M> = (0.282619,-0.622085), <E> = -1.677476 

T=0.670000	 Thermalizing iterations... 
Done.
Thermalized Magnetisation = (0.240741,-0.651476), Energy = -1.674664 
Averaging iterations... h=0.031250,0.000000
Done.
Final: Magnetisation = (0.341037,-0.599116), Energy = -1.687624 
<M> = (0.279541,-0.627093), <E> = -1.684749 

T=0.660000	 Thermalizing iterations... 
Done.
Thermalized Magnetisation = (0.279238,-0.602661), Energy = -1.686903 
Averaging iterations... h=0.031250,0.000000
Done.
Final: Magnetisation = (0.284508,-0.621437), Energy = -1.703579 
<M> = (0.280368,-0.634754), <E> = -1.691810 

T=0.650000	 Thermalizing iterations... 
Done.
Thermalized Magnetisation = (0.240168,-0.639077), Energy = -1.690190 
Averaging iterations... h=0.031250,0.000000
Done.
Final: Magnetisation = (0.220335,-0.673424), Energy = -1.692793 
<M> = (0.278540,-0.629043), <E> = -1.698122 

T=0.640000	 Thermalizing iterations... 
Done.
Thermalized Magnetisation = (0.233736,-0.691596), Energy = -1.712798 
Averaging iterations... h=0.031250,0.000000
Done.
Final: Magnetisation = (0.318417,-0.638960), Energy = -1.706740 
<M> = (0.273545,-0.648832), <E> = -1.705856 

T=0.630000	 Thermalizing iterations... 
Done.
Thermalized Magnetisation = (0.280330,-0.655054), Energy = -1.721070 
Averaging iterations... h=0.031250,0.000000
Done.
Final: Magnetisation = (0.221909,-0.665378), Energy = -1.711324 
<M> = (0.265504,-0.656060), <E> = -1.712343 

T=0.620000	 Thermalizing iterations... 
Done.
Thermalized Magnetisation = (0.255913,-0.679368), Energy = -1.719800 
Averaging iterations... h=0.031250,0.000000
Done.
Final: Magnetisation = (0.328056,-0.644442), Energy = -1.730731 
<M> = (0.279829,-0.650508), <E> = -1.718585 

T=0.610000	 Thermalizing iterations... 
Done.
Thermalized Magnetisation = (0.273113,-0.667993), Energy = -1.726702 
Averaging iterations... h=0.031250,0.000000
Done.
Final: Magnetisation = (0.272786,-0.642802), Energy = -1.727269 
<M> = (0.285795,-0.649652), <E> = -1.724907 

T=0.600000	 Thermalizing iterations... 
Done.
Thermalized Magnetisation = (0.281163,-0.674515), Energy = -1.737148 
Averaging iterations... h=0.031250,0.000000
Done.
Final: Magnetisation = (0.286583,-0.663107), Energy = -1.727510 
<M> = (0.284303,-0.654005), <E> = -1.731119 

T=0.590000	 Thermalizing iterations... 
Done.
Thermalized Magnetisation = (0.267538,-0.636584), Energy = -1.735999 
Averaging iterations... h=0.031250,0.000000
Done.
Final: Magnetisation = (0.298517,-0.682793), Energy = -1.746001 
<M> = (0.287966,-0.656762), <E> = -1.737396 

T=0.580000	 Thermalizing iterations... 
Done.
Thermalized Magnetisation = (0.346078,-0.652858), Energy = -1.756757 
Averaging iterations... h=0.031250,0.000000
Done.
Final: Magnetisation = (0.256651,-0.670530), Energy = -1.748842 
<M> = (0.275948,-0.666820), <E> = -1.744254 

T=0.570000	 Thermalizing iterations... 
Done.
Thermalized Magnetisation = (0.270107,-0.686811), Energy = -1.751236 
Averaging iterations... h=0.031250,0.000000
Done.
Final: Magnetisation = (0.325865,-0.643901), Energy = -1.750720 
<M> = (0.273808,-0.674472), <E> = -1.750849 

T=0.560000	 Thermalizing iterations... 
Done.
Thermalized Magnetisation = (0.256909,-0.692432), Energy = -1.757483 
Averaging iterations... h=0.031250,0.000000
Done.
Final: Magnetisation = (0.340464,-0.635628), Energy = -1.758779 
<M> = (0.267637,-0.681886), <E> = -1.757332 

T=0.550000	 Thermalizing iterations... 
Done.
Thermalized Magnetisation = (0.296035,-0.668051), Energy = -1.767167 
Averaging iterations... h=0.031250,0.000000
Done.
Final: Magnetisation = (0.265692,-0.679206), Energy = -1.759085 
<M> = (0.274540,-0.686948), <E> = -1.763244 

T=0.540000	 Thermalizing iterations... 
Done.
Thermalized Magnetisation = (0.281107,-0.659729), Energy = -1.761057 
Averaging iterations... h=0.031250,0.000000
Done.
Final: Magnetisation = (0.279339,-0.705785), Energy = -1.766681 
<M> = (0.281995,-0.680847), <E> = -1.769079 

T=0.530000	 Thermalizing iterations... 
Done.
Thermalized Magnetisation = (0.303376,-0.696755), Energy = -1.778006 
Averaging iterations... h=0.031250,0.000000
Done.
Final: Magnetisation = (0.285768,-0.699552), Energy = -1.784804 
<M> = (0.284770,-0.677000), <E> = -1.774868 

T=0.520000	 Thermalizing iterations... 
Done.
Thermalized Magnetisation = (0.281846,-0.659562), Energy = -1.774463 
Averaging iterations... h=0.031250,0.000000
Done.
Final: Magnetisation = (0.304024,-0.668944), Energy = -1.773236 
<M> = (0.286834,-0.684987), <E> = -1.780834 

T=0.510000	 Thermalizing iterations... 
Done.
Thermalized Magnetisation = (0.263701,-0.705983), Energy = -1.788303 
Averaging iterations... h=0.031250,0.000000
Done.
Final: Magnetisation = (0.312566,-0.695296), Energy = -1.789240 
<M> = (0.282509,-0.693106), <E> = -1.787362 

T=0.500000	 Thermalizing iterations... 
Done.
Thermalized Magnetisation = (0.254708,-0.702295), Energy = -1.794394 
Averaging iterations... h=0.031250,0.000000
Done.
Final: Magnetisation = (0.278477,-0.712766), Energy = -1.802103 
<M> = (0.274997,-0.700539), <E> = -1.793656 

T=0.490000	 Thermalizing iterations... 
Done.
Thermalized Magnetisation = (0.247772,-0.716699), Energy = -1.804886 
Averaging iterations... h=0.031250,0.000000
Done.
Final: Magnetisation = (0.272594,-0.717999), Energy = -1.799805 
<M> = (0.265329,-0.709390), <E> = -1.800094 

T=0.480000	 Thermalizing iterations... 
Done.
Thermalized Magnetisation = (0.327162,-0.700794), Energy = -1.811400 
Averaging iterations... h=0.031250,0.000000
Done.
Final: Magnetisation = (0.245007,-0.689561), Energy = -1.790464 
<M> = (0.272405,-0.712934), <E> = -1.805857 

T=0.470000	 Thermalizing iterations... 
Done.
Thermalized Magnetisation = (0.319915,-0.715277), Energy = -1.816117 
Averaging iterations... h=0.031250,0.000000
Done.
Final: Magnetisation = (0.263810,-0.705619), Energy = -1.820545 
<M> = (0.280661,-0.706300), <E> = -1.811520 

T=0.460000	 Thermalizing iterations... 
Done.
Thermalized Magnetisation = (0.323581,-0.694194), Energy = -1.809958 
Averaging iterations... h=0.031250,0.000000
Done.
Final: Magnetisation = (0.284028,-0.704324), Energy = -1.807940 
<M> = (0.286327,-0.703320), <E> = -1.816781 

T=0.450000	 Thermalizing iterations... 
Done.
Thermalized Magnetisation = (0.321802,-0.692413), Energy = -1.828982 
Averaging iterations... h=0.031250,0.000000
Done.
Final: Magnetisation = (0.318428,-0.697178), Energy = -1.817195 
<M> = (0.289240,-0.706649), <E> = -1.822813 

T=0.440000	 Thermalizing iterations... 
Done.
Thermalized Magnetisation = (0.265752,-0.730272), Energy = -1.823983 
Averaging iterations... h=0.031250,0.000000
Done.
Final: Magnetisation = (0.314774,-0.697429), Energy = -1.833560 
<M> = (0.288041,-0.710883), <E> = -1.828846 

T=0.430000	 Thermalizing iterations... 
Done.
Thermalized Magnetisation = (0.225247,-0.751019), Energy = -1.834172 
Averaging iterations... h=0.031250,0.000000
Done.
Final: Magnetisation = (0.242034,-0.724163), Energy = -1.826322 
<M> = (0.279612,-0.720008), <E> = -1.834632 

T=0.420000	 Thermalizing iterations... 
Done.
Thermalized Magnetisation = (0.289618,-0.710512), Energy = -1.840134 
Averaging iterations... h=0.031250,0.000000
Done.
Final: Magnetisation = (0.285557,-0.720447), Energy = -1.838595 
<M> = (0.280307,-0.726488), <E> = -1.840656 

T=0.410000	 Thermalizing iterations... 
Done.
Thermalized Magnetisation = (0.290314,-0.734746), Energy = -1.850274 
Averaging iterations... h=0.031250,0.000000
Done.
Final: Magnetisation = (0.289754,-0.722516), Energy = -1.846842 
<M> = (0.275499,-0.730548), <E> = -1.846722 

T=0.400000	 Thermalizing iterations... 
Done.
Thermalized Magnetisation = (0.262077,-0.711318), Energy = -1.841937 
Averaging iterations... h=0.031250,0.000000
Done.
Final: Magnetisation = (0.268612,-0.746767), Energy = -1.853833 
<M> = (0.279485,-0.729151), <E> = -1.852112 

T=0.390000	 Thermalizing iterations... 
Done.
Thermalized Magnetisation = (0.307092,-0.739153), Energy = -1.858226 
Averaging iterations... h=0.031250,0.000000
Done.
Final: Magnetisation = (0.262629,-0.731619), Energy = -1.849355 
<M> = (0.286136,-0.730070), <E> = -1.857593 

T=0.380000	 Thermalizing iterations... 
Done.
Thermalized Magnetisation = (0.249302,-0.731252), Energy = -1.859399 
Averaging iterations... h=0.031250,0.000000
Done.
Final: Magnetisation = (0.279128,-0.742670), Energy = -1.865044 
<M> = (0.279036,-0.733162), <E> = -1.863090 

T=0.370000	 Thermalizing iterations... 
Done.
Thermalized Magnetisation = (0.269132,-0.756120), Energy = -1.878994 
Averaging iterations... h=0.031250,0.000000
Done.
Final: Magnetisation = (0.299838,-0.730908), Energy = -1.870311 
<M> = (0.283307,-0.737648), <E> = -1.868749 

T=0.360000	 Thermalizing iterations... 
Done.
Thermalized Magnetisation = (0.242597,-0.770304), Energy = -1.874412 
Averaging iterations... h=0.031250,0.000000
Done.
Final: Magnetisation = (0.286554,-0.741538), Energy = -1.869791 
<M> = (0.285945,-0.739961), <E> = -1.874534 

T=0.350000	 Thermalizing iterations... 
Done.
Thermalized Magnetisation = (0.276119,-0.748881), Energy = -1.876936 
Averaging iterations... h=0.031250,0.000000
Done.
Final: Magnetisation = (0.300862,-0.709535), Energy = -1.877893 
<M> = (0.282995,-0.744028), <E> = -1.880315 

T=0.340000	 Thermalizing iterations... 
Done.
Thermalized Magnetisation = (0.294712,-0.749285), Energy = -1.886359 
Averaging iterations... h=0.031250,0.000000
Done.
Final: Magnetisation = (0.291528,-0.758233), Energy = -1.881873 
<M> = (0.274798,-0.753248), <E> = -1.886118 

T=0.330000	 Thermalizing iterations... 
Done.
Thermalized Magnetisation = (0.270846,-0.751139), Energy = -1.889437 
Averaging iterations... h=0.031250,0.000000
Done.
Final: Magnetisation = (0.283926,-0.749328), Energy = -1.891843 
<M> = (0.276130,-0.755321), <E> = -1.891509 

T=0.320000	 Thermalizing iterations... 
Done.
Thermalized Magnetisation = (0.286031,-0.765267), Energy = -1.895224 
Averaging iterations... h=0.031250,0.000000
Done.
Final: Magnetisation = (0.265857,-0.759715), Energy = -1.901385 
<M> = (0.283809,-0.755273), <E> = -1.896937 

T=0.310000	 Thermalizing iterations... 
Done.
Thermalized Magnetisation = (0.266499,-0.751355), Energy = -1.902289 
Averaging iterations... h=0.031250,0.000000
Done.
Final: Magnetisation = (0.282138,-0.746845), Energy = -1.902184 
<M> = (0.287861,-0.752350), <E> = -1.902276 

T=0.300000	 Thermalizing iterations... 
Done.
Thermalized Magnetisation = (0.290488,-0.749682), Energy = -1.906383 
Averaging iterations... h=0.031250,0.000000
Done.
Final: Magnetisation = (0.286354,-0.751120), Energy = -1.910259 
<M> = (0.284431,-0.754996), <E> = -1.907822 

T=0.290000	 Thermalizing iterations... 
Done.
Thermalized Magnetisation = (0.284536,-0.761407), Energy = -1.916002 
Averaging iterations... h=0.031250,0.000000
Done.
Final: Magnetisation = (0.286989,-0.759534), Energy = -1.912499 
<M> = (0.282423,-0.761513), <E> = -1.913148 

T=0.280000	 Thermalizing iterations... 
Done.
Thermalized Magnetisation = (0.290761,-0.765888), Energy = -1.919852 
Averaging iterations... h=0.031250,0.000000
Done.
Final: Magnetisation = (0.264561,-0.757777), Energy = -1.918053 
<M> = (0.282546,-0.763373), <E> = -1.918689 

T=0.270000	 Thermalizing iterations... 
Done.
Thermalized Magnetisation = (0.261464,-0.790858), Energy = -1.924656 
Averaging iterations... h=0.031250,0.000000
Done.
Final: Magnetisation = (0.271922,-0.778335), Energy = -1.922326 
<M> = (0.275998,-0.771820), <E> = -1.924482 

T=0.260000	 Thermalizing iterations... 
Done.
Thermalized Magnetisation = (0.278347,-0.774575), Energy = -1.930335 
Averaging iterations... h=0.031250,0.000000
Done.
Final: Magnetisation = (0.260853,-0.778412), Energy = -1.928186 
<M> = (0.278018,-0.775987), <E> = -1.929850 

T=0.250000	 Thermalizing iterations... 
Done.
Thermalized Magnetisation = (0.313841,-0.772186), Energy = -1.937774 
Averaging iterations... h=0.031250,0.000000
Done.
Final: Magnetisation = (0.289626,-0.774169), Energy = -1.941420 
<M> = (0.282440,-0.777210), <E> = -1.935048 

T=0.240000	 Thermalizing iterations... 
Done.
Thermalized Magnetisation = (0.312233,-0.753565), Energy = -1.940015 
Averaging iterations... h=0.031250,0.000000
Done.
Final: Magnetisation = (0.284920,-0.775564), Energy = -1.941238 
<M> = (0.283996,-0.775658), <E> = -1.940374 

T=0.230000	 Thermalizing iterations... 
Done.
Thermalized Magnetisation = (0.306817,-0.776480), Energy = -1.949795 
Averaging iterations... h=0.031250,0.000000
Done.
Final: Magnetisation = (0.269864,-0.775172), Energy = -1.946328 
<M> = (0.290313,-0.774643), <E> = -1.945699 

T=0.220000	 Thermalizing iterations... 
Done.
Thermalized Magnetisation = (0.303599,-0.789279), Energy = -1.946832 
Averaging iterations... h=0.031250,0.000000
Done.
Final: Magnetisation = (0.303533,-0.784808), Energy = -1.948202 
<M> = (0.286721,-0.779392), <E> = -1.950967 

T=0.210000	 Thermalizing iterations... 
Done.
Thermalized Magnetisation = (0.268675,-0.781324), Energy = -1.954074 
Averaging iterations... h=0.031250,0.000000
Done.
Final: Magnetisation = (0.256911,-0.789519), Energy = -1.956391 
<M> = (0.281644,-0.785637), <E> = -1.956338 

T=0.200000	 Thermalizing iterations... 
Done.
Thermalized Magnetisation = (0.308011,-0.785122), Energy = -1.959713 
Averaging iterations... h=0.031250,0.000000
Done.
Final: Magnetisation = (0.303436,-0.780084), Energy = -1.958123 
<M> = (0.288367,-0.786402), <E> = -1.961832 

T=0.190000	 Thermalizing iterations... 
Done.
Thermalized Magnetisation = (0.290851,-0.789138), Energy = -1.964348 
Averaging iterations... h=0.031250,0.000000
Done.
Final: Magnetisation = (0.288097,-0.786035), Energy = -1.970998 
<M> = (0.282519,-0.792253), <E> = -1.967074 

T=0.180000	 Thermalizing iterations... 
Done.
Thermalized Magnetisation = (0.280633,-0.794039), Energy = -1.974650 
Averaging iterations... h=0.031250,0.000000
Done.
Final: Magnetisation = (0.279164,-0.796006), Energy = -1.972492 
<M> = (0.287307,-0.793246), <E> = -1.972326 

T=0.170000	 Thermalizing iterations... 
Done.
Thermalized Magnetisation = (0.269437,-0.801549), Energy = -1.971935 
Averaging iterations... h=0.031250,0.000000
Done.
Final: Magnetisation = (0.291240,-0.796386), Energy = -1.975895 
<M> = (0.285527,-0.793748), <E> = -1.977402 

T=0.160000	 Thermalizing iterations... 
Done.
Thermalized Magnetisation = (0.279831,-0.798254), Energy = -1.983381 
Averaging iterations... h=0.031250,0.000000
Done.
Final: Magnetisation = (0.282478,-0.798440), Energy = -1.983437 
<M> = (0.285762,-0.797128), <E> = -1.982593 

T=0.150000	 Thermalizing iterations... 
Done.
Thermalized Magnetisation = (0.313322,-0.790680), Energy = -1.988709 
Averaging iterations... h=0.031250,0.000000
Done.
Final: Magnetisation = (0.282924,-0.794003), Energy = -1.986936 
<M> = (0.285802,-0.799290), <E> = -1.987863 

T=0.140000	 Thermalizing iterations... 
Done.
Thermalized Magnetisation = (0.301317,-0.791785), Energy = -1.993617 
Averaging iterations... h=0.031250,0.000000
Done.
Final: Magnetisation = (0.293410,-0.800927), Energy = -1.992648 
<M> = (0.282499,-0.805414), <E> = -1.993169 

T=0.130000	 Thermalizing iterations... 
Done.
Thermalized Magnetisation = (0.278454,-0.806294), Energy = -1.999516 
Averaging iterations... h=0.031250,0.000000
Done.
Final: Magnetisation = (0.274163,-0.797277), Energy = -1.998296 
<M> = (0.290153,-0.804899), <E> = -1.998341 

T=0.120000	 Thermalizing iterations... 
Done.
Thermalized Magnetisation = (0.281953,-0.814540), Energy = -2.003050 
Averaging iterations... h=0.031250,0.000000
Done.
Final: Magnetisation = (0.283753,-0.818683), Energy = -2.003856 
<M> = (0.286948,-0.807405), <E> = -2.003556 

T=0.110000	 Thermalizing iterations... 
Done.
Thermalized Magnetisation = (0.273029,-0.811859), Energy = -2.008787 
Averaging iterations... h=0.031250,0.000000
Done.
Final: Magnetisation = (0.292628,-0.815714), Energy = -2.007469 
<M> = (0.288195,-0.811609), <E> = -2.008703 

T=0.100000	 Thermalizing iterations... 
Done.
Thermalized Magnetisation = (0.294784,-0.811391), Energy = -2.015726 
Averaging iterations... h=0.031250,0.000000
Done.
Final: Magnetisation = (0.290446,-0.811287), Energy = -2.013565 
<M> = (0.284483,-0.813106), <E> = -2.013795 

T=0.090000	 Thermalizing iterations... 
Done.
Thermalized Magnetisation = (0.284725,-0.818772), Energy = -2.018310 
Averaging iterations... h=0.031250,0.000000
Done.
Final: Magnetisation = (0.281173,-0.821880), Energy = -2.017679 
<M> = (0.285891,-0.816079), <E> = -2.018931 

T=0.080000	 Thermalizing iterations... 
Done.
Thermalized Magnetisation = (0.280170,-0.826143), Energy = -2.024154 
Averaging iterations... h=0.031250,0.000000
Done.
Final: Magnetisation = (0.288083,-0.811305), Energy = -2.024661 
<M> = (0.284272,-0.818979), <E> = -2.024002 

T=0.070000	 Thermalizing iterations... 
Done.
Thermalized Magnetisation = (0.289099,-0.820121), Energy = -2.029442 
Averaging iterations... h=0.031250,0.000000
Done.
Final: Magnetisation = (0.292866,-0.818138), Energy = -2.029114 
<M> = (0.287154,-0.821641), <E> = -2.029073 

T=0.060000	 Thermalizing iterations... 
Done.
Thermalized Magnetisation = (0.280979,-0.823078), Energy = -2.033891 
Averaging iterations... h=0.031250,0.000000
Done.
Final: Magnetisation = (0.289220,-0.825950), Energy = -2.034160 
<M> = (0.290331,-0.821650), <E> = -2.034222 

T=0.050000	 Thermalizing iterations... 
Done.
Thermalized Magnetisation = (0.283451,-0.825951), Energy = -2.039562 
Averaging iterations... h=0.031250,0.000000
Done.
Final: Magnetisation = (0.291281,-0.824627), Energy = -2.039343 
<M> = (0.290229,-0.825080), <E> = -2.039258 

T=0.040000	 Thermalizing iterations... 
Done.
Thermalized Magnetisation = (0.288545,-0.828294), Energy = -2.044263 
Averaging iterations... h=0.031250,0.000000
Done.
Final: Magnetisation = (0.289174,-0.829041), Energy = -2.044158 
<M> = (0.288263,-0.828335), <E> = -2.044349 

T=0.030000	 Thermalizing iterations... 
Done.
Thermalized Magnetisation = (0.283173,-0.831794), Energy = -2.049235 
Averaging iterations... h=0.031250,0.000000
Done.
Final: Magnetisation = (0.291676,-0.828125), Energy = -2.049471 
<M> = (0.288378,-0.830092), <E> = -2.049386 

T=0.020000	 Thermalizing iterations... 
Done.
Thermalized Magnetisation = (0.288710,-0.831324), Energy = -2.054198 
Averaging iterations... h=0.031250,0.000000
Done.
Final: Magnetisation = (0.287893,-0.833626), Energy = -2.054492 
<M> = (0.290884,-0.832640), <E> = -2.054426 

T=0.010000	 Thermalizing iterations... 
Done.
Thermalized Magnetisation = (0.288892,-0.835556), Energy = -2.059462 
Averaging iterations... h=0.031250,0.000000
Done.
Final: Magnetisation = (0.286922,-0.835273), Energy = -2.059394 
<M> = (0.289965,-0.834949), <E> = -2.059427 
Final Magnetisation = (0.286922,-0.835273), Energy = -2.059394 
------------------------

Updating all (first)black/(then)white checkerboard sites simultaneously.. 

ztne RFXY h rotating with |h|=0.031250 at T=0.000000..
loop 1

loop 2

CPU  Start Time = 5476960.299365 

CPU  End Time = 5486621.861941 

CPU Time elapsed total = 9661.562576 

real	161m1.603s
user	2886m7.419s
sys	1m39.111s
