+ cd /home/sbasak/Exercises/OpenMP/XY_code/Z2/rotating_field/trial/config/config_30
+ export OMP_NUM_THREADS=28
+ OMP_NUM_THREADS=28
+ ./a_2.out
nearest neighbor initialized. 
h loaded. 
J loaded. 
L = 128, dim_L = 2, dim_S = 2
hysteresis_MCS_multiplier = 10, hysteresis_MCS_max = 100
RAND_MAX = 2147483647.000000,
 sizeof(int) = 4,
 sizeof(long) = 8,
 sizeof(double) = 8,
 sizeof(long int) = 8,
 sizeof(short int) = 2,
 sizeof(unsigned int) = 4,
 sizeof(RAND_MAX) = 4
No. of THREADS = 28
No. of PROCESSORS = 28

0.060474,0.020660
order = ({1.000000-->-1.000000,0.000000}, 0, 1)
Initial Magnetisation = (0.060474,0.020660), Energy = 0.015739 
Cooling... 
T=2.000000	 Thermalizing iterations... 
Done.
Thermalized Magnetisation = (0.204487,-0.015558), Energy = -0.672304 
Averaging iterations... h=0.250000,0.000000
Done.
Final: Magnetisation = (0.227479,-0.049371), Energy = -0.683081 
<M> = (0.222139,-0.000458), <E> = -0.710243 

T=1.990000	 Thermalizing iterations... 
Done.
Thermalized Magnetisation = (0.160558,0.036584), Energy = -0.704772 
Averaging iterations... h=0.250000,0.000000
Done.
Final: Magnetisation = (0.218180,0.003914), Energy = -0.743126 
<M> = (0.226204,-0.000881), <E> = -0.716401 

T=1.980000	 Thermalizing iterations... 
Done.
Thermalized Magnetisation = (0.214636,0.006405), Energy = -0.732166 
Averaging iterations... h=0.250000,0.000000
Done.
Final: Magnetisation = (0.227729,0.001640), Energy = -0.704701 
<M> = (0.228411,-0.000887), <E> = -0.722144 

T=1.970000	 Thermalizing iterations... 
Done.
Thermalized Magnetisation = (0.231613,0.031952), Energy = -0.738067 
Averaging iterations... h=0.250000,0.000000
Done.
Final: Magnetisation = (0.221179,-0.073224), Energy = -0.700771 
<M> = (0.231704,-0.002395), <E> = -0.727492 

T=1.960000	 Thermalizing iterations... 
Done.
Thermalized Magnetisation = (0.228138,-0.025358), Energy = -0.757477 
Averaging iterations... h=0.250000,0.000000
Done.
Final: Magnetisation = (0.239419,0.028043), Energy = -0.754451 
<M> = (0.235191,-0.001368), <E> = -0.733421 

T=1.950000	 Thermalizing iterations... 
Done.
Thermalized Magnetisation = (0.245600,-0.005229), Energy = -0.723190 
Averaging iterations... h=0.250000,0.000000
Done.
Final: Magnetisation = (0.278783,-0.022481), Energy = -0.760884 
<M> = (0.237683,-0.000152), <E> = -0.738118 

T=1.940000	 Thermalizing iterations... 
Done.
Thermalized Magnetisation = (0.293598,0.002099), Energy = -0.776733 
Averaging iterations... h=0.250000,0.000000
Done.
Final: Magnetisation = (0.261789,0.039813), Energy = -0.746911 
<M> = (0.239481,-0.000104), <E> = -0.742332 

T=1.930000	 Thermalizing iterations... 
Done.
Thermalized Magnetisation = (0.266515,-0.000845), Energy = -0.786204 
Averaging iterations... h=0.250000,0.000000
Done.
Final: Magnetisation = (0.194283,0.008829), Energy = -0.696960 
<M> = (0.242121,-0.000196), <E> = -0.746796 

T=1.920000	 Thermalizing iterations... 
Done.
Thermalized Magnetisation = (0.226931,0.032258), Energy = -0.765615 
Averaging iterations... h=0.250000,0.000000
Done.
Final: Magnetisation = (0.253445,-0.022987), Energy = -0.754359 
<M> = (0.246039,-0.000659), <E> = -0.753750 

T=1.910000	 Thermalizing iterations... 
Done.
Thermalized Magnetisation = (0.218223,0.019666), Energy = -0.720016 
Averaging iterations... h=0.250000,0.000000
Done.
Final: Magnetisation = (0.219190,-0.020735), Energy = -0.776209 
<M> = (0.249516,-0.000493), <E> = -0.760136 

T=1.900000	 Thermalizing iterations... 
Done.
Thermalized Magnetisation = (0.296340,0.080517), Energy = -0.788598 
Averaging iterations... h=0.250000,0.000000
Done.
Final: Magnetisation = (0.211209,-0.009039), Energy = -0.719550 
<M> = (0.253075,-0.002599), <E> = -0.766509 

T=1.890000	 Thermalizing iterations... 
Done.
Thermalized Magnetisation = (0.217455,0.009078), Energy = -0.752391 
Averaging iterations... h=0.250000,0.000000
Done.
Final: Magnetisation = (0.214363,0.011358), Energy = -0.733288 
<M> = (0.256013,-0.002443), <E> = -0.772191 

T=1.880000	 Thermalizing iterations... 
Done.
Thermalized Magnetisation = (0.277505,-0.003412), Energy = -0.798065 
Averaging iterations... h=0.250000,0.000000
Done.
Final: Magnetisation = (0.202155,-0.001166), Energy = -0.752613 
<M> = (0.259845,-0.001775), <E> = -0.778350 

T=1.870000	 Thermalizing iterations... 
Done.
Thermalized Magnetisation = (0.248147,-0.003615), Energy = -0.759343 
Averaging iterations... h=0.250000,0.000000
Done.
Final: Magnetisation = (0.294981,0.022990), Energy = -0.793226 
<M> = (0.262531,0.001553), <E> = -0.783353 

T=1.860000	 Thermalizing iterations... 
Done.
Thermalized Magnetisation = (0.233485,0.042355), Energy = -0.747982 
Averaging iterations... h=0.250000,0.000000
Done.
Final: Magnetisation = (0.285254,-0.037647), Energy = -0.779948 
<M> = (0.265619,-0.000230), <E> = -0.789222 

T=1.850000	 Thermalizing iterations... 
Done.
Thermalized Magnetisation = (0.239526,0.082993), Energy = -0.776448 
Averaging iterations... h=0.250000,0.000000
Done.
Final: Magnetisation = (0.292845,0.006548), Energy = -0.830317 
<M> = (0.269057,-0.000838), <E> = -0.795615 

T=1.840000	 Thermalizing iterations... 
Done.
Thermalized Magnetisation = (0.287944,0.030448), Energy = -0.794659 
Averaging iterations... h=0.250000,0.000000
Done.
Final: Magnetisation = (0.295445,-0.013534), Energy = -0.839351 
<M> = (0.274296,-0.001306), <E> = -0.803070 

T=1.830000	 Thermalizing iterations... 
Done.
Thermalized Magnetisation = (0.311888,0.005785), Energy = -0.839467 
Averaging iterations... h=0.250000,0.000000
Done.
Final: Magnetisation = (0.281459,0.013626), Energy = -0.804839 
<M> = (0.277043,-0.002162), <E> = -0.808963 

T=1.820000	 Thermalizing iterations... 
Done.
Thermalized Magnetisation = (0.273280,0.038419), Energy = -0.805208 
Averaging iterations... h=0.250000,0.000000
Done.
Final: Magnetisation = (0.273822,-0.013334), Energy = -0.790544 
<M> = (0.280942,-0.001796), <E> = -0.816762 

T=1.810000	 Thermalizing iterations... 
Done.
Thermalized Magnetisation = (0.282613,0.022491), Energy = -0.818570 
Averaging iterations... h=0.250000,0.000000
Done.
Final: Magnetisation = (0.279833,0.043124), Energy = -0.793195 
<M> = (0.287116,-0.001374), <E> = -0.824696 

T=1.800000	 Thermalizing iterations... 
Done.
Thermalized Magnetisation = (0.250254,0.010166), Energy = -0.787677 
Averaging iterations... h=0.250000,0.000000
Done.
Final: Magnetisation = (0.304280,0.030021), Energy = -0.858909 
<M> = (0.289591,-0.000196), <E> = -0.829773 

T=1.790000	 Thermalizing iterations... 
Done.
Thermalized Magnetisation = (0.287472,-0.051312), Energy = -0.826284 
Averaging iterations... h=0.250000,0.000000
Done.
Final: Magnetisation = (0.257332,-0.085196), Energy = -0.800548 
<M> = (0.292305,-0.000444), <E> = -0.835814 

T=1.780000	 Thermalizing iterations... 
Done.
Thermalized Magnetisation = (0.304742,-0.017522), Energy = -0.854043 
Averaging iterations... h=0.250000,0.000000
Done.
Final: Magnetisation = (0.307926,-0.005135), Energy = -0.849164 
<M> = (0.296375,0.000520), <E> = -0.842512 

T=1.770000	 Thermalizing iterations... 
Done.
Thermalized Magnetisation = (0.284953,0.046083), Energy = -0.842176 
Averaging iterations... h=0.250000,0.000000
Done.
Final: Magnetisation = (0.282379,0.075811), Energy = -0.837464 
<M> = (0.301241,-0.002421), <E> = -0.850419 

T=1.760000	 Thermalizing iterations... 
Done.
Thermalized Magnetisation = (0.323386,0.009588), Energy = -0.889219 
Averaging iterations... h=0.250000,0.000000
Done.
Final: Magnetisation = (0.344641,-0.056131), Energy = -0.869269 
<M> = (0.305289,-0.000494), <E> = -0.858279 

T=1.750000	 Thermalizing iterations... 
Done.
Thermalized Magnetisation = (0.287516,-0.007275), Energy = -0.834763 
Averaging iterations... h=0.250000,0.000000
Done.
Final: Magnetisation = (0.334213,0.002543), Energy = -0.845604 
<M> = (0.309024,-0.003057), <E> = -0.865110 

T=1.740000	 Thermalizing iterations... 
Done.
Thermalized Magnetisation = (0.314519,0.018901), Energy = -0.836113 
Averaging iterations... h=0.250000,0.000000
Done.
Final: Magnetisation = (0.317362,-0.021432), Energy = -0.867883 
<M> = (0.314029,-0.002507), <E> = -0.873231 

T=1.730000	 Thermalizing iterations... 
Done.
Thermalized Magnetisation = (0.340372,-0.046867), Energy = -0.907560 
Averaging iterations... h=0.250000,0.000000
Done.
Final: Magnetisation = (0.286431,-0.039741), Energy = -0.855922 
<M> = (0.320052,-0.000880), <E> = -0.881815 

T=1.720000	 Thermalizing iterations... 
Done.
Thermalized Magnetisation = (0.338424,-0.038698), Energy = -0.899866 
Averaging iterations... h=0.250000,0.000000
Done.
Final: Magnetisation = (0.327964,0.025503), Energy = -0.895033 
<M> = (0.322495,0.000356), <E> = -0.887138 

T=1.710000	 Thermalizing iterations... 
Done.
Thermalized Magnetisation = (0.349125,-0.043821), Energy = -0.942530 
Averaging iterations... h=0.250000,0.000000
Done.
Final: Magnetisation = (0.380276,0.007040), Energy = -0.943313 
<M> = (0.326613,-0.000964), <E> = -0.894598 

T=1.700000	 Thermalizing iterations... 
Done.
Thermalized Magnetisation = (0.375693,0.035842), Energy = -0.949900 
Averaging iterations... h=0.250000,0.000000
Done.
Final: Magnetisation = (0.353027,0.013578), Energy = -0.912677 
<M> = (0.332315,-0.000424), <E> = -0.903646 

T=1.690000	 Thermalizing iterations... 
Done.
Thermalized Magnetisation = (0.278113,0.015744), Energy = -0.908317 
Averaging iterations... h=0.250000,0.000000
Done.
Final: Magnetisation = (0.336576,-0.061977), Energy = -0.904854 
<M> = (0.337142,-0.001633), <E> = -0.911696 

T=1.680000	 Thermalizing iterations... 
Done.
Thermalized Magnetisation = (0.306394,-0.017117), Energy = -0.902910 
Averaging iterations... h=0.250000,0.000000
Done.
Final: Magnetisation = (0.319860,-0.079454), Energy = -0.902860 
<M> = (0.342178,-0.003651), <E> = -0.920783 

T=1.670000	 Thermalizing iterations... 
Done.
Thermalized Magnetisation = (0.345455,-0.006882), Energy = -0.934853 
Averaging iterations... h=0.250000,0.000000
Done.
Final: Magnetisation = (0.350290,-0.077912), Energy = -0.984359 
<M> = (0.347661,-0.002018), <E> = -0.929580 

T=1.660000	 Thermalizing iterations... 
Done.
Thermalized Magnetisation = (0.313290,0.026086), Energy = -0.920718 
Averaging iterations... h=0.250000,0.000000
Done.
Final: Magnetisation = (0.363465,-0.034011), Energy = -0.941639 
<M> = (0.353247,-0.001617), <E> = -0.938827 

T=1.650000	 Thermalizing iterations... 
Done.
Thermalized Magnetisation = (0.377602,-0.018965), Energy = -0.941375 
Averaging iterations... h=0.250000,0.000000
Done.
Final: Magnetisation = (0.317241,0.040954), Energy = -0.901954 
<M> = (0.358362,0.000165), <E> = -0.946603 

T=1.640000	 Thermalizing iterations... 
Done.
Thermalized Magnetisation = (0.346431,0.050974), Energy = -0.931167 
Averaging iterations... h=0.250000,0.000000
Done.
Final: Magnetisation = (0.400163,-0.008604), Energy = -0.974428 
<M> = (0.362181,0.001486), <E> = -0.954107 

T=1.630000	 Thermalizing iterations... 
Done.
Thermalized Magnetisation = (0.346952,0.047238), Energy = -0.973598 
Averaging iterations... h=0.250000,0.000000
Done.
Final: Magnetisation = (0.357233,0.028976), Energy = -0.907500 
<M> = (0.367458,0.000027), <E> = -0.962602 

T=1.620000	 Thermalizing iterations... 
Done.
Thermalized Magnetisation = (0.382722,-0.034006), Energy = -0.978370 
Averaging iterations... h=0.250000,0.000000
Done.
Final: Magnetisation = (0.409183,-0.047184), Energy = -1.000630 
<M> = (0.374264,-0.001166), <E> = -0.972798 

T=1.610000	 Thermalizing iterations... 
Done.
Thermalized Magnetisation = (0.369877,0.046532), Energy = -0.959616 
Averaging iterations... h=0.250000,0.000000
Done.
Final: Magnetisation = (0.354280,0.073816), Energy = -0.988295 
<M> = (0.379363,-0.002476), <E> = -0.981692 

T=1.600000	 Thermalizing iterations... 
Done.
Thermalized Magnetisation = (0.396996,-0.043986), Energy = -1.010495 
Averaging iterations... h=0.250000,0.000000
Done.
Final: Magnetisation = (0.317821,-0.006470), Energy = -0.905905 
<M> = (0.384159,-0.004083), <E> = -0.991836 

T=1.590000	 Thermalizing iterations... 
Done.
Thermalized Magnetisation = (0.365438,0.021163), Energy = -0.976913 
Averaging iterations... h=0.250000,0.000000
Done.
Final: Magnetisation = (0.351255,0.031161), Energy = -0.975913 
<M> = (0.390082,-0.002674), <E> = -1.001010 

T=1.580000	 Thermalizing iterations... 
Done.
Thermalized Magnetisation = (0.387101,-0.002099), Energy = -0.975924 
Averaging iterations... h=0.250000,0.000000
Done.
Final: Magnetisation = (0.385473,-0.040420), Energy = -1.035413 
<M> = (0.396055,-0.000951), <E> = -1.010841 

T=1.570000	 Thermalizing iterations... 
Done.
Thermalized Magnetisation = (0.367948,0.021459), Energy = -0.987921 
Averaging iterations... h=0.250000,0.000000
Done.
Final: Magnetisation = (0.399450,-0.010477), Energy = -1.023312 
<M> = (0.401961,0.000608), <E> = -1.019843 

T=1.560000	 Thermalizing iterations... 
Done.
Thermalized Magnetisation = (0.439727,-0.032988), Energy = -1.082685 
Averaging iterations... h=0.250000,0.000000
Done.
Final: Magnetisation = (0.373057,0.000864), Energy = -0.989812 
<M> = (0.406352,-0.000002), <E> = -1.027790 

T=1.550000	 Thermalizing iterations... 
Done.
Thermalized Magnetisation = (0.391518,-0.012286), Energy = -0.981197 
Averaging iterations... h=0.250000,0.000000
Done.
Final: Magnetisation = (0.382619,0.013828), Energy = -1.001821 
<M> = (0.413022,0.000428), <E> = -1.038358 

T=1.540000	 Thermalizing iterations... 
Done.
Thermalized Magnetisation = (0.400635,0.053564), Energy = -1.040866 
Averaging iterations... h=0.250000,0.000000
Done.
Final: Magnetisation = (0.393472,-0.077440), Energy = -1.060839 
<M> = (0.419563,-0.001361), <E> = -1.049114 

T=1.530000	 Thermalizing iterations... 
Done.
Thermalized Magnetisation = (0.472235,-0.024595), Energy = -1.130342 
Averaging iterations... h=0.250000,0.000000
Done.
Final: Magnetisation = (0.419204,0.011832), Energy = -1.081561 
<M> = (0.425727,-0.002408), <E> = -1.059842 

T=1.520000	 Thermalizing iterations... 
Done.
Thermalized Magnetisation = (0.451689,0.078193), Energy = -1.097633 
Averaging iterations... h=0.250000,0.000000
Done.
Final: Magnetisation = (0.418084,-0.014959), Energy = -1.052143 
<M> = (0.430731,-0.003857), <E> = -1.069517 

T=1.510000	 Thermalizing iterations... 
Done.
Thermalized Magnetisation = (0.444502,-0.034194), Energy = -1.125390 
Averaging iterations... h=0.250000,0.000000
Done.
Final: Magnetisation = (0.418577,-0.023120), Energy = -1.069729 
<M> = (0.438712,-0.000449), <E> = -1.081083 

T=1.500000	 Thermalizing iterations... 
Done.
Thermalized Magnetisation = (0.484471,-0.104038), Energy = -1.114729 
Averaging iterations... h=0.250000,0.000000
Done.
Final: Magnetisation = (0.423516,-0.049482), Energy = -1.092201 
<M> = (0.443668,0.001721), <E> = -1.090108 

T=1.490000	 Thermalizing iterations... 
Done.
Thermalized Magnetisation = (0.456238,-0.008773), Energy = -1.106282 
Averaging iterations... h=0.250000,0.000000
Done.
Final: Magnetisation = (0.420658,0.082409), Energy = -1.066482 
<M> = (0.449728,0.000089), <E> = -1.100366 

T=1.480000	 Thermalizing iterations... 
Done.
Thermalized Magnetisation = (0.436088,-0.047951), Energy = -1.060936 
Averaging iterations... h=0.250000,0.000000
Done.
Final: Magnetisation = (0.479658,-0.030620), Energy = -1.112175 
<M> = (0.455492,0.000641), <E> = -1.110321 

T=1.470000	 Thermalizing iterations... 
Done.
Thermalized Magnetisation = (0.484108,0.031707), Energy = -1.131528 
Averaging iterations... h=0.250000,0.000000
Done.
Final: Magnetisation = (0.497138,-0.047468), Energy = -1.170062 
<M> = (0.463209,0.000023), <E> = -1.122086 

T=1.460000	 Thermalizing iterations... 
Done.
Thermalized Magnetisation = (0.455780,0.040391), Energy = -1.113184 
Averaging iterations... h=0.250000,0.000000
Done.
Final: Magnetisation = (0.460689,0.017085), Energy = -1.129356 
<M> = (0.468694,-0.000236), <E> = -1.132771 

T=1.450000	 Thermalizing iterations... 
Done.
Thermalized Magnetisation = (0.466802,0.050465), Energy = -1.169218 
Averaging iterations... h=0.250000,0.000000
Done.
Final: Magnetisation = (0.440216,-0.020717), Energy = -1.106604 
<M> = (0.475560,-0.004129), <E> = -1.144469 

T=1.440000	 Thermalizing iterations... 
Done.
Thermalized Magnetisation = (0.505098,-0.055209), Energy = -1.197585 
Averaging iterations... h=0.250000,0.000000
Done.
Final: Magnetisation = (0.497480,0.025652), Energy = -1.181990 
<M> = (0.481995,-0.003749), <E> = -1.155582 

T=1.430000	 Thermalizing iterations... 
Done.
Thermalized Magnetisation = (0.471801,-0.061262), Energy = -1.170297 
Averaging iterations... h=0.250000,0.000000
Done.
Final: Magnetisation = (0.471804,0.026852), Energy = -1.143429 
<M> = (0.488459,-0.001350), <E> = -1.165859 

T=1.420000	 Thermalizing iterations... 
Done.
Thermalized Magnetisation = (0.557485,0.037880), Energy = -1.239715 
Averaging iterations... h=0.250000,0.000000
Done.
Final: Magnetisation = (0.474368,-0.009511), Energy = -1.163314 
<M> = (0.495779,-0.001042), <E> = -1.177163 

T=1.410000	 Thermalizing iterations... 
Done.
Thermalized Magnetisation = (0.515428,0.000097), Energy = -1.228762 
Averaging iterations... h=0.250000,0.000000
Done.
Final: Magnetisation = (0.486829,-0.022237), Energy = -1.163413 
<M> = (0.500736,0.001392), <E> = -1.186922 

T=1.400000	 Thermalizing iterations... 
Done.
Thermalized Magnetisation = (0.499736,0.022946), Energy = -1.175781 
Averaging iterations... h=0.250000,0.000000
Done.
Final: Magnetisation = (0.511204,0.059730), Energy = -1.181175 
<M> = (0.508366,-0.001829), <E> = -1.199742 

T=1.390000	 Thermalizing iterations... 
Done.
Thermalized Magnetisation = (0.509846,0.003520), Energy = -1.222757 
Averaging iterations... h=0.250000,0.000000
Done.
Final: Magnetisation = (0.547887,-0.010470), Energy = -1.237135 
<M> = (0.514798,0.000096), <E> = -1.211240 

T=1.380000	 Thermalizing iterations... 
Done.
Thermalized Magnetisation = (0.520151,-0.000637), Energy = -1.211820 
Averaging iterations... h=0.250000,0.000000
Done.
Final: Magnetisation = (0.525105,-0.040088), Energy = -1.198217 
<M> = (0.520699,-0.003671), <E> = -1.222437 

T=1.370000	 Thermalizing iterations... 
Done.
Thermalized Magnetisation = (0.488617,-0.056561), Energy = -1.178415 
Averaging iterations... h=0.250000,0.000000
Done.
Final: Magnetisation = (0.507037,-0.056335), Energy = -1.208886 
<M> = (0.526699,-0.001780), <E> = -1.233827 

T=1.360000	 Thermalizing iterations... 
Done.
Thermalized Magnetisation = (0.538925,-0.013216), Energy = -1.254033 
Averaging iterations... h=0.250000,0.000000
Done.
Final: Magnetisation = (0.582211,0.061150), Energy = -1.313952 
<M> = (0.534071,-0.002237), <E> = -1.245759 

T=1.350000	 Thermalizing iterations... 
Done.
Thermalized Magnetisation = (0.551356,0.084831), Energy = -1.251572 
Averaging iterations... h=0.250000,0.000000
Done.
Final: Magnetisation = (0.516792,0.000416), Energy = -1.222475 
<M> = (0.542358,0.001567), <E> = -1.257512 

T=1.340000	 Thermalizing iterations... 
Done.
Thermalized Magnetisation = (0.570834,0.030940), Energy = -1.329068 
Averaging iterations... h=0.250000,0.000000
Done.
Final: Magnetisation = (0.571579,-0.014711), Energy = -1.312159 
<M> = (0.547161,0.000619), <E> = -1.267879 

T=1.330000	 Thermalizing iterations... 
Done.
Thermalized Magnetisation = (0.581216,-0.016609), Energy = -1.327228 
Averaging iterations... h=0.250000,0.000000
Done.
Final: Magnetisation = (0.568374,-0.036774), Energy = -1.292401 
<M> = (0.553509,-0.001167), <E> = -1.278453 

T=1.320000	 Thermalizing iterations... 
Done.
Thermalized Magnetisation = (0.541303,0.028251), Energy = -1.279437 
Averaging iterations... h=0.250000,0.000000
Done.
Final: Magnetisation = (0.540045,-0.035927), Energy = -1.262732 
<M> = (0.561812,-0.000147), <E> = -1.292212 

T=1.310000	 Thermalizing iterations... 
Done.
Thermalized Magnetisation = (0.610471,-0.001548), Energy = -1.370648 
Averaging iterations... h=0.250000,0.000000
Done.
Final: Magnetisation = (0.574775,0.029244), Energy = -1.327318 
<M> = (0.567555,-0.003765), <E> = -1.304008 

T=1.300000	 Thermalizing iterations... 
Done.
Thermalized Magnetisation = (0.566907,-0.005279), Energy = -1.287154 
Averaging iterations... h=0.250000,0.000000
Done.
Final: Magnetisation = (0.595792,-0.023943), Energy = -1.370705 
<M> = (0.573166,-0.002233), <E> = -1.315219 

T=1.290000	 Thermalizing iterations... 
Done.
Thermalized Magnetisation = (0.593816,-0.008181), Energy = -1.328615 
Averaging iterations... h=0.250000,0.000000
Done.
Final: Magnetisation = (0.589903,-0.010682), Energy = -1.303847 
<M> = (0.579909,-0.005225), <E> = -1.327331 

T=1.280000	 Thermalizing iterations... 
Done.
Thermalized Magnetisation = (0.585035,0.028023), Energy = -1.361764 
Averaging iterations... h=0.250000,0.000000
Done.
Final: Magnetisation = (0.569323,-0.007835), Energy = -1.318832 
<M> = (0.586427,-0.001345), <E> = -1.338151 

T=1.270000	 Thermalizing iterations... 
Done.
Thermalized Magnetisation = (0.579697,0.036902), Energy = -1.323742 
Averaging iterations... h=0.250000,0.000000
Done.
Final: Magnetisation = (0.584097,0.019778), Energy = -1.355830 
<M> = (0.592868,-0.003059), <E> = -1.349056 

T=1.260000	 Thermalizing iterations... 
Done.
Thermalized Magnetisation = (0.570167,0.007114), Energy = -1.327142 
Averaging iterations... h=0.250000,0.000000
Done.
Final: Magnetisation = (0.610623,-0.052855), Energy = -1.392567 
<M> = (0.598889,-0.000228), <E> = -1.359630 

T=1.250000	 Thermalizing iterations... 
Done.
Thermalized Magnetisation = (0.608369,-0.049179), Energy = -1.388786 
Averaging iterations... h=0.250000,0.000000
Done.
Final: Magnetisation = (0.592751,0.052195), Energy = -1.370817 
<M> = (0.605092,-0.003331), <E> = -1.371754 

T=1.240000	 Thermalizing iterations... 
Done.
Thermalized Magnetisation = (0.626374,-0.016991), Energy = -1.421650 
Averaging iterations... h=0.250000,0.000000
Done.
Final: Magnetisation = (0.565740,-0.001200), Energy = -1.322141 
<M> = (0.611270,0.001960), <E> = -1.383258 

T=1.230000	 Thermalizing iterations... 
Done.
Thermalized Magnetisation = (0.620653,0.072301), Energy = -1.397429 
Averaging iterations... h=0.250000,0.000000
Done.
Final: Magnetisation = (0.589892,-0.019614), Energy = -1.317217 
<M> = (0.616644,-0.003575), <E> = -1.395071 

T=1.220000	 Thermalizing iterations... 
Done.
Thermalized Magnetisation = (0.602996,-0.032077), Energy = -1.386809 
Averaging iterations... h=0.250000,0.000000
Done.
Final: Magnetisation = (0.629359,0.000024), Energy = -1.415535 
<M> = (0.621994,-0.002120), <E> = -1.405463 

T=1.210000	 Thermalizing iterations... 
Done.
Thermalized Magnetisation = (0.611573,0.028246), Energy = -1.364651 
Averaging iterations... h=0.250000,0.000000
Done.
Final: Magnetisation = (0.625479,-0.049488), Energy = -1.436431 
<M> = (0.628112,-0.001609), <E> = -1.417047 

T=1.200000	 Thermalizing iterations... 
Done.
Thermalized Magnetisation = (0.630068,-0.035470), Energy = -1.417816 
Averaging iterations... h=0.250000,0.000000
Done.
Final: Magnetisation = (0.619826,-0.032782), Energy = -1.422668 
<M> = (0.635003,0.000155), <E> = -1.427735 

T=1.190000	 Thermalizing iterations... 
Done.
Thermalized Magnetisation = (0.616686,-0.003041), Energy = -1.387655 
Averaging iterations... h=0.250000,0.000000
Done.
Final: Magnetisation = (0.647773,-0.069713), Energy = -1.466451 
<M> = (0.640436,-0.002583), <E> = -1.438150 

T=1.180000	 Thermalizing iterations... 
Done.
Thermalized Magnetisation = (0.651879,-0.051712), Energy = -1.456218 
Averaging iterations... h=0.250000,0.000000
Done.
Final: Magnetisation = (0.608922,0.028728), Energy = -1.393746 
<M> = (0.646172,-0.001083), <E> = -1.449375 

T=1.170000	 Thermalizing iterations... 
Done.
Thermalized Magnetisation = (0.632964,0.040918), Energy = -1.445318 
Averaging iterations... h=0.250000,0.000000
Done.
Final: Magnetisation = (0.638929,0.065684), Energy = -1.437029 
<M> = (0.651281,0.001875), <E> = -1.459967 

T=1.160000	 Thermalizing iterations... 
Done.
Thermalized Magnetisation = (0.628016,-0.055018), Energy = -1.423458 
Averaging iterations... h=0.250000,0.000000
Done.
Final: Magnetisation = (0.629114,-0.025726), Energy = -1.428950 
<M> = (0.656930,-0.001741), <E> = -1.472130 

T=1.150000	 Thermalizing iterations... 
Done.
Thermalized Magnetisation = (0.670747,-0.015843), Energy = -1.526290 
Averaging iterations... h=0.250000,0.000000
Done.
Final: Magnetisation = (0.657198,0.010784), Energy = -1.476831 
<M> = (0.662038,-0.001406), <E> = -1.482070 

T=1.140000	 Thermalizing iterations... 
Done.
Thermalized Magnetisation = (0.642213,-0.032694), Energy = -1.488206 
Averaging iterations... h=0.250000,0.000000
Done.
Final: Magnetisation = (0.684948,-0.014982), Energy = -1.505561 
<M> = (0.667673,-0.004382), <E> = -1.493135 

T=1.130000	 Thermalizing iterations... 
Done.
Thermalized Magnetisation = (0.641581,-0.000104), Energy = -1.435118 
Averaging iterations... h=0.250000,0.000000
Done.
Final: Magnetisation = (0.658987,0.004820), Energy = -1.490653 
<M> = (0.672843,-0.002224), <E> = -1.503433 

T=1.120000	 Thermalizing iterations... 
Done.
Thermalized Magnetisation = (0.667058,-0.034553), Energy = -1.518047 
Averaging iterations... h=0.250000,0.000000
Done.
Final: Magnetisation = (0.658847,-0.095039), Energy = -1.489535 
<M> = (0.679027,-0.001429), <E> = -1.513689 

T=1.110000	 Thermalizing iterations... 
Done.
Thermalized Magnetisation = (0.708118,-0.012902), Energy = -1.542688 
Averaging iterations... h=0.250000,0.000000
Done.
Final: Magnetisation = (0.702913,-0.004031), Energy = -1.541655 
<M> = (0.683372,0.001051), <E> = -1.522984 

T=1.100000	 Thermalizing iterations... 
Done.
Thermalized Magnetisation = (0.702009,-0.004138), Energy = -1.560813 
Averaging iterations... h=0.250000,0.000000
Done.
Final: Magnetisation = (0.723264,0.029672), Energy = -1.575161 
<M> = (0.688236,-0.001811), <E> = -1.533597 

T=1.090000	 Thermalizing iterations... 
Done.
Thermalized Magnetisation = (0.679791,-0.042545), Energy = -1.548677 
Averaging iterations... h=0.250000,0.000000
Done.
Final: Magnetisation = (0.688339,-0.015097), Energy = -1.552225 
<M> = (0.693079,0.000460), <E> = -1.543816 

T=1.080000	 Thermalizing iterations... 
Done.
Thermalized Magnetisation = (0.693545,-0.020408), Energy = -1.535445 
Averaging iterations... h=0.250000,0.000000
Done.
Final: Magnetisation = (0.704046,0.115865), Energy = -1.569042 
<M> = (0.697747,-0.003208), <E> = -1.553954 

T=1.070000	 Thermalizing iterations... 
Done.
Thermalized Magnetisation = (0.713298,0.042489), Energy = -1.574502 
Averaging iterations... h=0.250000,0.000000
Done.
Final: Magnetisation = (0.716942,0.008120), Energy = -1.571998 
<M> = (0.701915,-0.001737), <E> = -1.563553 

T=1.060000	 Thermalizing iterations... 
Done.
Thermalized Magnetisation = (0.683120,0.023781), Energy = -1.563093 
Averaging iterations... h=0.250000,0.000000
Done.
Final: Magnetisation = (0.715414,-0.025957), Energy = -1.580675 
<M> = (0.707158,-0.004761), <E> = -1.573888 

T=1.050000	 Thermalizing iterations... 
Done.
Thermalized Magnetisation = (0.722057,-0.033667), Energy = -1.599282 
Averaging iterations... h=0.250000,0.000000
Done.
Final: Magnetisation = (0.700050,-0.058654), Energy = -1.555846 
<M> = (0.712629,0.000636), <E> = -1.583201 

T=1.040000	 Thermalizing iterations... 
Done.
Thermalized Magnetisation = (0.720732,-0.025664), Energy = -1.587727 
Averaging iterations... h=0.250000,0.000000
Done.
Final: Magnetisation = (0.693378,0.066082), Energy = -1.572129 
<M> = (0.716048,-0.002693), <E> = -1.591768 

T=1.030000	 Thermalizing iterations... 
Done.
Thermalized Magnetisation = (0.720861,0.003281), Energy = -1.576043 
Averaging iterations... h=0.250000,0.000000
Done.
Final: Magnetisation = (0.697409,0.018056), Energy = -1.589746 
<M> = (0.720311,0.001334), <E> = -1.601013 

T=1.020000	 Thermalizing iterations... 
Done.
Thermalized Magnetisation = (0.738878,0.017406), Energy = -1.611900 
Averaging iterations... h=0.250000,0.000000
Done.
Final: Magnetisation = (0.732032,-0.002428), Energy = -1.625430 
<M> = (0.724849,0.000238), <E> = -1.610681 

T=1.010000	 Thermalizing iterations... 
Done.
Thermalized Magnetisation = (0.716510,0.047508), Energy = -1.600494 
Averaging iterations... h=0.250000,0.000000
Done.
Final: Magnetisation = (0.737313,0.028427), Energy = -1.638508 
<M> = (0.729013,-0.000704), <E> = -1.620607 

T=1.000000	 Thermalizing iterations... 
Done.
Thermalized Magnetisation = (0.735697,-0.028051), Energy = -1.648511 
Averaging iterations... h=0.250000,0.000000
Done.
Final: Magnetisation = (0.752491,0.021433), Energy = -1.648760 
<M> = (0.732352,-0.001799), <E> = -1.628494 

T=0.990000	 Thermalizing iterations... 
Done.
Thermalized Magnetisation = (0.707690,-0.031103), Energy = -1.643813 
Averaging iterations... h=0.250000,0.000000
Done.
Final: Magnetisation = (0.734022,-0.050186), Energy = -1.616748 
<M> = (0.737248,-0.003337), <E> = -1.638091 

T=0.980000	 Thermalizing iterations... 
Done.
Thermalized Magnetisation = (0.734099,-0.019959), Energy = -1.641265 
Averaging iterations... h=0.250000,0.000000
Done.
Final: Magnetisation = (0.747552,-0.030857), Energy = -1.653700 
<M> = (0.741368,-0.000734), <E> = -1.647035 

T=0.970000	 Thermalizing iterations... 
Done.
Thermalized Magnetisation = (0.737377,0.032971), Energy = -1.629387 
Averaging iterations... h=0.250000,0.000000
Done.
Final: Magnetisation = (0.752312,-0.033060), Energy = -1.661790 
<M> = (0.745905,0.000146), <E> = -1.656027 

T=0.960000	 Thermalizing iterations... 
Done.
Thermalized Magnetisation = (0.749338,-0.013667), Energy = -1.672073 
Averaging iterations... h=0.250000,0.000000
Done.
Final: Magnetisation = (0.768333,0.002317), Energy = -1.673388 
<M> = (0.749085,-0.000631), <E> = -1.663727 

T=0.950000	 Thermalizing iterations... 
Done.
Thermalized Magnetisation = (0.753594,0.009184), Energy = -1.670820 
Averaging iterations... h=0.250000,0.000000
Done.
Final: Magnetisation = (0.735828,0.005964), Energy = -1.650923 
<M> = (0.752763,-0.000620), <E> = -1.672318 

T=0.940000	 Thermalizing iterations... 
Done.
Thermalized Magnetisation = (0.774921,0.075290), Energy = -1.729607 
Averaging iterations... h=0.250000,0.000000
Done.
Final: Magnetisation = (0.752748,-0.053609), Energy = -1.680077 
<M> = (0.757490,-0.000549), <E> = -1.681789 

T=0.930000	 Thermalizing iterations... 
Done.
Thermalized Magnetisation = (0.770316,-0.039425), Energy = -1.689562 
Averaging iterations... h=0.250000,0.000000
Done.
Final: Magnetisation = (0.754322,-0.000757), Energy = -1.649936 
<M> = (0.760408,-0.004777), <E> = -1.689498 

T=0.920000	 Thermalizing iterations... 
Done.
Thermalized Magnetisation = (0.764353,-0.007295), Energy = -1.706751 
Averaging iterations... h=0.250000,0.000000
Done.
Final: Magnetisation = (0.743629,-0.006158), Energy = -1.671802 
<M> = (0.763960,-0.006280), <E> = -1.697869 

T=0.910000	 Thermalizing iterations... 
Done.
Thermalized Magnetisation = (0.774644,-0.057226), Energy = -1.703693 
Averaging iterations... h=0.250000,0.000000
Done.
Final: Magnetisation = (0.784569,0.065304), Energy = -1.733353 
<M> = (0.767417,-0.000731), <E> = -1.705841 

T=0.900000	 Thermalizing iterations... 
Done.
Thermalized Magnetisation = (0.779035,-0.055857), Energy = -1.686185 
Averaging iterations... h=0.250000,0.000000
Done.
Final: Magnetisation = (0.761414,0.051105), Energy = -1.714118 
<M> = (0.771693,-0.001707), <E> = -1.714145 

T=0.890000	 Thermalizing iterations... 
Done.
Thermalized Magnetisation = (0.767383,-0.016882), Energy = -1.724004 
Averaging iterations... h=0.250000,0.000000
Done.
Final: Magnetisation = (0.764798,-0.040382), Energy = -1.689836 
<M> = (0.774874,-0.000398), <E> = -1.721649 

T=0.880000	 Thermalizing iterations... 
Done.
Thermalized Magnetisation = (0.776930,-0.030344), Energy = -1.732177 
Averaging iterations... h=0.250000,0.000000
Done.
Final: Magnetisation = (0.788759,-0.022584), Energy = -1.745955 
<M> = (0.778612,-0.001970), <E> = -1.729937 

T=0.870000	 Thermalizing iterations... 
Done.
Thermalized Magnetisation = (0.804018,0.039138), Energy = -1.764217 
Averaging iterations... h=0.250000,0.000000
Done.
Final: Magnetisation = (0.797572,-0.036303), Energy = -1.749178 
<M> = (0.781637,0.000345), <E> = -1.737440 

T=0.860000	 Thermalizing iterations... 
Done.
Thermalized Magnetisation = (0.781946,-0.076447), Energy = -1.760334 
Averaging iterations... h=0.250000,0.000000
Done.
Final: Magnetisation = (0.797114,0.069346), Energy = -1.745672 
<M> = (0.784727,-0.003276), <E> = -1.745562 

T=0.850000	 Thermalizing iterations... 
Done.
Thermalized Magnetisation = (0.787256,-0.031755), Energy = -1.751819 
Averaging iterations... h=0.250000,0.000000
Done.
Final: Magnetisation = (0.790291,0.056186), Energy = -1.758411 
<M> = (0.787092,-0.003245), <E> = -1.752067 

T=0.840000	 Thermalizing iterations... 
Done.
Thermalized Magnetisation = (0.793407,-0.021375), Energy = -1.768578 
Averaging iterations... h=0.250000,0.000000
Done.
Final: Magnetisation = (0.789452,-0.059349), Energy = -1.766907 
<M> = (0.790771,-0.003176), <E> = -1.759695 

T=0.830000	 Thermalizing iterations... 
Done.
Thermalized Magnetisation = (0.803626,0.063581), Energy = -1.780745 
Averaging iterations... h=0.250000,0.000000
Done.
Final: Magnetisation = (0.777621,-0.042369), Energy = -1.755973 
<M> = (0.795386,0.000130), <E> = -1.768157 

T=0.820000	 Thermalizing iterations... 
Done.
Thermalized Magnetisation = (0.801418,-0.003091), Energy = -1.772504 
Averaging iterations... h=0.250000,0.000000
Done.
Final: Magnetisation = (0.799281,0.001493), Energy = -1.768796 
<M> = (0.798610,0.000044), <E> = -1.775111 

T=0.810000	 Thermalizing iterations... 
Done.
Thermalized Magnetisation = (0.778832,-0.024157), Energy = -1.741647 
Averaging iterations... h=0.250000,0.000000
Done.
Final: Magnetisation = (0.806192,0.035952), Energy = -1.765160 
<M> = (0.800804,0.001796), <E> = -1.781674 

T=0.800000	 Thermalizing iterations... 
Done.
Thermalized Magnetisation = (0.788825,-0.050716), Energy = -1.778991 
Averaging iterations... h=0.250000,0.000000
Done.
Final: Magnetisation = (0.804290,-0.023746), Energy = -1.784707 
<M> = (0.803804,-0.002423), <E> = -1.789262 

T=0.790000	 Thermalizing iterations... 
Done.
Thermalized Magnetisation = (0.796106,-0.018052), Energy = -1.797566 
Averaging iterations... h=0.250000,0.000000
Done.
Final: Magnetisation = (0.789211,0.064585), Energy = -1.800409 
<M> = (0.807242,-0.002472), <E> = -1.797041 

T=0.780000	 Thermalizing iterations... 
Done.
Thermalized Magnetisation = (0.794542,0.011855), Energy = -1.774367 
Averaging iterations... h=0.250000,0.000000
Done.
Final: Magnetisation = (0.798999,-0.008100), Energy = -1.782580 
<M> = (0.810251,0.000580), <E> = -1.803699 

T=0.770000	 Thermalizing iterations... 
Done.
Thermalized Magnetisation = (0.837996,-0.063321), Energy = -1.843865 
Averaging iterations... h=0.250000,0.000000
Done.
Final: Magnetisation = (0.815995,0.010885), Energy = -1.797678 
<M> = (0.812665,-0.005524), <E> = -1.810460 

T=0.760000	 Thermalizing iterations... 
Done.
Thermalized Magnetisation = (0.811364,-0.015279), Energy = -1.801359 
Averaging iterations... h=0.250000,0.000000
Done.
Final: Magnetisation = (0.822682,-0.084230), Energy = -1.831201 
<M> = (0.816795,0.000822), <E> = -1.818075 

T=0.750000	 Thermalizing iterations... 
Done.
Thermalized Magnetisation = (0.827688,-0.018594), Energy = -1.820590 
Averaging iterations... h=0.250000,0.000000
Done.
Final: Magnetisation = (0.806974,0.037093), Energy = -1.823607 
<M> = (0.819718,0.000459), <E> = -1.824705 

T=0.740000	 Thermalizing iterations... 
Done.
Thermalized Magnetisation = (0.827713,-0.008190), Energy = -1.840031 
Averaging iterations... h=0.250000,0.000000
Done.
Final: Magnetisation = (0.809336,-0.036647), Energy = -1.816792 
<M> = (0.822249,-0.003314), <E> = -1.831355 

T=0.730000	 Thermalizing iterations... 
Done.
Thermalized Magnetisation = (0.816810,0.000030), Energy = -1.815758 
Averaging iterations... h=0.250000,0.000000
Done.
Final: Magnetisation = (0.837535,-0.098858), Energy = -1.860337 
<M> = (0.825097,-0.002298), <E> = -1.838148 

T=0.720000	 Thermalizing iterations... 
Done.
Thermalized Magnetisation = (0.830583,0.036480), Energy = -1.837225 
Averaging iterations... h=0.250000,0.000000
Done.
Final: Magnetisation = (0.827139,-0.019205), Energy = -1.856154 
<M> = (0.828111,0.002714), <E> = -1.845170 

T=0.710000	 Thermalizing iterations... 
Done.
Thermalized Magnetisation = (0.841293,-0.046582), Energy = -1.859934 
Averaging iterations... h=0.250000,0.000000
Done.
Final: Magnetisation = (0.840245,0.011418), Energy = -1.851398 
<M> = (0.831095,-0.002380), <E> = -1.851816 

T=0.700000	 Thermalizing iterations... 
Done.
Thermalized Magnetisation = (0.845206,-0.056155), Energy = -1.885229 
Averaging iterations... h=0.250000,0.000000
Done.
Final: Magnetisation = (0.827864,-0.019273), Energy = -1.855530 
<M> = (0.832964,-0.009487), <E> = -1.857644 

T=0.690000	 Thermalizing iterations... 
Done.
Thermalized Magnetisation = (0.842379,0.001747), Energy = -1.875707 
Averaging iterations... h=0.250000,0.000000
Done.
Final: Magnetisation = (0.823918,-0.070525), Energy = -1.837620 
<M> = (0.835880,-0.005183), <E> = -1.864553 

T=0.680000	 Thermalizing iterations... 
Done.
Thermalized Magnetisation = (0.853551,0.029449), Energy = -1.888464 
Averaging iterations... h=0.250000,0.000000
Done.
Final: Magnetisation = (0.836211,0.030573), Energy = -1.858260 
<M> = (0.839283,0.005649), <E> = -1.871665 

T=0.670000	 Thermalizing iterations... 
Done.
Thermalized Magnetisation = (0.844075,-0.049851), Energy = -1.890137 
Averaging iterations... h=0.250000,0.000000
Done.
Final: Magnetisation = (0.854244,0.019269), Energy = -1.893530 
<M> = (0.841984,0.001968), <E> = -1.878004 

T=0.660000	 Thermalizing iterations... 
Done.
Thermalized Magnetisation = (0.846661,0.083621), Energy = -1.886307 
Averaging iterations... h=0.250000,0.000000
Done.
Final: Magnetisation = (0.841581,0.025944), Energy = -1.881412 
<M> = (0.844465,-0.002746), <E> = -1.883809 

T=0.650000	 Thermalizing iterations... 
Done.
Thermalized Magnetisation = (0.852295,-0.004202), Energy = -1.888339 
Averaging iterations... h=0.250000,0.000000
Done.
Final: Magnetisation = (0.834629,-0.086311), Energy = -1.871850 
<M> = (0.847265,-0.000243), <E> = -1.890677 

T=0.640000	 Thermalizing iterations... 
Done.
Thermalized Magnetisation = (0.851936,0.037276), Energy = -1.900791 
Averaging iterations... h=0.250000,0.000000
Done.
Final: Magnetisation = (0.860659,0.008444), Energy = -1.901171 
<M> = (0.849663,-0.005148), <E> = -1.897022 

T=0.630000	 Thermalizing iterations... 
Done.
Thermalized Magnetisation = (0.844495,-0.029464), Energy = -1.901039 
Averaging iterations... h=0.250000,0.000000
Done.
Final: Magnetisation = (0.854825,-0.030141), Energy = -1.902413 
<M> = (0.852400,0.000484), <E> = -1.903124 

T=0.620000	 Thermalizing iterations... 
Done.
Thermalized Magnetisation = (0.838845,0.146757), Energy = -1.915006 
Averaging iterations... h=0.250000,0.000000
Done.
Final: Magnetisation = (0.849075,-0.038346), Energy = -1.896892 
<M> = (0.854886,0.000233), <E> = -1.909157 

T=0.610000	 Thermalizing iterations... 
Done.
Thermalized Magnetisation = (0.853652,-0.036150), Energy = -1.911959 
Averaging iterations... h=0.250000,0.000000
Done.
Final: Magnetisation = (0.861886,-0.002246), Energy = -1.916981 
<M> = (0.857888,0.006138), <E> = -1.915736 

T=0.600000	 Thermalizing iterations... 
Done.
Thermalized Magnetisation = (0.866582,-0.032877), Energy = -1.930550 
Averaging iterations... h=0.250000,0.000000
Done.
Final: Magnetisation = (0.854241,-0.005016), Energy = -1.922865 
<M> = (0.860726,0.004414), <E> = -1.922349 

T=0.590000	 Thermalizing iterations... 
Done.
Thermalized Magnetisation = (0.861600,0.041271), Energy = -1.939804 
Averaging iterations... h=0.250000,0.000000
Done.
Final: Magnetisation = (0.860603,-0.059146), Energy = -1.932953 
<M> = (0.863379,-0.000206), <E> = -1.928009 

T=0.580000	 Thermalizing iterations... 
Done.
Thermalized Magnetisation = (0.873112,0.032277), Energy = -1.944842 
Averaging iterations... h=0.250000,0.000000
Done.
Final: Magnetisation = (0.858797,0.046905), Energy = -1.940510 
<M> = (0.865378,-0.002502), <E> = -1.934068 

T=0.570000	 Thermalizing iterations... 
Done.
Thermalized Magnetisation = (0.874203,-0.010750), Energy = -1.944195 
Averaging iterations... h=0.250000,0.000000
Done.
Final: Magnetisation = (0.877466,-0.023845), Energy = -1.949226 
<M> = (0.868004,0.003257), <E> = -1.940456 

T=0.560000	 Thermalizing iterations... 
Done.
Thermalized Magnetisation = (0.875184,-0.024662), Energy = -1.949266 
Averaging iterations... h=0.250000,0.000000
Done.
Final: Magnetisation = (0.863915,-0.050257), Energy = -1.939017 
<M> = (0.870976,-0.001782), <E> = -1.946574 

T=0.550000	 Thermalizing iterations... 
Done.
Thermalized Magnetisation = (0.883054,-0.011476), Energy = -1.964765 
Averaging iterations... h=0.250000,0.000000
Done.
Final: Magnetisation = (0.878168,0.010742), Energy = -1.958585 
<M> = (0.873181,-0.006332), <E> = -1.952071 

T=0.540000	 Thermalizing iterations... 
Done.
Thermalized Magnetisation = (0.879693,0.016773), Energy = -1.969638 
Averaging iterations... h=0.250000,0.000000
Done.
Final: Magnetisation = (0.878667,-0.036961), Energy = -1.959758 
<M> = (0.875441,-0.001776), <E> = -1.957898 

T=0.530000	 Thermalizing iterations... 
Done.
Thermalized Magnetisation = (0.879106,-0.005222), Energy = -1.961451 
Averaging iterations... h=0.250000,0.000000
Done.
Final: Magnetisation = (0.873907,-0.012432), Energy = -1.971490 
<M> = (0.878484,0.005504), <E> = -1.964253 

T=0.520000	 Thermalizing iterations... 
Done.
Thermalized Magnetisation = (0.885624,-0.011307), Energy = -1.973538 
Averaging iterations... h=0.250000,0.000000
Done.
Final: Magnetisation = (0.875432,0.005854), Energy = -1.964307 
<M> = (0.880436,-0.000833), <E> = -1.969816 

T=0.510000	 Thermalizing iterations... 
Done.
Thermalized Magnetisation = (0.882553,-0.031871), Energy = -1.972681 
Averaging iterations... h=0.250000,0.000000
Done.
Final: Magnetisation = (0.887471,-0.037334), Energy = -1.969898 
<M> = (0.882794,-0.004616), <E> = -1.975748 

T=0.500000	 Thermalizing iterations... 
Done.
Thermalized Magnetisation = (0.878734,-0.022392), Energy = -1.968230 
Averaging iterations... h=0.250000,0.000000
Done.
Final: Magnetisation = (0.878554,-0.030192), Energy = -1.975018 
<M> = (0.885491,-0.003865), <E> = -1.981724 

T=0.490000	 Thermalizing iterations... 
Done.
Thermalized Magnetisation = (0.887974,0.044620), Energy = -1.993000 
Averaging iterations... h=0.250000,0.000000
Done.
Final: Magnetisation = (0.887506,-0.014197), Energy = -1.994803 
<M> = (0.888158,-0.000275), <E> = -1.987983 

T=0.480000	 Thermalizing iterations... 
Done.
Thermalized Magnetisation = (0.877502,0.021109), Energy = -1.977234 
Averaging iterations... h=0.250000,0.000000
Done.
Final: Magnetisation = (0.891706,0.079043), Energy = -1.990753 
<M> = (0.890261,-0.006681), <E> = -1.993379 

T=0.470000	 Thermalizing iterations... 
Done.
Thermalized Magnetisation = (0.889159,0.028768), Energy = -1.992887 
Averaging iterations... h=0.250000,0.000000
Done.
Final: Magnetisation = (0.896363,-0.035183), Energy = -2.004829 
<M> = (0.892755,-0.003357), <E> = -1.998992 

T=0.460000	 Thermalizing iterations... 
Done.
Thermalized Magnetisation = (0.892795,-0.013177), Energy = -2.002185 
Averaging iterations... h=0.250000,0.000000
Done.
Final: Magnetisation = (0.898188,-0.037900), Energy = -2.011404 
<M> = (0.895461,-0.000328), <E> = -2.004870 

T=0.450000	 Thermalizing iterations... 
Done.
Thermalized Magnetisation = (0.895473,-0.051958), Energy = -1.999856 
Averaging iterations... h=0.250000,0.000000
Done.
Final: Magnetisation = (0.901428,0.010437), Energy = -2.017241 
<M> = (0.897654,0.002773), <E> = -2.010965 

T=0.440000	 Thermalizing iterations... 
Done.
Thermalized Magnetisation = (0.904647,0.032338), Energy = -2.014795 
Averaging iterations... h=0.250000,0.000000
Done.
Final: Magnetisation = (0.892175,0.063645), Energy = -2.009813 
<M> = (0.900337,-0.006721), <E> = -2.016595 

T=0.430000	 Thermalizing iterations... 
Done.
Thermalized Magnetisation = (0.905620,0.080517), Energy = -2.029791 
Averaging iterations... h=0.250000,0.000000
Done.
Final: Magnetisation = (0.904926,0.021433), Energy = -2.026748 
<M> = (0.902612,-0.006065), <E> = -2.022200 

T=0.420000	 Thermalizing iterations... 
Done.
Thermalized Magnetisation = (0.902194,0.003336), Energy = -2.025245 
Averaging iterations... h=0.250000,0.000000
Done.
Final: Magnetisation = (0.900539,-0.001626), Energy = -2.017340 
<M> = (0.905007,-0.000885), <E> = -2.028117 

T=0.410000	 Thermalizing iterations... 
Done.
Thermalized Magnetisation = (0.906937,-0.021907), Energy = -2.036026 
Averaging iterations... h=0.250000,0.000000
Done.
Final: Magnetisation = (0.907796,-0.002451), Energy = -2.033102 
<M> = (0.907572,-0.004167), <E> = -2.033618 

T=0.400000	 Thermalizing iterations... 
Done.
Thermalized Magnetisation = (0.911574,-0.032996), Energy = -2.041937 
Averaging iterations... h=0.250000,0.000000
Done.
Final: Magnetisation = (0.907057,-0.063861), Energy = -2.037974 
<M> = (0.909579,0.000756), <E> = -2.039030 

T=0.390000	 Thermalizing iterations... 
Done.
Thermalized Magnetisation = (0.917809,0.024801), Energy = -2.043495 
Averaging iterations... h=0.250000,0.000000
Done.
Final: Magnetisation = (0.918217,0.013168), Energy = -2.047586 
<M> = (0.911952,-0.001487), <E> = -2.044377 

T=0.380000	 Thermalizing iterations... 
Done.
Thermalized Magnetisation = (0.911326,-0.020760), Energy = -2.046347 
Averaging iterations... h=0.250000,0.000000
Done.
Final: Magnetisation = (0.916699,0.066866), Energy = -2.052560 
<M> = (0.914707,0.001962), <E> = -2.050238 

T=0.370000	 Thermalizing iterations... 
Done.
Thermalized Magnetisation = (0.907990,-0.035057), Energy = -2.056667 
Averaging iterations... h=0.250000,0.000000
Done.
Final: Magnetisation = (0.924094,0.025113), Energy = -2.063438 
<M> = (0.916727,-0.007090), <E> = -2.055717 

T=0.360000	 Thermalizing iterations... 
Done.
Thermalized Magnetisation = (0.921570,-0.020630), Energy = -2.068266 
Averaging iterations... h=0.250000,0.000000
Done.
Final: Magnetisation = (0.922517,-0.003331), Energy = -2.071305 
<M> = (0.919077,-0.002200), <E> = -2.061224 

T=0.350000	 Thermalizing iterations... 
Done.
Thermalized Magnetisation = (0.915261,-0.008699), Energy = -2.058901 
Averaging iterations... h=0.250000,0.000000
Done.
Final: Magnetisation = (0.924886,0.018432), Energy = -2.075006 
<M> = (0.921101,0.000426), <E> = -2.066804 

T=0.340000	 Thermalizing iterations... 
Done.
Thermalized Magnetisation = (0.920466,-0.029499), Energy = -2.070254 
Averaging iterations... h=0.250000,0.000000
Done.
Final: Magnetisation = (0.920587,-0.023224), Energy = -2.073902 
<M> = (0.923876,0.001509), <E> = -2.072268 

T=0.330000	 Thermalizing iterations... 
Done.
Thermalized Magnetisation = (0.921335,0.039781), Energy = -2.070764 
Averaging iterations... h=0.250000,0.000000
Done.
Final: Magnetisation = (0.922448,0.016820), Energy = -2.074383 
<M> = (0.925790,-0.001691), <E> = -2.077429 

T=0.320000	 Thermalizing iterations... 
Done.
Thermalized Magnetisation = (0.916775,-0.076894), Energy = -2.073087 
Averaging iterations... h=0.250000,0.000000
Done.
Final: Magnetisation = (0.925275,-0.046476), Energy = -2.075103 
<M> = (0.928279,0.002347), <E> = -2.083052 

T=0.310000	 Thermalizing iterations... 
Done.
Thermalized Magnetisation = (0.933159,-0.027719), Energy = -2.086707 
Averaging iterations... h=0.250000,0.000000
Done.
Final: Magnetisation = (0.925116,-0.002695), Energy = -2.090810 
<M> = (0.930672,-0.000411), <E> = -2.088566 

T=0.300000	 Thermalizing iterations... 
Done.
Thermalized Magnetisation = (0.933940,-0.025489), Energy = -2.097069 
Averaging iterations... h=0.250000,0.000000
Done.
Final: Magnetisation = (0.936078,-0.017792), Energy = -2.093138 
<M> = (0.933333,-0.002056), <E> = -2.094033 

T=0.290000	 Thermalizing iterations... 
Done.
Thermalized Magnetisation = (0.934132,0.015191), Energy = -2.094813 
Averaging iterations... h=0.250000,0.000000
Done.
Final: Magnetisation = (0.938913,-0.022189), Energy = -2.095968 
<M> = (0.935343,-0.005511), <E> = -2.099567 

T=0.280000	 Thermalizing iterations... 
Done.
Thermalized Magnetisation = (0.935639,-0.065295), Energy = -2.102843 
Averaging iterations... h=0.250000,0.000000
Done.
Final: Magnetisation = (0.940431,-0.009389), Energy = -2.110588 
<M> = (0.937393,-0.005183), <E> = -2.104762 

T=0.270000	 Thermalizing iterations... 
Done.
Thermalized Magnetisation = (0.941855,-0.021970), Energy = -2.111246 
Averaging iterations... h=0.250000,0.000000
Done.
Final: Magnetisation = (0.940026,0.011474), Energy = -2.108780 
<M> = (0.939975,-0.000163), <E> = -2.110222 

T=0.260000	 Thermalizing iterations... 
Done.
Thermalized Magnetisation = (0.940247,0.021082), Energy = -2.111920 
Averaging iterations... h=0.250000,0.000000
Done.
Final: Magnetisation = (0.945536,-0.028187), Energy = -2.117181 
<M> = (0.942181,0.002308), <E> = -2.115505 

T=0.250000	 Thermalizing iterations... 
Done.
Thermalized Magnetisation = (0.939048,0.013225), Energy = -2.123548 
Averaging iterations... h=0.250000,0.000000
Done.
Final: Magnetisation = (0.942429,0.015423), Energy = -2.118730 
<M> = (0.944480,0.002231), <E> = -2.120959 

T=0.240000	 Thermalizing iterations... 
Done.
Thermalized Magnetisation = (0.947412,-0.002144), Energy = -2.126677 
Averaging iterations... h=0.250000,0.000000
Done.
Final: Magnetisation = (0.941898,-0.018881), Energy = -2.122435 
<M> = (0.946665,0.000912), <E> = -2.126192 

T=0.230000	 Thermalizing iterations... 
Done.
Thermalized Magnetisation = (0.949605,-0.026284), Energy = -2.128779 
Averaging iterations... h=0.250000,0.000000
Done.
Final: Magnetisation = (0.949471,0.012899), Energy = -2.134187 
<M> = (0.949035,0.000843), <E> = -2.131614 

T=0.220000	 Thermalizing iterations... 
Done.
Thermalized Magnetisation = (0.950206,0.014903), Energy = -2.135304 
Averaging iterations... h=0.250000,0.000000
Done.
Final: Magnetisation = (0.946173,-0.019429), Energy = -2.131070 
<M> = (0.951580,-0.005879), <E> = -2.136753 

T=0.210000	 Thermalizing iterations... 
Done.
Thermalized Magnetisation = (0.952690,-0.000344), Energy = -2.139196 
Averaging iterations... h=0.250000,0.000000
Done.
Final: Magnetisation = (0.952286,-0.006304), Energy = -2.142202 
<M> = (0.953777,-0.000795), <E> = -2.142076 

T=0.200000	 Thermalizing iterations... 
Done.
Thermalized Magnetisation = (0.957785,-0.011019), Energy = -2.148322 
Averaging iterations... h=0.250000,0.000000
Done.
Final: Magnetisation = (0.960721,0.006823), Energy = -2.150722 
<M> = (0.956042,0.000066), <E> = -2.147457 

T=0.190000	 Thermalizing iterations... 
Done.
Thermalized Magnetisation = (0.956875,-0.003019), Energy = -2.154268 
Averaging iterations... h=0.250000,0.000000
Done.
Final: Magnetisation = (0.958072,0.008087), Energy = -2.151353 
<M> = (0.958304,-0.001076), <E> = -2.152668 

T=0.180000	 Thermalizing iterations... 
Done.
Thermalized Magnetisation = (0.959966,-0.036827), Energy = -2.159257 
Averaging iterations... h=0.250000,0.000000
Done.
Final: Magnetisation = (0.961930,-0.001537), Energy = -2.158670 
<M> = (0.960582,-0.003000), <E> = -2.157860 

T=0.170000	 Thermalizing iterations... 
Done.
Thermalized Magnetisation = (0.963147,0.011180), Energy = -2.160920 
Averaging iterations... h=0.250000,0.000000
Done.
Final: Magnetisation = (0.964110,0.006160), Energy = -2.161848 
<M> = (0.962861,-0.001849), <E> = -2.163183 

T=0.160000	 Thermalizing iterations... 
Done.
Thermalized Magnetisation = (0.963840,-0.008926), Energy = -2.168579 
Averaging iterations... h=0.250000,0.000000
Done.
Final: Magnetisation = (0.965440,0.020215), Energy = -2.165563 
<M> = (0.964780,-0.003640), <E> = -2.168380 

T=0.150000	 Thermalizing iterations... 
Done.
Thermalized Magnetisation = (0.966218,-0.002165), Energy = -2.170075 
Averaging iterations... h=0.250000,0.000000
Done.
Final: Magnetisation = (0.968912,-0.021028), Energy = -2.177583 
<M> = (0.967048,-0.005575), <E> = -2.173345 

T=0.140000	 Thermalizing iterations... 
Done.
Thermalized Magnetisation = (0.970716,0.002740), Energy = -2.182522 
Averaging iterations... h=0.250000,0.000000
Done.
Final: Magnetisation = (0.970256,-0.013774), Energy = -2.179147 
<M> = (0.969528,-0.001741), <E> = -2.178683 

T=0.130000	 Thermalizing iterations... 
Done.
Thermalized Magnetisation = (0.973034,-0.011607), Energy = -2.185526 
Averaging iterations... h=0.250000,0.000000
Done.
Final: Magnetisation = (0.972563,-0.011655), Energy = -2.187641 
<M> = (0.971541,-0.003226), <E> = -2.183716 

T=0.120000	 Thermalizing iterations... 
Done.
Thermalized Magnetisation = (0.972820,-0.005238), Energy = -2.187236 
Averaging iterations... h=0.250000,0.000000
Done.
Final: Magnetisation = (0.971183,0.005797), Energy = -2.189544 
<M> = (0.973729,0.000871), <E> = -2.188876 

T=0.110000	 Thermalizing iterations... 
Done.
Thermalized Magnetisation = (0.973922,0.010787), Energy = -2.192867 
Averaging iterations... h=0.250000,0.000000
Done.
Final: Magnetisation = (0.975456,-0.002373), Energy = -2.195475 
<M> = (0.976055,0.002379), <E> = -2.194077 

T=0.100000	 Thermalizing iterations... 
Done.
Thermalized Magnetisation = (0.976169,0.026378), Energy = -2.196007 
Averaging iterations... h=0.250000,0.000000
Done.
Final: Magnetisation = (0.978950,-0.010023), Energy = -2.202242 
<M> = (0.977927,-0.001412), <E> = -2.199253 

T=0.090000	 Thermalizing iterations... 
Done.
Thermalized Magnetisation = (0.980387,0.002724), Energy = -2.205595 
Averaging iterations... h=0.250000,0.000000
Done.
Final: Magnetisation = (0.979941,0.012589), Energy = -2.204226 
<M> = (0.980411,-0.002781), <E> = -2.204398 

T=0.080000	 Thermalizing iterations... 
Done.
Thermalized Magnetisation = (0.983120,-0.001838), Energy = -2.210890 
Averaging iterations... h=0.250000,0.000000
Done.
Final: Magnetisation = (0.983838,-0.005433), Energy = -2.210955 
<M> = (0.982501,0.001650), <E> = -2.209336 

T=0.070000	 Thermalizing iterations... 
Done.
Thermalized Magnetisation = (0.985077,-0.007960), Energy = -2.214951 
Averaging iterations... h=0.250000,0.000000
Done.
Final: Magnetisation = (0.983658,0.007789), Energy = -2.212988 
<M> = (0.984595,-0.002856), <E> = -2.214479 

T=0.060000	 Thermalizing iterations... 
Done.
Thermalized Magnetisation = (0.986991,0.000657), Energy = -2.218405 
Averaging iterations... h=0.250000,0.000000
Done.
Final: Magnetisation = (0.987336,-0.000450), Energy = -2.219797 
<M> = (0.986736,-0.002691), <E> = -2.219464 

T=0.050000	 Thermalizing iterations... 
Done.
Thermalized Magnetisation = (0.988885,-0.015459), Energy = -2.224713 
Averaging iterations... h=0.250000,0.000000
Done.
Final: Magnetisation = (0.989380,-0.007991), Energy = -2.225161 
<M> = (0.989052,0.001721), <E> = -2.224570 

T=0.040000	 Thermalizing iterations... 
Done.
Thermalized Magnetisation = (0.991430,-0.004520), Energy = -2.230301 
Averaging iterations... h=0.250000,0.000000
Done.
Final: Magnetisation = (0.991090,-0.019473), Energy = -2.230135 
<M> = (0.991283,-0.000479), <E> = -2.229667 

T=0.030000	 Thermalizing iterations... 
Done.
Thermalized Magnetisation = (0.993377,0.011506), Energy = -2.234515 
Averaging iterations... h=0.250000,0.000000
Done.
Final: Magnetisation = (0.993282,-0.012349), Energy = -2.234835 
<M> = (0.993390,-0.003431), <E> = -2.234714 

T=0.020000	 Thermalizing iterations... 
Done.
Thermalized Magnetisation = (0.995573,-0.004883), Energy = -2.239577 
Averaging iterations... h=0.250000,0.000000
Done.
Final: Magnetisation = (0.995733,-0.004899), Energy = -2.239766 
<M> = (0.995637,-0.003219), <E> = -2.239712 

T=0.010000	 Thermalizing iterations... 
Done.
Thermalized Magnetisation = (0.997864,-0.001630), Energy = -2.244703 
Averaging iterations... h=0.250000,0.000000
Done.
Final: Magnetisation = (0.997894,-0.009282), Energy = -2.244985 
<M> = (0.997802,-0.001367), <E> = -2.244732 
Final Magnetisation = (0.997894,-0.009282), Energy = -2.244985 
------------------------

Updating all (first)black/(then)white checkerboard sites simultaneously.. 

ztne RFXY h rotating with |h|=0.250000 at T=0.000000..
loop 1

loop 2

CPU  Start Time = 3342875.647935 

CPU  End Time = 3350761.142859 

CPU Time elapsed total = 7885.494924 

real	131m25.548s
user	2161m58.157s
sys	1m1.620s
