nearest neighbor initialized. 
J loaded. 
h loaded. 
L = 32, dim_L = 2, dim_S = 2
hysteresis_MCS_multiplier = 10, hysteresis_MCS_max = 100
RAND_MAX = 2147483647.000000,
 sizeof(int) = 4,
 sizeof(long) = 8,
 sizeof(double) = 8,
 sizeof(long int) = 8,
 sizeof(short int) = 2,
 sizeof(unsigned int) = 4,
 sizeof(RAND_MAX) = 4

OpenMP Active.

No. of THREADS = 24
No. of PROCESSORS = 24

0.147111,0.076249
order = ({1.000000-->-1.000000,0.000000}, 0, 1)
Initial Magnetisation = (0.147111,0.076249), Energy = -0.033278 
Cooling... 
T=2.000000	 Thermalizing iterations... 
Done.
Thermalized Magnetisation = (0.027535,-0.262403), Energy = -0.600597 
Averaging iterations... h=0.071429,0.000000
Done.
Final: Magnetisation = (-0.048244,0.044939), Energy = -0.702922 
<M> = (0.043849,-0.000590), <E> = -0.754813 

T=1.950000	 Thermalizing iterations... 
Done.
Thermalized Magnetisation = (0.090838,0.147614), Energy = -0.962871 
Averaging iterations... h=0.071429,0.000000
Done.
Final: Magnetisation = (-0.076023,-0.096533), Energy = -0.612106 
<M> = (0.045919,0.003803), <E> = -0.772416 

T=1.900000	 Thermalizing iterations... 
Done.
Thermalized Magnetisation = (0.058961,0.201434), Energy = -0.888689 
Averaging iterations... h=0.071429,0.000000
Done.
Final: Magnetisation = (0.066622,0.150827), Energy = -0.810812 
<M> = (0.049911,0.007661), <E> = -0.791406 

T=1.850000	 Thermalizing iterations... 
Done.
Thermalized Magnetisation = (-0.100222,-0.013374), Energy = -0.757438 
Averaging iterations... h=0.071429,0.000000
Done.
Final: Magnetisation = (0.109614,0.025723), Energy = -0.967794 
<M> = (0.055012,0.003947), <E> = -0.811887 

T=1.800000	 Thermalizing iterations... 
Done.
Thermalized Magnetisation = (-0.003597,-0.166301), Energy = -0.702829 
Averaging iterations... h=0.071429,0.000000
Done.
Final: Magnetisation = (0.055221,0.081790), Energy = -0.795890 
<M> = (0.053202,0.003825), <E> = -0.835866 

T=1.750000	 Thermalizing iterations... 
Done.
Thermalized Magnetisation = (0.286454,0.332868), Energy = -0.972625 
Averaging iterations... h=0.071429,0.000000
Done.
Final: Magnetisation = (-0.012091,-0.006156), Energy = -0.652181 
<M> = (0.063847,0.005270), <E> = -0.859147 

T=1.700000	 Thermalizing iterations... 
Done.
Thermalized Magnetisation = (-0.105293,0.193331), Energy = -0.563209 
Averaging iterations... h=0.071429,0.000000
Done.
Final: Magnetisation = (0.262675,-0.126954), Energy = -1.040419 
<M> = (0.066882,-0.003535), <E> = -0.881679 

T=1.650000	 Thermalizing iterations... 
Done.
Thermalized Magnetisation = (0.065327,0.312602), Energy = -0.911374 
Averaging iterations... h=0.071429,0.000000
Done.
Final: Magnetisation = (0.041789,-0.123581), Energy = -0.856826 
<M> = (0.069088,-0.003204), <E> = -0.905235 

T=1.600000	 Thermalizing iterations... 
Done.
Thermalized Magnetisation = (0.106336,0.009780), Energy = -1.040095 
Averaging iterations... h=0.071429,0.000000
Done.
Final: Magnetisation = (0.166758,0.049463), Energy = -0.984473 
<M> = (0.080503,0.000493), <E> = -0.931135 

T=1.550000	 Thermalizing iterations... 
Done.
Thermalized Magnetisation = (0.084333,-0.118192), Energy = -0.823501 
Averaging iterations... h=0.071429,0.000000
Done.
Final: Magnetisation = (0.014008,-0.186263), Energy = -0.867003 
<M> = (0.082205,0.002340), <E> = -0.955678 

T=1.500000	 Thermalizing iterations... 
Done.
Thermalized Magnetisation = (-0.025031,0.119336), Energy = -0.878253 
Averaging iterations... h=0.071429,0.000000
Done.
Final: Magnetisation = (0.436673,0.127159), Energy = -1.141095 
<M> = (0.104120,0.004942), <E> = -0.991187 

T=1.450000	 Thermalizing iterations... 
Done.
Thermalized Magnetisation = (0.362675,-0.137738), Energy = -0.934927 
Averaging iterations... h=0.071429,0.000000
Done.
Final: Magnetisation = (0.315624,0.038530), Energy = -1.034405 
<M> = (0.099762,-0.001778), <E> = -1.020493 

T=1.400000	 Thermalizing iterations... 
Done.
Thermalized Magnetisation = (-0.069611,-0.197349), Energy = -0.922462 
Averaging iterations... h=0.071429,0.000000
Done.
Final: Magnetisation = (-0.104348,0.070849), Energy = -0.949216 
<M> = (0.116561,0.015850), <E> = -1.054415 

T=1.350000	 Thermalizing iterations... 
Done.
Thermalized Magnetisation = (0.084120,-0.198165), Energy = -1.064638 
Averaging iterations... h=0.071429,0.000000
Done.
Final: Magnetisation = (0.242440,-0.301380), Energy = -1.152825 
<M> = (0.124915,-0.002627), <E> = -1.089617 

T=1.300000	 Thermalizing iterations... 
Done.
Thermalized Magnetisation = (0.377348,0.067645), Energy = -1.173368 
Averaging iterations... h=0.071429,0.000000
Done.
Final: Magnetisation = (-0.090848,-0.009260), Energy = -1.022584 
<M> = (0.136130,0.005637), <E> = -1.125017 

T=1.250000	 Thermalizing iterations... 
Done.
Thermalized Magnetisation = (-0.062307,-0.069981), Energy = -1.100716 
Averaging iterations... h=0.071429,0.000000
Done.
Final: Magnetisation = (0.063072,0.179169), Energy = -1.200868 
<M> = (0.158410,0.003781), <E> = -1.160094 

T=1.200000	 Thermalizing iterations... 
Done.
Thermalized Magnetisation = (0.232564,-0.141732), Energy = -1.143235 
Averaging iterations... h=0.071429,0.000000
Done.
Final: Magnetisation = (0.267857,0.046382), Energy = -1.205865 
<M> = (0.175641,0.001752), <E> = -1.205950 

T=1.150000	 Thermalizing iterations... 
Done.
Thermalized Magnetisation = (0.162378,0.130264), Energy = -1.231924 
Averaging iterations... h=0.071429,0.000000
Done.
Final: Magnetisation = (0.353252,-0.030722), Energy = -1.189349 
<M> = (0.202171,0.001427), <E> = -1.245017 

T=1.100000	 Thermalizing iterations... 
Done.
Thermalized Magnetisation = (0.389494,0.077991), Energy = -1.325388 
Averaging iterations... h=0.071429,0.000000
Done.
Final: Magnetisation = (0.373792,0.013019), Energy = -1.312121 
<M> = (0.242918,0.020535), <E> = -1.296766 

T=1.050000	 Thermalizing iterations... 
Done.
Thermalized Magnetisation = (0.275390,0.029155), Energy = -1.375649 
Averaging iterations... h=0.071429,0.000000
Done.
Final: Magnetisation = (0.293356,0.352541), Energy = -1.413132 
<M> = (0.262521,0.011557), <E> = -1.342146 

T=1.000000	 Thermalizing iterations... 
Done.
Thermalized Magnetisation = (0.399070,0.034287), Energy = -1.448897 
Averaging iterations... h=0.071429,0.000000
Done.
Final: Magnetisation = (0.354911,0.035752), Energy = -1.383618 
<M> = (0.278158,0.019892), <E> = -1.387324 

T=0.950000	 Thermalizing iterations... 
Done.
Thermalized Magnetisation = (0.458520,-0.426587), Energy = -1.467836 
Averaging iterations... h=0.071429,0.000000
Done.
Final: Magnetisation = (0.466197,0.084985), Energy = -1.459141 
<M> = (0.305250,-0.016112), <E> = -1.436134 

T=0.900000	 Thermalizing iterations... 
Done.
Thermalized Magnetisation = (0.290204,0.431343), Energy = -1.536171 
Averaging iterations... h=0.071429,0.000000
Done.
Final: Magnetisation = (0.409989,0.104137), Energy = -1.481468 
<M> = (0.348326,0.002407), <E> = -1.489379 

T=0.850000	 Thermalizing iterations... 
Done.
Thermalized Magnetisation = (0.527427,0.006526), Energy = -1.580962 
Averaging iterations... h=0.071429,0.000000
Done.
Final: Magnetisation = (0.404369,-0.048825), Energy = -1.460316 
<M> = (0.411373,0.031476), <E> = -1.537500 

T=0.800000	 Thermalizing iterations... 
Done.
Thermalized Magnetisation = (0.408131,-0.302859), Energy = -1.539611 
Averaging iterations... h=0.071429,0.000000
Done.
Final: Magnetisation = (0.281975,-0.301442), Energy = -1.630672 
<M> = (0.442665,0.097392), <E> = -1.585349 

T=0.750000	 Thermalizing iterations... 
Done.
Thermalized Magnetisation = (0.616687,-0.176909), Energy = -1.676913 
Averaging iterations... h=0.071429,0.000000
Done.
Final: Magnetisation = (0.565658,0.029473), Energy = -1.543672 
<M> = (0.476101,0.076337), <E> = -1.624163 

T=0.700000	 Thermalizing iterations... 
Done.
Thermalized Magnetisation = (0.296358,0.228436), Energy = -1.665638 
Averaging iterations... h=0.071429,0.000000
Done.
Final: Magnetisation = (0.339761,-0.648174), Energy = -1.711753 
<M> = (0.470623,0.236590), <E> = -1.662790 

T=0.650000	 Thermalizing iterations... 
Done.
Thermalized Magnetisation = (0.482956,-0.533810), Energy = -1.623469 
Averaging iterations... h=0.071429,0.000000
Done.
Final: Magnetisation = (0.439717,-0.572235), Energy = -1.701480 
<M> = (0.539295,-0.143628), <E> = -1.702602 

T=0.600000	 Thermalizing iterations... 
Done.
Thermalized Magnetisation = (0.624187,0.337097), Energy = -1.767418 
Averaging iterations... h=0.071429,0.000000
Done.
Final: Magnetisation = (0.459215,-0.488379), Energy = -1.671686 
<M> = (0.534471,-0.372619), <E> = -1.737810 

T=0.550000	 Thermalizing iterations... 
Done.
Thermalized Magnetisation = (0.356990,0.659718), Energy = -1.718614 
Averaging iterations... h=0.071429,0.000000
Done.
Final: Magnetisation = (0.649091,0.122504), Energy = -1.740752 
<M> = (0.532939,0.444349), <E> = -1.770759 

T=0.500000	 Thermalizing iterations... 
Done.
Thermalized Magnetisation = (0.671157,0.337403), Energy = -1.841609 
Averaging iterations... h=0.071429,0.000000
Done.
Final: Magnetisation = (0.594217,0.239739), Energy = -1.827396 
<M> = (0.537059,0.425462), <E> = -1.801013 

T=0.450000	 Thermalizing iterations... 
Done.
Thermalized Magnetisation = (0.570387,0.564987), Energy = -1.869174 
Averaging iterations... h=0.071429,0.000000
Done.
Final: Magnetisation = (0.470580,-0.605286), Energy = -1.806982 
<M> = (0.544744,0.333876), <E> = -1.831645 

T=0.400000	 Thermalizing iterations... 
Done.
Thermalized Magnetisation = (0.612240,-0.361292), Energy = -1.856091 
Averaging iterations... h=0.071429,0.000000
Done.
Final: Magnetisation = (0.498321,-0.688103), Energy = -1.891547 
<M> = (0.502535,-0.589197), <E> = -1.860782 

T=0.350000	 Thermalizing iterations... 
Done.
Thermalized Magnetisation = (0.298077,-0.755327), Energy = -1.892340 
Averaging iterations... h=0.071429,0.000000
Done.
Final: Magnetisation = (0.498310,-0.665986), Energy = -1.894730 
<M> = (0.504361,-0.614074), <E> = -1.890765 

T=0.300000	 Thermalizing iterations... 
Done.
Thermalized Magnetisation = (0.617227,-0.519146), Energy = -1.916411 
Averaging iterations... h=0.071429,0.000000
Done.
Final: Magnetisation = (0.386187,-0.711154), Energy = -1.932001 
<M> = (0.498826,-0.633372), <E> = -1.917356 

T=0.250000	 Thermalizing iterations... 
Done.
Thermalized Magnetisation = (0.621454,-0.536986), Energy = -1.938290 
Averaging iterations... h=0.071429,0.000000
Done.
Final: Magnetisation = (0.441919,-0.694358), Energy = -1.940089 
<M> = (0.474567,-0.693960), <E> = -1.945648 

T=0.200000	 Thermalizing iterations... 
Done.
Thermalized Magnetisation = (0.500867,-0.702567), Energy = -1.959579 
Averaging iterations... h=0.071429,0.000000
Done.
Final: Magnetisation = (0.592335,-0.584438), Energy = -1.980625 
<M> = (0.502479,-0.687594), <E> = -1.971688 

T=0.150000	 Thermalizing iterations... 
Done.
Thermalized Magnetisation = (0.486799,-0.709327), Energy = -1.991853 
Averaging iterations... h=0.071429,0.000000
Done.
Final: Magnetisation = (0.491746,-0.749951), Energy = -2.005365 
<M> = (0.509808,-0.697405), <E> = -1.997864 

T=0.100000	 Thermalizing iterations... 
Done.
Thermalized Magnetisation = (0.491005,-0.759505), Energy = -2.028529 
Averaging iterations... h=0.071429,0.000000
Done.
Final: Magnetisation = (0.553083,-0.714788), Energy = -2.028891 
<M> = (0.488130,-0.740902), <E> = -2.024151 

T=0.050000	 Thermalizing iterations... 
Done.
Thermalized Magnetisation = (0.544401,-0.730705), Energy = -2.048223 
Averaging iterations... h=0.071429,0.000000
Done.
Final: Magnetisation = (0.462347,-0.767598), Energy = -2.047770 
<M> = (0.486864,-0.754624), <E> = -2.049651 
Final Magnetisation = (0.462347,-0.767598), Energy = -2.047770 
------------------------

Updating all (first)black/(then)white checkerboard sites simultaneously.. 

ztne RFXY h rotating with |h|=0.071429 at T=0.000000..
loop 1

loop 2

Cooling protocol time (from T=2.000000 to T=0.000000) = 194.164569 

CPU Time elapsed total = 194.172196 
All done - 195 seconds elapsed.
