nearest neighbor initialized. 
J loaded. 
h loaded. 
L = 32, dim_L = 2, dim_S = 2
hysteresis_MCS_multiplier = 10, hysteresis_MCS_max = 100
RAND_MAX = 2147483647.000000,
 sizeof(int) = 4,
 sizeof(long) = 8,
 sizeof(double) = 8,
 sizeof(long int) = 8,
 sizeof(short int) = 2,
 sizeof(unsigned int) = 4,
 sizeof(RAND_MAX) = 4

OpenMP Active.

No. of THREADS = 24
No. of PROCESSORS = 24

0.143797,0.074928
order = ({1.000000-->-1.000000,0.000000}, 0, 1)
Initial Magnetisation = (0.143797,0.074928), Energy = -0.038320 
Cooling... 
T=2.000000	 Thermalizing iterations... 
Done.
Thermalized Magnetisation = (0.022017,-0.265336), Energy = -0.601114 
Averaging iterations... h=0.071429,0.000000
Done.
Final: Magnetisation = (-0.161973,0.105040), Energy = -0.826971 
<M> = (0.066610,0.002216), <E> = -0.753684 

T=1.950000	 Thermalizing iterations... 
Done.
Thermalized Magnetisation = (-0.245096,-0.065412), Energy = -0.759399 
Averaging iterations... h=0.071429,0.000000
Done.
Final: Magnetisation = (-0.030587,-0.196862), Energy = -0.837660 
<M> = (0.065682,0.000376), <E> = -0.772592 

T=1.900000	 Thermalizing iterations... 
Done.
Thermalized Magnetisation = (0.080047,-0.281638), Energy = -0.688144 
Averaging iterations... h=0.071429,0.000000
Done.
Final: Magnetisation = (-0.088724,0.075182), Energy = -0.794930 
<M> = (0.074939,0.007035), <E> = -0.792969 

T=1.850000	 Thermalizing iterations... 
Done.
Thermalized Magnetisation = (0.018120,-0.197758), Energy = -0.806655 
Averaging iterations... h=0.071429,0.000000
Done.
Final: Magnetisation = (0.110036,0.073028), Energy = -0.699406 
<M> = (0.079319,0.002142), <E> = -0.817261 

T=1.800000	 Thermalizing iterations... 
Done.
Thermalized Magnetisation = (0.041614,0.054170), Energy = -0.724826 
Averaging iterations... h=0.071429,0.000000
Done.
Final: Magnetisation = (0.105352,-0.087488), Energy = -0.675800 
<M> = (0.080561,0.001562), <E> = -0.835881 

T=1.750000	 Thermalizing iterations... 
Done.
Thermalized Magnetisation = (0.201063,-0.258712), Energy = -0.924741 
Averaging iterations... h=0.071429,0.000000
Done.
Final: Magnetisation = (0.173301,0.107512), Energy = -0.996291 
<M> = (0.090275,-0.000407), <E> = -0.861192 

T=1.700000	 Thermalizing iterations... 
Done.
Thermalized Magnetisation = (-0.179745,0.009881), Energy = -0.734967 
Averaging iterations... h=0.071429,0.000000
Done.
Final: Magnetisation = (0.064999,-0.153421), Energy = -0.930771 
<M> = (0.097940,0.002691), <E> = -0.885279 

T=1.650000	 Thermalizing iterations... 
Done.
Thermalized Magnetisation = (-0.013583,0.261518), Energy = -0.904406 
Averaging iterations... h=0.071429,0.000000
Done.
Final: Magnetisation = (0.019618,-0.068878), Energy = -0.811802 
<M> = (0.101799,-0.001627), <E> = -0.907900 

T=1.600000	 Thermalizing iterations... 
Done.
Thermalized Magnetisation = (0.146955,-0.218946), Energy = -0.988406 
Averaging iterations... h=0.071429,0.000000
Done.
Final: Magnetisation = (-0.077877,-0.122863), Energy = -0.849355 
<M> = (0.114821,0.003626), <E> = -0.934983 

T=1.550000	 Thermalizing iterations... 
Done.
Thermalized Magnetisation = (0.092206,0.091084), Energy = -1.002322 
Averaging iterations... h=0.071429,0.000000
Done.
Final: Magnetisation = (0.102277,0.089587), Energy = -0.937923 
<M> = (0.122738,0.001021), <E> = -0.963532 

T=1.500000	 Thermalizing iterations... 
Done.
Thermalized Magnetisation = (0.039282,-0.141056), Energy = -1.132860 
Averaging iterations... h=0.071429,0.000000
Done.
Final: Magnetisation = (0.278187,0.161505), Energy = -1.021460 
<M> = (0.141402,0.009793), <E> = -0.991449 

T=1.450000	 Thermalizing iterations... 
Done.
Thermalized Magnetisation = (0.023659,-0.122072), Energy = -0.894527 
Averaging iterations... h=0.071429,0.000000
Done.
Final: Magnetisation = (0.044450,0.116005), Energy = -0.982311 
<M> = (0.154312,0.003716), <E> = -1.024593 

T=1.400000	 Thermalizing iterations... 
Done.
Thermalized Magnetisation = (0.229019,0.119115), Energy = -1.072732 
Averaging iterations... h=0.071429,0.000000
Done.
Final: Magnetisation = (0.289335,-0.028613), Energy = -0.853202 
<M> = (0.166460,0.013007), <E> = -1.062347 

T=1.350000	 Thermalizing iterations... 
Done.
Thermalized Magnetisation = (0.294001,-0.007445), Energy = -1.130542 
Averaging iterations... h=0.071429,0.000000
Done.
Final: Magnetisation = (0.309585,-0.025554), Energy = -1.035947 
<M> = (0.190234,-0.000823), <E> = -1.095535 

T=1.300000	 Thermalizing iterations... 
Done.
Thermalized Magnetisation = (0.015261,-0.018352), Energy = -1.076545 
Averaging iterations... h=0.071429,0.000000
Done.
Final: Magnetisation = (-0.036316,0.025199), Energy = -1.099875 
<M> = (0.203090,0.007360), <E> = -1.133259 

T=1.250000	 Thermalizing iterations... 
Done.
Thermalized Magnetisation = (0.130474,-0.255170), Energy = -1.109642 
Averaging iterations... h=0.071429,0.000000
Done.
Final: Magnetisation = (0.108606,0.256154), Energy = -1.034914 
<M> = (0.228524,0.000093), <E> = -1.176407 

T=1.200000	 Thermalizing iterations... 
Done.
Thermalized Magnetisation = (0.116444,-0.218371), Energy = -1.202780 
Averaging iterations... h=0.071429,0.000000
Done.
Final: Magnetisation = (0.255795,0.068292), Energy = -1.202293 
<M> = (0.257676,0.004837), <E> = -1.219973 

T=1.150000	 Thermalizing iterations... 
Done.
Thermalized Magnetisation = (0.276736,-0.118137), Energy = -1.138149 
Averaging iterations... h=0.071429,0.000000
Done.
Final: Magnetisation = (0.189120,0.156090), Energy = -1.121536 
<M> = (0.294837,-0.002993), <E> = -1.262194 

T=1.100000	 Thermalizing iterations... 
Done.
Thermalized Magnetisation = (0.078218,-0.326994), Energy = -1.301721 
Averaging iterations... h=0.071429,0.000000
Done.
Final: Magnetisation = (0.482752,-0.095185), Energy = -1.462778 
<M> = (0.329134,-0.002688), <E> = -1.312177 

T=1.050000	 Thermalizing iterations... 
Done.
Thermalized Magnetisation = (0.403705,-0.065502), Energy = -1.447900 
Averaging iterations... h=0.071429,0.000000
Done.
Final: Magnetisation = (0.419688,0.283412), Energy = -1.380786 
<M> = (0.373944,0.022674), <E> = -1.362938 

T=1.000000	 Thermalizing iterations... 
Done.
Thermalized Magnetisation = (0.538059,0.033106), Energy = -1.519687 
Averaging iterations... h=0.071429,0.000000
Done.
Final: Magnetisation = (0.186707,-0.007457), Energy = -1.172792 
<M> = (0.396765,0.014112), <E> = -1.408263 

T=0.950000	 Thermalizing iterations... 
Done.
Thermalized Magnetisation = (0.439166,0.191378), Energy = -1.579138 
Averaging iterations... h=0.071429,0.000000
Done.
Final: Magnetisation = (0.589389,0.186187), Energy = -1.411118 
<M> = (0.450635,-0.023553), <E> = -1.461890 

T=0.900000	 Thermalizing iterations... 
Done.
Thermalized Magnetisation = (0.548896,-0.242715), Energy = -1.553118 
Averaging iterations... h=0.071429,0.000000
Done.
Final: Magnetisation = (0.617168,-0.270612), Energy = -1.541463 
<M> = (0.483375,0.025211), <E> = -1.515128 

T=0.850000	 Thermalizing iterations... 
Done.
Thermalized Magnetisation = (0.598423,-0.093979), Energy = -1.553482 
Averaging iterations... h=0.071429,0.000000
Done.
Final: Magnetisation = (0.585409,0.126427), Energy = -1.492885 
<M> = (0.545190,0.007387), <E> = -1.559272 

T=0.800000	 Thermalizing iterations... 
Done.
Thermalized Magnetisation = (0.606225,0.240434), Energy = -1.600016 
Averaging iterations... h=0.071429,0.000000
Done.
Final: Magnetisation = (0.448786,0.198610), Energy = -1.490909 
<M> = (0.578018,0.016664), <E> = -1.606961 

T=0.750000	 Thermalizing iterations... 
Done.
Thermalized Magnetisation = (0.469941,-0.463717), Energy = -1.684739 
Averaging iterations... h=0.071429,0.000000
Done.
Final: Magnetisation = (0.707706,0.077471), Energy = -1.697231 
<M> = (0.609874,0.013591), <E> = -1.645162 

T=0.700000	 Thermalizing iterations... 
Done.
Thermalized Magnetisation = (0.695213,-0.370840), Energy = -1.707750 
Averaging iterations... h=0.071429,0.000000
Done.
Final: Magnetisation = (0.567465,0.089272), Energy = -1.674279 
<M> = (0.614648,0.032968), <E> = -1.682415 

T=0.650000	 Thermalizing iterations... 
Done.
Thermalized Magnetisation = (0.728372,-0.203644), Energy = -1.723999 
Averaging iterations... h=0.071429,0.000000
Done.
Final: Magnetisation = (0.754082,-0.022784), Energy = -1.729936 
<M> = (0.666443,-0.081757), <E> = -1.720558 

T=0.600000	 Thermalizing iterations... 
Done.
Thermalized Magnetisation = (0.672686,0.236883), Energy = -1.765377 
Averaging iterations... h=0.071429,0.000000
Done.
Final: Magnetisation = (0.691605,-0.355377), Energy = -1.778950 
<M> = (0.680319,-0.036189), <E> = -1.754164 

T=0.550000	 Thermalizing iterations... 
Done.
Thermalized Magnetisation = (0.769443,0.218557), Energy = -1.831751 
Averaging iterations... h=0.071429,0.000000
Done.
Final: Magnetisation = (0.730619,0.318477), Energy = -1.756489 
<M> = (0.709970,0.059459), <E> = -1.785918 

T=0.500000	 Thermalizing iterations... 
Done.
Thermalized Magnetisation = (0.772988,-0.160659), Energy = -1.797886 
Averaging iterations... h=0.071429,0.000000
Done.
Final: Magnetisation = (0.663530,-0.388084), Energy = -1.820714 
<M> = (0.709970,-0.091954), <E> = -1.814608 

T=0.450000	 Thermalizing iterations... 
Done.
Thermalized Magnetisation = (0.725150,0.417727), Energy = -1.865595 
Averaging iterations... h=0.071429,0.000000
Done.
Final: Magnetisation = (0.692087,-0.241044), Energy = -1.837611 
<M> = (0.739717,0.081233), <E> = -1.843467 

T=0.400000	 Thermalizing iterations... 
Done.
Thermalized Magnetisation = (0.719901,0.216420), Energy = -1.876930 
Averaging iterations... h=0.071429,0.000000
Done.
Final: Magnetisation = (0.855608,-0.052761), Energy = -1.897883 
<M> = (0.764903,-0.026743), <E> = -1.871925 

T=0.350000	 Thermalizing iterations... 
Done.
Thermalized Magnetisation = (0.752384,-0.337323), Energy = -1.862639 
Averaging iterations... h=0.071429,0.000000
Done.
Final: Magnetisation = (0.753589,0.336026), Energy = -1.908760 
<M> = (0.757211,-0.130582), <E> = -1.899712 

T=0.300000	 Thermalizing iterations... 
Done.
Thermalized Magnetisation = (0.618946,0.473935), Energy = -1.913567 
Averaging iterations... h=0.071429,0.000000
Done.
Final: Magnetisation = (0.684118,0.571639), Energy = -1.922590 
<M> = (0.746133,0.059014), <E> = -1.927817 

T=0.250000	 Thermalizing iterations... 
Done.
Thermalized Magnetisation = (0.838311,0.220666), Energy = -1.968752 
Averaging iterations... h=0.071429,0.000000
Done.
Final: Magnetisation = (0.826055,0.218594), Energy = -1.947469 
<M> = (0.790714,0.270008), <E> = -1.953485 

T=0.200000	 Thermalizing iterations... 
Done.
Thermalized Magnetisation = (0.833877,0.343736), Energy = -1.975895 
Averaging iterations... h=0.071429,0.000000
Done.
Final: Magnetisation = (0.719104,0.588919), Energy = -1.987886 
<M> = (0.767990,0.417031), <E> = -1.981406 

T=0.150000	 Thermalizing iterations... 
Done.
Thermalized Magnetisation = (0.696531,0.614032), Energy = -2.011427 
Averaging iterations... h=0.071429,0.000000
Done.
Final: Magnetisation = (0.744275,0.549734), Energy = -2.010656 
<M> = (0.736153,0.540095), <E> = -2.008141 

T=0.100000	 Thermalizing iterations... 
Done.
Thermalized Magnetisation = (0.685164,0.629484), Energy = -2.036203 
Averaging iterations... h=0.071429,0.000000
Done.
Final: Magnetisation = (0.759495,0.525164), Energy = -2.039944 
<M> = (0.750095,0.546134), <E> = -2.033979 

T=0.050000	 Thermalizing iterations... 
Done.
Thermalized Magnetisation = (0.760229,0.562616), Energy = -2.057878 
Averaging iterations... h=0.071429,0.000000
Done.
Final: Magnetisation = (0.748790,0.584845), Energy = -2.059664 
<M> = (0.745570,0.581202), <E> = -2.059676 
Final Magnetisation = (0.748790,0.584845), Energy = -2.059664 
------------------------

Updating all (first)black/(then)white checkerboard sites simultaneously.. 

ztne RFXY h rotating with |h|=0.071429 at T=0.000000..
loop 1

loop 2

Cooling protocol time (from T=2.000000 to T=0.000000) = 204.959357 

CPU Time elapsed total = 204.976038 
All done - 205 seconds elapsed.
