+ cd /home/sbasak/Exercises/OpenMP/XY_code/Z2/rotating_field/trial/config/config_37
+ export OMP_NUM_THREADS=28
+ OMP_NUM_THREADS=28
+ ./a_8.out
nearest neighbor initialized. 
h loaded. 
J loaded. 
L = 128, dim_L = 2, dim_S = 2
hysteresis_MCS_multiplier = 10, hysteresis_MCS_max = 100
RAND_MAX = 2147483647.000000,
 sizeof(int) = 4,
 sizeof(long) = 8,
 sizeof(double) = 8,
 sizeof(long int) = 8,
 sizeof(short int) = 2,
 sizeof(unsigned int) = 4,
 sizeof(RAND_MAX) = 4
No. of THREADS = 28
No. of PROCESSORS = 28

0.059616,0.021946
order = ({1.000000-->-1.000000,0.000000}, 0, 1)
Initial Magnetisation = (0.059616,0.021946), Energy = 0.024876 
Cooling... 
T=2.000000	 Thermalizing iterations... 
Done.
Thermalized Magnetisation = (0.053391,-0.018436), Energy = -0.580354 
Averaging iterations... h=0.062500,0.000000
Done.
Final: Magnetisation = (0.059892,-0.038878), Energy = -0.592336 
<M> = (0.056848,0.000170), <E> = -0.612120 

T=1.990000	 Thermalizing iterations... 
Done.
Thermalized Magnetisation = (0.013198,0.035633), Energy = -0.627117 
Averaging iterations... h=0.062500,0.000000
Done.
Final: Magnetisation = (0.036461,0.016508), Energy = -0.646503 
<M> = (0.058996,-0.001293), <E> = -0.616428 

T=1.980000	 Thermalizing iterations... 
Done.
Thermalized Magnetisation = (0.043497,0.023277), Energy = -0.649120 
Averaging iterations... h=0.062500,0.000000
Done.
Final: Magnetisation = (0.093057,0.001445), Energy = -0.633064 
<M> = (0.058794,-0.001263), <E> = -0.620965 

T=1.970000	 Thermalizing iterations... 
Done.
Thermalized Magnetisation = (0.047090,0.029669), Energy = -0.630399 
Averaging iterations... h=0.062500,0.000000
Done.
Final: Magnetisation = (0.047898,-0.059049), Energy = -0.605489 
<M> = (0.060033,-0.002360), <E> = -0.624709 

T=1.960000	 Thermalizing iterations... 
Done.
Thermalized Magnetisation = (0.059022,-0.018642), Energy = -0.672827 
Averaging iterations... h=0.062500,0.000000
Done.
Final: Magnetisation = (0.064324,0.004507), Energy = -0.641631 
<M> = (0.061963,-0.000865), <E> = -0.628388 

T=1.950000	 Thermalizing iterations... 
Done.
Thermalized Magnetisation = (0.039488,0.002924), Energy = -0.620828 
Averaging iterations... h=0.062500,0.000000
Done.
Final: Magnetisation = (0.119301,-0.007872), Energy = -0.660775 
<M> = (0.062833,-0.000530), <E> = -0.631465 

T=1.940000	 Thermalizing iterations... 
Done.
Thermalized Magnetisation = (0.096807,-0.001813), Energy = -0.619409 
Averaging iterations... h=0.062500,0.000000
Done.
Final: Magnetisation = (0.090918,0.014295), Energy = -0.620241 
<M> = (0.062404,0.000371), <E> = -0.635082 

T=1.930000	 Thermalizing iterations... 
Done.
Thermalized Magnetisation = (0.068361,0.002386), Energy = -0.652089 
Averaging iterations... h=0.062500,0.000000
Done.
Final: Magnetisation = (-0.007535,0.013013), Energy = -0.611336 
<M> = (0.062392,0.000321), <E> = -0.637846 

T=1.920000	 Thermalizing iterations... 
Done.
Thermalized Magnetisation = (0.036707,0.034842), Energy = -0.670393 
Averaging iterations... h=0.062500,0.000000
Done.
Final: Magnetisation = (0.061842,-0.010432), Energy = -0.645422 
<M> = (0.064511,-0.001035), <E> = -0.642761 

T=1.910000	 Thermalizing iterations... 
Done.
Thermalized Magnetisation = (0.017917,0.010740), Energy = -0.643067 
Averaging iterations... h=0.062500,0.000000
Done.
Final: Magnetisation = (0.037962,-0.035639), Energy = -0.684203 
<M> = (0.065656,-0.001542), <E> = -0.647245 

T=1.900000	 Thermalizing iterations... 
Done.
Thermalized Magnetisation = (0.129557,0.111577), Energy = -0.649244 
Averaging iterations... h=0.062500,0.000000
Done.
Final: Magnetisation = (0.019819,-0.002249), Energy = -0.631000 
<M> = (0.066842,-0.003054), <E> = -0.651542 

T=1.890000	 Thermalizing iterations... 
Done.
Thermalized Magnetisation = (0.017339,0.006009), Energy = -0.651307 
Averaging iterations... h=0.062500,0.000000
Done.
Final: Magnetisation = (0.035049,0.016606), Energy = -0.644811 
<M> = (0.067526,-0.002352), <E> = -0.655672 

T=1.880000	 Thermalizing iterations... 
Done.
Thermalized Magnetisation = (0.081354,-0.027376), Energy = -0.656908 
Averaging iterations... h=0.062500,0.000000
Done.
Final: Magnetisation = (0.008033,0.009703), Energy = -0.673165 
<M> = (0.069445,-0.001647), <E> = -0.659878 

T=1.870000	 Thermalizing iterations... 
Done.
Thermalized Magnetisation = (0.036702,0.010117), Energy = -0.657929 
Averaging iterations... h=0.062500,0.000000
Done.
Final: Magnetisation = (0.090165,0.026076), Energy = -0.660742 
<M> = (0.069896,0.001838), <E> = -0.663226 

T=1.860000	 Thermalizing iterations... 
Done.
Thermalized Magnetisation = (0.031082,0.026500), Energy = -0.616300 
Averaging iterations... h=0.062500,0.000000
Done.
Final: Magnetisation = (0.090442,-0.028319), Energy = -0.652856 
<M> = (0.069984,-0.000026), <E> = -0.667269 

T=1.850000	 Thermalizing iterations... 
Done.
Thermalized Magnetisation = (0.067043,0.075706), Energy = -0.667930 
Averaging iterations... h=0.062500,0.000000
Done.
Final: Magnetisation = (0.104653,-0.012082), Energy = -0.706079 
<M> = (0.071056,-0.000101), <E> = -0.671547 

T=1.840000	 Thermalizing iterations... 
Done.
Thermalized Magnetisation = (0.063813,0.021499), Energy = -0.671030 
Averaging iterations... h=0.062500,0.000000
Done.
Final: Magnetisation = (0.087951,-0.012904), Energy = -0.706378 
<M> = (0.073658,-0.000642), <E> = -0.676352 

T=1.830000	 Thermalizing iterations... 
Done.
Thermalized Magnetisation = (0.127675,0.000992), Energy = -0.664092 
Averaging iterations... h=0.062500,0.000000
Done.
Final: Magnetisation = (0.066726,0.042480), Energy = -0.673924 
<M> = (0.073242,-0.002777), <E> = -0.680866 

T=1.820000	 Thermalizing iterations... 
Done.
Thermalized Magnetisation = (0.072651,0.028616), Energy = -0.671556 
Averaging iterations... h=0.062500,0.000000
Done.
Final: Magnetisation = (0.087180,-0.013648), Energy = -0.659757 
<M> = (0.075350,-0.002417), <E> = -0.686100 

T=1.810000	 Thermalizing iterations... 
Done.
Thermalized Magnetisation = (0.070170,0.028713), Energy = -0.681147 
Averaging iterations... h=0.062500,0.000000
Done.
Final: Magnetisation = (0.062110,0.023473), Energy = -0.664877 
<M> = (0.078884,-0.001339), <E> = -0.691202 

T=1.800000	 Thermalizing iterations... 
Done.
Thermalized Magnetisation = (0.022128,-0.016716), Energy = -0.671692 
Averaging iterations... h=0.062500,0.000000
Done.
Final: Magnetisation = (0.092846,0.021736), Energy = -0.716161 
<M> = (0.079328,0.000106), <E> = -0.694591 

T=1.790000	 Thermalizing iterations... 
Done.
Thermalized Magnetisation = (0.084424,-0.052285), Energy = -0.697768 
Averaging iterations... h=0.062500,0.000000
Done.
Final: Magnetisation = (0.023031,-0.060589), Energy = -0.693380 
<M> = (0.079158,-0.000122), <E> = -0.698927 

T=1.780000	 Thermalizing iterations... 
Done.
Thermalized Magnetisation = (0.080523,-0.025247), Energy = -0.703821 
Averaging iterations... h=0.062500,0.000000
Done.
Final: Magnetisation = (0.098287,0.007835), Energy = -0.693288 
<M> = (0.079785,0.001108), <E> = -0.703273 

T=1.770000	 Thermalizing iterations... 
Done.
Thermalized Magnetisation = (0.096591,0.033412), Energy = -0.727020 
Averaging iterations... h=0.062500,0.000000
Done.
Final: Magnetisation = (0.095895,0.076660), Energy = -0.713907 
<M> = (0.081987,-0.003069), <E> = -0.708618 

T=1.760000	 Thermalizing iterations... 
Done.
Thermalized Magnetisation = (0.089861,0.010201), Energy = -0.755255 
Averaging iterations... h=0.062500,0.000000
Done.
Final: Magnetisation = (0.119996,-0.026558), Energy = -0.735249 
<M> = (0.083667,-0.000852), <E> = -0.714140 

T=1.750000	 Thermalizing iterations... 
Done.
Thermalized Magnetisation = (0.052820,0.008541), Energy = -0.698433 
Averaging iterations... h=0.062500,0.000000
Done.
Final: Magnetisation = (0.138386,-0.010716), Energy = -0.699649 
<M> = (0.083967,-0.002933), <E> = -0.719143 

T=1.740000	 Thermalizing iterations... 
Done.
Thermalized Magnetisation = (0.099183,0.012551), Energy = -0.685744 
Averaging iterations... h=0.062500,0.000000
Done.
Final: Magnetisation = (0.091171,-0.006733), Energy = -0.710743 
<M> = (0.086574,-0.002840), <E> = -0.724095 

T=1.730000	 Thermalizing iterations... 
Done.
Thermalized Magnetisation = (0.102255,-0.010058), Energy = -0.733838 
Averaging iterations... h=0.062500,0.000000
Done.
Final: Magnetisation = (0.024481,-0.044202), Energy = -0.712828 
<M> = (0.089692,-0.000604), <E> = -0.729205 

T=1.720000	 Thermalizing iterations... 
Done.
Thermalized Magnetisation = (0.066779,-0.053836), Energy = -0.733104 
Averaging iterations... h=0.062500,0.000000
Done.
Final: Magnetisation = (0.097508,0.023380), Energy = -0.741294 
<M> = (0.088755,0.001176), <E> = -0.733252 

T=1.710000	 Thermalizing iterations... 
Done.
Thermalized Magnetisation = (0.122296,-0.043514), Energy = -0.775502 
Averaging iterations... h=0.062500,0.000000
Done.
Final: Magnetisation = (0.108957,-0.031852), Energy = -0.755470 
<M> = (0.090984,-0.000646), <E> = -0.738099 

T=1.700000	 Thermalizing iterations... 
Done.
Thermalized Magnetisation = (0.123308,0.002008), Energy = -0.747301 
Averaging iterations... h=0.062500,0.000000
Done.
Final: Magnetisation = (0.106783,0.036988), Energy = -0.749199 
<M> = (0.092698,-0.000327), <E> = -0.744362 

T=1.690000	 Thermalizing iterations... 
Done.
Thermalized Magnetisation = (0.039218,0.020771), Energy = -0.772374 
Averaging iterations... h=0.062500,0.000000
Done.
Final: Magnetisation = (0.095796,-0.078798), Energy = -0.741180 
<M> = (0.095265,-0.000413), <E> = -0.749919 

T=1.680000	 Thermalizing iterations... 
Done.
Thermalized Magnetisation = (0.062009,-0.025702), Energy = -0.766673 
Averaging iterations... h=0.062500,0.000000
Done.
Final: Magnetisation = (0.067334,-0.072073), Energy = -0.748230 
<M> = (0.096136,-0.003722), <E> = -0.756123 

T=1.670000	 Thermalizing iterations... 
Done.
Thermalized Magnetisation = (0.070881,0.011825), Energy = -0.778445 
Averaging iterations... h=0.062500,0.000000
Done.
Final: Magnetisation = (0.113888,-0.077234), Energy = -0.786622 
<M> = (0.098517,-0.002010), <E> = -0.761738 

T=1.660000	 Thermalizing iterations... 
Done.
Thermalized Magnetisation = (0.042769,-0.007472), Energy = -0.777357 
Averaging iterations... h=0.062500,0.000000
Done.
Final: Magnetisation = (0.116415,-0.038316), Energy = -0.796600 
<M> = (0.101595,-0.001825), <E> = -0.767529 

T=1.650000	 Thermalizing iterations... 
Done.
Thermalized Magnetisation = (0.096923,-0.016400), Energy = -0.751769 
Averaging iterations... h=0.062500,0.000000
Done.
Final: Magnetisation = (0.049217,0.061748), Energy = -0.766002 
<M> = (0.104029,0.000398), <E> = -0.772642 

T=1.640000	 Thermalizing iterations... 
Done.
Thermalized Magnetisation = (0.148578,0.066937), Energy = -0.804833 
Averaging iterations... h=0.062500,0.000000
Done.
Final: Magnetisation = (0.144128,-0.038754), Energy = -0.801613 
<M> = (0.104394,0.001209), <E> = -0.778088 

T=1.630000	 Thermalizing iterations... 
Done.
Thermalized Magnetisation = (0.102485,0.024564), Energy = -0.799492 
Averaging iterations... h=0.062500,0.000000
Done.
Final: Magnetisation = (0.105201,0.009644), Energy = -0.737557 
<M> = (0.106792,-0.000297), <E> = -0.783373 

T=1.620000	 Thermalizing iterations... 
Done.
Thermalized Magnetisation = (0.125484,-0.066366), Energy = -0.798231 
Averaging iterations... h=0.062500,0.000000
Done.
Final: Magnetisation = (0.164955,-0.022547), Energy = -0.787408 
<M> = (0.109508,-0.000546), <E> = -0.790000 

T=1.610000	 Thermalizing iterations... 
Done.
Thermalized Magnetisation = (0.133091,0.043672), Energy = -0.795976 
Averaging iterations... h=0.062500,0.000000
Done.
Final: Magnetisation = (0.103163,0.096120), Energy = -0.821680 
<M> = (0.111922,-0.002957), <E> = -0.797159 

T=1.600000	 Thermalizing iterations... 
Done.
Thermalized Magnetisation = (0.142152,-0.036757), Energy = -0.847836 
Averaging iterations... h=0.062500,0.000000
Done.
Final: Magnetisation = (0.060619,-0.009791), Energy = -0.762525 
<M> = (0.113114,-0.004698), <E> = -0.803819 

T=1.590000	 Thermalizing iterations... 
Done.
Thermalized Magnetisation = (0.087801,0.031377), Energy = -0.782910 
Averaging iterations... h=0.062500,0.000000
Done.
Final: Magnetisation = (0.013538,0.004565), Energy = -0.773101 
<M> = (0.115570,-0.002242), <E> = -0.809486 

T=1.580000	 Thermalizing iterations... 
Done.
Thermalized Magnetisation = (0.115041,0.000213), Energy = -0.785577 
Averaging iterations... h=0.062500,0.000000
Done.
Final: Magnetisation = (0.118619,-0.049564), Energy = -0.875740 
<M> = (0.120284,-0.000148), <E> = -0.815988 

T=1.570000	 Thermalizing iterations... 
Done.
Thermalized Magnetisation = (0.115534,0.039983), Energy = -0.840501 
Averaging iterations... h=0.062500,0.000000
Done.
Final: Magnetisation = (0.109487,0.008992), Energy = -0.819351 
<M> = (0.121637,0.000450), <E> = -0.821526 

T=1.560000	 Thermalizing iterations... 
Done.
Thermalized Magnetisation = (0.172288,-0.053243), Energy = -0.873989 
Averaging iterations... h=0.062500,0.000000
Done.
Final: Magnetisation = (0.077050,-0.017817), Energy = -0.812333 
<M> = (0.123567,0.001423), <E> = -0.827336 

T=1.550000	 Thermalizing iterations... 
Done.
Thermalized Magnetisation = (0.053701,-0.007065), Energy = -0.794401 
Averaging iterations... h=0.062500,0.000000
Done.
Final: Magnetisation = (0.096916,0.033086), Energy = -0.807587 
<M> = (0.126471,-0.000337), <E> = -0.835248 

T=1.540000	 Thermalizing iterations... 
Done.
Thermalized Magnetisation = (0.096805,0.069593), Energy = -0.841813 
Averaging iterations... h=0.062500,0.000000
Done.
Final: Magnetisation = (0.115821,-0.098335), Energy = -0.857305 
<M> = (0.129647,-0.001000), <E> = -0.842285 

T=1.530000	 Thermalizing iterations... 
Done.
Thermalized Magnetisation = (0.174702,-0.006491), Energy = -0.901789 
Averaging iterations... h=0.062500,0.000000
Done.
Final: Magnetisation = (0.132180,0.026094), Energy = -0.845854 
<M> = (0.131856,-0.003602), <E> = -0.849501 

T=1.520000	 Thermalizing iterations... 
Done.
Thermalized Magnetisation = (0.157065,0.094522), Energy = -0.849371 
Averaging iterations... h=0.062500,0.000000
Done.
Final: Magnetisation = (0.099763,-0.003268), Energy = -0.839144 
<M> = (0.135402,-0.003328), <E> = -0.857458 

T=1.510000	 Thermalizing iterations... 
Done.
Thermalized Magnetisation = (0.136077,-0.010654), Energy = -0.907766 
Averaging iterations... h=0.062500,0.000000
Done.
Final: Magnetisation = (0.115930,0.007248), Energy = -0.858518 
<M> = (0.140658,-0.002034), <E> = -0.864746 

T=1.500000	 Thermalizing iterations... 
Done.
Thermalized Magnetisation = (0.183949,-0.095016), Energy = -0.889582 
Averaging iterations... h=0.062500,0.000000
Done.
Final: Magnetisation = (0.112584,-0.056017), Energy = -0.878526 
<M> = (0.144639,0.002249), <E> = -0.871518 

T=1.490000	 Thermalizing iterations... 
Done.
Thermalized Magnetisation = (0.165258,-0.009963), Energy = -0.872277 
Averaging iterations... h=0.062500,0.000000
Done.
Final: Magnetisation = (0.150588,0.095046), Energy = -0.873655 
<M> = (0.145633,0.002364), <E> = -0.877995 

T=1.480000	 Thermalizing iterations... 
Done.
Thermalized Magnetisation = (0.150241,-0.056369), Energy = -0.856546 
Averaging iterations... h=0.062500,0.000000
Done.
Final: Magnetisation = (0.161400,-0.029066), Energy = -0.884754 
<M> = (0.147398,0.001796), <E> = -0.885363 

T=1.470000	 Thermalizing iterations... 
Done.
Thermalized Magnetisation = (0.182234,0.016331), Energy = -0.914421 
Averaging iterations... h=0.062500,0.000000
Done.
Final: Magnetisation = (0.185437,-0.025587), Energy = -0.911325 
<M> = (0.153883,-0.001317), <E> = -0.894704 

T=1.460000	 Thermalizing iterations... 
Done.
Thermalized Magnetisation = (0.161155,0.071919), Energy = -0.885514 
Averaging iterations... h=0.062500,0.000000
Done.
Final: Magnetisation = (0.158271,0.032555), Energy = -0.898877 
<M> = (0.156281,-0.001711), <E> = -0.902265 

T=1.450000	 Thermalizing iterations... 
Done.
Thermalized Magnetisation = (0.190504,0.013735), Energy = -0.951396 
Averaging iterations... h=0.062500,0.000000
Done.
Final: Magnetisation = (0.108560,-0.014226), Energy = -0.898814 
<M> = (0.160287,-0.006399), <E> = -0.911453 

T=1.440000	 Thermalizing iterations... 
Done.
Thermalized Magnetisation = (0.223059,-0.051069), Energy = -0.944701 
Averaging iterations... h=0.062500,0.000000
Done.
Final: Magnetisation = (0.193456,-0.032082), Energy = -0.944195 
<M> = (0.166692,-0.004498), <E> = -0.919565 

T=1.430000	 Thermalizing iterations... 
Done.
Thermalized Magnetisation = (0.127200,-0.077450), Energy = -0.924892 
Averaging iterations... h=0.062500,0.000000
Done.
Final: Magnetisation = (0.147859,0.038360), Energy = -0.931197 
<M> = (0.169791,0.001218), <E> = -0.926650 

T=1.420000	 Thermalizing iterations... 
Done.
Thermalized Magnetisation = (0.254983,0.047491), Energy = -0.965772 
Averaging iterations... h=0.062500,0.000000
Done.
Final: Magnetisation = (0.146847,-0.026387), Energy = -0.906763 
<M> = (0.174049,0.001635), <E> = -0.934820 

T=1.410000	 Thermalizing iterations... 
Done.
Thermalized Magnetisation = (0.198530,-0.011712), Energy = -0.962175 
Averaging iterations... h=0.062500,0.000000
Done.
Final: Magnetisation = (0.160579,-0.001487), Energy = -0.939229 
<M> = (0.176800,0.005014), <E> = -0.942188 

T=1.400000	 Thermalizing iterations... 
Done.
Thermalized Magnetisation = (0.159736,-0.011160), Energy = -0.933077 
Averaging iterations... h=0.062500,0.000000
Done.
Final: Magnetisation = (0.184768,0.104762), Energy = -0.925701 
<M> = (0.182688,-0.003233), <E> = -0.953097 

T=1.390000	 Thermalizing iterations... 
Done.
Thermalized Magnetisation = (0.160711,-0.013426), Energy = -0.969884 
Averaging iterations... h=0.062500,0.000000
Done.
Final: Magnetisation = (0.201654,-0.005845), Energy = -0.977064 
<M> = (0.187888,-0.005022), <E> = -0.962147 

T=1.380000	 Thermalizing iterations... 
Done.
Thermalized Magnetisation = (0.166137,-0.020511), Energy = -0.957159 
Averaging iterations... h=0.062500,0.000000
Done.
Final: Magnetisation = (0.211250,-0.059948), Energy = -0.936118 
<M> = (0.192242,-0.009235), <E> = -0.971300 

T=1.370000	 Thermalizing iterations... 
Done.
Thermalized Magnetisation = (0.119156,-0.038209), Energy = -0.917252 
Averaging iterations... h=0.062500,0.000000
Done.
Final: Magnetisation = (0.175949,-0.037659), Energy = -0.934256 
<M> = (0.195929,-0.006184), <E> = -0.980420 

T=1.360000	 Thermalizing iterations... 
Done.
Thermalized Magnetisation = (0.153071,0.029136), Energy = -1.007895 
Averaging iterations... h=0.062500,0.000000
Done.
Final: Magnetisation = (0.242466,0.075264), Energy = -1.029454 
<M> = (0.201793,-0.003662), <E> = -0.989766 

T=1.350000	 Thermalizing iterations... 
Done.
Thermalized Magnetisation = (0.231049,0.127165), Energy = -0.988298 
Averaging iterations... h=0.062500,0.000000
Done.
Final: Magnetisation = (0.169108,0.038536), Energy = -0.994568 
<M> = (0.209387,0.004555), <E> = -0.997843 

T=1.340000	 Thermalizing iterations... 
Done.
Thermalized Magnetisation = (0.271083,0.040048), Energy = -1.071849 
Averaging iterations... h=0.062500,0.000000
Done.
Final: Magnetisation = (0.270034,-0.022954), Energy = -1.035689 
<M> = (0.212579,0.000374), <E> = -1.007149 

T=1.330000	 Thermalizing iterations... 
Done.
Thermalized Magnetisation = (0.295631,0.009869), Energy = -1.070937 
Averaging iterations... h=0.062500,0.000000
Done.
Final: Magnetisation = (0.232407,-0.059102), Energy = -1.038248 
<M> = (0.218198,-0.000712), <E> = -1.016992 

T=1.320000	 Thermalizing iterations... 
Done.
Thermalized Magnetisation = (0.234934,-0.021154), Energy = -1.052156 
Averaging iterations... h=0.062500,0.000000
Done.
Final: Magnetisation = (0.212530,-0.025036), Energy = -0.980523 
<M> = (0.229013,-0.002698), <E> = -1.028656 

T=1.310000	 Thermalizing iterations... 
Done.
Thermalized Magnetisation = (0.284878,-0.006512), Energy = -1.089302 
Averaging iterations... h=0.062500,0.000000
Done.
Final: Magnetisation = (0.210423,0.038305), Energy = -1.045742 
<M> = (0.231157,-0.007543), <E> = -1.039099 

T=1.300000	 Thermalizing iterations... 
Done.
Thermalized Magnetisation = (0.244246,0.004096), Energy = -1.025029 
Averaging iterations... h=0.062500,0.000000
Done.
Final: Magnetisation = (0.288500,0.025357), Energy = -1.108218 
<M> = (0.238417,-0.007648), <E> = -1.049718 

T=1.290000	 Thermalizing iterations... 
Done.
Thermalized Magnetisation = (0.278106,-0.029604), Energy = -1.049291 
Averaging iterations... h=0.062500,0.000000
Done.
Final: Magnetisation = (0.283626,-0.026839), Energy = -1.064061 
<M> = (0.247559,-0.006601), <E> = -1.060672 

T=1.280000	 Thermalizing iterations... 
Done.
Thermalized Magnetisation = (0.270780,0.004034), Energy = -1.081714 
Averaging iterations... h=0.062500,0.000000
Done.
Final: Magnetisation = (0.255496,-0.007125), Energy = -1.088310 
<M> = (0.252582,-0.001555), <E> = -1.069916 

T=1.270000	 Thermalizing iterations... 
Done.
Thermalized Magnetisation = (0.191482,0.010995), Energy = -1.044901 
Averaging iterations... h=0.062500,0.000000
Done.
Final: Magnetisation = (0.239715,-0.008291), Energy = -1.088299 
<M> = (0.260061,-0.000082), <E> = -1.079610 

T=1.260000	 Thermalizing iterations... 
Done.
Thermalized Magnetisation = (0.202084,0.029403), Energy = -1.073999 
Averaging iterations... h=0.062500,0.000000
Done.
Final: Magnetisation = (0.259146,-0.084042), Energy = -1.107851 
<M> = (0.263429,0.003546), <E> = -1.089783 

T=1.250000	 Thermalizing iterations... 
Done.
Thermalized Magnetisation = (0.287095,-0.090726), Energy = -1.144674 
Averaging iterations... h=0.062500,0.000000
Done.
Final: Magnetisation = (0.241777,0.033661), Energy = -1.093237 
<M> = (0.274343,-0.004001), <E> = -1.102467 

T=1.240000	 Thermalizing iterations... 
Done.
Thermalized Magnetisation = (0.294715,-0.000475), Energy = -1.148465 
Averaging iterations... h=0.062500,0.000000
Done.
Final: Magnetisation = (0.187582,0.003161), Energy = -1.071766 
<M> = (0.283398,-0.000929), <E> = -1.113871 

T=1.230000	 Thermalizing iterations... 
Done.
Thermalized Magnetisation = (0.303786,0.103047), Energy = -1.143856 
Averaging iterations... h=0.062500,0.000000
Done.
Final: Magnetisation = (0.234956,-0.116188), Energy = -1.049332 
<M> = (0.286317,-0.006463), <E> = -1.126015 

T=1.220000	 Thermalizing iterations... 
Done.
Thermalized Magnetisation = (0.293921,-0.043417), Energy = -1.134741 
Averaging iterations... h=0.062500,0.000000
Done.
Final: Magnetisation = (0.293593,-0.032275), Energy = -1.150200 
<M> = (0.292787,-0.011868), <E> = -1.137093 

T=1.210000	 Thermalizing iterations... 
Done.
Thermalized Magnetisation = (0.274739,0.038098), Energy = -1.095578 
Averaging iterations... h=0.062500,0.000000
Done.
Final: Magnetisation = (0.249188,-0.036488), Energy = -1.144466 
<M> = (0.305499,-0.005774), <E> = -1.147923 

T=1.200000	 Thermalizing iterations... 
Done.
Thermalized Magnetisation = (0.414099,-0.070269), Energy = -1.165737 
Averaging iterations... h=0.062500,0.000000
Done.
Final: Magnetisation = (0.307627,-0.002318), Energy = -1.167279 
<M> = (0.312116,0.008291), <E> = -1.158729 

T=1.190000	 Thermalizing iterations... 
Done.
Thermalized Magnetisation = (0.334909,-0.023827), Energy = -1.139494 
Averaging iterations... h=0.062500,0.000000
Done.
Final: Magnetisation = (0.303092,-0.119827), Energy = -1.168748 
<M> = (0.318733,-0.005967), <E> = -1.169138 

T=1.180000	 Thermalizing iterations... 
Done.
Thermalized Magnetisation = (0.324366,-0.091210), Energy = -1.170854 
Averaging iterations... h=0.062500,0.000000
Done.
Final: Magnetisation = (0.324376,0.012110), Energy = -1.148820 
<M> = (0.328000,-0.003008), <E> = -1.182489 

T=1.170000	 Thermalizing iterations... 
Done.
Thermalized Magnetisation = (0.313158,0.085254), Energy = -1.213313 
Averaging iterations... h=0.062500,0.000000
Done.
Final: Magnetisation = (0.303532,0.136927), Energy = -1.190113 
<M> = (0.338365,-0.004780), <E> = -1.195274 

T=1.160000	 Thermalizing iterations... 
Done.
Thermalized Magnetisation = (0.366962,-0.137103), Energy = -1.225769 
Averaging iterations... h=0.062500,0.000000
Done.
Final: Magnetisation = (0.314577,-0.118182), Energy = -1.195575 
<M> = (0.346920,-0.018346), <E> = -1.207950 

T=1.150000	 Thermalizing iterations... 
Done.
Thermalized Magnetisation = (0.358614,-0.117207), Energy = -1.267086 
Averaging iterations... h=0.062500,0.000000
Done.
Final: Magnetisation = (0.333660,0.048014), Energy = -1.199197 
<M> = (0.355494,-0.013899), <E> = -1.220434 

T=1.140000	 Thermalizing iterations... 
Done.
Thermalized Magnetisation = (0.303079,-0.052448), Energy = -1.216582 
Averaging iterations... h=0.062500,0.000000
Done.
Final: Magnetisation = (0.361974,-0.051792), Energy = -1.235940 
<M> = (0.365849,-0.014452), <E> = -1.233116 

T=1.130000	 Thermalizing iterations... 
Done.
Thermalized Magnetisation = (0.283496,0.069575), Energy = -1.197950 
Averaging iterations... h=0.062500,0.000000
Done.
Final: Magnetisation = (0.342478,0.077292), Energy = -1.240051 
<M> = (0.374727,-0.008785), <E> = -1.244398 

T=1.120000	 Thermalizing iterations... 
Done.
Thermalized Magnetisation = (0.353116,0.061911), Energy = -1.248509 
Averaging iterations... h=0.062500,0.000000
Done.
Final: Magnetisation = (0.360618,-0.152469), Energy = -1.262855 
<M> = (0.381913,0.004185), <E> = -1.255753 

T=1.110000	 Thermalizing iterations... 
Done.
Thermalized Magnetisation = (0.424353,-0.010547), Energy = -1.271653 
Averaging iterations... h=0.062500,0.000000
Done.
Final: Magnetisation = (0.421816,0.016393), Energy = -1.282968 
<M> = (0.389934,0.015647), <E> = -1.266901 

T=1.100000	 Thermalizing iterations... 
Done.
Thermalized Magnetisation = (0.376433,-0.145528), Energy = -1.289835 
Averaging iterations... h=0.062500,0.000000
Done.
Final: Magnetisation = (0.392007,-0.069501), Energy = -1.282287 
<M> = (0.397296,-0.005296), <E> = -1.280492 

T=1.090000	 Thermalizing iterations... 
Done.
Thermalized Magnetisation = (0.427950,-0.046698), Energy = -1.301777 
Averaging iterations... h=0.062500,0.000000
Done.
Final: Magnetisation = (0.359929,-0.029969), Energy = -1.280458 
<M> = (0.407695,-0.011946), <E> = -1.293835 

T=1.080000	 Thermalizing iterations... 
Done.
Thermalized Magnetisation = (0.428804,-0.036262), Energy = -1.297239 
Averaging iterations... h=0.062500,0.000000
Done.
Final: Magnetisation = (0.437301,0.100693), Energy = -1.308721 
<M> = (0.413913,-0.043095), <E> = -1.305404 

T=1.070000	 Thermalizing iterations... 
Done.
Thermalized Magnetisation = (0.461187,0.064757), Energy = -1.336586 
Averaging iterations... h=0.062500,0.000000
Done.
Final: Magnetisation = (0.423455,0.075444), Energy = -1.299626 
<M> = (0.422691,-0.015300), <E> = -1.318255 

T=1.060000	 Thermalizing iterations... 
Done.
Thermalized Magnetisation = (0.418130,0.100538), Energy = -1.334274 
Averaging iterations... h=0.062500,0.000000
Done.
Final: Magnetisation = (0.465866,-0.065175), Energy = -1.352831 
<M> = (0.435091,-0.015267), <E> = -1.330809 

T=1.050000	 Thermalizing iterations... 
Done.
Thermalized Magnetisation = (0.449723,-0.137030), Energy = -1.371044 
Averaging iterations... h=0.062500,0.000000
Done.
Final: Magnetisation = (0.418212,-0.060201), Energy = -1.317528 
<M> = (0.446457,0.001819), <E> = -1.341466 

T=1.040000	 Thermalizing iterations... 
Done.
Thermalized Magnetisation = (0.398015,0.071374), Energy = -1.326733 
Averaging iterations... h=0.062500,0.000000
Done.
Final: Magnetisation = (0.409011,0.025351), Energy = -1.320616 
<M> = (0.451293,0.013310), <E> = -1.352257 

T=1.030000	 Thermalizing iterations... 
Done.
Thermalized Magnetisation = (0.427696,-0.081496), Energy = -1.325443 
Averaging iterations... h=0.062500,0.000000
Done.
Final: Magnetisation = (0.432428,-0.075347), Energy = -1.367786 
<M> = (0.461636,-0.006429), <E> = -1.364839 

T=1.020000	 Thermalizing iterations... 
Done.
Thermalized Magnetisation = (0.476613,0.008438), Energy = -1.374773 
Averaging iterations... h=0.062500,0.000000
Done.
Final: Magnetisation = (0.477434,0.033079), Energy = -1.386527 
<M> = (0.467698,-0.008472), <E> = -1.376865 

T=1.010000	 Thermalizing iterations... 
Done.
Thermalized Magnetisation = (0.438318,0.063506), Energy = -1.369186 
Averaging iterations... h=0.062500,0.000000
Done.
Final: Magnetisation = (0.503646,-0.033105), Energy = -1.393488 
<M> = (0.475126,-0.043615), <E> = -1.389563 

T=1.000000	 Thermalizing iterations... 
Done.
Thermalized Magnetisation = (0.482628,-0.157749), Energy = -1.421443 
Averaging iterations... h=0.062500,0.000000
Done.
Final: Magnetisation = (0.527462,0.068203), Energy = -1.417583 
<M> = (0.480558,-0.034629), <E> = -1.400771 

T=0.990000	 Thermalizing iterations... 
Done.
Thermalized Magnetisation = (0.489854,-0.118513), Energy = -1.429856 
Averaging iterations... h=0.062500,0.000000
Done.
Final: Magnetisation = (0.482914,-0.136528), Energy = -1.395116 
<M> = (0.487346,-0.044548), <E> = -1.412691 

T=0.980000	 Thermalizing iterations... 
Done.
Thermalized Magnetisation = (0.506565,0.106217), Energy = -1.416197 
Averaging iterations... h=0.062500,0.000000
Done.
Final: Magnetisation = (0.536602,-0.104824), Energy = -1.432651 
<M> = (0.497794,-0.002063), <E> = -1.424329 

T=0.970000	 Thermalizing iterations... 
Done.
Thermalized Magnetisation = (0.510751,-0.016124), Energy = -1.409217 
Averaging iterations... h=0.062500,0.000000
Done.
Final: Magnetisation = (0.511078,0.059737), Energy = -1.440702 
<M> = (0.505480,-0.007907), <E> = -1.435105 

T=0.960000	 Thermalizing iterations... 
Done.
Thermalized Magnetisation = (0.507859,0.037526), Energy = -1.456251 
Averaging iterations... h=0.062500,0.000000
Done.
Final: Magnetisation = (0.528479,0.204227), Energy = -1.436365 
<M> = (0.510330,-0.030531), <E> = -1.444679 

T=0.950000	 Thermalizing iterations... 
Done.
Thermalized Magnetisation = (0.489959,-0.140432), Energy = -1.439060 
Averaging iterations... h=0.062500,0.000000
Done.
Final: Magnetisation = (0.494734,-0.068608), Energy = -1.449370 
<M> = (0.516207,-0.025918), <E> = -1.455527 

T=0.940000	 Thermalizing iterations... 
Done.
Thermalized Magnetisation = (0.536331,0.055310), Energy = -1.494000 
Averaging iterations... h=0.062500,0.000000
Done.
Final: Magnetisation = (0.467978,0.132516), Energy = -1.455052 
<M> = (0.522653,-0.062824), <E> = -1.467679 

T=0.930000	 Thermalizing iterations... 
Done.
Thermalized Magnetisation = (0.510501,0.229398), Energy = -1.462937 
Averaging iterations... h=0.062500,0.000000
Done.
Final: Magnetisation = (0.532261,-0.069921), Energy = -1.462719 
<M> = (0.530298,-0.061063), <E> = -1.476160 

T=0.920000	 Thermalizing iterations... 
Done.
Thermalized Magnetisation = (0.561447,-0.128916), Energy = -1.510290 
Averaging iterations... h=0.062500,0.000000
Done.
Final: Magnetisation = (0.520268,-0.043428), Energy = -1.460861 
<M> = (0.536025,-0.099758), <E> = -1.488083 

T=0.910000	 Thermalizing iterations... 
Done.
Thermalized Magnetisation = (0.555070,-0.013744), Energy = -1.495716 
Averaging iterations... h=0.062500,0.000000
Done.
Final: Magnetisation = (0.538844,0.039495), Energy = -1.513908 
<M> = (0.545052,-0.025010), <E> = -1.497807 

T=0.900000	 Thermalizing iterations... 
Done.
Thermalized Magnetisation = (0.554376,-0.059741), Energy = -1.487869 
Averaging iterations... h=0.062500,0.000000
Done.
Final: Magnetisation = (0.535345,0.036743), Energy = -1.525594 
<M> = (0.545993,-0.080696), <E> = -1.507525 

T=0.890000	 Thermalizing iterations... 
Done.
Thermalized Magnetisation = (0.491667,-0.202296), Energy = -1.510386 
Averaging iterations... h=0.062500,0.000000
Done.
Final: Magnetisation = (0.566910,-0.087979), Energy = -1.488445 
<M> = (0.546553,0.017892), <E> = -1.516111 

T=0.880000	 Thermalizing iterations... 
Done.
Thermalized Magnetisation = (0.534690,-0.171900), Energy = -1.533036 
Averaging iterations... h=0.062500,0.000000
Done.
Final: Magnetisation = (0.580858,-0.000343), Energy = -1.527215 
<M> = (0.553877,0.011319), <E> = -1.525883 

T=0.870000	 Thermalizing iterations... 
Done.
Thermalized Magnetisation = (0.579329,-0.206559), Energy = -1.550123 
Averaging iterations... h=0.062500,0.000000
Done.
Final: Magnetisation = (0.578884,-0.162739), Energy = -1.538415 
<M> = (0.549237,-0.183025), <E> = -1.535979 

T=0.860000	 Thermalizing iterations... 
Done.
Thermalized Magnetisation = (0.579224,-0.119062), Energy = -1.558841 
Averaging iterations... h=0.062500,0.000000
Done.
Final: Magnetisation = (0.606991,-0.081741), Energy = -1.545502 
<M> = (0.554301,-0.185116), <E> = -1.545485 

T=0.850000	 Thermalizing iterations... 
Done.
Thermalized Magnetisation = (0.600263,-0.023417), Energy = -1.564605 
Averaging iterations... h=0.062500,0.000000
Done.
Final: Magnetisation = (0.513730,-0.221905), Energy = -1.552283 
<M> = (0.557528,-0.093294), <E> = -1.554320 

T=0.840000	 Thermalizing iterations... 
Done.
Thermalized Magnetisation = (0.570467,-0.055990), Energy = -1.579514 
Averaging iterations... h=0.062500,0.000000
Done.
Final: Magnetisation = (0.584576,-0.077663), Energy = -1.569416 
<M> = (0.568389,0.051588), <E> = -1.562789 

T=0.830000	 Thermalizing iterations... 
Done.
Thermalized Magnetisation = (0.581660,-0.065952), Energy = -1.589854 
Averaging iterations... h=0.062500,0.000000
Done.
Final: Magnetisation = (0.561480,0.146260), Energy = -1.587263 
<M> = (0.571174,-0.030103), <E> = -1.571894 

T=0.820000	 Thermalizing iterations... 
Done.
Thermalized Magnetisation = (0.573162,-0.071684), Energy = -1.566938 
Averaging iterations... h=0.062500,0.000000
Done.
Final: Magnetisation = (0.656463,-0.068620), Energy = -1.570724 
<M> = (0.585727,-0.041074), <E> = -1.578873 

T=0.810000	 Thermalizing iterations... 
Done.
Thermalized Magnetisation = (0.553449,-0.072998), Energy = -1.565210 
Averaging iterations... h=0.062500,0.000000
Done.
Final: Magnetisation = (0.529682,0.057834), Energy = -1.571379 
<M> = (0.575536,-0.074247), <E> = -1.588272 

T=0.800000	 Thermalizing iterations... 
Done.
Thermalized Magnetisation = (0.513479,-0.409832), Energy = -1.599980 
Averaging iterations... h=0.062500,0.000000
Done.
Final: Magnetisation = (0.574266,-0.138903), Energy = -1.591941 
<M> = (0.573226,-0.175977), <E> = -1.596647 

T=0.790000	 Thermalizing iterations... 
Done.
Thermalized Magnetisation = (0.525882,0.155194), Energy = -1.603583 
Averaging iterations... h=0.062500,0.000000
Done.
Final: Magnetisation = (0.579086,0.126033), Energy = -1.601821 
<M> = (0.584947,0.133214), <E> = -1.605094 

T=0.780000	 Thermalizing iterations... 
Done.
Thermalized Magnetisation = (0.552860,0.007915), Energy = -1.605123 
Averaging iterations... h=0.062500,0.000000
Done.
Final: Magnetisation = (0.563333,-0.180982), Energy = -1.598203 
<M> = (0.579288,-0.157231), <E> = -1.612934 

T=0.770000	 Thermalizing iterations... 
Done.
Thermalized Magnetisation = (0.619197,-0.145356), Energy = -1.645522 
Averaging iterations... h=0.062500,0.000000
Done.
Final: Magnetisation = (0.560035,-0.364580), Energy = -1.623954 
<M> = (0.582045,-0.205256), <E> = -1.621174 

T=0.760000	 Thermalizing iterations... 
Done.
Thermalized Magnetisation = (0.627798,-0.096997), Energy = -1.591188 
Averaging iterations... h=0.062500,0.000000
Done.
Final: Magnetisation = (0.623714,-0.028657), Energy = -1.641615 
<M> = (0.588064,-0.001471), <E> = -1.628325 

T=0.750000	 Thermalizing iterations... 
Done.
Thermalized Magnetisation = (0.587998,0.068328), Energy = -1.616868 
Averaging iterations... h=0.062500,0.000000
Done.
Final: Magnetisation = (0.591764,0.012144), Energy = -1.634658 
<M> = (0.600199,0.018425), <E> = -1.636071 

T=0.740000	 Thermalizing iterations... 
Done.
Thermalized Magnetisation = (0.575247,-0.324932), Energy = -1.657824 
Averaging iterations... h=0.062500,0.000000
Done.
Final: Magnetisation = (0.527423,-0.372385), Energy = -1.643029 
<M> = (0.585959,-0.274507), <E> = -1.644112 

T=0.730000	 Thermalizing iterations... 
Done.
Thermalized Magnetisation = (0.625843,-0.147180), Energy = -1.644612 
Averaging iterations... h=0.062500,0.000000
Done.
Final: Magnetisation = (0.594097,-0.002865), Energy = -1.662759 
<M> = (0.600098,-0.035586), <E> = -1.650784 

T=0.720000	 Thermalizing iterations... 
Done.
Thermalized Magnetisation = (0.581367,-0.350831), Energy = -1.638811 
Averaging iterations... h=0.062500,0.000000
Done.
Final: Magnetisation = (0.565591,-0.298508), Energy = -1.661398 
<M> = (0.586911,-0.311359), <E> = -1.658785 

T=0.710000	 Thermalizing iterations... 
Done.
Thermalized Magnetisation = (0.614159,0.151815), Energy = -1.667535 
Averaging iterations... h=0.062500,0.000000
Done.
Final: Magnetisation = (0.596592,0.064338), Energy = -1.662825 
<M> = (0.606680,-0.004305), <E> = -1.665064 

T=0.700000	 Thermalizing iterations... 
Done.
Thermalized Magnetisation = (0.554917,-0.337285), Energy = -1.690879 
Averaging iterations... h=0.062500,0.000000
Done.
Final: Magnetisation = (0.523189,-0.425608), Energy = -1.677574 
<M> = (0.572376,-0.346495), <E> = -1.674011 

T=0.690000	 Thermalizing iterations... 
Done.
Thermalized Magnetisation = (0.655070,-0.226218), Energy = -1.681364 
Averaging iterations... h=0.062500,0.000000
Done.
Final: Magnetisation = (0.500394,-0.494767), Energy = -1.667789 
<M> = (0.583852,-0.308750), <E> = -1.680338 

T=0.680000	 Thermalizing iterations... 
Done.
Thermalized Magnetisation = (0.549681,-0.267434), Energy = -1.690037 
Averaging iterations... h=0.062500,0.000000
Done.
Final: Magnetisation = (0.614012,-0.214996), Energy = -1.690320 
<M> = (0.602394,-0.151639), <E> = -1.686992 

T=0.670000	 Thermalizing iterations... 
Done.
Thermalized Magnetisation = (0.572014,-0.391037), Energy = -1.678085 
Averaging iterations... h=0.062500,0.000000
Done.
Final: Magnetisation = (0.642745,-0.283714), Energy = -1.712634 
<M> = (0.584506,-0.391014), <E> = -1.694684 

T=0.660000	 Thermalizing iterations... 
Done.
Thermalized Magnetisation = (0.621471,-0.267163), Energy = -1.682782 
Averaging iterations... h=0.062500,0.000000
Done.
Final: Magnetisation = (0.611836,-0.312711), Energy = -1.700349 
<M> = (0.590828,-0.362865), <E> = -1.701091 

T=0.650000	 Thermalizing iterations... 
Done.
Thermalized Magnetisation = (0.569853,-0.426405), Energy = -1.702776 
Averaging iterations... h=0.062500,0.000000
Done.
Final: Magnetisation = (0.550878,-0.432453), Energy = -1.687089 
<M> = (0.577121,-0.405585), <E> = -1.708577 

T=0.640000	 Thermalizing iterations... 
Done.
Thermalized Magnetisation = (0.539844,-0.499020), Energy = -1.718671 
Averaging iterations... h=0.062500,0.000000
Done.
Final: Magnetisation = (0.597952,-0.434697), Energy = -1.714673 
<M> = (0.574600,-0.411610), <E> = -1.715328 

T=0.630000	 Thermalizing iterations... 
Done.
Thermalized Magnetisation = (0.544570,-0.451826), Energy = -1.722326 
Averaging iterations... h=0.062500,0.000000
Done.
Final: Magnetisation = (0.588921,-0.419705), Energy = -1.727002 
<M> = (0.557011,-0.469302), <E> = -1.722442 

T=0.620000	 Thermalizing iterations... 
Done.
Thermalized Magnetisation = (0.570501,-0.347241), Energy = -1.730047 
Averaging iterations... h=0.062500,0.000000
Done.
Final: Magnetisation = (0.591575,-0.473924), Energy = -1.740419 
<M> = (0.572337,-0.451644), <E> = -1.728764 

T=0.610000	 Thermalizing iterations... 
Done.
Thermalized Magnetisation = (0.555616,-0.498083), Energy = -1.737132 
Averaging iterations... h=0.062500,0.000000
Done.
Final: Magnetisation = (0.571370,-0.403202), Energy = -1.729665 
<M> = (0.599871,-0.377925), <E> = -1.734380 

T=0.600000	 Thermalizing iterations... 
Done.
Thermalized Magnetisation = (0.606976,-0.421328), Energy = -1.752884 
Averaging iterations... h=0.062500,0.000000
Done.
Final: Magnetisation = (0.591207,-0.386095), Energy = -1.741149 
<M> = (0.608534,-0.335365), <E> = -1.740459 

T=0.590000	 Thermalizing iterations... 
Done.
Thermalized Magnetisation = (0.564144,-0.447293), Energy = -1.744524 
Averaging iterations... h=0.062500,0.000000
Done.
Final: Magnetisation = (0.574322,-0.455538), Energy = -1.759407 
<M> = (0.591240,-0.440073), <E> = -1.747371 

T=0.580000	 Thermalizing iterations... 
Done.
Thermalized Magnetisation = (0.595157,-0.451966), Energy = -1.763463 
Averaging iterations... h=0.062500,0.000000
Done.
Final: Magnetisation = (0.626281,-0.243905), Energy = -1.769556 
<M> = (0.597587,-0.363949), <E> = -1.753546 

T=0.570000	 Thermalizing iterations... 
Done.
Thermalized Magnetisation = (0.582507,-0.520579), Energy = -1.762448 
Averaging iterations... h=0.062500,0.000000
Done.
Final: Magnetisation = (0.638520,-0.347067), Energy = -1.759620 
<M> = (0.579088,-0.444410), <E> = -1.760874 

T=0.560000	 Thermalizing iterations... 
Done.
Thermalized Magnetisation = (0.575397,-0.447852), Energy = -1.772839 
Averaging iterations... h=0.062500,0.000000
Done.
Final: Magnetisation = (0.576897,-0.506067), Energy = -1.769630 
<M> = (0.566487,-0.503478), <E> = -1.767419 

T=0.550000	 Thermalizing iterations... 
Done.
Thermalized Magnetisation = (0.657755,-0.388717), Energy = -1.783778 
Averaging iterations... h=0.062500,0.000000
Done.
Final: Magnetisation = (0.565615,-0.493484), Energy = -1.767232 
<M> = (0.567344,-0.490052), <E> = -1.773334 

T=0.540000	 Thermalizing iterations... 
Done.
Thermalized Magnetisation = (0.632041,-0.414681), Energy = -1.781188 
Averaging iterations... h=0.062500,0.000000
Done.
Final: Magnetisation = (0.548661,-0.551021), Energy = -1.774852 
<M> = (0.588564,-0.463089), <E> = -1.778920 

T=0.530000	 Thermalizing iterations... 
Done.
Thermalized Magnetisation = (0.615421,-0.452267), Energy = -1.781907 
Averaging iterations... h=0.062500,0.000000
Done.
Final: Magnetisation = (0.600537,-0.414109), Energy = -1.795880 
<M> = (0.608321,-0.414093), <E> = -1.784570 

T=0.520000	 Thermalizing iterations... 
Done.
Thermalized Magnetisation = (0.614830,-0.446603), Energy = -1.793000 
Averaging iterations... h=0.062500,0.000000
Done.
Final: Magnetisation = (0.590873,-0.497846), Energy = -1.789194 
<M> = (0.579702,-0.509929), <E> = -1.791341 

T=0.510000	 Thermalizing iterations... 
Done.
Thermalized Magnetisation = (0.563126,-0.495477), Energy = -1.799681 
Averaging iterations... h=0.062500,0.000000
Done.
Final: Magnetisation = (0.606205,-0.505834), Energy = -1.799179 
<M> = (0.585780,-0.502666), <E> = -1.797483 

T=0.500000	 Thermalizing iterations... 
Done.
Thermalized Magnetisation = (0.539870,-0.558222), Energy = -1.802708 
Averaging iterations... h=0.062500,0.000000
Done.
Final: Magnetisation = (0.542784,-0.558263), Energy = -1.814167 
<M> = (0.575040,-0.523248), <E> = -1.803793 

T=0.490000	 Thermalizing iterations... 
Done.
Thermalized Magnetisation = (0.521556,-0.561330), Energy = -1.813272 
Averaging iterations... h=0.062500,0.000000
Done.
Final: Magnetisation = (0.577658,-0.550417), Energy = -1.809952 
<M> = (0.567073,-0.542569), <E> = -1.810281 

T=0.480000	 Thermalizing iterations... 
Done.
Thermalized Magnetisation = (0.611133,-0.516529), Energy = -1.818794 
Averaging iterations... h=0.062500,0.000000
Done.
Final: Magnetisation = (0.586141,-0.488575), Energy = -1.806738 
<M> = (0.562529,-0.554412), <E> = -1.816098 

T=0.470000	 Thermalizing iterations... 
Done.
Thermalized Magnetisation = (0.573749,-0.541707), Energy = -1.825016 
Averaging iterations... h=0.062500,0.000000
Done.
Final: Magnetisation = (0.566598,-0.564879), Energy = -1.833731 
<M> = (0.583235,-0.530705), <E> = -1.821580 

T=0.460000	 Thermalizing iterations... 
Done.
Thermalized Magnetisation = (0.599217,-0.531925), Energy = -1.812990 
Averaging iterations... h=0.062500,0.000000
Done.
Final: Magnetisation = (0.587067,-0.545792), Energy = -1.816814 
<M> = (0.598131,-0.518595), <E> = -1.827141 

T=0.450000	 Thermalizing iterations... 
Done.
Thermalized Magnetisation = (0.604349,-0.519747), Energy = -1.833124 
Averaging iterations... h=0.062500,0.000000
Done.
Final: Magnetisation = (0.631516,-0.461933), Energy = -1.824729 
<M> = (0.595729,-0.520425), <E> = -1.833078 

T=0.440000	 Thermalizing iterations... 
Done.
Thermalized Magnetisation = (0.592432,-0.517976), Energy = -1.834779 
Averaging iterations... h=0.062500,0.000000
Done.
Final: Magnetisation = (0.609938,-0.462102), Energy = -1.837946 
<M> = (0.588031,-0.545154), <E> = -1.839022 

T=0.430000	 Thermalizing iterations... 
Done.
Thermalized Magnetisation = (0.528377,-0.569168), Energy = -1.839287 
Averaging iterations... h=0.062500,0.000000
Done.
Final: Magnetisation = (0.588218,-0.529322), Energy = -1.831808 
<M> = (0.577274,-0.559640), <E> = -1.845276 

T=0.420000	 Thermalizing iterations... 
Done.
Thermalized Magnetisation = (0.563481,-0.578752), Energy = -1.850342 
Averaging iterations... h=0.062500,0.000000
Done.
Final: Magnetisation = (0.590803,-0.574565), Energy = -1.851585 
<M> = (0.567779,-0.570216), <E> = -1.851000 

T=0.410000	 Thermalizing iterations... 
Done.
Thermalized Magnetisation = (0.582110,-0.586213), Energy = -1.866249 
Averaging iterations... h=0.062500,0.000000
Done.
Final: Magnetisation = (0.610122,-0.521616), Energy = -1.852391 
<M> = (0.563980,-0.584964), <E> = -1.857063 

T=0.400000	 Thermalizing iterations... 
Done.
Thermalized Magnetisation = (0.597084,-0.548658), Energy = -1.860708 
Averaging iterations... h=0.062500,0.000000
Done.
Final: Magnetisation = (0.560650,-0.619766), Energy = -1.866028 
<M> = (0.578468,-0.566974), <E> = -1.862393 

T=0.390000	 Thermalizing iterations... 
Done.
Thermalized Magnetisation = (0.602826,-0.545644), Energy = -1.867107 
Averaging iterations... h=0.062500,0.000000
Done.
Final: Magnetisation = (0.544643,-0.600004), Energy = -1.862998 
<M> = (0.589714,-0.562202), <E> = -1.867716 

T=0.380000	 Thermalizing iterations... 
Done.
Thermalized Magnetisation = (0.566755,-0.568328), Energy = -1.874214 
Averaging iterations... h=0.062500,0.000000
Done.
Final: Magnetisation = (0.581380,-0.559568), Energy = -1.875203 
<M> = (0.590684,-0.565044), <E> = -1.873344 

T=0.370000	 Thermalizing iterations... 
Done.
Thermalized Magnetisation = (0.589479,-0.596862), Energy = -1.884584 
Averaging iterations... h=0.062500,0.000000
Done.
Final: Magnetisation = (0.616977,-0.528562), Energy = -1.881818 
<M> = (0.589604,-0.572433), <E> = -1.879179 

T=0.360000	 Thermalizing iterations... 
Done.
Thermalized Magnetisation = (0.589769,-0.581944), Energy = -1.885005 
Averaging iterations... h=0.062500,0.000000
Done.
Final: Magnetisation = (0.584469,-0.584137), Energy = -1.886106 
<M> = (0.589655,-0.578860), <E> = -1.884986 

T=0.350000	 Thermalizing iterations... 
Done.
Thermalized Magnetisation = (0.577503,-0.598979), Energy = -1.889760 
Averaging iterations... h=0.062500,0.000000
Done.
Final: Magnetisation = (0.577535,-0.580076), Energy = -1.888301 
<M> = (0.578260,-0.589892), <E> = -1.890753 

T=0.340000	 Thermalizing iterations... 
Done.
Thermalized Magnetisation = (0.562942,-0.597465), Energy = -1.893211 
Averaging iterations... h=0.062500,0.000000
Done.
Final: Magnetisation = (0.569726,-0.621666), Energy = -1.896094 
<M> = (0.575517,-0.601704), <E> = -1.896399 

T=0.330000	 Thermalizing iterations... 
Done.
Thermalized Magnetisation = (0.572072,-0.592574), Energy = -1.899887 
Averaging iterations... h=0.062500,0.000000
Done.
Final: Magnetisation = (0.580768,-0.581499), Energy = -1.899797 
<M> = (0.575966,-0.608426), <E> = -1.901840 

T=0.320000	 Thermalizing iterations... 
Done.
Thermalized Magnetisation = (0.577784,-0.648157), Energy = -1.906505 
Averaging iterations... h=0.062500,0.000000
Done.
Final: Magnetisation = (0.571361,-0.622976), Energy = -1.907300 
<M> = (0.582595,-0.598209), <E> = -1.907051 

T=0.310000	 Thermalizing iterations... 
Done.
Thermalized Magnetisation = (0.586902,-0.590206), Energy = -1.910502 
Averaging iterations... h=0.062500,0.000000
Done.
Final: Magnetisation = (0.575933,-0.613658), Energy = -1.911603 
<M> = (0.590769,-0.599456), <E> = -1.912556 

T=0.300000	 Thermalizing iterations... 
Done.
Thermalized Magnetisation = (0.587064,-0.609153), Energy = -1.912673 
Averaging iterations... h=0.062500,0.000000
Done.
Final: Magnetisation = (0.635967,-0.543247), Energy = -1.920153 
<M> = (0.596841,-0.590677), <E> = -1.917856 

T=0.290000	 Thermalizing iterations... 
Done.
Thermalized Magnetisation = (0.569327,-0.625058), Energy = -1.922461 
Averaging iterations... h=0.062500,0.000000
Done.
Final: Magnetisation = (0.610606,-0.587782), Energy = -1.924050 
<M> = (0.593182,-0.602940), <E> = -1.923604 

T=0.280000	 Thermalizing iterations... 
Done.
Thermalized Magnetisation = (0.565023,-0.635832), Energy = -1.930507 
Averaging iterations... h=0.062500,0.000000
Done.
Final: Magnetisation = (0.567547,-0.611185), Energy = -1.926268 
<M> = (0.590512,-0.609333), <E> = -1.929166 

T=0.270000	 Thermalizing iterations... 
Done.
Thermalized Magnetisation = (0.537935,-0.669187), Energy = -1.935068 
Averaging iterations... h=0.062500,0.000000
Done.
Final: Magnetisation = (0.558843,-0.642425), Energy = -1.932173 
<M> = (0.584478,-0.621794), <E> = -1.934735 

T=0.260000	 Thermalizing iterations... 
Done.
Thermalized Magnetisation = (0.587913,-0.613901), Energy = -1.938582 
Averaging iterations... h=0.062500,0.000000
Done.
Final: Magnetisation = (0.578216,-0.633563), Energy = -1.939245 
<M> = (0.577007,-0.635165), <E> = -1.940137 

T=0.250000	 Thermalizing iterations... 
Done.
Thermalized Magnetisation = (0.604486,-0.611554), Energy = -1.945477 
Averaging iterations... h=0.062500,0.000000
Done.
Final: Magnetisation = (0.589943,-0.642052), Energy = -1.949465 
<M> = (0.580073,-0.633279), <E> = -1.945414 

T=0.240000	 Thermalizing iterations... 
Done.
Thermalized Magnetisation = (0.610686,-0.581696), Energy = -1.950580 
Averaging iterations... h=0.062500,0.000000
Done.
Final: Magnetisation = (0.589863,-0.625625), Energy = -1.950917 
<M> = (0.590967,-0.625807), <E> = -1.950545 

T=0.230000	 Thermalizing iterations... 
Done.
Thermalized Magnetisation = (0.575060,-0.651865), Energy = -1.956655 
Averaging iterations... h=0.062500,0.000000
Done.
Final: Magnetisation = (0.580966,-0.620460), Energy = -1.954970 
<M> = (0.594444,-0.621888), <E> = -1.955967 

T=0.220000	 Thermalizing iterations... 
Done.
Thermalized Magnetisation = (0.592258,-0.632576), Energy = -1.957797 
Averaging iterations... h=0.062500,0.000000
Done.
Final: Magnetisation = (0.608020,-0.633979), Energy = -1.959162 
<M> = (0.594370,-0.630127), <E> = -1.961263 

T=0.210000	 Thermalizing iterations... 
Done.
Thermalized Magnetisation = (0.611158,-0.613522), Energy = -1.966726 
Averaging iterations... h=0.062500,0.000000
Done.
Final: Magnetisation = (0.588139,-0.637532), Energy = -1.966795 
<M> = (0.596421,-0.628690), <E> = -1.966542 

T=0.200000	 Thermalizing iterations... 
Done.
Thermalized Magnetisation = (0.591763,-0.646784), Energy = -1.969851 
Averaging iterations... h=0.062500,0.000000
Done.
Final: Magnetisation = (0.599053,-0.635279), Energy = -1.969112 
<M> = (0.582989,-0.648249), <E> = -1.972121 

T=0.190000	 Thermalizing iterations... 
Done.
Thermalized Magnetisation = (0.574908,-0.668033), Energy = -1.976035 
Averaging iterations... h=0.062500,0.000000
Done.
Final: Magnetisation = (0.595425,-0.621592), Energy = -1.979898 
<M> = (0.583842,-0.650403), <E> = -1.977266 

T=0.180000	 Thermalizing iterations... 
Done.
Thermalized Magnetisation = (0.607718,-0.624297), Energy = -1.988283 
Averaging iterations... h=0.062500,0.000000
Done.
Final: Magnetisation = (0.575130,-0.657085), Energy = -1.983564 
<M> = (0.588488,-0.651965), <E> = -1.982665 

T=0.170000	 Thermalizing iterations... 
Done.
Thermalized Magnetisation = (0.570645,-0.664528), Energy = -1.983783 
Averaging iterations... h=0.062500,0.000000
Done.
Final: Magnetisation = (0.564637,-0.669929), Energy = -1.986344 
<M> = (0.591362,-0.652758), <E> = -1.987798 

T=0.160000	 Thermalizing iterations... 
Done.
Thermalized Magnetisation = (0.607975,-0.642602), Energy = -1.993131 
Averaging iterations... h=0.062500,0.000000
Done.
Final: Magnetisation = (0.585324,-0.658669), Energy = -1.993077 
<M> = (0.599769,-0.646270), <E> = -1.992924 

T=0.150000	 Thermalizing iterations... 
Done.
Thermalized Magnetisation = (0.611757,-0.639834), Energy = -1.996462 
Averaging iterations... h=0.062500,0.000000
Done.
Final: Magnetisation = (0.599496,-0.645505), Energy = -1.996985 
<M> = (0.593611,-0.654305), <E> = -1.998127 

T=0.140000	 Thermalizing iterations... 
Done.
Thermalized Magnetisation = (0.623228,-0.630118), Energy = -2.002577 
Averaging iterations... h=0.062500,0.000000
Done.
Final: Magnetisation = (0.600994,-0.651886), Energy = -2.004967 
<M> = (0.591998,-0.660650), <E> = -2.003417 

T=0.130000	 Thermalizing iterations... 
Done.
Thermalized Magnetisation = (0.576612,-0.673935), Energy = -2.011498 
Averaging iterations... h=0.062500,0.000000
Done.
Final: Magnetisation = (0.575075,-0.678887), Energy = -2.008954 
<M> = (0.587665,-0.669356), <E> = -2.008625 

T=0.120000	 Thermalizing iterations... 
Done.
Thermalized Magnetisation = (0.580414,-0.687405), Energy = -2.014509 
Averaging iterations... h=0.062500,0.000000
Done.
Final: Magnetisation = (0.591715,-0.675074), Energy = -2.014116 
<M> = (0.587536,-0.673254), <E> = -2.013859 

T=0.110000	 Thermalizing iterations... 
Done.
Thermalized Magnetisation = (0.598930,-0.663952), Energy = -2.018506 
Averaging iterations... h=0.062500,0.000000
Done.
Final: Magnetisation = (0.606568,-0.653166), Energy = -2.019801 
<M> = (0.591325,-0.672744), <E> = -2.019065 

T=0.100000	 Thermalizing iterations... 
Done.
Thermalized Magnetisation = (0.581367,-0.680675), Energy = -2.025827 
Averaging iterations... h=0.062500,0.000000
Done.
Final: Magnetisation = (0.584206,-0.677590), Energy = -2.024260 
<M> = (0.592320,-0.671941), <E> = -2.024110 

T=0.090000	 Thermalizing iterations... 
Done.
Thermalized Magnetisation = (0.599877,-0.666595), Energy = -2.029251 
Averaging iterations... h=0.062500,0.000000
Done.
Final: Magnetisation = (0.591411,-0.674307), Energy = -2.028831 
<M> = (0.595864,-0.674428), <E> = -2.029219 

T=0.080000	 Thermalizing iterations... 
Done.
Thermalized Magnetisation = (0.576770,-0.698784), Energy = -2.035027 
Averaging iterations... h=0.062500,0.000000
Done.
Final: Magnetisation = (0.598279,-0.670988), Energy = -2.035602 
<M> = (0.594472,-0.680608), <E> = -2.034318 

T=0.070000	 Thermalizing iterations... 
Done.
Thermalized Magnetisation = (0.580160,-0.695079), Energy = -2.039766 
Averaging iterations... h=0.062500,0.000000
Done.
Final: Magnetisation = (0.597555,-0.682125), Energy = -2.039463 
<M> = (0.590234,-0.687286), <E> = -2.039460 

T=0.060000	 Thermalizing iterations... 
Done.
Thermalized Magnetisation = (0.592517,-0.686179), Energy = -2.043966 
Averaging iterations... h=0.062500,0.000000
Done.
Final: Magnetisation = (0.591530,-0.688663), Energy = -2.044965 
<M> = (0.592365,-0.689278), <E> = -2.044531 

T=0.050000	 Thermalizing iterations... 
Done.
Thermalized Magnetisation = (0.596619,-0.678664), Energy = -2.049846 
Averaging iterations... h=0.062500,0.000000
Done.
Final: Magnetisation = (0.592526,-0.687232), Energy = -2.049599 
<M> = (0.596911,-0.686271), <E> = -2.049566 

T=0.040000	 Thermalizing iterations... 
Done.
Thermalized Magnetisation = (0.596798,-0.691902), Energy = -2.054758 
Averaging iterations... h=0.062500,0.000000
Done.
Final: Magnetisation = (0.599448,-0.689108), Energy = -2.054591 
<M> = (0.594602,-0.692870), <E> = -2.054637 

T=0.030000	 Thermalizing iterations... 
Done.
Thermalized Magnetisation = (0.599499,-0.689203), Energy = -2.059821 
Averaging iterations... h=0.062500,0.000000
Done.
Final: Magnetisation = (0.597907,-0.692760), Energy = -2.059560 
<M> = (0.595939,-0.694805), <E> = -2.059683 

T=0.020000	 Thermalizing iterations... 
Done.
Thermalized Magnetisation = (0.596521,-0.699052), Energy = -2.064690 
Averaging iterations... h=0.062500,0.000000
Done.
Final: Magnetisation = (0.599680,-0.697253), Energy = -2.064761 
<M> = (0.595864,-0.698237), <E> = -2.064706 

T=0.010000	 Thermalizing iterations... 
Done.
Thermalized Magnetisation = (0.593302,-0.704301), Energy = -2.069810 
Averaging iterations... h=0.062500,0.000000
Done.
Final: Magnetisation = (0.594240,-0.705829), Energy = -2.069654 
<M> = (0.596073,-0.701371), <E> = -2.069730 
Final Magnetisation = (0.594240,-0.705829), Energy = -2.069654 
------------------------

Updating all (first)black/(then)white checkerboard sites simultaneously.. 

ztne RFXY h rotating with |h|=0.062500 at T=0.000000..
loop 1

loop 2

CPU  Start Time = 5481938.020253 

CPU  End Time = 5490689.778484 

CPU Time elapsed total = 8751.758231 

real	145m51.799s
user	2524m11.397s
sys	1m19.321s
