nearest neighbor initialized. 
J loaded. 
h loaded. 
L = 32, dim_L = 2, dim_S = 2
hysteresis_MCS_multiplier = 10, hysteresis_MCS_max = 100
RAND_MAX = 2147483647.000000,
 sizeof(int) = 4,
 sizeof(long) = 8,
 sizeof(double) = 8,
 sizeof(long int) = 8,
 sizeof(short int) = 2,
 sizeof(unsigned int) = 4,
 sizeof(RAND_MAX) = 4

OpenMP Active.

No. of THREADS = 24
No. of PROCESSORS = 24

0.136350,0.081016
order = ({1.000000-->-1.000000,0.000000}, 0, 1)
Initial Magnetisation = (0.136350,0.081016), Energy = -0.037294 
Cooling... 
T=2.000000	 Thermalizing iterations... 
Done.
Thermalized Magnetisation = (0.037618,-0.247615), Energy = -0.551889 
Averaging iterations... h=0.062500,0.000000
Done.
Final: Magnetisation = (0.061751,0.124622), Energy = -0.963638 
<M> = (0.080262,0.006087), <E> = -0.756072 

T=1.950000	 Thermalizing iterations... 
Done.
Thermalized Magnetisation = (0.127192,0.186457), Energy = -0.757381 
Averaging iterations... h=0.062500,0.000000
Done.
Final: Magnetisation = (0.178382,0.069102), Energy = -0.857992 
<M> = (0.077268,0.001173), <E> = -0.774192 

T=1.900000	 Thermalizing iterations... 
Done.
Thermalized Magnetisation = (-0.122212,-0.059094), Energy = -0.930843 
Averaging iterations... h=0.062500,0.000000
Done.
Final: Magnetisation = (0.074317,-0.059664), Energy = -0.850052 
<M> = (0.085256,0.004722), <E> = -0.797095 

T=1.850000	 Thermalizing iterations... 
Done.
Thermalized Magnetisation = (0.095758,-0.077071), Energy = -0.762026 
Averaging iterations... h=0.062500,0.000000
Done.
Final: Magnetisation = (0.021211,-0.186485), Energy = -0.863986 
<M> = (0.091490,-0.001868), <E> = -0.816841 

T=1.800000	 Thermalizing iterations... 
Done.
Thermalized Magnetisation = (0.115547,0.123371), Energy = -1.005093 
Averaging iterations... h=0.062500,0.000000
Done.
Final: Magnetisation = (0.101628,-0.117819), Energy = -0.982489 
<M> = (0.095748,0.001729), <E> = -0.839546 

T=1.750000	 Thermalizing iterations... 
Done.
Thermalized Magnetisation = (-0.073487,-0.215170), Energy = -0.875190 
Averaging iterations... h=0.062500,0.000000
Done.
Final: Magnetisation = (0.013176,0.207147), Energy = -0.740123 
<M> = (0.104290,0.003180), <E> = -0.860114 

T=1.700000	 Thermalizing iterations... 
Done.
Thermalized Magnetisation = (-0.010713,0.019333), Energy = -0.974680 
Averaging iterations... h=0.062500,0.000000
Done.
Final: Magnetisation = (0.049637,0.329142), Energy = -1.194097 
<M> = (0.114801,0.003028), <E> = -0.889740 

T=1.650000	 Thermalizing iterations... 
Done.
Thermalized Magnetisation = (0.193767,0.382797), Energy = -1.011775 
Averaging iterations... h=0.062500,0.000000
Done.
Final: Magnetisation = (0.096040,-0.020368), Energy = -1.040352 
<M> = (0.122592,-0.000334), <E> = -0.910850 

T=1.600000	 Thermalizing iterations... 
Done.
Thermalized Magnetisation = (0.316089,-0.103303), Energy = -1.031759 
Averaging iterations... h=0.062500,0.000000
Done.
Final: Magnetisation = (0.319188,0.038064), Energy = -1.106729 
<M> = (0.139268,0.000614), <E> = -0.942932 

T=1.550000	 Thermalizing iterations... 
Done.
Thermalized Magnetisation = (0.156189,0.104269), Energy = -0.826767 
Averaging iterations... h=0.062500,0.000000
Done.
Final: Magnetisation = (0.026447,-0.014836), Energy = -0.907908 
<M> = (0.143630,0.004476), <E> = -0.968949 

T=1.500000	 Thermalizing iterations... 
Done.
Thermalized Magnetisation = (0.245566,-0.036816), Energy = -1.130311 
Averaging iterations... h=0.062500,0.000000
Done.
Final: Magnetisation = (0.064403,-0.155661), Energy = -0.989237 
<M> = (0.166355,0.003223), <E> = -1.002928 

T=1.450000	 Thermalizing iterations... 
Done.
Thermalized Magnetisation = (0.054040,0.011227), Energy = -0.997104 
Averaging iterations... h=0.062500,0.000000
Done.
Final: Magnetisation = (-0.037182,-0.203329), Energy = -0.849841 
<M> = (0.174626,-0.000503), <E> = -1.034243 

T=1.400000	 Thermalizing iterations... 
Done.
Thermalized Magnetisation = (0.263752,0.056237), Energy = -0.995801 
Averaging iterations... h=0.062500,0.000000
Done.
Final: Magnetisation = (0.224446,-0.015968), Energy = -0.984336 
<M> = (0.188574,0.008654), <E> = -1.069494 

T=1.350000	 Thermalizing iterations... 
Done.
Thermalized Magnetisation = (0.257451,-0.026090), Energy = -1.168085 
Averaging iterations... h=0.062500,0.000000
Done.
Final: Magnetisation = (0.170715,-0.139047), Energy = -0.971772 
<M> = (0.211809,-0.001965), <E> = -1.105792 

T=1.300000	 Thermalizing iterations... 
Done.
Thermalized Magnetisation = (0.477063,-0.024293), Energy = -1.287528 
Averaging iterations... h=0.062500,0.000000
Done.
Final: Magnetisation = (0.361025,-0.036197), Energy = -1.099021 
<M> = (0.234271,0.008942), <E> = -1.148932 

T=1.250000	 Thermalizing iterations... 
Done.
Thermalized Magnetisation = (0.421788,0.038319), Energy = -1.240374 
Averaging iterations... h=0.062500,0.000000
Done.
Final: Magnetisation = (0.011378,0.034397), Energy = -1.070160 
<M> = (0.267228,0.001574), <E> = -1.187373 

T=1.200000	 Thermalizing iterations... 
Done.
Thermalized Magnetisation = (0.254459,0.061073), Energy = -1.253420 
Averaging iterations... h=0.062500,0.000000
Done.
Final: Magnetisation = (0.450221,0.115996), Energy = -1.256249 
<M> = (0.295278,0.006749), <E> = -1.236440 

T=1.150000	 Thermalizing iterations... 
Done.
Thermalized Magnetisation = (0.595995,-0.158481), Energy = -1.552248 
Averaging iterations... h=0.062500,0.000000
Done.
Final: Magnetisation = (0.376159,0.250528), Energy = -1.190940 
<M> = (0.334399,0.002341), <E> = -1.282969 

T=1.100000	 Thermalizing iterations... 
Done.
Thermalized Magnetisation = (0.280054,-0.149745), Energy = -1.351251 
Averaging iterations... h=0.062500,0.000000
Done.
Final: Magnetisation = (0.440783,0.112781), Energy = -1.267859 
<M> = (0.376968,0.001521), <E> = -1.336358 

T=1.050000	 Thermalizing iterations... 
Done.
Thermalized Magnetisation = (0.464067,0.103105), Energy = -1.374074 
Averaging iterations... h=0.062500,0.000000
Done.
Final: Magnetisation = (0.368091,0.103229), Energy = -1.400831 
<M> = (0.408624,0.002567), <E> = -1.381415 

T=1.000000	 Thermalizing iterations... 
Done.
Thermalized Magnetisation = (0.341091,-0.339958), Energy = -1.429865 
Averaging iterations... h=0.062500,0.000000
Done.
Final: Magnetisation = (0.545570,0.052040), Energy = -1.397503 
<M> = (0.428847,0.006318), <E> = -1.427537 

T=0.950000	 Thermalizing iterations... 
Done.
Thermalized Magnetisation = (0.352618,0.270186), Energy = -1.566896 
Averaging iterations... h=0.062500,0.000000
Done.
Final: Magnetisation = (0.514221,0.097283), Energy = -1.484978 
<M> = (0.475119,-0.011899), <E> = -1.481421 

T=0.900000	 Thermalizing iterations... 
Done.
Thermalized Magnetisation = (0.655916,-0.252181), Energy = -1.600246 
Averaging iterations... h=0.062500,0.000000
Done.
Final: Magnetisation = (0.652181,-0.090764), Energy = -1.580277 
<M> = (0.529427,0.008347), <E> = -1.531555 

T=0.850000	 Thermalizing iterations... 
Done.
Thermalized Magnetisation = (0.620266,-0.050151), Energy = -1.706994 
Averaging iterations... h=0.062500,0.000000
Done.
Final: Magnetisation = (0.566761,0.335133), Energy = -1.698310 
<M> = (0.562119,0.004797), <E> = -1.575757 

T=0.800000	 Thermalizing iterations... 
Done.
Thermalized Magnetisation = (0.507346,-0.057509), Energy = -1.489035 
Averaging iterations... h=0.062500,0.000000
Done.
Final: Magnetisation = (0.658122,-0.053207), Energy = -1.743829 
<M> = (0.599330,-0.012820), <E> = -1.622127 

T=0.750000	 Thermalizing iterations... 
Done.
Thermalized Magnetisation = (0.641449,-0.041534), Energy = -1.720355 
Averaging iterations... h=0.062500,0.000000
Done.
Final: Magnetisation = (0.648255,0.106377), Energy = -1.664301 
<M> = (0.633054,-0.003059), <E> = -1.660382 

T=0.700000	 Thermalizing iterations... 
Done.
Thermalized Magnetisation = (0.646325,-0.135960), Energy = -1.772765 
Averaging iterations... h=0.062500,0.000000
Done.
Final: Magnetisation = (0.738321,-0.035422), Energy = -1.744674 
<M> = (0.651282,0.054148), <E> = -1.698271 

T=0.650000	 Thermalizing iterations... 
Done.
Thermalized Magnetisation = (0.548223,-0.190647), Energy = -1.668353 
Averaging iterations... h=0.062500,0.000000
Done.
Final: Magnetisation = (0.682647,-0.092830), Energy = -1.741119 
<M> = (0.681825,-0.072451), <E> = -1.733421 

T=0.600000	 Thermalizing iterations... 
Done.
Thermalized Magnetisation = (0.767577,0.206792), Energy = -1.769949 
Averaging iterations... h=0.062500,0.000000
Done.
Final: Magnetisation = (0.660365,0.185662), Energy = -1.749329 
<M> = (0.707539,0.023808), <E> = -1.767419 

T=0.550000	 Thermalizing iterations... 
Done.
Thermalized Magnetisation = (0.742889,0.259903), Energy = -1.814204 
Averaging iterations... h=0.062500,0.000000
Done.
Final: Magnetisation = (0.779398,-0.236646), Energy = -1.823394 
<M> = (0.724306,-0.023687), <E> = -1.798713 

T=0.500000	 Thermalizing iterations... 
Done.
Thermalized Magnetisation = (0.823087,0.059055), Energy = -1.850508 
Averaging iterations... h=0.062500,0.000000
Done.
Final: Magnetisation = (0.600397,-0.494574), Energy = -1.796678 
<M> = (0.735045,-0.125626), <E> = -1.827045 

T=0.450000	 Thermalizing iterations... 
Done.
Thermalized Magnetisation = (0.741564,0.405118), Energy = -1.866006 
Averaging iterations... h=0.062500,0.000000
Done.
Final: Magnetisation = (0.753457,0.249718), Energy = -1.900698 
<M> = (0.768064,0.043677), <E> = -1.856869 

T=0.400000	 Thermalizing iterations... 
Done.
Thermalized Magnetisation = (0.772817,0.170117), Energy = -1.887176 
Averaging iterations... h=0.062500,0.000000
Done.
Final: Magnetisation = (0.820034,-0.026766), Energy = -1.858718 
<M> = (0.777386,-0.068231), <E> = -1.885132 

T=0.350000	 Thermalizing iterations... 
Done.
Thermalized Magnetisation = (0.837667,-0.161237), Energy = -1.940184 
Averaging iterations... h=0.062500,0.000000
Done.
Final: Magnetisation = (0.746663,0.443074), Energy = -1.933513 
<M> = (0.792684,0.000255), <E> = -1.912762 

T=0.300000	 Thermalizing iterations... 
Done.
Thermalized Magnetisation = (0.769021,0.313372), Energy = -1.955643 
Averaging iterations... h=0.062500,0.000000
Done.
Final: Magnetisation = (0.779309,0.325493), Energy = -1.944651 
<M> = (0.791929,0.144691), <E> = -1.939961 

T=0.250000	 Thermalizing iterations... 
Done.
Thermalized Magnetisation = (0.749361,0.477276), Energy = -1.987096 
Averaging iterations... h=0.062500,0.000000
Done.
Final: Magnetisation = (0.747873,-0.474045), Energy = -1.978266 
<M> = (0.806861,-0.216818), <E> = -1.967629 

T=0.200000	 Thermalizing iterations... 
Done.
Thermalized Magnetisation = (0.856157,-0.207026), Energy = -2.005742 
Averaging iterations... h=0.062500,0.000000
Done.
Final: Magnetisation = (0.785082,-0.482600), Energy = -2.000343 
<M> = (0.816414,-0.309439), <E> = -1.993620 

T=0.150000	 Thermalizing iterations... 
Done.
Thermalized Magnetisation = (0.852659,-0.258232), Energy = -2.024202 
Averaging iterations... h=0.062500,0.000000
Done.
Final: Magnetisation = (0.791427,0.349437), Energy = -2.012730 
<M> = (0.847411,-0.240839), <E> = -2.019494 

T=0.100000	 Thermalizing iterations... 
Done.
Thermalized Magnetisation = (0.820744,0.386236), Energy = -2.047102 
Averaging iterations... h=0.062500,0.000000
Done.
Final: Magnetisation = (0.786959,0.449466), Energy = -2.045954 
<M> = (0.826582,0.387751), <E> = -2.045653 

T=0.050000	 Thermalizing iterations... 
Done.
Thermalized Magnetisation = (0.846113,0.418379), Energy = -2.070264 
Averaging iterations... h=0.062500,0.000000
Done.
Final: Magnetisation = (0.818809,0.425578), Energy = -2.069648 
<M> = (0.823796,0.439910), <E> = -2.071364 
Final Magnetisation = (0.818809,0.425578), Energy = -2.069648 
------------------------

Updating all (first)black/(then)white checkerboard sites simultaneously.. 

ztne RFXY h rotating with |h|=0.062500 at T=0.000000..
loop 1

loop 2

Cooling protocol time (from T=2.000000 to T=0.000000) = 189.523708 

CPU Time elapsed total = 189.531558 
All done - 189 seconds elapsed.
