nearest neighbor initialized. 
J loaded. 
h loaded. 
L = 16, dim_L = 2, dim_S = 2
hysteresis_MCS_multiplier = 10, hysteresis_MCS_max = 100
RAND_MAX = 2147483647.000000,
 sizeof(int) = 4,
 sizeof(long) = 8,
 sizeof(double) = 8,
 sizeof(long int) = 8,
 sizeof(short int) = 2,
 sizeof(unsigned int) = 4,
 sizeof(RAND_MAX) = 4

OpenMP Active.

No. of THREADS = 24
No. of PROCESSORS = 24

-0.076458,-0.035232
order = ({1.000000-->-1.000000,0.000000}, 0, 1)
Initial Magnetisation = (-0.076458,-0.035232), Energy = 0.143692 
Cooling... 
T=2.000000	 Thermalizing iterations... 
Done.
Thermalized Magnetisation = (0.183365,0.044644), Energy = -1.106718 
Averaging iterations... h=0.062500,0.000000
Done.
Final: Magnetisation = (0.136256,0.135381), Energy = -0.883501 
<M> = (0.047997,0.008066), <E> = -0.927071 

T=1.950000	 Thermalizing iterations... 
Done.
Thermalized Magnetisation = (0.251389,0.107359), Energy = -1.103306 
Averaging iterations... h=0.062500,0.000000
Done.
Final: Magnetisation = (0.163642,0.154879), Energy = -1.266977 
<M> = (0.040378,0.008445), <E> = -0.925756 

T=1.900000	 Thermalizing iterations... 
Done.
Thermalized Magnetisation = (0.504678,0.151000), Energy = -1.171107 
Averaging iterations... h=0.062500,0.000000
Done.
Final: Magnetisation = (0.134841,-0.329608), Energy = -0.903352 
<M> = (0.044780,0.017207), <E> = -0.949609 

T=1.850000	 Thermalizing iterations... 
Done.
Thermalized Magnetisation = (-0.231510,0.159957), Energy = -1.020611 
Averaging iterations... h=0.062500,0.000000
Done.
Final: Magnetisation = (0.144366,-0.118546), Energy = -0.857378 
<M> = (0.058750,-0.004604), <E> = -0.961739 

T=1.800000	 Thermalizing iterations... 
Done.
Thermalized Magnetisation = (-0.158546,0.151841), Energy = -1.062909 
Averaging iterations... h=0.062500,0.000000
Done.
Final: Magnetisation = (0.338718,0.153221), Energy = -1.351518 
<M> = (0.042323,0.009488), <E> = -0.978597 

T=1.750000	 Thermalizing iterations... 
Done.
Thermalized Magnetisation = (-0.249478,-0.365258), Energy = -0.669912 
Averaging iterations... h=0.062500,0.000000
Done.
Final: Magnetisation = (0.132300,0.102496), Energy = -1.011340 
<M> = (0.060550,-0.002477), <E> = -0.996619 

T=1.700000	 Thermalizing iterations... 
Done.
Thermalized Magnetisation = (0.047206,0.030177), Energy = -1.059964 
Averaging iterations... h=0.062500,0.000000
Done.
Final: Magnetisation = (0.616944,0.245376), Energy = -1.321594 
<M> = (0.045769,-0.000450), <E> = -1.022250 

T=1.650000	 Thermalizing iterations... 
Done.
Thermalized Magnetisation = (0.113919,-0.335446), Energy = -1.008970 
Averaging iterations... h=0.062500,0.000000
Done.
Final: Magnetisation = (0.168267,-0.072937), Energy = -0.868695 
<M> = (0.050776,-0.011513), <E> = -1.039095 

T=1.600000	 Thermalizing iterations... 
Done.
Thermalized Magnetisation = (0.288107,-0.238841), Energy = -1.008274 
Averaging iterations... h=0.062500,0.000000
Done.
Final: Magnetisation = (0.202365,0.028026), Energy = -1.011465 
<M> = (0.066298,-0.017027), <E> = -1.073167 

T=1.550000	 Thermalizing iterations... 
Done.
Thermalized Magnetisation = (-0.203239,0.334153), Energy = -1.247043 
Averaging iterations... h=0.062500,0.000000
Done.
Final: Magnetisation = (-0.160969,0.148616), Energy = -1.083361 
<M> = (0.066945,-0.005029), <E> = -1.081691 

T=1.500000	 Thermalizing iterations... 
Done.
Thermalized Magnetisation = (0.187050,0.151589), Energy = -1.105509 
Averaging iterations... h=0.062500,0.000000
Done.
Final: Magnetisation = (0.157811,0.586713), Energy = -1.308057 
<M> = (0.076759,0.001197), <E> = -1.111803 

T=1.450000	 Thermalizing iterations... 
Done.
Thermalized Magnetisation = (-0.162149,0.330304), Energy = -0.966409 
Averaging iterations... h=0.062500,0.000000
Done.
Final: Magnetisation = (0.505475,0.132523), Energy = -1.191978 
<M> = (0.080710,0.008884), <E> = -1.132612 

T=1.400000	 Thermalizing iterations... 
Done.
Thermalized Magnetisation = (0.439306,-0.102414), Energy = -1.250934 
Averaging iterations... h=0.062500,0.000000
Done.
Final: Magnetisation = (-0.456458,-0.275385), Energy = -1.176853 
<M> = (0.093971,-0.002869), <E> = -1.165429 

T=1.350000	 Thermalizing iterations... 
Done.
Thermalized Magnetisation = (0.035666,-0.013037), Energy = -0.888395 
Averaging iterations... h=0.062500,0.000000
Done.
Final: Magnetisation = (0.514533,0.022687), Energy = -1.388532 
<M> = (0.095916,-0.002221), <E> = -1.189873 

T=1.300000	 Thermalizing iterations... 
Done.
Thermalized Magnetisation = (-0.039891,0.512733), Energy = -1.131993 
Averaging iterations... h=0.062500,0.000000
Done.
Final: Magnetisation = (0.298146,-0.075882), Energy = -1.250731 
<M> = (0.120834,0.017658), <E> = -1.220111 

T=1.250000	 Thermalizing iterations... 
Done.
Thermalized Magnetisation = (-0.244022,0.250007), Energy = -1.202869 
Averaging iterations... h=0.062500,0.000000
Done.
Final: Magnetisation = (0.310724,0.161043), Energy = -1.306222 
<M> = (0.136121,-0.007676), <E> = -1.248656 

T=1.200000	 Thermalizing iterations... 
Done.
Thermalized Magnetisation = (-0.085570,0.285817), Energy = -1.238172 
Averaging iterations... h=0.062500,0.000000
Done.
Final: Magnetisation = (0.113187,0.345536), Energy = -1.150848 
<M> = (0.155311,0.056444), <E> = -1.284080 

T=1.150000	 Thermalizing iterations... 
Done.
Thermalized Magnetisation = (0.320618,0.276929), Energy = -1.362009 
Averaging iterations... h=0.062500,0.000000
Done.
Final: Magnetisation = (-0.068382,-0.250567), Energy = -1.179245 
<M> = (0.152477,-0.022363), <E> = -1.306300 

T=1.100000	 Thermalizing iterations... 
Done.
Thermalized Magnetisation = (0.387296,-0.012451), Energy = -1.421316 
Averaging iterations... h=0.062500,0.000000
Done.
Final: Magnetisation = (0.127700,-0.014917), Energy = -1.009988 
<M> = (0.168913,0.014879), <E> = -1.336748 

T=1.050000	 Thermalizing iterations... 
Done.
Thermalized Magnetisation = (0.132999,0.064544), Energy = -1.291117 
Averaging iterations... h=0.062500,0.000000
Done.
Final: Magnetisation = (-0.268240,0.311362), Energy = -1.450130 
<M> = (0.213424,-0.046061), <E> = -1.386716 

T=1.000000	 Thermalizing iterations... 
Done.
Thermalized Magnetisation = (0.397315,-0.037330), Energy = -1.471251 
Averaging iterations... h=0.062500,0.000000
Done.
Final: Magnetisation = (0.533284,-0.239644), Energy = -1.510612 
<M> = (0.244079,0.035248), <E> = -1.417074 

T=0.950000	 Thermalizing iterations... 
Done.
Thermalized Magnetisation = (0.016003,0.247910), Energy = -1.419301 
Averaging iterations... h=0.062500,0.000000
Done.
Final: Magnetisation = (0.390203,0.541203), Energy = -1.519524 
<M> = (0.294049,0.048330), <E> = -1.465015 

T=0.900000	 Thermalizing iterations... 
Done.
Thermalized Magnetisation = (0.371775,-0.314438), Energy = -1.473672 
Averaging iterations... h=0.062500,0.000000
Done.
Final: Magnetisation = (0.720622,-0.068221), Energy = -1.627853 
<M> = (0.294828,-0.023024), <E> = -1.493765 

T=0.850000	 Thermalizing iterations... 
Done.
Thermalized Magnetisation = (0.732095,0.137983), Energy = -1.597770 
Averaging iterations... h=0.062500,0.000000
Done.
Final: Magnetisation = (0.048206,0.513758), Energy = -1.572821 
<M> = (0.291825,0.032311), <E> = -1.534556 

T=0.800000	 Thermalizing iterations... 
Done.
Thermalized Magnetisation = (0.434747,0.433266), Energy = -1.679739 
Averaging iterations... h=0.062500,0.000000
Done.
Final: Magnetisation = (0.672922,0.171852), Energy = -1.592707 
<M> = (0.275556,0.223416), <E> = -1.572129 

T=0.750000	 Thermalizing iterations... 
Done.
Thermalized Magnetisation = (0.398335,0.538751), Energy = -1.574871 
Averaging iterations... h=0.062500,0.000000
Done.
Final: Magnetisation = (0.206137,-0.711700), Energy = -1.788809 
<M> = (0.386303,-0.181687), <E> = -1.618536 

T=0.700000	 Thermalizing iterations... 
Done.
Thermalized Magnetisation = (-0.002606,0.731892), Energy = -1.726852 
Averaging iterations... h=0.062500,0.000000
Done.
Final: Magnetisation = (0.045349,0.637230), Energy = -1.619609 
<M> = (0.356306,0.068667), <E> = -1.661006 

T=0.650000	 Thermalizing iterations... 
Done.
Thermalized Magnetisation = (0.453657,-0.205386), Energy = -1.620179 
Averaging iterations... h=0.062500,0.000000
Done.
Final: Magnetisation = (0.624885,-0.114771), Energy = -1.614714 
<M> = (0.469678,-0.086589), <E> = -1.703424 

T=0.600000	 Thermalizing iterations... 
Done.
Thermalized Magnetisation = (0.583553,0.325893), Energy = -1.682218 
Averaging iterations... h=0.062500,0.000000
Done.
Final: Magnetisation = (0.424429,-0.705582), Energy = -1.731797 
<M> = (0.479037,0.120351), <E> = -1.731173 

T=0.550000	 Thermalizing iterations... 
Done.
Thermalized Magnetisation = (-0.090214,0.728639), Energy = -1.742815 
Averaging iterations... h=0.062500,0.000000
Done.
Final: Magnetisation = (0.560784,0.604806), Energy = -1.751234 
<M> = (0.526865,0.211052), <E> = -1.775158 

T=0.500000	 Thermalizing iterations... 
Done.
Thermalized Magnetisation = (0.687157,-0.531671), Energy = -1.835406 
Averaging iterations... h=0.062500,0.000000
Done.
Final: Magnetisation = (0.553060,0.318507), Energy = -1.806362 
<M> = (0.539857,0.251894), <E> = -1.805519 

T=0.450000	 Thermalizing iterations... 
Done.
Thermalized Magnetisation = (0.464388,0.606895), Energy = -1.796351 
Averaging iterations... h=0.062500,0.000000
Done.
Final: Magnetisation = (0.560548,0.691222), Energy = -1.884178 
<M> = (0.520242,0.497810), <E> = -1.835543 

T=0.400000	 Thermalizing iterations... 
Done.
Thermalized Magnetisation = (0.458336,0.634404), Energy = -1.846786 
Averaging iterations... h=0.062500,0.000000
Done.
Final: Magnetisation = (0.481760,-0.643053), Energy = -1.888501 
<M> = (0.487405,-0.298439), <E> = -1.861574 

T=0.350000	 Thermalizing iterations... 
Done.
Thermalized Magnetisation = (0.668579,-0.522178), Energy = -1.876476 
Averaging iterations... h=0.062500,0.000000
Done.
Final: Magnetisation = (0.520668,-0.654723), Energy = -1.914385 
<M> = (0.496001,-0.614987), <E> = -1.893708 

T=0.300000	 Thermalizing iterations... 
Done.
Thermalized Magnetisation = (0.217813,-0.865120), Energy = -1.927163 
Averaging iterations... h=0.062500,0.000000
Done.
Final: Magnetisation = (0.481465,-0.706516), Energy = -1.918673 
<M> = (0.488473,-0.621052), <E> = -1.918788 

T=0.250000	 Thermalizing iterations... 
Done.
Thermalized Magnetisation = (0.435872,-0.722652), Energy = -1.977216 
Averaging iterations... h=0.062500,0.000000
Done.
Final: Magnetisation = (0.585097,-0.636489), Energy = -1.958978 
<M> = (0.546312,-0.640998), <E> = -1.948947 

T=0.200000	 Thermalizing iterations... 
Done.
Thermalized Magnetisation = (0.473082,0.737572), Energy = -1.956936 
Averaging iterations... h=0.062500,0.000000
Done.
Final: Magnetisation = (0.715896,-0.529502), Energy = -1.982028 
<M> = (0.612656,0.001763), <E> = -1.971865 

T=0.150000	 Thermalizing iterations... 
Done.
Thermalized Magnetisation = (0.663351,-0.583050), Energy = -2.017460 
Averaging iterations... h=0.062500,0.000000
Done.
Final: Magnetisation = (0.519052,-0.710598), Energy = -1.990542 
<M> = (0.523474,-0.688510), <E> = -2.000724 

T=0.100000	 Thermalizing iterations... 
Done.
Thermalized Magnetisation = (0.529809,-0.695188), Energy = -2.021122 
Averaging iterations... h=0.062500,0.000000
Done.
Final: Magnetisation = (0.591457,-0.592033), Energy = -2.019706 
<M> = (0.537904,-0.694134), <E> = -2.025714 

T=0.050000	 Thermalizing iterations... 
Done.
Thermalized Magnetisation = (0.582753,-0.665562), Energy = -2.048390 
Averaging iterations... h=0.062500,0.000000
Done.
Final: Magnetisation = (0.508687,-0.738351), Energy = -2.053753 
<M> = (0.546293,-0.709777), <E> = -2.051628 
Final Magnetisation = (0.508687,-0.738351), Energy = -2.053753 
------------------------

Updating all (first)black/(then)white checkerboard sites simultaneously.. 

ztne RFXY h rotating with |h|=0.062500 at T=0.000000..
loop 1

loop 2

Cooling protocol time (from T=2.000000 to T=0.000000) = 53.553674 

CPU Time elapsed total = 53.573449 
All done - 53 seconds elapsed.
