+ cd /home/sbasak/Exercises/OpenMP/XY_code/Z2/rotating_field/trial/config/config_27
+ export OMP_NUM_THREADS=28
+ OMP_NUM_THREADS=28
+ ./a_64.out
nearest neighbor initialized. 
h loaded. 
J loaded. 
L = 128, dim_L = 2, dim_S = 2
hysteresis_MCS_multiplier = 10, hysteresis_MCS_max = 100
RAND_MAX = 2147483647.000000,
 sizeof(int) = 4,
 sizeof(long) = 8,
 sizeof(double) = 8,
 sizeof(long int) = 8,
 sizeof(short int) = 2,
 sizeof(unsigned int) = 4,
 sizeof(RAND_MAX) = 4
No. of THREADS = 28
No. of PROCESSORS = 28

0.059894,0.021867
order = ({1.000000-->-1.000000,0.000000}, 0, 1)
Initial Magnetisation = (0.059894,0.021867), Energy = 0.024195 
Cooling... 
T=2.000000	 Thermalizing iterations... 
Done.
Thermalized Magnetisation = (0.005817,-0.014981), Energy = -0.568157 
Averaging iterations... h=0.007812,0.000000
Done.
Final: Magnetisation = (0.007935,-0.024123), Energy = -0.592086 
<M> = (0.006478,-0.000065), <E> = -0.608861 

T=1.990000	 Thermalizing iterations... 
Done.
Thermalized Magnetisation = (-0.028640,0.024121), Energy = -0.631290 
Averaging iterations... h=0.007812,0.000000
Done.
Final: Magnetisation = (-0.022969,0.009413), Energy = -0.639168 
<M> = (0.007936,-0.001711), <E> = -0.612952 

T=1.980000	 Thermalizing iterations... 
Done.
Thermalized Magnetisation = (-0.003333,0.022050), Energy = -0.631711 
Averaging iterations... h=0.007812,0.000000
Done.
Final: Magnetisation = (0.030687,-0.002353), Energy = -0.625989 
<M> = (0.006605,-0.001356), <E> = -0.617038 

T=1.970000	 Thermalizing iterations... 
Done.
Thermalized Magnetisation = (-0.016377,0.016831), Energy = -0.626195 
Averaging iterations... h=0.007812,0.000000
Done.
Final: Magnetisation = (-0.015302,-0.045795), Energy = -0.617223 
<M> = (0.007250,-0.002370), <E> = -0.621097 

T=1.960000	 Thermalizing iterations... 
Done.
Thermalized Magnetisation = (-0.000499,-0.022309), Energy = -0.669773 
Averaging iterations... h=0.007812,0.000000
Done.
Final: Magnetisation = (0.007437,0.014885), Energy = -0.632116 
<M> = (0.007957,-0.000622), <E> = -0.624118 

T=1.950000	 Thermalizing iterations... 
Done.
Thermalized Magnetisation = (0.001998,0.020173), Energy = -0.635523 
Averaging iterations... h=0.007812,0.000000
Done.
Final: Magnetisation = (0.060048,-0.006321), Energy = -0.651669 
<M> = (0.008631,-0.000422), <E> = -0.627259 

T=1.940000	 Thermalizing iterations... 
Done.
Thermalized Magnetisation = (0.041569,-0.010841), Energy = -0.618848 
Averaging iterations... h=0.007812,0.000000
Done.
Final: Magnetisation = (0.049053,0.031508), Energy = -0.621752 
<M> = (0.007442,-0.000058), <E> = -0.630748 

T=1.930000	 Thermalizing iterations... 
Done.
Thermalized Magnetisation = (0.024316,-0.000709), Energy = -0.641128 
Averaging iterations... h=0.007812,0.000000
Done.
Final: Magnetisation = (-0.075657,0.018047), Energy = -0.622881 
<M> = (0.006634,0.000719), <E> = -0.634002 

T=1.920000	 Thermalizing iterations... 
Done.
Thermalized Magnetisation = (-0.013895,0.029536), Energy = -0.652279 
Averaging iterations... h=0.007812,0.000000
Done.
Final: Magnetisation = (-0.000967,-0.020815), Energy = -0.636709 
<M> = (0.007360,-0.001197), <E> = -0.638446 

T=1.910000	 Thermalizing iterations... 
Done.
Thermalized Magnetisation = (-0.031331,0.008712), Energy = -0.650086 
Averaging iterations... h=0.007812,0.000000
Done.
Final: Magnetisation = (-0.016243,-0.027976), Energy = -0.680888 
<M> = (0.007395,-0.001378), <E> = -0.643005 

T=1.900000	 Thermalizing iterations... 
Done.
Thermalized Magnetisation = (0.098894,0.094772), Energy = -0.650554 
Averaging iterations... h=0.007812,0.000000
Done.
Final: Magnetisation = (-0.038173,0.006391), Energy = -0.620651 
<M> = (0.007928,-0.002333), <E> = -0.646924 

T=1.890000	 Thermalizing iterations... 
Done.
Thermalized Magnetisation = (-0.046654,0.013630), Energy = -0.654388 
Averaging iterations... h=0.007812,0.000000
Done.
Final: Magnetisation = (-0.028075,0.022444), Energy = -0.632813 
<M> = (0.008317,-0.001984), <E> = -0.650845 

T=1.880000	 Thermalizing iterations... 
Done.
Thermalized Magnetisation = (0.001676,-0.034568), Energy = -0.649640 
Averaging iterations... h=0.007812,0.000000
Done.
Final: Magnetisation = (-0.052026,0.007597), Energy = -0.662510 
<M> = (0.008833,-0.001887), <E> = -0.654567 

T=1.870000	 Thermalizing iterations... 
Done.
Thermalized Magnetisation = (-0.012987,0.014647), Energy = -0.659704 
Averaging iterations... h=0.007812,0.000000
Done.
Final: Magnetisation = (0.040056,0.011985), Energy = -0.665642 
<M> = (0.008607,0.002020), <E> = -0.658118 

T=1.860000	 Thermalizing iterations... 
Done.
Thermalized Magnetisation = (-0.028236,0.024929), Energy = -0.629161 
Averaging iterations... h=0.007812,0.000000
Done.
Final: Magnetisation = (0.037193,-0.027262), Energy = -0.646927 
<M> = (0.007491,-0.000369), <E> = -0.662653 

T=1.850000	 Thermalizing iterations... 
Done.
Thermalized Magnetisation = (0.003612,0.090158), Energy = -0.660889 
Averaging iterations... h=0.007812,0.000000
Done.
Final: Magnetisation = (0.057646,-0.026616), Energy = -0.700071 
<M> = (0.007662,-0.000454), <E> = -0.666545 

T=1.840000	 Thermalizing iterations... 
Done.
Thermalized Magnetisation = (0.006279,0.023864), Energy = -0.675914 
Averaging iterations... h=0.007812,0.000000
Done.
Final: Magnetisation = (0.032935,-0.005960), Energy = -0.683401 
<M> = (0.009282,-0.001171), <E> = -0.671247 

T=1.830000	 Thermalizing iterations... 
Done.
Thermalized Magnetisation = (0.066017,0.006222), Energy = -0.662882 
Averaging iterations... h=0.007812,0.000000
Done.
Final: Magnetisation = (-0.005162,0.049376), Energy = -0.659915 
<M> = (0.007713,-0.002535), <E> = -0.675865 

T=1.820000	 Thermalizing iterations... 
Done.
Thermalized Magnetisation = (0.007298,0.040769), Energy = -0.679335 
Averaging iterations... h=0.007812,0.000000
Done.
Final: Magnetisation = (0.025424,-0.019348), Energy = -0.666314 
<M> = (0.008978,-0.002082), <E> = -0.680953 

T=1.810000	 Thermalizing iterations... 
Done.
Thermalized Magnetisation = (-0.008015,0.032059), Energy = -0.697027 
Averaging iterations... h=0.007812,0.000000
Done.
Final: Magnetisation = (0.001848,0.023381), Energy = -0.661322 
<M> = (0.011542,-0.002015), <E> = -0.684479 

T=1.800000	 Thermalizing iterations... 
Done.
Thermalized Magnetisation = (-0.038751,-0.003855), Energy = -0.688499 
Averaging iterations... h=0.007812,0.000000
Done.
Final: Magnetisation = (0.007127,0.052214), Energy = -0.714157 
<M> = (0.010781,0.000017), <E> = -0.688197 

T=1.790000	 Thermalizing iterations... 
Done.
Thermalized Magnetisation = (0.022745,-0.045736), Energy = -0.695998 
Averaging iterations... h=0.007812,0.000000
Done.
Final: Magnetisation = (-0.045327,-0.059199), Energy = -0.700553 
<M> = (0.008908,0.000090), <E> = -0.693006 

T=1.780000	 Thermalizing iterations... 
Done.
Thermalized Magnetisation = (0.006112,-0.024790), Energy = -0.719431 
Averaging iterations... h=0.007812,0.000000
Done.
Final: Magnetisation = (0.039693,-0.014343), Energy = -0.686182 
<M> = (0.008861,0.000529), <E> = -0.696754 

T=1.770000	 Thermalizing iterations... 
Done.
Thermalized Magnetisation = (0.029678,0.026736), Energy = -0.701570 
Averaging iterations... h=0.007812,0.000000
Done.
Final: Magnetisation = (0.028866,0.068447), Energy = -0.690927 
<M> = (0.009865,-0.002223), <E> = -0.702326 

T=1.760000	 Thermalizing iterations... 
Done.
Thermalized Magnetisation = (0.031852,0.020795), Energy = -0.755340 
Averaging iterations... h=0.007812,0.000000
Done.
Final: Magnetisation = (0.068797,-0.033377), Energy = -0.718014 
<M> = (0.009793,-0.000718), <E> = -0.707405 

T=1.750000	 Thermalizing iterations... 
Done.
Thermalized Magnetisation = (-0.039162,0.019300), Energy = -0.714067 
Averaging iterations... h=0.007812,0.000000
Done.
Final: Magnetisation = (0.056079,-0.000439), Energy = -0.678018 
<M> = (0.009097,-0.003109), <E> = -0.712357 

T=1.740000	 Thermalizing iterations... 
Done.
Thermalized Magnetisation = (0.029227,0.015317), Energy = -0.684585 
Averaging iterations... h=0.007812,0.000000
Done.
Final: Magnetisation = (0.004349,-0.011042), Energy = -0.725363 
<M> = (0.010606,-0.002391), <E> = -0.717181 

T=1.730000	 Thermalizing iterations... 
Done.
Thermalized Magnetisation = (0.033859,-0.025169), Energy = -0.732949 
Averaging iterations... h=0.007812,0.000000
Done.
Final: Magnetisation = (-0.042402,-0.042864), Energy = -0.729578 
<M> = (0.012368,-0.000747), <E> = -0.721665 

T=1.720000	 Thermalizing iterations... 
Done.
Thermalized Magnetisation = (-0.003158,-0.053214), Energy = -0.721442 
Averaging iterations... h=0.007812,0.000000
Done.
Final: Magnetisation = (0.003695,0.013540), Energy = -0.729978 
<M> = (0.010291,0.000431), <E> = -0.726109 

T=1.710000	 Thermalizing iterations... 
Done.
Thermalized Magnetisation = (0.040631,-0.048884), Energy = -0.762530 
Averaging iterations... h=0.007812,0.000000
Done.
Final: Magnetisation = (0.049408,-0.037180), Energy = -0.730462 
<M> = (0.010288,-0.000375), <E> = -0.731056 

T=1.700000	 Thermalizing iterations... 
Done.
Thermalized Magnetisation = (0.044056,0.004151), Energy = -0.736141 
Averaging iterations... h=0.007812,0.000000
Done.
Final: Magnetisation = (0.016847,0.022240), Energy = -0.748793 
<M> = (0.011544,-0.000499), <E> = -0.736324 

T=1.690000	 Thermalizing iterations... 
Done.
Thermalized Magnetisation = (-0.053317,0.009757), Energy = -0.765715 
Averaging iterations... h=0.007812,0.000000
Done.
Final: Magnetisation = (0.020413,-0.077703), Energy = -0.747308 
<M> = (0.011518,-0.000185), <E> = -0.741818 

T=1.680000	 Thermalizing iterations... 
Done.
Thermalized Magnetisation = (-0.019800,-0.010706), Energy = -0.742551 
Averaging iterations... h=0.007812,0.000000
Done.
Final: Magnetisation = (0.000467,-0.100759), Energy = -0.741595 
<M> = (0.011031,-0.002585), <E> = -0.748121 

T=1.670000	 Thermalizing iterations... 
Done.
Thermalized Magnetisation = (-0.020474,0.014159), Energy = -0.762850 
Averaging iterations... h=0.007812,0.000000
Done.
Final: Magnetisation = (0.019168,-0.087707), Energy = -0.779828 
<M> = (0.011755,-0.001371), <E> = -0.753262 

T=1.660000	 Thermalizing iterations... 
Done.
Thermalized Magnetisation = (-0.038699,-0.010889), Energy = -0.768785 
Averaging iterations... h=0.007812,0.000000
Done.
Final: Magnetisation = (0.034109,-0.038762), Energy = -0.768192 
<M> = (0.012796,-0.002201), <E> = -0.758911 

T=1.650000	 Thermalizing iterations... 
Done.
Thermalized Magnetisation = (0.016254,-0.028629), Energy = -0.764218 
Averaging iterations... h=0.007812,0.000000
Done.
Final: Magnetisation = (-0.056783,0.057556), Energy = -0.778158 
<M> = (0.012906,0.000927), <E> = -0.762869 

T=1.640000	 Thermalizing iterations... 
Done.
Thermalized Magnetisation = (0.050227,0.070500), Energy = -0.791905 
Averaging iterations... h=0.007812,0.000000
Done.
Final: Magnetisation = (0.051402,-0.039394), Energy = -0.768519 
<M> = (0.012475,0.001455), <E> = -0.768856 

T=1.630000	 Thermalizing iterations... 
Done.
Thermalized Magnetisation = (0.007609,0.006000), Energy = -0.812394 
Averaging iterations... h=0.007812,0.000000
Done.
Final: Magnetisation = (0.041714,0.010794), Energy = -0.713676 
<M> = (0.012647,0.001265), <E> = -0.773885 

T=1.620000	 Thermalizing iterations... 
Done.
Thermalized Magnetisation = (-0.006768,-0.068348), Energy = -0.796074 
Averaging iterations... h=0.007812,0.000000
Done.
Final: Magnetisation = (0.060055,-0.041171), Energy = -0.788604 
<M> = (0.013735,-0.001201), <E> = -0.780226 

T=1.610000	 Thermalizing iterations... 
Done.
Thermalized Magnetisation = (0.033334,0.040734), Energy = -0.787070 
Averaging iterations... h=0.007812,0.000000
Done.
Final: Magnetisation = (-0.007575,0.077950), Energy = -0.792478 
<M> = (0.012475,-0.002755), <E> = -0.786681 

T=1.600000	 Thermalizing iterations... 
Done.
Thermalized Magnetisation = (0.049856,-0.031902), Energy = -0.832834 
Averaging iterations... h=0.007812,0.000000
Done.
Final: Magnetisation = (-0.014021,-0.017901), Energy = -0.772842 
<M> = (0.012143,-0.004363), <E> = -0.793124 

T=1.590000	 Thermalizing iterations... 
Done.
Thermalized Magnetisation = (-0.031080,0.000602), Energy = -0.783481 
Averaging iterations... h=0.007812,0.000000
Done.
Final: Magnetisation = (-0.081220,0.004231), Energy = -0.782863 
<M> = (0.012738,-0.001457), <E> = -0.798838 

T=1.580000	 Thermalizing iterations... 
Done.
Thermalized Magnetisation = (0.015889,0.005199), Energy = -0.779685 
Averaging iterations... h=0.007812,0.000000
Done.
Final: Magnetisation = (0.032875,-0.051735), Energy = -0.865513 
<M> = (0.016022,0.000092), <E> = -0.804818 

T=1.570000	 Thermalizing iterations... 
Done.
Thermalized Magnetisation = (0.021743,0.019752), Energy = -0.825081 
Averaging iterations... h=0.007812,0.000000
Done.
Final: Magnetisation = (0.007564,0.027282), Energy = -0.815935 
<M> = (0.014178,0.000510), <E> = -0.810488 

T=1.560000	 Thermalizing iterations... 
Done.
Thermalized Magnetisation = (0.082649,-0.062214), Energy = -0.843361 
Averaging iterations... h=0.007812,0.000000
Done.
Final: Magnetisation = (-0.046862,-0.023729), Energy = -0.790562 
<M> = (0.014914,0.000116), <E> = -0.815932 

T=1.550000	 Thermalizing iterations... 
Done.
Thermalized Magnetisation = (-0.047029,-0.014695), Energy = -0.788382 
Averaging iterations... h=0.007812,0.000000
Done.
Final: Magnetisation = (-0.015691,0.010582), Energy = -0.795995 
<M> = (0.014516,0.000402), <E> = -0.823276 

T=1.540000	 Thermalizing iterations... 
Done.
Thermalized Magnetisation = (-0.028728,0.078944), Energy = -0.818942 
Averaging iterations... h=0.007812,0.000000
Done.
Final: Magnetisation = (0.001618,-0.090739), Energy = -0.858905 
<M> = (0.016074,-0.001622), <E> = -0.829615 

T=1.530000	 Thermalizing iterations... 
Done.
Thermalized Magnetisation = (0.064771,0.012415), Energy = -0.865472 
Averaging iterations... h=0.007812,0.000000
Done.
Final: Magnetisation = (0.024749,0.038803), Energy = -0.841942 
<M> = (0.014963,-0.004144), <E> = -0.836904 

T=1.520000	 Thermalizing iterations... 
Done.
Thermalized Magnetisation = (0.060681,0.085288), Energy = -0.841565 
Averaging iterations... h=0.007812,0.000000
Done.
Final: Magnetisation = (-0.024738,-0.011511), Energy = -0.848715 
<M> = (0.015688,-0.003057), <E> = -0.843368 

T=1.510000	 Thermalizing iterations... 
Done.
Thermalized Magnetisation = (0.014265,-0.007733), Energy = -0.882475 
Averaging iterations... h=0.007812,0.000000
Done.
Final: Magnetisation = (0.012473,0.000531), Energy = -0.826039 
<M> = (0.019020,-0.000957), <E> = -0.850410 

T=1.500000	 Thermalizing iterations... 
Done.
Thermalized Magnetisation = (0.062429,-0.085869), Energy = -0.873578 
Averaging iterations... h=0.007812,0.000000
Done.
Final: Magnetisation = (-0.023624,-0.054301), Energy = -0.851079 
<M> = (0.018473,0.002175), <E> = -0.856283 

T=1.490000	 Thermalizing iterations... 
Done.
Thermalized Magnetisation = (0.021417,0.025792), Energy = -0.851689 
Averaging iterations... h=0.007812,0.000000
Done.
Final: Magnetisation = (-0.003454,0.097240), Energy = -0.856898 
<M> = (0.016665,0.003387), <E> = -0.862618 

T=1.480000	 Thermalizing iterations... 
Done.
Thermalized Magnetisation = (0.058620,-0.029727), Energy = -0.853122 
Averaging iterations... h=0.007812,0.000000
Done.
Final: Magnetisation = (0.041106,-0.030440), Energy = -0.886833 
<M> = (0.015202,0.002856), <E> = -0.870428 

T=1.470000	 Thermalizing iterations... 
Done.
Thermalized Magnetisation = (0.034731,0.003187), Energy = -0.868876 
Averaging iterations... h=0.007812,0.000000
Done.
Final: Magnetisation = (0.064879,-0.041922), Energy = -0.886696 
<M> = (0.019603,0.000233), <E> = -0.878493 

T=1.460000	 Thermalizing iterations... 
Done.
Thermalized Magnetisation = (0.027168,0.052411), Energy = -0.873759 
Averaging iterations... h=0.007812,0.000000
Done.
Final: Magnetisation = (0.036486,0.008812), Energy = -0.864531 
<M> = (0.017811,-0.002401), <E> = -0.885508 

T=1.450000	 Thermalizing iterations... 
Done.
Thermalized Magnetisation = (0.044388,0.013200), Energy = -0.901187 
Averaging iterations... h=0.007812,0.000000
Done.
Final: Magnetisation = (-0.034049,-0.026831), Energy = -0.865184 
<M> = (0.019209,-0.005583), <E> = -0.893730 

T=1.440000	 Thermalizing iterations... 
Done.
Thermalized Magnetisation = (0.045902,-0.080040), Energy = -0.903990 
Averaging iterations... h=0.007812,0.000000
Done.
Final: Magnetisation = (0.044650,-0.028269), Energy = -0.908822 
<M> = (0.020435,-0.004175), <E> = -0.900585 

T=1.430000	 Thermalizing iterations... 
Done.
Thermalized Magnetisation = (0.000466,-0.090172), Energy = -0.933370 
Averaging iterations... h=0.007812,0.000000
Done.
Final: Magnetisation = (0.004374,0.007147), Energy = -0.918645 
<M> = (0.022925,0.000318), <E> = -0.907546 

T=1.420000	 Thermalizing iterations... 
Done.
Thermalized Magnetisation = (0.121648,0.042214), Energy = -0.924599 
Averaging iterations... h=0.007812,0.000000
Done.
Final: Magnetisation = (0.012019,-0.048309), Energy = -0.890641 
<M> = (0.020158,0.000453), <E> = -0.915683 

T=1.410000	 Thermalizing iterations... 
Done.
Thermalized Magnetisation = (0.012895,0.009222), Energy = -0.950480 
Averaging iterations... h=0.007812,0.000000
Done.
Final: Magnetisation = (-0.005619,0.001745), Energy = -0.945598 
<M> = (0.018866,0.004116), <E> = -0.922304 

T=1.400000	 Thermalizing iterations... 
Done.
Thermalized Magnetisation = (0.012957,-0.045536), Energy = -0.913827 
Averaging iterations... h=0.007812,0.000000
Done.
Final: Magnetisation = (0.033389,0.105039), Energy = -0.900428 
<M> = (0.022387,-0.003510), <E> = -0.932555 

T=1.390000	 Thermalizing iterations... 
Done.
Thermalized Magnetisation = (-0.013699,0.000487), Energy = -0.944735 
Averaging iterations... h=0.007812,0.000000
Done.
Final: Magnetisation = (0.036585,-0.017608), Energy = -0.948626 
<M> = (0.021240,-0.003010), <E> = -0.940893 

T=1.380000	 Thermalizing iterations... 
Done.
Thermalized Magnetisation = (0.005220,-0.038059), Energy = -0.925636 
Averaging iterations... h=0.007812,0.000000
Done.
Final: Magnetisation = (0.055120,-0.034162), Energy = -0.901811 
<M> = (0.023653,-0.007499), <E> = -0.948985 

T=1.370000	 Thermalizing iterations... 
Done.
Thermalized Magnetisation = (-0.054907,-0.029783), Energy = -0.921194 
Averaging iterations... h=0.007812,0.000000
Done.
Final: Magnetisation = (-0.006724,-0.023505), Energy = -0.929678 
<M> = (0.023376,-0.008857), <E> = -0.957770 

T=1.360000	 Thermalizing iterations... 
Done.
Thermalized Magnetisation = (0.002994,-0.008988), Energy = -1.002745 
Averaging iterations... h=0.007812,0.000000
Done.
Final: Magnetisation = (0.096523,0.100163), Energy = -1.012732 
<M> = (0.025340,-0.000959), <E> = -0.965934 

T=1.350000	 Thermalizing iterations... 
Done.
Thermalized Magnetisation = (0.037850,0.062114), Energy = -0.970235 
Averaging iterations... h=0.007812,0.000000
Done.
Final: Magnetisation = (0.000088,0.066687), Energy = -0.981152 
<M> = (0.026709,0.005123), <E> = -0.973705 

T=1.340000	 Thermalizing iterations... 
Done.
Thermalized Magnetisation = (0.116471,0.024917), Energy = -1.040291 
Averaging iterations... h=0.007812,0.000000
Done.
Final: Magnetisation = (0.060151,-0.024397), Energy = -1.017193 
<M> = (0.023997,0.001413), <E> = -0.982037 

T=1.330000	 Thermalizing iterations... 
Done.
Thermalized Magnetisation = (0.061822,0.041350), Energy = -0.991128 
Averaging iterations... h=0.007812,0.000000
Done.
Final: Magnetisation = (0.038848,-0.095698), Energy = -1.007412 
<M> = (0.022886,0.000339), <E> = -0.992062 

T=1.320000	 Thermalizing iterations... 
Done.
Thermalized Magnetisation = (0.062494,-0.021325), Energy = -0.997310 
Averaging iterations... h=0.007812,0.000000
Done.
Final: Magnetisation = (-0.021034,-0.051734), Energy = -0.971092 
<M> = (0.029914,-0.002906), <E> = -1.001609 

T=1.310000	 Thermalizing iterations... 
Done.
Thermalized Magnetisation = (0.086703,-0.016771), Energy = -1.023298 
Averaging iterations... h=0.007812,0.000000
Done.
Final: Magnetisation = (0.018685,0.063404), Energy = -1.038733 
<M> = (0.028075,-0.011541), <E> = -1.011520 

T=1.300000	 Thermalizing iterations... 
Done.
Thermalized Magnetisation = (0.001995,-0.039764), Energy = -1.016692 
Averaging iterations... h=0.007812,0.000000
Done.
Final: Magnetisation = (0.060509,-0.014092), Energy = -1.065563 
<M> = (0.026895,-0.011843), <E> = -1.021178 

T=1.290000	 Thermalizing iterations... 
Done.
Thermalized Magnetisation = (0.011608,-0.044875), Energy = -1.032348 
Averaging iterations... h=0.007812,0.000000
Done.
Final: Magnetisation = (0.040372,-0.042730), Energy = -1.028404 
<M> = (0.031961,-0.008201), <E> = -1.030784 

T=1.280000	 Thermalizing iterations... 
Done.
Thermalized Magnetisation = (0.009497,0.057851), Energy = -1.085282 
Averaging iterations... h=0.007812,0.000000
Done.
Final: Magnetisation = (0.041009,0.026670), Energy = -1.068838 
<M> = (0.031855,0.004002), <E> = -1.039800 

T=1.270000	 Thermalizing iterations... 
Done.
Thermalized Magnetisation = (0.011066,0.029924), Energy = -1.017037 
Averaging iterations... h=0.007812,0.000000
Done.
Final: Magnetisation = (0.004428,-0.031796), Energy = -1.051289 
<M> = (0.032233,0.001918), <E> = -1.048304 

T=1.260000	 Thermalizing iterations... 
Done.
Thermalized Magnetisation = (-0.027729,-0.023841), Energy = -1.038851 
Averaging iterations... h=0.007812,0.000000
Done.
Final: Magnetisation = (0.024966,-0.025797), Energy = -1.056022 
<M> = (0.030218,0.006116), <E> = -1.057597 

T=1.250000	 Thermalizing iterations... 
Done.
Thermalized Magnetisation = (0.042203,-0.073115), Energy = -1.113131 
Averaging iterations... h=0.007812,0.000000
Done.
Final: Magnetisation = (-0.003674,0.069568), Energy = -1.047065 
<M> = (0.035211,-0.003724), <E> = -1.069299 

T=1.240000	 Thermalizing iterations... 
Done.
Thermalized Magnetisation = (0.053816,-0.068437), Energy = -1.095635 
Averaging iterations... h=0.007812,0.000000
Done.
Final: Magnetisation = (-0.046081,-0.010765), Energy = -1.066891 
<M> = (0.034013,-0.001067), <E> = -1.080268 

T=1.230000	 Thermalizing iterations... 
Done.
Thermalized Magnetisation = (0.055698,0.066187), Energy = -1.077637 
Averaging iterations... h=0.007812,0.000000
Done.
Final: Magnetisation = (0.008566,-0.104400), Energy = -1.029468 
<M> = (0.030494,-0.011565), <E> = -1.091585 

T=1.220000	 Thermalizing iterations... 
Done.
Thermalized Magnetisation = (0.023688,-0.041115), Energy = -1.082757 
Averaging iterations... h=0.007812,0.000000
Done.
Final: Magnetisation = (0.057486,-0.070747), Energy = -1.112696 
<M> = (0.033844,-0.013444), <E> = -1.101267 

T=1.210000	 Thermalizing iterations... 
Done.
Thermalized Magnetisation = (0.018908,0.047297), Energy = -1.064546 
Averaging iterations... h=0.007812,0.000000
Done.
Final: Magnetisation = (0.025561,-0.036073), Energy = -1.127981 
<M> = (0.039491,-0.007331), <E> = -1.111132 

T=1.200000	 Thermalizing iterations... 
Done.
Thermalized Magnetisation = (0.155669,-0.061194), Energy = -1.116154 
Averaging iterations... h=0.007812,0.000000
Done.
Final: Magnetisation = (0.056514,0.020551), Energy = -1.137574 
<M> = (0.036163,0.009409), <E> = -1.121805 

T=1.190000	 Thermalizing iterations... 
Done.
Thermalized Magnetisation = (0.089247,-0.033514), Energy = -1.123076 
Averaging iterations... h=0.007812,0.000000
Done.
Final: Magnetisation = (0.024514,-0.084757), Energy = -1.135384 
<M> = (0.039553,0.007562), <E> = -1.131442 

T=1.180000	 Thermalizing iterations... 
Done.
Thermalized Magnetisation = (-0.024322,-0.101511), Energy = -1.147102 
Averaging iterations... h=0.007812,0.000000
Done.
Final: Magnetisation = (0.066198,-0.047178), Energy = -1.124930 
<M> = (0.042896,-0.002869), <E> = -1.143201 

T=1.170000	 Thermalizing iterations... 
Done.
Thermalized Magnetisation = (-0.016050,0.130358), Energy = -1.162346 
Averaging iterations... h=0.007812,0.000000
Done.
Final: Magnetisation = (0.038011,0.167345), Energy = -1.153239 
<M> = (0.039372,-0.004072), <E> = -1.155618 

T=1.160000	 Thermalizing iterations... 
Done.
Thermalized Magnetisation = (0.107140,-0.186457), Energy = -1.187922 
Averaging iterations... h=0.007812,0.000000
Done.
Final: Magnetisation = (0.025747,-0.060545), Energy = -1.155701 
<M> = (0.041790,-0.008558), <E> = -1.167840 

T=1.150000	 Thermalizing iterations... 
Done.
Thermalized Magnetisation = (0.035409,-0.108393), Energy = -1.218010 
Averaging iterations... h=0.007812,0.000000
Done.
Final: Magnetisation = (0.002076,0.091186), Energy = -1.176854 
<M> = (0.041310,-0.021172), <E> = -1.179098 

T=1.140000	 Thermalizing iterations... 
Done.
Thermalized Magnetisation = (-0.016854,-0.113501), Energy = -1.193575 
Averaging iterations... h=0.007812,0.000000
Done.
Final: Magnetisation = (0.103385,-0.124913), Energy = -1.188128 
<M> = (0.043933,-0.018639), <E> = -1.190280 

T=1.130000	 Thermalizing iterations... 
Done.
Thermalized Magnetisation = (-0.035502,0.006974), Energy = -1.176337 
Averaging iterations... h=0.007812,0.000000
Done.
Final: Magnetisation = (-0.000609,0.078599), Energy = -1.185847 
<M> = (0.045271,-0.010325), <E> = -1.200409 

T=1.120000	 Thermalizing iterations... 
Done.
Thermalized Magnetisation = (0.058840,0.051765), Energy = -1.221654 
Averaging iterations... h=0.007812,0.000000
Done.
Final: Magnetisation = (-0.001694,-0.125102), Energy = -1.202288 
<M> = (0.049573,0.005869), <E> = -1.211584 

T=1.110000	 Thermalizing iterations... 
Done.
Thermalized Magnetisation = (0.100046,-0.074544), Energy = -1.211738 
Averaging iterations... h=0.007812,0.000000
Done.
Final: Magnetisation = (0.056100,0.048311), Energy = -1.227812 
<M> = (0.047709,0.014720), <E> = -1.223386 

T=1.100000	 Thermalizing iterations... 
Done.
Thermalized Magnetisation = (0.016679,-0.171067), Energy = -1.250357 
Averaging iterations... h=0.007812,0.000000
Done.
Final: Magnetisation = (0.064903,-0.047615), Energy = -1.237226 
<M> = (0.051324,0.013312), <E> = -1.235586 

T=1.090000	 Thermalizing iterations... 
Done.
Thermalized Magnetisation = (0.068887,0.038066), Energy = -1.262053 
Averaging iterations... h=0.007812,0.000000
Done.
Final: Magnetisation = (0.007177,0.099975), Energy = -1.255499 
<M> = (0.051978,-0.024157), <E> = -1.248091 

T=1.080000	 Thermalizing iterations... 
Done.
Thermalized Magnetisation = (0.060017,-0.142453), Energy = -1.274626 
Averaging iterations... h=0.007812,0.000000
Done.
Final: Magnetisation = (0.078575,0.052202), Energy = -1.246085 
<M> = (0.050153,-0.068604), <E> = -1.261763 

T=1.070000	 Thermalizing iterations... 
Done.
Thermalized Magnetisation = (0.044262,0.143625), Energy = -1.293466 
Averaging iterations... h=0.007812,0.000000
Done.
Final: Magnetisation = (0.090009,0.135310), Energy = -1.246409 
<M> = (0.051639,-0.021227), <E> = -1.274001 

T=1.060000	 Thermalizing iterations... 
Done.
Thermalized Magnetisation = (0.049558,0.200966), Energy = -1.299342 
Averaging iterations... h=0.007812,0.000000
Done.
Final: Magnetisation = (0.073616,-0.192455), Energy = -1.301467 
<M> = (0.062719,-0.016096), <E> = -1.285048 

T=1.050000	 Thermalizing iterations... 
Done.
Thermalized Magnetisation = (0.071515,-0.036076), Energy = -1.306336 
Averaging iterations... h=0.007812,0.000000
Done.
Final: Magnetisation = (0.023767,-0.161790), Energy = -1.284542 
<M> = (0.058819,-0.060747), <E> = -1.296434 

T=1.040000	 Thermalizing iterations... 
Done.
Thermalized Magnetisation = (0.033924,0.014231), Energy = -1.288489 
Averaging iterations... h=0.007812,0.000000
Done.
Final: Magnetisation = (0.045233,0.064080), Energy = -1.306597 
<M> = (0.047732,0.033827), <E> = -1.309487 

T=1.030000	 Thermalizing iterations... 
Done.
Thermalized Magnetisation = (0.029374,-0.110289), Energy = -1.294608 
Averaging iterations... h=0.007812,0.000000
Done.
Final: Magnetisation = (0.087214,0.171737), Energy = -1.338165 
<M> = (0.062247,0.006464), <E> = -1.320365 

T=1.020000	 Thermalizing iterations... 
Done.
Thermalized Magnetisation = (0.075387,0.009482), Energy = -1.297820 
Averaging iterations... h=0.007812,0.000000
Done.
Final: Magnetisation = (0.011824,0.181604), Energy = -1.360240 
<M> = (0.060919,-0.020392), <E> = -1.331773 

T=1.010000	 Thermalizing iterations... 
Done.
Thermalized Magnetisation = (0.065095,0.054360), Energy = -1.344414 
Averaging iterations... h=0.007812,0.000000
Done.
Final: Magnetisation = (0.061289,-0.283586), Energy = -1.352515 
<M> = (0.053935,-0.176438), <E> = -1.350032 

T=1.000000	 Thermalizing iterations... 
Done.
Thermalized Magnetisation = (0.087315,-0.032406), Energy = -1.360663 
Averaging iterations... h=0.007812,0.000000
Done.
Final: Magnetisation = (0.142395,-0.145278), Energy = -1.383577 
<M> = (0.058618,-0.119496), <E> = -1.361490 

T=0.990000	 Thermalizing iterations... 
Done.
Thermalized Magnetisation = (0.013059,0.087837), Energy = -1.403428 
Averaging iterations... h=0.007812,0.000000
Done.
Final: Magnetisation = (0.089944,-0.318673), Energy = -1.397248 
<M> = (0.076415,-0.092869), <E> = -1.372781 

T=0.980000	 Thermalizing iterations... 
Done.
Thermalized Magnetisation = (-0.014340,-0.025227), Energy = -1.367507 
Averaging iterations... h=0.007812,0.000000
Done.
Final: Magnetisation = (0.093842,-0.091842), Energy = -1.391057 
<M> = (0.062925,-0.094531), <E> = -1.385365 

T=0.970000	 Thermalizing iterations... 
Done.
Thermalized Magnetisation = (0.101433,-0.163858), Energy = -1.350221 
Averaging iterations... h=0.007812,0.000000
Done.
Final: Magnetisation = (0.018579,-0.168235), Energy = -1.390372 
<M> = (0.068347,-0.127989), <E> = -1.395479 

T=0.960000	 Thermalizing iterations... 
Done.
Thermalized Magnetisation = (0.051233,-0.494584), Energy = -1.445713 
Averaging iterations... h=0.007812,0.000000
Done.
Final: Magnetisation = (0.091009,-0.112133), Energy = -1.383522 
<M> = (0.066404,-0.230451), <E> = -1.409321 

T=0.950000	 Thermalizing iterations... 
Done.
Thermalized Magnetisation = (-0.013142,-0.424719), Energy = -1.416969 
Averaging iterations... h=0.007812,0.000000
Done.
Final: Magnetisation = (0.124845,-0.172126), Energy = -1.436000 
<M> = (0.068919,-0.344063), <E> = -1.426675 

T=0.940000	 Thermalizing iterations... 
Done.
Thermalized Magnetisation = (0.135674,-0.319965), Energy = -1.427767 
Averaging iterations... h=0.007812,0.000000
Done.
Final: Magnetisation = (0.053693,-0.400542), Energy = -1.448580 
<M> = (0.060419,-0.395949), <E> = -1.440662 

T=0.930000	 Thermalizing iterations... 
Done.
Thermalized Magnetisation = (0.035428,0.574466), Energy = -1.464135 
Averaging iterations... h=0.007812,0.000000
Done.
Final: Magnetisation = (0.053233,-0.205873), Energy = -1.435966 
<M> = (0.068649,0.017367), <E> = -1.446779 

T=0.920000	 Thermalizing iterations... 
Done.
Thermalized Magnetisation = (0.114778,-0.420641), Energy = -1.475481 
Averaging iterations... h=0.007812,0.000000
Done.
Final: Magnetisation = (0.054773,-0.549293), Energy = -1.462227 
<M> = (0.076976,-0.515790), <E> = -1.468535 

T=0.910000	 Thermalizing iterations... 
Done.
Thermalized Magnetisation = (0.075076,-0.484253), Energy = -1.476027 
Averaging iterations... h=0.007812,0.000000
Done.
Final: Magnetisation = (0.080492,-0.522915), Energy = -1.473623 
<M> = (0.075259,-0.508565), <E> = -1.477339 

T=0.900000	 Thermalizing iterations... 
Done.
Thermalized Magnetisation = (0.116351,-0.525155), Energy = -1.491709 
Averaging iterations... h=0.007812,0.000000
Done.
Final: Magnetisation = (0.101824,-0.495711), Energy = -1.477104 
<M> = (0.073587,-0.541777), <E> = -1.489635 

T=0.890000	 Thermalizing iterations... 
Done.
Thermalized Magnetisation = (-0.000449,-0.586897), Energy = -1.506238 
Averaging iterations... h=0.007812,0.000000
Done.
Final: Magnetisation = (0.123266,-0.528049), Energy = -1.488917 
<M> = (0.056670,-0.539956), <E> = -1.497811 

T=0.880000	 Thermalizing iterations... 
Done.
Thermalized Magnetisation = (0.058008,-0.621091), Energy = -1.522703 
Averaging iterations... h=0.007812,0.000000
Done.
Final: Magnetisation = (0.144632,-0.553450), Energy = -1.514513 
<M> = (0.072209,-0.561007), <E> = -1.509690 

T=0.870000	 Thermalizing iterations... 
Done.
Thermalized Magnetisation = (0.047925,-0.609743), Energy = -1.535803 
Averaging iterations... h=0.007812,0.000000
Done.
Final: Magnetisation = (0.072079,-0.537419), Energy = -1.515124 
<M> = (0.060233,-0.584272), <E> = -1.520801 

T=0.860000	 Thermalizing iterations... 
Done.
Thermalized Magnetisation = (0.120682,-0.623167), Energy = -1.546674 
Averaging iterations... h=0.007812,0.000000
Done.
Final: Magnetisation = (0.087223,-0.592668), Energy = -1.533247 
<M> = (0.064234,-0.597696), <E> = -1.531408 

T=0.850000	 Thermalizing iterations... 
Done.
Thermalized Magnetisation = (0.042688,-0.599831), Energy = -1.525022 
Averaging iterations... h=0.007812,0.000000
Done.
Final: Magnetisation = (0.010308,-0.615301), Energy = -1.527381 
<M> = (0.066241,-0.604978), <E> = -1.541117 

T=0.840000	 Thermalizing iterations... 
Done.
Thermalized Magnetisation = (0.049654,-0.654986), Energy = -1.572116 
Averaging iterations... h=0.007812,0.000000
Done.
Final: Magnetisation = (0.125977,-0.620857), Energy = -1.572710 
<M> = (0.073090,-0.608942), <E> = -1.549235 

T=0.830000	 Thermalizing iterations... 
Done.
Thermalized Magnetisation = (0.092278,-0.592312), Energy = -1.557889 
Averaging iterations... h=0.007812,0.000000
Done.
Final: Magnetisation = (0.141857,-0.586075), Energy = -1.561967 
<M> = (0.077368,-0.608993), <E> = -1.557209 

T=0.820000	 Thermalizing iterations... 
Done.
Thermalized Magnetisation = (-0.025773,-0.623601), Energy = -1.546736 
Averaging iterations... h=0.007812,0.000000
Done.
Final: Magnetisation = (0.100972,-0.615048), Energy = -1.550463 
<M> = (0.069054,-0.616259), <E> = -1.565596 

T=0.810000	 Thermalizing iterations... 
Done.
Thermalized Magnetisation = (0.067675,-0.663446), Energy = -1.555547 
Averaging iterations... h=0.007812,0.000000
Done.
Final: Magnetisation = (0.056455,-0.600181), Energy = -1.557785 
<M> = (0.066733,-0.628439), <E> = -1.574631 

T=0.800000	 Thermalizing iterations... 
Done.
Thermalized Magnetisation = (0.077486,-0.652754), Energy = -1.585245 
Averaging iterations... h=0.007812,0.000000
Done.
Final: Magnetisation = (0.052154,-0.642568), Energy = -1.572649 
<M> = (0.068849,-0.626192), <E> = -1.582790 

T=0.790000	 Thermalizing iterations... 
Done.
Thermalized Magnetisation = (-0.028034,-0.665343), Energy = -1.592673 
Averaging iterations... h=0.007812,0.000000
Done.
Final: Magnetisation = (0.083721,-0.635389), Energy = -1.619791 
<M> = (0.062442,-0.642414), <E> = -1.592150 

T=0.780000	 Thermalizing iterations... 
Done.
Thermalized Magnetisation = (0.056052,-0.647441), Energy = -1.592055 
Averaging iterations... h=0.007812,0.000000
Done.
Final: Magnetisation = (0.068999,-0.651429), Energy = -1.593278 
<M> = (0.062408,-0.648108), <E> = -1.600293 

T=0.770000	 Thermalizing iterations... 
Done.
Thermalized Magnetisation = (0.152720,-0.608956), Energy = -1.589308 
Averaging iterations... h=0.007812,0.000000
Done.
Final: Magnetisation = (0.032393,-0.624554), Energy = -1.595415 
<M> = (0.075738,-0.653002), <E> = -1.607956 

T=0.760000	 Thermalizing iterations... 
Done.
Thermalized Magnetisation = (0.045550,-0.653695), Energy = -1.599359 
Averaging iterations... h=0.007812,0.000000
Done.
Final: Magnetisation = (0.135480,-0.677558), Energy = -1.627084 
<M> = (0.077578,-0.652584), <E> = -1.615021 

T=0.750000	 Thermalizing iterations... 
Done.
Thermalized Magnetisation = (0.091677,-0.642884), Energy = -1.613267 
Averaging iterations... h=0.007812,0.000000
Done.
Final: Magnetisation = (0.046151,-0.677044), Energy = -1.619109 
<M> = (0.072378,-0.655162), <E> = -1.622268 

T=0.740000	 Thermalizing iterations... 
Done.
Thermalized Magnetisation = (0.104341,-0.691756), Energy = -1.650599 
Averaging iterations... h=0.007812,0.000000
Done.
Final: Magnetisation = (0.047326,-0.671417), Energy = -1.633382 
<M> = (0.063512,-0.665861), <E> = -1.629698 

T=0.730000	 Thermalizing iterations... 
Done.
Thermalized Magnetisation = (0.118532,-0.673345), Energy = -1.638967 
Averaging iterations... h=0.007812,0.000000
Done.
Final: Magnetisation = (0.084386,-0.656665), Energy = -1.634594 
<M> = (0.075111,-0.671494), <E> = -1.637842 

T=0.720000	 Thermalizing iterations... 
Done.
Thermalized Magnetisation = (0.098578,-0.679606), Energy = -1.630384 
Averaging iterations... h=0.007812,0.000000
Done.
Final: Magnetisation = (0.076878,-0.683982), Energy = -1.647022 
<M> = (0.065490,-0.673594), <E> = -1.645571 

T=0.710000	 Thermalizing iterations... 
Done.
Thermalized Magnetisation = (0.110862,-0.681375), Energy = -1.647261 
Averaging iterations... h=0.007812,0.000000
Done.
Final: Magnetisation = (0.037898,-0.698532), Energy = -1.684345 
<M> = (0.064254,-0.679288), <E> = -1.652706 

T=0.700000	 Thermalizing iterations... 
Done.
Thermalized Magnetisation = (0.087501,-0.686783), Energy = -1.657821 
Averaging iterations... h=0.007812,0.000000
Done.
Final: Magnetisation = (0.044858,-0.673563), Energy = -1.666002 
<M> = (0.069645,-0.686379), <E> = -1.659989 

T=0.690000	 Thermalizing iterations... 
Done.
Thermalized Magnetisation = (0.058067,-0.672326), Energy = -1.664301 
Averaging iterations... h=0.007812,0.000000
Done.
Final: Magnetisation = (0.036460,-0.722294), Energy = -1.664850 
<M> = (0.074456,-0.690310), <E> = -1.667117 

T=0.680000	 Thermalizing iterations... 
Done.
Thermalized Magnetisation = (0.005465,-0.681642), Energy = -1.651482 
Averaging iterations... h=0.007812,0.000000
Done.
Final: Magnetisation = (0.094214,-0.681194), Energy = -1.673887 
<M> = (0.075022,-0.689630), <E> = -1.673184 

T=0.670000	 Thermalizing iterations... 
Done.
Thermalized Magnetisation = (0.077751,-0.697410), Energy = -1.665938 
Averaging iterations... h=0.007812,0.000000
Done.
Final: Magnetisation = (0.112266,-0.697903), Energy = -1.690745 
<M> = (0.072758,-0.694789), <E> = -1.679966 

T=0.660000	 Thermalizing iterations... 
Done.
Thermalized Magnetisation = (0.062582,-0.697672), Energy = -1.685128 
Averaging iterations... h=0.007812,0.000000
Done.
Final: Magnetisation = (0.040844,-0.683003), Energy = -1.694972 
<M> = (0.071230,-0.700475), <E> = -1.687495 

T=0.650000	 Thermalizing iterations... 
Done.
Thermalized Magnetisation = (0.016346,-0.701061), Energy = -1.691253 
Averaging iterations... h=0.007812,0.000000
Done.
Final: Magnetisation = (0.053209,-0.711282), Energy = -1.683350 
<M> = (0.071459,-0.702516), <E> = -1.694257 

T=0.640000	 Thermalizing iterations... 
Done.
Thermalized Magnetisation = (0.037105,-0.734867), Energy = -1.709307 
Averaging iterations... h=0.007812,0.000000
Done.
Final: Magnetisation = (0.094401,-0.708646), Energy = -1.712707 
<M> = (0.063132,-0.711160), <E> = -1.701484 

T=0.630000	 Thermalizing iterations... 
Done.
Thermalized Magnetisation = (0.077800,-0.719872), Energy = -1.710511 
Averaging iterations... h=0.007812,0.000000
Done.
Final: Magnetisation = (0.032252,-0.707819), Energy = -1.708150 
<M> = (0.064741,-0.713580), <E> = -1.707916 

T=0.620000	 Thermalizing iterations... 
Done.
Thermalized Magnetisation = (0.064073,-0.733227), Energy = -1.722266 
Averaging iterations... h=0.007812,0.000000
Done.
Final: Magnetisation = (0.089137,-0.716728), Energy = -1.720867 
<M> = (0.075394,-0.715010), <E> = -1.714401 

T=0.610000	 Thermalizing iterations... 
Done.
Thermalized Magnetisation = (0.089697,-0.743266), Energy = -1.724015 
Averaging iterations... h=0.007812,0.000000
Done.
Final: Magnetisation = (0.077181,-0.704525), Energy = -1.723929 
<M> = (0.076111,-0.716548), <E> = -1.720582 

T=0.600000	 Thermalizing iterations... 
Done.
Thermalized Magnetisation = (0.077371,-0.699443), Energy = -1.725952 
Averaging iterations... h=0.007812,0.000000
Done.
Final: Magnetisation = (0.068577,-0.734432), Energy = -1.732767 
<M> = (0.062976,-0.719769), <E> = -1.726791 

T=0.590000	 Thermalizing iterations... 
Done.
Thermalized Magnetisation = (0.014370,-0.719099), Energy = -1.724730 
Averaging iterations... h=0.007812,0.000000
Done.
Final: Magnetisation = (0.101680,-0.742503), Energy = -1.738117 
<M> = (0.072905,-0.721380), <E> = -1.732964 

T=0.580000	 Thermalizing iterations... 
Done.
Thermalized Magnetisation = (0.130547,-0.709721), Energy = -1.745553 
Averaging iterations... h=0.007812,0.000000
Done.
Final: Magnetisation = (0.058970,-0.729655), Energy = -1.754806 
<M> = (0.074854,-0.727351), <E> = -1.739886 

T=0.570000	 Thermalizing iterations... 
Done.
Thermalized Magnetisation = (0.087765,-0.737523), Energy = -1.750254 
Averaging iterations... h=0.007812,0.000000
Done.
Final: Magnetisation = (0.119285,-0.693763), Energy = -1.746959 
<M> = (0.070163,-0.732876), <E> = -1.746460 

T=0.560000	 Thermalizing iterations... 
Done.
Thermalized Magnetisation = (0.079284,-0.710852), Energy = -1.756905 
Averaging iterations... h=0.007812,0.000000
Done.
Final: Magnetisation = (0.103225,-0.726646), Energy = -1.752974 
<M> = (0.063535,-0.739311), <E> = -1.752992 

T=0.550000	 Thermalizing iterations... 
Done.
Thermalized Magnetisation = (0.088220,-0.741175), Energy = -1.770915 
Averaging iterations... h=0.007812,0.000000
Done.
Final: Magnetisation = (0.074769,-0.733341), Energy = -1.758721 
<M> = (0.064876,-0.740533), <E> = -1.759193 

T=0.540000	 Thermalizing iterations... 
Done.
Thermalized Magnetisation = (0.047668,-0.729939), Energy = -1.759840 
Averaging iterations... h=0.007812,0.000000
Done.
Final: Magnetisation = (0.047784,-0.755658), Energy = -1.763656 
<M> = (0.070780,-0.744067), <E> = -1.764801 

T=0.530000	 Thermalizing iterations... 
Done.
Thermalized Magnetisation = (0.082339,-0.745531), Energy = -1.777910 
Averaging iterations... h=0.007812,0.000000
Done.
Final: Magnetisation = (0.099565,-0.751269), Energy = -1.782716 
<M> = (0.068868,-0.740990), <E> = -1.770452 

T=0.520000	 Thermalizing iterations... 
Done.
Thermalized Magnetisation = (0.055041,-0.725463), Energy = -1.775986 
Averaging iterations... h=0.007812,0.000000
Done.
Final: Magnetisation = (0.095799,-0.742366), Energy = -1.772825 
<M> = (0.068240,-0.746483), <E> = -1.776494 

T=0.510000	 Thermalizing iterations... 
Done.
Thermalized Magnetisation = (0.055857,-0.751506), Energy = -1.783325 
Averaging iterations... h=0.007812,0.000000
Done.
Final: Magnetisation = (0.107858,-0.748529), Energy = -1.779175 
<M> = (0.071451,-0.750858), <E> = -1.782904 

T=0.500000	 Thermalizing iterations... 
Done.
Thermalized Magnetisation = (0.048296,-0.764412), Energy = -1.790926 
Averaging iterations... h=0.007812,0.000000
Done.
Final: Magnetisation = (0.048074,-0.756689), Energy = -1.799940 
<M> = (0.069024,-0.757104), <E> = -1.789482 

T=0.490000	 Thermalizing iterations... 
Done.
Thermalized Magnetisation = (0.032418,-0.762620), Energy = -1.786807 
Averaging iterations... h=0.007812,0.000000
Done.
Final: Magnetisation = (0.061108,-0.751995), Energy = -1.789672 
<M> = (0.064082,-0.758241), <E> = -1.795433 

T=0.480000	 Thermalizing iterations... 
Done.
Thermalized Magnetisation = (0.090008,-0.743088), Energy = -1.804716 
Averaging iterations... h=0.007812,0.000000
Done.
Final: Magnetisation = (0.037701,-0.739681), Energy = -1.789754 
<M> = (0.069148,-0.762415), <E> = -1.801368 

T=0.470000	 Thermalizing iterations... 
Done.
Thermalized Magnetisation = (0.123581,-0.757324), Energy = -1.810336 
Averaging iterations... h=0.007812,0.000000
Done.
Final: Magnetisation = (0.069046,-0.766517), Energy = -1.810545 
<M> = (0.075299,-0.762489), <E> = -1.807002 

T=0.460000	 Thermalizing iterations... 
Done.
Thermalized Magnetisation = (0.130709,-0.769908), Energy = -1.807016 
Averaging iterations... h=0.007812,0.000000
Done.
Final: Magnetisation = (0.085476,-0.765534), Energy = -1.803014 
<M> = (0.078311,-0.763893), <E> = -1.812801 

T=0.450000	 Thermalizing iterations... 
Done.
Thermalized Magnetisation = (0.090283,-0.768579), Energy = -1.824836 
Averaging iterations... h=0.007812,0.000000
Done.
Final: Magnetisation = (0.116581,-0.756269), Energy = -1.815674 
<M> = (0.069157,-0.768801), <E> = -1.818658 

T=0.440000	 Thermalizing iterations... 
Done.
Thermalized Magnetisation = (0.063151,-0.784665), Energy = -1.821224 
Averaging iterations... h=0.007812,0.000000
Done.
Final: Magnetisation = (0.069443,-0.765155), Energy = -1.827535 
<M> = (0.077892,-0.770312), <E> = -1.824317 

T=0.430000	 Thermalizing iterations... 
Done.
Thermalized Magnetisation = (0.007862,-0.787025), Energy = -1.833181 
Averaging iterations... h=0.007812,0.000000
Done.
Final: Magnetisation = (0.045742,-0.765470), Energy = -1.820936 
<M> = (0.063313,-0.776403), <E> = -1.830429 

T=0.420000	 Thermalizing iterations... 
Done.
Thermalized Magnetisation = (0.051878,-0.788315), Energy = -1.836266 
Averaging iterations... h=0.007812,0.000000
Done.
Final: Magnetisation = (0.063847,-0.771518), Energy = -1.836892 
<M> = (0.066745,-0.778809), <E> = -1.836387 

T=0.410000	 Thermalizing iterations... 
Done.
Thermalized Magnetisation = (0.103437,-0.789119), Energy = -1.837836 
Averaging iterations... h=0.007812,0.000000
Done.
Final: Magnetisation = (0.090289,-0.764512), Energy = -1.837480 
<M> = (0.068232,-0.784576), <E> = -1.842140 

T=0.400000	 Thermalizing iterations... 
Done.
Thermalized Magnetisation = (0.066543,-0.776884), Energy = -1.840786 
Averaging iterations... h=0.007812,0.000000
Done.
Final: Magnetisation = (0.068534,-0.789259), Energy = -1.844816 
<M> = (0.071054,-0.784928), <E> = -1.847680 

T=0.390000	 Thermalizing iterations... 
Done.
Thermalized Magnetisation = (0.069321,-0.775577), Energy = -1.850823 
Averaging iterations... h=0.007812,0.000000
Done.
Final: Magnetisation = (0.079934,-0.786492), Energy = -1.845784 
<M> = (0.074489,-0.785198), <E> = -1.853158 

T=0.380000	 Thermalizing iterations... 
Done.
Thermalized Magnetisation = (0.029523,-0.788205), Energy = -1.854449 
Averaging iterations... h=0.007812,0.000000
Done.
Final: Magnetisation = (0.076813,-0.803624), Energy = -1.862841 
<M> = (0.071889,-0.787469), <E> = -1.858878 

T=0.370000	 Thermalizing iterations... 
Done.
Thermalized Magnetisation = (0.090425,-0.806085), Energy = -1.870321 
Averaging iterations... h=0.007812,0.000000
Done.
Final: Magnetisation = (0.115300,-0.785945), Energy = -1.865877 
<M> = (0.074433,-0.791921), <E> = -1.864448 

T=0.360000	 Thermalizing iterations... 
Done.
Thermalized Magnetisation = (0.076770,-0.798953), Energy = -1.873293 
Averaging iterations... h=0.007812,0.000000
Done.
Final: Magnetisation = (0.091183,-0.789297), Energy = -1.869056 
<M> = (0.073728,-0.794555), <E> = -1.870296 

T=0.350000	 Thermalizing iterations... 
Done.
Thermalized Magnetisation = (0.070376,-0.788250), Energy = -1.869802 
Averaging iterations... h=0.007812,0.000000
Done.
Final: Magnetisation = (0.061734,-0.793021), Energy = -1.874270 
<M> = (0.071180,-0.798813), <E> = -1.875981 

T=0.340000	 Thermalizing iterations... 
Done.
Thermalized Magnetisation = (0.087630,-0.795057), Energy = -1.883335 
Averaging iterations... h=0.007812,0.000000
Done.
Final: Magnetisation = (0.099950,-0.806952), Energy = -1.886103 
<M> = (0.069631,-0.801541), <E> = -1.881592 

T=0.330000	 Thermalizing iterations... 
Done.
Thermalized Magnetisation = (0.034284,-0.814291), Energy = -1.885033 
Averaging iterations... h=0.007812,0.000000
Done.
Final: Magnetisation = (0.069891,-0.817740), Energy = -1.887111 
<M> = (0.068188,-0.805434), <E> = -1.887192 

T=0.320000	 Thermalizing iterations... 
Done.
Thermalized Magnetisation = (0.096091,-0.800818), Energy = -1.890301 
Averaging iterations... h=0.007812,0.000000
Done.
Final: Magnetisation = (0.046319,-0.814422), Energy = -1.894920 
<M> = (0.071661,-0.807489), <E> = -1.892667 

T=0.310000	 Thermalizing iterations... 
Done.
Thermalized Magnetisation = (0.066862,-0.806467), Energy = -1.897038 
Averaging iterations... h=0.007812,0.000000
Done.
Final: Magnetisation = (0.052879,-0.812784), Energy = -1.895800 
<M> = (0.073310,-0.808578), <E> = -1.898023 

T=0.300000	 Thermalizing iterations... 
Done.
Thermalized Magnetisation = (0.059897,-0.815599), Energy = -1.905727 
Averaging iterations... h=0.007812,0.000000
Done.
Final: Magnetisation = (0.082361,-0.804045), Energy = -1.902766 
<M> = (0.073361,-0.810803), <E> = -1.903538 

T=0.290000	 Thermalizing iterations... 
Done.
Thermalized Magnetisation = (0.080396,-0.805487), Energy = -1.908238 
Averaging iterations... h=0.007812,0.000000
Done.
Final: Magnetisation = (0.081549,-0.808090), Energy = -1.907646 
<M> = (0.072115,-0.813777), <E> = -1.908878 

T=0.280000	 Thermalizing iterations... 
Done.
Thermalized Magnetisation = (0.088591,-0.820082), Energy = -1.913007 
Averaging iterations... h=0.007812,0.000000
Done.
Final: Magnetisation = (0.079510,-0.817580), Energy = -1.911698 
<M> = (0.072619,-0.818090), <E> = -1.914358 

T=0.270000	 Thermalizing iterations... 
Done.
Thermalized Magnetisation = (0.081008,-0.843147), Energy = -1.921778 
Averaging iterations... h=0.007812,0.000000
Done.
Final: Magnetisation = (0.095951,-0.821812), Energy = -1.920090 
<M> = (0.071231,-0.821206), <E> = -1.920063 

T=0.260000	 Thermalizing iterations... 
Done.
Thermalized Magnetisation = (0.056912,-0.816363), Energy = -1.926182 
Averaging iterations... h=0.007812,0.000000
Done.
Final: Magnetisation = (0.057400,-0.821516), Energy = -1.925895 
<M> = (0.072587,-0.823148), <E> = -1.925447 

T=0.250000	 Thermalizing iterations... 
Done.
Thermalized Magnetisation = (0.090103,-0.818241), Energy = -1.933051 
Averaging iterations... h=0.007812,0.000000
Done.
Final: Magnetisation = (0.067301,-0.823717), Energy = -1.936498 
<M> = (0.067410,-0.827178), <E> = -1.930659 

T=0.240000	 Thermalizing iterations... 
Done.
Thermalized Magnetisation = (0.066400,-0.813633), Energy = -1.938421 
Averaging iterations... h=0.007812,0.000000
Done.
Final: Magnetisation = (0.079271,-0.827528), Energy = -1.936501 
<M> = (0.076225,-0.827732), <E> = -1.936022 

T=0.230000	 Thermalizing iterations... 
Done.
Thermalized Magnetisation = (0.071227,-0.834275), Energy = -1.944587 
Averaging iterations... h=0.007812,0.000000
Done.
Final: Magnetisation = (0.046616,-0.825757), Energy = -1.940859 
<M> = (0.072181,-0.831052), <E> = -1.941454 

T=0.220000	 Thermalizing iterations... 
Done.
Thermalized Magnetisation = (0.076099,-0.841222), Energy = -1.946235 
Averaging iterations... h=0.007812,0.000000
Done.
Final: Magnetisation = (0.083359,-0.832125), Energy = -1.944400 
<M> = (0.077380,-0.832654), <E> = -1.946528 

T=0.210000	 Thermalizing iterations... 
Done.
Thermalized Magnetisation = (0.060849,-0.836866), Energy = -1.949698 
Averaging iterations... h=0.007812,0.000000
Done.
Final: Magnetisation = (0.068527,-0.836067), Energy = -1.953787 
<M> = (0.077024,-0.834813), <E> = -1.951999 

T=0.200000	 Thermalizing iterations... 
Done.
Thermalized Magnetisation = (0.100026,-0.838197), Energy = -1.954771 
Averaging iterations... h=0.007812,0.000000
Done.
Final: Magnetisation = (0.082754,-0.839058), Energy = -1.952586 
<M> = (0.069887,-0.840065), <E> = -1.957387 

T=0.190000	 Thermalizing iterations... 
Done.
Thermalized Magnetisation = (0.046894,-0.840207), Energy = -1.961106 
Averaging iterations... h=0.007812,0.000000
Done.
Final: Magnetisation = (0.061659,-0.838086), Energy = -1.966134 
<M> = (0.074770,-0.842863), <E> = -1.962677 

T=0.180000	 Thermalizing iterations... 
Done.
Thermalized Magnetisation = (0.082828,-0.834218), Energy = -1.970591 
Averaging iterations... h=0.007812,0.000000
Done.
Final: Magnetisation = (0.072758,-0.846872), Energy = -1.967065 
<M> = (0.075195,-0.843961), <E> = -1.968008 

T=0.170000	 Thermalizing iterations... 
Done.
Thermalized Magnetisation = (0.077252,-0.850844), Energy = -1.970644 
Averaging iterations... h=0.007812,0.000000
Done.
Final: Magnetisation = (0.068317,-0.847430), Energy = -1.971822 
<M> = (0.071367,-0.846033), <E> = -1.973159 

T=0.160000	 Thermalizing iterations... 
Done.
Thermalized Magnetisation = (0.080873,-0.851365), Energy = -1.980880 
Averaging iterations... h=0.007812,0.000000
Done.
Final: Magnetisation = (0.074071,-0.848452), Energy = -1.979593 
<M> = (0.072536,-0.848810), <E> = -1.978372 

T=0.150000	 Thermalizing iterations... 
Done.
Thermalized Magnetisation = (0.103717,-0.843691), Energy = -1.983621 
Averaging iterations... h=0.007812,0.000000
Done.
Final: Magnetisation = (0.066833,-0.850987), Energy = -1.980988 
<M> = (0.071939,-0.851595), <E> = -1.983498 

T=0.140000	 Thermalizing iterations... 
Done.
Thermalized Magnetisation = (0.072857,-0.848774), Energy = -1.989114 
Averaging iterations... h=0.007812,0.000000
Done.
Final: Magnetisation = (0.070437,-0.851899), Energy = -1.990004 
<M> = (0.074113,-0.853108), <E> = -1.988699 

T=0.130000	 Thermalizing iterations... 
Done.
Thermalized Magnetisation = (0.067340,-0.861259), Energy = -1.996521 
Averaging iterations... h=0.007812,0.000000
Done.
Final: Magnetisation = (0.056932,-0.855368), Energy = -1.992395 
<M> = (0.072789,-0.855994), <E> = -1.993899 

T=0.120000	 Thermalizing iterations... 
Done.
Thermalized Magnetisation = (0.070013,-0.862122), Energy = -1.998165 
Averaging iterations... h=0.007812,0.000000
Done.
Final: Magnetisation = (0.084277,-0.858950), Energy = -2.000150 
<M> = (0.070861,-0.859264), <E> = -1.999161 

T=0.110000	 Thermalizing iterations... 
Done.
Thermalized Magnetisation = (0.077212,-0.862265), Energy = -2.004991 
Averaging iterations... h=0.007812,0.000000
Done.
Final: Magnetisation = (0.056828,-0.861391), Energy = -2.005318 
<M> = (0.072960,-0.861793), <E> = -2.004325 

T=0.100000	 Thermalizing iterations... 
Done.
Thermalized Magnetisation = (0.068270,-0.862451), Energy = -2.010855 
Averaging iterations... h=0.007812,0.000000
Done.
Final: Magnetisation = (0.070137,-0.861721), Energy = -2.009696 
<M> = (0.074911,-0.864181), <E> = -2.009454 

T=0.090000	 Thermalizing iterations... 
Done.
Thermalized Magnetisation = (0.089596,-0.869442), Energy = -2.013337 
Averaging iterations... h=0.007812,0.000000
Done.
Final: Magnetisation = (0.093186,-0.870270), Energy = -2.013801 
<M> = (0.077970,-0.866295), <E> = -2.014503 

T=0.080000	 Thermalizing iterations... 
Done.
Thermalized Magnetisation = (0.065303,-0.871027), Energy = -2.020540 
Averaging iterations... h=0.007812,0.000000
Done.
Final: Magnetisation = (0.056142,-0.869121), Energy = -2.020819 
<M> = (0.072235,-0.868168), <E> = -2.019647 

T=0.070000	 Thermalizing iterations... 
Done.
Thermalized Magnetisation = (0.073376,-0.871662), Energy = -2.023990 
Averaging iterations... h=0.007812,0.000000
Done.
Final: Magnetisation = (0.078081,-0.866038), Energy = -2.024904 
<M> = (0.074283,-0.870974), <E> = -2.024718 

T=0.060000	 Thermalizing iterations... 
Done.
Thermalized Magnetisation = (0.062604,-0.876373), Energy = -2.029161 
Averaging iterations... h=0.007812,0.000000
Done.
Final: Magnetisation = (0.076943,-0.871546), Energy = -2.029685 
<M> = (0.073306,-0.873061), <E> = -2.029860 

T=0.050000	 Thermalizing iterations... 
Done.
Thermalized Magnetisation = (0.070443,-0.877615), Energy = -2.035434 
Averaging iterations... h=0.007812,0.000000
Done.
Final: Magnetisation = (0.074017,-0.876166), Energy = -2.034799 
<M> = (0.072485,-0.876080), <E> = -2.034899 

T=0.040000	 Thermalizing iterations... 
Done.
Thermalized Magnetisation = (0.072353,-0.878023), Energy = -2.040035 
Averaging iterations... h=0.007812,0.000000
Done.
Final: Magnetisation = (0.075807,-0.875369), Energy = -2.039561 
<M> = (0.075891,-0.877513), <E> = -2.039970 

T=0.030000	 Thermalizing iterations... 
Done.
Thermalized Magnetisation = (0.070499,-0.880451), Energy = -2.045051 
Averaging iterations... h=0.007812,0.000000
Done.
Final: Magnetisation = (0.082856,-0.879304), Energy = -2.044753 
<M> = (0.074330,-0.880809), <E> = -2.045012 

T=0.020000	 Thermalizing iterations... 
Done.
Thermalized Magnetisation = (0.073633,-0.882616), Energy = -2.050116 
Averaging iterations... h=0.007812,0.000000
Done.
Final: Magnetisation = (0.078009,-0.881587), Energy = -2.050153 
<M> = (0.074696,-0.882707), <E> = -2.050046 

T=0.010000	 Thermalizing iterations... 
Done.
Thermalized Magnetisation = (0.075232,-0.885099), Energy = -2.054975 
Averaging iterations... h=0.007812,0.000000
Done.
Final: Magnetisation = (0.071845,-0.885763), Energy = -2.055082 
<M> = (0.074559,-0.884906), <E> = -2.055050 
Final Magnetisation = (0.071845,-0.885763), Energy = -2.055082 
------------------------

Updating all (first)black/(then)white checkerboard sites simultaneously.. 

ztne RFXY h rotating with |h|=0.007812 at T=0.000000..
loop 1

loop 2

CPU  Start Time = 5528845.266450 

CPU  End Time = 5537329.695664 

CPU Time elapsed total = 8484.429214 

real	141m24.501s
user	2386m47.674s
sys	1m8.873s
