+ cd /home/sbasak/Exercises/OpenMP/XY_code/Z2/rotating_field/trial/config/config_27
+ export OMP_NUM_THREADS=28
+ OMP_NUM_THREADS=28
+ ./a_8.out
nearest neighbor initialized. 
h loaded. 
J loaded. 
L = 128, dim_L = 2, dim_S = 2
hysteresis_MCS_multiplier = 10, hysteresis_MCS_max = 100
RAND_MAX = 2147483647.000000,
 sizeof(int) = 4,
 sizeof(long) = 8,
 sizeof(double) = 8,
 sizeof(long int) = 8,
 sizeof(short int) = 2,
 sizeof(unsigned int) = 4,
 sizeof(RAND_MAX) = 4
No. of THREADS = 28
No. of PROCESSORS = 28

0.058764,0.022777
order = ({1.000000-->-1.000000,0.000000}, 0, 1)
Initial Magnetisation = (0.058764,0.022777), Energy = 0.021587 
Cooling... 
T=2.000000	 Thermalizing iterations... 
Done.
Thermalized Magnetisation = (0.062406,-0.021189), Energy = -0.579476 
Averaging iterations... h=0.062500,0.000000
Done.
Final: Magnetisation = (0.052960,-0.025793), Energy = -0.589650 
<M> = (0.057670,-0.000050), <E> = -0.615596 

T=1.990000	 Thermalizing iterations... 
Done.
Thermalized Magnetisation = (0.017874,0.024370), Energy = -0.642603 
Averaging iterations... h=0.062500,0.000000
Done.
Final: Magnetisation = (0.017051,0.014886), Energy = -0.643836 
<M> = (0.060014,-0.002060), <E> = -0.620046 

T=1.980000	 Thermalizing iterations... 
Done.
Thermalized Magnetisation = (0.049815,0.021816), Energy = -0.635256 
Averaging iterations... h=0.062500,0.000000
Done.
Final: Magnetisation = (0.073851,-0.002798), Energy = -0.631696 
<M> = (0.059645,-0.001112), <E> = -0.624033 

T=1.970000	 Thermalizing iterations... 
Done.
Thermalized Magnetisation = (0.037915,0.030148), Energy = -0.627279 
Averaging iterations... h=0.062500,0.000000
Done.
Final: Magnetisation = (0.033992,-0.054009), Energy = -0.615148 
<M> = (0.061044,-0.002467), <E> = -0.628384 

T=1.960000	 Thermalizing iterations... 
Done.
Thermalized Magnetisation = (0.049664,-0.028081), Energy = -0.672977 
Averaging iterations... h=0.062500,0.000000
Done.
Final: Magnetisation = (0.066476,0.016068), Energy = -0.640675 
<M> = (0.062198,-0.000828), <E> = -0.631447 

T=1.950000	 Thermalizing iterations... 
Done.
Thermalized Magnetisation = (0.071599,0.021611), Energy = -0.631548 
Averaging iterations... h=0.062500,0.000000
Done.
Final: Magnetisation = (0.117522,-0.000012), Energy = -0.661778 
<M> = (0.063596,-0.000493), <E> = -0.634718 

T=1.940000	 Thermalizing iterations... 
Done.
Thermalized Magnetisation = (0.108508,-0.009745), Energy = -0.640024 
Averaging iterations... h=0.062500,0.000000
Done.
Final: Magnetisation = (0.082899,0.027989), Energy = -0.632009 
<M> = (0.063248,-0.000109), <E> = -0.638073 

T=1.930000	 Thermalizing iterations... 
Done.
Thermalized Magnetisation = (0.079199,-0.009061), Energy = -0.647681 
Averaging iterations... h=0.062500,0.000000
Done.
Final: Magnetisation = (-0.019509,0.017985), Energy = -0.606898 
<M> = (0.063324,0.000272), <E> = -0.641581 

T=1.920000	 Thermalizing iterations... 
Done.
Thermalized Magnetisation = (0.031013,0.033862), Energy = -0.655891 
Averaging iterations... h=0.062500,0.000000
Done.
Final: Magnetisation = (0.056850,-0.012993), Energy = -0.639780 
<M> = (0.064720,-0.001553), <E> = -0.646176 

T=1.910000	 Thermalizing iterations... 
Done.
Thermalized Magnetisation = (0.030035,0.016490), Energy = -0.639068 
Averaging iterations... h=0.062500,0.000000
Done.
Final: Magnetisation = (0.036556,-0.017035), Energy = -0.673339 
<M> = (0.066065,-0.001178), <E> = -0.650628 

T=1.900000	 Thermalizing iterations... 
Done.
Thermalized Magnetisation = (0.146762,0.097196), Energy = -0.667771 
Averaging iterations... h=0.062500,0.000000
Done.
Final: Magnetisation = (0.029843,0.003986), Energy = -0.637038 
<M> = (0.067547,-0.002547), <E> = -0.655101 

T=1.890000	 Thermalizing iterations... 
Done.
Thermalized Magnetisation = (0.017356,0.021892), Energy = -0.657258 
Averaging iterations... h=0.062500,0.000000
Done.
Final: Magnetisation = (0.023426,0.021264), Energy = -0.638113 
<M> = (0.068807,-0.001658), <E> = -0.659212 

T=1.880000	 Thermalizing iterations... 
Done.
Thermalized Magnetisation = (0.081909,-0.037840), Energy = -0.665414 
Averaging iterations... h=0.062500,0.000000
Done.
Final: Magnetisation = (0.016361,-0.006176), Energy = -0.676178 
<M> = (0.069966,-0.001304), <E> = -0.663220 

T=1.870000	 Thermalizing iterations... 
Done.
Thermalized Magnetisation = (0.048543,0.011241), Energy = -0.657566 
Averaging iterations... h=0.062500,0.000000
Done.
Final: Magnetisation = (0.098173,0.015766), Energy = -0.674512 
<M> = (0.070337,0.002333), <E> = -0.666464 

T=1.860000	 Thermalizing iterations... 
Done.
Thermalized Magnetisation = (0.029765,0.031177), Energy = -0.627662 
Averaging iterations... h=0.062500,0.000000
Done.
Final: Magnetisation = (0.093720,-0.031875), Energy = -0.657827 
<M> = (0.070378,-0.000301), <E> = -0.671001 

T=1.850000	 Thermalizing iterations... 
Done.
Thermalized Magnetisation = (0.068968,0.077532), Energy = -0.666839 
Averaging iterations... h=0.062500,0.000000
Done.
Final: Magnetisation = (0.109149,-0.027230), Energy = -0.713822 
<M> = (0.071581,-0.000199), <E> = -0.675395 

T=1.840000	 Thermalizing iterations... 
Done.
Thermalized Magnetisation = (0.069221,0.028893), Energy = -0.670625 
Averaging iterations... h=0.062500,0.000000
Done.
Final: Magnetisation = (0.101154,-0.010101), Energy = -0.709395 
<M> = (0.074364,-0.000892), <E> = -0.680375 

T=1.830000	 Thermalizing iterations... 
Done.
Thermalized Magnetisation = (0.132387,0.007364), Energy = -0.683536 
Averaging iterations... h=0.062500,0.000000
Done.
Final: Magnetisation = (0.069743,0.039610), Energy = -0.665361 
<M> = (0.074338,-0.003171), <E> = -0.684923 

T=1.820000	 Thermalizing iterations... 
Done.
Thermalized Magnetisation = (0.079371,0.031339), Energy = -0.690563 
Averaging iterations... h=0.062500,0.000000
Done.
Final: Magnetisation = (0.087568,-0.026403), Energy = -0.677022 
<M> = (0.075961,-0.002178), <E> = -0.690140 

T=1.810000	 Thermalizing iterations... 
Done.
Thermalized Magnetisation = (0.066476,0.031457), Energy = -0.698636 
Averaging iterations... h=0.062500,0.000000
Done.
Final: Magnetisation = (0.083980,0.030219), Energy = -0.671694 
<M> = (0.079840,-0.002047), <E> = -0.694474 

T=1.800000	 Thermalizing iterations... 
Done.
Thermalized Magnetisation = (0.025038,-0.009186), Energy = -0.687867 
Averaging iterations... h=0.062500,0.000000
Done.
Final: Magnetisation = (0.078655,0.040108), Energy = -0.720523 
<M> = (0.080128,0.000357), <E> = -0.698313 

T=1.790000	 Thermalizing iterations... 
Done.
Thermalized Magnetisation = (0.103537,-0.037558), Energy = -0.707803 
Averaging iterations... h=0.062500,0.000000
Done.
Final: Magnetisation = (0.045450,-0.052443), Energy = -0.695208 
<M> = (0.079434,0.000000), <E> = -0.702755 

T=1.780000	 Thermalizing iterations... 
Done.
Thermalized Magnetisation = (0.088227,-0.018300), Energy = -0.725126 
Averaging iterations... h=0.062500,0.000000
Done.
Final: Magnetisation = (0.101804,0.007066), Energy = -0.700153 
<M> = (0.080162,0.000529), <E> = -0.706760 

T=1.770000	 Thermalizing iterations... 
Done.
Thermalized Magnetisation = (0.094368,0.036632), Energy = -0.719891 
Averaging iterations... h=0.062500,0.000000
Done.
Final: Magnetisation = (0.087237,0.076376), Energy = -0.706446 
<M> = (0.082770,-0.003226), <E> = -0.712733 

T=1.760000	 Thermalizing iterations... 
Done.
Thermalized Magnetisation = (0.100932,0.016065), Energy = -0.762893 
Averaging iterations... h=0.062500,0.000000
Done.
Final: Magnetisation = (0.145601,-0.042643), Energy = -0.729871 
<M> = (0.084009,-0.001759), <E> = -0.717996 

T=1.750000	 Thermalizing iterations... 
Done.
Thermalized Magnetisation = (0.058160,0.001385), Energy = -0.703792 
Averaging iterations... h=0.062500,0.000000
Done.
Final: Magnetisation = (0.148612,-0.016607), Energy = -0.690125 
<M> = (0.085131,-0.003223), <E> = -0.723037 

T=1.740000	 Thermalizing iterations... 
Done.
Thermalized Magnetisation = (0.097098,0.021285), Energy = -0.707621 
Averaging iterations... h=0.062500,0.000000
Done.
Final: Magnetisation = (0.082296,-0.022403), Energy = -0.730668 
<M> = (0.087691,-0.001973), <E> = -0.728318 

T=1.730000	 Thermalizing iterations... 
Done.
Thermalized Magnetisation = (0.115485,-0.035086), Energy = -0.750086 
Averaging iterations... h=0.062500,0.000000
Done.
Final: Magnetisation = (0.040756,-0.049120), Energy = -0.734992 
<M> = (0.090503,-0.000903), <E> = -0.733438 

T=1.720000	 Thermalizing iterations... 
Done.
Thermalized Magnetisation = (0.088831,-0.069573), Energy = -0.739571 
Averaging iterations... h=0.062500,0.000000
Done.
Final: Magnetisation = (0.088596,0.043858), Energy = -0.747446 
<M> = (0.090031,0.000398), <E> = -0.737403 

T=1.710000	 Thermalizing iterations... 
Done.
Thermalized Magnetisation = (0.118015,-0.058342), Energy = -0.793966 
Averaging iterations... h=0.062500,0.000000
Done.
Final: Magnetisation = (0.119111,-0.022153), Energy = -0.760276 
<M> = (0.091702,-0.000143), <E> = -0.742678 

T=1.700000	 Thermalizing iterations... 
Done.
Thermalized Magnetisation = (0.123471,-0.001630), Energy = -0.752584 
Averaging iterations... h=0.062500,0.000000
Done.
Final: Magnetisation = (0.105048,0.021852), Energy = -0.768114 
<M> = (0.094530,-0.000354), <E> = -0.748549 

T=1.690000	 Thermalizing iterations... 
Done.
Thermalized Magnetisation = (0.027565,0.015763), Energy = -0.769199 
Averaging iterations... h=0.062500,0.000000
Done.
Final: Magnetisation = (0.093588,-0.075163), Energy = -0.750924 
<M> = (0.095816,-0.000695), <E> = -0.754337 

T=1.680000	 Thermalizing iterations... 
Done.
Thermalized Magnetisation = (0.070150,-0.022347), Energy = -0.753533 
Averaging iterations... h=0.062500,0.000000
Done.
Final: Magnetisation = (0.073679,-0.109092), Energy = -0.751927 
<M> = (0.096747,-0.002926), <E> = -0.760332 

T=1.670000	 Thermalizing iterations... 
Done.
Thermalized Magnetisation = (0.051017,-0.007816), Energy = -0.769320 
Averaging iterations... h=0.062500,0.000000
Done.
Final: Magnetisation = (0.115109,-0.081573), Energy = -0.802506 
<M> = (0.099564,-0.001349), <E> = -0.766241 

T=1.660000	 Thermalizing iterations... 
Done.
Thermalized Magnetisation = (0.043295,-0.000459), Energy = -0.785492 
Averaging iterations... h=0.062500,0.000000
Done.
Final: Magnetisation = (0.129439,-0.014823), Energy = -0.789420 
<M> = (0.102192,-0.001903), <E> = -0.772034 

T=1.650000	 Thermalizing iterations... 
Done.
Thermalized Magnetisation = (0.109367,-0.018717), Energy = -0.768276 
Averaging iterations... h=0.062500,0.000000
Done.
Final: Magnetisation = (0.038161,0.042094), Energy = -0.777114 
<M> = (0.104221,0.001145), <E> = -0.776912 

T=1.640000	 Thermalizing iterations... 
Done.
Thermalized Magnetisation = (0.126846,0.059136), Energy = -0.806802 
Averaging iterations... h=0.062500,0.000000
Done.
Final: Magnetisation = (0.165888,-0.042020), Energy = -0.788998 
<M> = (0.104814,0.001553), <E> = -0.782402 

T=1.630000	 Thermalizing iterations... 
Done.
Thermalized Magnetisation = (0.105626,0.002202), Energy = -0.809297 
Averaging iterations... h=0.062500,0.000000
Done.
Final: Magnetisation = (0.133032,0.006153), Energy = -0.737017 
<M> = (0.107106,0.000169), <E> = -0.788166 

T=1.620000	 Thermalizing iterations... 
Done.
Thermalized Magnetisation = (0.098311,-0.059146), Energy = -0.801326 
Averaging iterations... h=0.062500,0.000000
Done.
Final: Magnetisation = (0.168266,-0.049214), Energy = -0.790309 
<M> = (0.110533,-0.001657), <E> = -0.794960 

T=1.610000	 Thermalizing iterations... 
Done.
Thermalized Magnetisation = (0.136363,0.053344), Energy = -0.799058 
Averaging iterations... h=0.062500,0.000000
Done.
Final: Magnetisation = (0.100873,0.083822), Energy = -0.818718 
<M> = (0.111346,-0.002277), <E> = -0.801729 

T=1.600000	 Thermalizing iterations... 
Done.
Thermalized Magnetisation = (0.149641,-0.008949), Energy = -0.851371 
Averaging iterations... h=0.062500,0.000000
Done.
Final: Magnetisation = (0.066729,-0.013766), Energy = -0.777144 
<M> = (0.113529,-0.004387), <E> = -0.808613 

T=1.590000	 Thermalizing iterations... 
Done.
Thermalized Magnetisation = (0.078459,-0.011950), Energy = -0.788678 
Averaging iterations... h=0.062500,0.000000
Done.
Final: Magnetisation = (0.036202,0.002861), Energy = -0.779356 
<M> = (0.116318,-0.001954), <E> = -0.814440 

T=1.580000	 Thermalizing iterations... 
Done.
Thermalized Magnetisation = (0.146252,-0.010180), Energy = -0.799710 
Averaging iterations... h=0.062500,0.000000
Done.
Final: Magnetisation = (0.122740,-0.030561), Energy = -0.884374 
<M> = (0.120658,-0.000569), <E> = -0.820994 

T=1.570000	 Thermalizing iterations... 
Done.
Thermalized Magnetisation = (0.142404,0.036199), Energy = -0.830790 
Averaging iterations... h=0.062500,0.000000
Done.
Final: Magnetisation = (0.134397,0.013115), Energy = -0.835601 
<M> = (0.121925,0.000142), <E> = -0.826803 

T=1.560000	 Thermalizing iterations... 
Done.
Thermalized Magnetisation = (0.195110,-0.052269), Energy = -0.881869 
Averaging iterations... h=0.062500,0.000000
Done.
Final: Magnetisation = (0.065265,-0.013586), Energy = -0.799145 
<M> = (0.124404,0.001096), <E> = -0.832976 

T=1.550000	 Thermalizing iterations... 
Done.
Thermalized Magnetisation = (0.059640,0.006277), Energy = -0.792277 
Averaging iterations... h=0.062500,0.000000
Done.
Final: Magnetisation = (0.090753,0.014877), Energy = -0.800722 
<M> = (0.126496,-0.000127), <E> = -0.840736 

T=1.540000	 Thermalizing iterations... 
Done.
Thermalized Magnetisation = (0.116800,0.072544), Energy = -0.832310 
Averaging iterations... h=0.062500,0.000000
Done.
Final: Magnetisation = (0.115141,-0.073491), Energy = -0.879340 
<M> = (0.130892,-0.001754), <E> = -0.847690 

T=1.530000	 Thermalizing iterations... 
Done.
Thermalized Magnetisation = (0.180367,-0.009586), Energy = -0.891815 
Averaging iterations... h=0.062500,0.000000
Done.
Final: Magnetisation = (0.122985,0.034293), Energy = -0.857979 
<M> = (0.132413,-0.003263), <E> = -0.855013 

T=1.520000	 Thermalizing iterations... 
Done.
Thermalized Magnetisation = (0.157263,0.063404), Energy = -0.877067 
Averaging iterations... h=0.062500,0.000000
Done.
Final: Magnetisation = (0.096852,-0.008875), Energy = -0.852526 
<M> = (0.136063,-0.002449), <E> = -0.862763 

T=1.510000	 Thermalizing iterations... 
Done.
Thermalized Magnetisation = (0.145477,-0.015798), Energy = -0.900600 
Averaging iterations... h=0.062500,0.000000
Done.
Final: Magnetisation = (0.130645,0.005699), Energy = -0.855054 
<M> = (0.141144,0.000018), <E> = -0.869934 

T=1.500000	 Thermalizing iterations... 
Done.
Thermalized Magnetisation = (0.203982,-0.087645), Energy = -0.899776 
Averaging iterations... h=0.062500,0.000000
Done.
Final: Magnetisation = (0.115466,-0.052082), Energy = -0.860938 
<M> = (0.143376,0.002944), <E> = -0.876175 

T=1.490000	 Thermalizing iterations... 
Done.
Thermalized Magnetisation = (0.168967,0.004469), Energy = -0.877897 
Averaging iterations... h=0.062500,0.000000
Done.
Final: Magnetisation = (0.107391,0.102094), Energy = -0.873041 
<M> = (0.144548,0.001945), <E> = -0.883180 

T=1.480000	 Thermalizing iterations... 
Done.
Thermalized Magnetisation = (0.160497,-0.037627), Energy = -0.867928 
Averaging iterations... h=0.062500,0.000000
Done.
Final: Magnetisation = (0.166126,-0.004752), Energy = -0.901968 
<M> = (0.145948,0.001585), <E> = -0.890473 

T=1.470000	 Thermalizing iterations... 
Done.
Thermalized Magnetisation = (0.182354,0.000044), Energy = -0.903927 
Averaging iterations... h=0.062500,0.000000
Done.
Final: Magnetisation = (0.186211,-0.017724), Energy = -0.923772 
<M> = (0.154255,-0.000893), <E> = -0.900342 

T=1.460000	 Thermalizing iterations... 
Done.
Thermalized Magnetisation = (0.150231,0.068088), Energy = -0.907972 
Averaging iterations... h=0.062500,0.000000
Done.
Final: Magnetisation = (0.155779,0.000900), Energy = -0.896194 
<M> = (0.155144,-0.002858), <E> = -0.907069 

T=1.450000	 Thermalizing iterations... 
Done.
Thermalized Magnetisation = (0.180038,0.024511), Energy = -0.929646 
Averaging iterations... h=0.062500,0.000000
Done.
Final: Magnetisation = (0.117729,-0.008542), Energy = -0.872825 
<M> = (0.160336,-0.006474), <E> = -0.916440 

T=1.440000	 Thermalizing iterations... 
Done.
Thermalized Magnetisation = (0.197614,-0.067977), Energy = -0.951657 
Averaging iterations... h=0.062500,0.000000
Done.
Final: Magnetisation = (0.179287,-0.018363), Energy = -0.937357 
<M> = (0.164736,-0.004049), <E> = -0.924299 

T=1.430000	 Thermalizing iterations... 
Done.
Thermalized Magnetisation = (0.147375,-0.099420), Energy = -0.953578 
Averaging iterations... h=0.062500,0.000000
Done.
Final: Magnetisation = (0.140674,0.014009), Energy = -0.915286 
<M> = (0.169511,0.001009), <E> = -0.931767 

T=1.420000	 Thermalizing iterations... 
Done.
Thermalized Magnetisation = (0.268261,0.038097), Energy = -0.976289 
Averaging iterations... h=0.062500,0.000000
Done.
Final: Magnetisation = (0.159394,-0.051533), Energy = -0.937872 
<M> = (0.172063,0.001096), <E> = -0.939733 

T=1.410000	 Thermalizing iterations... 
Done.
Thermalized Magnetisation = (0.179461,0.006557), Energy = -0.971510 
Averaging iterations... h=0.062500,0.000000
Done.
Final: Magnetisation = (0.157797,-0.013554), Energy = -0.951458 
<M> = (0.174299,0.003444), <E> = -0.947114 

T=1.400000	 Thermalizing iterations... 
Done.
Thermalized Magnetisation = (0.167858,-0.039576), Energy = -0.936264 
Averaging iterations... h=0.062500,0.000000
Done.
Final: Magnetisation = (0.197778,0.086753), Energy = -0.922069 
<M> = (0.180317,-0.003491), <E> = -0.958130 

T=1.390000	 Thermalizing iterations... 
Done.
Thermalized Magnetisation = (0.164892,-0.027556), Energy = -0.984143 
Averaging iterations... h=0.062500,0.000000
Done.
Final: Magnetisation = (0.171923,-0.009045), Energy = -0.970871 
<M> = (0.183780,-0.002945), <E> = -0.967050 

T=1.380000	 Thermalizing iterations... 
Done.
Thermalized Magnetisation = (0.189508,-0.024459), Energy = -0.966174 
Averaging iterations... h=0.062500,0.000000
Done.
Final: Magnetisation = (0.212932,-0.073491), Energy = -0.937558 
<M> = (0.189616,-0.007280), <E> = -0.976647 

T=1.370000	 Thermalizing iterations... 
Done.
Thermalized Magnetisation = (0.133898,-0.077026), Energy = -0.948588 
Averaging iterations... h=0.062500,0.000000
Done.
Final: Magnetisation = (0.169845,-0.028137), Energy = -0.932085 
<M> = (0.193410,-0.005521), <E> = -0.985070 

T=1.360000	 Thermalizing iterations... 
Done.
Thermalized Magnetisation = (0.161161,-0.025257), Energy = -1.020486 
Averaging iterations... h=0.062500,0.000000
Done.
Final: Magnetisation = (0.238847,0.101548), Energy = -1.047145 
<M> = (0.201056,-0.001840), <E> = -0.994621 

T=1.350000	 Thermalizing iterations... 
Done.
Thermalized Magnetisation = (0.212808,0.093842), Energy = -0.992683 
Averaging iterations... h=0.062500,0.000000
Done.
Final: Magnetisation = (0.162443,0.048535), Energy = -0.970680 
<M> = (0.205564,0.006097), <E> = -1.002853 

T=1.340000	 Thermalizing iterations... 
Done.
Thermalized Magnetisation = (0.263458,0.032957), Energy = -1.078754 
Averaging iterations... h=0.062500,0.000000
Done.
Final: Magnetisation = (0.251862,-0.014490), Energy = -1.055300 
<M> = (0.208651,-0.000774), <E> = -1.012341 

T=1.330000	 Thermalizing iterations... 
Done.
Thermalized Magnetisation = (0.261968,0.004070), Energy = -1.059221 
Averaging iterations... h=0.062500,0.000000
Done.
Final: Magnetisation = (0.235353,-0.025524), Energy = -1.034063 
<M> = (0.214889,0.000905), <E> = -1.022070 

T=1.320000	 Thermalizing iterations... 
Done.
Thermalized Magnetisation = (0.242967,-0.008741), Energy = -1.046979 
Averaging iterations... h=0.062500,0.000000
Done.
Final: Magnetisation = (0.210409,-0.045395), Energy = -1.003861 
<M> = (0.224045,-0.001861), <E> = -1.033632 

T=1.310000	 Thermalizing iterations... 
Done.
Thermalized Magnetisation = (0.274731,0.025235), Energy = -1.069858 
Averaging iterations... h=0.062500,0.000000
Done.
Final: Magnetisation = (0.232976,0.072050), Energy = -1.072600 
<M> = (0.228123,-0.007022), <E> = -1.044231 

T=1.300000	 Thermalizing iterations... 
Done.
Thermalized Magnetisation = (0.216919,-0.015049), Energy = -1.035956 
Averaging iterations... h=0.062500,0.000000
Done.
Final: Magnetisation = (0.266136,-0.021701), Energy = -1.118299 
<M> = (0.232528,-0.008281), <E> = -1.054619 

T=1.290000	 Thermalizing iterations... 
Done.
Thermalized Magnetisation = (0.276000,-0.052018), Energy = -1.071608 
Averaging iterations... h=0.062500,0.000000
Done.
Final: Magnetisation = (0.249903,-0.015360), Energy = -1.047068 
<M> = (0.242250,-0.007466), <E> = -1.065371 

T=1.280000	 Thermalizing iterations... 
Done.
Thermalized Magnetisation = (0.247699,0.027014), Energy = -1.089017 
Averaging iterations... h=0.062500,0.000000
Done.
Final: Magnetisation = (0.231972,-0.023317), Energy = -1.093063 
<M> = (0.246477,-0.000373), <E> = -1.074780 

T=1.270000	 Thermalizing iterations... 
Done.
Thermalized Magnetisation = (0.207331,0.010735), Energy = -1.055045 
Averaging iterations... h=0.062500,0.000000
Done.
Final: Magnetisation = (0.226985,0.007766), Energy = -1.099578 
<M> = (0.252437,0.001266), <E> = -1.083722 

T=1.260000	 Thermalizing iterations... 
Done.
Thermalized Magnetisation = (0.183021,0.008800), Energy = -1.057110 
Averaging iterations... h=0.062500,0.000000
Done.
Final: Magnetisation = (0.267154,-0.032304), Energy = -1.099013 
<M> = (0.257923,0.002118), <E> = -1.093760 

T=1.250000	 Thermalizing iterations... 
Done.
Thermalized Magnetisation = (0.278979,-0.069326), Energy = -1.150853 
Averaging iterations... h=0.062500,0.000000
Done.
Final: Magnetisation = (0.238364,0.064919), Energy = -1.090172 
<M> = (0.266379,-0.004748), <E> = -1.106920 

T=1.240000	 Thermalizing iterations... 
Done.
Thermalized Magnetisation = (0.288891,-0.039727), Energy = -1.158905 
Averaging iterations... h=0.062500,0.000000
Done.
Final: Magnetisation = (0.185798,-0.041599), Energy = -1.074091 
<M> = (0.270557,-0.004086), <E> = -1.117943 

T=1.230000	 Thermalizing iterations... 
Done.
Thermalized Magnetisation = (0.304196,0.072996), Energy = -1.131216 
Averaging iterations... h=0.062500,0.000000
Done.
Final: Magnetisation = (0.224332,-0.136510), Energy = -1.061033 
<M> = (0.277155,-0.010336), <E> = -1.129749 

T=1.220000	 Thermalizing iterations... 
Done.
Thermalized Magnetisation = (0.276109,-0.059295), Energy = -1.121927 
Averaging iterations... h=0.062500,0.000000
Done.
Final: Magnetisation = (0.307984,-0.076285), Energy = -1.151813 
<M> = (0.282427,-0.007854), <E> = -1.139008 

T=1.210000	 Thermalizing iterations... 
Done.
Thermalized Magnetisation = (0.274568,0.044023), Energy = -1.107912 
Averaging iterations... h=0.062500,0.000000
Done.
Final: Magnetisation = (0.268800,-0.036422), Energy = -1.175656 
<M> = (0.295222,-0.006373), <E> = -1.152142 

T=1.200000	 Thermalizing iterations... 
Done.
Thermalized Magnetisation = (0.384057,-0.079915), Energy = -1.164058 
Averaging iterations... h=0.062500,0.000000
Done.
Final: Magnetisation = (0.308054,0.035796), Energy = -1.167733 
<M> = (0.300248,0.009782), <E> = -1.161974 

T=1.190000	 Thermalizing iterations... 
Done.
Thermalized Magnetisation = (0.335081,0.000122), Energy = -1.150281 
Averaging iterations... h=0.062500,0.000000
Done.
Final: Magnetisation = (0.317137,-0.066422), Energy = -1.176571 
<M> = (0.311319,0.000845), <E> = -1.173720 

T=1.180000	 Thermalizing iterations... 
Done.
Thermalized Magnetisation = (0.315947,-0.083523), Energy = -1.186733 
Averaging iterations... h=0.062500,0.000000
Done.
Final: Magnetisation = (0.318106,0.019303), Energy = -1.161776 
<M> = (0.318261,-0.003260), <E> = -1.185801 

T=1.170000	 Thermalizing iterations... 
Done.
Thermalized Magnetisation = (0.286976,0.083234), Energy = -1.179642 
Averaging iterations... h=0.062500,0.000000
Done.
Final: Magnetisation = (0.313590,0.184076), Energy = -1.194789 
<M> = (0.327449,-0.001262), <E> = -1.198048 

T=1.160000	 Thermalizing iterations... 
Done.
Thermalized Magnetisation = (0.361199,-0.111314), Energy = -1.227625 
Averaging iterations... h=0.062500,0.000000
Done.
Final: Magnetisation = (0.300191,-0.100898), Energy = -1.191374 
<M> = (0.333325,-0.010350), <E> = -1.211136 

T=1.150000	 Thermalizing iterations... 
Done.
Thermalized Magnetisation = (0.369064,-0.050377), Energy = -1.272366 
Averaging iterations... h=0.062500,0.000000
Done.
Final: Magnetisation = (0.337744,0.054688), Energy = -1.204617 
<M> = (0.343273,-0.015474), <E> = -1.223243 

T=1.140000	 Thermalizing iterations... 
Done.
Thermalized Magnetisation = (0.322377,-0.046949), Energy = -1.233106 
Averaging iterations... h=0.062500,0.000000
Done.
Final: Magnetisation = (0.375626,-0.075111), Energy = -1.247609 
<M> = (0.351209,-0.017508), <E> = -1.235531 

T=1.130000	 Thermalizing iterations... 
Done.
Thermalized Magnetisation = (0.290061,0.029233), Energy = -1.200100 
Averaging iterations... h=0.062500,0.000000
Done.
Final: Magnetisation = (0.335174,0.068553), Energy = -1.223733 
<M> = (0.357561,-0.002741), <E> = -1.245429 

T=1.120000	 Thermalizing iterations... 
Done.
Thermalized Magnetisation = (0.391778,0.006421), Energy = -1.256990 
Averaging iterations... h=0.062500,0.000000
Done.
Final: Magnetisation = (0.373994,-0.137754), Energy = -1.265047 
<M> = (0.369498,0.002460), <E> = -1.258250 

T=1.110000	 Thermalizing iterations... 
Done.
Thermalized Magnetisation = (0.412238,-0.048430), Energy = -1.269459 
Averaging iterations... h=0.062500,0.000000
Done.
Final: Magnetisation = (0.385698,0.073971), Energy = -1.276636 
<M> = (0.374252,0.010894), <E> = -1.268569 

T=1.100000	 Thermalizing iterations... 
Done.
Thermalized Magnetisation = (0.381982,-0.157730), Energy = -1.318796 
Averaging iterations... h=0.062500,0.000000
Done.
Final: Magnetisation = (0.383324,0.017582), Energy = -1.299642 
<M> = (0.386929,-0.001568), <E> = -1.283260 

T=1.090000	 Thermalizing iterations... 
Done.
Thermalized Magnetisation = (0.376756,-0.030185), Energy = -1.304926 
Averaging iterations... h=0.062500,0.000000
Done.
Final: Magnetisation = (0.348915,-0.005467), Energy = -1.293906 
<M> = (0.391561,-0.013524), <E> = -1.295164 

T=1.080000	 Thermalizing iterations... 
Done.
Thermalized Magnetisation = (0.408288,-0.069999), Energy = -1.302658 
Averaging iterations... h=0.062500,0.000000
Done.
Final: Magnetisation = (0.415681,0.057160), Energy = -1.308439 
<M> = (0.398680,-0.022401), <E> = -1.307112 

T=1.070000	 Thermalizing iterations... 
Done.
Thermalized Magnetisation = (0.415480,0.116234), Energy = -1.340499 
Averaging iterations... h=0.062500,0.000000
Done.
Final: Magnetisation = (0.390885,0.123267), Energy = -1.300216 
<M> = (0.406389,-0.028128), <E> = -1.319858 

T=1.060000	 Thermalizing iterations... 
Done.
Thermalized Magnetisation = (0.380311,0.078183), Energy = -1.330681 
Averaging iterations... h=0.062500,0.000000
Done.
Final: Magnetisation = (0.430405,-0.120842), Energy = -1.347448 
<M> = (0.415006,-0.017873), <E> = -1.332187 

T=1.050000	 Thermalizing iterations... 
Done.
Thermalized Magnetisation = (0.449031,-0.128121), Energy = -1.373837 
Averaging iterations... h=0.062500,0.000000
Done.
Final: Magnetisation = (0.402419,0.029497), Energy = -1.324326 
<M> = (0.427799,0.002884), <E> = -1.343181 

T=1.040000	 Thermalizing iterations... 
Done.
Thermalized Magnetisation = (0.420727,-0.031042), Energy = -1.336091 
Averaging iterations... h=0.062500,0.000000
Done.
Final: Magnetisation = (0.374941,0.063830), Energy = -1.332788 
<M> = (0.428919,0.009243), <E> = -1.353108 

T=1.030000	 Thermalizing iterations... 
Done.
Thermalized Magnetisation = (0.416523,-0.037752), Energy = -1.332393 
Averaging iterations... h=0.062500,0.000000
Done.
Final: Magnetisation = (0.411718,-0.046589), Energy = -1.368817 
<M> = (0.445231,-0.017524), <E> = -1.366430 

T=1.020000	 Thermalizing iterations... 
Done.
Thermalized Magnetisation = (0.491701,-0.043785), Energy = -1.363974 
Averaging iterations... h=0.062500,0.000000
Done.
Final: Magnetisation = (0.438735,0.057530), Energy = -1.400278 
<M> = (0.446953,-0.035097), <E> = -1.378390 

T=1.010000	 Thermalizing iterations... 
Done.
Thermalized Magnetisation = (0.409936,0.042842), Energy = -1.359690 
Averaging iterations... h=0.062500,0.000000
Done.
Final: Magnetisation = (0.485519,-0.088759), Energy = -1.398726 
<M> = (0.449894,-0.062413), <E> = -1.391099 

T=1.000000	 Thermalizing iterations... 
Done.
Thermalized Magnetisation = (0.449892,-0.072295), Energy = -1.409555 
Averaging iterations... h=0.062500,0.000000
Done.
Final: Magnetisation = (0.507170,0.055613), Energy = -1.410896 
<M> = (0.461198,-0.019195), <E> = -1.402054 

T=0.990000	 Thermalizing iterations... 
Done.
Thermalized Magnetisation = (0.476566,-0.068619), Energy = -1.430618 
Averaging iterations... h=0.062500,0.000000
Done.
Final: Magnetisation = (0.440137,-0.057554), Energy = -1.395673 
<M> = (0.476298,-0.023074), <E> = -1.414752 

T=0.980000	 Thermalizing iterations... 
Done.
Thermalized Magnetisation = (0.453684,0.055377), Energy = -1.421672 
Averaging iterations... h=0.062500,0.000000
Done.
Final: Magnetisation = (0.520283,-0.015096), Energy = -1.422595 
<M> = (0.479674,-0.025055), <E> = -1.425540 

T=0.970000	 Thermalizing iterations... 
Done.
Thermalized Magnetisation = (0.468633,-0.120380), Energy = -1.389693 
Averaging iterations... h=0.062500,0.000000
Done.
Final: Magnetisation = (0.463843,0.174370), Energy = -1.442623 
<M> = (0.487840,-0.013533), <E> = -1.436011 

T=0.960000	 Thermalizing iterations... 
Done.
Thermalized Magnetisation = (0.480421,-0.116358), Energy = -1.462590 
Averaging iterations... h=0.062500,0.000000
Done.
Final: Magnetisation = (0.532160,0.019247), Energy = -1.440618 
<M> = (0.487386,0.008885), <E> = -1.446421 

T=0.950000	 Thermalizing iterations... 
Done.
Thermalized Magnetisation = (0.490887,-0.128144), Energy = -1.446080 
Averaging iterations... h=0.062500,0.000000
Done.
Final: Magnetisation = (0.469815,-0.119189), Energy = -1.452931 
<M> = (0.497388,-0.055045), <E> = -1.457135 

T=0.940000	 Thermalizing iterations... 
Done.
Thermalized Magnetisation = (0.540210,0.111823), Energy = -1.486502 
Averaging iterations... h=0.062500,0.000000
Done.
Final: Magnetisation = (0.502522,0.137196), Energy = -1.465388 
<M> = (0.505722,-0.043665), <E> = -1.469188 

T=0.930000	 Thermalizing iterations... 
Done.
Thermalized Magnetisation = (0.480971,0.273505), Energy = -1.466501 
Averaging iterations... h=0.062500,0.000000
Done.
Final: Magnetisation = (0.502636,-0.097886), Energy = -1.477925 
<M> = (0.508437,-0.082623), <E> = -1.478807 

T=0.920000	 Thermalizing iterations... 
Done.
Thermalized Magnetisation = (0.559311,-0.005034), Energy = -1.502856 
Averaging iterations... h=0.062500,0.000000
Done.
Final: Magnetisation = (0.477878,-0.187208), Energy = -1.481092 
<M> = (0.511522,-0.060017), <E> = -1.490777 

T=0.910000	 Thermalizing iterations... 
Done.
Thermalized Magnetisation = (0.530859,-0.107362), Energy = -1.509079 
Averaging iterations... h=0.062500,0.000000
Done.
Final: Magnetisation = (0.520161,0.217272), Energy = -1.506504 
<M> = (0.527508,0.086938), <E> = -1.499375 

T=0.900000	 Thermalizing iterations... 
Done.
Thermalized Magnetisation = (0.535861,-0.083257), Energy = -1.489164 
Averaging iterations... h=0.062500,0.000000
Done.
Final: Magnetisation = (0.515065,0.047489), Energy = -1.504201 
<M> = (0.525153,-0.102379), <E> = -1.509331 

T=0.890000	 Thermalizing iterations... 
Done.
Thermalized Magnetisation = (0.485451,-0.212541), Energy = -1.517126 
Averaging iterations... h=0.062500,0.000000
Done.
Final: Magnetisation = (0.531864,-0.015965), Energy = -1.498443 
<M> = (0.528951,0.050355), <E> = -1.517355 

T=0.880000	 Thermalizing iterations... 
Done.
Thermalized Magnetisation = (0.479560,-0.343589), Energy = -1.535284 
Averaging iterations... h=0.062500,0.000000
Done.
Final: Magnetisation = (0.552386,0.120102), Energy = -1.508689 
<M> = (0.534828,-0.039155), <E> = -1.529276 

T=0.870000	 Thermalizing iterations... 
Done.
Thermalized Magnetisation = (0.579149,-0.034568), Energy = -1.558500 
Averaging iterations... h=0.062500,0.000000
Done.
Final: Magnetisation = (0.538678,-0.039721), Energy = -1.542266 
<M> = (0.532738,-0.061129), <E> = -1.538099 

T=0.860000	 Thermalizing iterations... 
Done.
Thermalized Magnetisation = (0.550768,-0.037993), Energy = -1.558196 
Averaging iterations... h=0.062500,0.000000
Done.
Final: Magnetisation = (0.575540,-0.119683), Energy = -1.552118 
<M> = (0.536812,-0.014480), <E> = -1.547991 

T=0.850000	 Thermalizing iterations... 
Done.
Thermalized Magnetisation = (0.509246,-0.276455), Energy = -1.546104 
Averaging iterations... h=0.062500,0.000000
Done.
Final: Magnetisation = (0.515328,-0.226253), Energy = -1.564751 
<M> = (0.536042,-0.142917), <E> = -1.557394 

T=0.840000	 Thermalizing iterations... 
Done.
Thermalized Magnetisation = (0.528701,-0.303859), Energy = -1.586769 
Averaging iterations... h=0.062500,0.000000
Done.
Final: Magnetisation = (0.553753,-0.055694), Energy = -1.563038 
<M> = (0.549083,-0.111343), <E> = -1.564843 

T=0.830000	 Thermalizing iterations... 
Done.
Thermalized Magnetisation = (0.573119,-0.165745), Energy = -1.581957 
Averaging iterations... h=0.062500,0.000000
Done.
Final: Magnetisation = (0.508597,0.253464), Energy = -1.587805 
<M> = (0.548521,0.006162), <E> = -1.574196 

T=0.820000	 Thermalizing iterations... 
Done.
Thermalized Magnetisation = (0.515869,-0.094382), Energy = -1.573108 
Averaging iterations... h=0.062500,0.000000
Done.
Final: Magnetisation = (0.597684,-0.143385), Energy = -1.567923 
<M> = (0.555196,-0.077063), <E> = -1.581741 

T=0.810000	 Thermalizing iterations... 
Done.
Thermalized Magnetisation = (0.539808,-0.275856), Energy = -1.580720 
Averaging iterations... h=0.062500,0.000000
Done.
Final: Magnetisation = (0.531907,-0.153048), Energy = -1.581105 
<M> = (0.550928,-0.214631), <E> = -1.591218 

T=0.800000	 Thermalizing iterations... 
Done.
Thermalized Magnetisation = (0.491708,-0.248771), Energy = -1.599961 
Averaging iterations... h=0.062500,0.000000
Done.
Final: Magnetisation = (0.488456,-0.406314), Energy = -1.593012 
<M> = (0.545607,-0.281511), <E> = -1.600070 

T=0.790000	 Thermalizing iterations... 
Done.
Thermalized Magnetisation = (0.442161,-0.293652), Energy = -1.609342 
Averaging iterations... h=0.062500,0.000000
Done.
Final: Magnetisation = (0.559045,-0.214306), Energy = -1.617845 
<M> = (0.540279,-0.259349), <E> = -1.608918 

T=0.780000	 Thermalizing iterations... 
Done.
Thermalized Magnetisation = (0.525559,-0.021210), Energy = -1.612355 
Averaging iterations... h=0.062500,0.000000
Done.
Final: Magnetisation = (0.525073,-0.230831), Energy = -1.603677 
<M> = (0.547991,-0.141833), <E> = -1.616401 

T=0.770000	 Thermalizing iterations... 
Done.
Thermalized Magnetisation = (0.627812,-0.133328), Energy = -1.634575 
Averaging iterations... h=0.062500,0.000000
Done.
Final: Magnetisation = (0.541226,-0.327298), Energy = -1.611191 
<M> = (0.552794,-0.175622), <E> = -1.624554 

T=0.760000	 Thermalizing iterations... 
Done.
Thermalized Magnetisation = (0.574313,-0.186926), Energy = -1.597912 
Averaging iterations... h=0.062500,0.000000
Done.
Final: Magnetisation = (0.545562,-0.143359), Energy = -1.649627 
<M> = (0.561472,-0.118961), <E> = -1.631474 

T=0.750000	 Thermalizing iterations... 
Done.
Thermalized Magnetisation = (0.592629,-0.286875), Energy = -1.647072 
Averaging iterations... h=0.062500,0.000000
Done.
Final: Magnetisation = (0.525695,-0.362130), Energy = -1.650082 
<M> = (0.546981,-0.341305), <E> = -1.640131 

T=0.740000	 Thermalizing iterations... 
Done.
Thermalized Magnetisation = (0.507792,-0.474342), Energy = -1.673424 
Averaging iterations... h=0.062500,0.000000
Done.
Final: Magnetisation = (0.504631,-0.373008), Energy = -1.648100 
<M> = (0.545227,-0.348144), <E> = -1.648075 

T=0.730000	 Thermalizing iterations... 
Done.
Thermalized Magnetisation = (0.599059,-0.316469), Energy = -1.645467 
Averaging iterations... h=0.062500,0.000000
Done.
Final: Magnetisation = (0.543470,-0.333113), Energy = -1.667580 
<M> = (0.549579,-0.311108), <E> = -1.655144 

T=0.720000	 Thermalizing iterations... 
Done.
Thermalized Magnetisation = (0.561336,-0.387220), Energy = -1.642432 
Averaging iterations... h=0.062500,0.000000
Done.
Final: Magnetisation = (0.542646,-0.405495), Energy = -1.667660 
<M> = (0.537677,-0.420678), <E> = -1.663457 

T=0.710000	 Thermalizing iterations... 
Done.
Thermalized Magnetisation = (0.573465,-0.171700), Energy = -1.667414 
Averaging iterations... h=0.062500,0.000000
Done.
Final: Magnetisation = (0.541919,-0.324871), Energy = -1.676396 
<M> = (0.555114,-0.304232), <E> = -1.669822 

T=0.700000	 Thermalizing iterations... 
Done.
Thermalized Magnetisation = (0.534688,-0.371249), Energy = -1.690112 
Averaging iterations... h=0.062500,0.000000
Done.
Final: Magnetisation = (0.518893,-0.466470), Energy = -1.673550 
<M> = (0.535119,-0.424267), <E> = -1.677607 

T=0.690000	 Thermalizing iterations... 
Done.
Thermalized Magnetisation = (0.590230,-0.352715), Energy = -1.687976 
Averaging iterations... h=0.062500,0.000000
Done.
Final: Magnetisation = (0.468119,-0.511005), Energy = -1.666572 
<M> = (0.547282,-0.404741), <E> = -1.684559 

T=0.680000	 Thermalizing iterations... 
Done.
Thermalized Magnetisation = (0.501217,-0.474593), Energy = -1.689250 
Averaging iterations... h=0.062500,0.000000
Done.
Final: Magnetisation = (0.575814,-0.283579), Energy = -1.693429 
<M> = (0.554024,-0.411222), <E> = -1.691003 

T=0.670000	 Thermalizing iterations... 
Done.
Thermalized Magnetisation = (0.533887,-0.472637), Energy = -1.695999 
Averaging iterations... h=0.062500,0.000000
Done.
Final: Magnetisation = (0.613416,-0.339029), Energy = -1.714490 
<M> = (0.553967,-0.418242), <E> = -1.697903 

T=0.660000	 Thermalizing iterations... 
Done.
Thermalized Magnetisation = (0.564109,-0.184377), Energy = -1.694946 
Averaging iterations... h=0.062500,0.000000
Done.
Final: Magnetisation = (0.610584,-0.139505), Energy = -1.701216 
<M> = (0.567134,-0.194940), <E> = -1.704228 

T=0.650000	 Thermalizing iterations... 
Done.
Thermalized Magnetisation = (0.505912,-0.473936), Energy = -1.707357 
Averaging iterations... h=0.062500,0.000000
Done.
Final: Magnetisation = (0.515784,-0.480271), Energy = -1.701616 
<M> = (0.546260,-0.445635), <E> = -1.712124 

T=0.640000	 Thermalizing iterations... 
Done.
Thermalized Magnetisation = (0.496396,-0.544962), Energy = -1.726695 
Averaging iterations... h=0.062500,0.000000
Done.
Final: Magnetisation = (0.549646,-0.462261), Energy = -1.715858 
<M> = (0.531004,-0.469284), <E> = -1.719227 

T=0.630000	 Thermalizing iterations... 
Done.
Thermalized Magnetisation = (0.526036,-0.489001), Energy = -1.728957 
Averaging iterations... h=0.062500,0.000000
Done.
Final: Magnetisation = (0.572119,-0.436888), Energy = -1.729225 
<M> = (0.533600,-0.484713), <E> = -1.725825 

T=0.620000	 Thermalizing iterations... 
Done.
Thermalized Magnetisation = (0.532973,-0.398578), Energy = -1.729444 
Averaging iterations... h=0.062500,0.000000
Done.
Final: Magnetisation = (0.561668,-0.487965), Energy = -1.739105 
<M> = (0.551535,-0.465867), <E> = -1.731960 

T=0.610000	 Thermalizing iterations... 
Done.
Thermalized Magnetisation = (0.539692,-0.525183), Energy = -1.742229 
Averaging iterations... h=0.062500,0.000000
Done.
Final: Magnetisation = (0.512136,-0.488253), Energy = -1.733244 
<M> = (0.556935,-0.445560), <E> = -1.738343 

T=0.600000	 Thermalizing iterations... 
Done.
Thermalized Magnetisation = (0.519742,-0.566745), Energy = -1.752919 
Averaging iterations... h=0.062500,0.000000
Done.
Final: Magnetisation = (0.548363,-0.521379), Energy = -1.746072 
<M> = (0.558266,-0.467717), <E> = -1.744508 

T=0.590000	 Thermalizing iterations... 
Done.
Thermalized Magnetisation = (0.552380,-0.486623), Energy = -1.751974 
Averaging iterations... h=0.062500,0.000000
Done.
Final: Magnetisation = (0.542504,-0.509270), Energy = -1.761722 
<M> = (0.552712,-0.482922), <E> = -1.751403 

T=0.580000	 Thermalizing iterations... 
Done.
Thermalized Magnetisation = (0.587589,-0.457483), Energy = -1.766525 
Averaging iterations... h=0.062500,0.000000
Done.
Final: Magnetisation = (0.502788,-0.497500), Energy = -1.763157 
<M> = (0.548452,-0.499061), <E> = -1.757817 

T=0.570000	 Thermalizing iterations... 
Done.
Thermalized Magnetisation = (0.554282,-0.505948), Energy = -1.764803 
Averaging iterations... h=0.062500,0.000000
Done.
Final: Magnetisation = (0.574821,-0.482266), Energy = -1.763775 
<M> = (0.543260,-0.510584), <E> = -1.764262 

T=0.560000	 Thermalizing iterations... 
Done.
Thermalized Magnetisation = (0.516398,-0.535096), Energy = -1.777997 
Averaging iterations... h=0.062500,0.000000
Done.
Final: Magnetisation = (0.551072,-0.509458), Energy = -1.771476 
<M> = (0.534662,-0.520017), <E> = -1.770935 

T=0.550000	 Thermalizing iterations... 
Done.
Thermalized Magnetisation = (0.598243,-0.405866), Energy = -1.781828 
Averaging iterations... h=0.062500,0.000000
Done.
Final: Magnetisation = (0.542834,-0.511249), Energy = -1.774398 
<M> = (0.537703,-0.526576), <E> = -1.777070 

T=0.540000	 Thermalizing iterations... 
Done.
Thermalized Magnetisation = (0.579103,-0.458631), Energy = -1.786947 
Averaging iterations... h=0.062500,0.000000
Done.
Final: Magnetisation = (0.539486,-0.551324), Energy = -1.781541 
<M> = (0.554257,-0.505170), <E> = -1.782210 

T=0.530000	 Thermalizing iterations... 
Done.
Thermalized Magnetisation = (0.579809,-0.500606), Energy = -1.789170 
Averaging iterations... h=0.062500,0.000000
Done.
Final: Magnetisation = (0.565007,-0.528614), Energy = -1.795301 
<M> = (0.560945,-0.496059), <E> = -1.788349 

T=0.520000	 Thermalizing iterations... 
Done.
Thermalized Magnetisation = (0.592313,-0.497283), Energy = -1.798121 
Averaging iterations... h=0.062500,0.000000
Done.
Final: Magnetisation = (0.554310,-0.517968), Energy = -1.786353 
<M> = (0.553082,-0.517018), <E> = -1.794744 

T=0.510000	 Thermalizing iterations... 
Done.
Thermalized Magnetisation = (0.559013,-0.474244), Energy = -1.797259 
Averaging iterations... h=0.062500,0.000000
Done.
Final: Magnetisation = (0.581491,-0.517630), Energy = -1.799517 
<M> = (0.552633,-0.507044), <E> = -1.800766 

T=0.500000	 Thermalizing iterations... 
Done.
Thermalized Magnetisation = (0.522181,-0.591106), Energy = -1.804745 
Averaging iterations... h=0.062500,0.000000
Done.
Final: Magnetisation = (0.531746,-0.581821), Energy = -1.814188 
<M> = (0.544665,-0.549760), <E> = -1.807287 

T=0.490000	 Thermalizing iterations... 
Done.
Thermalized Magnetisation = (0.569096,-0.542948), Energy = -1.818494 
Averaging iterations... h=0.062500,0.000000
Done.
Final: Magnetisation = (0.525149,-0.595769), Energy = -1.814120 
<M> = (0.538762,-0.552328), <E> = -1.813492 

T=0.480000	 Thermalizing iterations... 
Done.
Thermalized Magnetisation = (0.588305,-0.500572), Energy = -1.823413 
Averaging iterations... h=0.062500,0.000000
Done.
Final: Magnetisation = (0.572978,-0.478763), Energy = -1.805792 
<M> = (0.539553,-0.562856), <E> = -1.819603 

T=0.470000	 Thermalizing iterations... 
Done.
Thermalized Magnetisation = (0.576143,-0.531059), Energy = -1.827329 
Averaging iterations... h=0.062500,0.000000
Done.
Final: Magnetisation = (0.534140,-0.587200), Energy = -1.838241 
<M> = (0.549360,-0.551940), <E> = -1.824901 

T=0.460000	 Thermalizing iterations... 
Done.
Thermalized Magnetisation = (0.572501,-0.511921), Energy = -1.823345 
Averaging iterations... h=0.062500,0.000000
Done.
Final: Magnetisation = (0.523774,-0.572374), Energy = -1.824297 
<M> = (0.563554,-0.531707), <E> = -1.830417 

T=0.450000	 Thermalizing iterations... 
Done.
Thermalized Magnetisation = (0.553545,-0.576975), Energy = -1.837134 
Averaging iterations... h=0.062500,0.000000
Done.
Final: Magnetisation = (0.597779,-0.492661), Energy = -1.831178 
<M> = (0.570758,-0.529505), <E> = -1.836200 

T=0.440000	 Thermalizing iterations... 
Done.
Thermalized Magnetisation = (0.568444,-0.518029), Energy = -1.837455 
Averaging iterations... h=0.062500,0.000000
Done.
Final: Magnetisation = (0.610527,-0.500509), Energy = -1.842623 
<M> = (0.557179,-0.556368), <E> = -1.842584 

T=0.430000	 Thermalizing iterations... 
Done.
Thermalized Magnetisation = (0.497928,-0.593312), Energy = -1.848847 
Averaging iterations... h=0.062500,0.000000
Done.
Final: Magnetisation = (0.558564,-0.554661), Energy = -1.834186 
<M> = (0.545319,-0.580629), <E> = -1.848659 

T=0.420000	 Thermalizing iterations... 
Done.
Thermalized Magnetisation = (0.534687,-0.570643), Energy = -1.856000 
Averaging iterations... h=0.062500,0.000000
Done.
Final: Magnetisation = (0.572302,-0.561202), Energy = -1.856276 
<M> = (0.543313,-0.578536), <E> = -1.854385 

T=0.410000	 Thermalizing iterations... 
Done.
Thermalized Magnetisation = (0.565348,-0.595797), Energy = -1.868189 
Averaging iterations... h=0.062500,0.000000
Done.
Final: Magnetisation = (0.577209,-0.541122), Energy = -1.857720 
<M> = (0.542212,-0.588774), <E> = -1.860386 

T=0.400000	 Thermalizing iterations... 
Done.
Thermalized Magnetisation = (0.546639,-0.574030), Energy = -1.862679 
Averaging iterations... h=0.062500,0.000000
Done.
Final: Magnetisation = (0.518656,-0.639019), Energy = -1.866543 
<M> = (0.545503,-0.590587), <E> = -1.865806 

T=0.390000	 Thermalizing iterations... 
Done.
Thermalized Magnetisation = (0.553554,-0.578435), Energy = -1.870079 
Averaging iterations... h=0.062500,0.000000
Done.
Final: Magnetisation = (0.529547,-0.618045), Energy = -1.867387 
<M> = (0.555828,-0.584382), <E> = -1.871314 

T=0.380000	 Thermalizing iterations... 
Done.
Thermalized Magnetisation = (0.572486,-0.547234), Energy = -1.871268 
Averaging iterations... h=0.062500,0.000000
Done.
Final: Magnetisation = (0.538208,-0.586337), Energy = -1.875741 
<M> = (0.561638,-0.579895), <E> = -1.876841 

T=0.370000	 Thermalizing iterations... 
Done.
Thermalized Magnetisation = (0.519986,-0.646463), Energy = -1.890032 
Averaging iterations... h=0.062500,0.000000
Done.
Final: Magnetisation = (0.604465,-0.535958), Energy = -1.887524 
<M> = (0.558299,-0.584965), <E> = -1.882571 

T=0.360000	 Thermalizing iterations... 
Done.
Thermalized Magnetisation = (0.516433,-0.617622), Energy = -1.889517 
Averaging iterations... h=0.062500,0.000000
Done.
Final: Magnetisation = (0.569257,-0.568507), Energy = -1.890530 
<M> = (0.553788,-0.592610), <E> = -1.888259 

T=0.350000	 Thermalizing iterations... 
Done.
Thermalized Magnetisation = (0.548539,-0.631604), Energy = -1.891847 
Averaging iterations... h=0.062500,0.000000
Done.
Final: Magnetisation = (0.543453,-0.596716), Energy = -1.891674 
<M> = (0.548465,-0.607441), <E> = -1.894082 

T=0.340000	 Thermalizing iterations... 
Done.
Thermalized Magnetisation = (0.546733,-0.610972), Energy = -1.897098 
Averaging iterations... h=0.062500,0.000000
Done.
Final: Magnetisation = (0.564902,-0.598349), Energy = -1.899998 
<M> = (0.546008,-0.613837), <E> = -1.899782 

T=0.330000	 Thermalizing iterations... 
Done.
Thermalized Magnetisation = (0.566336,-0.564502), Energy = -1.897154 
Averaging iterations... h=0.062500,0.000000
Done.
Final: Magnetisation = (0.538691,-0.623357), Energy = -1.904393 
<M> = (0.549543,-0.604882), <E> = -1.905074 

T=0.320000	 Thermalizing iterations... 
Done.
Thermalized Magnetisation = (0.552679,-0.642073), Energy = -1.911419 
Averaging iterations... h=0.062500,0.000000
Done.
Final: Magnetisation = (0.531838,-0.653906), Energy = -1.913908 
<M> = (0.551923,-0.615733), <E> = -1.910577 

T=0.310000	 Thermalizing iterations... 
Done.
Thermalized Magnetisation = (0.568770,-0.618779), Energy = -1.914947 
Averaging iterations... h=0.062500,0.000000
Done.
Final: Magnetisation = (0.551720,-0.621173), Energy = -1.915739 
<M> = (0.569373,-0.602826), <E> = -1.915881 

T=0.300000	 Thermalizing iterations... 
Done.
Thermalized Magnetisation = (0.547004,-0.622397), Energy = -1.920247 
Averaging iterations... h=0.062500,0.000000
Done.
Final: Magnetisation = (0.598381,-0.566854), Energy = -1.922022 
<M> = (0.565849,-0.611785), <E> = -1.921350 

T=0.290000	 Thermalizing iterations... 
Done.
Thermalized Magnetisation = (0.528721,-0.639533), Energy = -1.923939 
Averaging iterations... h=0.062500,0.000000
Done.
Final: Magnetisation = (0.585581,-0.604061), Energy = -1.925511 
<M> = (0.558153,-0.623902), <E> = -1.927059 

T=0.280000	 Thermalizing iterations... 
Done.
Thermalized Magnetisation = (0.571818,-0.640235), Energy = -1.933945 
Averaging iterations... h=0.062500,0.000000
Done.
Final: Magnetisation = (0.530811,-0.635923), Energy = -1.927404 
<M> = (0.556262,-0.628783), <E> = -1.932571 

T=0.270000	 Thermalizing iterations... 
Done.
Thermalized Magnetisation = (0.520480,-0.669749), Energy = -1.939281 
Averaging iterations... h=0.062500,0.000000
Done.
Final: Magnetisation = (0.561875,-0.632060), Energy = -1.937790 
<M> = (0.551159,-0.638158), <E> = -1.938172 

T=0.260000	 Thermalizing iterations... 
Done.
Thermalized Magnetisation = (0.566380,-0.629245), Energy = -1.942234 
Averaging iterations... h=0.062500,0.000000
Done.
Final: Magnetisation = (0.523022,-0.653060), Energy = -1.942837 
<M> = (0.551246,-0.641190), <E> = -1.943564 

T=0.250000	 Thermalizing iterations... 
Done.
Thermalized Magnetisation = (0.581914,-0.622639), Energy = -1.952502 
Averaging iterations... h=0.062500,0.000000
Done.
Final: Magnetisation = (0.545579,-0.652047), Energy = -1.950208 
<M> = (0.552667,-0.644356), <E> = -1.948798 

T=0.240000	 Thermalizing iterations... 
Done.
Thermalized Magnetisation = (0.593631,-0.604784), Energy = -1.956008 
Averaging iterations... h=0.062500,0.000000
Done.
Final: Magnetisation = (0.560640,-0.645939), Energy = -1.951711 
<M> = (0.566782,-0.633218), <E> = -1.954027 

T=0.230000	 Thermalizing iterations... 
Done.
Thermalized Magnetisation = (0.569690,-0.640857), Energy = -1.960687 
Averaging iterations... h=0.062500,0.000000
Done.
Final: Magnetisation = (0.555764,-0.641908), Energy = -1.961277 
<M> = (0.558143,-0.642166), <E> = -1.959362 

T=0.220000	 Thermalizing iterations... 
Done.
Thermalized Magnetisation = (0.566827,-0.645601), Energy = -1.960214 
Averaging iterations... h=0.062500,0.000000
Done.
Final: Magnetisation = (0.570431,-0.661789), Energy = -1.964727 
<M> = (0.561495,-0.643894), <E> = -1.964708 

T=0.210000	 Thermalizing iterations... 
Done.
Thermalized Magnetisation = (0.555730,-0.643819), Energy = -1.969154 
Averaging iterations... h=0.062500,0.000000
Done.
Final: Magnetisation = (0.537627,-0.674386), Energy = -1.969786 
<M> = (0.557554,-0.654173), <E> = -1.970090 

T=0.200000	 Thermalizing iterations... 
Done.
Thermalized Magnetisation = (0.564523,-0.648345), Energy = -1.971325 
Averaging iterations... h=0.062500,0.000000
Done.
Final: Magnetisation = (0.584171,-0.632370), Energy = -1.971118 
<M> = (0.561769,-0.652260), <E> = -1.975415 

T=0.190000	 Thermalizing iterations... 
Done.
Thermalized Magnetisation = (0.552356,-0.668449), Energy = -1.980594 
Averaging iterations... h=0.062500,0.000000
Done.
Final: Magnetisation = (0.560096,-0.648115), Energy = -1.982175 
<M> = (0.556059,-0.660858), <E> = -1.980701 

T=0.180000	 Thermalizing iterations... 
Done.
Thermalized Magnetisation = (0.562578,-0.658925), Energy = -1.989261 
Averaging iterations... h=0.062500,0.000000
Done.
Final: Magnetisation = (0.553332,-0.660952), Energy = -1.986214 
<M> = (0.558788,-0.661008), <E> = -1.986054 

T=0.170000	 Thermalizing iterations... 
Done.
Thermalized Magnetisation = (0.555777,-0.663886), Energy = -1.988406 
Averaging iterations... h=0.062500,0.000000
Done.
Final: Magnetisation = (0.553103,-0.665108), Energy = -1.991645 
<M> = (0.560126,-0.663480), <E> = -1.991190 

T=0.160000	 Thermalizing iterations... 
Done.
Thermalized Magnetisation = (0.559931,-0.662361), Energy = -1.996655 
Averaging iterations... h=0.062500,0.000000
Done.
Final: Magnetisation = (0.550813,-0.678461), Energy = -1.997744 
<M> = (0.563018,-0.663317), <E> = -1.996293 

T=0.150000	 Thermalizing iterations... 
Done.
Thermalized Magnetisation = (0.570407,-0.664960), Energy = -2.001013 
Averaging iterations... h=0.062500,0.000000
Done.
Final: Magnetisation = (0.577021,-0.652437), Energy = -2.000740 
<M> = (0.565323,-0.665244), <E> = -2.001512 

T=0.140000	 Thermalizing iterations... 
Done.
Thermalized Magnetisation = (0.573694,-0.660585), Energy = -2.009374 
Averaging iterations... h=0.062500,0.000000
Done.
Final: Magnetisation = (0.552456,-0.684373), Energy = -2.007557 
<M> = (0.561583,-0.671696), <E> = -2.006829 

T=0.130000	 Thermalizing iterations... 
Done.
Thermalized Magnetisation = (0.559499,-0.684495), Energy = -2.013380 
Averaging iterations... h=0.062500,0.000000
Done.
Final: Magnetisation = (0.548123,-0.671610), Energy = -2.013090 
<M> = (0.563472,-0.673040), <E> = -2.012027 

T=0.120000	 Thermalizing iterations... 
Done.
Thermalized Magnetisation = (0.562032,-0.677505), Energy = -2.016512 
Averaging iterations... h=0.062500,0.000000
Done.
Final: Magnetisation = (0.565249,-0.678073), Energy = -2.017506 
<M> = (0.559222,-0.679539), <E> = -2.017171 

T=0.110000	 Thermalizing iterations... 
Done.
Thermalized Magnetisation = (0.570580,-0.679118), Energy = -2.022966 
Averaging iterations... h=0.062500,0.000000
Done.
Final: Magnetisation = (0.562975,-0.677067), Energy = -2.021622 
<M> = (0.562625,-0.682685), <E> = -2.022428 

T=0.100000	 Thermalizing iterations... 
Done.
Thermalized Magnetisation = (0.564825,-0.680753), Energy = -2.028936 
Averaging iterations... h=0.062500,0.000000
Done.
Final: Magnetisation = (0.567590,-0.683290), Energy = -2.028082 
<M> = (0.562857,-0.684709), <E> = -2.027485 

T=0.090000	 Thermalizing iterations... 
Done.
Thermalized Magnetisation = (0.562011,-0.684197), Energy = -2.031893 
Averaging iterations... h=0.062500,0.000000
Done.
Final: Magnetisation = (0.548446,-0.696570), Energy = -2.032627 
<M> = (0.562053,-0.686824), <E> = -2.032553 

T=0.080000	 Thermalizing iterations... 
Done.
Thermalized Magnetisation = (0.574745,-0.686499), Energy = -2.037623 
Averaging iterations... h=0.062500,0.000000
Done.
Final: Magnetisation = (0.567138,-0.680646), Energy = -2.039110 
<M> = (0.566340,-0.688758), <E> = -2.037691 

T=0.070000	 Thermalizing iterations... 
Done.
Thermalized Magnetisation = (0.561018,-0.694088), Energy = -2.043448 
Averaging iterations... h=0.062500,0.000000
Done.
Final: Magnetisation = (0.564338,-0.687814), Energy = -2.042606 
<M> = (0.563800,-0.692084), <E> = -2.042802 

T=0.060000	 Thermalizing iterations... 
Done.
Thermalized Magnetisation = (0.562643,-0.693852), Energy = -2.047598 
Averaging iterations... h=0.062500,0.000000
Done.
Final: Magnetisation = (0.561764,-0.698332), Energy = -2.047836 
<M> = (0.563983,-0.696108), <E> = -2.047931 

T=0.050000	 Thermalizing iterations... 
Done.
Thermalized Magnetisation = (0.569133,-0.692676), Energy = -2.053574 
Averaging iterations... h=0.062500,0.000000
Done.
Final: Magnetisation = (0.570084,-0.694785), Energy = -2.053428 
<M> = (0.567227,-0.698014), <E> = -2.052984 

T=0.040000	 Thermalizing iterations... 
Done.
Thermalized Magnetisation = (0.566282,-0.699134), Energy = -2.057729 
Averaging iterations... h=0.062500,0.000000
Done.
Final: Magnetisation = (0.559554,-0.702341), Energy = -2.057869 
<M> = (0.563975,-0.703417), <E> = -2.058029 

T=0.030000	 Thermalizing iterations... 
Done.
Thermalized Magnetisation = (0.571617,-0.697857), Energy = -2.063065 
Averaging iterations... h=0.062500,0.000000
Done.
Final: Magnetisation = (0.562538,-0.707065), Energy = -2.062823 
<M> = (0.565884,-0.704355), <E> = -2.063083 

T=0.020000	 Thermalizing iterations... 
Done.
Thermalized Magnetisation = (0.564912,-0.708319), Energy = -2.068017 
Averaging iterations... h=0.062500,0.000000
Done.
Final: Magnetisation = (0.568790,-0.703397), Energy = -2.068362 
<M> = (0.565433,-0.707990), <E> = -2.068121 

T=0.010000	 Thermalizing iterations... 
Done.
Thermalized Magnetisation = (0.566405,-0.709778), Energy = -2.073083 
Averaging iterations... h=0.062500,0.000000
Done.
Final: Magnetisation = (0.567514,-0.708815), Energy = -2.073141 
<M> = (0.568148,-0.708811), <E> = -2.073125 
Final Magnetisation = (0.567514,-0.708815), Energy = -2.073141 
------------------------

Updating all (first)black/(then)white checkerboard sites simultaneously.. 

ztne RFXY h rotating with |h|=0.062500 at T=0.000000..
loop 1

loop 2

CPU  Start Time = 3835763.499307 

CPU  End Time = 3844490.899345 

CPU Time elapsed total = 8727.400037 

real	145m27.466s
user	2510m37.387s
sys	1m17.901s
