nearest neighbor initialized. 
J loaded. 
h loaded. 
L = 32, dim_L = 2, dim_S = 2
hysteresis_MCS_multiplier = 10, hysteresis_MCS_max = 100
RAND_MAX = 2147483647.000000,
 sizeof(int) = 4,
 sizeof(long) = 8,
 sizeof(double) = 8,
 sizeof(long int) = 8,
 sizeof(short int) = 2,
 sizeof(unsigned int) = 4,
 sizeof(RAND_MAX) = 4

OpenMP Active.

No. of THREADS = 24
No. of PROCESSORS = 24

0.139983,0.077294
order = ({1.000000-->-1.000000,0.000000}, 0, 1)
Initial Magnetisation = (0.139983,0.077294), Energy = -0.054681 
Cooling... 
T=2.000000	 Thermalizing iterations... 
Done.
Thermalized Magnetisation = (0.029950,-0.207104), Energy = -0.542727 
Averaging iterations... h=0.071429,0.000000
Done.
Final: Magnetisation = (-0.044786,0.023262), Energy = -0.847451 
<M> = (0.049319,0.002400), <E> = -0.749890 

T=1.950000	 Thermalizing iterations... 
Done.
Thermalized Magnetisation = (0.210706,-0.140493), Energy = -0.806236 
Averaging iterations... h=0.071429,0.000000
Done.
Final: Magnetisation = (0.306364,-0.270454), Energy = -0.906961 
<M> = (0.049682,-0.000056), <E> = -0.771855 

T=1.900000	 Thermalizing iterations... 
Done.
Thermalized Magnetisation = (0.073940,0.041610), Energy = -1.009628 
Averaging iterations... h=0.071429,0.000000
Done.
Final: Magnetisation = (-0.161619,-0.142412), Energy = -0.860457 
<M> = (0.054031,0.006774), <E> = -0.788486 

T=1.850000	 Thermalizing iterations... 
Done.
Thermalized Magnetisation = (-0.155594,0.046253), Energy = -0.732627 
Averaging iterations... h=0.071429,0.000000
Done.
Final: Magnetisation = (0.021951,0.039082), Energy = -0.737016 
<M> = (0.057701,0.002314), <E> = -0.815547 

T=1.800000	 Thermalizing iterations... 
Done.
Thermalized Magnetisation = (0.122903,0.029126), Energy = -0.816322 
Averaging iterations... h=0.071429,0.000000
Done.
Final: Magnetisation = (0.373250,-0.073849), Energy = -0.817830 
<M> = (0.062989,0.005832), <E> = -0.831400 

T=1.750000	 Thermalizing iterations... 
Done.
Thermalized Magnetisation = (0.121530,0.044888), Energy = -0.764625 
Averaging iterations... h=0.071429,0.000000
Done.
Final: Magnetisation = (0.036783,0.205050), Energy = -0.960463 
<M> = (0.065788,0.004557), <E> = -0.854130 

T=1.700000	 Thermalizing iterations... 
Done.
Thermalized Magnetisation = (-0.067905,-0.184158), Energy = -0.808864 
Averaging iterations... h=0.071429,0.000000
Done.
Final: Magnetisation = (0.190874,0.173818), Energy = -1.017445 
<M> = (0.071276,0.002721), <E> = -0.879772 

T=1.650000	 Thermalizing iterations... 
Done.
Thermalized Magnetisation = (0.241118,-0.050530), Energy = -0.940565 
Averaging iterations... h=0.071429,0.000000
Done.
Final: Magnetisation = (0.190065,-0.162835), Energy = -1.054820 
<M> = (0.073255,0.001196), <E> = -0.896260 

T=1.600000	 Thermalizing iterations... 
Done.
Thermalized Magnetisation = (-0.020779,-0.174093), Energy = -1.015053 
Averaging iterations... h=0.071429,0.000000
Done.
Final: Magnetisation = (0.148213,0.151915), Energy = -0.926801 
<M> = (0.083224,-0.003000), <E> = -0.929952 

T=1.550000	 Thermalizing iterations... 
Done.
Thermalized Magnetisation = (0.008237,-0.245424), Energy = -1.200678 
Averaging iterations... h=0.071429,0.000000
Done.
Final: Magnetisation = (0.500462,0.163419), Energy = -1.141169 
<M> = (0.089556,0.000573), <E> = -0.953904 

T=1.500000	 Thermalizing iterations... 
Done.
Thermalized Magnetisation = (0.114483,-0.170296), Energy = -0.895129 
Averaging iterations... h=0.071429,0.000000
Done.
Final: Magnetisation = (-0.006280,0.034306), Energy = -1.068686 
<M> = (0.106135,0.007272), <E> = -0.984846 

T=1.450000	 Thermalizing iterations... 
Done.
Thermalized Magnetisation = (-0.000924,0.047869), Energy = -0.925101 
Averaging iterations... h=0.071429,0.000000
Done.
Final: Magnetisation = (0.098785,0.034485), Energy = -1.142969 
<M> = (0.108119,0.001783), <E> = -1.015425 

T=1.400000	 Thermalizing iterations... 
Done.
Thermalized Magnetisation = (0.041684,-0.062702), Energy = -1.201080 
Averaging iterations... h=0.071429,0.000000
Done.
Final: Magnetisation = (0.002111,0.138913), Energy = -0.956496 
<M> = (0.124149,0.015776), <E> = -1.051066 

T=1.350000	 Thermalizing iterations... 
Done.
Thermalized Magnetisation = (0.147252,-0.194707), Energy = -1.100237 
Averaging iterations... h=0.071429,0.000000
Done.
Final: Magnetisation = (0.213931,-0.227978), Energy = -1.038315 
<M> = (0.139023,-0.005152), <E> = -1.085635 

T=1.300000	 Thermalizing iterations... 
Done.
Thermalized Magnetisation = (-0.186010,0.357755), Energy = -1.203952 
Averaging iterations... h=0.071429,0.000000
Done.
Final: Magnetisation = (0.345362,-0.159638), Energy = -1.085024 
<M> = (0.148362,0.005826), <E> = -1.120853 

T=1.250000	 Thermalizing iterations... 
Done.
Thermalized Magnetisation = (0.020335,0.346872), Energy = -1.094614 
Averaging iterations... h=0.071429,0.000000
Done.
Final: Magnetisation = (0.090625,0.024912), Energy = -1.037448 
<M> = (0.174071,-0.002306), <E> = -1.162890 

T=1.200000	 Thermalizing iterations... 
Done.
Thermalized Magnetisation = (-0.151724,0.067581), Energy = -1.041474 
Averaging iterations... h=0.071429,0.000000
Done.
Final: Magnetisation = (0.338602,-0.178909), Energy = -1.244906 
<M> = (0.194630,-0.001293), <E> = -1.202342 

T=1.150000	 Thermalizing iterations... 
Done.
Thermalized Magnetisation = (0.276265,-0.362294), Energy = -1.283597 
Averaging iterations... h=0.071429,0.000000
Done.
Final: Magnetisation = (0.493368,0.067599), Energy = -1.231550 
<M> = (0.231418,-0.000452), <E> = -1.248071 

T=1.100000	 Thermalizing iterations... 
Done.
Thermalized Magnetisation = (0.053778,0.164671), Energy = -1.336070 
Averaging iterations... h=0.071429,0.000000
Done.
Final: Magnetisation = (0.216293,-0.143236), Energy = -1.319120 
<M> = (0.259907,0.010843), <E> = -1.296385 

T=1.050000	 Thermalizing iterations... 
Done.
Thermalized Magnetisation = (0.487326,-0.209643), Energy = -1.371647 
Averaging iterations... h=0.071429,0.000000
Done.
Final: Magnetisation = (0.280055,-0.209519), Energy = -1.365496 
<M> = (0.300858,0.014628), <E> = -1.344951 

T=1.000000	 Thermalizing iterations... 
Done.
Thermalized Magnetisation = (-0.032337,0.134296), Energy = -1.369151 
Averaging iterations... h=0.071429,0.000000
Done.
Final: Magnetisation = (0.497437,0.473820), Energy = -1.552488 
<M> = (0.318222,-0.000724), <E> = -1.389941 

T=0.950000	 Thermalizing iterations... 
Done.
Thermalized Magnetisation = (0.365519,0.402691), Energy = -1.511677 
Averaging iterations... h=0.071429,0.000000
Done.
Final: Magnetisation = (0.220518,-0.142219), Energy = -1.459902 
<M> = (0.348683,0.006079), <E> = -1.438956 

T=0.900000	 Thermalizing iterations... 
Done.
Thermalized Magnetisation = (0.454405,-0.319656), Energy = -1.511088 
Averaging iterations... h=0.071429,0.000000
Done.
Final: Magnetisation = (0.414313,-0.032045), Energy = -1.468168 
<M> = (0.393963,0.008864), <E> = -1.488037 

T=0.850000	 Thermalizing iterations... 
Done.
Thermalized Magnetisation = (0.157636,0.460786), Energy = -1.417180 
Averaging iterations... h=0.071429,0.000000
Done.
Final: Magnetisation = (0.604164,-0.293630), Energy = -1.632733 
<M> = (0.447594,0.003296), <E> = -1.537587 

T=0.800000	 Thermalizing iterations... 
Done.
Thermalized Magnetisation = (0.498160,0.346733), Energy = -1.642673 
Averaging iterations... h=0.071429,0.000000
Done.
Final: Magnetisation = (0.498864,0.067258), Energy = -1.524954 
<M> = (0.479026,0.027378), <E> = -1.587189 

T=0.750000	 Thermalizing iterations... 
Done.
Thermalized Magnetisation = (0.599696,-0.169673), Energy = -1.605964 
Averaging iterations... h=0.071429,0.000000
Done.
Final: Magnetisation = (0.572066,0.274102), Energy = -1.625010 
<M> = (0.516000,0.040635), <E> = -1.624490 

T=0.700000	 Thermalizing iterations... 
Done.
Thermalized Magnetisation = (0.573842,-0.266699), Energy = -1.730284 
Averaging iterations... h=0.071429,0.000000
Done.
Final: Magnetisation = (0.275609,-0.664973), Energy = -1.723914 
<M> = (0.528558,0.087181), <E> = -1.663673 

T=0.650000	 Thermalizing iterations... 
Done.
Thermalized Magnetisation = (0.636883,0.131386), Energy = -1.650789 
Averaging iterations... h=0.071429,0.000000
Done.
Final: Magnetisation = (0.675976,-0.153664), Energy = -1.692743 
<M> = (0.582638,-0.064345), <E> = -1.700629 

T=0.600000	 Thermalizing iterations... 
Done.
Thermalized Magnetisation = (0.757372,-0.060101), Energy = -1.770736 
Averaging iterations... h=0.071429,0.000000
Done.
Final: Magnetisation = (0.518525,-0.137661), Energy = -1.725845 
<M> = (0.601129,-0.244004), <E> = -1.738156 

T=0.550000	 Thermalizing iterations... 
Done.
Thermalized Magnetisation = (0.714340,0.378874), Energy = -1.827113 
Averaging iterations... h=0.071429,0.000000
Done.
Final: Magnetisation = (0.663396,0.345207), Energy = -1.731562 
<M> = (0.602670,-0.213589), <E> = -1.770526 

T=0.500000	 Thermalizing iterations... 
Done.
Thermalized Magnetisation = (0.627457,0.352086), Energy = -1.745283 
Averaging iterations... h=0.071429,0.000000
Done.
Final: Magnetisation = (0.529467,0.569060), Energy = -1.780935 
<M> = (0.631927,0.240720), <E> = -1.797797 

T=0.450000	 Thermalizing iterations... 
Done.
Thermalized Magnetisation = (0.706756,0.270890), Energy = -1.817593 
Averaging iterations... h=0.071429,0.000000
Done.
Final: Magnetisation = (0.674744,0.361090), Energy = -1.854136 
<M> = (0.621279,0.211994), <E> = -1.830672 

T=0.400000	 Thermalizing iterations... 
Done.
Thermalized Magnetisation = (0.741265,0.383660), Energy = -1.858265 
Averaging iterations... h=0.071429,0.000000
Done.
Final: Magnetisation = (0.632772,0.553356), Energy = -1.849783 
<M> = (0.636014,0.400044), <E> = -1.859097 

T=0.350000	 Thermalizing iterations... 
Done.
Thermalized Magnetisation = (0.706565,0.486156), Energy = -1.863820 
Averaging iterations... h=0.071429,0.000000
Done.
Final: Magnetisation = (0.435404,0.706387), Energy = -1.886826 
<M> = (0.614869,0.517833), <E> = -1.889188 

T=0.300000	 Thermalizing iterations... 
Done.
Thermalized Magnetisation = (0.572683,0.546188), Energy = -1.929761 
Averaging iterations... h=0.071429,0.000000
Done.
Final: Magnetisation = (0.550954,0.700440), Energy = -1.918403 
<M> = (0.602219,0.524965), <E> = -1.916245 

T=0.250000	 Thermalizing iterations... 
Done.
Thermalized Magnetisation = (0.618846,0.587445), Energy = -1.954048 
Averaging iterations... h=0.071429,0.000000
Done.
Final: Magnetisation = (0.598372,0.592622), Energy = -1.943220 
<M> = (0.598355,0.598376), <E> = -1.943114 

T=0.200000	 Thermalizing iterations... 
Done.
Thermalized Magnetisation = (0.654255,0.585621), Energy = -1.966089 
Averaging iterations... h=0.071429,0.000000
Done.
Final: Magnetisation = (0.682434,0.537711), Energy = -1.968577 
<M> = (0.593674,0.619211), <E> = -1.970349 

T=0.150000	 Thermalizing iterations... 
Done.
Thermalized Magnetisation = (0.523082,0.727711), Energy = -2.000890 
Averaging iterations... h=0.071429,0.000000
Done.
Final: Magnetisation = (0.577730,0.633658), Energy = -1.991059 
<M> = (0.601933,0.645068), <E> = -1.996708 

T=0.100000	 Thermalizing iterations... 
Done.
Thermalized Magnetisation = (0.487994,0.742041), Energy = -2.023304 
Averaging iterations... h=0.071429,0.000000
Done.
Final: Magnetisation = (0.624455,0.641610), Energy = -2.031313 
<M> = (0.594042,0.674262), <E> = -2.022960 

T=0.050000	 Thermalizing iterations... 
Done.
Thermalized Magnetisation = (0.581824,0.709819), Energy = -2.047527 
Averaging iterations... h=0.071429,0.000000
Done.
Final: Magnetisation = (0.602561,0.673601), Energy = -2.049616 
<M> = (0.584809,0.699809), <E> = -2.048167 
Final Magnetisation = (0.602561,0.673601), Energy = -2.049616 
------------------------

Updating all (first)black/(then)white checkerboard sites simultaneously.. 

ztne RFXY h rotating with |h|=0.071429 at T=0.000000..
loop 1

loop 2

Cooling protocol time (from T=2.000000 to T=0.000000) = 197.228288 

CPU Time elapsed total = 197.236040 
All done - 197 seconds elapsed.
