+ cd /home/sbasak/Exercises/OpenMP/XY_code/Z2/rotating_field/trial/config/config_36
+ export OMP_NUM_THREADS=28
+ OMP_NUM_THREADS=28
+ ./a_0.out
nearest neighbor initialized. 
h loaded. 
J loaded. 
L = 128, dim_L = 2, dim_S = 2
hysteresis_MCS_multiplier = 10, hysteresis_MCS_max = 100
RAND_MAX = 2147483647.000000,
 sizeof(int) = 4,
 sizeof(long) = 8,
 sizeof(double) = 8,
 sizeof(long int) = 8,
 sizeof(short int) = 2,
 sizeof(unsigned int) = 4,
 sizeof(RAND_MAX) = 4
No. of THREADS = 28
No. of PROCESSORS = 28

0.059626,0.021360
order = ({1.000000-->-1.000000,0.000000}, 0, 1)
Initial Magnetisation = (0.059626,0.021360), Energy = 0.023631 
Cooling... 
T=2.000000	 Thermalizing iterations... 
Done.
Thermalized Magnetisation = (-0.003128,-0.023943), Energy = -0.562818 
Averaging iterations... h=0.000000,0.000000
Done.
Final: Magnetisation = (-0.017742,-0.034780), Energy = -0.584080 
<M> = (-0.005385,-0.000145), <E> = -0.607118 

T=1.990000	 Thermalizing iterations... 
Done.
Thermalized Magnetisation = (-0.034399,0.032005), Energy = -0.624869 
Averaging iterations... h=0.000000,0.000000
Done.
Final: Magnetisation = (-0.026582,0.005289), Energy = -0.629617 
<M> = (-0.003565,-0.001577), <E> = -0.611252 

T=1.980000	 Thermalizing iterations... 
Done.
Thermalized Magnetisation = (-0.018847,0.018292), Energy = -0.632632 
Averaging iterations... h=0.000000,0.000000
Done.
Final: Magnetisation = (0.026428,-0.007456), Energy = -0.612199 
<M> = (-0.004785,-0.000923), <E> = -0.615682 

T=1.970000	 Thermalizing iterations... 
Done.
Thermalized Magnetisation = (-0.013983,0.013912), Energy = -0.633616 
Averaging iterations... h=0.000000,0.000000
Done.
Final: Magnetisation = (-0.025858,-0.058868), Energy = -0.625699 
<M> = (-0.004757,-0.001907), <E> = -0.619284 

T=1.960000	 Thermalizing iterations... 
Done.
Thermalized Magnetisation = (-0.009184,-0.026582), Energy = -0.653177 
Averaging iterations... h=0.000000,0.000000
Done.
Final: Magnetisation = (-0.007029,-0.000846), Energy = -0.622110 
<M> = (-0.004105,-0.000658), <E> = -0.622604 

T=1.950000	 Thermalizing iterations... 
Done.
Thermalized Magnetisation = (-0.026200,-0.000663), Energy = -0.629884 
Averaging iterations... h=0.000000,0.000000
Done.
Final: Magnetisation = (0.046470,-0.005856), Energy = -0.644861 
<M> = (-0.003203,-0.000060), <E> = -0.625698 

T=1.940000	 Thermalizing iterations... 
Done.
Thermalized Magnetisation = (0.030880,-0.024691), Energy = -0.623316 
Averaging iterations... h=0.000000,0.000000
Done.
Final: Magnetisation = (0.036240,0.020173), Energy = -0.621992 
<M> = (-0.005081,0.000226), <E> = -0.629268 

T=1.930000	 Thermalizing iterations... 
Done.
Thermalized Magnetisation = (0.001269,0.010460), Energy = -0.638489 
Averaging iterations... h=0.000000,0.000000
Done.
Final: Magnetisation = (-0.080064,0.021855), Energy = -0.643518 
<M> = (-0.006292,0.000404), <E> = -0.632537 

T=1.920000	 Thermalizing iterations... 
Done.
Thermalized Magnetisation = (-0.032717,0.049573), Energy = -0.666342 
Averaging iterations... h=0.000000,0.000000
Done.
Final: Magnetisation = (-0.020150,-0.012175), Energy = -0.639053 
<M> = (-0.004934,-0.002023), <E> = -0.636735 

T=1.910000	 Thermalizing iterations... 
Done.
Thermalized Magnetisation = (-0.052177,0.018625), Energy = -0.642366 
Averaging iterations... h=0.000000,0.000000
Done.
Final: Magnetisation = (-0.046966,-0.024137), Energy = -0.684160 
<M> = (-0.004621,-0.001184), <E> = -0.641133 

T=1.900000	 Thermalizing iterations... 
Done.
Thermalized Magnetisation = (0.081300,0.101340), Energy = -0.626620 
Averaging iterations... h=0.000000,0.000000
Done.
Final: Magnetisation = (-0.065901,-0.006968), Energy = -0.633233 
<M> = (-0.005158,-0.003222), <E> = -0.645268 

T=1.890000	 Thermalizing iterations... 
Done.
Thermalized Magnetisation = (-0.050652,0.017731), Energy = -0.659713 
Averaging iterations... h=0.000000,0.000000
Done.
Final: Magnetisation = (-0.034405,0.020291), Energy = -0.641983 
<M> = (-0.005370,-0.002331), <E> = -0.649408 

T=1.880000	 Thermalizing iterations... 
Done.
Thermalized Magnetisation = (0.004111,-0.047994), Energy = -0.648324 
Averaging iterations... h=0.000000,0.000000
Done.
Final: Magnetisation = (-0.056580,0.014981), Energy = -0.682865 
<M> = (-0.003868,-0.001248), <E> = -0.653037 

T=1.870000	 Thermalizing iterations... 
Done.
Thermalized Magnetisation = (-0.032669,0.020171), Energy = -0.660145 
Averaging iterations... h=0.000000,0.000000
Done.
Final: Magnetisation = (0.011564,0.005713), Energy = -0.643935 
<M> = (-0.004658,0.002108), <E> = -0.656388 

T=1.860000	 Thermalizing iterations... 
Done.
Thermalized Magnetisation = (-0.050135,0.029811), Energy = -0.606186 
Averaging iterations... h=0.000000,0.000000
Done.
Final: Magnetisation = (0.019195,-0.037834), Energy = -0.641606 
<M> = (-0.006121,0.000037), <E> = -0.660832 

T=1.850000	 Thermalizing iterations... 
Done.
Thermalized Magnetisation = (-0.005648,0.092879), Energy = -0.668514 
Averaging iterations... h=0.000000,0.000000
Done.
Final: Magnetisation = (0.033869,-0.026519), Energy = -0.695391 
<M> = (-0.006521,-0.000160), <E> = -0.664730 

T=1.840000	 Thermalizing iterations... 
Done.
Thermalized Magnetisation = (-0.017930,0.031627), Energy = -0.672600 
Averaging iterations... h=0.000000,0.000000
Done.
Final: Magnetisation = (0.018927,-0.015586), Energy = -0.686159 
<M> = (-0.004672,-0.001319), <E> = -0.669334 

T=1.830000	 Thermalizing iterations... 
Done.
Thermalized Magnetisation = (0.058586,0.000181), Energy = -0.662596 
Averaging iterations... h=0.000000,0.000000
Done.
Final: Magnetisation = (-0.018851,0.032967), Energy = -0.669962 
<M> = (-0.007032,-0.003050), <E> = -0.674205 

T=1.820000	 Thermalizing iterations... 
Done.
Thermalized Magnetisation = (-0.002670,0.039978), Energy = -0.678664 
Averaging iterations... h=0.000000,0.000000
Done.
Final: Magnetisation = (0.010471,-0.030127), Energy = -0.670079 
<M> = (-0.006132,-0.002411), <E> = -0.678832 

T=1.810000	 Thermalizing iterations... 
Done.
Thermalized Magnetisation = (-0.003121,0.037052), Energy = -0.680681 
Averaging iterations... h=0.000000,0.000000
Done.
Final: Magnetisation = (-0.017491,0.030136), Energy = -0.646146 
<M> = (-0.004305,-0.002020), <E> = -0.682876 

T=1.800000	 Thermalizing iterations... 
Done.
Thermalized Magnetisation = (-0.050079,-0.000088), Energy = -0.663087 
Averaging iterations... h=0.000000,0.000000
Done.
Final: Magnetisation = (-0.007699,0.028166), Energy = -0.726961 
<M> = (-0.004940,-0.000063), <E> = -0.686737 

T=1.790000	 Thermalizing iterations... 
Done.
Thermalized Magnetisation = (0.014661,-0.051254), Energy = -0.699331 
Averaging iterations... h=0.000000,0.000000
Done.
Final: Magnetisation = (-0.034844,-0.050975), Energy = -0.682054 
<M> = (-0.006660,-0.000254), <E> = -0.691024 

T=1.780000	 Thermalizing iterations... 
Done.
Thermalized Magnetisation = (-0.010463,-0.009404), Energy = -0.700704 
Averaging iterations... h=0.000000,0.000000
Done.
Final: Magnetisation = (0.013041,0.004477), Energy = -0.683683 
<M> = (-0.007012,0.000808), <E> = -0.695219 

T=1.770000	 Thermalizing iterations... 
Done.
Thermalized Magnetisation = (0.004078,0.030736), Energy = -0.706261 
Averaging iterations... h=0.000000,0.000000
Done.
Final: Magnetisation = (0.000734,0.076133), Energy = -0.700637 
<M> = (-0.006569,-0.002843), <E> = -0.700374 

T=1.760000	 Thermalizing iterations... 
Done.
Thermalized Magnetisation = (0.001003,0.003993), Energy = -0.753775 
Averaging iterations... h=0.000000,0.000000
Done.
Final: Magnetisation = (0.049525,-0.028784), Energy = -0.725024 
<M> = (-0.006268,-0.000686), <E> = -0.705551 

T=1.750000	 Thermalizing iterations... 
Done.
Thermalized Magnetisation = (-0.054263,0.021047), Energy = -0.702055 
Averaging iterations... h=0.000000,0.000000
Done.
Final: Magnetisation = (0.058320,-0.008709), Energy = -0.675796 
<M> = (-0.008080,-0.003638), <E> = -0.710800 

T=1.740000	 Thermalizing iterations... 
Done.
Thermalized Magnetisation = (0.021392,0.023631), Energy = -0.698568 
Averaging iterations... h=0.000000,0.000000
Done.
Final: Magnetisation = (0.011213,-0.016942), Energy = -0.735405 
<M> = (-0.007095,-0.002359), <E> = -0.715520 

T=1.730000	 Thermalizing iterations... 
Done.
Thermalized Magnetisation = (0.029682,-0.033085), Energy = -0.733882 
Averaging iterations... h=0.000000,0.000000
Done.
Final: Magnetisation = (-0.080686,-0.062844), Energy = -0.728960 
<M> = (-0.004785,-0.000606), <E> = -0.719807 

T=1.720000	 Thermalizing iterations... 
Done.
Thermalized Magnetisation = (-0.010802,-0.048572), Energy = -0.720205 
Averaging iterations... h=0.000000,0.000000
Done.
Final: Magnetisation = (-0.010755,0.026044), Energy = -0.741400 
<M> = (-0.007795,0.001419), <E> = -0.724255 

T=1.710000	 Thermalizing iterations... 
Done.
Thermalized Magnetisation = (0.006653,-0.068703), Energy = -0.754248 
Averaging iterations... h=0.000000,0.000000
Done.
Final: Magnetisation = (0.008572,-0.034580), Energy = -0.738346 
<M> = (-0.007530,0.000053), <E> = -0.728934 

T=1.700000	 Thermalizing iterations... 
Done.
Thermalized Magnetisation = (0.021971,0.005426), Energy = -0.735020 
Averaging iterations... h=0.000000,0.000000
Done.
Final: Magnetisation = (0.009079,0.025446), Energy = -0.744734 
<M> = (-0.007372,-0.000728), <E> = -0.734486 

T=1.690000	 Thermalizing iterations... 
Done.
Thermalized Magnetisation = (-0.084042,0.002112), Energy = -0.758397 
Averaging iterations... h=0.000000,0.000000
Done.
Final: Magnetisation = (-0.000826,-0.048488), Energy = -0.722471 
<M> = (-0.007449,-0.000797), <E> = -0.739706 

T=1.680000	 Thermalizing iterations... 
Done.
Thermalized Magnetisation = (-0.032896,-0.029342), Energy = -0.748517 
Averaging iterations... h=0.000000,0.000000
Done.
Final: Magnetisation = (-0.023113,-0.107851), Energy = -0.758060 
<M> = (-0.008318,-0.002942), <E> = -0.745857 

T=1.670000	 Thermalizing iterations... 
Done.
Thermalized Magnetisation = (-0.059566,0.025753), Energy = -0.743536 
Averaging iterations... h=0.000000,0.000000
Done.
Final: Magnetisation = (-0.006558,-0.080584), Energy = -0.762334 
<M> = (-0.007380,-0.001378), <E> = -0.751397 

T=1.660000	 Thermalizing iterations... 
Done.
Thermalized Magnetisation = (-0.055465,-0.017441), Energy = -0.768979 
Averaging iterations... h=0.000000,0.000000
Done.
Final: Magnetisation = (-0.000625,-0.027057), Energy = -0.764810 
<M> = (-0.007323,-0.001865), <E> = -0.756440 

T=1.650000	 Thermalizing iterations... 
Done.
Thermalized Magnetisation = (-0.011457,-0.027771), Energy = -0.753094 
Averaging iterations... h=0.000000,0.000000
Done.
Final: Magnetisation = (-0.053447,0.055717), Energy = -0.753242 
<M> = (-0.007252,0.001166), <E> = -0.761259 

T=1.640000	 Thermalizing iterations... 
Done.
Thermalized Magnetisation = (0.026148,0.065742), Energy = -0.785222 
Averaging iterations... h=0.000000,0.000000
Done.
Final: Magnetisation = (0.037621,-0.051719), Energy = -0.764206 
<M> = (-0.008553,0.001161), <E> = -0.766608 

T=1.630000	 Thermalizing iterations... 
Done.
Thermalized Magnetisation = (-0.007730,-0.011417), Energy = -0.779769 
Averaging iterations... h=0.000000,0.000000
Done.
Final: Magnetisation = (0.022823,0.000015), Energy = -0.716948 
<M> = (-0.008666,0.000626), <E> = -0.771583 

T=1.620000	 Thermalizing iterations... 
Done.
Thermalized Magnetisation = (-0.009436,-0.088221), Energy = -0.779097 
Averaging iterations... h=0.000000,0.000000
Done.
Final: Magnetisation = (0.058287,-0.032966), Energy = -0.777385 
<M> = (-0.007991,-0.001324), <E> = -0.778178 

T=1.610000	 Thermalizing iterations... 
Done.
Thermalized Magnetisation = (0.025789,0.052451), Energy = -0.794349 
Averaging iterations... h=0.000000,0.000000
Done.
Final: Magnetisation = (-0.022953,0.110782), Energy = -0.806821 
<M> = (-0.009702,-0.002796), <E> = -0.784481 

T=1.600000	 Thermalizing iterations... 
Done.
Thermalized Magnetisation = (-0.008641,-0.021930), Energy = -0.828534 
Averaging iterations... h=0.000000,0.000000
Done.
Final: Magnetisation = (-0.045096,0.003648), Energy = -0.760572 
<M> = (-0.009977,-0.004661), <E> = -0.791158 

T=1.590000	 Thermalizing iterations... 
Done.
Thermalized Magnetisation = (-0.047573,0.005857), Energy = -0.760885 
Averaging iterations... h=0.000000,0.000000
Done.
Final: Magnetisation = (-0.110949,0.009478), Energy = -0.780474 
<M> = (-0.009979,-0.003084), <E> = -0.796823 

T=1.580000	 Thermalizing iterations... 
Done.
Thermalized Magnetisation = (-0.017375,0.019005), Energy = -0.781909 
Averaging iterations... h=0.000000,0.000000
Done.
Final: Magnetisation = (-0.007478,-0.059991), Energy = -0.863605 
<M> = (-0.007082,0.000423), <E> = -0.802320 

T=1.570000	 Thermalizing iterations... 
Done.
Thermalized Magnetisation = (0.003021,0.044701), Energy = -0.833848 
Averaging iterations... h=0.000000,0.000000
Done.
Final: Magnetisation = (-0.009302,0.023174), Energy = -0.809636 
<M> = (-0.009734,-0.000358), <E> = -0.808351 

T=1.560000	 Thermalizing iterations... 
Done.
Thermalized Magnetisation = (0.053978,-0.059397), Energy = -0.840290 
Averaging iterations... h=0.000000,0.000000
Done.
Final: Magnetisation = (-0.045601,-0.008655), Energy = -0.799077 
<M> = (-0.010347,0.001557), <E> = -0.813818 

T=1.550000	 Thermalizing iterations... 
Done.
Thermalized Magnetisation = (-0.077023,-0.013907), Energy = -0.788886 
Averaging iterations... h=0.000000,0.000000
Done.
Final: Magnetisation = (-0.031478,0.035124), Energy = -0.801445 
<M> = (-0.009671,-0.000491), <E> = -0.820957 

T=1.540000	 Thermalizing iterations... 
Done.
Thermalized Magnetisation = (-0.047682,0.085524), Energy = -0.831370 
Averaging iterations... h=0.000000,0.000000
Done.
Final: Magnetisation = (0.000948,-0.088562), Energy = -0.841253 
<M> = (-0.010464,-0.000808), <E> = -0.827635 

T=1.530000	 Thermalizing iterations... 
Done.
Thermalized Magnetisation = (0.031092,-0.005049), Energy = -0.870990 
Averaging iterations... h=0.000000,0.000000
Done.
Final: Magnetisation = (-0.004509,0.028857), Energy = -0.829512 
<M> = (-0.012145,-0.003846), <E> = -0.834810 

T=1.520000	 Thermalizing iterations... 
Done.
Thermalized Magnetisation = (0.042889,0.076090), Energy = -0.843864 
Averaging iterations... h=0.000000,0.000000
Done.
Final: Magnetisation = (-0.062074,-0.026996), Energy = -0.834800 
<M> = (-0.010527,-0.001849), <E> = -0.841222 

T=1.510000	 Thermalizing iterations... 
Done.
Thermalized Magnetisation = (0.007638,-0.011818), Energy = -0.879896 
Averaging iterations... h=0.000000,0.000000
Done.
Final: Magnetisation = (-0.013096,-0.022031), Energy = -0.836179 
<M> = (-0.007454,-0.001422), <E> = -0.847840 

T=1.500000	 Thermalizing iterations... 
Done.
Thermalized Magnetisation = (0.040207,-0.092824), Energy = -0.865638 
Averaging iterations... h=0.000000,0.000000
Done.
Final: Magnetisation = (-0.031090,-0.078027), Energy = -0.849306 
<M> = (-0.009488,0.002343), <E> = -0.853755 

T=1.490000	 Thermalizing iterations... 
Done.
Thermalized Magnetisation = (-0.012296,-0.007870), Energy = -0.856455 
Averaging iterations... h=0.000000,0.000000
Done.
Final: Magnetisation = (-0.003239,0.094368), Energy = -0.863193 
<M> = (-0.012160,0.001800), <E> = -0.860746 

T=1.480000	 Thermalizing iterations... 
Done.
Thermalized Magnetisation = (0.010453,-0.037172), Energy = -0.831863 
Averaging iterations... h=0.000000,0.000000
Done.
Final: Magnetisation = (0.019037,-0.033794), Energy = -0.868723 
<M> = (-0.014245,0.001157), <E> = -0.868205 

T=1.470000	 Thermalizing iterations... 
Done.
Thermalized Magnetisation = (0.022633,0.005353), Energy = -0.890076 
Averaging iterations... h=0.000000,0.000000
Done.
Final: Magnetisation = (0.021768,-0.038437), Energy = -0.885211 
<M> = (-0.010645,-0.000771), <E> = -0.875638 

T=1.460000	 Thermalizing iterations... 
Done.
Thermalized Magnetisation = (0.005263,0.072224), Energy = -0.867162 
Averaging iterations... h=0.000000,0.000000
Done.
Final: Magnetisation = (-0.019488,0.033019), Energy = -0.852586 
<M> = (-0.013323,-0.002532), <E> = -0.883556 

T=1.450000	 Thermalizing iterations... 
Done.
Thermalized Magnetisation = (0.002225,0.029134), Energy = -0.892176 
Averaging iterations... h=0.000000,0.000000
Done.
Final: Magnetisation = (-0.050507,-0.018301), Energy = -0.880679 
<M> = (-0.011807,-0.004901), <E> = -0.891753 

T=1.440000	 Thermalizing iterations... 
Done.
Thermalized Magnetisation = (0.039668,-0.065569), Energy = -0.900351 
Averaging iterations... h=0.000000,0.000000
Done.
Final: Magnetisation = (-0.014091,-0.040983), Energy = -0.919065 
<M> = (-0.011364,-0.002981), <E> = -0.898835 

T=1.430000	 Thermalizing iterations... 
Done.
Thermalized Magnetisation = (-0.040904,-0.095598), Energy = -0.924960 
Averaging iterations... h=0.000000,0.000000
Done.
Final: Magnetisation = (-0.023378,0.008813), Energy = -0.918124 
<M> = (-0.010568,0.001946), <E> = -0.905111 

T=1.420000	 Thermalizing iterations... 
Done.
Thermalized Magnetisation = (0.087502,0.043973), Energy = -0.920453 
Averaging iterations... h=0.000000,0.000000
Done.
Final: Magnetisation = (-0.002505,-0.055390), Energy = -0.889982 
<M> = (-0.012969,0.000674), <E> = -0.912845 

T=1.410000	 Thermalizing iterations... 
Done.
Thermalized Magnetisation = (-0.020100,0.001501), Energy = -0.945068 
Averaging iterations... h=0.000000,0.000000
Done.
Final: Magnetisation = (-0.056940,0.003580), Energy = -0.951501 
<M> = (-0.015776,0.006213), <E> = -0.920701 

T=1.400000	 Thermalizing iterations... 
Done.
Thermalized Magnetisation = (-0.015816,-0.051437), Energy = -0.912059 
Averaging iterations... h=0.000000,0.000000
Done.
Final: Magnetisation = (0.016900,0.131947), Energy = -0.895518 
<M> = (-0.014946,-0.002097), <E> = -0.929591 

T=1.390000	 Thermalizing iterations... 
Done.
Thermalized Magnetisation = (-0.066119,-0.012283), Energy = -0.959001 
Averaging iterations... h=0.000000,0.000000
Done.
Final: Magnetisation = (0.011065,0.000724), Energy = -0.953051 
<M> = (-0.016926,-0.004759), <E> = -0.938355 

T=1.380000	 Thermalizing iterations... 
Done.
Thermalized Magnetisation = (-0.018921,-0.037429), Energy = -0.928627 
Averaging iterations... h=0.000000,0.000000
Done.
Final: Magnetisation = (-0.024467,-0.057386), Energy = -0.895504 
<M> = (-0.015162,-0.006523), <E> = -0.947245 

T=1.370000	 Thermalizing iterations... 
Done.
Thermalized Magnetisation = (-0.088987,-0.032501), Energy = -0.944679 
Averaging iterations... h=0.000000,0.000000
Done.
Final: Magnetisation = (-0.097361,-0.001317), Energy = -0.922876 
<M> = (-0.016768,-0.006422), <E> = -0.954938 

T=1.360000	 Thermalizing iterations... 
Done.
Thermalized Magnetisation = (-0.020443,0.006234), Energy = -0.989149 
Averaging iterations... h=0.000000,0.000000
Done.
Final: Magnetisation = (0.036669,0.092186), Energy = -0.995078 
<M> = (-0.013797,-0.002617), <E> = -0.962978 

T=1.350000	 Thermalizing iterations... 
Done.
Thermalized Magnetisation = (0.002843,0.081689), Energy = -0.964207 
Averaging iterations... h=0.000000,0.000000
Done.
Final: Magnetisation = (-0.052252,0.072767), Energy = -0.957429 
<M> = (-0.013740,0.006709), <E> = -0.970446 

T=1.340000	 Thermalizing iterations... 
Done.
Thermalized Magnetisation = (0.060032,0.008578), Energy = -1.033294 
Averaging iterations... h=0.000000,0.000000
Done.
Final: Magnetisation = (0.014491,-0.007829), Energy = -0.994696 
<M> = (-0.020479,0.002437), <E> = -0.979913 

T=1.330000	 Thermalizing iterations... 
Done.
Thermalized Magnetisation = (0.059896,0.001170), Energy = -1.002566 
Averaging iterations... h=0.000000,0.000000
Done.
Final: Magnetisation = (-0.011138,-0.059156), Energy = -0.995820 
<M> = (-0.021242,0.000896), <E> = -0.989502 

T=1.320000	 Thermalizing iterations... 
Done.
Thermalized Magnetisation = (0.020021,-0.027293), Energy = -1.005903 
Averaging iterations... h=0.000000,0.000000
Done.
Final: Magnetisation = (-0.058102,-0.021429), Energy = -0.964894 
<M> = (-0.016919,-0.003466), <E> = -0.999068 

T=1.310000	 Thermalizing iterations... 
Done.
Thermalized Magnetisation = (0.043254,0.003309), Energy = -1.033206 
Averaging iterations... h=0.000000,0.000000
Done.
Final: Magnetisation = (-0.085644,0.063509), Energy = -1.044080 
<M> = (-0.020652,-0.008639), <E> = -1.009049 

T=1.300000	 Thermalizing iterations... 
Done.
Thermalized Magnetisation = (-0.043688,-0.006090), Energy = -0.998629 
Averaging iterations... h=0.000000,0.000000
Done.
Final: Magnetisation = (-0.022657,0.042213), Energy = -1.073888 
<M> = (-0.019071,-0.009023), <E> = -1.018721 

T=1.290000	 Thermalizing iterations... 
Done.
Thermalized Magnetisation = (-0.043716,-0.037033), Energy = -1.014509 
Averaging iterations... h=0.000000,0.000000
Done.
Final: Magnetisation = (0.017221,-0.014945), Energy = -1.009727 
<M> = (-0.015453,-0.007614), <E> = -1.028433 

T=1.280000	 Thermalizing iterations... 
Done.
Thermalized Magnetisation = (-0.023720,0.016638), Energy = -1.044242 
Averaging iterations... h=0.000000,0.000000
Done.
Final: Magnetisation = (0.002363,-0.017919), Energy = -1.038355 
<M> = (-0.018404,0.002710), <E> = -1.036207 

T=1.270000	 Thermalizing iterations... 
Done.
Thermalized Magnetisation = (-0.040696,0.027747), Energy = -1.033285 
Averaging iterations... h=0.000000,0.000000
Done.
Final: Magnetisation = (-0.069792,0.020070), Energy = -1.055565 
<M> = (-0.023066,-0.000921), <E> = -1.045968 

T=1.260000	 Thermalizing iterations... 
Done.
Thermalized Magnetisation = (-0.076467,-0.030716), Energy = -1.047778 
Averaging iterations... h=0.000000,0.000000
Done.
Final: Magnetisation = (-0.044055,-0.028865), Energy = -1.058349 
<M> = (-0.023991,0.006666), <E> = -1.056186 

T=1.250000	 Thermalizing iterations... 
Done.
Thermalized Magnetisation = (-0.065423,-0.040891), Energy = -1.104156 
Averaging iterations... h=0.000000,0.000000
Done.
Final: Magnetisation = (-0.061588,0.063716), Energy = -1.066544 
<M> = (-0.021730,-0.011997), <E> = -1.067084 

T=1.240000	 Thermalizing iterations... 
Done.
Thermalized Magnetisation = (-0.002744,-0.051850), Energy = -1.100545 
Averaging iterations... h=0.000000,0.000000
Done.
Final: Magnetisation = (-0.088986,-0.073915), Energy = -1.065394 
<M> = (-0.025546,-0.006223), <E> = -1.077998 

T=1.230000	 Thermalizing iterations... 
Done.
Thermalized Magnetisation = (-0.030170,0.053258), Energy = -1.100345 
Averaging iterations... h=0.000000,0.000000
Done.
Final: Magnetisation = (-0.026890,-0.111879), Energy = -1.045115 
<M> = (-0.029171,-0.016329), <E> = -1.088774 

T=1.220000	 Thermalizing iterations... 
Done.
Thermalized Magnetisation = (-0.007181,-0.053813), Energy = -1.095270 
Averaging iterations... h=0.000000,0.000000
Done.
Final: Magnetisation = (-0.044808,-0.028355), Energy = -1.115283 
<M> = (-0.027467,-0.009929), <E> = -1.098089 

T=1.210000	 Thermalizing iterations... 
Done.
Thermalized Magnetisation = (-0.015428,0.059304), Energy = -1.086466 
Averaging iterations... h=0.000000,0.000000
Done.
Final: Magnetisation = (-0.018694,-0.015999), Energy = -1.118173 
<M> = (-0.021473,-0.006020), <E> = -1.108534 

T=1.200000	 Thermalizing iterations... 
Done.
Thermalized Magnetisation = (0.048270,-0.097232), Energy = -1.130945 
Averaging iterations... h=0.000000,0.000000
Done.
Final: Magnetisation = (-0.012163,0.021468), Energy = -1.122341 
<M> = (-0.028390,0.006760), <E> = -1.118981 

T=1.190000	 Thermalizing iterations... 
Done.
Thermalized Magnetisation = (0.020519,0.050421), Energy = -1.097450 
Averaging iterations... h=0.000000,0.000000
Done.
Final: Magnetisation = (-0.045473,-0.092870), Energy = -1.134939 
<M> = (-0.030621,0.009329), <E> = -1.129328 

T=1.180000	 Thermalizing iterations... 
Done.
Thermalized Magnetisation = (-0.052734,-0.075262), Energy = -1.136154 
Averaging iterations... h=0.000000,0.000000
Done.
Final: Magnetisation = (0.008847,0.031280), Energy = -1.105269 
<M> = (-0.028194,-0.003383), <E> = -1.140976 

T=1.170000	 Thermalizing iterations... 
Done.
Thermalized Magnetisation = (-0.087366,0.108778), Energy = -1.159138 
Averaging iterations... h=0.000000,0.000000
Done.
Final: Magnetisation = (-0.025517,0.111100), Energy = -1.170340 
<M> = (-0.028281,-0.000410), <E> = -1.152680 

T=1.160000	 Thermalizing iterations... 
Done.
Thermalized Magnetisation = (0.040317,-0.151473), Energy = -1.174994 
Averaging iterations... h=0.000000,0.000000
Done.
Final: Magnetisation = (-0.019612,-0.076032), Energy = -1.165536 
<M> = (-0.029385,-0.017979), <E> = -1.164780 

T=1.150000	 Thermalizing iterations... 
Done.
Thermalized Magnetisation = (-0.019074,-0.111880), Energy = -1.213515 
Averaging iterations... h=0.000000,0.000000
Done.
Final: Magnetisation = (-0.097389,0.089687), Energy = -1.180812 
<M> = (-0.030282,-0.010655), <E> = -1.176023 

T=1.140000	 Thermalizing iterations... 
Done.
Thermalized Magnetisation = (-0.093292,-0.113410), Energy = -1.198435 
Averaging iterations... h=0.000000,0.000000
Done.
Final: Magnetisation = (0.027169,-0.104773), Energy = -1.188341 
<M> = (-0.025681,-0.016636), <E> = -1.188286 

T=1.130000	 Thermalizing iterations... 
Done.
Thermalized Magnetisation = (-0.075539,0.055134), Energy = -1.184456 
Averaging iterations... h=0.000000,0.000000
Done.
Final: Magnetisation = (-0.013128,0.122891), Energy = -1.193609 
<M> = (-0.035946,-0.011853), <E> = -1.198313 

T=1.120000	 Thermalizing iterations... 
Done.
Thermalized Magnetisation = (-0.022980,0.055242), Energy = -1.220298 
Averaging iterations... h=0.000000,0.000000
Done.
Final: Magnetisation = (-0.080327,-0.221928), Energy = -1.220268 
<M> = (-0.032539,0.009208), <E> = -1.209722 

T=1.110000	 Thermalizing iterations... 
Done.
Thermalized Magnetisation = (-0.029270,-0.133633), Energy = -1.184938 
Averaging iterations... h=0.000000,0.000000
Done.
Final: Magnetisation = (-0.025138,0.015556), Energy = -1.221841 
<M> = (-0.036875,0.006701), <E> = -1.221679 

T=1.100000	 Thermalizing iterations... 
Done.
Thermalized Magnetisation = (-0.071332,-0.124989), Energy = -1.240244 
Averaging iterations... h=0.000000,0.000000
Done.
Final: Magnetisation = (-0.030632,-0.093028), Energy = -1.238953 
<M> = (-0.037104,0.015629), <E> = -1.234719 

T=1.090000	 Thermalizing iterations... 
Done.
Thermalized Magnetisation = (-0.039475,-0.071666), Energy = -1.271441 
Averaging iterations... h=0.000000,0.000000
Done.
Final: Magnetisation = (-0.104923,0.026294), Energy = -1.241089 
<M> = (-0.035823,-0.011600), <E> = -1.246655 

T=1.080000	 Thermalizing iterations... 
Done.
Thermalized Magnetisation = (-0.046377,-0.050390), Energy = -1.278056 
Averaging iterations... h=0.000000,0.000000
Done.
Final: Magnetisation = (-0.005239,-0.033500), Energy = -1.254521 
<M> = (-0.040120,-0.052085), <E> = -1.257602 

T=1.070000	 Thermalizing iterations... 
Done.
Thermalized Magnetisation = (-0.047045,0.058760), Energy = -1.273078 
Averaging iterations... h=0.000000,0.000000
Done.
Final: Magnetisation = (-0.091126,0.031424), Energy = -1.251967 
<M> = (-0.041270,-0.048152), <E> = -1.272661 

T=1.060000	 Thermalizing iterations... 
Done.
Thermalized Magnetisation = (-0.047112,0.109992), Energy = -1.290779 
Averaging iterations... h=0.000000,0.000000
Done.
Final: Magnetisation = (-0.011382,-0.229984), Energy = -1.304277 
<M> = (-0.035661,-0.009583), <E> = -1.283306 

T=1.050000	 Thermalizing iterations... 
Done.
Thermalized Magnetisation = (-0.059402,-0.073065), Energy = -1.300556 
Averaging iterations... h=0.000000,0.000000
Done.
Final: Magnetisation = (-0.031499,0.089376), Energy = -1.283742 
<M> = (-0.045110,-0.030415), <E> = -1.294556 

T=1.040000	 Thermalizing iterations... 
Done.
Thermalized Magnetisation = (-0.116740,0.077167), Energy = -1.301502 
Averaging iterations... h=0.000000,0.000000
Done.
Final: Magnetisation = (-0.073745,-0.008437), Energy = -1.310005 
<M> = (-0.049781,0.039241), <E> = -1.307622 

T=1.030000	 Thermalizing iterations... 
Done.
Thermalized Magnetisation = (-0.075703,-0.171396), Energy = -1.327250 
Averaging iterations... h=0.000000,0.000000
Done.
Final: Magnetisation = (-0.094045,0.110701), Energy = -1.321268 
<M> = (-0.043565,0.004997), <E> = -1.318495 

T=1.020000	 Thermalizing iterations... 
Done.
Thermalized Magnetisation = (-0.074580,-0.154011), Energy = -1.295676 
Averaging iterations... h=0.000000,0.000000
Done.
Final: Magnetisation = (-0.116209,0.157313), Energy = -1.353673 
<M> = (-0.047485,-0.079961), <E> = -1.331319 

T=1.010000	 Thermalizing iterations... 
Done.
Thermalized Magnetisation = (-0.100156,-0.047761), Energy = -1.343834 
Averaging iterations... h=0.000000,0.000000
Done.
Final: Magnetisation = (-0.043916,-0.240882), Energy = -1.338848 
<M> = (-0.049824,-0.184995), <E> = -1.348401 

T=1.000000	 Thermalizing iterations... 
Done.
Thermalized Magnetisation = (-0.016299,-0.160004), Energy = -1.370001 
Averaging iterations... h=0.000000,0.000000
Done.
Final: Magnetisation = (0.014446,-0.283067), Energy = -1.372088 
<M> = (-0.044720,-0.064015), <E> = -1.360807 

T=0.990000	 Thermalizing iterations... 
Done.
Thermalized Magnetisation = (-0.081088,-0.118181), Energy = -1.391793 
Averaging iterations... h=0.000000,0.000000
Done.
Final: Magnetisation = (-0.040776,-0.219291), Energy = -1.382135 
<M> = (-0.031967,-0.109389), <E> = -1.373506 

T=0.980000	 Thermalizing iterations... 
Done.
Thermalized Magnetisation = (-0.024245,-0.095560), Energy = -1.364655 
Averaging iterations... h=0.000000,0.000000
Done.
Final: Magnetisation = (0.041896,0.150116), Energy = -1.392400 
<M> = (-0.041629,-0.006219), <E> = -1.385121 

T=0.970000	 Thermalizing iterations... 
Done.
Thermalized Magnetisation = (-0.025012,-0.297356), Energy = -1.362815 
Averaging iterations... h=0.000000,0.000000
Done.
Final: Magnetisation = (-0.092142,0.037375), Energy = -1.400394 
<M> = (-0.042010,-0.162863), <E> = -1.396701 

T=0.960000	 Thermalizing iterations... 
Done.
Thermalized Magnetisation = (-0.075268,-0.252749), Energy = -1.431301 
Averaging iterations... h=0.000000,0.000000
Done.
Final: Magnetisation = (-0.035703,0.095665), Energy = -1.380166 
<M> = (-0.056454,0.016073), <E> = -1.407658 

T=0.950000	 Thermalizing iterations... 
Done.
Thermalized Magnetisation = (-0.106507,-0.429570), Energy = -1.405020 
Averaging iterations... h=0.000000,0.000000
Done.
Final: Magnetisation = (-0.034818,-0.251341), Energy = -1.429452 
<M> = (-0.048232,-0.323369), <E> = -1.423449 

T=0.940000	 Thermalizing iterations... 
Done.
Thermalized Magnetisation = (-0.023158,-0.430242), Energy = -1.450479 
Averaging iterations... h=0.000000,0.000000
Done.
Final: Magnetisation = (-0.103883,-0.432405), Energy = -1.433584 
<M> = (-0.049276,-0.445545), <E> = -1.441685 

T=0.930000	 Thermalizing iterations... 
Done.
Thermalized Magnetisation = (-0.019806,-0.257577), Energy = -1.426032 
Averaging iterations... h=0.000000,0.000000
Done.
Final: Magnetisation = (-0.040646,-0.487430), Energy = -1.463273 
<M> = (-0.050223,-0.455020), <E> = -1.452618 

T=0.920000	 Thermalizing iterations... 
Done.
Thermalized Magnetisation = (-0.024432,-0.456534), Energy = -1.475753 
Averaging iterations... h=0.000000,0.000000
Done.
Final: Magnetisation = (-0.077613,-0.528414), Energy = -1.463888 
<M> = (-0.045460,-0.526890), <E> = -1.467565 

T=0.910000	 Thermalizing iterations... 
Done.
Thermalized Magnetisation = (-0.081915,-0.585564), Energy = -1.470049 
Averaging iterations... h=0.000000,0.000000
Done.
Final: Magnetisation = (-0.065837,-0.481099), Energy = -1.468086 
<M> = (-0.040711,-0.532898), <E> = -1.476637 

T=0.900000	 Thermalizing iterations... 
Done.
Thermalized Magnetisation = (-0.017487,-0.544830), Energy = -1.482447 
Averaging iterations... h=0.000000,0.000000
Done.
Final: Magnetisation = (0.072660,-0.528390), Energy = -1.482360 
<M> = (-0.040172,-0.530990), <E> = -1.487162 

T=0.890000	 Thermalizing iterations... 
Done.
Thermalized Magnetisation = (-0.095821,-0.532460), Energy = -1.494857 
Averaging iterations... h=0.000000,0.000000
Done.
Final: Magnetisation = (0.008007,-0.535035), Energy = -1.498767 
<M> = (-0.051690,-0.549529), <E> = -1.496945 

T=0.880000	 Thermalizing iterations... 
Done.
Thermalized Magnetisation = (-0.085245,-0.607206), Energy = -1.511727 
Averaging iterations... h=0.000000,0.000000
Done.
Final: Magnetisation = (0.067154,-0.599250), Energy = -1.509204 
<M> = (-0.047504,-0.567821), <E> = -1.508061 

T=0.870000	 Thermalizing iterations... 
Done.
Thermalized Magnetisation = (-0.017672,-0.615098), Energy = -1.529865 
Averaging iterations... h=0.000000,0.000000
Done.
Final: Magnetisation = (-0.079854,-0.562456), Energy = -1.523284 
<M> = (-0.054342,-0.583239), <E> = -1.518837 

T=0.860000	 Thermalizing iterations... 
Done.
Thermalized Magnetisation = (0.005619,-0.623947), Energy = -1.546214 
Averaging iterations... h=0.000000,0.000000
Done.
Final: Magnetisation = (-0.036907,-0.618665), Energy = -1.531004 
<M> = (-0.052882,-0.599111), <E> = -1.529582 

T=0.850000	 Thermalizing iterations... 
Done.
Thermalized Magnetisation = (-0.090826,-0.594335), Energy = -1.527697 
Averaging iterations... h=0.000000,0.000000
Done.
Final: Magnetisation = (-0.045132,-0.653090), Energy = -1.546508 
<M> = (-0.041691,-0.606527), <E> = -1.538907 

T=0.840000	 Thermalizing iterations... 
Done.
Thermalized Magnetisation = (-0.067589,-0.656834), Energy = -1.571758 
Averaging iterations... h=0.000000,0.000000
Done.
Final: Magnetisation = (-0.037947,-0.635145), Energy = -1.572497 
<M> = (-0.035215,-0.614011), <E> = -1.547684 

T=0.830000	 Thermalizing iterations... 
Done.
Thermalized Magnetisation = (-0.020134,-0.622520), Energy = -1.551043 
Averaging iterations... h=0.000000,0.000000
Done.
Final: Magnetisation = (-0.012342,-0.623061), Energy = -1.548007 
<M> = (-0.040057,-0.612811), <E> = -1.555293 

T=0.820000	 Thermalizing iterations... 
Done.
Thermalized Magnetisation = (-0.074778,-0.647866), Energy = -1.552160 
Averaging iterations... h=0.000000,0.000000
Done.
Final: Magnetisation = (-0.030058,-0.658622), Energy = -1.556650 
<M> = (-0.048443,-0.617822), <E> = -1.563491 

T=0.810000	 Thermalizing iterations... 
Done.
Thermalized Magnetisation = (-0.002818,-0.659522), Energy = -1.545421 
Averaging iterations... h=0.000000,0.000000
Done.
Final: Magnetisation = (-0.063584,-0.591563), Energy = -1.550143 
<M> = (-0.043415,-0.632098), <E> = -1.573026 

T=0.800000	 Thermalizing iterations... 
Done.
Thermalized Magnetisation = (-0.054129,-0.654110), Energy = -1.579994 
Averaging iterations... h=0.000000,0.000000
Done.
Final: Magnetisation = (-0.017986,-0.653829), Energy = -1.582627 
<M> = (-0.052217,-0.635436), <E> = -1.581829 

T=0.790000	 Thermalizing iterations... 
Done.
Thermalized Magnetisation = (-0.099527,-0.675873), Energy = -1.597621 
Averaging iterations... h=0.000000,0.000000
Done.
Final: Magnetisation = (-0.039475,-0.644734), Energy = -1.612547 
<M> = (-0.053772,-0.642926), <E> = -1.590681 

T=0.780000	 Thermalizing iterations... 
Done.
Thermalized Magnetisation = (-0.033917,-0.635994), Energy = -1.588595 
Averaging iterations... h=0.000000,0.000000
Done.
Final: Magnetisation = (-0.043502,-0.683445), Energy = -1.603541 
<M> = (-0.049274,-0.653381), <E> = -1.598671 

T=0.770000	 Thermalizing iterations... 
Done.
Thermalized Magnetisation = (0.003322,-0.666455), Energy = -1.599637 
Averaging iterations... h=0.000000,0.000000
Done.
Final: Magnetisation = (-0.067948,-0.631128), Energy = -1.585172 
<M> = (-0.037114,-0.655394), <E> = -1.606119 

T=0.760000	 Thermalizing iterations... 
Done.
Thermalized Magnetisation = (-0.038791,-0.674744), Energy = -1.596876 
Averaging iterations... h=0.000000,0.000000
Done.
Final: Magnetisation = (0.021298,-0.675383), Energy = -1.624114 
<M> = (-0.039501,-0.660209), <E> = -1.613512 

T=0.750000	 Thermalizing iterations... 
Done.
Thermalized Magnetisation = (-0.025862,-0.650085), Energy = -1.610792 
Averaging iterations... h=0.000000,0.000000
Done.
Final: Magnetisation = (-0.068465,-0.675796), Energy = -1.617960 
<M> = (-0.042789,-0.662625), <E> = -1.621052 

T=0.740000	 Thermalizing iterations... 
Done.
Thermalized Magnetisation = (-0.030320,-0.695564), Energy = -1.642610 
Averaging iterations... h=0.000000,0.000000
Done.
Final: Magnetisation = (-0.089881,-0.673150), Energy = -1.632233 
<M> = (-0.046484,-0.664029), <E> = -1.627750 

T=0.730000	 Thermalizing iterations... 
Done.
Thermalized Magnetisation = (-0.050538,-0.671685), Energy = -1.629752 
Averaging iterations... h=0.000000,0.000000
Done.
Final: Magnetisation = (-0.067490,-0.673837), Energy = -1.629770 
<M> = (-0.048196,-0.671048), <E> = -1.635993 

T=0.720000	 Thermalizing iterations... 
Done.
Thermalized Magnetisation = (-0.029674,-0.690359), Energy = -1.628039 
Averaging iterations... h=0.000000,0.000000
Done.
Final: Magnetisation = (-0.098677,-0.675032), Energy = -1.643236 
<M> = (-0.047347,-0.675086), <E> = -1.643553 

T=0.710000	 Thermalizing iterations... 
Done.
Thermalized Magnetisation = (-0.040564,-0.689362), Energy = -1.643435 
Averaging iterations... h=0.000000,0.000000
Done.
Final: Magnetisation = (-0.082209,-0.691190), Energy = -1.665381 
<M> = (-0.052708,-0.681713), <E> = -1.651166 

T=0.700000	 Thermalizing iterations... 
Done.
Thermalized Magnetisation = (-0.068663,-0.706864), Energy = -1.656005 
Averaging iterations... h=0.000000,0.000000
Done.
Final: Magnetisation = (-0.084721,-0.668898), Energy = -1.658908 
<M> = (-0.045468,-0.690182), <E> = -1.658591 

T=0.690000	 Thermalizing iterations... 
Done.
Thermalized Magnetisation = (-0.071717,-0.682438), Energy = -1.655790 
Averaging iterations... h=0.000000,0.000000
Done.
Final: Magnetisation = (-0.060814,-0.727671), Energy = -1.661187 
<M> = (-0.037198,-0.694906), <E> = -1.665219 

T=0.680000	 Thermalizing iterations... 
Done.
Thermalized Magnetisation = (-0.122723,-0.684394), Energy = -1.657179 
Averaging iterations... h=0.000000,0.000000
Done.
Final: Magnetisation = (-0.097076,-0.697179), Energy = -1.667134 
<M> = (-0.040569,-0.692658), <E> = -1.671486 

T=0.670000	 Thermalizing iterations... 
Done.
Thermalized Magnetisation = (-0.050093,-0.694494), Energy = -1.672357 
Averaging iterations... h=0.000000,0.000000
Done.
Final: Magnetisation = (0.024024,-0.676298), Energy = -1.687267 
<M> = (-0.044634,-0.697978), <E> = -1.678466 

T=0.660000	 Thermalizing iterations... 
Done.
Thermalized Magnetisation = (-0.045721,-0.694567), Energy = -1.671645 
Averaging iterations... h=0.000000,0.000000
Done.
Final: Magnetisation = (-0.100173,-0.660363), Energy = -1.689640 
<M> = (-0.041568,-0.703370), <E> = -1.685524 

T=0.650000	 Thermalizing iterations... 
Done.
Thermalized Magnetisation = (-0.087183,-0.715409), Energy = -1.697136 
Averaging iterations... h=0.000000,0.000000
Done.
Final: Magnetisation = (-0.042830,-0.708424), Energy = -1.684169 
<M> = (-0.046440,-0.703920), <E> = -1.692511 

T=0.640000	 Thermalizing iterations... 
Done.
Thermalized Magnetisation = (-0.025638,-0.728901), Energy = -1.708249 
Averaging iterations... h=0.000000,0.000000
Done.
Final: Magnetisation = (0.016294,-0.727393), Energy = -1.704121 
<M> = (-0.047530,-0.711523), <E> = -1.699745 

T=0.630000	 Thermalizing iterations... 
Done.
Thermalized Magnetisation = (-0.039999,-0.717198), Energy = -1.702909 
Averaging iterations... h=0.000000,0.000000
Done.
Final: Magnetisation = (-0.089855,-0.685310), Energy = -1.703526 
<M> = (-0.044008,-0.718745), <E> = -1.706320 

T=0.620000	 Thermalizing iterations... 
Done.
Thermalized Magnetisation = (-0.093836,-0.741344), Energy = -1.721379 
Averaging iterations... h=0.000000,0.000000
Done.
Final: Magnetisation = (-0.019300,-0.715517), Energy = -1.715730 
<M> = (-0.040687,-0.721062), <E> = -1.712773 

T=0.610000	 Thermalizing iterations... 
Done.
Thermalized Magnetisation = (-0.032494,-0.745456), Energy = -1.724841 
Averaging iterations... h=0.000000,0.000000
Done.
Final: Magnetisation = (-0.040456,-0.736760), Energy = -1.724552 
<M> = (-0.040410,-0.719233), <E> = -1.718623 

T=0.600000	 Thermalizing iterations... 
Done.
Thermalized Magnetisation = (-0.064461,-0.708319), Energy = -1.725896 
Averaging iterations... h=0.000000,0.000000
Done.
Final: Magnetisation = (-0.001700,-0.730144), Energy = -1.728924 
<M> = (-0.047429,-0.723265), <E> = -1.725071 

T=0.590000	 Thermalizing iterations... 
Done.
Thermalized Magnetisation = (-0.058758,-0.712804), Energy = -1.729589 
Averaging iterations... h=0.000000,0.000000
Done.
Final: Magnetisation = (-0.019850,-0.759735), Energy = -1.733223 
<M> = (-0.034330,-0.728820), <E> = -1.731404 

T=0.580000	 Thermalizing iterations... 
Done.
Thermalized Magnetisation = (0.002225,-0.722423), Energy = -1.746880 
Averaging iterations... h=0.000000,0.000000
Done.
Final: Magnetisation = (-0.064069,-0.744909), Energy = -1.749979 
<M> = (-0.041811,-0.731109), <E> = -1.738006 

T=0.570000	 Thermalizing iterations... 
Done.
Thermalized Magnetisation = (-0.016551,-0.735522), Energy = -1.745343 
Averaging iterations... h=0.000000,0.000000
Done.
Final: Magnetisation = (-0.003960,-0.734355), Energy = -1.737377 
<M> = (-0.044383,-0.734880), <E> = -1.744463 

T=0.560000	 Thermalizing iterations... 
Done.
Thermalized Magnetisation = (-0.023376,-0.742885), Energy = -1.747829 
Averaging iterations... h=0.000000,0.000000
Done.
Final: Magnetisation = (-0.007236,-0.735920), Energy = -1.754631 
<M> = (-0.045229,-0.739550), <E> = -1.751006 

T=0.550000	 Thermalizing iterations... 
Done.
Thermalized Magnetisation = (-0.031974,-0.740090), Energy = -1.759495 
Averaging iterations... h=0.000000,0.000000
Done.
Final: Magnetisation = (-0.038653,-0.732629), Energy = -1.757875 
<M> = (-0.047009,-0.744958), <E> = -1.757408 

T=0.540000	 Thermalizing iterations... 
Done.
Thermalized Magnetisation = (-0.033626,-0.735050), Energy = -1.757984 
Averaging iterations... h=0.000000,0.000000
Done.
Final: Magnetisation = (-0.019341,-0.756540), Energy = -1.756636 
<M> = (-0.042396,-0.744460), <E> = -1.763126 

T=0.530000	 Thermalizing iterations... 
Done.
Thermalized Magnetisation = (0.017669,-0.750206), Energy = -1.773141 
Averaging iterations... h=0.000000,0.000000
Done.
Final: Magnetisation = (-0.018785,-0.745317), Energy = -1.775588 
<M> = (-0.037713,-0.747681), <E> = -1.769098 

T=0.520000	 Thermalizing iterations... 
Done.
Thermalized Magnetisation = (-0.094189,-0.739236), Energy = -1.772526 
Averaging iterations... h=0.000000,0.000000
Done.
Final: Magnetisation = (-0.067020,-0.733804), Energy = -1.768716 
<M> = (-0.043300,-0.747574), <E> = -1.774918 

T=0.510000	 Thermalizing iterations... 
Done.
Thermalized Magnetisation = (-0.076213,-0.764559), Energy = -1.778270 
Averaging iterations... h=0.000000,0.000000
Done.
Final: Magnetisation = (-0.030418,-0.752684), Energy = -1.786074 
<M> = (-0.042545,-0.756689), <E> = -1.781305 

T=0.500000	 Thermalizing iterations... 
Done.
Thermalized Magnetisation = (-0.075826,-0.765614), Energy = -1.785514 
Averaging iterations... h=0.000000,0.000000
Done.
Final: Magnetisation = (-0.056625,-0.767221), Energy = -1.792655 
<M> = (-0.047723,-0.759074), <E> = -1.787705 

T=0.490000	 Thermalizing iterations... 
Done.
Thermalized Magnetisation = (-0.064744,-0.773715), Energy = -1.788452 
Averaging iterations... h=0.000000,0.000000
Done.
Final: Magnetisation = (-0.007478,-0.766469), Energy = -1.788185 
<M> = (-0.049821,-0.762982), <E> = -1.793788 

T=0.480000	 Thermalizing iterations... 
Done.
Thermalized Magnetisation = (0.000269,-0.765279), Energy = -1.801319 
Averaging iterations... h=0.000000,0.000000
Done.
Final: Magnetisation = (-0.062014,-0.737878), Energy = -1.789069 
<M> = (-0.041200,-0.765014), <E> = -1.799601 

T=0.470000	 Thermalizing iterations... 
Done.
Thermalized Magnetisation = (-0.019987,-0.764555), Energy = -1.806970 
Averaging iterations... h=0.000000,0.000000
Done.
Final: Magnetisation = (-0.069728,-0.786412), Energy = -1.807852 
<M> = (-0.049909,-0.769135), <E> = -1.805391 

T=0.460000	 Thermalizing iterations... 
Done.
Thermalized Magnetisation = (0.003096,-0.776699), Energy = -1.804216 
Averaging iterations... h=0.000000,0.000000
Done.
Final: Magnetisation = (-0.046002,-0.762657), Energy = -1.802163 
<M> = (-0.043842,-0.767275), <E> = -1.811027 

T=0.450000	 Thermalizing iterations... 
Done.
Thermalized Magnetisation = (-0.004769,-0.769840), Energy = -1.821697 
Averaging iterations... h=0.000000,0.000000
Done.
Final: Magnetisation = (-0.006057,-0.776932), Energy = -1.819920 
<M> = (-0.048776,-0.770006), <E> = -1.816821 

T=0.440000	 Thermalizing iterations... 
Done.
Thermalized Magnetisation = (-0.029517,-0.784361), Energy = -1.818974 
Averaging iterations... h=0.000000,0.000000
Done.
Final: Magnetisation = (-0.001751,-0.775697), Energy = -1.826766 
<M> = (-0.044054,-0.775214), <E> = -1.822690 

T=0.430000	 Thermalizing iterations... 
Done.
Thermalized Magnetisation = (-0.090401,-0.791701), Energy = -1.837305 
Averaging iterations... h=0.000000,0.000000
Done.
Final: Magnetisation = (-0.068193,-0.779312), Energy = -1.820193 
<M> = (-0.049836,-0.779692), <E> = -1.828632 

T=0.420000	 Thermalizing iterations... 
Done.
Thermalized Magnetisation = (-0.027159,-0.789057), Energy = -1.832794 
Averaging iterations... h=0.000000,0.000000
Done.
Final: Magnetisation = (-0.061672,-0.772793), Energy = -1.836093 
<M> = (-0.048991,-0.780325), <E> = -1.834565 

T=0.410000	 Thermalizing iterations... 
Done.
Thermalized Magnetisation = (-0.022679,-0.790452), Energy = -1.840906 
Averaging iterations... h=0.000000,0.000000
Done.
Final: Magnetisation = (-0.058734,-0.779871), Energy = -1.839463 
<M> = (-0.047102,-0.787143), <E> = -1.840463 

T=0.400000	 Thermalizing iterations... 
Done.
Thermalized Magnetisation = (-0.073202,-0.770931), Energy = -1.841160 
Averaging iterations... h=0.000000,0.000000
Done.
Final: Magnetisation = (-0.040795,-0.788549), Energy = -1.842357 
<M> = (-0.044770,-0.789392), <E> = -1.845957 

T=0.390000	 Thermalizing iterations... 
Done.
Thermalized Magnetisation = (-0.045709,-0.780123), Energy = -1.850016 
Averaging iterations... h=0.000000,0.000000
Done.
Final: Magnetisation = (-0.024425,-0.798498), Energy = -1.848072 
<M> = (-0.037607,-0.790002), <E> = -1.851629 

T=0.380000	 Thermalizing iterations... 
Done.
Thermalized Magnetisation = (-0.051914,-0.797352), Energy = -1.849650 
Averaging iterations... h=0.000000,0.000000
Done.
Final: Magnetisation = (-0.064970,-0.796818), Energy = -1.856881 
<M> = (-0.047320,-0.792665), <E> = -1.857279 

T=0.370000	 Thermalizing iterations... 
Done.
Thermalized Magnetisation = (-0.050578,-0.803074), Energy = -1.867024 
Averaging iterations... h=0.000000,0.000000
Done.
Final: Magnetisation = (-0.033747,-0.787396), Energy = -1.861890 
<M> = (-0.043567,-0.795787), <E> = -1.862702 

T=0.360000	 Thermalizing iterations... 
Done.
Thermalized Magnetisation = (-0.017805,-0.807150), Energy = -1.868892 
Averaging iterations... h=0.000000,0.000000
Done.
Final: Magnetisation = (-0.041106,-0.801813), Energy = -1.867898 
<M> = (-0.044695,-0.799877), <E> = -1.868426 

T=0.350000	 Thermalizing iterations... 
Done.
Thermalized Magnetisation = (-0.036374,-0.782142), Energy = -1.868622 
Averaging iterations... h=0.000000,0.000000
Done.
Final: Magnetisation = (-0.062304,-0.784136), Energy = -1.869465 
<M> = (-0.046380,-0.802228), <E> = -1.874226 

T=0.340000	 Thermalizing iterations... 
Done.
Thermalized Magnetisation = (-0.040168,-0.812811), Energy = -1.877530 
Averaging iterations... h=0.000000,0.000000
Done.
Final: Magnetisation = (-0.026064,-0.797721), Energy = -1.875361 
<M> = (-0.048734,-0.806577), <E> = -1.879955 

T=0.330000	 Thermalizing iterations... 
Done.
Thermalized Magnetisation = (-0.079074,-0.810653), Energy = -1.883562 
Averaging iterations... h=0.000000,0.000000
Done.
Final: Magnetisation = (-0.052935,-0.817031), Energy = -1.887656 
<M> = (-0.042532,-0.809996), <E> = -1.885374 

T=0.320000	 Thermalizing iterations... 
Done.
Thermalized Magnetisation = (-0.017695,-0.802775), Energy = -1.888734 
Averaging iterations... h=0.000000,0.000000
Done.
Final: Magnetisation = (-0.050209,-0.808874), Energy = -1.888502 
<M> = (-0.044865,-0.810819), <E> = -1.890819 

T=0.310000	 Thermalizing iterations... 
Done.
Thermalized Magnetisation = (-0.026303,-0.807180), Energy = -1.893966 
Averaging iterations... h=0.000000,0.000000
Done.
Final: Magnetisation = (-0.016849,-0.817402), Energy = -1.893521 
<M> = (-0.045562,-0.812524), <E> = -1.896179 

T=0.300000	 Thermalizing iterations... 
Done.
Thermalized Magnetisation = (-0.041697,-0.812696), Energy = -1.904181 
Averaging iterations... h=0.000000,0.000000
Done.
Final: Magnetisation = (-0.052482,-0.816504), Energy = -1.900999 
<M> = (-0.045515,-0.813905), <E> = -1.901781 

T=0.290000	 Thermalizing iterations... 
Done.
Thermalized Magnetisation = (-0.029233,-0.823115), Energy = -1.905691 
Averaging iterations... h=0.000000,0.000000
Done.
Final: Magnetisation = (-0.046973,-0.825572), Energy = -1.903919 
<M> = (-0.045966,-0.818079), <E> = -1.907134 

T=0.280000	 Thermalizing iterations... 
Done.
Thermalized Magnetisation = (-0.041415,-0.823863), Energy = -1.909931 
Averaging iterations... h=0.000000,0.000000
Done.
Final: Magnetisation = (-0.059692,-0.824444), Energy = -1.911192 
<M> = (-0.043647,-0.822726), <E> = -1.912704 

T=0.270000	 Thermalizing iterations... 
Done.
Thermalized Magnetisation = (-0.076934,-0.828564), Energy = -1.917369 
Averaging iterations... h=0.000000,0.000000
Done.
Final: Magnetisation = (-0.017095,-0.818951), Energy = -1.916165 
<M> = (-0.043945,-0.824997), <E> = -1.918398 

T=0.260000	 Thermalizing iterations... 
Done.
Thermalized Magnetisation = (-0.073229,-0.823905), Energy = -1.925658 
Averaging iterations... h=0.000000,0.000000
Done.
Final: Magnetisation = (-0.068648,-0.824381), Energy = -1.921847 
<M> = (-0.039758,-0.828876), <E> = -1.923604 

T=0.250000	 Thermalizing iterations... 
Done.
Thermalized Magnetisation = (-0.030007,-0.827284), Energy = -1.929257 
Averaging iterations... h=0.000000,0.000000
Done.
Final: Magnetisation = (-0.052635,-0.834222), Energy = -1.933047 
<M> = (-0.043743,-0.829380), <E> = -1.928932 

T=0.240000	 Thermalizing iterations... 
Done.
Thermalized Magnetisation = (-0.045013,-0.827574), Energy = -1.935878 
Averaging iterations... h=0.000000,0.000000
Done.
Final: Magnetisation = (-0.016700,-0.838361), Energy = -1.936397 
<M> = (-0.044593,-0.832142), <E> = -1.934206 

T=0.230000	 Thermalizing iterations... 
Done.
Thermalized Magnetisation = (-0.054769,-0.833533), Energy = -1.939640 
Averaging iterations... h=0.000000,0.000000
Done.
Final: Magnetisation = (-0.092885,-0.827889), Energy = -1.937751 
<M> = (-0.045456,-0.834619), <E> = -1.939596 

T=0.220000	 Thermalizing iterations... 
Done.
Thermalized Magnetisation = (-0.035257,-0.843456), Energy = -1.943537 
Averaging iterations... h=0.000000,0.000000
Done.
Final: Magnetisation = (-0.033904,-0.827052), Energy = -1.938601 
<M> = (-0.040832,-0.836696), <E> = -1.944898 

T=0.210000	 Thermalizing iterations... 
Done.
Thermalized Magnetisation = (-0.066177,-0.839934), Energy = -1.950236 
Averaging iterations... h=0.000000,0.000000
Done.
Final: Magnetisation = (-0.049394,-0.833382), Energy = -1.951696 
<M> = (-0.051067,-0.838941), <E> = -1.950225 

T=0.200000	 Thermalizing iterations... 
Done.
Thermalized Magnetisation = (-0.043474,-0.834272), Energy = -1.952699 
Averaging iterations... h=0.000000,0.000000
Done.
Final: Magnetisation = (-0.056769,-0.845093), Energy = -1.952529 
<M> = (-0.047170,-0.842779), <E> = -1.955605 

T=0.190000	 Thermalizing iterations... 
Done.
Thermalized Magnetisation = (-0.049287,-0.851427), Energy = -1.959662 
Averaging iterations... h=0.000000,0.000000
Done.
Final: Magnetisation = (-0.055962,-0.839265), Energy = -1.962377 
<M> = (-0.041146,-0.845427), <E> = -1.960955 

T=0.180000	 Thermalizing iterations... 
Done.
Thermalized Magnetisation = (-0.049881,-0.843599), Energy = -1.968459 
Averaging iterations... h=0.000000,0.000000
Done.
Final: Magnetisation = (-0.045826,-0.850229), Energy = -1.967334 
<M> = (-0.044259,-0.848576), <E> = -1.966204 

T=0.170000	 Thermalizing iterations... 
Done.
Thermalized Magnetisation = (-0.057751,-0.852851), Energy = -1.968890 
Averaging iterations... h=0.000000,0.000000
Done.
Final: Magnetisation = (-0.032877,-0.852991), Energy = -1.971243 
<M> = (-0.044329,-0.850283), <E> = -1.971369 

T=0.160000	 Thermalizing iterations... 
Done.
Thermalized Magnetisation = (-0.060753,-0.853125), Energy = -1.980023 
Averaging iterations... h=0.000000,0.000000
Done.
Final: Magnetisation = (-0.065437,-0.848706), Energy = -1.977309 
<M> = (-0.044568,-0.852114), <E> = -1.976525 

T=0.150000	 Thermalizing iterations... 
Done.
Thermalized Magnetisation = (-0.017338,-0.849875), Energy = -1.980473 
Averaging iterations... h=0.000000,0.000000
Done.
Final: Magnetisation = (-0.042952,-0.856592), Energy = -1.982255 
<M> = (-0.047813,-0.855473), <E> = -1.981799 

T=0.140000	 Thermalizing iterations... 
Done.
Thermalized Magnetisation = (-0.045123,-0.857097), Energy = -1.986696 
Averaging iterations... h=0.000000,0.000000
Done.
Final: Magnetisation = (-0.028514,-0.859287), Energy = -1.987669 
<M> = (-0.046741,-0.858279), <E> = -1.986918 

T=0.130000	 Thermalizing iterations... 
Done.
Thermalized Magnetisation = (-0.037154,-0.862098), Energy = -1.993270 
Averaging iterations... h=0.000000,0.000000
Done.
Final: Magnetisation = (-0.069378,-0.849959), Energy = -1.990924 
<M> = (-0.046950,-0.859652), <E> = -1.992119 

T=0.120000	 Thermalizing iterations... 
Done.
Thermalized Magnetisation = (-0.027966,-0.862971), Energy = -1.995406 
Averaging iterations... h=0.000000,0.000000
Done.
Final: Magnetisation = (-0.030573,-0.867185), Energy = -1.998734 
<M> = (-0.042256,-0.863264), <E> = -1.997400 

T=0.110000	 Thermalizing iterations... 
Done.
Thermalized Magnetisation = (-0.050327,-0.865565), Energy = -2.004225 
Averaging iterations... h=0.000000,0.000000
Done.
Final: Magnetisation = (-0.032641,-0.865655), Energy = -2.003127 
<M> = (-0.045094,-0.865597), <E> = -2.002550 

T=0.100000	 Thermalizing iterations... 
Done.
Thermalized Magnetisation = (-0.038388,-0.866400), Energy = -2.008880 
Averaging iterations... h=0.000000,0.000000
Done.
Final: Magnetisation = (-0.052508,-0.868913), Energy = -2.007791 
<M> = (-0.045522,-0.868033), <E> = -2.007696 

T=0.090000	 Thermalizing iterations... 
Done.
Thermalized Magnetisation = (-0.042753,-0.870378), Energy = -2.010757 
Averaging iterations... h=0.000000,0.000000
Done.
Final: Magnetisation = (-0.030382,-0.876056), Energy = -2.012029 
<M> = (-0.045222,-0.870203), <E> = -2.012800 

T=0.080000	 Thermalizing iterations... 
Done.
Thermalized Magnetisation = (-0.040057,-0.873470), Energy = -2.019518 
Averaging iterations... h=0.000000,0.000000
Done.
Final: Magnetisation = (-0.035029,-0.872943), Energy = -2.019029 
<M> = (-0.041133,-0.872747), <E> = -2.017860 

T=0.070000	 Thermalizing iterations... 
Done.
Thermalized Magnetisation = (-0.048736,-0.877742), Energy = -2.022736 
Averaging iterations... h=0.000000,0.000000
Done.
Final: Magnetisation = (-0.042704,-0.874063), Energy = -2.023760 
<M> = (-0.045351,-0.875425), <E> = -2.022968 

T=0.060000	 Thermalizing iterations... 
Done.
Thermalized Magnetisation = (-0.042325,-0.875224), Energy = -2.027733 
Averaging iterations... h=0.000000,0.000000
Done.
Final: Magnetisation = (-0.055421,-0.879849), Energy = -2.027807 
<M> = (-0.046144,-0.877338), <E> = -2.028086 

T=0.050000	 Thermalizing iterations... 
Done.
Thermalized Magnetisation = (-0.034454,-0.880431), Energy = -2.033542 
Averaging iterations... h=0.000000,0.000000
Done.
Final: Magnetisation = (-0.052637,-0.878707), Energy = -2.033007 
<M> = (-0.042754,-0.880353), <E> = -2.033163 

T=0.040000	 Thermalizing iterations... 
Done.
Thermalized Magnetisation = (-0.048340,-0.884113), Energy = -2.038602 
Averaging iterations... h=0.000000,0.000000
Done.
Final: Magnetisation = (-0.051786,-0.878734), Energy = -2.037718 
<M> = (-0.045282,-0.882226), <E> = -2.038203 

T=0.030000	 Thermalizing iterations... 
Done.
Thermalized Magnetisation = (-0.044100,-0.882665), Energy = -2.043166 
Averaging iterations... h=0.000000,0.000000
Done.
Final: Magnetisation = (-0.038156,-0.882220), Energy = -2.042918 
<M> = (-0.043365,-0.884478), <E> = -2.043263 

T=0.020000	 Thermalizing iterations... 
Done.
Thermalized Magnetisation = (-0.032963,-0.887945), Energy = -2.048236 
Averaging iterations... h=0.000000,0.000000
Done.
Final: Magnetisation = (-0.039966,-0.888050), Energy = -2.048571 
<M> = (-0.044359,-0.886851), <E> = -2.048283 

T=0.010000	 Thermalizing iterations... 
Done.
Thermalized Magnetisation = (-0.045909,-0.888503), Energy = -2.053312 
Averaging iterations... h=0.000000,0.000000
Done.
Final: Magnetisation = (-0.047786,-0.889305), Energy = -2.053150 
<M> = (-0.044667,-0.888983), <E> = -2.053291 
Final Magnetisation = (-0.047786,-0.889305), Energy = -2.053150 
------------------------

Updating all (first)black/(then)white checkerboard sites simultaneously.. 

ztne RFXY h rotating with |h|=0.000000 at T=0.000000..
loop 1

loop 2

CPU  Start Time = 3840365.751873 

CPU  End Time = 3847960.551590 

CPU Time elapsed total = 7594.799718 

real	126m34.886s
user	2024m25.795s
sys	0m48.610s
