nearest neighbor initialized. 
J loaded. 
h loaded. 
L = 64, dim_L = 2, dim_S = 2
hysteresis_MCS_multiplier = 10, hysteresis_MCS_max = 100
RAND_MAX = 2147483647.000000,
 sizeof(int) = 4,
 sizeof(long) = 8,
 sizeof(double) = 8,
 sizeof(long int) = 8,
 sizeof(short int) = 2,
 sizeof(unsigned int) = 4,
 sizeof(RAND_MAX) = 4

OpenMP Active.

No. of THREADS = 24
No. of PROCESSORS = 24

0.095397,-0.025998
order = ({1.000000-->-1.000000,0.000000}, 0, 1)
Initial Magnetisation = (0.095397,-0.025998), Energy = -0.080706 
Cooling... 
T=2.000000	 Thermalizing iterations... 
Done.
Thermalized Magnetisation = (-0.023723,0.086077), Energy = -0.566235 
Averaging iterations... h=0.062500,0.000000
Done.
Final: Magnetisation = (0.002680,-0.023876), Energy = -0.670646 
<M> = (0.044102,0.000624), <E> = -0.623276 

T=1.950000	 Thermalizing iterations... 
Done.
Thermalized Magnetisation = (-0.042021,-0.037599), Energy = -0.687796 
Averaging iterations... h=0.062500,0.000000
Done.
Final: Magnetisation = (-0.026487,0.016228), Energy = -0.614716 
<M> = (0.047314,0.000882), <E> = -0.643250 

T=1.900000	 Thermalizing iterations... 
Done.
Thermalized Magnetisation = (-0.007886,-0.010972), Energy = -0.622779 
Averaging iterations... h=0.062500,0.000000
Done.
Final: Magnetisation = (0.037687,0.124143), Energy = -0.678009 
<M> = (0.050082,0.000237), <E> = -0.662357 

T=1.850000	 Thermalizing iterations... 
Done.
Thermalized Magnetisation = (-0.092032,0.032475), Energy = -0.640928 
Averaging iterations... h=0.062500,0.000000
Done.
Final: Magnetisation = (0.083233,-0.011025), Energy = -0.644284 
<M> = (0.054466,0.000402), <E> = -0.683558 

T=1.800000	 Thermalizing iterations... 
Done.
Thermalized Magnetisation = (0.021362,-0.084720), Energy = -0.612387 
Averaging iterations... h=0.062500,0.000000
Done.
Final: Magnetisation = (-0.040383,0.018089), Energy = -0.644839 
<M> = (0.059560,0.000921), <E> = -0.706760 

T=1.750000	 Thermalizing iterations... 
Done.
Thermalized Magnetisation = (-0.084888,-0.142043), Energy = -0.772788 
Averaging iterations... h=0.062500,0.000000
Done.
Final: Magnetisation = (-0.072237,0.020922), Energy = -0.741935 
<M> = (0.064833,0.002541), <E> = -0.731269 

T=1.700000	 Thermalizing iterations... 
Done.
Thermalized Magnetisation = (0.083389,-0.026037), Energy = -0.660252 
Averaging iterations... h=0.062500,0.000000
Done.
Final: Magnetisation = (0.061277,0.182336), Energy = -0.805970 
<M> = (0.070141,0.000157), <E> = -0.757340 

T=1.650000	 Thermalizing iterations... 
Done.
Thermalized Magnetisation = (0.143941,-0.060980), Energy = -0.810067 
Averaging iterations... h=0.062500,0.000000
Done.
Final: Magnetisation = (0.122053,-0.046017), Energy = -0.825645 
<M> = (0.077221,0.000590), <E> = -0.786307 

T=1.600000	 Thermalizing iterations... 
Done.
Thermalized Magnetisation = (0.057548,-0.052807), Energy = -0.846452 
Averaging iterations... h=0.062500,0.000000
Done.
Final: Magnetisation = (0.014131,0.203874), Energy = -0.822401 
<M> = (0.082554,0.001323), <E> = -0.816639 

T=1.550000	 Thermalizing iterations... 
Done.
Thermalized Magnetisation = (-0.015483,0.023332), Energy = -0.811940 
Averaging iterations... h=0.062500,0.000000
Done.
Final: Magnetisation = (0.112138,0.079968), Energy = -0.813141 
<M> = (0.094590,0.000544), <E> = -0.849148 

T=1.500000	 Thermalizing iterations... 
Done.
Thermalized Magnetisation = (0.142996,0.111107), Energy = -0.951346 
Averaging iterations... h=0.062500,0.000000
Done.
Final: Magnetisation = (0.087568,0.004285), Energy = -0.764804 
<M> = (0.107286,0.001170), <E> = -0.883144 

T=1.450000	 Thermalizing iterations... 
Done.
Thermalized Magnetisation = (0.149188,-0.057009), Energy = -0.910974 
Averaging iterations... h=0.062500,0.000000
Done.
Final: Magnetisation = (0.089151,-0.001757), Energy = -0.927178 
<M> = (0.117699,0.002788), <E> = -0.920625 

T=1.400000	 Thermalizing iterations... 
Done.
Thermalized Magnetisation = (0.162563,-0.054168), Energy = -0.953155 
Averaging iterations... h=0.062500,0.000000
Done.
Final: Magnetisation = (0.100190,0.035468), Energy = -0.962798 
<M> = (0.133552,0.001845), <E> = -0.961883 

T=1.350000	 Thermalizing iterations... 
Done.
Thermalized Magnetisation = (0.072782,0.057116), Energy = -1.132206 
Averaging iterations... h=0.062500,0.000000
Done.
Final: Magnetisation = (0.202105,-0.060296), Energy = -0.933137 
<M> = (0.151872,0.002645), <E> = -1.006037 

T=1.300000	 Thermalizing iterations... 
Done.
Thermalized Magnetisation = (0.054482,-0.000681), Energy = -1.060348 
Averaging iterations... h=0.062500,0.000000
Done.
Final: Magnetisation = (-0.047314,-0.090408), Energy = -0.997027 
<M> = (0.169807,-0.001429), <E> = -1.052787 

T=1.250000	 Thermalizing iterations... 
Done.
Thermalized Magnetisation = (0.196931,0.018847), Energy = -1.130166 
Averaging iterations... h=0.062500,0.000000
Done.
Final: Magnetisation = (0.032950,-0.214851), Energy = -1.114255 
<M> = (0.200626,0.004138), <E> = -1.101664 

T=1.200000	 Thermalizing iterations... 
Done.
Thermalized Magnetisation = (0.213627,-0.024035), Energy = -1.173534 
Averaging iterations... h=0.062500,0.000000
Done.
Final: Magnetisation = (0.205924,0.091590), Energy = -1.123321 
<M> = (0.227112,0.003116), <E> = -1.154292 

T=1.150000	 Thermalizing iterations... 
Done.
Thermalized Magnetisation = (0.344883,-0.198986), Energy = -1.288116 
Averaging iterations... h=0.062500,0.000000
Done.
Final: Magnetisation = (0.163548,0.098158), Energy = -1.227746 
<M> = (0.259330,0.007546), <E> = -1.210882 

T=1.100000	 Thermalizing iterations... 
Done.
Thermalized Magnetisation = (0.383129,0.053071), Energy = -1.276483 
Averaging iterations... h=0.062500,0.000000
Done.
Final: Magnetisation = (0.233496,-0.074777), Energy = -1.201866 
<M> = (0.295900,0.000936), <E> = -1.267356 

T=1.050000	 Thermalizing iterations... 
Done.
Thermalized Magnetisation = (0.343529,-0.071611), Energy = -1.263100 
Averaging iterations... h=0.062500,0.000000
Done.
Final: Magnetisation = (0.232017,-0.314184), Energy = -1.354761 
<M> = (0.337841,0.003704), <E> = -1.325712 

T=1.000000	 Thermalizing iterations... 
Done.
Thermalized Magnetisation = (0.412064,-0.134521), Energy = -1.347067 
Averaging iterations... h=0.062500,0.000000
Done.
Final: Magnetisation = (0.375105,0.153557), Energy = -1.393429 
<M> = (0.376972,0.025792), <E> = -1.382464 

T=0.950000	 Thermalizing iterations... 
Done.
Thermalized Magnetisation = (0.392994,-0.116625), Energy = -1.372722 
Averaging iterations... h=0.062500,0.000000
Done.
Final: Magnetisation = (0.388287,0.118979), Energy = -1.501760 
<M> = (0.414636,0.030689), <E> = -1.437631 

T=0.900000	 Thermalizing iterations... 
Done.
Thermalized Magnetisation = (0.414742,0.435918), Energy = -1.519167 
Averaging iterations... h=0.062500,0.000000
Done.
Final: Magnetisation = (0.320162,-0.155323), Energy = -1.524847 
<M> = (0.441034,-0.030980), <E> = -1.490598 

T=0.850000	 Thermalizing iterations... 
Done.
Thermalized Magnetisation = (0.451474,-0.409629), Energy = -1.568280 
Averaging iterations... h=0.062500,0.000000
Done.
Final: Magnetisation = (0.502191,-0.382315), Energy = -1.538601 
<M> = (0.471688,-0.024863), <E> = -1.539670 

T=0.800000	 Thermalizing iterations... 
Done.
Thermalized Magnetisation = (0.357905,0.045481), Energy = -1.536617 
Averaging iterations... h=0.062500,0.000000
Done.
Final: Magnetisation = (0.466852,0.369174), Energy = -1.600371 
<M> = (0.473636,0.000840), <E> = -1.584665 

T=0.750000	 Thermalizing iterations... 
Done.
Thermalized Magnetisation = (0.540323,0.384507), Energy = -1.645378 
Averaging iterations... h=0.062500,0.000000
Done.
Final: Magnetisation = (0.360689,-0.557078), Energy = -1.645027 
<M> = (0.486301,-0.292138), <E> = -1.626547 

T=0.700000	 Thermalizing iterations... 
Done.
Thermalized Magnetisation = (0.644797,-0.253130), Energy = -1.655028 
Averaging iterations... h=0.062500,0.000000
Done.
Final: Magnetisation = (0.556888,-0.409928), Energy = -1.655964 
<M> = (0.485208,-0.419554), <E> = -1.663719 

T=0.650000	 Thermalizing iterations... 
Done.
Thermalized Magnetisation = (0.612046,0.221225), Energy = -1.702758 
Averaging iterations... h=0.062500,0.000000
Done.
Final: Magnetisation = (0.572790,0.403641), Energy = -1.701527 
<M> = (0.492072,0.358591), <E> = -1.698024 

T=0.600000	 Thermalizing iterations... 
Done.
Thermalized Magnetisation = (0.501718,0.593320), Energy = -1.742690 
Averaging iterations... h=0.062500,0.000000
Done.
Final: Magnetisation = (0.340191,0.586902), Energy = -1.696415 
<M> = (0.459769,0.563192), <E> = -1.733426 

T=0.550000	 Thermalizing iterations... 
Done.
Thermalized Magnetisation = (0.471302,0.621778), Energy = -1.773289 
Averaging iterations... h=0.062500,0.000000
Done.
Final: Magnetisation = (0.383844,0.651018), Energy = -1.771266 
<M> = (0.461406,0.585690), <E> = -1.764835 

T=0.500000	 Thermalizing iterations... 
Done.
Thermalized Magnetisation = (0.514968,0.559936), Energy = -1.796355 
Averaging iterations... h=0.062500,0.000000
Done.
Final: Magnetisation = (0.459947,0.700214), Energy = -1.817003 
<M> = (0.460553,0.613327), <E> = -1.795319 

T=0.450000	 Thermalizing iterations... 
Done.
Thermalized Magnetisation = (0.366271,0.684238), Energy = -1.833266 
Averaging iterations... h=0.062500,0.000000
Done.
Final: Magnetisation = (0.413095,0.658722), Energy = -1.808242 
<M> = (0.453783,0.639443), <E> = -1.825014 

T=0.400000	 Thermalizing iterations... 
Done.
Thermalized Magnetisation = (0.502960,0.643669), Energy = -1.861204 
Averaging iterations... h=0.062500,0.000000
Done.
Final: Magnetisation = (0.579365,0.582191), Energy = -1.847325 
<M> = (0.449567,0.665753), <E> = -1.853851 

T=0.350000	 Thermalizing iterations... 
Done.
Thermalized Magnetisation = (0.387431,0.725367), Energy = -1.890196 
Averaging iterations... h=0.062500,0.000000
Done.
Final: Magnetisation = (0.467566,0.717819), Energy = -1.892699 
<M> = (0.454640,0.680580), <E> = -1.882422 

T=0.300000	 Thermalizing iterations... 
Done.
Thermalized Magnetisation = (0.455065,0.706318), Energy = -1.908437 
Averaging iterations... h=0.062500,0.000000
Done.
Final: Magnetisation = (0.406693,0.698262), Energy = -1.909030 
<M> = (0.448150,0.700833), <E> = -1.910021 

T=0.250000	 Thermalizing iterations... 
Done.
Thermalized Magnetisation = (0.478787,0.705984), Energy = -1.945121 
Averaging iterations... h=0.062500,0.000000
Done.
Final: Magnetisation = (0.466734,0.697219), Energy = -1.940142 
<M> = (0.450887,0.718062), <E> = -1.937115 

T=0.200000	 Thermalizing iterations... 
Done.
Thermalized Magnetisation = (0.418409,0.755176), Energy = -1.958015 
Averaging iterations... h=0.062500,0.000000
Done.
Final: Magnetisation = (0.452934,0.743175), Energy = -1.954932 
<M> = (0.458068,0.730930), <E> = -1.963778 

T=0.150000	 Thermalizing iterations... 
Done.
Thermalized Magnetisation = (0.439219,0.741473), Energy = -1.989143 
Averaging iterations... h=0.062500,0.000000
Done.
Final: Magnetisation = (0.468538,0.744933), Energy = -1.984262 
<M> = (0.457338,0.748039), <E> = -1.990019 

T=0.100000	 Thermalizing iterations... 
Done.
Thermalized Magnetisation = (0.483220,0.745339), Energy = -2.013348 
Averaging iterations... h=0.062500,0.000000
Done.
Final: Magnetisation = (0.439012,0.778310), Energy = -2.014366 
<M> = (0.464229,0.759892), <E> = -2.015915 

T=0.050000	 Thermalizing iterations... 
Done.
Thermalized Magnetisation = (0.461631,0.780771), Energy = -2.040578 
Averaging iterations... h=0.062500,0.000000
Done.
Final: Magnetisation = (0.454054,0.781713), Energy = -2.042989 
<M> = (0.460849,0.776635), <E> = -2.041397 
Final Magnetisation = (0.454054,0.781713), Energy = -2.042989 
------------------------

Updating all (first)black/(then)white checkerboard sites simultaneously.. 

ztne RFXY h rotating with |h|=0.062500 at T=0.000000..
loop 1

loop 2

Cooling protocol time (from T=2.000000 to T=0.000000) = 682.198090 

CPU Time elapsed total = 682.231542 
All done - 683 seconds elapsed.
