+ cd /home/sbasak/Exercises/OpenMP/XY_code/Z2/rotating_field/trial/config/config_66
+ export OMP_NUM_THREADS=28
+ OMP_NUM_THREADS=28
+ ./a_0.out
nearest neighbor initialized. 
h loaded. 
J loaded. 
L = 128, dim_L = 2, dim_S = 2
hysteresis_MCS_multiplier = 10, hysteresis_MCS_max = 100
RAND_MAX = 2147483647.000000,
 sizeof(int) = 4,
 sizeof(long) = 8,
 sizeof(double) = 8,
 sizeof(long int) = 8,
 sizeof(short int) = 2,
 sizeof(unsigned int) = 4,
 sizeof(RAND_MAX) = 4
No. of THREADS = 28
No. of PROCESSORS = 28

0.059633,0.020853
order = ({1.000000-->-1.000000,0.000000}, 0, 1)
Initial Magnetisation = (0.059633,0.020853), Energy = 0.020759 
Cooling... 
T=2.000000	 Thermalizing iterations... 
Done.
Thermalized Magnetisation = (-0.003939,-0.014610), Energy = -0.562363 
Averaging iterations... h=0.000000,0.000000
Done.
Final: Magnetisation = (-0.011508,-0.030805), Energy = -0.584364 
<M> = (-0.005841,0.000123), <E> = -0.605797 

T=1.990000	 Thermalizing iterations... 
Done.
Thermalized Magnetisation = (-0.026599,0.031982), Energy = -0.624474 
Averaging iterations... h=0.000000,0.000000
Done.
Final: Magnetisation = (-0.033266,0.009935), Energy = -0.634165 
<M> = (-0.004607,-0.001775), <E> = -0.610121 

T=1.980000	 Thermalizing iterations... 
Done.
Thermalized Magnetisation = (-0.026234,0.010936), Energy = -0.632009 
Averaging iterations... h=0.000000,0.000000
Done.
Final: Magnetisation = (0.025614,0.000939), Energy = -0.621472 
<M> = (-0.005655,-0.001161), <E> = -0.614229 

T=1.970000	 Thermalizing iterations... 
Done.
Thermalized Magnetisation = (-0.033538,0.032378), Energy = -0.638497 
Averaging iterations... h=0.000000,0.000000
Done.
Final: Magnetisation = (-0.024026,-0.050198), Energy = -0.614113 
<M> = (-0.005223,-0.002249), <E> = -0.618063 

T=1.960000	 Thermalizing iterations... 
Done.
Thermalized Magnetisation = (-0.004749,-0.036087), Energy = -0.672052 
Averaging iterations... h=0.000000,0.000000
Done.
Final: Magnetisation = (-0.013035,0.005637), Energy = -0.622341 
<M> = (-0.004675,-0.000854), <E> = -0.621013 

T=1.950000	 Thermalizing iterations... 
Done.
Thermalized Magnetisation = (-0.017807,-0.001000), Energy = -0.625053 
Averaging iterations... h=0.000000,0.000000
Done.
Final: Magnetisation = (0.061492,-0.009282), Energy = -0.626311 
<M> = (-0.003873,-0.000442), <E> = -0.624054 

T=1.940000	 Thermalizing iterations... 
Done.
Thermalized Magnetisation = (0.031933,-0.015771), Energy = -0.601344 
Averaging iterations... h=0.000000,0.000000
Done.
Final: Magnetisation = (0.030879,0.024018), Energy = -0.604580 
<M> = (-0.005800,0.000343), <E> = -0.627979 

T=1.930000	 Thermalizing iterations... 
Done.
Thermalized Magnetisation = (-0.010318,0.010648), Energy = -0.637970 
Averaging iterations... h=0.000000,0.000000
Done.
Final: Magnetisation = (-0.091344,0.024728), Energy = -0.626129 
<M> = (-0.006363,0.000604), <E> = -0.631252 

T=1.920000	 Thermalizing iterations... 
Done.
Thermalized Magnetisation = (-0.037733,0.041439), Energy = -0.666799 
Averaging iterations... h=0.000000,0.000000
Done.
Final: Magnetisation = (-0.006421,-0.012449), Energy = -0.643143 
<M> = (-0.005808,-0.001186), <E> = -0.635660 

T=1.910000	 Thermalizing iterations... 
Done.
Thermalized Magnetisation = (-0.062218,0.015189), Energy = -0.656586 
Averaging iterations... h=0.000000,0.000000
Done.
Final: Magnetisation = (-0.030413,-0.021440), Energy = -0.691240 
<M> = (-0.006215,-0.001536), <E> = -0.639834 

T=1.900000	 Thermalizing iterations... 
Done.
Thermalized Magnetisation = (0.089493,0.096494), Energy = -0.650636 
Averaging iterations... h=0.000000,0.000000
Done.
Final: Magnetisation = (-0.054351,0.002173), Energy = -0.632832 
<M> = (-0.005699,-0.002922), <E> = -0.644129 

T=1.890000	 Thermalizing iterations... 
Done.
Thermalized Magnetisation = (-0.043590,0.025780), Energy = -0.672909 
Averaging iterations... h=0.000000,0.000000
Done.
Final: Magnetisation = (-0.034020,0.023554), Energy = -0.635452 
<M> = (-0.005568,-0.002562), <E> = -0.647783 

T=1.880000	 Thermalizing iterations... 
Done.
Thermalized Magnetisation = (-0.012810,-0.031989), Energy = -0.629804 
Averaging iterations... h=0.000000,0.000000
Done.
Final: Magnetisation = (-0.052221,0.007116), Energy = -0.680091 
<M> = (-0.005226,-0.001504), <E> = -0.651647 

T=1.870000	 Thermalizing iterations... 
Done.
Thermalized Magnetisation = (-0.043978,0.026169), Energy = -0.666302 
Averaging iterations... h=0.000000,0.000000
Done.
Final: Magnetisation = (0.015703,0.027640), Energy = -0.659131 
<M> = (-0.005777,0.001801), <E> = -0.654936 

T=1.860000	 Thermalizing iterations... 
Done.
Thermalized Magnetisation = (-0.036732,0.031704), Energy = -0.627353 
Averaging iterations... h=0.000000,0.000000
Done.
Final: Magnetisation = (0.025325,-0.017124), Energy = -0.644673 
<M> = (-0.007173,-0.000107), <E> = -0.659046 

T=1.850000	 Thermalizing iterations... 
Done.
Thermalized Magnetisation = (-0.010699,0.080522), Energy = -0.661032 
Averaging iterations... h=0.000000,0.000000
Done.
Final: Magnetisation = (0.030650,-0.027822), Energy = -0.693011 
<M> = (-0.007309,-0.000030), <E> = -0.663154 

T=1.840000	 Thermalizing iterations... 
Done.
Thermalized Magnetisation = (-0.010613,0.032577), Energy = -0.660905 
Averaging iterations... h=0.000000,0.000000
Done.
Final: Magnetisation = (0.013372,-0.004345), Energy = -0.693949 
<M> = (-0.005572,-0.001907), <E> = -0.667749 

T=1.830000	 Thermalizing iterations... 
Done.
Thermalized Magnetisation = (0.047964,-0.012365), Energy = -0.650768 
Averaging iterations... h=0.000000,0.000000
Done.
Final: Magnetisation = (-0.007900,0.030211), Energy = -0.663856 
<M> = (-0.007283,-0.002797), <E> = -0.672797 

T=1.820000	 Thermalizing iterations... 
Done.
Thermalized Magnetisation = (-0.007266,0.030916), Energy = -0.696120 
Averaging iterations... h=0.000000,0.000000
Done.
Final: Magnetisation = (0.022983,-0.013861), Energy = -0.662091 
<M> = (-0.006508,-0.002159), <E> = -0.677520 

T=1.810000	 Thermalizing iterations... 
Done.
Thermalized Magnetisation = (-0.011897,0.022079), Energy = -0.691600 
Averaging iterations... h=0.000000,0.000000
Done.
Final: Magnetisation = (-0.037858,0.023323), Energy = -0.650072 
<M> = (-0.004511,-0.001744), <E> = -0.681059 

T=1.800000	 Thermalizing iterations... 
Done.
Thermalized Magnetisation = (-0.053964,-0.011191), Energy = -0.669733 
Averaging iterations... h=0.000000,0.000000
Done.
Final: Magnetisation = (0.000345,0.022018), Energy = -0.713339 
<M> = (-0.005378,-0.000118), <E> = -0.684469 

T=1.790000	 Thermalizing iterations... 
Done.
Thermalized Magnetisation = (0.001672,-0.049895), Energy = -0.708319 
Averaging iterations... h=0.000000,0.000000
Done.
Final: Magnetisation = (-0.049900,-0.051904), Energy = -0.693957 
<M> = (-0.007605,0.000593), <E> = -0.689256 

T=1.780000	 Thermalizing iterations... 
Done.
Thermalized Magnetisation = (0.004472,-0.017671), Energy = -0.703563 
Averaging iterations... h=0.000000,0.000000
Done.
Final: Magnetisation = (0.026663,0.002488), Energy = -0.694831 
<M> = (-0.008484,0.000685), <E> = -0.693528 

T=1.770000	 Thermalizing iterations... 
Done.
Thermalized Magnetisation = (-0.005468,0.035167), Energy = -0.690863 
Averaging iterations... h=0.000000,0.000000
Done.
Final: Magnetisation = (0.002785,0.058861), Energy = -0.702426 
<M> = (-0.006693,-0.003134), <E> = -0.698447 

T=1.760000	 Thermalizing iterations... 
Done.
Thermalized Magnetisation = (-0.001817,0.015531), Energy = -0.759717 
Averaging iterations... h=0.000000,0.000000
Done.
Final: Magnetisation = (0.054485,-0.034456), Energy = -0.710696 
<M> = (-0.007288,-0.000595), <E> = -0.703725 

T=1.750000	 Thermalizing iterations... 
Done.
Thermalized Magnetisation = (-0.047303,0.006738), Energy = -0.702749 
Averaging iterations... h=0.000000,0.000000
Done.
Final: Magnetisation = (0.055026,-0.016224), Energy = -0.683618 
<M> = (-0.008049,-0.003663), <E> = -0.708887 

T=1.740000	 Thermalizing iterations... 
Done.
Thermalized Magnetisation = (0.027030,0.024005), Energy = -0.694385 
Averaging iterations... h=0.000000,0.000000
Done.
Final: Magnetisation = (-0.016443,-0.027425), Energy = -0.724065 
<M> = (-0.007575,-0.002487), <E> = -0.713388 

T=1.730000	 Thermalizing iterations... 
Done.
Thermalized Magnetisation = (0.008599,-0.016770), Energy = -0.722181 
Averaging iterations... h=0.000000,0.000000
Done.
Final: Magnetisation = (-0.066701,-0.060758), Energy = -0.729299 
<M> = (-0.006504,-0.000333), <E> = -0.717863 

T=1.720000	 Thermalizing iterations... 
Done.
Thermalized Magnetisation = (-0.020882,-0.059281), Energy = -0.712749 
Averaging iterations... h=0.000000,0.000000
Done.
Final: Magnetisation = (0.000994,0.034686), Energy = -0.736142 
<M> = (-0.009012,0.000823), <E> = -0.722066 

T=1.710000	 Thermalizing iterations... 
Done.
Thermalized Magnetisation = (0.004860,-0.056682), Energy = -0.765654 
Averaging iterations... h=0.000000,0.000000
Done.
Final: Magnetisation = (-0.005771,-0.044992), Energy = -0.728958 
<M> = (-0.008943,-0.000261), <E> = -0.727021 

T=1.700000	 Thermalizing iterations... 
Done.
Thermalized Magnetisation = (-0.005281,0.010335), Energy = -0.726347 
Averaging iterations... h=0.000000,0.000000
Done.
Final: Magnetisation = (-0.009634,0.027604), Energy = -0.738388 
<M> = (-0.008616,-0.000161), <E> = -0.732648 

T=1.690000	 Thermalizing iterations... 
Done.
Thermalized Magnetisation = (-0.091979,0.005461), Energy = -0.777908 
Averaging iterations... h=0.000000,0.000000
Done.
Final: Magnetisation = (0.005450,-0.086770), Energy = -0.734697 
<M> = (-0.008005,-0.001286), <E> = -0.737614 

T=1.680000	 Thermalizing iterations... 
Done.
Thermalized Magnetisation = (-0.044193,-0.035418), Energy = -0.748663 
Averaging iterations... h=0.000000,0.000000
Done.
Final: Magnetisation = (-0.031364,-0.104412), Energy = -0.744663 
<M> = (-0.009968,-0.003931), <E> = -0.743869 

T=1.670000	 Thermalizing iterations... 
Done.
Thermalized Magnetisation = (-0.059551,0.007406), Energy = -0.737841 
Averaging iterations... h=0.000000,0.000000
Done.
Final: Magnetisation = (-0.017114,-0.084250), Energy = -0.774888 
<M> = (-0.008416,-0.001653), <E> = -0.749019 

T=1.660000	 Thermalizing iterations... 
Done.
Thermalized Magnetisation = (-0.063114,-0.019569), Energy = -0.759105 
Averaging iterations... h=0.000000,0.000000
Done.
Final: Magnetisation = (-0.014672,-0.043862), Energy = -0.752496 
<M> = (-0.007942,-0.001673), <E> = -0.754068 

T=1.650000	 Thermalizing iterations... 
Done.
Thermalized Magnetisation = (0.005195,-0.022367), Energy = -0.740302 
Averaging iterations... h=0.000000,0.000000
Done.
Final: Magnetisation = (-0.067112,0.064506), Energy = -0.767944 
<M> = (-0.008253,0.001487), <E> = -0.758851 

T=1.640000	 Thermalizing iterations... 
Done.
Thermalized Magnetisation = (0.038523,0.066535), Energy = -0.791197 
Averaging iterations... h=0.000000,0.000000
Done.
Final: Magnetisation = (0.034262,-0.041876), Energy = -0.757796 
<M> = (-0.009775,0.001783), <E> = -0.764633 

T=1.630000	 Thermalizing iterations... 
Done.
Thermalized Magnetisation = (0.003818,0.016135), Energy = -0.774044 
Averaging iterations... h=0.000000,0.000000
Done.
Final: Magnetisation = (-0.005550,0.017884), Energy = -0.724907 
<M> = (-0.009450,0.000124), <E> = -0.770012 

T=1.620000	 Thermalizing iterations... 
Done.
Thermalized Magnetisation = (-0.005512,-0.069658), Energy = -0.776453 
Averaging iterations... h=0.000000,0.000000
Done.
Final: Magnetisation = (0.055288,-0.023691), Energy = -0.794454 
<M> = (-0.009193,-0.001086), <E> = -0.775529 

T=1.610000	 Thermalizing iterations... 
Done.
Thermalized Magnetisation = (0.016117,0.034101), Energy = -0.789673 
Averaging iterations... h=0.000000,0.000000
Done.
Final: Magnetisation = (-0.023634,0.080187), Energy = -0.806443 
<M> = (-0.010969,-0.002372), <E> = -0.782431 

T=1.600000	 Thermalizing iterations... 
Done.
Thermalized Magnetisation = (0.024812,-0.027639), Energy = -0.825246 
Averaging iterations... h=0.000000,0.000000
Done.
Final: Magnetisation = (-0.029312,-0.013036), Energy = -0.768120 
<M> = (-0.011064,-0.004918), <E> = -0.788802 

T=1.590000	 Thermalizing iterations... 
Done.
Thermalized Magnetisation = (-0.042666,0.021297), Energy = -0.769248 
Averaging iterations... h=0.000000,0.000000
Done.
Final: Magnetisation = (-0.127127,0.010865), Energy = -0.792013 
<M> = (-0.011425,-0.002068), <E> = -0.794411 

T=1.580000	 Thermalizing iterations... 
Done.
Thermalized Magnetisation = (-0.015426,-0.000716), Energy = -0.773679 
Averaging iterations... h=0.000000,0.000000
Done.
Final: Magnetisation = (-0.019279,-0.047338), Energy = -0.856834 
<M> = (-0.008165,0.000292), <E> = -0.799409 

T=1.570000	 Thermalizing iterations... 
Done.
Thermalized Magnetisation = (-0.013535,0.033492), Energy = -0.836489 
Averaging iterations... h=0.000000,0.000000
Done.
Final: Magnetisation = (-0.020634,0.020160), Energy = -0.809515 
<M> = (-0.010907,-0.000602), <E> = -0.805266 

T=1.560000	 Thermalizing iterations... 
Done.
Thermalized Magnetisation = (0.043474,-0.059780), Energy = -0.848076 
Averaging iterations... h=0.000000,0.000000
Done.
Final: Magnetisation = (-0.074811,-0.010015), Energy = -0.787494 
<M> = (-0.011494,0.001556), <E> = -0.811008 

T=1.550000	 Thermalizing iterations... 
Done.
Thermalized Magnetisation = (-0.096018,0.002112), Energy = -0.786232 
Averaging iterations... h=0.000000,0.000000
Done.
Final: Magnetisation = (-0.031435,0.017648), Energy = -0.799092 
<M> = (-0.011547,0.000081), <E> = -0.817902 

T=1.540000	 Thermalizing iterations... 
Done.
Thermalized Magnetisation = (-0.035067,0.092883), Energy = -0.819411 
Averaging iterations... h=0.000000,0.000000
Done.
Final: Magnetisation = (-0.002117,-0.074732), Energy = -0.846289 
<M> = (-0.011348,-0.000655), <E> = -0.824781 

T=1.530000	 Thermalizing iterations... 
Done.
Thermalized Magnetisation = (0.023448,0.000595), Energy = -0.850917 
Averaging iterations... h=0.000000,0.000000
Done.
Final: Magnetisation = (-0.007661,-0.000022), Energy = -0.815659 
<M> = (-0.012350,-0.004662), <E> = -0.832340 

T=1.520000	 Thermalizing iterations... 
Done.
Thermalized Magnetisation = (0.032507,0.084718), Energy = -0.833037 
Averaging iterations... h=0.000000,0.000000
Done.
Final: Magnetisation = (-0.047060,0.003993), Energy = -0.842981 
<M> = (-0.011619,-0.002128), <E> = -0.838747 

T=1.510000	 Thermalizing iterations... 
Done.
Thermalized Magnetisation = (-0.004197,0.003381), Energy = -0.871608 
Averaging iterations... h=0.000000,0.000000
Done.
Final: Magnetisation = (-0.016229,-0.014494), Energy = -0.839617 
<M> = (-0.010089,-0.000817), <E> = -0.844625 

T=1.500000	 Thermalizing iterations... 
Done.
Thermalized Magnetisation = (0.028859,-0.096994), Energy = -0.874808 
Averaging iterations... h=0.000000,0.000000
Done.
Final: Magnetisation = (-0.034618,-0.032069), Energy = -0.845230 
<M> = (-0.011204,0.003254), <E> = -0.850935 

T=1.490000	 Thermalizing iterations... 
Done.
Thermalized Magnetisation = (-0.005596,-0.006164), Energy = -0.828403 
Averaging iterations... h=0.000000,0.000000
Done.
Final: Magnetisation = (-0.030027,0.092520), Energy = -0.849014 
<M> = (-0.012554,0.003478), <E> = -0.857268 

T=1.480000	 Thermalizing iterations... 
Done.
Thermalized Magnetisation = (0.011481,-0.033587), Energy = -0.837269 
Averaging iterations... h=0.000000,0.000000
Done.
Final: Magnetisation = (0.015228,-0.005122), Energy = -0.860677 
<M> = (-0.016629,0.002266), <E> = -0.865071 

T=1.470000	 Thermalizing iterations... 
Done.
Thermalized Magnetisation = (0.038947,-0.004457), Energy = -0.890491 
Averaging iterations... h=0.000000,0.000000
Done.
Final: Magnetisation = (0.017464,-0.010128), Energy = -0.869513 
<M> = (-0.012657,-0.001508), <E> = -0.872495 

T=1.460000	 Thermalizing iterations... 
Done.
Thermalized Magnetisation = (-0.018954,0.059897), Energy = -0.878797 
Averaging iterations... h=0.000000,0.000000
Done.
Final: Magnetisation = (0.005465,0.015976), Energy = -0.873831 
<M> = (-0.015322,-0.002928), <E> = -0.880452 

T=1.450000	 Thermalizing iterations... 
Done.
Thermalized Magnetisation = (0.011565,0.035126), Energy = -0.897139 
Averaging iterations... h=0.000000,0.000000
Done.
Final: Magnetisation = (-0.049262,-0.028784), Energy = -0.889460 
<M> = (-0.015700,-0.006276), <E> = -0.888375 

T=1.440000	 Thermalizing iterations... 
Done.
Thermalized Magnetisation = (0.045647,-0.056123), Energy = -0.900754 
Averaging iterations... h=0.000000,0.000000
Done.
Final: Magnetisation = (-0.010075,-0.033118), Energy = -0.902336 
<M> = (-0.013658,-0.003512), <E> = -0.895278 

T=1.430000	 Thermalizing iterations... 
Done.
Thermalized Magnetisation = (-0.017258,-0.101928), Energy = -0.929341 
Averaging iterations... h=0.000000,0.000000
Done.
Final: Magnetisation = (-0.038252,-0.032707), Energy = -0.916754 
<M> = (-0.012684,0.001694), <E> = -0.902025 

T=1.420000	 Thermalizing iterations... 
Done.
Thermalized Magnetisation = (0.061593,0.083312), Energy = -0.896040 
Averaging iterations... h=0.000000,0.000000
Done.
Final: Magnetisation = (-0.020144,-0.030434), Energy = -0.880160 
<M> = (-0.015765,0.002360), <E> = -0.909251 

T=1.410000	 Thermalizing iterations... 
Done.
Thermalized Magnetisation = (-0.005063,-0.006538), Energy = -0.941950 
Averaging iterations... h=0.000000,0.000000
Done.
Final: Magnetisation = (-0.057635,-0.030396), Energy = -0.948256 
<M> = (-0.018139,0.007490), <E> = -0.916989 

T=1.400000	 Thermalizing iterations... 
Done.
Thermalized Magnetisation = (-0.023998,-0.020732), Energy = -0.899141 
Averaging iterations... h=0.000000,0.000000
Done.
Final: Magnetisation = (-0.006453,0.092694), Energy = -0.879151 
<M> = (-0.016967,-0.002636), <E> = -0.925738 

T=1.390000	 Thermalizing iterations... 
Done.
Thermalized Magnetisation = (-0.065609,-0.027523), Energy = -0.953772 
Averaging iterations... h=0.000000,0.000000
Done.
Final: Magnetisation = (0.000007,-0.003841), Energy = -0.952857 
<M> = (-0.018228,-0.005458), <E> = -0.934539 

T=1.380000	 Thermalizing iterations... 
Done.
Thermalized Magnetisation = (-0.013847,-0.001379), Energy = -0.918637 
Averaging iterations... h=0.000000,0.000000
Done.
Final: Magnetisation = (-0.024398,-0.042280), Energy = -0.895382 
<M> = (-0.018086,-0.009153), <E> = -0.943061 

T=1.370000	 Thermalizing iterations... 
Done.
Thermalized Magnetisation = (-0.100766,-0.061289), Energy = -0.952753 
Averaging iterations... h=0.000000,0.000000
Done.
Final: Magnetisation = (-0.050192,-0.006281), Energy = -0.910837 
<M> = (-0.019797,-0.006680), <E> = -0.951517 

T=1.360000	 Thermalizing iterations... 
Done.
Thermalized Magnetisation = (-0.035848,0.056155), Energy = -0.976167 
Averaging iterations... h=0.000000,0.000000
Done.
Final: Magnetisation = (0.025033,0.087346), Energy = -0.975948 
<M> = (-0.018000,-0.001203), <E> = -0.959117 

T=1.350000	 Thermalizing iterations... 
Done.
Thermalized Magnetisation = (-0.030914,0.096430), Energy = -0.976291 
Averaging iterations... h=0.000000,0.000000
Done.
Final: Magnetisation = (-0.041292,0.049853), Energy = -0.960500 
<M> = (-0.018423,0.008098), <E> = -0.966596 

T=1.340000	 Thermalizing iterations... 
Done.
Thermalized Magnetisation = (0.088511,0.005940), Energy = -1.021419 
Averaging iterations... h=0.000000,0.000000
Done.
Final: Magnetisation = (0.041961,0.000439), Energy = -0.995851 
<M> = (-0.022160,0.003890), <E> = -0.975780 

T=1.330000	 Thermalizing iterations... 
Done.
Thermalized Magnetisation = (0.037936,0.014849), Energy = -0.989253 
Averaging iterations... h=0.000000,0.000000
Done.
Final: Magnetisation = (-0.009399,-0.030744), Energy = -1.007415 
<M> = (-0.023579,0.001051), <E> = -0.985179 

T=1.320000	 Thermalizing iterations... 
Done.
Thermalized Magnetisation = (0.038545,0.002844), Energy = -0.989386 
Averaging iterations... h=0.000000,0.000000
Done.
Final: Magnetisation = (-0.056580,-0.017674), Energy = -0.954796 
<M> = (-0.018275,-0.002179), <E> = -0.995099 

T=1.310000	 Thermalizing iterations... 
Done.
Thermalized Magnetisation = (0.031603,-0.027704), Energy = -1.021772 
Averaging iterations... h=0.000000,0.000000
Done.
Final: Magnetisation = (-0.093570,0.080147), Energy = -1.023270 
<M> = (-0.023039,-0.008129), <E> = -1.005197 

T=1.300000	 Thermalizing iterations... 
Done.
Thermalized Magnetisation = (-0.056728,-0.037302), Energy = -0.988041 
Averaging iterations... h=0.000000,0.000000
Done.
Final: Magnetisation = (-0.010264,0.000209), Energy = -1.056921 
<M> = (-0.022041,-0.008097), <E> = -1.014231 

T=1.290000	 Thermalizing iterations... 
Done.
Thermalized Magnetisation = (-0.055936,-0.060557), Energy = -1.011585 
Averaging iterations... h=0.000000,0.000000
Done.
Final: Magnetisation = (-0.031032,-0.024758), Energy = -1.008586 
<M> = (-0.019003,-0.005145), <E> = -1.023750 

T=1.280000	 Thermalizing iterations... 
Done.
Thermalized Magnetisation = (-0.031064,-0.001463), Energy = -1.056094 
Averaging iterations... h=0.000000,0.000000
Done.
Final: Magnetisation = (-0.021686,-0.017306), Energy = -1.039959 
<M> = (-0.022838,0.000153), <E> = -1.031832 

T=1.270000	 Thermalizing iterations... 
Done.
Thermalized Magnetisation = (-0.063501,0.013580), Energy = -1.026487 
Averaging iterations... h=0.000000,0.000000
Done.
Final: Magnetisation = (-0.056281,-0.031873), Energy = -1.043472 
<M> = (-0.026721,0.004106), <E> = -1.040868 

T=1.260000	 Thermalizing iterations... 
Done.
Thermalized Magnetisation = (-0.058649,-0.005450), Energy = -1.033122 
Averaging iterations... h=0.000000,0.000000
Done.
Final: Magnetisation = (-0.078555,0.029021), Energy = -1.057085 
<M> = (-0.029386,0.008014), <E> = -1.051105 

T=1.250000	 Thermalizing iterations... 
Done.
Thermalized Magnetisation = (-0.011237,-0.060823), Energy = -1.087546 
Averaging iterations... h=0.000000,0.000000
Done.
Final: Magnetisation = (-0.087145,0.027521), Energy = -1.051154 
<M> = (-0.024185,-0.005730), <E> = -1.061994 

T=1.240000	 Thermalizing iterations... 
Done.
Thermalized Magnetisation = (-0.008554,-0.047057), Energy = -1.070254 
Averaging iterations... h=0.000000,0.000000
Done.
Final: Magnetisation = (-0.104167,-0.030776), Energy = -1.039665 
<M> = (-0.028758,-0.004912), <E> = -1.073157 

T=1.230000	 Thermalizing iterations... 
Done.
Thermalized Magnetisation = (-0.013221,0.114069), Energy = -1.085151 
Averaging iterations... h=0.000000,0.000000
Done.
Final: Magnetisation = (-0.054958,-0.079691), Energy = -1.036253 
<M> = (-0.031793,-0.015454), <E> = -1.083970 

T=1.220000	 Thermalizing iterations... 
Done.
Thermalized Magnetisation = (-0.016419,-0.020521), Energy = -1.081265 
Averaging iterations... h=0.000000,0.000000
Done.
Final: Magnetisation = (-0.045928,-0.107139), Energy = -1.115590 
<M> = (-0.031221,-0.011092), <E> = -1.093809 

T=1.210000	 Thermalizing iterations... 
Done.
Thermalized Magnetisation = (-0.041115,0.044826), Energy = -1.048160 
Averaging iterations... h=0.000000,0.000000
Done.
Final: Magnetisation = (-0.059665,0.006078), Energy = -1.116383 
<M> = (-0.027232,-0.001394), <E> = -1.103473 

T=1.200000	 Thermalizing iterations... 
Done.
Thermalized Magnetisation = (0.059019,-0.099121), Energy = -1.105872 
Averaging iterations... h=0.000000,0.000000
Done.
Final: Magnetisation = (-0.021064,0.001214), Energy = -1.104373 
<M> = (-0.032169,0.008391), <E> = -1.113833 

T=1.190000	 Thermalizing iterations... 
Done.
Thermalized Magnetisation = (0.007447,0.000132), Energy = -1.106381 
Averaging iterations... h=0.000000,0.000000
Done.
Final: Magnetisation = (-0.041536,-0.100781), Energy = -1.127875 
<M> = (-0.034465,0.010381), <E> = -1.124249 

T=1.180000	 Thermalizing iterations... 
Done.
Thermalized Magnetisation = (-0.084018,-0.055478), Energy = -1.118987 
Averaging iterations... h=0.000000,0.000000
Done.
Final: Magnetisation = (-0.016373,-0.041712), Energy = -1.099619 
<M> = (-0.034042,-0.002181), <E> = -1.136126 

T=1.170000	 Thermalizing iterations... 
Done.
Thermalized Magnetisation = (-0.130917,0.126735), Energy = -1.175299 
Averaging iterations... h=0.000000,0.000000
Done.
Final: Magnetisation = (-0.049737,0.146452), Energy = -1.134004 
<M> = (-0.034013,-0.005402), <E> = -1.147416 

T=1.160000	 Thermalizing iterations... 
Done.
Thermalized Magnetisation = (0.010540,-0.123450), Energy = -1.159008 
Averaging iterations... h=0.000000,0.000000
Done.
Final: Magnetisation = (-0.040606,-0.099522), Energy = -1.156124 
<M> = (-0.034720,-0.023883), <E> = -1.160752 

T=1.150000	 Thermalizing iterations... 
Done.
Thermalized Magnetisation = (-0.040356,-0.096167), Energy = -1.211068 
Averaging iterations... h=0.000000,0.000000
Done.
Final: Magnetisation = (-0.069816,0.067557), Energy = -1.170813 
<M> = (-0.036996,-0.020730), <E> = -1.171899 

T=1.140000	 Thermalizing iterations... 
Done.
Thermalized Magnetisation = (-0.126237,-0.109793), Energy = -1.186217 
Averaging iterations... h=0.000000,0.000000
Done.
Final: Magnetisation = (0.007641,-0.141225), Energy = -1.164176 
<M> = (-0.033430,-0.027860), <E> = -1.182856 

T=1.130000	 Thermalizing iterations... 
Done.
Thermalized Magnetisation = (-0.094933,0.096934), Energy = -1.179034 
Averaging iterations... h=0.000000,0.000000
Done.
Final: Magnetisation = (0.011445,0.096289), Energy = -1.178545 
<M> = (-0.036981,-0.001826), <E> = -1.193807 

T=1.120000	 Thermalizing iterations... 
Done.
Thermalized Magnetisation = (-0.035483,0.016358), Energy = -1.214140 
Averaging iterations... h=0.000000,0.000000
Done.
Final: Magnetisation = (-0.036011,-0.162322), Energy = -1.211614 
<M> = (-0.040297,0.026066), <E> = -1.205439 

T=1.110000	 Thermalizing iterations... 
Done.
Thermalized Magnetisation = (-0.012755,-0.093624), Energy = -1.199866 
Averaging iterations... h=0.000000,0.000000
Done.
Final: Magnetisation = (-0.017968,0.046265), Energy = -1.222655 
<M> = (-0.039123,0.013059), <E> = -1.215942 

T=1.100000	 Thermalizing iterations... 
Done.
Thermalized Magnetisation = (-0.102596,-0.178611), Energy = -1.268848 
Averaging iterations... h=0.000000,0.000000
Done.
Final: Magnetisation = (-0.053309,-0.118565), Energy = -1.217542 
<M> = (-0.040388,0.008840), <E> = -1.229476 

T=1.090000	 Thermalizing iterations... 
Done.
Thermalized Magnetisation = (-0.022451,-0.132707), Energy = -1.264394 
Averaging iterations... h=0.000000,0.000000
Done.
Final: Magnetisation = (-0.124625,0.010279), Energy = -1.268324 
<M> = (-0.048748,-0.023058), <E> = -1.241983 

T=1.080000	 Thermalizing iterations... 
Done.
Thermalized Magnetisation = (-0.075493,-0.009064), Energy = -1.256775 
Averaging iterations... h=0.000000,0.000000
Done.
Final: Magnetisation = (-0.023561,-0.062732), Energy = -1.268634 
<M> = (-0.048390,-0.079589), <E> = -1.255473 

T=1.070000	 Thermalizing iterations... 
Done.
Thermalized Magnetisation = (0.006360,0.045789), Energy = -1.279628 
Averaging iterations... h=0.000000,0.000000
Done.
Final: Magnetisation = (-0.022085,0.196491), Energy = -1.248323 
<M> = (-0.050265,-0.038719), <E> = -1.268244 

T=1.060000	 Thermalizing iterations... 
Done.
Thermalized Magnetisation = (-0.015275,0.137940), Energy = -1.275046 
Averaging iterations... h=0.000000,0.000000
Done.
Final: Magnetisation = (-0.014700,-0.196056), Energy = -1.301777 
<M> = (-0.040837,0.017233), <E> = -1.279121 

T=1.050000	 Thermalizing iterations... 
Done.
Thermalized Magnetisation = (-0.053326,0.035293), Energy = -1.300472 
Averaging iterations... h=0.000000,0.000000
Done.
Final: Magnetisation = (-0.056882,0.045821), Energy = -1.280993 
<M> = (-0.054458,-0.028893), <E> = -1.289813 

T=1.040000	 Thermalizing iterations... 
Done.
Thermalized Magnetisation = (-0.146505,0.096420), Energy = -1.289167 
Averaging iterations... h=0.000000,0.000000
Done.
Final: Magnetisation = (-0.059703,0.042294), Energy = -1.296047 
<M> = (-0.060221,0.070174), <E> = -1.303500 

T=1.030000	 Thermalizing iterations... 
Done.
Thermalized Magnetisation = (-0.071993,-0.129338), Energy = -1.304321 
Averaging iterations... h=0.000000,0.000000
Done.
Final: Magnetisation = (-0.059220,0.199739), Energy = -1.335445 
<M> = (-0.050924,0.018427), <E> = -1.316045 

T=1.020000	 Thermalizing iterations... 
Done.
Thermalized Magnetisation = (-0.056347,0.025074), Energy = -1.295818 
Averaging iterations... h=0.000000,0.000000
Done.
Final: Magnetisation = (-0.104371,0.137000), Energy = -1.352342 
<M> = (-0.054742,-0.088543), <E> = -1.328947 

T=1.010000	 Thermalizing iterations... 
Done.
Thermalized Magnetisation = (-0.109910,-0.003686), Energy = -1.343209 
Averaging iterations... h=0.000000,0.000000
Done.
Final: Magnetisation = (-0.044461,-0.350032), Energy = -1.342175 
<M> = (-0.056017,-0.262481), <E> = -1.348547 

T=1.000000	 Thermalizing iterations... 
Done.
Thermalized Magnetisation = (-0.031524,0.031746), Energy = -1.356379 
Averaging iterations... h=0.000000,0.000000
Done.
Final: Magnetisation = (-0.004971,-0.180886), Energy = -1.371872 
<M> = (-0.061867,-0.117070), <E> = -1.358013 

T=0.990000	 Thermalizing iterations... 
Done.
Thermalized Magnetisation = (-0.129995,0.157392), Energy = -1.384872 
Averaging iterations... h=0.000000,0.000000
Done.
Final: Magnetisation = (-0.010099,-0.231083), Energy = -1.367368 
<M> = (-0.049511,-0.014212), <E> = -1.370639 

T=0.980000	 Thermalizing iterations... 
Done.
Thermalized Magnetisation = (-0.063908,0.028436), Energy = -1.361263 
Averaging iterations... h=0.000000,0.000000
Done.
Final: Magnetisation = (0.003730,0.094117), Energy = -1.388181 
<M> = (-0.042229,0.063356), <E> = -1.379745 

T=0.970000	 Thermalizing iterations... 
Done.
Thermalized Magnetisation = (-0.038770,-0.352732), Energy = -1.371159 
Averaging iterations... h=0.000000,0.000000
Done.
Final: Magnetisation = (-0.044179,-0.088983), Energy = -1.413663 
<M> = (-0.062597,0.000524), <E> = -1.392894 

T=0.960000	 Thermalizing iterations... 
Done.
Thermalized Magnetisation = (-0.110180,-0.473923), Energy = -1.440791 
Averaging iterations... h=0.000000,0.000000
Done.
Final: Magnetisation = (-0.018175,-0.040483), Energy = -1.383700 
<M> = (-0.061907,-0.314036), <E> = -1.409262 

T=0.950000	 Thermalizing iterations... 
Done.
Thermalized Magnetisation = (-0.098458,-0.473322), Energy = -1.420522 
Averaging iterations... h=0.000000,0.000000
Done.
Final: Magnetisation = (-0.082833,-0.396387), Energy = -1.436800 
<M> = (-0.061554,-0.423300), <E> = -1.424320 

T=0.940000	 Thermalizing iterations... 
Done.
Thermalized Magnetisation = (-0.036556,-0.455348), Energy = -1.435815 
Averaging iterations... h=0.000000,0.000000
Done.
Final: Magnetisation = (-0.102363,-0.465513), Energy = -1.425346 
<M> = (-0.053782,-0.463178), <E> = -1.440213 

T=0.930000	 Thermalizing iterations... 
Done.
Thermalized Magnetisation = (-0.067175,-0.168217), Energy = -1.428527 
Averaging iterations... h=0.000000,0.000000
Done.
Final: Magnetisation = (-0.035609,-0.528924), Energy = -1.452596 
<M> = (-0.060982,-0.383066), <E> = -1.448318 

T=0.920000	 Thermalizing iterations... 
Done.
Thermalized Magnetisation = (-0.047510,-0.495999), Energy = -1.482637 
Averaging iterations... h=0.000000,0.000000
Done.
Final: Magnetisation = (-0.071167,-0.535361), Energy = -1.454995 
<M> = (-0.044375,-0.542692), <E> = -1.465958 

T=0.910000	 Thermalizing iterations... 
Done.
Thermalized Magnetisation = (-0.065934,-0.563685), Energy = -1.461136 
Averaging iterations... h=0.000000,0.000000
Done.
Final: Magnetisation = (-0.066229,-0.563970), Energy = -1.484493 
<M> = (-0.044975,-0.530067), <E> = -1.474068 

T=0.900000	 Thermalizing iterations... 
Done.
Thermalized Magnetisation = (-0.041348,-0.582638), Energy = -1.488618 
Averaging iterations... h=0.000000,0.000000
Done.
Final: Magnetisation = (0.042812,-0.513047), Energy = -1.472116 
<M> = (-0.054284,-0.557053), <E> = -1.486004 

T=0.890000	 Thermalizing iterations... 
Done.
Thermalized Magnetisation = (-0.052102,-0.563591), Energy = -1.501304 
Averaging iterations... h=0.000000,0.000000
Done.
Final: Magnetisation = (0.019103,-0.598781), Energy = -1.490891 
<M> = (-0.054203,-0.573348), <E> = -1.495683 

T=0.880000	 Thermalizing iterations... 
Done.
Thermalized Magnetisation = (-0.065196,-0.629694), Energy = -1.512423 
Averaging iterations... h=0.000000,0.000000
Done.
Final: Magnetisation = (0.048273,-0.594523), Energy = -1.520326 
<M> = (-0.044470,-0.589910), <E> = -1.507667 

T=0.870000	 Thermalizing iterations... 
Done.
Thermalized Magnetisation = (-0.063294,-0.626722), Energy = -1.540765 
Averaging iterations... h=0.000000,0.000000
Done.
Final: Magnetisation = (-0.061743,-0.554172), Energy = -1.515105 
<M> = (-0.063091,-0.593369), <E> = -1.517321 

T=0.860000	 Thermalizing iterations... 
Done.
Thermalized Magnetisation = (0.009673,-0.622665), Energy = -1.540597 
Averaging iterations... h=0.000000,0.000000
Done.
Final: Magnetisation = (-0.055095,-0.612089), Energy = -1.523544 
<M> = (-0.058820,-0.613717), <E> = -1.528151 

T=0.850000	 Thermalizing iterations... 
Done.
Thermalized Magnetisation = (-0.115575,-0.632569), Energy = -1.525444 
Averaging iterations... h=0.000000,0.000000
Done.
Final: Magnetisation = (-0.040279,-0.639081), Energy = -1.526336 
<M> = (-0.049653,-0.622283), <E> = -1.537280 

T=0.840000	 Thermalizing iterations... 
Done.
Thermalized Magnetisation = (-0.062690,-0.637082), Energy = -1.563511 
Averaging iterations... h=0.000000,0.000000
Done.
Final: Magnetisation = (-0.030861,-0.630717), Energy = -1.574496 
<M> = (-0.040479,-0.628375), <E> = -1.545791 

T=0.830000	 Thermalizing iterations... 
Done.
Thermalized Magnetisation = (-0.047925,-0.603546), Energy = -1.557225 
Averaging iterations... h=0.000000,0.000000
Done.
Final: Magnetisation = (-0.007217,-0.643778), Energy = -1.559028 
<M> = (-0.049026,-0.624490), <E> = -1.553182 

T=0.820000	 Thermalizing iterations... 
Done.
Thermalized Magnetisation = (-0.074506,-0.648017), Energy = -1.546515 
Averaging iterations... h=0.000000,0.000000
Done.
Final: Magnetisation = (-0.044286,-0.652712), Energy = -1.552785 
<M> = (-0.047615,-0.631399), <E> = -1.561451 

T=0.810000	 Thermalizing iterations... 
Done.
Thermalized Magnetisation = (-0.046292,-0.674612), Energy = -1.544335 
Averaging iterations... h=0.000000,0.000000
Done.
Final: Magnetisation = (-0.122779,-0.624726), Energy = -1.561446 
<M> = (-0.053278,-0.640984), <E> = -1.570673 

T=0.800000	 Thermalizing iterations... 
Done.
Thermalized Magnetisation = (-0.060458,-0.675909), Energy = -1.593542 
Averaging iterations... h=0.000000,0.000000
Done.
Final: Magnetisation = (-0.058841,-0.646382), Energy = -1.574869 
<M> = (-0.059941,-0.649060), <E> = -1.579419 

T=0.790000	 Thermalizing iterations... 
Done.
Thermalized Magnetisation = (-0.134078,-0.673732), Energy = -1.588077 
Averaging iterations... h=0.000000,0.000000
Done.
Final: Magnetisation = (-0.077986,-0.657407), Energy = -1.607960 
<M> = (-0.053329,-0.655456), <E> = -1.588899 

T=0.780000	 Thermalizing iterations... 
Done.
Thermalized Magnetisation = (-0.025909,-0.663401), Energy = -1.587748 
Averaging iterations... h=0.000000,0.000000
Done.
Final: Magnetisation = (-0.044688,-0.668013), Energy = -1.591967 
<M> = (-0.054795,-0.662963), <E> = -1.596534 

T=0.770000	 Thermalizing iterations... 
Done.
Thermalized Magnetisation = (0.018729,-0.673298), Energy = -1.597221 
Averaging iterations... h=0.000000,0.000000
Done.
Final: Magnetisation = (-0.062059,-0.634096), Energy = -1.579161 
<M> = (-0.040912,-0.668810), <E> = -1.604373 

T=0.760000	 Thermalizing iterations... 
Done.
Thermalized Magnetisation = (-0.063035,-0.671803), Energy = -1.595556 
Averaging iterations... h=0.000000,0.000000
Done.
Final: Magnetisation = (0.078738,-0.694274), Energy = -1.616854 
<M> = (-0.047744,-0.669450), <E> = -1.611343 

T=0.750000	 Thermalizing iterations... 
Done.
Thermalized Magnetisation = (-0.069664,-0.635622), Energy = -1.611068 
Averaging iterations... h=0.000000,0.000000
Done.
Final: Magnetisation = (-0.045159,-0.693978), Energy = -1.618205 
<M> = (-0.048036,-0.676367), <E> = -1.618757 

T=0.740000	 Thermalizing iterations... 
Done.
Thermalized Magnetisation = (-0.018977,-0.709898), Energy = -1.644319 
Averaging iterations... h=0.000000,0.000000
Done.
Final: Magnetisation = (-0.064804,-0.671884), Energy = -1.628858 
<M> = (-0.055274,-0.677709), <E> = -1.625917 

T=0.730000	 Thermalizing iterations... 
Done.
Thermalized Magnetisation = (-0.049877,-0.668788), Energy = -1.633496 
Averaging iterations... h=0.000000,0.000000
Done.
Final: Magnetisation = (-0.055029,-0.678921), Energy = -1.628676 
<M> = (-0.052597,-0.679957), <E> = -1.633825 

T=0.720000	 Thermalizing iterations... 
Done.
Thermalized Magnetisation = (-0.025792,-0.700817), Energy = -1.634380 
Averaging iterations... h=0.000000,0.000000
Done.
Final: Magnetisation = (-0.071732,-0.687596), Energy = -1.638004 
<M> = (-0.055479,-0.689949), <E> = -1.641807 

T=0.710000	 Thermalizing iterations... 
Done.
Thermalized Magnetisation = (-0.048598,-0.702469), Energy = -1.651289 
Averaging iterations... h=0.000000,0.000000
Done.
Final: Magnetisation = (-0.108819,-0.679025), Energy = -1.660646 
<M> = (-0.053362,-0.694808), <E> = -1.649039 

T=0.700000	 Thermalizing iterations... 
Done.
Thermalized Magnetisation = (-0.077830,-0.705094), Energy = -1.652373 
Averaging iterations... h=0.000000,0.000000
Done.
Final: Magnetisation = (-0.116254,-0.663206), Energy = -1.651725 
<M> = (-0.059052,-0.700350), <E> = -1.656507 

T=0.690000	 Thermalizing iterations... 
Done.
Thermalized Magnetisation = (-0.078457,-0.708096), Energy = -1.654401 
Averaging iterations... h=0.000000,0.000000
Done.
Final: Magnetisation = (-0.059756,-0.729327), Energy = -1.663239 
<M> = (-0.045009,-0.703195), <E> = -1.663187 

T=0.680000	 Thermalizing iterations... 
Done.
Thermalized Magnetisation = (-0.104721,-0.683626), Energy = -1.659689 
Averaging iterations... h=0.000000,0.000000
Done.
Final: Magnetisation = (-0.096764,-0.708996), Energy = -1.664712 
<M> = (-0.047712,-0.704511), <E> = -1.669248 

T=0.670000	 Thermalizing iterations... 
Done.
Thermalized Magnetisation = (-0.044317,-0.705987), Energy = -1.673026 
Averaging iterations... h=0.000000,0.000000
Done.
Final: Magnetisation = (-0.002158,-0.697019), Energy = -1.684794 
<M> = (-0.047865,-0.708237), <E> = -1.676529 

T=0.660000	 Thermalizing iterations... 
Done.
Thermalized Magnetisation = (-0.061038,-0.711830), Energy = -1.669217 
Averaging iterations... h=0.000000,0.000000
Done.
Final: Magnetisation = (-0.072220,-0.692429), Energy = -1.689791 
<M> = (-0.045711,-0.710760), <E> = -1.683164 

T=0.650000	 Thermalizing iterations... 
Done.
Thermalized Magnetisation = (-0.101892,-0.710144), Energy = -1.683551 
Averaging iterations... h=0.000000,0.000000
Done.
Final: Magnetisation = (-0.090337,-0.722791), Energy = -1.688297 
<M> = (-0.049694,-0.714384), <E> = -1.690424 

T=0.640000	 Thermalizing iterations... 
Done.
Thermalized Magnetisation = (-0.039962,-0.749702), Energy = -1.712058 
Averaging iterations... h=0.000000,0.000000
Done.
Final: Magnetisation = (-0.045627,-0.737669), Energy = -1.713385 
<M> = (-0.059090,-0.723795), <E> = -1.697534 

T=0.630000	 Thermalizing iterations... 
Done.
Thermalized Magnetisation = (-0.086324,-0.719321), Energy = -1.703850 
Averaging iterations... h=0.000000,0.000000
Done.
Final: Magnetisation = (-0.088647,-0.728636), Energy = -1.708406 
<M> = (-0.053202,-0.727328), <E> = -1.704040 

T=0.620000	 Thermalizing iterations... 
Done.
Thermalized Magnetisation = (-0.051990,-0.743000), Energy = -1.714024 
Averaging iterations... h=0.000000,0.000000
Done.
Final: Magnetisation = (0.004910,-0.733642), Energy = -1.710325 
<M> = (-0.045300,-0.730608), <E> = -1.710578 

T=0.610000	 Thermalizing iterations... 
Done.
Thermalized Magnetisation = (-0.056573,-0.751873), Energy = -1.726023 
Averaging iterations... h=0.000000,0.000000
Done.
Final: Magnetisation = (-0.117732,-0.725871), Energy = -1.711252 
<M> = (-0.053608,-0.730760), <E> = -1.716821 

T=0.600000	 Thermalizing iterations... 
Done.
Thermalized Magnetisation = (-0.035604,-0.714901), Energy = -1.719675 
Averaging iterations... h=0.000000,0.000000
Done.
Final: Magnetisation = (-0.028167,-0.741833), Energy = -1.728768 
<M> = (-0.054509,-0.734468), <E> = -1.723098 

T=0.590000	 Thermalizing iterations... 
Done.
Thermalized Magnetisation = (-0.072213,-0.721780), Energy = -1.722284 
Averaging iterations... h=0.000000,0.000000
Done.
Final: Magnetisation = (-0.014459,-0.756390), Energy = -1.730004 
<M> = (-0.048812,-0.737619), <E> = -1.729234 

T=0.580000	 Thermalizing iterations... 
Done.
Thermalized Magnetisation = (-0.027470,-0.725388), Energy = -1.741474 
Averaging iterations... h=0.000000,0.000000
Done.
Final: Magnetisation = (-0.067783,-0.750823), Energy = -1.745203 
<M> = (-0.051594,-0.743310), <E> = -1.735928 

T=0.570000	 Thermalizing iterations... 
Done.
Thermalized Magnetisation = (-0.042519,-0.746820), Energy = -1.750698 
Averaging iterations... h=0.000000,0.000000
Done.
Final: Magnetisation = (0.007534,-0.734661), Energy = -1.744764 
<M> = (-0.049597,-0.746483), <E> = -1.742583 

T=0.560000	 Thermalizing iterations... 
Done.
Thermalized Magnetisation = (-0.020172,-0.748175), Energy = -1.750266 
Averaging iterations... h=0.000000,0.000000
Done.
Final: Magnetisation = (-0.016077,-0.745291), Energy = -1.749760 
<M> = (-0.054336,-0.751810), <E> = -1.749142 

T=0.550000	 Thermalizing iterations... 
Done.
Thermalized Magnetisation = (-0.095255,-0.756030), Energy = -1.761577 
Averaging iterations... h=0.000000,0.000000
Done.
Final: Magnetisation = (-0.053542,-0.752036), Energy = -1.758198 
<M> = (-0.053648,-0.757438), <E> = -1.755326 

T=0.540000	 Thermalizing iterations... 
Done.
Thermalized Magnetisation = (-0.057786,-0.742986), Energy = -1.757972 
Averaging iterations... h=0.000000,0.000000
Done.
Final: Magnetisation = (-0.058502,-0.760917), Energy = -1.752565 
<M> = (-0.051162,-0.755937), <E> = -1.760936 

T=0.530000	 Thermalizing iterations... 
Done.
Thermalized Magnetisation = (0.008705,-0.758287), Energy = -1.775538 
Averaging iterations... h=0.000000,0.000000
Done.
Final: Magnetisation = (-0.059312,-0.764461), Energy = -1.777028 
<M> = (-0.058617,-0.757880), <E> = -1.767041 

T=0.520000	 Thermalizing iterations... 
Done.
Thermalized Magnetisation = (-0.099015,-0.749653), Energy = -1.772214 
Averaging iterations... h=0.000000,0.000000
Done.
Final: Magnetisation = (-0.066523,-0.753996), Energy = -1.772737 
<M> = (-0.054249,-0.761038), <E> = -1.772659 

T=0.510000	 Thermalizing iterations... 
Done.
Thermalized Magnetisation = (-0.095979,-0.751847), Energy = -1.783395 
Averaging iterations... h=0.000000,0.000000
Done.
Final: Magnetisation = (-0.007984,-0.771500), Energy = -1.781204 
<M> = (-0.051159,-0.765810), <E> = -1.779094 

T=0.500000	 Thermalizing iterations... 
Done.
Thermalized Magnetisation = (-0.055769,-0.780559), Energy = -1.787155 
Averaging iterations... h=0.000000,0.000000
Done.
Final: Magnetisation = (-0.070411,-0.770801), Energy = -1.789286 
<M> = (-0.049098,-0.769736), <E> = -1.785501 

T=0.490000	 Thermalizing iterations... 
Done.
Thermalized Magnetisation = (-0.073874,-0.769828), Energy = -1.788049 
Averaging iterations... h=0.000000,0.000000
Done.
Final: Magnetisation = (-0.029348,-0.781148), Energy = -1.786121 
<M> = (-0.053839,-0.773705), <E> = -1.791606 

T=0.480000	 Thermalizing iterations... 
Done.
Thermalized Magnetisation = (0.005141,-0.762380), Energy = -1.799868 
Averaging iterations... h=0.000000,0.000000
Done.
Final: Magnetisation = (-0.104598,-0.756457), Energy = -1.785029 
<M> = (-0.052047,-0.777645), <E> = -1.797431 

T=0.470000	 Thermalizing iterations... 
Done.
Thermalized Magnetisation = (-0.004432,-0.792664), Energy = -1.807585 
Averaging iterations... h=0.000000,0.000000
Done.
Final: Magnetisation = (-0.060784,-0.777568), Energy = -1.802657 
<M> = (-0.047442,-0.779230), <E> = -1.803553 

T=0.460000	 Thermalizing iterations... 
Done.
Thermalized Magnetisation = (-0.005189,-0.794455), Energy = -1.800515 
Averaging iterations... h=0.000000,0.000000
Done.
Final: Magnetisation = (-0.047500,-0.778364), Energy = -1.796495 
<M> = (-0.051215,-0.780446), <E> = -1.808947 

T=0.450000	 Thermalizing iterations... 
Done.
Thermalized Magnetisation = (-0.027802,-0.779154), Energy = -1.816032 
Averaging iterations... h=0.000000,0.000000
Done.
Final: Magnetisation = (-0.021957,-0.792281), Energy = -1.814112 
<M> = (-0.051727,-0.782379), <E> = -1.814741 

T=0.440000	 Thermalizing iterations... 
Done.
Thermalized Magnetisation = (-0.057198,-0.793954), Energy = -1.815911 
Averaging iterations... h=0.000000,0.000000
Done.
Final: Magnetisation = (-0.014694,-0.779518), Energy = -1.819310 
<M> = (-0.048220,-0.786113), <E> = -1.820560 

T=0.430000	 Thermalizing iterations... 
Done.
Thermalized Magnetisation = (-0.103954,-0.798836), Energy = -1.831730 
Averaging iterations... h=0.000000,0.000000
Done.
Final: Magnetisation = (-0.084724,-0.785117), Energy = -1.816482 
<M> = (-0.051489,-0.789976), <E> = -1.826466 

T=0.420000	 Thermalizing iterations... 
Done.
Thermalized Magnetisation = (-0.039609,-0.802082), Energy = -1.828283 
Averaging iterations... h=0.000000,0.000000
Done.
Final: Magnetisation = (-0.044784,-0.783686), Energy = -1.833235 
<M> = (-0.053464,-0.794422), <E> = -1.832445 

T=0.410000	 Thermalizing iterations... 
Done.
Thermalized Magnetisation = (-0.000843,-0.801420), Energy = -1.836276 
Averaging iterations... h=0.000000,0.000000
Done.
Final: Magnetisation = (-0.059320,-0.779773), Energy = -1.837760 
<M> = (-0.056863,-0.798406), <E> = -1.838310 

T=0.400000	 Thermalizing iterations... 
Done.
Thermalized Magnetisation = (-0.080235,-0.783930), Energy = -1.835153 
Averaging iterations... h=0.000000,0.000000
Done.
Final: Magnetisation = (-0.040829,-0.804829), Energy = -1.840456 
<M> = (-0.050051,-0.800911), <E> = -1.843978 

T=0.390000	 Thermalizing iterations... 
Done.
Thermalized Magnetisation = (-0.070457,-0.785232), Energy = -1.844425 
Averaging iterations... h=0.000000,0.000000
Done.
Final: Magnetisation = (-0.044493,-0.801546), Energy = -1.839486 
<M> = (-0.048730,-0.801288), <E> = -1.849595 

T=0.380000	 Thermalizing iterations... 
Done.
Thermalized Magnetisation = (-0.056946,-0.813443), Energy = -1.852425 
Averaging iterations... h=0.000000,0.000000
Done.
Final: Magnetisation = (-0.094074,-0.800901), Energy = -1.857057 
<M> = (-0.055471,-0.804011), <E> = -1.855084 

T=0.370000	 Thermalizing iterations... 
Done.
Thermalized Magnetisation = (-0.027362,-0.805792), Energy = -1.868738 
Averaging iterations... h=0.000000,0.000000
Done.
Final: Magnetisation = (-0.009731,-0.805670), Energy = -1.859777 
<M> = (-0.049464,-0.807296), <E> = -1.860590 

T=0.360000	 Thermalizing iterations... 
Done.
Thermalized Magnetisation = (-0.038788,-0.813877), Energy = -1.868680 
Averaging iterations... h=0.000000,0.000000
Done.
Final: Magnetisation = (-0.048410,-0.816822), Energy = -1.863363 
<M> = (-0.046820,-0.811988), <E> = -1.866275 

T=0.350000	 Thermalizing iterations... 
Done.
Thermalized Magnetisation = (-0.066627,-0.792815), Energy = -1.866117 
Averaging iterations... h=0.000000,0.000000
Done.
Final: Magnetisation = (-0.045430,-0.809710), Energy = -1.871200 
<M> = (-0.051617,-0.814802), <E> = -1.871998 

T=0.340000	 Thermalizing iterations... 
Done.
Thermalized Magnetisation = (-0.027993,-0.816415), Energy = -1.879472 
Averaging iterations... h=0.000000,0.000000
Done.
Final: Magnetisation = (-0.036642,-0.814690), Energy = -1.874703 
<M> = (-0.054911,-0.818087), <E> = -1.877937 

T=0.330000	 Thermalizing iterations... 
Done.
Thermalized Magnetisation = (-0.069361,-0.827650), Energy = -1.881873 
Averaging iterations... h=0.000000,0.000000
Done.
Final: Magnetisation = (-0.045857,-0.834326), Energy = -1.885894 
<M> = (-0.053285,-0.820837), <E> = -1.883345 

T=0.320000	 Thermalizing iterations... 
Done.
Thermalized Magnetisation = (-0.046367,-0.813664), Energy = -1.884589 
Averaging iterations... h=0.000000,0.000000
Done.
Final: Magnetisation = (-0.039268,-0.836312), Energy = -1.891825 
<M> = (-0.051045,-0.822605), <E> = -1.888675 

T=0.310000	 Thermalizing iterations... 
Done.
Thermalized Magnetisation = (-0.039202,-0.827392), Energy = -1.891379 
Averaging iterations... h=0.000000,0.000000
Done.
Final: Magnetisation = (-0.070248,-0.821077), Energy = -1.887815 
<M> = (-0.049512,-0.823847), <E> = -1.894286 

T=0.300000	 Thermalizing iterations... 
Done.
Thermalized Magnetisation = (-0.074963,-0.827428), Energy = -1.903218 
Averaging iterations... h=0.000000,0.000000
Done.
Final: Magnetisation = (-0.051949,-0.822681), Energy = -1.894546 
<M> = (-0.046909,-0.827601), <E> = -1.899821 

T=0.290000	 Thermalizing iterations... 
Done.
Thermalized Magnetisation = (-0.051246,-0.833550), Energy = -1.905953 
Averaging iterations... h=0.000000,0.000000
Done.
Final: Magnetisation = (-0.041705,-0.836462), Energy = -1.905010 
<M> = (-0.048897,-0.830631), <E> = -1.905152 

T=0.280000	 Thermalizing iterations... 
Done.
Thermalized Magnetisation = (-0.059606,-0.835050), Energy = -1.907233 
Averaging iterations... h=0.000000,0.000000
Done.
Final: Magnetisation = (-0.054866,-0.839958), Energy = -1.908404 
<M> = (-0.051515,-0.832702), <E> = -1.910446 

T=0.270000	 Thermalizing iterations... 
Done.
Thermalized Magnetisation = (-0.061242,-0.840762), Energy = -1.916608 
Averaging iterations... h=0.000000,0.000000
Done.
Final: Magnetisation = (-0.034691,-0.838685), Energy = -1.913159 
<M> = (-0.051820,-0.836158), <E> = -1.916158 

T=0.260000	 Thermalizing iterations... 
Done.
Thermalized Magnetisation = (-0.063693,-0.835045), Energy = -1.925735 
Averaging iterations... h=0.000000,0.000000
Done.
Final: Magnetisation = (-0.071859,-0.838416), Energy = -1.918155 
<M> = (-0.051958,-0.840479), <E> = -1.921502 

T=0.250000	 Thermalizing iterations... 
Done.
Thermalized Magnetisation = (-0.038837,-0.847630), Energy = -1.928621 
Averaging iterations... h=0.000000,0.000000
Done.
Final: Magnetisation = (-0.051594,-0.831993), Energy = -1.928818 
<M> = (-0.052577,-0.840597), <E> = -1.926782 

T=0.240000	 Thermalizing iterations... 
Done.
Thermalized Magnetisation = (-0.054488,-0.846269), Energy = -1.932000 
Averaging iterations... h=0.000000,0.000000
Done.
Final: Magnetisation = (-0.029819,-0.847840), Energy = -1.931749 
<M> = (-0.049844,-0.842816), <E> = -1.932209 

T=0.230000	 Thermalizing iterations... 
Done.
Thermalized Magnetisation = (-0.059425,-0.839864), Energy = -1.937861 
Averaging iterations... h=0.000000,0.000000
Done.
Final: Magnetisation = (-0.085918,-0.840371), Energy = -1.933486 
<M> = (-0.051723,-0.847090), <E> = -1.937499 

T=0.220000	 Thermalizing iterations... 
Done.
Thermalized Magnetisation = (-0.012332,-0.856922), Energy = -1.942289 
Averaging iterations... h=0.000000,0.000000
Done.
Final: Magnetisation = (-0.031973,-0.841978), Energy = -1.938529 
<M> = (-0.051124,-0.847925), <E> = -1.942861 

T=0.210000	 Thermalizing iterations... 
Done.
Thermalized Magnetisation = (-0.048406,-0.852541), Energy = -1.945826 
Averaging iterations... h=0.000000,0.000000
Done.
Final: Magnetisation = (-0.049416,-0.852792), Energy = -1.948197 
<M> = (-0.052887,-0.850181), <E> = -1.948102 

T=0.200000	 Thermalizing iterations... 
Done.
Thermalized Magnetisation = (-0.041725,-0.847493), Energy = -1.953039 
Averaging iterations... h=0.000000,0.000000
Done.
Final: Magnetisation = (-0.042681,-0.854906), Energy = -1.952142 
<M> = (-0.050308,-0.854966), <E> = -1.953549 

T=0.190000	 Thermalizing iterations... 
Done.
Thermalized Magnetisation = (-0.054993,-0.851326), Energy = -1.957642 
Averaging iterations... h=0.000000,0.000000
Done.
Final: Magnetisation = (-0.060956,-0.854817), Energy = -1.961215 
<M> = (-0.052627,-0.857220), <E> = -1.958834 

T=0.180000	 Thermalizing iterations... 
Done.
Thermalized Magnetisation = (-0.060518,-0.850252), Energy = -1.967202 
Averaging iterations... h=0.000000,0.000000
Done.
Final: Magnetisation = (-0.046938,-0.862078), Energy = -1.966160 
<M> = (-0.045851,-0.858967), <E> = -1.964153 

T=0.170000	 Thermalizing iterations... 
Done.
Thermalized Magnetisation = (-0.063984,-0.863680), Energy = -1.964677 
Averaging iterations... h=0.000000,0.000000
Done.
Final: Magnetisation = (-0.056044,-0.862187), Energy = -1.968138 
<M> = (-0.048117,-0.862919), <E> = -1.969325 

T=0.160000	 Thermalizing iterations... 
Done.
Thermalized Magnetisation = (-0.057674,-0.870221), Energy = -1.975315 
Averaging iterations... h=0.000000,0.000000
Done.
Final: Magnetisation = (-0.041241,-0.867825), Energy = -1.975413 
<M> = (-0.049977,-0.863283), <E> = -1.974506 

T=0.150000	 Thermalizing iterations... 
Done.
Thermalized Magnetisation = (-0.025128,-0.865559), Energy = -1.979032 
Averaging iterations... h=0.000000,0.000000
Done.
Final: Magnetisation = (-0.045562,-0.872328), Energy = -1.978916 
<M> = (-0.046607,-0.867243), <E> = -1.979666 

T=0.140000	 Thermalizing iterations... 
Done.
Thermalized Magnetisation = (-0.057251,-0.868454), Energy = -1.985465 
Averaging iterations... h=0.000000,0.000000
Done.
Final: Magnetisation = (-0.057175,-0.868558), Energy = -1.986000 
<M> = (-0.048205,-0.869667), <E> = -1.984980 

T=0.130000	 Thermalizing iterations... 
Done.
Thermalized Magnetisation = (-0.040287,-0.870343), Energy = -1.992042 
Averaging iterations... h=0.000000,0.000000
Done.
Final: Magnetisation = (-0.084469,-0.865176), Energy = -1.987944 
<M> = (-0.047151,-0.872940), <E> = -1.990075 

T=0.120000	 Thermalizing iterations... 
Done.
Thermalized Magnetisation = (-0.035748,-0.876228), Energy = -1.993892 
Averaging iterations... h=0.000000,0.000000
Done.
Final: Magnetisation = (-0.035100,-0.877869), Energy = -1.994882 
<M> = (-0.048997,-0.875198), <E> = -1.995325 

T=0.110000	 Thermalizing iterations... 
Done.
Thermalized Magnetisation = (-0.052958,-0.874670), Energy = -2.002369 
Averaging iterations... h=0.000000,0.000000
Done.
Final: Magnetisation = (-0.062989,-0.874265), Energy = -2.000537 
<M> = (-0.054280,-0.876899), <E> = -2.000525 

T=0.100000	 Thermalizing iterations... 
Done.
Thermalized Magnetisation = (-0.052135,-0.876233), Energy = -2.007667 
Averaging iterations... h=0.000000,0.000000
Done.
Final: Magnetisation = (-0.054561,-0.881076), Energy = -2.006376 
<M> = (-0.052746,-0.879553), <E> = -2.005569 

T=0.090000	 Thermalizing iterations... 
Done.
Thermalized Magnetisation = (-0.043619,-0.885502), Energy = -2.008267 
Averaging iterations... h=0.000000,0.000000
Done.
Final: Magnetisation = (-0.050563,-0.886734), Energy = -2.010126 
<M> = (-0.053881,-0.881520), <E> = -2.010706 

T=0.080000	 Thermalizing iterations... 
Done.
Thermalized Magnetisation = (-0.051060,-0.887431), Energy = -2.017363 
Averaging iterations... h=0.000000,0.000000
Done.
Final: Magnetisation = (-0.063941,-0.882952), Energy = -2.016957 
<M> = (-0.056231,-0.884442), <E> = -2.015765 

T=0.070000	 Thermalizing iterations... 
Done.
Thermalized Magnetisation = (-0.054469,-0.882802), Energy = -2.020528 
Averaging iterations... h=0.000000,0.000000
Done.
Final: Magnetisation = (-0.048564,-0.887472), Energy = -2.020417 
<M> = (-0.050432,-0.886872), <E> = -2.020916 

T=0.060000	 Thermalizing iterations... 
Done.
Thermalized Magnetisation = (-0.060759,-0.888754), Energy = -2.024942 
Averaging iterations... h=0.000000,0.000000
Done.
Final: Magnetisation = (-0.054686,-0.890150), Energy = -2.025045 
<M> = (-0.052932,-0.889089), <E> = -2.026014 

T=0.050000	 Thermalizing iterations... 
Done.
Thermalized Magnetisation = (-0.052553,-0.892453), Energy = -2.031590 
Averaging iterations... h=0.000000,0.000000
Done.
Final: Magnetisation = (-0.050912,-0.893143), Energy = -2.030759 
<M> = (-0.049220,-0.892512), <E> = -2.031087 

T=0.040000	 Thermalizing iterations... 
Done.
Thermalized Magnetisation = (-0.058178,-0.892637), Energy = -2.036113 
Averaging iterations... h=0.000000,0.000000
Done.
Final: Magnetisation = (-0.045856,-0.894073), Energy = -2.035654 
<M> = (-0.052743,-0.894368), <E> = -2.036130 

T=0.030000	 Thermalizing iterations... 
Done.
Thermalized Magnetisation = (-0.060382,-0.896096), Energy = -2.041149 
Averaging iterations... h=0.000000,0.000000
Done.
Final: Magnetisation = (-0.046338,-0.896638), Energy = -2.040857 
<M> = (-0.054031,-0.896777), <E> = -2.041172 

T=0.020000	 Thermalizing iterations... 
Done.
Thermalized Magnetisation = (-0.045099,-0.898159), Energy = -2.046023 
Averaging iterations... h=0.000000,0.000000
Done.
Final: Magnetisation = (-0.050113,-0.900672), Energy = -2.046461 
<M> = (-0.052161,-0.898954), <E> = -2.046212 

T=0.010000	 Thermalizing iterations... 
Done.
Thermalized Magnetisation = (-0.048552,-0.901975), Energy = -2.051215 
Averaging iterations... h=0.000000,0.000000
Done.
Final: Magnetisation = (-0.053303,-0.901248), Energy = -2.051145 
<M> = (-0.051397,-0.901069), <E> = -2.051211 
Final Magnetisation = (-0.053303,-0.901248), Energy = -2.051145 
------------------------

Updating all (first)black/(then)white checkerboard sites simultaneously.. 

ztne RFXY h rotating with |h|=0.000000 at T=0.000000..
loop 1

loop 2

CPU  Start Time = 5512901.375748 

CPU  End Time = 5520383.720905 

CPU Time elapsed total = 7482.345157 

real	124m42.386s
user	1994m23.619s
sys	0m50.293s
