+ cd /home/sbasak/Exercises/OpenMP/XY_code/Z2/rotating_field/trial/config/config_95
+ export OMP_NUM_THREADS=28
+ OMP_NUM_THREADS=28
+ ./a_16.out
nearest neighbor initialized. 
h loaded. 
J loaded. 
L = 128, dim_L = 2, dim_S = 2
hysteresis_MCS_multiplier = 10, hysteresis_MCS_max = 100
RAND_MAX = 2147483647.000000,
 sizeof(int) = 4,
 sizeof(long) = 8,
 sizeof(double) = 8,
 sizeof(long int) = 8,
 sizeof(short int) = 2,
 sizeof(unsigned int) = 4,
 sizeof(RAND_MAX) = 4
No. of THREADS = 28
No. of PROCESSORS = 28

0.058605,0.021506
order = ({1.000000-->-1.000000,0.000000}, 0, 1)
Initial Magnetisation = (0.058605,0.021506), Energy = 0.023621 
Cooling... 
T=2.000000	 Thermalizing iterations... 
Done.
Thermalized Magnetisation = (0.031792,-0.023799), Energy = -0.568162 
Averaging iterations... h=0.031250,0.000000
Done.
Final: Magnetisation = (0.025693,-0.041357), Energy = -0.575704 
<M> = (0.028606,-0.000344), <E> = -0.609626 

T=1.990000	 Thermalizing iterations... 
Done.
Thermalized Magnetisation = (0.009281,0.037861), Energy = -0.629834 
Averaging iterations... h=0.031250,0.000000
Done.
Final: Magnetisation = (0.008485,0.009846), Energy = -0.646305 
<M> = (0.030485,-0.001637), <E> = -0.614154 

T=1.980000	 Thermalizing iterations... 
Done.
Thermalized Magnetisation = (0.026772,0.014398), Energy = -0.638997 
Averaging iterations... h=0.031250,0.000000
Done.
Final: Magnetisation = (0.050106,0.001275), Energy = -0.628401 
<M> = (0.029739,-0.001107), <E> = -0.618215 

T=1.970000	 Thermalizing iterations... 
Done.
Thermalized Magnetisation = (0.016646,0.026220), Energy = -0.630722 
Averaging iterations... h=0.031250,0.000000
Done.
Final: Magnetisation = (0.001017,-0.048983), Energy = -0.618720 
<M> = (0.030645,-0.002042), <E> = -0.622333 

T=1.960000	 Thermalizing iterations... 
Done.
Thermalized Magnetisation = (0.029308,-0.029337), Energy = -0.673359 
Averaging iterations... h=0.031250,0.000000
Done.
Final: Magnetisation = (0.026327,0.005214), Energy = -0.625290 
<M> = (0.031938,-0.000902), <E> = -0.625600 

T=1.950000	 Thermalizing iterations... 
Done.
Thermalized Magnetisation = (0.022706,0.005122), Energy = -0.638354 
Averaging iterations... h=0.031250,0.000000
Done.
Final: Magnetisation = (0.090809,0.000967), Energy = -0.652471 
<M> = (0.032706,0.000035), <E> = -0.628627 

T=1.940000	 Thermalizing iterations... 
Done.
Thermalized Magnetisation = (0.065586,-0.004181), Energy = -0.618460 
Averaging iterations... h=0.031250,0.000000
Done.
Final: Magnetisation = (0.079091,0.027519), Energy = -0.611681 
<M> = (0.031733,-0.000083), <E> = -0.631992 

T=1.930000	 Thermalizing iterations... 
Done.
Thermalized Magnetisation = (0.028719,-0.003427), Energy = -0.647896 
Averaging iterations... h=0.031250,0.000000
Done.
Final: Magnetisation = (-0.040783,0.014935), Energy = -0.616510 
<M> = (0.031468,0.000652), <E> = -0.635250 

T=1.920000	 Thermalizing iterations... 
Done.
Thermalized Magnetisation = (-0.002055,0.041751), Energy = -0.677157 
Averaging iterations... h=0.031250,0.000000
Done.
Final: Magnetisation = (0.040169,-0.009185), Energy = -0.648837 
<M> = (0.032783,-0.001695), <E> = -0.640057 

T=1.910000	 Thermalizing iterations... 
Done.
Thermalized Magnetisation = (-0.020346,0.003926), Energy = -0.638173 
Averaging iterations... h=0.031250,0.000000
Done.
Final: Magnetisation = (0.000827,-0.027393), Energy = -0.679712 
<M> = (0.033919,-0.001085), <E> = -0.644345 

T=1.900000	 Thermalizing iterations... 
Done.
Thermalized Magnetisation = (0.108841,0.087746), Energy = -0.654753 
Averaging iterations... h=0.031250,0.000000
Done.
Final: Magnetisation = (-0.006049,-0.006208), Energy = -0.629215 
<M> = (0.033802,-0.002572), <E> = -0.648408 

T=1.890000	 Thermalizing iterations... 
Done.
Thermalized Magnetisation = (-0.007916,0.012829), Energy = -0.658305 
Averaging iterations... h=0.031250,0.000000
Done.
Final: Magnetisation = (-0.007213,0.014507), Energy = -0.633133 
<M> = (0.034073,-0.002078), <E> = -0.652499 

T=1.880000	 Thermalizing iterations... 
Done.
Thermalized Magnetisation = (0.044763,-0.038105), Energy = -0.661302 
Averaging iterations... h=0.031250,0.000000
Done.
Final: Magnetisation = (-0.024420,0.014325), Energy = -0.670438 
<M> = (0.035617,-0.001797), <E> = -0.656376 

T=1.870000	 Thermalizing iterations... 
Done.
Thermalized Magnetisation = (-0.000057,0.009275), Energy = -0.650342 
Averaging iterations... h=0.031250,0.000000
Done.
Final: Magnetisation = (0.042595,0.010024), Energy = -0.650585 
<M> = (0.035416,0.002028), <E> = -0.659765 

T=1.860000	 Thermalizing iterations... 
Done.
Thermalized Magnetisation = (0.003395,0.030513), Energy = -0.607396 
Averaging iterations... h=0.031250,0.000000
Done.
Final: Magnetisation = (0.058218,-0.030891), Energy = -0.652099 
<M> = (0.035017,-0.000224), <E> = -0.663742 

T=1.850000	 Thermalizing iterations... 
Done.
Thermalized Magnetisation = (0.032817,0.085263), Energy = -0.653171 
Averaging iterations... h=0.031250,0.000000
Done.
Final: Magnetisation = (0.061200,-0.012891), Energy = -0.694090 
<M> = (0.035413,-0.000328), <E> = -0.668121 

T=1.840000	 Thermalizing iterations... 
Done.
Thermalized Magnetisation = (0.029484,0.024507), Energy = -0.665448 
Averaging iterations... h=0.031250,0.000000
Done.
Final: Magnetisation = (0.057015,-0.018865), Energy = -0.693592 
<M> = (0.037639,-0.001497), <E> = -0.672852 

T=1.830000	 Thermalizing iterations... 
Done.
Thermalized Magnetisation = (0.094491,-0.003096), Energy = -0.653883 
Averaging iterations... h=0.031250,0.000000
Done.
Final: Magnetisation = (0.024032,0.020335), Energy = -0.673432 
<M> = (0.036847,-0.002665), <E> = -0.677558 

T=1.820000	 Thermalizing iterations... 
Done.
Thermalized Magnetisation = (0.033242,0.043000), Energy = -0.683393 
Averaging iterations... h=0.031250,0.000000
Done.
Final: Magnetisation = (0.053641,-0.032303), Energy = -0.686726 
<M> = (0.037926,-0.002435), <E> = -0.682360 

T=1.810000	 Thermalizing iterations... 
Done.
Thermalized Magnetisation = (0.023953,0.024301), Energy = -0.682477 
Averaging iterations... h=0.031250,0.000000
Done.
Final: Magnetisation = (0.021771,0.024198), Energy = -0.672451 
<M> = (0.041432,-0.001285), <E> = -0.686591 

T=1.800000	 Thermalizing iterations... 
Done.
Thermalized Magnetisation = (-0.011408,-0.004205), Energy = -0.663351 
Averaging iterations... h=0.031250,0.000000
Done.
Final: Magnetisation = (0.052334,0.032982), Energy = -0.713338 
<M> = (0.040794,0.000336), <E> = -0.690166 

T=1.790000	 Thermalizing iterations... 
Done.
Thermalized Magnetisation = (0.054043,-0.044994), Energy = -0.703768 
Averaging iterations... h=0.031250,0.000000
Done.
Final: Magnetisation = (-0.002573,-0.053711), Energy = -0.686088 
<M> = (0.039623,0.000060), <E> = -0.694628 

T=1.780000	 Thermalizing iterations... 
Done.
Thermalized Magnetisation = (0.047627,0.006689), Energy = -0.719484 
Averaging iterations... h=0.031250,0.000000
Done.
Final: Magnetisation = (0.079022,-0.003154), Energy = -0.687094 
<M> = (0.039932,0.000653), <E> = -0.698772 

T=1.770000	 Thermalizing iterations... 
Done.
Thermalized Magnetisation = (0.058130,0.041132), Energy = -0.717612 
Averaging iterations... h=0.031250,0.000000
Done.
Final: Magnetisation = (0.038065,0.061425), Energy = -0.707960 
<M> = (0.042032,-0.002994), <E> = -0.704330 

T=1.760000	 Thermalizing iterations... 
Done.
Thermalized Magnetisation = (0.047777,0.020590), Energy = -0.757510 
Averaging iterations... h=0.031250,0.000000
Done.
Final: Magnetisation = (0.096983,-0.042747), Energy = -0.716445 
<M> = (0.042717,-0.000774), <E> = -0.709384 

T=1.750000	 Thermalizing iterations... 
Done.
Thermalized Magnetisation = (0.014978,0.030118), Energy = -0.704138 
Averaging iterations... h=0.031250,0.000000
Done.
Final: Magnetisation = (0.097164,-0.019018), Energy = -0.690217 
<M> = (0.042148,-0.003041), <E> = -0.714506 

T=1.740000	 Thermalizing iterations... 
Done.
Thermalized Magnetisation = (0.066769,0.007531), Energy = -0.697737 
Averaging iterations... h=0.031250,0.000000
Done.
Final: Magnetisation = (0.054515,-0.023892), Energy = -0.705918 
<M> = (0.043813,-0.002449), <E> = -0.719507 

T=1.730000	 Thermalizing iterations... 
Done.
Thermalized Magnetisation = (0.069774,-0.022763), Energy = -0.735371 
Averaging iterations... h=0.031250,0.000000
Done.
Final: Magnetisation = (0.014585,-0.062603), Energy = -0.721186 
<M> = (0.046519,-0.000671), <E> = -0.723929 

T=1.720000	 Thermalizing iterations... 
Done.
Thermalized Magnetisation = (0.041686,-0.057196), Energy = -0.719755 
Averaging iterations... h=0.031250,0.000000
Done.
Final: Magnetisation = (0.051511,0.030070), Energy = -0.729856 
<M> = (0.044940,0.000750), <E> = -0.728036 

T=1.710000	 Thermalizing iterations... 
Done.
Thermalized Magnetisation = (0.046856,-0.053261), Energy = -0.757226 
Averaging iterations... h=0.031250,0.000000
Done.
Final: Magnetisation = (0.071100,-0.016380), Energy = -0.746876 
<M> = (0.045901,-0.000640), <E> = -0.733430 

T=1.700000	 Thermalizing iterations... 
Done.
Thermalized Magnetisation = (0.064288,0.000090), Energy = -0.738985 
Averaging iterations... h=0.031250,0.000000
Done.
Final: Magnetisation = (0.068639,0.046248), Energy = -0.763613 
<M> = (0.047413,-0.000112), <E> = -0.738631 

T=1.690000	 Thermalizing iterations... 
Done.
Thermalized Magnetisation = (-0.034923,0.004700), Energy = -0.768114 
Averaging iterations... h=0.031250,0.000000
Done.
Final: Magnetisation = (0.052830,-0.064236), Energy = -0.740892 
<M> = (0.048990,-0.000693), <E> = -0.744355 

T=1.680000	 Thermalizing iterations... 
Done.
Thermalized Magnetisation = (-0.008196,-0.014105), Energy = -0.743971 
Averaging iterations... h=0.031250,0.000000
Done.
Final: Magnetisation = (0.035777,-0.111233), Energy = -0.740014 
<M> = (0.048635,-0.003962), <E> = -0.750143 

T=1.670000	 Thermalizing iterations... 
Done.
Thermalized Magnetisation = (0.009228,0.011396), Energy = -0.740983 
Averaging iterations... h=0.031250,0.000000
Done.
Final: Magnetisation = (0.070781,-0.081870), Energy = -0.789803 
<M> = (0.050562,-0.002052), <E> = -0.756187 

T=1.660000	 Thermalizing iterations... 
Done.
Thermalized Magnetisation = (0.002948,-0.011305), Energy = -0.776193 
Averaging iterations... h=0.031250,0.000000
Done.
Final: Magnetisation = (0.085198,-0.045426), Energy = -0.776213 
<M> = (0.052201,-0.001253), <E> = -0.761376 

T=1.650000	 Thermalizing iterations... 
Done.
Thermalized Magnetisation = (0.048673,-0.003985), Energy = -0.747697 
Averaging iterations... h=0.031250,0.000000
Done.
Final: Magnetisation = (0.006466,0.056407), Energy = -0.753125 
<M> = (0.053179,0.001734), <E> = -0.765655 

T=1.640000	 Thermalizing iterations... 
Done.
Thermalized Magnetisation = (0.106925,0.056190), Energy = -0.792145 
Averaging iterations... h=0.031250,0.000000
Done.
Final: Magnetisation = (0.108619,-0.034180), Energy = -0.777062 
<M> = (0.052771,0.001970), <E> = -0.771406 

T=1.630000	 Thermalizing iterations... 
Done.
Thermalized Magnetisation = (0.057520,0.020181), Energy = -0.781900 
Averaging iterations... h=0.031250,0.000000
Done.
Final: Magnetisation = (0.082009,-0.002664), Energy = -0.735357 
<M> = (0.054011,0.000262), <E> = -0.776832 

T=1.620000	 Thermalizing iterations... 
Done.
Thermalized Magnetisation = (0.068864,-0.055246), Energy = -0.776655 
Averaging iterations... h=0.031250,0.000000
Done.
Final: Magnetisation = (0.114178,-0.036732), Energy = -0.793939 
<M> = (0.055893,-0.001286), <E> = -0.783611 

T=1.610000	 Thermalizing iterations... 
Done.
Thermalized Magnetisation = (0.078853,0.054590), Energy = -0.799291 
Averaging iterations... h=0.031250,0.000000
Done.
Final: Magnetisation = (0.042265,0.090262), Energy = -0.817674 
<M> = (0.055991,-0.002675), <E> = -0.789853 

T=1.600000	 Thermalizing iterations... 
Done.
Thermalized Magnetisation = (0.074197,-0.002957), Energy = -0.835164 
Averaging iterations... h=0.031250,0.000000
Done.
Final: Magnetisation = (0.025744,-0.023458), Energy = -0.764218 
<M> = (0.056650,-0.004410), <E> = -0.796304 

T=1.590000	 Thermalizing iterations... 
Done.
Thermalized Magnetisation = (0.013451,0.025519), Energy = -0.764741 
Averaging iterations... h=0.031250,0.000000
Done.
Final: Magnetisation = (-0.043866,0.010169), Energy = -0.775488 
<M> = (0.059112,-0.002529), <E> = -0.801962 

T=1.580000	 Thermalizing iterations... 
Done.
Thermalized Magnetisation = (0.081167,0.025942), Energy = -0.778779 
Averaging iterations... h=0.031250,0.000000
Done.
Final: Magnetisation = (0.077559,-0.053546), Energy = -0.851396 
<M> = (0.062307,-0.000474), <E> = -0.807646 

T=1.570000	 Thermalizing iterations... 
Done.
Thermalized Magnetisation = (0.058726,0.024068), Energy = -0.832839 
Averaging iterations... h=0.031250,0.000000
Done.
Final: Magnetisation = (0.052931,0.020522), Energy = -0.803095 
<M> = (0.062861,0.000900), <E> = -0.813872 

T=1.560000	 Thermalizing iterations... 
Done.
Thermalized Magnetisation = (0.131282,-0.049019), Energy = -0.850287 
Averaging iterations... h=0.031250,0.000000
Done.
Final: Magnetisation = (0.032117,-0.011976), Energy = -0.796286 
<M> = (0.062349,0.001620), <E> = -0.819726 

T=1.550000	 Thermalizing iterations... 
Done.
Thermalized Magnetisation = (-0.012037,-0.002308), Energy = -0.774165 
Averaging iterations... h=0.031250,0.000000
Done.
Final: Magnetisation = (0.030989,0.011902), Energy = -0.812052 
<M> = (0.064997,-0.000066), <E> = -0.826676 

T=1.540000	 Thermalizing iterations... 
Done.
Thermalized Magnetisation = (0.028886,0.076703), Energy = -0.823208 
Averaging iterations... h=0.031250,0.000000
Done.
Final: Magnetisation = (0.035703,-0.089685), Energy = -0.841637 
<M> = (0.066574,-0.000493), <E> = -0.833628 

T=1.530000	 Thermalizing iterations... 
Done.
Thermalized Magnetisation = (0.102238,-0.000653), Energy = -0.875747 
Averaging iterations... h=0.031250,0.000000
Done.
Final: Magnetisation = (0.057226,0.023609), Energy = -0.848021 
<M> = (0.067508,-0.004082), <E> = -0.840350 

T=1.520000	 Thermalizing iterations... 
Done.
Thermalized Magnetisation = (0.104636,0.079474), Energy = -0.852954 
Averaging iterations... h=0.031250,0.000000
Done.
Final: Magnetisation = (0.052093,0.000215), Energy = -0.838983 
<M> = (0.068442,-0.002295), <E> = -0.847061 

T=1.510000	 Thermalizing iterations... 
Done.
Thermalized Magnetisation = (0.072637,0.015806), Energy = -0.890825 
Averaging iterations... h=0.031250,0.000000
Done.
Final: Magnetisation = (0.049003,-0.001511), Energy = -0.830948 
<M> = (0.073588,-0.001023), <E> = -0.854406 

T=1.500000	 Thermalizing iterations... 
Done.
Thermalized Magnetisation = (0.116774,-0.103063), Energy = -0.885803 
Averaging iterations... h=0.031250,0.000000
Done.
Final: Magnetisation = (0.047976,-0.056625), Energy = -0.837963 
<M> = (0.074805,0.003376), <E> = -0.860555 

T=1.490000	 Thermalizing iterations... 
Done.
Thermalized Magnetisation = (0.059546,0.003436), Energy = -0.856594 
Averaging iterations... h=0.031250,0.000000
Done.
Final: Magnetisation = (0.058487,0.092179), Energy = -0.865313 
<M> = (0.073599,0.002014), <E> = -0.867053 

T=1.480000	 Thermalizing iterations... 
Done.
Thermalized Magnetisation = (0.079941,-0.041818), Energy = -0.843056 
Averaging iterations... h=0.031250,0.000000
Done.
Final: Magnetisation = (0.098812,-0.040850), Energy = -0.866487 
<M> = (0.075398,0.001419), <E> = -0.874436 

T=1.470000	 Thermalizing iterations... 
Done.
Thermalized Magnetisation = (0.083914,-0.009775), Energy = -0.885615 
Averaging iterations... h=0.031250,0.000000
Done.
Final: Magnetisation = (0.127157,-0.025652), Energy = -0.901145 
<M> = (0.078902,-0.001379), <E> = -0.882962 

T=1.460000	 Thermalizing iterations... 
Done.
Thermalized Magnetisation = (0.078198,0.059752), Energy = -0.881640 
Averaging iterations... h=0.031250,0.000000
Done.
Final: Magnetisation = (0.100409,0.029850), Energy = -0.880293 
<M> = (0.079687,-0.001779), <E> = -0.890331 

T=1.450000	 Thermalizing iterations... 
Done.
Thermalized Magnetisation = (0.123699,0.030160), Energy = -0.912237 
Averaging iterations... h=0.031250,0.000000
Done.
Final: Magnetisation = (0.025122,-0.064663), Energy = -0.888666 
<M> = (0.082674,-0.004787), <E> = -0.898651 

T=1.440000	 Thermalizing iterations... 
Done.
Thermalized Magnetisation = (0.126054,-0.069989), Energy = -0.908274 
Averaging iterations... h=0.031250,0.000000
Done.
Final: Magnetisation = (0.099407,-0.036852), Energy = -0.927490 
<M> = (0.085524,-0.004580), <E> = -0.906260 

T=1.430000	 Thermalizing iterations... 
Done.
Thermalized Magnetisation = (0.073020,-0.090096), Energy = -0.936985 
Averaging iterations... h=0.031250,0.000000
Done.
Final: Magnetisation = (0.035118,-0.016559), Energy = -0.913976 
<M> = (0.089380,-0.000170), <E> = -0.912748 

T=1.420000	 Thermalizing iterations... 
Done.
Thermalized Magnetisation = (0.189386,0.022891), Energy = -0.936392 
Averaging iterations... h=0.031250,0.000000
Done.
Final: Magnetisation = (0.074158,-0.023968), Energy = -0.895254 
<M> = (0.088177,0.001562), <E> = -0.920397 

T=1.410000	 Thermalizing iterations... 
Done.
Thermalized Magnetisation = (0.101093,0.001716), Energy = -0.956166 
Averaging iterations... h=0.031250,0.000000
Done.
Final: Magnetisation = (0.053398,-0.011865), Energy = -0.944970 
<M> = (0.088283,0.005784), <E> = -0.927940 

T=1.400000	 Thermalizing iterations... 
Done.
Thermalized Magnetisation = (0.090347,-0.035994), Energy = -0.921462 
Averaging iterations... h=0.031250,0.000000
Done.
Final: Magnetisation = (0.108709,0.058254), Energy = -0.896926 
<M> = (0.092851,-0.002592), <E> = -0.937884 

T=1.390000	 Thermalizing iterations... 
Done.
Thermalized Magnetisation = (0.060541,-0.016162), Energy = -0.960799 
Averaging iterations... h=0.031250,0.000000
Done.
Final: Magnetisation = (0.097584,-0.014895), Energy = -0.949094 
<M> = (0.095441,-0.004301), <E> = -0.946080 

T=1.380000	 Thermalizing iterations... 
Done.
Thermalized Magnetisation = (0.090080,-0.038794), Energy = -0.939698 
Averaging iterations... h=0.031250,0.000000
Done.
Final: Magnetisation = (0.122169,-0.037117), Energy = -0.916712 
<M> = (0.097065,-0.006797), <E> = -0.955459 

T=1.370000	 Thermalizing iterations... 
Done.
Thermalized Magnetisation = (0.043608,-0.014043), Energy = -0.931497 
Averaging iterations... h=0.031250,0.000000
Done.
Final: Magnetisation = (0.067190,-0.050025), Energy = -0.934110 
<M> = (0.100502,-0.004618), <E> = -0.963830 

T=1.360000	 Thermalizing iterations... 
Done.
Thermalized Magnetisation = (0.103747,0.025920), Energy = -0.999996 
Averaging iterations... h=0.031250,0.000000
Done.
Final: Magnetisation = (0.154304,0.050534), Energy = -1.008256 
<M> = (0.104142,-0.000762), <E> = -0.971990 

T=1.350000	 Thermalizing iterations... 
Done.
Thermalized Magnetisation = (0.121287,0.119549), Energy = -0.978185 
Averaging iterations... h=0.031250,0.000000
Done.
Final: Magnetisation = (0.080546,0.062419), Energy = -0.982350 
<M> = (0.108250,0.004356), <E> = -0.980009 

T=1.340000	 Thermalizing iterations... 
Done.
Thermalized Magnetisation = (0.187749,0.052979), Energy = -1.041356 
Averaging iterations... h=0.031250,0.000000
Done.
Final: Magnetisation = (0.150036,-0.034490), Energy = -1.013212 
<M> = (0.108292,0.004114), <E> = -0.988663 

T=1.330000	 Thermalizing iterations... 
Done.
Thermalized Magnetisation = (0.156985,0.013109), Energy = -1.002878 
Averaging iterations... h=0.031250,0.000000
Done.
Final: Magnetisation = (0.142225,-0.038066), Energy = -1.007833 
<M> = (0.111820,-0.003603), <E> = -0.998658 

T=1.320000	 Thermalizing iterations... 
Done.
Thermalized Magnetisation = (0.134006,0.011260), Energy = -1.016746 
Averaging iterations... h=0.031250,0.000000
Done.
Final: Magnetisation = (0.090823,-0.043637), Energy = -0.969911 
<M> = (0.119351,-0.001632), <E> = -1.009348 

T=1.310000	 Thermalizing iterations... 
Done.
Thermalized Magnetisation = (0.177205,-0.009663), Energy = -1.066231 
Averaging iterations... h=0.031250,0.000000
Done.
Final: Magnetisation = (0.104055,0.027272), Energy = -1.026950 
<M> = (0.120603,-0.004827), <E> = -1.019338 

T=1.300000	 Thermalizing iterations... 
Done.
Thermalized Magnetisation = (0.109554,-0.013784), Energy = -1.003898 
Averaging iterations... h=0.031250,0.000000
Done.
Final: Magnetisation = (0.160327,0.008669), Energy = -1.085936 
<M> = (0.124611,-0.004834), <E> = -1.028411 

T=1.290000	 Thermalizing iterations... 
Done.
Thermalized Magnetisation = (0.127853,-0.021645), Energy = -1.031208 
Averaging iterations... h=0.031250,0.000000
Done.
Final: Magnetisation = (0.168302,-0.028985), Energy = -1.020383 
<M> = (0.131453,-0.007257), <E> = -1.038944 

T=1.280000	 Thermalizing iterations... 
Done.
Thermalized Magnetisation = (0.100861,0.028092), Energy = -1.059748 
Averaging iterations... h=0.031250,0.000000
Done.
Final: Magnetisation = (0.144296,-0.009737), Energy = -1.067699 
<M> = (0.131723,0.002163), <E> = -1.047540 

T=1.270000	 Thermalizing iterations... 
Done.
Thermalized Magnetisation = (0.097431,0.019913), Energy = -1.049614 
Averaging iterations... h=0.031250,0.000000
Done.
Final: Magnetisation = (0.077587,0.011677), Energy = -1.042385 
<M> = (0.133515,-0.001090), <E> = -1.056558 

T=1.260000	 Thermalizing iterations... 
Done.
Thermalized Magnetisation = (0.079230,0.022554), Energy = -1.048296 
Averaging iterations... h=0.031250,0.000000
Done.
Final: Magnetisation = (0.099723,-0.030964), Energy = -1.096668 
<M> = (0.137636,0.002253), <E> = -1.066764 

T=1.250000	 Thermalizing iterations... 
Done.
Thermalized Magnetisation = (0.105460,-0.088101), Energy = -1.116742 
Averaging iterations... h=0.031250,0.000000
Done.
Final: Magnetisation = (0.089540,0.082298), Energy = -1.054164 
<M> = (0.143368,-0.005168), <E> = -1.077817 

T=1.240000	 Thermalizing iterations... 
Done.
Thermalized Magnetisation = (0.187223,-0.033533), Energy = -1.105464 
Averaging iterations... h=0.031250,0.000000
Done.
Final: Magnetisation = (0.077133,-0.063143), Energy = -1.056260 
<M> = (0.147650,-0.004633), <E> = -1.089161 

T=1.230000	 Thermalizing iterations... 
Done.
Thermalized Magnetisation = (0.165246,0.073619), Energy = -1.109344 
Averaging iterations... h=0.031250,0.000000
Done.
Final: Magnetisation = (0.097682,-0.125819), Energy = -1.058830 
<M> = (0.149614,-0.013724), <E> = -1.100410 

T=1.220000	 Thermalizing iterations... 
Done.
Thermalized Magnetisation = (0.140267,-0.048613), Energy = -1.108573 
Averaging iterations... h=0.031250,0.000000
Done.
Final: Magnetisation = (0.172412,-0.063636), Energy = -1.127580 
<M> = (0.151354,-0.010508), <E> = -1.109922 

T=1.210000	 Thermalizing iterations... 
Done.
Thermalized Magnetisation = (0.154850,0.041683), Energy = -1.093600 
Averaging iterations... h=0.031250,0.000000
Done.
Final: Magnetisation = (0.155740,-0.018022), Energy = -1.150994 
<M> = (0.160262,-0.004080), <E> = -1.120509 

T=1.200000	 Thermalizing iterations... 
Done.
Thermalized Magnetisation = (0.236392,-0.109321), Energy = -1.126264 
Averaging iterations... h=0.031250,0.000000
Done.
Final: Magnetisation = (0.183133,-0.003388), Energy = -1.163577 
<M> = (0.166570,0.006643), <E> = -1.130792 

T=1.190000	 Thermalizing iterations... 
Done.
Thermalized Magnetisation = (0.201842,0.008077), Energy = -1.116281 
Averaging iterations... h=0.031250,0.000000
Done.
Final: Magnetisation = (0.200964,-0.097845), Energy = -1.163486 
<M> = (0.167977,0.003448), <E> = -1.141391 

T=1.180000	 Thermalizing iterations... 
Done.
Thermalized Magnetisation = (0.141996,-0.066580), Energy = -1.145662 
Averaging iterations... h=0.031250,0.000000
Done.
Final: Magnetisation = (0.180513,0.015550), Energy = -1.129016 
<M> = (0.174353,-0.002092), <E> = -1.153173 

T=1.170000	 Thermalizing iterations... 
Done.
Thermalized Magnetisation = (0.134965,0.097959), Energy = -1.165523 
Averaging iterations... h=0.031250,0.000000
Done.
Final: Magnetisation = (0.192249,0.158207), Energy = -1.167759 
<M> = (0.181171,0.005402), <E> = -1.165961 

T=1.160000	 Thermalizing iterations... 
Done.
Thermalized Magnetisation = (0.205357,-0.168899), Energy = -1.180130 
Averaging iterations... h=0.031250,0.000000
Done.
Final: Magnetisation = (0.179398,-0.077419), Energy = -1.160937 
<M> = (0.185896,-0.018525), <E> = -1.178695 

T=1.150000	 Thermalizing iterations... 
Done.
Thermalized Magnetisation = (0.200923,-0.114464), Energy = -1.241210 
Averaging iterations... h=0.031250,0.000000
Done.
Final: Magnetisation = (0.139802,0.030903), Energy = -1.166390 
<M> = (0.189963,-0.018182), <E> = -1.189327 

T=1.140000	 Thermalizing iterations... 
Done.
Thermalized Magnetisation = (0.131709,-0.066311), Energy = -1.188198 
Averaging iterations... h=0.031250,0.000000
Done.
Final: Magnetisation = (0.222942,-0.062542), Energy = -1.206128 
<M> = (0.202599,-0.017617), <E> = -1.202373 

T=1.130000	 Thermalizing iterations... 
Done.
Thermalized Magnetisation = (0.157175,0.146702), Energy = -1.175406 
Averaging iterations... h=0.031250,0.000000
Done.
Final: Magnetisation = (0.206749,0.108168), Energy = -1.219210 
<M> = (0.203858,-0.001662), <E> = -1.212606 

T=1.120000	 Thermalizing iterations... 
Done.
Thermalized Magnetisation = (0.189335,0.091966), Energy = -1.214808 
Averaging iterations... h=0.031250,0.000000
Done.
Final: Magnetisation = (0.155198,-0.116640), Energy = -1.222359 
<M> = (0.208180,0.003809), <E> = -1.222929 

T=1.110000	 Thermalizing iterations... 
Done.
Thermalized Magnetisation = (0.242444,-0.049627), Energy = -1.230561 
Averaging iterations... h=0.031250,0.000000
Done.
Final: Magnetisation = (0.197505,0.043374), Energy = -1.256324 
<M> = (0.212733,0.014732), <E> = -1.235062 

T=1.100000	 Thermalizing iterations... 
Done.
Thermalized Magnetisation = (0.182037,-0.181467), Energy = -1.264203 
Averaging iterations... h=0.031250,0.000000
Done.
Final: Magnetisation = (0.223599,-0.048604), Energy = -1.253875 
<M> = (0.220473,-0.015195), <E> = -1.248392 

T=1.090000	 Thermalizing iterations... 
Done.
Thermalized Magnetisation = (0.200402,-0.054979), Energy = -1.274889 
Averaging iterations... h=0.031250,0.000000
Done.
Final: Magnetisation = (0.183451,-0.086975), Energy = -1.267058 
<M> = (0.226559,-0.026641), <E> = -1.261282 

T=1.080000	 Thermalizing iterations... 
Done.
Thermalized Magnetisation = (0.255770,-0.126957), Energy = -1.269262 
Averaging iterations... h=0.031250,0.000000
Done.
Final: Magnetisation = (0.220790,0.011485), Energy = -1.270743 
<M> = (0.225967,-0.034165), <E> = -1.272371 

T=1.070000	 Thermalizing iterations... 
Done.
Thermalized Magnetisation = (0.269806,0.151591), Energy = -1.299297 
Averaging iterations... h=0.031250,0.000000
Done.
Final: Magnetisation = (0.198068,0.032019), Energy = -1.254571 
<M> = (0.231829,-0.021987), <E> = -1.286002 

T=1.060000	 Thermalizing iterations... 
Done.
Thermalized Magnetisation = (0.251937,0.158569), Energy = -1.302782 
Averaging iterations... h=0.031250,0.000000
Done.
Final: Magnetisation = (0.268134,-0.277171), Energy = -1.330599 
<M> = (0.242981,-0.017830), <E> = -1.298966 

T=1.050000	 Thermalizing iterations... 
Done.
Thermalized Magnetisation = (0.267679,-0.066930), Energy = -1.314538 
Averaging iterations... h=0.031250,0.000000
Done.
Final: Magnetisation = (0.231021,0.009923), Energy = -1.298477 
<M> = (0.256127,-0.002312), <E> = -1.308433 

T=1.040000	 Thermalizing iterations... 
Done.
Thermalized Magnetisation = (0.198606,-0.028169), Energy = -1.299990 
Averaging iterations... h=0.031250,0.000000
Done.
Final: Magnetisation = (0.255831,-0.075744), Energy = -1.311729 
<M> = (0.254658,0.005164), <E> = -1.319533 

T=1.030000	 Thermalizing iterations... 
Done.
Thermalized Magnetisation = (0.247695,-0.037197), Energy = -1.302495 
Averaging iterations... h=0.031250,0.000000
Done.
Final: Magnetisation = (0.230800,0.129509), Energy = -1.355828 
<M> = (0.259651,0.021433), <E> = -1.332194 

T=1.020000	 Thermalizing iterations... 
Done.
Thermalized Magnetisation = (0.312192,-0.037409), Energy = -1.320079 
Averaging iterations... h=0.031250,0.000000
Done.
Final: Magnetisation = (0.236820,0.098319), Energy = -1.364960 
<M> = (0.261455,-0.073233), <E> = -1.345922 

T=1.010000	 Thermalizing iterations... 
Done.
Thermalized Magnetisation = (0.263407,-0.036763), Energy = -1.332643 
Averaging iterations... h=0.031250,0.000000
Done.
Final: Magnetisation = (0.296750,-0.306109), Energy = -1.377718 
<M> = (0.268293,-0.138977), <E> = -1.359952 

T=1.000000	 Thermalizing iterations... 
Done.
Thermalized Magnetisation = (0.276286,-0.046827), Energy = -1.380480 
Averaging iterations... h=0.031250,0.000000
Done.
Final: Magnetisation = (0.382034,-0.006329), Energy = -1.388246 
<M> = (0.276587,-0.051134), <E> = -1.372917 

T=0.990000	 Thermalizing iterations... 
Done.
Thermalized Magnetisation = (0.277280,-0.144634), Energy = -1.403095 
Averaging iterations... h=0.031250,0.000000
Done.
Final: Magnetisation = (0.293575,-0.053279), Energy = -1.356118 
<M> = (0.292076,-0.072745), <E> = -1.383188 

T=0.980000	 Thermalizing iterations... 
Done.
Thermalized Magnetisation = (0.276287,0.019370), Energy = -1.365571 
Averaging iterations... h=0.031250,0.000000
Done.
Final: Magnetisation = (0.325873,0.034099), Energy = -1.406646 
<M> = (0.296630,-0.029478), <E> = -1.395852 

T=0.970000	 Thermalizing iterations... 
Done.
Thermalized Magnetisation = (0.257725,-0.048151), Energy = -1.382713 
Averaging iterations... h=0.031250,0.000000
Done.
Final: Magnetisation = (0.271083,-0.135150), Energy = -1.415077 
<M> = (0.298771,-0.112822), <E> = -1.405616 

T=0.960000	 Thermalizing iterations... 
Done.
Thermalized Magnetisation = (0.303379,-0.125314), Energy = -1.443095 
Averaging iterations... h=0.031250,0.000000
Done.
Final: Magnetisation = (0.315677,-0.001597), Energy = -1.404944 
<M> = (0.289779,0.041658), <E> = -1.419682 

T=0.950000	 Thermalizing iterations... 
Done.
Thermalized Magnetisation = (0.212062,-0.326676), Energy = -1.411397 
Averaging iterations... h=0.031250,0.000000
Done.
Final: Magnetisation = (0.279296,-0.073183), Energy = -1.415853 
<M> = (0.297998,-0.216463), <E> = -1.432252 

T=0.940000	 Thermalizing iterations... 
Done.
Thermalized Magnetisation = (0.338969,-0.147782), Energy = -1.453551 
Averaging iterations... h=0.031250,0.000000
Done.
Final: Magnetisation = (0.289641,-0.267838), Energy = -1.445561 
<M> = (0.288038,-0.362388), <E> = -1.448416 

T=0.930000	 Thermalizing iterations... 
Done.
Thermalized Magnetisation = (0.354464,0.041386), Energy = -1.437221 
Averaging iterations... h=0.031250,0.000000
Done.
Final: Magnetisation = (0.316078,-0.360845), Energy = -1.446284 
<M> = (0.284670,-0.318242), <E> = -1.458393 

T=0.920000	 Thermalizing iterations... 
Done.
Thermalized Magnetisation = (0.345691,-0.420336), Energy = -1.483288 
Averaging iterations... h=0.031250,0.000000
Done.
Final: Magnetisation = (0.288518,-0.462243), Energy = -1.469654 
<M> = (0.294927,-0.409140), <E> = -1.472395 

T=0.910000	 Thermalizing iterations... 
Done.
Thermalized Magnetisation = (0.274168,-0.484067), Energy = -1.488234 
Averaging iterations... h=0.031250,0.000000
Done.
Final: Magnetisation = (0.278777,-0.437884), Energy = -1.473623 
<M> = (0.309873,-0.403847), <E> = -1.481751 

T=0.900000	 Thermalizing iterations... 
Done.
Thermalized Magnetisation = (0.333520,-0.354982), Energy = -1.485255 
Averaging iterations... h=0.031250,0.000000
Done.
Final: Magnetisation = (0.403324,-0.309171), Energy = -1.494239 
<M> = (0.315908,-0.381676), <E> = -1.490961 

T=0.890000	 Thermalizing iterations... 
Done.
Thermalized Magnetisation = (0.284835,-0.457564), Energy = -1.497138 
Averaging iterations... h=0.031250,0.000000
Done.
Final: Magnetisation = (0.354382,-0.463925), Energy = -1.492360 
<M> = (0.301213,-0.421615), <E> = -1.501275 

T=0.880000	 Thermalizing iterations... 
Done.
Thermalized Magnetisation = (0.260160,-0.527938), Energy = -1.519454 
Averaging iterations... h=0.031250,0.000000
Done.
Final: Magnetisation = (0.320278,-0.476927), Energy = -1.517471 
<M> = (0.300924,-0.460151), <E> = -1.512817 

T=0.870000	 Thermalizing iterations... 
Done.
Thermalized Magnetisation = (0.260082,-0.550719), Energy = -1.540357 
Averaging iterations... h=0.031250,0.000000
Done.
Final: Magnetisation = (0.311677,-0.514415), Energy = -1.537361 
<M> = (0.279670,-0.519341), <E> = -1.525459 

T=0.860000	 Thermalizing iterations... 
Done.
Thermalized Magnetisation = (0.307336,-0.562972), Energy = -1.556871 
Averaging iterations... h=0.031250,0.000000
Done.
Final: Magnetisation = (0.287748,-0.515122), Energy = -1.542391 
<M> = (0.275896,-0.532178), <E> = -1.535803 

T=0.850000	 Thermalizing iterations... 
Done.
Thermalized Magnetisation = (0.310355,-0.471322), Energy = -1.539790 
Averaging iterations... h=0.031250,0.000000
Done.
Final: Magnetisation = (0.270998,-0.549965), Energy = -1.534614 
<M> = (0.297422,-0.493985), <E> = -1.543245 

T=0.840000	 Thermalizing iterations... 
Done.
Thermalized Magnetisation = (0.244035,-0.621763), Energy = -1.575572 
Averaging iterations... h=0.031250,0.000000
Done.
Final: Magnetisation = (0.311847,-0.523381), Energy = -1.572211 
<M> = (0.295706,-0.529264), <E> = -1.552386 

T=0.830000	 Thermalizing iterations... 
Done.
Thermalized Magnetisation = (0.311156,-0.517167), Energy = -1.562057 
Averaging iterations... h=0.031250,0.000000
Done.
Final: Magnetisation = (0.331806,-0.531355), Energy = -1.570174 
<M> = (0.305324,-0.524401), <E> = -1.560366 

T=0.820000	 Thermalizing iterations... 
Done.
Thermalized Magnetisation = (0.247734,-0.573199), Energy = -1.561465 
Averaging iterations... h=0.031250,0.000000
Done.
Final: Magnetisation = (0.320745,-0.519282), Energy = -1.546394 
<M> = (0.296465,-0.551212), <E> = -1.569667 

T=0.810000	 Thermalizing iterations... 
Done.
Thermalized Magnetisation = (0.316617,-0.507131), Energy = -1.553119 
Averaging iterations... h=0.031250,0.000000
Done.
Final: Magnetisation = (0.272728,-0.509767), Energy = -1.551209 
<M> = (0.317143,-0.486775), <E> = -1.576652 

T=0.800000	 Thermalizing iterations... 
Done.
Thermalized Magnetisation = (0.239537,-0.616695), Energy = -1.594202 
Averaging iterations... h=0.031250,0.000000
Done.
Final: Magnetisation = (0.294278,-0.547862), Energy = -1.575595 
<M> = (0.291455,-0.552355), <E> = -1.586303 

T=0.790000	 Thermalizing iterations... 
Done.
Thermalized Magnetisation = (0.244039,-0.572531), Energy = -1.596650 
Averaging iterations... h=0.031250,0.000000
Done.
Final: Magnetisation = (0.302413,-0.551943), Energy = -1.628933 
<M> = (0.279283,-0.580053), <E> = -1.596317 

T=0.780000	 Thermalizing iterations... 
Done.
Thermalized Magnetisation = (0.294506,-0.557316), Energy = -1.594913 
Averaging iterations... h=0.031250,0.000000
Done.
Final: Magnetisation = (0.254422,-0.603386), Energy = -1.609711 
<M> = (0.281682,-0.585681), <E> = -1.604249 

T=0.770000	 Thermalizing iterations... 
Done.
Thermalized Magnetisation = (0.337567,-0.543184), Energy = -1.606189 
Averaging iterations... h=0.031250,0.000000
Done.
Final: Magnetisation = (0.254774,-0.581449), Energy = -1.599429 
<M> = (0.293250,-0.586882), <E> = -1.611592 

T=0.760000	 Thermalizing iterations... 
Done.
Thermalized Magnetisation = (0.308725,-0.562196), Energy = -1.593690 
Averaging iterations... h=0.031250,0.000000
Done.
Final: Magnetisation = (0.351190,-0.600710), Energy = -1.633578 
<M> = (0.300340,-0.580012), <E> = -1.618697 

T=0.750000	 Thermalizing iterations... 
Done.
Thermalized Magnetisation = (0.343497,-0.558365), Energy = -1.617574 
Averaging iterations... h=0.031250,0.000000
Done.
Final: Magnetisation = (0.296905,-0.618478), Energy = -1.627995 
<M> = (0.305218,-0.582961), <E> = -1.625908 

T=0.740000	 Thermalizing iterations... 
Done.
Thermalized Magnetisation = (0.294133,-0.644661), Energy = -1.653139 
Averaging iterations... h=0.031250,0.000000
Done.
Final: Magnetisation = (0.252576,-0.630729), Energy = -1.630230 
<M> = (0.293963,-0.596046), <E> = -1.633743 

T=0.730000	 Thermalizing iterations... 
Done.
Thermalized Magnetisation = (0.320666,-0.572519), Energy = -1.627772 
Averaging iterations... h=0.031250,0.000000
Done.
Final: Magnetisation = (0.306608,-0.610972), Energy = -1.644294 
<M> = (0.290648,-0.608007), <E> = -1.641987 

T=0.720000	 Thermalizing iterations... 
Done.
Thermalized Magnetisation = (0.323756,-0.581756), Energy = -1.630071 
Averaging iterations... h=0.031250,0.000000
Done.
Final: Magnetisation = (0.273294,-0.646586), Energy = -1.644778 
<M> = (0.293420,-0.604112), <E> = -1.649263 

T=0.710000	 Thermalizing iterations... 
Done.
Thermalized Magnetisation = (0.293131,-0.615102), Energy = -1.656035 
Averaging iterations... h=0.031250,0.000000
Done.
Final: Magnetisation = (0.259943,-0.638590), Energy = -1.667117 
<M> = (0.285011,-0.622951), <E> = -1.656922 

T=0.700000	 Thermalizing iterations... 
Done.
Thermalized Magnetisation = (0.234995,-0.638396), Energy = -1.666188 
Averaging iterations... h=0.031250,0.000000
Done.
Final: Magnetisation = (0.226223,-0.651605), Energy = -1.665213 
<M> = (0.282218,-0.628839), <E> = -1.664042 

T=0.690000	 Thermalizing iterations... 
Done.
Thermalized Magnetisation = (0.323009,-0.574603), Energy = -1.667907 
Averaging iterations... h=0.031250,0.000000
Done.
Final: Magnetisation = (0.226988,-0.693078), Energy = -1.661941 
<M> = (0.291422,-0.626432), <E> = -1.670637 

T=0.680000	 Thermalizing iterations... 
Done.
Thermalized Magnetisation = (0.231894,-0.646200), Energy = -1.665615 
Averaging iterations... h=0.031250,0.000000
Done.
Final: Magnetisation = (0.285594,-0.608039), Energy = -1.683643 
<M> = (0.303574,-0.619370), <E> = -1.676834 

T=0.670000	 Thermalizing iterations... 
Done.
Thermalized Magnetisation = (0.272156,-0.650336), Energy = -1.674785 
Averaging iterations... h=0.031250,0.000000
Done.
Final: Magnetisation = (0.373020,-0.629908), Energy = -1.701381 
<M> = (0.291450,-0.636640), <E> = -1.684506 

T=0.660000	 Thermalizing iterations... 
Done.
Thermalized Magnetisation = (0.303365,-0.614481), Energy = -1.672441 
Averaging iterations... h=0.031250,0.000000
Done.
Final: Magnetisation = (0.287387,-0.615144), Energy = -1.686986 
<M> = (0.296191,-0.636738), <E> = -1.690973 

T=0.650000	 Thermalizing iterations... 
Done.
Thermalized Magnetisation = (0.255064,-0.646578), Energy = -1.700340 
Averaging iterations... h=0.031250,0.000000
Done.
Final: Magnetisation = (0.261229,-0.669019), Energy = -1.688879 
<M> = (0.293053,-0.644448), <E> = -1.698480 

T=0.640000	 Thermalizing iterations... 
Done.
Thermalized Magnetisation = (0.287709,-0.697465), Energy = -1.724380 
Averaging iterations... h=0.031250,0.000000
Done.
Final: Magnetisation = (0.337976,-0.634693), Energy = -1.708480 
<M> = (0.283913,-0.656840), <E> = -1.705414 

T=0.630000	 Thermalizing iterations... 
Done.
Thermalized Magnetisation = (0.290349,-0.650402), Energy = -1.708004 
Averaging iterations... h=0.031250,0.000000
Done.
Final: Magnetisation = (0.276598,-0.652507), Energy = -1.712437 
<M> = (0.283543,-0.657677), <E> = -1.711911 

T=0.620000	 Thermalizing iterations... 
Done.
Thermalized Magnetisation = (0.277560,-0.668694), Energy = -1.723398 
Averaging iterations... h=0.031250,0.000000
Done.
Final: Magnetisation = (0.318058,-0.655661), Energy = -1.723244 
<M> = (0.295982,-0.653947), <E> = -1.718116 

T=0.610000	 Thermalizing iterations... 
Done.
Thermalized Magnetisation = (0.284870,-0.675020), Energy = -1.721802 
Averaging iterations... h=0.031250,0.000000
Done.
Final: Magnetisation = (0.294141,-0.641068), Energy = -1.722886 
<M> = (0.301092,-0.654211), <E> = -1.724509 

T=0.600000	 Thermalizing iterations... 
Done.
Thermalized Magnetisation = (0.306020,-0.665640), Energy = -1.736171 
Averaging iterations... h=0.031250,0.000000
Done.
Final: Magnetisation = (0.288763,-0.684393), Energy = -1.735285 
<M> = (0.300542,-0.655835), <E> = -1.730520 

T=0.590000	 Thermalizing iterations... 
Done.
Thermalized Magnetisation = (0.280594,-0.671425), Energy = -1.735111 
Averaging iterations... h=0.031250,0.000000
Done.
Final: Magnetisation = (0.318750,-0.662924), Energy = -1.740656 
<M> = (0.302111,-0.665958), <E> = -1.736974 

T=0.580000	 Thermalizing iterations... 
Done.
Thermalized Magnetisation = (0.325908,-0.659169), Energy = -1.759466 
Averaging iterations... h=0.031250,0.000000
Done.
Final: Magnetisation = (0.280080,-0.677709), Energy = -1.746263 
<M> = (0.296504,-0.670768), <E> = -1.743636 

T=0.570000	 Thermalizing iterations... 
Done.
Thermalized Magnetisation = (0.295483,-0.669678), Energy = -1.749279 
Averaging iterations... h=0.031250,0.000000
Done.
Final: Magnetisation = (0.353701,-0.626898), Energy = -1.753883 
<M> = (0.292492,-0.676357), <E> = -1.750412 

T=0.560000	 Thermalizing iterations... 
Done.
Thermalized Magnetisation = (0.291105,-0.684144), Energy = -1.754831 
Averaging iterations... h=0.031250,0.000000
Done.
Final: Magnetisation = (0.291740,-0.679723), Energy = -1.756069 
<M> = (0.284786,-0.684875), <E> = -1.756908 

T=0.550000	 Thermalizing iterations... 
Done.
Thermalized Magnetisation = (0.328476,-0.641743), Energy = -1.768100 
Averaging iterations... h=0.031250,0.000000
Done.
Final: Magnetisation = (0.253706,-0.672093), Energy = -1.760139 
<M> = (0.288845,-0.683074), <E> = -1.762731 

T=0.540000	 Thermalizing iterations... 
Done.
Thermalized Magnetisation = (0.304318,-0.656971), Energy = -1.763366 
Averaging iterations... h=0.031250,0.000000
Done.
Final: Magnetisation = (0.300832,-0.689802), Energy = -1.767414 
<M> = (0.298063,-0.685905), <E> = -1.768571 

T=0.530000	 Thermalizing iterations... 
Done.
Thermalized Magnetisation = (0.305562,-0.683307), Energy = -1.774877 
Averaging iterations... h=0.031250,0.000000
Done.
Final: Magnetisation = (0.293804,-0.704442), Energy = -1.779633 
<M> = (0.304009,-0.682997), <E> = -1.774582 

T=0.520000	 Thermalizing iterations... 
Done.
Thermalized Magnetisation = (0.278386,-0.663429), Energy = -1.777086 
Averaging iterations... h=0.031250,0.000000
Done.
Final: Magnetisation = (0.323061,-0.670915), Energy = -1.771217 
<M> = (0.300730,-0.689726), <E> = -1.780606 

T=0.510000	 Thermalizing iterations... 
Done.
Thermalized Magnetisation = (0.292861,-0.699970), Energy = -1.785383 
Averaging iterations... h=0.031250,0.000000
Done.
Final: Magnetisation = (0.326230,-0.694634), Energy = -1.788069 
<M> = (0.296152,-0.698376), <E> = -1.787104 

T=0.500000	 Thermalizing iterations... 
Done.
Thermalized Magnetisation = (0.254645,-0.734431), Energy = -1.795720 
Averaging iterations... h=0.031250,0.000000
Done.
Final: Magnetisation = (0.294914,-0.712630), Energy = -1.800202 
<M> = (0.293233,-0.700672), <E> = -1.793407 

T=0.490000	 Thermalizing iterations... 
Done.
Thermalized Magnetisation = (0.280797,-0.723650), Energy = -1.799984 
Averaging iterations... h=0.031250,0.000000
Done.
Final: Magnetisation = (0.303257,-0.716870), Energy = -1.799982 
<M> = (0.287072,-0.712009), <E> = -1.799773 

T=0.480000	 Thermalizing iterations... 
Done.
Thermalized Magnetisation = (0.318070,-0.676397), Energy = -1.810263 
Averaging iterations... h=0.031250,0.000000
Done.
Final: Magnetisation = (0.272464,-0.685397), Energy = -1.790545 
<M> = (0.293120,-0.708859), <E> = -1.805157 

T=0.470000	 Thermalizing iterations... 
Done.
Thermalized Magnetisation = (0.324054,-0.703428), Energy = -1.815974 
Averaging iterations... h=0.031250,0.000000
Done.
Final: Magnetisation = (0.298339,-0.715707), Energy = -1.819779 
<M> = (0.292503,-0.705704), <E> = -1.810872 

T=0.460000	 Thermalizing iterations... 
Done.
Thermalized Magnetisation = (0.328770,-0.699255), Energy = -1.812839 
Averaging iterations... h=0.031250,0.000000
Done.
Final: Magnetisation = (0.324232,-0.705942), Energy = -1.807558 
<M> = (0.310203,-0.702361), <E> = -1.816542 

T=0.450000	 Thermalizing iterations... 
Done.
Thermalized Magnetisation = (0.307857,-0.721097), Energy = -1.824975 
Averaging iterations... h=0.031250,0.000000
Done.
Final: Magnetisation = (0.317920,-0.703081), Energy = -1.819097 
<M> = (0.299413,-0.712094), <E> = -1.822515 

T=0.440000	 Thermalizing iterations... 
Done.
Thermalized Magnetisation = (0.293293,-0.725459), Energy = -1.830436 
Averaging iterations... h=0.031250,0.000000
Done.
Final: Magnetisation = (0.343156,-0.694446), Energy = -1.831898 
<M> = (0.303113,-0.713819), <E> = -1.828394 

T=0.430000	 Thermalizing iterations... 
Done.
Thermalized Magnetisation = (0.213254,-0.745712), Energy = -1.837278 
Averaging iterations... h=0.031250,0.000000
Done.
Final: Magnetisation = (0.265213,-0.718525), Energy = -1.819838 
<M> = (0.292043,-0.724237), <E> = -1.834335 

T=0.420000	 Thermalizing iterations... 
Done.
Thermalized Magnetisation = (0.305151,-0.742120), Energy = -1.842676 
Averaging iterations... h=0.031250,0.000000
Done.
Final: Magnetisation = (0.274899,-0.731519), Energy = -1.845282 
<M> = (0.292396,-0.732289), <E> = -1.840405 

T=0.410000	 Thermalizing iterations... 
Done.
Thermalized Magnetisation = (0.313029,-0.720854), Energy = -1.847208 
Averaging iterations... h=0.031250,0.000000
Done.
Final: Magnetisation = (0.290103,-0.719462), Energy = -1.841744 
<M> = (0.293667,-0.733256), <E> = -1.846201 

T=0.400000	 Thermalizing iterations... 
Done.
Thermalized Magnetisation = (0.305942,-0.722157), Energy = -1.845742 
Averaging iterations... h=0.031250,0.000000
Done.
Final: Magnetisation = (0.298728,-0.739317), Energy = -1.852734 
<M> = (0.289404,-0.736174), <E> = -1.851803 

T=0.390000	 Thermalizing iterations... 
Done.
Thermalized Magnetisation = (0.286318,-0.732001), Energy = -1.856869 
Averaging iterations... h=0.031250,0.000000
Done.
Final: Magnetisation = (0.285439,-0.746850), Energy = -1.850986 
<M> = (0.305162,-0.728981), <E> = -1.857201 

T=0.380000	 Thermalizing iterations... 
Done.
Thermalized Magnetisation = (0.293113,-0.724876), Energy = -1.858379 
Averaging iterations... h=0.031250,0.000000
Done.
Final: Magnetisation = (0.291081,-0.746498), Energy = -1.864279 
<M> = (0.303781,-0.733223), <E> = -1.862667 

T=0.370000	 Thermalizing iterations... 
Done.
Thermalized Magnetisation = (0.287628,-0.757054), Energy = -1.876385 
Averaging iterations... h=0.031250,0.000000
Done.
Final: Magnetisation = (0.322933,-0.728586), Energy = -1.871421 
<M> = (0.304727,-0.738699), <E> = -1.868420 

T=0.360000	 Thermalizing iterations... 
Done.
Thermalized Magnetisation = (0.286162,-0.765068), Energy = -1.873759 
Averaging iterations... h=0.031250,0.000000
Done.
Final: Magnetisation = (0.322763,-0.734388), Energy = -1.873263 
<M> = (0.296730,-0.745083), <E> = -1.874237 

T=0.350000	 Thermalizing iterations... 
Done.
Thermalized Magnetisation = (0.284378,-0.753880), Energy = -1.874895 
Averaging iterations... h=0.031250,0.000000
Done.
Final: Magnetisation = (0.292352,-0.738588), Energy = -1.873762 
<M> = (0.294150,-0.753311), <E> = -1.879943 

T=0.340000	 Thermalizing iterations... 
Done.
Thermalized Magnetisation = (0.312718,-0.742868), Energy = -1.885283 
Averaging iterations... h=0.031250,0.000000
Done.
Final: Magnetisation = (0.326182,-0.741135), Energy = -1.884781 
<M> = (0.292118,-0.752713), <E> = -1.885711 

T=0.330000	 Thermalizing iterations... 
Done.
Thermalized Magnetisation = (0.286764,-0.748290), Energy = -1.887754 
Averaging iterations... h=0.031250,0.000000
Done.
Final: Magnetisation = (0.285517,-0.756699), Energy = -1.891596 
<M> = (0.294512,-0.758903), <E> = -1.891053 

T=0.320000	 Thermalizing iterations... 
Done.
Thermalized Magnetisation = (0.305346,-0.769649), Energy = -1.897255 
Averaging iterations... h=0.031250,0.000000
Done.
Final: Magnetisation = (0.310761,-0.757705), Energy = -1.893941 
<M> = (0.303262,-0.754920), <E> = -1.896441 

T=0.310000	 Thermalizing iterations... 
Done.
Thermalized Magnetisation = (0.312073,-0.761382), Energy = -1.897375 
Averaging iterations... h=0.031250,0.000000
Done.
Final: Magnetisation = (0.306340,-0.761636), Energy = -1.900029 
<M> = (0.308075,-0.754903), <E> = -1.902006 

T=0.300000	 Thermalizing iterations... 
Done.
Thermalized Magnetisation = (0.306008,-0.762669), Energy = -1.906604 
Averaging iterations... h=0.031250,0.000000
Done.
Final: Magnetisation = (0.337444,-0.722355), Energy = -1.905373 
<M> = (0.301896,-0.758293), <E> = -1.907376 

T=0.290000	 Thermalizing iterations... 
Done.
Thermalized Magnetisation = (0.304313,-0.767467), Energy = -1.913535 
Averaging iterations... h=0.031250,0.000000
Done.
Final: Magnetisation = (0.299644,-0.752921), Energy = -1.907701 
<M> = (0.304107,-0.764271), <E> = -1.912869 

T=0.280000	 Thermalizing iterations... 
Done.
Thermalized Magnetisation = (0.310822,-0.767282), Energy = -1.917028 
Averaging iterations... h=0.031250,0.000000
Done.
Final: Magnetisation = (0.301602,-0.761255), Energy = -1.914020 
<M> = (0.305635,-0.767632), <E> = -1.918433 

T=0.270000	 Thermalizing iterations... 
Done.
Thermalized Magnetisation = (0.279964,-0.787314), Energy = -1.923746 
Averaging iterations... h=0.031250,0.000000
Done.
Final: Magnetisation = (0.302107,-0.777161), Energy = -1.922312 
<M> = (0.296897,-0.774053), <E> = -1.924062 

T=0.260000	 Thermalizing iterations... 
Done.
Thermalized Magnetisation = (0.293642,-0.767542), Energy = -1.930527 
Averaging iterations... h=0.031250,0.000000
Done.
Final: Magnetisation = (0.271682,-0.779201), Energy = -1.929995 
<M> = (0.300885,-0.776077), <E> = -1.929415 

T=0.250000	 Thermalizing iterations... 
Done.
Thermalized Magnetisation = (0.324572,-0.774330), Energy = -1.935340 
Averaging iterations... h=0.031250,0.000000
Done.
Final: Magnetisation = (0.324234,-0.769166), Energy = -1.939526 
<M> = (0.304286,-0.776894), <E> = -1.934656 

T=0.240000	 Thermalizing iterations... 
Done.
Thermalized Magnetisation = (0.286296,-0.777546), Energy = -1.941548 
Averaging iterations... h=0.031250,0.000000
Done.
Final: Magnetisation = (0.319702,-0.781178), Energy = -1.942098 
<M> = (0.307249,-0.773660), <E> = -1.939833 

T=0.230000	 Thermalizing iterations... 
Done.
Thermalized Magnetisation = (0.318621,-0.766791), Energy = -1.945296 
Averaging iterations... h=0.031250,0.000000
Done.
Final: Magnetisation = (0.291319,-0.788916), Energy = -1.944063 
<M> = (0.303394,-0.779196), <E> = -1.945296 

T=0.220000	 Thermalizing iterations... 
Done.
Thermalized Magnetisation = (0.290919,-0.787409), Energy = -1.948710 
Averaging iterations... h=0.031250,0.000000
Done.
Final: Magnetisation = (0.317533,-0.776056), Energy = -1.947513 
<M> = (0.296020,-0.786617), <E> = -1.950600 

T=0.210000	 Thermalizing iterations... 
Done.
Thermalized Magnetisation = (0.301549,-0.783159), Energy = -1.952607 
Averaging iterations... h=0.031250,0.000000
Done.
Final: Magnetisation = (0.290704,-0.791706), Energy = -1.958510 
<M> = (0.301694,-0.787310), <E> = -1.955921 

T=0.200000	 Thermalizing iterations... 
Done.
Thermalized Magnetisation = (0.315113,-0.791539), Energy = -1.958996 
Averaging iterations... h=0.031250,0.000000
Done.
Final: Magnetisation = (0.298302,-0.792313), Energy = -1.959140 
<M> = (0.301868,-0.791453), <E> = -1.961285 

T=0.190000	 Thermalizing iterations... 
Done.
Thermalized Magnetisation = (0.300249,-0.799059), Energy = -1.964578 
Averaging iterations... h=0.031250,0.000000
Done.
Final: Magnetisation = (0.302945,-0.792986), Energy = -1.968947 
<M> = (0.301456,-0.794906), <E> = -1.966651 

T=0.180000	 Thermalizing iterations... 
Done.
Thermalized Magnetisation = (0.290209,-0.799326), Energy = -1.974325 
Averaging iterations... h=0.031250,0.000000
Done.
Final: Magnetisation = (0.293230,-0.797525), Energy = -1.971972 
<M> = (0.301965,-0.797898), <E> = -1.971937 

T=0.170000	 Thermalizing iterations... 
Done.
Thermalized Magnetisation = (0.302584,-0.803187), Energy = -1.973823 
Averaging iterations... h=0.031250,0.000000
Done.
Final: Magnetisation = (0.295085,-0.803349), Energy = -1.977315 
<M> = (0.302757,-0.798325), <E> = -1.977084 

T=0.160000	 Thermalizing iterations... 
Done.
Thermalized Magnetisation = (0.282635,-0.809396), Energy = -1.983092 
Averaging iterations... h=0.031250,0.000000
Done.
Final: Magnetisation = (0.291544,-0.802590), Energy = -1.982931 
<M> = (0.301571,-0.800840), <E> = -1.982165 

T=0.150000	 Thermalizing iterations... 
Done.
Thermalized Magnetisation = (0.329545,-0.795832), Energy = -1.988912 
Averaging iterations... h=0.031250,0.000000
Done.
Final: Magnetisation = (0.307424,-0.808020), Energy = -1.987304 
<M> = (0.301678,-0.804272), <E> = -1.987515 

T=0.140000	 Thermalizing iterations... 
Done.
Thermalized Magnetisation = (0.307974,-0.805298), Energy = -1.994102 
Averaging iterations... h=0.031250,0.000000
Done.
Final: Magnetisation = (0.301391,-0.811849), Energy = -1.992017 
<M> = (0.301265,-0.807350), <E> = -1.992720 

T=0.130000	 Thermalizing iterations... 
Done.
Thermalized Magnetisation = (0.302817,-0.810636), Energy = -2.000958 
Averaging iterations... h=0.031250,0.000000
Done.
Final: Magnetisation = (0.287879,-0.807085), Energy = -1.998138 
<M> = (0.304137,-0.809613), <E> = -1.997887 

T=0.120000	 Thermalizing iterations... 
Done.
Thermalized Magnetisation = (0.305989,-0.813747), Energy = -2.001826 
Averaging iterations... h=0.031250,0.000000
Done.
Final: Magnetisation = (0.304417,-0.811790), Energy = -2.002147 
<M> = (0.301846,-0.812064), <E> = -2.003148 

T=0.110000	 Thermalizing iterations... 
Done.
Thermalized Magnetisation = (0.312746,-0.818161), Energy = -2.010284 
Averaging iterations... h=0.031250,0.000000
Done.
Final: Magnetisation = (0.308354,-0.815608), Energy = -2.008668 
<M> = (0.304055,-0.814033), <E> = -2.008292 

T=0.100000	 Thermalizing iterations... 
Done.
Thermalized Magnetisation = (0.311305,-0.816329), Energy = -2.014845 
Averaging iterations... h=0.031250,0.000000
Done.
Final: Magnetisation = (0.305063,-0.817009), Energy = -2.013311 
<M> = (0.303272,-0.816364), <E> = -2.013390 

T=0.090000	 Thermalizing iterations... 
Done.
Thermalized Magnetisation = (0.325216,-0.811424), Energy = -2.017599 
Averaging iterations... h=0.031250,0.000000
Done.
Final: Magnetisation = (0.296468,-0.820404), Energy = -2.017964 
<M> = (0.307884,-0.818370), <E> = -2.018478 

T=0.080000	 Thermalizing iterations... 
Done.
Thermalized Magnetisation = (0.292861,-0.831861), Energy = -2.023871 
Averaging iterations... h=0.031250,0.000000
Done.
Final: Magnetisation = (0.307923,-0.815066), Energy = -2.023966 
<M> = (0.303082,-0.822418), <E> = -2.023586 

T=0.070000	 Thermalizing iterations... 
Done.
Thermalized Magnetisation = (0.306510,-0.827054), Energy = -2.028840 
Averaging iterations... h=0.031250,0.000000
Done.
Final: Magnetisation = (0.311640,-0.826170), Energy = -2.029341 
<M> = (0.305842,-0.824404), <E> = -2.028708 

T=0.060000	 Thermalizing iterations... 
Done.
Thermalized Magnetisation = (0.296362,-0.830028), Energy = -2.033360 
Averaging iterations... h=0.031250,0.000000
Done.
Final: Magnetisation = (0.300170,-0.825075), Energy = -2.033154 
<M> = (0.301620,-0.829669), <E> = -2.033813 

T=0.050000	 Thermalizing iterations... 
Done.
Thermalized Magnetisation = (0.310944,-0.826217), Energy = -2.039315 
Averaging iterations... h=0.031250,0.000000
Done.
Final: Magnetisation = (0.303818,-0.827748), Energy = -2.038740 
<M> = (0.305236,-0.829064), <E> = -2.038880 

T=0.040000	 Thermalizing iterations... 
Done.
Thermalized Magnetisation = (0.295540,-0.832012), Energy = -2.043509 
Averaging iterations... h=0.031250,0.000000
Done.
Final: Magnetisation = (0.304230,-0.829870), Energy = -2.043576 
<M> = (0.303809,-0.832101), <E> = -2.043927 

T=0.030000	 Thermalizing iterations... 
Done.
Thermalized Magnetisation = (0.303962,-0.833277), Energy = -2.049178 
Averaging iterations... h=0.031250,0.000000
Done.
Final: Magnetisation = (0.306746,-0.833259), Energy = -2.048624 
<M> = (0.304125,-0.835637), <E> = -2.048994 

T=0.020000	 Thermalizing iterations... 
Done.
Thermalized Magnetisation = (0.307560,-0.836979), Energy = -2.054108 
Averaging iterations... h=0.031250,0.000000
Done.
Final: Magnetisation = (0.304098,-0.839248), Energy = -2.054210 
<M> = (0.304609,-0.837636), <E> = -2.054010 

T=0.010000	 Thermalizing iterations... 
Done.
Thermalized Magnetisation = (0.304193,-0.840457), Energy = -2.059013 
Averaging iterations... h=0.031250,0.000000
Done.
Final: Magnetisation = (0.308492,-0.838012), Energy = -2.058963 
<M> = (0.308084,-0.839206), <E> = -2.059018 
Final Magnetisation = (0.308492,-0.838012), Energy = -2.058963 
------------------------

Updating all (first)black/(then)white checkerboard sites simultaneously.. 

ztne RFXY h rotating with |h|=0.031250 at T=0.000000..
loop 1

loop 2

CPU  Start Time = 1121129.492116 

CPU  End Time = 1131465.706517 

CPU Time elapsed total = 10336.214401 

real	172m16.364s
user	3137m44.043s
sys	1m48.506s
