nearest neighbor initialized. 
J loaded. 
h loaded. 
L = 32, dim_L = 2, dim_S = 2
hysteresis_MCS_multiplier = 10, hysteresis_MCS_max = 100
RAND_MAX = 2147483647.000000,
 sizeof(int) = 4,
 sizeof(long) = 8,
 sizeof(double) = 8,
 sizeof(long int) = 8,
 sizeof(short int) = 2,
 sizeof(unsigned int) = 4,
 sizeof(RAND_MAX) = 4

OpenMP Active.

No. of THREADS = 24
No. of PROCESSORS = 24

0.145817,0.075858
order = ({1.000000-->-1.000000,0.000000}, 0, 1)
Initial Magnetisation = (0.145817,0.075858), Energy = -0.025012 
Cooling... 
T=2.000000	 Thermalizing iterations... 
Done.
Thermalized Magnetisation = (0.057295,-0.226804), Energy = -0.581399 
Averaging iterations... h=0.071429,0.000000
Done.
Final: Magnetisation = (-0.031374,-0.122473), Energy = -0.735020 
<M> = (0.047212,0.001487), <E> = -0.753076 

T=1.950000	 Thermalizing iterations... 
Done.
Thermalized Magnetisation = (-0.057414,0.147386), Energy = -0.732906 
Averaging iterations... h=0.071429,0.000000
Done.
Final: Magnetisation = (-0.061066,-0.009418), Energy = -0.673529 
<M> = (0.045934,0.005301), <E> = -0.770334 

T=1.900000	 Thermalizing iterations... 
Done.
Thermalized Magnetisation = (0.089079,0.044642), Energy = -0.751348 
Averaging iterations... h=0.071429,0.000000
Done.
Final: Magnetisation = (-0.003720,-0.035407), Energy = -0.842435 
<M> = (0.054363,0.007718), <E> = -0.790796 

T=1.850000	 Thermalizing iterations... 
Done.
Thermalized Magnetisation = (0.100205,0.164258), Energy = -0.765635 
Averaging iterations... h=0.071429,0.000000
Done.
Final: Magnetisation = (0.112256,-0.142236), Energy = -0.770578 
<M> = (0.055467,0.000210), <E> = -0.814221 

T=1.800000	 Thermalizing iterations... 
Done.
Thermalized Magnetisation = (-0.017966,0.091434), Energy = -0.715236 
Averaging iterations... h=0.071429,0.000000
Done.
Final: Magnetisation = (0.067876,0.180022), Energy = -0.877794 
<M> = (0.059262,0.002711), <E> = -0.835594 

T=1.750000	 Thermalizing iterations... 
Done.
Thermalized Magnetisation = (0.231661,-0.075877), Energy = -0.875892 
Averaging iterations... h=0.071429,0.000000
Done.
Final: Magnetisation = (-0.039496,-0.158049), Energy = -0.811381 
<M> = (0.062447,0.001248), <E> = -0.851462 

T=1.700000	 Thermalizing iterations... 
Done.
Thermalized Magnetisation = (0.146572,-0.065992), Energy = -0.982752 
Averaging iterations... h=0.071429,0.000000
Done.
Final: Magnetisation = (-0.010837,0.187262), Energy = -0.822529 
<M> = (0.068466,0.000988), <E> = -0.880611 

T=1.650000	 Thermalizing iterations... 
Done.
Thermalized Magnetisation = (0.180055,-0.102632), Energy = -1.024559 
Averaging iterations... h=0.071429,0.000000
Done.
Final: Magnetisation = (0.301016,-0.335366), Energy = -0.990431 
<M> = (0.071640,-0.000615), <E> = -0.896722 

T=1.600000	 Thermalizing iterations... 
Done.
Thermalized Magnetisation = (0.050435,-0.029288), Energy = -0.941074 
Averaging iterations... h=0.071429,0.000000
Done.
Final: Magnetisation = (0.078800,0.098402), Energy = -0.785868 
<M> = (0.084350,-0.001392), <E> = -0.929155 

T=1.550000	 Thermalizing iterations... 
Done.
Thermalized Magnetisation = (0.300911,-0.056479), Energy = -1.105429 
Averaging iterations... h=0.071429,0.000000
Done.
Final: Magnetisation = (0.022056,0.044428), Energy = -1.159112 
<M> = (0.084683,-0.000662), <E> = -0.957646 

T=1.500000	 Thermalizing iterations... 
Done.
Thermalized Magnetisation = (0.099156,0.074022), Energy = -0.842607 
Averaging iterations... h=0.071429,0.000000
Done.
Final: Magnetisation = (0.102548,-0.046777), Energy = -0.882482 
<M> = (0.101246,0.003793), <E> = -0.981281 

T=1.450000	 Thermalizing iterations... 
Done.
Thermalized Magnetisation = (0.189123,0.175250), Energy = -1.154904 
Averaging iterations... h=0.071429,0.000000
Done.
Final: Magnetisation = (-0.022426,-0.152767), Energy = -1.122614 
<M> = (0.109716,0.003241), <E> = -1.014508 

T=1.400000	 Thermalizing iterations... 
Done.
Thermalized Magnetisation = (0.272132,-0.007448), Energy = -1.024869 
Averaging iterations... h=0.071429,0.000000
Done.
Final: Magnetisation = (0.187855,-0.012960), Energy = -1.065094 
<M> = (0.120815,0.009534), <E> = -1.047957 

T=1.350000	 Thermalizing iterations... 
Done.
Thermalized Magnetisation = (0.219735,0.107480), Energy = -1.144725 
Averaging iterations... h=0.071429,0.000000
Done.
Final: Magnetisation = (0.235175,-0.023161), Energy = -1.211124 
<M> = (0.129050,-0.001318), <E> = -1.083845 

T=1.300000	 Thermalizing iterations... 
Done.
Thermalized Magnetisation = (0.314560,0.009884), Energy = -1.139419 
Averaging iterations... h=0.071429,0.000000
Done.
Final: Magnetisation = (0.175245,0.066550), Energy = -1.044463 
<M> = (0.142072,0.007022), <E> = -1.120655 

T=1.250000	 Thermalizing iterations... 
Done.
Thermalized Magnetisation = (-0.011587,0.255070), Energy = -1.182918 
Averaging iterations... h=0.071429,0.000000
Done.
Final: Magnetisation = (0.068382,0.119354), Energy = -0.994160 
<M> = (0.174708,0.002643), <E> = -1.162392 

T=1.200000	 Thermalizing iterations... 
Done.
Thermalized Magnetisation = (0.233522,0.407635), Energy = -1.217331 
Averaging iterations... h=0.071429,0.000000
Done.
Final: Magnetisation = (-0.092068,-0.042467), Energy = -1.221636 
<M> = (0.185013,0.012444), <E> = -1.201749 

T=1.150000	 Thermalizing iterations... 
Done.
Thermalized Magnetisation = (0.107102,0.011355), Energy = -1.338942 
Averaging iterations... h=0.071429,0.000000
Done.
Final: Magnetisation = (0.176364,0.145044), Energy = -1.297325 
<M> = (0.225956,-0.001037), <E> = -1.244409 

T=1.100000	 Thermalizing iterations... 
Done.
Thermalized Magnetisation = (0.327442,-0.271929), Energy = -1.449909 
Averaging iterations... h=0.071429,0.000000
Done.
Final: Magnetisation = (0.087306,-0.283566), Energy = -1.339865 
<M> = (0.254973,-0.002769), <E> = -1.291410 

T=1.050000	 Thermalizing iterations... 
Done.
Thermalized Magnetisation = (0.324506,-0.134575), Energy = -1.407906 
Averaging iterations... h=0.071429,0.000000
Done.
Final: Magnetisation = (0.274232,0.111563), Energy = -1.299960 
<M> = (0.288469,0.027036), <E> = -1.341143 

T=1.000000	 Thermalizing iterations... 
Done.
Thermalized Magnetisation = (-0.078370,-0.426185), Energy = -1.269150 
Averaging iterations... h=0.071429,0.000000
Done.
Final: Magnetisation = (0.225600,0.348697), Energy = -1.305611 
<M> = (0.311823,-0.031833), <E> = -1.385166 

T=0.950000	 Thermalizing iterations... 
Done.
Thermalized Magnetisation = (0.488349,-0.305458), Energy = -1.477749 
Averaging iterations... h=0.071429,0.000000
Done.
Final: Magnetisation = (0.333454,-0.386301), Energy = -1.482146 
<M> = (0.351981,0.009521), <E> = -1.438148 

T=0.900000	 Thermalizing iterations... 
Done.
Thermalized Magnetisation = (0.121696,0.022085), Energy = -1.361586 
Averaging iterations... h=0.071429,0.000000
Done.
Final: Magnetisation = (0.403009,0.328342), Energy = -1.506321 
<M> = (0.416233,0.014192), <E> = -1.490891 

T=0.850000	 Thermalizing iterations... 
Done.
Thermalized Magnetisation = (0.387706,0.185155), Energy = -1.507077 
Averaging iterations... h=0.071429,0.000000
Done.
Final: Magnetisation = (0.236427,-0.000452), Energy = -1.581102 
<M> = (0.469467,0.021017), <E> = -1.537761 

T=0.800000	 Thermalizing iterations... 
Done.
Thermalized Magnetisation = (0.665971,0.136778), Energy = -1.498324 
Averaging iterations... h=0.071429,0.000000
Done.
Final: Magnetisation = (0.550547,0.391060), Energy = -1.578886 
<M> = (0.497244,0.038565), <E> = -1.584946 

T=0.750000	 Thermalizing iterations... 
Done.
Thermalized Magnetisation = (0.583509,0.476049), Energy = -1.640134 
Averaging iterations... h=0.071429,0.000000
Done.
Final: Magnetisation = (0.518395,0.458895), Energy = -1.620244 
<M> = (0.525853,-0.000609), <E> = -1.626397 

T=0.700000	 Thermalizing iterations... 
Done.
Thermalized Magnetisation = (0.481975,0.562986), Energy = -1.656618 
Averaging iterations... h=0.071429,0.000000
Done.
Final: Magnetisation = (0.356346,-0.708839), Energy = -1.730017 
<M> = (0.543243,0.154390), <E> = -1.662669 

T=0.650000	 Thermalizing iterations... 
Done.
Thermalized Magnetisation = (0.646345,-0.372114), Energy = -1.694991 
Averaging iterations... h=0.071429,0.000000
Done.
Final: Magnetisation = (0.601062,0.217067), Energy = -1.685575 
<M> = (0.543427,-0.202620), <E> = -1.703513 

T=0.600000	 Thermalizing iterations... 
Done.
Thermalized Magnetisation = (0.536766,0.476443), Energy = -1.739071 
Averaging iterations... h=0.071429,0.000000
Done.
Final: Magnetisation = (0.419706,-0.362344), Energy = -1.697704 
<M> = (0.589751,-0.133918), <E> = -1.737722 

T=0.550000	 Thermalizing iterations... 
Done.
Thermalized Magnetisation = (0.446754,0.572707), Energy = -1.740330 
Averaging iterations... h=0.071429,0.000000
Done.
Final: Magnetisation = (0.597030,0.386832), Energy = -1.748839 
<M> = (0.572615,0.066261), <E> = -1.769102 

T=0.500000	 Thermalizing iterations... 
Done.
Thermalized Magnetisation = (0.588493,0.124262), Energy = -1.817835 
Averaging iterations... h=0.071429,0.000000
Done.
Final: Magnetisation = (0.583846,-0.208227), Energy = -1.775940 
<M> = (0.661078,0.058944), <E> = -1.795652 

T=0.450000	 Thermalizing iterations... 
Done.
Thermalized Magnetisation = (0.688330,-0.455227), Energy = -1.866200 
Averaging iterations... h=0.071429,0.000000
Done.
Final: Magnetisation = (0.686017,0.087718), Energy = -1.747862 
<M> = (0.594999,-0.112667), <E> = -1.830002 

T=0.400000	 Thermalizing iterations... 
Done.
Thermalized Magnetisation = (0.502051,0.569063), Energy = -1.841173 
Averaging iterations... h=0.071429,0.000000
Done.
Final: Magnetisation = (0.564274,-0.438357), Energy = -1.837822 
<M> = (0.574538,-0.097153), <E> = -1.859319 

T=0.350000	 Thermalizing iterations... 
Done.
Thermalized Magnetisation = (0.550375,0.594830), Energy = -1.871959 
Averaging iterations... h=0.071429,0.000000
Done.
Final: Magnetisation = (0.484918,0.651121), Energy = -1.904886 
<M> = (0.565285,0.590659), <E> = -1.888036 

T=0.300000	 Thermalizing iterations... 
Done.
Thermalized Magnetisation = (0.459271,0.630823), Energy = -1.894273 
Averaging iterations... h=0.071429,0.000000
Done.
Final: Magnetisation = (0.396542,0.807146), Energy = -1.941467 
<M> = (0.553387,0.619019), <E> = -1.915990 

T=0.250000	 Thermalizing iterations... 
Done.
Thermalized Magnetisation = (0.594012,0.616601), Energy = -1.921816 
Averaging iterations... h=0.071429,0.000000
Done.
Final: Magnetisation = (0.470681,0.754013), Energy = -1.945910 
<M> = (0.566610,0.645921), <E> = -1.943335 

T=0.200000	 Thermalizing iterations... 
Done.
Thermalized Magnetisation = (0.536356,0.714415), Energy = -1.975504 
Averaging iterations... h=0.071429,0.000000
Done.
Final: Magnetisation = (0.496293,0.737166), Energy = -1.967266 
<M> = (0.535848,0.697576), <E> = -1.970424 

T=0.150000	 Thermalizing iterations... 
Done.
Thermalized Magnetisation = (0.465853,0.747588), Energy = -2.001141 
Averaging iterations... h=0.071429,0.000000
Done.
Final: Magnetisation = (0.588162,0.655962), Energy = -1.990906 
<M> = (0.557889,0.696900), <E> = -1.996776 

T=0.100000	 Thermalizing iterations... 
Done.
Thermalized Magnetisation = (0.632974,0.670888), Energy = -2.024205 
Averaging iterations... h=0.071429,0.000000
Done.
Final: Magnetisation = (0.513332,0.758211), Energy = -2.006981 
<M> = (0.556969,0.720934), <E> = -2.022734 

T=0.050000	 Thermalizing iterations... 
Done.
Thermalized Magnetisation = (0.551627,0.730244), Energy = -2.049588 
Averaging iterations... h=0.071429,0.000000
Done.
Final: Magnetisation = (0.493128,0.778196), Energy = -2.047490 
<M> = (0.542456,0.751207), <E> = -2.048113 
Final Magnetisation = (0.493128,0.778196), Energy = -2.047490 
------------------------

Updating all (first)black/(then)white checkerboard sites simultaneously.. 

ztne RFXY h rotating with |h|=0.071429 at T=0.000000..
loop 1

loop 2

Cooling protocol time (from T=2.000000 to T=0.000000) = 208.049372 

CPU Time elapsed total = 208.099771 
All done - 209 seconds elapsed.
