nearest neighbor initialized. 
J loaded. 
h loaded. 
L = 32, dim_L = 2, dim_S = 2
hysteresis_MCS_multiplier = 10, hysteresis_MCS_max = 100
RAND_MAX = 2147483647.000000,
 sizeof(int) = 4,
 sizeof(long) = 8,
 sizeof(double) = 8,
 sizeof(long int) = 8,
 sizeof(short int) = 2,
 sizeof(unsigned int) = 4,
 sizeof(RAND_MAX) = 4

OpenMP Active.

No. of THREADS = 24
No. of PROCESSORS = 24

0.140552,0.072328
order = ({1.000000-->-1.000000,0.000000}, 0, 1)
Initial Magnetisation = (0.140552,0.072328), Energy = -0.028670 
Cooling... 
T=2.000000	 Thermalizing iterations... 
Done.
Thermalized Magnetisation = (0.064391,-0.237580), Energy = -0.533102 
Averaging iterations... h=0.071429,0.000000
Done.
Final: Magnetisation = (-0.067567,-0.167095), Energy = -0.637639 
<M> = (0.078422,0.003284), <E> = -0.758845 

T=1.950000	 Thermalizing iterations... 
Done.
Thermalized Magnetisation = (0.085232,0.080495), Energy = -0.554423 
Averaging iterations... h=0.071429,0.000000
Done.
Final: Magnetisation = (0.070933,0.005534), Energy = -0.717358 
<M> = (0.083728,-0.000924), <E> = -0.779410 

T=1.900000	 Thermalizing iterations... 
Done.
Thermalized Magnetisation = (0.327789,0.060940), Energy = -0.792378 
Averaging iterations... h=0.071429,0.000000
Done.
Final: Magnetisation = (-0.077542,-0.082149), Energy = -0.874016 
<M> = (0.086671,0.006773), <E> = -0.798952 

T=1.850000	 Thermalizing iterations... 
Done.
Thermalized Magnetisation = (0.058739,0.002868), Energy = -0.724533 
Averaging iterations... h=0.071429,0.000000
Done.
Final: Magnetisation = (0.171972,0.033351), Energy = -0.991908 
<M> = (0.093111,0.004348), <E> = -0.817900 

T=1.800000	 Thermalizing iterations... 
Done.
Thermalized Magnetisation = (0.136232,-0.255841), Energy = -0.817944 
Averaging iterations... h=0.071429,0.000000
Done.
Final: Magnetisation = (0.238599,0.050350), Energy = -0.943758 
<M> = (0.097022,0.000532), <E> = -0.844296 

T=1.750000	 Thermalizing iterations... 
Done.
Thermalized Magnetisation = (0.158597,0.102101), Energy = -0.921518 
Averaging iterations... h=0.071429,0.000000
Done.
Final: Magnetisation = (0.361377,-0.020118), Energy = -0.957582 
<M> = (0.110327,0.002887), <E> = -0.866478 

T=1.700000	 Thermalizing iterations... 
Done.
Thermalized Magnetisation = (0.153109,0.140416), Energy = -0.828250 
Averaging iterations... h=0.071429,0.000000
Done.
Final: Magnetisation = (0.157160,0.084564), Energy = -0.879765 
<M> = (0.118373,-0.002389), <E> = -0.895134 

T=1.650000	 Thermalizing iterations... 
Done.
Thermalized Magnetisation = (-0.070472,-0.000011), Energy = -0.783073 
Averaging iterations... h=0.071429,0.000000
Done.
Final: Magnetisation = (0.233652,0.091758), Energy = -0.926093 
<M> = (0.118390,-0.003275), <E> = -0.911572 

T=1.600000	 Thermalizing iterations... 
Done.
Thermalized Magnetisation = (0.336707,0.147956), Energy = -1.077544 
Averaging iterations... h=0.071429,0.000000
Done.
Final: Magnetisation = (0.187575,0.046848), Energy = -1.042761 
<M> = (0.138876,-0.001312), <E> = -0.942306 

T=1.550000	 Thermalizing iterations... 
Done.
Thermalized Magnetisation = (0.185812,-0.147857), Energy = -0.926077 
Averaging iterations... h=0.071429,0.000000
Done.
Final: Magnetisation = (0.235045,0.240577), Energy = -0.995408 
<M> = (0.142046,0.001419), <E> = -0.971299 

T=1.500000	 Thermalizing iterations... 
Done.
Thermalized Magnetisation = (0.260440,-0.171966), Energy = -1.011323 
Averaging iterations... h=0.071429,0.000000
Done.
Final: Magnetisation = (0.268007,0.076037), Energy = -0.937538 
<M> = (0.161056,0.004926), <E> = -1.003334 

T=1.450000	 Thermalizing iterations... 
Done.
Thermalized Magnetisation = (0.109745,-0.047290), Energy = -1.035506 
Averaging iterations... h=0.071429,0.000000
Done.
Final: Magnetisation = (0.440156,-0.203785), Energy = -1.247263 
<M> = (0.177230,-0.005534), <E> = -1.037936 

T=1.400000	 Thermalizing iterations... 
Done.
Thermalized Magnetisation = (0.377452,-0.018562), Energy = -1.090371 
Averaging iterations... h=0.071429,0.000000
Done.
Final: Magnetisation = (0.131698,0.279941), Energy = -1.004112 
<M> = (0.194130,0.007529), <E> = -1.074342 

T=1.350000	 Thermalizing iterations... 
Done.
Thermalized Magnetisation = (0.303744,-0.037605), Energy = -1.186509 
Averaging iterations... h=0.071429,0.000000
Done.
Final: Magnetisation = (0.177061,0.048162), Energy = -1.104511 
<M> = (0.219705,-0.002046), <E> = -1.113756 

T=1.300000	 Thermalizing iterations... 
Done.
Thermalized Magnetisation = (0.087998,0.163852), Energy = -1.076022 
Averaging iterations... h=0.071429,0.000000
Done.
Final: Magnetisation = (0.072334,0.104313), Energy = -0.992907 
<M> = (0.239433,0.006005), <E> = -1.152473 

T=1.250000	 Thermalizing iterations... 
Done.
Thermalized Magnetisation = (0.192940,-0.009431), Energy = -1.203098 
Averaging iterations... h=0.071429,0.000000
Done.
Final: Magnetisation = (0.230868,0.036935), Energy = -1.196783 
<M> = (0.266492,-0.002397), <E> = -1.194141 

T=1.200000	 Thermalizing iterations... 
Done.
Thermalized Magnetisation = (0.379188,0.296385), Energy = -1.377946 
Averaging iterations... h=0.071429,0.000000
Done.
Final: Magnetisation = (0.385161,-0.105033), Energy = -1.306257 
<M> = (0.292386,0.002571), <E> = -1.237580 

T=1.150000	 Thermalizing iterations... 
Done.
Thermalized Magnetisation = (0.223605,-0.152353), Energy = -1.209056 
Averaging iterations... h=0.071429,0.000000
Done.
Final: Magnetisation = (0.311704,-0.127779), Energy = -1.350029 
<M> = (0.338380,0.001476), <E> = -1.284954 

T=1.100000	 Thermalizing iterations... 
Done.
Thermalized Magnetisation = (0.461571,-0.149188), Energy = -1.320751 
Averaging iterations... h=0.071429,0.000000
Done.
Final: Magnetisation = (0.120783,0.004804), Energy = -1.267990 
<M> = (0.381795,0.004498), <E> = -1.338927 

T=1.050000	 Thermalizing iterations... 
Done.
Thermalized Magnetisation = (0.640731,-0.142812), Energy = -1.533707 
Averaging iterations... h=0.071429,0.000000
Done.
Final: Magnetisation = (0.378599,0.130197), Energy = -1.335682 
<M> = (0.404825,-0.001520), <E> = -1.386370 

T=1.000000	 Thermalizing iterations... 
Done.
Thermalized Magnetisation = (0.599365,-0.245698), Energy = -1.472144 
Averaging iterations... h=0.071429,0.000000
Done.
Final: Magnetisation = (0.570834,-0.018541), Energy = -1.583501 
<M> = (0.439150,0.000170), <E> = -1.431943 

T=0.950000	 Thermalizing iterations... 
Done.
Thermalized Magnetisation = (0.533653,-0.100934), Energy = -1.443623 
Averaging iterations... h=0.071429,0.000000
Done.
Final: Magnetisation = (0.283169,0.183476), Energy = -1.425229 
<M> = (0.481201,0.003976), <E> = -1.485914 

T=0.900000	 Thermalizing iterations... 
Done.
Thermalized Magnetisation = (0.560828,-0.255018), Energy = -1.524435 
Averaging iterations... h=0.071429,0.000000
Done.
Final: Magnetisation = (0.719031,-0.062776), Energy = -1.653780 
<M> = (0.534064,0.015567), <E> = -1.538719 

T=0.850000	 Thermalizing iterations... 
Done.
Thermalized Magnetisation = (0.502410,-0.520143), Energy = -1.641703 
Averaging iterations... h=0.071429,0.000000
Done.
Final: Magnetisation = (0.504457,0.086960), Energy = -1.517110 
<M> = (0.572894,0.006067), <E> = -1.583010 

T=0.800000	 Thermalizing iterations... 
Done.
Thermalized Magnetisation = (0.723691,-0.193131), Energy = -1.686516 
Averaging iterations... h=0.071429,0.000000
Done.
Final: Magnetisation = (0.639413,0.300186), Energy = -1.661798 
<M> = (0.605820,0.006591), <E> = -1.627805 

T=0.750000	 Thermalizing iterations... 
Done.
Thermalized Magnetisation = (0.607069,0.260683), Energy = -1.564101 
Averaging iterations... h=0.071429,0.000000
Done.
Final: Magnetisation = (0.742585,0.182492), Energy = -1.700044 
<M> = (0.637491,-0.007964), <E> = -1.666293 

T=0.700000	 Thermalizing iterations... 
Done.
Thermalized Magnetisation = (0.731948,0.098134), Energy = -1.718435 
Averaging iterations... h=0.071429,0.000000
Done.
Final: Magnetisation = (0.750314,0.331198), Energy = -1.741689 
<M> = (0.653975,0.054157), <E> = -1.702954 

T=0.650000	 Thermalizing iterations... 
Done.
Thermalized Magnetisation = (0.759372,-0.068284), Energy = -1.760059 
Averaging iterations... h=0.071429,0.000000
Done.
Final: Magnetisation = (0.580387,0.179512), Energy = -1.621803 
<M> = (0.691168,-0.049726), <E> = -1.737687 

T=0.600000	 Thermalizing iterations... 
Done.
Thermalized Magnetisation = (0.714523,-0.249569), Energy = -1.721995 
Averaging iterations... h=0.071429,0.000000
Done.
Final: Magnetisation = (0.690674,-0.219479), Energy = -1.734836 
<M> = (0.716929,-0.040459), <E> = -1.773594 

T=0.550000	 Thermalizing iterations... 
Done.
Thermalized Magnetisation = (0.788562,-0.220939), Energy = -1.830252 
Averaging iterations... h=0.071429,0.000000
Done.
Final: Magnetisation = (0.769208,-0.053975), Energy = -1.763749 
<M> = (0.731448,0.054272), <E> = -1.802016 

T=0.500000	 Thermalizing iterations... 
Done.
Thermalized Magnetisation = (0.754268,0.361910), Energy = -1.843916 
Averaging iterations... h=0.071429,0.000000
Done.
Final: Magnetisation = (0.842599,-0.050558), Energy = -1.835630 
<M> = (0.743901,-0.064182), <E> = -1.833284 

T=0.450000	 Thermalizing iterations... 
Done.
Thermalized Magnetisation = (0.731066,0.396000), Energy = -1.853979 
Averaging iterations... h=0.071429,0.000000
Done.
Final: Magnetisation = (0.766143,0.120769), Energy = -1.845294 
<M> = (0.773005,-0.024805), <E> = -1.861184 

T=0.400000	 Thermalizing iterations... 
Done.
Thermalized Magnetisation = (0.882881,0.155375), Energy = -1.947235 
Averaging iterations... h=0.071429,0.000000
Done.
Final: Magnetisation = (0.821587,-0.169386), Energy = -1.905910 
<M> = (0.784159,-0.158114), <E> = -1.889154 

T=0.350000	 Thermalizing iterations... 
Done.
Thermalized Magnetisation = (0.834527,0.144683), Energy = -1.919991 
Averaging iterations... h=0.071429,0.000000
Done.
Final: Magnetisation = (0.673007,0.536210), Energy = -1.939601 
<M> = (0.804167,-0.009535), <E> = -1.918346 

T=0.300000	 Thermalizing iterations... 
Done.
Thermalized Magnetisation = (0.795468,0.432272), Energy = -1.967298 
Averaging iterations... h=0.071429,0.000000
Done.
Final: Magnetisation = (0.829199,0.113602), Energy = -1.935688 
<M> = (0.805377,0.079190), <E> = -1.944718 

T=0.250000	 Thermalizing iterations... 
Done.
Thermalized Magnetisation = (0.828050,-0.236130), Energy = -1.953194 
Averaging iterations... h=0.071429,0.000000
Done.
Final: Magnetisation = (0.730070,-0.547560), Energy = -1.960479 
<M> = (0.824921,-0.251744), <E> = -1.971963 

T=0.200000	 Thermalizing iterations... 
Done.
Thermalized Magnetisation = (0.840191,-0.390236), Energy = -2.012136 
Averaging iterations... h=0.071429,0.000000
Done.
Final: Magnetisation = (0.897284,-0.130628), Energy = -1.995812 
<M> = (0.846733,-0.238351), <E> = -1.998238 

T=0.150000	 Thermalizing iterations... 
Done.
Thermalized Magnetisation = (0.775182,-0.513582), Energy = -2.028383 
Averaging iterations... h=0.071429,0.000000
Done.
Final: Magnetisation = (0.872280,0.307514), Energy = -2.029394 
<M> = (0.830132,-0.164867), <E> = -2.024701 

T=0.100000	 Thermalizing iterations... 
Done.
Thermalized Magnetisation = (0.819191,0.449965), Energy = -2.042769 
Averaging iterations... h=0.071429,0.000000
Done.
Final: Magnetisation = (0.834433,0.441968), Energy = -2.048341 
<M> = (0.848677,0.357706), <E> = -2.050319 

T=0.050000	 Thermalizing iterations... 
Done.
Thermalized Magnetisation = (0.898539,0.307727), Energy = -2.072935 
Averaging iterations... h=0.071429,0.000000
Done.
Final: Magnetisation = (0.849810,0.391542), Energy = -2.075108 
<M> = (0.849549,0.407369), <E> = -2.075714 
Final Magnetisation = (0.849810,0.391542), Energy = -2.075108 
------------------------

Updating all (first)black/(then)white checkerboard sites simultaneously.. 

ztne RFXY h rotating with |h|=0.071429 at T=0.000000..
loop 1

loop 2

Cooling protocol time (from T=2.000000 to T=0.000000) = 184.151711 

CPU Time elapsed total = 184.183840 
All done - 185 seconds elapsed.
