+ cd /home/sbasak/Exercises/OpenMP/XY_code/Z2/rotating_field/trial/config/config_16
+ export OMP_NUM_THREADS=28
+ OMP_NUM_THREADS=28
+ ./a_4.out
nearest neighbor initialized. 
h loaded. 
J loaded. 
L = 128, dim_L = 2, dim_S = 2
hysteresis_MCS_multiplier = 10, hysteresis_MCS_max = 100
RAND_MAX = 2147483647.000000,
 sizeof(int) = 4,
 sizeof(long) = 8,
 sizeof(double) = 8,
 sizeof(long int) = 8,
 sizeof(short int) = 2,
 sizeof(unsigned int) = 4,
 sizeof(RAND_MAX) = 4
No. of THREADS = 28
No. of PROCESSORS = 28

0.059413,0.022440
order = ({1.000000-->-1.000000,0.000000}, 0, 1)
Initial Magnetisation = (0.059413,0.022440), Energy = 0.022685 
Cooling... 
T=2.000000	 Thermalizing iterations... 
Done.
Thermalized Magnetisation = (0.117824,-0.006491), Energy = -0.603606 
Averaging iterations... h=0.125000,0.000000
Done.
Final: Magnetisation = (0.115076,-0.025244), Energy = -0.597626 
<M> = (0.112758,-0.000328), <E> = -0.633130 

T=1.990000	 Thermalizing iterations... 
Done.
Thermalized Magnetisation = (0.065656,0.031240), Energy = -0.635739 
Averaging iterations... h=0.125000,0.000000
Done.
Final: Magnetisation = (0.096546,-0.009299), Energy = -0.663436 
<M> = (0.115757,-0.001384), <E> = -0.638208 

T=1.980000	 Thermalizing iterations... 
Done.
Thermalized Magnetisation = (0.115005,0.011900), Energy = -0.665855 
Averaging iterations... h=0.125000,0.000000
Done.
Final: Magnetisation = (0.136156,-0.005175), Energy = -0.645038 
<M> = (0.116280,-0.000744), <E> = -0.642830 

T=1.970000	 Thermalizing iterations... 
Done.
Thermalized Magnetisation = (0.114377,0.033219), Energy = -0.650975 
Averaging iterations... h=0.125000,0.000000
Done.
Final: Magnetisation = (0.117904,-0.060913), Energy = -0.623839 
<M> = (0.118730,-0.002394), <E> = -0.647261 

T=1.960000	 Thermalizing iterations... 
Done.
Thermalized Magnetisation = (0.122663,-0.029173), Energy = -0.686583 
Averaging iterations... h=0.125000,0.000000
Done.
Final: Magnetisation = (0.125083,0.028610), Energy = -0.670499 
<M> = (0.120742,-0.000785), <E> = -0.651163 

T=1.950000	 Thermalizing iterations... 
Done.
Thermalized Magnetisation = (0.120224,0.004182), Energy = -0.653039 
Averaging iterations... h=0.125000,0.000000
Done.
Final: Magnetisation = (0.179117,-0.011801), Energy = -0.691263 
<M> = (0.122840,-0.000212), <E> = -0.654858 

T=1.940000	 Thermalizing iterations... 
Done.
Thermalized Magnetisation = (0.167104,-0.016434), Energy = -0.663435 
Averaging iterations... h=0.125000,0.000000
Done.
Final: Magnetisation = (0.151768,0.029246), Energy = -0.662471 
<M> = (0.123086,0.000205), <E> = -0.658543 

T=1.930000	 Thermalizing iterations... 
Done.
Thermalized Magnetisation = (0.140343,0.008891), Energy = -0.680175 
Averaging iterations... h=0.125000,0.000000
Done.
Final: Magnetisation = (0.069746,0.016142), Energy = -0.626479 
<M> = (0.123614,0.000020), <E> = -0.661733 

T=1.920000	 Thermalizing iterations... 
Done.
Thermalized Magnetisation = (0.094479,0.020200), Energy = -0.688889 
Averaging iterations... h=0.125000,0.000000
Done.
Final: Magnetisation = (0.120074,-0.016813), Energy = -0.652403 
<M> = (0.126606,-0.001578), <E> = -0.667154 

T=1.910000	 Thermalizing iterations... 
Done.
Thermalized Magnetisation = (0.080790,0.013345), Energy = -0.648872 
Averaging iterations... h=0.125000,0.000000
Done.
Final: Magnetisation = (0.086076,-0.000280), Energy = -0.697916 
<M> = (0.129103,-0.001074), <E> = -0.671939 

T=1.900000	 Thermalizing iterations... 
Done.
Thermalized Magnetisation = (0.191257,0.093666), Energy = -0.687532 
Averaging iterations... h=0.125000,0.000000
Done.
Final: Magnetisation = (0.087723,-0.008201), Energy = -0.665788 
<M> = (0.131046,-0.002604), <E> = -0.676519 

T=1.890000	 Thermalizing iterations... 
Done.
Thermalized Magnetisation = (0.071723,0.016393), Energy = -0.665956 
Averaging iterations... h=0.125000,0.000000
Done.
Final: Magnetisation = (0.088171,0.018315), Energy = -0.664714 
<M> = (0.132664,-0.002291), <E> = -0.681158 

T=1.880000	 Thermalizing iterations... 
Done.
Thermalized Magnetisation = (0.141353,-0.028077), Energy = -0.688911 
Averaging iterations... h=0.125000,0.000000
Done.
Final: Magnetisation = (0.073284,0.013046), Energy = -0.676350 
<M> = (0.135020,-0.001882), <E> = -0.685949 

T=1.870000	 Thermalizing iterations... 
Done.
Thermalized Magnetisation = (0.107213,0.004057), Energy = -0.664324 
Averaging iterations... h=0.125000,0.000000
Done.
Final: Magnetisation = (0.155640,0.015841), Energy = -0.692742 
<M> = (0.136660,0.001721), <E> = -0.689791 

T=1.860000	 Thermalizing iterations... 
Done.
Thermalized Magnetisation = (0.094065,0.035928), Energy = -0.655356 
Averaging iterations... h=0.125000,0.000000
Done.
Final: Magnetisation = (0.164300,-0.019536), Energy = -0.673137 
<M> = (0.137336,-0.000205), <E> = -0.693847 

T=1.850000	 Thermalizing iterations... 
Done.
Thermalized Magnetisation = (0.129086,0.078931), Energy = -0.680683 
Averaging iterations... h=0.125000,0.000000
Done.
Final: Magnetisation = (0.170008,-0.002814), Energy = -0.726650 
<M> = (0.139505,-0.000784), <E> = -0.698673 

T=1.840000	 Thermalizing iterations... 
Done.
Thermalized Magnetisation = (0.140317,0.029993), Energy = -0.696849 
Averaging iterations... h=0.125000,0.000000
Done.
Final: Magnetisation = (0.177969,-0.012731), Energy = -0.750938 
<M> = (0.143718,-0.001147), <E> = -0.704613 

T=1.830000	 Thermalizing iterations... 
Done.
Thermalized Magnetisation = (0.185235,0.008569), Energy = -0.707940 
Averaging iterations... h=0.125000,0.000000
Done.
Final: Magnetisation = (0.143840,0.017812), Energy = -0.687315 
<M> = (0.144104,-0.002998), <E> = -0.709336 

T=1.820000	 Thermalizing iterations... 
Done.
Thermalized Magnetisation = (0.139157,0.048483), Energy = -0.699605 
Averaging iterations... h=0.125000,0.000000
Done.
Final: Magnetisation = (0.154315,-0.026465), Energy = -0.684552 
<M> = (0.147583,-0.002914), <E> = -0.715243 

T=1.810000	 Thermalizing iterations... 
Done.
Thermalized Magnetisation = (0.143482,0.014100), Energy = -0.710160 
Averaging iterations... h=0.125000,0.000000
Done.
Final: Magnetisation = (0.143529,0.036117), Energy = -0.699701 
<M> = (0.151901,-0.001942), <E> = -0.720638 

T=1.800000	 Thermalizing iterations... 
Done.
Thermalized Magnetisation = (0.095020,0.015626), Energy = -0.710297 
Averaging iterations... h=0.125000,0.000000
Done.
Final: Magnetisation = (0.172818,0.049979), Energy = -0.749161 
<M> = (0.153620,-0.000349), <E> = -0.724938 

T=1.790000	 Thermalizing iterations... 
Done.
Thermalized Magnetisation = (0.155928,-0.041606), Energy = -0.738264 
Averaging iterations... h=0.125000,0.000000
Done.
Final: Magnetisation = (0.112146,-0.073706), Energy = -0.709909 
<M> = (0.154384,0.000205), <E> = -0.729741 

T=1.780000	 Thermalizing iterations... 
Done.
Thermalized Magnetisation = (0.168993,-0.024373), Energy = -0.754400 
Averaging iterations... h=0.125000,0.000000
Done.
Final: Magnetisation = (0.158178,0.006158), Energy = -0.729254 
<M> = (0.156059,0.000346), <E> = -0.734130 

T=1.770000	 Thermalizing iterations... 
Done.
Thermalized Magnetisation = (0.162676,0.035978), Energy = -0.735609 
Averaging iterations... h=0.125000,0.000000
Done.
Final: Magnetisation = (0.141744,0.080010), Energy = -0.738814 
<M> = (0.159881,-0.002941), <E> = -0.740793 

T=1.760000	 Thermalizing iterations... 
Done.
Thermalized Magnetisation = (0.170401,0.016279), Energy = -0.790491 
Averaging iterations... h=0.125000,0.000000
Done.
Final: Magnetisation = (0.213209,-0.045140), Energy = -0.772478 
<M> = (0.162553,-0.001095), <E> = -0.746508 

T=1.750000	 Thermalizing iterations... 
Done.
Thermalized Magnetisation = (0.144459,-0.000112), Energy = -0.725476 
Averaging iterations... h=0.125000,0.000000
Done.
Final: Magnetisation = (0.220233,-0.023827), Energy = -0.738978 
<M> = (0.164213,-0.003280), <E> = -0.752055 

T=1.740000	 Thermalizing iterations... 
Done.
Thermalized Magnetisation = (0.193950,0.013977), Energy = -0.733482 
Averaging iterations... h=0.125000,0.000000
Done.
Final: Magnetisation = (0.159749,-0.012024), Energy = -0.761050 
<M> = (0.167833,-0.002602), <E> = -0.758255 

T=1.730000	 Thermalizing iterations... 
Done.
Thermalized Magnetisation = (0.189127,-0.030152), Energy = -0.776597 
Averaging iterations... h=0.125000,0.000000
Done.
Final: Magnetisation = (0.120884,-0.046539), Energy = -0.744591 
<M> = (0.172395,-0.000945), <E> = -0.764080 

T=1.720000	 Thermalizing iterations... 
Done.
Thermalized Magnetisation = (0.205419,-0.053702), Energy = -0.783044 
Averaging iterations... h=0.125000,0.000000
Done.
Final: Magnetisation = (0.178364,0.043964), Energy = -0.783533 
<M> = (0.172946,0.000767), <E> = -0.768386 

T=1.710000	 Thermalizing iterations... 
Done.
Thermalized Magnetisation = (0.206020,-0.043928), Energy = -0.821552 
Averaging iterations... h=0.125000,0.000000
Done.
Final: Magnetisation = (0.195821,-0.026124), Energy = -0.796405 
<M> = (0.176532,-0.000176), <E> = -0.774134 

T=1.700000	 Thermalizing iterations... 
Done.
Thermalized Magnetisation = (0.199019,0.005871), Energy = -0.787551 
Averaging iterations... h=0.125000,0.000000
Done.
Final: Magnetisation = (0.197927,0.016710), Energy = -0.780311 
<M> = (0.180083,-0.000716), <E> = -0.781013 

T=1.690000	 Thermalizing iterations... 
Done.
Thermalized Magnetisation = (0.114967,0.015913), Energy = -0.798134 
Averaging iterations... h=0.125000,0.000000
Done.
Final: Magnetisation = (0.191029,-0.062084), Energy = -0.803122 
<M> = (0.183445,-0.000922), <E> = -0.787625 

T=1.680000	 Thermalizing iterations... 
Done.
Thermalized Magnetisation = (0.152596,-0.012285), Energy = -0.779169 
Averaging iterations... h=0.125000,0.000000
Done.
Final: Magnetisation = (0.157757,-0.110106), Energy = -0.793581 
<M> = (0.186111,-0.002780), <E> = -0.794254 

T=1.670000	 Thermalizing iterations... 
Done.
Thermalized Magnetisation = (0.157056,-0.006249), Energy = -0.796153 
Averaging iterations... h=0.125000,0.000000
Done.
Final: Magnetisation = (0.203474,-0.073206), Energy = -0.839372 
<M> = (0.190041,-0.002728), <E> = -0.800845 

T=1.660000	 Thermalizing iterations... 
Done.
Thermalized Magnetisation = (0.149319,0.020021), Energy = -0.807831 
Averaging iterations... h=0.125000,0.000000
Done.
Final: Magnetisation = (0.204452,-0.019799), Energy = -0.805485 
<M> = (0.194298,-0.001251), <E> = -0.807875 

T=1.650000	 Thermalizing iterations... 
Done.
Thermalized Magnetisation = (0.206675,0.008697), Energy = -0.798722 
Averaging iterations... h=0.125000,0.000000
Done.
Final: Magnetisation = (0.150954,0.060859), Energy = -0.784951 
<M> = (0.197639,0.000762), <E> = -0.813433 

T=1.640000	 Thermalizing iterations... 
Done.
Thermalized Magnetisation = (0.223393,0.055635), Energy = -0.841884 
Averaging iterations... h=0.125000,0.000000
Done.
Final: Magnetisation = (0.264579,-0.031436), Energy = -0.839791 
<M> = (0.199911,0.001248), <E> = -0.819217 

T=1.630000	 Thermalizing iterations... 
Done.
Thermalized Magnetisation = (0.211225,0.043664), Energy = -0.828862 
Averaging iterations... h=0.125000,0.000000
Done.
Final: Magnetisation = (0.189258,0.010238), Energy = -0.771233 
<M> = (0.205009,0.000490), <E> = -0.826489 

T=1.620000	 Thermalizing iterations... 
Done.
Thermalized Magnetisation = (0.220591,-0.085065), Energy = -0.842164 
Averaging iterations... h=0.125000,0.000000
Done.
Final: Magnetisation = (0.280625,-0.055829), Energy = -0.867992 
<M> = (0.208381,-0.000884), <E> = -0.833681 

T=1.610000	 Thermalizing iterations... 
Done.
Thermalized Magnetisation = (0.224693,0.033906), Energy = -0.851355 
Averaging iterations... h=0.125000,0.000000
Done.
Final: Magnetisation = (0.210619,0.088194), Energy = -0.866931 
<M> = (0.212434,-0.002330), <E> = -0.840992 

T=1.600000	 Thermalizing iterations... 
Done.
Thermalized Magnetisation = (0.228810,-0.015678), Energy = -0.877698 
Averaging iterations... h=0.125000,0.000000
Done.
Final: Magnetisation = (0.170392,-0.014949), Energy = -0.807558 
<M> = (0.215955,-0.003928), <E> = -0.848707 

T=1.590000	 Thermalizing iterations... 
Done.
Thermalized Magnetisation = (0.210473,0.008519), Energy = -0.840118 
Averaging iterations... h=0.125000,0.000000
Done.
Final: Magnetisation = (0.125583,0.037429), Energy = -0.816672 
<M> = (0.220157,-0.002376), <E> = -0.856173 

T=1.580000	 Thermalizing iterations... 
Done.
Thermalized Magnetisation = (0.236590,0.001943), Energy = -0.840403 
Averaging iterations... h=0.125000,0.000000
Done.
Final: Magnetisation = (0.227393,-0.039167), Energy = -0.909708 
<M> = (0.226245,0.000270), <E> = -0.863965 

T=1.570000	 Thermalizing iterations... 
Done.
Thermalized Magnetisation = (0.228815,0.022845), Energy = -0.888405 
Averaging iterations... h=0.125000,0.000000
Done.
Final: Magnetisation = (0.233566,0.021388), Energy = -0.865864 
<M> = (0.229912,0.000723), <E> = -0.870074 

T=1.560000	 Thermalizing iterations... 
Done.
Thermalized Magnetisation = (0.272140,-0.040975), Energy = -0.910819 
Averaging iterations... h=0.125000,0.000000
Done.
Final: Magnetisation = (0.196782,-0.014224), Energy = -0.865455 
<M> = (0.233370,0.001491), <E> = -0.877305 

T=1.550000	 Thermalizing iterations... 
Done.
Thermalized Magnetisation = (0.168152,-0.001176), Energy = -0.823242 
Averaging iterations... h=0.125000,0.000000
Done.
Final: Magnetisation = (0.229296,0.004369), Energy = -0.861671 
<M> = (0.238534,-0.001084), <E> = -0.885792 

T=1.540000	 Thermalizing iterations... 
Done.
Thermalized Magnetisation = (0.237669,0.067019), Energy = -0.891757 
Averaging iterations... h=0.125000,0.000000
Done.
Final: Magnetisation = (0.215398,-0.123448), Energy = -0.912866 
<M> = (0.243415,-0.000815), <E> = -0.894125 

T=1.530000	 Thermalizing iterations... 
Done.
Thermalized Magnetisation = (0.291558,-0.023453), Energy = -0.965825 
Averaging iterations... h=0.125000,0.000000
Done.
Final: Magnetisation = (0.267649,0.040857), Energy = -0.913953 
<M> = (0.247721,-0.003958), <E> = -0.902302 

T=1.520000	 Thermalizing iterations... 
Done.
Thermalized Magnetisation = (0.290180,0.089943), Energy = -0.924826 
Averaging iterations... h=0.125000,0.000000
Done.
Final: Magnetisation = (0.233860,-0.026181), Energy = -0.879229 
<M> = (0.252857,-0.002892), <E> = -0.911378 

T=1.510000	 Thermalizing iterations... 
Done.
Thermalized Magnetisation = (0.266808,-0.034344), Energy = -0.962406 
Averaging iterations... h=0.125000,0.000000
Done.
Final: Magnetisation = (0.256811,-0.000453), Energy = -0.905030 
<M> = (0.260222,-0.000855), <E> = -0.919875 

T=1.500000	 Thermalizing iterations... 
Done.
Thermalized Magnetisation = (0.307148,-0.075615), Energy = -0.937646 
Averaging iterations... h=0.125000,0.000000
Done.
Final: Magnetisation = (0.226564,-0.075469), Energy = -0.899414 
<M> = (0.264748,0.002804), <E> = -0.927661 

T=1.490000	 Thermalizing iterations... 
Done.
Thermalized Magnetisation = (0.270665,-0.023294), Energy = -0.930910 
Averaging iterations... h=0.125000,0.000000
Done.
Final: Magnetisation = (0.250709,0.074409), Energy = -0.906551 
<M> = (0.269796,0.002703), <E> = -0.935716 

T=1.480000	 Thermalizing iterations... 
Done.
Thermalized Magnetisation = (0.271047,-0.030028), Energy = -0.908745 
Averaging iterations... h=0.125000,0.000000
Done.
Final: Magnetisation = (0.286481,-0.044516), Energy = -0.944727 
<M> = (0.273163,0.000751), <E> = -0.944171 

T=1.470000	 Thermalizing iterations... 
Done.
Thermalized Magnetisation = (0.301693,0.056006), Energy = -0.948823 
Averaging iterations... h=0.125000,0.000000
Done.
Final: Magnetisation = (0.336502,-0.043411), Energy = -0.989020 
<M> = (0.282652,-0.000161), <E> = -0.954898 

T=1.460000	 Thermalizing iterations... 
Done.
Thermalized Magnetisation = (0.277755,0.061441), Energy = -0.944199 
Averaging iterations... h=0.125000,0.000000
Done.
Final: Magnetisation = (0.268280,0.034737), Energy = -0.959918 
<M> = (0.285798,-0.001207), <E> = -0.963638 

T=1.450000	 Thermalizing iterations... 
Done.
Thermalized Magnetisation = (0.283814,0.059152), Energy = -0.986526 
Averaging iterations... h=0.125000,0.000000
Done.
Final: Magnetisation = (0.248820,-0.016059), Energy = -0.942220 
<M> = (0.291755,-0.006147), <E> = -0.973390 

T=1.440000	 Thermalizing iterations... 
Done.
Thermalized Magnetisation = (0.342710,-0.025028), Energy = -1.007195 
Averaging iterations... h=0.125000,0.000000
Done.
Final: Magnetisation = (0.332205,0.001159), Energy = -0.997806 
<M> = (0.298285,-0.005704), <E> = -0.982693 

T=1.430000	 Thermalizing iterations... 
Done.
Thermalized Magnetisation = (0.280194,-0.060533), Energy = -1.009943 
Averaging iterations... h=0.125000,0.000000
Done.
Final: Magnetisation = (0.281015,0.034171), Energy = -0.987142 
<M> = (0.306242,0.000642), <E> = -0.992191 

T=1.420000	 Thermalizing iterations... 
Done.
Thermalized Magnetisation = (0.393935,0.042589), Energy = -1.053911 
Averaging iterations... h=0.125000,0.000000
Done.
Final: Magnetisation = (0.292650,-0.029842), Energy = -0.978580 
<M> = (0.312144,0.000442), <E> = -1.000970 

T=1.410000	 Thermalizing iterations... 
Done.
Thermalized Magnetisation = (0.308763,-0.030563), Energy = -1.028745 
Averaging iterations... h=0.125000,0.000000
Done.
Final: Magnetisation = (0.297627,-0.043706), Energy = -1.001210 
<M> = (0.317106,0.002628), <E> = -1.009872 

T=1.400000	 Thermalizing iterations... 
Done.
Thermalized Magnetisation = (0.329499,-0.004386), Energy = -1.001806 
Averaging iterations... h=0.125000,0.000000
Done.
Final: Magnetisation = (0.347383,0.059004), Energy = -1.019513 
<M> = (0.324928,-0.002413), <E> = -1.021839 

T=1.390000	 Thermalizing iterations... 
Done.
Thermalized Magnetisation = (0.301054,-0.015405), Energy = -1.039379 
Averaging iterations... h=0.125000,0.000000
Done.
Final: Magnetisation = (0.325407,-0.005086), Energy = -1.028699 
<M> = (0.331820,-0.003130), <E> = -1.032316 

T=1.380000	 Thermalizing iterations... 
Done.
Thermalized Magnetisation = (0.331340,-0.023936), Energy = -1.022474 
Averaging iterations... h=0.125000,0.000000
Done.
Final: Magnetisation = (0.344546,-0.057925), Energy = -1.006256 
<M> = (0.338000,-0.007207), <E> = -1.042356 

T=1.370000	 Thermalizing iterations... 
Done.
Thermalized Magnetisation = (0.279213,-0.036864), Energy = -1.008818 
Averaging iterations... h=0.125000,0.000000
Done.
Final: Magnetisation = (0.309258,-0.054307), Energy = -1.003069 
<M> = (0.344542,-0.005145), <E> = -1.053040 

T=1.360000	 Thermalizing iterations... 
Done.
Thermalized Magnetisation = (0.338013,0.013034), Energy = -1.071769 
Averaging iterations... h=0.125000,0.000000
Done.
Final: Magnetisation = (0.410066,0.087135), Energy = -1.116058 
<M> = (0.352600,-0.005091), <E> = -1.063606 

T=1.350000	 Thermalizing iterations... 
Done.
Thermalized Magnetisation = (0.388891,0.107268), Energy = -1.061589 
Averaging iterations... h=0.125000,0.000000
Done.
Final: Magnetisation = (0.311460,0.046200), Energy = -1.038214 
<M> = (0.362100,0.002730), <E> = -1.073814 

T=1.340000	 Thermalizing iterations... 
Done.
Thermalized Magnetisation = (0.409976,0.009408), Energy = -1.146764 
Averaging iterations... h=0.125000,0.000000
Done.
Final: Magnetisation = (0.420080,-0.033284), Energy = -1.122356 
<M> = (0.365450,0.001764), <E> = -1.083314 

T=1.330000	 Thermalizing iterations... 
Done.
Thermalized Magnetisation = (0.393838,-0.025647), Energy = -1.127411 
Averaging iterations... h=0.125000,0.000000
Done.
Final: Magnetisation = (0.384420,-0.039180), Energy = -1.094375 
<M> = (0.373650,-0.000443), <E> = -1.094404 

T=1.320000	 Thermalizing iterations... 
Done.
Thermalized Magnetisation = (0.367080,0.005229), Energy = -1.122758 
Averaging iterations... h=0.125000,0.000000
Done.
Final: Magnetisation = (0.345322,-0.055064), Energy = -1.037055 
<M> = (0.384842,-0.003075), <E> = -1.107182 

T=1.310000	 Thermalizing iterations... 
Done.
Thermalized Magnetisation = (0.419177,-0.022891), Energy = -1.157353 
Averaging iterations... h=0.125000,0.000000
Done.
Final: Magnetisation = (0.391774,0.051258), Energy = -1.141111 
<M> = (0.391263,-0.002298), <E> = -1.119098 

T=1.300000	 Thermalizing iterations... 
Done.
Thermalized Magnetisation = (0.390893,0.009547), Energy = -1.108546 
Averaging iterations... h=0.125000,0.000000
Done.
Final: Magnetisation = (0.423463,-0.001562), Energy = -1.180660 
<M> = (0.397499,-0.005862), <E> = -1.130136 

T=1.290000	 Thermalizing iterations... 
Done.
Thermalized Magnetisation = (0.427349,-0.030394), Energy = -1.133029 
Averaging iterations... h=0.125000,0.000000
Done.
Final: Magnetisation = (0.438874,0.009514), Energy = -1.136208 
<M> = (0.407758,-0.004862), <E> = -1.142770 

T=1.280000	 Thermalizing iterations... 
Done.
Thermalized Magnetisation = (0.418420,0.039003), Energy = -1.168470 
Averaging iterations... h=0.125000,0.000000
Done.
Final: Magnetisation = (0.408216,0.009320), Energy = -1.163803 
<M> = (0.415873,-0.000846), <E> = -1.153274 

T=1.270000	 Thermalizing iterations... 
Done.
Thermalized Magnetisation = (0.401379,0.015185), Energy = -1.136823 
Averaging iterations... h=0.125000,0.000000
Done.
Final: Magnetisation = (0.394135,0.024462), Energy = -1.154229 
<M> = (0.423565,-0.002720), <E> = -1.164353 

T=1.260000	 Thermalizing iterations... 
Done.
Thermalized Magnetisation = (0.383531,0.005695), Energy = -1.155578 
Averaging iterations... h=0.125000,0.000000
Done.
Final: Magnetisation = (0.429818,-0.045470), Energy = -1.190341 
<M> = (0.430912,0.001633), <E> = -1.174560 

T=1.250000	 Thermalizing iterations... 
Done.
Thermalized Magnetisation = (0.454365,-0.048309), Energy = -1.222092 
Averaging iterations... h=0.125000,0.000000
Done.
Final: Magnetisation = (0.410759,0.022726), Energy = -1.171793 
<M> = (0.439183,-0.005204), <E> = -1.188028 

T=1.240000	 Thermalizing iterations... 
Done.
Thermalized Magnetisation = (0.466968,0.009176), Energy = -1.238806 
Averaging iterations... h=0.125000,0.000000
Done.
Final: Magnetisation = (0.373203,0.014502), Energy = -1.128329 
<M> = (0.447921,0.000931), <E> = -1.200089 

T=1.230000	 Thermalizing iterations... 
Done.
Thermalized Magnetisation = (0.443966,0.052580), Energy = -1.207465 
Averaging iterations... h=0.125000,0.000000
Done.
Final: Magnetisation = (0.402198,-0.079555), Energy = -1.129151 
<M> = (0.454561,-0.006616), <E> = -1.212408 

T=1.220000	 Thermalizing iterations... 
Done.
Thermalized Magnetisation = (0.456054,-0.019969), Energy = -1.224662 
Averaging iterations... h=0.125000,0.000000
Done.
Final: Magnetisation = (0.439196,-0.029674), Energy = -1.231196 
<M> = (0.462389,-0.006236), <E> = -1.223304 

T=1.210000	 Thermalizing iterations... 
Done.
Thermalized Magnetisation = (0.467036,0.072532), Energy = -1.194891 
Averaging iterations... h=0.125000,0.000000
Done.
Final: Magnetisation = (0.454603,-0.033383), Energy = -1.256343 
<M> = (0.473305,-0.004485), <E> = -1.236291 

T=1.200000	 Thermalizing iterations... 
Done.
Thermalized Magnetisation = (0.534754,-0.053932), Energy = -1.264596 
Averaging iterations... h=0.125000,0.000000
Done.
Final: Magnetisation = (0.478064,-0.005941), Energy = -1.271055 
<M> = (0.482090,0.000485), <E> = -1.247589 

T=1.190000	 Thermalizing iterations... 
Done.
Thermalized Magnetisation = (0.486046,-0.025649), Energy = -1.220640 
Averaging iterations... h=0.125000,0.000000
Done.
Final: Magnetisation = (0.482654,-0.118912), Energy = -1.274369 
<M> = (0.489619,-0.001376), <E> = -1.259053 

T=1.180000	 Thermalizing iterations... 
Done.
Thermalized Magnetisation = (0.491552,-0.082351), Energy = -1.262921 
Averaging iterations... h=0.125000,0.000000
Done.
Final: Magnetisation = (0.470550,0.027654), Energy = -1.211948 
<M> = (0.500785,-0.000535), <E> = -1.272118 

T=1.170000	 Thermalizing iterations... 
Done.
Thermalized Magnetisation = (0.477923,0.064506), Energy = -1.274269 
Averaging iterations... h=0.125000,0.000000
Done.
Final: Magnetisation = (0.475384,0.126239), Energy = -1.266582 
<M> = (0.506789,0.001775), <E> = -1.284194 

T=1.160000	 Thermalizing iterations... 
Done.
Thermalized Magnetisation = (0.521656,-0.097461), Energy = -1.309232 
Averaging iterations... h=0.125000,0.000000
Done.
Final: Magnetisation = (0.498202,-0.067988), Energy = -1.272656 
<M> = (0.512214,-0.007623), <E> = -1.296085 

T=1.150000	 Thermalizing iterations... 
Done.
Thermalized Magnetisation = (0.521637,-0.031996), Energy = -1.339977 
Averaging iterations... h=0.125000,0.000000
Done.
Final: Magnetisation = (0.498642,-0.002285), Energy = -1.283749 
<M> = (0.522837,-0.005215), <E> = -1.308405 

T=1.140000	 Thermalizing iterations... 
Done.
Thermalized Magnetisation = (0.500074,-0.069760), Energy = -1.310765 
Averaging iterations... h=0.125000,0.000000
Done.
Final: Magnetisation = (0.560674,-0.033185), Energy = -1.336458 
<M> = (0.530907,-0.009651), <E> = -1.321187 

T=1.130000	 Thermalizing iterations... 
Done.
Thermalized Magnetisation = (0.497784,0.036333), Energy = -1.280633 
Averaging iterations... h=0.125000,0.000000
Done.
Final: Magnetisation = (0.515611,0.055910), Energy = -1.314681 
<M> = (0.538573,0.001999), <E> = -1.331916 

T=1.120000	 Thermalizing iterations... 
Done.
Thermalized Magnetisation = (0.517958,-0.008760), Energy = -1.329923 
Averaging iterations... h=0.125000,0.000000
Done.
Final: Magnetisation = (0.546791,-0.156330), Energy = -1.338015 
<M> = (0.548774,0.000879), <E> = -1.344320 

T=1.110000	 Thermalizing iterations... 
Done.
Thermalized Magnetisation = (0.591012,-0.017648), Energy = -1.362759 
Averaging iterations... h=0.125000,0.000000
Done.
Final: Magnetisation = (0.567190,0.029400), Energy = -1.366456 
<M> = (0.556724,0.002945), <E> = -1.354707 

T=1.100000	 Thermalizing iterations... 
Done.
Thermalized Magnetisation = (0.572411,-0.076735), Energy = -1.383727 
Averaging iterations... h=0.125000,0.000000
Done.
Final: Magnetisation = (0.604247,0.036135), Energy = -1.396795 
<M> = (0.562879,-0.003507), <E> = -1.367338 

T=1.090000	 Thermalizing iterations... 
Done.
Thermalized Magnetisation = (0.556272,-0.022169), Energy = -1.396715 
Averaging iterations... h=0.125000,0.000000
Done.
Final: Magnetisation = (0.560614,-0.015673), Energy = -1.377179 
<M> = (0.570980,-0.003998), <E> = -1.379658 

T=1.080000	 Thermalizing iterations... 
Done.
Thermalized Magnetisation = (0.572929,-0.026326), Energy = -1.370237 
Averaging iterations... h=0.125000,0.000000
Done.
Final: Magnetisation = (0.594823,0.101707), Energy = -1.403553 
<M> = (0.576178,-0.018040), <E> = -1.390255 

T=1.070000	 Thermalizing iterations... 
Done.
Thermalized Magnetisation = (0.582310,0.032249), Energy = -1.418107 
Averaging iterations... h=0.125000,0.000000
Done.
Final: Magnetisation = (0.602024,0.039381), Energy = -1.394129 
<M> = (0.584246,-0.009199), <E> = -1.401619 

T=1.060000	 Thermalizing iterations... 
Done.
Thermalized Magnetisation = (0.563276,0.024278), Energy = -1.409743 
Averaging iterations... h=0.125000,0.000000
Done.
Final: Magnetisation = (0.636087,-0.022522), Energy = -1.429813 
<M> = (0.592610,-0.013707), <E> = -1.413914 

T=1.050000	 Thermalizing iterations... 
Done.
Thermalized Magnetisation = (0.592306,-0.114391), Energy = -1.439915 
Averaging iterations... h=0.125000,0.000000
Done.
Final: Magnetisation = (0.567226,-0.001427), Energy = -1.399445 
<M> = (0.600907,-0.000535), <E> = -1.424317 

T=1.040000	 Thermalizing iterations... 
Done.
Thermalized Magnetisation = (0.602547,0.012849), Energy = -1.426369 
Averaging iterations... h=0.125000,0.000000
Done.
Final: Magnetisation = (0.565855,0.037558), Energy = -1.417416 
<M> = (0.603901,0.008148), <E> = -1.433932 

T=1.030000	 Thermalizing iterations... 
Done.
Thermalized Magnetisation = (0.603822,-0.020223), Energy = -1.397443 
Averaging iterations... h=0.125000,0.000000
Done.
Final: Magnetisation = (0.584435,0.017589), Energy = -1.450746 
<M> = (0.613616,0.002579), <E> = -1.445488 

T=1.020000	 Thermalizing iterations... 
Done.
Thermalized Magnetisation = (0.637299,0.005108), Energy = -1.454007 
Averaging iterations... h=0.125000,0.000000
Done.
Final: Magnetisation = (0.651807,-0.002345), Energy = -1.483907 
<M> = (0.618974,-0.005299), <E> = -1.455610 

T=1.010000	 Thermalizing iterations... 
Done.
Thermalized Magnetisation = (0.587031,0.072737), Energy = -1.439333 
Averaging iterations... h=0.125000,0.000000
Done.
Final: Magnetisation = (0.649044,-0.033851), Energy = -1.473710 
<M> = (0.624696,-0.016552), <E> = -1.467423 

T=1.000000	 Thermalizing iterations... 
Done.
Thermalized Magnetisation = (0.631902,-0.024522), Energy = -1.491860 
Averaging iterations... h=0.125000,0.000000
Done.
Final: Magnetisation = (0.650946,0.091822), Energy = -1.500673 
<M> = (0.631057,-0.008266), <E> = -1.476966 

T=0.990000	 Thermalizing iterations... 
Done.
Thermalized Magnetisation = (0.605057,-0.042871), Energy = -1.509806 
Averaging iterations... h=0.125000,0.000000
Done.
Final: Magnetisation = (0.657009,-0.059040), Energy = -1.477247 
<M> = (0.638765,-0.010653), <E> = -1.487710 

T=0.980000	 Thermalizing iterations... 
Done.
Thermalized Magnetisation = (0.648365,0.036628), Energy = -1.486619 
Averaging iterations... h=0.125000,0.000000
Done.
Final: Magnetisation = (0.663779,-0.037224), Energy = -1.502823 
<M> = (0.645408,-0.001658), <E> = -1.498280 

T=0.970000	 Thermalizing iterations... 
Done.
Thermalized Magnetisation = (0.634740,0.061485), Energy = -1.468926 
Averaging iterations... h=0.125000,0.000000
Done.
Final: Magnetisation = (0.651764,0.097018), Energy = -1.497562 
<M> = (0.651096,-0.002079), <E> = -1.508290 

T=0.960000	 Thermalizing iterations... 
Done.
Thermalized Magnetisation = (0.662328,-0.007374), Energy = -1.528433 
Averaging iterations... h=0.125000,0.000000
Done.
Final: Magnetisation = (0.675629,0.067143), Energy = -1.507626 
<M> = (0.655104,-0.001666), <E> = -1.516627 

T=0.950000	 Thermalizing iterations... 
Done.
Thermalized Magnetisation = (0.659325,-0.050999), Energy = -1.522843 
Averaging iterations... h=0.125000,0.000000
Done.
Final: Magnetisation = (0.626507,-0.111569), Energy = -1.504707 
<M> = (0.659962,-0.003108), <E> = -1.527158 

T=0.940000	 Thermalizing iterations... 
Done.
Thermalized Magnetisation = (0.680791,0.125991), Energy = -1.570226 
Averaging iterations... h=0.125000,0.000000
Done.
Final: Magnetisation = (0.666311,0.006146), Energy = -1.537105 
<M> = (0.665908,-0.011262), <E> = -1.537169 

T=0.930000	 Thermalizing iterations... 
Done.
Thermalized Magnetisation = (0.674708,0.039594), Energy = -1.538767 
Averaging iterations... h=0.125000,0.000000
Done.
Final: Magnetisation = (0.667373,-0.063014), Energy = -1.527473 
<M> = (0.671434,-0.012521), <E> = -1.545583 

T=0.920000	 Thermalizing iterations... 
Done.
Thermalized Magnetisation = (0.697037,-0.057210), Energy = -1.559628 
Averaging iterations... h=0.125000,0.000000
Done.
Final: Magnetisation = (0.646247,-0.009618), Energy = -1.536414 
<M> = (0.674716,-0.017244), <E> = -1.555480 

T=0.910000	 Thermalizing iterations... 
Done.
Thermalized Magnetisation = (0.681082,-0.064493), Energy = -1.562882 
Averaging iterations... h=0.125000,0.000000
Done.
Final: Magnetisation = (0.689918,0.076791), Energy = -1.585731 
<M> = (0.682765,0.005404), <E> = -1.564399 

T=0.900000	 Thermalizing iterations... 
Done.
Thermalized Magnetisation = (0.686296,-0.044288), Energy = -1.551077 
Averaging iterations... h=0.125000,0.000000
Done.
Final: Magnetisation = (0.656077,0.117256), Energy = -1.572121 
<M> = (0.688586,-0.001995), <E> = -1.573221 

T=0.890000	 Thermalizing iterations... 
Done.
Thermalized Magnetisation = (0.650716,-0.082978), Energy = -1.575233 
Averaging iterations... h=0.125000,0.000000
Done.
Final: Magnetisation = (0.660318,-0.012350), Energy = -1.544275 
<M> = (0.691025,0.008260), <E> = -1.581607 

T=0.880000	 Thermalizing iterations... 
Done.
Thermalized Magnetisation = (0.677227,-0.049661), Energy = -1.587092 
Averaging iterations... h=0.125000,0.000000
Done.
Final: Magnetisation = (0.715404,-0.015641), Energy = -1.600083 
<M> = (0.693933,0.005748), <E> = -1.590507 

T=0.870000	 Thermalizing iterations... 
Done.
Thermalized Magnetisation = (0.734111,0.058662), Energy = -1.618163 
Averaging iterations... h=0.125000,0.000000
Done.
Final: Magnetisation = (0.719111,-0.068456), Energy = -1.611108 
<M> = (0.699226,-0.001819), <E> = -1.598902 

T=0.860000	 Thermalizing iterations... 
Done.
Thermalized Magnetisation = (0.705214,-0.112801), Energy = -1.622220 
Averaging iterations... h=0.125000,0.000000
Done.
Final: Magnetisation = (0.715918,0.052238), Energy = -1.604475 
<M> = (0.703110,-0.036352), <E> = -1.607752 

T=0.850000	 Thermalizing iterations... 
Done.
Thermalized Magnetisation = (0.721798,-0.025527), Energy = -1.622121 
Averaging iterations... h=0.125000,0.000000
Done.
Final: Magnetisation = (0.704386,-0.005689), Energy = -1.611025 
<M> = (0.707786,-0.017850), <E> = -1.615551 

T=0.840000	 Thermalizing iterations... 
Done.
Thermalized Magnetisation = (0.703142,-0.047956), Energy = -1.625894 
Averaging iterations... h=0.125000,0.000000
Done.
Final: Magnetisation = (0.721983,-0.009688), Energy = -1.637807 
<M> = (0.711456,-0.008155), <E> = -1.623565 

T=0.830000	 Thermalizing iterations... 
Done.
Thermalized Magnetisation = (0.725928,0.094347), Energy = -1.642132 
Averaging iterations... h=0.125000,0.000000
Done.
Final: Magnetisation = (0.697683,0.008583), Energy = -1.647144 
<M> = (0.718306,0.009203), <E> = -1.632412 

T=0.820000	 Thermalizing iterations... 
Done.
Thermalized Magnetisation = (0.720320,-0.020902), Energy = -1.631836 
Averaging iterations... h=0.125000,0.000000
Done.
Final: Magnetisation = (0.745259,-0.031656), Energy = -1.632430 
<M> = (0.720966,-0.000564), <E> = -1.640075 

T=0.810000	 Thermalizing iterations... 
Done.
Thermalized Magnetisation = (0.705100,-0.050263), Energy = -1.611157 
Averaging iterations... h=0.125000,0.000000
Done.
Final: Magnetisation = (0.702251,0.101027), Energy = -1.621155 
<M> = (0.724990,-0.000144), <E> = -1.647197 

T=0.800000	 Thermalizing iterations... 
Done.
Thermalized Magnetisation = (0.703996,-0.123580), Energy = -1.653779 
Averaging iterations... h=0.125000,0.000000
Done.
Final: Magnetisation = (0.719728,-0.084303), Energy = -1.645177 
<M> = (0.727823,0.000736), <E> = -1.655490 

T=0.790000	 Thermalizing iterations... 
Done.
Thermalized Magnetisation = (0.715045,-0.048154), Energy = -1.670755 
Averaging iterations... h=0.125000,0.000000
Done.
Final: Magnetisation = (0.720563,0.039836), Energy = -1.673239 
<M> = (0.730671,-0.034740), <E> = -1.663526 

T=0.780000	 Thermalizing iterations... 
Done.
Thermalized Magnetisation = (0.705709,0.048531), Energy = -1.652903 
Averaging iterations... h=0.125000,0.000000
Done.
Final: Magnetisation = (0.730589,-0.068959), Energy = -1.647770 
<M> = (0.734956,-0.015027), <E> = -1.670494 

T=0.770000	 Thermalizing iterations... 
Done.
Thermalized Magnetisation = (0.781024,0.021310), Energy = -1.715435 
Averaging iterations... h=0.125000,0.000000
Done.
Final: Magnetisation = (0.741414,-0.051054), Energy = -1.670554 
<M> = (0.737679,-0.032655), <E> = -1.678227 

T=0.760000	 Thermalizing iterations... 
Done.
Thermalized Magnetisation = (0.746720,0.017074), Energy = -1.670854 
Averaging iterations... h=0.125000,0.000000
Done.
Final: Magnetisation = (0.759031,-0.104616), Energy = -1.703278 
<M> = (0.744202,-0.003771), <E> = -1.685632 

T=0.750000	 Thermalizing iterations... 
Done.
Thermalized Magnetisation = (0.752146,0.051919), Energy = -1.680102 
Averaging iterations... h=0.125000,0.000000
Done.
Final: Magnetisation = (0.723230,-0.013990), Energy = -1.677209 
<M> = (0.747893,0.017029), <E> = -1.692989 

T=0.740000	 Thermalizing iterations... 
Done.
Thermalized Magnetisation = (0.756675,0.013060), Energy = -1.701679 
Averaging iterations... h=0.125000,0.000000
Done.
Final: Magnetisation = (0.710708,-0.151387), Energy = -1.700973 
<M> = (0.754107,-0.019683), <E> = -1.699719 

T=0.730000	 Thermalizing iterations... 
Done.
Thermalized Magnetisation = (0.754794,-0.018869), Energy = -1.691050 
Averaging iterations... h=0.125000,0.000000
Done.
Final: Magnetisation = (0.778113,-0.044755), Energy = -1.716692 
<M> = (0.756285,0.012914), <E> = -1.707023 

T=0.720000	 Thermalizing iterations... 
Done.
Thermalized Magnetisation = (0.767543,-0.033573), Energy = -1.710520 
Averaging iterations... h=0.125000,0.000000
Done.
Final: Magnetisation = (0.755055,-0.066057), Energy = -1.715049 
<M> = (0.758128,-0.015450), <E> = -1.714369 

T=0.710000	 Thermalizing iterations... 
Done.
Thermalized Magnetisation = (0.770999,-0.075177), Energy = -1.725348 
Averaging iterations... h=0.125000,0.000000
Done.
Final: Magnetisation = (0.765540,-0.007209), Energy = -1.724474 
<M> = (0.760251,-0.044942), <E> = -1.721473 

T=0.700000	 Thermalizing iterations... 
Done.
Thermalized Magnetisation = (0.773772,-0.065880), Energy = -1.754946 
Averaging iterations... h=0.125000,0.000000
Done.
Final: Magnetisation = (0.759016,-0.061433), Energy = -1.723713 
<M> = (0.763779,-0.034437), <E> = -1.727758 

T=0.690000	 Thermalizing iterations... 
Done.
Thermalized Magnetisation = (0.796080,-0.008567), Energy = -1.745169 
Averaging iterations... h=0.125000,0.000000
Done.
Final: Magnetisation = (0.723626,-0.194494), Energy = -1.705307 
<M> = (0.765778,-0.019060), <E> = -1.734836 

T=0.680000	 Thermalizing iterations... 
Done.
Thermalized Magnetisation = (0.763122,-0.045612), Energy = -1.752005 
Averaging iterations... h=0.125000,0.000000
Done.
Final: Magnetisation = (0.762746,0.071726), Energy = -1.735009 
<M> = (0.771515,0.005879), <E> = -1.741840 

T=0.670000	 Thermalizing iterations... 
Done.
Thermalized Magnetisation = (0.773508,-0.085991), Energy = -1.755162 
Averaging iterations... h=0.125000,0.000000
Done.
Final: Magnetisation = (0.784938,0.045790), Energy = -1.764388 
<M> = (0.773749,0.007877), <E> = -1.748035 

T=0.660000	 Thermalizing iterations... 
Done.
Thermalized Magnetisation = (0.789833,0.066081), Energy = -1.755201 
Averaging iterations... h=0.125000,0.000000
Done.
Final: Magnetisation = (0.784813,0.060347), Energy = -1.751664 
<M> = (0.776986,-0.004065), <E> = -1.754579 

T=0.650000	 Thermalizing iterations... 
Done.
Thermalized Magnetisation = (0.785029,-0.061532), Energy = -1.761320 
Averaging iterations... h=0.125000,0.000000
Done.
Final: Magnetisation = (0.723793,0.017066), Energy = -1.744757 
<M> = (0.779966,-0.000069), <E> = -1.761225 

T=0.640000	 Thermalizing iterations... 
Done.
Thermalized Magnetisation = (0.789033,-0.067747), Energy = -1.766115 
Averaging iterations... h=0.125000,0.000000
Done.
Final: Magnetisation = (0.808960,-0.024247), Energy = -1.767767 
<M> = (0.780811,-0.036231), <E> = -1.768231 

T=0.630000	 Thermalizing iterations... 
Done.
Thermalized Magnetisation = (0.761023,-0.079479), Energy = -1.771281 
Averaging iterations... h=0.125000,0.000000
Done.
Final: Magnetisation = (0.777000,0.013910), Energy = -1.761506 
<M> = (0.783268,-0.036260), <E> = -1.774533 

T=0.620000	 Thermalizing iterations... 
Done.
Thermalized Magnetisation = (0.762927,0.080396), Energy = -1.780396 
Averaging iterations... h=0.125000,0.000000
Done.
Final: Magnetisation = (0.776389,-0.072304), Energy = -1.773239 
<M> = (0.789392,-0.003315), <E> = -1.780797 

T=0.610000	 Thermalizing iterations... 
Done.
Thermalized Magnetisation = (0.806545,-0.018948), Energy = -1.783569 
Averaging iterations... h=0.125000,0.000000
Done.
Final: Magnetisation = (0.785986,0.074040), Energy = -1.783757 
<M> = (0.792732,0.020804), <E> = -1.787240 

T=0.600000	 Thermalizing iterations... 
Done.
Thermalized Magnetisation = (0.803950,-0.070977), Energy = -1.798825 
Averaging iterations... h=0.125000,0.000000
Done.
Final: Magnetisation = (0.796368,-0.027399), Energy = -1.802050 
<M> = (0.796145,0.046870), <E> = -1.793973 

T=0.590000	 Thermalizing iterations... 
Done.
Thermalized Magnetisation = (0.797378,0.041068), Energy = -1.813275 
Averaging iterations... h=0.125000,0.000000
Done.
Final: Magnetisation = (0.773339,0.015146), Energy = -1.797888 
<M> = (0.798924,0.038100), <E> = -1.799993 

T=0.580000	 Thermalizing iterations... 
Done.
Thermalized Magnetisation = (0.789692,-0.001824), Energy = -1.814539 
Averaging iterations... h=0.125000,0.000000
Done.
Final: Magnetisation = (0.797751,0.105573), Energy = -1.816295 
<M> = (0.802048,-0.009511), <E> = -1.806060 

T=0.570000	 Thermalizing iterations... 
Done.
Thermalized Magnetisation = (0.800510,0.045605), Energy = -1.815452 
Averaging iterations... h=0.125000,0.000000
Done.
Final: Magnetisation = (0.818238,-0.022372), Energy = -1.826121 
<M> = (0.805163,0.028707), <E> = -1.812431 

T=0.560000	 Thermalizing iterations... 
Done.
Thermalized Magnetisation = (0.813573,-0.032625), Energy = -1.813982 
Averaging iterations... h=0.125000,0.000000
Done.
Final: Magnetisation = (0.803753,-0.082922), Energy = -1.816035 
<M> = (0.803156,-0.068133), <E> = -1.818746 

T=0.550000	 Thermalizing iterations... 
Done.
Thermalized Magnetisation = (0.804465,0.074241), Energy = -1.831823 
Averaging iterations... h=0.125000,0.000000
Done.
Final: Magnetisation = (0.808988,0.013079), Energy = -1.832001 
<M> = (0.808788,-0.017950), <E> = -1.824333 

T=0.540000	 Thermalizing iterations... 
Done.
Thermalized Magnetisation = (0.837028,-0.002405), Energy = -1.843931 
Averaging iterations... h=0.125000,0.000000
Done.
Final: Magnetisation = (0.795508,-0.142776), Energy = -1.827008 
<M> = (0.811401,-0.037850), <E> = -1.830316 

T=0.530000	 Thermalizing iterations... 
Done.
Thermalized Magnetisation = (0.822140,-0.034792), Energy = -1.836504 
Averaging iterations... h=0.125000,0.000000
Done.
Final: Magnetisation = (0.813288,0.033149), Energy = -1.839153 
<M> = (0.815373,0.034306), <E> = -1.836686 

T=0.520000	 Thermalizing iterations... 
Done.
Thermalized Magnetisation = (0.833660,0.040680), Energy = -1.846472 
Averaging iterations... h=0.125000,0.000000
Done.
Final: Magnetisation = (0.819304,-0.006936), Energy = -1.833683 
<M> = (0.821126,-0.027377), <E> = -1.842473 

T=0.510000	 Thermalizing iterations... 
Done.
Thermalized Magnetisation = (0.808618,-0.016927), Energy = -1.843028 
Averaging iterations... h=0.125000,0.000000
Done.
Final: Magnetisation = (0.827803,-0.031514), Energy = -1.843887 
<M> = (0.819116,-0.053613), <E> = -1.848311 

T=0.500000	 Thermalizing iterations... 
Done.
Thermalized Magnetisation = (0.827783,0.026152), Energy = -1.844877 
Averaging iterations... h=0.125000,0.000000
Done.
Final: Magnetisation = (0.807094,-0.142541), Energy = -1.857618 
<M> = (0.822696,-0.062658), <E> = -1.854360 

T=0.490000	 Thermalizing iterations... 
Done.
Thermalized Magnetisation = (0.828942,-0.080372), Energy = -1.868143 
Averaging iterations... h=0.125000,0.000000
Done.
Final: Magnetisation = (0.808893,-0.139118), Energy = -1.869381 
<M> = (0.824661,-0.048586), <E> = -1.860797 

T=0.480000	 Thermalizing iterations... 
Done.
Thermalized Magnetisation = (0.826062,-0.022369), Energy = -1.854953 
Averaging iterations... h=0.125000,0.000000
Done.
Final: Magnetisation = (0.837575,0.019487), Energy = -1.868285 
<M> = (0.827033,-0.071969), <E> = -1.866282 

T=0.470000	 Thermalizing iterations... 
Done.
Thermalized Magnetisation = (0.826127,-0.050681), Energy = -1.865306 
Averaging iterations... h=0.125000,0.000000
Done.
Final: Magnetisation = (0.835744,-0.073301), Energy = -1.877370 
<M> = (0.830709,-0.041251), <E> = -1.872005 

T=0.460000	 Thermalizing iterations... 
Done.
Thermalized Magnetisation = (0.838159,0.040536), Energy = -1.871519 
Averaging iterations... h=0.125000,0.000000
Done.
Final: Magnetisation = (0.829090,0.012544), Energy = -1.874490 
<M> = (0.835228,0.052149), <E> = -1.877679 

T=0.450000	 Thermalizing iterations... 
Done.
Thermalized Magnetisation = (0.847607,-0.133775), Energy = -1.878702 
Averaging iterations... h=0.125000,0.000000
Done.
Final: Magnetisation = (0.847529,0.039795), Energy = -1.883425 
<M> = (0.836900,0.022659), <E> = -1.883661 

T=0.440000	 Thermalizing iterations... 
Done.
Thermalized Magnetisation = (0.846492,0.006643), Energy = -1.887956 
Averaging iterations... h=0.125000,0.000000
Done.
Final: Magnetisation = (0.829154,0.058710), Energy = -1.891995 
<M> = (0.839315,-0.025491), <E> = -1.889589 

T=0.430000	 Thermalizing iterations... 
Done.
Thermalized Magnetisation = (0.834455,0.036112), Energy = -1.895801 
Averaging iterations... h=0.125000,0.000000
Done.
Final: Magnetisation = (0.846620,0.004802), Energy = -1.897995 
<M> = (0.842619,-0.064724), <E> = -1.895317 

T=0.420000	 Thermalizing iterations... 
Done.
Thermalized Magnetisation = (0.833453,0.083395), Energy = -1.898074 
Averaging iterations... h=0.125000,0.000000
Done.
Final: Magnetisation = (0.839949,-0.002650), Energy = -1.895438 
<M> = (0.846377,0.017223), <E> = -1.901313 

T=0.410000	 Thermalizing iterations... 
Done.
Thermalized Magnetisation = (0.849336,0.028563), Energy = -1.908003 
Averaging iterations... h=0.125000,0.000000
Done.
Final: Magnetisation = (0.845297,-0.049550), Energy = -1.903034 
<M> = (0.845625,0.016594), <E> = -1.906945 

T=0.400000	 Thermalizing iterations... 
Done.
Thermalized Magnetisation = (0.860252,-0.080572), Energy = -1.917768 
Averaging iterations... h=0.125000,0.000000
Done.
Final: Magnetisation = (0.834903,-0.065111), Energy = -1.911961 
<M> = (0.845475,-0.028157), <E> = -1.912433 

T=0.390000	 Thermalizing iterations... 
Done.
Thermalized Magnetisation = (0.858331,0.125609), Energy = -1.916853 
Averaging iterations... h=0.125000,0.000000
Done.
Final: Magnetisation = (0.868748,-0.024845), Energy = -1.922209 
<M> = (0.849106,0.027090), <E> = -1.917689 

T=0.380000	 Thermalizing iterations... 
Done.
Thermalized Magnetisation = (0.857424,-0.081843), Energy = -1.923290 
Averaging iterations... h=0.125000,0.000000
Done.
Final: Magnetisation = (0.860072,0.062351), Energy = -1.927594 
<M> = (0.857463,-0.030462), <E> = -1.923584 

T=0.370000	 Thermalizing iterations... 
Done.
Thermalized Magnetisation = (0.851696,-0.050163), Energy = -1.929606 
Averaging iterations... h=0.125000,0.000000
Done.
Final: Magnetisation = (0.873141,0.031301), Energy = -1.933590 
<M> = (0.861595,0.007052), <E> = -1.929108 

T=0.360000	 Thermalizing iterations... 
Done.
Thermalized Magnetisation = (0.860994,0.161889), Energy = -1.943275 
Averaging iterations... h=0.125000,0.000000
Done.
Final: Magnetisation = (0.868922,-0.038879), Energy = -1.939773 
<M> = (0.860293,0.042176), <E> = -1.934638 

T=0.350000	 Thermalizing iterations... 
Done.
Thermalized Magnetisation = (0.857221,-0.050675), Energy = -1.931684 
Averaging iterations... h=0.125000,0.000000
Done.
Final: Magnetisation = (0.860674,-0.008795), Energy = -1.946275 
<M> = (0.861526,-0.004284), <E> = -1.940462 

T=0.340000	 Thermalizing iterations... 
Done.
Thermalized Magnetisation = (0.875963,-0.055601), Energy = -1.945130 
Averaging iterations... h=0.125000,0.000000
Done.
Final: Magnetisation = (0.866244,-0.120136), Energy = -1.946494 
<M> = (0.865017,-0.048614), <E> = -1.945845 

T=0.330000	 Thermalizing iterations... 
Done.
Thermalized Magnetisation = (0.875251,0.008158), Energy = -1.949673 
Averaging iterations... h=0.125000,0.000000
Done.
Final: Magnetisation = (0.856242,0.019830), Energy = -1.950609 
<M> = (0.862359,0.000634), <E> = -1.951193 

T=0.320000	 Thermalizing iterations... 
Done.
Thermalized Magnetisation = (0.846425,-0.178692), Energy = -1.949709 
Averaging iterations... h=0.125000,0.000000
Done.
Final: Magnetisation = (0.859163,-0.105795), Energy = -1.954597 
<M> = (0.866360,-0.051075), <E> = -1.956717 

T=0.310000	 Thermalizing iterations... 
Done.
Thermalized Magnetisation = (0.879174,0.045701), Energy = -1.961015 
Averaging iterations... h=0.125000,0.000000
Done.
Final: Magnetisation = (0.864383,0.030298), Energy = -1.963098 
<M> = (0.870559,0.018071), <E> = -1.962204 

T=0.300000	 Thermalizing iterations... 
Done.
Thermalized Magnetisation = (0.869501,-0.063475), Energy = -1.968449 
Averaging iterations... h=0.125000,0.000000
Done.
Final: Magnetisation = (0.891519,-0.060037), Energy = -1.970510 
<M> = (0.877789,-0.043454), <E> = -1.967621 

T=0.290000	 Thermalizing iterations... 
Done.
Thermalized Magnetisation = (0.849345,-0.078477), Energy = -1.965584 
Averaging iterations... h=0.125000,0.000000
Done.
Final: Magnetisation = (0.890642,-0.072550), Energy = -1.969636 
<M> = (0.871318,-0.073179), <E> = -1.973236 

T=0.280000	 Thermalizing iterations... 
Done.
Thermalized Magnetisation = (0.859307,-0.057382), Energy = -1.977871 
Averaging iterations... h=0.125000,0.000000
Done.
Final: Magnetisation = (0.886647,-0.033448), Energy = -1.982362 
<M> = (0.876222,-0.045864), <E> = -1.978639 

T=0.270000	 Thermalizing iterations... 
Done.
Thermalized Magnetisation = (0.882889,0.070621), Energy = -1.985174 
Averaging iterations... h=0.125000,0.000000
Done.
Final: Magnetisation = (0.857633,0.018322), Energy = -1.981655 
<M> = (0.877810,0.032800), <E> = -1.984076 

T=0.260000	 Thermalizing iterations... 
Done.
Thermalized Magnetisation = (0.884363,-0.018621), Energy = -1.983542 
Averaging iterations... h=0.125000,0.000000
Done.
Final: Magnetisation = (0.887508,-0.068987), Energy = -1.990310 
<M> = (0.879722,-0.086058), <E> = -1.989294 

T=0.250000	 Thermalizing iterations... 
Done.
Thermalized Magnetisation = (0.889524,0.008807), Energy = -1.997764 
Averaging iterations... h=0.125000,0.000000
Done.
Final: Magnetisation = (0.892990,-0.038742), Energy = -1.993561 
<M> = (0.882868,-0.054756), <E> = -1.994753 

T=0.240000	 Thermalizing iterations... 
Done.
Thermalized Magnetisation = (0.893803,-0.084119), Energy = -1.999602 
Averaging iterations... h=0.125000,0.000000
Done.
Final: Magnetisation = (0.878682,-0.066084), Energy = -1.998405 
<M> = (0.886116,-0.067270), <E> = -2.000002 

T=0.230000	 Thermalizing iterations... 
Done.
Thermalized Magnetisation = (0.880716,-0.009642), Energy = -2.000424 
Averaging iterations... h=0.125000,0.000000
Done.
Final: Magnetisation = (0.889780,0.072968), Energy = -2.007333 
<M> = (0.890212,0.044361), <E> = -2.005528 

T=0.220000	 Thermalizing iterations... 
Done.
Thermalized Magnetisation = (0.886228,-0.037082), Energy = -2.009967 
Averaging iterations... h=0.125000,0.000000
Done.
Final: Magnetisation = (0.887810,-0.141611), Energy = -2.009568 
<M> = (0.889574,-0.048668), <E> = -2.010654 

T=0.210000	 Thermalizing iterations... 
Done.
Thermalized Magnetisation = (0.887578,-0.056596), Energy = -2.015742 
Averaging iterations... h=0.125000,0.000000
Done.
Final: Magnetisation = (0.891696,-0.039963), Energy = -2.014709 
<M> = (0.891988,-0.055582), <E> = -2.015873 

T=0.200000	 Thermalizing iterations... 
Done.
Thermalized Magnetisation = (0.899792,-0.075569), Energy = -2.020895 
Averaging iterations... h=0.125000,0.000000
Done.
Final: Magnetisation = (0.907441,-0.082524), Energy = -2.022246 
<M> = (0.897137,-0.033264), <E> = -2.021301 

T=0.190000	 Thermalizing iterations... 
Done.
Thermalized Magnetisation = (0.889927,-0.004902), Energy = -2.027560 
Averaging iterations... h=0.125000,0.000000
Done.
Final: Magnetisation = (0.894397,0.030780), Energy = -2.026689 
<M> = (0.893367,0.032296), <E> = -2.026630 

T=0.180000	 Thermalizing iterations... 
Done.
Thermalized Magnetisation = (0.906164,-0.031621), Energy = -2.032511 
Averaging iterations... h=0.125000,0.000000
Done.
Final: Magnetisation = (0.900568,-0.075395), Energy = -2.032622 
<M> = (0.897914,-0.071094), <E> = -2.031804 

T=0.170000	 Thermalizing iterations... 
Done.
Thermalized Magnetisation = (0.904283,-0.072800), Energy = -2.033750 
Averaging iterations... h=0.125000,0.000000
Done.
Final: Magnetisation = (0.898503,-0.069352), Energy = -2.037848 
<M> = (0.897358,-0.066861), <E> = -2.037105 

T=0.160000	 Thermalizing iterations... 
Done.
Thermalized Magnetisation = (0.897575,-0.068180), Energy = -2.042563 
Averaging iterations... h=0.125000,0.000000
Done.
Final: Magnetisation = (0.900473,-0.010928), Energy = -2.040399 
<M> = (0.901857,-0.052637), <E> = -2.042218 

T=0.150000	 Thermalizing iterations... 
Done.
Thermalized Magnetisation = (0.908252,-0.027251), Energy = -2.047136 
Averaging iterations... h=0.125000,0.000000
Done.
Final: Magnetisation = (0.912589,-0.070965), Energy = -2.050185 
<M> = (0.908016,-0.060614), <E> = -2.047409 

T=0.140000	 Thermalizing iterations... 
Done.
Thermalized Magnetisation = (0.902583,-0.100639), Energy = -2.054867 
Averaging iterations... h=0.125000,0.000000
Done.
Final: Magnetisation = (0.916999,-0.025976), Energy = -2.053679 
<M> = (0.908288,-0.053916), <E> = -2.052632 

T=0.130000	 Thermalizing iterations... 
Done.
Thermalized Magnetisation = (0.903783,-0.076129), Energy = -2.059074 
Averaging iterations... h=0.125000,0.000000
Done.
Final: Magnetisation = (0.908619,-0.107981), Energy = -2.060885 
<M> = (0.909154,-0.081427), <E> = -2.057775 

T=0.120000	 Thermalizing iterations... 
Done.
Thermalized Magnetisation = (0.906468,-0.119333), Energy = -2.062541 
Averaging iterations... h=0.125000,0.000000
Done.
Final: Magnetisation = (0.908424,-0.069014), Energy = -2.062773 
<M> = (0.908962,-0.093887), <E> = -2.063025 

T=0.110000	 Thermalizing iterations... 
Done.
Thermalized Magnetisation = (0.914568,-0.087935), Energy = -2.067470 
Averaging iterations... h=0.125000,0.000000
Done.
Final: Magnetisation = (0.907461,-0.069324), Energy = -2.069624 
<M> = (0.910118,-0.077322), <E> = -2.068202 

T=0.100000	 Thermalizing iterations... 
Done.
Thermalized Magnetisation = (0.911179,-0.084585), Energy = -2.072615 
Averaging iterations... h=0.125000,0.000000
Done.
Final: Magnetisation = (0.914893,-0.056721), Energy = -2.075494 
<M> = (0.913988,-0.057784), <E> = -2.073292 

T=0.090000	 Thermalizing iterations... 
Done.
Thermalized Magnetisation = (0.914733,-0.101047), Energy = -2.079758 
Averaging iterations... h=0.125000,0.000000
Done.
Final: Magnetisation = (0.910782,-0.082424), Energy = -2.078620 
<M> = (0.918198,-0.104374), <E> = -2.078410 

T=0.080000	 Thermalizing iterations... 
Done.
Thermalized Magnetisation = (0.918981,-0.123958), Energy = -2.083890 
Averaging iterations... h=0.125000,0.000000
Done.
Final: Magnetisation = (0.922857,-0.070403), Energy = -2.085344 
<M> = (0.917501,-0.086571), <E> = -2.083455 

T=0.070000	 Thermalizing iterations... 
Done.
Thermalized Magnetisation = (0.921691,-0.050730), Energy = -2.088982 
Averaging iterations... h=0.125000,0.000000
Done.
Final: Magnetisation = (0.919182,-0.063291), Energy = -2.088272 
<M> = (0.918106,-0.060688), <E> = -2.088610 

T=0.060000	 Thermalizing iterations... 
Done.
Thermalized Magnetisation = (0.919244,-0.047197), Energy = -2.093472 
Averaging iterations... h=0.125000,0.000000
Done.
Final: Magnetisation = (0.922042,-0.062762), Energy = -2.094051 
<M> = (0.920920,-0.069344), <E> = -2.093668 

T=0.050000	 Thermalizing iterations... 
Done.
Thermalized Magnetisation = (0.925682,-0.045144), Energy = -2.098723 
Averaging iterations... h=0.125000,0.000000
Done.
Final: Magnetisation = (0.919024,-0.041726), Energy = -2.099078 
<M> = (0.923391,-0.033360), <E> = -2.098760 

T=0.040000	 Thermalizing iterations... 
Done.
Thermalized Magnetisation = (0.923992,-0.048499), Energy = -2.103813 
Averaging iterations... h=0.125000,0.000000
Done.
Final: Magnetisation = (0.920866,-0.051533), Energy = -2.104248 
<M> = (0.920973,-0.051201), <E> = -2.103812 

T=0.030000	 Thermalizing iterations... 
Done.
Thermalized Magnetisation = (0.924942,-0.044944), Energy = -2.108565 
Averaging iterations... h=0.125000,0.000000
Done.
Final: Magnetisation = (0.923789,-0.056096), Energy = -2.109230 
<M> = (0.923127,-0.055614), <E> = -2.108880 

T=0.020000	 Thermalizing iterations... 
Done.
Thermalized Magnetisation = (0.927308,-0.056018), Energy = -2.113966 
Averaging iterations... h=0.125000,0.000000
Done.
Final: Magnetisation = (0.925754,-0.066099), Energy = -2.113732 
<M> = (0.923095,-0.061061), <E> = -2.113901 

T=0.010000	 Thermalizing iterations... 
Done.
Thermalized Magnetisation = (0.924162,-0.059817), Energy = -2.118877 
Averaging iterations... h=0.125000,0.000000
Done.
Final: Magnetisation = (0.929902,-0.060809), Energy = -2.118911 
<M> = (0.928030,-0.060126), <E> = -2.118895 
Final Magnetisation = (0.929902,-0.060809), Energy = -2.118911 
------------------------

Updating all (first)black/(then)white checkerboard sites simultaneously.. 

ztne RFXY h rotating with |h|=0.125000 at T=0.000000..
loop 1

loop 2

CPU  Start Time = 5526132.133033 

CPU  End Time = 5534571.253142 

CPU Time elapsed total = 8439.120110 

real	140m39.131s
user	2381m3.003s
sys	1m11.967s
