+ cd /home/sbasak/Exercises/OpenMP/XY_code/Z2/rotating_field/trial/config/config_91
+ export OMP_NUM_THREADS=28
+ OMP_NUM_THREADS=28
+ ./a_0.out
nearest neighbor initialized. 
h loaded. 
J loaded. 
L = 128, dim_L = 2, dim_S = 2
hysteresis_MCS_multiplier = 10, hysteresis_MCS_max = 100
RAND_MAX = 2147483647.000000,
 sizeof(int) = 4,
 sizeof(long) = 8,
 sizeof(double) = 8,
 sizeof(long int) = 8,
 sizeof(short int) = 2,
 sizeof(unsigned int) = 4,
 sizeof(RAND_MAX) = 4
No. of THREADS = 28
No. of PROCESSORS = 28

0.058965,0.019072
order = ({1.000000-->-1.000000,0.000000}, 0, 1)
Initial Magnetisation = (0.058965,0.019072), Energy = 0.026835 
Cooling... 
T=2.000000	 Thermalizing iterations... 
Done.
Thermalized Magnetisation = (-0.017217,-0.024714), Energy = -0.564679 
Averaging iterations... h=0.000000,0.000000
Done.
Final: Magnetisation = (-0.009297,-0.031857), Energy = -0.587850 
<M> = (-0.002976,0.000043), <E> = -0.607262 

T=1.990000	 Thermalizing iterations... 
Done.
Thermalized Magnetisation = (-0.017904,0.032406), Energy = -0.631874 
Averaging iterations... h=0.000000,0.000000
Done.
Final: Magnetisation = (-0.027098,0.018574), Energy = -0.642420 
<M> = (-0.002196,-0.001561), <E> = -0.611646 

T=1.980000	 Thermalizing iterations... 
Done.
Thermalized Magnetisation = (-0.028949,0.023025), Energy = -0.642326 
Averaging iterations... h=0.000000,0.000000
Done.
Final: Magnetisation = (0.013854,0.003030), Energy = -0.619384 
<M> = (-0.003290,-0.001537), <E> = -0.615462 

T=1.970000	 Thermalizing iterations... 
Done.
Thermalized Magnetisation = (-0.022492,0.038857), Energy = -0.636401 
Averaging iterations... h=0.000000,0.000000
Done.
Final: Magnetisation = (-0.026667,-0.053289), Energy = -0.610673 
<M> = (-0.002760,-0.001853), <E> = -0.619441 

T=1.960000	 Thermalizing iterations... 
Done.
Thermalized Magnetisation = (-0.000578,-0.027629), Energy = -0.672741 
Averaging iterations... h=0.000000,0.000000
Done.
Final: Magnetisation = (-0.017528,0.000506), Energy = -0.628359 
<M> = (-0.001933,-0.000562), <E> = -0.622733 

T=1.950000	 Thermalizing iterations... 
Done.
Thermalized Magnetisation = (-0.016479,0.024223), Energy = -0.632141 
Averaging iterations... h=0.000000,0.000000
Done.
Final: Magnetisation = (0.049646,-0.010972), Energy = -0.635743 
<M> = (-0.001008,-0.000530), <E> = -0.625616 

T=1.940000	 Thermalizing iterations... 
Done.
Thermalized Magnetisation = (0.024864,-0.023116), Energy = -0.607955 
Averaging iterations... h=0.000000,0.000000
Done.
Final: Magnetisation = (0.041722,0.024751), Energy = -0.615386 
<M> = (-0.002873,0.000540), <E> = -0.629330 

T=1.930000	 Thermalizing iterations... 
Done.
Thermalized Magnetisation = (-0.010571,0.011683), Energy = -0.640104 
Averaging iterations... h=0.000000,0.000000
Done.
Final: Magnetisation = (-0.091197,0.019384), Energy = -0.619687 
<M> = (-0.003925,0.000948), <E> = -0.632479 

T=1.920000	 Thermalizing iterations... 
Done.
Thermalized Magnetisation = (-0.029335,0.042259), Energy = -0.664790 
Averaging iterations... h=0.000000,0.000000
Done.
Final: Magnetisation = (-0.012084,-0.017557), Energy = -0.641079 
<M> = (-0.002943,-0.001697), <E> = -0.636996 

T=1.910000	 Thermalizing iterations... 
Done.
Thermalized Magnetisation = (-0.049735,0.003046), Energy = -0.644386 
Averaging iterations... h=0.000000,0.000000
Done.
Final: Magnetisation = (-0.022924,-0.024288), Energy = -0.672044 
<M> = (-0.002886,-0.001695), <E> = -0.641187 

T=1.900000	 Thermalizing iterations... 
Done.
Thermalized Magnetisation = (0.061925,0.088130), Energy = -0.644768 
Averaging iterations... h=0.000000,0.000000
Done.
Final: Magnetisation = (-0.029907,-0.012689), Energy = -0.634633 
<M> = (-0.003091,-0.003187), <E> = -0.645379 

T=1.890000	 Thermalizing iterations... 
Done.
Thermalized Magnetisation = (-0.046987,0.012858), Energy = -0.650606 
Averaging iterations... h=0.000000,0.000000
Done.
Final: Magnetisation = (-0.047697,0.030804), Energy = -0.642378 
<M> = (-0.003032,-0.002266), <E> = -0.649480 

T=1.880000	 Thermalizing iterations... 
Done.
Thermalized Magnetisation = (-0.001023,-0.036134), Energy = -0.640699 
Averaging iterations... h=0.000000,0.000000
Done.
Final: Magnetisation = (-0.042127,0.014444), Energy = -0.675528 
<M> = (-0.002446,-0.001445), <E> = -0.653364 

T=1.870000	 Thermalizing iterations... 
Done.
Thermalized Magnetisation = (-0.025416,0.021644), Energy = -0.644300 
Averaging iterations... h=0.000000,0.000000
Done.
Final: Magnetisation = (0.008547,0.013218), Energy = -0.654745 
<M> = (-0.002814,0.001777), <E> = -0.656486 

T=1.860000	 Thermalizing iterations... 
Done.
Thermalized Magnetisation = (-0.023023,0.017216), Energy = -0.613495 
Averaging iterations... h=0.000000,0.000000
Done.
Final: Magnetisation = (0.021384,-0.028596), Energy = -0.634487 
<M> = (-0.003650,-0.000016), <E> = -0.660954 

T=1.850000	 Thermalizing iterations... 
Done.
Thermalized Magnetisation = (-0.009205,0.096464), Energy = -0.659719 
Averaging iterations... h=0.000000,0.000000
Done.
Final: Magnetisation = (0.031630,-0.018822), Energy = -0.688125 
<M> = (-0.004381,0.000288), <E> = -0.664546 

T=1.840000	 Thermalizing iterations... 
Done.
Thermalized Magnetisation = (-0.021453,0.021063), Energy = -0.661598 
Averaging iterations... h=0.000000,0.000000
Done.
Final: Magnetisation = (0.015582,-0.014543), Energy = -0.693509 
<M> = (-0.002511,-0.001915), <E> = -0.669644 

T=1.830000	 Thermalizing iterations... 
Done.
Thermalized Magnetisation = (0.059562,0.007442), Energy = -0.657023 
Averaging iterations... h=0.000000,0.000000
Done.
Final: Magnetisation = (-0.003308,0.047306), Energy = -0.662849 
<M> = (-0.004392,-0.002657), <E> = -0.674318 

T=1.820000	 Thermalizing iterations... 
Done.
Thermalized Magnetisation = (-0.004297,0.038186), Energy = -0.685523 
Averaging iterations... h=0.000000,0.000000
Done.
Final: Magnetisation = (0.011309,-0.033470), Energy = -0.664869 
<M> = (-0.003236,-0.002126), <E> = -0.679142 

T=1.810000	 Thermalizing iterations... 
Done.
Thermalized Magnetisation = (-0.010296,0.019640), Energy = -0.679927 
Averaging iterations... h=0.000000,0.000000
Done.
Final: Magnetisation = (-0.018928,0.031873), Energy = -0.667125 
<M> = (-0.001395,-0.001983), <E> = -0.682976 

T=1.800000	 Thermalizing iterations... 
Done.
Thermalized Magnetisation = (-0.040798,-0.010569), Energy = -0.668400 
Averaging iterations... h=0.000000,0.000000
Done.
Final: Magnetisation = (0.006992,0.025791), Energy = -0.696931 
<M> = (-0.002455,-0.000440), <E> = -0.686474 

T=1.790000	 Thermalizing iterations... 
Done.
Thermalized Magnetisation = (0.014786,-0.043957), Energy = -0.704145 
Averaging iterations... h=0.000000,0.000000
Done.
Final: Magnetisation = (-0.038661,-0.076651), Energy = -0.680382 
<M> = (-0.003970,0.000532), <E> = -0.691169 

T=1.780000	 Thermalizing iterations... 
Done.
Thermalized Magnetisation = (-0.004561,-0.029104), Energy = -0.698715 
Averaging iterations... h=0.000000,0.000000
Done.
Final: Magnetisation = (0.018596,0.008863), Energy = -0.682519 
<M> = (-0.004442,0.000570), <E> = -0.695192 

T=1.770000	 Thermalizing iterations... 
Done.
Thermalized Magnetisation = (0.010571,0.044635), Energy = -0.710402 
Averaging iterations... h=0.000000,0.000000
Done.
Final: Magnetisation = (0.005844,0.071441), Energy = -0.705033 
<M> = (-0.003485,-0.003880), <E> = -0.700889 

T=1.760000	 Thermalizing iterations... 
Done.
Thermalized Magnetisation = (-0.007333,0.014391), Energy = -0.752409 
Averaging iterations... h=0.000000,0.000000
Done.
Final: Magnetisation = (0.048380,-0.024291), Energy = -0.733322 
<M> = (-0.004008,-0.001129), <E> = -0.706183 

T=1.750000	 Thermalizing iterations... 
Done.
Thermalized Magnetisation = (-0.046489,0.009430), Energy = -0.706336 
Averaging iterations... h=0.000000,0.000000
Done.
Final: Magnetisation = (0.055743,-0.012853), Energy = -0.695259 
<M> = (-0.005015,-0.003717), <E> = -0.710858 

T=1.740000	 Thermalizing iterations... 
Done.
Thermalized Magnetisation = (0.019757,0.018667), Energy = -0.688932 
Averaging iterations... h=0.000000,0.000000
Done.
Final: Magnetisation = (0.001278,-0.018410), Energy = -0.713305 
<M> = (-0.003870,-0.002574), <E> = -0.715722 

T=1.730000	 Thermalizing iterations... 
Done.
Thermalized Magnetisation = (0.010756,-0.019895), Energy = -0.731487 
Averaging iterations... h=0.000000,0.000000
Done.
Final: Magnetisation = (-0.068735,-0.060724), Energy = -0.712694 
<M> = (-0.002483,-0.000359), <E> = -0.719868 

T=1.720000	 Thermalizing iterations... 
Done.
Thermalized Magnetisation = (-0.013746,-0.049720), Energy = -0.709005 
Averaging iterations... h=0.000000,0.000000
Done.
Final: Magnetisation = (0.021595,0.039698), Energy = -0.727140 
<M> = (-0.004528,0.000680), <E> = -0.724304 

T=1.710000	 Thermalizing iterations... 
Done.
Thermalized Magnetisation = (0.015140,-0.066466), Energy = -0.758447 
Averaging iterations... h=0.000000,0.000000
Done.
Final: Magnetisation = (0.023020,-0.039597), Energy = -0.744924 
<M> = (-0.004425,-0.000285), <E> = -0.729097 

T=1.700000	 Thermalizing iterations... 
Done.
Thermalized Magnetisation = (0.002965,-0.000125), Energy = -0.721975 
Averaging iterations... h=0.000000,0.000000
Done.
Final: Magnetisation = (-0.009690,0.031351), Energy = -0.744822 
<M> = (-0.004339,-0.000801), <E> = -0.734785 

T=1.690000	 Thermalizing iterations... 
Done.
Thermalized Magnetisation = (-0.080551,0.008521), Energy = -0.765975 
Averaging iterations... h=0.000000,0.000000
Done.
Final: Magnetisation = (-0.008248,-0.093036), Energy = -0.743934 
<M> = (-0.004110,-0.000325), <E> = -0.740161 

T=1.680000	 Thermalizing iterations... 
Done.
Thermalized Magnetisation = (-0.033975,-0.023729), Energy = -0.733889 
Averaging iterations... h=0.000000,0.000000
Done.
Final: Magnetisation = (-0.033101,-0.117951), Energy = -0.741989 
<M> = (-0.005653,-0.002976), <E> = -0.746004 

T=1.670000	 Thermalizing iterations... 
Done.
Thermalized Magnetisation = (-0.036506,0.002626), Energy = -0.757939 
Averaging iterations... h=0.000000,0.000000
Done.
Final: Magnetisation = (-0.011993,-0.079647), Energy = -0.763832 
<M> = (-0.004613,-0.001670), <E> = -0.751266 

T=1.660000	 Thermalizing iterations... 
Done.
Thermalized Magnetisation = (-0.047517,-0.016811), Energy = -0.760593 
Averaging iterations... h=0.000000,0.000000
Done.
Final: Magnetisation = (0.006704,-0.032970), Energy = -0.757505 
<M> = (-0.003249,-0.001530), <E> = -0.756818 

T=1.650000	 Thermalizing iterations... 
Done.
Thermalized Magnetisation = (0.003097,-0.023205), Energy = -0.750795 
Averaging iterations... h=0.000000,0.000000
Done.
Final: Magnetisation = (-0.046443,0.065362), Energy = -0.759938 
<M> = (-0.004142,0.001365), <E> = -0.761105 

T=1.640000	 Thermalizing iterations... 
Done.
Thermalized Magnetisation = (0.050577,0.079157), Energy = -0.793176 
Averaging iterations... h=0.000000,0.000000
Done.
Final: Magnetisation = (0.052479,-0.039793), Energy = -0.753720 
<M> = (-0.006075,0.001592), <E> = -0.766739 

T=1.630000	 Thermalizing iterations... 
Done.
Thermalized Magnetisation = (-0.002547,0.018146), Energy = -0.779493 
Averaging iterations... h=0.000000,0.000000
Done.
Final: Magnetisation = (0.012587,0.004508), Energy = -0.720446 
<M> = (-0.005223,0.000789), <E> = -0.772076 

T=1.620000	 Thermalizing iterations... 
Done.
Thermalized Magnetisation = (0.012200,-0.080232), Energy = -0.790877 
Averaging iterations... h=0.000000,0.000000
Done.
Final: Magnetisation = (0.044937,-0.045685), Energy = -0.798300 
<M> = (-0.005036,-0.001751), <E> = -0.778426 

T=1.610000	 Thermalizing iterations... 
Done.
Thermalized Magnetisation = (0.023054,0.021801), Energy = -0.787321 
Averaging iterations... h=0.000000,0.000000
Done.
Final: Magnetisation = (-0.011631,0.087355), Energy = -0.806064 
<M> = (-0.006214,-0.003334), <E> = -0.784949 

T=1.600000	 Thermalizing iterations... 
Done.
Thermalized Magnetisation = (0.003820,-0.031706), Energy = -0.804129 
Averaging iterations... h=0.000000,0.000000
Done.
Final: Magnetisation = (-0.035279,-0.043390), Energy = -0.775176 
<M> = (-0.006370,-0.004201), <E> = -0.791140 

T=1.590000	 Thermalizing iterations... 
Done.
Thermalized Magnetisation = (-0.036732,0.023166), Energy = -0.786612 
Averaging iterations... h=0.000000,0.000000
Done.
Final: Magnetisation = (-0.109341,0.006312), Energy = -0.771433 
<M> = (-0.006438,-0.001710), <E> = -0.797004 

T=1.580000	 Thermalizing iterations... 
Done.
Thermalized Magnetisation = (0.003480,0.011515), Energy = -0.781246 
Averaging iterations... h=0.000000,0.000000
Done.
Final: Magnetisation = (-0.024492,-0.054640), Energy = -0.861542 
<M> = (-0.003673,0.001032), <E> = -0.802056 

T=1.570000	 Thermalizing iterations... 
Done.
Thermalized Magnetisation = (-0.004570,0.037904), Energy = -0.841519 
Averaging iterations... h=0.000000,0.000000
Done.
Final: Magnetisation = (-0.013577,0.032158), Energy = -0.806121 
<M> = (-0.005197,-0.000127), <E> = -0.807867 

T=1.560000	 Thermalizing iterations... 
Done.
Thermalized Magnetisation = (0.062655,-0.060173), Energy = -0.847691 
Averaging iterations... h=0.000000,0.000000
Done.
Final: Magnetisation = (-0.048002,0.007741), Energy = -0.785918 
<M> = (-0.006079,0.001483), <E> = -0.813679 

T=1.550000	 Thermalizing iterations... 
Done.
Thermalized Magnetisation = (-0.077720,0.002532), Energy = -0.779598 
Averaging iterations... h=0.000000,0.000000
Done.
Final: Magnetisation = (-0.013007,0.015087), Energy = -0.797449 
<M> = (-0.006189,-0.000077), <E> = -0.820937 

T=1.540000	 Thermalizing iterations... 
Done.
Thermalized Magnetisation = (-0.050170,0.094833), Energy = -0.832451 
Averaging iterations... h=0.000000,0.000000
Done.
Final: Magnetisation = (-0.003663,-0.119206), Energy = -0.843769 
<M> = (-0.006273,-0.001780), <E> = -0.827839 

T=1.530000	 Thermalizing iterations... 
Done.
Thermalized Magnetisation = (0.024250,0.000660), Energy = -0.861496 
Averaging iterations... h=0.000000,0.000000
Done.
Final: Magnetisation = (0.024875,0.024393), Energy = -0.817665 
<M> = (-0.007942,-0.002780), <E> = -0.834636 

T=1.520000	 Thermalizing iterations... 
Done.
Thermalized Magnetisation = (0.043606,0.062518), Energy = -0.839299 
Averaging iterations... h=0.000000,0.000000
Done.
Final: Magnetisation = (-0.030504,-0.025725), Energy = -0.850689 
<M> = (-0.006493,-0.001677), <E> = -0.841630 

T=1.510000	 Thermalizing iterations... 
Done.
Thermalized Magnetisation = (-0.002281,-0.005689), Energy = -0.878247 
Averaging iterations... h=0.000000,0.000000
Done.
Final: Magnetisation = (-0.007014,0.018290), Energy = -0.844680 
<M> = (-0.003951,-0.001021), <E> = -0.847970 

T=1.500000	 Thermalizing iterations... 
Done.
Thermalized Magnetisation = (0.044688,-0.088208), Energy = -0.860314 
Averaging iterations... h=0.000000,0.000000
Done.
Final: Magnetisation = (-0.044988,-0.073355), Energy = -0.857210 
<M> = (-0.003993,0.002707), <E> = -0.853757 

T=1.490000	 Thermalizing iterations... 
Done.
Thermalized Magnetisation = (0.000910,0.005067), Energy = -0.827325 
Averaging iterations... h=0.000000,0.000000
Done.
Final: Magnetisation = (-0.023823,0.096776), Energy = -0.866951 
<M> = (-0.007601,0.003413), <E> = -0.860308 

T=1.480000	 Thermalizing iterations... 
Done.
Thermalized Magnetisation = (0.018263,-0.032752), Energy = -0.829873 
Averaging iterations... h=0.000000,0.000000
Done.
Final: Magnetisation = (0.042954,-0.009158), Energy = -0.862016 
<M> = (-0.009915,0.003235), <E> = -0.868173 

T=1.470000	 Thermalizing iterations... 
Done.
Thermalized Magnetisation = (0.025025,-0.012488), Energy = -0.875924 
Averaging iterations... h=0.000000,0.000000
Done.
Final: Magnetisation = (0.026724,-0.025153), Energy = -0.882256 
<M> = (-0.005639,-0.000688), <E> = -0.875364 

T=1.460000	 Thermalizing iterations... 
Done.
Thermalized Magnetisation = (-0.000908,0.083137), Energy = -0.873798 
Averaging iterations... h=0.000000,0.000000
Done.
Final: Magnetisation = (0.016656,0.030181), Energy = -0.860350 
<M> = (-0.009013,-0.003025), <E> = -0.883859 

T=1.450000	 Thermalizing iterations... 
Done.
Thermalized Magnetisation = (0.042327,0.004773), Energy = -0.904450 
Averaging iterations... h=0.000000,0.000000
Done.
Final: Magnetisation = (-0.049047,-0.047920), Energy = -0.890149 
<M> = (-0.006403,-0.006638), <E> = -0.891257 

T=1.440000	 Thermalizing iterations... 
Done.
Thermalized Magnetisation = (0.020657,-0.031165), Energy = -0.906556 
Averaging iterations... h=0.000000,0.000000
Done.
Final: Magnetisation = (0.039472,-0.029268), Energy = -0.916191 
<M> = (-0.005512,-0.003773), <E> = -0.898097 

T=1.430000	 Thermalizing iterations... 
Done.
Thermalized Magnetisation = (-0.030198,-0.086823), Energy = -0.931490 
Averaging iterations... h=0.000000,0.000000
Done.
Final: Magnetisation = (-0.033808,0.011841), Energy = -0.910380 
<M> = (-0.004770,0.001050), <E> = -0.904598 

T=1.420000	 Thermalizing iterations... 
Done.
Thermalized Magnetisation = (0.108291,0.023206), Energy = -0.903619 
Averaging iterations... h=0.000000,0.000000
Done.
Final: Magnetisation = (-0.010538,-0.029610), Energy = -0.882529 
<M> = (-0.008089,0.000894), <E> = -0.912618 

T=1.410000	 Thermalizing iterations... 
Done.
Thermalized Magnetisation = (-0.015546,-0.003666), Energy = -0.930223 
Averaging iterations... h=0.000000,0.000000
Done.
Final: Magnetisation = (-0.047958,-0.030312), Energy = -0.948616 
<M> = (-0.011485,0.003840), <E> = -0.920359 

T=1.400000	 Thermalizing iterations... 
Done.
Thermalized Magnetisation = (-0.015434,-0.016385), Energy = -0.899208 
Averaging iterations... h=0.000000,0.000000
Done.
Final: Magnetisation = (-0.017857,0.104752), Energy = -0.879082 
<M> = (-0.008170,-0.001405), <E> = -0.930024 

T=1.390000	 Thermalizing iterations... 
Done.
Thermalized Magnetisation = (-0.061940,-0.042622), Energy = -0.949546 
Averaging iterations... h=0.000000,0.000000
Done.
Final: Magnetisation = (0.011528,-0.002016), Energy = -0.948859 
<M> = (-0.009784,-0.005820), <E> = -0.938045 

T=1.380000	 Thermalizing iterations... 
Done.
Thermalized Magnetisation = (-0.043076,-0.054290), Energy = -0.931631 
Averaging iterations... h=0.000000,0.000000
Done.
Final: Magnetisation = (0.009373,-0.037132), Energy = -0.916321 
<M> = (-0.010302,-0.009098), <E> = -0.946459 

T=1.370000	 Thermalizing iterations... 
Done.
Thermalized Magnetisation = (-0.083038,-0.031198), Energy = -0.939644 
Averaging iterations... h=0.000000,0.000000
Done.
Final: Magnetisation = (-0.086329,-0.036636), Energy = -0.922021 
<M> = (-0.009400,-0.006500), <E> = -0.954428 

T=1.360000	 Thermalizing iterations... 
Done.
Thermalized Magnetisation = (-0.029083,0.023659), Energy = -0.989730 
Averaging iterations... h=0.000000,0.000000
Done.
Final: Magnetisation = (0.050247,0.073878), Energy = -1.000356 
<M> = (-0.006914,-0.001886), <E> = -0.962787 

T=1.350000	 Thermalizing iterations... 
Done.
Thermalized Magnetisation = (0.004058,0.096925), Energy = -0.967816 
Averaging iterations... h=0.000000,0.000000
Done.
Final: Magnetisation = (-0.023809,0.076210), Energy = -0.967500 
<M> = (-0.006744,0.005420), <E> = -0.970336 

T=1.340000	 Thermalizing iterations... 
Done.
Thermalized Magnetisation = (0.082268,0.041179), Energy = -1.035840 
Averaging iterations... h=0.000000,0.000000
Done.
Final: Magnetisation = (0.020825,0.017746), Energy = -1.001869 
<M> = (-0.012388,0.006459), <E> = -0.979737 

T=1.330000	 Thermalizing iterations... 
Done.
Thermalized Magnetisation = (0.050494,0.037854), Energy = -0.984760 
Averaging iterations... h=0.000000,0.000000
Done.
Final: Magnetisation = (0.011657,-0.054465), Energy = -1.019183 
<M> = (-0.012493,0.001509), <E> = -0.988663 

T=1.320000	 Thermalizing iterations... 
Done.
Thermalized Magnetisation = (0.007834,-0.022705), Energy = -1.005157 
Averaging iterations... h=0.000000,0.000000
Done.
Final: Magnetisation = (-0.046158,-0.035054), Energy = -0.958188 
<M> = (-0.008214,-0.001566), <E> = -0.998363 

T=1.310000	 Thermalizing iterations... 
Done.
Thermalized Magnetisation = (0.004886,0.024224), Energy = -1.020422 
Averaging iterations... h=0.000000,0.000000
Done.
Final: Magnetisation = (-0.060151,0.063841), Energy = -1.025083 
<M> = (-0.011052,-0.008555), <E> = -1.008918 

T=1.300000	 Thermalizing iterations... 
Done.
Thermalized Magnetisation = (-0.017389,0.002130), Energy = -0.987644 
Averaging iterations... h=0.000000,0.000000
Done.
Final: Magnetisation = (0.017256,-0.028970), Energy = -1.067870 
<M> = (-0.011214,-0.007238), <E> = -1.017793 

T=1.290000	 Thermalizing iterations... 
Done.
Thermalized Magnetisation = (-0.030033,-0.023820), Energy = -1.025970 
Averaging iterations... h=0.000000,0.000000
Done.
Final: Magnetisation = (0.012387,-0.039068), Energy = -1.008537 
<M> = (-0.007065,-0.005460), <E> = -1.026912 

T=1.280000	 Thermalizing iterations... 
Done.
Thermalized Magnetisation = (-0.059486,0.036709), Energy = -1.052614 
Averaging iterations... h=0.000000,0.000000
Done.
Final: Magnetisation = (0.001153,-0.021349), Energy = -1.051342 
<M> = (-0.009601,0.001309), <E> = -1.035699 

T=1.270000	 Thermalizing iterations... 
Done.
Thermalized Magnetisation = (-0.042715,0.024981), Energy = -1.052933 
Averaging iterations... h=0.000000,0.000000
Done.
Final: Magnetisation = (-0.072100,-0.003152), Energy = -1.056683 
<M> = (-0.012258,0.002051), <E> = -1.044571 

T=1.260000	 Thermalizing iterations... 
Done.
Thermalized Magnetisation = (-0.024017,0.027731), Energy = -1.041045 
Averaging iterations... h=0.000000,0.000000
Done.
Final: Magnetisation = (-0.059841,-0.027013), Energy = -1.049312 
<M> = (-0.015140,0.005971), <E> = -1.055010 

T=1.250000	 Thermalizing iterations... 
Done.
Thermalized Magnetisation = (-0.078285,-0.077603), Energy = -1.105030 
Averaging iterations... h=0.000000,0.000000
Done.
Final: Magnetisation = (-0.052760,0.056346), Energy = -1.045238 
<M> = (-0.011817,-0.005218), <E> = -1.065813 

T=1.240000	 Thermalizing iterations... 
Done.
Thermalized Magnetisation = (0.016120,-0.048284), Energy = -1.104991 
Averaging iterations... h=0.000000,0.000000
Done.
Final: Magnetisation = (-0.094676,-0.051619), Energy = -1.067370 
<M> = (-0.013484,-0.005065), <E> = -1.076541 

T=1.230000	 Thermalizing iterations... 
Done.
Thermalized Magnetisation = (-0.022798,0.094079), Energy = -1.104370 
Averaging iterations... h=0.000000,0.000000
Done.
Final: Magnetisation = (-0.026989,-0.103396), Energy = -1.053864 
<M> = (-0.017318,-0.012181), <E> = -1.087745 

T=1.220000	 Thermalizing iterations... 
Done.
Thermalized Magnetisation = (0.031437,-0.068500), Energy = -1.079375 
Averaging iterations... h=0.000000,0.000000
Done.
Final: Magnetisation = (-0.026908,-0.060297), Energy = -1.106124 
<M> = (-0.019153,-0.015530), <E> = -1.097456 

T=1.210000	 Thermalizing iterations... 
Done.
Thermalized Magnetisation = (-0.021865,0.055558), Energy = -1.059964 
Averaging iterations... h=0.000000,0.000000
Done.
Final: Magnetisation = (-0.008265,0.006074), Energy = -1.144965 
<M> = (-0.011431,-0.003128), <E> = -1.106225 

T=1.200000	 Thermalizing iterations... 
Done.
Thermalized Magnetisation = (0.107462,-0.055793), Energy = -1.119643 
Averaging iterations... h=0.000000,0.000000
Done.
Final: Magnetisation = (0.026210,0.031721), Energy = -1.123352 
<M> = (-0.016663,0.012594), <E> = -1.117736 

T=1.190000	 Thermalizing iterations... 
Done.
Thermalized Magnetisation = (0.018589,0.009851), Energy = -1.085875 
Averaging iterations... h=0.000000,0.000000
Done.
Final: Magnetisation = (-0.037473,-0.039903), Energy = -1.125332 
<M> = (-0.015352,0.004624), <E> = -1.126847 

T=1.180000	 Thermalizing iterations... 
Done.
Thermalized Magnetisation = (-0.030191,-0.128273), Energy = -1.135036 
Averaging iterations... h=0.000000,0.000000
Done.
Final: Magnetisation = (0.016020,-0.064881), Energy = -1.120820 
<M> = (-0.012443,-0.006125), <E> = -1.139559 

T=1.170000	 Thermalizing iterations... 
Done.
Thermalized Magnetisation = (-0.121389,0.086268), Energy = -1.171674 
Averaging iterations... h=0.000000,0.000000
Done.
Final: Magnetisation = (-0.043847,0.162530), Energy = -1.149517 
<M> = (-0.016793,-0.010863), <E> = -1.151509 

T=1.160000	 Thermalizing iterations... 
Done.
Thermalized Magnetisation = (0.032712,-0.140970), Energy = -1.198252 
Averaging iterations... h=0.000000,0.000000
Done.
Final: Magnetisation = (-0.011561,-0.038283), Energy = -1.155767 
<M> = (-0.014060,-0.023061), <E> = -1.163566 

T=1.150000	 Thermalizing iterations... 
Done.
Thermalized Magnetisation = (-0.028555,-0.115411), Energy = -1.187373 
Averaging iterations... h=0.000000,0.000000
Done.
Final: Magnetisation = (-0.057727,0.043847), Energy = -1.193282 
<M> = (-0.015053,-0.015953), <E> = -1.174132 

T=1.140000	 Thermalizing iterations... 
Done.
Thermalized Magnetisation = (-0.104661,-0.016106), Energy = -1.206103 
Averaging iterations... h=0.000000,0.000000
Done.
Final: Magnetisation = (0.033449,-0.109539), Energy = -1.175987 
<M> = (-0.015270,-0.004904), <E> = -1.184790 

T=1.130000	 Thermalizing iterations... 
Done.
Thermalized Magnetisation = (-0.090292,0.084401), Energy = -1.183621 
Averaging iterations... h=0.000000,0.000000
Done.
Final: Magnetisation = (-0.038482,0.129651), Energy = -1.196213 
<M> = (-0.021774,-0.001526), <E> = -1.195616 

T=1.120000	 Thermalizing iterations... 
Done.
Thermalized Magnetisation = (0.021616,0.051771), Energy = -1.193487 
Averaging iterations... h=0.000000,0.000000
Done.
Final: Magnetisation = (-0.062813,-0.104320), Energy = -1.222281 
<M> = (-0.020778,0.003620), <E> = -1.207471 

T=1.110000	 Thermalizing iterations... 
Done.
Thermalized Magnetisation = (-0.003561,-0.040058), Energy = -1.210770 
Averaging iterations... h=0.000000,0.000000
Done.
Final: Magnetisation = (-0.036413,0.039440), Energy = -1.205956 
<M> = (-0.015763,0.025392), <E> = -1.218892 

T=1.100000	 Thermalizing iterations... 
Done.
Thermalized Magnetisation = (-0.039818,-0.125137), Energy = -1.259495 
Averaging iterations... h=0.000000,0.000000
Done.
Final: Magnetisation = (-0.005245,-0.050143), Energy = -1.226680 
<M> = (-0.023326,-0.004002), <E> = -1.231855 

T=1.090000	 Thermalizing iterations... 
Done.
Thermalized Magnetisation = (-0.038594,0.005004), Energy = -1.261563 
Averaging iterations... h=0.000000,0.000000
Done.
Final: Magnetisation = (-0.085788,0.019038), Energy = -1.250820 
<M> = (-0.025362,-0.031939), <E> = -1.244234 

T=1.080000	 Thermalizing iterations... 
Done.
Thermalized Magnetisation = (-0.001039,0.001392), Energy = -1.254127 
Averaging iterations... h=0.000000,0.000000
Done.
Final: Magnetisation = (-0.015953,0.049774), Energy = -1.242009 
<M> = (-0.028949,-0.051497), <E> = -1.256562 

T=1.070000	 Thermalizing iterations... 
Done.
Thermalized Magnetisation = (0.022285,0.072027), Energy = -1.279224 
Averaging iterations... h=0.000000,0.000000
Done.
Final: Magnetisation = (0.000706,0.111919), Energy = -1.247176 
<M> = (-0.021953,-0.031073), <E> = -1.271762 

T=1.060000	 Thermalizing iterations... 
Done.
Thermalized Magnetisation = (-0.016178,0.166223), Energy = -1.282169 
Averaging iterations... h=0.000000,0.000000
Done.
Final: Magnetisation = (-0.010032,-0.158001), Energy = -1.295703 
<M> = (-0.020881,0.016256), <E> = -1.281308 

T=1.050000	 Thermalizing iterations... 
Done.
Thermalized Magnetisation = (-0.012365,-0.055613), Energy = -1.304338 
Averaging iterations... h=0.000000,0.000000
Done.
Final: Magnetisation = (-0.084662,-0.020959), Energy = -1.286363 
<M> = (-0.032522,-0.000542), <E> = -1.292145 

T=1.040000	 Thermalizing iterations... 
Done.
Thermalized Magnetisation = (-0.073910,0.050901), Energy = -1.284893 
Averaging iterations... h=0.000000,0.000000
Done.
Final: Magnetisation = (-0.048572,-0.060147), Energy = -1.302870 
<M> = (-0.035076,0.053171), <E> = -1.305091 

T=1.030000	 Thermalizing iterations... 
Done.
Thermalized Magnetisation = (-0.042461,-0.079280), Energy = -1.286944 
Averaging iterations... h=0.000000,0.000000
Done.
Final: Magnetisation = (-0.035429,0.136744), Energy = -1.326831 
<M> = (-0.023631,0.010596), <E> = -1.315168 

T=1.020000	 Thermalizing iterations... 
Done.
Thermalized Magnetisation = (-0.053611,-0.105922), Energy = -1.283674 
Averaging iterations... h=0.000000,0.000000
Done.
Final: Magnetisation = (-0.075470,0.108325), Energy = -1.347247 
<M> = (-0.028626,-0.128056), <E> = -1.330834 

T=1.010000	 Thermalizing iterations... 
Done.
Thermalized Magnetisation = (-0.078909,0.054390), Energy = -1.335166 
Averaging iterations... h=0.000000,0.000000
Done.
Final: Magnetisation = (0.028636,-0.212338), Energy = -1.347035 
<M> = (-0.027261,-0.174371), <E> = -1.347006 

T=1.000000	 Thermalizing iterations... 
Done.
Thermalized Magnetisation = (0.008323,-0.271811), Energy = -1.382014 
Averaging iterations... h=0.000000,0.000000
Done.
Final: Magnetisation = (0.060025,-0.216677), Energy = -1.365073 
<M> = (-0.031438,-0.129082), <E> = -1.358741 

T=0.990000	 Thermalizing iterations... 
Done.
Thermalized Magnetisation = (-0.031006,0.048407), Energy = -1.375573 
Averaging iterations... h=0.000000,0.000000
Done.
Final: Magnetisation = (-0.031966,-0.260936), Energy = -1.374425 
<M> = (-0.011505,-0.109508), <E> = -1.369930 

T=0.980000	 Thermalizing iterations... 
Done.
Thermalized Magnetisation = (-0.070284,0.050308), Energy = -1.367006 
Averaging iterations... h=0.000000,0.000000
Done.
Final: Magnetisation = (0.018129,0.030508), Energy = -1.398834 
<M> = (-0.025863,0.007560), <E> = -1.382500 

T=0.970000	 Thermalizing iterations... 
Done.
Thermalized Magnetisation = (-0.018644,-0.246151), Energy = -1.369006 
Averaging iterations... h=0.000000,0.000000
Done.
Final: Magnetisation = (-0.076460,0.273051), Energy = -1.422263 
<M> = (-0.030286,-0.052681), <E> = -1.394210 

T=0.960000	 Thermalizing iterations... 
Done.
Thermalized Magnetisation = (-0.063341,-0.540357), Energy = -1.446695 
Averaging iterations... h=0.000000,0.000000
Done.
Final: Magnetisation = (0.007764,-0.297289), Energy = -1.380995 
<M> = (-0.027635,-0.390190), <E> = -1.411940 

T=0.950000	 Thermalizing iterations... 
Done.
Thermalized Magnetisation = (-0.110045,-0.487995), Energy = -1.408740 
Averaging iterations... h=0.000000,0.000000
Done.
Final: Magnetisation = (-0.007216,-0.171479), Energy = -1.408246 
<M> = (-0.027061,-0.256359), <E> = -1.423222 

T=0.940000	 Thermalizing iterations... 
Done.
Thermalized Magnetisation = (0.032472,-0.507178), Energy = -1.447867 
Averaging iterations... h=0.000000,0.000000
Done.
Final: Magnetisation = (-0.098205,-0.410587), Energy = -1.418693 
<M> = (-0.026889,-0.507887), <E> = -1.444420 

T=0.930000	 Thermalizing iterations... 
Done.
Thermalized Magnetisation = (0.033748,-0.319220), Energy = -1.443784 
Averaging iterations... h=0.000000,0.000000
Done.
Final: Magnetisation = (-0.016853,-0.472541), Energy = -1.452298 
<M> = (-0.030101,-0.470300), <E> = -1.453258 

T=0.920000	 Thermalizing iterations... 
Done.
Thermalized Magnetisation = (0.004956,-0.539200), Energy = -1.482233 
Averaging iterations... h=0.000000,0.000000
Done.
Final: Magnetisation = (-0.044759,-0.551106), Energy = -1.461434 
<M> = (-0.014672,-0.552323), <E> = -1.468356 

T=0.910000	 Thermalizing iterations... 
Done.
Thermalized Magnetisation = (-0.015151,-0.607251), Energy = -1.472620 
Averaging iterations... h=0.000000,0.000000
Done.
Final: Magnetisation = (-0.037083,-0.526496), Energy = -1.472446 
<M> = (-0.022193,-0.560022), <E> = -1.477939 

T=0.900000	 Thermalizing iterations... 
Done.
Thermalized Magnetisation = (-0.015547,-0.543920), Energy = -1.476714 
Averaging iterations... h=0.000000,0.000000
Done.
Final: Magnetisation = (0.048468,-0.549204), Energy = -1.490029 
<M> = (-0.018386,-0.564646), <E> = -1.488044 

T=0.890000	 Thermalizing iterations... 
Done.
Thermalized Magnetisation = (-0.089574,-0.553217), Energy = -1.498233 
Averaging iterations... h=0.000000,0.000000
Done.
Final: Magnetisation = (0.027480,-0.560471), Energy = -1.498318 
<M> = (-0.035204,-0.569720), <E> = -1.496709 

T=0.880000	 Thermalizing iterations... 
Done.
Thermalized Magnetisation = (-0.083140,-0.611099), Energy = -1.506846 
Averaging iterations... h=0.000000,0.000000
Done.
Final: Magnetisation = (0.065067,-0.567817), Energy = -1.495784 
<M> = (-0.019373,-0.588164), <E> = -1.508672 

T=0.870000	 Thermalizing iterations... 
Done.
Thermalized Magnetisation = (-0.026894,-0.623151), Energy = -1.536465 
Averaging iterations... h=0.000000,0.000000
Done.
Final: Magnetisation = (-0.044975,-0.586567), Energy = -1.533627 
<M> = (-0.028191,-0.601473), <E> = -1.519574 

T=0.860000	 Thermalizing iterations... 
Done.
Thermalized Magnetisation = (0.042241,-0.640177), Energy = -1.555874 
Averaging iterations... h=0.000000,0.000000
Done.
Final: Magnetisation = (0.001238,-0.582040), Energy = -1.533497 
<M> = (-0.026502,-0.612153), <E> = -1.530002 

T=0.850000	 Thermalizing iterations... 
Done.
Thermalized Magnetisation = (-0.081458,-0.622553), Energy = -1.532221 
Averaging iterations... h=0.000000,0.000000
Done.
Final: Magnetisation = (-0.063860,-0.634211), Energy = -1.536079 
<M> = (-0.021739,-0.622959), <E> = -1.539023 

T=0.840000	 Thermalizing iterations... 
Done.
Thermalized Magnetisation = (-0.038931,-0.649662), Energy = -1.563755 
Averaging iterations... h=0.000000,0.000000
Done.
Final: Magnetisation = (-0.011919,-0.660625), Energy = -1.579373 
<M> = (-0.015476,-0.626743), <E> = -1.547466 

T=0.830000	 Thermalizing iterations... 
Done.
Thermalized Magnetisation = (-0.010375,-0.627714), Energy = -1.551202 
Averaging iterations... h=0.000000,0.000000
Done.
Final: Magnetisation = (0.000084,-0.624585), Energy = -1.556758 
<M> = (-0.019292,-0.625817), <E> = -1.555255 

T=0.820000	 Thermalizing iterations... 
Done.
Thermalized Magnetisation = (-0.064827,-0.619450), Energy = -1.541465 
Averaging iterations... h=0.000000,0.000000
Done.
Final: Magnetisation = (-0.022308,-0.661585), Energy = -1.563993 
<M> = (-0.024365,-0.632016), <E> = -1.563093 

T=0.810000	 Thermalizing iterations... 
Done.
Thermalized Magnetisation = (-0.052042,-0.667578), Energy = -1.545557 
Averaging iterations... h=0.000000,0.000000
Done.
Final: Magnetisation = (-0.067886,-0.631899), Energy = -1.557443 
<M> = (-0.021451,-0.644513), <E> = -1.572965 

T=0.800000	 Thermalizing iterations... 
Done.
Thermalized Magnetisation = (-0.044716,-0.663962), Energy = -1.587239 
Averaging iterations... h=0.000000,0.000000
Done.
Final: Magnetisation = (-0.047098,-0.645589), Energy = -1.574528 
<M> = (-0.029752,-0.649251), <E> = -1.581469 

T=0.790000	 Thermalizing iterations... 
Done.
Thermalized Magnetisation = (-0.071571,-0.680827), Energy = -1.589250 
Averaging iterations... h=0.000000,0.000000
Done.
Final: Magnetisation = (-0.063841,-0.630542), Energy = -1.612045 
<M> = (-0.031728,-0.654986), <E> = -1.590329 

T=0.780000	 Thermalizing iterations... 
Done.
Thermalized Magnetisation = (-0.033751,-0.650624), Energy = -1.584934 
Averaging iterations... h=0.000000,0.000000
Done.
Final: Magnetisation = (0.003973,-0.667758), Energy = -1.590193 
<M> = (-0.027419,-0.662584), <E> = -1.598671 

T=0.770000	 Thermalizing iterations... 
Done.
Thermalized Magnetisation = (0.014282,-0.653718), Energy = -1.594444 
Averaging iterations... h=0.000000,0.000000
Done.
Final: Magnetisation = (-0.082717,-0.643943), Energy = -1.587795 
<M> = (-0.013423,-0.669055), <E> = -1.606201 

T=0.760000	 Thermalizing iterations... 
Done.
Thermalized Magnetisation = (-0.065130,-0.679031), Energy = -1.603188 
Averaging iterations... h=0.000000,0.000000
Done.
Final: Magnetisation = (0.053535,-0.680937), Energy = -1.624702 
<M> = (-0.022282,-0.670623), <E> = -1.613288 

T=0.750000	 Thermalizing iterations... 
Done.
Thermalized Magnetisation = (0.030113,-0.653054), Energy = -1.614705 
Averaging iterations... h=0.000000,0.000000
Done.
Final: Magnetisation = (-0.039292,-0.680365), Energy = -1.613917 
<M> = (-0.014577,-0.672966), <E> = -1.620735 

T=0.740000	 Thermalizing iterations... 
Done.
Thermalized Magnetisation = (-0.030760,-0.695275), Energy = -1.642540 
Averaging iterations... h=0.000000,0.000000
Done.
Final: Magnetisation = (-0.047559,-0.665398), Energy = -1.622141 
<M> = (-0.023839,-0.677538), <E> = -1.627929 

T=0.730000	 Thermalizing iterations... 
Done.
Thermalized Magnetisation = (-0.007051,-0.663901), Energy = -1.634584 
Averaging iterations... h=0.000000,0.000000
Done.
Final: Magnetisation = (-0.022886,-0.668867), Energy = -1.629148 
<M> = (-0.024032,-0.683770), <E> = -1.635989 

T=0.720000	 Thermalizing iterations... 
Done.
Thermalized Magnetisation = (0.017084,-0.694627), Energy = -1.631019 
Averaging iterations... h=0.000000,0.000000
Done.
Final: Magnetisation = (0.053944,-0.700196), Energy = -1.648960 
<M> = (-0.024032,-0.687633), <E> = -1.643645 

T=0.710000	 Thermalizing iterations... 
Done.
Thermalized Magnetisation = (-0.003514,-0.707950), Energy = -1.654524 
Averaging iterations... h=0.000000,0.000000
Done.
Final: Magnetisation = (-0.056752,-0.704250), Energy = -1.670333 
<M> = (-0.033826,-0.696097), <E> = -1.651111 

T=0.700000	 Thermalizing iterations... 
Done.
Thermalized Magnetisation = (-0.040232,-0.698914), Energy = -1.655190 
Averaging iterations... h=0.000000,0.000000
Done.
Final: Magnetisation = (-0.094050,-0.685134), Energy = -1.661130 
<M> = (-0.021321,-0.701061), <E> = -1.658493 

T=0.690000	 Thermalizing iterations... 
Done.
Thermalized Magnetisation = (-0.057181,-0.690048), Energy = -1.658609 
Averaging iterations... h=0.000000,0.000000
Done.
Final: Magnetisation = (-0.037914,-0.733682), Energy = -1.665756 
<M> = (-0.015700,-0.703780), <E> = -1.665353 

T=0.680000	 Thermalizing iterations... 
Done.
Thermalized Magnetisation = (-0.081199,-0.694963), Energy = -1.657336 
Averaging iterations... h=0.000000,0.000000
Done.
Final: Magnetisation = (-0.050080,-0.715214), Energy = -1.674834 
<M> = (-0.014446,-0.704340), <E> = -1.671266 

T=0.670000	 Thermalizing iterations... 
Done.
Thermalized Magnetisation = (0.005695,-0.709671), Energy = -1.670489 
Averaging iterations... h=0.000000,0.000000
Done.
Final: Magnetisation = (0.027082,-0.713973), Energy = -1.686647 
<M> = (-0.016376,-0.707577), <E> = -1.678269 

T=0.660000	 Thermalizing iterations... 
Done.
Thermalized Magnetisation = (-0.041271,-0.697461), Energy = -1.677277 
Averaging iterations... h=0.000000,0.000000
Done.
Final: Magnetisation = (-0.049259,-0.698056), Energy = -1.691358 
<M> = (-0.017679,-0.713479), <E> = -1.685674 

T=0.650000	 Thermalizing iterations... 
Done.
Thermalized Magnetisation = (-0.068038,-0.707956), Energy = -1.691184 
Averaging iterations... h=0.000000,0.000000
Done.
Final: Magnetisation = (-0.022049,-0.721115), Energy = -1.676656 
<M> = (-0.023007,-0.714755), <E> = -1.692255 

T=0.640000	 Thermalizing iterations... 
Done.
Thermalized Magnetisation = (-0.022071,-0.747039), Energy = -1.709865 
Averaging iterations... h=0.000000,0.000000
Done.
Final: Magnetisation = (0.022619,-0.726924), Energy = -1.709096 
<M> = (-0.025026,-0.720168), <E> = -1.699403 

T=0.630000	 Thermalizing iterations... 
Done.
Thermalized Magnetisation = (-0.034058,-0.733528), Energy = -1.709925 
Averaging iterations... h=0.000000,0.000000
Done.
Final: Magnetisation = (-0.104906,-0.703722), Energy = -1.698729 
<M> = (-0.022393,-0.724612), <E> = -1.706284 

T=0.620000	 Thermalizing iterations... 
Done.
Thermalized Magnetisation = (-0.044806,-0.745561), Energy = -1.716075 
Averaging iterations... h=0.000000,0.000000
Done.
Final: Magnetisation = (0.005342,-0.724207), Energy = -1.709628 
<M> = (-0.016770,-0.729722), <E> = -1.712534 

T=0.610000	 Thermalizing iterations... 
Done.
Thermalized Magnetisation = (0.006430,-0.734921), Energy = -1.715517 
Averaging iterations... h=0.000000,0.000000
Done.
Final: Magnetisation = (-0.051845,-0.727997), Energy = -1.714434 
<M> = (-0.020220,-0.730882), <E> = -1.718699 

T=0.600000	 Thermalizing iterations... 
Done.
Thermalized Magnetisation = (0.026744,-0.714038), Energy = -1.716695 
Averaging iterations... h=0.000000,0.000000
Done.
Final: Magnetisation = (-0.007471,-0.732250), Energy = -1.732045 
<M> = (-0.014769,-0.733683), <E> = -1.724819 

T=0.590000	 Thermalizing iterations... 
Done.
Thermalized Magnetisation = (-0.048808,-0.733011), Energy = -1.724329 
Averaging iterations... h=0.000000,0.000000
Done.
Final: Magnetisation = (0.006436,-0.747888), Energy = -1.731444 
<M> = (-0.019817,-0.734344), <E> = -1.730926 

T=0.580000	 Thermalizing iterations... 
Done.
Thermalized Magnetisation = (0.026053,-0.733628), Energy = -1.745679 
Averaging iterations... h=0.000000,0.000000
Done.
Final: Magnetisation = (-0.002423,-0.741031), Energy = -1.746900 
<M> = (-0.022956,-0.740510), <E> = -1.737910 

T=0.570000	 Thermalizing iterations... 
Done.
Thermalized Magnetisation = (-0.038992,-0.741695), Energy = -1.752652 
Averaging iterations... h=0.000000,0.000000
Done.
Final: Magnetisation = (0.013275,-0.743694), Energy = -1.747238 
<M> = (-0.021502,-0.743778), <E> = -1.744533 

T=0.560000	 Thermalizing iterations... 
Done.
Thermalized Magnetisation = (-0.032787,-0.742348), Energy = -1.752106 
Averaging iterations... h=0.000000,0.000000
Done.
Final: Magnetisation = (0.020192,-0.737177), Energy = -1.750926 
<M> = (-0.026424,-0.749377), <E> = -1.750932 

T=0.550000	 Thermalizing iterations... 
Done.
Thermalized Magnetisation = (-0.016352,-0.759324), Energy = -1.760488 
Averaging iterations... h=0.000000,0.000000
Done.
Final: Magnetisation = (-0.047121,-0.741919), Energy = -1.756173 
<M> = (-0.029605,-0.752235), <E> = -1.757208 

T=0.540000	 Thermalizing iterations... 
Done.
Thermalized Magnetisation = (-0.030452,-0.740245), Energy = -1.760349 
Averaging iterations... h=0.000000,0.000000
Done.
Final: Magnetisation = (-0.009821,-0.756960), Energy = -1.755866 
<M> = (-0.018471,-0.754939), <E> = -1.762876 

T=0.530000	 Thermalizing iterations... 
Done.
Thermalized Magnetisation = (0.002758,-0.754956), Energy = -1.768039 
Averaging iterations... h=0.000000,0.000000
Done.
Final: Magnetisation = (-0.001284,-0.763149), Energy = -1.780802 
<M> = (-0.021402,-0.755069), <E> = -1.768812 

T=0.520000	 Thermalizing iterations... 
Done.
Thermalized Magnetisation = (-0.062640,-0.727712), Energy = -1.778347 
Averaging iterations... h=0.000000,0.000000
Done.
Final: Magnetisation = (-0.055038,-0.759999), Energy = -1.770176 
<M> = (-0.026091,-0.758897), <E> = -1.774686 

T=0.510000	 Thermalizing iterations... 
Done.
Thermalized Magnetisation = (-0.039683,-0.758165), Energy = -1.780826 
Averaging iterations... h=0.000000,0.000000
Done.
Final: Magnetisation = (-0.009429,-0.765786), Energy = -1.782686 
<M> = (-0.019326,-0.763462), <E> = -1.781034 

T=0.500000	 Thermalizing iterations... 
Done.
Thermalized Magnetisation = (-0.060806,-0.764637), Energy = -1.791628 
Averaging iterations... h=0.000000,0.000000
Done.
Final: Magnetisation = (-0.073901,-0.766756), Energy = -1.795391 
<M> = (-0.028697,-0.767790), <E> = -1.787395 

T=0.490000	 Thermalizing iterations... 
Done.
Thermalized Magnetisation = (-0.027730,-0.778922), Energy = -1.787770 
Averaging iterations... h=0.000000,0.000000
Done.
Final: Magnetisation = (0.018188,-0.779145), Energy = -1.787579 
<M> = (-0.021053,-0.770940), <E> = -1.793637 

T=0.480000	 Thermalizing iterations... 
Done.
Thermalized Magnetisation = (0.022286,-0.772762), Energy = -1.802842 
Averaging iterations... h=0.000000,0.000000
Done.
Final: Magnetisation = (-0.047812,-0.749829), Energy = -1.792610 
<M> = (-0.023480,-0.775729), <E> = -1.799448 

T=0.470000	 Thermalizing iterations... 
Done.
Thermalized Magnetisation = (0.030088,-0.787612), Energy = -1.808534 
Averaging iterations... h=0.000000,0.000000
Done.
Final: Magnetisation = (-0.035988,-0.775503), Energy = -1.807310 
<M> = (-0.016007,-0.777236), <E> = -1.805193 

T=0.460000	 Thermalizing iterations... 
Done.
Thermalized Magnetisation = (0.025874,-0.780332), Energy = -1.804621 
Averaging iterations... h=0.000000,0.000000
Done.
Final: Magnetisation = (-0.034160,-0.785496), Energy = -1.797688 
<M> = (-0.015355,-0.777038), <E> = -1.810836 

T=0.450000	 Thermalizing iterations... 
Done.
Thermalized Magnetisation = (-0.003735,-0.771753), Energy = -1.821259 
Averaging iterations... h=0.000000,0.000000
Done.
Final: Magnetisation = (0.000344,-0.780079), Energy = -1.811923 
<M> = (-0.021635,-0.781255), <E> = -1.816724 

T=0.440000	 Thermalizing iterations... 
Done.
Thermalized Magnetisation = (-0.015144,-0.791627), Energy = -1.825726 
Averaging iterations... h=0.000000,0.000000
Done.
Final: Magnetisation = (-0.042559,-0.783836), Energy = -1.824388 
<M> = (-0.019905,-0.783926), <E> = -1.822417 

T=0.430000	 Thermalizing iterations... 
Done.
Thermalized Magnetisation = (-0.054880,-0.806336), Energy = -1.832622 
Averaging iterations... h=0.000000,0.000000
Done.
Final: Magnetisation = (-0.048552,-0.776231), Energy = -1.823515 
<M> = (-0.022078,-0.786874), <E> = -1.828425 

T=0.420000	 Thermalizing iterations... 
Done.
Thermalized Magnetisation = (-0.012745,-0.791317), Energy = -1.832667 
Averaging iterations... h=0.000000,0.000000
Done.
Final: Magnetisation = (-0.022106,-0.774066), Energy = -1.830058 
<M> = (-0.021791,-0.792835), <E> = -1.834295 

T=0.410000	 Thermalizing iterations... 
Done.
Thermalized Magnetisation = (0.017302,-0.790868), Energy = -1.839987 
Averaging iterations... h=0.000000,0.000000
Done.
Final: Magnetisation = (-0.008200,-0.782678), Energy = -1.839235 
<M> = (-0.022353,-0.795372), <E> = -1.840377 

T=0.400000	 Thermalizing iterations... 
Done.
Thermalized Magnetisation = (-0.039442,-0.789133), Energy = -1.836526 
Averaging iterations... h=0.000000,0.000000
Done.
Final: Magnetisation = (-0.012182,-0.796064), Energy = -1.844267 
<M> = (-0.020613,-0.797062), <E> = -1.845971 

T=0.390000	 Thermalizing iterations... 
Done.
Thermalized Magnetisation = (-0.050165,-0.793525), Energy = -1.849651 
Averaging iterations... h=0.000000,0.000000
Done.
Final: Magnetisation = (-0.006479,-0.802158), Energy = -1.843641 
<M> = (-0.018478,-0.799429), <E> = -1.851252 

T=0.380000	 Thermalizing iterations... 
Done.
Thermalized Magnetisation = (-0.044148,-0.796889), Energy = -1.852530 
Averaging iterations... h=0.000000,0.000000
Done.
Final: Magnetisation = (-0.005618,-0.798204), Energy = -1.855935 
<M> = (-0.016067,-0.801475), <E> = -1.856916 

T=0.370000	 Thermalizing iterations... 
Done.
Thermalized Magnetisation = (0.006523,-0.805643), Energy = -1.868091 
Averaging iterations... h=0.000000,0.000000
Done.
Final: Magnetisation = (-0.003337,-0.804998), Energy = -1.863712 
<M> = (-0.016579,-0.804791), <E> = -1.862630 

T=0.360000	 Thermalizing iterations... 
Done.
Thermalized Magnetisation = (-0.023151,-0.815974), Energy = -1.871566 
Averaging iterations... h=0.000000,0.000000
Done.
Final: Magnetisation = (0.000940,-0.811738), Energy = -1.869812 
<M> = (-0.021839,-0.805770), <E> = -1.868158 

T=0.350000	 Thermalizing iterations... 
Done.
Thermalized Magnetisation = (-0.014680,-0.794922), Energy = -1.866180 
Averaging iterations... h=0.000000,0.000000
Done.
Final: Magnetisation = (-0.027591,-0.805261), Energy = -1.872141 
<M> = (-0.023405,-0.810545), <E> = -1.873881 

T=0.340000	 Thermalizing iterations... 
Done.
Thermalized Magnetisation = (0.003213,-0.824841), Energy = -1.880248 
Averaging iterations... h=0.000000,0.000000
Done.
Final: Magnetisation = (0.011657,-0.803247), Energy = -1.876351 
<M> = (-0.021558,-0.815198), <E> = -1.879731 

T=0.330000	 Thermalizing iterations... 
Done.
Thermalized Magnetisation = (-0.045502,-0.811346), Energy = -1.884024 
Averaging iterations... h=0.000000,0.000000
Done.
Final: Magnetisation = (-0.041776,-0.819184), Energy = -1.888888 
<M> = (-0.024328,-0.817718), <E> = -1.885204 

T=0.320000	 Thermalizing iterations... 
Done.
Thermalized Magnetisation = (-0.022887,-0.811754), Energy = -1.887210 
Averaging iterations... h=0.000000,0.000000
Done.
Final: Magnetisation = (-0.006131,-0.830265), Energy = -1.894861 
<M> = (-0.016764,-0.819625), <E> = -1.890722 

T=0.310000	 Thermalizing iterations... 
Done.
Thermalized Magnetisation = (-0.011207,-0.825559), Energy = -1.892184 
Averaging iterations... h=0.000000,0.000000
Done.
Final: Magnetisation = (-0.020914,-0.825379), Energy = -1.893501 
<M> = (-0.021937,-0.820781), <E> = -1.896119 

T=0.300000	 Thermalizing iterations... 
Done.
Thermalized Magnetisation = (-0.019521,-0.817104), Energy = -1.901956 
Averaging iterations... h=0.000000,0.000000
Done.
Final: Magnetisation = (-0.035287,-0.822513), Energy = -1.900848 
<M> = (-0.024175,-0.824726), <E> = -1.901539 

T=0.290000	 Thermalizing iterations... 
Done.
Thermalized Magnetisation = (-0.009336,-0.823195), Energy = -1.907682 
Averaging iterations... h=0.000000,0.000000
Done.
Final: Magnetisation = (-0.018570,-0.828123), Energy = -1.908641 
<M> = (-0.023618,-0.825437), <E> = -1.907042 

T=0.280000	 Thermalizing iterations... 
Done.
Thermalized Magnetisation = (-0.033481,-0.829719), Energy = -1.911836 
Averaging iterations... h=0.000000,0.000000
Done.
Final: Magnetisation = (-0.034026,-0.828212), Energy = -1.910177 
<M> = (-0.017818,-0.829099), <E> = -1.912393 

T=0.270000	 Thermalizing iterations... 
Done.
Thermalized Magnetisation = (-0.040847,-0.837279), Energy = -1.918895 
Averaging iterations... h=0.000000,0.000000
Done.
Final: Magnetisation = (0.008574,-0.838094), Energy = -1.917943 
<M> = (-0.022060,-0.833364), <E> = -1.918031 

T=0.260000	 Thermalizing iterations... 
Done.
Thermalized Magnetisation = (-0.043101,-0.830258), Energy = -1.923792 
Averaging iterations... h=0.000000,0.000000
Done.
Final: Magnetisation = (-0.028261,-0.830439), Energy = -1.923027 
<M> = (-0.019633,-0.836330), <E> = -1.923449 

T=0.250000	 Thermalizing iterations... 
Done.
Thermalized Magnetisation = (-0.010484,-0.838922), Energy = -1.930311 
Averaging iterations... h=0.000000,0.000000
Done.
Final: Magnetisation = (0.009085,-0.837214), Energy = -1.932690 
<M> = (-0.021218,-0.837821), <E> = -1.928686 

T=0.240000	 Thermalizing iterations... 
Done.
Thermalized Magnetisation = (-0.027334,-0.833285), Energy = -1.935871 
Averaging iterations... h=0.000000,0.000000
Done.
Final: Magnetisation = (-0.018298,-0.850105), Energy = -1.936251 
<M> = (-0.020527,-0.840863), <E> = -1.934083 

T=0.230000	 Thermalizing iterations... 
Done.
Thermalized Magnetisation = (-0.030132,-0.840256), Energy = -1.941243 
Averaging iterations... h=0.000000,0.000000
Done.
Final: Magnetisation = (-0.056132,-0.837531), Energy = -1.938521 
<M> = (-0.023124,-0.842067), <E> = -1.939493 

T=0.220000	 Thermalizing iterations... 
Done.
Thermalized Magnetisation = (0.002306,-0.846869), Energy = -1.944563 
Averaging iterations... h=0.000000,0.000000
Done.
Final: Magnetisation = (-0.009035,-0.835646), Energy = -1.941624 
<M> = (-0.020979,-0.844623), <E> = -1.944658 

T=0.210000	 Thermalizing iterations... 
Done.
Thermalized Magnetisation = (-0.038519,-0.847448), Energy = -1.948556 
Averaging iterations... h=0.000000,0.000000
Done.
Final: Magnetisation = (-0.019685,-0.849917), Energy = -1.952218 
<M> = (-0.024655,-0.846975), <E> = -1.950011 

T=0.200000	 Thermalizing iterations... 
Done.
Thermalized Magnetisation = (-0.008318,-0.849831), Energy = -1.953955 
Averaging iterations... h=0.000000,0.000000
Done.
Final: Magnetisation = (-0.017482,-0.854717), Energy = -1.951999 
<M> = (-0.019654,-0.849818), <E> = -1.955521 

T=0.190000	 Thermalizing iterations... 
Done.
Thermalized Magnetisation = (-0.022089,-0.849236), Energy = -1.959467 
Averaging iterations... h=0.000000,0.000000
Done.
Final: Magnetisation = (-0.018508,-0.853087), Energy = -1.962968 
<M> = (-0.017848,-0.853680), <E> = -1.960761 

T=0.180000	 Thermalizing iterations... 
Done.
Thermalized Magnetisation = (-0.030244,-0.864085), Energy = -1.967979 
Averaging iterations... h=0.000000,0.000000
Done.
Final: Magnetisation = (-0.032934,-0.855929), Energy = -1.968140 
<M> = (-0.020705,-0.855915), <E> = -1.965987 

T=0.170000	 Thermalizing iterations... 
Done.
Thermalized Magnetisation = (-0.023531,-0.859798), Energy = -1.967481 
Averaging iterations... h=0.000000,0.000000
Done.
Final: Magnetisation = (-0.037646,-0.860873), Energy = -1.970069 
<M> = (-0.021933,-0.858044), <E> = -1.971200 

T=0.160000	 Thermalizing iterations... 
Done.
Thermalized Magnetisation = (-0.012402,-0.860833), Energy = -1.977894 
Averaging iterations... h=0.000000,0.000000
Done.
Final: Magnetisation = (-0.019614,-0.865852), Energy = -1.977517 
<M> = (-0.021454,-0.859813), <E> = -1.976390 

T=0.150000	 Thermalizing iterations... 
Done.
Thermalized Magnetisation = (0.000164,-0.858509), Energy = -1.982824 
Averaging iterations... h=0.000000,0.000000
Done.
Final: Magnetisation = (-0.022151,-0.869421), Energy = -1.981076 
<M> = (-0.020100,-0.862088), <E> = -1.981608 

T=0.140000	 Thermalizing iterations... 
Done.
Thermalized Magnetisation = (-0.040270,-0.866114), Energy = -1.986462 
Averaging iterations... h=0.000000,0.000000
Done.
Final: Magnetisation = (-0.017574,-0.865538), Energy = -1.988065 
<M> = (-0.022920,-0.865590), <E> = -1.986775 

T=0.130000	 Thermalizing iterations... 
Done.
Thermalized Magnetisation = (-0.037963,-0.865482), Energy = -1.994411 
Averaging iterations... h=0.000000,0.000000
Done.
Final: Magnetisation = (-0.060391,-0.868401), Energy = -1.992170 
<M> = (-0.020438,-0.868556), <E> = -1.991985 

T=0.120000	 Thermalizing iterations... 
Done.
Thermalized Magnetisation = (-0.004355,-0.871687), Energy = -1.995273 
Averaging iterations... h=0.000000,0.000000
Done.
Final: Magnetisation = (-0.022921,-0.870683), Energy = -1.997560 
<M> = (-0.019684,-0.869458), <E> = -1.997222 

T=0.110000	 Thermalizing iterations... 
Done.
Thermalized Magnetisation = (-0.032820,-0.871918), Energy = -2.003436 
Averaging iterations... h=0.000000,0.000000
Done.
Final: Magnetisation = (-0.025073,-0.873318), Energy = -2.002899 
<M> = (-0.020944,-0.872367), <E> = -2.002370 

T=0.100000	 Thermalizing iterations... 
Done.
Thermalized Magnetisation = (-0.016127,-0.872302), Energy = -2.008784 
Averaging iterations... h=0.000000,0.000000
Done.
Final: Magnetisation = (-0.032757,-0.878389), Energy = -2.007762 
<M> = (-0.025543,-0.875513), <E> = -2.007434 

T=0.090000	 Thermalizing iterations... 
Done.
Thermalized Magnetisation = (-0.002946,-0.879624), Energy = -2.011686 
Averaging iterations... h=0.000000,0.000000
Done.
Final: Magnetisation = (-0.022465,-0.881920), Energy = -2.012314 
<M> = (-0.019960,-0.877485), <E> = -2.012582 

T=0.080000	 Thermalizing iterations... 
Done.
Thermalized Magnetisation = (-0.009854,-0.878861), Energy = -2.018567 
Averaging iterations... h=0.000000,0.000000
Done.
Final: Magnetisation = (-0.017613,-0.877247), Energy = -2.018612 
<M> = (-0.017336,-0.879998), <E> = -2.017665 

T=0.070000	 Thermalizing iterations... 
Done.
Thermalized Magnetisation = (-0.026862,-0.883944), Energy = -2.023103 
Averaging iterations... h=0.000000,0.000000
Done.
Final: Magnetisation = (-0.003903,-0.885531), Energy = -2.023597 
<M> = (-0.020428,-0.882083), <E> = -2.022759 

T=0.060000	 Thermalizing iterations... 
Done.
Thermalized Magnetisation = (-0.030036,-0.885091), Energy = -2.027644 
Averaging iterations... h=0.000000,0.000000
Done.
Final: Magnetisation = (-0.027489,-0.884701), Energy = -2.027629 
<M> = (-0.019600,-0.885178), <E> = -2.027891 

T=0.050000	 Thermalizing iterations... 
Done.
Thermalized Magnetisation = (-0.024793,-0.886202), Energy = -2.033426 
Averaging iterations... h=0.000000,0.000000
Done.
Final: Magnetisation = (-0.018873,-0.881830), Energy = -2.032813 
<M> = (-0.020271,-0.886200), <E> = -2.032967 

T=0.040000	 Thermalizing iterations... 
Done.
Thermalized Magnetisation = (-0.021324,-0.888094), Energy = -2.037889 
Averaging iterations... h=0.000000,0.000000
Done.
Final: Magnetisation = (-0.023029,-0.887746), Energy = -2.037982 
<M> = (-0.019170,-0.889639), <E> = -2.038016 

T=0.030000	 Thermalizing iterations... 
Done.
Thermalized Magnetisation = (-0.023290,-0.891666), Energy = -2.043259 
Averaging iterations... h=0.000000,0.000000
Done.
Final: Magnetisation = (-0.025519,-0.892321), Energy = -2.042884 
<M> = (-0.020822,-0.891664), <E> = -2.043073 

T=0.020000	 Thermalizing iterations... 
Done.
Thermalized Magnetisation = (-0.017123,-0.893879), Energy = -2.048061 
Averaging iterations... h=0.000000,0.000000
Done.
Final: Magnetisation = (-0.018638,-0.895311), Energy = -2.048437 
<M> = (-0.019063,-0.894907), <E> = -2.048098 

T=0.010000	 Thermalizing iterations... 
Done.
Thermalized Magnetisation = (-0.021791,-0.894701), Energy = -2.053074 
Averaging iterations... h=0.000000,0.000000
Done.
Final: Magnetisation = (-0.018501,-0.895892), Energy = -2.053002 
<M> = (-0.019287,-0.896140), <E> = -2.053097 
Final Magnetisation = (-0.018501,-0.895892), Energy = -2.053002 
------------------------

Updating all (first)black/(then)white checkerboard sites simultaneously.. 

ztne RFXY h rotating with |h|=0.000000 at T=0.000000..
loop 1

loop 2

CPU  Start Time = 5587036.837693 

CPU  End Time = 5594444.530265 

CPU Time elapsed total = 7407.692572 

real	123m27.762s
user	1973m52.276s
sys	0m48.396s
