nearest neighbor initialized. 
J loaded. 
h loaded. 
L = 16, dim_L = 2, dim_S = 2
hysteresis_MCS_multiplier = 10, hysteresis_MCS_max = 100
RAND_MAX = 2147483647.000000,
 sizeof(int) = 4,
 sizeof(long) = 8,
 sizeof(double) = 8,
 sizeof(long int) = 8,
 sizeof(short int) = 2,
 sizeof(unsigned int) = 4,
 sizeof(RAND_MAX) = 4

OpenMP Active.

No. of THREADS = 24
No. of PROCESSORS = 24

-0.067272,-0.015625
order = ({1.000000-->-1.000000,0.000000}, 0, 1)
Initial Magnetisation = (-0.067272,-0.015625), Energy = 0.151430 
Cooling... 
T=2.000000	 Thermalizing iterations... 
Done.
Thermalized Magnetisation = (0.317079,-0.082027), Energy = -1.111199 
Averaging iterations... h=0.071429,0.000000
Done.
Final: Magnetisation = (-0.245265,0.246786), Energy = -1.078627 
<M> = (0.067160,0.014216), <E> = -0.930147 

T=1.950000	 Thermalizing iterations... 
Done.
Thermalized Magnetisation = (-0.232343,-0.413892), Energy = -1.248614 
Averaging iterations... h=0.071429,0.000000
Done.
Final: Magnetisation = (-0.298248,0.191938), Energy = -0.837861 
<M> = (0.067781,0.005594), <E> = -0.941791 

T=1.900000	 Thermalizing iterations... 
Done.
Thermalized Magnetisation = (0.185397,0.122467), Energy = -1.043203 
Averaging iterations... h=0.071429,0.000000
Done.
Final: Magnetisation = (0.251973,0.039334), Energy = -0.902041 
<M> = (0.072576,0.016650), <E> = -0.964035 

T=1.850000	 Thermalizing iterations... 
Done.
Thermalized Magnetisation = (-0.075437,-0.096033), Energy = -1.004043 
Averaging iterations... h=0.071429,0.000000
Done.
Final: Magnetisation = (-0.273518,0.363882), Energy = -0.770988 
<M> = (0.096513,0.011601), <E> = -0.988750 

T=1.800000	 Thermalizing iterations... 
Done.
Thermalized Magnetisation = (0.324328,-0.097167), Energy = -1.144477 
Averaging iterations... h=0.071429,0.000000
Done.
Final: Magnetisation = (0.010016,0.126152), Energy = -1.203259 
<M> = (0.079936,0.010142), <E> = -0.993495 

T=1.750000	 Thermalizing iterations... 
Done.
Thermalized Magnetisation = (-0.187007,-0.039601), Energy = -0.938661 
Averaging iterations... h=0.071429,0.000000
Done.
Final: Magnetisation = (0.092069,-0.127590), Energy = -0.799656 
<M> = (0.093410,-0.013850), <E> = -1.024863 

T=1.700000	 Thermalizing iterations... 
Done.
Thermalized Magnetisation = (0.043600,-0.062604), Energy = -0.996345 
Averaging iterations... h=0.071429,0.000000
Done.
Final: Magnetisation = (-0.056412,0.154333), Energy = -0.604906 
<M> = (0.088614,0.006431), <E> = -1.039733 

T=1.650000	 Thermalizing iterations... 
Done.
Thermalized Magnetisation = (-0.038002,0.448326), Energy = -1.316352 
Averaging iterations... h=0.071429,0.000000
Done.
Final: Magnetisation = (0.472670,-0.180347), Energy = -1.437417 
<M> = (0.092971,-0.014546), <E> = -1.056540 

T=1.600000	 Thermalizing iterations... 
Done.
Thermalized Magnetisation = (0.023531,0.131033), Energy = -0.692349 
Averaging iterations... h=0.071429,0.000000
Done.
Final: Magnetisation = (0.449749,-0.069539), Energy = -1.030469 
<M> = (0.099572,-0.013744), <E> = -1.083174 

T=1.550000	 Thermalizing iterations... 
Done.
Thermalized Magnetisation = (0.502893,0.216567), Energy = -1.295854 
Averaging iterations... h=0.071429,0.000000
Done.
Final: Magnetisation = (-0.087762,0.106311), Energy = -1.021420 
<M> = (0.104217,-0.012850), <E> = -1.099849 

T=1.500000	 Thermalizing iterations... 
Done.
Thermalized Magnetisation = (-0.287981,0.177456), Energy = -1.184662 
Averaging iterations... h=0.071429,0.000000
Done.
Final: Magnetisation = (0.216769,0.063245), Energy = -0.904494 
<M> = (0.122098,-0.007010), <E> = -1.131987 

T=1.450000	 Thermalizing iterations... 
Done.
Thermalized Magnetisation = (0.238229,0.403240), Energy = -1.274950 
Averaging iterations... h=0.071429,0.000000
Done.
Final: Magnetisation = (0.079660,0.218730), Energy = -1.305507 
<M> = (0.127675,0.007403), <E> = -1.157479 

T=1.400000	 Thermalizing iterations... 
Done.
Thermalized Magnetisation = (-0.021273,-0.022815), Energy = -1.220638 
Averaging iterations... h=0.071429,0.000000
Done.
Final: Magnetisation = (0.444260,-0.265823), Energy = -1.341094 
<M> = (0.144666,-0.009126), <E> = -1.187394 

T=1.350000	 Thermalizing iterations... 
Done.
Thermalized Magnetisation = (0.466164,-0.089676), Energy = -1.381149 
Averaging iterations... h=0.071429,0.000000
Done.
Final: Magnetisation = (0.345748,-0.028656), Energy = -1.440700 
<M> = (0.161077,-0.004172), <E> = -1.213700 

T=1.300000	 Thermalizing iterations... 
Done.
Thermalized Magnetisation = (0.629563,0.021779), Energy = -1.547965 
Averaging iterations... h=0.071429,0.000000
Done.
Final: Magnetisation = (0.333559,0.274849), Energy = -1.230787 
<M> = (0.166944,0.020529), <E> = -1.238159 

T=1.250000	 Thermalizing iterations... 
Done.
Thermalized Magnetisation = (0.172178,-0.488967), Energy = -1.375395 
Averaging iterations... h=0.071429,0.000000
Done.
Final: Magnetisation = (0.153958,-0.013842), Energy = -1.135404 
<M> = (0.186713,0.004337), <E> = -1.266886 

T=1.200000	 Thermalizing iterations... 
Done.
Thermalized Magnetisation = (0.276122,-0.247996), Energy = -1.202823 
Averaging iterations... h=0.071429,0.000000
Done.
Final: Magnetisation = (0.313809,0.122659), Energy = -1.165058 
<M> = (0.227973,0.049107), <E> = -1.310450 

T=1.150000	 Thermalizing iterations... 
Done.
Thermalized Magnetisation = (0.492752,-0.188531), Energy = -1.467392 
Averaging iterations... h=0.071429,0.000000
Done.
Final: Magnetisation = (0.193418,0.070061), Energy = -1.226895 
<M> = (0.238917,0.005635), <E> = -1.332647 

T=1.100000	 Thermalizing iterations... 
Done.
Thermalized Magnetisation = (0.159486,-0.286809), Energy = -1.398688 
Averaging iterations... h=0.071429,0.000000
Done.
Final: Magnetisation = (0.434637,0.004831), Energy = -1.265479 
<M> = (0.269320,-0.005241), <E> = -1.368508 

T=1.050000	 Thermalizing iterations... 
Done.
Thermalized Magnetisation = (0.055668,0.095462), Energy = -1.107990 
Averaging iterations... h=0.071429,0.000000
Done.
Final: Magnetisation = (0.174203,0.133022), Energy = -1.312551 
<M> = (0.288482,-0.074506), <E> = -1.411099 

T=1.000000	 Thermalizing iterations... 
Done.
Thermalized Magnetisation = (0.216011,-0.063085), Energy = -1.333846 
Averaging iterations... h=0.071429,0.000000
Done.
Final: Magnetisation = (0.489822,-0.093264), Energy = -1.631635 
<M> = (0.297795,0.017395), <E> = -1.439649 

T=0.950000	 Thermalizing iterations... 
Done.
Thermalized Magnetisation = (0.057561,0.288329), Energy = -1.410240 
Averaging iterations... h=0.071429,0.000000
Done.
Final: Magnetisation = (-0.040104,-0.361875), Energy = -1.200344 
<M> = (0.378616,0.029329), <E> = -1.497041 

T=0.900000	 Thermalizing iterations... 
Done.
Thermalized Magnetisation = (0.179515,-0.607401), Energy = -1.318142 
Averaging iterations... h=0.071429,0.000000
Done.
Final: Magnetisation = (0.645683,-0.188850), Energy = -1.473984 
<M> = (0.413667,-0.030606), <E> = -1.523947 

T=0.850000	 Thermalizing iterations... 
Done.
Thermalized Magnetisation = (0.333442,0.680776), Energy = -1.677687 
Averaging iterations... h=0.071429,0.000000
Done.
Final: Magnetisation = (0.594490,0.226070), Energy = -1.541190 
<M> = (0.413029,0.033066), <E> = -1.566556 

T=0.800000	 Thermalizing iterations... 
Done.
Thermalized Magnetisation = (0.507866,0.597434), Energy = -1.723846 
Averaging iterations... h=0.071429,0.000000
Done.
Final: Magnetisation = (0.264369,0.337653), Energy = -1.422982 
<M> = (0.438678,0.121181), <E> = -1.614536 

T=0.750000	 Thermalizing iterations... 
Done.
Thermalized Magnetisation = (0.668726,-0.139448), Energy = -1.698591 
Averaging iterations... h=0.071429,0.000000
Done.
Final: Magnetisation = (0.590832,0.258009), Energy = -1.555277 
<M> = (0.526663,-0.079516), <E> = -1.653838 

T=0.700000	 Thermalizing iterations... 
Done.
Thermalized Magnetisation = (0.348994,0.131887), Energy = -1.572375 
Averaging iterations... h=0.071429,0.000000
Done.
Final: Magnetisation = (0.229434,0.278182), Energy = -1.603824 
<M> = (0.573973,-0.003999), <E> = -1.706109 

T=0.650000	 Thermalizing iterations... 
Done.
Thermalized Magnetisation = (0.595075,0.130708), Energy = -1.706320 
Averaging iterations... h=0.071429,0.000000
Done.
Final: Magnetisation = (0.757390,0.342894), Energy = -1.734265 
<M> = (0.615164,0.017495), <E> = -1.740827 

T=0.600000	 Thermalizing iterations... 
Done.
Thermalized Magnetisation = (0.350601,-0.495712), Energy = -1.662752 
Averaging iterations... h=0.071429,0.000000
Done.
Final: Magnetisation = (0.817596,-0.308805), Energy = -1.854170 
<M> = (0.620655,0.023561), <E> = -1.770145 

T=0.550000	 Thermalizing iterations... 
Done.
Thermalized Magnetisation = (0.833915,0.151209), Energy = -1.812590 
Averaging iterations... h=0.071429,0.000000
Done.
Final: Magnetisation = (0.500511,-0.569772), Energy = -1.835251 
<M> = (0.629133,0.111963), <E> = -1.804416 

T=0.500000	 Thermalizing iterations... 
Done.
Thermalized Magnetisation = (0.849485,0.018906), Energy = -1.754481 
Averaging iterations... h=0.071429,0.000000
Done.
Final: Magnetisation = (0.533618,-0.520328), Energy = -1.835123 
<M> = (0.676719,-0.018649), <E> = -1.833806 

T=0.450000	 Thermalizing iterations... 
Done.
Thermalized Magnetisation = (0.808929,0.072474), Energy = -1.907062 
Averaging iterations... h=0.071429,0.000000
Done.
Final: Magnetisation = (0.639313,-0.516185), Energy = -1.917173 
<M> = (0.705361,-0.083860), <E> = -1.866193 

T=0.400000	 Thermalizing iterations... 
Done.
Thermalized Magnetisation = (0.792491,-0.214703), Energy = -1.864371 
Averaging iterations... h=0.071429,0.000000
Done.
Final: Magnetisation = (0.612731,-0.618037), Energy = -1.837758 
<M> = (0.674386,-0.231158), <E> = -1.890548 

T=0.350000	 Thermalizing iterations... 
Done.
Thermalized Magnetisation = (0.759749,-0.427154), Energy = -1.905936 
Averaging iterations... h=0.071429,0.000000
Done.
Final: Magnetisation = (0.831555,0.198132), Energy = -1.880484 
<M> = (0.687459,0.260164), <E> = -1.919582 

T=0.300000	 Thermalizing iterations... 
Done.
Thermalized Magnetisation = (0.212429,0.811222), Energy = -1.939771 
Averaging iterations... h=0.071429,0.000000
Done.
Final: Magnetisation = (0.798711,-0.075639), Energy = -1.939560 
<M> = (0.748018,-0.035817), <E> = -1.946404 

T=0.250000	 Thermalizing iterations... 
Done.
Thermalized Magnetisation = (0.924795,0.147215), Energy = -1.987818 
Averaging iterations... h=0.071429,0.000000
Done.
Final: Magnetisation = (0.474853,-0.787588), Energy = -1.966328 
<M> = (0.755156,-0.089243), <E> = -1.973205 

T=0.200000	 Thermalizing iterations... 
Done.
Thermalized Magnetisation = (0.801385,0.458428), Energy = -2.010259 
Averaging iterations... h=0.071429,0.000000
Done.
Final: Magnetisation = (0.831809,0.373144), Energy = -2.029108 
<M> = (0.776569,0.193104), <E> = -2.001009 

T=0.150000	 Thermalizing iterations... 
Done.
Thermalized Magnetisation = (0.762496,-0.519137), Energy = -2.009803 
Averaging iterations... h=0.071429,0.000000
Done.
Final: Magnetisation = (0.865737,-0.355217), Energy = -2.041244 
<M> = (0.754810,-0.504204), <E> = -2.026374 

T=0.100000	 Thermalizing iterations... 
Done.
Thermalized Magnetisation = (0.725546,-0.593804), Energy = -2.039643 
Averaging iterations... h=0.071429,0.000000
Done.
Final: Magnetisation = (0.824542,-0.341631), Energy = -2.043792 
<M> = (0.800025,-0.448465), <E> = -2.050847 

T=0.050000	 Thermalizing iterations... 
Done.
Thermalized Magnetisation = (0.687579,-0.655369), Energy = -2.071403 
Averaging iterations... h=0.071429,0.000000
Done.
Final: Magnetisation = (0.824329,-0.455457), Energy = -2.080042 
<M> = (0.768116,-0.550038), <E> = -2.076171 
Final Magnetisation = (0.824329,-0.455457), Energy = -2.080042 
------------------------

Updating all (first)black/(then)white checkerboard sites simultaneously.. 

ztne RFXY h rotating with |h|=0.071429 at T=0.000000..
loop 1

loop 2

Cooling protocol time (from T=2.000000 to T=0.000000) = 51.121330 

CPU Time elapsed total = 51.126639 
All done - 51 seconds elapsed.
