nearest neighbor initialized. 
J loaded. 
h loaded. 
L = 16, dim_L = 2, dim_S = 2
hysteresis_MCS_multiplier = 10, hysteresis_MCS_max = 100
RAND_MAX = 2147483647.000000,
 sizeof(int) = 4,
 sizeof(long) = 8,
 sizeof(double) = 8,
 sizeof(long int) = 8,
 sizeof(short int) = 2,
 sizeof(unsigned int) = 4,
 sizeof(RAND_MAX) = 4

OpenMP Active.

No. of THREADS = 24
No. of PROCESSORS = 24

-0.069329,-0.017827
order = ({1.000000-->-1.000000,0.000000}, 0, 1)
Initial Magnetisation = (-0.069329,-0.017827), Energy = 0.165851 
Cooling... 
T=2.000000	 Thermalizing iterations... 
Done.
Thermalized Magnetisation = (0.223721,0.052795), Energy = -1.243041 
Averaging iterations... h=0.062500,0.000000
Done.
Final: Magnetisation = (0.316454,-0.078591), Energy = -0.863090 
<M> = (0.053681,0.006582), <E> = -0.913535 

T=1.950000	 Thermalizing iterations... 
Done.
Thermalized Magnetisation = (-0.031708,-0.214520), Energy = -1.144545 
Averaging iterations... h=0.062500,0.000000
Done.
Final: Magnetisation = (-0.265998,0.121856), Energy = -0.603404 
<M> = (0.048135,0.003146), <E> = -0.925405 

T=1.900000	 Thermalizing iterations... 
Done.
Thermalized Magnetisation = (0.149015,-0.128670), Energy = -1.049190 
Averaging iterations... h=0.062500,0.000000
Done.
Final: Magnetisation = (0.388180,-0.072890), Energy = -1.308412 
<M> = (0.043993,0.004114), <E> = -0.943465 

T=1.850000	 Thermalizing iterations... 
Done.
Thermalized Magnetisation = (0.123629,-0.508144), Energy = -1.037374 
Averaging iterations... h=0.062500,0.000000
Done.
Final: Magnetisation = (0.006245,0.165942), Energy = -1.007288 
<M> = (0.067996,0.006536), <E> = -0.976618 

T=1.800000	 Thermalizing iterations... 
Done.
Thermalized Magnetisation = (0.066159,0.395254), Energy = -1.215042 
Averaging iterations... h=0.062500,0.000000
Done.
Final: Magnetisation = (0.201331,0.288107), Energy = -0.931784 
<M> = (0.048107,0.016330), <E> = -0.975672 

T=1.750000	 Thermalizing iterations... 
Done.
Thermalized Magnetisation = (0.255506,-0.389180), Energy = -1.276696 
Averaging iterations... h=0.062500,0.000000
Done.
Final: Magnetisation = (-0.300117,-0.063469), Energy = -0.868919 
<M> = (0.059928,-0.007769), <E> = -0.992933 

T=1.700000	 Thermalizing iterations... 
Done.
Thermalized Magnetisation = (0.092885,-0.112560), Energy = -1.157550 
Averaging iterations... h=0.062500,0.000000
Done.
Final: Magnetisation = (-0.386447,-0.284888), Energy = -1.203302 
<M> = (0.044337,0.004855), <E> = -1.015511 

T=1.650000	 Thermalizing iterations... 
Done.
Thermalized Magnetisation = (-0.539931,0.109569), Energy = -1.070989 
Averaging iterations... h=0.062500,0.000000
Done.
Final: Magnetisation = (-0.009351,0.149793), Energy = -1.360877 
<M> = (0.055522,-0.014283), <E> = -1.048861 

T=1.600000	 Thermalizing iterations... 
Done.
Thermalized Magnetisation = (-0.016510,-0.549477), Energy = -1.067694 
Averaging iterations... h=0.062500,0.000000
Done.
Final: Magnetisation = (0.328698,0.307013), Energy = -0.967605 
<M> = (0.065543,-0.012443), <E> = -1.061924 

T=1.550000	 Thermalizing iterations... 
Done.
Thermalized Magnetisation = (0.102318,-0.153716), Energy = -0.961308 
Averaging iterations... h=0.062500,0.000000
Done.
Final: Magnetisation = (-0.094303,-0.109947), Energy = -1.134987 
<M> = (0.073660,-0.011588), <E> = -1.082437 

T=1.500000	 Thermalizing iterations... 
Done.
Thermalized Magnetisation = (-0.099806,-0.126439), Energy = -0.945840 
Averaging iterations... h=0.062500,0.000000
Done.
Final: Magnetisation = (0.481455,-0.313253), Energy = -1.358871 
<M> = (0.082453,0.002262), <E> = -1.111172 

T=1.450000	 Thermalizing iterations... 
Done.
Thermalized Magnetisation = (0.012739,0.286623), Energy = -1.237451 
Averaging iterations... h=0.062500,0.000000
Done.
Final: Magnetisation = (0.213624,0.574092), Energy = -1.445068 
<M> = (0.086087,0.000871), <E> = -1.138311 

T=1.400000	 Thermalizing iterations... 
Done.
Thermalized Magnetisation = (-0.071309,-0.575480), Energy = -1.256461 
Averaging iterations... h=0.062500,0.000000
Done.
Final: Magnetisation = (-0.213850,0.339570), Energy = -1.319305 
<M> = (0.083949,-0.012833), <E> = -1.163578 

T=1.350000	 Thermalizing iterations... 
Done.
Thermalized Magnetisation = (0.212555,0.498827), Energy = -1.236625 
Averaging iterations... h=0.062500,0.000000
Done.
Final: Magnetisation = (0.326273,0.231808), Energy = -1.282885 
<M> = (0.094534,0.006191), <E> = -1.186311 

T=1.300000	 Thermalizing iterations... 
Done.
Thermalized Magnetisation = (0.368748,-0.228286), Energy = -1.241980 
Averaging iterations... h=0.062500,0.000000
Done.
Final: Magnetisation = (-0.500608,-0.065778), Energy = -1.155777 
<M> = (0.132496,-0.003561), <E> = -1.221740 

T=1.250000	 Thermalizing iterations... 
Done.
Thermalized Magnetisation = (0.764552,-0.317708), Energy = -1.713369 
Averaging iterations... h=0.062500,0.000000
Done.
Final: Magnetisation = (0.153286,0.050561), Energy = -1.103473 
<M> = (0.096059,-0.015423), <E> = -1.237761 

T=1.200000	 Thermalizing iterations... 
Done.
Thermalized Magnetisation = (0.258726,-0.217524), Energy = -1.165782 
Averaging iterations... h=0.062500,0.000000
Done.
Final: Magnetisation = (-0.310454,-0.063105), Energy = -1.294360 
<M> = (0.152465,0.044150), <E> = -1.277271 

T=1.150000	 Thermalizing iterations... 
Done.
Thermalized Magnetisation = (-0.353239,-0.629083), Energy = -1.659101 
Averaging iterations... h=0.062500,0.000000
Done.
Final: Magnetisation = (0.642657,0.216933), Energy = -1.396229 
<M> = (0.159621,0.000575), <E> = -1.299425 

T=1.100000	 Thermalizing iterations... 
Done.
Thermalized Magnetisation = (0.336822,-0.315758), Energy = -1.354614 
Averaging iterations... h=0.062500,0.000000
Done.
Final: Magnetisation = (-0.128104,0.077429), Energy = -1.368115 
<M> = (0.155153,0.013633), <E> = -1.332352 

T=1.050000	 Thermalizing iterations... 
Done.
Thermalized Magnetisation = (0.474175,0.608903), Energy = -1.736903 
Averaging iterations... h=0.062500,0.000000
Done.
Final: Magnetisation = (0.340818,0.087471), Energy = -1.395146 
<M> = (0.204753,-0.077896), <E> = -1.375240 

T=1.000000	 Thermalizing iterations... 
Done.
Thermalized Magnetisation = (-0.107726,0.466428), Energy = -1.505918 
Averaging iterations... h=0.062500,0.000000
Done.
Final: Magnetisation = (0.086651,0.599491), Energy = -1.359030 
<M> = (0.224363,0.021257), <E> = -1.405598 

T=0.950000	 Thermalizing iterations... 
Done.
Thermalized Magnetisation = (0.656107,0.359628), Energy = -1.808369 
Averaging iterations... h=0.062500,0.000000
Done.
Final: Magnetisation = (0.668605,0.391836), Energy = -1.567954 
<M> = (0.255154,0.021589), <E> = -1.456663 

T=0.900000	 Thermalizing iterations... 
Done.
Thermalized Magnetisation = (0.468058,0.374728), Energy = -1.426027 
Averaging iterations... h=0.062500,0.000000
Done.
Final: Magnetisation = (-0.023510,-0.316086), Energy = -1.354216 
<M> = (0.271978,-0.014310), <E> = -1.485235 

T=0.850000	 Thermalizing iterations... 
Done.
Thermalized Magnetisation = (0.532767,0.282525), Energy = -1.552381 
Averaging iterations... h=0.062500,0.000000
Done.
Final: Magnetisation = (0.241798,-0.549289), Energy = -1.701453 
<M> = (0.326116,0.003462), <E> = -1.531217 

T=0.800000	 Thermalizing iterations... 
Done.
Thermalized Magnetisation = (0.197925,0.136021), Energy = -1.503466 
Averaging iterations... h=0.062500,0.000000
Done.
Final: Magnetisation = (0.206341,-0.345689), Energy = -1.555271 
<M> = (0.284869,0.089927), <E> = -1.565247 

T=0.750000	 Thermalizing iterations... 
Done.
Thermalized Magnetisation = (0.183778,-0.127117), Energy = -1.507588 
Averaging iterations... h=0.062500,0.000000
Done.
Final: Magnetisation = (0.582823,0.139687), Energy = -1.629045 
<M> = (0.372252,-0.157401), <E> = -1.610343 

T=0.700000	 Thermalizing iterations... 
Done.
Thermalized Magnetisation = (-0.391430,0.490492), Energy = -1.539697 
Averaging iterations... h=0.062500,0.000000
Done.
Final: Magnetisation = (-0.225561,0.772328), Energy = -1.705909 
<M> = (0.433484,-0.113698), <E> = -1.645605 

T=0.650000	 Thermalizing iterations... 
Done.
Thermalized Magnetisation = (0.383773,0.490671), Energy = -1.718235 
Averaging iterations... h=0.062500,0.000000
Done.
Final: Magnetisation = (0.537605,0.312927), Energy = -1.672660 
<M> = (0.503954,0.189286), <E> = -1.698064 

T=0.600000	 Thermalizing iterations... 
Done.
Thermalized Magnetisation = (0.804578,-0.226937), Energy = -1.715011 
Averaging iterations... h=0.062500,0.000000
Done.
Final: Magnetisation = (0.139399,-0.565376), Energy = -1.712912 
<M> = (0.577697,0.145988), <E> = -1.735718 

T=0.550000	 Thermalizing iterations... 
Done.
Thermalized Magnetisation = (0.791078,0.144009), Energy = -1.820180 
Averaging iterations... h=0.062500,0.000000
Done.
Final: Magnetisation = (0.422211,-0.446352), Energy = -1.686748 
<M> = (0.545385,0.203896), <E> = -1.764069 

T=0.500000	 Thermalizing iterations... 
Done.
Thermalized Magnetisation = (0.376847,-0.465492), Energy = -1.657306 
Averaging iterations... h=0.062500,0.000000
Done.
Final: Magnetisation = (0.722203,-0.023636), Energy = -1.808699 
<M> = (0.565602,0.037655), <E> = -1.794184 

T=0.450000	 Thermalizing iterations... 
Done.
Thermalized Magnetisation = (0.368196,0.752807), Energy = -1.808478 
Averaging iterations... h=0.062500,0.000000
Done.
Final: Magnetisation = (0.563803,-0.305599), Energy = -1.800864 
<M> = (0.658400,0.163544), <E> = -1.826111 

T=0.400000	 Thermalizing iterations... 
Done.
Thermalized Magnetisation = (0.737037,-0.443388), Energy = -1.842195 
Averaging iterations... h=0.062500,0.000000
Done.
Final: Magnetisation = (0.522714,-0.669255), Energy = -1.798619 
<M> = (0.511007,-0.532226), <E> = -1.858177 

T=0.350000	 Thermalizing iterations... 
Done.
Thermalized Magnetisation = (0.821131,-0.257940), Energy = -1.870249 
Averaging iterations... h=0.062500,0.000000
Done.
Final: Magnetisation = (0.331740,-0.846459), Energy = -1.920340 
<M> = (0.660931,0.133726), <E> = -1.883863 

T=0.300000	 Thermalizing iterations... 
Done.
Thermalized Magnetisation = (0.888211,-0.043267), Energy = -1.929764 
Averaging iterations... h=0.062500,0.000000
Done.
Final: Magnetisation = (0.156282,-0.888235), Energy = -1.935074 
<M> = (0.664995,-0.262910), <E> = -1.909367 

T=0.250000	 Thermalizing iterations... 
Done.
Thermalized Magnetisation = (0.857539,-0.014481), Energy = -1.898473 
Averaging iterations... h=0.062500,0.000000
Done.
Final: Magnetisation = (0.812985,0.250857), Energy = -1.926267 
<M> = (0.703939,-0.173345), <E> = -1.938139 

T=0.200000	 Thermalizing iterations... 
Done.
Thermalized Magnetisation = (0.819144,0.377176), Energy = -1.955083 
Averaging iterations... h=0.062500,0.000000
Done.
Final: Magnetisation = (0.637326,0.675766), Energy = -1.982296 
<M> = (0.659275,0.257821), <E> = -1.963958 

T=0.150000	 Thermalizing iterations... 
Done.
Thermalized Magnetisation = (0.630286,-0.616990), Energy = -1.966582 
Averaging iterations... h=0.062500,0.000000
Done.
Final: Magnetisation = (0.753003,-0.578712), Energy = -2.010152 
<M> = (0.742300,-0.529996), <E> = -1.989620 

T=0.100000	 Thermalizing iterations... 
Done.
Thermalized Magnetisation = (0.632089,-0.726972), Energy = -2.027432 
Averaging iterations... h=0.062500,0.000000
Done.
Final: Magnetisation = (0.522846,-0.775794), Energy = -2.012968 
<M> = (0.668176,-0.655632), <E> = -2.016159 

T=0.050000	 Thermalizing iterations... 
Done.
Thermalized Magnetisation = (0.677854,-0.679558), Energy = -2.046329 
Averaging iterations... h=0.062500,0.000000
Done.
Final: Magnetisation = (0.608485,-0.718732), Energy = -2.041917 
<M> = (0.633866,-0.710063), <E> = -2.040874 
Final Magnetisation = (0.608485,-0.718732), Energy = -2.041917 
------------------------

Updating all (first)black/(then)white checkerboard sites simultaneously.. 

ztne RFXY h rotating with |h|=0.062500 at T=0.000000..
loop 1

loop 2

Cooling protocol time (from T=2.000000 to T=0.000000) = 52.732562 

CPU Time elapsed total = 52.763967 
All done - 53 seconds elapsed.
