+ cd /home/sbasak/Exercises/OpenMP/XY_code/Z2/rotating_field/trial/config/config_122
+ export OMP_NUM_THREADS=28
+ OMP_NUM_THREADS=28
+ ./a_0.out
nearest neighbor initialized. 
h loaded. 
J loaded. 
L = 128, dim_L = 2, dim_S = 2
hysteresis_MCS_multiplier = 10, hysteresis_MCS_max = 100
RAND_MAX = 2147483647.000000,
 sizeof(int) = 4,
 sizeof(long) = 8,
 sizeof(double) = 8,
 sizeof(long int) = 8,
 sizeof(short int) = 2,
 sizeof(unsigned int) = 4,
 sizeof(RAND_MAX) = 4
No. of THREADS = 28
No. of PROCESSORS = 28

0.058750,0.021834
order = ({1.000000-->-1.000000,0.000000}, 0, 1)
Initial Magnetisation = (0.058750,0.021834), Energy = 0.025942 
Cooling... 
T=2.000000	 Thermalizing iterations... 
Done.
Thermalized Magnetisation = (-0.008675,-0.020530), Energy = -0.566451 
Averaging iterations... h=0.000000,0.000000
Done.
Final: Magnetisation = (-0.011081,-0.025884), Energy = -0.586076 
<M> = (0.000763,0.000423), <E> = -0.606956 

T=1.990000	 Thermalizing iterations... 
Done.
Thermalized Magnetisation = (-0.032246,0.033296), Energy = -0.627718 
Averaging iterations... h=0.000000,0.000000
Done.
Final: Magnetisation = (-0.019935,0.008780), Energy = -0.642449 
<M> = (0.001996,-0.001395), <E> = -0.610875 

T=1.980000	 Thermalizing iterations... 
Done.
Thermalized Magnetisation = (-0.018808,0.010294), Energy = -0.624906 
Averaging iterations... h=0.000000,0.000000
Done.
Final: Magnetisation = (0.021860,-0.001120), Energy = -0.617772 
<M> = (0.001229,-0.001160), <E> = -0.615261 

T=1.970000	 Thermalizing iterations... 
Done.
Thermalized Magnetisation = (-0.028832,0.030980), Energy = -0.626839 
Averaging iterations... h=0.000000,0.000000
Done.
Final: Magnetisation = (-0.016173,-0.054292), Energy = -0.615730 
<M> = (0.001533,-0.002162), <E> = -0.619174 

T=1.960000	 Thermalizing iterations... 
Done.
Thermalized Magnetisation = (-0.010354,-0.037513), Energy = -0.672992 
Averaging iterations... h=0.000000,0.000000
Done.
Final: Magnetisation = (-0.001655,0.001924), Energy = -0.624597 
<M> = (0.002198,-0.000773), <E> = -0.622082 

T=1.950000	 Thermalizing iterations... 
Done.
Thermalized Magnetisation = (-0.011773,-0.001962), Energy = -0.624399 
Averaging iterations... h=0.000000,0.000000
Done.
Final: Magnetisation = (0.047658,0.010071), Energy = -0.642657 
<M> = (0.003170,-0.000501), <E> = -0.625405 

T=1.940000	 Thermalizing iterations... 
Done.
Thermalized Magnetisation = (0.024869,-0.008741), Energy = -0.604325 
Averaging iterations... h=0.000000,0.000000
Done.
Final: Magnetisation = (0.037829,0.028417), Energy = -0.602451 
<M> = (0.001469,0.000475), <E> = -0.628928 

T=1.930000	 Thermalizing iterations... 
Done.
Thermalized Magnetisation = (0.009417,0.005170), Energy = -0.633630 
Averaging iterations... h=0.000000,0.000000
Done.
Final: Magnetisation = (-0.076620,0.030725), Energy = -0.616361 
<M> = (0.000851,0.000671), <E> = -0.632180 

T=1.920000	 Thermalizing iterations... 
Done.
Thermalized Magnetisation = (-0.015897,0.046379), Energy = -0.682088 
Averaging iterations... h=0.000000,0.000000
Done.
Final: Magnetisation = (-0.007040,-0.006126), Energy = -0.636319 
<M> = (0.001224,-0.001536), <E> = -0.636792 

T=1.910000	 Thermalizing iterations... 
Done.
Thermalized Magnetisation = (-0.046984,0.000478), Energy = -0.657786 
Averaging iterations... h=0.000000,0.000000
Done.
Final: Magnetisation = (-0.024526,-0.032974), Energy = -0.688105 
<M> = (0.001448,-0.001389), <E> = -0.641032 

T=1.900000	 Thermalizing iterations... 
Done.
Thermalized Magnetisation = (0.081851,0.086665), Energy = -0.649941 
Averaging iterations... h=0.000000,0.000000
Done.
Final: Magnetisation = (-0.047073,-0.002352), Energy = -0.629966 
<M> = (0.001380,-0.002847), <E> = -0.644851 

T=1.890000	 Thermalizing iterations... 
Done.
Thermalized Magnetisation = (-0.035398,0.003624), Energy = -0.644085 
Averaging iterations... h=0.000000,0.000000
Done.
Final: Magnetisation = (-0.023372,0.016800), Energy = -0.643100 
<M> = (0.001458,-0.002865), <E> = -0.649117 

T=1.880000	 Thermalizing iterations... 
Done.
Thermalized Magnetisation = (-0.005069,-0.033107), Energy = -0.645132 
Averaging iterations... h=0.000000,0.000000
Done.
Final: Magnetisation = (-0.054636,0.012243), Energy = -0.663972 
<M> = (0.002570,-0.001925), <E> = -0.652779 

T=1.870000	 Thermalizing iterations... 
Done.
Thermalized Magnetisation = (-0.031563,0.022008), Energy = -0.665489 
Averaging iterations... h=0.000000,0.000000
Done.
Final: Magnetisation = (0.016836,0.015270), Energy = -0.664120 
<M> = (0.001867,0.002273), <E> = -0.656440 

T=1.860000	 Thermalizing iterations... 
Done.
Thermalized Magnetisation = (-0.042726,0.026604), Energy = -0.619659 
Averaging iterations... h=0.000000,0.000000
Done.
Final: Magnetisation = (0.034570,-0.019756), Energy = -0.643812 
<M> = (0.000356,0.000062), <E> = -0.660540 

T=1.850000	 Thermalizing iterations... 
Done.
Thermalized Magnetisation = (-0.003312,0.071609), Energy = -0.657168 
Averaging iterations... h=0.000000,0.000000
Done.
Final: Magnetisation = (0.037345,-0.023045), Energy = -0.701568 
<M> = (0.000791,-0.000381), <E> = -0.664425 

T=1.840000	 Thermalizing iterations... 
Done.
Thermalized Magnetisation = (0.001773,0.035609), Energy = -0.660333 
Averaging iterations... h=0.000000,0.000000
Done.
Final: Magnetisation = (0.019606,-0.009256), Energy = -0.698723 
<M> = (0.002133,-0.001171), <E> = -0.668865 

T=1.830000	 Thermalizing iterations... 
Done.
Thermalized Magnetisation = (0.045163,-0.014222), Energy = -0.653745 
Averaging iterations... h=0.000000,0.000000
Done.
Final: Magnetisation = (0.006403,0.038643), Energy = -0.661464 
<M> = (0.000710,-0.003004), <E> = -0.674032 

T=1.820000	 Thermalizing iterations... 
Done.
Thermalized Magnetisation = (0.002710,0.029154), Energy = -0.675240 
Averaging iterations... h=0.000000,0.000000
Done.
Final: Magnetisation = (0.030353,-0.011025), Energy = -0.668683 
<M> = (0.002020,-0.002530), <E> = -0.678645 

T=1.810000	 Thermalizing iterations... 
Done.
Thermalized Magnetisation = (0.002328,0.040156), Energy = -0.673341 
Averaging iterations... h=0.000000,0.000000
Done.
Final: Magnetisation = (-0.011355,0.032307), Energy = -0.656396 
<M> = (0.003676,-0.001937), <E> = -0.682440 

T=1.800000	 Thermalizing iterations... 
Done.
Thermalized Magnetisation = (-0.027506,-0.027579), Energy = -0.680847 
Averaging iterations... h=0.000000,0.000000
Done.
Final: Magnetisation = (0.021222,0.030506), Energy = -0.714036 
<M> = (0.003486,-0.000264), <E> = -0.686479 

T=1.790000	 Thermalizing iterations... 
Done.
Thermalized Magnetisation = (0.026787,-0.049112), Energy = -0.693906 
Averaging iterations... h=0.000000,0.000000
Done.
Final: Magnetisation = (-0.050318,-0.069716), Energy = -0.686287 
<M> = (0.001418,0.000084), <E> = -0.690632 

T=1.780000	 Thermalizing iterations... 
Done.
Thermalized Magnetisation = (0.017237,0.001319), Energy = -0.711569 
Averaging iterations... h=0.000000,0.000000
Done.
Final: Magnetisation = (0.018987,-0.004056), Energy = -0.697304 
<M> = (0.000836,0.000734), <E> = -0.694917 

T=1.770000	 Thermalizing iterations... 
Done.
Thermalized Magnetisation = (0.025056,0.035012), Energy = -0.706333 
Averaging iterations... h=0.000000,0.000000
Done.
Final: Magnetisation = (0.017109,0.060458), Energy = -0.702374 
<M> = (0.002096,-0.002909), <E> = -0.700154 

T=1.760000	 Thermalizing iterations... 
Done.
Thermalized Magnetisation = (0.006998,0.028999), Energy = -0.750783 
Averaging iterations... h=0.000000,0.000000
Done.
Final: Magnetisation = (0.047912,-0.036625), Energy = -0.722526 
<M> = (0.002038,-0.000507), <E> = -0.705309 

T=1.750000	 Thermalizing iterations... 
Done.
Thermalized Magnetisation = (-0.035955,0.012483), Energy = -0.700698 
Averaging iterations... h=0.000000,0.000000
Done.
Final: Magnetisation = (0.064892,-0.014148), Energy = -0.701168 
<M> = (0.000445,-0.003161), <E> = -0.710425 

T=1.740000	 Thermalizing iterations... 
Done.
Thermalized Magnetisation = (0.037220,-0.004281), Energy = -0.682520 
Averaging iterations... h=0.000000,0.000000
Done.
Final: Magnetisation = (-0.006748,-0.013489), Energy = -0.730512 
<M> = (0.002039,-0.002473), <E> = -0.715015 

T=1.730000	 Thermalizing iterations... 
Done.
Thermalized Magnetisation = (0.041102,-0.031904), Energy = -0.725518 
Averaging iterations... h=0.000000,0.000000
Done.
Final: Magnetisation = (-0.078917,-0.062881), Energy = -0.734417 
<M> = (0.003541,-0.000799), <E> = -0.719560 

T=1.720000	 Thermalizing iterations... 
Done.
Thermalized Magnetisation = (0.002642,-0.054979), Energy = -0.703594 
Averaging iterations... h=0.000000,0.000000
Done.
Final: Magnetisation = (0.004360,0.019979), Energy = -0.737291 
<M> = (0.001040,0.001284), <E> = -0.723928 

T=1.710000	 Thermalizing iterations... 
Done.
Thermalized Magnetisation = (0.021494,-0.039310), Energy = -0.751376 
Averaging iterations... h=0.000000,0.000000
Done.
Final: Magnetisation = (0.003049,-0.036993), Energy = -0.736270 
<M> = (0.001464,-0.000023), <E> = -0.728482 

T=1.700000	 Thermalizing iterations... 
Done.
Thermalized Magnetisation = (0.014225,0.017285), Energy = -0.734590 
Averaging iterations... h=0.000000,0.000000
Done.
Final: Magnetisation = (-0.002163,0.015366), Energy = -0.732047 
<M> = (0.001799,-0.000111), <E> = -0.734396 

T=1.690000	 Thermalizing iterations... 
Done.
Thermalized Magnetisation = (-0.063261,0.010450), Energy = -0.766423 
Averaging iterations... h=0.000000,0.000000
Done.
Final: Magnetisation = (0.022494,-0.075401), Energy = -0.747616 
<M> = (0.002266,-0.000723), <E> = -0.739518 

T=1.680000	 Thermalizing iterations... 
Done.
Thermalized Magnetisation = (-0.039996,-0.043517), Energy = -0.733846 
Averaging iterations... h=0.000000,0.000000
Done.
Final: Magnetisation = (-0.010441,-0.104112), Energy = -0.744866 
<M> = (0.001138,-0.003330), <E> = -0.745648 

T=1.670000	 Thermalizing iterations... 
Done.
Thermalized Magnetisation = (-0.028097,0.005347), Energy = -0.742847 
Averaging iterations... h=0.000000,0.000000
Done.
Final: Magnetisation = (0.018137,-0.074872), Energy = -0.767735 
<M> = (0.001671,-0.001485), <E> = -0.750975 

T=1.660000	 Thermalizing iterations... 
Done.
Thermalized Magnetisation = (-0.047899,-0.029832), Energy = -0.761393 
Averaging iterations... h=0.000000,0.000000
Done.
Final: Magnetisation = (0.012643,-0.021906), Energy = -0.779319 
<M> = (0.002596,-0.001196), <E> = -0.756140 

T=1.650000	 Thermalizing iterations... 
Done.
Thermalized Magnetisation = (0.009510,-0.024223), Energy = -0.751055 
Averaging iterations... h=0.000000,0.000000
Done.
Final: Magnetisation = (-0.046078,0.043849), Energy = -0.765349 
<M> = (0.003337,0.001389), <E> = -0.760730 

T=1.640000	 Thermalizing iterations... 
Done.
Thermalized Magnetisation = (0.062374,0.056930), Energy = -0.790115 
Averaging iterations... h=0.000000,0.000000
Done.
Final: Magnetisation = (0.069033,-0.043387), Energy = -0.761208 
<M> = (0.001664,0.001432), <E> = -0.766504 

T=1.630000	 Thermalizing iterations... 
Done.
Thermalized Magnetisation = (-0.005106,0.002121), Energy = -0.792540 
Averaging iterations... h=0.000000,0.000000
Done.
Final: Magnetisation = (0.021601,-0.000079), Energy = -0.716818 
<M> = (0.001839,0.000500), <E> = -0.771543 

T=1.620000	 Thermalizing iterations... 
Done.
Thermalized Magnetisation = (0.018900,-0.049770), Energy = -0.781871 
Averaging iterations... h=0.000000,0.000000
Done.
Final: Magnetisation = (0.049244,-0.024805), Energy = -0.776898 
<M> = (0.002686,-0.001062), <E> = -0.778137 

T=1.610000	 Thermalizing iterations... 
Done.
Thermalized Magnetisation = (0.029046,0.035361), Energy = -0.796766 
Averaging iterations... h=0.000000,0.000000
Done.
Final: Magnetisation = (-0.011834,0.089865), Energy = -0.817011 
<M> = (0.001072,-0.003216), <E> = -0.783998 

T=1.600000	 Thermalizing iterations... 
Done.
Thermalized Magnetisation = (0.016529,-0.041819), Energy = -0.814859 
Averaging iterations... h=0.000000,0.000000
Done.
Final: Magnetisation = (-0.027340,-0.012018), Energy = -0.762079 
<M> = (0.001021,-0.004599), <E> = -0.790581 

T=1.590000	 Thermalizing iterations... 
Done.
Thermalized Magnetisation = (-0.032664,0.022533), Energy = -0.767649 
Averaging iterations... h=0.000000,0.000000
Done.
Final: Magnetisation = (-0.079345,0.021906), Energy = -0.768859 
<M> = (0.001699,-0.002284), <E> = -0.796489 

T=1.580000	 Thermalizing iterations... 
Done.
Thermalized Magnetisation = (0.000722,0.014574), Energy = -0.775525 
Averaging iterations... h=0.000000,0.000000
Done.
Final: Magnetisation = (0.031611,-0.058288), Energy = -0.879879 
<M> = (0.004356,-0.000645), <E> = -0.801738 

T=1.570000	 Thermalizing iterations... 
Done.
Thermalized Magnetisation = (0.006234,0.023415), Energy = -0.835249 
Averaging iterations... h=0.000000,0.000000
Done.
Final: Magnetisation = (0.025825,0.017620), Energy = -0.801774 
<M> = (0.002847,0.000567), <E> = -0.807554 

T=1.560000	 Thermalizing iterations... 
Done.
Thermalized Magnetisation = (0.041564,-0.058957), Energy = -0.850980 
Averaging iterations... h=0.000000,0.000000
Done.
Final: Magnetisation = (-0.019993,-0.001333), Energy = -0.778750 
<M> = (0.001541,0.001775), <E> = -0.813210 

T=1.550000	 Thermalizing iterations... 
Done.
Thermalized Magnetisation = (-0.069806,-0.010821), Energy = -0.779836 
Averaging iterations... h=0.000000,0.000000
Done.
Final: Magnetisation = (-0.013701,0.030240), Energy = -0.808211 
<M> = (0.002922,0.000636), <E> = -0.820203 

T=1.540000	 Thermalizing iterations... 
Done.
Thermalized Magnetisation = (-0.031887,0.073924), Energy = -0.825795 
Averaging iterations... h=0.000000,0.000000
Done.
Final: Magnetisation = (-0.007432,-0.100870), Energy = -0.838670 
<M> = (0.002106,-0.001438), <E> = -0.827203 

T=1.530000	 Thermalizing iterations... 
Done.
Thermalized Magnetisation = (0.028344,0.004506), Energy = -0.863727 
Averaging iterations... h=0.000000,0.000000
Done.
Final: Magnetisation = (0.002949,0.036035), Energy = -0.847435 
<M> = (0.001558,-0.004769), <E> = -0.834215 

T=1.520000	 Thermalizing iterations... 
Done.
Thermalized Magnetisation = (0.057071,0.077659), Energy = -0.833213 
Averaging iterations... h=0.000000,0.000000
Done.
Final: Magnetisation = (-0.028028,-0.025899), Energy = -0.832515 
<M> = (0.003597,-0.003121), <E> = -0.841083 

T=1.510000	 Thermalizing iterations... 
Done.
Thermalized Magnetisation = (0.008608,-0.008371), Energy = -0.883059 
Averaging iterations... h=0.000000,0.000000
Done.
Final: Magnetisation = (-0.009053,-0.008403), Energy = -0.832413 
<M> = (0.005402,-0.000820), <E> = -0.847057 

T=1.500000	 Thermalizing iterations... 
Done.
Thermalized Magnetisation = (0.075101,-0.088753), Energy = -0.861733 
Averaging iterations... h=0.000000,0.000000
Done.
Final: Magnetisation = (-0.031844,-0.081915), Energy = -0.835177 
<M> = (0.003652,0.001887), <E> = -0.853069 

T=1.490000	 Thermalizing iterations... 
Done.
Thermalized Magnetisation = (0.025255,-0.013125), Energy = -0.824453 
Averaging iterations... h=0.000000,0.000000
Done.
Final: Magnetisation = (-0.018884,0.105020), Energy = -0.857582 
<M> = (0.001663,0.002619), <E> = -0.859926 

T=1.480000	 Thermalizing iterations... 
Done.
Thermalized Magnetisation = (0.040447,-0.040543), Energy = -0.845113 
Averaging iterations... h=0.000000,0.000000
Done.
Final: Magnetisation = (0.031323,-0.042255), Energy = -0.862035 
<M> = (0.001795,0.002360), <E> = -0.867961 

T=1.470000	 Thermalizing iterations... 
Done.
Thermalized Magnetisation = (0.041680,-0.022918), Energy = -0.877377 
Averaging iterations... h=0.000000,0.000000
Done.
Final: Magnetisation = (0.035722,-0.041695), Energy = -0.874871 
<M> = (0.003698,-0.002327), <E> = -0.874999 

T=1.460000	 Thermalizing iterations... 
Done.
Thermalized Magnetisation = (0.002794,0.079424), Energy = -0.854742 
Averaging iterations... h=0.000000,0.000000
Done.
Final: Magnetisation = (0.009888,0.029260), Energy = -0.832605 
<M> = (0.001944,-0.002770), <E> = -0.882820 

T=1.450000	 Thermalizing iterations... 
Done.
Thermalized Magnetisation = (0.033606,0.030172), Energy = -0.903138 
Averaging iterations... h=0.000000,0.000000
Done.
Final: Magnetisation = (-0.044335,-0.035104), Energy = -0.899490 
<M> = (0.002062,-0.004739), <E> = -0.890913 

T=1.440000	 Thermalizing iterations... 
Done.
Thermalized Magnetisation = (0.037375,-0.055869), Energy = -0.927908 
Averaging iterations... h=0.000000,0.000000
Done.
Final: Magnetisation = (0.020679,-0.036515), Energy = -0.927782 
<M> = (0.004167,-0.003506), <E> = -0.898308 

T=1.430000	 Thermalizing iterations... 
Done.
Thermalized Magnetisation = (-0.007894,-0.083753), Energy = -0.930531 
Averaging iterations... h=0.000000,0.000000
Done.
Final: Magnetisation = (-0.022735,-0.012455), Energy = -0.899626 
<M> = (0.006020,0.000603), <E> = -0.904703 

T=1.420000	 Thermalizing iterations... 
Done.
Thermalized Magnetisation = (0.126093,0.045214), Energy = -0.912941 
Averaging iterations... h=0.000000,0.000000
Done.
Final: Magnetisation = (-0.001821,-0.039647), Energy = -0.903876 
<M> = (0.002670,0.000912), <E> = -0.912240 

T=1.410000	 Thermalizing iterations... 
Done.
Thermalized Magnetisation = (-0.027471,0.008137), Energy = -0.948760 
Averaging iterations... h=0.000000,0.000000
Done.
Final: Magnetisation = (-0.032655,0.016762), Energy = -0.940661 
<M> = (0.000158,0.006070), <E> = -0.919546 

T=1.400000	 Thermalizing iterations... 
Done.
Thermalized Magnetisation = (0.004537,-0.004521), Energy = -0.908141 
Averaging iterations... h=0.000000,0.000000
Done.
Final: Magnetisation = (0.020527,0.101214), Energy = -0.889190 
<M> = (0.002604,-0.002078), <E> = -0.929287 

T=1.390000	 Thermalizing iterations... 
Done.
Thermalized Magnetisation = (-0.055593,-0.065164), Energy = -0.941545 
Averaging iterations... h=0.000000,0.000000
Done.
Final: Magnetisation = (0.018155,-0.008029), Energy = -0.960459 
<M> = (0.001908,-0.005619), <E> = -0.937833 

T=1.380000	 Thermalizing iterations... 
Done.
Thermalized Magnetisation = (-0.010894,-0.028551), Energy = -0.927058 
Averaging iterations... h=0.000000,0.000000
Done.
Final: Magnetisation = (0.022216,-0.033410), Energy = -0.916099 
<M> = (0.003055,-0.010076), <E> = -0.945760 

T=1.370000	 Thermalizing iterations... 
Done.
Thermalized Magnetisation = (-0.075600,-0.021302), Energy = -0.949102 
Averaging iterations... h=0.000000,0.000000
Done.
Final: Magnetisation = (-0.046018,-0.010497), Energy = -0.920533 
<M> = (0.002010,-0.006753), <E> = -0.954348 

T=1.360000	 Thermalizing iterations... 
Done.
Thermalized Magnetisation = (-0.006913,0.032356), Energy = -0.996282 
Averaging iterations... h=0.000000,0.000000
Done.
Final: Magnetisation = (0.087255,0.098682), Energy = -0.993747 
<M> = (0.004736,-0.000972), <E> = -0.962015 

T=1.350000	 Thermalizing iterations... 
Done.
Thermalized Magnetisation = (0.020776,0.077423), Energy = -0.971022 
Averaging iterations... h=0.000000,0.000000
Done.
Final: Magnetisation = (-0.014801,0.071175), Energy = -0.962542 
<M> = (0.005281,0.006215), <E> = -0.970337 

T=1.340000	 Thermalizing iterations... 
Done.
Thermalized Magnetisation = (0.083971,0.029967), Energy = -1.029698 
Averaging iterations... h=0.000000,0.000000
Done.
Final: Magnetisation = (0.040741,-0.022155), Energy = -1.011211 
<M> = (0.000479,0.002643), <E> = -0.979072 

T=1.330000	 Thermalizing iterations... 
Done.
Thermalized Magnetisation = (0.048319,0.033828), Energy = -0.997056 
Averaging iterations... h=0.000000,0.000000
Done.
Final: Magnetisation = (0.029339,-0.046039), Energy = -1.006613 
<M> = (-0.000570,-0.000960), <E> = -0.989012 

T=1.320000	 Thermalizing iterations... 
Done.
Thermalized Magnetisation = (0.028144,-0.037326), Energy = -1.010034 
Averaging iterations... h=0.000000,0.000000
Done.
Final: Magnetisation = (-0.039548,-0.016297), Energy = -0.957180 
<M> = (0.005440,-0.002422), <E> = -0.998473 

T=1.310000	 Thermalizing iterations... 
Done.
Thermalized Magnetisation = (0.061551,-0.047049), Energy = -1.046170 
Averaging iterations... h=0.000000,0.000000
Done.
Final: Magnetisation = (-0.054387,0.028632), Energy = -1.043478 
<M> = (0.004140,-0.009975), <E> = -1.008510 

T=1.300000	 Thermalizing iterations... 
Done.
Thermalized Magnetisation = (-0.014472,-0.046143), Energy = -1.006779 
Averaging iterations... h=0.000000,0.000000
Done.
Final: Magnetisation = (0.039085,0.017788), Energy = -1.056533 
<M> = (0.003769,-0.006186), <E> = -1.017679 

T=1.290000	 Thermalizing iterations... 
Done.
Thermalized Magnetisation = (-0.033180,-0.048783), Energy = -1.018646 
Averaging iterations... h=0.000000,0.000000
Done.
Final: Magnetisation = (0.026779,-0.056643), Energy = -1.015683 
<M> = (0.006615,-0.006508), <E> = -1.026906 

T=1.280000	 Thermalizing iterations... 
Done.
Thermalized Magnetisation = (-0.012614,0.058406), Energy = -1.043275 
Averaging iterations... h=0.000000,0.000000
Done.
Final: Magnetisation = (0.000270,-0.032716), Energy = -1.045133 
<M> = (0.006591,-0.002235), <E> = -1.035667 

T=1.270000	 Thermalizing iterations... 
Done.
Thermalized Magnetisation = (-0.023689,0.067423), Energy = -1.031923 
Averaging iterations... h=0.000000,0.000000
Done.
Final: Magnetisation = (-0.029284,0.008708), Energy = -1.045268 
<M> = (0.004678,0.003637), <E> = -1.044665 

T=1.260000	 Thermalizing iterations... 
Done.
Thermalized Magnetisation = (-0.078077,-0.028379), Energy = -1.036448 
Averaging iterations... h=0.000000,0.000000
Done.
Final: Magnetisation = (-0.036471,0.026202), Energy = -1.059244 
<M> = (0.001783,0.005684), <E> = -1.054992 

T=1.250000	 Thermalizing iterations... 
Done.
Thermalized Magnetisation = (-0.000000,-0.073306), Energy = -1.104162 
Averaging iterations... h=0.000000,0.000000
Done.
Final: Magnetisation = (-0.035013,0.062485), Energy = -1.066525 
<M> = (0.004660,-0.005329), <E> = -1.065638 

T=1.240000	 Thermalizing iterations... 
Done.
Thermalized Magnetisation = (0.047244,-0.086061), Energy = -1.104818 
Averaging iterations... h=0.000000,0.000000
Done.
Final: Magnetisation = (-0.058869,-0.057736), Energy = -1.051136 
<M> = (0.003438,-0.005845), <E> = -1.077126 

T=1.230000	 Thermalizing iterations... 
Done.
Thermalized Magnetisation = (0.014712,0.092312), Energy = -1.078894 
Averaging iterations... h=0.000000,0.000000
Done.
Final: Magnetisation = (-0.012298,-0.076081), Energy = -1.047534 
<M> = (0.001277,-0.017963), <E> = -1.088335 

T=1.220000	 Thermalizing iterations... 
Done.
Thermalized Magnetisation = (0.023458,-0.037691), Energy = -1.086207 
Averaging iterations... h=0.000000,0.000000
Done.
Final: Magnetisation = (0.027600,-0.071823), Energy = -1.119350 
<M> = (-0.001344,-0.010696), <E> = -1.097191 

T=1.210000	 Thermalizing iterations... 
Done.
Thermalized Magnetisation = (0.003447,0.042689), Energy = -1.066890 
Averaging iterations... h=0.000000,0.000000
Done.
Final: Magnetisation = (0.008894,-0.015074), Energy = -1.136883 
<M> = (0.003256,-0.004137), <E> = -1.107292 

T=1.200000	 Thermalizing iterations... 
Done.
Thermalized Magnetisation = (0.117165,-0.085358), Energy = -1.113778 
Averaging iterations... h=0.000000,0.000000
Done.
Final: Magnetisation = (-0.020728,0.052562), Energy = -1.116264 
<M> = (-0.000557,0.010312), <E> = -1.118117 

T=1.190000	 Thermalizing iterations... 
Done.
Thermalized Magnetisation = (0.050192,0.006989), Energy = -1.102332 
Averaging iterations... h=0.000000,0.000000
Done.
Final: Magnetisation = (-0.023536,-0.095655), Energy = -1.138544 
<M> = (0.001754,0.006671), <E> = -1.127621 

T=1.180000	 Thermalizing iterations... 
Done.
Thermalized Magnetisation = (-0.017942,-0.060534), Energy = -1.144404 
Averaging iterations... h=0.000000,0.000000
Done.
Final: Magnetisation = (0.000305,0.034490), Energy = -1.111348 
<M> = (0.003593,-0.002687), <E> = -1.140203 

T=1.170000	 Thermalizing iterations... 
Done.
Thermalized Magnetisation = (-0.073796,0.134500), Energy = -1.187251 
Averaging iterations... h=0.000000,0.000000
Done.
Final: Magnetisation = (-0.013934,0.181356), Energy = -1.157376 
<M> = (0.005423,0.007637), <E> = -1.150926 

T=1.160000	 Thermalizing iterations... 
Done.
Thermalized Magnetisation = (0.048721,-0.179262), Energy = -1.178271 
Averaging iterations... h=0.000000,0.000000
Done.
Final: Magnetisation = (-0.007878,-0.097378), Energy = -1.163623 
<M> = (0.004445,-0.019765), <E> = -1.164812 

T=1.150000	 Thermalizing iterations... 
Done.
Thermalized Magnetisation = (0.004522,-0.108643), Energy = -1.206560 
Averaging iterations... h=0.000000,0.000000
Done.
Final: Magnetisation = (-0.063797,0.056144), Energy = -1.176418 
<M> = (0.003812,-0.024171), <E> = -1.175895 

T=1.140000	 Thermalizing iterations... 
Done.
Thermalized Magnetisation = (-0.047559,-0.064750), Energy = -1.185850 
Averaging iterations... h=0.000000,0.000000
Done.
Final: Magnetisation = (0.058903,-0.116542), Energy = -1.161885 
<M> = (0.007939,-0.017702), <E> = -1.186561 

T=1.130000	 Thermalizing iterations... 
Done.
Thermalized Magnetisation = (-0.084757,0.077112), Energy = -1.194633 
Averaging iterations... h=0.000000,0.000000
Done.
Final: Magnetisation = (0.003481,0.114161), Energy = -1.172990 
<M> = (0.003660,0.002388), <E> = -1.196439 

T=1.120000	 Thermalizing iterations... 
Done.
Thermalized Magnetisation = (0.013681,0.037463), Energy = -1.202201 
Averaging iterations... h=0.000000,0.000000
Done.
Final: Magnetisation = (-0.055869,-0.149440), Energy = -1.219347 
<M> = (0.003918,0.018983), <E> = -1.208746 

T=1.110000	 Thermalizing iterations... 
Done.
Thermalized Magnetisation = (0.016624,0.014382), Energy = -1.208338 
Averaging iterations... h=0.000000,0.000000
Done.
Final: Magnetisation = (-0.001461,-0.008202), Energy = -1.205625 
<M> = (-0.001247,0.037581), <E> = -1.219519 

T=1.100000	 Thermalizing iterations... 
Done.
Thermalized Magnetisation = (-0.004703,-0.140143), Energy = -1.253971 
Averaging iterations... h=0.000000,0.000000
Done.
Final: Magnetisation = (-0.037746,-0.167249), Energy = -1.217137 
<M> = (0.003431,0.007566), <E> = -1.233378 

T=1.090000	 Thermalizing iterations... 
Done.
Thermalized Magnetisation = (-0.023595,-0.073029), Energy = -1.266697 
Averaging iterations... h=0.000000,0.000000
Done.
Final: Magnetisation = (-0.074423,-0.019587), Energy = -1.248258 
<M> = (-0.002495,-0.046752), <E> = -1.246973 

T=1.080000	 Thermalizing iterations... 
Done.
Thermalized Magnetisation = (0.013505,-0.049210), Energy = -1.261683 
Averaging iterations... h=0.000000,0.000000
Done.
Final: Magnetisation = (0.019112,0.114771), Energy = -1.267102 
<M> = (0.002413,-0.041554), <E> = -1.257656 

T=1.070000	 Thermalizing iterations... 
Done.
Thermalized Magnetisation = (0.008003,0.079432), Energy = -1.287545 
Averaging iterations... h=0.000000,0.000000
Done.
Final: Magnetisation = (0.009845,0.106581), Energy = -1.257201 
<M> = (0.010973,-0.049308), <E> = -1.271861 

T=1.060000	 Thermalizing iterations... 
Done.
Thermalized Magnetisation = (-0.024344,0.192422), Energy = -1.285494 
Averaging iterations... h=0.000000,0.000000
Done.
Final: Magnetisation = (0.029730,-0.259939), Energy = -1.309543 
<M> = (0.008174,-0.032511), <E> = -1.283230 

T=1.050000	 Thermalizing iterations... 
Done.
Thermalized Magnetisation = (0.016989,0.008242), Energy = -1.293665 
Averaging iterations... h=0.000000,0.000000
Done.
Final: Magnetisation = (0.001452,-0.030183), Energy = -1.290126 
<M> = (0.008216,0.004804), <E> = -1.295118 

T=1.040000	 Thermalizing iterations... 
Done.
Thermalized Magnetisation = (-0.005672,-0.020018), Energy = -1.291861 
Averaging iterations... h=0.000000,0.000000
Done.
Final: Magnetisation = (-0.013388,-0.074151), Energy = -1.307352 
<M> = (-0.006114,0.035379), <E> = -1.304672 

T=1.030000	 Thermalizing iterations... 
Done.
Thermalized Magnetisation = (-0.021329,-0.170563), Energy = -1.298906 
Averaging iterations... h=0.000000,0.000000
Done.
Final: Magnetisation = (0.011679,0.213953), Energy = -1.339660 
<M> = (0.003727,0.023749), <E> = -1.318438 

T=1.020000	 Thermalizing iterations... 
Done.
Thermalized Magnetisation = (0.012169,-0.145510), Energy = -1.308835 
Averaging iterations... h=0.000000,0.000000
Done.
Final: Magnetisation = (-0.046379,0.075888), Energy = -1.343524 
<M> = (-0.003106,-0.096561), <E> = -1.331287 

T=1.010000	 Thermalizing iterations... 
Done.
Thermalized Magnetisation = (-0.068936,0.063365), Energy = -1.352351 
Averaging iterations... h=0.000000,0.000000
Done.
Final: Magnetisation = (0.004277,-0.201505), Energy = -1.348375 
<M> = (-0.001506,-0.152141), <E> = -1.348159 

T=1.000000	 Thermalizing iterations... 
Done.
Thermalized Magnetisation = (0.050282,-0.188558), Energy = -1.376137 
Averaging iterations... h=0.000000,0.000000
Done.
Final: Magnetisation = (0.069973,-0.215088), Energy = -1.372294 
<M> = (0.005501,-0.117923), <E> = -1.359489 

T=0.990000	 Thermalizing iterations... 
Done.
Thermalized Magnetisation = (-0.047236,0.161910), Energy = -1.382836 
Averaging iterations... h=0.000000,0.000000
Done.
Final: Magnetisation = (-0.035176,-0.315064), Energy = -1.363437 
<M> = (0.014517,-0.057822), <E> = -1.371161 

T=0.980000	 Thermalizing iterations... 
Done.
Thermalized Magnetisation = (-0.027170,0.155978), Energy = -1.382287 
Averaging iterations... h=0.000000,0.000000
Done.
Final: Magnetisation = (0.120312,-0.032774), Energy = -1.384268 
<M> = (0.009248,0.154179), <E> = -1.382779 

T=0.970000	 Thermalizing iterations... 
Done.
Thermalized Magnetisation = (0.023743,-0.074804), Energy = -1.367842 
Averaging iterations... h=0.000000,0.000000
Done.
Final: Magnetisation = (-0.050951,0.008618), Energy = -1.405560 
<M> = (0.001978,0.028919), <E> = -1.393049 

T=0.960000	 Thermalizing iterations... 
Done.
Thermalized Magnetisation = (-0.053341,-0.315295), Energy = -1.431864 
Averaging iterations... h=0.000000,0.000000
Done.
Final: Magnetisation = (0.033700,0.115348), Energy = -1.377298 
<M> = (0.002262,-0.136022), <E> = -1.408279 

T=0.950000	 Thermalizing iterations... 
Done.
Thermalized Magnetisation = (-0.064893,-0.379121), Energy = -1.427365 
Averaging iterations... h=0.000000,0.000000
Done.
Final: Magnetisation = (0.031468,-0.359920), Energy = -1.417876 
<M> = (-0.000250,-0.385305), <E> = -1.425220 

T=0.940000	 Thermalizing iterations... 
Done.
Thermalized Magnetisation = (-0.008637,-0.348328), Energy = -1.430129 
Averaging iterations... h=0.000000,0.000000
Done.
Final: Magnetisation = (-0.021420,-0.360574), Energy = -1.424564 
<M> = (0.007376,-0.405395), <E> = -1.438694 

T=0.930000	 Thermalizing iterations... 
Done.
Thermalized Magnetisation = (0.047695,-0.317431), Energy = -1.421198 
Averaging iterations... h=0.000000,0.000000
Done.
Final: Magnetisation = (-0.003809,-0.447234), Energy = -1.443194 
<M> = (0.005217,-0.499639), <E> = -1.454170 

T=0.920000	 Thermalizing iterations... 
Done.
Thermalized Magnetisation = (0.044321,-0.324992), Energy = -1.464092 
Averaging iterations... h=0.000000,0.000000
Done.
Final: Magnetisation = (-0.005154,-0.453398), Energy = -1.454949 
<M> = (0.015023,-0.360782), <E> = -1.460147 

T=0.910000	 Thermalizing iterations... 
Done.
Thermalized Magnetisation = (-0.008883,-0.551894), Energy = -1.468957 
Averaging iterations... h=0.000000,0.000000
Done.
Final: Magnetisation = (0.024639,-0.517302), Energy = -1.469465 
<M> = (0.022713,-0.542384), <E> = -1.477279 

T=0.900000	 Thermalizing iterations... 
Done.
Thermalized Magnetisation = (0.006092,-0.571431), Energy = -1.476572 
Averaging iterations... h=0.000000,0.000000
Done.
Final: Magnetisation = (0.063840,-0.529793), Energy = -1.489455 
<M> = (0.009949,-0.558962), <E> = -1.487710 

T=0.890000	 Thermalizing iterations... 
Done.
Thermalized Magnetisation = (-0.011056,-0.533682), Energy = -1.489170 
Averaging iterations... h=0.000000,0.000000
Done.
Final: Magnetisation = (0.084104,-0.503923), Energy = -1.477969 
<M> = (-0.001428,-0.562017), <E> = -1.497084 

T=0.880000	 Thermalizing iterations... 
Done.
Thermalized Magnetisation = (-0.027648,-0.597879), Energy = -1.511628 
Averaging iterations... h=0.000000,0.000000
Done.
Final: Magnetisation = (0.103263,-0.586198), Energy = -1.520192 
<M> = (0.013138,-0.575018), <E> = -1.507826 

T=0.870000	 Thermalizing iterations... 
Done.
Thermalized Magnetisation = (-0.031068,-0.607201), Energy = -1.547915 
Averaging iterations... h=0.000000,0.000000
Done.
Final: Magnetisation = (0.008789,-0.536440), Energy = -1.513780 
<M> = (-0.000045,-0.589290), <E> = -1.519014 

T=0.860000	 Thermalizing iterations... 
Done.
Thermalized Magnetisation = (0.066972,-0.622591), Energy = -1.547709 
Averaging iterations... h=0.000000,0.000000
Done.
Final: Magnetisation = (-0.033797,-0.621854), Energy = -1.536225 
<M> = (-0.005512,-0.595336), <E> = -1.529083 

T=0.850000	 Thermalizing iterations... 
Done.
Thermalized Magnetisation = (-0.032734,-0.596736), Energy = -1.528473 
Averaging iterations... h=0.000000,0.000000
Done.
Final: Magnetisation = (-0.007014,-0.663827), Energy = -1.542784 
<M> = (0.007927,-0.612673), <E> = -1.538516 

T=0.840000	 Thermalizing iterations... 
Done.
Thermalized Magnetisation = (0.024051,-0.654742), Energy = -1.559453 
Averaging iterations... h=0.000000,0.000000
Done.
Final: Magnetisation = (0.061744,-0.643850), Energy = -1.567125 
<M> = (0.014090,-0.615640), <E> = -1.547181 

T=0.830000	 Thermalizing iterations... 
Done.
Thermalized Magnetisation = (-0.005228,-0.612955), Energy = -1.564771 
Averaging iterations... h=0.000000,0.000000
Done.
Final: Magnetisation = (0.042431,-0.631198), Energy = -1.565950 
<M> = (0.010318,-0.621533), <E> = -1.555338 

T=0.820000	 Thermalizing iterations... 
Done.
Thermalized Magnetisation = (-0.038182,-0.634005), Energy = -1.556693 
Averaging iterations... h=0.000000,0.000000
Done.
Final: Magnetisation = (0.033359,-0.647903), Energy = -1.554349 
<M> = (0.005049,-0.623509), <E> = -1.563218 

T=0.810000	 Thermalizing iterations... 
Done.
Thermalized Magnetisation = (0.019298,-0.659539), Energy = -1.549837 
Averaging iterations... h=0.000000,0.000000
Done.
Final: Magnetisation = (-0.003403,-0.600471), Energy = -1.550972 
<M> = (0.009972,-0.630724), <E> = -1.572335 

T=0.800000	 Thermalizing iterations... 
Done.
Thermalized Magnetisation = (-0.004370,-0.666242), Energy = -1.583105 
Averaging iterations... h=0.000000,0.000000
Done.
Final: Magnetisation = (-0.032221,-0.621997), Energy = -1.571579 
<M> = (-0.000718,-0.639922), <E> = -1.580904 

T=0.790000	 Thermalizing iterations... 
Done.
Thermalized Magnetisation = (-0.024544,-0.685885), Energy = -1.594469 
Averaging iterations... h=0.000000,0.000000
Done.
Final: Magnetisation = (-0.076039,-0.648681), Energy = -1.618904 
<M> = (0.007353,-0.646751), <E> = -1.589998 

T=0.780000	 Thermalizing iterations... 
Done.
Thermalized Magnetisation = (-0.016198,-0.640472), Energy = -1.586414 
Averaging iterations... h=0.000000,0.000000
Done.
Final: Magnetisation = (0.011303,-0.674673), Energy = -1.598290 
<M> = (0.006621,-0.655227), <E> = -1.598256 

T=0.770000	 Thermalizing iterations... 
Done.
Thermalized Magnetisation = (0.044545,-0.651051), Energy = -1.601795 
Averaging iterations... h=0.000000,0.000000
Done.
Final: Magnetisation = (-0.009491,-0.650187), Energy = -1.588270 
<M> = (0.011894,-0.662128), <E> = -1.606072 

T=0.760000	 Thermalizing iterations... 
Done.
Thermalized Magnetisation = (-0.019332,-0.655857), Energy = -1.596021 
Averaging iterations... h=0.000000,0.000000
Done.
Final: Magnetisation = (0.115328,-0.672019), Energy = -1.614408 
<M> = (0.010668,-0.662762), <E> = -1.613082 

T=0.750000	 Thermalizing iterations... 
Done.
Thermalized Magnetisation = (-0.005376,-0.607094), Energy = -1.603076 
Averaging iterations... h=0.000000,0.000000
Done.
Final: Magnetisation = (-0.010108,-0.685055), Energy = -1.612674 
<M> = (0.007969,-0.666917), <E> = -1.620184 

T=0.740000	 Thermalizing iterations... 
Done.
Thermalized Magnetisation = (0.043985,-0.697160), Energy = -1.631424 
Averaging iterations... h=0.000000,0.000000
Done.
Final: Magnetisation = (-0.030775,-0.672245), Energy = -1.638120 
<M> = (0.000891,-0.673494), <E> = -1.627428 

T=0.730000	 Thermalizing iterations... 
Done.
Thermalized Magnetisation = (0.018821,-0.665203), Energy = -1.634100 
Averaging iterations... h=0.000000,0.000000
Done.
Final: Magnetisation = (-0.003880,-0.681396), Energy = -1.633501 
<M> = (0.014045,-0.677026), <E> = -1.635605 

T=0.720000	 Thermalizing iterations... 
Done.
Thermalized Magnetisation = (0.064093,-0.682287), Energy = -1.632505 
Averaging iterations... h=0.000000,0.000000
Done.
Final: Magnetisation = (-0.010002,-0.655857), Energy = -1.641652 
<M> = (-0.002250,-0.678806), <E> = -1.643237 

T=0.710000	 Thermalizing iterations... 
Done.
Thermalized Magnetisation = (0.015586,-0.693686), Energy = -1.649222 
Averaging iterations... h=0.000000,0.000000
Done.
Final: Magnetisation = (-0.034513,-0.674141), Energy = -1.670948 
<M> = (0.008012,-0.686960), <E> = -1.650671 

T=0.700000	 Thermalizing iterations... 
Done.
Thermalized Magnetisation = (0.002373,-0.711192), Energy = -1.655401 
Averaging iterations... h=0.000000,0.000000
Done.
Final: Magnetisation = (-0.039897,-0.682337), Energy = -1.648449 
<M> = (0.002679,-0.696514), <E> = -1.658206 

T=0.690000	 Thermalizing iterations... 
Done.
Thermalized Magnetisation = (-0.009647,-0.699309), Energy = -1.666574 
Averaging iterations... h=0.000000,0.000000
Done.
Final: Magnetisation = (0.019956,-0.725878), Energy = -1.669870 
<M> = (0.011444,-0.696728), <E> = -1.664821 

T=0.680000	 Thermalizing iterations... 
Done.
Thermalized Magnetisation = (-0.051729,-0.703070), Energy = -1.656444 
Averaging iterations... h=0.000000,0.000000
Done.
Final: Magnetisation = (-0.039102,-0.698703), Energy = -1.672257 
<M> = (0.012700,-0.695815), <E> = -1.670808 

T=0.670000	 Thermalizing iterations... 
Done.
Thermalized Magnetisation = (-0.026777,-0.700924), Energy = -1.678106 
Averaging iterations... h=0.000000,0.000000
Done.
Final: Magnetisation = (0.031667,-0.684293), Energy = -1.687971 
<M> = (0.011200,-0.700098), <E> = -1.677950 

T=0.660000	 Thermalizing iterations... 
Done.
Thermalized Magnetisation = (-0.025621,-0.702990), Energy = -1.677271 
Averaging iterations... h=0.000000,0.000000
Done.
Final: Magnetisation = (-0.049141,-0.671081), Energy = -1.688540 
<M> = (0.012002,-0.702789), <E> = -1.684822 

T=0.650000	 Thermalizing iterations... 
Done.
Thermalized Magnetisation = (-0.037706,-0.705657), Energy = -1.697842 
Averaging iterations... h=0.000000,0.000000
Done.
Final: Magnetisation = (-0.026312,-0.700690), Energy = -1.685635 
<M> = (0.005447,-0.709903), <E> = -1.692061 

T=0.640000	 Thermalizing iterations... 
Done.
Thermalized Magnetisation = (-0.007819,-0.731664), Energy = -1.705800 
Averaging iterations... h=0.000000,0.000000
Done.
Final: Magnetisation = (0.067169,-0.716950), Energy = -1.705106 
<M> = (0.004924,-0.716193), <E> = -1.699238 

T=0.630000	 Thermalizing iterations... 
Done.
Thermalized Magnetisation = (-0.004990,-0.729282), Energy = -1.701908 
Averaging iterations... h=0.000000,0.000000
Done.
Final: Magnetisation = (-0.041003,-0.713190), Energy = -1.706490 
<M> = (0.010524,-0.720239), <E> = -1.705704 

T=0.620000	 Thermalizing iterations... 
Done.
Thermalized Magnetisation = (-0.001436,-0.742982), Energy = -1.716516 
Averaging iterations... h=0.000000,0.000000
Done.
Final: Magnetisation = (0.081189,-0.728034), Energy = -1.715135 
<M> = (0.009814,-0.724412), <E> = -1.712518 

T=0.610000	 Thermalizing iterations... 
Done.
Thermalized Magnetisation = (0.020032,-0.724824), Energy = -1.724645 
Averaging iterations... h=0.000000,0.000000
Done.
Final: Magnetisation = (-0.031616,-0.730170), Energy = -1.725544 
<M> = (0.010623,-0.724294), <E> = -1.718181 

T=0.600000	 Thermalizing iterations... 
Done.
Thermalized Magnetisation = (-0.003873,-0.702128), Energy = -1.725562 
Averaging iterations... h=0.000000,0.000000
Done.
Final: Magnetisation = (0.029394,-0.735580), Energy = -1.725442 
<M> = (0.004195,-0.725847), <E> = -1.724611 

T=0.590000	 Thermalizing iterations... 
Done.
Thermalized Magnetisation = (-0.047707,-0.724614), Energy = -1.727036 
Averaging iterations... h=0.000000,0.000000
Done.
Final: Magnetisation = (0.041534,-0.742565), Energy = -1.735928 
<M> = (0.014539,-0.730400), <E> = -1.730705 

T=0.580000	 Thermalizing iterations... 
Done.
Thermalized Magnetisation = (0.048112,-0.732848), Energy = -1.748797 
Averaging iterations... h=0.000000,0.000000
Done.
Final: Magnetisation = (-0.005288,-0.726463), Energy = -1.750897 
<M> = (0.001656,-0.735281), <E> = -1.737499 

T=0.570000	 Thermalizing iterations... 
Done.
Thermalized Magnetisation = (-0.026658,-0.729360), Energy = -1.747668 
Averaging iterations... h=0.000000,0.000000
Done.
Final: Magnetisation = (0.061138,-0.726280), Energy = -1.739963 
<M> = (0.000331,-0.742387), <E> = -1.744098 

T=0.560000	 Thermalizing iterations... 
Done.
Thermalized Magnetisation = (0.003060,-0.754501), Energy = -1.751052 
Averaging iterations... h=0.000000,0.000000
Done.
Final: Magnetisation = (0.043436,-0.726573), Energy = -1.749557 
<M> = (0.008726,-0.745285), <E> = -1.750599 

T=0.550000	 Thermalizing iterations... 
Done.
Thermalized Magnetisation = (-0.008783,-0.740057), Energy = -1.766376 
Averaging iterations... h=0.000000,0.000000
Done.
Final: Magnetisation = (0.010468,-0.748849), Energy = -1.760936 
<M> = (0.000770,-0.747948), <E> = -1.756734 

T=0.540000	 Thermalizing iterations... 
Done.
Thermalized Magnetisation = (0.037564,-0.744262), Energy = -1.764906 
Averaging iterations... h=0.000000,0.000000
Done.
Final: Magnetisation = (0.028850,-0.765416), Energy = -1.762440 
<M> = (0.010399,-0.749447), <E> = -1.762684 

T=0.530000	 Thermalizing iterations... 
Done.
Thermalized Magnetisation = (0.045730,-0.734634), Energy = -1.773701 
Averaging iterations... h=0.000000,0.000000
Done.
Final: Magnetisation = (0.006878,-0.768124), Energy = -1.780845 
<M> = (0.013210,-0.750076), <E> = -1.768398 

T=0.520000	 Thermalizing iterations... 
Done.
Thermalized Magnetisation = (-0.015312,-0.741419), Energy = -1.774610 
Averaging iterations... h=0.000000,0.000000
Done.
Final: Magnetisation = (-0.009267,-0.756424), Energy = -1.771749 
<M> = (0.008514,-0.752395), <E> = -1.774268 

T=0.510000	 Thermalizing iterations... 
Done.
Thermalized Magnetisation = (-0.037919,-0.750186), Energy = -1.780790 
Averaging iterations... h=0.000000,0.000000
Done.
Final: Magnetisation = (0.015805,-0.744678), Energy = -1.782599 
<M> = (0.007865,-0.758121), <E> = -1.780525 

T=0.500000	 Thermalizing iterations... 
Done.
Thermalized Magnetisation = (-0.035373,-0.785651), Energy = -1.792504 
Averaging iterations... h=0.000000,0.000000
Done.
Final: Magnetisation = (-0.000594,-0.760668), Energy = -1.789378 
<M> = (0.009790,-0.762721), <E> = -1.786921 

T=0.490000	 Thermalizing iterations... 
Done.
Thermalized Magnetisation = (0.014277,-0.772601), Energy = -1.794191 
Averaging iterations... h=0.000000,0.000000
Done.
Final: Magnetisation = (0.026041,-0.759019), Energy = -1.786666 
<M> = (0.004117,-0.764822), <E> = -1.793289 

T=0.480000	 Thermalizing iterations... 
Done.
Thermalized Magnetisation = (0.056196,-0.767128), Energy = -1.798447 
Averaging iterations... h=0.000000,0.000000
Done.
Final: Magnetisation = (-0.017407,-0.750844), Energy = -1.791009 
<M> = (0.008688,-0.771181), <E> = -1.799013 

T=0.470000	 Thermalizing iterations... 
Done.
Thermalized Magnetisation = (0.054922,-0.765514), Energy = -1.808674 
Averaging iterations... h=0.000000,0.000000
Done.
Final: Magnetisation = (0.008878,-0.778414), Energy = -1.807202 
<M> = (0.005828,-0.772608), <E> = -1.804919 

T=0.460000	 Thermalizing iterations... 
Done.
Thermalized Magnetisation = (0.053584,-0.781033), Energy = -1.805427 
Averaging iterations... h=0.000000,0.000000
Done.
Final: Magnetisation = (0.029471,-0.771674), Energy = -1.799956 
<M> = (0.012108,-0.771505), <E> = -1.810462 

T=0.450000	 Thermalizing iterations... 
Done.
Thermalized Magnetisation = (0.007250,-0.765302), Energy = -1.819378 
Averaging iterations... h=0.000000,0.000000
Done.
Final: Magnetisation = (0.057502,-0.767400), Energy = -1.814324 
<M> = (0.005496,-0.775257), <E> = -1.816526 

T=0.440000	 Thermalizing iterations... 
Done.
Thermalized Magnetisation = (0.002927,-0.791148), Energy = -1.823418 
Averaging iterations... h=0.000000,0.000000
Done.
Final: Magnetisation = (0.020112,-0.772749), Energy = -1.821313 
<M> = (0.012246,-0.780420), <E> = -1.822370 

T=0.430000	 Thermalizing iterations... 
Done.
Thermalized Magnetisation = (-0.063852,-0.796930), Energy = -1.832560 
Averaging iterations... h=0.000000,0.000000
Done.
Final: Magnetisation = (-0.016336,-0.769732), Energy = -1.822328 
<M> = (0.005598,-0.781427), <E> = -1.828114 

T=0.420000	 Thermalizing iterations... 
Done.
Thermalized Magnetisation = (0.017818,-0.794075), Energy = -1.833945 
Averaging iterations... h=0.000000,0.000000
Done.
Final: Magnetisation = (0.008996,-0.782178), Energy = -1.838126 
<M> = (0.000719,-0.786605), <E> = -1.834002 

T=0.410000	 Thermalizing iterations... 
Done.
Thermalized Magnetisation = (0.042884,-0.783543), Energy = -1.842064 
Averaging iterations... h=0.000000,0.000000
Done.
Final: Magnetisation = (-0.012362,-0.771768), Energy = -1.838046 
<M> = (0.005633,-0.790439), <E> = -1.839896 

T=0.400000	 Thermalizing iterations... 
Done.
Thermalized Magnetisation = (0.004446,-0.788473), Energy = -1.836328 
Averaging iterations... h=0.000000,0.000000
Done.
Final: Magnetisation = (0.020020,-0.797326), Energy = -1.841562 
<M> = (0.005861,-0.794108), <E> = -1.845500 

T=0.390000	 Thermalizing iterations... 
Done.
Thermalized Magnetisation = (-0.002522,-0.777722), Energy = -1.848352 
Averaging iterations... h=0.000000,0.000000
Done.
Final: Magnetisation = (0.015279,-0.794894), Energy = -1.842745 
<M> = (0.012023,-0.793643), <E> = -1.850984 

T=0.380000	 Thermalizing iterations... 
Done.
Thermalized Magnetisation = (-0.017374,-0.798780), Energy = -1.852602 
Averaging iterations... h=0.000000,0.000000
Done.
Final: Magnetisation = (-0.018109,-0.800661), Energy = -1.860398 
<M> = (0.010201,-0.797060), <E> = -1.856692 

T=0.370000	 Thermalizing iterations... 
Done.
Thermalized Magnetisation = (0.033086,-0.814005), Energy = -1.867459 
Averaging iterations... h=0.000000,0.000000
Done.
Final: Magnetisation = (-0.000253,-0.799001), Energy = -1.862839 
<M> = (0.017789,-0.797741), <E> = -1.862067 

T=0.360000	 Thermalizing iterations... 
Done.
Thermalized Magnetisation = (0.019537,-0.807450), Energy = -1.868090 
Averaging iterations... h=0.000000,0.000000
Done.
Final: Magnetisation = (0.014318,-0.806835), Energy = -1.866235 
<M> = (0.005824,-0.802953), <E> = -1.867797 

T=0.350000	 Thermalizing iterations... 
Done.
Thermalized Magnetisation = (0.022906,-0.802046), Energy = -1.867910 
Averaging iterations... h=0.000000,0.000000
Done.
Final: Magnetisation = (0.030823,-0.795083), Energy = -1.871000 
<M> = (0.011099,-0.807323), <E> = -1.873497 

T=0.340000	 Thermalizing iterations... 
Done.
Thermalized Magnetisation = (0.026630,-0.821347), Energy = -1.880911 
Averaging iterations... h=0.000000,0.000000
Done.
Final: Magnetisation = (0.031299,-0.806703), Energy = -1.876901 
<M> = (0.005690,-0.809435), <E> = -1.879303 

T=0.330000	 Thermalizing iterations... 
Done.
Thermalized Magnetisation = (-0.025311,-0.811487), Energy = -1.883210 
Averaging iterations... h=0.000000,0.000000
Done.
Final: Magnetisation = (0.006012,-0.820386), Energy = -1.884474 
<M> = (0.006151,-0.813496), <E> = -1.884955 

T=0.320000	 Thermalizing iterations... 
Done.
Thermalized Magnetisation = (0.012661,-0.812995), Energy = -1.888040 
Averaging iterations... h=0.000000,0.000000
Done.
Final: Magnetisation = (0.010539,-0.819030), Energy = -1.893892 
<M> = (0.005329,-0.815688), <E> = -1.890358 

T=0.310000	 Thermalizing iterations... 
Done.
Thermalized Magnetisation = (0.022740,-0.812881), Energy = -1.895602 
Averaging iterations... h=0.000000,0.000000
Done.
Final: Magnetisation = (0.018976,-0.815860), Energy = -1.891829 
<M> = (0.012790,-0.816925), <E> = -1.895606 

T=0.300000	 Thermalizing iterations... 
Done.
Thermalized Magnetisation = (0.000403,-0.811764), Energy = -1.904366 
Averaging iterations... h=0.000000,0.000000
Done.
Final: Magnetisation = (-0.017386,-0.804129), Energy = -1.897427 
<M> = (0.010500,-0.819811), <E> = -1.901216 

T=0.290000	 Thermalizing iterations... 
Done.
Thermalized Magnetisation = (-0.000714,-0.828156), Energy = -1.907669 
Averaging iterations... h=0.000000,0.000000
Done.
Final: Magnetisation = (0.026348,-0.824865), Energy = -1.905676 
<M> = (0.012363,-0.822648), <E> = -1.906658 

T=0.280000	 Thermalizing iterations... 
Done.
Thermalized Magnetisation = (0.005769,-0.811077), Energy = -1.910003 
Averaging iterations... h=0.000000,0.000000
Done.
Final: Magnetisation = (-0.018595,-0.829816), Energy = -1.909679 
<M> = (0.006293,-0.824450), <E> = -1.911988 

T=0.270000	 Thermalizing iterations... 
Done.
Thermalized Magnetisation = (-0.011489,-0.844908), Energy = -1.919423 
Averaging iterations... h=0.000000,0.000000
Done.
Final: Magnetisation = (0.015581,-0.830977), Energy = -1.915917 
<M> = (0.008205,-0.829407), <E> = -1.917744 

T=0.260000	 Thermalizing iterations... 
Done.
Thermalized Magnetisation = (-0.005343,-0.828584), Energy = -1.922868 
Averaging iterations... h=0.000000,0.000000
Done.
Final: Magnetisation = (0.001902,-0.827269), Energy = -1.923427 
<M> = (0.010425,-0.833223), <E> = -1.923176 

T=0.250000	 Thermalizing iterations... 
Done.
Thermalized Magnetisation = (0.011394,-0.824762), Energy = -1.930263 
Averaging iterations... h=0.000000,0.000000
Done.
Final: Magnetisation = (0.008785,-0.831863), Energy = -1.934667 
<M> = (0.011886,-0.834612), <E> = -1.928405 

T=0.240000	 Thermalizing iterations... 
Done.
Thermalized Magnetisation = (0.027083,-0.824872), Energy = -1.938213 
Averaging iterations... h=0.000000,0.000000
Done.
Final: Magnetisation = (0.028691,-0.839075), Energy = -1.934843 
<M> = (0.009755,-0.835979), <E> = -1.933812 

T=0.230000	 Thermalizing iterations... 
Done.
Thermalized Magnetisation = (-0.014495,-0.839459), Energy = -1.941218 
Averaging iterations... h=0.000000,0.000000
Done.
Final: Magnetisation = (-0.019479,-0.831678), Energy = -1.937777 
<M> = (0.008067,-0.837337), <E> = -1.938993 

T=0.220000	 Thermalizing iterations... 
Done.
Thermalized Magnetisation = (0.029504,-0.847704), Energy = -1.943747 
Averaging iterations... h=0.000000,0.000000
Done.
Final: Magnetisation = (0.023448,-0.839974), Energy = -1.942666 
<M> = (0.013585,-0.840788), <E> = -1.944307 

T=0.210000	 Thermalizing iterations... 
Done.
Thermalized Magnetisation = (-0.000781,-0.842071), Energy = -1.949991 
Averaging iterations... h=0.000000,0.000000
Done.
Final: Magnetisation = (-0.003742,-0.847052), Energy = -1.950898 
<M> = (0.006558,-0.844142), <E> = -1.949696 

T=0.200000	 Thermalizing iterations... 
Done.
Thermalized Magnetisation = (0.024238,-0.845669), Energy = -1.955205 
Averaging iterations... h=0.000000,0.000000
Done.
Final: Magnetisation = (0.013722,-0.846386), Energy = -1.951648 
<M> = (0.008713,-0.847871), <E> = -1.955029 

T=0.190000	 Thermalizing iterations... 
Done.
Thermalized Magnetisation = (0.020305,-0.849329), Energy = -1.959947 
Averaging iterations... h=0.000000,0.000000
Done.
Final: Magnetisation = (0.008277,-0.841449), Energy = -1.962098 
<M> = (0.012075,-0.849473), <E> = -1.960383 

T=0.180000	 Thermalizing iterations... 
Done.
Thermalized Magnetisation = (0.022285,-0.846803), Energy = -1.968741 
Averaging iterations... h=0.000000,0.000000
Done.
Final: Magnetisation = (0.015316,-0.853211), Energy = -1.967629 
<M> = (0.013616,-0.852322), <E> = -1.965661 

T=0.170000	 Thermalizing iterations... 
Done.
Thermalized Magnetisation = (0.012523,-0.856380), Energy = -1.968435 
Averaging iterations... h=0.000000,0.000000
Done.
Final: Magnetisation = (0.022488,-0.863622), Energy = -1.968322 
<M> = (0.007321,-0.855426), <E> = -1.970863 

T=0.160000	 Thermalizing iterations... 
Done.
Thermalized Magnetisation = (-0.012460,-0.860649), Energy = -1.979283 
Averaging iterations... h=0.000000,0.000000
Done.
Final: Magnetisation = (0.000015,-0.856288), Energy = -1.977287 
<M> = (0.007281,-0.856431), <E> = -1.976111 

T=0.150000	 Thermalizing iterations... 
Done.
Thermalized Magnetisation = (0.035619,-0.858580), Energy = -1.981914 
Averaging iterations... h=0.000000,0.000000
Done.
Final: Magnetisation = (0.012373,-0.868365), Energy = -1.979917 
<M> = (0.009250,-0.859136), <E> = -1.981242 

T=0.140000	 Thermalizing iterations... 
Done.
Thermalized Magnetisation = (0.020233,-0.858434), Energy = -1.986929 
Averaging iterations... h=0.000000,0.000000
Done.
Final: Magnetisation = (0.008602,-0.860940), Energy = -1.986958 
<M> = (0.007062,-0.861104), <E> = -1.986390 

T=0.130000	 Thermalizing iterations... 
Done.
Thermalized Magnetisation = (0.019462,-0.868621), Energy = -1.994013 
Averaging iterations... h=0.000000,0.000000
Done.
Final: Magnetisation = (-0.006195,-0.862181), Energy = -1.991175 
<M> = (0.011564,-0.865094), <E> = -1.991674 

T=0.120000	 Thermalizing iterations... 
Done.
Thermalized Magnetisation = (0.016331,-0.874878), Energy = -1.994516 
Averaging iterations... h=0.000000,0.000000
Done.
Final: Magnetisation = (0.014931,-0.870397), Energy = -1.995193 
<M> = (0.008337,-0.867020), <E> = -1.996962 

T=0.110000	 Thermalizing iterations... 
Done.
Thermalized Magnetisation = (0.009069,-0.863901), Energy = -2.001952 
Averaging iterations... h=0.000000,0.000000
Done.
Final: Magnetisation = (0.012365,-0.869787), Energy = -2.001590 
<M> = (0.015624,-0.869392), <E> = -2.002064 

T=0.100000	 Thermalizing iterations... 
Done.
Thermalized Magnetisation = (0.010000,-0.867019), Energy = -2.007624 
Averaging iterations... h=0.000000,0.000000
Done.
Final: Magnetisation = (-0.008425,-0.865170), Energy = -2.006799 
<M> = (0.009404,-0.871224), <E> = -2.007164 

T=0.090000	 Thermalizing iterations... 
Done.
Thermalized Magnetisation = (0.009687,-0.875767), Energy = -2.010718 
Averaging iterations... h=0.000000,0.000000
Done.
Final: Magnetisation = (0.013268,-0.876385), Energy = -2.011776 
<M> = (0.011112,-0.873904), <E> = -2.012264 

T=0.080000	 Thermalizing iterations... 
Done.
Thermalized Magnetisation = (0.007794,-0.880906), Energy = -2.018749 
Averaging iterations... h=0.000000,0.000000
Done.
Final: Magnetisation = (0.008376,-0.875613), Energy = -2.017888 
<M> = (0.011181,-0.875697), <E> = -2.017370 

T=0.070000	 Thermalizing iterations... 
Done.
Thermalized Magnetisation = (0.002231,-0.881258), Energy = -2.022191 
Averaging iterations... h=0.000000,0.000000
Done.
Final: Magnetisation = (0.019432,-0.878059), Energy = -2.023088 
<M> = (0.007473,-0.879913), <E> = -2.022459 

T=0.060000	 Thermalizing iterations... 
Done.
Thermalized Magnetisation = (-0.010710,-0.882605), Energy = -2.026815 
Averaging iterations... h=0.000000,0.000000
Done.
Final: Magnetisation = (0.012340,-0.882386), Energy = -2.027324 
<M> = (0.007459,-0.881181), <E> = -2.027556 

T=0.050000	 Thermalizing iterations... 
Done.
Thermalized Magnetisation = (0.006822,-0.883552), Energy = -2.033340 
Averaging iterations... h=0.000000,0.000000
Done.
Final: Magnetisation = (0.007530,-0.884515), Energy = -2.032938 
<M> = (0.011860,-0.883346), <E> = -2.032674 

T=0.040000	 Thermalizing iterations... 
Done.
Thermalized Magnetisation = (0.013146,-0.884387), Energy = -2.037515 
Averaging iterations... h=0.000000,0.000000
Done.
Final: Magnetisation = (0.002273,-0.886482), Energy = -2.037020 
<M> = (0.011464,-0.886784), <E> = -2.037693 

T=0.030000	 Thermalizing iterations... 
Done.
Thermalized Magnetisation = (0.002238,-0.888780), Energy = -2.042380 
Averaging iterations... h=0.000000,0.000000
Done.
Final: Magnetisation = (0.013154,-0.888270), Energy = -2.042537 
<M> = (0.007443,-0.888479), <E> = -2.042755 

T=0.020000	 Thermalizing iterations... 
Done.
Thermalized Magnetisation = (0.009248,-0.889865), Energy = -2.047672 
Averaging iterations... h=0.000000,0.000000
Done.
Final: Magnetisation = (0.012069,-0.890725), Energy = -2.047953 
<M> = (0.007800,-0.890909), <E> = -2.047754 

T=0.010000	 Thermalizing iterations... 
Done.
Thermalized Magnetisation = (0.010685,-0.892957), Energy = -2.052771 
Averaging iterations... h=0.000000,0.000000
Done.
Final: Magnetisation = (0.009268,-0.892776), Energy = -2.052747 
<M> = (0.010447,-0.893735), <E> = -2.052776 
Final Magnetisation = (0.009268,-0.892776), Energy = -2.052747 
------------------------

Updating all (first)black/(then)white checkerboard sites simultaneously.. 

ztne RFXY h rotating with |h|=0.000000 at T=0.000000..
loop 1

loop 2

CPU  Start Time = 5611269.468257 

CPU  End Time = 5618475.729602 

CPU Time elapsed total = 7206.261345 

real	120m6.332s
user	1920m42.478s
sys	0m51.634s
