+ cd /home/sbasak/Exercises/OpenMP/XY_code/Z2/rotating_field/trial/config/config_122
+ export OMP_NUM_THREADS=28
+ OMP_NUM_THREADS=28
+ ./a_2.out
nearest neighbor initialized. 
h loaded. 
J loaded. 
L = 128, dim_L = 2, dim_S = 2
hysteresis_MCS_multiplier = 10, hysteresis_MCS_max = 100
RAND_MAX = 2147483647.000000,
 sizeof(int) = 4,
 sizeof(long) = 8,
 sizeof(double) = 8,
 sizeof(long int) = 8,
 sizeof(short int) = 2,
 sizeof(unsigned int) = 4,
 sizeof(RAND_MAX) = 4
No. of THREADS = 28
No. of PROCESSORS = 28

0.058750,0.021834
order = ({1.000000-->-1.000000,0.000000}, 0, 1)
Initial Magnetisation = (0.058750,0.021834), Energy = 0.011255 
Cooling... 
T=2.000000	 Thermalizing iterations... 
Done.
Thermalized Magnetisation = (0.200052,-0.025637), Energy = -0.669904 
Averaging iterations... h=0.250000,0.000000
Done.
Final: Magnetisation = (0.224786,-0.039203), Energy = -0.691444 
<M> = (0.224453,0.000115), <E> = -0.711196 

T=1.990000	 Thermalizing iterations... 
Done.
Thermalized Magnetisation = (0.181376,0.034762), Energy = -0.701634 
Averaging iterations... h=0.250000,0.000000
Done.
Final: Magnetisation = (0.243101,0.012067), Energy = -0.744767 
<M> = (0.228394,-0.001624), <E> = -0.717537 

T=1.980000	 Thermalizing iterations... 
Done.
Thermalized Magnetisation = (0.221267,0.006613), Energy = -0.731379 
Averaging iterations... h=0.250000,0.000000
Done.
Final: Magnetisation = (0.240520,-0.009694), Energy = -0.718637 
<M> = (0.230869,-0.000924), <E> = -0.723228 

T=1.970000	 Thermalizing iterations... 
Done.
Thermalized Magnetisation = (0.241032,0.023542), Energy = -0.748107 
Averaging iterations... h=0.250000,0.000000
Done.
Final: Magnetisation = (0.236453,-0.053584), Energy = -0.709542 
<M> = (0.234004,-0.002229), <E> = -0.728901 

T=1.960000	 Thermalizing iterations... 
Done.
Thermalized Magnetisation = (0.233668,-0.035467), Energy = -0.769179 
Averaging iterations... h=0.250000,0.000000
Done.
Final: Magnetisation = (0.243571,0.011371), Energy = -0.756144 
<M> = (0.237488,-0.000707), <E> = -0.734616 

T=1.950000	 Thermalizing iterations... 
Done.
Thermalized Magnetisation = (0.244780,0.008364), Energy = -0.730877 
Averaging iterations... h=0.250000,0.000000
Done.
Final: Magnetisation = (0.292594,-0.015351), Energy = -0.770039 
<M> = (0.240150,-0.000245), <E> = -0.739185 

T=1.940000	 Thermalizing iterations... 
Done.
Thermalized Magnetisation = (0.291393,0.004107), Energy = -0.769701 
Averaging iterations... h=0.250000,0.000000
Done.
Final: Magnetisation = (0.265101,0.026941), Energy = -0.729463 
<M> = (0.242463,0.000181), <E> = -0.743616 

T=1.930000	 Thermalizing iterations... 
Done.
Thermalized Magnetisation = (0.266652,-0.025814), Energy = -0.781971 
Averaging iterations... h=0.250000,0.000000
Done.
Final: Magnetisation = (0.191473,0.032746), Energy = -0.685534 
<M> = (0.244563,0.000404), <E> = -0.748064 

T=1.920000	 Thermalizing iterations... 
Done.
Thermalized Magnetisation = (0.219511,0.038007), Energy = -0.764231 
Averaging iterations... h=0.250000,0.000000
Done.
Final: Magnetisation = (0.249627,-0.041481), Energy = -0.732699 
<M> = (0.248743,-0.001146), <E> = -0.755157 

T=1.910000	 Thermalizing iterations... 
Done.
Thermalized Magnetisation = (0.194092,0.005237), Energy = -0.701308 
Averaging iterations... h=0.250000,0.000000
Done.
Final: Magnetisation = (0.211698,-0.027695), Energy = -0.785148 
<M> = (0.252172,-0.000782), <E> = -0.761654 

T=1.900000	 Thermalizing iterations... 
Done.
Thermalized Magnetisation = (0.290230,0.088760), Energy = -0.781763 
Averaging iterations... h=0.250000,0.000000
Done.
Final: Magnetisation = (0.203611,-0.010449), Energy = -0.717297 
<M> = (0.255403,-0.002638), <E> = -0.767186 

T=1.890000	 Thermalizing iterations... 
Done.
Thermalized Magnetisation = (0.211338,0.004375), Energy = -0.741596 
Averaging iterations... h=0.250000,0.000000
Done.
Final: Magnetisation = (0.211015,0.014135), Energy = -0.737050 
<M> = (0.258376,-0.002102), <E> = -0.773354 

T=1.880000	 Thermalizing iterations... 
Done.
Thermalized Magnetisation = (0.287952,-0.036220), Energy = -0.808942 
Averaging iterations... h=0.250000,0.000000
Done.
Final: Magnetisation = (0.192312,0.015924), Energy = -0.748380 
<M> = (0.262719,-0.001373), <E> = -0.779996 

T=1.870000	 Thermalizing iterations... 
Done.
Thermalized Magnetisation = (0.258843,-0.012989), Energy = -0.765782 
Averaging iterations... h=0.250000,0.000000
Done.
Final: Magnetisation = (0.277204,0.026158), Energy = -0.778617 
<M> = (0.265983,0.001646), <E> = -0.785226 

T=1.860000	 Thermalizing iterations... 
Done.
Thermalized Magnetisation = (0.226864,0.039472), Energy = -0.741773 
Averaging iterations... h=0.250000,0.000000
Done.
Final: Magnetisation = (0.287097,-0.033434), Energy = -0.777311 
<M> = (0.268318,-0.000257), <E> = -0.790754 

T=1.850000	 Thermalizing iterations... 
Done.
Thermalized Magnetisation = (0.260655,0.078476), Energy = -0.805529 
Averaging iterations... h=0.250000,0.000000
Done.
Final: Magnetisation = (0.296670,0.004879), Energy = -0.835126 
<M> = (0.271965,-0.000649), <E> = -0.796697 

T=1.840000	 Thermalizing iterations... 
Done.
Thermalized Magnetisation = (0.275940,0.036195), Energy = -0.794783 
Averaging iterations... h=0.250000,0.000000
Done.
Final: Magnetisation = (0.308313,-0.016099), Energy = -0.848740 
<M> = (0.277199,-0.001239), <E> = -0.804668 

T=1.830000	 Thermalizing iterations... 
Done.
Thermalized Magnetisation = (0.327427,-0.015230), Energy = -0.828593 
Averaging iterations... h=0.250000,0.000000
Done.
Final: Magnetisation = (0.288474,0.011354), Energy = -0.815622 
<M> = (0.280063,-0.002820), <E> = -0.810819 

T=1.820000	 Thermalizing iterations... 
Done.
Thermalized Magnetisation = (0.270022,0.036470), Energy = -0.803574 
Averaging iterations... h=0.250000,0.000000
Done.
Final: Magnetisation = (0.292723,-0.012291), Energy = -0.812922 
<M> = (0.284216,-0.002253), <E> = -0.818599 

T=1.810000	 Thermalizing iterations... 
Done.
Thermalized Magnetisation = (0.276153,0.018021), Energy = -0.821192 
Averaging iterations... h=0.250000,0.000000
Done.
Final: Magnetisation = (0.282687,0.065283), Energy = -0.792847 
<M> = (0.290243,-0.001622), <E> = -0.826565 

T=1.800000	 Thermalizing iterations... 
Done.
Thermalized Magnetisation = (0.252851,-0.001754), Energy = -0.787959 
Averaging iterations... h=0.250000,0.000000
Done.
Final: Magnetisation = (0.302030,0.022669), Energy = -0.860287 
<M> = (0.293162,0.000002), <E> = -0.831784 

T=1.790000	 Thermalizing iterations... 
Done.
Thermalized Magnetisation = (0.296231,-0.033203), Energy = -0.850189 
Averaging iterations... h=0.250000,0.000000
Done.
Final: Magnetisation = (0.253894,-0.077905), Energy = -0.787703 
<M> = (0.295744,0.000041), <E> = -0.837588 

T=1.780000	 Thermalizing iterations... 
Done.
Thermalized Magnetisation = (0.314813,0.002506), Energy = -0.865721 
Averaging iterations... h=0.250000,0.000000
Done.
Final: Magnetisation = (0.299850,0.007661), Energy = -0.832303 
<M> = (0.299363,0.000351), <E> = -0.844008 

T=1.770000	 Thermalizing iterations... 
Done.
Thermalized Magnetisation = (0.304216,0.042158), Energy = -0.844353 
Averaging iterations... h=0.250000,0.000000
Done.
Final: Magnetisation = (0.290181,0.063638), Energy = -0.840231 
<M> = (0.304268,-0.002445), <E> = -0.852278 

T=1.760000	 Thermalizing iterations... 
Done.
Thermalized Magnetisation = (0.313893,0.003340), Energy = -0.881908 
Averaging iterations... h=0.250000,0.000000
Done.
Final: Magnetisation = (0.348507,-0.031330), Energy = -0.874289 
<M> = (0.309122,-0.000977), <E> = -0.860109 

T=1.750000	 Thermalizing iterations... 
Done.
Thermalized Magnetisation = (0.298948,0.003564), Energy = -0.837804 
Averaging iterations... h=0.250000,0.000000
Done.
Final: Magnetisation = (0.354938,-0.021458), Energy = -0.863080 
<M> = (0.312634,-0.003404), <E> = -0.867449 

T=1.740000	 Thermalizing iterations... 
Done.
Thermalized Magnetisation = (0.328814,0.012231), Energy = -0.856216 
Averaging iterations... h=0.250000,0.000000
Done.
Final: Magnetisation = (0.305587,0.005521), Energy = -0.863162 
<M> = (0.317297,-0.002570), <E> = -0.875093 

T=1.730000	 Thermalizing iterations... 
Done.
Thermalized Magnetisation = (0.345227,-0.035187), Energy = -0.909890 
Averaging iterations... h=0.250000,0.000000
Done.
Final: Magnetisation = (0.304170,-0.039129), Energy = -0.875378 
<M> = (0.323008,-0.001060), <E> = -0.883737 

T=1.720000	 Thermalizing iterations... 
Done.
Thermalized Magnetisation = (0.340288,-0.056215), Energy = -0.908543 
Averaging iterations... h=0.250000,0.000000
Done.
Final: Magnetisation = (0.341941,0.025103), Energy = -0.906921 
<M> = (0.325741,0.000720), <E> = -0.888952 

T=1.710000	 Thermalizing iterations... 
Done.
Thermalized Magnetisation = (0.347815,-0.033386), Energy = -0.948126 
Averaging iterations... h=0.250000,0.000000
Done.
Final: Magnetisation = (0.372920,-0.003436), Energy = -0.938045 
<M> = (0.329980,0.000258), <E> = -0.896643 

T=1.700000	 Thermalizing iterations... 
Done.
Thermalized Magnetisation = (0.370290,0.029788), Energy = -0.944596 
Averaging iterations... h=0.250000,0.000000
Done.
Final: Magnetisation = (0.366206,0.018154), Energy = -0.918593 
<M> = (0.335223,-0.000377), <E> = -0.905334 

T=1.690000	 Thermalizing iterations... 
Done.
Thermalized Magnetisation = (0.278155,0.021139), Energy = -0.897825 
Averaging iterations... h=0.250000,0.000000
Done.
Final: Magnetisation = (0.347668,-0.056395), Energy = -0.908686 
<M> = (0.341067,-0.001000), <E> = -0.914243 

T=1.680000	 Thermalizing iterations... 
Done.
Thermalized Magnetisation = (0.305497,-0.028143), Energy = -0.888469 
Averaging iterations... h=0.250000,0.000000
Done.
Final: Magnetisation = (0.332689,-0.084432), Energy = -0.913786 
<M> = (0.346098,-0.002735), <E> = -0.923219 

T=1.670000	 Thermalizing iterations... 
Done.
Thermalized Magnetisation = (0.348791,-0.005833), Energy = -0.925618 
Averaging iterations... h=0.250000,0.000000
Done.
Final: Magnetisation = (0.352075,-0.074541), Energy = -0.969121 
<M> = (0.350597,-0.002549), <E> = -0.931424 

T=1.660000	 Thermalizing iterations... 
Done.
Thermalized Magnetisation = (0.294197,0.027672), Energy = -0.929258 
Averaging iterations... h=0.250000,0.000000
Done.
Final: Magnetisation = (0.358563,-0.021870), Energy = -0.950719 
<M> = (0.356709,-0.001834), <E> = -0.940940 

T=1.650000	 Thermalizing iterations... 
Done.
Thermalized Magnetisation = (0.369599,-0.013411), Energy = -0.924429 
Averaging iterations... h=0.250000,0.000000
Done.
Final: Magnetisation = (0.323881,0.036172), Energy = -0.910143 
<M> = (0.361386,0.000365), <E> = -0.948534 

T=1.640000	 Thermalizing iterations... 
Done.
Thermalized Magnetisation = (0.358652,0.051437), Energy = -0.951589 
Averaging iterations... h=0.250000,0.000000
Done.
Final: Magnetisation = (0.422672,-0.014623), Energy = -0.992011 
<M> = (0.366074,0.000956), <E> = -0.956314 

T=1.630000	 Thermalizing iterations... 
Done.
Thermalized Magnetisation = (0.369988,0.029224), Energy = -0.971690 
Averaging iterations... h=0.250000,0.000000
Done.
Final: Magnetisation = (0.364657,0.013649), Energy = -0.920473 
<M> = (0.371145,0.000045), <E> = -0.965123 

T=1.620000	 Thermalizing iterations... 
Done.
Thermalized Magnetisation = (0.404242,-0.029719), Energy = -1.003962 
Averaging iterations... h=0.250000,0.000000
Done.
Final: Magnetisation = (0.399618,-0.045587), Energy = -0.972725 
<M> = (0.377087,-0.001283), <E> = -0.974666 

T=1.610000	 Thermalizing iterations... 
Done.
Thermalized Magnetisation = (0.369678,0.044722), Energy = -0.980031 
Averaging iterations... h=0.250000,0.000000
Done.
Final: Magnetisation = (0.378161,0.076259), Energy = -1.004439 
<M> = (0.382315,-0.002088), <E> = -0.984073 

T=1.600000	 Thermalizing iterations... 
Done.
Thermalized Magnetisation = (0.396178,-0.033310), Energy = -1.020791 
Averaging iterations... h=0.250000,0.000000
Done.
Final: Magnetisation = (0.332574,0.010386), Energy = -0.925965 
<M> = (0.387685,-0.004099), <E> = -0.994294 

T=1.590000	 Thermalizing iterations... 
Done.
Thermalized Magnetisation = (0.355125,0.037035), Energy = -0.961295 
Averaging iterations... h=0.250000,0.000000
Done.
Final: Magnetisation = (0.365272,0.031382), Energy = -0.986791 
<M> = (0.393698,-0.002867), <E> = -1.003975 

T=1.580000	 Thermalizing iterations... 
Done.
Thermalized Magnetisation = (0.397678,-0.001962), Energy = -0.978159 
Averaging iterations... h=0.250000,0.000000
Done.
Final: Magnetisation = (0.384263,-0.022704), Energy = -1.053891 
<M> = (0.400000,-0.000985), <E> = -1.013728 

T=1.570000	 Thermalizing iterations... 
Done.
Thermalized Magnetisation = (0.397304,0.020445), Energy = -1.026531 
Averaging iterations... h=0.250000,0.000000
Done.
Final: Magnetisation = (0.395747,-0.005715), Energy = -1.021014 
<M> = (0.405838,0.000648), <E> = -1.022591 

T=1.560000	 Thermalizing iterations... 
Done.
Thermalized Magnetisation = (0.444996,-0.028486), Energy = -1.091729 
Averaging iterations... h=0.250000,0.000000
Done.
Final: Magnetisation = (0.392942,-0.000772), Energy = -1.008615 
<M> = (0.410252,0.000251), <E> = -1.030910 

T=1.550000	 Thermalizing iterations... 
Done.
Thermalized Magnetisation = (0.389746,-0.026512), Energy = -0.981157 
Averaging iterations... h=0.250000,0.000000
Done.
Final: Magnetisation = (0.383688,0.026523), Energy = -0.995018 
<M> = (0.416875,0.001159), <E> = -1.041301 

T=1.540000	 Thermalizing iterations... 
Done.
Thermalized Magnetisation = (0.408751,0.058220), Energy = -1.047751 
Averaging iterations... h=0.250000,0.000000
Done.
Final: Magnetisation = (0.400564,-0.077186), Energy = -1.057991 
<M> = (0.422965,0.000135), <E> = -1.051757 

T=1.530000	 Thermalizing iterations... 
Done.
Thermalized Magnetisation = (0.455421,-0.026757), Energy = -1.116678 
Averaging iterations... h=0.250000,0.000000
Done.
Final: Magnetisation = (0.430097,0.018198), Energy = -1.077309 
<M> = (0.428908,-0.002990), <E> = -1.062663 

T=1.520000	 Thermalizing iterations... 
Done.
Thermalized Magnetisation = (0.448551,0.079208), Energy = -1.103611 
Averaging iterations... h=0.250000,0.000000
Done.
Final: Magnetisation = (0.440535,-0.021072), Energy = -1.066844 
<M> = (0.434798,-0.003891), <E> = -1.072896 

T=1.510000	 Thermalizing iterations... 
Done.
Thermalized Magnetisation = (0.464548,-0.005771), Energy = -1.131469 
Averaging iterations... h=0.250000,0.000000
Done.
Final: Magnetisation = (0.432144,-0.026055), Energy = -1.086463 
<M> = (0.443081,-0.000143), <E> = -1.084681 

T=1.500000	 Thermalizing iterations... 
Done.
Thermalized Magnetisation = (0.479157,-0.089743), Energy = -1.108608 
Averaging iterations... h=0.250000,0.000000
Done.
Final: Magnetisation = (0.419581,-0.058997), Energy = -1.075440 
<M> = (0.447754,0.002454), <E> = -1.093506 

T=1.490000	 Thermalizing iterations... 
Done.
Thermalized Magnetisation = (0.442648,-0.019018), Energy = -1.113005 
Averaging iterations... h=0.250000,0.000000
Done.
Final: Magnetisation = (0.421361,0.073550), Energy = -1.063545 
<M> = (0.454067,0.000869), <E> = -1.103569 

T=1.480000	 Thermalizing iterations... 
Done.
Thermalized Magnetisation = (0.436234,-0.029767), Energy = -1.061164 
Averaging iterations... h=0.250000,0.000000
Done.
Final: Magnetisation = (0.472093,-0.025742), Energy = -1.101584 
<M> = (0.459584,0.000807), <E> = -1.113622 

T=1.470000	 Thermalizing iterations... 
Done.
Thermalized Magnetisation = (0.498056,0.019199), Energy = -1.139018 
Averaging iterations... h=0.250000,0.000000
Done.
Final: Magnetisation = (0.504139,-0.042033), Energy = -1.167598 
<M> = (0.467820,-0.000871), <E> = -1.125928 

T=1.460000	 Thermalizing iterations... 
Done.
Thermalized Magnetisation = (0.466675,0.072857), Energy = -1.119594 
Averaging iterations... h=0.250000,0.000000
Done.
Final: Magnetisation = (0.458931,0.015999), Energy = -1.131974 
<M> = (0.472656,-0.000370), <E> = -1.136503 

T=1.450000	 Thermalizing iterations... 
Done.
Thermalized Magnetisation = (0.468526,0.021050), Energy = -1.162622 
Averaging iterations... h=0.250000,0.000000
Done.
Final: Magnetisation = (0.450448,-0.000959), Energy = -1.115128 
<M> = (0.479300,-0.004401), <E> = -1.147916 

T=1.440000	 Thermalizing iterations... 
Done.
Thermalized Magnetisation = (0.510444,-0.036435), Energy = -1.204596 
Averaging iterations... h=0.250000,0.000000
Done.
Final: Magnetisation = (0.505477,-0.011203), Energy = -1.201516 
<M> = (0.486163,-0.003639), <E> = -1.159297 

T=1.430000	 Thermalizing iterations... 
Done.
Thermalized Magnetisation = (0.480627,-0.042086), Energy = -1.172882 
Averaging iterations... h=0.250000,0.000000
Done.
Final: Magnetisation = (0.504497,0.001464), Energy = -1.177963 
<M> = (0.492264,-0.001347), <E> = -1.169454 

T=1.420000	 Thermalizing iterations... 
Done.
Thermalized Magnetisation = (0.559095,0.029378), Energy = -1.250554 
Averaging iterations... h=0.250000,0.000000
Done.
Final: Magnetisation = (0.464413,-0.007433), Energy = -1.164823 
<M> = (0.499741,-0.001449), <E> = -1.180918 

T=1.410000	 Thermalizing iterations... 
Done.
Thermalized Magnetisation = (0.515667,-0.018773), Energy = -1.220795 
Averaging iterations... h=0.250000,0.000000
Done.
Final: Magnetisation = (0.484050,-0.017557), Energy = -1.166679 
<M> = (0.505384,0.000867), <E> = -1.190714 

T=1.400000	 Thermalizing iterations... 
Done.
Thermalized Magnetisation = (0.512530,0.012886), Energy = -1.175014 
Averaging iterations... h=0.250000,0.000000
Done.
Final: Magnetisation = (0.527183,0.043924), Energy = -1.204326 
<M> = (0.512630,-0.002658), <E> = -1.202838 

T=1.390000	 Thermalizing iterations... 
Done.
Thermalized Magnetisation = (0.500115,-0.009012), Energy = -1.222251 
Averaging iterations... h=0.250000,0.000000
Done.
Final: Magnetisation = (0.532410,-0.001178), Energy = -1.235055 
<M> = (0.518551,-0.000692), <E> = -1.214721 

T=1.380000	 Thermalizing iterations... 
Done.
Thermalized Magnetisation = (0.517982,0.007677), Energy = -1.204966 
Averaging iterations... h=0.250000,0.000000
Done.
Final: Magnetisation = (0.535782,-0.059886), Energy = -1.203805 
<M> = (0.525080,-0.005029), <E> = -1.226346 

T=1.370000	 Thermalizing iterations... 
Done.
Thermalized Magnetisation = (0.493366,-0.046133), Energy = -1.187036 
Averaging iterations... h=0.250000,0.000000
Done.
Final: Magnetisation = (0.517682,-0.048978), Energy = -1.212083 
<M> = (0.530852,-0.003710), <E> = -1.237788 

T=1.360000	 Thermalizing iterations... 
Done.
Thermalized Magnetisation = (0.527850,0.005796), Energy = -1.258759 
Averaging iterations... h=0.250000,0.000000
Done.
Final: Magnetisation = (0.588774,0.064278), Energy = -1.327672 
<M> = (0.538180,-0.001724), <E> = -1.249879 

T=1.350000	 Thermalizing iterations... 
Done.
Thermalized Magnetisation = (0.571938,0.080662), Energy = -1.271444 
Averaging iterations... h=0.250000,0.000000
Done.
Final: Magnetisation = (0.530601,-0.020517), Energy = -1.232173 
<M> = (0.545815,0.001098), <E> = -1.260988 

T=1.340000	 Thermalizing iterations... 
Done.
Thermalized Magnetisation = (0.580741,0.018702), Energy = -1.327422 
Averaging iterations... h=0.250000,0.000000
Done.
Final: Magnetisation = (0.570664,-0.018595), Energy = -1.305003 
<M> = (0.551461,-0.000836), <E> = -1.271361 

T=1.330000	 Thermalizing iterations... 
Done.
Thermalized Magnetisation = (0.591893,-0.019235), Energy = -1.335796 
Averaging iterations... h=0.250000,0.000000
Done.
Final: Magnetisation = (0.556751,-0.023668), Energy = -1.278631 
<M> = (0.557583,-0.000775), <E> = -1.282341 

T=1.320000	 Thermalizing iterations... 
Done.
Thermalized Magnetisation = (0.553620,0.021029), Energy = -1.305629 
Averaging iterations... h=0.250000,0.000000
Done.
Final: Magnetisation = (0.556199,-0.053064), Energy = -1.264774 
<M> = (0.564855,0.000323), <E> = -1.295281 

T=1.310000	 Thermalizing iterations... 
Done.
Thermalized Magnetisation = (0.613829,0.009675), Energy = -1.379046 
Averaging iterations... h=0.250000,0.000000
Done.
Final: Magnetisation = (0.571956,0.017189), Energy = -1.306330 
<M> = (0.571087,-0.001181), <E> = -1.307520 

T=1.300000	 Thermalizing iterations... 
Done.
Thermalized Magnetisation = (0.571237,0.013275), Energy = -1.294699 
Averaging iterations... h=0.250000,0.000000
Done.
Final: Magnetisation = (0.599838,-0.005082), Energy = -1.375085 
<M> = (0.576282,-0.000951), <E> = -1.318535 

T=1.290000	 Thermalizing iterations... 
Done.
Thermalized Magnetisation = (0.608799,-0.008906), Energy = -1.355656 
Averaging iterations... h=0.250000,0.000000
Done.
Final: Magnetisation = (0.591954,-0.019920), Energy = -1.317182 
<M> = (0.583687,-0.002412), <E> = -1.331159 

T=1.280000	 Thermalizing iterations... 
Done.
Thermalized Magnetisation = (0.571469,0.059732), Energy = -1.341191 
Averaging iterations... h=0.250000,0.000000
Done.
Final: Magnetisation = (0.581329,0.004555), Energy = -1.330810 
<M> = (0.589963,-0.000703), <E> = -1.342093 

T=1.270000	 Thermalizing iterations... 
Done.
Thermalized Magnetisation = (0.568884,0.018409), Energy = -1.318125 
Averaging iterations... h=0.250000,0.000000
Done.
Final: Magnetisation = (0.583657,0.036769), Energy = -1.354395 
<M> = (0.596888,-0.002121), <E> = -1.353251 

T=1.260000	 Thermalizing iterations... 
Done.
Thermalized Magnetisation = (0.570354,0.012438), Energy = -1.322753 
Averaging iterations... h=0.250000,0.000000
Done.
Final: Magnetisation = (0.606435,-0.011654), Energy = -1.389084 
<M> = (0.601991,-0.000340), <E> = -1.362913 

T=1.250000	 Thermalizing iterations... 
Done.
Thermalized Magnetisation = (0.610706,-0.022862), Energy = -1.399003 
Averaging iterations... h=0.250000,0.000000
Done.
Final: Magnetisation = (0.606080,0.045846), Energy = -1.385538 
<M> = (0.608218,-0.003218), <E> = -1.375442 

T=1.240000	 Thermalizing iterations... 
Done.
Thermalized Magnetisation = (0.625730,-0.020850), Energy = -1.423862 
Averaging iterations... h=0.250000,0.000000
Done.
Final: Magnetisation = (0.559504,0.002735), Energy = -1.313023 
<M> = (0.614442,0.000687), <E> = -1.387262 

T=1.230000	 Thermalizing iterations... 
Done.
Thermalized Magnetisation = (0.621432,0.076207), Energy = -1.402349 
Averaging iterations... h=0.250000,0.000000
Done.
Final: Magnetisation = (0.586678,-0.034858), Energy = -1.302950 
<M> = (0.620407,-0.002276), <E> = -1.398956 

T=1.220000	 Thermalizing iterations... 
Done.
Thermalized Magnetisation = (0.614518,-0.023143), Energy = -1.397270 
Averaging iterations... h=0.250000,0.000000
Done.
Final: Magnetisation = (0.633739,-0.018961), Energy = -1.415817 
<M> = (0.625227,-0.003778), <E> = -1.408973 

T=1.210000	 Thermalizing iterations... 
Done.
Thermalized Magnetisation = (0.613992,0.042451), Energy = -1.374787 
Averaging iterations... h=0.250000,0.000000
Done.
Final: Magnetisation = (0.648233,-0.063981), Energy = -1.460722 
<M> = (0.631780,-0.003720), <E> = -1.421242 

T=1.200000	 Thermalizing iterations... 
Done.
Thermalized Magnetisation = (0.646773,-0.046730), Energy = -1.427956 
Averaging iterations... h=0.250000,0.000000
Done.
Final: Magnetisation = (0.636016,-0.055531), Energy = -1.443030 
<M> = (0.637932,0.001330), <E> = -1.431553 

T=1.190000	 Thermalizing iterations... 
Done.
Thermalized Magnetisation = (0.630630,-0.003611), Energy = -1.406767 
Averaging iterations... h=0.250000,0.000000
Done.
Final: Magnetisation = (0.646084,-0.068291), Energy = -1.472241 
<M> = (0.643925,-0.000509), <E> = -1.442465 

T=1.180000	 Thermalizing iterations... 
Done.
Thermalized Magnetisation = (0.644882,-0.053887), Energy = -1.451693 
Averaging iterations... h=0.250000,0.000000
Done.
Final: Magnetisation = (0.605579,0.059646), Energy = -1.405505 
<M> = (0.649144,0.000377), <E> = -1.452890 

T=1.170000	 Thermalizing iterations... 
Done.
Thermalized Magnetisation = (0.630022,0.031760), Energy = -1.454300 
Averaging iterations... h=0.250000,0.000000
Done.
Final: Magnetisation = (0.637344,0.044215), Energy = -1.446331 
<M> = (0.654598,0.002798), <E> = -1.464130 

T=1.160000	 Thermalizing iterations... 
Done.
Thermalized Magnetisation = (0.641152,-0.059512), Energy = -1.455986 
Averaging iterations... h=0.250000,0.000000
Done.
Final: Magnetisation = (0.646157,-0.021171), Energy = -1.444899 
<M> = (0.659615,-0.002976), <E> = -1.475469 

T=1.150000	 Thermalizing iterations... 
Done.
Thermalized Magnetisation = (0.661003,-0.003721), Energy = -1.516952 
Averaging iterations... h=0.250000,0.000000
Done.
Final: Magnetisation = (0.666303,0.020205), Energy = -1.481456 
<M> = (0.664377,-0.002828), <E> = -1.485154 

T=1.140000	 Thermalizing iterations... 
Done.
Thermalized Magnetisation = (0.647576,-0.060813), Energy = -1.489692 
Averaging iterations... h=0.250000,0.000000
Done.
Final: Magnetisation = (0.686482,-0.023950), Energy = -1.510160 
<M> = (0.670235,-0.002817), <E> = -1.496449 

T=1.130000	 Thermalizing iterations... 
Done.
Thermalized Magnetisation = (0.652863,-0.005324), Energy = -1.450059 
Averaging iterations... h=0.250000,0.000000
Done.
Final: Magnetisation = (0.664735,0.015445), Energy = -1.497688 
<M> = (0.675489,-0.002716), <E> = -1.506868 

T=1.120000	 Thermalizing iterations... 
Done.
Thermalized Magnetisation = (0.660535,-0.043717), Energy = -1.515261 
Averaging iterations... h=0.250000,0.000000
Done.
Final: Magnetisation = (0.671288,-0.088373), Energy = -1.503794 
<M> = (0.681077,-0.000791), <E> = -1.516875 

T=1.110000	 Thermalizing iterations... 
Done.
Thermalized Magnetisation = (0.715794,0.012700), Energy = -1.556326 
Averaging iterations... h=0.250000,0.000000
Done.
Final: Magnetisation = (0.710896,0.000563), Energy = -1.553585 
<M> = (0.686357,-0.000972), <E> = -1.526388 

T=1.100000	 Thermalizing iterations... 
Done.
Thermalized Magnetisation = (0.685074,-0.036033), Energy = -1.548565 
Averaging iterations... h=0.250000,0.000000
Done.
Final: Magnetisation = (0.721905,0.011457), Energy = -1.570216 
<M> = (0.689962,-0.001866), <E> = -1.536444 

T=1.090000	 Thermalizing iterations... 
Done.
Thermalized Magnetisation = (0.704084,-0.064689), Energy = -1.566800 
Averaging iterations... h=0.250000,0.000000
Done.
Final: Magnetisation = (0.680738,0.001070), Energy = -1.549304 
<M> = (0.695871,0.000078), <E> = -1.547845 

T=1.080000	 Thermalizing iterations... 
Done.
Thermalized Magnetisation = (0.694090,-0.001350), Energy = -1.527447 
Averaging iterations... h=0.250000,0.000000
Done.
Final: Magnetisation = (0.705613,0.086755), Energy = -1.571566 
<M> = (0.699756,-0.003903), <E> = -1.556899 

T=1.070000	 Thermalizing iterations... 
Done.
Thermalized Magnetisation = (0.713331,0.054299), Energy = -1.573925 
Averaging iterations... h=0.250000,0.000000
Done.
Final: Magnetisation = (0.715856,0.008959), Energy = -1.578079 
<M> = (0.704012,-0.003297), <E> = -1.566817 

T=1.060000	 Thermalizing iterations... 
Done.
Thermalized Magnetisation = (0.681485,0.029202), Energy = -1.552021 
Averaging iterations... h=0.250000,0.000000
Done.
Final: Magnetisation = (0.714538,-0.057982), Energy = -1.585824 
<M> = (0.709035,-0.003664), <E> = -1.576771 

T=1.050000	 Thermalizing iterations... 
Done.
Thermalized Magnetisation = (0.717298,-0.072997), Energy = -1.601836 
Averaging iterations... h=0.250000,0.000000
Done.
Final: Magnetisation = (0.702997,-0.030973), Energy = -1.557509 
<M> = (0.714478,0.000814), <E> = -1.586258 

T=1.040000	 Thermalizing iterations... 
Done.
Thermalized Magnetisation = (0.720932,-0.018518), Energy = -1.589891 
Averaging iterations... h=0.250000,0.000000
Done.
Final: Magnetisation = (0.707051,0.031647), Energy = -1.573006 
<M> = (0.718114,-0.000679), <E> = -1.594888 

T=1.030000	 Thermalizing iterations... 
Done.
Thermalized Magnetisation = (0.721931,0.021297), Energy = -1.579631 
Averaging iterations... h=0.250000,0.000000
Done.
Final: Magnetisation = (0.700865,0.018256), Energy = -1.585876 
<M> = (0.722750,0.001632), <E> = -1.604472 

T=1.020000	 Thermalizing iterations... 
Done.
Thermalized Magnetisation = (0.745638,-0.018493), Energy = -1.623971 
Averaging iterations... h=0.250000,0.000000
Done.
Final: Magnetisation = (0.739677,0.014352), Energy = -1.637746 
<M> = (0.726194,0.002108), <E> = -1.613287 

T=1.010000	 Thermalizing iterations... 
Done.
Thermalized Magnetisation = (0.710419,0.059507), Energy = -1.604316 
Averaging iterations... h=0.250000,0.000000
Done.
Final: Magnetisation = (0.746681,0.017939), Energy = -1.641235 
<M> = (0.730747,-0.002738), <E> = -1.623533 

T=1.000000	 Thermalizing iterations... 
Done.
Thermalized Magnetisation = (0.738850,-0.032854), Energy = -1.649212 
Averaging iterations... h=0.250000,0.000000
Done.
Final: Magnetisation = (0.756227,0.042314), Energy = -1.651400 
<M> = (0.734454,-0.001441), <E> = -1.631488 

T=0.990000	 Thermalizing iterations... 
Done.
Thermalized Magnetisation = (0.711982,0.005793), Energy = -1.643530 
Averaging iterations... h=0.250000,0.000000
Done.
Final: Magnetisation = (0.741547,-0.028557), Energy = -1.618937 
<M> = (0.739290,-0.003018), <E> = -1.641236 

T=0.980000	 Thermalizing iterations... 
Done.
Thermalized Magnetisation = (0.731477,0.017762), Energy = -1.642038 
Averaging iterations... h=0.250000,0.000000
Done.
Final: Magnetisation = (0.747030,-0.058376), Energy = -1.648631 
<M> = (0.742991,-0.000961), <E> = -1.649846 

T=0.970000	 Thermalizing iterations... 
Done.
Thermalized Magnetisation = (0.733545,0.030731), Energy = -1.627934 
Averaging iterations... h=0.250000,0.000000
Done.
Final: Magnetisation = (0.749841,-0.001158), Energy = -1.643415 
<M> = (0.747569,0.002723), <E> = -1.659148 

T=0.960000	 Thermalizing iterations... 
Done.
Thermalized Magnetisation = (0.747110,0.025088), Energy = -1.670493 
Averaging iterations... h=0.250000,0.000000
Done.
Final: Magnetisation = (0.765803,0.007696), Energy = -1.664200 
<M> = (0.750881,0.000547), <E> = -1.666513 

T=0.950000	 Thermalizing iterations... 
Done.
Thermalized Magnetisation = (0.747107,0.008756), Energy = -1.660976 
Averaging iterations... h=0.250000,0.000000
Done.
Final: Magnetisation = (0.738132,0.002455), Energy = -1.655573 
<M> = (0.754372,-0.003561), <E> = -1.675480 

T=0.940000	 Thermalizing iterations... 
Done.
Thermalized Magnetisation = (0.778329,0.077788), Energy = -1.723951 
Averaging iterations... h=0.250000,0.000000
Done.
Final: Magnetisation = (0.759760,-0.050208), Energy = -1.687627 
<M> = (0.759090,-0.001243), <E> = -1.684548 

T=0.930000	 Thermalizing iterations... 
Done.
Thermalized Magnetisation = (0.756039,-0.013245), Energy = -1.671846 
Averaging iterations... h=0.250000,0.000000
Done.
Final: Magnetisation = (0.755231,-0.039010), Energy = -1.659611 
<M> = (0.762245,-0.004905), <E> = -1.692561 

T=0.920000	 Thermalizing iterations... 
Done.
Thermalized Magnetisation = (0.766634,-0.028535), Energy = -1.706899 
Averaging iterations... h=0.250000,0.000000
Done.
Final: Magnetisation = (0.743981,0.007016), Energy = -1.675304 
<M> = (0.765276,-0.005632), <E> = -1.700479 

T=0.910000	 Thermalizing iterations... 
Done.
Thermalized Magnetisation = (0.781384,-0.019485), Energy = -1.715115 
Averaging iterations... h=0.250000,0.000000
Done.
Final: Magnetisation = (0.779380,0.087906), Energy = -1.730306 
<M> = (0.768787,-0.000625), <E> = -1.708346 

T=0.900000	 Thermalizing iterations... 
Done.
Thermalized Magnetisation = (0.782921,-0.051185), Energy = -1.695891 
Averaging iterations... h=0.250000,0.000000
Done.
Final: Magnetisation = (0.753336,0.056462), Energy = -1.715958 
<M> = (0.773695,-0.000308), <E> = -1.716875 

T=0.890000	 Thermalizing iterations... 
Done.
Thermalized Magnetisation = (0.773988,-0.011863), Energy = -1.728173 
Averaging iterations... h=0.250000,0.000000
Done.
Final: Magnetisation = (0.760643,-0.035805), Energy = -1.687079 
<M> = (0.776873,0.002021), <E> = -1.724194 

T=0.880000	 Thermalizing iterations... 
Done.
Thermalized Magnetisation = (0.770647,-0.041736), Energy = -1.728734 
Averaging iterations... h=0.250000,0.000000
Done.
Final: Magnetisation = (0.790063,-0.008969), Energy = -1.740630 
<M> = (0.780067,-0.000828), <E> = -1.732418 

T=0.870000	 Thermalizing iterations... 
Done.
Thermalized Magnetisation = (0.802884,0.032081), Energy = -1.756929 
Averaging iterations... h=0.250000,0.000000
Done.
Final: Magnetisation = (0.801268,-0.025518), Energy = -1.752658 
<M> = (0.783306,0.000453), <E> = -1.740278 

T=0.860000	 Thermalizing iterations... 
Done.
Thermalized Magnetisation = (0.784057,-0.091210), Energy = -1.759063 
Averaging iterations... h=0.250000,0.000000
Done.
Final: Magnetisation = (0.794843,0.064119), Energy = -1.750774 
<M> = (0.786201,-0.003667), <E> = -1.747970 

T=0.850000	 Thermalizing iterations... 
Done.
Thermalized Magnetisation = (0.789917,-0.008933), Energy = -1.742390 
Averaging iterations... h=0.250000,0.000000
Done.
Final: Magnetisation = (0.790668,0.038404), Energy = -1.753482 
<M> = (0.788739,-0.002871), <E> = -1.754952 

T=0.840000	 Thermalizing iterations... 
Done.
Thermalized Magnetisation = (0.796370,-0.012692), Energy = -1.767482 
Averaging iterations... h=0.250000,0.000000
Done.
Final: Magnetisation = (0.786611,-0.037915), Energy = -1.768883 
<M> = (0.791998,-0.001839), <E> = -1.762400 

T=0.830000	 Thermalizing iterations... 
Done.
Thermalized Magnetisation = (0.802129,0.075463), Energy = -1.779742 
Averaging iterations... h=0.250000,0.000000
Done.
Final: Magnetisation = (0.776754,-0.051532), Energy = -1.759028 
<M> = (0.796201,0.000258), <E> = -1.770593 

T=0.820000	 Thermalizing iterations... 
Done.
Thermalized Magnetisation = (0.801168,-0.004683), Energy = -1.775575 
Averaging iterations... h=0.250000,0.000000
Done.
Final: Magnetisation = (0.800950,-0.001778), Energy = -1.766338 
<M> = (0.799617,-0.002898), <E> = -1.777703 

T=0.810000	 Thermalizing iterations... 
Done.
Thermalized Magnetisation = (0.777219,-0.027655), Energy = -1.736564 
Averaging iterations... h=0.250000,0.000000
Done.
Final: Magnetisation = (0.801829,0.069966), Energy = -1.768516 
<M> = (0.802210,-0.003511), <E> = -1.784338 

T=0.800000	 Thermalizing iterations... 
Done.
Thermalized Magnetisation = (0.794211,-0.026005), Energy = -1.782682 
Averaging iterations... h=0.250000,0.000000
Done.
Final: Magnetisation = (0.807837,-0.010350), Energy = -1.788436 
<M> = (0.805276,-0.004569), <E> = -1.791882 

T=0.790000	 Thermalizing iterations... 
Done.
Thermalized Magnetisation = (0.804598,-0.006267), Energy = -1.810167 
Averaging iterations... h=0.250000,0.000000
Done.
Final: Magnetisation = (0.795198,0.061437), Energy = -1.802348 
<M> = (0.808636,-0.003380), <E> = -1.799702 

T=0.780000	 Thermalizing iterations... 
Done.
Thermalized Magnetisation = (0.802003,0.005084), Energy = -1.780793 
Averaging iterations... h=0.250000,0.000000
Done.
Final: Magnetisation = (0.800051,-0.015763), Energy = -1.781407 
<M> = (0.811136,0.000361), <E> = -1.806132 

T=0.770000	 Thermalizing iterations... 
Done.
Thermalized Magnetisation = (0.837121,-0.052885), Energy = -1.837558 
Averaging iterations... h=0.250000,0.000000
Done.
Final: Magnetisation = (0.818678,0.020449), Energy = -1.806683 
<M> = (0.813688,-0.006886), <E> = -1.812974 

T=0.760000	 Thermalizing iterations... 
Done.
Thermalized Magnetisation = (0.810484,-0.021813), Energy = -1.800918 
Averaging iterations... h=0.250000,0.000000
Done.
Final: Magnetisation = (0.822689,-0.068148), Energy = -1.828795 
<M> = (0.817656,0.000799), <E> = -1.820256 

T=0.750000	 Thermalizing iterations... 
Done.
Thermalized Magnetisation = (0.827255,-0.001846), Energy = -1.823934 
Averaging iterations... h=0.250000,0.000000
Done.
Final: Magnetisation = (0.812259,0.027191), Energy = -1.818215 
<M> = (0.821085,0.001644), <E> = -1.827459 

T=0.740000	 Thermalizing iterations... 
Done.
Thermalized Magnetisation = (0.824333,-0.031024), Energy = -1.841000 
Averaging iterations... h=0.250000,0.000000
Done.
Final: Magnetisation = (0.808293,-0.056765), Energy = -1.818462 
<M> = (0.823615,-0.002858), <E> = -1.834096 

T=0.730000	 Thermalizing iterations... 
Done.
Thermalized Magnetisation = (0.822721,0.019992), Energy = -1.818800 
Averaging iterations... h=0.250000,0.000000
Done.
Final: Magnetisation = (0.833545,-0.073183), Energy = -1.852046 
<M> = (0.826044,-0.000345), <E> = -1.840652 

T=0.720000	 Thermalizing iterations... 
Done.
Thermalized Magnetisation = (0.828528,0.017779), Energy = -1.844864 
Averaging iterations... h=0.250000,0.000000
Done.
Final: Magnetisation = (0.827620,-0.012989), Energy = -1.850450 
<M> = (0.828756,0.002551), <E> = -1.847514 

T=0.710000	 Thermalizing iterations... 
Done.
Thermalized Magnetisation = (0.842330,-0.036592), Energy = -1.867001 
Averaging iterations... h=0.250000,0.000000
Done.
Final: Magnetisation = (0.834358,0.025907), Energy = -1.853051 
<M> = (0.831626,-0.001724), <E> = -1.854238 

T=0.700000	 Thermalizing iterations... 
Done.
Thermalized Magnetisation = (0.844355,-0.069334), Energy = -1.890215 
Averaging iterations... h=0.250000,0.000000
Done.
Final: Magnetisation = (0.832252,-0.014138), Energy = -1.861695 
<M> = (0.834063,-0.006974), <E> = -1.860159 

T=0.690000	 Thermalizing iterations... 
Done.
Thermalized Magnetisation = (0.846269,-0.002877), Energy = -1.882593 
Averaging iterations... h=0.250000,0.000000
Done.
Final: Magnetisation = (0.828994,-0.083091), Energy = -1.845915 
<M> = (0.837164,-0.001616), <E> = -1.867066 

T=0.680000	 Thermalizing iterations... 
Done.
Thermalized Magnetisation = (0.852417,0.051303), Energy = -1.892491 
Averaging iterations... h=0.250000,0.000000
Done.
Final: Magnetisation = (0.830273,0.031410), Energy = -1.863392 
<M> = (0.840137,0.005606), <E> = -1.874111 

T=0.670000	 Thermalizing iterations... 
Done.
Thermalized Magnetisation = (0.841250,-0.056251), Energy = -1.888754 
Averaging iterations... h=0.250000,0.000000
Done.
Final: Magnetisation = (0.853057,0.030020), Energy = -1.896157 
<M> = (0.843099,0.002460), <E> = -1.880302 

T=0.660000	 Thermalizing iterations... 
Done.
Thermalized Magnetisation = (0.844855,0.088148), Energy = -1.888506 
Averaging iterations... h=0.250000,0.000000
Done.
Final: Magnetisation = (0.840915,0.017462), Energy = -1.885679 
<M> = (0.845453,-0.003146), <E> = -1.886271 

T=0.650000	 Thermalizing iterations... 
Done.
Thermalized Magnetisation = (0.850272,0.018881), Energy = -1.888705 
Averaging iterations... h=0.250000,0.000000
Done.
Final: Magnetisation = (0.835305,-0.069240), Energy = -1.870936 
<M> = (0.847722,-0.001115), <E> = -1.892821 

T=0.640000	 Thermalizing iterations... 
Done.
Thermalized Magnetisation = (0.855411,0.041141), Energy = -1.907083 
Averaging iterations... h=0.250000,0.000000
Done.
Final: Magnetisation = (0.855798,0.032929), Energy = -1.896778 
<M> = (0.850605,-0.003747), <E> = -1.899406 

T=0.630000	 Thermalizing iterations... 
Done.
Thermalized Magnetisation = (0.849490,-0.021345), Energy = -1.901897 
Averaging iterations... h=0.250000,0.000000
Done.
Final: Magnetisation = (0.861744,-0.039374), Energy = -1.901797 
<M> = (0.853195,-0.000037), <E> = -1.905556 

T=0.620000	 Thermalizing iterations... 
Done.
Thermalized Magnetisation = (0.834892,0.150714), Energy = -1.910405 
Averaging iterations... h=0.250000,0.000000
Done.
Final: Magnetisation = (0.846039,-0.071860), Energy = -1.899265 
<M> = (0.855907,-0.001005), <E> = -1.911687 

T=0.610000	 Thermalizing iterations... 
Done.
Thermalized Magnetisation = (0.846893,-0.031208), Energy = -1.905832 
Averaging iterations... h=0.250000,0.000000
Done.
Final: Magnetisation = (0.857253,-0.003405), Energy = -1.914861 
<M> = (0.858524,0.002570), <E> = -1.918196 

T=0.600000	 Thermalizing iterations... 
Done.
Thermalized Magnetisation = (0.869577,-0.001222), Energy = -1.938440 
Averaging iterations... h=0.250000,0.000000
Done.
Final: Magnetisation = (0.854217,-0.019742), Energy = -1.926616 
<M> = (0.861549,0.004508), <E> = -1.924590 

T=0.590000	 Thermalizing iterations... 
Done.
Thermalized Magnetisation = (0.872435,0.054189), Energy = -1.949445 
Averaging iterations... h=0.250000,0.000000
Done.
Final: Magnetisation = (0.862990,-0.027259), Energy = -1.932725 
<M> = (0.864468,0.000493), <E> = -1.930689 

T=0.580000	 Thermalizing iterations... 
Done.
Thermalized Magnetisation = (0.873748,0.011795), Energy = -1.948897 
Averaging iterations... h=0.250000,0.000000
Done.
Final: Magnetisation = (0.859742,0.049187), Energy = -1.947000 
<M> = (0.866399,-0.003750), <E> = -1.936599 

T=0.570000	 Thermalizing iterations... 
Done.
Thermalized Magnetisation = (0.875340,0.000197), Energy = -1.946636 
Averaging iterations... h=0.250000,0.000000
Done.
Final: Magnetisation = (0.876933,-0.015070), Energy = -1.951657 
<M> = (0.869078,0.000990), <E> = -1.942730 

T=0.560000	 Thermalizing iterations... 
Done.
Thermalized Magnetisation = (0.873480,-0.028281), Energy = -1.947472 
Averaging iterations... h=0.250000,0.000000
Done.
Final: Magnetisation = (0.865403,-0.053978), Energy = -1.945043 
<M> = (0.871795,-0.005267), <E> = -1.948985 

T=0.550000	 Thermalizing iterations... 
Done.
Thermalized Magnetisation = (0.885453,-0.023758), Energy = -1.969110 
Averaging iterations... h=0.250000,0.000000
Done.
Final: Magnetisation = (0.876013,0.022323), Energy = -1.966465 
<M> = (0.873890,-0.006819), <E> = -1.954511 

T=0.540000	 Thermalizing iterations... 
Done.
Thermalized Magnetisation = (0.883275,0.022406), Energy = -1.975026 
Averaging iterations... h=0.250000,0.000000
Done.
Final: Magnetisation = (0.875024,-0.029184), Energy = -1.960072 
<M> = (0.875633,-0.001384), <E> = -1.960118 

T=0.530000	 Thermalizing iterations... 
Done.
Thermalized Magnetisation = (0.884899,0.004001), Energy = -1.969434 
Averaging iterations... h=0.250000,0.000000
Done.
Final: Magnetisation = (0.875511,-0.012076), Energy = -1.977468 
<M> = (0.879269,0.003383), <E> = -1.966731 

T=0.520000	 Thermalizing iterations... 
Done.
Thermalized Magnetisation = (0.887044,-0.000505), Energy = -1.975416 
Averaging iterations... h=0.250000,0.000000
Done.
Final: Magnetisation = (0.876340,-0.006973), Energy = -1.969503 
<M> = (0.881379,-0.004503), <E> = -1.972346 

T=0.510000	 Thermalizing iterations... 
Done.
Thermalized Magnetisation = (0.886612,-0.018301), Energy = -1.975757 
Averaging iterations... h=0.250000,0.000000
Done.
Final: Magnetisation = (0.884244,-0.023437), Energy = -1.971780 
<M> = (0.883753,-0.005117), <E> = -1.978145 

T=0.500000	 Thermalizing iterations... 
Done.
Thermalized Magnetisation = (0.879215,0.023482), Energy = -1.978049 
Averaging iterations... h=0.250000,0.000000
Done.
Final: Magnetisation = (0.879445,-0.009422), Energy = -1.978974 
<M> = (0.886165,-0.004118), <E> = -1.983990 

T=0.490000	 Thermalizing iterations... 
Done.
Thermalized Magnetisation = (0.888727,0.022749), Energy = -1.993195 
Averaging iterations... h=0.250000,0.000000
Done.
Final: Magnetisation = (0.889004,0.000704), Energy = -1.996644 
<M> = (0.888686,-0.002865), <E> = -1.990345 

T=0.480000	 Thermalizing iterations... 
Done.
Thermalized Magnetisation = (0.884923,0.027586), Energy = -1.982978 
Averaging iterations... h=0.250000,0.000000
Done.
Final: Magnetisation = (0.893074,0.067988), Energy = -1.995496 
<M> = (0.890982,-0.007454), <E> = -1.995663 

T=0.470000	 Thermalizing iterations... 
Done.
Thermalized Magnetisation = (0.893360,0.036950), Energy = -1.999319 
Averaging iterations... h=0.250000,0.000000
Done.
Final: Magnetisation = (0.895830,-0.039062), Energy = -2.006758 
<M> = (0.893314,0.000603), <E> = -2.001353 

T=0.460000	 Thermalizing iterations... 
Done.
Thermalized Magnetisation = (0.889582,-0.011152), Energy = -2.000617 
Averaging iterations... h=0.250000,0.000000
Done.
Final: Magnetisation = (0.898142,-0.039129), Energy = -2.010004 
<M> = (0.896116,0.000644), <E> = -2.007199 

T=0.450000	 Thermalizing iterations... 
Done.
Thermalized Magnetisation = (0.899293,-0.037616), Energy = -2.003577 
Averaging iterations... h=0.250000,0.000000
Done.
Final: Magnetisation = (0.900005,0.006092), Energy = -2.016267 
<M> = (0.898539,0.002579), <E> = -2.013188 

T=0.440000	 Thermalizing iterations... 
Done.
Thermalized Magnetisation = (0.904830,0.025818), Energy = -2.016850 
Averaging iterations... h=0.250000,0.000000
Done.
Final: Magnetisation = (0.896053,0.064020), Energy = -2.017355 
<M> = (0.901082,-0.006652), <E> = -2.018970 

T=0.430000	 Thermalizing iterations... 
Done.
Thermalized Magnetisation = (0.901673,0.083126), Energy = -2.027467 
Averaging iterations... h=0.250000,0.000000
Done.
Final: Magnetisation = (0.906508,0.015313), Energy = -2.031155 
<M> = (0.903229,-0.006698), <E> = -2.024597 

T=0.420000	 Thermalizing iterations... 
Done.
Thermalized Magnetisation = (0.902825,0.004216), Energy = -2.031871 
Averaging iterations... h=0.250000,0.000000
Done.
Final: Magnetisation = (0.903757,0.010026), Energy = -2.020460 
<M> = (0.905609,-0.003351), <E> = -2.030428 

T=0.410000	 Thermalizing iterations... 
Done.
Thermalized Magnetisation = (0.898404,-0.022307), Energy = -2.035060 
Averaging iterations... h=0.250000,0.000000
Done.
Final: Magnetisation = (0.907954,-0.020323), Energy = -2.035457 
<M> = (0.908093,-0.004705), <E> = -2.035907 

T=0.400000	 Thermalizing iterations... 
Done.
Thermalized Magnetisation = (0.911995,-0.029691), Energy = -2.042811 
Averaging iterations... h=0.250000,0.000000
Done.
Final: Magnetisation = (0.907982,-0.061223), Energy = -2.037416 
<M> = (0.910364,-0.001142), <E> = -2.041469 

T=0.390000	 Thermalizing iterations... 
Done.
Thermalized Magnetisation = (0.918030,0.015129), Energy = -2.047646 
Averaging iterations... h=0.250000,0.000000
Done.
Final: Magnetisation = (0.917632,-0.002282), Energy = -2.050479 
<M> = (0.912379,-0.003921), <E> = -2.046819 

T=0.380000	 Thermalizing iterations... 
Done.
Thermalized Magnetisation = (0.913425,-0.037671), Energy = -2.052541 
Averaging iterations... h=0.250000,0.000000
Done.
Final: Magnetisation = (0.918671,0.034233), Energy = -2.052336 
<M> = (0.915190,0.001916), <E> = -2.052722 

T=0.370000	 Thermalizing iterations... 
Done.
Thermalized Magnetisation = (0.917278,-0.027760), Energy = -2.061739 
Averaging iterations... h=0.250000,0.000000
Done.
Final: Magnetisation = (0.920495,0.038200), Energy = -2.064791 
<M> = (0.917234,-0.004713), <E> = -2.058122 

T=0.360000	 Thermalizing iterations... 
Done.
Thermalized Magnetisation = (0.922014,-0.014683), Energy = -2.068832 
Averaging iterations... h=0.250000,0.000000
Done.
Final: Magnetisation = (0.924018,0.000732), Energy = -2.072115 
<M> = (0.919462,-0.005061), <E> = -2.063667 

T=0.350000	 Thermalizing iterations... 
Done.
Thermalized Magnetisation = (0.917200,0.016357), Energy = -2.060207 
Averaging iterations... h=0.250000,0.000000
Done.
Final: Magnetisation = (0.925175,0.009476), Energy = -2.073415 
<M> = (0.921821,-0.002541), <E> = -2.069215 

T=0.340000	 Thermalizing iterations... 
Done.
Thermalized Magnetisation = (0.925554,-0.006567), Energy = -2.073242 
Averaging iterations... h=0.250000,0.000000
Done.
Final: Magnetisation = (0.923594,-0.030892), Energy = -2.075843 
<M> = (0.924172,0.000678), <E> = -2.074618 

T=0.330000	 Thermalizing iterations... 
Done.
Thermalized Magnetisation = (0.926234,0.044985), Energy = -2.074346 
Averaging iterations... h=0.250000,0.000000
Done.
Final: Magnetisation = (0.922396,0.029501), Energy = -2.075690 
<M> = (0.926509,0.000424), <E> = -2.079904 

T=0.320000	 Thermalizing iterations... 
Done.
Thermalized Magnetisation = (0.917325,-0.059300), Energy = -2.073720 
Averaging iterations... h=0.250000,0.000000
Done.
Final: Magnetisation = (0.927114,-0.039237), Energy = -2.078832 
<M> = (0.928860,0.002009), <E> = -2.085456 

T=0.310000	 Thermalizing iterations... 
Done.
Thermalized Magnetisation = (0.932633,-0.014962), Energy = -2.088690 
Averaging iterations... h=0.250000,0.000000
Done.
Final: Magnetisation = (0.925082,-0.004981), Energy = -2.089557 
<M> = (0.931309,0.000739), <E> = -2.091052 

T=0.300000	 Thermalizing iterations... 
Done.
Thermalized Magnetisation = (0.933538,-0.025565), Energy = -2.099358 
Averaging iterations... h=0.250000,0.000000
Done.
Final: Magnetisation = (0.938266,-0.019979), Energy = -2.097895 
<M> = (0.933732,-0.000599), <E> = -2.096514 

T=0.290000	 Thermalizing iterations... 
Done.
Thermalized Magnetisation = (0.931777,0.007330), Energy = -2.097009 
Averaging iterations... h=0.250000,0.000000
Done.
Final: Magnetisation = (0.938017,-0.022367), Energy = -2.099436 
<M> = (0.935833,-0.004080), <E> = -2.101961 

T=0.280000	 Thermalizing iterations... 
Done.
Thermalized Magnetisation = (0.935921,-0.048313), Energy = -2.106038 
Averaging iterations... h=0.250000,0.000000
Done.
Final: Magnetisation = (0.941461,0.004367), Energy = -2.113908 
<M> = (0.937767,-0.004364), <E> = -2.107242 

T=0.270000	 Thermalizing iterations... 
Done.
Thermalized Magnetisation = (0.941305,-0.010503), Energy = -2.115519 
Averaging iterations... h=0.250000,0.000000
Done.
Final: Magnetisation = (0.938660,-0.014475), Energy = -2.111679 
<M> = (0.940313,0.001052), <E> = -2.112539 

T=0.260000	 Thermalizing iterations... 
Done.
Thermalized Magnetisation = (0.940148,0.032218), Energy = -2.113401 
Averaging iterations... h=0.250000,0.000000
Done.
Final: Magnetisation = (0.943716,-0.022400), Energy = -2.117282 
<M> = (0.942809,0.002905), <E> = -2.117946 

T=0.250000	 Thermalizing iterations... 
Done.
Thermalized Magnetisation = (0.942689,0.011170), Energy = -2.126703 
Averaging iterations... h=0.250000,0.000000
Done.
Final: Magnetisation = (0.943255,0.013696), Energy = -2.119907 
<M> = (0.944982,0.000122), <E> = -2.123314 

T=0.240000	 Thermalizing iterations... 
Done.
Thermalized Magnetisation = (0.948495,0.011597), Energy = -2.131364 
Averaging iterations... h=0.250000,0.000000
Done.
Final: Magnetisation = (0.945811,-0.005310), Energy = -2.127116 
<M> = (0.947176,0.000522), <E> = -2.128573 

T=0.230000	 Thermalizing iterations... 
Done.
Thermalized Magnetisation = (0.952793,-0.015242), Energy = -2.131023 
Averaging iterations... h=0.250000,0.000000
Done.
Final: Magnetisation = (0.950032,0.003877), Energy = -2.136165 
<M> = (0.949396,0.001153), <E> = -2.134035 

T=0.220000	 Thermalizing iterations... 
Done.
Thermalized Magnetisation = (0.951329,0.012655), Energy = -2.139664 
Averaging iterations... h=0.250000,0.000000
Done.
Final: Magnetisation = (0.948992,-0.014393), Energy = -2.134225 
<M> = (0.951779,-0.006907), <E> = -2.139084 

T=0.210000	 Thermalizing iterations... 
Done.
Thermalized Magnetisation = (0.953788,0.007363), Energy = -2.143579 
Averaging iterations... h=0.250000,0.000000
Done.
Final: Magnetisation = (0.951010,-0.002570), Energy = -2.144215 
<M> = (0.954032,-0.000814), <E> = -2.144466 

T=0.200000	 Thermalizing iterations... 
Done.
Thermalized Magnetisation = (0.955746,-0.012655), Energy = -2.149399 
Averaging iterations... h=0.250000,0.000000
Done.
Final: Magnetisation = (0.960730,0.012749), Energy = -2.151927 
<M> = (0.956262,-0.001974), <E> = -2.149761 

T=0.190000	 Thermalizing iterations... 
Done.
Thermalized Magnetisation = (0.956504,0.007477), Energy = -2.156451 
Averaging iterations... h=0.250000,0.000000
Done.
Final: Magnetisation = (0.959450,0.016104), Energy = -2.153439 
<M> = (0.958444,0.000139), <E> = -2.155058 

T=0.180000	 Thermalizing iterations... 
Done.
Thermalized Magnetisation = (0.959723,-0.028113), Energy = -2.162118 
Averaging iterations... h=0.250000,0.000000
Done.
Final: Magnetisation = (0.961574,-0.003313), Energy = -2.160456 
<M> = (0.960797,-0.002164), <E> = -2.160265 

T=0.170000	 Thermalizing iterations... 
Done.
Thermalized Magnetisation = (0.962847,0.011014), Energy = -2.163364 
Averaging iterations... h=0.250000,0.000000
Done.
Final: Magnetisation = (0.964514,0.016531), Energy = -2.164616 
<M> = (0.963001,-0.002690), <E> = -2.165544 

T=0.160000	 Thermalizing iterations... 
Done.
Thermalized Magnetisation = (0.965003,-0.007606), Energy = -2.172100 
Averaging iterations... h=0.250000,0.000000
Done.
Final: Magnetisation = (0.964797,0.026310), Energy = -2.169005 
<M> = (0.964995,-0.002367), <E> = -2.170755 

T=0.150000	 Thermalizing iterations... 
Done.
Thermalized Magnetisation = (0.967140,0.002475), Energy = -2.173636 
Averaging iterations... h=0.250000,0.000000
Done.
Final: Magnetisation = (0.969421,-0.020386), Energy = -2.181273 
<M> = (0.967204,-0.003365), <E> = -2.175763 

T=0.140000	 Thermalizing iterations... 
Done.
Thermalized Magnetisation = (0.971768,0.010287), Energy = -2.185173 
Averaging iterations... h=0.250000,0.000000
Done.
Final: Magnetisation = (0.971178,-0.002864), Energy = -2.182823 
<M> = (0.969705,-0.001972), <E> = -2.181134 

T=0.130000	 Thermalizing iterations... 
Done.
Thermalized Magnetisation = (0.973799,-0.004454), Energy = -2.186971 
Averaging iterations... h=0.250000,0.000000
Done.
Final: Magnetisation = (0.971772,-0.003859), Energy = -2.189692 
<M> = (0.971747,-0.003352), <E> = -2.186102 

T=0.120000	 Thermalizing iterations... 
Done.
Thermalized Magnetisation = (0.972791,-0.006049), Energy = -2.189756 
Averaging iterations... h=0.250000,0.000000
Done.
Final: Magnetisation = (0.972212,-0.005493), Energy = -2.191070 
<M> = (0.973885,-0.000377), <E> = -2.191259 

T=0.110000	 Thermalizing iterations... 
Done.
Thermalized Magnetisation = (0.975479,0.004822), Energy = -2.194920 
Averaging iterations... h=0.250000,0.000000
Done.
Final: Magnetisation = (0.975526,0.012085), Energy = -2.197794 
<M> = (0.976101,0.004549), <E> = -2.196477 

T=0.100000	 Thermalizing iterations... 
Done.
Thermalized Magnetisation = (0.975686,0.026008), Energy = -2.198611 
Averaging iterations... h=0.250000,0.000000
Done.
Final: Magnetisation = (0.979456,-0.011649), Energy = -2.204657 
<M> = (0.977998,0.000197), <E> = -2.201634 

T=0.090000	 Thermalizing iterations... 
Done.
Thermalized Magnetisation = (0.980727,0.007339), Energy = -2.207609 
Averaging iterations... h=0.250000,0.000000
Done.
Final: Magnetisation = (0.980522,0.007033), Energy = -2.206620 
<M> = (0.980419,-0.001622), <E> = -2.206752 

T=0.080000	 Thermalizing iterations... 
Done.
Thermalized Magnetisation = (0.983239,-0.004737), Energy = -2.212856 
Averaging iterations... h=0.250000,0.000000
Done.
Final: Magnetisation = (0.982797,-0.012084), Energy = -2.213201 
<M> = (0.982662,0.000608), <E> = -2.211745 

T=0.070000	 Thermalizing iterations... 
Done.
Thermalized Magnetisation = (0.985606,-0.005151), Energy = -2.218117 
Averaging iterations... h=0.250000,0.000000
Done.
Final: Magnetisation = (0.984059,0.003805), Energy = -2.215458 
<M> = (0.984800,-0.005344), <E> = -2.216893 

T=0.060000	 Thermalizing iterations... 
Done.
Thermalized Magnetisation = (0.986774,-0.005394), Energy = -2.220864 
Averaging iterations... h=0.250000,0.000000
Done.
Final: Magnetisation = (0.987208,-0.002367), Energy = -2.222140 
<M> = (0.986838,-0.004010), <E> = -2.221885 

T=0.050000	 Thermalizing iterations... 
Done.
Thermalized Magnetisation = (0.989423,-0.015068), Energy = -2.227108 
Averaging iterations... h=0.250000,0.000000
Done.
Final: Magnetisation = (0.989535,-0.006876), Energy = -2.227618 
<M> = (0.989058,0.000668), <E> = -2.226957 

T=0.040000	 Thermalizing iterations... 
Done.
Thermalized Magnetisation = (0.991171,0.000627), Energy = -2.232505 
Averaging iterations... h=0.250000,0.000000
Done.
Final: Magnetisation = (0.991119,-0.021094), Energy = -2.232361 
<M> = (0.991225,-0.000215), <E> = -2.232039 

T=0.030000	 Thermalizing iterations... 
Done.
Thermalized Magnetisation = (0.993445,0.006850), Energy = -2.236866 
Averaging iterations... h=0.250000,0.000000
Done.
Final: Magnetisation = (0.993772,-0.006364), Energy = -2.237283 
<M> = (0.993464,-0.001716), <E> = -2.237110 

T=0.020000	 Thermalizing iterations... 
Done.
Thermalized Magnetisation = (0.995668,-0.000622), Energy = -2.242020 
Averaging iterations... h=0.250000,0.000000
Done.
Final: Magnetisation = (0.995684,-0.007902), Energy = -2.242234 
<M> = (0.995720,-0.004300), <E> = -2.242114 

T=0.010000	 Thermalizing iterations... 
Done.
Thermalized Magnetisation = (0.997940,-0.000188), Energy = -2.247091 
Averaging iterations... h=0.250000,0.000000
Done.
Final: Magnetisation = (0.997981,-0.004310), Energy = -2.247385 
<M> = (0.997814,-0.000195), <E> = -2.247123 
Final Magnetisation = (0.997981,-0.004310), Energy = -2.247385 
------------------------

Updating all (first)black/(then)white checkerboard sites simultaneously.. 

ztne RFXY h rotating with |h|=0.250000 at T=0.000000..
loop 1

loop 2

CPU  Start Time = 5611276.604893 

CPU  End Time = 5619019.904636 

CPU Time elapsed total = 7743.299743 

real	129m3.381s
user	2121m42.325s
sys	1m0.234s
