+ cd /home/sbasak/Exercises/OpenMP/XY_code/Z2/rotating_field/trial/config/config_58
+ export OMP_NUM_THREADS=28
+ OMP_NUM_THREADS=28
+ ./a_0.out
nearest neighbor initialized. 
h loaded. 
J loaded. 
L = 128, dim_L = 2, dim_S = 2
hysteresis_MCS_multiplier = 10, hysteresis_MCS_max = 100
RAND_MAX = 2147483647.000000,
 sizeof(int) = 4,
 sizeof(long) = 8,
 sizeof(double) = 8,
 sizeof(long int) = 8,
 sizeof(short int) = 2,
 sizeof(unsigned int) = 4,
 sizeof(RAND_MAX) = 4
No. of THREADS = 28
No. of PROCESSORS = 28

0.060057,0.022023
order = ({1.000000-->-1.000000,0.000000}, 0, 1)
Initial Magnetisation = (0.060057,0.022023), Energy = 0.026893 
Cooling... 
T=2.000000	 Thermalizing iterations... 
Done.
Thermalized Magnetisation = (-0.023340,-0.031403), Energy = -0.559058 
Averaging iterations... h=0.000000,0.000000
Done.
Final: Magnetisation = (-0.008478,-0.017647), Energy = -0.585369 
<M> = (-0.008660,-0.000436), <E> = -0.607437 

T=1.990000	 Thermalizing iterations... 
Done.
Thermalized Magnetisation = (-0.034973,0.028964), Energy = -0.624425 
Averaging iterations... h=0.000000,0.000000
Done.
Final: Magnetisation = (-0.041087,0.012146), Energy = -0.635495 
<M> = (-0.007328,-0.001494), <E> = -0.611516 

T=1.980000	 Thermalizing iterations... 
Done.
Thermalized Magnetisation = (-0.036549,0.023688), Energy = -0.626483 
Averaging iterations... h=0.000000,0.000000
Done.
Final: Magnetisation = (0.020485,0.004319), Energy = -0.626108 
<M> = (-0.008619,-0.001533), <E> = -0.615828 

T=1.970000	 Thermalizing iterations... 
Done.
Thermalized Magnetisation = (-0.027889,0.027825), Energy = -0.633189 
Averaging iterations... h=0.000000,0.000000
Done.
Final: Magnetisation = (-0.017514,-0.059082), Energy = -0.613564 
<M> = (-0.008516,-0.002303), <E> = -0.619779 

T=1.960000	 Thermalizing iterations... 
Done.
Thermalized Magnetisation = (-0.012483,-0.029336), Energy = -0.660583 
Averaging iterations... h=0.000000,0.000000
Done.
Final: Magnetisation = (-0.013558,-0.006207), Energy = -0.621366 
<M> = (-0.007521,-0.000450), <E> = -0.622889 

T=1.950000	 Thermalizing iterations... 
Done.
Thermalized Magnetisation = (-0.021489,-0.002919), Energy = -0.632448 
Averaging iterations... h=0.000000,0.000000
Done.
Final: Magnetisation = (0.043510,0.003964), Energy = -0.642839 
<M> = (-0.007051,-0.000657), <E> = -0.625915 

T=1.940000	 Thermalizing iterations... 
Done.
Thermalized Magnetisation = (0.020877,-0.006743), Energy = -0.606700 
Averaging iterations... h=0.000000,0.000000
Done.
Final: Magnetisation = (0.014013,0.020871), Energy = -0.602676 
<M> = (-0.008847,0.000336), <E> = -0.629566 

T=1.930000	 Thermalizing iterations... 
Done.
Thermalized Magnetisation = (-0.002047,-0.011318), Energy = -0.643135 
Averaging iterations... h=0.000000,0.000000
Done.
Final: Magnetisation = (-0.082497,0.031161), Energy = -0.626203 
<M> = (-0.009761,0.000616), <E> = -0.632570 

T=1.920000	 Thermalizing iterations... 
Done.
Thermalized Magnetisation = (-0.039246,0.036027), Energy = -0.670931 
Averaging iterations... h=0.000000,0.000000
Done.
Final: Magnetisation = (-0.018613,-0.017772), Energy = -0.649012 
<M> = (-0.009029,-0.001949), <E> = -0.637334 

T=1.910000	 Thermalizing iterations... 
Done.
Thermalized Magnetisation = (-0.067271,0.001175), Energy = -0.655192 
Averaging iterations... h=0.000000,0.000000
Done.
Final: Magnetisation = (-0.025804,-0.022531), Energy = -0.688466 
<M> = (-0.009489,-0.001172), <E> = -0.641593 

T=1.900000	 Thermalizing iterations... 
Done.
Thermalized Magnetisation = (0.070642,0.083871), Energy = -0.649059 
Averaging iterations... h=0.000000,0.000000
Done.
Final: Magnetisation = (-0.059991,-0.010184), Energy = -0.637864 
<M> = (-0.009500,-0.002593), <E> = -0.645523 

T=1.890000	 Thermalizing iterations... 
Done.
Thermalized Magnetisation = (-0.061352,0.009588), Energy = -0.659074 
Averaging iterations... h=0.000000,0.000000
Done.
Final: Magnetisation = (-0.044976,0.023673), Energy = -0.636000 
<M> = (-0.009350,-0.002165), <E> = -0.649627 

T=1.880000	 Thermalizing iterations... 
Done.
Thermalized Magnetisation = (-0.011815,-0.043193), Energy = -0.637398 
Averaging iterations... h=0.000000,0.000000
Done.
Final: Magnetisation = (-0.047366,0.014037), Energy = -0.672214 
<M> = (-0.008833,-0.001635), <E> = -0.653333 

T=1.870000	 Thermalizing iterations... 
Done.
Thermalized Magnetisation = (-0.030458,0.026602), Energy = -0.661490 
Averaging iterations... h=0.000000,0.000000
Done.
Final: Magnetisation = (-0.004184,0.005928), Energy = -0.656467 
<M> = (-0.009472,0.001883), <E> = -0.656571 

T=1.860000	 Thermalizing iterations... 
Done.
Thermalized Magnetisation = (-0.050144,0.020641), Energy = -0.626763 
Averaging iterations... h=0.000000,0.000000
Done.
Final: Magnetisation = (0.019656,-0.038673), Energy = -0.655213 
<M> = (-0.010407,-0.000173), <E> = -0.660899 

T=1.850000	 Thermalizing iterations... 
Done.
Thermalized Magnetisation = (-0.007437,0.072551), Energy = -0.658128 
Averaging iterations... h=0.000000,0.000000
Done.
Final: Magnetisation = (0.015821,-0.041288), Energy = -0.694951 
<M> = (-0.010906,-0.000501), <E> = -0.665321 

T=1.840000	 Thermalizing iterations... 
Done.
Thermalized Magnetisation = (-0.014849,0.023996), Energy = -0.669960 
Averaging iterations... h=0.000000,0.000000
Done.
Final: Magnetisation = (0.011289,-0.013435), Energy = -0.686512 
<M> = (-0.009676,-0.001150), <E> = -0.669859 

T=1.830000	 Thermalizing iterations... 
Done.
Thermalized Magnetisation = (0.037171,0.001731), Energy = -0.653400 
Averaging iterations... h=0.000000,0.000000
Done.
Final: Magnetisation = (-0.006618,0.037576), Energy = -0.673337 
<M> = (-0.011513,-0.002913), <E> = -0.674629 

T=1.820000	 Thermalizing iterations... 
Done.
Thermalized Magnetisation = (-0.010335,0.038183), Energy = -0.682192 
Averaging iterations... h=0.000000,0.000000
Done.
Final: Magnetisation = (0.011534,-0.042116), Energy = -0.666195 
<M> = (-0.010740,-0.002053), <E> = -0.679316 

T=1.810000	 Thermalizing iterations... 
Done.
Thermalized Magnetisation = (-0.023684,0.034592), Energy = -0.680343 
Averaging iterations... h=0.000000,0.000000
Done.
Final: Magnetisation = (-0.010647,0.036206), Energy = -0.665348 
<M> = (-0.008923,-0.001878), <E> = -0.683024 

T=1.800000	 Thermalizing iterations... 
Done.
Thermalized Magnetisation = (-0.057063,-0.012291), Energy = -0.677868 
Averaging iterations... h=0.000000,0.000000
Done.
Final: Magnetisation = (-0.008556,0.034679), Energy = -0.721979 
<M> = (-0.009428,0.000330), <E> = -0.686875 

T=1.790000	 Thermalizing iterations... 
Done.
Thermalized Magnetisation = (-0.006796,-0.054378), Energy = -0.709858 
Averaging iterations... h=0.000000,0.000000
Done.
Final: Magnetisation = (-0.059525,-0.064745), Energy = -0.692519 
<M> = (-0.011704,0.000349), <E> = -0.691395 

T=1.780000	 Thermalizing iterations... 
Done.
Thermalized Magnetisation = (-0.022527,-0.018284), Energy = -0.709029 
Averaging iterations... h=0.000000,0.000000
Done.
Final: Magnetisation = (0.020320,0.013783), Energy = -0.683955 
<M> = (-0.012663,0.001209), <E> = -0.695336 

T=1.770000	 Thermalizing iterations... 
Done.
Thermalized Magnetisation = (0.011672,0.033007), Energy = -0.709342 
Averaging iterations... h=0.000000,0.000000
Done.
Final: Magnetisation = (-0.004452,0.059971), Energy = -0.692692 
<M> = (-0.011312,-0.002972), <E> = -0.700884 

T=1.760000	 Thermalizing iterations... 
Done.
Thermalized Magnetisation = (0.006754,0.010201), Energy = -0.752559 
Averaging iterations... h=0.000000,0.000000
Done.
Final: Magnetisation = (0.056681,-0.028971), Energy = -0.724624 
<M> = (-0.011450,-0.000915), <E> = -0.706192 

T=1.750000	 Thermalizing iterations... 
Done.
Thermalized Magnetisation = (-0.037203,0.014842), Energy = -0.709993 
Averaging iterations... h=0.000000,0.000000
Done.
Final: Magnetisation = (0.043172,-0.010700), Energy = -0.685216 
<M> = (-0.012537,-0.002901), <E> = -0.710949 

T=1.740000	 Thermalizing iterations... 
Done.
Thermalized Magnetisation = (0.000708,0.025921), Energy = -0.691542 
Averaging iterations... h=0.000000,0.000000
Done.
Final: Magnetisation = (-0.001441,-0.031515), Energy = -0.735504 
<M> = (-0.012131,-0.002649), <E> = -0.715880 

T=1.730000	 Thermalizing iterations... 
Done.
Thermalized Magnetisation = (0.001726,-0.029293), Energy = -0.709360 
Averaging iterations... h=0.000000,0.000000
Done.
Final: Magnetisation = (-0.071953,-0.060357), Energy = -0.722930 
<M> = (-0.010738,-0.000620), <E> = -0.719728 

T=1.720000	 Thermalizing iterations... 
Done.
Thermalized Magnetisation = (-0.038017,-0.054141), Energy = -0.714118 
Averaging iterations... h=0.000000,0.000000
Done.
Final: Magnetisation = (-0.002302,0.047178), Energy = -0.736482 
<M> = (-0.012513,0.001324), <E> = -0.724146 

T=1.710000	 Thermalizing iterations... 
Done.
Thermalized Magnetisation = (-0.000027,-0.052616), Energy = -0.765660 
Averaging iterations... h=0.000000,0.000000
Done.
Final: Magnetisation = (0.007222,-0.024458), Energy = -0.726834 
<M> = (-0.013146,0.000017), <E> = -0.729422 

T=1.700000	 Thermalizing iterations... 
Done.
Thermalized Magnetisation = (-0.002680,0.013242), Energy = -0.735651 
Averaging iterations... h=0.000000,0.000000
Done.
Final: Magnetisation = (-0.011811,0.012422), Energy = -0.728865 
<M> = (-0.013236,-0.001073), <E> = -0.734994 

T=1.690000	 Thermalizing iterations... 
Done.
Thermalized Magnetisation = (-0.092206,0.017293), Energy = -0.768566 
Averaging iterations... h=0.000000,0.000000
Done.
Final: Magnetisation = (-0.005511,-0.062975), Energy = -0.733677 
<M> = (-0.013006,-0.001019), <E> = -0.740043 

T=1.680000	 Thermalizing iterations... 
Done.
Thermalized Magnetisation = (-0.047352,-0.024465), Energy = -0.739193 
Averaging iterations... h=0.000000,0.000000
Done.
Final: Magnetisation = (-0.039012,-0.100310), Energy = -0.754971 
<M> = (-0.014333,-0.003483), <E> = -0.746249 

T=1.670000	 Thermalizing iterations... 
Done.
Thermalized Magnetisation = (-0.050420,0.025736), Energy = -0.756445 
Averaging iterations... h=0.000000,0.000000
Done.
Final: Magnetisation = (-0.014655,-0.085002), Energy = -0.789270 
<M> = (-0.013904,-0.001793), <E> = -0.751557 

T=1.660000	 Thermalizing iterations... 
Done.
Thermalized Magnetisation = (-0.075521,0.004412), Energy = -0.761030 
Averaging iterations... h=0.000000,0.000000
Done.
Final: Magnetisation = (-0.003417,-0.028452), Energy = -0.774949 
<M> = (-0.013047,-0.002420), <E> = -0.756557 

T=1.650000	 Thermalizing iterations... 
Done.
Thermalized Magnetisation = (-0.013601,-0.014438), Energy = -0.734279 
Averaging iterations... h=0.000000,0.000000
Done.
Final: Magnetisation = (-0.067159,0.056462), Energy = -0.785017 
<M> = (-0.012648,0.001348), <E> = -0.761121 

T=1.640000	 Thermalizing iterations... 
Done.
Thermalized Magnetisation = (0.026024,0.071770), Energy = -0.801311 
Averaging iterations... h=0.000000,0.000000
Done.
Final: Magnetisation = (0.038323,-0.056894), Energy = -0.752265 
<M> = (-0.015041,0.001789), <E> = -0.767154 

T=1.630000	 Thermalizing iterations... 
Done.
Thermalized Magnetisation = (-0.015027,0.018900), Energy = -0.784043 
Averaging iterations... h=0.000000,0.000000
Done.
Final: Magnetisation = (0.009167,0.011210), Energy = -0.716341 
<M> = (-0.014629,0.000851), <E> = -0.772239 

T=1.620000	 Thermalizing iterations... 
Done.
Thermalized Magnetisation = (-0.026567,-0.081773), Energy = -0.780467 
Averaging iterations... h=0.000000,0.000000
Done.
Final: Magnetisation = (0.065966,-0.014758), Energy = -0.776390 
<M> = (-0.014621,-0.001028), <E> = -0.778552 

T=1.610000	 Thermalizing iterations... 
Done.
Thermalized Magnetisation = (0.010676,0.031959), Energy = -0.792959 
Averaging iterations... h=0.000000,0.000000
Done.
Final: Magnetisation = (-0.026989,0.089224), Energy = -0.808940 
<M> = (-0.016201,-0.002695), <E> = -0.785341 

T=1.600000	 Thermalizing iterations... 
Done.
Thermalized Magnetisation = (0.016305,-0.033036), Energy = -0.816895 
Averaging iterations... h=0.000000,0.000000
Done.
Final: Magnetisation = (-0.036192,-0.030742), Energy = -0.770229 
<M> = (-0.016762,-0.004345), <E> = -0.791340 

T=1.590000	 Thermalizing iterations... 
Done.
Thermalized Magnetisation = (-0.052936,0.035305), Energy = -0.770375 
Averaging iterations... h=0.000000,0.000000
Done.
Final: Magnetisation = (-0.119946,0.009477), Energy = -0.777427 
<M> = (-0.016953,-0.002556), <E> = -0.797236 

T=1.580000	 Thermalizing iterations... 
Done.
Thermalized Magnetisation = (-0.020148,0.015261), Energy = -0.781194 
Averaging iterations... h=0.000000,0.000000
Done.
Final: Magnetisation = (0.005311,-0.071097), Energy = -0.864014 
<M> = (-0.014775,0.000070), <E> = -0.802423 

T=1.570000	 Thermalizing iterations... 
Done.
Thermalized Magnetisation = (-0.023477,0.036163), Energy = -0.833016 
Averaging iterations... h=0.000000,0.000000
Done.
Final: Magnetisation = (-0.018860,0.010841), Energy = -0.818932 
<M> = (-0.016702,0.000296), <E> = -0.807980 

T=1.560000	 Thermalizing iterations... 
Done.
Thermalized Magnetisation = (0.030862,-0.053935), Energy = -0.847071 
Averaging iterations... h=0.000000,0.000000
Done.
Final: Magnetisation = (-0.057276,-0.015390), Energy = -0.784054 
<M> = (-0.017641,0.002350), <E> = -0.814012 

T=1.550000	 Thermalizing iterations... 
Done.
Thermalized Magnetisation = (-0.084556,-0.018609), Energy = -0.789463 
Averaging iterations... h=0.000000,0.000000
Done.
Final: Magnetisation = (-0.025461,0.027198), Energy = -0.800385 
<M> = (-0.016693,-0.000281), <E> = -0.821282 

T=1.540000	 Thermalizing iterations... 
Done.
Thermalized Magnetisation = (-0.039285,0.086858), Energy = -0.821036 
Averaging iterations... h=0.000000,0.000000
Done.
Final: Magnetisation = (-0.011385,-0.064046), Energy = -0.857126 
<M> = (-0.016854,-0.001559), <E> = -0.827989 

T=1.530000	 Thermalizing iterations... 
Done.
Thermalized Magnetisation = (0.025160,0.004639), Energy = -0.871473 
Averaging iterations... h=0.000000,0.000000
Done.
Final: Magnetisation = (-0.028540,0.030082), Energy = -0.823711 
<M> = (-0.019477,-0.004962), <E> = -0.835050 

T=1.520000	 Thermalizing iterations... 
Done.
Thermalized Magnetisation = (0.023939,0.076808), Energy = -0.833208 
Averaging iterations... h=0.000000,0.000000
Done.
Final: Magnetisation = (-0.062553,0.006379), Energy = -0.826234 
<M> = (-0.018293,-0.003127), <E> = -0.841586 

T=1.510000	 Thermalizing iterations... 
Done.
Thermalized Magnetisation = (-0.016918,-0.007450), Energy = -0.886230 
Averaging iterations... h=0.000000,0.000000
Done.
Final: Magnetisation = (-0.022344,0.001669), Energy = -0.825311 
<M> = (-0.015996,-0.001419), <E> = -0.847890 

T=1.500000	 Thermalizing iterations... 
Done.
Thermalized Magnetisation = (0.021964,-0.094663), Energy = -0.860251 
Averaging iterations... h=0.000000,0.000000
Done.
Final: Magnetisation = (-0.065244,-0.068280), Energy = -0.848047 
<M> = (-0.018430,0.003669), <E> = -0.853934 

T=1.490000	 Thermalizing iterations... 
Done.
Thermalized Magnetisation = (-0.018616,-0.006209), Energy = -0.840428 
Averaging iterations... h=0.000000,0.000000
Done.
Final: Magnetisation = (-0.026807,0.110359), Energy = -0.861511 
<M> = (-0.020695,0.003508), <E> = -0.860633 

T=1.480000	 Thermalizing iterations... 
Done.
Thermalized Magnetisation = (0.001392,-0.031145), Energy = -0.842929 
Averaging iterations... h=0.000000,0.000000
Done.
Final: Magnetisation = (0.007332,-0.043041), Energy = -0.865711 
<M> = (-0.022209,0.002658), <E> = -0.868715 

T=1.470000	 Thermalizing iterations... 
Done.
Thermalized Magnetisation = (-0.014179,-0.006174), Energy = -0.879057 
Averaging iterations... h=0.000000,0.000000
Done.
Final: Magnetisation = (0.014217,-0.023275), Energy = -0.881341 
<M> = (-0.019033,-0.000223), <E> = -0.875992 

T=1.460000	 Thermalizing iterations... 
Done.
Thermalized Magnetisation = (-0.010742,0.051207), Energy = -0.866859 
Averaging iterations... h=0.000000,0.000000
Done.
Final: Magnetisation = (0.018449,0.007226), Energy = -0.836321 
<M> = (-0.021611,-0.003274), <E> = -0.883654 

T=1.450000	 Thermalizing iterations... 
Done.
Thermalized Magnetisation = (0.004620,0.021459), Energy = -0.899426 
Averaging iterations... h=0.000000,0.000000
Done.
Final: Magnetisation = (-0.075046,-0.037285), Energy = -0.910848 
<M> = (-0.020983,-0.008145), <E> = -0.891947 

T=1.440000	 Thermalizing iterations... 
Done.
Thermalized Magnetisation = (0.030900,-0.058714), Energy = -0.915259 
Averaging iterations... h=0.000000,0.000000
Done.
Final: Magnetisation = (0.021686,-0.022220), Energy = -0.913944 
<M> = (-0.018830,-0.003885), <E> = -0.898671 

T=1.430000	 Thermalizing iterations... 
Done.
Thermalized Magnetisation = (-0.039645,-0.068013), Energy = -0.931752 
Averaging iterations... h=0.000000,0.000000
Done.
Final: Magnetisation = (-0.055015,-0.022558), Energy = -0.916207 
<M> = (-0.019209,0.002116), <E> = -0.905310 

T=1.420000	 Thermalizing iterations... 
Done.
Thermalized Magnetisation = (0.083570,0.045361), Energy = -0.919602 
Averaging iterations... h=0.000000,0.000000
Done.
Final: Magnetisation = (-0.023570,-0.058182), Energy = -0.891872 
<M> = (-0.022989,0.002463), <E> = -0.913092 

T=1.410000	 Thermalizing iterations... 
Done.
Thermalized Magnetisation = (-0.040281,-0.009638), Energy = -0.934219 
Averaging iterations... h=0.000000,0.000000
Done.
Final: Magnetisation = (-0.034198,-0.024994), Energy = -0.948906 
<M> = (-0.024882,0.005492), <E> = -0.920775 

T=1.400000	 Thermalizing iterations... 
Done.
Thermalized Magnetisation = (-0.033115,-0.041681), Energy = -0.921857 
Averaging iterations... h=0.000000,0.000000
Done.
Final: Magnetisation = (-0.023398,0.093000), Energy = -0.884182 
<M> = (-0.025019,-0.002189), <E> = -0.930530 

T=1.390000	 Thermalizing iterations... 
Done.
Thermalized Magnetisation = (-0.073988,-0.025590), Energy = -0.965425 
Averaging iterations... h=0.000000,0.000000
Done.
Final: Magnetisation = (-0.001660,-0.008137), Energy = -0.961535 
<M> = (-0.024786,-0.003875), <E> = -0.938315 

T=1.380000	 Thermalizing iterations... 
Done.
Thermalized Magnetisation = (-0.038617,-0.051416), Energy = -0.925175 
Averaging iterations... h=0.000000,0.000000
Done.
Final: Magnetisation = (-0.005397,-0.031724), Energy = -0.913277 
<M> = (-0.026007,-0.009193), <E> = -0.946952 

T=1.370000	 Thermalizing iterations... 
Done.
Thermalized Magnetisation = (-0.081383,-0.058973), Energy = -0.944844 
Averaging iterations... h=0.000000,0.000000
Done.
Final: Magnetisation = (-0.069494,-0.031865), Energy = -0.911737 
<M> = (-0.026877,-0.006712), <E> = -0.955234 

T=1.360000	 Thermalizing iterations... 
Done.
Thermalized Magnetisation = (-0.055693,0.028490), Energy = -0.985328 
Averaging iterations... h=0.000000,0.000000
Done.
Final: Magnetisation = (0.056555,0.072500), Energy = -0.994920 
<M> = (-0.025096,0.000011), <E> = -0.963326 

T=1.350000	 Thermalizing iterations... 
Done.
Thermalized Magnetisation = (-0.009199,0.085162), Energy = -0.961829 
Averaging iterations... h=0.000000,0.000000
Done.
Final: Magnetisation = (-0.037889,0.076688), Energy = -0.969883 
<M> = (-0.025773,0.007985), <E> = -0.970742 

T=1.340000	 Thermalizing iterations... 
Done.
Thermalized Magnetisation = (0.047369,0.043021), Energy = -1.006407 
Averaging iterations... h=0.000000,0.000000
Done.
Final: Magnetisation = (0.016439,-0.007166), Energy = -0.998737 
<M> = (-0.030145,0.001980), <E> = -0.979945 

T=1.330000	 Thermalizing iterations... 
Done.
Thermalized Magnetisation = (0.024846,0.015480), Energy = -0.997220 
Averaging iterations... h=0.000000,0.000000
Done.
Final: Magnetisation = (-0.010286,-0.074816), Energy = -1.004730 
<M> = (-0.030812,0.002022), <E> = -0.989442 

T=1.320000	 Thermalizing iterations... 
Done.
Thermalized Magnetisation = (-0.020331,-0.011686), Energy = -0.997610 
Averaging iterations... h=0.000000,0.000000
Done.
Final: Magnetisation = (-0.071387,-0.022983), Energy = -0.968914 
<M> = (-0.029293,-0.003752), <E> = -0.998667 

T=1.310000	 Thermalizing iterations... 
Done.
Thermalized Magnetisation = (0.003827,-0.078982), Energy = -1.037706 
Averaging iterations... h=0.000000,0.000000
Done.
Final: Magnetisation = (-0.092612,0.074711), Energy = -1.032593 
<M> = (-0.030577,-0.008775), <E> = -1.009241 

T=1.300000	 Thermalizing iterations... 
Done.
Thermalized Magnetisation = (-0.048821,-0.030918), Energy = -1.005176 
Averaging iterations... h=0.000000,0.000000
Done.
Final: Magnetisation = (0.007175,-0.029990), Energy = -1.065566 
<M> = (-0.031368,-0.006948), <E> = -1.018139 

T=1.290000	 Thermalizing iterations... 
Done.
Thermalized Magnetisation = (-0.064966,-0.046237), Energy = -1.023458 
Averaging iterations... h=0.000000,0.000000
Done.
Final: Magnetisation = (0.027167,-0.004072), Energy = -1.025112 
<M> = (-0.029433,-0.004903), <E> = -1.028432 

T=1.280000	 Thermalizing iterations... 
Done.
Thermalized Magnetisation = (-0.058831,0.040427), Energy = -1.049152 
Averaging iterations... h=0.000000,0.000000
Done.
Final: Magnetisation = (-0.029471,-0.048987), Energy = -1.042500 
<M> = (-0.029793,0.004037), <E> = -1.036063 

T=1.270000	 Thermalizing iterations... 
Done.
Thermalized Magnetisation = (-0.065222,0.007246), Energy = -1.040088 
Averaging iterations... h=0.000000,0.000000
Done.
Final: Magnetisation = (-0.073318,-0.028153), Energy = -1.045726 
<M> = (-0.032328,0.004552), <E> = -1.045524 

T=1.260000	 Thermalizing iterations... 
Done.
Thermalized Magnetisation = (-0.110927,0.002727), Energy = -1.059081 
Averaging iterations... h=0.000000,0.000000
Done.
Final: Magnetisation = (-0.059556,0.007817), Energy = -1.061448 
<M> = (-0.035877,0.010171), <E> = -1.055567 

T=1.250000	 Thermalizing iterations... 
Done.
Thermalized Magnetisation = (-0.061732,-0.099078), Energy = -1.117829 
Averaging iterations... h=0.000000,0.000000
Done.
Final: Magnetisation = (-0.079252,0.038322), Energy = -1.054599 
<M> = (-0.031088,-0.004412), <E> = -1.067174 

T=1.240000	 Thermalizing iterations... 
Done.
Thermalized Magnetisation = (0.011812,-0.044772), Energy = -1.100106 
Averaging iterations... h=0.000000,0.000000
Done.
Final: Magnetisation = (-0.109675,-0.026420), Energy = -1.050967 
<M> = (-0.034117,-0.004231), <E> = -1.077742 

T=1.230000	 Thermalizing iterations... 
Done.
Thermalized Magnetisation = (-0.044176,0.119601), Energy = -1.115867 
Averaging iterations... h=0.000000,0.000000
Done.
Final: Magnetisation = (-0.067833,-0.085893), Energy = -1.057331 
<M> = (-0.036837,-0.015100), <E> = -1.088278 

T=1.220000	 Thermalizing iterations... 
Done.
Thermalized Magnetisation = (-0.020637,-0.026491), Energy = -1.078601 
Averaging iterations... h=0.000000,0.000000
Done.
Final: Magnetisation = (-0.016938,-0.064032), Energy = -1.111427 
<M> = (-0.040831,-0.010116), <E> = -1.098095 

T=1.210000	 Thermalizing iterations... 
Done.
Thermalized Magnetisation = (-0.006470,0.051959), Energy = -1.057181 
Averaging iterations... h=0.000000,0.000000
Done.
Final: Magnetisation = (-0.042068,-0.028669), Energy = -1.125593 
<M> = (-0.037506,-0.005738), <E> = -1.107941 

T=1.200000	 Thermalizing iterations... 
Done.
Thermalized Magnetisation = (0.092768,-0.053487), Energy = -1.105449 
Averaging iterations... h=0.000000,0.000000
Done.
Final: Magnetisation = (-0.015654,0.001524), Energy = -1.118759 
<M> = (-0.041664,0.015245), <E> = -1.118562 

T=1.190000	 Thermalizing iterations... 
Done.
Thermalized Magnetisation = (-0.037572,-0.039959), Energy = -1.096190 
Averaging iterations... h=0.000000,0.000000
Done.
Final: Magnetisation = (-0.059615,-0.052145), Energy = -1.135258 
<M> = (-0.042565,0.007102), <E> = -1.128736 

T=1.180000	 Thermalizing iterations... 
Done.
Thermalized Magnetisation = (-0.059165,-0.065783), Energy = -1.130106 
Averaging iterations... h=0.000000,0.000000
Done.
Final: Magnetisation = (-0.034824,0.013746), Energy = -1.108567 
<M> = (-0.039152,0.005789), <E> = -1.139874 

T=1.170000	 Thermalizing iterations... 
Done.
Thermalized Magnetisation = (-0.112782,0.122591), Energy = -1.177465 
Averaging iterations... h=0.000000,0.000000
Done.
Final: Magnetisation = (-0.019921,0.169897), Energy = -1.159506 
<M> = (-0.042338,-0.000270), <E> = -1.151183 

T=1.160000	 Thermalizing iterations... 
Done.
Thermalized Magnetisation = (-0.000052,-0.118881), Energy = -1.183106 
Averaging iterations... h=0.000000,0.000000
Done.
Final: Magnetisation = (-0.067455,-0.103696), Energy = -1.162653 
<M> = (-0.043067,-0.018805), <E> = -1.165279 

T=1.150000	 Thermalizing iterations... 
Done.
Thermalized Magnetisation = (-0.066976,-0.107349), Energy = -1.216778 
Averaging iterations... h=0.000000,0.000000
Done.
Final: Magnetisation = (-0.072679,0.019417), Energy = -1.160994 
<M> = (-0.044198,-0.025734), <E> = -1.175318 

T=1.140000	 Thermalizing iterations... 
Done.
Thermalized Magnetisation = (-0.090296,-0.083049), Energy = -1.190793 
Averaging iterations... h=0.000000,0.000000
Done.
Final: Magnetisation = (-0.045676,-0.082876), Energy = -1.170888 
<M> = (-0.043270,-0.022539), <E> = -1.186816 

T=1.130000	 Thermalizing iterations... 
Done.
Thermalized Magnetisation = (-0.085461,0.098293), Energy = -1.191725 
Averaging iterations... h=0.000000,0.000000
Done.
Final: Magnetisation = (-0.065804,0.082921), Energy = -1.186966 
<M> = (-0.045728,0.002182), <E> = -1.197106 

T=1.120000	 Thermalizing iterations... 
Done.
Thermalized Magnetisation = (-0.008608,0.044820), Energy = -1.204913 
Averaging iterations... h=0.000000,0.000000
Done.
Final: Magnetisation = (-0.104293,-0.112072), Energy = -1.209921 
<M> = (-0.047200,0.004175), <E> = -1.209106 

T=1.110000	 Thermalizing iterations... 
Done.
Thermalized Magnetisation = (-0.032064,-0.077167), Energy = -1.186694 
Averaging iterations... h=0.000000,0.000000
Done.
Final: Magnetisation = (-0.034433,0.054821), Energy = -1.232239 
<M> = (-0.049858,0.019567), <E> = -1.219770 

T=1.100000	 Thermalizing iterations... 
Done.
Thermalized Magnetisation = (-0.079665,-0.152759), Energy = -1.243098 
Averaging iterations... h=0.000000,0.000000
Done.
Final: Magnetisation = (-0.105632,-0.045393), Energy = -1.233297 
<M> = (-0.049024,0.005946), <E> = -1.232894 

T=1.090000	 Thermalizing iterations... 
Done.
Thermalized Magnetisation = (-0.090273,-0.075239), Energy = -1.266454 
Averaging iterations... h=0.000000,0.000000
Done.
Final: Magnetisation = (-0.134959,0.093301), Energy = -1.246453 
<M> = (-0.055113,-0.022582), <E> = -1.245249 

T=1.080000	 Thermalizing iterations... 
Done.
Thermalized Magnetisation = (-0.058978,-0.060457), Energy = -1.253182 
Averaging iterations... h=0.000000,0.000000
Done.
Final: Magnetisation = (-0.053444,-0.034377), Energy = -1.230488 
<M> = (-0.054807,-0.052679), <E> = -1.256889 

T=1.070000	 Thermalizing iterations... 
Done.
Thermalized Magnetisation = (-0.058857,0.129356), Energy = -1.269265 
Averaging iterations... h=0.000000,0.000000
Done.
Final: Magnetisation = (-0.077335,0.015193), Energy = -1.247839 
<M> = (-0.061051,-0.028602), <E> = -1.272159 

T=1.060000	 Thermalizing iterations... 
Done.
Thermalized Magnetisation = (-0.092073,0.140018), Energy = -1.276466 
Averaging iterations... h=0.000000,0.000000
Done.
Final: Magnetisation = (-0.022737,-0.100252), Energy = -1.292758 
<M> = (-0.052923,0.009523), <E> = -1.281312 

T=1.050000	 Thermalizing iterations... 
Done.
Thermalized Magnetisation = (-0.049506,-0.061936), Energy = -1.285066 
Averaging iterations... h=0.000000,0.000000
Done.
Final: Magnetisation = (-0.049112,-0.004220), Energy = -1.293126 
<M> = (-0.060062,-0.028572), <E> = -1.294042 

T=1.040000	 Thermalizing iterations... 
Done.
Thermalized Magnetisation = (-0.066706,0.163821), Energy = -1.282791 
Averaging iterations... h=0.000000,0.000000
Done.
Final: Magnetisation = (-0.041909,0.024095), Energy = -1.325775 
<M> = (-0.065899,0.059591), <E> = -1.305922 

T=1.030000	 Thermalizing iterations... 
Done.
Thermalized Magnetisation = (-0.121680,-0.112881), Energy = -1.303682 
Averaging iterations... h=0.000000,0.000000
Done.
Final: Magnetisation = (-0.074273,0.143765), Energy = -1.345401 
<M> = (-0.062295,-0.048280), <E> = -1.316714 

T=1.020000	 Thermalizing iterations... 
Done.
Thermalized Magnetisation = (-0.059682,-0.003818), Energy = -1.288145 
Averaging iterations... h=0.000000,0.000000
Done.
Final: Magnetisation = (-0.159203,0.109164), Energy = -1.365269 
<M> = (-0.060601,-0.118174), <E> = -1.331831 

T=1.010000	 Thermalizing iterations... 
Done.
Thermalized Magnetisation = (-0.090106,0.179095), Energy = -1.349174 
Averaging iterations... h=0.000000,0.000000
Done.
Final: Magnetisation = (-0.079039,-0.180224), Energy = -1.320990 
<M> = (-0.064444,-0.110842), <E> = -1.346199 

T=1.000000	 Thermalizing iterations... 
Done.
Thermalized Magnetisation = (-0.017919,-0.188705), Energy = -1.374030 
Averaging iterations... h=0.000000,0.000000
Done.
Final: Magnetisation = (0.021936,-0.215618), Energy = -1.368305 
<M> = (-0.067771,-0.118930), <E> = -1.359950 

T=0.990000	 Thermalizing iterations... 
Done.
Thermalized Magnetisation = (-0.123807,0.107416), Energy = -1.382301 
Averaging iterations... h=0.000000,0.000000
Done.
Final: Magnetisation = (-0.033890,-0.308473), Energy = -1.384506 
<M> = (-0.051429,-0.102678), <E> = -1.369454 

T=0.980000	 Thermalizing iterations... 
Done.
Thermalized Magnetisation = (-0.138467,-0.077140), Energy = -1.373318 
Averaging iterations... h=0.000000,0.000000
Done.
Final: Magnetisation = (-0.019003,-0.184437), Energy = -1.397787 
<M> = (-0.059687,-0.138788), <E> = -1.385587 

T=0.970000	 Thermalizing iterations... 
Done.
Thermalized Magnetisation = (-0.071091,-0.208037), Energy = -1.353678 
Averaging iterations... h=0.000000,0.000000
Done.
Final: Magnetisation = (-0.125789,0.107019), Energy = -1.398580 
<M> = (-0.067460,-0.051216), <E> = -1.393311 

T=0.960000	 Thermalizing iterations... 
Done.
Thermalized Magnetisation = (-0.144838,-0.464566), Energy = -1.451261 
Averaging iterations... h=0.000000,0.000000
Done.
Final: Magnetisation = (-0.042506,-0.187769), Energy = -1.386190 
<M> = (-0.075412,-0.292310), <E> = -1.408943 

T=0.950000	 Thermalizing iterations... 
Done.
Thermalized Magnetisation = (-0.106266,-0.419707), Energy = -1.423125 
Averaging iterations... h=0.000000,0.000000
Done.
Final: Magnetisation = (-0.065822,-0.451762), Energy = -1.432876 
<M> = (-0.072754,-0.396973), <E> = -1.425538 

T=0.940000	 Thermalizing iterations... 
Done.
Thermalized Magnetisation = (-0.050522,-0.509969), Energy = -1.447351 
Averaging iterations... h=0.000000,0.000000
Done.
Final: Magnetisation = (-0.132160,-0.408510), Energy = -1.430210 
<M> = (-0.072625,-0.481882), <E> = -1.442169 

T=0.930000	 Thermalizing iterations... 
Done.
Thermalized Magnetisation = (-0.018938,-0.363844), Energy = -1.443059 
Averaging iterations... h=0.000000,0.000000
Done.
Final: Magnetisation = (-0.078727,-0.436248), Energy = -1.446557 
<M> = (-0.076825,-0.486893), <E> = -1.454024 

T=0.920000	 Thermalizing iterations... 
Done.
Thermalized Magnetisation = (-0.064777,-0.514492), Energy = -1.480690 
Averaging iterations... h=0.000000,0.000000
Done.
Final: Magnetisation = (-0.102261,-0.566761), Energy = -1.469070 
<M> = (-0.058634,-0.533381), <E> = -1.467779 

T=0.910000	 Thermalizing iterations... 
Done.
Thermalized Magnetisation = (-0.087876,-0.568618), Energy = -1.475311 
Averaging iterations... h=0.000000,0.000000
Done.
Final: Magnetisation = (-0.079094,-0.548228), Energy = -1.467112 
<M> = (-0.056450,-0.539403), <E> = -1.477513 

T=0.900000	 Thermalizing iterations... 
Done.
Thermalized Magnetisation = (-0.035114,-0.527262), Energy = -1.489043 
Averaging iterations... h=0.000000,0.000000
Done.
Final: Magnetisation = (0.008544,-0.540734), Energy = -1.481711 
<M> = (-0.063685,-0.554626), <E> = -1.487437 

T=0.890000	 Thermalizing iterations... 
Done.
Thermalized Magnetisation = (-0.116729,-0.537929), Energy = -1.496018 
Averaging iterations... h=0.000000,0.000000
Done.
Final: Magnetisation = (0.004364,-0.547233), Energy = -1.485204 
<M> = (-0.076395,-0.561110), <E> = -1.497221 

T=0.880000	 Thermalizing iterations... 
Done.
Thermalized Magnetisation = (-0.099752,-0.598839), Energy = -1.513203 
Averaging iterations... h=0.000000,0.000000
Done.
Final: Magnetisation = (-0.021461,-0.605090), Energy = -1.520090 
<M> = (-0.069186,-0.575344), <E> = -1.508863 

T=0.870000	 Thermalizing iterations... 
Done.
Thermalized Magnetisation = (-0.106577,-0.586022), Energy = -1.535295 
Averaging iterations... h=0.000000,0.000000
Done.
Final: Magnetisation = (-0.045412,-0.547942), Energy = -1.516161 
<M> = (-0.075113,-0.590382), <E> = -1.519783 

T=0.860000	 Thermalizing iterations... 
Done.
Thermalized Magnetisation = (-0.011907,-0.622668), Energy = -1.544102 
Averaging iterations... h=0.000000,0.000000
Done.
Final: Magnetisation = (-0.041482,-0.606589), Energy = -1.527529 
<M> = (-0.074718,-0.603319), <E> = -1.530099 

T=0.850000	 Thermalizing iterations... 
Done.
Thermalized Magnetisation = (-0.123474,-0.612277), Energy = -1.530012 
Averaging iterations... h=0.000000,0.000000
Done.
Final: Magnetisation = (-0.099301,-0.621755), Energy = -1.525294 
<M> = (-0.064308,-0.613642), <E> = -1.539240 

T=0.840000	 Thermalizing iterations... 
Done.
Thermalized Magnetisation = (-0.079461,-0.640670), Energy = -1.574303 
Averaging iterations... h=0.000000,0.000000
Done.
Final: Magnetisation = (-0.016860,-0.629261), Energy = -1.572956 
<M> = (-0.065780,-0.613391), <E> = -1.547477 

T=0.830000	 Thermalizing iterations... 
Done.
Thermalized Magnetisation = (-0.043704,-0.602915), Energy = -1.542310 
Averaging iterations... h=0.000000,0.000000
Done.
Final: Magnetisation = (-0.053656,-0.586516), Energy = -1.553175 
<M> = (-0.071923,-0.617847), <E> = -1.555069 

T=0.820000	 Thermalizing iterations... 
Done.
Thermalized Magnetisation = (-0.109669,-0.626628), Energy = -1.549212 
Averaging iterations... h=0.000000,0.000000
Done.
Final: Magnetisation = (-0.090081,-0.647909), Energy = -1.546013 
<M> = (-0.069820,-0.623096), <E> = -1.563590 

T=0.810000	 Thermalizing iterations... 
Done.
Thermalized Magnetisation = (-0.072153,-0.661514), Energy = -1.538413 
Averaging iterations... h=0.000000,0.000000
Done.
Final: Magnetisation = (-0.078219,-0.617695), Energy = -1.545209 
<M> = (-0.070115,-0.634022), <E> = -1.572805 

T=0.800000	 Thermalizing iterations... 
Done.
Thermalized Magnetisation = (-0.070137,-0.661128), Energy = -1.584395 
Averaging iterations... h=0.000000,0.000000
Done.
Final: Magnetisation = (-0.067742,-0.636342), Energy = -1.582569 
<M> = (-0.070728,-0.642013), <E> = -1.581964 

T=0.790000	 Thermalizing iterations... 
Done.
Thermalized Magnetisation = (-0.133524,-0.656135), Energy = -1.590423 
Averaging iterations... h=0.000000,0.000000
Done.
Final: Magnetisation = (-0.111025,-0.638765), Energy = -1.619424 
<M> = (-0.069319,-0.648857), <E> = -1.590687 

T=0.780000	 Thermalizing iterations... 
Done.
Thermalized Magnetisation = (-0.074137,-0.662228), Energy = -1.584421 
Averaging iterations... h=0.000000,0.000000
Done.
Final: Magnetisation = (-0.062368,-0.671878), Energy = -1.596827 
<M> = (-0.068358,-0.656252), <E> = -1.598865 

T=0.770000	 Thermalizing iterations... 
Done.
Thermalized Magnetisation = (-0.000547,-0.656796), Energy = -1.602784 
Averaging iterations... h=0.000000,0.000000
Done.
Final: Magnetisation = (-0.132971,-0.636879), Energy = -1.588750 
<M> = (-0.055842,-0.663114), <E> = -1.606483 

T=0.760000	 Thermalizing iterations... 
Done.
Thermalized Magnetisation = (-0.074334,-0.667774), Energy = -1.594296 
Averaging iterations... h=0.000000,0.000000
Done.
Final: Magnetisation = (0.053283,-0.697755), Energy = -1.622203 
<M> = (-0.067657,-0.662423), <E> = -1.613659 

T=0.750000	 Thermalizing iterations... 
Done.
Thermalized Magnetisation = (-0.028082,-0.658999), Energy = -1.613637 
Averaging iterations... h=0.000000,0.000000
Done.
Final: Magnetisation = (-0.097008,-0.678408), Energy = -1.618184 
<M> = (-0.065968,-0.663687), <E> = -1.620738 

T=0.740000	 Thermalizing iterations... 
Done.
Thermalized Magnetisation = (-0.036948,-0.685666), Energy = -1.640658 
Averaging iterations... h=0.000000,0.000000
Done.
Final: Magnetisation = (-0.079969,-0.646524), Energy = -1.625128 
<M> = (-0.073755,-0.669279), <E> = -1.627733 

T=0.730000	 Thermalizing iterations... 
Done.
Thermalized Magnetisation = (-0.087855,-0.661578), Energy = -1.623001 
Averaging iterations... h=0.000000,0.000000
Done.
Final: Magnetisation = (-0.056623,-0.665807), Energy = -1.632139 
<M> = (-0.069246,-0.676710), <E> = -1.636066 

T=0.720000	 Thermalizing iterations... 
Done.
Thermalized Magnetisation = (-0.019163,-0.689754), Energy = -1.635973 
Averaging iterations... h=0.000000,0.000000
Done.
Final: Magnetisation = (-0.068479,-0.682802), Energy = -1.648105 
<M> = (-0.068721,-0.681631), <E> = -1.643857 

T=0.710000	 Thermalizing iterations... 
Done.
Thermalized Magnetisation = (-0.025357,-0.701024), Energy = -1.650521 
Averaging iterations... h=0.000000,0.000000
Done.
Final: Magnetisation = (-0.117359,-0.678323), Energy = -1.669215 
<M> = (-0.068272,-0.688177), <E> = -1.651469 

T=0.700000	 Thermalizing iterations... 
Done.
Thermalized Magnetisation = (-0.075539,-0.702407), Energy = -1.656491 
Averaging iterations... h=0.000000,0.000000
Done.
Final: Magnetisation = (-0.132762,-0.679835), Energy = -1.660228 
<M> = (-0.071082,-0.692853), <E> = -1.658538 

T=0.690000	 Thermalizing iterations... 
Done.
Thermalized Magnetisation = (-0.070232,-0.695236), Energy = -1.663287 
Averaging iterations... h=0.000000,0.000000
Done.
Final: Magnetisation = (-0.076420,-0.716133), Energy = -1.665285 
<M> = (-0.067992,-0.694189), <E> = -1.665241 

T=0.680000	 Thermalizing iterations... 
Done.
Thermalized Magnetisation = (-0.112320,-0.685145), Energy = -1.654721 
Averaging iterations... h=0.000000,0.000000
Done.
Final: Magnetisation = (-0.137201,-0.686771), Energy = -1.663147 
<M> = (-0.068755,-0.695386), <E> = -1.671520 

T=0.670000	 Thermalizing iterations... 
Done.
Thermalized Magnetisation = (-0.093478,-0.686484), Energy = -1.669125 
Averaging iterations... h=0.000000,0.000000
Done.
Final: Magnetisation = (-0.001018,-0.695041), Energy = -1.684099 
<M> = (-0.068770,-0.700800), <E> = -1.678488 

T=0.660000	 Thermalizing iterations... 
Done.
Thermalized Magnetisation = (-0.116676,-0.704903), Energy = -1.685240 
Averaging iterations... h=0.000000,0.000000
Done.
Final: Magnetisation = (-0.154677,-0.685606), Energy = -1.694891 
<M> = (-0.065627,-0.702991), <E> = -1.685538 

T=0.650000	 Thermalizing iterations... 
Done.
Thermalized Magnetisation = (-0.081883,-0.710378), Energy = -1.688574 
Averaging iterations... h=0.000000,0.000000
Done.
Final: Magnetisation = (-0.145321,-0.705895), Energy = -1.688216 
<M> = (-0.073526,-0.707283), <E> = -1.692526 

T=0.640000	 Thermalizing iterations... 
Done.
Thermalized Magnetisation = (-0.062483,-0.727468), Energy = -1.709673 
Averaging iterations... h=0.000000,0.000000
Done.
Final: Magnetisation = (-0.029122,-0.712835), Energy = -1.705901 
<M> = (-0.075043,-0.714695), <E> = -1.699847 

T=0.630000	 Thermalizing iterations... 
Done.
Thermalized Magnetisation = (-0.063111,-0.711501), Energy = -1.703698 
Averaging iterations... h=0.000000,0.000000
Done.
Final: Magnetisation = (-0.103726,-0.706135), Energy = -1.711213 
<M> = (-0.072276,-0.719756), <E> = -1.706514 

T=0.620000	 Thermalizing iterations... 
Done.
Thermalized Magnetisation = (-0.093468,-0.735831), Energy = -1.721754 
Averaging iterations... h=0.000000,0.000000
Done.
Final: Magnetisation = (-0.043296,-0.734676), Energy = -1.717700 
<M> = (-0.062954,-0.721337), <E> = -1.712815 

T=0.610000	 Thermalizing iterations... 
Done.
Thermalized Magnetisation = (-0.085270,-0.730155), Energy = -1.723591 
Averaging iterations... h=0.000000,0.000000
Done.
Final: Magnetisation = (-0.106554,-0.736539), Energy = -1.726618 
<M> = (-0.070526,-0.722183), <E> = -1.718884 

T=0.600000	 Thermalizing iterations... 
Done.
Thermalized Magnetisation = (-0.093620,-0.702775), Energy = -1.723818 
Averaging iterations... h=0.000000,0.000000
Done.
Final: Magnetisation = (-0.062991,-0.733693), Energy = -1.732671 
<M> = (-0.071925,-0.726856), <E> = -1.725135 

T=0.590000	 Thermalizing iterations... 
Done.
Thermalized Magnetisation = (-0.098571,-0.726726), Energy = -1.729080 
Averaging iterations... h=0.000000,0.000000
Done.
Final: Magnetisation = (-0.049764,-0.742749), Energy = -1.730415 
<M> = (-0.064508,-0.727633), <E> = -1.731244 

T=0.580000	 Thermalizing iterations... 
Done.
Thermalized Magnetisation = (-0.007864,-0.721132), Energy = -1.747828 
Averaging iterations... h=0.000000,0.000000
Done.
Final: Magnetisation = (-0.074256,-0.742944), Energy = -1.758533 
<M> = (-0.077666,-0.730266), <E> = -1.738099 

T=0.570000	 Thermalizing iterations... 
Done.
Thermalized Magnetisation = (-0.091480,-0.745549), Energy = -1.748765 
Averaging iterations... h=0.000000,0.000000
Done.
Final: Magnetisation = (-0.020467,-0.736271), Energy = -1.746256 
<M> = (-0.073110,-0.738715), <E> = -1.744760 

T=0.560000	 Thermalizing iterations... 
Done.
Thermalized Magnetisation = (-0.082144,-0.746506), Energy = -1.756288 
Averaging iterations... h=0.000000,0.000000
Done.
Final: Magnetisation = (-0.054811,-0.734528), Energy = -1.749701 
<M> = (-0.073158,-0.743924), <E> = -1.751313 

T=0.550000	 Thermalizing iterations... 
Done.
Thermalized Magnetisation = (-0.081587,-0.747847), Energy = -1.761184 
Averaging iterations... h=0.000000,0.000000
Done.
Final: Magnetisation = (-0.081725,-0.747581), Energy = -1.761252 
<M> = (-0.076136,-0.746317), <E> = -1.757591 

T=0.540000	 Thermalizing iterations... 
Done.
Thermalized Magnetisation = (-0.054677,-0.740040), Energy = -1.760135 
Averaging iterations... h=0.000000,0.000000
Done.
Final: Magnetisation = (-0.038507,-0.764499), Energy = -1.755850 
<M> = (-0.072215,-0.748932), <E> = -1.763291 

T=0.530000	 Thermalizing iterations... 
Done.
Thermalized Magnetisation = (-0.015029,-0.748854), Energy = -1.774176 
Averaging iterations... h=0.000000,0.000000
Done.
Final: Magnetisation = (-0.065015,-0.756489), Energy = -1.779886 
<M> = (-0.068767,-0.748835), <E> = -1.769032 

T=0.520000	 Thermalizing iterations... 
Done.
Thermalized Magnetisation = (-0.087194,-0.737185), Energy = -1.771482 
Averaging iterations... h=0.000000,0.000000
Done.
Final: Magnetisation = (-0.089063,-0.744185), Energy = -1.771017 
<M> = (-0.069930,-0.752611), <E> = -1.775103 

T=0.510000	 Thermalizing iterations... 
Done.
Thermalized Magnetisation = (-0.090800,-0.753024), Energy = -1.782434 
Averaging iterations... h=0.000000,0.000000
Done.
Final: Magnetisation = (-0.024053,-0.755529), Energy = -1.781536 
<M> = (-0.069690,-0.756384), <E> = -1.781328 

T=0.500000	 Thermalizing iterations... 
Done.
Thermalized Magnetisation = (-0.104315,-0.770552), Energy = -1.791142 
Averaging iterations... h=0.000000,0.000000
Done.
Final: Magnetisation = (-0.123998,-0.764277), Energy = -1.792312 
<M> = (-0.073157,-0.761345), <E> = -1.787652 

T=0.490000	 Thermalizing iterations... 
Done.
Thermalized Magnetisation = (-0.073687,-0.776003), Energy = -1.783749 
Averaging iterations... h=0.000000,0.000000
Done.
Final: Magnetisation = (-0.065668,-0.761592), Energy = -1.785621 
<M> = (-0.075570,-0.764689), <E> = -1.793749 

T=0.480000	 Thermalizing iterations... 
Done.
Thermalized Magnetisation = (-0.051054,-0.755613), Energy = -1.798427 
Averaging iterations... h=0.000000,0.000000
Done.
Final: Magnetisation = (-0.127940,-0.751014), Energy = -1.789842 
<M> = (-0.072541,-0.768770), <E> = -1.799648 

T=0.470000	 Thermalizing iterations... 
Done.
Thermalized Magnetisation = (-0.011166,-0.776439), Energy = -1.810739 
Averaging iterations... h=0.000000,0.000000
Done.
Final: Magnetisation = (-0.076800,-0.773982), Energy = -1.809579 
<M> = (-0.066227,-0.773164), <E> = -1.805547 

T=0.460000	 Thermalizing iterations... 
Done.
Thermalized Magnetisation = (-0.037821,-0.779798), Energy = -1.801960 
Averaging iterations... h=0.000000,0.000000
Done.
Final: Magnetisation = (-0.079143,-0.775973), Energy = -1.805054 
<M> = (-0.070351,-0.770384), <E> = -1.811039 

T=0.450000	 Thermalizing iterations... 
Done.
Thermalized Magnetisation = (-0.056005,-0.781450), Energy = -1.816009 
Averaging iterations... h=0.000000,0.000000
Done.
Final: Magnetisation = (-0.044385,-0.772809), Energy = -1.817420 
<M> = (-0.069153,-0.774362), <E> = -1.816970 

T=0.440000	 Thermalizing iterations... 
Done.
Thermalized Magnetisation = (-0.093985,-0.789902), Energy = -1.826059 
Averaging iterations... h=0.000000,0.000000
Done.
Final: Magnetisation = (-0.033925,-0.769209), Energy = -1.828569 
<M> = (-0.069857,-0.778679), <E> = -1.822726 

T=0.430000	 Thermalizing iterations... 
Done.
Thermalized Magnetisation = (-0.128467,-0.793947), Energy = -1.833381 
Averaging iterations... h=0.000000,0.000000
Done.
Final: Magnetisation = (-0.101226,-0.771902), Energy = -1.820493 
<M> = (-0.070342,-0.781471), <E> = -1.828521 

T=0.420000	 Thermalizing iterations... 
Done.
Thermalized Magnetisation = (-0.051440,-0.791243), Energy = -1.829120 
Averaging iterations... h=0.000000,0.000000
Done.
Final: Magnetisation = (-0.069864,-0.772186), Energy = -1.837377 
<M> = (-0.071603,-0.785219), <E> = -1.834715 

T=0.410000	 Thermalizing iterations... 
Done.
Thermalized Magnetisation = (-0.022072,-0.780770), Energy = -1.834545 
Averaging iterations... h=0.000000,0.000000
Done.
Final: Magnetisation = (-0.064992,-0.780509), Energy = -1.839760 
<M> = (-0.076222,-0.789876), <E> = -1.840654 

T=0.400000	 Thermalizing iterations... 
Done.
Thermalized Magnetisation = (-0.093888,-0.780093), Energy = -1.840576 
Averaging iterations... h=0.000000,0.000000
Done.
Final: Magnetisation = (-0.050614,-0.782207), Energy = -1.845865 
<M> = (-0.065880,-0.791825), <E> = -1.846109 

T=0.390000	 Thermalizing iterations... 
Done.
Thermalized Magnetisation = (-0.068375,-0.783554), Energy = -1.849914 
Averaging iterations... h=0.000000,0.000000
Done.
Final: Magnetisation = (-0.053731,-0.791135), Energy = -1.840270 
<M> = (-0.065081,-0.792654), <E> = -1.851489 

T=0.380000	 Thermalizing iterations... 
Done.
Thermalized Magnetisation = (-0.085450,-0.802101), Energy = -1.851534 
Averaging iterations... h=0.000000,0.000000
Done.
Final: Magnetisation = (-0.098990,-0.788641), Energy = -1.856691 
<M> = (-0.077996,-0.793857), <E> = -1.857244 

T=0.370000	 Thermalizing iterations... 
Done.
Thermalized Magnetisation = (-0.060087,-0.797340), Energy = -1.870518 
Averaging iterations... h=0.000000,0.000000
Done.
Final: Magnetisation = (-0.044390,-0.792227), Energy = -1.862018 
<M> = (-0.065745,-0.798454), <E> = -1.862816 

T=0.360000	 Thermalizing iterations... 
Done.
Thermalized Magnetisation = (-0.070686,-0.807548), Energy = -1.865560 
Averaging iterations... h=0.000000,0.000000
Done.
Final: Magnetisation = (-0.036922,-0.805031), Energy = -1.868549 
<M> = (-0.076587,-0.800401), <E> = -1.868502 

T=0.350000	 Thermalizing iterations... 
Done.
Thermalized Magnetisation = (-0.069852,-0.798491), Energy = -1.868018 
Averaging iterations... h=0.000000,0.000000
Done.
Final: Magnetisation = (-0.080681,-0.786434), Energy = -1.870884 
<M> = (-0.071849,-0.804054), <E> = -1.874248 

T=0.340000	 Thermalizing iterations... 
Done.
Thermalized Magnetisation = (-0.036511,-0.813012), Energy = -1.880046 
Averaging iterations... h=0.000000,0.000000
Done.
Final: Magnetisation = (-0.045060,-0.809512), Energy = -1.881778 
<M> = (-0.075332,-0.807026), <E> = -1.879945 

T=0.330000	 Thermalizing iterations... 
Done.
Thermalized Magnetisation = (-0.087715,-0.808672), Energy = -1.879224 
Averaging iterations... h=0.000000,0.000000
Done.
Final: Magnetisation = (-0.067368,-0.813533), Energy = -1.887820 
<M> = (-0.074150,-0.810759), <E> = -1.885362 

T=0.320000	 Thermalizing iterations... 
Done.
Thermalized Magnetisation = (-0.051048,-0.805082), Energy = -1.886048 
Averaging iterations... h=0.000000,0.000000
Done.
Final: Magnetisation = (-0.054859,-0.828978), Energy = -1.892359 
<M> = (-0.069568,-0.813514), <E> = -1.890936 

T=0.310000	 Thermalizing iterations... 
Done.
Thermalized Magnetisation = (-0.065964,-0.802866), Energy = -1.894240 
Averaging iterations... h=0.000000,0.000000
Done.
Final: Magnetisation = (-0.068221,-0.824055), Energy = -1.892624 
<M> = (-0.068122,-0.816039), <E> = -1.896425 

T=0.300000	 Thermalizing iterations... 
Done.
Thermalized Magnetisation = (-0.083927,-0.809038), Energy = -1.905555 
Averaging iterations... h=0.000000,0.000000
Done.
Final: Magnetisation = (-0.065301,-0.809780), Energy = -1.898378 
<M> = (-0.070232,-0.817300), <E> = -1.901754 

T=0.290000	 Thermalizing iterations... 
Done.
Thermalized Magnetisation = (-0.097140,-0.805330), Energy = -1.904545 
Averaging iterations... h=0.000000,0.000000
Done.
Final: Magnetisation = (-0.070345,-0.826485), Energy = -1.907850 
<M> = (-0.073478,-0.819418), <E> = -1.907234 

T=0.280000	 Thermalizing iterations... 
Done.
Thermalized Magnetisation = (-0.041553,-0.831423), Energy = -1.912586 
Averaging iterations... h=0.000000,0.000000
Done.
Final: Magnetisation = (-0.083775,-0.816389), Energy = -1.909126 
<M> = (-0.070994,-0.824953), <E> = -1.912689 

T=0.270000	 Thermalizing iterations... 
Done.
Thermalized Magnetisation = (-0.070204,-0.827521), Energy = -1.917910 
Averaging iterations... h=0.000000,0.000000
Done.
Final: Magnetisation = (-0.049274,-0.828670), Energy = -1.918248 
<M> = (-0.073933,-0.826539), <E> = -1.918275 

T=0.260000	 Thermalizing iterations... 
Done.
Thermalized Magnetisation = (-0.084835,-0.821663), Energy = -1.924565 
Averaging iterations... h=0.000000,0.000000
Done.
Final: Magnetisation = (-0.092069,-0.830244), Energy = -1.926812 
<M> = (-0.071217,-0.829794), <E> = -1.923684 

T=0.250000	 Thermalizing iterations... 
Done.
Thermalized Magnetisation = (-0.063829,-0.828800), Energy = -1.928366 
Averaging iterations... h=0.000000,0.000000
Done.
Final: Magnetisation = (-0.051870,-0.837640), Energy = -1.932556 
<M> = (-0.071062,-0.832392), <E> = -1.929013 

T=0.240000	 Thermalizing iterations... 
Done.
Thermalized Magnetisation = (-0.101982,-0.825088), Energy = -1.933899 
Averaging iterations... h=0.000000,0.000000
Done.
Final: Magnetisation = (-0.064630,-0.842991), Energy = -1.934825 
<M> = (-0.071842,-0.834792), <E> = -1.934329 

T=0.230000	 Thermalizing iterations... 
Done.
Thermalized Magnetisation = (-0.086664,-0.834350), Energy = -1.940852 
Averaging iterations... h=0.000000,0.000000
Done.
Final: Magnetisation = (-0.121767,-0.828968), Energy = -1.936388 
<M> = (-0.073781,-0.838137), <E> = -1.939684 

T=0.220000	 Thermalizing iterations... 
Done.
Thermalized Magnetisation = (-0.032883,-0.847715), Energy = -1.942448 
Averaging iterations... h=0.000000,0.000000
Done.
Final: Magnetisation = (-0.066140,-0.832312), Energy = -1.942418 
<M> = (-0.069806,-0.838927), <E> = -1.944933 

T=0.210000	 Thermalizing iterations... 
Done.
Thermalized Magnetisation = (-0.086380,-0.840816), Energy = -1.951273 
Averaging iterations... h=0.000000,0.000000
Done.
Final: Magnetisation = (-0.071159,-0.844943), Energy = -1.952076 
<M> = (-0.072544,-0.840827), <E> = -1.950314 

T=0.200000	 Thermalizing iterations... 
Done.
Thermalized Magnetisation = (-0.055377,-0.841838), Energy = -1.956325 
Averaging iterations... h=0.000000,0.000000
Done.
Final: Magnetisation = (-0.048598,-0.850879), Energy = -1.952551 
<M> = (-0.070954,-0.845013), <E> = -1.955569 

T=0.190000	 Thermalizing iterations... 
Done.
Thermalized Magnetisation = (-0.055059,-0.849278), Energy = -1.961472 
Averaging iterations... h=0.000000,0.000000
Done.
Final: Magnetisation = (-0.081200,-0.844311), Energy = -1.962899 
<M> = (-0.068197,-0.849317), <E> = -1.960956 

T=0.180000	 Thermalizing iterations... 
Done.
Thermalized Magnetisation = (-0.074310,-0.845717), Energy = -1.967480 
Averaging iterations... h=0.000000,0.000000
Done.
Final: Magnetisation = (-0.084661,-0.854718), Energy = -1.966398 
<M> = (-0.067595,-0.850921), <E> = -1.966231 

T=0.170000	 Thermalizing iterations... 
Done.
Thermalized Magnetisation = (-0.075935,-0.857835), Energy = -1.968366 
Averaging iterations... h=0.000000,0.000000
Done.
Final: Magnetisation = (-0.071283,-0.850755), Energy = -1.970243 
<M> = (-0.069526,-0.853096), <E> = -1.971493 

T=0.160000	 Thermalizing iterations... 
Done.
Thermalized Magnetisation = (-0.078467,-0.858916), Energy = -1.977423 
Averaging iterations... h=0.000000,0.000000
Done.
Final: Magnetisation = (-0.069025,-0.850634), Energy = -1.978187 
<M> = (-0.075164,-0.853767), <E> = -1.976614 

T=0.150000	 Thermalizing iterations... 
Done.
Thermalized Magnetisation = (-0.047561,-0.859169), Energy = -1.981486 
Averaging iterations... h=0.000000,0.000000
Done.
Final: Magnetisation = (-0.067918,-0.861835), Energy = -1.981504 
<M> = (-0.076073,-0.857156), <E> = -1.981817 

T=0.140000	 Thermalizing iterations... 
Done.
Thermalized Magnetisation = (-0.090462,-0.862080), Energy = -1.986488 
Averaging iterations... h=0.000000,0.000000
Done.
Final: Magnetisation = (-0.062922,-0.861931), Energy = -1.987779 
<M> = (-0.070492,-0.860422), <E> = -1.987061 

T=0.130000	 Thermalizing iterations... 
Done.
Thermalized Magnetisation = (-0.059358,-0.863330), Energy = -1.994971 
Averaging iterations... h=0.000000,0.000000
Done.
Final: Magnetisation = (-0.097045,-0.858482), Energy = -1.992179 
<M> = (-0.071056,-0.862241), <E> = -1.992226 

T=0.120000	 Thermalizing iterations... 
Done.
Thermalized Magnetisation = (-0.056049,-0.870760), Energy = -1.996728 
Averaging iterations... h=0.000000,0.000000
Done.
Final: Magnetisation = (-0.071368,-0.868657), Energy = -1.998154 
<M> = (-0.073659,-0.865657), <E> = -1.997496 

T=0.110000	 Thermalizing iterations... 
Done.
Thermalized Magnetisation = (-0.056349,-0.866550), Energy = -2.004356 
Averaging iterations... h=0.000000,0.000000
Done.
Final: Magnetisation = (-0.089705,-0.869361), Energy = -2.002831 
<M> = (-0.072325,-0.866694), <E> = -2.002589 

T=0.100000	 Thermalizing iterations... 
Done.
Thermalized Magnetisation = (-0.077145,-0.870591), Energy = -2.009187 
Averaging iterations... h=0.000000,0.000000
Done.
Final: Magnetisation = (-0.086075,-0.869042), Energy = -2.007628 
<M> = (-0.074119,-0.869524), <E> = -2.007705 

T=0.090000	 Thermalizing iterations... 
Done.
Thermalized Magnetisation = (-0.075394,-0.875513), Energy = -2.011595 
Averaging iterations... h=0.000000,0.000000
Done.
Final: Magnetisation = (-0.079590,-0.871393), Energy = -2.012995 
<M> = (-0.075161,-0.871493), <E> = -2.012850 

T=0.080000	 Thermalizing iterations... 
Done.
Thermalized Magnetisation = (-0.073500,-0.874455), Energy = -2.018073 
Averaging iterations... h=0.000000,0.000000
Done.
Final: Magnetisation = (-0.078473,-0.871575), Energy = -2.019502 
<M> = (-0.073627,-0.873533), <E> = -2.017950 

T=0.070000	 Thermalizing iterations... 
Done.
Thermalized Magnetisation = (-0.088886,-0.877175), Energy = -2.023054 
Averaging iterations... h=0.000000,0.000000
Done.
Final: Magnetisation = (-0.071584,-0.877180), Energy = -2.023350 
<M> = (-0.072569,-0.876700), <E> = -2.023031 

T=0.060000	 Thermalizing iterations... 
Done.
Thermalized Magnetisation = (-0.077245,-0.878719), Energy = -2.026950 
Averaging iterations... h=0.000000,0.000000
Done.
Final: Magnetisation = (-0.080847,-0.877482), Energy = -2.027541 
<M> = (-0.072877,-0.877670), <E> = -2.028118 

T=0.050000	 Thermalizing iterations... 
Done.
Thermalized Magnetisation = (-0.073717,-0.881809), Energy = -2.034046 
Averaging iterations... h=0.000000,0.000000
Done.
Final: Magnetisation = (-0.082134,-0.879824), Energy = -2.033023 
<M> = (-0.074210,-0.882869), <E> = -2.033232 

T=0.040000	 Thermalizing iterations... 
Done.
Thermalized Magnetisation = (-0.081610,-0.886172), Energy = -2.038048 
Averaging iterations... h=0.000000,0.000000
Done.
Final: Magnetisation = (-0.079800,-0.884327), Energy = -2.037709 
<M> = (-0.072485,-0.884837), <E> = -2.038266 

T=0.030000	 Thermalizing iterations... 
Done.
Thermalized Magnetisation = (-0.079940,-0.886801), Energy = -2.043310 
Averaging iterations... h=0.000000,0.000000
Done.
Final: Magnetisation = (-0.073066,-0.887515), Energy = -2.043181 
<M> = (-0.071821,-0.886878), <E> = -2.043325 

T=0.020000	 Thermalizing iterations... 
Done.
Thermalized Magnetisation = (-0.066777,-0.887741), Energy = -2.048257 
Averaging iterations... h=0.000000,0.000000
Done.
Final: Magnetisation = (-0.066782,-0.887532), Energy = -2.048482 
<M> = (-0.073696,-0.889150), <E> = -2.048347 

T=0.010000	 Thermalizing iterations... 
Done.
Thermalized Magnetisation = (-0.073047,-0.890669), Energy = -2.053457 
Averaging iterations... h=0.000000,0.000000
Done.
Final: Magnetisation = (-0.071843,-0.890867), Energy = -2.053300 
<M> = (-0.071459,-0.891745), <E> = -2.053356 
Final Magnetisation = (-0.071843,-0.890867), Energy = -2.053300 
------------------------

Updating all (first)black/(then)white checkerboard sites simultaneously.. 

ztne RFXY h rotating with |h|=0.000000 at T=0.000000..
loop 1

loop 2

CPU  Start Time = 5557572.251781 

CPU  End Time = 5565103.065107 

CPU Time elapsed total = 7530.813327 

real	125m30.850s
user	2007m11.874s
sys	0m50.552s
