+ cd /home/sbasak/Exercises/OpenMP/XY_code/Z2/rotating_field/trial/config/config_64
+ export OMP_NUM_THREADS=28
+ OMP_NUM_THREADS=28
+ ./a_32.out
nearest neighbor initialized. 
h loaded. 
J loaded. 
L = 128, dim_L = 2, dim_S = 2
hysteresis_MCS_multiplier = 10, hysteresis_MCS_max = 100
RAND_MAX = 2147483647.000000,
 sizeof(int) = 4,
 sizeof(long) = 8,
 sizeof(double) = 8,
 sizeof(long int) = 8,
 sizeof(short int) = 2,
 sizeof(unsigned int) = 4,
 sizeof(RAND_MAX) = 4
No. of THREADS = 28
No. of PROCESSORS = 28

0.059510,0.022284
order = ({1.000000-->-1.000000,0.000000}, 0, 1)
Initial Magnetisation = (0.059510,0.022284), Energy = 0.024904 
Cooling... 
T=2.000000	 Thermalizing iterations... 
Done.
Thermalized Magnetisation = (0.008673,-0.017055), Energy = -0.561989 
Averaging iterations... h=0.015625,0.000000
Done.
Final: Magnetisation = (0.004131,-0.021264), Energy = -0.578890 
<M> = (0.013041,-0.000060), <E> = -0.607164 

T=1.990000	 Thermalizing iterations... 
Done.
Thermalized Magnetisation = (-0.013661,0.014122), Energy = -0.630389 
Averaging iterations... h=0.015625,0.000000
Done.
Final: Magnetisation = (-0.013820,-0.004476), Energy = -0.650381 
<M> = (0.014481,-0.001412), <E> = -0.611100 

T=1.980000	 Thermalizing iterations... 
Done.
Thermalized Magnetisation = (-0.003304,0.026491), Energy = -0.646424 
Averaging iterations... h=0.015625,0.000000
Done.
Final: Magnetisation = (0.031013,0.015319), Energy = -0.623447 
<M> = (0.013107,-0.001074), <E> = -0.615476 

T=1.970000	 Thermalizing iterations... 
Done.
Thermalized Magnetisation = (-0.001519,0.022249), Energy = -0.621769 
Averaging iterations... h=0.015625,0.000000
Done.
Final: Magnetisation = (-0.005479,-0.051068), Energy = -0.625070 
<M> = (0.014159,-0.002211), <E> = -0.619117 

T=1.960000	 Thermalizing iterations... 
Done.
Thermalized Magnetisation = (0.004112,-0.021171), Energy = -0.655819 
Averaging iterations... h=0.015625,0.000000
Done.
Final: Magnetisation = (0.014170,-0.002473), Energy = -0.621009 
<M> = (0.014991,-0.000511), <E> = -0.622419 

T=1.950000	 Thermalizing iterations... 
Done.
Thermalized Magnetisation = (-0.007439,-0.008963), Energy = -0.635937 
Averaging iterations... h=0.015625,0.000000
Done.
Final: Magnetisation = (0.065742,-0.000026), Energy = -0.644913 
<M> = (0.015955,-0.000650), <E> = -0.625622 

T=1.940000	 Thermalizing iterations... 
Done.
Thermalized Magnetisation = (0.040130,-0.013931), Energy = -0.613115 
Averaging iterations... h=0.015625,0.000000
Done.
Final: Magnetisation = (0.050952,0.034139), Energy = -0.617291 
<M> = (0.014434,-0.000258), <E> = -0.629209 

T=1.930000	 Thermalizing iterations... 
Done.
Thermalized Magnetisation = (0.010828,-0.004542), Energy = -0.643977 
Averaging iterations... h=0.015625,0.000000
Done.
Final: Magnetisation = (-0.060198,0.019619), Energy = -0.609206 
<M> = (0.013915,0.000721), <E> = -0.632232 

T=1.920000	 Thermalizing iterations... 
Done.
Thermalized Magnetisation = (-0.006660,0.033213), Energy = -0.658515 
Averaging iterations... h=0.015625,0.000000
Done.
Final: Magnetisation = (0.000220,-0.009633), Energy = -0.652133 
<M> = (0.015394,-0.001633), <E> = -0.636701 

T=1.910000	 Thermalizing iterations... 
Done.
Thermalized Magnetisation = (-0.044907,0.008113), Energy = -0.639297 
Averaging iterations... h=0.015625,0.000000
Done.
Final: Magnetisation = (0.003983,-0.023796), Energy = -0.685138 
<M> = (0.015404,-0.000930), <E> = -0.641212 

T=1.900000	 Thermalizing iterations... 
Done.
Thermalized Magnetisation = (0.088543,0.083253), Energy = -0.655235 
Averaging iterations... h=0.015625,0.000000
Done.
Final: Magnetisation = (-0.040191,0.005186), Energy = -0.631802 
<M> = (0.015274,-0.002594), <E> = -0.644977 

T=1.890000	 Thermalizing iterations... 
Done.
Thermalized Magnetisation = (-0.034432,0.013060), Energy = -0.649425 
Averaging iterations... h=0.015625,0.000000
Done.
Final: Magnetisation = (-0.039295,0.026823), Energy = -0.640632 
<M> = (0.015935,-0.002909), <E> = -0.649141 

T=1.880000	 Thermalizing iterations... 
Done.
Thermalized Magnetisation = (0.039949,-0.031756), Energy = -0.648049 
Averaging iterations... h=0.015625,0.000000
Done.
Final: Magnetisation = (-0.031002,0.009602), Energy = -0.672650 
<M> = (0.017128,-0.001124), <E> = -0.653399 

T=1.870000	 Thermalizing iterations... 
Done.
Thermalized Magnetisation = (-0.013752,0.014361), Energy = -0.650987 
Averaging iterations... h=0.015625,0.000000
Done.
Final: Magnetisation = (0.021769,0.020639), Energy = -0.657173 
<M> = (0.016843,0.002156), <E> = -0.656556 

T=1.860000	 Thermalizing iterations... 
Done.
Thermalized Magnetisation = (-0.017772,0.020400), Energy = -0.608479 
Averaging iterations... h=0.015625,0.000000
Done.
Final: Magnetisation = (0.037823,-0.033093), Energy = -0.656802 
<M> = (0.016256,-0.000313), <E> = -0.660552 

T=1.850000	 Thermalizing iterations... 
Done.
Thermalized Magnetisation = (0.020959,0.091740), Energy = -0.657258 
Averaging iterations... h=0.015625,0.000000
Done.
Final: Magnetisation = (0.045455,-0.026299), Energy = -0.702656 
<M> = (0.016047,-0.000210), <E> = -0.664493 

T=1.840000	 Thermalizing iterations... 
Done.
Thermalized Magnetisation = (0.001298,0.016400), Energy = -0.658761 
Averaging iterations... h=0.015625,0.000000
Done.
Final: Magnetisation = (0.036676,-0.010150), Energy = -0.683745 
<M> = (0.018436,-0.001631), <E> = -0.669634 

T=1.830000	 Thermalizing iterations... 
Done.
Thermalized Magnetisation = (0.073375,-0.013378), Energy = -0.664049 
Averaging iterations... h=0.015625,0.000000
Done.
Final: Magnetisation = (0.012941,0.033248), Energy = -0.647641 
<M> = (0.016532,-0.002721), <E> = -0.673876 

T=1.820000	 Thermalizing iterations... 
Done.
Thermalized Magnetisation = (0.003681,0.030307), Energy = -0.681692 
Averaging iterations... h=0.015625,0.000000
Done.
Final: Magnetisation = (0.043310,-0.031374), Energy = -0.665704 
<M> = (0.017814,-0.002561), <E> = -0.678804 

T=1.810000	 Thermalizing iterations... 
Done.
Thermalized Magnetisation = (0.005764,0.023448), Energy = -0.679036 
Averaging iterations... h=0.015625,0.000000
Done.
Final: Magnetisation = (0.001216,0.024937), Energy = -0.659191 
<M> = (0.020506,-0.001707), <E> = -0.682753 

T=1.800000	 Thermalizing iterations... 
Done.
Thermalized Magnetisation = (-0.031748,-0.013254), Energy = -0.671700 
Averaging iterations... h=0.015625,0.000000
Done.
Final: Magnetisation = (0.010460,0.040029), Energy = -0.723437 
<M> = (0.020109,0.000470), <E> = -0.686502 

T=1.790000	 Thermalizing iterations... 
Done.
Thermalized Magnetisation = (0.029396,-0.046133), Energy = -0.694159 
Averaging iterations... h=0.015625,0.000000
Done.
Final: Magnetisation = (-0.033255,-0.056140), Energy = -0.701837 
<M> = (0.017769,-0.000058), <E> = -0.691019 

T=1.780000	 Thermalizing iterations... 
Done.
Thermalized Magnetisation = (0.013436,-0.028238), Energy = -0.717524 
Averaging iterations... h=0.015625,0.000000
Done.
Final: Magnetisation = (0.050502,0.000626), Energy = -0.679228 
<M> = (0.017857,0.000434), <E> = -0.695115 

T=1.770000	 Thermalizing iterations... 
Done.
Thermalized Magnetisation = (0.044986,0.027336), Energy = -0.713884 
Averaging iterations... h=0.015625,0.000000
Done.
Final: Magnetisation = (0.021465,0.080909), Energy = -0.705178 
<M> = (0.019708,-0.002656), <E> = -0.700248 

T=1.760000	 Thermalizing iterations... 
Done.
Thermalized Magnetisation = (0.017432,-0.001287), Energy = -0.744338 
Averaging iterations... h=0.015625,0.000000
Done.
Final: Magnetisation = (0.084491,-0.033498), Energy = -0.713246 
<M> = (0.019693,-0.001010), <E> = -0.705583 

T=1.750000	 Thermalizing iterations... 
Done.
Thermalized Magnetisation = (-0.019323,0.000382), Energy = -0.709515 
Averaging iterations... h=0.015625,0.000000
Done.
Final: Magnetisation = (0.086806,-0.017277), Energy = -0.689864 
<M> = (0.018760,-0.002655), <E> = -0.710493 

T=1.740000	 Thermalizing iterations... 
Done.
Thermalized Magnetisation = (0.041608,0.016643), Energy = -0.700222 
Averaging iterations... h=0.015625,0.000000
Done.
Final: Magnetisation = (0.035831,-0.014026), Energy = -0.712557 
<M> = (0.020261,-0.002324), <E> = -0.715307 

T=1.730000	 Thermalizing iterations... 
Done.
Thermalized Magnetisation = (0.032635,-0.052173), Energy = -0.733941 
Averaging iterations... h=0.015625,0.000000
Done.
Final: Magnetisation = (-0.049314,-0.056387), Energy = -0.736890 
<M> = (0.022304,-0.000819), <E> = -0.719850 

T=1.720000	 Thermalizing iterations... 
Done.
Thermalized Magnetisation = (0.017967,-0.052919), Energy = -0.717077 
Averaging iterations... h=0.015625,0.000000
Done.
Final: Magnetisation = (0.040780,0.023312), Energy = -0.728719 
<M> = (0.020528,0.000533), <E> = -0.723794 

T=1.710000	 Thermalizing iterations... 
Done.
Thermalized Magnetisation = (0.044428,-0.061744), Energy = -0.761468 
Averaging iterations... h=0.015625,0.000000
Done.
Final: Magnetisation = (0.043227,-0.058346), Energy = -0.736272 
<M> = (0.020970,-0.000135), <E> = -0.728751 

T=1.700000	 Thermalizing iterations... 
Done.
Thermalized Magnetisation = (0.047288,0.005646), Energy = -0.740945 
Averaging iterations... h=0.015625,0.000000
Done.
Final: Magnetisation = (0.022752,0.038253), Energy = -0.738373 
<M> = (0.021965,-0.000085), <E> = -0.734490 

T=1.690000	 Thermalizing iterations... 
Done.
Thermalized Magnetisation = (-0.033232,0.034798), Energy = -0.766541 
Averaging iterations... h=0.015625,0.000000
Done.
Final: Magnetisation = (0.038075,-0.063995), Energy = -0.723733 
<M> = (0.023182,-0.000382), <E> = -0.739680 

T=1.680000	 Thermalizing iterations... 
Done.
Thermalized Magnetisation = (-0.011764,-0.012916), Energy = -0.745254 
Averaging iterations... h=0.015625,0.000000
Done.
Final: Magnetisation = (0.000451,-0.102997), Energy = -0.738243 
<M> = (0.021619,-0.003798), <E> = -0.745628 

T=1.670000	 Thermalizing iterations... 
Done.
Thermalized Magnetisation = (-0.028923,0.010594), Energy = -0.759766 
Averaging iterations... h=0.015625,0.000000
Done.
Final: Magnetisation = (0.012864,-0.064264), Energy = -0.778163 
<M> = (0.023867,-0.001788), <E> = -0.750994 

T=1.660000	 Thermalizing iterations... 
Done.
Thermalized Magnetisation = (-0.027212,-0.007823), Energy = -0.768817 
Averaging iterations... h=0.015625,0.000000
Done.
Final: Magnetisation = (0.046013,-0.031424), Energy = -0.773005 
<M> = (0.024611,-0.002339), <E> = -0.756918 

T=1.650000	 Thermalizing iterations... 
Done.
Thermalized Magnetisation = (0.022075,-0.012616), Energy = -0.758813 
Averaging iterations... h=0.015625,0.000000
Done.
Final: Magnetisation = (-0.041974,0.063758), Energy = -0.768862 
<M> = (0.024959,0.001874), <E> = -0.760868 

T=1.640000	 Thermalizing iterations... 
Done.
Thermalized Magnetisation = (0.076248,0.050450), Energy = -0.787174 
Averaging iterations... h=0.015625,0.000000
Done.
Final: Magnetisation = (0.081097,-0.039110), Energy = -0.763010 
<M> = (0.024455,0.001851), <E> = -0.766960 

T=1.630000	 Thermalizing iterations... 
Done.
Thermalized Magnetisation = (0.014155,0.006355), Energy = -0.796807 
Averaging iterations... h=0.015625,0.000000
Done.
Final: Magnetisation = (0.041433,0.017266), Energy = -0.727499 
<M> = (0.024419,0.000237), <E> = -0.771946 

T=1.620000	 Thermalizing iterations... 
Done.
Thermalized Magnetisation = (0.029975,-0.070561), Energy = -0.779316 
Averaging iterations... h=0.015625,0.000000
Done.
Final: Magnetisation = (0.096039,-0.051051), Energy = -0.786357 
<M> = (0.027028,-0.001591), <E> = -0.778082 

T=1.610000	 Thermalizing iterations... 
Done.
Thermalized Magnetisation = (0.051416,0.045743), Energy = -0.808913 
Averaging iterations... h=0.015625,0.000000
Done.
Final: Magnetisation = (0.030654,0.079763), Energy = -0.803931 
<M> = (0.025714,-0.001284), <E> = -0.784445 

T=1.600000	 Thermalizing iterations... 
Done.
Thermalized Magnetisation = (0.041344,-0.027810), Energy = -0.822581 
Averaging iterations... h=0.015625,0.000000
Done.
Final: Magnetisation = (-0.013146,-0.021511), Energy = -0.757891 
<M> = (0.026304,-0.003668), <E> = -0.790936 

T=1.590000	 Thermalizing iterations... 
Done.
Thermalized Magnetisation = (-0.003741,0.016710), Energy = -0.767435 
Averaging iterations... h=0.015625,0.000000
Done.
Final: Magnetisation = (-0.067891,0.044067), Energy = -0.776353 
<M> = (0.027679,-0.002267), <E> = -0.796962 

T=1.580000	 Thermalizing iterations... 
Done.
Thermalized Magnetisation = (0.025021,-0.000493), Energy = -0.765608 
Averaging iterations... h=0.015625,0.000000
Done.
Final: Magnetisation = (0.012537,-0.069182), Energy = -0.859807 
<M> = (0.029901,0.000487), <E> = -0.802314 

T=1.570000	 Thermalizing iterations... 
Done.
Thermalized Magnetisation = (0.024784,0.035775), Energy = -0.835303 
Averaging iterations... h=0.015625,0.000000
Done.
Final: Magnetisation = (0.025026,0.007914), Energy = -0.789454 
<M> = (0.028929,0.000886), <E> = -0.807782 

T=1.560000	 Thermalizing iterations... 
Done.
Thermalized Magnetisation = (0.086439,-0.042643), Energy = -0.851483 
Averaging iterations... h=0.015625,0.000000
Done.
Final: Magnetisation = (-0.007036,-0.019365), Energy = -0.801018 
<M> = (0.028112,0.001420), <E> = -0.813680 

T=1.550000	 Thermalizing iterations... 
Done.
Thermalized Magnetisation = (-0.021702,-0.004005), Energy = -0.776933 
Averaging iterations... h=0.015625,0.000000
Done.
Final: Magnetisation = (0.032181,0.024401), Energy = -0.787015 
<M> = (0.030569,-0.000521), <E> = -0.821069 

T=1.540000	 Thermalizing iterations... 
Done.
Thermalized Magnetisation = (-0.010567,0.091357), Energy = -0.814149 
Averaging iterations... h=0.015625,0.000000
Done.
Final: Magnetisation = (0.015204,-0.096376), Energy = -0.850971 
<M> = (0.031862,-0.001864), <E> = -0.827565 

T=1.530000	 Thermalizing iterations... 
Done.
Thermalized Magnetisation = (0.087788,-0.014674), Energy = -0.872392 
Averaging iterations... h=0.015625,0.000000
Done.
Final: Magnetisation = (0.034332,0.056188), Energy = -0.828622 
<M> = (0.031345,-0.004212), <E> = -0.834595 

T=1.520000	 Thermalizing iterations... 
Done.
Thermalized Magnetisation = (0.073019,0.091366), Energy = -0.838658 
Averaging iterations... h=0.015625,0.000000
Done.
Final: Magnetisation = (0.004060,-0.023317), Energy = -0.846029 
<M> = (0.033318,-0.002745), <E> = -0.841710 

T=1.510000	 Thermalizing iterations... 
Done.
Thermalized Magnetisation = (0.045023,0.008888), Energy = -0.893168 
Averaging iterations... h=0.015625,0.000000
Done.
Final: Magnetisation = (0.019440,-0.014853), Energy = -0.831070 
<M> = (0.036242,0.000219), <E> = -0.848280 

T=1.500000	 Thermalizing iterations... 
Done.
Thermalized Magnetisation = (0.074713,-0.078509), Energy = -0.869411 
Averaging iterations... h=0.015625,0.000000
Done.
Final: Magnetisation = (0.011156,-0.039659), Energy = -0.843808 
<M> = (0.035940,0.002585), <E> = -0.854094 

T=1.490000	 Thermalizing iterations... 
Done.
Thermalized Magnetisation = (0.032673,0.019552), Energy = -0.823205 
Averaging iterations... h=0.015625,0.000000
Done.
Final: Magnetisation = (0.007502,0.099468), Energy = -0.865231 
<M> = (0.033986,0.002400), <E> = -0.860929 

T=1.480000	 Thermalizing iterations... 
Done.
Thermalized Magnetisation = (0.054825,-0.027740), Energy = -0.843588 
Averaging iterations... h=0.015625,0.000000
Done.
Final: Magnetisation = (0.035919,-0.018767), Energy = -0.857327 
<M> = (0.033946,0.003217), <E> = -0.867937 

T=1.470000	 Thermalizing iterations... 
Done.
Thermalized Magnetisation = (0.071289,0.007292), Energy = -0.885496 
Averaging iterations... h=0.015625,0.000000
Done.
Final: Magnetisation = (0.087084,-0.039999), Energy = -0.897026 
<M> = (0.038322,-0.001032), <E> = -0.876185 

T=1.460000	 Thermalizing iterations... 
Done.
Thermalized Magnetisation = (0.031898,0.089647), Energy = -0.866710 
Averaging iterations... h=0.015625,0.000000
Done.
Final: Magnetisation = (0.057538,0.046644), Energy = -0.866593 
<M> = (0.035852,-0.002624), <E> = -0.884374 

T=1.450000	 Thermalizing iterations... 
Done.
Thermalized Magnetisation = (0.066248,0.045655), Energy = -0.895963 
Averaging iterations... h=0.015625,0.000000
Done.
Final: Magnetisation = (0.004384,-0.019030), Energy = -0.897117 
<M> = (0.038051,-0.005829), <E> = -0.891775 

T=1.440000	 Thermalizing iterations... 
Done.
Thermalized Magnetisation = (0.079591,-0.076507), Energy = -0.901049 
Averaging iterations... h=0.015625,0.000000
Done.
Final: Magnetisation = (0.054953,-0.058664), Energy = -0.915568 
<M> = (0.041312,-0.004846), <E> = -0.898740 

T=1.430000	 Thermalizing iterations... 
Done.
Thermalized Magnetisation = (0.027669,-0.088329), Energy = -0.925433 
Averaging iterations... h=0.015625,0.000000
Done.
Final: Magnetisation = (0.027504,0.009819), Energy = -0.910013 
<M> = (0.044415,-0.000026), <E> = -0.905752 

T=1.420000	 Thermalizing iterations... 
Done.
Thermalized Magnetisation = (0.143660,0.036395), Energy = -0.934402 
Averaging iterations... h=0.015625,0.000000
Done.
Final: Magnetisation = (0.036616,-0.028968), Energy = -0.885597 
<M> = (0.042040,0.000491), <E> = -0.913296 

T=1.410000	 Thermalizing iterations... 
Done.
Thermalized Magnetisation = (0.074918,-0.004012), Energy = -0.923354 
Averaging iterations... h=0.015625,0.000000
Done.
Final: Magnetisation = (0.004022,0.006059), Energy = -0.937376 
<M> = (0.041773,0.006762), <E> = -0.920844 

T=1.400000	 Thermalizing iterations... 
Done.
Thermalized Magnetisation = (0.045000,-0.043715), Energy = -0.899503 
Averaging iterations... h=0.015625,0.000000
Done.
Final: Magnetisation = (0.062963,0.099772), Energy = -0.901201 
<M> = (0.044204,-0.002942), <E> = -0.931052 

T=1.390000	 Thermalizing iterations... 
Done.
Thermalized Magnetisation = (-0.011257,-0.040061), Energy = -0.942837 
Averaging iterations... h=0.015625,0.000000
Done.
Final: Magnetisation = (0.057652,0.005656), Energy = -0.934813 
<M> = (0.045051,-0.004385), <E> = -0.938704 

T=1.380000	 Thermalizing iterations... 
Done.
Thermalized Magnetisation = (0.049252,-0.019806), Energy = -0.922744 
Averaging iterations... h=0.015625,0.000000
Done.
Final: Magnetisation = (0.067751,-0.044401), Energy = -0.915809 
<M> = (0.046241,-0.009697), <E> = -0.947157 

T=1.370000	 Thermalizing iterations... 
Done.
Thermalized Magnetisation = (-0.013802,-0.041667), Energy = -0.934052 
Averaging iterations... h=0.015625,0.000000
Done.
Final: Magnetisation = (0.009096,-0.026702), Energy = -0.904680 
<M> = (0.045195,-0.003687), <E> = -0.955811 

T=1.360000	 Thermalizing iterations... 
Done.
Thermalized Magnetisation = (0.034816,0.021344), Energy = -0.997368 
Averaging iterations... h=0.015625,0.000000
Done.
Final: Magnetisation = (0.109741,0.108505), Energy = -0.996936 
<M> = (0.051658,-0.002661), <E> = -0.964473 

T=1.350000	 Thermalizing iterations... 
Done.
Thermalized Magnetisation = (0.100025,0.085627), Energy = -0.966718 
Averaging iterations... h=0.015625,0.000000
Done.
Final: Magnetisation = (0.044656,0.071418), Energy = -0.962362 
<M> = (0.052205,0.005664), <E> = -0.971736 

T=1.340000	 Thermalizing iterations... 
Done.
Thermalized Magnetisation = (0.145924,0.053303), Energy = -1.021281 
Averaging iterations... h=0.015625,0.000000
Done.
Final: Magnetisation = (0.100775,0.009922), Energy = -1.002266 
<M> = (0.050237,0.003137), <E> = -0.980570 

T=1.330000	 Thermalizing iterations... 
Done.
Thermalized Magnetisation = (0.092265,0.044511), Energy = -0.998928 
Averaging iterations... h=0.015625,0.000000
Done.
Final: Magnetisation = (0.083671,-0.055073), Energy = -1.012531 
<M> = (0.051925,0.000048), <E> = -0.989722 

T=1.320000	 Thermalizing iterations... 
Done.
Thermalized Magnetisation = (0.078748,0.030550), Energy = -1.021114 
Averaging iterations... h=0.015625,0.000000
Done.
Final: Magnetisation = (0.015093,-0.007940), Energy = -0.969941 
<M> = (0.056525,-0.004320), <E> = -0.999884 

T=1.310000	 Thermalizing iterations... 
Done.
Thermalized Magnetisation = (0.110110,-0.013904), Energy = -1.049367 
Averaging iterations... h=0.015625,0.000000
Done.
Final: Magnetisation = (0.002276,0.072885), Energy = -1.039712 
<M> = (0.058113,-0.008757), <E> = -1.010222 

T=1.300000	 Thermalizing iterations... 
Done.
Thermalized Magnetisation = (0.035044,0.028382), Energy = -1.003723 
Averaging iterations... h=0.015625,0.000000
Done.
Final: Magnetisation = (0.096624,-0.020650), Energy = -1.072487 
<M> = (0.059764,-0.006565), <E> = -1.019394 

T=1.290000	 Thermalizing iterations... 
Done.
Thermalized Magnetisation = (0.038071,-0.044744), Energy = -1.009380 
Averaging iterations... h=0.015625,0.000000
Done.
Final: Magnetisation = (0.059286,-0.039132), Energy = -1.026754 
<M> = (0.065185,-0.004548), <E> = -1.029272 

T=1.280000	 Thermalizing iterations... 
Done.
Thermalized Magnetisation = (0.044939,0.012328), Energy = -1.052248 
Averaging iterations... h=0.015625,0.000000
Done.
Final: Magnetisation = (0.074771,-0.019739), Energy = -1.059614 
<M> = (0.066368,0.001984), <E> = -1.037890 

T=1.270000	 Thermalizing iterations... 
Done.
Thermalized Magnetisation = (0.042916,-0.015348), Energy = -1.016214 
Averaging iterations... h=0.015625,0.000000
Done.
Final: Magnetisation = (0.011695,-0.032591), Energy = -1.053770 
<M> = (0.064092,0.000649), <E> = -1.046892 

T=1.260000	 Thermalizing iterations... 
Done.
Thermalized Magnetisation = (0.025713,0.007523), Energy = -1.040599 
Averaging iterations... h=0.015625,0.000000
Done.
Final: Magnetisation = (0.076866,-0.008685), Energy = -1.044227 
<M> = (0.064455,0.006623), <E> = -1.057188 

T=1.250000	 Thermalizing iterations... 
Done.
Thermalized Magnetisation = (0.064444,-0.090785), Energy = -1.100532 
Averaging iterations... h=0.015625,0.000000
Done.
Final: Magnetisation = (-0.002824,0.086027), Energy = -1.053501 
<M> = (0.068452,-0.005534), <E> = -1.068459 

T=1.240000	 Thermalizing iterations... 
Done.
Thermalized Magnetisation = (0.067270,0.005040), Energy = -1.099835 
Averaging iterations... h=0.015625,0.000000
Done.
Final: Magnetisation = (-0.039300,0.019538), Energy = -1.041598 
<M> = (0.070356,-0.003021), <E> = -1.078884 

T=1.230000	 Thermalizing iterations... 
Done.
Thermalized Magnetisation = (0.069461,0.118706), Energy = -1.095753 
Averaging iterations... h=0.015625,0.000000
Done.
Final: Magnetisation = (0.047098,-0.085969), Energy = -1.038799 
<M> = (0.071695,-0.012629), <E> = -1.090309 

T=1.220000	 Thermalizing iterations... 
Done.
Thermalized Magnetisation = (0.118875,-0.029362), Energy = -1.084648 
Averaging iterations... h=0.015625,0.000000
Done.
Final: Magnetisation = (0.063464,-0.050681), Energy = -1.104008 
<M> = (0.071215,-0.011179), <E> = -1.099895 

T=1.210000	 Thermalizing iterations... 
Done.
Thermalized Magnetisation = (0.068254,0.019896), Energy = -1.064394 
Averaging iterations... h=0.015625,0.000000
Done.
Final: Magnetisation = (0.062988,-0.006184), Energy = -1.129592 
<M> = (0.079627,-0.005847), <E> = -1.110235 

T=1.200000	 Thermalizing iterations... 
Done.
Thermalized Magnetisation = (0.174432,-0.076595), Energy = -1.106869 
Averaging iterations... h=0.015625,0.000000
Done.
Final: Magnetisation = (0.090758,0.036573), Energy = -1.132869 
<M> = (0.078695,0.009729), <E> = -1.120693 

T=1.190000	 Thermalizing iterations... 
Done.
Thermalized Magnetisation = (0.105209,-0.027386), Energy = -1.095689 
Averaging iterations... h=0.015625,0.000000
Done.
Final: Magnetisation = (0.087208,-0.117080), Energy = -1.133754 
<M> = (0.080402,-0.002030), <E> = -1.130566 

T=1.180000	 Thermalizing iterations... 
Done.
Thermalized Magnetisation = (0.087783,-0.041637), Energy = -1.125469 
Averaging iterations... h=0.015625,0.000000
Done.
Final: Magnetisation = (0.092004,-0.055004), Energy = -1.107208 
<M> = (0.084915,-0.009486), <E> = -1.143374 

T=1.170000	 Thermalizing iterations... 
Done.
Thermalized Magnetisation = (0.014062,0.079412), Energy = -1.160966 
Averaging iterations... h=0.015625,0.000000
Done.
Final: Magnetisation = (0.046818,0.192347), Energy = -1.143445 
<M> = (0.088561,0.003753), <E> = -1.154418 

T=1.160000	 Thermalizing iterations... 
Done.
Thermalized Magnetisation = (0.152803,-0.140899), Energy = -1.184084 
Averaging iterations... h=0.015625,0.000000
Done.
Final: Magnetisation = (0.116554,-0.115870), Energy = -1.166591 
<M> = (0.090733,-0.016641), <E> = -1.167445 

T=1.150000	 Thermalizing iterations... 
Done.
Thermalized Magnetisation = (0.092064,-0.065808), Energy = -1.213448 
Averaging iterations... h=0.015625,0.000000
Done.
Final: Magnetisation = (0.063533,0.038411), Energy = -1.172795 
<M> = (0.095673,-0.017081), <E> = -1.178624 

T=1.140000	 Thermalizing iterations... 
Done.
Thermalized Magnetisation = (0.043102,-0.053380), Energy = -1.182550 
Averaging iterations... h=0.015625,0.000000
Done.
Final: Magnetisation = (0.164164,-0.088897), Energy = -1.184207 
<M> = (0.099166,-0.016432), <E> = -1.190706 

T=1.130000	 Thermalizing iterations... 
Done.
Thermalized Magnetisation = (0.014554,0.062146), Energy = -1.170301 
Averaging iterations... h=0.015625,0.000000
Done.
Final: Magnetisation = (0.092773,0.115306), Energy = -1.190941 
<M> = (0.100106,-0.008476), <E> = -1.200220 

T=1.120000	 Thermalizing iterations... 
Done.
Thermalized Magnetisation = (0.137152,0.061183), Energy = -1.208660 
Averaging iterations... h=0.015625,0.000000
Done.
Final: Magnetisation = (0.060308,-0.191856), Energy = -1.219879 
<M> = (0.101222,-0.009908), <E> = -1.212036 

T=1.110000	 Thermalizing iterations... 
Done.
Thermalized Magnetisation = (0.119282,-0.032358), Energy = -1.204377 
Averaging iterations... h=0.015625,0.000000
Done.
Final: Magnetisation = (0.130050,0.030330), Energy = -1.230724 
<M> = (0.101277,0.021629), <E> = -1.223129 

T=1.100000	 Thermalizing iterations... 
Done.
Thermalized Magnetisation = (0.063859,-0.205651), Energy = -1.254298 
Averaging iterations... h=0.015625,0.000000
Done.
Final: Magnetisation = (0.044604,-0.156535), Energy = -1.241041 
<M> = (0.107144,0.009983), <E> = -1.236633 

T=1.090000	 Thermalizing iterations... 
Done.
Thermalized Magnetisation = (0.091994,-0.043195), Energy = -1.248362 
Averaging iterations... h=0.015625,0.000000
Done.
Final: Magnetisation = (0.076169,0.031878), Energy = -1.255158 
<M> = (0.111710,-0.027322), <E> = -1.249397 

T=1.080000	 Thermalizing iterations... 
Done.
Thermalized Magnetisation = (0.091706,-0.061497), Energy = -1.280869 
Averaging iterations... h=0.015625,0.000000
Done.
Final: Magnetisation = (0.139813,0.030799), Energy = -1.261718 
<M> = (0.114360,-0.058904), <E> = -1.261742 

T=1.070000	 Thermalizing iterations... 
Done.
Thermalized Magnetisation = (0.122295,0.065251), Energy = -1.291026 
Averaging iterations... h=0.015625,0.000000
Done.
Final: Magnetisation = (0.081089,0.054237), Energy = -1.264107 
<M> = (0.111407,-0.050664), <E> = -1.275079 

T=1.060000	 Thermalizing iterations... 
Done.
Thermalized Magnetisation = (0.138414,0.173548), Energy = -1.300987 
Averaging iterations... h=0.015625,0.000000
Done.
Final: Magnetisation = (0.160807,-0.078359), Energy = -1.304308 
<M> = (0.125820,-0.011964), <E> = -1.286328 

T=1.050000	 Thermalizing iterations... 
Done.
Thermalized Magnetisation = (0.137094,-0.046430), Energy = -1.324413 
Averaging iterations... h=0.015625,0.000000
Done.
Final: Magnetisation = (0.068187,0.000160), Energy = -1.288578 
<M> = (0.127937,-0.003765), <E> = -1.298343 

T=1.040000	 Thermalizing iterations... 
Done.
Thermalized Magnetisation = (0.100047,0.044194), Energy = -1.281441 
Averaging iterations... h=0.015625,0.000000
Done.
Final: Magnetisation = (0.145221,-0.068781), Energy = -1.307728 
<M> = (0.118925,0.004193), <E> = -1.308835 

T=1.030000	 Thermalizing iterations... 
Done.
Thermalized Magnetisation = (0.096239,-0.240640), Energy = -1.314494 
Averaging iterations... h=0.015625,0.000000
Done.
Final: Magnetisation = (0.092227,-0.013021), Energy = -1.331084 
<M> = (0.136080,-0.072662), <E> = -1.322620 

T=1.020000	 Thermalizing iterations... 
Done.
Thermalized Magnetisation = (0.130110,-0.143189), Energy = -1.311552 
Averaging iterations... h=0.015625,0.000000
Done.
Final: Magnetisation = (0.098868,0.176975), Energy = -1.361379 
<M> = (0.129973,-0.041559), <E> = -1.335938 

T=1.010000	 Thermalizing iterations... 
Done.
Thermalized Magnetisation = (0.029962,-0.160603), Energy = -1.331393 
Averaging iterations... h=0.015625,0.000000
Done.
Final: Magnetisation = (0.195397,-0.200456), Energy = -1.368636 
<M> = (0.135936,-0.176260), <E> = -1.351189 

T=1.000000	 Thermalizing iterations... 
Done.
Thermalized Magnetisation = (0.154086,-0.403025), Energy = -1.395564 
Averaging iterations... h=0.015625,0.000000
Done.
Final: Magnetisation = (0.231702,-0.113523), Energy = -1.371495 
<M> = (0.138753,-0.162576), <E> = -1.363431 

T=0.990000	 Thermalizing iterations... 
Done.
Thermalized Magnetisation = (0.137944,0.041070), Energy = -1.388119 
Averaging iterations... h=0.015625,0.000000
Done.
Final: Magnetisation = (0.159314,-0.146339), Energy = -1.374407 
<M> = (0.146788,-0.081199), <E> = -1.374920 

T=0.980000	 Thermalizing iterations... 
Done.
Thermalized Magnetisation = (0.120208,0.007419), Energy = -1.382853 
Averaging iterations... h=0.015625,0.000000
Done.
Final: Magnetisation = (0.207224,-0.112531), Energy = -1.401439 
<M> = (0.153056,-0.171967), <E> = -1.388333 

T=0.970000	 Thermalizing iterations... 
Done.
Thermalized Magnetisation = (0.173558,0.059541), Energy = -1.375066 
Averaging iterations... h=0.015625,0.000000
Done.
Final: Magnetisation = (0.115645,0.212256), Energy = -1.398312 
<M> = (0.153196,0.138887), <E> = -1.398503 

T=0.960000	 Thermalizing iterations... 
Done.
Thermalized Magnetisation = (0.058187,-0.294944), Energy = -1.433885 
Averaging iterations... h=0.015625,0.000000
Done.
Final: Magnetisation = (0.204784,-0.149408), Energy = -1.398869 
<M> = (0.143659,-0.238434), <E> = -1.410445 

T=0.950000	 Thermalizing iterations... 
Done.
Thermalized Magnetisation = (0.056168,-0.493628), Energy = -1.431503 
Averaging iterations... h=0.015625,0.000000
Done.
Final: Magnetisation = (0.150626,-0.346505), Energy = -1.427899 
<M> = (0.150765,-0.367060), <E> = -1.428445 

T=0.940000	 Thermalizing iterations... 
Done.
Thermalized Magnetisation = (0.199845,-0.436513), Energy = -1.450023 
Averaging iterations... h=0.015625,0.000000
Done.
Final: Magnetisation = (0.156618,-0.354084), Energy = -1.433556 
<M> = (0.141961,-0.451352), <E> = -1.444566 

T=0.930000	 Thermalizing iterations... 
Done.
Thermalized Magnetisation = (0.163501,0.051619), Energy = -1.431020 
Averaging iterations... h=0.015625,0.000000
Done.
Final: Magnetisation = (0.144316,-0.384565), Energy = -1.461717 
<M> = (0.144161,-0.186553), <E> = -1.448963 

T=0.920000	 Thermalizing iterations... 
Done.
Thermalized Magnetisation = (0.180251,-0.423491), Energy = -1.477433 
Averaging iterations... h=0.015625,0.000000
Done.
Final: Magnetisation = (0.137047,-0.537501), Energy = -1.462372 
<M> = (0.151963,-0.427797), <E> = -1.464840 

T=0.910000	 Thermalizing iterations... 
Done.
Thermalized Magnetisation = (0.093781,-0.553421), Energy = -1.483545 
Averaging iterations... h=0.015625,0.000000
Done.
Final: Magnetisation = (0.082321,-0.545706), Energy = -1.463532 
<M> = (0.146634,-0.510732), <E> = -1.477609 

T=0.900000	 Thermalizing iterations... 
Done.
Thermalized Magnetisation = (0.147229,-0.508536), Energy = -1.483882 
Averaging iterations... h=0.015625,0.000000
Done.
Final: Magnetisation = (0.231956,-0.511408), Energy = -1.484437 
<M> = (0.149724,-0.518775), <E> = -1.488410 

T=0.890000	 Thermalizing iterations... 
Done.
Thermalized Magnetisation = (0.109053,-0.518444), Energy = -1.505880 
Averaging iterations... h=0.015625,0.000000
Done.
Final: Magnetisation = (0.214854,-0.505941), Energy = -1.489016 
<M> = (0.141033,-0.510129), <E> = -1.496758 

T=0.880000	 Thermalizing iterations... 
Done.
Thermalized Magnetisation = (0.090402,-0.601654), Energy = -1.516912 
Averaging iterations... h=0.015625,0.000000
Done.
Final: Magnetisation = (0.233234,-0.546712), Energy = -1.515130 
<M> = (0.142059,-0.540966), <E> = -1.508617 

T=0.870000	 Thermalizing iterations... 
Done.
Thermalized Magnetisation = (0.161660,-0.587172), Energy = -1.545995 
Averaging iterations... h=0.015625,0.000000
Done.
Final: Magnetisation = (0.128042,-0.576039), Energy = -1.529566 
<M> = (0.132236,-0.569934), <E> = -1.520428 

T=0.860000	 Thermalizing iterations... 
Done.
Thermalized Magnetisation = (0.180137,-0.604295), Energy = -1.566247 
Averaging iterations... h=0.015625,0.000000
Done.
Final: Magnetisation = (0.183349,-0.542128), Energy = -1.525726 
<M> = (0.126717,-0.580296), <E> = -1.530695 

T=0.850000	 Thermalizing iterations... 
Done.
Thermalized Magnetisation = (0.104921,-0.601199), Energy = -1.540620 
Averaging iterations... h=0.015625,0.000000
Done.
Final: Magnetisation = (0.107493,-0.578346), Energy = -1.524623 
<M> = (0.135072,-0.589081), <E> = -1.539646 

T=0.840000	 Thermalizing iterations... 
Done.
Thermalized Magnetisation = (0.135468,-0.636548), Energy = -1.569101 
Averaging iterations... h=0.015625,0.000000
Done.
Final: Magnetisation = (0.168559,-0.619870), Energy = -1.581444 
<M> = (0.138825,-0.599595), <E> = -1.548682 

T=0.830000	 Thermalizing iterations... 
Done.
Thermalized Magnetisation = (0.192327,-0.562287), Energy = -1.551556 
Averaging iterations... h=0.015625,0.000000
Done.
Final: Magnetisation = (0.157233,-0.613332), Energy = -1.563829 
<M> = (0.155771,-0.590429), <E> = -1.556250 

T=0.820000	 Thermalizing iterations... 
Done.
Thermalized Magnetisation = (0.090059,-0.612535), Energy = -1.553999 
Averaging iterations... h=0.015625,0.000000
Done.
Final: Magnetisation = (0.159160,-0.608020), Energy = -1.549106 
<M> = (0.150699,-0.596887), <E> = -1.564138 

T=0.810000	 Thermalizing iterations... 
Done.
Thermalized Magnetisation = (0.167719,-0.608708), Energy = -1.550795 
Averaging iterations... h=0.015625,0.000000
Done.
Final: Magnetisation = (0.109416,-0.600248), Energy = -1.555917 
<M> = (0.144658,-0.613371), <E> = -1.573840 

T=0.800000	 Thermalizing iterations... 
Done.
Thermalized Magnetisation = (0.115222,-0.646110), Energy = -1.585092 
Averaging iterations... h=0.015625,0.000000
Done.
Final: Magnetisation = (0.093633,-0.610556), Energy = -1.568406 
<M> = (0.135958,-0.620348), <E> = -1.582272 

T=0.790000	 Thermalizing iterations... 
Done.
Thermalized Magnetisation = (0.065358,-0.640709), Energy = -1.587490 
Averaging iterations... h=0.015625,0.000000
Done.
Final: Magnetisation = (0.142153,-0.633288), Energy = -1.616661 
<M> = (0.131851,-0.624656), <E> = -1.591023 

T=0.780000	 Thermalizing iterations... 
Done.
Thermalized Magnetisation = (0.152030,-0.627307), Energy = -1.587148 
Averaging iterations... h=0.015625,0.000000
Done.
Final: Magnetisation = (0.151960,-0.630363), Energy = -1.594307 
<M> = (0.135139,-0.633132), <E> = -1.599204 

T=0.770000	 Thermalizing iterations... 
Done.
Thermalized Magnetisation = (0.190209,-0.583970), Energy = -1.603291 
Averaging iterations... h=0.015625,0.000000
Done.
Final: Magnetisation = (0.098723,-0.635236), Energy = -1.583258 
<M> = (0.150345,-0.637764), <E> = -1.607074 

T=0.760000	 Thermalizing iterations... 
Done.
Thermalized Magnetisation = (0.114373,-0.654109), Energy = -1.591449 
Averaging iterations... h=0.015625,0.000000
Done.
Final: Magnetisation = (0.223811,-0.643747), Energy = -1.626256 
<M> = (0.144829,-0.639983), <E> = -1.614221 

T=0.750000	 Thermalizing iterations... 
Done.
Thermalized Magnetisation = (0.164707,-0.616515), Energy = -1.609630 
Averaging iterations... h=0.015625,0.000000
Done.
Final: Magnetisation = (0.062703,-0.668746), Energy = -1.619819 
<M> = (0.139763,-0.641407), <E> = -1.621178 

T=0.740000	 Thermalizing iterations... 
Done.
Thermalized Magnetisation = (0.142295,-0.671928), Energy = -1.644188 
Averaging iterations... h=0.015625,0.000000
Done.
Final: Magnetisation = (0.120054,-0.645405), Energy = -1.631443 
<M> = (0.146521,-0.650986), <E> = -1.628686 

T=0.730000	 Thermalizing iterations... 
Done.
Thermalized Magnetisation = (0.135787,-0.663796), Energy = -1.626135 
Averaging iterations... h=0.015625,0.000000
Done.
Final: Magnetisation = (0.153455,-0.654848), Energy = -1.632482 
<M> = (0.142196,-0.656662), <E> = -1.636941 

T=0.720000	 Thermalizing iterations... 
Done.
Thermalized Magnetisation = (0.173746,-0.659091), Energy = -1.624597 
Averaging iterations... h=0.015625,0.000000
Done.
Final: Magnetisation = (0.128969,-0.657769), Energy = -1.642730 
<M> = (0.137856,-0.661210), <E> = -1.644512 

T=0.710000	 Thermalizing iterations... 
Done.
Thermalized Magnetisation = (0.121976,-0.683619), Energy = -1.648994 
Averaging iterations... h=0.015625,0.000000
Done.
Final: Magnetisation = (0.098169,-0.690304), Energy = -1.671216 
<M> = (0.137848,-0.670129), <E> = -1.651848 

T=0.700000	 Thermalizing iterations... 
Done.
Thermalized Magnetisation = (0.050690,-0.693881), Energy = -1.658517 
Averaging iterations... h=0.015625,0.000000
Done.
Final: Magnetisation = (0.098378,-0.673425), Energy = -1.656614 
<M> = (0.133338,-0.676292), <E> = -1.659250 

T=0.690000	 Thermalizing iterations... 
Done.
Thermalized Magnetisation = (0.114754,-0.665573), Energy = -1.669368 
Averaging iterations... h=0.015625,0.000000
Done.
Final: Magnetisation = (0.110366,-0.701969), Energy = -1.669118 
<M> = (0.144166,-0.677799), <E> = -1.666183 

T=0.680000	 Thermalizing iterations... 
Done.
Thermalized Magnetisation = (0.069324,-0.683478), Energy = -1.656086 
Averaging iterations... h=0.015625,0.000000
Done.
Final: Magnetisation = (0.108767,-0.686082), Energy = -1.673878 
<M> = (0.142239,-0.674854), <E> = -1.672197 

T=0.670000	 Thermalizing iterations... 
Done.
Thermalized Magnetisation = (0.129419,-0.696542), Energy = -1.665649 
Averaging iterations... h=0.015625,0.000000
Done.
Final: Magnetisation = (0.192365,-0.668277), Energy = -1.687167 
<M> = (0.141256,-0.678181), <E> = -1.678972 

T=0.660000	 Thermalizing iterations... 
Done.
Thermalized Magnetisation = (0.105380,-0.683991), Energy = -1.674525 
Averaging iterations... h=0.015625,0.000000
Done.
Final: Magnetisation = (0.142382,-0.665101), Energy = -1.692786 
<M> = (0.148675,-0.683958), <E> = -1.686248 

T=0.650000	 Thermalizing iterations... 
Done.
Thermalized Magnetisation = (0.099759,-0.696064), Energy = -1.692988 
Averaging iterations... h=0.015625,0.000000
Done.
Final: Magnetisation = (0.145363,-0.699729), Energy = -1.683620 
<M> = (0.145725,-0.688139), <E> = -1.693108 

T=0.640000	 Thermalizing iterations... 
Done.
Thermalized Magnetisation = (0.131865,-0.727130), Energy = -1.711262 
Averaging iterations... h=0.015625,0.000000
Done.
Final: Magnetisation = (0.187670,-0.695703), Energy = -1.704671 
<M> = (0.135385,-0.697603), <E> = -1.700811 

T=0.630000	 Thermalizing iterations... 
Done.
Thermalized Magnetisation = (0.110096,-0.717792), Energy = -1.708029 
Averaging iterations... h=0.015625,0.000000
Done.
Final: Magnetisation = (0.075023,-0.694472), Energy = -1.704629 
<M> = (0.141512,-0.700627), <E> = -1.706843 

T=0.620000	 Thermalizing iterations... 
Done.
Thermalized Magnetisation = (0.104881,-0.714511), Energy = -1.718338 
Averaging iterations... h=0.015625,0.000000
Done.
Final: Magnetisation = (0.185333,-0.709468), Energy = -1.720823 
<M> = (0.142083,-0.702900), <E> = -1.713421 

T=0.610000	 Thermalizing iterations... 
Done.
Thermalized Magnetisation = (0.177247,-0.701007), Energy = -1.715746 
Averaging iterations... h=0.015625,0.000000
Done.
Final: Magnetisation = (0.128657,-0.705952), Energy = -1.717526 
<M> = (0.144310,-0.703312), <E> = -1.719657 

T=0.600000	 Thermalizing iterations... 
Done.
Thermalized Magnetisation = (0.155427,-0.706236), Energy = -1.735593 
Averaging iterations... h=0.015625,0.000000
Done.
Final: Magnetisation = (0.154546,-0.708095), Energy = -1.730493 
<M> = (0.147702,-0.707019), <E> = -1.725876 

T=0.590000	 Thermalizing iterations... 
Done.
Thermalized Magnetisation = (0.109062,-0.710778), Energy = -1.724358 
Averaging iterations... h=0.015625,0.000000
Done.
Final: Magnetisation = (0.172895,-0.731676), Energy = -1.730448 
<M> = (0.148687,-0.710943), <E> = -1.732291 

T=0.580000	 Thermalizing iterations... 
Done.
Thermalized Magnetisation = (0.214367,-0.701005), Energy = -1.747256 
Averaging iterations... h=0.015625,0.000000
Done.
Final: Magnetisation = (0.131359,-0.706914), Energy = -1.747149 
<M> = (0.138803,-0.713346), <E> = -1.738745 

T=0.570000	 Thermalizing iterations... 
Done.
Thermalized Magnetisation = (0.111634,-0.741677), Energy = -1.744552 
Averaging iterations... h=0.015625,0.000000
Done.
Final: Magnetisation = (0.203273,-0.698855), Energy = -1.746059 
<M> = (0.133370,-0.723323), <E> = -1.745469 

T=0.560000	 Thermalizing iterations... 
Done.
Thermalized Magnetisation = (0.160532,-0.713468), Energy = -1.753853 
Averaging iterations... h=0.015625,0.000000
Done.
Final: Magnetisation = (0.141043,-0.714426), Energy = -1.754322 
<M> = (0.135276,-0.728321), <E> = -1.751790 

T=0.550000	 Thermalizing iterations... 
Done.
Thermalized Magnetisation = (0.140918,-0.707760), Energy = -1.766860 
Averaging iterations... h=0.015625,0.000000
Done.
Final: Magnetisation = (0.122651,-0.734882), Energy = -1.758039 
<M> = (0.130562,-0.730226), <E> = -1.757973 

T=0.540000	 Thermalizing iterations... 
Done.
Thermalized Magnetisation = (0.130755,-0.705997), Energy = -1.758714 
Averaging iterations... h=0.015625,0.000000
Done.
Final: Magnetisation = (0.155950,-0.743740), Energy = -1.763351 
<M> = (0.142806,-0.730029), <E> = -1.763669 

T=0.530000	 Thermalizing iterations... 
Done.
Thermalized Magnetisation = (0.188925,-0.726232), Energy = -1.774829 
Averaging iterations... h=0.015625,0.000000
Done.
Final: Magnetisation = (0.140150,-0.742517), Energy = -1.784505 
<M> = (0.148444,-0.730451), <E> = -1.769494 

T=0.520000	 Thermalizing iterations... 
Done.
Thermalized Magnetisation = (0.132251,-0.716233), Energy = -1.776367 
Averaging iterations... h=0.015625,0.000000
Done.
Final: Magnetisation = (0.151943,-0.724005), Energy = -1.768503 
<M> = (0.141302,-0.734483), <E> = -1.775748 

T=0.510000	 Thermalizing iterations... 
Done.
Thermalized Magnetisation = (0.142030,-0.737343), Energy = -1.779110 
Averaging iterations... h=0.015625,0.000000
Done.
Final: Magnetisation = (0.155943,-0.735969), Energy = -1.783956 
<M> = (0.141712,-0.739165), <E> = -1.781984 

T=0.500000	 Thermalizing iterations... 
Done.
Thermalized Magnetisation = (0.115885,-0.749657), Energy = -1.790356 
Averaging iterations... h=0.015625,0.000000
Done.
Final: Magnetisation = (0.071021,-0.768025), Energy = -1.796186 
<M> = (0.140357,-0.742896), <E> = -1.788304 

T=0.490000	 Thermalizing iterations... 
Done.
Thermalized Magnetisation = (0.130045,-0.753727), Energy = -1.794256 
Averaging iterations... h=0.015625,0.000000
Done.
Final: Magnetisation = (0.157187,-0.745558), Energy = -1.791418 
<M> = (0.135819,-0.747138), <E> = -1.794370 

T=0.480000	 Thermalizing iterations... 
Done.
Thermalized Magnetisation = (0.162224,-0.741574), Energy = -1.802199 
Averaging iterations... h=0.015625,0.000000
Done.
Final: Magnetisation = (0.101198,-0.744031), Energy = -1.786397 
<M> = (0.138475,-0.752862), <E> = -1.800314 

T=0.470000	 Thermalizing iterations... 
Done.
Thermalized Magnetisation = (0.183417,-0.739067), Energy = -1.805550 
Averaging iterations... h=0.015625,0.000000
Done.
Final: Magnetisation = (0.145719,-0.746164), Energy = -1.808428 
<M> = (0.146625,-0.753546), <E> = -1.805946 

T=0.460000	 Thermalizing iterations... 
Done.
Thermalized Magnetisation = (0.136999,-0.748472), Energy = -1.801620 
Averaging iterations... h=0.015625,0.000000
Done.
Final: Magnetisation = (0.154714,-0.751142), Energy = -1.797964 
<M> = (0.149272,-0.748753), <E> = -1.811481 

T=0.450000	 Thermalizing iterations... 
Done.
Thermalized Magnetisation = (0.155690,-0.746324), Energy = -1.817843 
Averaging iterations... h=0.015625,0.000000
Done.
Final: Magnetisation = (0.202720,-0.742157), Energy = -1.815870 
<M> = (0.149448,-0.755975), <E> = -1.817498 

T=0.440000	 Thermalizing iterations... 
Done.
Thermalized Magnetisation = (0.122451,-0.776130), Energy = -1.822296 
Averaging iterations... h=0.015625,0.000000
Done.
Final: Magnetisation = (0.161792,-0.755359), Energy = -1.825835 
<M> = (0.147566,-0.760817), <E> = -1.823632 

T=0.430000	 Thermalizing iterations... 
Done.
Thermalized Magnetisation = (0.105506,-0.787745), Energy = -1.831186 
Averaging iterations... h=0.015625,0.000000
Done.
Final: Magnetisation = (0.108948,-0.768002), Energy = -1.823110 
<M> = (0.137762,-0.766714), <E> = -1.829330 

T=0.420000	 Thermalizing iterations... 
Done.
Thermalized Magnetisation = (0.158519,-0.774510), Energy = -1.833288 
Averaging iterations... h=0.015625,0.000000
Done.
Final: Magnetisation = (0.133564,-0.753775), Energy = -1.833428 
<M> = (0.139046,-0.770936), <E> = -1.835420 

T=0.410000	 Thermalizing iterations... 
Done.
Thermalized Magnetisation = (0.191770,-0.776054), Energy = -1.844991 
Averaging iterations... h=0.015625,0.000000
Done.
Final: Magnetisation = (0.155534,-0.744932), Energy = -1.841427 
<M> = (0.137261,-0.773152), <E> = -1.841293 

T=0.400000	 Thermalizing iterations... 
Done.
Thermalized Magnetisation = (0.128257,-0.759818), Energy = -1.843065 
Averaging iterations... h=0.015625,0.000000
Done.
Final: Magnetisation = (0.150921,-0.778619), Energy = -1.847786 
<M> = (0.140227,-0.776538), <E> = -1.846836 

T=0.390000	 Thermalizing iterations... 
Done.
Thermalized Magnetisation = (0.145883,-0.772148), Energy = -1.849529 
Averaging iterations... h=0.015625,0.000000
Done.
Final: Magnetisation = (0.156255,-0.784374), Energy = -1.845796 
<M> = (0.148394,-0.775119), <E> = -1.852153 

T=0.380000	 Thermalizing iterations... 
Done.
Thermalized Magnetisation = (0.115541,-0.784453), Energy = -1.852246 
Averaging iterations... h=0.015625,0.000000
Done.
Final: Magnetisation = (0.149059,-0.772125), Energy = -1.856205 
<M> = (0.142286,-0.777255), <E> = -1.857837 

T=0.370000	 Thermalizing iterations... 
Done.
Thermalized Magnetisation = (0.161103,-0.794758), Energy = -1.872950 
Averaging iterations... h=0.015625,0.000000
Done.
Final: Magnetisation = (0.174088,-0.770412), Energy = -1.866450 
<M> = (0.143051,-0.782450), <E> = -1.863426 

T=0.360000	 Thermalizing iterations... 
Done.
Thermalized Magnetisation = (0.134892,-0.798446), Energy = -1.871394 
Averaging iterations... h=0.015625,0.000000
Done.
Final: Magnetisation = (0.167842,-0.782504), Energy = -1.870716 
<M> = (0.148131,-0.785484), <E> = -1.869150 

T=0.350000	 Thermalizing iterations... 
Done.
Thermalized Magnetisation = (0.127429,-0.789735), Energy = -1.869426 
Averaging iterations... h=0.015625,0.000000
Done.
Final: Magnetisation = (0.134521,-0.780011), Energy = -1.868111 
<M> = (0.139764,-0.789773), <E> = -1.874829 

T=0.340000	 Thermalizing iterations... 
Done.
Thermalized Magnetisation = (0.162125,-0.789038), Energy = -1.880600 
Averaging iterations... h=0.015625,0.000000
Done.
Final: Magnetisation = (0.185985,-0.784773), Energy = -1.876309 
<M> = (0.138328,-0.795671), <E> = -1.880621 

T=0.330000	 Thermalizing iterations... 
Done.
Thermalized Magnetisation = (0.138797,-0.788025), Energy = -1.884508 
Averaging iterations... h=0.015625,0.000000
Done.
Final: Magnetisation = (0.155570,-0.796386), Energy = -1.889109 
<M> = (0.142997,-0.794873), <E> = -1.886227 

T=0.320000	 Thermalizing iterations... 
Done.
Thermalized Magnetisation = (0.150299,-0.787032), Energy = -1.887778 
Averaging iterations... h=0.015625,0.000000
Done.
Final: Magnetisation = (0.129883,-0.806588), Energy = -1.892818 
<M> = (0.144972,-0.798045), <E> = -1.891641 

T=0.310000	 Thermalizing iterations... 
Done.
Thermalized Magnetisation = (0.141834,-0.794727), Energy = -1.894682 
Averaging iterations... h=0.015625,0.000000
Done.
Final: Magnetisation = (0.157371,-0.796748), Energy = -1.893768 
<M> = (0.146694,-0.799320), <E> = -1.896928 

T=0.300000	 Thermalizing iterations... 
Done.
Thermalized Magnetisation = (0.137731,-0.800924), Energy = -1.905703 
Averaging iterations... h=0.015625,0.000000
Done.
Final: Magnetisation = (0.148739,-0.793024), Energy = -1.902670 
<M> = (0.146591,-0.799735), <E> = -1.902463 

T=0.290000	 Thermalizing iterations... 
Done.
Thermalized Magnetisation = (0.126899,-0.805756), Energy = -1.909268 
Averaging iterations... h=0.015625,0.000000
Done.
Final: Magnetisation = (0.147024,-0.797627), Energy = -1.910001 
<M> = (0.143483,-0.806373), <E> = -1.908017 

T=0.280000	 Thermalizing iterations... 
Done.
Thermalized Magnetisation = (0.149281,-0.806323), Energy = -1.913001 
Averaging iterations... h=0.015625,0.000000
Done.
Final: Magnetisation = (0.111165,-0.802127), Energy = -1.911332 
<M> = (0.143691,-0.808239), <E> = -1.913441 

T=0.270000	 Thermalizing iterations... 
Done.
Thermalized Magnetisation = (0.117198,-0.822313), Energy = -1.918579 
Averaging iterations... h=0.015625,0.000000
Done.
Final: Magnetisation = (0.143452,-0.819859), Energy = -1.916927 
<M> = (0.139854,-0.813355), <E> = -1.918943 

T=0.260000	 Thermalizing iterations... 
Done.
Thermalized Magnetisation = (0.125006,-0.809070), Energy = -1.924022 
Averaging iterations... h=0.015625,0.000000
Done.
Final: Magnetisation = (0.132066,-0.815081), Energy = -1.924148 
<M> = (0.143672,-0.814227), <E> = -1.924489 

T=0.250000	 Thermalizing iterations... 
Done.
Thermalized Magnetisation = (0.136459,-0.814053), Energy = -1.931125 
Averaging iterations... h=0.015625,0.000000
Done.
Final: Magnetisation = (0.140489,-0.818673), Energy = -1.934769 
<M> = (0.141330,-0.817622), <E> = -1.929757 

T=0.240000	 Thermalizing iterations... 
Done.
Thermalized Magnetisation = (0.133732,-0.814535), Energy = -1.935024 
Averaging iterations... h=0.015625,0.000000
Done.
Final: Magnetisation = (0.173963,-0.815046), Energy = -1.936497 
<M> = (0.147189,-0.818751), <E> = -1.935009 

T=0.230000	 Thermalizing iterations... 
Done.
Thermalized Magnetisation = (0.143472,-0.828359), Energy = -1.940833 
Averaging iterations... h=0.015625,0.000000
Done.
Final: Magnetisation = (0.121928,-0.813503), Energy = -1.939454 
<M> = (0.147108,-0.820190), <E> = -1.940314 

T=0.220000	 Thermalizing iterations... 
Done.
Thermalized Magnetisation = (0.169244,-0.824520), Energy = -1.943187 
Averaging iterations... h=0.015625,0.000000
Done.
Final: Magnetisation = (0.168538,-0.818572), Energy = -1.944118 
<M> = (0.148011,-0.823923), <E> = -1.945652 

T=0.210000	 Thermalizing iterations... 
Done.
Thermalized Magnetisation = (0.130703,-0.821777), Energy = -1.949753 
Averaging iterations... h=0.015625,0.000000
Done.
Final: Magnetisation = (0.132961,-0.831869), Energy = -1.951467 
<M> = (0.147297,-0.825392), <E> = -1.950907 

T=0.200000	 Thermalizing iterations... 
Done.
Thermalized Magnetisation = (0.158112,-0.825603), Energy = -1.954563 
Averaging iterations... h=0.015625,0.000000
Done.
Final: Magnetisation = (0.179258,-0.823909), Energy = -1.952759 
<M> = (0.149448,-0.827614), <E> = -1.956371 

T=0.190000	 Thermalizing iterations... 
Done.
Thermalized Magnetisation = (0.150111,-0.830756), Energy = -1.960617 
Averaging iterations... h=0.015625,0.000000
Done.
Final: Magnetisation = (0.145693,-0.836096), Energy = -1.962667 
<M> = (0.144416,-0.835070), <E> = -1.961708 

T=0.180000	 Thermalizing iterations... 
Done.
Thermalized Magnetisation = (0.134580,-0.832387), Energy = -1.968486 
Averaging iterations... h=0.015625,0.000000
Done.
Final: Magnetisation = (0.139271,-0.836268), Energy = -1.967193 
<M> = (0.145398,-0.835736), <E> = -1.966993 

T=0.170000	 Thermalizing iterations... 
Done.
Thermalized Magnetisation = (0.148748,-0.843349), Energy = -1.968995 
Averaging iterations... h=0.015625,0.000000
Done.
Final: Magnetisation = (0.146663,-0.840502), Energy = -1.971208 
<M> = (0.148605,-0.837351), <E> = -1.972116 

T=0.160000	 Thermalizing iterations... 
Done.
Thermalized Magnetisation = (0.120186,-0.842894), Energy = -1.979515 
Averaging iterations... h=0.015625,0.000000
Done.
Final: Magnetisation = (0.150324,-0.841785), Energy = -1.979294 
<M> = (0.140508,-0.840148), <E> = -1.977299 

T=0.150000	 Thermalizing iterations... 
Done.
Thermalized Magnetisation = (0.182386,-0.840244), Energy = -1.984766 
Averaging iterations... h=0.015625,0.000000
Done.
Final: Magnetisation = (0.159541,-0.837350), Energy = -1.983149 
<M> = (0.144934,-0.842395), <E> = -1.982504 

T=0.140000	 Thermalizing iterations... 
Done.
Thermalized Magnetisation = (0.153071,-0.839686), Energy = -1.988339 
Averaging iterations... h=0.015625,0.000000
Done.
Final: Magnetisation = (0.138828,-0.845439), Energy = -1.988794 
<M> = (0.146846,-0.845980), <E> = -1.987741 

T=0.130000	 Thermalizing iterations... 
Done.
Thermalized Magnetisation = (0.137191,-0.853596), Energy = -1.994875 
Averaging iterations... h=0.015625,0.000000
Done.
Final: Magnetisation = (0.119451,-0.846910), Energy = -1.992263 
<M> = (0.146922,-0.847889), <E> = -1.992920 

T=0.120000	 Thermalizing iterations... 
Done.
Thermalized Magnetisation = (0.150356,-0.855699), Energy = -1.996710 
Averaging iterations... h=0.015625,0.000000
Done.
Final: Magnetisation = (0.157621,-0.849140), Energy = -1.997501 
<M> = (0.143726,-0.851509), <E> = -1.998120 

T=0.110000	 Thermalizing iterations... 
Done.
Thermalized Magnetisation = (0.140932,-0.850681), Energy = -2.004666 
Averaging iterations... h=0.015625,0.000000
Done.
Final: Magnetisation = (0.147827,-0.855182), Energy = -2.002932 
<M> = (0.149712,-0.852713), <E> = -2.003360 

T=0.100000	 Thermalizing iterations... 
Done.
Thermalized Magnetisation = (0.140744,-0.856879), Energy = -2.011072 
Averaging iterations... h=0.015625,0.000000
Done.
Final: Magnetisation = (0.141428,-0.856824), Energy = -2.008153 
<M> = (0.145955,-0.855849), <E> = -2.008394 

T=0.090000	 Thermalizing iterations... 
Done.
Thermalized Magnetisation = (0.148468,-0.858155), Energy = -2.012494 
Averaging iterations... h=0.015625,0.000000
Done.
Final: Magnetisation = (0.145659,-0.862195), Energy = -2.013930 
<M> = (0.145100,-0.858700), <E> = -2.013554 

T=0.080000	 Thermalizing iterations... 
Done.
Thermalized Magnetisation = (0.141040,-0.863709), Energy = -2.019253 
Averaging iterations... h=0.015625,0.000000
Done.
Final: Magnetisation = (0.147204,-0.860026), Energy = -2.019633 
<M> = (0.145181,-0.860930), <E> = -2.018596 

T=0.070000	 Thermalizing iterations... 
Done.
Thermalized Magnetisation = (0.145140,-0.866184), Energy = -2.023695 
Averaging iterations... h=0.015625,0.000000
Done.
Final: Magnetisation = (0.144569,-0.865185), Energy = -2.024210 
<M> = (0.143839,-0.863469), <E> = -2.023742 

T=0.060000	 Thermalizing iterations... 
Done.
Thermalized Magnetisation = (0.136467,-0.868184), Energy = -2.028152 
Averaging iterations... h=0.015625,0.000000
Done.
Final: Magnetisation = (0.142006,-0.865376), Energy = -2.029156 
<M> = (0.141447,-0.866437), <E> = -2.028856 

T=0.050000	 Thermalizing iterations... 
Done.
Thermalized Magnetisation = (0.142219,-0.868289), Energy = -2.033932 
Averaging iterations... h=0.015625,0.000000
Done.
Final: Magnetisation = (0.155882,-0.865965), Energy = -2.034742 
<M> = (0.147867,-0.867114), <E> = -2.033905 

T=0.040000	 Thermalizing iterations... 
Done.
Thermalized Magnetisation = (0.145941,-0.871213), Energy = -2.038894 
Averaging iterations... h=0.015625,0.000000
Done.
Final: Magnetisation = (0.137504,-0.873760), Energy = -2.038757 
<M> = (0.148268,-0.870542), <E> = -2.038973 

T=0.030000	 Thermalizing iterations... 
Done.
Thermalized Magnetisation = (0.153267,-0.872411), Energy = -2.043539 
Averaging iterations... h=0.015625,0.000000
Done.
Final: Magnetisation = (0.148493,-0.873510), Energy = -2.043868 
<M> = (0.145982,-0.873126), <E> = -2.044021 

T=0.020000	 Thermalizing iterations... 
Done.
Thermalized Magnetisation = (0.148299,-0.872965), Energy = -2.049078 
Averaging iterations... h=0.015625,0.000000
Done.
Final: Magnetisation = (0.150699,-0.873809), Energy = -2.049277 
<M> = (0.146488,-0.874437), <E> = -2.049040 

T=0.010000	 Thermalizing iterations... 
Done.
Thermalized Magnetisation = (0.151783,-0.876187), Energy = -2.054043 
Averaging iterations... h=0.015625,0.000000
Done.
Final: Magnetisation = (0.148101,-0.876855), Energy = -2.054026 
<M> = (0.146296,-0.878361), <E> = -2.054048 
Final Magnetisation = (0.148101,-0.876855), Energy = -2.054026 
------------------------

Updating all (first)black/(then)white checkerboard sites simultaneously.. 

ztne RFXY h rotating with |h|=0.015625 at T=0.000000..
loop 1

loop 2

CPU  Start Time = 5560348.449527 

CPU  End Time = 5568852.698649 

CPU Time elapsed total = 8504.249122 

real	141m44.264s
user	2405m32.711s
sys	1m12.482s
