+ cd /home/sbasak/Exercises/OpenMP/XY_code/Z2/rotating_field/trial/config/config_61
+ export OMP_NUM_THREADS=28
+ OMP_NUM_THREADS=28
+ ./a_16.out
nearest neighbor initialized. 
h loaded. 
J loaded. 
L = 128, dim_L = 2, dim_S = 2
hysteresis_MCS_multiplier = 10, hysteresis_MCS_max = 100
RAND_MAX = 2147483647.000000,
 sizeof(int) = 4,
 sizeof(long) = 8,
 sizeof(double) = 8,
 sizeof(long int) = 8,
 sizeof(short int) = 2,
 sizeof(unsigned int) = 4,
 sizeof(RAND_MAX) = 4
No. of THREADS = 28
No. of PROCESSORS = 28

0.059415,0.020949
order = ({1.000000-->-1.000000,0.000000}, 0, 1)
Initial Magnetisation = (0.059415,0.020949), Energy = 0.025212 
Cooling... 
T=2.000000	 Thermalizing iterations... 
Done.
Thermalized Magnetisation = (0.015607,-0.007927), Energy = -0.574476 
Averaging iterations... h=0.031250,0.000000
Done.
Final: Magnetisation = (0.023851,-0.032404), Energy = -0.576091 
<M> = (0.030080,0.000108), <E> = -0.607974 

T=1.990000	 Thermalizing iterations... 
Done.
Thermalized Magnetisation = (-0.007260,0.023511), Energy = -0.623019 
Averaging iterations... h=0.031250,0.000000
Done.
Final: Magnetisation = (0.014664,0.016312), Energy = -0.638002 
<M> = (0.032027,-0.001657), <E> = -0.612350 

T=1.980000	 Thermalizing iterations... 
Done.
Thermalized Magnetisation = (0.015088,0.021088), Energy = -0.633507 
Averaging iterations... h=0.031250,0.000000
Done.
Final: Magnetisation = (0.053648,-0.006025), Energy = -0.619735 
<M> = (0.031230,-0.001181), <E> = -0.616814 

T=1.970000	 Thermalizing iterations... 
Done.
Thermalized Magnetisation = (0.013279,0.041767), Energy = -0.640009 
Averaging iterations... h=0.031250,0.000000
Done.
Final: Magnetisation = (0.011824,-0.054278), Energy = -0.614352 
<M> = (0.032409,-0.002418), <E> = -0.620455 

T=1.960000	 Thermalizing iterations... 
Done.
Thermalized Magnetisation = (0.040000,-0.022998), Energy = -0.683839 
Averaging iterations... h=0.031250,0.000000
Done.
Final: Magnetisation = (0.027496,0.002992), Energy = -0.617727 
<M> = (0.033635,-0.000575), <E> = -0.623715 

T=1.950000	 Thermalizing iterations... 
Done.
Thermalized Magnetisation = (0.027895,0.014072), Energy = -0.620368 
Averaging iterations... h=0.031250,0.000000
Done.
Final: Magnetisation = (0.080890,-0.007521), Energy = -0.647191 
<M> = (0.034128,-0.000575), <E> = -0.627017 

T=1.940000	 Thermalizing iterations... 
Done.
Thermalized Magnetisation = (0.075435,-0.013711), Energy = -0.616160 
Averaging iterations... h=0.031250,0.000000
Done.
Final: Magnetisation = (0.058062,0.018063), Energy = -0.621273 
<M> = (0.033108,0.000252), <E> = -0.630478 

T=1.930000	 Thermalizing iterations... 
Done.
Thermalized Magnetisation = (0.041084,0.013120), Energy = -0.656333 
Averaging iterations... h=0.031250,0.000000
Done.
Final: Magnetisation = (-0.048882,0.024319), Energy = -0.624117 
<M> = (0.032992,0.000872), <E> = -0.633372 

T=1.920000	 Thermalizing iterations... 
Done.
Thermalized Magnetisation = (0.009668,0.052496), Energy = -0.673801 
Averaging iterations... h=0.031250,0.000000
Done.
Final: Magnetisation = (0.022491,-0.012942), Energy = -0.640983 
<M> = (0.034279,-0.001758), <E> = -0.637906 

T=1.910000	 Thermalizing iterations... 
Done.
Thermalized Magnetisation = (-0.017325,0.015871), Energy = -0.641095 
Averaging iterations... h=0.031250,0.000000
Done.
Final: Magnetisation = (0.008295,-0.031683), Energy = -0.680511 
<M> = (0.035279,-0.001503), <E> = -0.642329 

T=1.900000	 Thermalizing iterations... 
Done.
Thermalized Magnetisation = (0.108182,0.095361), Energy = -0.645191 
Averaging iterations... h=0.031250,0.000000
Done.
Final: Magnetisation = (-0.017274,-0.014514), Energy = -0.633434 
<M> = (0.035379,-0.003070), <E> = -0.646486 

T=1.890000	 Thermalizing iterations... 
Done.
Thermalized Magnetisation = (-0.007207,0.014642), Energy = -0.668491 
Averaging iterations... h=0.031250,0.000000
Done.
Final: Magnetisation = (0.001926,0.004584), Energy = -0.628351 
<M> = (0.036192,-0.001981), <E> = -0.650479 

T=1.880000	 Thermalizing iterations... 
Done.
Thermalized Magnetisation = (0.025886,-0.037371), Energy = -0.635467 
Averaging iterations... h=0.031250,0.000000
Done.
Final: Magnetisation = (-0.010181,0.019061), Energy = -0.679179 
<M> = (0.037393,-0.001369), <E> = -0.654215 

T=1.870000	 Thermalizing iterations... 
Done.
Thermalized Magnetisation = (-0.005459,0.024559), Energy = -0.657227 
Averaging iterations... h=0.031250,0.000000
Done.
Final: Magnetisation = (0.049820,0.009159), Energy = -0.637777 
<M> = (0.037036,0.002194), <E> = -0.657708 

T=1.860000	 Thermalizing iterations... 
Done.
Thermalized Magnetisation = (0.012230,0.028138), Energy = -0.625320 
Averaging iterations... h=0.031250,0.000000
Done.
Final: Magnetisation = (0.070436,-0.016040), Energy = -0.650628 
<M> = (0.037101,-0.000084), <E> = -0.661907 

T=1.850000	 Thermalizing iterations... 
Done.
Thermalized Magnetisation = (0.020410,0.082193), Energy = -0.664927 
Averaging iterations... h=0.031250,0.000000
Done.
Final: Magnetisation = (0.062403,-0.021462), Energy = -0.692662 
<M> = (0.037540,-0.000284), <E> = -0.666285 

T=1.840000	 Thermalizing iterations... 
Done.
Thermalized Magnetisation = (0.030977,0.020324), Energy = -0.671525 
Averaging iterations... h=0.031250,0.000000
Done.
Final: Magnetisation = (0.063038,-0.001771), Energy = -0.699319 
<M> = (0.039722,-0.001352), <E> = -0.670742 

T=1.830000	 Thermalizing iterations... 
Done.
Thermalized Magnetisation = (0.104525,0.001636), Energy = -0.650999 
Averaging iterations... h=0.031250,0.000000
Done.
Final: Magnetisation = (0.033391,0.034420), Energy = -0.650544 
<M> = (0.038977,-0.002938), <E> = -0.675504 

T=1.820000	 Thermalizing iterations... 
Done.
Thermalized Magnetisation = (0.046032,0.048260), Energy = -0.674691 
Averaging iterations... h=0.031250,0.000000
Done.
Final: Magnetisation = (0.059541,-0.022275), Energy = -0.664213 
<M> = (0.040788,-0.001993), <E> = -0.680509 

T=1.810000	 Thermalizing iterations... 
Done.
Thermalized Magnetisation = (0.035047,0.024266), Energy = -0.673667 
Averaging iterations... h=0.031250,0.000000
Done.
Final: Magnetisation = (0.029341,0.018063), Energy = -0.654521 
<M> = (0.043068,-0.001853), <E> = -0.684344 

T=1.800000	 Thermalizing iterations... 
Done.
Thermalized Magnetisation = (-0.002563,0.003256), Energy = -0.672781 
Averaging iterations... h=0.031250,0.000000
Done.
Final: Magnetisation = (0.048694,0.027118), Energy = -0.724372 
<M> = (0.042908,0.000009), <E> = -0.687840 

T=1.790000	 Thermalizing iterations... 
Done.
Thermalized Magnetisation = (0.052599,-0.047480), Energy = -0.693976 
Averaging iterations... h=0.031250,0.000000
Done.
Final: Magnetisation = (-0.015166,-0.063786), Energy = -0.680555 
<M> = (0.041522,-0.000124), <E> = -0.692463 

T=1.780000	 Thermalizing iterations... 
Done.
Thermalized Magnetisation = (0.038610,-0.016517), Energy = -0.714592 
Averaging iterations... h=0.031250,0.000000
Done.
Final: Magnetisation = (0.070420,-0.003771), Energy = -0.681682 
<M> = (0.042130,0.000498), <E> = -0.696399 

T=1.770000	 Thermalizing iterations... 
Done.
Thermalized Magnetisation = (0.063272,0.024929), Energy = -0.693038 
Averaging iterations... h=0.031250,0.000000
Done.
Final: Magnetisation = (0.053245,0.074922), Energy = -0.706766 
<M> = (0.044486,-0.002945), <E> = -0.702155 

T=1.760000	 Thermalizing iterations... 
Done.
Thermalized Magnetisation = (0.030375,0.018965), Energy = -0.753590 
Averaging iterations... h=0.031250,0.000000
Done.
Final: Magnetisation = (0.100247,-0.035706), Energy = -0.721675 
<M> = (0.044414,-0.001398), <E> = -0.707303 

T=1.750000	 Thermalizing iterations... 
Done.
Thermalized Magnetisation = (0.011546,0.017463), Energy = -0.700416 
Averaging iterations... h=0.031250,0.000000
Done.
Final: Magnetisation = (0.093020,-0.020733), Energy = -0.690954 
<M> = (0.045036,-0.003112), <E> = -0.711982 

T=1.740000	 Thermalizing iterations... 
Done.
Thermalized Magnetisation = (0.063016,0.006111), Energy = -0.697241 
Averaging iterations... h=0.031250,0.000000
Done.
Final: Magnetisation = (0.038416,-0.021974), Energy = -0.719556 
<M> = (0.046344,-0.002826), <E> = -0.717114 

T=1.730000	 Thermalizing iterations... 
Done.
Thermalized Magnetisation = (0.064412,-0.026061), Energy = -0.731602 
Averaging iterations... h=0.031250,0.000000
Done.
Final: Magnetisation = (0.000345,-0.054290), Energy = -0.719954 
<M> = (0.048295,-0.001344), <E> = -0.721529 

T=1.720000	 Thermalizing iterations... 
Done.
Thermalized Magnetisation = (0.035365,-0.059334), Energy = -0.729912 
Averaging iterations... h=0.031250,0.000000
Done.
Final: Magnetisation = (0.044217,0.040432), Energy = -0.734875 
<M> = (0.047292,0.000942), <E> = -0.725454 

T=1.710000	 Thermalizing iterations... 
Done.
Thermalized Magnetisation = (0.061585,-0.068647), Energy = -0.748758 
Averaging iterations... h=0.031250,0.000000
Done.
Final: Magnetisation = (0.070218,-0.051115), Energy = -0.742103 
<M> = (0.048372,-0.000777), <E> = -0.730465 

T=1.700000	 Thermalizing iterations... 
Done.
Thermalized Magnetisation = (0.081645,0.026481), Energy = -0.753249 
Averaging iterations... h=0.031250,0.000000
Done.
Final: Magnetisation = (0.071821,0.012285), Energy = -0.749033 
<M> = (0.049841,-0.000880), <E> = -0.736145 

T=1.690000	 Thermalizing iterations... 
Done.
Thermalized Magnetisation = (-0.014611,0.029837), Energy = -0.765484 
Averaging iterations... h=0.031250,0.000000
Done.
Final: Magnetisation = (0.067631,-0.081542), Energy = -0.753086 
<M> = (0.051356,-0.001973), <E> = -0.741779 

T=1.680000	 Thermalizing iterations... 
Done.
Thermalized Magnetisation = (0.026647,-0.029875), Energy = -0.744291 
Averaging iterations... h=0.031250,0.000000
Done.
Final: Magnetisation = (0.034230,-0.101292), Energy = -0.738505 
<M> = (0.050986,-0.003495), <E> = -0.747631 

T=1.670000	 Thermalizing iterations... 
Done.
Thermalized Magnetisation = (0.031710,-0.007461), Energy = -0.763631 
Averaging iterations... h=0.031250,0.000000
Done.
Final: Magnetisation = (0.074534,-0.080894), Energy = -0.785302 
<M> = (0.053251,-0.001742), <E> = -0.753086 

T=1.660000	 Thermalizing iterations... 
Done.
Thermalized Magnetisation = (0.013784,0.004101), Energy = -0.756919 
Averaging iterations... h=0.031250,0.000000
Done.
Final: Magnetisation = (0.090250,-0.029291), Energy = -0.767571 
<M> = (0.054905,-0.001678), <E> = -0.758144 

T=1.650000	 Thermalizing iterations... 
Done.
Thermalized Magnetisation = (0.054592,-0.017040), Energy = -0.745756 
Averaging iterations... h=0.031250,0.000000
Done.
Final: Magnetisation = (-0.007366,0.068528), Energy = -0.754999 
<M> = (0.055773,0.001538), <E> = -0.762838 

T=1.640000	 Thermalizing iterations... 
Done.
Thermalized Magnetisation = (0.093211,0.047487), Energy = -0.775683 
Averaging iterations... h=0.031250,0.000000
Done.
Final: Magnetisation = (0.108615,-0.055853), Energy = -0.771831 
<M> = (0.055564,0.001045), <E> = -0.768296 

T=1.630000	 Thermalizing iterations... 
Done.
Thermalized Magnetisation = (0.051535,0.017388), Energy = -0.793749 
Averaging iterations... h=0.031250,0.000000
Done.
Final: Magnetisation = (0.075849,0.007764), Energy = -0.723726 
<M> = (0.057164,0.000067), <E> = -0.773966 

T=1.620000	 Thermalizing iterations... 
Done.
Thermalized Magnetisation = (0.045842,-0.064456), Energy = -0.779008 
Averaging iterations... h=0.031250,0.000000
Done.
Final: Magnetisation = (0.141767,-0.048004), Energy = -0.794751 
<M> = (0.059348,-0.000943), <E> = -0.780291 

T=1.610000	 Thermalizing iterations... 
Done.
Thermalized Magnetisation = (0.075410,0.035011), Energy = -0.788076 
Averaging iterations... h=0.031250,0.000000
Done.
Final: Magnetisation = (0.021093,0.090401), Energy = -0.796928 
<M> = (0.058679,-0.003310), <E> = -0.786861 

T=1.600000	 Thermalizing iterations... 
Done.
Thermalized Magnetisation = (0.074007,-0.033621), Energy = -0.812208 
Averaging iterations... h=0.031250,0.000000
Done.
Final: Magnetisation = (0.040209,0.010928), Energy = -0.765227 
<M> = (0.060120,-0.004229), <E> = -0.793368 

T=1.590000	 Thermalizing iterations... 
Done.
Thermalized Magnetisation = (0.026877,0.023265), Energy = -0.773438 
Averaging iterations... h=0.031250,0.000000
Done.
Final: Magnetisation = (-0.037951,0.022518), Energy = -0.778968 
<M> = (0.061942,-0.002136), <E> = -0.798820 

T=1.580000	 Thermalizing iterations... 
Done.
Thermalized Magnetisation = (0.065605,0.004577), Energy = -0.786655 
Averaging iterations... h=0.031250,0.000000
Done.
Final: Magnetisation = (0.050172,-0.064839), Energy = -0.853443 
<M> = (0.065793,-0.000149), <E> = -0.804963 

T=1.570000	 Thermalizing iterations... 
Done.
Thermalized Magnetisation = (0.058637,0.022135), Energy = -0.839398 
Averaging iterations... h=0.031250,0.000000
Done.
Final: Magnetisation = (0.068964,0.015135), Energy = -0.802567 
<M> = (0.065243,0.001301), <E> = -0.809995 

T=1.560000	 Thermalizing iterations... 
Done.
Thermalized Magnetisation = (0.136000,-0.041698), Energy = -0.839383 
Averaging iterations... h=0.031250,0.000000
Done.
Final: Magnetisation = (0.012411,-0.016920), Energy = -0.800311 
<M> = (0.066465,0.001400), <E> = -0.816118 

T=1.550000	 Thermalizing iterations... 
Done.
Thermalized Magnetisation = (0.022648,-0.000165), Energy = -0.786931 
Averaging iterations... h=0.031250,0.000000
Done.
Final: Magnetisation = (0.054545,0.015383), Energy = -0.816043 
<M> = (0.068613,-0.000435), <E> = -0.823055 

T=1.540000	 Thermalizing iterations... 
Done.
Thermalized Magnetisation = (0.056240,0.082073), Energy = -0.825758 
Averaging iterations... h=0.031250,0.000000
Done.
Final: Magnetisation = (0.067737,-0.070089), Energy = -0.846960 
<M> = (0.071007,-0.001563), <E> = -0.830184 

T=1.530000	 Thermalizing iterations... 
Done.
Thermalized Magnetisation = (0.109209,0.005489), Energy = -0.888401 
Averaging iterations... h=0.031250,0.000000
Done.
Final: Magnetisation = (0.092171,0.019685), Energy = -0.840733 
<M> = (0.071100,-0.004217), <E> = -0.837241 

T=1.520000	 Thermalizing iterations... 
Done.
Thermalized Magnetisation = (0.103624,0.084271), Energy = -0.849438 
Averaging iterations... h=0.031250,0.000000
Done.
Final: Magnetisation = (0.031936,-0.008711), Energy = -0.840200 
<M> = (0.072706,-0.003778), <E> = -0.843976 

T=1.510000	 Thermalizing iterations... 
Done.
Thermalized Magnetisation = (0.090419,-0.004857), Energy = -0.880649 
Averaging iterations... h=0.031250,0.000000
Done.
Final: Magnetisation = (0.069783,-0.004348), Energy = -0.849511 
<M> = (0.077865,-0.000868), <E> = -0.850851 

T=1.500000	 Thermalizing iterations... 
Done.
Thermalized Magnetisation = (0.122159,-0.090523), Energy = -0.868095 
Averaging iterations... h=0.031250,0.000000
Done.
Final: Magnetisation = (0.034772,-0.066442), Energy = -0.827583 
<M> = (0.078541,0.004007), <E> = -0.857031 

T=1.490000	 Thermalizing iterations... 
Done.
Thermalized Magnetisation = (0.068685,-0.009344), Energy = -0.839136 
Averaging iterations... h=0.031250,0.000000
Done.
Final: Magnetisation = (0.063652,0.074517), Energy = -0.861976 
<M> = (0.079195,0.002649), <E> = -0.863504 

T=1.480000	 Thermalizing iterations... 
Done.
Thermalized Magnetisation = (0.096108,-0.032420), Energy = -0.848744 
Averaging iterations... h=0.031250,0.000000
Done.
Final: Magnetisation = (0.125219,-0.028315), Energy = -0.861271 
<M> = (0.078432,0.002011), <E> = -0.870333 

T=1.470000	 Thermalizing iterations... 
Done.
Thermalized Magnetisation = (0.126934,0.016090), Energy = -0.885358 
Averaging iterations... h=0.031250,0.000000
Done.
Final: Magnetisation = (0.129878,-0.011422), Energy = -0.894435 
<M> = (0.084346,-0.000856), <E> = -0.879308 

T=1.460000	 Thermalizing iterations... 
Done.
Thermalized Magnetisation = (0.075160,0.075090), Energy = -0.895389 
Averaging iterations... h=0.031250,0.000000
Done.
Final: Magnetisation = (0.090277,0.004881), Energy = -0.883518 
<M> = (0.084755,-0.002835), <E> = -0.886911 

T=1.450000	 Thermalizing iterations... 
Done.
Thermalized Magnetisation = (0.099389,0.032935), Energy = -0.916423 
Averaging iterations... h=0.031250,0.000000
Done.
Final: Magnetisation = (0.026283,-0.052799), Energy = -0.875364 
<M> = (0.087772,-0.007227), <E> = -0.895265 

T=1.440000	 Thermalizing iterations... 
Done.
Thermalized Magnetisation = (0.132989,-0.038873), Energy = -0.920925 
Averaging iterations... h=0.031250,0.000000
Done.
Final: Magnetisation = (0.116978,-0.021603), Energy = -0.919825 
<M> = (0.090665,-0.004813), <E> = -0.902596 

T=1.430000	 Thermalizing iterations... 
Done.
Thermalized Magnetisation = (0.062598,-0.076011), Energy = -0.916762 
Averaging iterations... h=0.031250,0.000000
Done.
Final: Magnetisation = (0.075946,0.014033), Energy = -0.934057 
<M> = (0.095733,0.000403), <E> = -0.909171 

T=1.420000	 Thermalizing iterations... 
Done.
Thermalized Magnetisation = (0.199907,0.031889), Energy = -0.948060 
Averaging iterations... h=0.031250,0.000000
Done.
Final: Magnetisation = (0.076913,-0.029413), Energy = -0.904811 
<M> = (0.094815,0.000947), <E> = -0.916990 

T=1.410000	 Thermalizing iterations... 
Done.
Thermalized Magnetisation = (0.082334,0.005791), Energy = -0.947506 
Averaging iterations... h=0.031250,0.000000
Done.
Final: Magnetisation = (0.058144,0.019339), Energy = -0.933687 
<M> = (0.095935,0.005758), <E> = -0.924131 

T=1.400000	 Thermalizing iterations... 
Done.
Thermalized Magnetisation = (0.095240,-0.031039), Energy = -0.909151 
Averaging iterations... h=0.031250,0.000000
Done.
Final: Magnetisation = (0.107755,0.088352), Energy = -0.899046 
<M> = (0.100976,-0.002573), <E> = -0.934017 

T=1.390000	 Thermalizing iterations... 
Done.
Thermalized Magnetisation = (0.043735,-0.037843), Energy = -0.958161 
Averaging iterations... h=0.031250,0.000000
Done.
Final: Magnetisation = (0.111098,-0.007175), Energy = -0.931638 
<M> = (0.101430,-0.004645), <E> = -0.942203 

T=1.380000	 Thermalizing iterations... 
Done.
Thermalized Magnetisation = (0.112066,-0.026747), Energy = -0.925836 
Averaging iterations... h=0.031250,0.000000
Done.
Final: Magnetisation = (0.137048,-0.052100), Energy = -0.912623 
<M> = (0.105907,-0.010202), <E> = -0.951378 

T=1.370000	 Thermalizing iterations... 
Done.
Thermalized Magnetisation = (0.020717,-0.073518), Energy = -0.938901 
Averaging iterations... h=0.031250,0.000000
Done.
Final: Magnetisation = (0.053422,-0.035065), Energy = -0.929784 
<M> = (0.107818,-0.005375), <E> = -0.959349 

T=1.360000	 Thermalizing iterations... 
Done.
Thermalized Magnetisation = (0.091486,0.020247), Energy = -0.997726 
Averaging iterations... h=0.031250,0.000000
Done.
Final: Magnetisation = (0.176648,0.100145), Energy = -1.015309 
<M> = (0.112201,-0.002562), <E> = -0.968131 

T=1.350000	 Thermalizing iterations... 
Done.
Thermalized Magnetisation = (0.137880,0.121639), Energy = -0.946591 
Averaging iterations... h=0.031250,0.000000
Done.
Final: Magnetisation = (0.086283,0.087030), Energy = -0.973567 
<M> = (0.117271,0.007349), <E> = -0.975641 

T=1.340000	 Thermalizing iterations... 
Done.
Thermalized Magnetisation = (0.198527,0.041049), Energy = -1.044431 
Averaging iterations... h=0.031250,0.000000
Done.
Final: Magnetisation = (0.152966,-0.040601), Energy = -0.992101 
<M> = (0.115529,0.002559), <E> = -0.984717 

T=1.330000	 Thermalizing iterations... 
Done.
Thermalized Magnetisation = (0.149766,0.042839), Energy = -1.019693 
Averaging iterations... h=0.031250,0.000000
Done.
Final: Magnetisation = (0.161814,-0.060148), Energy = -1.021083 
<M> = (0.120632,-0.001066), <E> = -0.993943 

T=1.320000	 Thermalizing iterations... 
Done.
Thermalized Magnetisation = (0.139992,-0.001456), Energy = -1.000199 
Averaging iterations... h=0.031250,0.000000
Done.
Final: Magnetisation = (0.093037,-0.037949), Energy = -0.956332 
<M> = (0.127732,-0.004854), <E> = -1.004912 

T=1.310000	 Thermalizing iterations... 
Done.
Thermalized Magnetisation = (0.161609,-0.028290), Energy = -1.062975 
Averaging iterations... h=0.031250,0.000000
Done.
Final: Magnetisation = (0.103470,0.054994), Energy = -1.037707 
<M> = (0.129215,-0.008567), <E> = -1.014938 

T=1.300000	 Thermalizing iterations... 
Done.
Thermalized Magnetisation = (0.131249,-0.009881), Energy = -0.996345 
Averaging iterations... h=0.031250,0.000000
Done.
Final: Magnetisation = (0.138379,-0.008974), Energy = -1.092436 
<M> = (0.133690,-0.005185), <E> = -1.024809 

T=1.290000	 Thermalizing iterations... 
Done.
Thermalized Magnetisation = (0.171009,-0.042969), Energy = -1.042827 
Averaging iterations... h=0.031250,0.000000
Done.
Final: Magnetisation = (0.156888,-0.038649), Energy = -1.015551 
<M> = (0.141905,-0.004189), <E> = -1.035399 

T=1.280000	 Thermalizing iterations... 
Done.
Thermalized Magnetisation = (0.139501,0.016472), Energy = -1.060322 
Averaging iterations... h=0.031250,0.000000
Done.
Final: Magnetisation = (0.155844,-0.008343), Energy = -1.052258 
<M> = (0.140953,0.001853), <E> = -1.042553 

T=1.270000	 Thermalizing iterations... 
Done.
Thermalized Magnetisation = (0.101946,0.009050), Energy = -1.033702 
Averaging iterations... h=0.031250,0.000000
Done.
Final: Magnetisation = (0.110185,-0.018737), Energy = -1.046521 
<M> = (0.145821,0.001272), <E> = -1.053023 

T=1.260000	 Thermalizing iterations... 
Done.
Thermalized Magnetisation = (0.055659,-0.014109), Energy = -1.045639 
Averaging iterations... h=0.031250,0.000000
Done.
Final: Magnetisation = (0.135645,-0.049161), Energy = -1.081702 
<M> = (0.150405,0.006773), <E> = -1.062628 

T=1.250000	 Thermalizing iterations... 
Done.
Thermalized Magnetisation = (0.156080,-0.077240), Energy = -1.110222 
Averaging iterations... h=0.031250,0.000000
Done.
Final: Magnetisation = (0.121246,0.094160), Energy = -1.064073 
<M> = (0.156345,-0.005510), <E> = -1.074612 

T=1.240000	 Thermalizing iterations... 
Done.
Thermalized Magnetisation = (0.190027,-0.033426), Energy = -1.114947 
Averaging iterations... h=0.031250,0.000000
Done.
Final: Magnetisation = (0.078041,0.009176), Energy = -1.040309 
<M> = (0.159739,-0.006526), <E> = -1.085516 

T=1.230000	 Thermalizing iterations... 
Done.
Thermalized Magnetisation = (0.185013,0.106341), Energy = -1.114021 
Averaging iterations... h=0.031250,0.000000
Done.
Final: Magnetisation = (0.120167,-0.091742), Energy = -1.049327 
<M> = (0.162882,-0.011172), <E> = -1.097191 

T=1.220000	 Thermalizing iterations... 
Done.
Thermalized Magnetisation = (0.177350,-0.034271), Energy = -1.092084 
Averaging iterations... h=0.031250,0.000000
Done.
Final: Magnetisation = (0.151881,-0.085956), Energy = -1.119606 
<M> = (0.170828,-0.012731), <E> = -1.106800 

T=1.210000	 Thermalizing iterations... 
Done.
Thermalized Magnetisation = (0.168577,0.034417), Energy = -1.050492 
Averaging iterations... h=0.031250,0.000000
Done.
Final: Magnetisation = (0.142059,-0.022170), Energy = -1.145690 
<M> = (0.176058,-0.009079), <E> = -1.117005 

T=1.200000	 Thermalizing iterations... 
Done.
Thermalized Magnetisation = (0.272522,-0.047650), Energy = -1.124363 
Averaging iterations... h=0.031250,0.000000
Done.
Final: Magnetisation = (0.171464,0.037827), Energy = -1.139779 
<M> = (0.180437,0.005417), <E> = -1.127812 

T=1.190000	 Thermalizing iterations... 
Done.
Thermalized Magnetisation = (0.206370,-0.031148), Energy = -1.093824 
Averaging iterations... h=0.031250,0.000000
Done.
Final: Magnetisation = (0.175777,-0.067091), Energy = -1.138991 
<M> = (0.187120,-0.001147), <E> = -1.137743 

T=1.180000	 Thermalizing iterations... 
Done.
Thermalized Magnetisation = (0.182940,-0.067123), Energy = -1.142559 
Averaging iterations... h=0.031250,0.000000
Done.
Final: Magnetisation = (0.211008,0.043548), Energy = -1.130948 
<M> = (0.194408,0.001443), <E> = -1.151447 

T=1.170000	 Thermalizing iterations... 
Done.
Thermalized Magnetisation = (0.132035,0.048132), Energy = -1.161839 
Averaging iterations... h=0.031250,0.000000
Done.
Final: Magnetisation = (0.203227,0.152360), Energy = -1.172123 
<M> = (0.199570,-0.004041), <E> = -1.162567 

T=1.160000	 Thermalizing iterations... 
Done.
Thermalized Magnetisation = (0.244783,-0.182260), Energy = -1.176353 
Averaging iterations... h=0.031250,0.000000
Done.
Final: Magnetisation = (0.215522,-0.122160), Energy = -1.137592 
<M> = (0.204066,-0.021862), <E> = -1.176125 

T=1.150000	 Thermalizing iterations... 
Done.
Thermalized Magnetisation = (0.234062,-0.114291), Energy = -1.227692 
Averaging iterations... h=0.031250,0.000000
Done.
Final: Magnetisation = (0.208074,0.052301), Energy = -1.164065 
<M> = (0.212007,-0.018163), <E> = -1.186679 

T=1.140000	 Thermalizing iterations... 
Done.
Thermalized Magnetisation = (0.156263,-0.138530), Energy = -1.205459 
Averaging iterations... h=0.031250,0.000000
Done.
Final: Magnetisation = (0.278458,-0.092701), Energy = -1.208869 
<M> = (0.218188,-0.011425), <E> = -1.198397 

T=1.130000	 Thermalizing iterations... 
Done.
Thermalized Magnetisation = (0.134310,0.139997), Energy = -1.189252 
Averaging iterations... h=0.031250,0.000000
Done.
Final: Magnetisation = (0.204559,0.122686), Energy = -1.201770 
<M> = (0.227931,0.003015), <E> = -1.209570 

T=1.120000	 Thermalizing iterations... 
Done.
Thermalized Magnetisation = (0.235489,0.049627), Energy = -1.229091 
Averaging iterations... h=0.031250,0.000000
Done.
Final: Magnetisation = (0.192110,-0.132623), Energy = -1.221499 
<M> = (0.233210,0.013091), <E> = -1.221284 

T=1.110000	 Thermalizing iterations... 
Done.
Thermalized Magnetisation = (0.251717,-0.021681), Energy = -1.221797 
Averaging iterations... h=0.031250,0.000000
Done.
Final: Magnetisation = (0.236288,0.033183), Energy = -1.243344 
<M> = (0.237271,0.006975), <E> = -1.232089 

T=1.100000	 Thermalizing iterations... 
Done.
Thermalized Magnetisation = (0.237097,-0.164268), Energy = -1.256424 
Averaging iterations... h=0.031250,0.000000
Done.
Final: Magnetisation = (0.219446,-0.103904), Energy = -1.248145 
<M> = (0.243763,-0.015053), <E> = -1.245527 

T=1.090000	 Thermalizing iterations... 
Done.
Thermalized Magnetisation = (0.243200,-0.047837), Energy = -1.268037 
Averaging iterations... h=0.031250,0.000000
Done.
Final: Magnetisation = (0.185908,0.014863), Energy = -1.263501 
<M> = (0.251622,-0.007110), <E> = -1.259748 

T=1.080000	 Thermalizing iterations... 
Done.
Thermalized Magnetisation = (0.284486,0.004783), Energy = -1.253834 
Averaging iterations... h=0.031250,0.000000
Done.
Final: Magnetisation = (0.244646,0.042097), Energy = -1.262557 
<M> = (0.256285,-0.045953), <E> = -1.271491 

T=1.070000	 Thermalizing iterations... 
Done.
Thermalized Magnetisation = (0.284052,0.118607), Energy = -1.295622 
Averaging iterations... h=0.031250,0.000000
Done.
Final: Magnetisation = (0.263478,0.018958), Energy = -1.265850 
<M> = (0.263545,-0.053180), <E> = -1.285454 

T=1.060000	 Thermalizing iterations... 
Done.
Thermalized Magnetisation = (0.260111,0.068135), Energy = -1.291630 
Averaging iterations... h=0.031250,0.000000
Done.
Final: Magnetisation = (0.317517,-0.189146), Energy = -1.312824 
<M> = (0.275777,-0.035128), <E> = -1.296540 

T=1.050000	 Thermalizing iterations... 
Done.
Thermalized Magnetisation = (0.305765,-0.133403), Energy = -1.333539 
Averaging iterations... h=0.031250,0.000000
Done.
Final: Magnetisation = (0.214103,-0.053275), Energy = -1.289151 
<M> = (0.285396,0.010535), <E> = -1.307462 

T=1.040000	 Thermalizing iterations... 
Done.
Thermalized Magnetisation = (0.248383,0.057934), Energy = -1.292827 
Averaging iterations... h=0.031250,0.000000
Done.
Final: Magnetisation = (0.242393,-0.081499), Energy = -1.302295 
<M> = (0.279177,0.017785), <E> = -1.317961 

T=1.030000	 Thermalizing iterations... 
Done.
Thermalized Magnetisation = (0.255167,-0.124839), Energy = -1.288921 
Averaging iterations... h=0.031250,0.000000
Done.
Final: Magnetisation = (0.280414,0.001358), Energy = -1.341411 
<M> = (0.292668,-0.061054), <E> = -1.331673 

T=1.020000	 Thermalizing iterations... 
Done.
Thermalized Magnetisation = (0.307259,-0.036259), Energy = -1.324384 
Averaging iterations... h=0.031250,0.000000
Done.
Final: Magnetisation = (0.257452,0.106039), Energy = -1.359632 
<M> = (0.296766,-0.060311), <E> = -1.344210 

T=1.010000	 Thermalizing iterations... 
Done.
Thermalized Magnetisation = (0.258997,-0.026221), Energy = -1.348156 
Averaging iterations... h=0.031250,0.000000
Done.
Final: Magnetisation = (0.314620,-0.204397), Energy = -1.365511 
<M> = (0.297373,-0.150192), <E> = -1.359125 

T=1.000000	 Thermalizing iterations... 
Done.
Thermalized Magnetisation = (0.293494,-0.203737), Energy = -1.387299 
Averaging iterations... h=0.031250,0.000000
Done.
Final: Magnetisation = (0.379492,-0.102383), Energy = -1.389154 
<M> = (0.305831,-0.100109), <E> = -1.371980 

T=0.990000	 Thermalizing iterations... 
Done.
Thermalized Magnetisation = (0.266305,-0.072995), Energy = -1.392611 
Averaging iterations... h=0.031250,0.000000
Done.
Final: Magnetisation = (0.321838,-0.221469), Energy = -1.375741 
<M> = (0.320545,-0.050775), <E> = -1.383431 

T=0.980000	 Thermalizing iterations... 
Done.
Thermalized Magnetisation = (0.302291,0.049034), Energy = -1.388061 
Averaging iterations... h=0.031250,0.000000
Done.
Final: Magnetisation = (0.368627,0.110734), Energy = -1.388030 
<M> = (0.327006,0.047887), <E> = -1.394677 

T=0.970000	 Thermalizing iterations... 
Done.
Thermalized Magnetisation = (0.314328,-0.040456), Energy = -1.387858 
Averaging iterations... h=0.031250,0.000000
Done.
Final: Magnetisation = (0.322361,0.086511), Energy = -1.418674 
<M> = (0.333689,0.101476), <E> = -1.405380 

T=0.960000	 Thermalizing iterations... 
Done.
Thermalized Magnetisation = (0.325353,-0.180197), Energy = -1.439417 
Averaging iterations... h=0.031250,0.000000
Done.
Final: Magnetisation = (0.322943,0.170517), Energy = -1.419068 
<M> = (0.326694,-0.116176), <E> = -1.417659 

T=0.950000	 Thermalizing iterations... 
Done.
Thermalized Magnetisation = (0.293886,-0.254926), Energy = -1.407049 
Averaging iterations... h=0.031250,0.000000
Done.
Final: Magnetisation = (0.322563,0.075557), Energy = -1.409347 
<M> = (0.323045,-0.021142), <E> = -1.429586 

T=0.940000	 Thermalizing iterations... 
Done.
Thermalized Magnetisation = (0.361135,-0.074431), Energy = -1.462500 
Averaging iterations... h=0.031250,0.000000
Done.
Final: Magnetisation = (0.352042,-0.002848), Energy = -1.449745 
<M> = (0.324723,-0.268008), <E> = -1.443910 

T=0.930000	 Thermalizing iterations... 
Done.
Thermalized Magnetisation = (0.337130,0.412031), Energy = -1.450641 
Averaging iterations... h=0.031250,0.000000
Done.
Final: Magnetisation = (0.343573,-0.277641), Energy = -1.454665 
<M> = (0.325454,-0.169131), <E> = -1.454275 

T=0.920000	 Thermalizing iterations... 
Done.
Thermalized Magnetisation = (0.386779,-0.353773), Energy = -1.485593 
Averaging iterations... h=0.031250,0.000000
Done.
Final: Magnetisation = (0.284155,-0.474106), Energy = -1.464136 
<M> = (0.334081,-0.397324), <E> = -1.469450 

T=0.910000	 Thermalizing iterations... 
Done.
Thermalized Magnetisation = (0.305042,-0.363614), Energy = -1.479132 
Averaging iterations... h=0.031250,0.000000
Done.
Final: Magnetisation = (0.283425,-0.289866), Energy = -1.475967 
<M> = (0.355770,-0.235741), <E> = -1.475295 

T=0.900000	 Thermalizing iterations... 
Done.
Thermalized Magnetisation = (0.330178,-0.315536), Energy = -1.479329 
Averaging iterations... h=0.031250,0.000000
Done.
Final: Magnetisation = (0.402650,-0.300865), Energy = -1.489580 
<M> = (0.343773,-0.407610), <E> = -1.489449 

T=0.890000	 Thermalizing iterations... 
Done.
Thermalized Magnetisation = (0.285379,-0.482810), Energy = -1.497402 
Averaging iterations... h=0.031250,0.000000
Done.
Final: Magnetisation = (0.389637,-0.405288), Energy = -1.482694 
<M> = (0.344141,-0.394581), <E> = -1.498127 

T=0.880000	 Thermalizing iterations... 
Done.
Thermalized Magnetisation = (0.287144,-0.537038), Energy = -1.515945 
Averaging iterations... h=0.031250,0.000000
Done.
Final: Magnetisation = (0.388606,-0.480388), Energy = -1.512658 
<M> = (0.329106,-0.483286), <E> = -1.511960 

T=0.870000	 Thermalizing iterations... 
Done.
Thermalized Magnetisation = (0.303942,-0.540688), Energy = -1.537680 
Averaging iterations... h=0.031250,0.000000
Done.
Final: Magnetisation = (0.363071,-0.504034), Energy = -1.535796 
<M> = (0.319667,-0.501618), <E> = -1.521975 

T=0.860000	 Thermalizing iterations... 
Done.
Thermalized Magnetisation = (0.372796,-0.560560), Energy = -1.561385 
Averaging iterations... h=0.031250,0.000000
Done.
Final: Magnetisation = (0.354439,-0.402612), Energy = -1.524289 
<M> = (0.310776,-0.520720), <E> = -1.532235 

T=0.850000	 Thermalizing iterations... 
Done.
Thermalized Magnetisation = (0.335626,-0.436526), Energy = -1.521298 
Averaging iterations... h=0.031250,0.000000
Done.
Final: Magnetisation = (0.296608,-0.510607), Energy = -1.536836 
<M> = (0.328887,-0.506998), <E> = -1.541190 

T=0.840000	 Thermalizing iterations... 
Done.
Thermalized Magnetisation = (0.293860,-0.613314), Energy = -1.575407 
Averaging iterations... h=0.031250,0.000000
Done.
Final: Magnetisation = (0.322834,-0.561795), Energy = -1.575949 
<M> = (0.325352,-0.528826), <E> = -1.550042 

T=0.830000	 Thermalizing iterations... 
Done.
Thermalized Magnetisation = (0.376460,-0.454837), Energy = -1.556516 
Averaging iterations... h=0.031250,0.000000
Done.
Final: Magnetisation = (0.356157,-0.507658), Energy = -1.560519 
<M> = (0.331438,-0.529582), <E> = -1.558286 

T=0.820000	 Thermalizing iterations... 
Done.
Thermalized Magnetisation = (0.299521,-0.538748), Energy = -1.556536 
Averaging iterations... h=0.031250,0.000000
Done.
Final: Magnetisation = (0.364655,-0.505755), Energy = -1.563532 
<M> = (0.336658,-0.536089), <E> = -1.566261 

T=0.810000	 Thermalizing iterations... 
Done.
Thermalized Magnetisation = (0.321487,-0.586108), Energy = -1.554918 
Averaging iterations... h=0.031250,0.000000
Done.
Final: Magnetisation = (0.305177,-0.533853), Energy = -1.561737 
<M> = (0.327912,-0.557178), <E> = -1.575912 

T=0.800000	 Thermalizing iterations... 
Done.
Thermalized Magnetisation = (0.264355,-0.594721), Energy = -1.586547 
Averaging iterations... h=0.031250,0.000000
Done.
Final: Magnetisation = (0.271946,-0.586655), Energy = -1.579872 
<M> = (0.322863,-0.554188), <E> = -1.584279 

T=0.790000	 Thermalizing iterations... 
Done.
Thermalized Magnetisation = (0.236770,-0.607893), Energy = -1.590820 
Averaging iterations... h=0.031250,0.000000
Done.
Final: Magnetisation = (0.337083,-0.574692), Energy = -1.615621 
<M> = (0.318295,-0.571226), <E> = -1.593702 

T=0.780000	 Thermalizing iterations... 
Done.
Thermalized Magnetisation = (0.377287,-0.533054), Energy = -1.591783 
Averaging iterations... h=0.031250,0.000000
Done.
Final: Magnetisation = (0.290851,-0.613026), Energy = -1.602167 
<M> = (0.316157,-0.583542), <E> = -1.601427 

T=0.770000	 Thermalizing iterations... 
Done.
Thermalized Magnetisation = (0.387137,-0.530811), Energy = -1.601873 
Averaging iterations... h=0.031250,0.000000
Done.
Final: Magnetisation = (0.293715,-0.615977), Energy = -1.616197 
<M> = (0.333802,-0.571561), <E> = -1.608801 

T=0.760000	 Thermalizing iterations... 
Done.
Thermalized Magnetisation = (0.324909,-0.587270), Energy = -1.597019 
Averaging iterations... h=0.031250,0.000000
Done.
Final: Magnetisation = (0.385661,-0.581231), Energy = -1.640226 
<M> = (0.331711,-0.582894), <E> = -1.616221 

T=0.750000	 Thermalizing iterations... 
Done.
Thermalized Magnetisation = (0.396447,-0.538693), Energy = -1.615104 
Averaging iterations... h=0.031250,0.000000
Done.
Final: Magnetisation = (0.279261,-0.628625), Energy = -1.625773 
<M> = (0.332029,-0.584926), <E> = -1.623500 

T=0.740000	 Thermalizing iterations... 
Done.
Thermalized Magnetisation = (0.301789,-0.658785), Energy = -1.654337 
Averaging iterations... h=0.031250,0.000000
Done.
Final: Magnetisation = (0.285135,-0.641021), Energy = -1.629870 
<M> = (0.327724,-0.599967), <E> = -1.631178 

T=0.730000	 Thermalizing iterations... 
Done.
Thermalized Magnetisation = (0.387852,-0.561535), Energy = -1.633059 
Averaging iterations... h=0.031250,0.000000
Done.
Final: Magnetisation = (0.303356,-0.604234), Energy = -1.634522 
<M> = (0.328841,-0.603491), <E> = -1.639632 

T=0.720000	 Thermalizing iterations... 
Done.
Thermalized Magnetisation = (0.354315,-0.583802), Energy = -1.625487 
Averaging iterations... h=0.031250,0.000000
Done.
Final: Magnetisation = (0.314252,-0.617439), Energy = -1.644427 
<M> = (0.321067,-0.615429), <E> = -1.646939 

T=0.710000	 Thermalizing iterations... 
Done.
Thermalized Magnetisation = (0.319842,-0.613038), Energy = -1.654160 
Averaging iterations... h=0.031250,0.000000
Done.
Final: Magnetisation = (0.298862,-0.649489), Energy = -1.665608 
<M> = (0.318929,-0.618736), <E> = -1.654205 

T=0.700000	 Thermalizing iterations... 
Done.
Thermalized Magnetisation = (0.290480,-0.626894), Energy = -1.667839 
Averaging iterations... h=0.031250,0.000000
Done.
Final: Magnetisation = (0.290685,-0.657334), Energy = -1.662634 
<M> = (0.311156,-0.634243), <E> = -1.661836 

T=0.690000	 Thermalizing iterations... 
Done.
Thermalized Magnetisation = (0.346692,-0.606766), Energy = -1.666355 
Averaging iterations... h=0.031250,0.000000
Done.
Final: Magnetisation = (0.228857,-0.708722), Energy = -1.670591 
<M> = (0.326736,-0.624452), <E> = -1.668081 

T=0.680000	 Thermalizing iterations... 
Done.
Thermalized Magnetisation = (0.280031,-0.613253), Energy = -1.664469 
Averaging iterations... h=0.031250,0.000000
Done.
Final: Magnetisation = (0.325971,-0.621900), Energy = -1.680529 
<M> = (0.337952,-0.613707), <E> = -1.673868 

T=0.670000	 Thermalizing iterations... 
Done.
Thermalized Magnetisation = (0.304742,-0.632332), Energy = -1.661173 
Averaging iterations... h=0.031250,0.000000
Done.
Final: Magnetisation = (0.400447,-0.604678), Energy = -1.696027 
<M> = (0.328741,-0.631242), <E> = -1.681577 

T=0.660000	 Thermalizing iterations... 
Done.
Thermalized Magnetisation = (0.293022,-0.643972), Energy = -1.677174 
Averaging iterations... h=0.031250,0.000000
Done.
Final: Magnetisation = (0.328445,-0.637654), Energy = -1.689957 
<M> = (0.331941,-0.638412), <E> = -1.688742 

T=0.650000	 Thermalizing iterations... 
Done.
Thermalized Magnetisation = (0.291678,-0.660851), Energy = -1.691717 
Averaging iterations... h=0.031250,0.000000
Done.
Final: Magnetisation = (0.296778,-0.671275), Energy = -1.690049 
<M> = (0.321479,-0.649433), <E> = -1.695831 

T=0.640000	 Thermalizing iterations... 
Done.
Thermalized Magnetisation = (0.293667,-0.698505), Energy = -1.714926 
Averaging iterations... h=0.031250,0.000000
Done.
Final: Magnetisation = (0.363208,-0.635218), Energy = -1.703751 
<M> = (0.314506,-0.657967), <E> = -1.702946 

T=0.630000	 Thermalizing iterations... 
Done.
Thermalized Magnetisation = (0.304521,-0.653487), Energy = -1.702886 
Averaging iterations... h=0.031250,0.000000
Done.
Final: Magnetisation = (0.291622,-0.669884), Energy = -1.715629 
<M> = (0.320319,-0.658832), <E> = -1.709350 

T=0.620000	 Thermalizing iterations... 
Done.
Thermalized Magnetisation = (0.296309,-0.675406), Energy = -1.714314 
Averaging iterations... h=0.031250,0.000000
Done.
Final: Magnetisation = (0.354281,-0.656845), Energy = -1.727022 
<M> = (0.331303,-0.651567), <E> = -1.715548 

T=0.610000	 Thermalizing iterations... 
Done.
Thermalized Magnetisation = (0.349487,-0.673536), Energy = -1.726938 
Averaging iterations... h=0.031250,0.000000
Done.
Final: Magnetisation = (0.307264,-0.661512), Energy = -1.719585 
<M> = (0.338850,-0.654475), <E> = -1.721895 

T=0.600000	 Thermalizing iterations... 
Done.
Thermalized Magnetisation = (0.363515,-0.667284), Energy = -1.732436 
Averaging iterations... h=0.031250,0.000000
Done.
Final: Magnetisation = (0.345592,-0.660187), Energy = -1.719600 
<M> = (0.333235,-0.660161), <E> = -1.728312 

T=0.590000	 Thermalizing iterations... 
Done.
Thermalized Magnetisation = (0.290673,-0.679955), Energy = -1.732965 
Averaging iterations... h=0.031250,0.000000
Done.
Final: Magnetisation = (0.327997,-0.681225), Energy = -1.735358 
<M> = (0.337691,-0.665776), <E> = -1.734767 

T=0.580000	 Thermalizing iterations... 
Done.
Thermalized Magnetisation = (0.361575,-0.659991), Energy = -1.748860 
Averaging iterations... h=0.031250,0.000000
Done.
Final: Magnetisation = (0.312129,-0.678655), Energy = -1.749227 
<M> = (0.323888,-0.674675), <E> = -1.741339 

T=0.570000	 Thermalizing iterations... 
Done.
Thermalized Magnetisation = (0.319042,-0.686099), Energy = -1.754258 
Averaging iterations... h=0.031250,0.000000
Done.
Final: Magnetisation = (0.371058,-0.651475), Energy = -1.753617 
<M> = (0.318748,-0.684361), <E> = -1.748405 

T=0.560000	 Thermalizing iterations... 
Done.
Thermalized Magnetisation = (0.316453,-0.683030), Energy = -1.758879 
Averaging iterations... h=0.031250,0.000000
Done.
Final: Magnetisation = (0.331116,-0.690128), Energy = -1.757431 
<M> = (0.313308,-0.689643), <E> = -1.754507 

T=0.550000	 Thermalizing iterations... 
Done.
Thermalized Magnetisation = (0.347369,-0.676247), Energy = -1.764621 
Averaging iterations... h=0.031250,0.000000
Done.
Final: Magnetisation = (0.328668,-0.671283), Energy = -1.760006 
<M> = (0.315127,-0.693946), <E> = -1.760579 

T=0.540000	 Thermalizing iterations... 
Done.
Thermalized Magnetisation = (0.325986,-0.682813), Energy = -1.763276 
Averaging iterations... h=0.031250,0.000000
Done.
Final: Magnetisation = (0.295752,-0.709365), Energy = -1.761396 
<M> = (0.325377,-0.687592), <E> = -1.766245 

T=0.530000	 Thermalizing iterations... 
Done.
Thermalized Magnetisation = (0.341296,-0.694003), Energy = -1.776055 
Averaging iterations... h=0.031250,0.000000
Done.
Final: Magnetisation = (0.327256,-0.696213), Energy = -1.779918 
<M> = (0.329317,-0.691508), <E> = -1.772047 

T=0.520000	 Thermalizing iterations... 
Done.
Thermalized Magnetisation = (0.317441,-0.676801), Energy = -1.776798 
Averaging iterations... h=0.031250,0.000000
Done.
Final: Magnetisation = (0.320220,-0.702795), Energy = -1.772436 
<M> = (0.334667,-0.689491), <E> = -1.778118 

T=0.510000	 Thermalizing iterations... 
Done.
Thermalized Magnetisation = (0.327154,-0.705775), Energy = -1.781747 
Averaging iterations... h=0.031250,0.000000
Done.
Final: Magnetisation = (0.370878,-0.682895), Energy = -1.787707 
<M> = (0.327439,-0.700148), <E> = -1.784629 

T=0.500000	 Thermalizing iterations... 
Done.
Thermalized Magnetisation = (0.281381,-0.745286), Energy = -1.798657 
Averaging iterations... h=0.031250,0.000000
Done.
Final: Magnetisation = (0.327230,-0.707274), Energy = -1.796666 
<M> = (0.315750,-0.710364), <E> = -1.791022 

T=0.490000	 Thermalizing iterations... 
Done.
Thermalized Magnetisation = (0.293963,-0.744543), Energy = -1.794959 
Averaging iterations... h=0.031250,0.000000
Done.
Final: Magnetisation = (0.357511,-0.713138), Energy = -1.798413 
<M> = (0.316591,-0.715030), <E> = -1.797217 

T=0.480000	 Thermalizing iterations... 
Done.
Thermalized Magnetisation = (0.361612,-0.688582), Energy = -1.803806 
Averaging iterations... h=0.031250,0.000000
Done.
Final: Magnetisation = (0.309233,-0.693610), Energy = -1.791501 
<M> = (0.316367,-0.718200), <E> = -1.803120 

T=0.470000	 Thermalizing iterations... 
Done.
Thermalized Magnetisation = (0.365265,-0.701021), Energy = -1.812003 
Averaging iterations... h=0.031250,0.000000
Done.
Final: Magnetisation = (0.330305,-0.714240), Energy = -1.815131 
<M> = (0.331175,-0.712948), <E> = -1.808602 

T=0.460000	 Thermalizing iterations... 
Done.
Thermalized Magnetisation = (0.358166,-0.691864), Energy = -1.807570 
Averaging iterations... h=0.031250,0.000000
Done.
Final: Magnetisation = (0.340120,-0.724926), Energy = -1.804539 
<M> = (0.335352,-0.709123), <E> = -1.814123 

T=0.450000	 Thermalizing iterations... 
Done.
Thermalized Magnetisation = (0.335019,-0.712216), Energy = -1.825651 
Averaging iterations... h=0.031250,0.000000
Done.
Final: Magnetisation = (0.339488,-0.719813), Energy = -1.815909 
<M> = (0.335520,-0.713265), <E> = -1.819956 

T=0.440000	 Thermalizing iterations... 
Done.
Thermalized Magnetisation = (0.301359,-0.747231), Energy = -1.829210 
Averaging iterations... h=0.031250,0.000000
Done.
Final: Magnetisation = (0.361496,-0.690329), Energy = -1.823778 
<M> = (0.327970,-0.723159), <E> = -1.826110 

T=0.430000	 Thermalizing iterations... 
Done.
Thermalized Magnetisation = (0.256642,-0.754348), Energy = -1.831449 
Averaging iterations... h=0.031250,0.000000
Done.
Final: Magnetisation = (0.334198,-0.707651), Energy = -1.821987 
<M> = (0.322060,-0.731580), <E> = -1.832021 

T=0.420000	 Thermalizing iterations... 
Done.
Thermalized Magnetisation = (0.287906,-0.748373), Energy = -1.836293 
Averaging iterations... h=0.031250,0.000000
Done.
Final: Magnetisation = (0.346225,-0.719030), Energy = -1.838573 
<M> = (0.317641,-0.737027), <E> = -1.837997 

T=0.410000	 Thermalizing iterations... 
Done.
Thermalized Magnetisation = (0.361870,-0.727442), Energy = -1.850080 
Averaging iterations... h=0.031250,0.000000
Done.
Final: Magnetisation = (0.336903,-0.724902), Energy = -1.844749 
<M> = (0.313127,-0.741434), <E> = -1.843895 

T=0.400000	 Thermalizing iterations... 
Done.
Thermalized Magnetisation = (0.310099,-0.736278), Energy = -1.840414 
Averaging iterations... h=0.031250,0.000000
Done.
Final: Magnetisation = (0.321574,-0.757498), Energy = -1.848112 
<M> = (0.324910,-0.740978), <E> = -1.849393 

T=0.390000	 Thermalizing iterations... 
Done.
Thermalized Magnetisation = (0.323388,-0.744262), Energy = -1.853040 
Averaging iterations... h=0.031250,0.000000
Done.
Final: Magnetisation = (0.316368,-0.767617), Energy = -1.848618 
<M> = (0.333729,-0.738036), <E> = -1.854647 

T=0.380000	 Thermalizing iterations... 
Done.
Thermalized Magnetisation = (0.283017,-0.754235), Energy = -1.854469 
Averaging iterations... h=0.031250,0.000000
Done.
Final: Magnetisation = (0.324909,-0.742214), Energy = -1.859490 
<M> = (0.335887,-0.737086), <E> = -1.860217 

T=0.370000	 Thermalizing iterations... 
Done.
Thermalized Magnetisation = (0.342259,-0.746100), Energy = -1.873589 
Averaging iterations... h=0.031250,0.000000
Done.
Final: Magnetisation = (0.388175,-0.713338), Energy = -1.866204 
<M> = (0.334263,-0.742876), <E> = -1.865933 

T=0.360000	 Thermalizing iterations... 
Done.
Thermalized Magnetisation = (0.313973,-0.769871), Energy = -1.873164 
Averaging iterations... h=0.031250,0.000000
Done.
Final: Magnetisation = (0.359341,-0.731763), Energy = -1.866471 
<M> = (0.325056,-0.751283), <E> = -1.871826 

T=0.350000	 Thermalizing iterations... 
Done.
Thermalized Magnetisation = (0.309516,-0.765201), Energy = -1.874376 
Averaging iterations... h=0.031250,0.000000
Done.
Final: Magnetisation = (0.336761,-0.729005), Energy = -1.874121 
<M> = (0.324514,-0.756876), <E> = -1.877630 

T=0.340000	 Thermalizing iterations... 
Done.
Thermalized Magnetisation = (0.352254,-0.733949), Energy = -1.882209 
Averaging iterations... h=0.031250,0.000000
Done.
Final: Magnetisation = (0.340332,-0.756278), Energy = -1.883167 
<M> = (0.318967,-0.760870), <E> = -1.883329 

T=0.330000	 Thermalizing iterations... 
Done.
Thermalized Magnetisation = (0.314021,-0.770872), Energy = -1.889001 
Averaging iterations... h=0.031250,0.000000
Done.
Final: Magnetisation = (0.336740,-0.756361), Energy = -1.890716 
<M> = (0.318865,-0.766011), <E> = -1.888863 

T=0.320000	 Thermalizing iterations... 
Done.
Thermalized Magnetisation = (0.351157,-0.755666), Energy = -1.893316 
Averaging iterations... h=0.031250,0.000000
Done.
Final: Magnetisation = (0.332824,-0.764791), Energy = -1.895279 
<M> = (0.330808,-0.760608), <E> = -1.894136 

T=0.310000	 Thermalizing iterations... 
Done.
Thermalized Magnetisation = (0.338667,-0.762262), Energy = -1.898336 
Averaging iterations... h=0.031250,0.000000
Done.
Final: Magnetisation = (0.329390,-0.768683), Energy = -1.897131 
<M> = (0.334921,-0.759318), <E> = -1.899458 

T=0.300000	 Thermalizing iterations... 
Done.
Thermalized Magnetisation = (0.323108,-0.771673), Energy = -1.904715 
Averaging iterations... h=0.031250,0.000000
Done.
Final: Magnetisation = (0.359409,-0.749453), Energy = -1.905972 
<M> = (0.332580,-0.767153), <E> = -1.904925 

T=0.290000	 Thermalizing iterations... 
Done.
Thermalized Magnetisation = (0.322622,-0.774177), Energy = -1.912358 
Averaging iterations... h=0.031250,0.000000
Done.
Final: Magnetisation = (0.328879,-0.771288), Energy = -1.909788 
<M> = (0.331555,-0.769503), <E> = -1.910427 

T=0.280000	 Thermalizing iterations... 
Done.
Thermalized Magnetisation = (0.317596,-0.781479), Energy = -1.915485 
Averaging iterations... h=0.031250,0.000000
Done.
Final: Magnetisation = (0.339386,-0.764731), Energy = -1.912849 
<M> = (0.331913,-0.771731), <E> = -1.915984 

T=0.270000	 Thermalizing iterations... 
Done.
Thermalized Magnetisation = (0.300251,-0.804493), Energy = -1.922711 
Averaging iterations... h=0.031250,0.000000
Done.
Final: Magnetisation = (0.334489,-0.788029), Energy = -1.920438 
<M> = (0.325040,-0.780270), <E> = -1.921636 

T=0.260000	 Thermalizing iterations... 
Done.
Thermalized Magnetisation = (0.291318,-0.791083), Energy = -1.929495 
Averaging iterations... h=0.031250,0.000000
Done.
Final: Magnetisation = (0.304820,-0.785544), Energy = -1.927030 
<M> = (0.325357,-0.784397), <E> = -1.927027 

T=0.250000	 Thermalizing iterations... 
Done.
Thermalized Magnetisation = (0.343978,-0.770458), Energy = -1.931763 
Averaging iterations... h=0.031250,0.000000
Done.
Final: Magnetisation = (0.339703,-0.781822), Energy = -1.935510 
<M> = (0.332677,-0.780967), <E> = -1.932317 

T=0.240000	 Thermalizing iterations... 
Done.
Thermalized Magnetisation = (0.330573,-0.774842), Energy = -1.942561 
Averaging iterations... h=0.031250,0.000000
Done.
Final: Magnetisation = (0.325751,-0.791184), Energy = -1.937792 
<M> = (0.331839,-0.785004), <E> = -1.937578 

T=0.230000	 Thermalizing iterations... 
Done.
Thermalized Magnetisation = (0.318847,-0.789975), Energy = -1.943620 
Averaging iterations... h=0.031250,0.000000
Done.
Final: Magnetisation = (0.294475,-0.803747), Energy = -1.943887 
<M> = (0.331736,-0.786363), <E> = -1.942774 

T=0.220000	 Thermalizing iterations... 
Done.
Thermalized Magnetisation = (0.332989,-0.789647), Energy = -1.944394 
Averaging iterations... h=0.031250,0.000000
Done.
Final: Magnetisation = (0.338987,-0.787519), Energy = -1.944759 
<M> = (0.335477,-0.789046), <E> = -1.948247 

T=0.210000	 Thermalizing iterations... 
Done.
Thermalized Magnetisation = (0.325057,-0.791743), Energy = -1.951216 
Averaging iterations... h=0.031250,0.000000
Done.
Final: Magnetisation = (0.330982,-0.793286), Energy = -1.953596 
<M> = (0.328056,-0.794196), <E> = -1.953681 

T=0.200000	 Thermalizing iterations... 
Done.
Thermalized Magnetisation = (0.351884,-0.793467), Energy = -1.957132 
Averaging iterations... h=0.031250,0.000000
Done.
Final: Magnetisation = (0.350256,-0.782080), Energy = -1.956105 
<M> = (0.331353,-0.797449), <E> = -1.959041 

T=0.190000	 Thermalizing iterations... 
Done.
Thermalized Magnetisation = (0.338245,-0.798656), Energy = -1.963862 
Averaging iterations... h=0.031250,0.000000
Done.
Final: Magnetisation = (0.337455,-0.797988), Energy = -1.967251 
<M> = (0.330025,-0.800466), <E> = -1.964334 

T=0.180000	 Thermalizing iterations... 
Done.
Thermalized Magnetisation = (0.325368,-0.805710), Energy = -1.974029 
Averaging iterations... h=0.031250,0.000000
Done.
Final: Magnetisation = (0.312283,-0.811153), Energy = -1.970320 
<M> = (0.327698,-0.805689), <E> = -1.969597 

T=0.170000	 Thermalizing iterations... 
Done.
Thermalized Magnetisation = (0.320728,-0.813602), Energy = -1.970011 
Averaging iterations... h=0.031250,0.000000
Done.
Final: Magnetisation = (0.306668,-0.813988), Energy = -1.973924 
<M> = (0.329059,-0.806825), <E> = -1.974688 

T=0.160000	 Thermalizing iterations... 
Done.
Thermalized Magnetisation = (0.325309,-0.815609), Energy = -1.981285 
Averaging iterations... h=0.031250,0.000000
Done.
Final: Magnetisation = (0.328807,-0.816889), Energy = -1.983014 
<M> = (0.331612,-0.806979), <E> = -1.979873 

T=0.150000	 Thermalizing iterations... 
Done.
Thermalized Magnetisation = (0.355495,-0.800642), Energy = -1.984506 
Averaging iterations... h=0.031250,0.000000
Done.
Final: Magnetisation = (0.325410,-0.812627), Energy = -1.982829 
<M> = (0.332802,-0.810447), <E> = -1.985024 

T=0.140000	 Thermalizing iterations... 
Done.
Thermalized Magnetisation = (0.332917,-0.813705), Energy = -1.991083 
Averaging iterations... h=0.031250,0.000000
Done.
Final: Magnetisation = (0.332122,-0.817052), Energy = -1.990297 
<M> = (0.333514,-0.813860), <E> = -1.990311 

T=0.130000	 Thermalizing iterations... 
Done.
Thermalized Magnetisation = (0.329958,-0.821644), Energy = -1.998562 
Averaging iterations... h=0.031250,0.000000
Done.
Final: Magnetisation = (0.334679,-0.812109), Energy = -1.994690 
<M> = (0.329457,-0.816107), <E> = -1.995509 

T=0.120000	 Thermalizing iterations... 
Done.
Thermalized Magnetisation = (0.339247,-0.822667), Energy = -2.001153 
Averaging iterations... h=0.031250,0.000000
Done.
Final: Magnetisation = (0.318958,-0.829070), Energy = -2.000662 
<M> = (0.332389,-0.819074), <E> = -2.000761 

T=0.110000	 Thermalizing iterations... 
Done.
Thermalized Magnetisation = (0.338276,-0.822150), Energy = -2.006916 
Averaging iterations... h=0.031250,0.000000
Done.
Final: Magnetisation = (0.330085,-0.819566), Energy = -2.005538 
<M> = (0.335363,-0.821725), <E> = -2.005936 

T=0.100000	 Thermalizing iterations... 
Done.
Thermalized Magnetisation = (0.340276,-0.821681), Energy = -2.013235 
Averaging iterations... h=0.031250,0.000000
Done.
Final: Magnetisation = (0.340111,-0.822670), Energy = -2.011554 
<M> = (0.330130,-0.824506), <E> = -2.011016 

T=0.090000	 Thermalizing iterations... 
Done.
Thermalized Magnetisation = (0.311772,-0.831741), Energy = -2.015180 
Averaging iterations... h=0.031250,0.000000
Done.
Final: Magnetisation = (0.328415,-0.832162), Energy = -2.016148 
<M> = (0.332529,-0.826498), <E> = -2.016111 

T=0.080000	 Thermalizing iterations... 
Done.
Thermalized Magnetisation = (0.342635,-0.829163), Energy = -2.021980 
Averaging iterations... h=0.031250,0.000000
Done.
Final: Magnetisation = (0.336031,-0.826997), Energy = -2.021425 
<M> = (0.334414,-0.828171), <E> = -2.021215 

T=0.070000	 Thermalizing iterations... 
Done.
Thermalized Magnetisation = (0.319991,-0.836740), Energy = -2.025961 
Averaging iterations... h=0.031250,0.000000
Done.
Final: Magnetisation = (0.336737,-0.831514), Energy = -2.026858 
<M> = (0.334043,-0.831942), <E> = -2.026329 

T=0.060000	 Thermalizing iterations... 
Done.
Thermalized Magnetisation = (0.342876,-0.830320), Energy = -2.030585 
Averaging iterations... h=0.031250,0.000000
Done.
Final: Magnetisation = (0.333050,-0.834260), Energy = -2.031037 
<M> = (0.328873,-0.836353), <E> = -2.031441 

T=0.050000	 Thermalizing iterations... 
Done.
Thermalized Magnetisation = (0.337239,-0.835713), Energy = -2.036683 
Averaging iterations... h=0.031250,0.000000
Done.
Final: Magnetisation = (0.320944,-0.844604), Energy = -2.036580 
<M> = (0.334674,-0.837099), <E> = -2.036531 

T=0.040000	 Thermalizing iterations... 
Done.
Thermalized Magnetisation = (0.324730,-0.843100), Energy = -2.041326 
Averaging iterations... h=0.031250,0.000000
Done.
Final: Magnetisation = (0.327556,-0.841465), Energy = -2.041441 
<M> = (0.330874,-0.840516), <E> = -2.041573 

T=0.030000	 Thermalizing iterations... 
Done.
Thermalized Magnetisation = (0.328009,-0.843915), Energy = -2.046688 
Averaging iterations... h=0.031250,0.000000
Done.
Final: Magnetisation = (0.332654,-0.843000), Energy = -2.046170 
<M> = (0.333412,-0.842111), <E> = -2.046616 

T=0.020000	 Thermalizing iterations... 
Done.
Thermalized Magnetisation = (0.334796,-0.844852), Energy = -2.051664 
Averaging iterations... h=0.031250,0.000000
Done.
Final: Magnetisation = (0.334941,-0.844182), Energy = -2.051749 
<M> = (0.333923,-0.844967), <E> = -2.051647 

T=0.010000	 Thermalizing iterations... 
Done.
Thermalized Magnetisation = (0.328982,-0.848926), Energy = -2.056682 
Averaging iterations... h=0.031250,0.000000
Done.
Final: Magnetisation = (0.333050,-0.846912), Energy = -2.056588 
<M> = (0.333186,-0.847548), <E> = -2.056654 
Final Magnetisation = (0.333050,-0.846912), Energy = -2.056588 
------------------------

Updating all (first)black/(then)white checkerboard sites simultaneously.. 

ztne RFXY h rotating with |h|=0.031250 at T=0.000000..
loop 1

loop 2

CPU  Start Time = 3866324.908991 

CPU  End Time = 3875803.531038 

CPU Time elapsed total = 9478.622047 

real	157m58.644s
user	2801m0.352s
sys	1m33.867s
