nearest neighbor initialized. 
J loaded. 
h loaded. 
L = 16, dim_L = 2, dim_S = 2
hysteresis_MCS_multiplier = 10, hysteresis_MCS_max = 100
RAND_MAX = 2147483647.000000,
 sizeof(int) = 4,
 sizeof(long) = 8,
 sizeof(double) = 8,
 sizeof(long int) = 8,
 sizeof(short int) = 2,
 sizeof(unsigned int) = 4,
 sizeof(RAND_MAX) = 4

OpenMP Active.

No. of THREADS = 24
No. of PROCESSORS = 24

-0.061268,-0.022630
order = ({1.000000-->-1.000000,0.000000}, 0, 1)
Initial Magnetisation = (-0.061268,-0.022630), Energy = 0.102753 
Cooling... 
T=2.000000	 Thermalizing iterations... 
Done.
Thermalized Magnetisation = (0.193489,0.013441), Energy = -1.215901 
Averaging iterations... h=0.071429,0.000000
Done.
Final: Magnetisation = (0.214640,-0.230899), Energy = -1.094671 
<M> = (0.036204,0.002231), <E> = -0.913324 

T=1.950000	 Thermalizing iterations... 
Done.
Thermalized Magnetisation = (-0.000294,0.205611), Energy = -0.977890 
Averaging iterations... h=0.071429,0.000000
Done.
Final: Magnetisation = (0.656590,0.113525), Energy = -1.272160 
<M> = (0.029212,0.003124), <E> = -0.923899 

T=1.900000	 Thermalizing iterations... 
Done.
Thermalized Magnetisation = (0.155171,0.069828), Energy = -1.039893 
Averaging iterations... h=0.071429,0.000000
Done.
Final: Magnetisation = (0.238625,-0.296695), Energy = -1.030864 
<M> = (0.028481,0.014100), <E> = -0.935146 

T=1.850000	 Thermalizing iterations... 
Done.
Thermalized Magnetisation = (-0.103733,0.019735), Energy = -0.517061 
Averaging iterations... h=0.071429,0.000000
Done.
Final: Magnetisation = (0.221195,-0.327693), Energy = -1.047822 
<M> = (0.042407,0.008560), <E> = -0.966898 

T=1.800000	 Thermalizing iterations... 
Done.
Thermalized Magnetisation = (0.168242,-0.262742), Energy = -0.753823 
Averaging iterations... h=0.071429,0.000000
Done.
Final: Magnetisation = (-0.085357,0.245550), Energy = -1.100133 
<M> = (0.041765,0.010053), <E> = -0.965641 

T=1.750000	 Thermalizing iterations... 
Done.
Thermalized Magnetisation = (0.183229,-0.252642), Energy = -1.185197 
Averaging iterations... h=0.071429,0.000000
Done.
Final: Magnetisation = (-0.317267,-0.050855), Energy = -0.980009 
<M> = (0.035732,-0.005294), <E> = -0.984460 

T=1.700000	 Thermalizing iterations... 
Done.
Thermalized Magnetisation = (-0.235667,0.173728), Energy = -1.098348 
Averaging iterations... h=0.071429,0.000000
Done.
Final: Magnetisation = (0.181163,-0.187879), Energy = -1.266547 
<M> = (0.038923,0.008467), <E> = -1.013627 

T=1.650000	 Thermalizing iterations... 
Done.
Thermalized Magnetisation = (0.290537,0.477174), Energy = -1.166146 
Averaging iterations... h=0.071429,0.000000
Done.
Final: Magnetisation = (0.084645,0.249111), Energy = -0.996738 
<M> = (0.033321,-0.011365), <E> = -1.035584 

T=1.600000	 Thermalizing iterations... 
Done.
Thermalized Magnetisation = (-0.217275,-0.297461), Energy = -1.183654 
Averaging iterations... h=0.071429,0.000000
Done.
Final: Magnetisation = (0.585269,-0.242686), Energy = -1.298521 
<M> = (0.039077,-0.010397), <E> = -1.059296 

T=1.550000	 Thermalizing iterations... 
Done.
Thermalized Magnetisation = (0.056124,-0.227657), Energy = -0.631814 
Averaging iterations... h=0.071429,0.000000
Done.
Final: Magnetisation = (0.059193,0.228510), Energy = -0.895624 
<M> = (0.059892,-0.001426), <E> = -1.079209 

T=1.500000	 Thermalizing iterations... 
Done.
Thermalized Magnetisation = (-0.132660,0.264913), Energy = -0.994567 
Averaging iterations... h=0.071429,0.000000
Done.
Final: Magnetisation = (0.084111,0.060032), Energy = -1.196610 
<M> = (0.051729,-0.001704), <E> = -1.106080 

T=1.450000	 Thermalizing iterations... 
Done.
Thermalized Magnetisation = (0.193872,0.224913), Energy = -0.763002 
Averaging iterations... h=0.071429,0.000000
Done.
Final: Magnetisation = (-0.162099,0.241895), Energy = -0.858112 
<M> = (0.067274,0.006765), <E> = -1.124970 

T=1.400000	 Thermalizing iterations... 
Done.
Thermalized Magnetisation = (-0.299021,-0.199212), Energy = -1.076065 
Averaging iterations... h=0.071429,0.000000
Done.
Final: Magnetisation = (0.042272,0.216743), Energy = -1.296801 
<M> = (0.069034,-0.017210), <E> = -1.145919 

T=1.350000	 Thermalizing iterations... 
Done.
Thermalized Magnetisation = (0.400236,0.032713), Energy = -1.221539 
Averaging iterations... h=0.071429,0.000000
Done.
Final: Magnetisation = (-0.276183,0.388525), Energy = -1.276310 
<M> = (0.063929,0.003592), <E> = -1.185361 

T=1.300000	 Thermalizing iterations... 
Done.
Thermalized Magnetisation = (-0.081306,-0.219034), Energy = -1.068657 
Averaging iterations... h=0.071429,0.000000
Done.
Final: Magnetisation = (-0.107588,-0.009851), Energy = -1.173655 
<M> = (0.085150,0.005882), <E> = -1.189159 

T=1.250000	 Thermalizing iterations... 
Done.
Thermalized Magnetisation = (0.059299,0.346637), Energy = -1.209665 
Averaging iterations... h=0.071429,0.000000
Done.
Final: Magnetisation = (0.678629,0.260577), Energy = -1.456129 
<M> = (0.087315,-0.003164), <E> = -1.230608 

T=1.200000	 Thermalizing iterations... 
Done.
Thermalized Magnetisation = (0.064962,0.330006), Energy = -1.217392 
Averaging iterations... h=0.071429,0.000000
Done.
Final: Magnetisation = (0.053633,0.055730), Energy = -1.425080 
<M> = (0.107518,0.051181), <E> = -1.262893 

T=1.150000	 Thermalizing iterations... 
Done.
Thermalized Magnetisation = (0.431997,-0.444576), Energy = -1.327870 
Averaging iterations... h=0.071429,0.000000
Done.
Final: Magnetisation = (0.034331,0.118449), Energy = -0.838855 
<M> = (0.131467,-0.023886), <E> = -1.288528 

T=1.100000	 Thermalizing iterations... 
Done.
Thermalized Magnetisation = (0.295449,-0.081300), Energy = -1.091631 
Averaging iterations... h=0.071429,0.000000
Done.
Final: Magnetisation = (-0.111822,0.225085), Energy = -1.202123 
<M> = (0.135081,0.005272), <E> = -1.315977 

T=1.050000	 Thermalizing iterations... 
Done.
Thermalized Magnetisation = (0.333984,0.557846), Energy = -1.521688 
Averaging iterations... h=0.071429,0.000000
Done.
Final: Magnetisation = (0.126449,-0.326734), Energy = -1.410244 
<M> = (0.183247,-0.052409), <E> = -1.355499 

T=1.000000	 Thermalizing iterations... 
Done.
Thermalized Magnetisation = (0.040178,-0.411575), Energy = -1.049317 
Averaging iterations... h=0.071429,0.000000
Done.
Final: Magnetisation = (-0.524183,0.193127), Energy = -1.143520 
<M> = (0.176932,0.029624), <E> = -1.390081 

T=0.950000	 Thermalizing iterations... 
Done.
Thermalized Magnetisation = (0.344455,0.120821), Energy = -1.581061 
Averaging iterations... h=0.071429,0.000000
Done.
Final: Magnetisation = (0.021530,-0.088183), Energy = -1.298123 
<M> = (0.226191,0.002266), <E> = -1.430858 

T=0.900000	 Thermalizing iterations... 
Done.
Thermalized Magnetisation = (0.804050,-0.084736), Energy = -1.568996 
Averaging iterations... h=0.071429,0.000000
Done.
Final: Magnetisation = (0.188741,-0.457547), Energy = -1.479825 
<M> = (0.243029,-0.022202), <E> = -1.468385 

T=0.850000	 Thermalizing iterations... 
Done.
Thermalized Magnetisation = (0.214217,-0.748827), Energy = -1.582080 
Averaging iterations... h=0.071429,0.000000
Done.
Final: Magnetisation = (0.086768,0.481551), Energy = -1.410384 
<M> = (0.256605,0.074077), <E> = -1.506473 

T=0.800000	 Thermalizing iterations... 
Done.
Thermalized Magnetisation = (0.700699,0.426016), Energy = -1.705663 
Averaging iterations... h=0.071429,0.000000
Done.
Final: Magnetisation = (0.709989,-0.255097), Energy = -1.608576 
<M> = (0.230989,0.123344), <E> = -1.556488 

T=0.750000	 Thermalizing iterations... 
Done.
Thermalized Magnetisation = (0.184845,0.369123), Energy = -1.587317 
Averaging iterations... h=0.071429,0.000000
Done.
Final: Magnetisation = (0.828160,-0.034750), Energy = -1.674069 
<M> = (0.318802,-0.163056), <E> = -1.593392 

T=0.700000	 Thermalizing iterations... 
Done.
Thermalized Magnetisation = (-0.136370,0.069008), Energy = -1.474264 
Averaging iterations... h=0.071429,0.000000
Done.
Final: Magnetisation = (0.377974,0.250415), Energy = -1.468992 
<M> = (0.376343,-0.035078), <E> = -1.640731 

T=0.650000	 Thermalizing iterations... 
Done.
Thermalized Magnetisation = (0.209678,0.421873), Energy = -1.594306 
Averaging iterations... h=0.071429,0.000000
Done.
Final: Magnetisation = (0.133466,-0.766677), Energy = -1.771922 
<M> = (0.424077,-0.128582), <E> = -1.681933 

T=0.600000	 Thermalizing iterations... 
Done.
Thermalized Magnetisation = (0.195331,0.871958), Energy = -1.787487 
Averaging iterations... h=0.071429,0.000000
Done.
Final: Magnetisation = (0.088978,-0.483413), Energy = -1.589208 
<M> = (0.518442,0.120366), <E> = -1.718480 

T=0.550000	 Thermalizing iterations... 
Done.
Thermalized Magnetisation = (0.280281,0.646542), Energy = -1.740000 
Averaging iterations... h=0.071429,0.000000
Done.
Final: Magnetisation = (0.698071,-0.471032), Energy = -1.764795 
<M> = (0.506292,0.052669), <E> = -1.755593 

T=0.500000	 Thermalizing iterations... 
Done.
Thermalized Magnetisation = (0.582674,-0.612548), Energy = -1.831607 
Averaging iterations... h=0.071429,0.000000
Done.
Final: Magnetisation = (0.599627,-0.007931), Energy = -1.615856 
<M> = (0.533938,0.022947), <E> = -1.784376 

T=0.450000	 Thermalizing iterations... 
Done.
Thermalized Magnetisation = (0.866831,-0.319493), Energy = -1.866127 
Averaging iterations... h=0.071429,0.000000
Done.
Final: Magnetisation = (0.699420,-0.081389), Energy = -1.779717 
<M> = (0.492342,0.482121), <E> = -1.812694 

T=0.400000	 Thermalizing iterations... 
Done.
Thermalized Magnetisation = (0.601914,-0.504361), Energy = -1.861139 
Averaging iterations... h=0.071429,0.000000
Done.
Final: Magnetisation = (0.559189,0.690999), Energy = -1.866915 
<M> = (0.470890,-0.596834), <E> = -1.843809 

T=0.350000	 Thermalizing iterations... 
Done.
Thermalized Magnetisation = (0.156667,-0.857762), Energy = -1.868364 
Averaging iterations... h=0.071429,0.000000
Done.
Final: Magnetisation = (0.771053,-0.430507), Energy = -1.907864 
<M> = (0.551918,0.154872), <E> = -1.870395 

T=0.300000	 Thermalizing iterations... 
Done.
Thermalized Magnetisation = (0.806616,-0.407629), Energy = -1.922392 
Averaging iterations... h=0.071429,0.000000
Done.
Final: Magnetisation = (0.382265,-0.773022), Energy = -1.931685 
<M> = (0.555140,-0.581656), <E> = -1.896107 

T=0.250000	 Thermalizing iterations... 
Done.
Thermalized Magnetisation = (0.661027,-0.620853), Energy = -1.946224 
Averaging iterations... h=0.071429,0.000000
Done.
Final: Magnetisation = (0.638898,-0.663739), Energy = -1.940048 
<M> = (0.618083,-0.583702), <E> = -1.925788 

T=0.200000	 Thermalizing iterations... 
Done.
Thermalized Magnetisation = (0.454800,0.751252), Energy = -1.940417 
Averaging iterations... h=0.071429,0.000000
Done.
Final: Magnetisation = (0.768227,0.527986), Energy = -1.947758 
<M> = (0.602831,-0.151105), <E> = -1.948217 

T=0.150000	 Thermalizing iterations... 
Done.
Thermalized Magnetisation = (0.701610,-0.634667), Energy = -1.965778 
Averaging iterations... h=0.071429,0.000000
Done.
Final: Magnetisation = (0.510380,-0.825453), Energy = -1.987518 
<M> = (0.536351,-0.747771), <E> = -1.976285 

T=0.100000	 Thermalizing iterations... 
Done.
Thermalized Magnetisation = (0.732657,-0.633890), Energy = -2.003982 
Averaging iterations... h=0.071429,0.000000
Done.
Final: Magnetisation = (0.467235,-0.845463), Energy = -2.014701 
<M> = (0.577115,-0.746616), <E> = -2.001986 

T=0.050000	 Thermalizing iterations... 
Done.
Thermalized Magnetisation = (0.488368,-0.839788), Energy = -2.027218 
Averaging iterations... h=0.071429,0.000000
Done.
Final: Magnetisation = (0.520795,-0.804606), Energy = -2.030092 
<M> = (0.493301,-0.832351), <E> = -2.027843 
Final Magnetisation = (0.520795,-0.804606), Energy = -2.030092 
------------------------

Updating all (first)black/(then)white checkerboard sites simultaneously.. 

ztne RFXY h rotating with |h|=0.071429 at T=0.000000..
loop 1

loop 2

Cooling protocol time (from T=2.000000 to T=0.000000) = 57.561856 

CPU Time elapsed total = 57.567288 
All done - 57 seconds elapsed.
