nearest neighbor initialized. 
J loaded. 
h loaded. 
L = 64, dim_L = 2, dim_S = 2
hysteresis_MCS_multiplier = 10, hysteresis_MCS_max = 100
RAND_MAX = 2147483647.000000,
 sizeof(int) = 4,
 sizeof(long) = 8,
 sizeof(double) = 8,
 sizeof(long int) = 8,
 sizeof(short int) = 2,
 sizeof(unsigned int) = 4,
 sizeof(RAND_MAX) = 4

OpenMP Active.

No. of THREADS = 24
No. of PROCESSORS = 24

0.090493,-0.022861
order = ({1.000000-->-1.000000,0.000000}, 0, 1)
Initial Magnetisation = (0.090493,-0.022861), Energy = -0.073431 
Cooling... 
T=2.000000	 Thermalizing iterations... 
Done.
Thermalized Magnetisation = (-0.013067,0.054142), Energy = -0.532139 
Averaging iterations... h=0.071429,0.000000
Done.
Final: Magnetisation = (-0.069757,0.076166), Energy = -0.582897 
<M> = (0.055929,0.002307), <E> = -0.625432 

T=1.950000	 Thermalizing iterations... 
Done.
Thermalized Magnetisation = (0.175174,-0.019954), Energy = -0.734471 
Averaging iterations... h=0.071429,0.000000
Done.
Final: Magnetisation = (0.179558,0.002066), Energy = -0.636543 
<M> = (0.059791,-0.000282), <E> = -0.645613 

T=1.900000	 Thermalizing iterations... 
Done.
Thermalized Magnetisation = (0.117597,0.146666), Energy = -0.643680 
Averaging iterations... h=0.071429,0.000000
Done.
Final: Magnetisation = (0.090505,0.113639), Energy = -0.555384 
<M> = (0.064451,-0.000454), <E> = -0.665106 

T=1.850000	 Thermalizing iterations... 
Done.
Thermalized Magnetisation = (0.143809,-0.100133), Energy = -0.600705 
Averaging iterations... h=0.071429,0.000000
Done.
Final: Magnetisation = (0.166325,0.025036), Energy = -0.663173 
<M> = (0.068956,0.000019), <E> = -0.687333 

T=1.800000	 Thermalizing iterations... 
Done.
Thermalized Magnetisation = (0.174939,0.071463), Energy = -0.735927 
Averaging iterations... h=0.071429,0.000000
Done.
Final: Magnetisation = (-0.016479,-0.045308), Energy = -0.739828 
<M> = (0.075628,-0.001761), <E> = -0.710753 

T=1.750000	 Thermalizing iterations... 
Done.
Thermalized Magnetisation = (0.122847,-0.266093), Energy = -0.860484 
Averaging iterations... h=0.071429,0.000000
Done.
Final: Magnetisation = (0.207739,-0.019126), Energy = -0.772796 
<M> = (0.081893,0.000767), <E> = -0.735600 

T=1.700000	 Thermalizing iterations... 
Done.
Thermalized Magnetisation = (0.137946,-0.118235), Energy = -0.796896 
Averaging iterations... h=0.071429,0.000000
Done.
Final: Magnetisation = (0.087965,-0.046594), Energy = -0.738046 
<M> = (0.089368,0.002117), <E> = -0.762988 

T=1.650000	 Thermalizing iterations... 
Done.
Thermalized Magnetisation = (0.031286,0.096628), Energy = -0.783521 
Averaging iterations... h=0.071429,0.000000
Done.
Final: Magnetisation = (0.152443,0.032305), Energy = -0.844990 
<M> = (0.098812,-0.000467), <E> = -0.792246 

T=1.600000	 Thermalizing iterations... 
Done.
Thermalized Magnetisation = (-0.099298,-0.038732), Energy = -0.806085 
Averaging iterations... h=0.071429,0.000000
Done.
Final: Magnetisation = (0.201183,0.049283), Energy = -0.873570 
<M> = (0.107012,0.002518), <E> = -0.823998 

T=1.550000	 Thermalizing iterations... 
Done.
Thermalized Magnetisation = (0.181703,-0.054298), Energy = -0.862733 
Averaging iterations... h=0.071429,0.000000
Done.
Final: Magnetisation = (0.222864,0.026696), Energy = -0.883562 
<M> = (0.120248,-0.000030), <E> = -0.856672 

T=1.500000	 Thermalizing iterations... 
Done.
Thermalized Magnetisation = (0.221816,-0.135191), Energy = -0.841293 
Averaging iterations... h=0.071429,0.000000
Done.
Final: Magnetisation = (0.250766,0.049681), Energy = -0.940783 
<M> = (0.134617,0.000911), <E> = -0.892313 

T=1.450000	 Thermalizing iterations... 
Done.
Thermalized Magnetisation = (0.044327,0.048365), Energy = -0.920297 
Averaging iterations... h=0.071429,0.000000
Done.
Final: Magnetisation = (0.191156,0.083479), Energy = -0.926963 
<M> = (0.149013,0.002341), <E> = -0.932369 

T=1.400000	 Thermalizing iterations... 
Done.
Thermalized Magnetisation = (0.265368,0.067219), Energy = -0.961607 
Averaging iterations... h=0.071429,0.000000
Done.
Final: Magnetisation = (0.054807,-0.109503), Energy = -0.982721 
<M> = (0.168836,0.000764), <E> = -0.973651 

T=1.350000	 Thermalizing iterations... 
Done.
Thermalized Magnetisation = (0.202505,0.114927), Energy = -1.055679 
Averaging iterations... h=0.071429,0.000000
Done.
Final: Magnetisation = (0.106115,0.012036), Energy = -0.922511 
<M> = (0.189130,0.001296), <E> = -1.019150 

T=1.300000	 Thermalizing iterations... 
Done.
Thermalized Magnetisation = (0.204503,-0.112633), Energy = -1.106787 
Averaging iterations... h=0.071429,0.000000
Done.
Final: Magnetisation = (0.242369,0.116155), Energy = -1.035694 
<M> = (0.213501,-0.000525), <E> = -1.067852 

T=1.250000	 Thermalizing iterations... 
Done.
Thermalized Magnetisation = (0.269918,0.134082), Energy = -1.112333 
Averaging iterations... h=0.071429,0.000000
Done.
Final: Magnetisation = (0.283208,0.041615), Energy = -1.147291 
<M> = (0.248091,-0.000390), <E> = -1.120528 

T=1.200000	 Thermalizing iterations... 
Done.
Thermalized Magnetisation = (0.246899,-0.186516), Energy = -1.218622 
Averaging iterations... h=0.071429,0.000000
Done.
Final: Magnetisation = (0.338589,-0.022224), Energy = -1.182553 
<M> = (0.278608,0.001470), <E> = -1.172670 

T=1.150000	 Thermalizing iterations... 
Done.
Thermalized Magnetisation = (0.358732,-0.150370), Energy = -1.230528 
Averaging iterations... h=0.071429,0.000000
Done.
Final: Magnetisation = (0.382215,0.040107), Energy = -1.236459 
<M> = (0.317633,-0.002649), <E> = -1.230852 

T=1.100000	 Thermalizing iterations... 
Done.
Thermalized Magnetisation = (0.398549,0.001577), Energy = -1.276630 
Averaging iterations... h=0.071429,0.000000
Done.
Final: Magnetisation = (0.410576,0.023201), Energy = -1.292099 
<M> = (0.350648,0.003829), <E> = -1.288394 

T=1.050000	 Thermalizing iterations... 
Done.
Thermalized Magnetisation = (0.504315,-0.024614), Energy = -1.405735 
Averaging iterations... h=0.071429,0.000000
Done.
Final: Magnetisation = (0.324876,0.109815), Energy = -1.380899 
<M> = (0.391289,0.001199), <E> = -1.344955 

T=1.000000	 Thermalizing iterations... 
Done.
Thermalized Magnetisation = (0.478808,-0.263637), Energy = -1.436388 
Averaging iterations... h=0.071429,0.000000
Done.
Final: Magnetisation = (0.284152,-0.001003), Energy = -1.375973 
<M> = (0.434115,0.015977), <E> = -1.401876 

T=0.950000	 Thermalizing iterations... 
Done.
Thermalized Magnetisation = (0.443084,-0.040196), Energy = -1.467775 
Averaging iterations... h=0.071429,0.000000
Done.
Final: Magnetisation = (0.464867,-0.216133), Energy = -1.501114 
<M> = (0.466655,0.034717), <E> = -1.455373 

T=0.900000	 Thermalizing iterations... 
Done.
Thermalized Magnetisation = (0.436134,0.377587), Energy = -1.478344 
Averaging iterations... h=0.071429,0.000000
Done.
Final: Magnetisation = (0.399873,-0.023940), Energy = -1.489989 
<M> = (0.490790,0.038104), <E> = -1.506586 

T=0.850000	 Thermalizing iterations... 
Done.
Thermalized Magnetisation = (0.435309,-0.132858), Energy = -1.547698 
Averaging iterations... h=0.071429,0.000000
Done.
Final: Magnetisation = (0.505927,-0.402751), Energy = -1.590660 
<M> = (0.512370,0.022436), <E> = -1.553361 

T=0.800000	 Thermalizing iterations... 
Done.
Thermalized Magnetisation = (0.512374,-0.276564), Energy = -1.575542 
Averaging iterations... h=0.071429,0.000000
Done.
Final: Magnetisation = (0.544983,0.156142), Energy = -1.617723 
<M> = (0.533945,-0.047021), <E> = -1.594928 

T=0.750000	 Thermalizing iterations... 
Done.
Thermalized Magnetisation = (0.473308,0.151474), Energy = -1.595715 
Averaging iterations... h=0.071429,0.000000
Done.
Final: Magnetisation = (0.582947,0.011472), Energy = -1.627520 
<M> = (0.560629,-0.123739), <E> = -1.636002 

T=0.700000	 Thermalizing iterations... 
Done.
Thermalized Magnetisation = (0.582138,-0.091910), Energy = -1.706812 
Averaging iterations... h=0.071429,0.000000
Done.
Final: Magnetisation = (0.618041,-0.064657), Energy = -1.693512 
<M> = (0.578777,-0.062701), <E> = -1.672676 

T=0.650000	 Thermalizing iterations... 
Done.
Thermalized Magnetisation = (0.596217,0.251305), Energy = -1.707081 
Averaging iterations... h=0.071429,0.000000
Done.
Final: Magnetisation = (0.687335,-0.069918), Energy = -1.697615 
<M> = (0.584745,-0.153470), <E> = -1.707402 

T=0.600000	 Thermalizing iterations... 
Done.
Thermalized Magnetisation = (0.581345,-0.305297), Energy = -1.707068 
Averaging iterations... h=0.071429,0.000000
Done.
Final: Magnetisation = (0.632288,-0.239267), Energy = -1.726414 
<M> = (0.586190,-0.306953), <E> = -1.741098 

T=0.550000	 Thermalizing iterations... 
Done.
Thermalized Magnetisation = (0.647474,-0.017752), Energy = -1.764052 
Averaging iterations... h=0.071429,0.000000
Done.
Final: Magnetisation = (0.497648,-0.489659), Energy = -1.767150 
<M> = (0.574380,-0.414304), <E> = -1.773023 

T=0.500000	 Thermalizing iterations... 
Done.
Thermalized Magnetisation = (0.557500,-0.563571), Energy = -1.799017 
Averaging iterations... h=0.071429,0.000000
Done.
Final: Magnetisation = (0.606878,-0.447230), Energy = -1.819784 
<M> = (0.572242,-0.472469), <E> = -1.804110 

T=0.450000	 Thermalizing iterations... 
Done.
Thermalized Magnetisation = (0.542241,-0.560887), Energy = -1.831532 
Averaging iterations... h=0.071429,0.000000
Done.
Final: Magnetisation = (0.638711,-0.424965), Energy = -1.821581 
<M> = (0.596797,-0.438227), <E> = -1.832699 

T=0.400000	 Thermalizing iterations... 
Done.
Thermalized Magnetisation = (0.622024,-0.470522), Energy = -1.864176 
Averaging iterations... h=0.071429,0.000000
Done.
Final: Magnetisation = (0.557050,-0.569633), Energy = -1.845698 
<M> = (0.579507,-0.518677), <E> = -1.862211 

T=0.350000	 Thermalizing iterations... 
Done.
Thermalized Magnetisation = (0.540924,-0.554119), Energy = -1.901218 
Averaging iterations... h=0.071429,0.000000
Done.
Final: Magnetisation = (0.608566,-0.530370), Energy = -1.883739 
<M> = (0.584313,-0.539988), <E> = -1.890277 

T=0.300000	 Thermalizing iterations... 
Done.
Thermalized Magnetisation = (0.562025,-0.595969), Energy = -1.925125 
Averaging iterations... h=0.071429,0.000000
Done.
Final: Magnetisation = (0.555926,-0.614992), Energy = -1.916493 
<M> = (0.577181,-0.577457), <E> = -1.918350 

T=0.250000	 Thermalizing iterations... 
Done.
Thermalized Magnetisation = (0.627871,-0.529758), Energy = -1.942449 
Averaging iterations... h=0.071429,0.000000
Done.
Final: Magnetisation = (0.492210,-0.658313), Energy = -1.945522 
<M> = (0.576479,-0.606425), <E> = -1.945417 

T=0.200000	 Thermalizing iterations... 
Done.
Thermalized Magnetisation = (0.556073,-0.648028), Energy = -1.977413 
Averaging iterations... h=0.071429,0.000000
Done.
Final: Magnetisation = (0.562802,-0.560897), Energy = -1.971965 
<M> = (0.581639,-0.618839), <E> = -1.972160 

T=0.150000	 Thermalizing iterations... 
Done.
Thermalized Magnetisation = (0.575926,-0.634155), Energy = -2.003297 
Averaging iterations... h=0.071429,0.000000
Done.
Final: Magnetisation = (0.597025,-0.634859), Energy = -1.996317 
<M> = (0.578722,-0.642693), <E> = -1.998361 

T=0.100000	 Thermalizing iterations... 
Done.
Thermalized Magnetisation = (0.572516,-0.665058), Energy = -2.024272 
Averaging iterations... h=0.071429,0.000000
Done.
Final: Magnetisation = (0.579294,-0.658088), Energy = -2.026499 
<M> = (0.581558,-0.660768), <E> = -2.024339 

T=0.050000	 Thermalizing iterations... 
Done.
Thermalized Magnetisation = (0.581470,-0.689484), Energy = -2.050812 
Averaging iterations... h=0.071429,0.000000
Done.
Final: Magnetisation = (0.606791,-0.662115), Energy = -2.049381 
<M> = (0.585451,-0.674282), <E> = -2.049897 
Final Magnetisation = (0.606791,-0.662115), Energy = -2.049381 
------------------------

Updating all (first)black/(then)white checkerboard sites simultaneously.. 

ztne RFXY h rotating with |h|=0.071429 at T=0.000000..
loop 1

loop 2

Cooling protocol time (from T=2.000000 to T=0.000000) = 701.978421 

CPU Time elapsed total = 702.045930 
All done - 702 seconds elapsed.
