+ cd /home/sbasak/Exercises/OpenMP/XY_code/Z2/rotating_field/trial/config/config_79
+ export OMP_NUM_THREADS=28
+ OMP_NUM_THREADS=28
+ ./a_8.out
nearest neighbor initialized. 
h loaded. 
J loaded. 
L = 128, dim_L = 2, dim_S = 2
hysteresis_MCS_multiplier = 10, hysteresis_MCS_max = 100
RAND_MAX = 2147483647.000000,
 sizeof(int) = 4,
 sizeof(long) = 8,
 sizeof(double) = 8,
 sizeof(long int) = 8,
 sizeof(short int) = 2,
 sizeof(unsigned int) = 4,
 sizeof(RAND_MAX) = 4
No. of THREADS = 28
No. of PROCESSORS = 28

0.059625,0.021834
order = ({1.000000-->-1.000000,0.000000}, 0, 1)
Initial Magnetisation = (0.059625,0.021834), Energy = 0.025743 
Cooling... 
T=2.000000	 Thermalizing iterations... 
Done.
Thermalized Magnetisation = (0.051534,-0.015798), Energy = -0.576996 
Averaging iterations... h=0.062500,0.000000
Done.
Final: Magnetisation = (0.053336,-0.019901), Energy = -0.588422 
<M> = (0.057535,0.000002), <E> = -0.613866 

T=1.990000	 Thermalizing iterations... 
Done.
Thermalized Magnetisation = (0.019501,0.024387), Energy = -0.633017 
Averaging iterations... h=0.062500,0.000000
Done.
Final: Magnetisation = (0.037486,0.006682), Energy = -0.659462 
<M> = (0.059518,-0.001403), <E> = -0.618246 

T=1.980000	 Thermalizing iterations... 
Done.
Thermalized Magnetisation = (0.041983,0.008175), Energy = -0.644998 
Averaging iterations... h=0.062500,0.000000
Done.
Final: Magnetisation = (0.081975,0.016820), Energy = -0.616389 
<M> = (0.059427,-0.001076), <E> = -0.622341 

T=1.970000	 Thermalizing iterations... 
Done.
Thermalized Magnetisation = (0.044703,0.020720), Energy = -0.628029 
Averaging iterations... h=0.062500,0.000000
Done.
Final: Magnetisation = (0.030399,-0.052087), Energy = -0.608266 
<M> = (0.060591,-0.002110), <E> = -0.626663 

T=1.960000	 Thermalizing iterations... 
Done.
Thermalized Magnetisation = (0.066786,-0.013867), Energy = -0.661815 
Averaging iterations... h=0.062500,0.000000
Done.
Final: Magnetisation = (0.057118,0.010720), Energy = -0.627155 
<M> = (0.062156,-0.000722), <E> = -0.629965 

T=1.950000	 Thermalizing iterations... 
Done.
Thermalized Magnetisation = (0.061048,0.014042), Energy = -0.640903 
Averaging iterations... h=0.062500,0.000000
Done.
Final: Magnetisation = (0.128075,-0.004257), Energy = -0.659854 
<M> = (0.063720,-0.000386), <E> = -0.633405 

T=1.940000	 Thermalizing iterations... 
Done.
Thermalized Magnetisation = (0.110299,-0.006507), Energy = -0.636775 
Averaging iterations... h=0.062500,0.000000
Done.
Final: Magnetisation = (0.103743,0.021470), Energy = -0.627417 
<M> = (0.063188,0.000334), <E> = -0.636712 

T=1.930000	 Thermalizing iterations... 
Done.
Thermalized Magnetisation = (0.068407,-0.018569), Energy = -0.660710 
Averaging iterations... h=0.062500,0.000000
Done.
Final: Magnetisation = (0.000047,0.011586), Energy = -0.613103 
<M> = (0.063346,0.000179), <E> = -0.640017 

T=1.920000	 Thermalizing iterations... 
Done.
Thermalized Magnetisation = (0.036363,0.040576), Energy = -0.678482 
Averaging iterations... h=0.062500,0.000000
Done.
Final: Magnetisation = (0.068216,-0.020461), Energy = -0.644971 
<M> = (0.064909,-0.001662), <E> = -0.644802 

T=1.910000	 Thermalizing iterations... 
Done.
Thermalized Magnetisation = (0.022620,0.004655), Energy = -0.647631 
Averaging iterations... h=0.062500,0.000000
Done.
Final: Magnetisation = (0.043456,-0.023572), Energy = -0.695563 
<M> = (0.065848,-0.000998), <E> = -0.649066 

T=1.900000	 Thermalizing iterations... 
Done.
Thermalized Magnetisation = (0.133438,0.100705), Energy = -0.671126 
Averaging iterations... h=0.062500,0.000000
Done.
Final: Magnetisation = (0.010732,-0.013903), Energy = -0.630821 
<M> = (0.067139,-0.002605), <E> = -0.653382 

T=1.890000	 Thermalizing iterations... 
Done.
Thermalized Magnetisation = (0.010647,0.020916), Energy = -0.662807 
Averaging iterations... h=0.062500,0.000000
Done.
Final: Magnetisation = (0.029578,0.020846), Energy = -0.638063 
<M> = (0.068069,-0.002907), <E> = -0.657574 

T=1.880000	 Thermalizing iterations... 
Done.
Thermalized Magnetisation = (0.062830,-0.024871), Energy = -0.666468 
Averaging iterations... h=0.062500,0.000000
Done.
Final: Magnetisation = (0.025500,0.017275), Energy = -0.671064 
<M> = (0.069660,-0.001409), <E> = -0.661697 

T=1.870000	 Thermalizing iterations... 
Done.
Thermalized Magnetisation = (0.038349,0.015391), Energy = -0.648580 
Averaging iterations... h=0.062500,0.000000
Done.
Final: Magnetisation = (0.085329,0.001828), Energy = -0.656235 
<M> = (0.070684,0.002366), <E> = -0.665052 

T=1.860000	 Thermalizing iterations... 
Done.
Thermalized Magnetisation = (0.024876,0.035414), Energy = -0.617256 
Averaging iterations... h=0.062500,0.000000
Done.
Final: Magnetisation = (0.104762,-0.038548), Energy = -0.661294 
<M> = (0.070526,-0.000557), <E> = -0.669087 

T=1.850000	 Thermalizing iterations... 
Done.
Thermalized Magnetisation = (0.050653,0.091732), Energy = -0.654999 
Averaging iterations... h=0.062500,0.000000
Done.
Final: Magnetisation = (0.111916,-0.022460), Energy = -0.711194 
<M> = (0.071485,-0.000365), <E> = -0.673679 

T=1.840000	 Thermalizing iterations... 
Done.
Thermalized Magnetisation = (0.064407,0.015566), Energy = -0.667095 
Averaging iterations... h=0.062500,0.000000
Done.
Final: Magnetisation = (0.096808,-0.014692), Energy = -0.721259 
<M> = (0.074487,-0.001573), <E> = -0.678634 

T=1.830000	 Thermalizing iterations... 
Done.
Thermalized Magnetisation = (0.123345,-0.008839), Energy = -0.670350 
Averaging iterations... h=0.062500,0.000000
Done.
Final: Magnetisation = (0.061217,0.045370), Energy = -0.667360 
<M> = (0.073945,-0.002597), <E> = -0.682933 

T=1.820000	 Thermalizing iterations... 
Done.
Thermalized Magnetisation = (0.067271,0.027941), Energy = -0.700772 
Averaging iterations... h=0.062500,0.000000
Done.
Final: Magnetisation = (0.090352,-0.020083), Energy = -0.672296 
<M> = (0.075877,-0.002439), <E> = -0.688204 

T=1.810000	 Thermalizing iterations... 
Done.
Thermalized Magnetisation = (0.067511,0.028498), Energy = -0.695432 
Averaging iterations... h=0.062500,0.000000
Done.
Final: Magnetisation = (0.065465,0.039600), Energy = -0.673374 
<M> = (0.079359,-0.001845), <E> = -0.692679 

T=1.800000	 Thermalizing iterations... 
Done.
Thermalized Magnetisation = (0.041414,-0.006917), Energy = -0.677918 
Averaging iterations... h=0.062500,0.000000
Done.
Final: Magnetisation = (0.090253,0.042675), Energy = -0.743031 
<M> = (0.080251,-0.000236), <E> = -0.696721 

T=1.790000	 Thermalizing iterations... 
Done.
Thermalized Magnetisation = (0.088324,-0.041787), Energy = -0.705773 
Averaging iterations... h=0.062500,0.000000
Done.
Final: Magnetisation = (0.031962,-0.066537), Energy = -0.696667 
<M> = (0.079486,0.000247), <E> = -0.700764 

T=1.780000	 Thermalizing iterations... 
Done.
Thermalized Magnetisation = (0.089248,-0.015841), Energy = -0.720669 
Averaging iterations... h=0.062500,0.000000
Done.
Final: Magnetisation = (0.097194,0.003829), Energy = -0.695832 
<M> = (0.080198,0.000785), <E> = -0.705565 

T=1.770000	 Thermalizing iterations... 
Done.
Thermalized Magnetisation = (0.105284,0.027003), Energy = -0.718907 
Averaging iterations... h=0.062500,0.000000
Done.
Final: Magnetisation = (0.078608,0.080261), Energy = -0.708020 
<M> = (0.083026,-0.003015), <E> = -0.710791 

T=1.760000	 Thermalizing iterations... 
Done.
Thermalized Magnetisation = (0.084597,0.019816), Energy = -0.751225 
Averaging iterations... h=0.062500,0.000000
Done.
Final: Magnetisation = (0.132708,-0.033160), Energy = -0.732510 
<M> = (0.084445,-0.000686), <E> = -0.716394 

T=1.750000	 Thermalizing iterations... 
Done.
Thermalized Magnetisation = (0.063402,0.003847), Energy = -0.709610 
Averaging iterations... h=0.062500,0.000000
Done.
Final: Magnetisation = (0.150228,-0.019027), Energy = -0.718113 
<M> = (0.084353,-0.003774), <E> = -0.721318 

T=1.740000	 Thermalizing iterations... 
Done.
Thermalized Magnetisation = (0.111883,0.013426), Energy = -0.706511 
Averaging iterations... h=0.062500,0.000000
Done.
Final: Magnetisation = (0.097540,-0.006481), Energy = -0.732849 
<M> = (0.087396,-0.002453), <E> = -0.726587 

T=1.730000	 Thermalizing iterations... 
Done.
Thermalized Magnetisation = (0.118357,-0.023047), Energy = -0.748381 
Averaging iterations... h=0.062500,0.000000
Done.
Final: Magnetisation = (0.035942,-0.049926), Energy = -0.729922 
<M> = (0.090654,-0.001365), <E> = -0.731676 

T=1.720000	 Thermalizing iterations... 
Done.
Thermalized Magnetisation = (0.089678,-0.066139), Energy = -0.730918 
Averaging iterations... h=0.062500,0.000000
Done.
Final: Magnetisation = (0.108603,0.028948), Energy = -0.742880 
<M> = (0.090071,0.000357), <E> = -0.735849 

T=1.710000	 Thermalizing iterations... 
Done.
Thermalized Magnetisation = (0.117459,-0.053149), Energy = -0.788486 
Averaging iterations... h=0.062500,0.000000
Done.
Final: Magnetisation = (0.132671,-0.025774), Energy = -0.759919 
<M> = (0.091866,-0.000750), <E> = -0.741019 

T=1.700000	 Thermalizing iterations... 
Done.
Thermalized Magnetisation = (0.116808,0.015380), Energy = -0.754181 
Averaging iterations... h=0.062500,0.000000
Done.
Final: Magnetisation = (0.117149,0.022760), Energy = -0.751643 
<M> = (0.093459,-0.000304), <E> = -0.746839 

T=1.690000	 Thermalizing iterations... 
Done.
Thermalized Magnetisation = (0.027253,0.022888), Energy = -0.761876 
Averaging iterations... h=0.062500,0.000000
Done.
Final: Magnetisation = (0.112073,-0.066163), Energy = -0.751732 
<M> = (0.095857,-0.000824), <E> = -0.752100 

T=1.680000	 Thermalizing iterations... 
Done.
Thermalized Magnetisation = (0.051131,-0.018836), Energy = -0.743466 
Averaging iterations... h=0.062500,0.000000
Done.
Final: Magnetisation = (0.092072,-0.114154), Energy = -0.758908 
<M> = (0.097056,-0.003175), <E> = -0.758825 

T=1.670000	 Thermalizing iterations... 
Done.
Thermalized Magnetisation = (0.055491,-0.002074), Energy = -0.757732 
Averaging iterations... h=0.062500,0.000000
Done.
Final: Magnetisation = (0.120819,-0.081788), Energy = -0.792914 
<M> = (0.099115,-0.001718), <E> = -0.764309 

T=1.660000	 Thermalizing iterations... 
Done.
Thermalized Magnetisation = (0.037913,0.002029), Energy = -0.769609 
Averaging iterations... h=0.062500,0.000000
Done.
Final: Magnetisation = (0.143109,-0.040448), Energy = -0.788305 
<M> = (0.102407,-0.002458), <E> = -0.769835 

T=1.650000	 Thermalizing iterations... 
Done.
Thermalized Magnetisation = (0.110472,-0.020739), Energy = -0.741902 
Averaging iterations... h=0.062500,0.000000
Done.
Final: Magnetisation = (0.051937,0.058072), Energy = -0.761096 
<M> = (0.105168,0.000856), <E> = -0.774876 

T=1.640000	 Thermalizing iterations... 
Done.
Thermalized Magnetisation = (0.137532,0.050083), Energy = -0.809896 
Averaging iterations... h=0.062500,0.000000
Done.
Final: Magnetisation = (0.155047,-0.045194), Energy = -0.788452 
<M> = (0.105308,0.001604), <E> = -0.780482 

T=1.630000	 Thermalizing iterations... 
Done.
Thermalized Magnetisation = (0.089863,0.023754), Energy = -0.801571 
Averaging iterations... h=0.062500,0.000000
Done.
Final: Magnetisation = (0.123655,0.011827), Energy = -0.731046 
<M> = (0.107241,0.000478), <E> = -0.786085 

T=1.620000	 Thermalizing iterations... 
Done.
Thermalized Magnetisation = (0.117011,-0.069756), Energy = -0.792042 
Averaging iterations... h=0.062500,0.000000
Done.
Final: Magnetisation = (0.155703,-0.037013), Energy = -0.776385 
<M> = (0.110597,-0.001063), <E> = -0.792833 

T=1.610000	 Thermalizing iterations... 
Done.
Thermalized Magnetisation = (0.131060,0.036670), Energy = -0.808298 
Averaging iterations... h=0.062500,0.000000
Done.
Final: Magnetisation = (0.112305,0.083295), Energy = -0.827455 
<M> = (0.111551,-0.002789), <E> = -0.799567 

T=1.600000	 Thermalizing iterations... 
Done.
Thermalized Magnetisation = (0.127286,-0.032892), Energy = -0.836217 
Averaging iterations... h=0.062500,0.000000
Done.
Final: Magnetisation = (0.049719,-0.014647), Energy = -0.765298 
<M> = (0.114015,-0.003892), <E> = -0.806299 

T=1.590000	 Thermalizing iterations... 
Done.
Thermalized Magnetisation = (0.079792,0.031142), Energy = -0.800065 
Averaging iterations... h=0.062500,0.000000
Done.
Final: Magnetisation = (0.035968,0.028444), Energy = -0.796827 
<M> = (0.116167,-0.002738), <E> = -0.812126 

T=1.580000	 Thermalizing iterations... 
Done.
Thermalized Magnetisation = (0.115507,0.013991), Energy = -0.791785 
Averaging iterations... h=0.062500,0.000000
Done.
Final: Magnetisation = (0.113891,-0.043623), Energy = -0.873790 
<M> = (0.120655,0.000066), <E> = -0.818686 

T=1.570000	 Thermalizing iterations... 
Done.
Thermalized Magnetisation = (0.110215,0.025717), Energy = -0.843949 
Averaging iterations... h=0.062500,0.000000
Done.
Final: Magnetisation = (0.118807,0.009414), Energy = -0.815975 
<M> = (0.121834,-0.000104), <E> = -0.824407 

T=1.560000	 Thermalizing iterations... 
Done.
Thermalized Magnetisation = (0.173285,-0.033709), Energy = -0.878469 
Averaging iterations... h=0.062500,0.000000
Done.
Final: Magnetisation = (0.091441,-0.009418), Energy = -0.817862 
<M> = (0.124960,0.000374), <E> = -0.830305 

T=1.550000	 Thermalizing iterations... 
Done.
Thermalized Magnetisation = (0.061155,-0.006883), Energy = -0.767820 
Averaging iterations... h=0.062500,0.000000
Done.
Final: Magnetisation = (0.094027,0.022702), Energy = -0.813497 
<M> = (0.127307,0.000836), <E> = -0.837769 

T=1.540000	 Thermalizing iterations... 
Done.
Thermalized Magnetisation = (0.111836,0.081374), Energy = -0.843226 
Averaging iterations... h=0.062500,0.000000
Done.
Final: Magnetisation = (0.100076,-0.083991), Energy = -0.858564 
<M> = (0.130788,-0.002216), <E> = -0.845182 

T=1.530000	 Thermalizing iterations... 
Done.
Thermalized Magnetisation = (0.177388,0.012395), Energy = -0.890322 
Averaging iterations... h=0.062500,0.000000
Done.
Final: Magnetisation = (0.149803,0.014964), Energy = -0.858888 
<M> = (0.132968,-0.003076), <E> = -0.852777 

T=1.520000	 Thermalizing iterations... 
Done.
Thermalized Magnetisation = (0.182009,0.074354), Energy = -0.878452 
Averaging iterations... h=0.062500,0.000000
Done.
Final: Magnetisation = (0.116264,-0.048678), Energy = -0.852965 
<M> = (0.136681,-0.003386), <E> = -0.860418 

T=1.510000	 Thermalizing iterations... 
Done.
Thermalized Magnetisation = (0.146755,-0.001743), Energy = -0.905468 
Averaging iterations... h=0.062500,0.000000
Done.
Final: Magnetisation = (0.131762,-0.004521), Energy = -0.853851 
<M> = (0.143105,-0.001327), <E> = -0.867829 

T=1.500000	 Thermalizing iterations... 
Done.
Thermalized Magnetisation = (0.172464,-0.083594), Energy = -0.881429 
Averaging iterations... h=0.062500,0.000000
Done.
Final: Magnetisation = (0.121574,-0.077569), Energy = -0.860621 
<M> = (0.145658,0.001499), <E> = -0.873819 

T=1.490000	 Thermalizing iterations... 
Done.
Thermalized Magnetisation = (0.169998,0.024605), Energy = -0.873675 
Averaging iterations... h=0.062500,0.000000
Done.
Final: Magnetisation = (0.116465,0.100363), Energy = -0.866340 
<M> = (0.145994,0.002053), <E> = -0.880982 

T=1.480000	 Thermalizing iterations... 
Done.
Thermalized Magnetisation = (0.154604,-0.029486), Energy = -0.874562 
Averaging iterations... h=0.062500,0.000000
Done.
Final: Magnetisation = (0.158631,-0.031951), Energy = -0.883766 
<M> = (0.147499,0.000555), <E> = -0.888166 

T=1.470000	 Thermalizing iterations... 
Done.
Thermalized Magnetisation = (0.192542,0.011606), Energy = -0.908371 
Averaging iterations... h=0.062500,0.000000
Done.
Final: Magnetisation = (0.183777,-0.034256), Energy = -0.912902 
<M> = (0.154537,-0.000497), <E> = -0.897605 

T=1.460000	 Thermalizing iterations... 
Done.
Thermalized Magnetisation = (0.167311,0.074667), Energy = -0.901211 
Averaging iterations... h=0.062500,0.000000
Done.
Final: Magnetisation = (0.152486,0.019556), Energy = -0.881902 
<M> = (0.156568,-0.002117), <E> = -0.905420 

T=1.450000	 Thermalizing iterations... 
Done.
Thermalized Magnetisation = (0.148420,0.011977), Energy = -0.929790 
Averaging iterations... h=0.062500,0.000000
Done.
Final: Magnetisation = (0.114738,0.006501), Energy = -0.902105 
<M> = (0.161528,-0.005205), <E> = -0.914116 

T=1.440000	 Thermalizing iterations... 
Done.
Thermalized Magnetisation = (0.183318,-0.068339), Energy = -0.955020 
Averaging iterations... h=0.062500,0.000000
Done.
Final: Magnetisation = (0.199267,-0.028941), Energy = -0.949581 
<M> = (0.167146,-0.004792), <E> = -0.922528 

T=1.430000	 Thermalizing iterations... 
Done.
Thermalized Magnetisation = (0.147778,-0.056751), Energy = -0.953759 
Averaging iterations... h=0.062500,0.000000
Done.
Final: Magnetisation = (0.156142,0.039762), Energy = -0.955082 
<M> = (0.171341,-0.000909), <E> = -0.929270 

T=1.420000	 Thermalizing iterations... 
Done.
Thermalized Magnetisation = (0.266546,0.033335), Energy = -0.974630 
Averaging iterations... h=0.062500,0.000000
Done.
Final: Magnetisation = (0.165459,-0.038780), Energy = -0.938137 
<M> = (0.174342,0.000751), <E> = -0.937975 

T=1.410000	 Thermalizing iterations... 
Done.
Thermalized Magnetisation = (0.166969,-0.001401), Energy = -0.947309 
Averaging iterations... h=0.062500,0.000000
Done.
Final: Magnetisation = (0.156780,0.002220), Energy = -0.963372 
<M> = (0.177473,0.003259), <E> = -0.945322 

T=1.400000	 Thermalizing iterations... 
Done.
Thermalized Magnetisation = (0.164214,-0.027132), Energy = -0.934899 
Averaging iterations... h=0.062500,0.000000
Done.
Final: Magnetisation = (0.178847,0.096920), Energy = -0.922324 
<M> = (0.183509,-0.002361), <E> = -0.955640 

T=1.390000	 Thermalizing iterations... 
Done.
Thermalized Magnetisation = (0.162370,0.002417), Energy = -0.972066 
Averaging iterations... h=0.062500,0.000000
Done.
Final: Magnetisation = (0.191356,-0.032791), Energy = -0.978546 
<M> = (0.186744,-0.004243), <E> = -0.965036 

T=1.380000	 Thermalizing iterations... 
Done.
Thermalized Magnetisation = (0.198759,-0.029220), Energy = -0.951156 
Averaging iterations... h=0.062500,0.000000
Done.
Final: Magnetisation = (0.185059,-0.041573), Energy = -0.928948 
<M> = (0.192482,-0.008110), <E> = -0.974144 

T=1.370000	 Thermalizing iterations... 
Done.
Thermalized Magnetisation = (0.142673,-0.062971), Energy = -0.948291 
Averaging iterations... h=0.062500,0.000000
Done.
Final: Magnetisation = (0.147046,-0.027889), Energy = -0.937296 
<M> = (0.195172,-0.006339), <E> = -0.982941 

T=1.360000	 Thermalizing iterations... 
Done.
Thermalized Magnetisation = (0.193481,-0.003651), Energy = -1.023336 
Averaging iterations... h=0.062500,0.000000
Done.
Final: Magnetisation = (0.279614,0.089545), Energy = -1.040488 
<M> = (0.205160,-0.002920), <E> = -0.992789 

T=1.350000	 Thermalizing iterations... 
Done.
Thermalized Magnetisation = (0.222945,0.114991), Energy = -0.989001 
Averaging iterations... h=0.062500,0.000000
Done.
Final: Magnetisation = (0.168536,0.058366), Energy = -0.989316 
<M> = (0.211748,0.004304), <E> = -1.001526 

T=1.340000	 Thermalizing iterations... 
Done.
Thermalized Magnetisation = (0.272806,0.012806), Energy = -1.070583 
Averaging iterations... h=0.062500,0.000000
Done.
Final: Magnetisation = (0.231451,-0.060564), Energy = -1.043193 
<M> = (0.211862,0.000174), <E> = -1.009949 

T=1.330000	 Thermalizing iterations... 
Done.
Thermalized Magnetisation = (0.271478,0.016499), Energy = -1.060013 
Averaging iterations... h=0.062500,0.000000
Done.
Final: Magnetisation = (0.242774,-0.062060), Energy = -1.041530 
<M> = (0.216954,0.000076), <E> = -1.020226 

T=1.320000	 Thermalizing iterations... 
Done.
Thermalized Magnetisation = (0.217516,-0.007277), Energy = -1.028488 
Averaging iterations... h=0.062500,0.000000
Done.
Final: Magnetisation = (0.216730,-0.041516), Energy = -0.988017 
<M> = (0.226243,-0.001830), <E> = -1.031613 

T=1.310000	 Thermalizing iterations... 
Done.
Thermalized Magnetisation = (0.295999,-0.020235), Energy = -1.089194 
Averaging iterations... h=0.062500,0.000000
Done.
Final: Magnetisation = (0.204147,0.026408), Energy = -1.056390 
<M> = (0.233524,-0.007591), <E> = -1.042167 

T=1.300000	 Thermalizing iterations... 
Done.
Thermalized Magnetisation = (0.228238,0.002789), Energy = -1.050177 
Averaging iterations... h=0.062500,0.000000
Done.
Final: Magnetisation = (0.264855,0.011820), Energy = -1.116892 
<M> = (0.237149,-0.005604), <E> = -1.051693 

T=1.290000	 Thermalizing iterations... 
Done.
Thermalized Magnetisation = (0.256450,-0.024806), Energy = -1.053688 
Averaging iterations... h=0.062500,0.000000
Done.
Final: Magnetisation = (0.261914,-0.028180), Energy = -1.056969 
<M> = (0.246244,-0.006908), <E> = -1.063611 

T=1.280000	 Thermalizing iterations... 
Done.
Thermalized Magnetisation = (0.237583,0.017509), Energy = -1.074269 
Averaging iterations... h=0.062500,0.000000
Done.
Final: Magnetisation = (0.245301,-0.046900), Energy = -1.085396 
<M> = (0.251065,-0.001095), <E> = -1.072691 

T=1.270000	 Thermalizing iterations... 
Done.
Thermalized Magnetisation = (0.234100,0.046106), Energy = -1.051591 
Averaging iterations... h=0.062500,0.000000
Done.
Final: Magnetisation = (0.238175,0.022932), Energy = -1.087209 
<M> = (0.257015,-0.002061), <E> = -1.082083 

T=1.260000	 Thermalizing iterations... 
Done.
Thermalized Magnetisation = (0.201193,0.013510), Energy = -1.071720 
Averaging iterations... h=0.062500,0.000000
Done.
Final: Magnetisation = (0.250196,-0.061239), Energy = -1.094571 
<M> = (0.264332,0.001769), <E> = -1.092886 

T=1.250000	 Thermalizing iterations... 
Done.
Thermalized Magnetisation = (0.254446,-0.072088), Energy = -1.145557 
Averaging iterations... h=0.062500,0.000000
Done.
Final: Magnetisation = (0.213035,0.056110), Energy = -1.086458 
<M> = (0.273268,-0.010702), <E> = -1.104755 

T=1.240000	 Thermalizing iterations... 
Done.
Thermalized Magnetisation = (0.305284,-0.012999), Energy = -1.149307 
Averaging iterations... h=0.062500,0.000000
Done.
Final: Magnetisation = (0.200335,-0.034471), Energy = -1.075794 
<M> = (0.279086,-0.001620), <E> = -1.116356 

T=1.230000	 Thermalizing iterations... 
Done.
Thermalized Magnetisation = (0.305160,0.123489), Energy = -1.135856 
Averaging iterations... h=0.062500,0.000000
Done.
Final: Magnetisation = (0.244406,-0.110880), Energy = -1.058662 
<M> = (0.284461,-0.012470), <E> = -1.128101 

T=1.220000	 Thermalizing iterations... 
Done.
Thermalized Magnetisation = (0.275196,-0.048490), Energy = -1.112659 
Averaging iterations... h=0.062500,0.000000
Done.
Final: Magnetisation = (0.302390,-0.032678), Energy = -1.143345 
<M> = (0.291717,-0.009391), <E> = -1.138588 

T=1.210000	 Thermalizing iterations... 
Done.
Thermalized Magnetisation = (0.253903,0.033927), Energy = -1.094269 
Averaging iterations... h=0.062500,0.000000
Done.
Final: Magnetisation = (0.259736,-0.011262), Energy = -1.149736 
<M> = (0.304180,-0.006875), <E> = -1.151002 

T=1.200000	 Thermalizing iterations... 
Done.
Thermalized Magnetisation = (0.409714,-0.059819), Energy = -1.186593 
Averaging iterations... h=0.062500,0.000000
Done.
Final: Magnetisation = (0.303795,0.062497), Energy = -1.176574 
<M> = (0.310309,0.010102), <E> = -1.160954 

T=1.190000	 Thermalizing iterations... 
Done.
Thermalized Magnetisation = (0.336266,-0.008574), Energy = -1.148531 
Averaging iterations... h=0.062500,0.000000
Done.
Final: Magnetisation = (0.275974,-0.122959), Energy = -1.178159 
<M> = (0.318483,0.003263), <E> = -1.172180 

T=1.180000	 Thermalizing iterations... 
Done.
Thermalized Magnetisation = (0.298916,-0.121711), Energy = -1.170838 
Averaging iterations... h=0.062500,0.000000
Done.
Final: Magnetisation = (0.316779,0.032946), Energy = -1.147234 
<M> = (0.329301,0.002519), <E> = -1.185333 

T=1.170000	 Thermalizing iterations... 
Done.
Thermalized Magnetisation = (0.301105,0.092427), Energy = -1.202396 
Averaging iterations... h=0.062500,0.000000
Done.
Final: Magnetisation = (0.293861,0.167622), Energy = -1.179685 
<M> = (0.336895,0.000764), <E> = -1.197792 

T=1.160000	 Thermalizing iterations... 
Done.
Thermalized Magnetisation = (0.388475,-0.124580), Energy = -1.246668 
Averaging iterations... h=0.062500,0.000000
Done.
Final: Magnetisation = (0.350311,-0.095798), Energy = -1.185421 
<M> = (0.345547,-0.010979), <E> = -1.210962 

T=1.150000	 Thermalizing iterations... 
Done.
Thermalized Magnetisation = (0.348155,-0.113112), Energy = -1.276457 
Averaging iterations... h=0.062500,0.000000
Done.
Final: Magnetisation = (0.342402,0.061772), Energy = -1.213448 
<M> = (0.348977,-0.008331), <E> = -1.222247 

T=1.140000	 Thermalizing iterations... 
Done.
Thermalized Magnetisation = (0.335125,-0.081162), Energy = -1.229976 
Averaging iterations... h=0.062500,0.000000
Done.
Final: Magnetisation = (0.378844,-0.056289), Energy = -1.239045 
<M> = (0.362333,-0.011983), <E> = -1.235231 

T=1.130000	 Thermalizing iterations... 
Done.
Thermalized Magnetisation = (0.291217,0.099553), Energy = -1.210725 
Averaging iterations... h=0.062500,0.000000
Done.
Final: Magnetisation = (0.342645,0.073445), Energy = -1.238363 
<M> = (0.370454,-0.002901), <E> = -1.246482 

T=1.120000	 Thermalizing iterations... 
Done.
Thermalized Magnetisation = (0.343118,0.031789), Energy = -1.252737 
Averaging iterations... h=0.062500,0.000000
Done.
Final: Magnetisation = (0.359033,-0.157128), Energy = -1.259460 
<M> = (0.379076,0.002979), <E> = -1.257658 

T=1.110000	 Thermalizing iterations... 
Done.
Thermalized Magnetisation = (0.436722,-0.105290), Energy = -1.278315 
Averaging iterations... h=0.062500,0.000000
Done.
Final: Magnetisation = (0.401785,0.041399), Energy = -1.266687 
<M> = (0.388260,0.003780), <E> = -1.268735 

T=1.100000	 Thermalizing iterations... 
Done.
Thermalized Magnetisation = (0.379448,-0.129648), Energy = -1.303040 
Averaging iterations... h=0.062500,0.000000
Done.
Final: Magnetisation = (0.392517,0.033655), Energy = -1.296118 
<M> = (0.395421,-0.002793), <E> = -1.282760 

T=1.090000	 Thermalizing iterations... 
Done.
Thermalized Magnetisation = (0.411649,-0.076888), Energy = -1.317273 
Averaging iterations... h=0.062500,0.000000
Done.
Final: Magnetisation = (0.335711,0.037013), Energy = -1.279690 
<M> = (0.403038,-0.009438), <E> = -1.294874 

T=1.080000	 Thermalizing iterations... 
Done.
Thermalized Magnetisation = (0.412817,-0.030349), Energy = -1.291010 
Averaging iterations... h=0.062500,0.000000
Done.
Final: Magnetisation = (0.418488,0.040043), Energy = -1.302244 
<M> = (0.412939,-0.032807), <E> = -1.307801 

T=1.070000	 Thermalizing iterations... 
Done.
Thermalized Magnetisation = (0.440233,0.032400), Energy = -1.338903 
Averaging iterations... h=0.062500,0.000000
Done.
Final: Magnetisation = (0.432032,0.032824), Energy = -1.310081 
<M> = (0.421637,-0.037119), <E> = -1.320072 

T=1.060000	 Thermalizing iterations... 
Done.
Thermalized Magnetisation = (0.401750,0.002582), Energy = -1.325538 
Averaging iterations... h=0.062500,0.000000
Done.
Final: Magnetisation = (0.462157,-0.161180), Energy = -1.349230 
<M> = (0.431771,-0.019201), <E> = -1.332403 

T=1.050000	 Thermalizing iterations... 
Done.
Thermalized Magnetisation = (0.465488,-0.114154), Energy = -1.369044 
Averaging iterations... h=0.062500,0.000000
Done.
Final: Magnetisation = (0.406578,-0.004535), Energy = -1.321874 
<M> = (0.443107,-0.017377), <E> = -1.343552 

T=1.040000	 Thermalizing iterations... 
Done.
Thermalized Magnetisation = (0.408136,0.020557), Energy = -1.328562 
Averaging iterations... h=0.062500,0.000000
Done.
Final: Magnetisation = (0.398111,-0.075974), Energy = -1.329036 
<M> = (0.443119,0.010610), <E> = -1.353409 

T=1.030000	 Thermalizing iterations... 
Done.
Thermalized Magnetisation = (0.427338,-0.065573), Energy = -1.328451 
Averaging iterations... h=0.062500,0.000000
Done.
Final: Magnetisation = (0.432989,0.017413), Energy = -1.381046 
<M> = (0.454618,0.002697), <E> = -1.366325 

T=1.020000	 Thermalizing iterations... 
Done.
Thermalized Magnetisation = (0.464596,0.022019), Energy = -1.358419 
Averaging iterations... h=0.062500,0.000000
Done.
Final: Magnetisation = (0.450476,0.066038), Energy = -1.391979 
<M> = (0.461448,-0.014338), <E> = -1.378190 

T=1.010000	 Thermalizing iterations... 
Done.
Thermalized Magnetisation = (0.424307,0.103430), Energy = -1.370823 
Averaging iterations... h=0.062500,0.000000
Done.
Final: Magnetisation = (0.502238,-0.033668), Energy = -1.399601 
<M> = (0.467911,-0.050977), <E> = -1.391219 

T=1.000000	 Thermalizing iterations... 
Done.
Thermalized Magnetisation = (0.463207,-0.174638), Energy = -1.417757 
Averaging iterations... h=0.062500,0.000000
Done.
Final: Magnetisation = (0.488322,0.087479), Energy = -1.430919 
<M> = (0.476960,-0.033853), <E> = -1.402182 

T=0.990000	 Thermalizing iterations... 
Done.
Thermalized Magnetisation = (0.447160,-0.065513), Energy = -1.414179 
Averaging iterations... h=0.062500,0.000000
Done.
Final: Magnetisation = (0.515240,-0.095179), Energy = -1.395227 
<M> = (0.490155,-0.049235), <E> = -1.414686 

T=0.980000	 Thermalizing iterations... 
Done.
Thermalized Magnetisation = (0.488194,0.133344), Energy = -1.402124 
Averaging iterations... h=0.062500,0.000000
Done.
Final: Magnetisation = (0.533337,-0.059738), Energy = -1.426066 
<M> = (0.494540,-0.015469), <E> = -1.424494 

T=0.970000	 Thermalizing iterations... 
Done.
Thermalized Magnetisation = (0.489020,0.001252), Energy = -1.396294 
Averaging iterations... h=0.062500,0.000000
Done.
Final: Magnetisation = (0.474745,0.081781), Energy = -1.430434 
<M> = (0.503316,0.004655), <E> = -1.435894 

T=0.960000	 Thermalizing iterations... 
Done.
Thermalized Magnetisation = (0.507846,-0.044650), Energy = -1.444861 
Averaging iterations... h=0.062500,0.000000
Done.
Final: Magnetisation = (0.534720,0.139057), Energy = -1.444241 
<M> = (0.504371,0.022825), <E> = -1.445907 

T=0.950000	 Thermalizing iterations... 
Done.
Thermalized Magnetisation = (0.511288,-0.160232), Energy = -1.449293 
Averaging iterations... h=0.062500,0.000000
Done.
Final: Magnetisation = (0.520296,-0.017349), Energy = -1.453771 
<M> = (0.511550,-0.001151), <E> = -1.456701 

T=0.940000	 Thermalizing iterations... 
Done.
Thermalized Magnetisation = (0.537415,0.045758), Energy = -1.493859 
Averaging iterations... h=0.062500,0.000000
Done.
Final: Magnetisation = (0.528737,0.009912), Energy = -1.478739 
<M> = (0.521404,-0.021178), <E> = -1.467669 

T=0.930000	 Thermalizing iterations... 
Done.
Thermalized Magnetisation = (0.515795,0.194312), Energy = -1.460384 
Averaging iterations... h=0.062500,0.000000
Done.
Final: Magnetisation = (0.525846,-0.037649), Energy = -1.464604 
<M> = (0.523990,-0.079143), <E> = -1.477964 

T=0.920000	 Thermalizing iterations... 
Done.
Thermalized Magnetisation = (0.571711,-0.085672), Energy = -1.507807 
Averaging iterations... h=0.062500,0.000000
Done.
Final: Magnetisation = (0.499691,-0.130506), Energy = -1.482573 
<M> = (0.534183,-0.038479), <E> = -1.488723 

T=0.910000	 Thermalizing iterations... 
Done.
Thermalized Magnetisation = (0.536492,-0.098967), Energy = -1.499476 
Averaging iterations... h=0.062500,0.000000
Done.
Final: Magnetisation = (0.545107,0.117572), Energy = -1.514680 
<M> = (0.540271,0.054014), <E> = -1.498829 

T=0.900000	 Thermalizing iterations... 
Done.
Thermalized Magnetisation = (0.522461,0.112141), Energy = -1.482217 
Averaging iterations... h=0.062500,0.000000
Done.
Final: Magnetisation = (0.516898,0.050035), Energy = -1.507834 
<M> = (0.546680,0.058066), <E> = -1.508042 

T=0.890000	 Thermalizing iterations... 
Done.
Thermalized Magnetisation = (0.474934,-0.279475), Energy = -1.512224 
Averaging iterations... h=0.062500,0.000000
Done.
Final: Magnetisation = (0.551639,-0.068777), Energy = -1.490617 
<M> = (0.542455,0.020982), <E> = -1.517338 

T=0.880000	 Thermalizing iterations... 
Done.
Thermalized Magnetisation = (0.525306,-0.156510), Energy = -1.522320 
Averaging iterations... h=0.062500,0.000000
Done.
Final: Magnetisation = (0.606632,0.037747), Energy = -1.534462 
<M> = (0.549502,-0.091805), <E> = -1.527992 

T=0.870000	 Thermalizing iterations... 
Done.
Thermalized Magnetisation = (0.552479,-0.203440), Energy = -1.549870 
Averaging iterations... h=0.062500,0.000000
Done.
Final: Magnetisation = (0.550501,-0.217391), Energy = -1.546955 
<M> = (0.550520,-0.149382), <E> = -1.536746 

T=0.860000	 Thermalizing iterations... 
Done.
Thermalized Magnetisation = (0.576085,-0.094104), Energy = -1.556251 
Averaging iterations... h=0.062500,0.000000
Done.
Final: Magnetisation = (0.547618,-0.115138), Energy = -1.538027 
<M> = (0.546104,-0.187732), <E> = -1.547628 

T=0.850000	 Thermalizing iterations... 
Done.
Thermalized Magnetisation = (0.545465,0.116794), Energy = -1.537293 
Averaging iterations... h=0.062500,0.000000
Done.
Final: Magnetisation = (0.487980,-0.322220), Energy = -1.550471 
<M> = (0.547288,-0.093998), <E> = -1.556431 

T=0.840000	 Thermalizing iterations... 
Done.
Thermalized Magnetisation = (0.557591,-0.133993), Energy = -1.591124 
Averaging iterations... h=0.062500,0.000000
Done.
Final: Magnetisation = (0.578043,-0.127299), Energy = -1.571231 
<M> = (0.561927,-0.040997), <E> = -1.564584 

T=0.830000	 Thermalizing iterations... 
Done.
Thermalized Magnetisation = (0.602115,0.036627), Energy = -1.592234 
Averaging iterations... h=0.062500,0.000000
Done.
Final: Magnetisation = (0.566167,-0.022345), Energy = -1.579445 
<M> = (0.570912,-0.026544), <E> = -1.572752 

T=0.820000	 Thermalizing iterations... 
Done.
Thermalized Magnetisation = (0.537211,-0.232716), Energy = -1.573354 
Averaging iterations... h=0.062500,0.000000
Done.
Final: Magnetisation = (0.627168,-0.193469), Energy = -1.584723 
<M> = (0.564787,-0.137474), <E> = -1.581711 

T=0.810000	 Thermalizing iterations... 
Done.
Thermalized Magnetisation = (0.558644,-0.117540), Energy = -1.573855 
Averaging iterations... h=0.062500,0.000000
Done.
Final: Magnetisation = (0.558154,0.106238), Energy = -1.578398 
<M> = (0.576548,-0.005291), <E> = -1.588751 

T=0.800000	 Thermalizing iterations... 
Done.
Thermalized Magnetisation = (0.532943,-0.223694), Energy = -1.594455 
Averaging iterations... h=0.062500,0.000000
Done.
Final: Magnetisation = (0.541931,-0.134546), Energy = -1.586168 
<M> = (0.571297,-0.087952), <E> = -1.597939 

T=0.790000	 Thermalizing iterations... 
Done.
Thermalized Magnetisation = (0.467634,-0.180292), Energy = -1.611302 
Averaging iterations... h=0.062500,0.000000
Done.
Final: Magnetisation = (0.588141,-0.083989), Energy = -1.614432 
<M> = (0.562818,-0.223996), <E> = -1.607449 

T=0.780000	 Thermalizing iterations... 
Done.
Thermalized Magnetisation = (0.568120,-0.070025), Energy = -1.611051 
Averaging iterations... h=0.062500,0.000000
Done.
Final: Magnetisation = (0.534614,-0.339870), Energy = -1.593010 
<M> = (0.563387,-0.275292), <E> = -1.615715 

T=0.770000	 Thermalizing iterations... 
Done.
Thermalized Magnetisation = (0.622282,-0.036302), Energy = -1.637913 
Averaging iterations... h=0.062500,0.000000
Done.
Final: Magnetisation = (0.572264,-0.279869), Energy = -1.621165 
<M> = (0.578943,-0.139233), <E> = -1.622923 

T=0.760000	 Thermalizing iterations... 
Done.
Thermalized Magnetisation = (0.571917,-0.161914), Energy = -1.598451 
Averaging iterations... h=0.062500,0.000000
Done.
Final: Magnetisation = (0.588435,0.025377), Energy = -1.641193 
<M> = (0.583201,-0.021699), <E> = -1.630478 

T=0.750000	 Thermalizing iterations... 
Done.
Thermalized Magnetisation = (0.596233,-0.115942), Energy = -1.614246 
Averaging iterations... h=0.062500,0.000000
Done.
Final: Magnetisation = (0.584903,-0.015342), Energy = -1.630026 
<M> = (0.583118,-0.039490), <E> = -1.637793 

T=0.740000	 Thermalizing iterations... 
Done.
Thermalized Magnetisation = (0.543705,-0.470265), Energy = -1.667566 
Averaging iterations... h=0.062500,0.000000
Done.
Final: Magnetisation = (0.518377,-0.395879), Energy = -1.653860 
<M> = (0.562624,-0.363108), <E> = -1.646277 

T=0.730000	 Thermalizing iterations... 
Done.
Thermalized Magnetisation = (0.631744,-0.103889), Energy = -1.640954 
Averaging iterations... h=0.062500,0.000000
Done.
Final: Magnetisation = (0.584333,0.181066), Energy = -1.665369 
<M> = (0.584874,-0.022461), <E> = -1.652846 

T=0.720000	 Thermalizing iterations... 
Done.
Thermalized Magnetisation = (0.610495,-0.006904), Energy = -1.649527 
Averaging iterations... h=0.062500,0.000000
Done.
Final: Magnetisation = (0.577135,0.058273), Energy = -1.660127 
<M> = (0.594664,0.029515), <E> = -1.660013 

T=0.710000	 Thermalizing iterations... 
Done.
Thermalized Magnetisation = (0.556547,0.124757), Energy = -1.673587 
Averaging iterations... h=0.062500,0.000000
Done.
Final: Magnetisation = (0.581024,0.134787), Energy = -1.665499 
<M> = (0.593040,0.056829), <E> = -1.667323 

T=0.700000	 Thermalizing iterations... 
Done.
Thermalized Magnetisation = (0.588433,0.161665), Energy = -1.690607 
Averaging iterations... h=0.062500,0.000000
Done.
Final: Magnetisation = (0.581967,-0.247357), Energy = -1.674352 
<M> = (0.587533,0.112079), <E> = -1.674880 

T=0.690000	 Thermalizing iterations... 
Done.
Thermalized Magnetisation = (0.617435,0.207164), Energy = -1.688675 
Averaging iterations... h=0.062500,0.000000
Done.
Final: Magnetisation = (0.587166,-0.056562), Energy = -1.663846 
<M> = (0.581633,0.218523), <E> = -1.682299 

T=0.680000	 Thermalizing iterations... 
Done.
Thermalized Magnetisation = (0.591957,0.258929), Energy = -1.693975 
Averaging iterations... h=0.062500,0.000000
Done.
Final: Magnetisation = (0.560667,0.335578), Energy = -1.696606 
<M> = (0.582582,0.273657), <E> = -1.689299 

T=0.670000	 Thermalizing iterations... 
Done.
Thermalized Magnetisation = (0.597662,-0.249587), Energy = -1.694761 
Averaging iterations... h=0.062500,0.000000
Done.
Final: Magnetisation = (0.642108,-0.204027), Energy = -1.706260 
<M> = (0.590949,-0.308552), <E> = -1.695839 

T=0.660000	 Thermalizing iterations... 
Done.
Thermalized Magnetisation = (0.605857,-0.292981), Energy = -1.690329 
Averaging iterations... h=0.062500,0.000000
Done.
Final: Magnetisation = (0.621707,-0.231505), Energy = -1.702750 
<M> = (0.588254,-0.356775), <E> = -1.702507 

T=0.650000	 Thermalizing iterations... 
Done.
Thermalized Magnetisation = (0.581245,-0.383493), Energy = -1.705213 
Averaging iterations... h=0.062500,0.000000
Done.
Final: Magnetisation = (0.528415,-0.399202), Energy = -1.694482 
<M> = (0.574293,-0.405373), <E> = -1.710168 

T=0.640000	 Thermalizing iterations... 
Done.
Thermalized Magnetisation = (0.572574,-0.328534), Energy = -1.717820 
Averaging iterations... h=0.062500,0.000000
Done.
Final: Magnetisation = (0.602803,-0.250867), Energy = -1.713036 
<M> = (0.592296,-0.241919), <E> = -1.716517 

T=0.630000	 Thermalizing iterations... 
Done.
Thermalized Magnetisation = (0.548358,-0.430541), Energy = -1.729071 
Averaging iterations... h=0.062500,0.000000
Done.
Final: Magnetisation = (0.547009,-0.473509), Energy = -1.727329 
<M> = (0.562219,-0.445825), <E> = -1.723690 

T=0.620000	 Thermalizing iterations... 
Done.
Thermalized Magnetisation = (0.568274,-0.232512), Energy = -1.727465 
Averaging iterations... h=0.062500,0.000000
Done.
Final: Magnetisation = (0.618284,-0.290253), Energy = -1.732528 
<M> = (0.594528,-0.284517), <E> = -1.729256 

T=0.610000	 Thermalizing iterations... 
Done.
Thermalized Magnetisation = (0.560396,-0.471668), Energy = -1.743977 
Averaging iterations... h=0.062500,0.000000
Done.
Final: Magnetisation = (0.575159,-0.362639), Energy = -1.728615 
<M> = (0.580243,-0.431254), <E> = -1.736555 

T=0.600000	 Thermalizing iterations... 
Done.
Thermalized Magnetisation = (0.603724,-0.415910), Energy = -1.743875 
Averaging iterations... h=0.062500,0.000000
Done.
Final: Magnetisation = (0.585564,-0.453583), Energy = -1.738179 
<M> = (0.584428,-0.439251), <E> = -1.742732 

T=0.590000	 Thermalizing iterations... 
Done.
Thermalized Magnetisation = (0.623399,-0.340037), Energy = -1.758603 
Averaging iterations... h=0.062500,0.000000
Done.
Final: Magnetisation = (0.617511,-0.321179), Energy = -1.755681 
<M> = (0.595168,-0.332326), <E> = -1.748696 

T=0.580000	 Thermalizing iterations... 
Done.
Thermalized Magnetisation = (0.618068,-0.437087), Energy = -1.766467 
Averaging iterations... h=0.062500,0.000000
Done.
Final: Magnetisation = (0.561637,-0.420146), Energy = -1.764872 
<M> = (0.576712,-0.467117), <E> = -1.755745 

T=0.570000	 Thermalizing iterations... 
Done.
Thermalized Magnetisation = (0.596933,-0.241849), Energy = -1.762548 
Averaging iterations... h=0.062500,0.000000
Done.
Final: Magnetisation = (0.658686,-0.189359), Energy = -1.767730 
<M> = (0.594960,-0.214136), <E> = -1.761882 

T=0.560000	 Thermalizing iterations... 
Done.
Thermalized Magnetisation = (0.608143,-0.218575), Energy = -1.772094 
Averaging iterations... h=0.062500,0.000000
Done.
Final: Magnetisation = (0.584953,-0.296499), Energy = -1.765616 
<M> = (0.581081,-0.328000), <E> = -1.768082 

T=0.550000	 Thermalizing iterations... 
Done.
Thermalized Magnetisation = (0.621558,-0.362465), Energy = -1.781287 
Averaging iterations... h=0.062500,0.000000
Done.
Final: Magnetisation = (0.583942,-0.460159), Energy = -1.775010 
<M> = (0.564768,-0.501139), <E> = -1.775003 

T=0.540000	 Thermalizing iterations... 
Done.
Thermalized Magnetisation = (0.598731,-0.443224), Energy = -1.779757 
Averaging iterations... h=0.062500,0.000000
Done.
Final: Magnetisation = (0.551103,-0.538252), Energy = -1.773593 
<M> = (0.584231,-0.474673), <E> = -1.780582 

T=0.530000	 Thermalizing iterations... 
Done.
Thermalized Magnetisation = (0.597793,-0.491650), Energy = -1.788737 
Averaging iterations... h=0.062500,0.000000
Done.
Final: Magnetisation = (0.578876,-0.451532), Energy = -1.787673 
<M> = (0.590137,-0.453458), <E> = -1.786431 

T=0.520000	 Thermalizing iterations... 
Done.
Thermalized Magnetisation = (0.571979,-0.486914), Energy = -1.795040 
Averaging iterations... h=0.062500,0.000000
Done.
Final: Magnetisation = (0.600293,-0.490420), Energy = -1.790607 
<M> = (0.586192,-0.486718), <E> = -1.792902 

T=0.510000	 Thermalizing iterations... 
Done.
Thermalized Magnetisation = (0.565961,-0.538432), Energy = -1.800672 
Averaging iterations... h=0.062500,0.000000
Done.
Final: Magnetisation = (0.604797,-0.507413), Energy = -1.796903 
<M> = (0.571083,-0.525603), <E> = -1.799500 

T=0.500000	 Thermalizing iterations... 
Done.
Thermalized Magnetisation = (0.526330,-0.562451), Energy = -1.806832 
Averaging iterations... h=0.062500,0.000000
Done.
Final: Magnetisation = (0.541415,-0.584565), Energy = -1.815110 
<M> = (0.570197,-0.515560), <E> = -1.805628 

T=0.490000	 Thermalizing iterations... 
Done.
Thermalized Magnetisation = (0.563396,-0.526034), Energy = -1.811855 
Averaging iterations... h=0.062500,0.000000
Done.
Final: Magnetisation = (0.540242,-0.591443), Energy = -1.818122 
<M> = (0.563704,-0.541260), <E> = -1.811869 

T=0.480000	 Thermalizing iterations... 
Done.
Thermalized Magnetisation = (0.601138,-0.476890), Energy = -1.820411 
Averaging iterations... h=0.062500,0.000000
Done.
Final: Magnetisation = (0.554276,-0.495344), Energy = -1.806303 
<M> = (0.570177,-0.524013), <E> = -1.817574 

T=0.470000	 Thermalizing iterations... 
Done.
Thermalized Magnetisation = (0.582681,-0.503498), Energy = -1.818980 
Averaging iterations... h=0.062500,0.000000
Done.
Final: Magnetisation = (0.556118,-0.552439), Energy = -1.834561 
<M> = (0.579423,-0.504334), <E> = -1.822941 

T=0.460000	 Thermalizing iterations... 
Done.
Thermalized Magnetisation = (0.612944,-0.500408), Energy = -1.823083 
Averaging iterations... h=0.062500,0.000000
Done.
Final: Magnetisation = (0.541889,-0.577559), Energy = -1.822531 
<M> = (0.589752,-0.516685), <E> = -1.828706 

T=0.450000	 Thermalizing iterations... 
Done.
Thermalized Magnetisation = (0.581244,-0.558578), Energy = -1.838155 
Averaging iterations... h=0.062500,0.000000
Done.
Final: Magnetisation = (0.613080,-0.495477), Energy = -1.829703 
<M> = (0.579453,-0.542646), <E> = -1.834835 

T=0.440000	 Thermalizing iterations... 
Done.
Thermalized Magnetisation = (0.571135,-0.547385), Energy = -1.834519 
Averaging iterations... h=0.062500,0.000000
Done.
Final: Magnetisation = (0.622939,-0.452690), Energy = -1.846246 
<M> = (0.572003,-0.560008), <E> = -1.840949 

T=0.430000	 Thermalizing iterations... 
Done.
Thermalized Magnetisation = (0.569920,-0.519208), Energy = -1.843452 
Averaging iterations... h=0.062500,0.000000
Done.
Final: Magnetisation = (0.579920,-0.529752), Energy = -1.838053 
<M> = (0.574615,-0.557620), <E> = -1.846823 

T=0.420000	 Thermalizing iterations... 
Done.
Thermalized Magnetisation = (0.566423,-0.556006), Energy = -1.851855 
Averaging iterations... h=0.062500,0.000000
Done.
Final: Magnetisation = (0.599543,-0.548938), Energy = -1.856464 
<M> = (0.567135,-0.568417), <E> = -1.852734 

T=0.410000	 Thermalizing iterations... 
Done.
Thermalized Magnetisation = (0.571271,-0.596333), Energy = -1.867466 
Averaging iterations... h=0.062500,0.000000
Done.
Final: Magnetisation = (0.592940,-0.534307), Energy = -1.856510 
<M> = (0.566340,-0.576137), <E> = -1.858530 

T=0.400000	 Thermalizing iterations... 
Done.
Thermalized Magnetisation = (0.581708,-0.553282), Energy = -1.860702 
Averaging iterations... h=0.062500,0.000000
Done.
Final: Magnetisation = (0.557499,-0.610044), Energy = -1.866104 
<M> = (0.576027,-0.573198), <E> = -1.864206 

T=0.390000	 Thermalizing iterations... 
Done.
Thermalized Magnetisation = (0.581702,-0.560269), Energy = -1.867242 
Averaging iterations... h=0.062500,0.000000
Done.
Final: Magnetisation = (0.556604,-0.591365), Energy = -1.864729 
<M> = (0.583106,-0.565159), <E> = -1.869586 

T=0.380000	 Thermalizing iterations... 
Done.
Thermalized Magnetisation = (0.549676,-0.595547), Energy = -1.872079 
Averaging iterations... h=0.062500,0.000000
Done.
Final: Magnetisation = (0.572760,-0.573951), Energy = -1.874955 
<M> = (0.590308,-0.562433), <E> = -1.875046 

T=0.370000	 Thermalizing iterations... 
Done.
Thermalized Magnetisation = (0.560137,-0.607717), Energy = -1.889377 
Averaging iterations... h=0.062500,0.000000
Done.
Final: Magnetisation = (0.615012,-0.521211), Energy = -1.882761 
<M> = (0.585913,-0.571139), <E> = -1.880847 

T=0.360000	 Thermalizing iterations... 
Done.
Thermalized Magnetisation = (0.568327,-0.601817), Energy = -1.888261 
Averaging iterations... h=0.062500,0.000000
Done.
Final: Magnetisation = (0.596896,-0.547291), Energy = -1.886026 
<M> = (0.571387,-0.593411), <E> = -1.886603 

T=0.350000	 Thermalizing iterations... 
Done.
Thermalized Magnetisation = (0.588437,-0.594202), Energy = -1.890528 
Averaging iterations... h=0.062500,0.000000
Done.
Final: Magnetisation = (0.561375,-0.592794), Energy = -1.888809 
<M> = (0.574597,-0.591491), <E> = -1.892446 

T=0.340000	 Thermalizing iterations... 
Done.
Thermalized Magnetisation = (0.571598,-0.602661), Energy = -1.897319 
Averaging iterations... h=0.062500,0.000000
Done.
Final: Magnetisation = (0.555050,-0.639286), Energy = -1.898484 
<M> = (0.566981,-0.607322), <E> = -1.898094 

T=0.330000	 Thermalizing iterations... 
Done.
Thermalized Magnetisation = (0.580613,-0.560801), Energy = -1.896384 
Averaging iterations... h=0.062500,0.000000
Done.
Final: Magnetisation = (0.558731,-0.610617), Energy = -1.905097 
<M> = (0.569460,-0.605076), <E> = -1.903420 

T=0.320000	 Thermalizing iterations... 
Done.
Thermalized Magnetisation = (0.561886,-0.645324), Energy = -1.908755 
Averaging iterations... h=0.062500,0.000000
Done.
Final: Magnetisation = (0.546146,-0.643186), Energy = -1.910365 
<M> = (0.574130,-0.601711), <E> = -1.908900 

T=0.310000	 Thermalizing iterations... 
Done.
Thermalized Magnetisation = (0.573845,-0.621263), Energy = -1.912889 
Averaging iterations... h=0.062500,0.000000
Done.
Final: Magnetisation = (0.589619,-0.591851), Energy = -1.913259 
<M> = (0.585942,-0.598070), <E> = -1.914302 

T=0.300000	 Thermalizing iterations... 
Done.
Thermalized Magnetisation = (0.586159,-0.614157), Energy = -1.917117 
Averaging iterations... h=0.062500,0.000000
Done.
Final: Magnetisation = (0.620486,-0.554039), Energy = -1.919446 
<M> = (0.587695,-0.599023), <E> = -1.919694 

T=0.290000	 Thermalizing iterations... 
Done.
Thermalized Magnetisation = (0.595052,-0.571109), Energy = -1.924870 
Averaging iterations... h=0.062500,0.000000
Done.
Final: Magnetisation = (0.596679,-0.587987), Energy = -1.927256 
<M> = (0.583218,-0.609697), <E> = -1.925426 

T=0.280000	 Thermalizing iterations... 
Done.
Thermalized Magnetisation = (0.561242,-0.643547), Energy = -1.930582 
Averaging iterations... h=0.062500,0.000000
Done.
Final: Magnetisation = (0.577893,-0.611284), Energy = -1.926846 
<M> = (0.577457,-0.620136), <E> = -1.930812 

T=0.270000	 Thermalizing iterations... 
Done.
Thermalized Magnetisation = (0.535779,-0.661613), Energy = -1.935057 
Averaging iterations... h=0.062500,0.000000
Done.
Final: Magnetisation = (0.566882,-0.637999), Energy = -1.932294 
<M> = (0.573149,-0.629746), <E> = -1.936486 

T=0.260000	 Thermalizing iterations... 
Done.
Thermalized Magnetisation = (0.586060,-0.620131), Energy = -1.939401 
Averaging iterations... h=0.062500,0.000000
Done.
Final: Magnetisation = (0.546152,-0.639236), Energy = -1.940697 
<M> = (0.568589,-0.639591), <E> = -1.941857 

T=0.250000	 Thermalizing iterations... 
Done.
Thermalized Magnetisation = (0.612876,-0.605067), Energy = -1.948480 
Averaging iterations... h=0.062500,0.000000
Done.
Final: Magnetisation = (0.571399,-0.640740), Energy = -1.949828 
<M> = (0.576349,-0.632314), <E> = -1.947202 

T=0.240000	 Thermalizing iterations... 
Done.
Thermalized Magnetisation = (0.615287,-0.586394), Energy = -1.951579 
Averaging iterations... h=0.062500,0.000000
Done.
Final: Magnetisation = (0.585519,-0.632220), Energy = -1.952932 
<M> = (0.585735,-0.628597), <E> = -1.952366 

T=0.230000	 Thermalizing iterations... 
Done.
Thermalized Magnetisation = (0.568663,-0.651126), Energy = -1.958190 
Averaging iterations... h=0.062500,0.000000
Done.
Final: Magnetisation = (0.581887,-0.631426), Energy = -1.958769 
<M> = (0.589676,-0.623343), <E> = -1.957672 

T=0.220000	 Thermalizing iterations... 
Done.
Thermalized Magnetisation = (0.594830,-0.615942), Energy = -1.957927 
Averaging iterations... h=0.062500,0.000000
Done.
Final: Magnetisation = (0.592123,-0.639470), Energy = -1.961669 
<M> = (0.585959,-0.633536), <E> = -1.962952 

T=0.210000	 Thermalizing iterations... 
Done.
Thermalized Magnetisation = (0.583276,-0.636897), Energy = -1.966885 
Averaging iterations... h=0.062500,0.000000
Done.
Final: Magnetisation = (0.571851,-0.652839), Energy = -1.970192 
<M> = (0.580629,-0.642454), <E> = -1.968417 

T=0.200000	 Thermalizing iterations... 
Done.
Thermalized Magnetisation = (0.571645,-0.664979), Energy = -1.972055 
Averaging iterations... h=0.062500,0.000000
Done.
Final: Magnetisation = (0.582154,-0.625286), Energy = -1.970277 
<M> = (0.580707,-0.646321), <E> = -1.973851 

T=0.190000	 Thermalizing iterations... 
Done.
Thermalized Magnetisation = (0.555294,-0.681921), Energy = -1.979000 
Averaging iterations... h=0.062500,0.000000
Done.
Final: Magnetisation = (0.565826,-0.659884), Energy = -1.982402 
<M> = (0.575058,-0.655634), <E> = -1.979163 

T=0.180000	 Thermalizing iterations... 
Done.
Thermalized Magnetisation = (0.588736,-0.646562), Energy = -1.986862 
Averaging iterations... h=0.062500,0.000000
Done.
Final: Magnetisation = (0.581789,-0.648722), Energy = -1.984048 
<M> = (0.577532,-0.658306), <E> = -1.984369 

T=0.170000	 Thermalizing iterations... 
Done.
Thermalized Magnetisation = (0.576746,-0.665429), Energy = -1.985004 
Averaging iterations... h=0.062500,0.000000
Done.
Final: Magnetisation = (0.558469,-0.678090), Energy = -1.988040 
<M> = (0.582133,-0.655461), <E> = -1.989484 

T=0.160000	 Thermalizing iterations... 
Done.
Thermalized Magnetisation = (0.577626,-0.663238), Energy = -1.995367 
Averaging iterations... h=0.062500,0.000000
Done.
Final: Magnetisation = (0.584531,-0.657942), Energy = -1.995185 
<M> = (0.584292,-0.656220), <E> = -1.994624 

T=0.150000	 Thermalizing iterations... 
Done.
Thermalized Magnetisation = (0.596360,-0.645905), Energy = -1.998814 
Averaging iterations... h=0.062500,0.000000
Done.
Final: Magnetisation = (0.586884,-0.660889), Energy = -1.996569 
<M> = (0.583887,-0.662796), <E> = -1.999944 

T=0.140000	 Thermalizing iterations... 
Done.
Thermalized Magnetisation = (0.594612,-0.652860), Energy = -2.005136 
Averaging iterations... h=0.062500,0.000000
Done.
Final: Magnetisation = (0.588893,-0.653032), Energy = -2.005051 
<M> = (0.583123,-0.665861), <E> = -2.005136 

T=0.130000	 Thermalizing iterations... 
Done.
Thermalized Magnetisation = (0.569703,-0.677475), Energy = -2.012553 
Averaging iterations... h=0.062500,0.000000
Done.
Final: Magnetisation = (0.583673,-0.663959), Energy = -2.011553 
<M> = (0.585334,-0.665810), <E> = -2.010322 

T=0.120000	 Thermalizing iterations... 
Done.
Thermalized Magnetisation = (0.589930,-0.672164), Energy = -2.014610 
Averaging iterations... h=0.062500,0.000000
Done.
Final: Magnetisation = (0.563873,-0.687770), Energy = -2.015688 
<M> = (0.585229,-0.670487), <E> = -2.015548 

T=0.110000	 Thermalizing iterations... 
Done.
Thermalized Magnetisation = (0.586301,-0.675464), Energy = -2.021233 
Averaging iterations... h=0.062500,0.000000
Done.
Final: Magnetisation = (0.601974,-0.662350), Energy = -2.019338 
<M> = (0.584930,-0.675837), <E> = -2.020793 

T=0.100000	 Thermalizing iterations... 
Done.
Thermalized Magnetisation = (0.599587,-0.666945), Energy = -2.027417 
Averaging iterations... h=0.062500,0.000000
Done.
Final: Magnetisation = (0.583338,-0.679765), Energy = -2.026167 
<M> = (0.588054,-0.674280), <E> = -2.025852 

T=0.090000	 Thermalizing iterations... 
Done.
Thermalized Magnetisation = (0.570927,-0.684238), Energy = -2.030230 
Averaging iterations... h=0.062500,0.000000
Done.
Final: Magnetisation = (0.582602,-0.681157), Energy = -2.030390 
<M> = (0.588593,-0.676822), <E> = -2.030942 

T=0.080000	 Thermalizing iterations... 
Done.
Thermalized Magnetisation = (0.577490,-0.697260), Energy = -2.036241 
Averaging iterations... h=0.062500,0.000000
Done.
Final: Magnetisation = (0.596519,-0.669533), Energy = -2.037524 
<M> = (0.588903,-0.680526), <E> = -2.035995 

T=0.070000	 Thermalizing iterations... 
Done.
Thermalized Magnetisation = (0.587392,-0.683632), Energy = -2.041591 
Averaging iterations... h=0.062500,0.000000
Done.
Final: Magnetisation = (0.581374,-0.693439), Energy = -2.041658 
<M> = (0.583099,-0.688963), <E> = -2.041163 

T=0.060000	 Thermalizing iterations... 
Done.
Thermalized Magnetisation = (0.586961,-0.683989), Energy = -2.045318 
Averaging iterations... h=0.062500,0.000000
Done.
Final: Magnetisation = (0.575089,-0.697686), Energy = -2.046695 
<M> = (0.585644,-0.689509), <E> = -2.046265 

T=0.050000	 Thermalizing iterations... 
Done.
Thermalized Magnetisation = (0.582648,-0.692118), Energy = -2.051544 
Averaging iterations... h=0.062500,0.000000
Done.
Final: Magnetisation = (0.587118,-0.689707), Energy = -2.051108 
<M> = (0.589302,-0.690522), <E> = -2.051346 

T=0.040000	 Thermalizing iterations... 
Done.
Thermalized Magnetisation = (0.591997,-0.690428), Energy = -2.056052 
Averaging iterations... h=0.062500,0.000000
Done.
Final: Magnetisation = (0.588901,-0.692058), Energy = -2.055782 
<M> = (0.589553,-0.692664), <E> = -2.056385 

T=0.030000	 Thermalizing iterations... 
Done.
Thermalized Magnetisation = (0.589032,-0.694456), Energy = -2.061484 
Averaging iterations... h=0.062500,0.000000
Done.
Final: Magnetisation = (0.589022,-0.697760), Energy = -2.061510 
<M> = (0.590441,-0.695752), <E> = -2.061426 

T=0.020000	 Thermalizing iterations... 
Done.
Thermalized Magnetisation = (0.592813,-0.698693), Energy = -2.066378 
Averaging iterations... h=0.062500,0.000000
Done.
Final: Magnetisation = (0.590082,-0.699334), Energy = -2.066559 
<M> = (0.589056,-0.700148), <E> = -2.066468 

T=0.010000	 Thermalizing iterations... 
Done.
Thermalized Magnetisation = (0.592665,-0.702440), Energy = -2.071471 
Averaging iterations... h=0.062500,0.000000
Done.
Final: Magnetisation = (0.588113,-0.704039), Energy = -2.071401 
<M> = (0.591620,-0.700976), <E> = -2.071463 
Final Magnetisation = (0.588113,-0.704039), Energy = -2.071401 
------------------------

Updating all (first)black/(then)white checkerboard sites simultaneously.. 

ztne RFXY h rotating with |h|=0.062500 at T=0.000000..
loop 1

loop 2

CPU  Start Time = 2943108.598446 

CPU  End Time = 2952215.876151 

CPU Time elapsed total = 9107.277705 

real	151m47.330s
user	2654m17.740s
sys	1m24.898s
