nearest neighbor initialized. 
J loaded. 
h loaded. 
L = 64, dim_L = 2, dim_S = 2
hysteresis_MCS_multiplier = 10, hysteresis_MCS_max = 100
RAND_MAX = 2147483647.000000,
 sizeof(int) = 4,
 sizeof(long) = 8,
 sizeof(double) = 8,
 sizeof(long int) = 8,
 sizeof(short int) = 2,
 sizeof(unsigned int) = 4,
 sizeof(RAND_MAX) = 4

OpenMP Active.

No. of THREADS = 24
No. of PROCESSORS = 24

0.094312,-0.023059
order = ({1.000000-->-1.000000,0.000000}, 0, 1)
Initial Magnetisation = (0.094312,-0.023059), Energy = -0.075088 
Cooling... 
T=2.000000	 Thermalizing iterations... 
Done.
Thermalized Magnetisation = (-0.020970,0.088788), Energy = -0.549102 
Averaging iterations... h=0.062500,0.000000
Done.
Final: Magnetisation = (0.175470,0.123640), Energy = -0.627841 
<M> = (0.051248,0.001423), <E> = -0.622905 

T=1.950000	 Thermalizing iterations... 
Done.
Thermalized Magnetisation = (0.016519,-0.099711), Energy = -0.616597 
Averaging iterations... h=0.062500,0.000000
Done.
Final: Magnetisation = (-0.046064,0.016773), Energy = -0.626987 
<M> = (0.053638,0.000097), <E> = -0.642855 

T=1.900000	 Thermalizing iterations... 
Done.
Thermalized Magnetisation = (-0.035569,-0.045978), Energy = -0.747990 
Averaging iterations... h=0.062500,0.000000
Done.
Final: Magnetisation = (0.039854,0.033972), Energy = -0.644931 
<M> = (0.057227,0.001050), <E> = -0.663113 

T=1.850000	 Thermalizing iterations... 
Done.
Thermalized Magnetisation = (0.024298,-0.014158), Energy = -0.750863 
Averaging iterations... h=0.062500,0.000000
Done.
Final: Magnetisation = (0.047353,0.063530), Energy = -0.670959 
<M> = (0.064275,0.001524), <E> = -0.684030 

T=1.800000	 Thermalizing iterations... 
Done.
Thermalized Magnetisation = (0.163054,0.002323), Energy = -0.796826 
Averaging iterations... h=0.062500,0.000000
Done.
Final: Magnetisation = (0.037074,-0.027303), Energy = -0.725663 
<M> = (0.069591,0.000421), <E> = -0.706241 

T=1.750000	 Thermalizing iterations... 
Done.
Thermalized Magnetisation = (0.107369,0.004551), Energy = -0.729425 
Averaging iterations... h=0.062500,0.000000
Done.
Final: Magnetisation = (0.044858,-0.089283), Energy = -0.737509 
<M> = (0.075308,0.000802), <E> = -0.732685 

T=1.700000	 Thermalizing iterations... 
Done.
Thermalized Magnetisation = (0.066232,0.052129), Energy = -0.768216 
Averaging iterations... h=0.062500,0.000000
Done.
Final: Magnetisation = (0.172113,0.113308), Energy = -0.733962 
<M> = (0.080506,0.001686), <E> = -0.758558 

T=1.650000	 Thermalizing iterations... 
Done.
Thermalized Magnetisation = (0.052274,-0.054847), Energy = -0.803001 
Averaging iterations... h=0.062500,0.000000
Done.
Final: Magnetisation = (0.009989,0.140030), Energy = -0.779514 
<M> = (0.088355,-0.000086), <E> = -0.786551 

T=1.600000	 Thermalizing iterations... 
Done.
Thermalized Magnetisation = (0.132373,0.101011), Energy = -0.767584 
Averaging iterations... h=0.062500,0.000000
Done.
Final: Magnetisation = (0.205774,0.029224), Energy = -0.941488 
<M> = (0.097714,0.001017), <E> = -0.818258 

T=1.550000	 Thermalizing iterations... 
Done.
Thermalized Magnetisation = (0.213664,0.043696), Energy = -0.829921 
Averaging iterations... h=0.062500,0.000000
Done.
Final: Magnetisation = (0.188230,-0.176523), Energy = -0.915858 
<M> = (0.109378,0.001935), <E> = -0.850649 

T=1.500000	 Thermalizing iterations... 
Done.
Thermalized Magnetisation = (0.129897,0.026753), Energy = -0.897399 
Averaging iterations... h=0.062500,0.000000
Done.
Final: Magnetisation = (0.174618,-0.045906), Energy = -0.869583 
<M> = (0.121167,0.000714), <E> = -0.885217 

T=1.450000	 Thermalizing iterations... 
Done.
Thermalized Magnetisation = (0.087684,-0.100519), Energy = -0.877213 
Averaging iterations... h=0.062500,0.000000
Done.
Final: Magnetisation = (0.158276,0.174988), Energy = -0.942401 
<M> = (0.135277,0.004101), <E> = -0.924840 

T=1.400000	 Thermalizing iterations... 
Done.
Thermalized Magnetisation = (0.129555,-0.090798), Energy = -0.964062 
Averaging iterations... h=0.062500,0.000000
Done.
Final: Magnetisation = (0.184115,-0.187182), Energy = -0.955861 
<M> = (0.153049,0.003348), <E> = -0.965216 

T=1.350000	 Thermalizing iterations... 
Done.
Thermalized Magnetisation = (0.112163,-0.116077), Energy = -0.972208 
Averaging iterations... h=0.062500,0.000000
Done.
Final: Magnetisation = (0.203057,-0.033144), Energy = -1.121895 
<M> = (0.174391,0.001119), <E> = -1.009345 

T=1.300000	 Thermalizing iterations... 
Done.
Thermalized Magnetisation = (0.228731,0.089082), Energy = -1.031590 
Averaging iterations... h=0.062500,0.000000
Done.
Final: Magnetisation = (0.026491,-0.050551), Energy = -0.994444 
<M> = (0.196479,0.000776), <E> = -1.056323 

T=1.250000	 Thermalizing iterations... 
Done.
Thermalized Magnetisation = (0.135037,-0.033068), Energy = -1.080878 
Averaging iterations... h=0.062500,0.000000
Done.
Final: Magnetisation = (0.289925,0.087284), Energy = -1.182603 
<M> = (0.229248,0.001067), <E> = -1.107576 

T=1.200000	 Thermalizing iterations... 
Done.
Thermalized Magnetisation = (0.215305,-0.210000), Energy = -1.212994 
Averaging iterations... h=0.062500,0.000000
Done.
Final: Magnetisation = (0.327492,-0.157335), Energy = -1.178983 
<M> = (0.258783,0.001730), <E> = -1.161796 

T=1.150000	 Thermalizing iterations... 
Done.
Thermalized Magnetisation = (0.351183,-0.204639), Energy = -1.195736 
Averaging iterations... h=0.062500,0.000000
Done.
Final: Magnetisation = (0.238203,0.143335), Energy = -1.203749 
<M> = (0.296912,0.008913), <E> = -1.217507 

T=1.100000	 Thermalizing iterations... 
Done.
Thermalized Magnetisation = (0.377636,0.136925), Energy = -1.317829 
Averaging iterations... h=0.062500,0.000000
Done.
Final: Magnetisation = (0.277142,-0.031441), Energy = -1.263168 
<M> = (0.339050,-0.003556), <E> = -1.276266 

T=1.050000	 Thermalizing iterations... 
Done.
Thermalized Magnetisation = (0.279612,0.175413), Energy = -1.292937 
Averaging iterations... h=0.062500,0.000000
Done.
Final: Magnetisation = (0.437212,-0.233417), Energy = -1.398788 
<M> = (0.376821,-0.002598), <E> = -1.333381 

T=1.000000	 Thermalizing iterations... 
Done.
Thermalized Magnetisation = (0.457811,-0.057587), Energy = -1.379439 
Averaging iterations... h=0.062500,0.000000
Done.
Final: Magnetisation = (0.377159,0.177132), Energy = -1.436942 
<M> = (0.426263,0.002653), <E> = -1.391957 

T=0.950000	 Thermalizing iterations... 
Done.
Thermalized Magnetisation = (0.461098,0.098545), Energy = -1.486542 
Averaging iterations... h=0.062500,0.000000
Done.
Final: Magnetisation = (0.488481,-0.035280), Energy = -1.436808 
<M> = (0.460586,0.045732), <E> = -1.445169 

T=0.900000	 Thermalizing iterations... 
Done.
Thermalized Magnetisation = (0.469256,0.255066), Energy = -1.519753 
Averaging iterations... h=0.062500,0.000000
Done.
Final: Magnetisation = (0.422655,-0.210891), Energy = -1.500543 
<M> = (0.492454,0.024098), <E> = -1.498034 

T=0.850000	 Thermalizing iterations... 
Done.
Thermalized Magnetisation = (0.484138,-0.343811), Energy = -1.563625 
Averaging iterations... h=0.062500,0.000000
Done.
Final: Magnetisation = (0.479403,-0.065335), Energy = -1.520358 
<M> = (0.518363,-0.024601), <E> = -1.545973 

T=0.800000	 Thermalizing iterations... 
Done.
Thermalized Magnetisation = (0.501174,0.026052), Energy = -1.528092 
Averaging iterations... h=0.062500,0.000000
Done.
Final: Magnetisation = (0.485847,-0.119582), Energy = -1.588552 
<M> = (0.525630,0.004799), <E> = -1.588719 

T=0.750000	 Thermalizing iterations... 
Done.
Thermalized Magnetisation = (0.540903,0.257901), Energy = -1.616631 
Averaging iterations... h=0.062500,0.000000
Done.
Final: Magnetisation = (0.406630,-0.555214), Energy = -1.576250 
<M> = (0.558373,0.029148), <E> = -1.628739 

T=0.700000	 Thermalizing iterations... 
Done.
Thermalized Magnetisation = (0.502294,-0.338890), Energy = -1.649620 
Averaging iterations... h=0.062500,0.000000
Done.
Final: Magnetisation = (0.685892,-0.101239), Energy = -1.648011 
<M> = (0.580751,-0.144874), <E> = -1.665176 

T=0.650000	 Thermalizing iterations... 
Done.
Thermalized Magnetisation = (0.611068,0.375646), Energy = -1.703960 
Averaging iterations... h=0.062500,0.000000
Done.
Final: Magnetisation = (0.557328,0.504037), Energy = -1.718464 
<M> = (0.538044,0.441905), <E> = -1.702026 

T=0.600000	 Thermalizing iterations... 
Done.
Thermalized Magnetisation = (0.524856,0.545818), Energy = -1.759858 
Averaging iterations... h=0.062500,0.000000
Done.
Final: Magnetisation = (0.521453,0.535399), Energy = -1.738054 
<M> = (0.531236,0.488913), <E> = -1.735540 

T=0.550000	 Thermalizing iterations... 
Done.
Thermalized Magnetisation = (0.465562,0.593808), Energy = -1.776110 
Averaging iterations... h=0.062500,0.000000
Done.
Final: Magnetisation = (0.504013,0.553303), Energy = -1.772430 
<M> = (0.550069,0.473437), <E> = -1.766052 

T=0.500000	 Thermalizing iterations... 
Done.
Thermalized Magnetisation = (0.491575,0.566804), Energy = -1.801591 
Averaging iterations... h=0.062500,0.000000
Done.
Final: Magnetisation = (0.582336,0.518856), Energy = -1.813344 
<M> = (0.535471,0.548122), <E> = -1.797515 

T=0.450000	 Thermalizing iterations... 
Done.
Thermalized Magnetisation = (0.500070,0.586011), Energy = -1.845803 
Averaging iterations... h=0.062500,0.000000
Done.
Final: Magnetisation = (0.562263,0.580801), Energy = -1.829453 
<M> = (0.530733,0.584282), <E> = -1.827429 

T=0.400000	 Thermalizing iterations... 
Done.
Thermalized Magnetisation = (0.600398,0.528892), Energy = -1.859769 
Averaging iterations... h=0.062500,0.000000
Done.
Final: Magnetisation = (0.510715,0.633002), Energy = -1.845196 
<M> = (0.526730,0.611576), <E> = -1.856066 

T=0.350000	 Thermalizing iterations... 
Done.
Thermalized Magnetisation = (0.450930,0.707961), Energy = -1.881108 
Averaging iterations... h=0.062500,0.000000
Done.
Final: Magnetisation = (0.512071,0.612959), Energy = -1.881899 
<M> = (0.532630,0.627808), <E> = -1.884609 

T=0.300000	 Thermalizing iterations... 
Done.
Thermalized Magnetisation = (0.530201,0.658789), Energy = -1.918118 
Averaging iterations... h=0.062500,0.000000
Done.
Final: Magnetisation = (0.539209,0.642462), Energy = -1.909713 
<M> = (0.531300,0.649967), <E> = -1.912254 

T=0.250000	 Thermalizing iterations... 
Done.
Thermalized Magnetisation = (0.574353,0.630944), Energy = -1.938458 
Averaging iterations... h=0.062500,0.000000
Done.
Final: Magnetisation = (0.543358,0.669556), Energy = -1.946819 
<M> = (0.531310,0.667830), <E> = -1.939304 

T=0.200000	 Thermalizing iterations... 
Done.
Thermalized Magnetisation = (0.560129,0.667968), Energy = -1.970484 
Averaging iterations... h=0.062500,0.000000
Done.
Final: Magnetisation = (0.546770,0.658445), Energy = -1.965375 
<M> = (0.535802,0.683540), <E> = -1.966003 

T=0.150000	 Thermalizing iterations... 
Done.
Thermalized Magnetisation = (0.552305,0.715175), Energy = -1.997349 
Averaging iterations... h=0.062500,0.000000
Done.
Final: Magnetisation = (0.566224,0.692337), Energy = -1.994438 
<M> = (0.536669,0.702592), <E> = -1.992250 

T=0.100000	 Thermalizing iterations... 
Done.
Thermalized Magnetisation = (0.574682,0.666362), Energy = -2.018434 
Averaging iterations... h=0.062500,0.000000
Done.
Final: Magnetisation = (0.538077,0.721927), Energy = -2.020699 
<M> = (0.538736,0.715874), <E> = -2.018156 

T=0.050000	 Thermalizing iterations... 
Done.
Thermalized Magnetisation = (0.524535,0.744132), Energy = -2.044471 
Averaging iterations... h=0.062500,0.000000
Done.
Final: Magnetisation = (0.552049,0.727967), Energy = -2.044503 
<M> = (0.539270,0.733069), <E> = -2.043682 
Final Magnetisation = (0.552049,0.727967), Energy = -2.044503 
------------------------

Updating all (first)black/(then)white checkerboard sites simultaneously.. 

ztne RFXY h rotating with |h|=0.062500 at T=0.000000..
loop 1

loop 2

Cooling protocol time (from T=2.000000 to T=0.000000) = 679.810573 

CPU Time elapsed total = 679.822805 
All done - 680 seconds elapsed.
