nearest neighbor initialized. 
J loaded. 
h loaded. 
L = 64, dim_L = 2, dim_S = 2
hysteresis_MCS_multiplier = 10, hysteresis_MCS_max = 100
RAND_MAX = 2147483647.000000,
 sizeof(int) = 4,
 sizeof(long) = 8,
 sizeof(double) = 8,
 sizeof(long int) = 8,
 sizeof(short int) = 2,
 sizeof(unsigned int) = 4,
 sizeof(RAND_MAX) = 4

OpenMP Active.

No. of THREADS = 24
No. of PROCESSORS = 24

0.095873,-0.023593
order = ({1.000000-->-1.000000,0.000000}, 0, 1)
Initial Magnetisation = (0.095873,-0.023593), Energy = -0.084153 
Cooling... 
T=2.000000	 Thermalizing iterations... 
Done.
Thermalized Magnetisation = (-0.013853,0.068201), Energy = -0.535755 
Averaging iterations... h=0.071429,0.000000
Done.
Final: Magnetisation = (0.150752,0.116150), Energy = -0.657384 
<M> = (0.066891,0.000812), <E> = -0.629953 

T=1.950000	 Thermalizing iterations... 
Done.
Thermalized Magnetisation = (0.129516,-0.126549), Energy = -0.712322 
Averaging iterations... h=0.071429,0.000000
Done.
Final: Magnetisation = (0.045110,-0.141854), Energy = -0.626952 
<M> = (0.069536,0.000545), <E> = -0.649668 

T=1.900000	 Thermalizing iterations... 
Done.
Thermalized Magnetisation = (0.044985,-0.089589), Energy = -0.727917 
Averaging iterations... h=0.071429,0.000000
Done.
Final: Magnetisation = (0.119983,-0.012320), Energy = -0.691704 
<M> = (0.075657,-0.000997), <E> = -0.670872 

T=1.850000	 Thermalizing iterations... 
Done.
Thermalized Magnetisation = (0.121465,-0.162675), Energy = -0.802597 
Averaging iterations... h=0.071429,0.000000
Done.
Final: Magnetisation = (0.157626,-0.047356), Energy = -0.747046 
<M> = (0.081002,0.000669), <E> = -0.691988 

T=1.800000	 Thermalizing iterations... 
Done.
Thermalized Magnetisation = (0.119225,0.074462), Energy = -0.702425 
Averaging iterations... h=0.071429,0.000000
Done.
Final: Magnetisation = (0.197744,0.065474), Energy = -0.679004 
<M> = (0.088591,-0.002249), <E> = -0.716661 

T=1.750000	 Thermalizing iterations... 
Done.
Thermalized Magnetisation = (0.114100,0.033446), Energy = -0.722369 
Averaging iterations... h=0.071429,0.000000
Done.
Final: Magnetisation = (0.118681,0.025207), Energy = -0.721234 
<M> = (0.096315,0.000784), <E> = -0.741742 

T=1.700000	 Thermalizing iterations... 
Done.
Thermalized Magnetisation = (0.015320,-0.073299), Energy = -0.721991 
Averaging iterations... h=0.071429,0.000000
Done.
Final: Magnetisation = (0.139023,-0.106294), Energy = -0.732167 
<M> = (0.103933,0.001030), <E> = -0.768283 

T=1.650000	 Thermalizing iterations... 
Done.
Thermalized Magnetisation = (0.071641,-0.094339), Energy = -0.776332 
Averaging iterations... h=0.071429,0.000000
Done.
Final: Magnetisation = (0.151100,-0.097845), Energy = -0.804545 
<M> = (0.114864,0.000864), <E> = -0.799936 

T=1.600000	 Thermalizing iterations... 
Done.
Thermalized Magnetisation = (0.095145,0.074267), Energy = -0.795768 
Averaging iterations... h=0.071429,0.000000
Done.
Final: Magnetisation = (0.218380,-0.013669), Energy = -0.866465 
<M> = (0.126203,0.000836), <E> = -0.832008 

T=1.550000	 Thermalizing iterations... 
Done.
Thermalized Magnetisation = (0.150512,-0.005070), Energy = -0.796178 
Averaging iterations... h=0.071429,0.000000
Done.
Final: Magnetisation = (0.152637,0.107615), Energy = -0.959886 
<M> = (0.140227,-0.000689), <E> = -0.864509 

T=1.500000	 Thermalizing iterations... 
Done.
Thermalized Magnetisation = (0.039144,-0.061565), Energy = -0.821616 
Averaging iterations... h=0.071429,0.000000
Done.
Final: Magnetisation = (0.188952,-0.012733), Energy = -0.884447 
<M> = (0.157372,0.000700), <E> = -0.901000 

T=1.450000	 Thermalizing iterations... 
Done.
Thermalized Magnetisation = (0.259637,0.017167), Energy = -0.965119 
Averaging iterations... h=0.071429,0.000000
Done.
Final: Magnetisation = (0.298208,-0.029479), Energy = -1.027642 
<M> = (0.175031,0.001174), <E> = -0.940360 

T=1.400000	 Thermalizing iterations... 
Done.
Thermalized Magnetisation = (0.102677,-0.052467), Energy = -0.971689 
Averaging iterations... h=0.071429,0.000000
Done.
Final: Magnetisation = (0.194891,-0.021800), Energy = -1.025418 
<M> = (0.194257,0.003397), <E> = -0.983688 

T=1.350000	 Thermalizing iterations... 
Done.
Thermalized Magnetisation = (0.178195,0.093332), Energy = -1.134424 
Averaging iterations... h=0.071429,0.000000
Done.
Final: Magnetisation = (0.276809,-0.043308), Energy = -1.035437 
<M> = (0.219242,0.000663), <E> = -1.029614 

T=1.300000	 Thermalizing iterations... 
Done.
Thermalized Magnetisation = (0.370470,-0.001241), Energy = -1.157670 
Averaging iterations... h=0.071429,0.000000
Done.
Final: Magnetisation = (0.326997,-0.039982), Energy = -1.031713 
<M> = (0.245310,-0.000716), <E> = -1.077385 

T=1.250000	 Thermalizing iterations... 
Done.
Thermalized Magnetisation = (0.265462,0.038256), Energy = -1.119515 
Averaging iterations... h=0.071429,0.000000
Done.
Final: Magnetisation = (0.395514,-0.105311), Energy = -1.199095 
<M> = (0.284017,-0.000991), <E> = -1.131140 

T=1.200000	 Thermalizing iterations... 
Done.
Thermalized Magnetisation = (0.235847,0.074813), Energy = -1.182059 
Averaging iterations... h=0.071429,0.000000
Done.
Final: Magnetisation = (0.375567,0.098265), Energy = -1.197581 
<M> = (0.314527,-0.001408), <E> = -1.185352 

T=1.150000	 Thermalizing iterations... 
Done.
Thermalized Magnetisation = (0.302258,0.045223), Energy = -1.240333 
Averaging iterations... h=0.071429,0.000000
Done.
Final: Magnetisation = (0.285209,0.051831), Energy = -1.231722 
<M> = (0.351582,0.004716), <E> = -1.242472 

T=1.100000	 Thermalizing iterations... 
Done.
Thermalized Magnetisation = (0.406350,0.151093), Energy = -1.307027 
Averaging iterations... h=0.071429,0.000000
Done.
Final: Magnetisation = (0.430895,0.009705), Energy = -1.269407 
<M> = (0.392764,-0.000941), <E> = -1.299282 

T=1.050000	 Thermalizing iterations... 
Done.
Thermalized Magnetisation = (0.406773,-0.040775), Energy = -1.408678 
Averaging iterations... h=0.071429,0.000000
Done.
Final: Magnetisation = (0.456646,0.019933), Energy = -1.304232 
<M> = (0.428641,0.005691), <E> = -1.356248 

T=1.000000	 Thermalizing iterations... 
Done.
Thermalized Magnetisation = (0.508574,-0.080109), Energy = -1.446147 
Averaging iterations... h=0.071429,0.000000
Done.
Final: Magnetisation = (0.550349,0.105615), Energy = -1.418744 
<M> = (0.474654,0.012112), <E> = -1.413898 

T=0.950000	 Thermalizing iterations... 
Done.
Thermalized Magnetisation = (0.572515,-0.024086), Energy = -1.457030 
Averaging iterations... h=0.071429,0.000000
Done.
Final: Magnetisation = (0.472096,-0.096131), Energy = -1.415888 
<M> = (0.508540,0.019216), <E> = -1.465436 

T=0.900000	 Thermalizing iterations... 
Done.
Thermalized Magnetisation = (0.484914,0.043923), Energy = -1.529686 
Averaging iterations... h=0.071429,0.000000
Done.
Final: Magnetisation = (0.688921,-0.047950), Energy = -1.542589 
<M> = (0.539928,0.027771), <E> = -1.516837 

T=0.850000	 Thermalizing iterations... 
Done.
Thermalized Magnetisation = (0.616012,-0.036269), Energy = -1.567738 
Averaging iterations... h=0.071429,0.000000
Done.
Final: Magnetisation = (0.591713,0.099161), Energy = -1.586508 
<M> = (0.570049,0.029926), <E> = -1.562888 

T=0.800000	 Thermalizing iterations... 
Done.
Thermalized Magnetisation = (0.573000,-0.264433), Energy = -1.593141 
Averaging iterations... h=0.071429,0.000000
Done.
Final: Magnetisation = (0.548575,0.045213), Energy = -1.627272 
<M> = (0.583697,0.015859), <E> = -1.605465 

T=0.750000	 Thermalizing iterations... 
Done.
Thermalized Magnetisation = (0.665138,0.045219), Energy = -1.657310 
Averaging iterations... h=0.071429,0.000000
Done.
Final: Magnetisation = (0.592920,-0.148180), Energy = -1.661945 
<M> = (0.605648,-0.006306), <E> = -1.645030 

T=0.700000	 Thermalizing iterations... 
Done.
Thermalized Magnetisation = (0.614537,-0.311121), Energy = -1.703030 
Averaging iterations... h=0.071429,0.000000
Done.
Final: Magnetisation = (0.704572,0.032539), Energy = -1.689178 
<M> = (0.633767,-0.025135), <E> = -1.681367 

T=0.650000	 Thermalizing iterations... 
Done.
Thermalized Magnetisation = (0.645424,0.211780), Energy = -1.711530 
Averaging iterations... h=0.071429,0.000000
Done.
Final: Magnetisation = (0.612774,0.369498), Energy = -1.723847 
<M> = (0.629946,0.205531), <E> = -1.715421 

T=0.600000	 Thermalizing iterations... 
Done.
Thermalized Magnetisation = (0.716107,-0.010073), Energy = -1.751627 
Averaging iterations... h=0.071429,0.000000
Done.
Final: Magnetisation = (0.650063,0.348250), Energy = -1.759778 
<M> = (0.649410,0.141153), <E> = -1.748874 

T=0.550000	 Thermalizing iterations... 
Done.
Thermalized Magnetisation = (0.714335,0.171605), Energy = -1.786032 
Averaging iterations... h=0.071429,0.000000
Done.
Final: Magnetisation = (0.669116,0.363048), Energy = -1.761640 
<M> = (0.654656,0.212559), <E> = -1.779655 

T=0.500000	 Thermalizing iterations... 
Done.
Thermalized Magnetisation = (0.664723,0.350391), Energy = -1.824899 
Averaging iterations... h=0.071429,0.000000
Done.
Final: Magnetisation = (0.718005,0.205142), Energy = -1.817906 
<M> = (0.640974,0.346393), <E> = -1.811179 

T=0.450000	 Thermalizing iterations... 
Done.
Thermalized Magnetisation = (0.611512,0.518330), Energy = -1.850580 
Averaging iterations... h=0.071429,0.000000
Done.
Final: Magnetisation = (0.574572,0.515677), Energy = -1.856513 
<M> = (0.628406,0.469672), <E> = -1.840884 

T=0.400000	 Thermalizing iterations... 
Done.
Thermalized Magnetisation = (0.612730,0.525178), Energy = -1.872752 
Averaging iterations... h=0.071429,0.000000
Done.
Final: Magnetisation = (0.584916,0.485443), Energy = -1.885504 
<M> = (0.630631,0.490309), <E> = -1.869660 

T=0.350000	 Thermalizing iterations... 
Done.
Thermalized Magnetisation = (0.657114,0.503969), Energy = -1.886040 
Averaging iterations... h=0.071429,0.000000
Done.
Final: Magnetisation = (0.651814,0.541114), Energy = -1.914041 
<M> = (0.632187,0.520573), <E> = -1.898442 

T=0.300000	 Thermalizing iterations... 
Done.
Thermalized Magnetisation = (0.640750,0.524431), Energy = -1.922986 
Averaging iterations... h=0.071429,0.000000
Done.
Final: Magnetisation = (0.689230,0.447432), Energy = -1.944355 
<M> = (0.639639,0.533791), <E> = -1.925827 

T=0.250000	 Thermalizing iterations... 
Done.
Thermalized Magnetisation = (0.593149,0.573325), Energy = -1.947485 
Averaging iterations... h=0.071429,0.000000
Done.
Final: Magnetisation = (0.588885,0.616069), Energy = -1.950558 
<M> = (0.638264,0.554188), <E> = -1.952879 

T=0.200000	 Thermalizing iterations... 
Done.
Thermalized Magnetisation = (0.644350,0.575646), Energy = -1.976968 
Averaging iterations... h=0.071429,0.000000
Done.
Final: Magnetisation = (0.643742,0.587877), Energy = -1.978236 
<M> = (0.645875,0.568918), <E> = -1.979606 

T=0.150000	 Thermalizing iterations... 
Done.
Thermalized Magnetisation = (0.631692,0.613991), Energy = -2.006409 
Averaging iterations... h=0.071429,0.000000
Done.
Final: Magnetisation = (0.643926,0.607238), Energy = -2.004749 
<M> = (0.647672,0.591559), <E> = -2.005792 

T=0.100000	 Thermalizing iterations... 
Done.
Thermalized Magnetisation = (0.677490,0.555446), Energy = -2.030908 
Averaging iterations... h=0.071429,0.000000
Done.
Final: Magnetisation = (0.685806,0.574710), Energy = -2.029758 
<M> = (0.647889,0.614002), <E> = -2.031814 

T=0.050000	 Thermalizing iterations... 
Done.
Thermalized Magnetisation = (0.665546,0.610107), Energy = -2.058115 
Averaging iterations... h=0.071429,0.000000
Done.
Final: Magnetisation = (0.669121,0.617127), Energy = -2.057810 
<M> = (0.651945,0.626021), <E> = -2.057295 
Final Magnetisation = (0.669121,0.617127), Energy = -2.057810 
------------------------

Updating all (first)black/(then)white checkerboard sites simultaneously.. 

ztne RFXY h rotating with |h|=0.071429 at T=0.000000..
loop 1

loop 2

Cooling protocol time (from T=2.000000 to T=0.000000) = 603.967883 

CPU Time elapsed total = 604.159503 
All done - 604 seconds elapsed.
