nearest neighbor initialized. 
J loaded. 
h loaded. 
L = 16, dim_L = 2, dim_S = 2
hysteresis_MCS_multiplier = 10, hysteresis_MCS_max = 100
RAND_MAX = 2147483647.000000,
 sizeof(int) = 4,
 sizeof(long) = 8,
 sizeof(double) = 8,
 sizeof(long int) = 8,
 sizeof(short int) = 2,
 sizeof(unsigned int) = 4,
 sizeof(RAND_MAX) = 4

OpenMP Active.

No. of THREADS = 24
No. of PROCESSORS = 24

-0.069820,-0.022207
order = ({1.000000-->-1.000000,0.000000}, 0, 1)
Initial Magnetisation = (-0.069820,-0.022207), Energy = 0.117887 
Cooling... 
T=2.000000	 Thermalizing iterations... 
Done.
Thermalized Magnetisation = (0.234892,-0.009479), Energy = -1.190793 
Averaging iterations... h=0.071429,0.000000
Done.
Final: Magnetisation = (0.100957,0.175777), Energy = -0.976613 
<M> = (0.062039,0.006862), <E> = -0.917261 

T=1.950000	 Thermalizing iterations... 
Done.
Thermalized Magnetisation = (-0.043785,0.087293), Energy = -0.866970 
Averaging iterations... h=0.071429,0.000000
Done.
Final: Magnetisation = (-0.127986,-0.301871), Energy = -1.129173 
<M> = (0.063974,0.002924), <E> = -0.930723 

T=1.900000	 Thermalizing iterations... 
Done.
Thermalized Magnetisation = (-0.018388,-0.003145), Energy = -0.918498 
Averaging iterations... h=0.071429,0.000000
Done.
Final: Magnetisation = (0.128157,0.288264), Energy = -0.630641 
<M> = (0.062039,0.009175), <E> = -0.950376 

T=1.850000	 Thermalizing iterations... 
Done.
Thermalized Magnetisation = (0.187992,0.170015), Energy = -1.184162 
Averaging iterations... h=0.071429,0.000000
Done.
Final: Magnetisation = (0.028504,0.098874), Energy = -1.133495 
<M> = (0.073450,0.011527), <E> = -0.974478 

T=1.800000	 Thermalizing iterations... 
Done.
Thermalized Magnetisation = (0.092891,-0.304761), Energy = -0.993653 
Averaging iterations... h=0.071429,0.000000
Done.
Final: Magnetisation = (0.308714,0.028713), Energy = -0.988170 
<M> = (0.071368,0.006639), <E> = -0.982455 

T=1.750000	 Thermalizing iterations... 
Done.
Thermalized Magnetisation = (0.231816,-0.108318), Energy = -0.788302 
Averaging iterations... h=0.071429,0.000000
Done.
Final: Magnetisation = (0.287844,-0.351373), Energy = -0.949036 
<M> = (0.081187,0.000907), <E> = -1.005408 

T=1.700000	 Thermalizing iterations... 
Done.
Thermalized Magnetisation = (0.183601,-0.470492), Energy = -1.028391 
Averaging iterations... h=0.071429,0.000000
Done.
Final: Magnetisation = (0.118358,-0.132358), Energy = -0.983112 
<M> = (0.076065,0.004744), <E> = -1.024923 

T=1.650000	 Thermalizing iterations... 
Done.
Thermalized Magnetisation = (0.207164,0.196831), Energy = -1.216293 
Averaging iterations... h=0.071429,0.000000
Done.
Final: Magnetisation = (0.105698,0.118976), Energy = -0.860724 
<M> = (0.076388,-0.011497), <E> = -1.047601 

T=1.600000	 Thermalizing iterations... 
Done.
Thermalized Magnetisation = (0.201719,0.169131), Energy = -1.097660 
Averaging iterations... h=0.071429,0.000000
Done.
Final: Magnetisation = (-0.248361,-0.002428), Energy = -1.081086 
<M> = (0.076637,-0.022432), <E> = -1.062412 

T=1.550000	 Thermalizing iterations... 
Done.
Thermalized Magnetisation = (0.142300,-0.085967), Energy = -1.205418 
Averaging iterations... h=0.071429,0.000000
Done.
Final: Magnetisation = (0.414392,0.180132), Energy = -1.270744 
<M> = (0.089998,-0.016786), <E> = -1.083003 

T=1.500000	 Thermalizing iterations... 
Done.
Thermalized Magnetisation = (0.349340,-0.013258), Energy = -1.068502 
Averaging iterations... h=0.071429,0.000000
Done.
Final: Magnetisation = (0.271756,-0.399152), Energy = -1.309599 
<M> = (0.117898,-0.009906), <E> = -1.113365 

T=1.450000	 Thermalizing iterations... 
Done.
Thermalized Magnetisation = (-0.198773,-0.261680), Energy = -0.912735 
Averaging iterations... h=0.071429,0.000000
Done.
Final: Magnetisation = (0.180285,-0.111570), Energy = -0.953161 
<M> = (0.113884,0.014279), <E> = -1.135500 

T=1.400000	 Thermalizing iterations... 
Done.
Thermalized Magnetisation = (0.097434,0.245972), Energy = -0.918019 
Averaging iterations... h=0.071429,0.000000
Done.
Final: Magnetisation = (0.066842,-0.004392), Energy = -1.177069 
<M> = (0.118392,-0.012818), <E> = -1.167112 

T=1.350000	 Thermalizing iterations... 
Done.
Thermalized Magnetisation = (0.355522,0.466904), Energy = -1.158415 
Averaging iterations... h=0.071429,0.000000
Done.
Final: Magnetisation = (0.133321,0.255291), Energy = -1.132629 
<M> = (0.139195,0.010964), <E> = -1.188344 

T=1.300000	 Thermalizing iterations... 
Done.
Thermalized Magnetisation = (0.189029,0.611455), Energy = -1.260021 
Averaging iterations... h=0.071429,0.000000
Done.
Final: Magnetisation = (0.344646,0.191365), Energy = -1.313514 
<M> = (0.157083,0.016154), <E> = -1.221917 

T=1.250000	 Thermalizing iterations... 
Done.
Thermalized Magnetisation = (0.605978,-0.070294), Energy = -1.328437 
Averaging iterations... h=0.071429,0.000000
Done.
Final: Magnetisation = (-0.023283,0.093621), Energy = -1.325799 
<M> = (0.164635,-0.016363), <E> = -1.244958 

T=1.200000	 Thermalizing iterations... 
Done.
Thermalized Magnetisation = (0.069626,0.228865), Energy = -1.136719 
Averaging iterations... h=0.071429,0.000000
Done.
Final: Magnetisation = (0.488481,-0.406570), Energy = -1.283861 
<M> = (0.207629,0.037842), <E> = -1.284802 

T=1.150000	 Thermalizing iterations... 
Done.
Thermalized Magnetisation = (0.476695,0.211430), Energy = -1.197571 
Averaging iterations... h=0.071429,0.000000
Done.
Final: Magnetisation = (-0.018846,0.305966), Energy = -1.570483 
<M> = (0.218630,-0.004804), <E> = -1.312441 

T=1.100000	 Thermalizing iterations... 
Done.
Thermalized Magnetisation = (-0.180960,-0.155104), Energy = -1.443230 
Averaging iterations... h=0.071429,0.000000
Done.
Final: Magnetisation = (0.226917,0.204560), Energy = -1.387475 
<M> = (0.245287,-0.000940), <E> = -1.348686 

T=1.050000	 Thermalizing iterations... 
Done.
Thermalized Magnetisation = (0.108648,-0.344848), Energy = -1.150983 
Averaging iterations... h=0.071429,0.000000
Done.
Final: Magnetisation = (0.043978,0.089654), Energy = -1.275780 
<M> = (0.289138,-0.057165), <E> = -1.397223 

T=1.000000	 Thermalizing iterations... 
Done.
Thermalized Magnetisation = (0.338374,0.081309), Energy = -1.268592 
Averaging iterations... h=0.071429,0.000000
Done.
Final: Magnetisation = (0.522582,-0.362174), Energy = -1.274081 
<M> = (0.304175,0.037103), <E> = -1.417243 

T=0.950000	 Thermalizing iterations... 
Done.
Thermalized Magnetisation = (0.651480,0.221824), Energy = -1.605780 
Averaging iterations... h=0.071429,0.000000
Done.
Final: Magnetisation = (0.026826,0.182768), Energy = -1.564497 
<M> = (0.369445,0.056750), <E> = -1.481624 

T=0.900000	 Thermalizing iterations... 
Done.
Thermalized Magnetisation = (-0.337559,0.633951), Energy = -1.611110 
Averaging iterations... h=0.071429,0.000000
Done.
Final: Magnetisation = (0.772327,0.086260), Energy = -1.480813 
<M> = (0.370665,-0.024076), <E> = -1.509891 

T=0.850000	 Thermalizing iterations... 
Done.
Thermalized Magnetisation = (-0.013290,0.724649), Energy = -1.627838 
Averaging iterations... h=0.071429,0.000000
Done.
Final: Magnetisation = (0.678861,-0.090420), Energy = -1.656710 
<M> = (0.421760,0.029678), <E> = -1.555760 

T=0.800000	 Thermalizing iterations... 
Done.
Thermalized Magnetisation = (0.334711,0.513398), Energy = -1.671511 
Averaging iterations... h=0.071429,0.000000
Done.
Final: Magnetisation = (0.630404,-0.227769), Energy = -1.594095 
<M> = (0.391131,0.127705), <E> = -1.589564 

T=0.750000	 Thermalizing iterations... 
Done.
Thermalized Magnetisation = (0.628546,-0.467808), Energy = -1.699352 
Averaging iterations... h=0.071429,0.000000
Done.
Final: Magnetisation = (0.584429,0.550439), Energy = -1.692901 
<M> = (0.541707,-0.123784), <E> = -1.648161 

T=0.700000	 Thermalizing iterations... 
Done.
Thermalized Magnetisation = (0.507258,0.554109), Energy = -1.684017 
Averaging iterations... h=0.071429,0.000000
Done.
Final: Magnetisation = (0.631931,-0.013065), Energy = -1.684678 
<M> = (0.544265,0.039781), <E> = -1.676216 

T=0.650000	 Thermalizing iterations... 
Done.
Thermalized Magnetisation = (0.741395,-0.265507), Energy = -1.778478 
Averaging iterations... h=0.071429,0.000000
Done.
Final: Magnetisation = (0.263822,-0.511235), Energy = -1.716951 
<M> = (0.565650,0.129216), <E> = -1.717097 

T=0.600000	 Thermalizing iterations... 
Done.
Thermalized Magnetisation = (0.329779,-0.707062), Energy = -1.715962 
Averaging iterations... h=0.071429,0.000000
Done.
Final: Magnetisation = (0.855463,-0.129588), Energy = -1.841316 
<M> = (0.646089,0.098690), <E> = -1.753075 

T=0.550000	 Thermalizing iterations... 
Done.
Thermalized Magnetisation = (0.524183,0.640078), Energy = -1.841166 
Averaging iterations... h=0.071429,0.000000
Done.
Final: Magnetisation = (0.707164,-0.263901), Energy = -1.719178 
<M> = (0.651248,-0.014898), <E> = -1.786880 

T=0.500000	 Thermalizing iterations... 
Done.
Thermalized Magnetisation = (0.465456,-0.620016), Energy = -1.773668 
Averaging iterations... h=0.071429,0.000000
Done.
Final: Magnetisation = (0.805509,-0.122831), Energy = -1.842236 
<M> = (0.657921,0.086915), <E> = -1.814569 

T=0.450000	 Thermalizing iterations... 
Done.
Thermalized Magnetisation = (0.892828,-0.068939), Energy = -1.950501 
Averaging iterations... h=0.071429,0.000000
Done.
Final: Magnetisation = (0.600133,-0.548209), Energy = -1.838228 
<M> = (0.727169,0.029307), <E> = -1.844857 

T=0.400000	 Thermalizing iterations... 
Done.
Thermalized Magnetisation = (0.822410,-0.046107), Energy = -1.847825 
Averaging iterations... h=0.071429,0.000000
Done.
Final: Magnetisation = (0.621356,-0.579170), Energy = -1.780213 
<M> = (0.631369,-0.417218), <E> = -1.873078 

T=0.350000	 Thermalizing iterations... 
Done.
Thermalized Magnetisation = (0.857074,-0.165920), Energy = -1.879237 
Averaging iterations... h=0.071429,0.000000
Done.
Final: Magnetisation = (0.745283,0.442573), Energy = -1.877072 
<M> = (0.743167,0.048780), <E> = -1.903867 

T=0.300000	 Thermalizing iterations... 
Done.
Thermalized Magnetisation = (0.808283,0.352497), Energy = -1.887793 
Averaging iterations... h=0.071429,0.000000
Done.
Final: Magnetisation = (0.839114,0.199290), Energy = -1.871440 
<M> = (0.793764,-0.033783), <E> = -1.932197 

T=0.250000	 Thermalizing iterations... 
Done.
Thermalized Magnetisation = (0.909222,0.149694), Energy = -1.977181 
Averaging iterations... h=0.071429,0.000000
Done.
Final: Magnetisation = (0.920650,-0.203098), Energy = -1.995026 
<M> = (0.816416,-0.071937), <E> = -1.958375 

T=0.200000	 Thermalizing iterations... 
Done.
Thermalized Magnetisation = (0.864316,-0.098001), Energy = -1.986424 
Averaging iterations... h=0.071429,0.000000
Done.
Final: Magnetisation = (0.675998,0.580826), Energy = -1.982238 
<M> = (0.835909,0.017675), <E> = -1.983832 

T=0.150000	 Thermalizing iterations... 
Done.
Thermalized Magnetisation = (0.775581,-0.582789), Energy = -2.023107 
Averaging iterations... h=0.071429,0.000000
Done.
Final: Magnetisation = (0.946257,0.098735), Energy = -2.018965 
<M> = (0.829272,0.036567), <E> = -2.008692 

T=0.100000	 Thermalizing iterations... 
Done.
Thermalized Magnetisation = (0.847396,0.380748), Energy = -2.030951 
Averaging iterations... h=0.071429,0.000000
Done.
Final: Magnetisation = (0.845368,-0.465663), Energy = -2.035451 
<M> = (0.814274,-0.268822), <E> = -2.033950 

T=0.050000	 Thermalizing iterations... 
Done.
Thermalized Magnetisation = (0.890735,-0.377336), Energy = -2.060667 
Averaging iterations... h=0.071429,0.000000
Done.
Final: Magnetisation = (0.762502,-0.556201), Energy = -2.060823 
<M> = (0.847962,-0.440528), <E> = -2.059568 
Final Magnetisation = (0.762502,-0.556201), Energy = -2.060823 
------------------------

Updating all (first)black/(then)white checkerboard sites simultaneously.. 

ztne RFXY h rotating with |h|=0.071429 at T=0.000000..
loop 1

loop 2

Cooling protocol time (from T=2.000000 to T=0.000000) = 49.969608 

CPU Time elapsed total = 49.999424 
All done - 50 seconds elapsed.
