nearest neighbor initialized. 
J loaded. 
h loaded. 
L = 32, dim_L = 2, dim_S = 2
hysteresis_MCS_multiplier = 10, hysteresis_MCS_max = 100
RAND_MAX = 2147483647.000000,
 sizeof(int) = 4,
 sizeof(long) = 8,
 sizeof(double) = 8,
 sizeof(long int) = 8,
 sizeof(short int) = 2,
 sizeof(unsigned int) = 4,
 sizeof(RAND_MAX) = 4

OpenMP Active.

No. of THREADS = 24
No. of PROCESSORS = 24

0.146148,0.078980
order = ({1.000000-->-1.000000,0.000000}, 0, 1)
Initial Magnetisation = (0.146148,0.078980), Energy = -0.038059 
Cooling... 
T=2.000000	 Thermalizing iterations... 
Done.
Thermalized Magnetisation = (0.007202,-0.227464), Energy = -0.554641 
Averaging iterations... h=0.071429,0.000000
Done.
Final: Magnetisation = (0.239440,-0.032264), Energy = -0.800939 
<M> = (0.067483,-0.000280), <E> = -0.759895 

T=1.950000	 Thermalizing iterations... 
Done.
Thermalized Magnetisation = (0.130965,0.189749), Energy = -0.691426 
Averaging iterations... h=0.071429,0.000000
Done.
Final: Magnetisation = (-0.212697,-0.060310), Energy = -0.776335 
<M> = (0.067364,0.005957), <E> = -0.778618 

T=1.900000	 Thermalizing iterations... 
Done.
Thermalized Magnetisation = (-0.009654,0.039378), Energy = -0.755285 
Averaging iterations... h=0.071429,0.000000
Done.
Final: Magnetisation = (0.134872,0.067833), Energy = -0.681676 
<M> = (0.072593,0.005974), <E> = -0.798046 

T=1.850000	 Thermalizing iterations... 
Done.
Thermalized Magnetisation = (0.028238,0.146081), Energy = -0.846954 
Averaging iterations... h=0.071429,0.000000
Done.
Final: Magnetisation = (0.245816,0.231897), Energy = -0.821684 
<M> = (0.081020,-0.001226), <E> = -0.819010 

T=1.800000	 Thermalizing iterations... 
Done.
Thermalized Magnetisation = (0.199224,0.133569), Energy = -0.967857 
Averaging iterations... h=0.071429,0.000000
Done.
Final: Magnetisation = (0.262752,-0.053993), Energy = -0.970460 
<M> = (0.083632,0.002751), <E> = -0.839251 

T=1.750000	 Thermalizing iterations... 
Done.
Thermalized Magnetisation = (-0.040616,0.079431), Energy = -0.735533 
Averaging iterations... h=0.071429,0.000000
Done.
Final: Magnetisation = (-0.055444,0.098838), Energy = -0.823059 
<M> = (0.089599,0.006092), <E> = -0.866709 

T=1.700000	 Thermalizing iterations... 
Done.
Thermalized Magnetisation = (0.112874,-0.025740), Energy = -0.830360 
Averaging iterations... h=0.071429,0.000000
Done.
Final: Magnetisation = (0.001797,-0.151659), Energy = -0.935021 
<M> = (0.096945,0.000899), <E> = -0.890784 

T=1.650000	 Thermalizing iterations... 
Done.
Thermalized Magnetisation = (-0.006404,0.078684), Energy = -0.485776 
Averaging iterations... h=0.071429,0.000000
Done.
Final: Magnetisation = (0.348975,0.007816), Energy = -0.957872 
<M> = (0.104603,-0.000091), <E> = -0.910592 

T=1.600000	 Thermalizing iterations... 
Done.
Thermalized Magnetisation = (-0.128313,0.098831), Energy = -1.048590 
Averaging iterations... h=0.071429,0.000000
Done.
Final: Magnetisation = (0.191597,-0.010664), Energy = -0.982164 
<M> = (0.116543,0.000946), <E> = -0.941072 

T=1.550000	 Thermalizing iterations... 
Done.
Thermalized Magnetisation = (0.133984,0.053905), Energy = -1.052301 
Averaging iterations... h=0.071429,0.000000
Done.
Final: Magnetisation = (0.307991,-0.069436), Energy = -1.053631 
<M> = (0.122663,-0.001577), <E> = -0.970126 

T=1.500000	 Thermalizing iterations... 
Done.
Thermalized Magnetisation = (0.053215,0.037948), Energy = -0.951025 
Averaging iterations... h=0.071429,0.000000
Done.
Final: Magnetisation = (0.249544,0.015891), Energy = -1.001175 
<M> = (0.139692,0.002480), <E> = -0.995657 

T=1.450000	 Thermalizing iterations... 
Done.
Thermalized Magnetisation = (0.232448,-0.195202), Energy = -1.122109 
Averaging iterations... h=0.071429,0.000000
Done.
Final: Magnetisation = (0.157771,0.249241), Energy = -1.011750 
<M> = (0.151171,0.000002), <E> = -1.031291 

T=1.400000	 Thermalizing iterations... 
Done.
Thermalized Magnetisation = (0.330751,0.264452), Energy = -1.161008 
Averaging iterations... h=0.071429,0.000000
Done.
Final: Magnetisation = (-0.052230,-0.084071), Energy = -1.134172 
<M> = (0.167910,0.013140), <E> = -1.066455 

T=1.350000	 Thermalizing iterations... 
Done.
Thermalized Magnetisation = (0.111791,-0.150636), Energy = -1.056792 
Averaging iterations... h=0.071429,0.000000
Done.
Final: Magnetisation = (0.184904,-0.011744), Energy = -1.137440 
<M> = (0.183584,-0.001234), <E> = -1.104431 

T=1.300000	 Thermalizing iterations... 
Done.
Thermalized Magnetisation = (0.393199,-0.228642), Energy = -1.290179 
Averaging iterations... h=0.071429,0.000000
Done.
Final: Magnetisation = (0.253151,-0.104114), Energy = -1.228704 
<M> = (0.201128,0.003374), <E> = -1.140824 

T=1.250000	 Thermalizing iterations... 
Done.
Thermalized Magnetisation = (0.072844,-0.150650), Energy = -0.990997 
Averaging iterations... h=0.071429,0.000000
Done.
Final: Magnetisation = (0.061201,0.142594), Energy = -1.331906 
<M> = (0.227900,-0.007077), <E> = -1.184427 

T=1.200000	 Thermalizing iterations... 
Done.
Thermalized Magnetisation = (0.380678,0.034052), Energy = -1.303436 
Averaging iterations... h=0.071429,0.000000
Done.
Final: Magnetisation = (0.213771,-0.053829), Energy = -1.144148 
<M> = (0.249555,-0.001877), <E> = -1.225423 

T=1.150000	 Thermalizing iterations... 
Done.
Thermalized Magnetisation = (0.421943,0.155005), Energy = -1.290393 
Averaging iterations... h=0.071429,0.000000
Done.
Final: Magnetisation = (0.093548,0.378705), Energy = -1.278606 
<M> = (0.285917,-0.006956), <E> = -1.273329 

T=1.100000	 Thermalizing iterations... 
Done.
Thermalized Magnetisation = (0.189827,-0.444864), Energy = -1.371398 
Averaging iterations... h=0.071429,0.000000
Done.
Final: Magnetisation = (0.362251,-0.020028), Energy = -1.348184 
<M> = (0.326971,0.006701), <E> = -1.321735 

T=1.050000	 Thermalizing iterations... 
Done.
Thermalized Magnetisation = (0.310679,0.064874), Energy = -1.212539 
Averaging iterations... h=0.071429,0.000000
Done.
Final: Magnetisation = (0.144181,-0.021099), Energy = -1.401475 
<M> = (0.352949,0.010086), <E> = -1.370517 

T=1.000000	 Thermalizing iterations... 
Done.
Thermalized Magnetisation = (0.464092,0.014514), Energy = -1.524401 
Averaging iterations... h=0.071429,0.000000
Done.
Final: Magnetisation = (0.208705,-0.391222), Energy = -1.403512 
<M> = (0.383958,-0.000553), <E> = -1.418203 

T=0.950000	 Thermalizing iterations... 
Done.
Thermalized Magnetisation = (0.390062,0.270926), Energy = -1.410923 
Averaging iterations... h=0.071429,0.000000
Done.
Final: Magnetisation = (0.344745,-0.091921), Energy = -1.419484 
<M> = (0.427217,0.001168), <E> = -1.467635 

T=0.900000	 Thermalizing iterations... 
Done.
Thermalized Magnetisation = (0.252276,-0.382024), Energy = -1.526603 
Averaging iterations... h=0.071429,0.000000
Done.
Final: Magnetisation = (0.508372,0.045842), Energy = -1.465564 
<M> = (0.456525,0.026117), <E> = -1.515802 

T=0.850000	 Thermalizing iterations... 
Done.
Thermalized Magnetisation = (0.298424,-0.289127), Energy = -1.597873 
Averaging iterations... h=0.071429,0.000000
Done.
Final: Magnetisation = (0.468228,-0.199439), Energy = -1.456456 
<M> = (0.503173,0.019976), <E> = -1.562731 

T=0.800000	 Thermalizing iterations... 
Done.
Thermalized Magnetisation = (0.722868,-0.208614), Energy = -1.600967 
Averaging iterations... h=0.071429,0.000000
Done.
Final: Magnetisation = (0.451238,0.040394), Energy = -1.519632 
<M> = (0.536961,0.028990), <E> = -1.606470 

T=0.750000	 Thermalizing iterations... 
Done.
Thermalized Magnetisation = (0.558821,-0.430350), Energy = -1.669670 
Averaging iterations... h=0.071429,0.000000
Done.
Final: Magnetisation = (0.595222,0.342717), Energy = -1.719445 
<M> = (0.576876,-0.003410), <E> = -1.647080 

T=0.700000	 Thermalizing iterations... 
Done.
Thermalized Magnetisation = (0.747211,-0.076276), Energy = -1.703162 
Averaging iterations... h=0.071429,0.000000
Done.
Final: Magnetisation = (0.588200,-0.088341), Energy = -1.691669 
<M> = (0.585167,0.012001), <E> = -1.685136 

T=0.650000	 Thermalizing iterations... 
Done.
Thermalized Magnetisation = (0.736429,-0.106274), Energy = -1.757485 
Averaging iterations... h=0.071429,0.000000
Done.
Final: Magnetisation = (0.700229,-0.299499), Energy = -1.655079 
<M> = (0.637381,-0.116492), <E> = -1.723059 

T=0.600000	 Thermalizing iterations... 
Done.
Thermalized Magnetisation = (0.737681,0.369139), Energy = -1.784300 
Averaging iterations... h=0.071429,0.000000
Done.
Final: Magnetisation = (0.605488,0.213151), Energy = -1.763843 
<M> = (0.641497,0.042219), <E> = -1.757633 

T=0.550000	 Thermalizing iterations... 
Done.
Thermalized Magnetisation = (0.705661,0.092558), Energy = -1.746224 
Averaging iterations... h=0.071429,0.000000
Done.
Final: Magnetisation = (0.714811,0.324684), Energy = -1.826282 
<M> = (0.654649,0.174745), <E> = -1.789725 

T=0.500000	 Thermalizing iterations... 
Done.
Thermalized Magnetisation = (0.713297,0.173688), Energy = -1.818953 
Averaging iterations... h=0.071429,0.000000
Done.
Final: Magnetisation = (0.696784,0.341524), Energy = -1.820489 
<M> = (0.680927,0.022799), <E> = -1.819467 

T=0.450000	 Thermalizing iterations... 
Done.
Thermalized Magnetisation = (0.817646,-0.158610), Energy = -1.892741 
Averaging iterations... h=0.071429,0.000000
Done.
Final: Magnetisation = (0.762527,-0.018249), Energy = -1.870475 
<M> = (0.683437,0.263533), <E> = -1.848829 

T=0.400000	 Thermalizing iterations... 
Done.
Thermalized Magnetisation = (0.677452,-0.442225), Energy = -1.850806 
Averaging iterations... h=0.071429,0.000000
Done.
Final: Magnetisation = (0.747580,-0.254344), Energy = -1.854521 
<M> = (0.693314,-0.357280), <E> = -1.877939 

T=0.350000	 Thermalizing iterations... 
Done.
Thermalized Magnetisation = (0.675276,-0.160695), Energy = -1.896141 
Averaging iterations... h=0.071429,0.000000
Done.
Final: Magnetisation = (0.681460,-0.469556), Energy = -1.894607 
<M> = (0.696245,-0.379501), <E> = -1.906459 

T=0.300000	 Thermalizing iterations... 
Done.
Thermalized Magnetisation = (0.615789,-0.520971), Energy = -1.939958 
Averaging iterations... h=0.071429,0.000000
Done.
Final: Magnetisation = (0.607617,-0.527272), Energy = -1.925556 
<M> = (0.689597,-0.416448), <E> = -1.934089 

T=0.250000	 Thermalizing iterations... 
Done.
Thermalized Magnetisation = (0.684697,-0.541847), Energy = -1.966058 
Averaging iterations... h=0.071429,0.000000
Done.
Final: Magnetisation = (0.733738,-0.400489), Energy = -1.963312 
<M> = (0.694691,-0.469936), <E> = -1.961335 

T=0.200000	 Thermalizing iterations... 
Done.
Thermalized Magnetisation = (0.598542,-0.632218), Energy = -1.972737 
Averaging iterations... h=0.071429,0.000000
Done.
Final: Magnetisation = (0.679846,-0.542465), Energy = -1.977208 
<M> = (0.698629,-0.481352), <E> = -1.987498 

T=0.150000	 Thermalizing iterations... 
Done.
Thermalized Magnetisation = (0.648648,-0.588512), Energy = -2.018130 
Averaging iterations... h=0.071429,0.000000
Done.
Final: Magnetisation = (0.693678,-0.531871), Energy = -2.013780 
<M> = (0.695516,-0.515727), <E> = -2.013993 

T=0.100000	 Thermalizing iterations... 
Done.
Thermalized Magnetisation = (0.719838,-0.517721), Energy = -2.037220 
Averaging iterations... h=0.071429,0.000000
Done.
Final: Magnetisation = (0.754418,-0.491585), Energy = -2.034571 
<M> = (0.698559,-0.547354), <E> = -2.040286 

T=0.050000	 Thermalizing iterations... 
Done.
Thermalized Magnetisation = (0.732349,-0.535655), Energy = -2.067431 
Averaging iterations... h=0.071429,0.000000
Done.
Final: Magnetisation = (0.669781,-0.607287), Energy = -2.065931 
<M> = (0.701114,-0.570106), <E> = -2.065676 
Final Magnetisation = (0.669781,-0.607287), Energy = -2.065931 
------------------------

Updating all (first)black/(then)white checkerboard sites simultaneously.. 

ztne RFXY h rotating with |h|=0.071429 at T=0.000000..
loop 1

loop 2

Cooling protocol time (from T=2.000000 to T=0.000000) = 183.647383 

CPU Time elapsed total = 183.696733 
All done - 184 seconds elapsed.
