+ cd /home/sbasak/Exercises/OpenMP/XY_code/Z2/rotating_field/trial/config/config_83
+ export OMP_NUM_THREADS=28
+ OMP_NUM_THREADS=28
+ ./a_64.out
nearest neighbor initialized. 
h loaded. 
J loaded. 
L = 128, dim_L = 2, dim_S = 2
hysteresis_MCS_multiplier = 10, hysteresis_MCS_max = 100
RAND_MAX = 2147483647.000000,
 sizeof(int) = 4,
 sizeof(long) = 8,
 sizeof(double) = 8,
 sizeof(long int) = 8,
 sizeof(short int) = 2,
 sizeof(unsigned int) = 4,
 sizeof(RAND_MAX) = 4
No. of THREADS = 28
No. of PROCESSORS = 28

0.057968,0.021076
order = ({1.000000-->-1.000000,0.000000}, 0, 1)
Initial Magnetisation = (0.057968,0.021076), Energy = 0.027106 
Cooling... 
T=2.000000	 Thermalizing iterations... 
Done.
Thermalized Magnetisation = (0.004997,-0.021875), Energy = -0.573016 
Averaging iterations... h=0.007812,0.000000
Done.
Final: Magnetisation = (0.004863,-0.032407), Energy = -0.562018 
<M> = (0.013963,0.000191), <E> = -0.607561 

T=1.990000	 Thermalizing iterations... 
Done.
Thermalized Magnetisation = (-0.012663,0.021310), Energy = -0.632382 
Averaging iterations... h=0.007812,0.000000
Done.
Final: Magnetisation = (-0.019141,-0.002376), Energy = -0.648214 
<M> = (0.015770,-0.001523), <E> = -0.611480 

T=1.980000	 Thermalizing iterations... 
Done.
Thermalized Magnetisation = (0.005634,0.017722), Energy = -0.637132 
Averaging iterations... h=0.007812,0.000000
Done.
Final: Magnetisation = (0.043590,0.012405), Energy = -0.615744 
<M> = (0.014634,-0.001043), <E> = -0.615919 

T=1.970000	 Thermalizing iterations... 
Done.
Thermalized Magnetisation = (0.013407,0.036642), Energy = -0.638984 
Averaging iterations... h=0.007812,0.000000
Done.
Final: Magnetisation = (-0.004067,-0.045915), Energy = -0.619402 
<M> = (0.015486,-0.001886), <E> = -0.619757 

T=1.960000	 Thermalizing iterations... 
Done.
Thermalized Magnetisation = (0.019510,-0.030281), Energy = -0.664320 
Averaging iterations... h=0.007812,0.000000
Done.
Final: Magnetisation = (0.002986,0.007075), Energy = -0.628684 
<M> = (0.016527,-0.000439), <E> = -0.622943 

T=1.950000	 Thermalizing iterations... 
Done.
Thermalized Magnetisation = (0.000031,-0.005151), Energy = -0.623117 
Averaging iterations... h=0.007812,0.000000
Done.
Final: Magnetisation = (0.061018,0.006471), Energy = -0.638596 
<M> = (0.017126,-0.000474), <E> = -0.626373 

T=1.940000	 Thermalizing iterations... 
Done.
Thermalized Magnetisation = (0.037373,-0.008504), Energy = -0.614229 
Averaging iterations... h=0.007812,0.000000
Done.
Final: Magnetisation = (0.060154,0.025869), Energy = -0.626840 
<M> = (0.016244,0.000189), <E> = -0.629644 

T=1.930000	 Thermalizing iterations... 
Done.
Thermalized Magnetisation = (0.010929,-0.001679), Energy = -0.636633 
Averaging iterations... h=0.007812,0.000000
Done.
Final: Magnetisation = (-0.064337,0.008421), Energy = -0.624026 
<M> = (0.015188,0.000742), <E> = -0.632759 

T=1.920000	 Thermalizing iterations... 
Done.
Thermalized Magnetisation = (-0.013380,0.039320), Energy = -0.661292 
Averaging iterations... h=0.007812,0.000000
Done.
Final: Magnetisation = (0.014206,-0.006880), Energy = -0.640321 
<M> = (0.016261,-0.001317), <E> = -0.637392 

T=1.910000	 Thermalizing iterations... 
Done.
Thermalized Magnetisation = (-0.023250,0.005405), Energy = -0.642923 
Averaging iterations... h=0.007812,0.000000
Done.
Final: Magnetisation = (0.012700,-0.021001), Energy = -0.678017 
<M> = (0.016513,-0.001280), <E> = -0.641864 

T=1.900000	 Thermalizing iterations... 
Done.
Thermalized Magnetisation = (0.101173,0.106735), Energy = -0.657683 
Averaging iterations... h=0.007812,0.000000
Done.
Final: Magnetisation = (-0.025387,-0.000589), Energy = -0.627206 
<M> = (0.017266,-0.002995), <E> = -0.645753 

T=1.890000	 Thermalizing iterations... 
Done.
Thermalized Magnetisation = (-0.022106,0.014038), Energy = -0.665831 
Averaging iterations... h=0.007812,0.000000
Done.
Final: Magnetisation = (-0.020890,0.025343), Energy = -0.641705 
<M> = (0.017345,-0.002152), <E> = -0.650104 

T=1.880000	 Thermalizing iterations... 
Done.
Thermalized Magnetisation = (0.021036,-0.036342), Energy = -0.636102 
Averaging iterations... h=0.007812,0.000000
Done.
Final: Magnetisation = (-0.027923,-0.005494), Energy = -0.673582 
<M> = (0.018385,-0.001558), <E> = -0.653992 

T=1.870000	 Thermalizing iterations... 
Done.
Thermalized Magnetisation = (0.003489,0.016497), Energy = -0.640576 
Averaging iterations... h=0.007812,0.000000
Done.
Final: Magnetisation = (0.019264,0.013082), Energy = -0.662092 
<M> = (0.017787,0.001484), <E> = -0.657137 

T=1.860000	 Thermalizing iterations... 
Done.
Thermalized Magnetisation = (-0.002122,0.009584), Energy = -0.618500 
Averaging iterations... h=0.007812,0.000000
Done.
Final: Magnetisation = (0.056511,-0.033242), Energy = -0.629972 
<M> = (0.017339,-0.000521), <E> = -0.660799 

T=1.850000	 Thermalizing iterations... 
Done.
Thermalized Magnetisation = (0.007032,0.075159), Energy = -0.666298 
Averaging iterations... h=0.007812,0.000000
Done.
Final: Magnetisation = (0.063870,-0.034776), Energy = -0.689374 
<M> = (0.017397,0.000148), <E> = -0.665290 

T=1.840000	 Thermalizing iterations... 
Done.
Thermalized Magnetisation = (0.026640,0.021838), Energy = -0.672385 
Averaging iterations... h=0.007812,0.000000
Done.
Final: Magnetisation = (0.035026,-0.012548), Energy = -0.698961 
<M> = (0.019216,-0.001473), <E> = -0.670092 

T=1.830000	 Thermalizing iterations... 
Done.
Thermalized Magnetisation = (0.076213,-0.001203), Energy = -0.667941 
Averaging iterations... h=0.007812,0.000000
Done.
Final: Magnetisation = (0.018238,0.041352), Energy = -0.666127 
<M> = (0.018148,-0.002569), <E> = -0.674663 

T=1.820000	 Thermalizing iterations... 
Done.
Thermalized Magnetisation = (0.014136,0.042332), Energy = -0.669379 
Averaging iterations... h=0.007812,0.000000
Done.
Final: Magnetisation = (0.030754,-0.041065), Energy = -0.660963 
<M> = (0.019026,-0.002289), <E> = -0.679498 

T=1.810000	 Thermalizing iterations... 
Done.
Thermalized Magnetisation = (0.002617,0.033506), Energy = -0.674144 
Averaging iterations... h=0.007812,0.000000
Done.
Final: Magnetisation = (0.007681,0.025875), Energy = -0.654297 
<M> = (0.021371,-0.001971), <E> = -0.683705 

T=1.800000	 Thermalizing iterations... 
Done.
Thermalized Magnetisation = (-0.028092,-0.026227), Energy = -0.671027 
Averaging iterations... h=0.007812,0.000000
Done.
Final: Magnetisation = (0.020847,0.027262), Energy = -0.715311 
<M> = (0.021833,-0.000717), <E> = -0.687342 

T=1.790000	 Thermalizing iterations... 
Done.
Thermalized Magnetisation = (0.033954,-0.042575), Energy = -0.694558 
Averaging iterations... h=0.007812,0.000000
Done.
Final: Magnetisation = (-0.026265,-0.063635), Energy = -0.689318 
<M> = (0.019740,0.000090), <E> = -0.691714 

T=1.780000	 Thermalizing iterations... 
Done.
Thermalized Magnetisation = (0.032280,-0.028476), Energy = -0.702786 
Averaging iterations... h=0.007812,0.000000
Done.
Final: Magnetisation = (0.047471,0.001789), Energy = -0.695425 
<M> = (0.019577,0.001205), <E> = -0.695770 

T=1.770000	 Thermalizing iterations... 
Done.
Thermalized Magnetisation = (0.031487,0.036678), Energy = -0.713782 
Averaging iterations... h=0.007812,0.000000
Done.
Final: Magnetisation = (0.020282,0.096726), Energy = -0.713001 
<M> = (0.021181,-0.002992), <E> = -0.701480 

T=1.760000	 Thermalizing iterations... 
Done.
Thermalized Magnetisation = (0.018472,0.017363), Energy = -0.752269 
Averaging iterations... h=0.007812,0.000000
Done.
Final: Magnetisation = (0.065100,-0.030629), Energy = -0.696705 
<M> = (0.021237,-0.000491), <E> = -0.706193 

T=1.750000	 Thermalizing iterations... 
Done.
Thermalized Magnetisation = (-0.014985,0.006178), Energy = -0.707860 
Averaging iterations... h=0.007812,0.000000
Done.
Final: Magnetisation = (0.070998,-0.026054), Energy = -0.682722 
<M> = (0.020347,-0.002586), <E> = -0.711275 

T=1.740000	 Thermalizing iterations... 
Done.
Thermalized Magnetisation = (0.057469,0.005941), Energy = -0.699487 
Averaging iterations... h=0.007812,0.000000
Done.
Final: Magnetisation = (0.028328,-0.016608), Energy = -0.716406 
<M> = (0.022098,-0.002315), <E> = -0.716249 

T=1.730000	 Thermalizing iterations... 
Done.
Thermalized Magnetisation = (0.038793,-0.039968), Energy = -0.725960 
Averaging iterations... h=0.007812,0.000000
Done.
Final: Magnetisation = (-0.035919,-0.061366), Energy = -0.724303 
<M> = (0.024120,-0.000468), <E> = -0.720822 

T=1.720000	 Thermalizing iterations... 
Done.
Thermalized Magnetisation = (0.012428,-0.059737), Energy = -0.723509 
Averaging iterations... h=0.007812,0.000000
Done.
Final: Magnetisation = (0.032857,0.019724), Energy = -0.732119 
<M> = (0.022094,0.001175), <E> = -0.724914 

T=1.710000	 Thermalizing iterations... 
Done.
Thermalized Magnetisation = (0.050864,-0.058927), Energy = -0.764245 
Averaging iterations... h=0.007812,0.000000
Done.
Final: Magnetisation = (0.039547,-0.031129), Energy = -0.739947 
<M> = (0.023102,-0.000623), <E> = -0.729785 

T=1.700000	 Thermalizing iterations... 
Done.
Thermalized Magnetisation = (0.064140,0.016266), Energy = -0.737698 
Averaging iterations... h=0.007812,0.000000
Done.
Final: Magnetisation = (0.032098,0.012629), Energy = -0.741571 
<M> = (0.024070,-0.000502), <E> = -0.735583 

T=1.690000	 Thermalizing iterations... 
Done.
Thermalized Magnetisation = (-0.045423,0.008553), Energy = -0.758631 
Averaging iterations... h=0.007812,0.000000
Done.
Final: Magnetisation = (0.038624,-0.066117), Energy = -0.746083 
<M> = (0.024137,-0.000363), <E> = -0.740551 

T=1.680000	 Thermalizing iterations... 
Done.
Thermalized Magnetisation = (-0.023806,-0.036310), Energy = -0.760066 
Averaging iterations... h=0.007812,0.000000
Done.
Final: Magnetisation = (0.005753,-0.103489), Energy = -0.754217 
<M> = (0.023855,-0.003553), <E> = -0.747064 

T=1.670000	 Thermalizing iterations... 
Done.
Thermalized Magnetisation = (0.000851,0.006809), Energy = -0.747942 
Averaging iterations... h=0.007812,0.000000
Done.
Final: Magnetisation = (0.042703,-0.073598), Energy = -0.787448 
<M> = (0.024626,-0.002129), <E> = -0.752091 

T=1.660000	 Thermalizing iterations... 
Done.
Thermalized Magnetisation = (-0.018063,-0.001254), Energy = -0.760008 
Averaging iterations... h=0.007812,0.000000
Done.
Final: Magnetisation = (0.042366,-0.019354), Energy = -0.758765 
<M> = (0.026662,-0.001506), <E> = -0.757469 

T=1.650000	 Thermalizing iterations... 
Done.
Thermalized Magnetisation = (0.014552,-0.021443), Energy = -0.755236 
Averaging iterations... h=0.007812,0.000000
Done.
Final: Magnetisation = (-0.017535,0.080916), Energy = -0.769614 
<M> = (0.028048,0.000695), <E> = -0.761934 

T=1.640000	 Thermalizing iterations... 
Done.
Thermalized Magnetisation = (0.059325,0.048993), Energy = -0.771687 
Averaging iterations... h=0.007812,0.000000
Done.
Final: Magnetisation = (0.076235,-0.039835), Energy = -0.775111 
<M> = (0.026207,0.001709), <E> = -0.767822 

T=1.630000	 Thermalizing iterations... 
Done.
Thermalized Magnetisation = (0.028658,0.003828), Energy = -0.798130 
Averaging iterations... h=0.007812,0.000000
Done.
Final: Magnetisation = (0.039060,0.005672), Energy = -0.720643 
<M> = (0.026728,0.000680), <E> = -0.772762 

T=1.620000	 Thermalizing iterations... 
Done.
Thermalized Magnetisation = (0.014507,-0.061692), Energy = -0.768132 
Averaging iterations... h=0.007812,0.000000
Done.
Final: Magnetisation = (0.089608,-0.026418), Energy = -0.783729 
<M> = (0.028274,-0.001291), <E> = -0.779384 

T=1.610000	 Thermalizing iterations... 
Done.
Thermalized Magnetisation = (0.042418,0.040558), Energy = -0.791533 
Averaging iterations... h=0.007812,0.000000
Done.
Final: Magnetisation = (0.010757,0.087407), Energy = -0.810912 
<M> = (0.027097,-0.001861), <E> = -0.785317 

T=1.600000	 Thermalizing iterations... 
Done.
Thermalized Magnetisation = (0.034180,-0.021716), Energy = -0.820174 
Averaging iterations... h=0.007812,0.000000
Done.
Final: Magnetisation = (-0.005424,-0.024264), Energy = -0.762998 
<M> = (0.028236,-0.004380), <E> = -0.792309 

T=1.590000	 Thermalizing iterations... 
Done.
Thermalized Magnetisation = (0.008812,0.004777), Energy = -0.770266 
Averaging iterations... h=0.007812,0.000000
Done.
Final: Magnetisation = (-0.077333,0.029085), Energy = -0.790073 
<M> = (0.028461,-0.002788), <E> = -0.797734 

T=1.580000	 Thermalizing iterations... 
Done.
Thermalized Magnetisation = (0.035489,0.004710), Energy = -0.786810 
Averaging iterations... h=0.007812,0.000000
Done.
Final: Magnetisation = (0.037704,-0.038437), Energy = -0.855715 
<M> = (0.032027,-0.000402), <E> = -0.803709 

T=1.570000	 Thermalizing iterations... 
Done.
Thermalized Magnetisation = (0.017947,0.030698), Energy = -0.828338 
Averaging iterations... h=0.007812,0.000000
Done.
Final: Magnetisation = (0.013511,0.031877), Energy = -0.805693 
<M> = (0.032226,0.000475), <E> = -0.809219 

T=1.560000	 Thermalizing iterations... 
Done.
Thermalized Magnetisation = (0.077123,-0.058953), Energy = -0.848886 
Averaging iterations... h=0.007812,0.000000
Done.
Final: Magnetisation = (-0.004428,-0.014606), Energy = -0.777500 
<M> = (0.032263,0.001063), <E> = -0.815156 

T=1.550000	 Thermalizing iterations... 
Done.
Thermalized Magnetisation = (-0.044930,0.004014), Energy = -0.768193 
Averaging iterations... h=0.007812,0.000000
Done.
Final: Magnetisation = (0.012850,0.024900), Energy = -0.811403 
<M> = (0.032495,0.000659), <E> = -0.822028 

T=1.540000	 Thermalizing iterations... 
Done.
Thermalized Magnetisation = (0.007753,0.074072), Energy = -0.831734 
Averaging iterations... h=0.007812,0.000000
Done.
Final: Magnetisation = (0.022619,-0.075277), Energy = -0.849422 
<M> = (0.033498,-0.000562), <E> = -0.828854 

T=1.530000	 Thermalizing iterations... 
Done.
Thermalized Magnetisation = (0.086409,-0.013654), Energy = -0.871164 
Averaging iterations... h=0.007812,0.000000
Done.
Final: Magnetisation = (0.050844,0.029836), Energy = -0.836345 
<M> = (0.033830,-0.004005), <E> = -0.835869 

T=1.520000	 Thermalizing iterations... 
Done.
Thermalized Magnetisation = (0.082226,0.075006), Energy = -0.856266 
Averaging iterations... h=0.007812,0.000000
Done.
Final: Magnetisation = (0.019235,-0.012070), Energy = -0.846642 
<M> = (0.034075,-0.003125), <E> = -0.842886 

T=1.510000	 Thermalizing iterations... 
Done.
Thermalized Magnetisation = (0.014680,-0.007040), Energy = -0.904477 
Averaging iterations... h=0.007812,0.000000
Done.
Final: Magnetisation = (0.033051,-0.006792), Energy = -0.828794 
<M> = (0.038454,-0.001017), <E> = -0.849391 

T=1.500000	 Thermalizing iterations... 
Done.
Thermalized Magnetisation = (0.068681,-0.074692), Energy = -0.874292 
Averaging iterations... h=0.007812,0.000000
Done.
Final: Magnetisation = (0.014423,-0.053221), Energy = -0.840280 
<M> = (0.039100,0.001864), <E> = -0.855774 

T=1.490000	 Thermalizing iterations... 
Done.
Thermalized Magnetisation = (0.051380,-0.019860), Energy = -0.851689 
Averaging iterations... h=0.007812,0.000000
Done.
Final: Magnetisation = (0.021164,0.109337), Energy = -0.865875 
<M> = (0.037400,0.001990), <E> = -0.862033 

T=1.480000	 Thermalizing iterations... 
Done.
Thermalized Magnetisation = (0.050251,-0.027010), Energy = -0.834656 
Averaging iterations... h=0.007812,0.000000
Done.
Final: Magnetisation = (0.056824,-0.028388), Energy = -0.847608 
<M> = (0.034990,0.002478), <E> = -0.868704 

T=1.470000	 Thermalizing iterations... 
Done.
Thermalized Magnetisation = (0.073228,-0.022557), Energy = -0.886872 
Averaging iterations... h=0.007812,0.000000
Done.
Final: Magnetisation = (0.071685,-0.033925), Energy = -0.885383 
<M> = (0.039513,-0.001514), <E> = -0.876744 

T=1.460000	 Thermalizing iterations... 
Done.
Thermalized Magnetisation = (0.020631,0.060569), Energy = -0.884031 
Averaging iterations... h=0.007812,0.000000
Done.
Final: Magnetisation = (0.064257,0.023601), Energy = -0.865033 
<M> = (0.039371,-0.002099), <E> = -0.884994 

T=1.450000	 Thermalizing iterations... 
Done.
Thermalized Magnetisation = (0.058802,0.033413), Energy = -0.899509 
Averaging iterations... h=0.007812,0.000000
Done.
Final: Magnetisation = (-0.012354,-0.013413), Energy = -0.891082 
<M> = (0.041590,-0.006956), <E> = -0.892823 

T=1.440000	 Thermalizing iterations... 
Done.
Thermalized Magnetisation = (0.080575,-0.066790), Energy = -0.905506 
Averaging iterations... h=0.007812,0.000000
Done.
Final: Magnetisation = (0.058178,-0.052211), Energy = -0.908784 
<M> = (0.043972,-0.005294), <E> = -0.900496 

T=1.430000	 Thermalizing iterations... 
Done.
Thermalized Magnetisation = (0.032874,-0.067782), Energy = -0.921059 
Averaging iterations... h=0.007812,0.000000
Done.
Final: Magnetisation = (0.028229,0.041103), Energy = -0.918249 
<M> = (0.046276,0.000933), <E> = -0.906566 

T=1.420000	 Thermalizing iterations... 
Done.
Thermalized Magnetisation = (0.125565,0.036917), Energy = -0.917241 
Averaging iterations... h=0.007812,0.000000
Done.
Final: Magnetisation = (0.039264,-0.032606), Energy = -0.890540 
<M> = (0.045729,-0.001209), <E> = -0.914420 

T=1.410000	 Thermalizing iterations... 
Done.
Thermalized Magnetisation = (0.037018,0.004917), Energy = -0.932429 
Averaging iterations... h=0.007812,0.000000
Done.
Final: Magnetisation = (-0.014033,0.025465), Energy = -0.956213 
<M> = (0.045038,0.005190), <E> = -0.921809 

T=1.400000	 Thermalizing iterations... 
Done.
Thermalized Magnetisation = (0.052058,-0.035648), Energy = -0.898130 
Averaging iterations... h=0.007812,0.000000
Done.
Final: Magnetisation = (0.075110,0.074380), Energy = -0.902866 
<M> = (0.048029,-0.000915), <E> = -0.930973 

T=1.390000	 Thermalizing iterations... 
Done.
Thermalized Magnetisation = (0.010784,-0.013158), Energy = -0.938364 
Averaging iterations... h=0.007812,0.000000
Done.
Final: Magnetisation = (0.060781,-0.036847), Energy = -0.959929 
<M> = (0.048865,-0.002833), <E> = -0.939297 

T=1.380000	 Thermalizing iterations... 
Done.
Thermalized Magnetisation = (0.013013,-0.024536), Energy = -0.937543 
Averaging iterations... h=0.007812,0.000000
Done.
Final: Magnetisation = (0.040697,-0.038792), Energy = -0.901445 
<M> = (0.050447,-0.010303), <E> = -0.948036 

T=1.370000	 Thermalizing iterations... 
Done.
Thermalized Magnetisation = (-0.009226,-0.048789), Energy = -0.935502 
Averaging iterations... h=0.007812,0.000000
Done.
Final: Magnetisation = (-0.003609,-0.047849), Energy = -0.915435 
<M> = (0.049602,-0.005646), <E> = -0.956671 

T=1.360000	 Thermalizing iterations... 
Done.
Thermalized Magnetisation = (0.034393,0.029530), Energy = -0.995732 
Averaging iterations... h=0.007812,0.000000
Done.
Final: Magnetisation = (0.100883,0.091004), Energy = -0.997511 
<M> = (0.053116,-0.005202), <E> = -0.965172 

T=1.350000	 Thermalizing iterations... 
Done.
Thermalized Magnetisation = (0.095966,0.093760), Energy = -0.961637 
Averaging iterations... h=0.007812,0.000000
Done.
Final: Magnetisation = (0.015659,0.064556), Energy = -0.961215 
<M> = (0.057384,0.004081), <E> = -0.972744 

T=1.340000	 Thermalizing iterations... 
Done.
Thermalized Magnetisation = (0.148378,0.039404), Energy = -1.052652 
Averaging iterations... h=0.007812,0.000000
Done.
Final: Magnetisation = (0.106825,-0.009696), Energy = -0.996537 
<M> = (0.053422,0.003271), <E> = -0.981008 

T=1.330000	 Thermalizing iterations... 
Done.
Thermalized Magnetisation = (0.087952,0.018223), Energy = -1.000305 
Averaging iterations... h=0.007812,0.000000
Done.
Final: Magnetisation = (0.067611,-0.048572), Energy = -1.008476 
<M> = (0.056930,0.001121), <E> = -0.990501 

T=1.320000	 Thermalizing iterations... 
Done.
Thermalized Magnetisation = (0.092309,-0.023021), Energy = -1.004554 
Averaging iterations... h=0.007812,0.000000
Done.
Final: Magnetisation = (0.024553,-0.027812), Energy = -0.965422 
<M> = (0.060914,-0.005699), <E> = -1.000353 

T=1.310000	 Thermalizing iterations... 
Done.
Thermalized Magnetisation = (0.129029,-0.000247), Energy = -1.057758 
Averaging iterations... h=0.007812,0.000000
Done.
Final: Magnetisation = (0.035164,0.082137), Energy = -1.025625 
<M> = (0.061290,-0.008947), <E> = -1.011047 

T=1.300000	 Thermalizing iterations... 
Done.
Thermalized Magnetisation = (0.036721,-0.009734), Energy = -0.979791 
Averaging iterations... h=0.007812,0.000000
Done.
Final: Magnetisation = (0.091578,-0.011029), Energy = -1.059732 
<M> = (0.064899,-0.009517), <E> = -1.019903 

T=1.290000	 Thermalizing iterations... 
Done.
Thermalized Magnetisation = (0.057634,-0.042326), Energy = -1.021960 
Averaging iterations... h=0.007812,0.000000
Done.
Final: Magnetisation = (0.070643,0.000230), Energy = -1.029894 
<M> = (0.071970,-0.009151), <E> = -1.029515 

T=1.280000	 Thermalizing iterations... 
Done.
Thermalized Magnetisation = (0.049337,0.026238), Energy = -1.049739 
Averaging iterations... h=0.007812,0.000000
Done.
Final: Magnetisation = (0.059401,-0.004435), Energy = -1.046712 
<M> = (0.070423,0.000548), <E> = -1.037414 

T=1.270000	 Thermalizing iterations... 
Done.
Thermalized Magnetisation = (0.036054,0.005100), Energy = -1.027289 
Averaging iterations... h=0.007812,0.000000
Done.
Final: Magnetisation = (0.028593,0.011104), Energy = -1.043064 
<M> = (0.068612,0.002862), <E> = -1.046880 

T=1.260000	 Thermalizing iterations... 
Done.
Thermalized Magnetisation = (-0.004011,0.016693), Energy = -1.046762 
Averaging iterations... h=0.007812,0.000000
Done.
Final: Magnetisation = (0.049542,-0.031843), Energy = -1.050688 
<M> = (0.070691,0.008511), <E> = -1.056759 

T=1.250000	 Thermalizing iterations... 
Done.
Thermalized Magnetisation = (0.068279,-0.073181), Energy = -1.099931 
Averaging iterations... h=0.007812,0.000000
Done.
Final: Magnetisation = (0.019255,0.051637), Energy = -1.059052 
<M> = (0.075421,-0.004073), <E> = -1.067791 

T=1.240000	 Thermalizing iterations... 
Done.
Thermalized Magnetisation = (0.105257,-0.030209), Energy = -1.097213 
Averaging iterations... h=0.007812,0.000000
Done.
Final: Magnetisation = (0.029846,-0.014873), Energy = -1.052327 
<M> = (0.077304,0.001899), <E> = -1.078991 

T=1.230000	 Thermalizing iterations... 
Done.
Thermalized Magnetisation = (0.077205,0.142760), Energy = -1.094481 
Averaging iterations... h=0.007812,0.000000
Done.
Final: Magnetisation = (0.054955,-0.115135), Energy = -1.034203 
<M> = (0.078848,-0.012643), <E> = -1.089981 

T=1.220000	 Thermalizing iterations... 
Done.
Thermalized Magnetisation = (0.097891,-0.061993), Energy = -1.093938 
Averaging iterations... h=0.007812,0.000000
Done.
Final: Magnetisation = (0.092162,-0.054053), Energy = -1.111626 
<M> = (0.079345,-0.011725), <E> = -1.099420 

T=1.210000	 Thermalizing iterations... 
Done.
Thermalized Magnetisation = (0.078802,0.083325), Energy = -1.066423 
Averaging iterations... h=0.007812,0.000000
Done.
Final: Magnetisation = (0.093137,-0.049614), Energy = -1.132784 
<M> = (0.086623,-0.008012), <E> = -1.109756 

T=1.200000	 Thermalizing iterations... 
Done.
Thermalized Magnetisation = (0.176677,-0.073766), Energy = -1.110189 
Averaging iterations... h=0.007812,0.000000
Done.
Final: Magnetisation = (0.118178,0.073072), Energy = -1.142666 
<M> = (0.088976,0.005987), <E> = -1.120591 

T=1.190000	 Thermalizing iterations... 
Done.
Thermalized Magnetisation = (0.150352,0.028054), Energy = -1.106578 
Averaging iterations... h=0.007812,0.000000
Done.
Final: Magnetisation = (0.085598,-0.052162), Energy = -1.127761 
<M> = (0.087766,0.008039), <E> = -1.130219 

T=1.180000	 Thermalizing iterations... 
Done.
Thermalized Magnetisation = (0.056842,-0.049867), Energy = -1.127642 
Averaging iterations... h=0.007812,0.000000
Done.
Final: Magnetisation = (0.080862,0.014157), Energy = -1.095951 
<M> = (0.095378,0.001839), <E> = -1.142075 

T=1.170000	 Thermalizing iterations... 
Done.
Thermalized Magnetisation = (0.013043,0.130853), Energy = -1.160259 
Averaging iterations... h=0.007812,0.000000
Done.
Final: Magnetisation = (0.082632,0.148707), Energy = -1.157344 
<M> = (0.102346,0.003797), <E> = -1.153726 

T=1.160000	 Thermalizing iterations... 
Done.
Thermalized Magnetisation = (0.148201,-0.231286), Energy = -1.198400 
Averaging iterations... h=0.007812,0.000000
Done.
Final: Magnetisation = (0.080824,-0.117704), Energy = -1.168567 
<M> = (0.102430,-0.023935), <E> = -1.166732 

T=1.150000	 Thermalizing iterations... 
Done.
Thermalized Magnetisation = (0.092137,-0.125380), Energy = -1.214073 
Averaging iterations... h=0.007812,0.000000
Done.
Final: Magnetisation = (0.121510,0.019101), Energy = -1.168414 
<M> = (0.104441,-0.014012), <E> = -1.177752 

T=1.140000	 Thermalizing iterations... 
Done.
Thermalized Magnetisation = (0.085968,-0.107276), Energy = -1.204129 
Averaging iterations... h=0.007812,0.000000
Done.
Final: Magnetisation = (0.171052,-0.047308), Energy = -1.176205 
<M> = (0.112449,-0.020099), <E> = -1.190458 

T=1.130000	 Thermalizing iterations... 
Done.
Thermalized Magnetisation = (0.010686,0.124051), Energy = -1.184768 
Averaging iterations... h=0.007812,0.000000
Done.
Final: Magnetisation = (0.114391,0.107983), Energy = -1.182638 
<M> = (0.110889,0.006153), <E> = -1.199776 

T=1.120000	 Thermalizing iterations... 
Done.
Thermalized Magnetisation = (0.111703,0.055992), Energy = -1.205349 
Averaging iterations... h=0.007812,0.000000
Done.
Final: Magnetisation = (0.096857,-0.107648), Energy = -1.228080 
<M> = (0.114769,-0.000948), <E> = -1.211087 

T=1.110000	 Thermalizing iterations... 
Done.
Thermalized Magnetisation = (0.112272,-0.047035), Energy = -1.207450 
Averaging iterations... h=0.007812,0.000000
Done.
Final: Magnetisation = (0.140598,0.049550), Energy = -1.223158 
<M> = (0.116991,0.019531), <E> = -1.221082 

T=1.100000	 Thermalizing iterations... 
Done.
Thermalized Magnetisation = (0.050547,-0.153339), Energy = -1.259370 
Averaging iterations... h=0.007812,0.000000
Done.
Final: Magnetisation = (0.115502,-0.092606), Energy = -1.232147 
<M> = (0.121743,0.011563), <E> = -1.235566 

T=1.090000	 Thermalizing iterations... 
Done.
Thermalized Magnetisation = (0.134049,-0.016818), Energy = -1.265909 
Averaging iterations... h=0.007812,0.000000
Done.
Final: Magnetisation = (0.054410,0.008704), Energy = -1.252750 
<M> = (0.126883,-0.022792), <E> = -1.248313 

T=1.080000	 Thermalizing iterations... 
Done.
Thermalized Magnetisation = (0.128300,-0.108338), Energy = -1.253899 
Averaging iterations... h=0.007812,0.000000
Done.
Final: Magnetisation = (0.105537,0.038237), Energy = -1.264815 
<M> = (0.130859,-0.045300), <E> = -1.260557 

T=1.070000	 Thermalizing iterations... 
Done.
Thermalized Magnetisation = (0.140240,0.121972), Energy = -1.291324 
Averaging iterations... h=0.007812,0.000000
Done.
Final: Magnetisation = (0.154129,0.101812), Energy = -1.252450 
<M> = (0.128430,-0.043870), <E> = -1.273036 

T=1.060000	 Thermalizing iterations... 
Done.
Thermalized Magnetisation = (0.135588,0.135175), Energy = -1.288210 
Averaging iterations... h=0.007812,0.000000
Done.
Final: Magnetisation = (0.152394,-0.220900), Energy = -1.322676 
<M> = (0.139793,0.021647), <E> = -1.285565 

T=1.050000	 Thermalizing iterations... 
Done.
Thermalized Magnetisation = (0.138024,-0.145298), Energy = -1.303091 
Averaging iterations... h=0.007812,0.000000
Done.
Final: Magnetisation = (0.113746,0.039238), Energy = -1.275274 
<M> = (0.142316,-0.031094), <E> = -1.296768 

T=1.040000	 Thermalizing iterations... 
Done.
Thermalized Magnetisation = (0.093429,0.127921), Energy = -1.292158 
Averaging iterations... h=0.007812,0.000000
Done.
Final: Magnetisation = (0.139851,-0.058917), Energy = -1.294499 
<M> = (0.136609,0.041983), <E> = -1.306635 

T=1.030000	 Thermalizing iterations... 
Done.
Thermalized Magnetisation = (0.095628,-0.200696), Energy = -1.287407 
Averaging iterations... h=0.007812,0.000000
Done.
Final: Magnetisation = (0.131778,0.046479), Energy = -1.332751 
<M> = (0.151712,0.007480), <E> = -1.320650 

T=1.020000	 Thermalizing iterations... 
Done.
Thermalized Magnetisation = (0.181054,-0.029723), Energy = -1.313791 
Averaging iterations... h=0.007812,0.000000
Done.
Final: Magnetisation = (0.126658,0.093339), Energy = -1.356791 
<M> = (0.147839,-0.052678), <E> = -1.334027 

T=1.010000	 Thermalizing iterations... 
Done.
Thermalized Magnetisation = (0.070583,0.038230), Energy = -1.333049 
Averaging iterations... h=0.007812,0.000000
Done.
Final: Magnetisation = (0.177124,-0.084534), Energy = -1.338833 
<M> = (0.146353,-0.169983), <E> = -1.350310 

T=1.000000	 Thermalizing iterations... 
Done.
Thermalized Magnetisation = (0.126873,-0.316748), Energy = -1.378209 
Averaging iterations... h=0.007812,0.000000
Done.
Final: Magnetisation = (0.191901,-0.113029), Energy = -1.378770 
<M> = (0.152907,-0.087166), <E> = -1.360747 

T=0.990000	 Thermalizing iterations... 
Done.
Thermalized Magnetisation = (0.101620,0.105493), Energy = -1.384094 
Averaging iterations... h=0.007812,0.000000
Done.
Final: Magnetisation = (0.157948,-0.174261), Energy = -1.365676 
<M> = (0.167972,-0.186403), <E> = -1.373627 

T=0.980000	 Thermalizing iterations... 
Done.
Thermalized Magnetisation = (0.123612,-0.079736), Energy = -1.374840 
Averaging iterations... h=0.007812,0.000000
Done.
Final: Magnetisation = (0.270324,0.016327), Energy = -1.402636 
<M> = (0.168289,-0.066331), <E> = -1.383999 

T=0.970000	 Thermalizing iterations... 
Done.
Thermalized Magnetisation = (0.147728,-0.056501), Energy = -1.369074 
Averaging iterations... h=0.007812,0.000000
Done.
Final: Magnetisation = (0.148202,-0.133776), Energy = -1.409013 
<M> = (0.172128,-0.108665), <E> = -1.395910 

T=0.960000	 Thermalizing iterations... 
Done.
Thermalized Magnetisation = (0.084264,-0.322221), Energy = -1.420944 
Averaging iterations... h=0.007812,0.000000
Done.
Final: Magnetisation = (0.190756,-0.158088), Energy = -1.388408 
<M> = (0.161045,-0.343410), <E> = -1.411812 

T=0.950000	 Thermalizing iterations... 
Done.
Thermalized Magnetisation = (0.058996,-0.496414), Energy = -1.420603 
Averaging iterations... h=0.007812,0.000000
Done.
Final: Magnetisation = (0.163109,-0.368218), Energy = -1.417097 
<M> = (0.159461,-0.415663), <E> = -1.429451 

T=0.940000	 Thermalizing iterations... 
Done.
Thermalized Magnetisation = (0.172760,-0.249432), Energy = -1.445621 
Averaging iterations... h=0.007812,0.000000
Done.
Final: Magnetisation = (0.089424,-0.288949), Energy = -1.430819 
<M> = (0.157946,-0.420614), <E> = -1.441361 

T=0.930000	 Thermalizing iterations... 
Done.
Thermalized Magnetisation = (0.247505,-0.054781), Energy = -1.433360 
Averaging iterations... h=0.007812,0.000000
Done.
Final: Magnetisation = (0.142449,-0.489203), Energy = -1.455626 
<M> = (0.164958,-0.358767), <E> = -1.451994 

T=0.920000	 Thermalizing iterations... 
Done.
Thermalized Magnetisation = (0.224768,-0.470243), Energy = -1.480062 
Averaging iterations... h=0.007812,0.000000
Done.
Final: Magnetisation = (0.123514,-0.567869), Energy = -1.458637 
<M> = (0.156716,-0.519468), <E> = -1.468717 

T=0.910000	 Thermalizing iterations... 
Done.
Thermalized Magnetisation = (0.149002,-0.371763), Energy = -1.474272 
Averaging iterations... h=0.007812,0.000000
Done.
Final: Magnetisation = (0.140053,-0.509231), Energy = -1.475617 
<M> = (0.165761,-0.471851), <E> = -1.475535 

T=0.900000	 Thermalizing iterations... 
Done.
Thermalized Magnetisation = (0.112643,-0.548138), Energy = -1.486713 
Averaging iterations... h=0.007812,0.000000
Done.
Final: Magnetisation = (0.249456,-0.477999), Energy = -1.483260 
<M> = (0.165306,-0.546588), <E> = -1.488768 

T=0.890000	 Thermalizing iterations... 
Done.
Thermalized Magnetisation = (0.096325,-0.515538), Energy = -1.493060 
Averaging iterations... h=0.007812,0.000000
Done.
Final: Magnetisation = (0.230065,-0.544800), Energy = -1.486982 
<M> = (0.152606,-0.549043), <E> = -1.498530 

T=0.880000	 Thermalizing iterations... 
Done.
Thermalized Magnetisation = (0.130225,-0.581397), Energy = -1.525928 
Averaging iterations... h=0.007812,0.000000
Done.
Final: Magnetisation = (0.199577,-0.583226), Energy = -1.518214 
<M> = (0.157379,-0.565750), <E> = -1.509767 

T=0.870000	 Thermalizing iterations... 
Done.
Thermalized Magnetisation = (0.149691,-0.621911), Energy = -1.536530 
Averaging iterations... h=0.007812,0.000000
Done.
Final: Magnetisation = (0.214070,-0.557044), Energy = -1.523814 
<M> = (0.148576,-0.587872), <E> = -1.521033 

T=0.860000	 Thermalizing iterations... 
Done.
Thermalized Magnetisation = (0.179760,-0.613778), Energy = -1.543362 
Averaging iterations... h=0.007812,0.000000
Done.
Final: Magnetisation = (0.147343,-0.578267), Energy = -1.520576 
<M> = (0.151733,-0.598879), <E> = -1.531021 

T=0.850000	 Thermalizing iterations... 
Done.
Thermalized Magnetisation = (0.105397,-0.613256), Energy = -1.530717 
Averaging iterations... h=0.007812,0.000000
Done.
Final: Magnetisation = (0.142119,-0.632632), Energy = -1.534093 
<M> = (0.152880,-0.600501), <E> = -1.539716 

T=0.840000	 Thermalizing iterations... 
Done.
Thermalized Magnetisation = (0.152408,-0.657259), Energy = -1.566292 
Averaging iterations... h=0.007812,0.000000
Done.
Final: Magnetisation = (0.167162,-0.638255), Energy = -1.582546 
<M> = (0.166203,-0.598939), <E> = -1.547798 

T=0.830000	 Thermalizing iterations... 
Done.
Thermalized Magnetisation = (0.227352,-0.548676), Energy = -1.560583 
Averaging iterations... h=0.007812,0.000000
Done.
Final: Magnetisation = (0.211050,-0.610597), Energy = -1.571832 
<M> = (0.167667,-0.604784), <E> = -1.556542 

T=0.820000	 Thermalizing iterations... 
Done.
Thermalized Magnetisation = (0.118885,-0.630558), Energy = -1.556002 
Averaging iterations... h=0.007812,0.000000
Done.
Final: Magnetisation = (0.167162,-0.631995), Energy = -1.553658 
<M> = (0.169953,-0.605263), <E> = -1.564184 

T=0.810000	 Thermalizing iterations... 
Done.
Thermalized Magnetisation = (0.142890,-0.662872), Energy = -1.554576 
Averaging iterations... h=0.007812,0.000000
Done.
Final: Magnetisation = (0.136478,-0.613213), Energy = -1.544616 
<M> = (0.155747,-0.622723), <E> = -1.573307 

T=0.800000	 Thermalizing iterations... 
Done.
Thermalized Magnetisation = (0.136352,-0.651556), Energy = -1.586173 
Averaging iterations... h=0.007812,0.000000
Done.
Final: Magnetisation = (0.147260,-0.634814), Energy = -1.580462 
<M> = (0.146075,-0.634667), <E> = -1.582458 

T=0.790000	 Thermalizing iterations... 
Done.
Thermalized Magnetisation = (0.086499,-0.675612), Energy = -1.599337 
Averaging iterations... h=0.007812,0.000000
Done.
Final: Magnetisation = (0.161553,-0.634875), Energy = -1.609520 
<M> = (0.150553,-0.640228), <E> = -1.591846 

T=0.780000	 Thermalizing iterations... 
Done.
Thermalized Magnetisation = (0.160449,-0.637900), Energy = -1.585917 
Averaging iterations... h=0.007812,0.000000
Done.
Final: Magnetisation = (0.129613,-0.650183), Energy = -1.595245 
<M> = (0.149711,-0.647789), <E> = -1.599663 

T=0.770000	 Thermalizing iterations... 
Done.
Thermalized Magnetisation = (0.196253,-0.650366), Energy = -1.600864 
Averaging iterations... h=0.007812,0.000000
Done.
Final: Magnetisation = (0.131122,-0.633608), Energy = -1.588958 
<M> = (0.156220,-0.650192), <E> = -1.607470 

T=0.760000	 Thermalizing iterations... 
Done.
Thermalized Magnetisation = (0.145121,-0.646274), Energy = -1.595413 
Averaging iterations... h=0.007812,0.000000
Done.
Final: Magnetisation = (0.231179,-0.661205), Energy = -1.624199 
<M> = (0.164238,-0.646522), <E> = -1.614201 

T=0.750000	 Thermalizing iterations... 
Done.
Thermalized Magnetisation = (0.195314,-0.631073), Energy = -1.615645 
Averaging iterations... h=0.007812,0.000000
Done.
Final: Magnetisation = (0.094344,-0.686645), Energy = -1.628517 
<M> = (0.163457,-0.654005), <E> = -1.621501 

T=0.740000	 Thermalizing iterations... 
Done.
Thermalized Magnetisation = (0.148136,-0.706173), Energy = -1.643528 
Averaging iterations... h=0.007812,0.000000
Done.
Final: Magnetisation = (0.120726,-0.674703), Energy = -1.634379 
<M> = (0.155936,-0.657764), <E> = -1.628449 

T=0.730000	 Thermalizing iterations... 
Done.
Thermalized Magnetisation = (0.166153,-0.664884), Energy = -1.628195 
Averaging iterations... h=0.007812,0.000000
Done.
Final: Magnetisation = (0.147876,-0.653859), Energy = -1.632282 
<M> = (0.157253,-0.664859), <E> = -1.637055 

T=0.720000	 Thermalizing iterations... 
Done.
Thermalized Magnetisation = (0.200093,-0.650323), Energy = -1.622503 
Averaging iterations... h=0.007812,0.000000
Done.
Final: Magnetisation = (0.153690,-0.660615), Energy = -1.643808 
<M> = (0.155616,-0.671771), <E> = -1.644543 

T=0.710000	 Thermalizing iterations... 
Done.
Thermalized Magnetisation = (0.140752,-0.664712), Energy = -1.642783 
Averaging iterations... h=0.007812,0.000000
Done.
Final: Magnetisation = (0.083883,-0.689316), Energy = -1.671034 
<M> = (0.152324,-0.677443), <E> = -1.651978 

T=0.700000	 Thermalizing iterations... 
Done.
Thermalized Magnetisation = (0.150466,-0.714368), Energy = -1.661560 
Averaging iterations... h=0.007812,0.000000
Done.
Final: Magnetisation = (0.103935,-0.686148), Energy = -1.658994 
<M> = (0.150425,-0.683176), <E> = -1.659433 

T=0.690000	 Thermalizing iterations... 
Done.
Thermalized Magnetisation = (0.132208,-0.698249), Energy = -1.666072 
Averaging iterations... h=0.007812,0.000000
Done.
Final: Magnetisation = (0.080182,-0.712251), Energy = -1.664337 
<M> = (0.160015,-0.684764), <E> = -1.666287 

T=0.680000	 Thermalizing iterations... 
Done.
Thermalized Magnetisation = (0.095478,-0.679933), Energy = -1.658924 
Averaging iterations... h=0.007812,0.000000
Done.
Final: Magnetisation = (0.135343,-0.695735), Energy = -1.678698 
<M> = (0.158566,-0.687451), <E> = -1.672332 

T=0.670000	 Thermalizing iterations... 
Done.
Thermalized Magnetisation = (0.159036,-0.689631), Energy = -1.672382 
Averaging iterations... h=0.007812,0.000000
Done.
Final: Magnetisation = (0.245369,-0.679264), Energy = -1.695123 
<M> = (0.157880,-0.690967), <E> = -1.679257 

T=0.660000	 Thermalizing iterations... 
Done.
Thermalized Magnetisation = (0.154531,-0.693961), Energy = -1.682130 
Averaging iterations... h=0.007812,0.000000
Done.
Final: Magnetisation = (0.145346,-0.660564), Energy = -1.691777 
<M> = (0.171121,-0.684425), <E> = -1.685892 

T=0.650000	 Thermalizing iterations... 
Done.
Thermalized Magnetisation = (0.108942,-0.705754), Energy = -1.693332 
Averaging iterations... h=0.007812,0.000000
Done.
Final: Magnetisation = (0.130337,-0.712346), Energy = -1.685109 
<M> = (0.155346,-0.699922), <E> = -1.693470 

T=0.640000	 Thermalizing iterations... 
Done.
Thermalized Magnetisation = (0.157103,-0.731910), Energy = -1.716839 
Averaging iterations... h=0.007812,0.000000
Done.
Final: Magnetisation = (0.181010,-0.692312), Energy = -1.701087 
<M> = (0.145380,-0.708333), <E> = -1.700689 

T=0.630000	 Thermalizing iterations... 
Done.
Thermalized Magnetisation = (0.129166,-0.714062), Energy = -1.702037 
Averaging iterations... h=0.007812,0.000000
Done.
Final: Magnetisation = (0.083855,-0.720709), Energy = -1.706014 
<M> = (0.147266,-0.711524), <E> = -1.707152 

T=0.620000	 Thermalizing iterations... 
Done.
Thermalized Magnetisation = (0.105645,-0.729727), Energy = -1.714880 
Averaging iterations... h=0.007812,0.000000
Done.
Final: Magnetisation = (0.208767,-0.703732), Energy = -1.721346 
<M> = (0.156362,-0.712384), <E> = -1.713616 

T=0.610000	 Thermalizing iterations... 
Done.
Thermalized Magnetisation = (0.183159,-0.700661), Energy = -1.720021 
Averaging iterations... h=0.007812,0.000000
Done.
Final: Magnetisation = (0.105274,-0.722315), Energy = -1.709889 
<M> = (0.156993,-0.713488), <E> = -1.719365 

T=0.600000	 Thermalizing iterations... 
Done.
Thermalized Magnetisation = (0.176419,-0.712942), Energy = -1.727806 
Averaging iterations... h=0.007812,0.000000
Done.
Final: Magnetisation = (0.146159,-0.724588), Energy = -1.729795 
<M> = (0.160854,-0.714885), <E> = -1.725724 

T=0.590000	 Thermalizing iterations... 
Done.
Thermalized Magnetisation = (0.095808,-0.717120), Energy = -1.723452 
Averaging iterations... h=0.007812,0.000000
Done.
Final: Magnetisation = (0.163120,-0.747702), Energy = -1.734993 
<M> = (0.165566,-0.718463), <E> = -1.732205 

T=0.580000	 Thermalizing iterations... 
Done.
Thermalized Magnetisation = (0.212600,-0.713155), Energy = -1.752114 
Averaging iterations... h=0.007812,0.000000
Done.
Final: Magnetisation = (0.142306,-0.732586), Energy = -1.748439 
<M> = (0.156137,-0.726125), <E> = -1.738835 

T=0.570000	 Thermalizing iterations... 
Done.
Thermalized Magnetisation = (0.137621,-0.732515), Energy = -1.750806 
Averaging iterations... h=0.007812,0.000000
Done.
Final: Magnetisation = (0.217370,-0.691985), Energy = -1.743269 
<M> = (0.158222,-0.730175), <E> = -1.745532 

T=0.560000	 Thermalizing iterations... 
Done.
Thermalized Magnetisation = (0.150671,-0.734059), Energy = -1.755141 
Averaging iterations... h=0.007812,0.000000
Done.
Final: Magnetisation = (0.168446,-0.717368), Energy = -1.751234 
<M> = (0.148885,-0.736776), <E> = -1.752133 

T=0.550000	 Thermalizing iterations... 
Done.
Thermalized Magnetisation = (0.167825,-0.732324), Energy = -1.761598 
Averaging iterations... h=0.007812,0.000000
Done.
Final: Magnetisation = (0.161071,-0.721740), Energy = -1.758828 
<M> = (0.147105,-0.739876), <E> = -1.758289 

T=0.540000	 Thermalizing iterations... 
Done.
Thermalized Magnetisation = (0.177679,-0.716301), Energy = -1.760865 
Averaging iterations... h=0.007812,0.000000
Done.
Final: Magnetisation = (0.158890,-0.759577), Energy = -1.758327 
<M> = (0.158660,-0.737934), <E> = -1.764027 

T=0.530000	 Thermalizing iterations... 
Done.
Thermalized Magnetisation = (0.201391,-0.738723), Energy = -1.770895 
Averaging iterations... h=0.007812,0.000000
Done.
Final: Magnetisation = (0.195641,-0.746007), Energy = -1.781882 
<M> = (0.160854,-0.737981), <E> = -1.769750 

T=0.520000	 Thermalizing iterations... 
Done.
Thermalized Magnetisation = (0.148575,-0.733908), Energy = -1.777951 
Averaging iterations... h=0.007812,0.000000
Done.
Final: Magnetisation = (0.140208,-0.741421), Energy = -1.773910 
<M> = (0.162976,-0.742917), <E> = -1.775736 

T=0.510000	 Thermalizing iterations... 
Done.
Thermalized Magnetisation = (0.114523,-0.753832), Energy = -1.782427 
Averaging iterations... h=0.007812,0.000000
Done.
Final: Magnetisation = (0.162120,-0.751876), Energy = -1.781954 
<M> = (0.156614,-0.748312), <E> = -1.781892 

T=0.500000	 Thermalizing iterations... 
Done.
Thermalized Magnetisation = (0.132821,-0.770461), Energy = -1.787400 
Averaging iterations... h=0.007812,0.000000
Done.
Final: Magnetisation = (0.171812,-0.762541), Energy = -1.791512 
<M> = (0.162076,-0.751791), <E> = -1.788413 

T=0.490000	 Thermalizing iterations... 
Done.
Thermalized Magnetisation = (0.120018,-0.768298), Energy = -1.790572 
Averaging iterations... h=0.007812,0.000000
Done.
Final: Magnetisation = (0.146245,-0.759567), Energy = -1.787372 
<M> = (0.149193,-0.758354), <E> = -1.794607 

T=0.480000	 Thermalizing iterations... 
Done.
Thermalized Magnetisation = (0.196246,-0.748239), Energy = -1.793552 
Averaging iterations... h=0.007812,0.000000
Done.
Final: Magnetisation = (0.123516,-0.749905), Energy = -1.785925 
<M> = (0.151664,-0.763253), <E> = -1.800417 

T=0.470000	 Thermalizing iterations... 
Done.
Thermalized Magnetisation = (0.206825,-0.758422), Energy = -1.816021 
Averaging iterations... h=0.007812,0.000000
Done.
Final: Magnetisation = (0.152539,-0.763005), Energy = -1.807617 
<M> = (0.160651,-0.760737), <E> = -1.806150 

T=0.460000	 Thermalizing iterations... 
Done.
Thermalized Magnetisation = (0.155547,-0.774457), Energy = -1.805085 
Averaging iterations... h=0.007812,0.000000
Done.
Final: Magnetisation = (0.138203,-0.773908), Energy = -1.801133 
<M> = (0.158068,-0.761139), <E> = -1.811728 

T=0.450000	 Thermalizing iterations... 
Done.
Thermalized Magnetisation = (0.208558,-0.750585), Energy = -1.819256 
Averaging iterations... h=0.007812,0.000000
Done.
Final: Magnetisation = (0.194262,-0.757801), Energy = -1.815310 
<M> = (0.158850,-0.764442), <E> = -1.817818 

T=0.440000	 Thermalizing iterations... 
Done.
Thermalized Magnetisation = (0.156405,-0.776291), Energy = -1.823067 
Averaging iterations... h=0.007812,0.000000
Done.
Final: Magnetisation = (0.189612,-0.762169), Energy = -1.826999 
<M> = (0.162759,-0.767549), <E> = -1.823495 

T=0.430000	 Thermalizing iterations... 
Done.
Thermalized Magnetisation = (0.108539,-0.788686), Energy = -1.836291 
Averaging iterations... h=0.007812,0.000000
Done.
Final: Magnetisation = (0.118671,-0.776711), Energy = -1.819523 
<M> = (0.158557,-0.773573), <E> = -1.829535 

T=0.420000	 Thermalizing iterations... 
Done.
Thermalized Magnetisation = (0.190635,-0.775163), Energy = -1.834836 
Averaging iterations... h=0.007812,0.000000
Done.
Final: Magnetisation = (0.148715,-0.775360), Energy = -1.837172 
<M> = (0.151084,-0.778227), <E> = -1.835325 

T=0.410000	 Thermalizing iterations... 
Done.
Thermalized Magnetisation = (0.196900,-0.780536), Energy = -1.846605 
Averaging iterations... h=0.007812,0.000000
Done.
Final: Magnetisation = (0.188073,-0.763207), Energy = -1.839898 
<M> = (0.151985,-0.784272), <E> = -1.841304 

T=0.400000	 Thermalizing iterations... 
Done.
Thermalized Magnetisation = (0.132680,-0.776644), Energy = -1.839170 
Averaging iterations... h=0.007812,0.000000
Done.
Final: Magnetisation = (0.143198,-0.794427), Energy = -1.845423 
<M> = (0.156012,-0.783124), <E> = -1.846920 

T=0.390000	 Thermalizing iterations... 
Done.
Thermalized Magnetisation = (0.124740,-0.786991), Energy = -1.847504 
Averaging iterations... h=0.007812,0.000000
Done.
Final: Magnetisation = (0.154122,-0.776407), Energy = -1.844430 
<M> = (0.160739,-0.784321), <E> = -1.852294 

T=0.380000	 Thermalizing iterations... 
Done.
Thermalized Magnetisation = (0.152547,-0.784677), Energy = -1.853335 
Averaging iterations... h=0.007812,0.000000
Done.
Final: Magnetisation = (0.164956,-0.790534), Energy = -1.861303 
<M> = (0.159917,-0.786406), <E> = -1.857882 

T=0.370000	 Thermalizing iterations... 
Done.
Thermalized Magnetisation = (0.209100,-0.789173), Energy = -1.871378 
Averaging iterations... h=0.007812,0.000000
Done.
Final: Magnetisation = (0.191186,-0.768758), Energy = -1.862410 
<M> = (0.167039,-0.787709), <E> = -1.863542 

T=0.360000	 Thermalizing iterations... 
Done.
Thermalized Magnetisation = (0.177283,-0.807906), Energy = -1.871723 
Averaging iterations... h=0.007812,0.000000
Done.
Final: Magnetisation = (0.175303,-0.790950), Energy = -1.865631 
<M> = (0.159623,-0.792418), <E> = -1.869204 

T=0.350000	 Thermalizing iterations... 
Done.
Thermalized Magnetisation = (0.138541,-0.790124), Energy = -1.873332 
Averaging iterations... h=0.007812,0.000000
Done.
Final: Magnetisation = (0.166904,-0.780856), Energy = -1.874123 
<M> = (0.155996,-0.797636), <E> = -1.875096 

T=0.340000	 Thermalizing iterations... 
Done.
Thermalized Magnetisation = (0.183053,-0.791410), Energy = -1.881173 
Averaging iterations... h=0.007812,0.000000
Done.
Final: Magnetisation = (0.192577,-0.801733), Energy = -1.882982 
<M> = (0.151070,-0.801203), <E> = -1.880919 

T=0.330000	 Thermalizing iterations... 
Done.
Thermalized Magnetisation = (0.133024,-0.811617), Energy = -1.886280 
Averaging iterations... h=0.007812,0.000000
Done.
Final: Magnetisation = (0.135396,-0.804743), Energy = -1.888302 
<M> = (0.151420,-0.804292), <E> = -1.886385 

T=0.320000	 Thermalizing iterations... 
Done.
Thermalized Magnetisation = (0.188662,-0.792311), Energy = -1.891842 
Averaging iterations... h=0.007812,0.000000
Done.
Final: Magnetisation = (0.153641,-0.816036), Energy = -1.894386 
<M> = (0.154581,-0.806763), <E> = -1.891632 

T=0.310000	 Thermalizing iterations... 
Done.
Thermalized Magnetisation = (0.174296,-0.792044), Energy = -1.892326 
Averaging iterations... h=0.007812,0.000000
Done.
Final: Magnetisation = (0.145861,-0.811164), Energy = -1.892598 
<M> = (0.164801,-0.804647), <E> = -1.896935 

T=0.300000	 Thermalizing iterations... 
Done.
Thermalized Magnetisation = (0.137412,-0.811035), Energy = -1.903423 
Averaging iterations... h=0.007812,0.000000
Done.
Final: Magnetisation = (0.166728,-0.795121), Energy = -1.900712 
<M> = (0.162499,-0.809623), <E> = -1.902615 

T=0.290000	 Thermalizing iterations... 
Done.
Thermalized Magnetisation = (0.171912,-0.813631), Energy = -1.907896 
Averaging iterations... h=0.007812,0.000000
Done.
Final: Magnetisation = (0.158647,-0.818718), Energy = -1.909175 
<M> = (0.158198,-0.814471), <E> = -1.907961 

T=0.280000	 Thermalizing iterations... 
Done.
Thermalized Magnetisation = (0.154841,-0.818886), Energy = -1.914593 
Averaging iterations... h=0.007812,0.000000
Done.
Final: Magnetisation = (0.144856,-0.817547), Energy = -1.913930 
<M> = (0.157484,-0.815564), <E> = -1.913450 

T=0.270000	 Thermalizing iterations... 
Done.
Thermalized Magnetisation = (0.149733,-0.830084), Energy = -1.920881 
Averaging iterations... h=0.007812,0.000000
Done.
Final: Magnetisation = (0.173464,-0.816760), Energy = -1.914393 
<M> = (0.158268,-0.819542), <E> = -1.919198 

T=0.260000	 Thermalizing iterations... 
Done.
Thermalized Magnetisation = (0.143325,-0.814982), Energy = -1.925249 
Averaging iterations... h=0.007812,0.000000
Done.
Final: Magnetisation = (0.136730,-0.820513), Energy = -1.924489 
<M> = (0.158835,-0.823937), <E> = -1.924541 

T=0.250000	 Thermalizing iterations... 
Done.
Thermalized Magnetisation = (0.178537,-0.820462), Energy = -1.929423 
Averaging iterations... h=0.007812,0.000000
Done.
Final: Magnetisation = (0.155229,-0.829025), Energy = -1.936501 
<M> = (0.158089,-0.825139), <E> = -1.929902 

T=0.240000	 Thermalizing iterations... 
Done.
Thermalized Magnetisation = (0.154994,-0.823692), Energy = -1.937015 
Averaging iterations... h=0.007812,0.000000
Done.
Final: Magnetisation = (0.173760,-0.826961), Energy = -1.934974 
<M> = (0.165319,-0.825953), <E> = -1.935209 

T=0.230000	 Thermalizing iterations... 
Done.
Thermalized Magnetisation = (0.123578,-0.833999), Energy = -1.941377 
Averaging iterations... h=0.007812,0.000000
Done.
Final: Magnetisation = (0.135375,-0.830845), Energy = -1.939427 
<M> = (0.157483,-0.828017), <E> = -1.940485 

T=0.220000	 Thermalizing iterations... 
Done.
Thermalized Magnetisation = (0.182548,-0.832375), Energy = -1.942877 
Averaging iterations... h=0.007812,0.000000
Done.
Final: Magnetisation = (0.173745,-0.818832), Energy = -1.943128 
<M> = (0.163456,-0.830924), <E> = -1.945667 

T=0.210000	 Thermalizing iterations... 
Done.
Thermalized Magnetisation = (0.125757,-0.837889), Energy = -1.948268 
Averaging iterations... h=0.007812,0.000000
Done.
Final: Magnetisation = (0.157441,-0.837281), Energy = -1.953138 
<M> = (0.157380,-0.834712), <E> = -1.951086 

T=0.200000	 Thermalizing iterations... 
Done.
Thermalized Magnetisation = (0.177959,-0.838414), Energy = -1.954783 
Averaging iterations... h=0.007812,0.000000
Done.
Final: Magnetisation = (0.175814,-0.830484), Energy = -1.952853 
<M> = (0.158179,-0.838386), <E> = -1.956495 

T=0.190000	 Thermalizing iterations... 
Done.
Thermalized Magnetisation = (0.165990,-0.839747), Energy = -1.961732 
Averaging iterations... h=0.007812,0.000000
Done.
Final: Magnetisation = (0.169917,-0.832713), Energy = -1.962968 
<M> = (0.157757,-0.841292), <E> = -1.961765 

T=0.180000	 Thermalizing iterations... 
Done.
Thermalized Magnetisation = (0.177759,-0.834133), Energy = -1.972109 
Averaging iterations... h=0.007812,0.000000
Done.
Final: Magnetisation = (0.147128,-0.842550), Energy = -1.967570 
<M> = (0.162323,-0.842927), <E> = -1.967094 

T=0.170000	 Thermalizing iterations... 
Done.
Thermalized Magnetisation = (0.151226,-0.849298), Energy = -1.970171 
Averaging iterations... h=0.007812,0.000000
Done.
Final: Magnetisation = (0.151439,-0.849499), Energy = -1.971852 
<M> = (0.159214,-0.844937), <E> = -1.972285 

T=0.160000	 Thermalizing iterations... 
Done.
Thermalized Magnetisation = (0.145576,-0.851762), Energy = -1.978411 
Averaging iterations... h=0.007812,0.000000
Done.
Final: Magnetisation = (0.154935,-0.848630), Energy = -1.979880 
<M> = (0.157231,-0.848059), <E> = -1.977398 

T=0.150000	 Thermalizing iterations... 
Done.
Thermalized Magnetisation = (0.189727,-0.845834), Energy = -1.983670 
Averaging iterations... h=0.007812,0.000000
Done.
Final: Magnetisation = (0.170043,-0.848602), Energy = -1.981780 
<M> = (0.162380,-0.848679), <E> = -1.982575 

T=0.140000	 Thermalizing iterations... 
Done.
Thermalized Magnetisation = (0.162165,-0.850541), Energy = -1.988297 
Averaging iterations... h=0.007812,0.000000
Done.
Final: Magnetisation = (0.165397,-0.853607), Energy = -1.988825 
<M> = (0.159959,-0.854127), <E> = -1.987895 

T=0.130000	 Thermalizing iterations... 
Done.
Thermalized Magnetisation = (0.169982,-0.858326), Energy = -1.995973 
Averaging iterations... h=0.007812,0.000000
Done.
Final: Magnetisation = (0.143609,-0.854139), Energy = -1.992064 
<M> = (0.156023,-0.856115), <E> = -1.993060 

T=0.120000	 Thermalizing iterations... 
Done.
Thermalized Magnetisation = (0.170806,-0.857733), Energy = -1.996988 
Averaging iterations... h=0.007812,0.000000
Done.
Final: Magnetisation = (0.154197,-0.859372), Energy = -1.998390 
<M> = (0.155182,-0.859066), <E> = -1.998265 

T=0.110000	 Thermalizing iterations... 
Done.
Thermalized Magnetisation = (0.155676,-0.857770), Energy = -2.004644 
Averaging iterations... h=0.007812,0.000000
Done.
Final: Magnetisation = (0.181706,-0.862839), Energy = -2.003453 
<M> = (0.165944,-0.859909), <E> = -2.003447 

T=0.100000	 Thermalizing iterations... 
Done.
Thermalized Magnetisation = (0.159665,-0.865431), Energy = -2.010383 
Averaging iterations... h=0.007812,0.000000
Done.
Final: Magnetisation = (0.172093,-0.859071), Energy = -2.008497 
<M> = (0.158105,-0.862519), <E> = -2.008540 

T=0.090000	 Thermalizing iterations... 
Done.
Thermalized Magnetisation = (0.168586,-0.865024), Energy = -2.012729 
Averaging iterations... h=0.007812,0.000000
Done.
Final: Magnetisation = (0.152240,-0.874445), Energy = -2.012667 
<M> = (0.160962,-0.865157), <E> = -2.013623 

T=0.080000	 Thermalizing iterations... 
Done.
Thermalized Magnetisation = (0.162880,-0.868192), Energy = -2.019661 
Averaging iterations... h=0.007812,0.000000
Done.
Final: Magnetisation = (0.172083,-0.868196), Energy = -2.020267 
<M> = (0.159943,-0.867429), <E> = -2.018712 

T=0.070000	 Thermalizing iterations... 
Done.
Thermalized Magnetisation = (0.157051,-0.874835), Energy = -2.023419 
Averaging iterations... h=0.007812,0.000000
Done.
Final: Magnetisation = (0.168022,-0.865138), Energy = -2.024055 
<M> = (0.158600,-0.871413), <E> = -2.023783 

T=0.060000	 Thermalizing iterations... 
Done.
Thermalized Magnetisation = (0.157219,-0.871232), Energy = -2.028171 
Averaging iterations... h=0.007812,0.000000
Done.
Final: Magnetisation = (0.157301,-0.874207), Energy = -2.028432 
<M> = (0.161550,-0.873023), <E> = -2.028906 

T=0.050000	 Thermalizing iterations... 
Done.
Thermalized Magnetisation = (0.163941,-0.872152), Energy = -2.034217 
Averaging iterations... h=0.007812,0.000000
Done.
Final: Magnetisation = (0.153931,-0.873464), Energy = -2.034046 
<M> = (0.161946,-0.874328), <E> = -2.033987 

T=0.040000	 Thermalizing iterations... 
Done.
Thermalized Magnetisation = (0.164136,-0.877265), Energy = -2.039115 
Averaging iterations... h=0.007812,0.000000
Done.
Final: Magnetisation = (0.162359,-0.876427), Energy = -2.038694 
<M> = (0.162822,-0.876948), <E> = -2.039065 

T=0.030000	 Thermalizing iterations... 
Done.
Thermalized Magnetisation = (0.163553,-0.881098), Energy = -2.044206 
Averaging iterations... h=0.007812,0.000000
Done.
Final: Magnetisation = (0.167317,-0.883325), Energy = -2.043816 
<M> = (0.159055,-0.881095), <E> = -2.044081 

T=0.020000	 Thermalizing iterations... 
Done.
Thermalized Magnetisation = (0.159426,-0.880280), Energy = -2.048971 
Averaging iterations... h=0.007812,0.000000
Done.
Final: Magnetisation = (0.159107,-0.882654), Energy = -2.049271 
<M> = (0.159868,-0.882510), <E> = -2.049125 

T=0.010000	 Thermalizing iterations... 
Done.
Thermalized Magnetisation = (0.160300,-0.884120), Energy = -2.054250 
Averaging iterations... h=0.007812,0.000000
Done.
Final: Magnetisation = (0.160831,-0.883879), Energy = -2.054142 
<M> = (0.160368,-0.884290), <E> = -2.054143 
Final Magnetisation = (0.160831,-0.883879), Energy = -2.054142 
------------------------

Updating all (first)black/(then)white checkerboard sites simultaneously.. 

ztne RFXY h rotating with |h|=0.007812 at T=0.000000..
loop 1

loop 2

CPU  Start Time = 3884102.990162 

CPU  End Time = 3892484.043448 

CPU Time elapsed total = 8381.053286 

real	139m41.105s
user	2360m57.623s
sys	1m8.276s
