nearest neighbor initialized. 
J loaded. 
h loaded. 
L = 32, dim_L = 2, dim_S = 2
hysteresis_MCS_multiplier = 10, hysteresis_MCS_max = 100
RAND_MAX = 2147483647.000000,
 sizeof(int) = 4,
 sizeof(long) = 8,
 sizeof(double) = 8,
 sizeof(long int) = 8,
 sizeof(short int) = 2,
 sizeof(unsigned int) = 4,
 sizeof(RAND_MAX) = 4

OpenMP Active.

No. of THREADS = 24
No. of PROCESSORS = 24

0.137262,0.081125
order = ({1.000000-->-1.000000,0.000000}, 0, 1)
Initial Magnetisation = (0.137262,0.081125), Energy = -0.025366 
Cooling... 
T=2.000000	 Thermalizing iterations... 
Done.
Thermalized Magnetisation = (0.053172,-0.243672), Energy = -0.522321 
Averaging iterations... h=0.062500,0.000000
Done.
Final: Magnetisation = (0.041900,-0.115355), Energy = -0.727414 
<M> = (0.055585,0.000188), <E> = -0.749691 

T=1.950000	 Thermalizing iterations... 
Done.
Thermalized Magnetisation = (-0.045507,-0.110013), Energy = -0.774165 
Averaging iterations... h=0.062500,0.000000
Done.
Final: Magnetisation = (0.144202,-0.081605), Energy = -0.703838 
<M> = (0.053952,-0.000389), <E> = -0.773248 

T=1.900000	 Thermalizing iterations... 
Done.
Thermalized Magnetisation = (0.087951,-0.145061), Energy = -0.729926 
Averaging iterations... h=0.062500,0.000000
Done.
Final: Magnetisation = (-0.065904,-0.268165), Energy = -0.902986 
<M> = (0.063907,0.006060), <E> = -0.791100 

T=1.850000	 Thermalizing iterations... 
Done.
Thermalized Magnetisation = (0.240796,-0.019779), Energy = -0.951462 
Averaging iterations... h=0.062500,0.000000
Done.
Final: Magnetisation = (0.146918,0.047709), Energy = -0.690208 
<M> = (0.063377,0.004180), <E> = -0.812561 

T=1.800000	 Thermalizing iterations... 
Done.
Thermalized Magnetisation = (0.189090,-0.070360), Energy = -0.703257 
Averaging iterations... h=0.062500,0.000000
Done.
Final: Magnetisation = (0.389827,-0.007628), Energy = -0.913780 
<M> = (0.066678,0.000745), <E> = -0.836704 

T=1.750000	 Thermalizing iterations... 
Done.
Thermalized Magnetisation = (0.095320,-0.239587), Energy = -0.778191 
Averaging iterations... h=0.062500,0.000000
Done.
Final: Magnetisation = (0.325194,-0.120030), Energy = -0.944623 
<M> = (0.073832,0.005247), <E> = -0.855924 

T=1.700000	 Thermalizing iterations... 
Done.
Thermalized Magnetisation = (-0.027078,0.009608), Energy = -0.945539 
Averaging iterations... h=0.062500,0.000000
Done.
Final: Magnetisation = (-0.039131,-0.243365), Energy = -0.822013 
<M> = (0.082479,0.000419), <E> = -0.883194 

T=1.650000	 Thermalizing iterations... 
Done.
Thermalized Magnetisation = (0.080795,-0.127225), Energy = -0.793846 
Averaging iterations... h=0.062500,0.000000
Done.
Final: Magnetisation = (0.108269,-0.191050), Energy = -0.846959 
<M> = (0.082666,-0.001797), <E> = -0.903017 

T=1.600000	 Thermalizing iterations... 
Done.
Thermalized Magnetisation = (-0.171581,-0.166382), Energy = -1.030155 
Averaging iterations... h=0.062500,0.000000
Done.
Final: Magnetisation = (-0.180388,-0.080159), Energy = -0.848899 
<M> = (0.098698,0.002953), <E> = -0.931600 

T=1.550000	 Thermalizing iterations... 
Done.
Thermalized Magnetisation = (0.211258,0.236529), Energy = -1.085527 
Averaging iterations... h=0.062500,0.000000
Done.
Final: Magnetisation = (0.057349,0.015966), Energy = -0.940658 
<M> = (0.096727,-0.000837), <E> = -0.958183 

T=1.500000	 Thermalizing iterations... 
Done.
Thermalized Magnetisation = (0.243994,-0.292744), Energy = -1.029597 
Averaging iterations... h=0.062500,0.000000
Done.
Final: Magnetisation = (0.054827,0.076612), Energy = -0.736311 
<M> = (0.118586,0.007827), <E> = -0.992971 

T=1.450000	 Thermalizing iterations... 
Done.
Thermalized Magnetisation = (-0.045889,0.319858), Energy = -1.072821 
Averaging iterations... h=0.062500,0.000000
Done.
Final: Magnetisation = (0.173049,0.027790), Energy = -1.099674 
<M> = (0.124760,-0.002960), <E> = -1.020469 

T=1.400000	 Thermalizing iterations... 
Done.
Thermalized Magnetisation = (-0.224792,-0.123440), Energy = -1.150296 
Averaging iterations... h=0.062500,0.000000
Done.
Final: Magnetisation = (0.230285,0.084697), Energy = -1.176199 
<M> = (0.138134,0.014169), <E> = -1.057533 

T=1.350000	 Thermalizing iterations... 
Done.
Thermalized Magnetisation = (0.551572,0.013361), Energy = -1.333334 
Averaging iterations... h=0.062500,0.000000
Done.
Final: Magnetisation = (0.376426,0.183634), Energy = -1.073395 
<M> = (0.150948,-0.002046), <E> = -1.091317 

T=1.300000	 Thermalizing iterations... 
Done.
Thermalized Magnetisation = (0.130738,-0.355800), Energy = -1.245618 
Averaging iterations... h=0.062500,0.000000
Done.
Final: Magnetisation = (0.231092,0.179560), Energy = -1.187419 
<M> = (0.161069,0.008796), <E> = -1.129114 

T=1.250000	 Thermalizing iterations... 
Done.
Thermalized Magnetisation = (0.128369,-0.103642), Energy = -1.184528 
Averaging iterations... h=0.062500,0.000000
Done.
Final: Magnetisation = (0.212462,0.137738), Energy = -1.148420 
<M> = (0.192210,-0.001066), <E> = -1.168594 

T=1.200000	 Thermalizing iterations... 
Done.
Thermalized Magnetisation = (0.396889,-0.226122), Energy = -1.265340 
Averaging iterations... h=0.062500,0.000000
Done.
Final: Magnetisation = (0.170281,0.120303), Energy = -1.334882 
<M> = (0.207265,-0.001441), <E> = -1.211116 

T=1.150000	 Thermalizing iterations... 
Done.
Thermalized Magnetisation = (0.353255,-0.238545), Energy = -1.336181 
Averaging iterations... h=0.062500,0.000000
Done.
Final: Magnetisation = (0.261133,0.231206), Energy = -1.338615 
<M> = (0.241522,-0.008083), <E> = -1.254205 

T=1.100000	 Thermalizing iterations... 
Done.
Thermalized Magnetisation = (0.278325,-0.240357), Energy = -1.309536 
Averaging iterations... h=0.062500,0.000000
Done.
Final: Magnetisation = (0.543335,0.181667), Energy = -1.367173 
<M> = (0.278613,-0.006748), <E> = -1.306538 

T=1.050000	 Thermalizing iterations... 
Done.
Thermalized Magnetisation = (0.333491,0.075676), Energy = -1.250743 
Averaging iterations... h=0.062500,0.000000
Done.
Final: Magnetisation = (0.153385,-0.051107), Energy = -1.299246 
<M> = (0.303117,0.012284), <E> = -1.347354 

T=1.000000	 Thermalizing iterations... 
Done.
Thermalized Magnetisation = (0.222534,-0.191325), Energy = -1.330126 
Averaging iterations... h=0.062500,0.000000
Done.
Final: Magnetisation = (0.103052,-0.111542), Energy = -1.380955 
<M> = (0.318979,-0.024397), <E> = -1.394116 

T=0.950000	 Thermalizing iterations... 
Done.
Thermalized Magnetisation = (0.039313,0.050553), Energy = -1.405842 
Averaging iterations... h=0.062500,0.000000
Done.
Final: Magnetisation = (-0.014761,-0.441915), Energy = -1.468807 
<M> = (0.363201,0.002907), <E> = -1.445138 

T=0.900000	 Thermalizing iterations... 
Done.
Thermalized Magnetisation = (0.113424,0.016608), Energy = -1.432669 
Averaging iterations... h=0.062500,0.000000
Done.
Final: Magnetisation = (0.632000,-0.174154), Energy = -1.517783 
<M> = (0.424965,0.009453), <E> = -1.495555 

T=0.850000	 Thermalizing iterations... 
Done.
Thermalized Magnetisation = (0.496626,-0.243560), Energy = -1.559022 
Averaging iterations... h=0.062500,0.000000
Done.
Final: Magnetisation = (0.491480,0.071856), Energy = -1.607445 
<M> = (0.472960,0.035542), <E> = -1.542345 

T=0.800000	 Thermalizing iterations... 
Done.
Thermalized Magnetisation = (0.379769,0.112024), Energy = -1.537057 
Averaging iterations... h=0.062500,0.000000
Done.
Final: Magnetisation = (0.496721,0.328431), Energy = -1.623590 
<M> = (0.508648,0.011483), <E> = -1.593107 

T=0.750000	 Thermalizing iterations... 
Done.
Thermalized Magnetisation = (0.427920,-0.255985), Energy = -1.662023 
Averaging iterations... h=0.062500,0.000000
Done.
Final: Magnetisation = (0.314223,0.610864), Energy = -1.644000 
<M> = (0.540546,-0.010606), <E> = -1.628393 

T=0.700000	 Thermalizing iterations... 
Done.
Thermalized Magnetisation = (0.472611,0.559337), Energy = -1.728277 
Averaging iterations... h=0.062500,0.000000
Done.
Final: Magnetisation = (0.645876,-0.216397), Energy = -1.668918 
<M> = (0.544621,0.062016), <E> = -1.669002 

T=0.650000	 Thermalizing iterations... 
Done.
Thermalized Magnetisation = (0.735254,-0.158053), Energy = -1.686120 
Averaging iterations... h=0.062500,0.000000
Done.
Final: Magnetisation = (0.654118,-0.172704), Energy = -1.677302 
<M> = (0.604206,-0.116072), <E> = -1.708303 

T=0.600000	 Thermalizing iterations... 
Done.
Thermalized Magnetisation = (0.726297,-0.084157), Energy = -1.745998 
Averaging iterations... h=0.062500,0.000000
Done.
Final: Magnetisation = (0.315431,0.687474), Energy = -1.769520 
<M> = (0.600399,0.001615), <E> = -1.742907 

T=0.550000	 Thermalizing iterations... 
Done.
Thermalized Magnetisation = (0.594845,-0.231303), Energy = -1.798408 
Averaging iterations... h=0.062500,0.000000
Done.
Final: Magnetisation = (0.569482,-0.524025), Energy = -1.787045 
<M> = (0.633891,0.143639), <E> = -1.773017 

T=0.500000	 Thermalizing iterations... 
Done.
Thermalized Magnetisation = (0.652827,0.042052), Energy = -1.793576 
Averaging iterations... h=0.062500,0.000000
Done.
Final: Magnetisation = (0.780755,0.189846), Energy = -1.777772 
<M> = (0.630474,-0.174678), <E> = -1.804582 

T=0.450000	 Thermalizing iterations... 
Done.
Thermalized Magnetisation = (0.610886,0.237469), Energy = -1.826051 
Averaging iterations... h=0.062500,0.000000
Done.
Final: Magnetisation = (0.651744,0.106559), Energy = -1.827150 
<M> = (0.621272,0.427554), <E> = -1.835488 

T=0.400000	 Thermalizing iterations... 
Done.
Thermalized Magnetisation = (0.745279,0.018600), Energy = -1.883151 
Averaging iterations... h=0.062500,0.000000
Done.
Final: Magnetisation = (0.472968,-0.601665), Energy = -1.878836 
<M> = (0.603184,-0.398553), <E> = -1.863513 

T=0.350000	 Thermalizing iterations... 
Done.
Thermalized Magnetisation = (0.686061,-0.513098), Energy = -1.847881 
Averaging iterations... h=0.062500,0.000000
Done.
Final: Magnetisation = (0.731619,-0.281222), Energy = -1.913930 
<M> = (0.602846,-0.516581), <E> = -1.892921 

T=0.300000	 Thermalizing iterations... 
Done.
Thermalized Magnetisation = (0.490050,-0.691252), Energy = -1.897390 
Averaging iterations... h=0.062500,0.000000
Done.
Final: Magnetisation = (0.523793,0.672601), Energy = -1.942896 
<M> = (0.624673,-0.436789), <E> = -1.919465 

T=0.250000	 Thermalizing iterations... 
Done.
Thermalized Magnetisation = (0.627922,0.494622), Energy = -1.944864 
Averaging iterations... h=0.062500,0.000000
Done.
Final: Magnetisation = (0.581827,0.649656), Energy = -1.960835 
<M> = (0.606084,0.571080), <E> = -1.947336 

T=0.200000	 Thermalizing iterations... 
Done.
Thermalized Magnetisation = (0.525125,0.640877), Energy = -1.979843 
Averaging iterations... h=0.062500,0.000000
Done.
Final: Magnetisation = (0.619748,0.608696), Energy = -1.981707 
<M> = (0.573143,0.634419), <E> = -1.974861 

T=0.150000	 Thermalizing iterations... 
Done.
Thermalized Magnetisation = (0.564257,0.631117), Energy = -2.002015 
Averaging iterations... h=0.062500,0.000000
Done.
Final: Magnetisation = (0.598148,0.635693), Energy = -2.005390 
<M> = (0.605866,0.619521), <E> = -2.000914 

T=0.100000	 Thermalizing iterations... 
Done.
Thermalized Magnetisation = (0.656826,0.612494), Energy = -2.021755 
Averaging iterations... h=0.062500,0.000000
Done.
Final: Magnetisation = (0.600368,0.654602), Energy = -2.024585 
<M> = (0.600222,0.650054), <E> = -2.026869 

T=0.050000	 Thermalizing iterations... 
Done.
Thermalized Magnetisation = (0.589969,0.656871), Energy = -2.051495 
Averaging iterations... h=0.062500,0.000000
Done.
Final: Magnetisation = (0.608568,0.673205), Energy = -2.053492 
<M> = (0.585020,0.679743), <E> = -2.052267 
Final Magnetisation = (0.608568,0.673205), Energy = -2.053492 
------------------------

Updating all (first)black/(then)white checkerboard sites simultaneously.. 

ztne RFXY h rotating with |h|=0.062500 at T=0.000000..
loop 1

loop 2

Cooling protocol time (from T=2.000000 to T=0.000000) = 200.861486 

CPU Time elapsed total = 200.892644 
All done - 201 seconds elapsed.
