nearest neighbor initialized. 
J loaded. 
h loaded. 
L = 32, dim_L = 2, dim_S = 2
hysteresis_MCS_multiplier = 10, hysteresis_MCS_max = 100
RAND_MAX = 2147483647.000000,
 sizeof(int) = 4,
 sizeof(long) = 8,
 sizeof(double) = 8,
 sizeof(long int) = 8,
 sizeof(short int) = 2,
 sizeof(unsigned int) = 4,
 sizeof(RAND_MAX) = 4

OpenMP Active.

No. of THREADS = 24
No. of PROCESSORS = 24

0.147831,0.075590
order = ({1.000000-->-1.000000,0.000000}, 0, 1)
Initial Magnetisation = (0.147831,0.075590), Energy = -0.038381 
Cooling... 
T=2.000000	 Thermalizing iterations... 
Done.
Thermalized Magnetisation = (0.062679,-0.271655), Energy = -0.546771 
Averaging iterations... h=0.062500,0.000000
Done.
Final: Magnetisation = (0.036036,0.094556), Energy = -0.828871 
<M> = (0.040617,0.001093), <E> = -0.749131 

T=1.950000	 Thermalizing iterations... 
Done.
Thermalized Magnetisation = (-0.034411,0.100252), Energy = -0.705840 
Averaging iterations... h=0.062500,0.000000
Done.
Final: Magnetisation = (0.005883,0.248699), Energy = -0.792552 
<M> = (0.037727,0.001655), <E> = -0.767678 

T=1.900000	 Thermalizing iterations... 
Done.
Thermalized Magnetisation = (-0.140811,0.137143), Energy = -0.915988 
Averaging iterations... h=0.062500,0.000000
Done.
Final: Magnetisation = (0.192886,0.312414), Energy = -0.817016 
<M> = (0.044610,0.005249), <E> = -0.786593 

T=1.850000	 Thermalizing iterations... 
Done.
Thermalized Magnetisation = (-0.170714,0.042425), Energy = -0.828469 
Averaging iterations... h=0.062500,0.000000
Done.
Final: Magnetisation = (0.108764,0.139416), Energy = -0.787698 
<M> = (0.049478,0.004697), <E> = -0.805996 

T=1.800000	 Thermalizing iterations... 
Done.
Thermalized Magnetisation = (0.379866,0.056594), Energy = -0.854314 
Averaging iterations... h=0.062500,0.000000
Done.
Final: Magnetisation = (-0.036290,-0.057038), Energy = -0.783222 
<M> = (0.052389,0.002612), <E> = -0.830689 

T=1.750000	 Thermalizing iterations... 
Done.
Thermalized Magnetisation = (-0.021098,-0.183421), Energy = -0.706142 
Averaging iterations... h=0.062500,0.000000
Done.
Final: Magnetisation = (0.207073,-0.309442), Energy = -0.905430 
<M> = (0.055415,0.007094), <E> = -0.852291 

T=1.700000	 Thermalizing iterations... 
Done.
Thermalized Magnetisation = (0.030667,0.021088), Energy = -0.868733 
Averaging iterations... h=0.062500,0.000000
Done.
Final: Magnetisation = (0.274231,-0.278223), Energy = -0.881006 
<M> = (0.057968,0.002402), <E> = -0.874176 

T=1.650000	 Thermalizing iterations... 
Done.
Thermalized Magnetisation = (0.064985,0.267889), Energy = -0.920070 
Averaging iterations... h=0.062500,0.000000
Done.
Final: Magnetisation = (-0.139755,-0.017551), Energy = -0.889737 
<M> = (0.065873,0.000752), <E> = -0.898283 

T=1.600000	 Thermalizing iterations... 
Done.
Thermalized Magnetisation = (0.068158,0.115659), Energy = -0.975133 
Averaging iterations... h=0.062500,0.000000
Done.
Final: Magnetisation = (0.171004,0.133162), Energy = -0.974205 
<M> = (0.076046,-0.000529), <E> = -0.925406 

T=1.550000	 Thermalizing iterations... 
Done.
Thermalized Magnetisation = (-0.152429,0.270300), Energy = -1.004569 
Averaging iterations... h=0.062500,0.000000
Done.
Final: Magnetisation = (0.210608,-0.176251), Energy = -0.877166 
<M> = (0.075586,-0.002311), <E> = -0.950312 

T=1.500000	 Thermalizing iterations... 
Done.
Thermalized Magnetisation = (0.194759,0.171498), Energy = -0.864888 
Averaging iterations... h=0.062500,0.000000
Done.
Final: Magnetisation = (0.087954,0.186110), Energy = -0.823939 
<M> = (0.092529,0.006193), <E> = -0.982260 

T=1.450000	 Thermalizing iterations... 
Done.
Thermalized Magnetisation = (0.030475,-0.256966), Energy = -0.990791 
Averaging iterations... h=0.062500,0.000000
Done.
Final: Magnetisation = (0.236385,-0.135087), Energy = -1.026804 
<M> = (0.096196,-0.000853), <E> = -1.014755 

T=1.400000	 Thermalizing iterations... 
Done.
Thermalized Magnetisation = (0.220202,0.246584), Energy = -0.931275 
Averaging iterations... h=0.062500,0.000000
Done.
Final: Magnetisation = (0.189675,0.098755), Energy = -1.050650 
<M> = (0.104896,0.013615), <E> = -1.046993 

T=1.350000	 Thermalizing iterations... 
Done.
Thermalized Magnetisation = (0.247001,-0.232606), Energy = -1.121916 
Averaging iterations... h=0.062500,0.000000
Done.
Final: Magnetisation = (0.004785,-0.125741), Energy = -1.194587 
<M> = (0.118448,-0.001312), <E> = -1.084396 

T=1.300000	 Thermalizing iterations... 
Done.
Thermalized Magnetisation = (-0.000005,0.127114), Energy = -1.034791 
Averaging iterations... h=0.062500,0.000000
Done.
Final: Magnetisation = (0.018157,0.213259), Energy = -1.268812 
<M> = (0.129209,0.010674), <E> = -1.118743 

T=1.250000	 Thermalizing iterations... 
Done.
Thermalized Magnetisation = (0.266151,0.154294), Energy = -1.120632 
Averaging iterations... h=0.062500,0.000000
Done.
Final: Magnetisation = (0.183272,0.138831), Energy = -1.181576 
<M> = (0.152411,0.000059), <E> = -1.158052 

T=1.200000	 Thermalizing iterations... 
Done.
Thermalized Magnetisation = (0.266782,0.196911), Energy = -1.176619 
Averaging iterations... h=0.062500,0.000000
Done.
Final: Magnetisation = (0.491242,0.061397), Energy = -1.233708 
<M> = (0.170812,0.005490), <E> = -1.200856 

T=1.150000	 Thermalizing iterations... 
Done.
Thermalized Magnetisation = (0.257404,0.065637), Energy = -1.320871 
Averaging iterations... h=0.062500,0.000000
Done.
Final: Magnetisation = (0.230865,0.026816), Energy = -1.353457 
<M> = (0.188836,-0.007563), <E> = -1.241597 

T=1.100000	 Thermalizing iterations... 
Done.
Thermalized Magnetisation = (0.166983,-0.294720), Energy = -1.240916 
Averaging iterations... h=0.062500,0.000000
Done.
Final: Magnetisation = (0.420757,-0.125013), Energy = -1.322384 
<M> = (0.221151,0.002306), <E> = -1.292485 

T=1.050000	 Thermalizing iterations... 
Done.
Thermalized Magnetisation = (0.160106,-0.078444), Energy = -1.293397 
Averaging iterations... h=0.062500,0.000000
Done.
Final: Magnetisation = (0.299604,0.093179), Energy = -1.305992 
<M> = (0.251541,0.011426), <E> = -1.336728 

T=1.000000	 Thermalizing iterations... 
Done.
Thermalized Magnetisation = (0.124388,-0.195223), Energy = -1.441884 
Averaging iterations... h=0.062500,0.000000
Done.
Final: Magnetisation = (0.139072,-0.014430), Energy = -1.361746 
<M> = (0.267718,0.011021), <E> = -1.382562 

T=0.950000	 Thermalizing iterations... 
Done.
Thermalized Magnetisation = (0.276912,0.265653), Energy = -1.396626 
Averaging iterations... h=0.062500,0.000000
Done.
Final: Magnetisation = (0.191703,0.533042), Energy = -1.480370 
<M> = (0.297672,-0.002902), <E> = -1.430355 

T=0.900000	 Thermalizing iterations... 
Done.
Thermalized Magnetisation = (0.567748,-0.249521), Energy = -1.536423 
Averaging iterations... h=0.062500,0.000000
Done.
Final: Magnetisation = (0.291673,-0.145766), Energy = -1.491163 
<M> = (0.323372,0.021950), <E> = -1.482604 

T=0.850000	 Thermalizing iterations... 
Done.
Thermalized Magnetisation = (0.359645,0.041082), Energy = -1.589280 
Averaging iterations... h=0.062500,0.000000
Done.
Final: Magnetisation = (0.391527,-0.507677), Energy = -1.519838 
<M> = (0.375609,-0.044569), <E> = -1.526864 

T=0.800000	 Thermalizing iterations... 
Done.
Thermalized Magnetisation = (0.547995,-0.221322), Energy = -1.606171 
Averaging iterations... h=0.062500,0.000000
Done.
Final: Magnetisation = (0.206803,-0.201906), Energy = -1.552598 
<M> = (0.405732,0.049489), <E> = -1.575978 

T=0.750000	 Thermalizing iterations... 
Done.
Thermalized Magnetisation = (0.255420,-0.277113), Energy = -1.513343 
Averaging iterations... h=0.062500,0.000000
Done.
Final: Magnetisation = (0.187488,0.366933), Energy = -1.569190 
<M> = (0.459858,0.022073), <E> = -1.616863 

T=0.700000	 Thermalizing iterations... 
Done.
Thermalized Magnetisation = (0.701442,-0.176551), Energy = -1.699295 
Averaging iterations... h=0.062500,0.000000
Done.
Final: Magnetisation = (0.254448,0.491387), Energy = -1.586667 
<M> = (0.447080,0.064370), <E> = -1.655466 

T=0.650000	 Thermalizing iterations... 
Done.
Thermalized Magnetisation = (0.553983,0.215299), Energy = -1.719296 
Averaging iterations... h=0.062500,0.000000
Done.
Final: Magnetisation = (0.594573,0.448454), Energy = -1.669506 
<M> = (0.479502,-0.224068), <E> = -1.696606 

T=0.600000	 Thermalizing iterations... 
Done.
Thermalized Magnetisation = (0.382606,0.440759), Energy = -1.702408 
Averaging iterations... h=0.062500,0.000000
Done.
Final: Magnetisation = (0.500349,0.512492), Energy = -1.729066 
<M> = (0.493215,0.007115), <E> = -1.730500 

T=0.550000	 Thermalizing iterations... 
Done.
Thermalized Magnetisation = (0.517975,-0.483408), Energy = -1.735744 
Averaging iterations... h=0.062500,0.000000
Done.
Final: Magnetisation = (0.574234,-0.241975), Energy = -1.793904 
<M> = (0.490853,-0.452281), <E> = -1.765016 

T=0.500000	 Thermalizing iterations... 
Done.
Thermalized Magnetisation = (0.496792,-0.523199), Energy = -1.861042 
Averaging iterations... h=0.062500,0.000000
Done.
Final: Magnetisation = (0.550735,0.500775), Energy = -1.791754 
<M> = (0.516306,0.201273), <E> = -1.794167 

T=0.450000	 Thermalizing iterations... 
Done.
Thermalized Magnetisation = (0.502548,0.602311), Energy = -1.815607 
Averaging iterations... h=0.062500,0.000000
Done.
Final: Magnetisation = (0.623385,0.395662), Energy = -1.836929 
<M> = (0.492099,0.524032), <E> = -1.826465 

T=0.400000	 Thermalizing iterations... 
Done.
Thermalized Magnetisation = (0.519780,0.589820), Energy = -1.892439 
Averaging iterations... h=0.062500,0.000000
Done.
Final: Magnetisation = (0.569970,0.435419), Energy = -1.837264 
<M> = (0.487375,0.551219), <E> = -1.855147 

T=0.350000	 Thermalizing iterations... 
Done.
Thermalized Magnetisation = (0.481376,0.528105), Energy = -1.866166 
Averaging iterations... h=0.062500,0.000000
Done.
Final: Magnetisation = (0.502630,0.571678), Energy = -1.889707 
<M> = (0.509880,0.571198), <E> = -1.882961 

T=0.300000	 Thermalizing iterations... 
Done.
Thermalized Magnetisation = (0.473676,0.725386), Energy = -1.923025 
Averaging iterations... h=0.062500,0.000000
Done.
Final: Magnetisation = (0.467383,0.639732), Energy = -1.903386 
<M> = (0.463916,0.635489), <E> = -1.911858 

T=0.250000	 Thermalizing iterations... 
Done.
Thermalized Magnetisation = (0.639041,0.580182), Energy = -1.934851 
Averaging iterations... h=0.062500,0.000000
Done.
Final: Magnetisation = (0.506246,0.649322), Energy = -1.953887 
<M> = (0.490872,0.641514), <E> = -1.938497 

T=0.200000	 Thermalizing iterations... 
Done.
Thermalized Magnetisation = (0.351276,0.752669), Energy = -1.970077 
Averaging iterations... h=0.062500,0.000000
Done.
Final: Magnetisation = (0.400981,0.752771), Energy = -1.959232 
<M> = (0.479105,0.667576), <E> = -1.964778 

T=0.150000	 Thermalizing iterations... 
Done.
Thermalized Magnetisation = (0.479348,0.663324), Energy = -1.988926 
Averaging iterations... h=0.062500,0.000000
Done.
Final: Magnetisation = (0.462166,0.706488), Energy = -1.996357 
<M> = (0.482328,0.693389), <E> = -1.991814 

T=0.100000	 Thermalizing iterations... 
Done.
Thermalized Magnetisation = (0.441202,0.725677), Energy = -2.018019 
Averaging iterations... h=0.062500,0.000000
Done.
Final: Magnetisation = (0.478646,0.696980), Energy = -2.020461 
<M> = (0.484870,0.705168), <E> = -2.017535 

T=0.050000	 Thermalizing iterations... 
Done.
Thermalized Magnetisation = (0.443141,0.763492), Energy = -2.043837 
Averaging iterations... h=0.062500,0.000000
Done.
Final: Magnetisation = (0.473811,0.717259), Energy = -2.041169 
<M> = (0.469856,0.735120), <E> = -2.043184 
Final Magnetisation = (0.473811,0.717259), Energy = -2.041169 
------------------------

Updating all (first)black/(then)white checkerboard sites simultaneously.. 

ztne RFXY h rotating with |h|=0.062500 at T=0.000000..
loop 1

loop 2

Cooling protocol time (from T=2.000000 to T=0.000000) = 194.304832 

CPU Time elapsed total = 194.321701 
All done - 195 seconds elapsed.
