+ cd /home/sbasak/Exercises/OpenMP/XY_code/Z2/rotating_field/trial/config/config_94
+ export OMP_NUM_THREADS=28
+ OMP_NUM_THREADS=28
+ ./a_4.out
nearest neighbor initialized. 
h loaded. 
J loaded. 
L = 128, dim_L = 2, dim_S = 2
hysteresis_MCS_multiplier = 10, hysteresis_MCS_max = 100
RAND_MAX = 2147483647.000000,
 sizeof(int) = 4,
 sizeof(long) = 8,
 sizeof(double) = 8,
 sizeof(long int) = 8,
 sizeof(short int) = 2,
 sizeof(unsigned int) = 4,
 sizeof(RAND_MAX) = 4
No. of THREADS = 28
No. of PROCESSORS = 28

0.059724,0.022065
order = ({1.000000-->-1.000000,0.000000}, 0, 1)
Initial Magnetisation = (0.059724,0.022065), Energy = 0.013378 
Cooling... 
T=2.000000	 Thermalizing iterations... 
Done.
Thermalized Magnetisation = (0.110095,-0.005946), Energy = -0.587848 
Averaging iterations... h=0.125000,0.000000
Done.
Final: Magnetisation = (0.118478,-0.029045), Energy = -0.615089 
<M> = (0.124889,-0.000711), <E> = -0.638376 

T=1.990000	 Thermalizing iterations... 
Done.
Thermalized Magnetisation = (0.072874,0.027991), Energy = -0.645420 
Averaging iterations... h=0.125000,0.000000
Done.
Final: Magnetisation = (0.119195,0.008633), Energy = -0.672319 
<M> = (0.128036,-0.001609), <E> = -0.643558 

T=1.980000	 Thermalizing iterations... 
Done.
Thermalized Magnetisation = (0.126023,0.000097), Energy = -0.666462 
Averaging iterations... h=0.125000,0.000000
Done.
Final: Magnetisation = (0.134709,-0.011455), Energy = -0.637788 
<M> = (0.128995,-0.001403), <E> = -0.648106 

T=1.970000	 Thermalizing iterations... 
Done.
Thermalized Magnetisation = (0.121082,0.038715), Energy = -0.654843 
Averaging iterations... h=0.125000,0.000000
Done.
Final: Magnetisation = (0.125469,-0.066376), Energy = -0.630171 
<M> = (0.130971,-0.002427), <E> = -0.652397 

T=1.960000	 Thermalizing iterations... 
Done.
Thermalized Magnetisation = (0.123385,-0.024227), Energy = -0.689971 
Averaging iterations... h=0.125000,0.000000
Done.
Final: Magnetisation = (0.143402,0.005072), Energy = -0.670613 
<M> = (0.133256,-0.000984), <E> = -0.656426 

T=1.950000	 Thermalizing iterations... 
Done.
Thermalized Magnetisation = (0.135920,0.001392), Energy = -0.656724 
Averaging iterations... h=0.125000,0.000000
Done.
Final: Magnetisation = (0.188601,-0.016396), Energy = -0.692005 
<M> = (0.135406,-0.000172), <E> = -0.660135 

T=1.940000	 Thermalizing iterations... 
Done.
Thermalized Magnetisation = (0.190111,-0.015872), Energy = -0.683371 
Averaging iterations... h=0.125000,0.000000
Done.
Final: Magnetisation = (0.170855,0.016851), Energy = -0.666376 
<M> = (0.135741,0.000244), <E> = -0.663937 

T=1.930000	 Thermalizing iterations... 
Done.
Thermalized Magnetisation = (0.159707,-0.008847), Energy = -0.684810 
Averaging iterations... h=0.125000,0.000000
Done.
Final: Magnetisation = (0.066311,0.010832), Energy = -0.623564 
<M> = (0.137084,0.000029), <E> = -0.667605 

T=1.920000	 Thermalizing iterations... 
Done.
Thermalized Magnetisation = (0.105603,0.031797), Energy = -0.685849 
Averaging iterations... h=0.125000,0.000000
Done.
Final: Magnetisation = (0.143585,-0.005963), Energy = -0.682921 
<M> = (0.139962,-0.001294), <E> = -0.673150 

T=1.910000	 Thermalizing iterations... 
Done.
Thermalized Magnetisation = (0.088668,0.011188), Energy = -0.651687 
Averaging iterations... h=0.125000,0.000000
Done.
Final: Magnetisation = (0.115702,-0.026380), Energy = -0.714071 
<M> = (0.142207,-0.000474), <E> = -0.677918 

T=1.900000	 Thermalizing iterations... 
Done.
Thermalized Magnetisation = (0.203206,0.079822), Energy = -0.703105 
Averaging iterations... h=0.125000,0.000000
Done.
Final: Magnetisation = (0.104730,-0.018238), Energy = -0.651840 
<M> = (0.144114,-0.002423), <E> = -0.682420 

T=1.890000	 Thermalizing iterations... 
Done.
Thermalized Magnetisation = (0.095613,0.011814), Energy = -0.673113 
Averaging iterations... h=0.125000,0.000000
Done.
Final: Magnetisation = (0.114950,0.015923), Energy = -0.660926 
<M> = (0.145753,-0.002133), <E> = -0.687232 

T=1.880000	 Thermalizing iterations... 
Done.
Thermalized Magnetisation = (0.154030,-0.023907), Energy = -0.700002 
Averaging iterations... h=0.125000,0.000000
Done.
Final: Magnetisation = (0.081956,0.017153), Energy = -0.686559 
<M> = (0.149240,-0.001041), <E> = -0.692247 

T=1.870000	 Thermalizing iterations... 
Done.
Thermalized Magnetisation = (0.122814,-0.000670), Energy = -0.681139 
Averaging iterations... h=0.125000,0.000000
Done.
Final: Magnetisation = (0.158919,0.018033), Energy = -0.676034 
<M> = (0.150724,0.001927), <E> = -0.695982 

T=1.860000	 Thermalizing iterations... 
Done.
Thermalized Magnetisation = (0.117337,0.033794), Energy = -0.663130 
Averaging iterations... h=0.125000,0.000000
Done.
Final: Magnetisation = (0.184672,-0.028209), Energy = -0.685849 
<M> = (0.152171,-0.000308), <E> = -0.700676 

T=1.850000	 Thermalizing iterations... 
Done.
Thermalized Magnetisation = (0.143063,0.081240), Energy = -0.700131 
Averaging iterations... h=0.125000,0.000000
Done.
Final: Magnetisation = (0.192683,-0.024250), Energy = -0.752908 
<M> = (0.154391,-0.000972), <E> = -0.705695 

T=1.840000	 Thermalizing iterations... 
Done.
Thermalized Magnetisation = (0.162819,0.030356), Energy = -0.707239 
Averaging iterations... h=0.125000,0.000000
Done.
Final: Magnetisation = (0.183208,-0.029692), Energy = -0.750391 
<M> = (0.158536,-0.001593), <E> = -0.711789 

T=1.830000	 Thermalizing iterations... 
Done.
Thermalized Magnetisation = (0.205226,0.001722), Energy = -0.720267 
Averaging iterations... h=0.125000,0.000000
Done.
Final: Magnetisation = (0.150655,0.015329), Energy = -0.706145 
<M> = (0.159736,-0.002489), <E> = -0.716391 

T=1.820000	 Thermalizing iterations... 
Done.
Thermalized Magnetisation = (0.155426,0.036584), Energy = -0.718459 
Averaging iterations... h=0.125000,0.000000
Done.
Final: Magnetisation = (0.165500,-0.017637), Energy = -0.697794 
<M> = (0.162711,-0.001766), <E> = -0.722228 

T=1.810000	 Thermalizing iterations... 
Done.
Thermalized Magnetisation = (0.170491,0.018757), Energy = -0.724163 
Averaging iterations... h=0.125000,0.000000
Done.
Final: Magnetisation = (0.147458,0.032957), Energy = -0.692557 
<M> = (0.167200,-0.001345), <E> = -0.727880 

T=1.800000	 Thermalizing iterations... 
Done.
Thermalized Magnetisation = (0.125378,0.002645), Energy = -0.709401 
Averaging iterations... h=0.125000,0.000000
Done.
Final: Magnetisation = (0.171959,0.023870), Energy = -0.750697 
<M> = (0.168643,-0.000159), <E> = -0.731926 

T=1.790000	 Thermalizing iterations... 
Done.
Thermalized Magnetisation = (0.169927,-0.058504), Energy = -0.738719 
Averaging iterations... h=0.125000,0.000000
Done.
Final: Magnetisation = (0.136048,-0.059173), Energy = -0.713107 
<M> = (0.169806,-0.000330), <E> = -0.736806 

T=1.780000	 Thermalizing iterations... 
Done.
Thermalized Magnetisation = (0.174265,-0.031635), Energy = -0.750851 
Averaging iterations... h=0.125000,0.000000
Done.
Final: Magnetisation = (0.180930,0.002739), Energy = -0.733038 
<M> = (0.171873,0.001130), <E> = -0.741641 

T=1.770000	 Thermalizing iterations... 
Done.
Thermalized Magnetisation = (0.187896,0.026114), Energy = -0.755153 
Averaging iterations... h=0.125000,0.000000
Done.
Final: Magnetisation = (0.168582,0.075815), Energy = -0.732003 
<M> = (0.175493,-0.002827), <E> = -0.748183 

T=1.760000	 Thermalizing iterations... 
Done.
Thermalized Magnetisation = (0.166030,0.006689), Energy = -0.790490 
Averaging iterations... h=0.125000,0.000000
Done.
Final: Magnetisation = (0.234807,-0.029313), Energy = -0.755730 
<M> = (0.179258,-0.000760), <E> = -0.754831 

T=1.750000	 Thermalizing iterations... 
Done.
Thermalized Magnetisation = (0.179528,-0.009496), Energy = -0.751977 
Averaging iterations... h=0.125000,0.000000
Done.
Final: Magnetisation = (0.231895,-0.012566), Energy = -0.743071 
<M> = (0.181657,-0.003441), <E> = -0.760373 

T=1.740000	 Thermalizing iterations... 
Done.
Thermalized Magnetisation = (0.183191,0.012308), Energy = -0.741609 
Averaging iterations... h=0.125000,0.000000
Done.
Final: Magnetisation = (0.175470,-0.008060), Energy = -0.773713 
<M> = (0.184686,-0.002341), <E> = -0.766272 

T=1.730000	 Thermalizing iterations... 
Done.
Thermalized Magnetisation = (0.209794,-0.031287), Energy = -0.804682 
Averaging iterations... h=0.125000,0.000000
Done.
Final: Magnetisation = (0.156932,-0.044019), Energy = -0.776390 
<M> = (0.189754,-0.001099), <E> = -0.772655 

T=1.720000	 Thermalizing iterations... 
Done.
Thermalized Magnetisation = (0.207189,-0.057056), Energy = -0.789354 
Averaging iterations... h=0.125000,0.000000
Done.
Final: Magnetisation = (0.191924,0.018775), Energy = -0.806246 
<M> = (0.190946,0.000812), <E> = -0.777130 

T=1.710000	 Thermalizing iterations... 
Done.
Thermalized Magnetisation = (0.217169,-0.056560), Energy = -0.823684 
Averaging iterations... h=0.125000,0.000000
Done.
Final: Magnetisation = (0.210383,-0.006263), Energy = -0.801408 
<M> = (0.193650,-0.000578), <E> = -0.783415 

T=1.700000	 Thermalizing iterations... 
Done.
Thermalized Magnetisation = (0.246681,0.014635), Energy = -0.814301 
Averaging iterations... h=0.125000,0.000000
Done.
Final: Magnetisation = (0.206290,0.024299), Energy = -0.804170 
<M> = (0.197638,-0.000576), <E> = -0.789931 

T=1.690000	 Thermalizing iterations... 
Done.
Thermalized Magnetisation = (0.121800,0.020577), Energy = -0.804168 
Averaging iterations... h=0.125000,0.000000
Done.
Final: Magnetisation = (0.198224,-0.081859), Energy = -0.786839 
<M> = (0.202302,-0.000983), <E> = -0.796776 

T=1.680000	 Thermalizing iterations... 
Done.
Thermalized Magnetisation = (0.162001,-0.020892), Energy = -0.794867 
Averaging iterations... h=0.125000,0.000000
Done.
Final: Magnetisation = (0.179520,-0.092938), Energy = -0.779059 
<M> = (0.204996,-0.003165), <E> = -0.803510 

T=1.670000	 Thermalizing iterations... 
Done.
Thermalized Magnetisation = (0.186451,-0.007825), Energy = -0.807899 
Averaging iterations... h=0.125000,0.000000
Done.
Final: Magnetisation = (0.222612,-0.071322), Energy = -0.859035 
<M> = (0.209555,-0.002424), <E> = -0.810792 

T=1.660000	 Thermalizing iterations... 
Done.
Thermalized Magnetisation = (0.171677,0.005725), Energy = -0.807856 
Averaging iterations... h=0.125000,0.000000
Done.
Final: Magnetisation = (0.234008,-0.014218), Energy = -0.834936 
<M> = (0.212714,-0.001668), <E> = -0.817302 

T=1.650000	 Thermalizing iterations... 
Done.
Thermalized Magnetisation = (0.213448,-0.022631), Energy = -0.813480 
Averaging iterations... h=0.125000,0.000000
Done.
Final: Magnetisation = (0.169631,0.040851), Energy = -0.804224 
<M> = (0.217435,0.001133), <E> = -0.823491 

T=1.640000	 Thermalizing iterations... 
Done.
Thermalized Magnetisation = (0.231840,0.067579), Energy = -0.860169 
Averaging iterations... h=0.125000,0.000000
Done.
Final: Magnetisation = (0.276040,-0.028791), Energy = -0.851690 
<M> = (0.220239,0.001703), <E> = -0.829885 

T=1.630000	 Thermalizing iterations... 
Done.
Thermalized Magnetisation = (0.219003,0.042387), Energy = -0.864753 
Averaging iterations... h=0.125000,0.000000
Done.
Final: Magnetisation = (0.229978,0.005974), Energy = -0.780016 
<M> = (0.224316,-0.000342), <E> = -0.836657 

T=1.620000	 Thermalizing iterations... 
Done.
Thermalized Magnetisation = (0.263857,-0.055429), Energy = -0.849362 
Averaging iterations... h=0.125000,0.000000
Done.
Final: Magnetisation = (0.269132,-0.033468), Energy = -0.853411 
<M> = (0.229226,-0.001632), <E> = -0.844653 

T=1.610000	 Thermalizing iterations... 
Done.
Thermalized Magnetisation = (0.240779,0.027734), Energy = -0.864871 
Averaging iterations... h=0.125000,0.000000
Done.
Final: Magnetisation = (0.233310,0.093373), Energy = -0.877728 
<M> = (0.232240,-0.001918), <E> = -0.851805 

T=1.600000	 Thermalizing iterations... 
Done.
Thermalized Magnetisation = (0.254318,-0.027487), Energy = -0.896802 
Averaging iterations... h=0.125000,0.000000
Done.
Final: Magnetisation = (0.178368,-0.000114), Energy = -0.808516 
<M> = (0.237147,-0.004955), <E> = -0.860368 

T=1.590000	 Thermalizing iterations... 
Done.
Thermalized Magnetisation = (0.226886,0.037533), Energy = -0.853526 
Averaging iterations... h=0.125000,0.000000
Done.
Final: Magnetisation = (0.179645,0.021370), Energy = -0.850610 
<M> = (0.241984,-0.002544), <E> = -0.867516 

T=1.580000	 Thermalizing iterations... 
Done.
Thermalized Magnetisation = (0.242161,0.005819), Energy = -0.833272 
Averaging iterations... h=0.125000,0.000000
Done.
Final: Magnetisation = (0.224673,-0.020959), Energy = -0.915439 
<M> = (0.247627,0.000427), <E> = -0.875427 

T=1.570000	 Thermalizing iterations... 
Done.
Thermalized Magnetisation = (0.245749,0.041380), Energy = -0.890695 
Averaging iterations... h=0.125000,0.000000
Done.
Final: Magnetisation = (0.261710,0.004103), Energy = -0.891355 
<M> = (0.251828,-0.000687), <E> = -0.882339 

T=1.560000	 Thermalizing iterations... 
Done.
Thermalized Magnetisation = (0.290958,-0.031113), Energy = -0.918502 
Averaging iterations... h=0.125000,0.000000
Done.
Final: Magnetisation = (0.210356,-0.012692), Energy = -0.860729 
<M> = (0.255743,0.001183), <E> = -0.889835 

T=1.550000	 Thermalizing iterations... 
Done.
Thermalized Magnetisation = (0.205006,-0.028203), Energy = -0.833754 
Averaging iterations... h=0.125000,0.000000
Done.
Final: Magnetisation = (0.234036,0.011743), Energy = -0.875670 
<M> = (0.260714,0.000005), <E> = -0.898114 

T=1.540000	 Thermalizing iterations... 
Done.
Thermalized Magnetisation = (0.259975,0.059577), Energy = -0.906186 
Averaging iterations... h=0.125000,0.000000
Done.
Final: Magnetisation = (0.229165,-0.106145), Energy = -0.925459 
<M> = (0.266255,-0.001851), <E> = -0.906867 

T=1.530000	 Thermalizing iterations... 
Done.
Thermalized Magnetisation = (0.332498,-0.039160), Energy = -0.979203 
Averaging iterations... h=0.125000,0.000000
Done.
Final: Magnetisation = (0.282901,0.010457), Energy = -0.930614 
<M> = (0.271673,-0.003470), <E> = -0.915768 

T=1.520000	 Thermalizing iterations... 
Done.
Thermalized Magnetisation = (0.298707,0.059761), Energy = -0.931299 
Averaging iterations... h=0.125000,0.000000
Done.
Final: Magnetisation = (0.274897,-0.019404), Energy = -0.911153 
<M> = (0.276449,-0.003038), <E> = -0.924314 

T=1.510000	 Thermalizing iterations... 
Done.
Thermalized Magnetisation = (0.290298,-0.023934), Energy = -0.974943 
Averaging iterations... h=0.125000,0.000000
Done.
Final: Magnetisation = (0.264079,0.005707), Energy = -0.915309 
<M> = (0.284444,-0.001249), <E> = -0.933793 

T=1.500000	 Thermalizing iterations... 
Done.
Thermalized Magnetisation = (0.330243,-0.093289), Energy = -0.967051 
Averaging iterations... h=0.125000,0.000000
Done.
Final: Magnetisation = (0.251207,-0.065091), Energy = -0.925044 
<M> = (0.289013,0.002359), <E> = -0.941645 

T=1.490000	 Thermalizing iterations... 
Done.
Thermalized Magnetisation = (0.302269,-0.012348), Energy = -0.943027 
Averaging iterations... h=0.125000,0.000000
Done.
Final: Magnetisation = (0.271216,0.099232), Energy = -0.934192 
<M> = (0.294291,0.001359), <E> = -0.949696 

T=1.480000	 Thermalizing iterations... 
Done.
Thermalized Magnetisation = (0.288756,-0.050396), Energy = -0.927187 
Averaging iterations... h=0.125000,0.000000
Done.
Final: Magnetisation = (0.301847,-0.046749), Energy = -0.942239 
<M> = (0.298559,0.002079), <E> = -0.958522 

T=1.470000	 Thermalizing iterations... 
Done.
Thermalized Magnetisation = (0.320075,0.016803), Energy = -0.974363 
Averaging iterations... h=0.125000,0.000000
Done.
Final: Magnetisation = (0.343989,-0.050786), Energy = -0.997072 
<M> = (0.306457,-0.001130), <E> = -0.968905 

T=1.460000	 Thermalizing iterations... 
Done.
Thermalized Magnetisation = (0.309038,0.070456), Energy = -0.975937 
Averaging iterations... h=0.125000,0.000000
Done.
Final: Magnetisation = (0.300300,0.001115), Energy = -0.981118 
<M> = (0.311645,-0.001484), <E> = -0.978480 

T=1.450000	 Thermalizing iterations... 
Done.
Thermalized Magnetisation = (0.318899,0.038117), Energy = -1.019542 
Averaging iterations... h=0.125000,0.000000
Done.
Final: Magnetisation = (0.285470,-0.035064), Energy = -0.966946 
<M> = (0.318352,-0.004499), <E> = -0.988593 

T=1.440000	 Thermalizing iterations... 
Done.
Thermalized Magnetisation = (0.361339,-0.050644), Energy = -1.036986 
Averaging iterations... h=0.125000,0.000000
Done.
Final: Magnetisation = (0.360776,-0.012373), Energy = -1.037915 
<M> = (0.324952,-0.003864), <E> = -0.998478 

T=1.430000	 Thermalizing iterations... 
Done.
Thermalized Magnetisation = (0.321339,-0.062913), Energy = -1.027351 
Averaging iterations... h=0.125000,0.000000
Done.
Final: Magnetisation = (0.313185,0.031831), Energy = -0.998615 
<M> = (0.332056,-0.000198), <E> = -1.007745 

T=1.420000	 Thermalizing iterations... 
Done.
Thermalized Magnetisation = (0.429658,0.049004), Energy = -1.079871 
Averaging iterations... h=0.125000,0.000000
Done.
Final: Magnetisation = (0.303501,-0.038557), Energy = -1.019733 
<M> = (0.338350,0.001157), <E> = -1.017251 

T=1.410000	 Thermalizing iterations... 
Done.
Thermalized Magnetisation = (0.340902,-0.045012), Energy = -1.043848 
Averaging iterations... h=0.125000,0.000000
Done.
Final: Magnetisation = (0.294134,-0.001923), Energy = -1.016188 
<M> = (0.343718,0.002637), <E> = -1.026161 

T=1.400000	 Thermalizing iterations... 
Done.
Thermalized Magnetisation = (0.333321,-0.002826), Energy = -0.993847 
Averaging iterations... h=0.125000,0.000000
Done.
Final: Magnetisation = (0.367913,0.057916), Energy = -1.031822 
<M> = (0.351749,-0.002531), <E> = -1.038087 

T=1.390000	 Thermalizing iterations... 
Done.
Thermalized Magnetisation = (0.339113,-0.001037), Energy = -1.053645 
Averaging iterations... h=0.125000,0.000000
Done.
Final: Magnetisation = (0.354877,0.000340), Energy = -1.050087 
<M> = (0.358493,-0.003605), <E> = -1.048317 

T=1.380000	 Thermalizing iterations... 
Done.
Thermalized Magnetisation = (0.377815,0.004578), Energy = -1.059226 
Averaging iterations... h=0.125000,0.000000
Done.
Final: Magnetisation = (0.350269,-0.055833), Energy = -1.007301 
<M> = (0.365840,-0.005786), <E> = -1.059540 

T=1.370000	 Thermalizing iterations... 
Done.
Thermalized Magnetisation = (0.322131,-0.037101), Energy = -1.021128 
Averaging iterations... h=0.125000,0.000000
Done.
Final: Magnetisation = (0.349996,-0.068897), Energy = -1.030212 
<M> = (0.372267,-0.004223), <E> = -1.070193 

T=1.360000	 Thermalizing iterations... 
Done.
Thermalized Magnetisation = (0.378176,0.001505), Energy = -1.090688 
Averaging iterations... h=0.125000,0.000000
Done.
Final: Magnetisation = (0.419438,0.093510), Energy = -1.143988 
<M> = (0.380181,-0.001647), <E> = -1.080950 

T=1.350000	 Thermalizing iterations... 
Done.
Thermalized Magnetisation = (0.414943,0.083983), Energy = -1.076435 
Averaging iterations... h=0.125000,0.000000
Done.
Final: Magnetisation = (0.343357,0.044157), Energy = -1.061589 
<M> = (0.389666,0.002917), <E> = -1.091280 

T=1.340000	 Thermalizing iterations... 
Done.
Thermalized Magnetisation = (0.439995,0.029917), Energy = -1.172198 
Averaging iterations... h=0.125000,0.000000
Done.
Final: Magnetisation = (0.430430,-0.018125), Energy = -1.141152 
<M> = (0.394952,0.000901), <E> = -1.101316 

T=1.330000	 Thermalizing iterations... 
Done.
Thermalized Magnetisation = (0.453288,0.007765), Energy = -1.165141 
Averaging iterations... h=0.125000,0.000000
Done.
Final: Magnetisation = (0.419873,-0.049876), Energy = -1.122213 
<M> = (0.402936,-0.000986), <E> = -1.113023 

T=1.320000	 Thermalizing iterations... 
Done.
Thermalized Magnetisation = (0.405911,0.015413), Energy = -1.141792 
Averaging iterations... h=0.125000,0.000000
Done.
Final: Magnetisation = (0.403137,-0.027374), Energy = -1.096431 
<M> = (0.413686,-0.002187), <E> = -1.126587 

T=1.310000	 Thermalizing iterations... 
Done.
Thermalized Magnetisation = (0.477280,-0.019018), Energy = -1.204214 
Averaging iterations... h=0.125000,0.000000
Done.
Final: Magnetisation = (0.412360,0.078590), Energy = -1.163512 
<M> = (0.420069,-0.004410), <E> = -1.137920 

T=1.300000	 Thermalizing iterations... 
Done.
Thermalized Magnetisation = (0.406091,0.013183), Energy = -1.134118 
Averaging iterations... h=0.125000,0.000000
Done.
Final: Magnetisation = (0.452463,0.003173), Energy = -1.206615 
<M> = (0.427017,-0.004628), <E> = -1.149314 

T=1.290000	 Thermalizing iterations... 
Done.
Thermalized Magnetisation = (0.437852,-0.031438), Energy = -1.156832 
Averaging iterations... h=0.125000,0.000000
Done.
Final: Magnetisation = (0.452431,-0.015761), Energy = -1.150113 
<M> = (0.436996,-0.004778), <E> = -1.162207 

T=1.280000	 Thermalizing iterations... 
Done.
Thermalized Magnetisation = (0.427304,0.037021), Energy = -1.200888 
Averaging iterations... h=0.125000,0.000000
Done.
Final: Magnetisation = (0.445771,-0.034222), Energy = -1.172004 
<M> = (0.443170,0.000285), <E> = -1.171395 

T=1.270000	 Thermalizing iterations... 
Done.
Thermalized Magnetisation = (0.432445,-0.007519), Energy = -1.161260 
Averaging iterations... h=0.125000,0.000000
Done.
Final: Magnetisation = (0.432000,0.028064), Energy = -1.170539 
<M> = (0.453405,0.000290), <E> = -1.183464 

T=1.260000	 Thermalizing iterations... 
Done.
Thermalized Magnetisation = (0.403619,-0.005123), Energy = -1.164643 
Averaging iterations... h=0.125000,0.000000
Done.
Final: Magnetisation = (0.481350,-0.052458), Energy = -1.234555 
<M> = (0.460129,0.001500), <E> = -1.194121 

T=1.250000	 Thermalizing iterations... 
Done.
Thermalized Magnetisation = (0.482879,-0.068585), Energy = -1.248667 
Averaging iterations... h=0.125000,0.000000
Done.
Final: Magnetisation = (0.436131,0.027530), Energy = -1.189909 
<M> = (0.467910,-0.006279), <E> = -1.207309 

T=1.240000	 Thermalizing iterations... 
Done.
Thermalized Magnetisation = (0.486985,0.015575), Energy = -1.255687 
Averaging iterations... h=0.125000,0.000000
Done.
Final: Magnetisation = (0.405615,-0.001099), Energy = -1.151869 
<M> = (0.476135,-0.000488), <E> = -1.219557 

T=1.230000	 Thermalizing iterations... 
Done.
Thermalized Magnetisation = (0.477075,0.104048), Energy = -1.241982 
Averaging iterations... h=0.125000,0.000000
Done.
Final: Magnetisation = (0.424771,-0.057422), Energy = -1.136437 
<M> = (0.483491,-0.005400), <E> = -1.232146 

T=1.220000	 Thermalizing iterations... 
Done.
Thermalized Magnetisation = (0.473582,-0.053219), Energy = -1.221469 
Averaging iterations... h=0.125000,0.000000
Done.
Final: Magnetisation = (0.488113,-0.031757), Energy = -1.264132 
<M> = (0.490385,-0.004581), <E> = -1.242894 

T=1.210000	 Thermalizing iterations... 
Done.
Thermalized Magnetisation = (0.475998,0.033146), Energy = -1.206598 
Averaging iterations... h=0.125000,0.000000
Done.
Final: Magnetisation = (0.490041,-0.036927), Energy = -1.271263 
<M> = (0.501673,-0.004342), <E> = -1.255910 

T=1.200000	 Thermalizing iterations... 
Done.
Thermalized Magnetisation = (0.558794,-0.069901), Energy = -1.285731 
Averaging iterations... h=0.125000,0.000000
Done.
Final: Magnetisation = (0.502814,-0.029770), Energy = -1.285839 
<M> = (0.509173,0.001705), <E> = -1.266494 

T=1.190000	 Thermalizing iterations... 
Done.
Thermalized Magnetisation = (0.514176,-0.018274), Energy = -1.238777 
Averaging iterations... h=0.125000,0.000000
Done.
Final: Magnetisation = (0.526007,-0.065479), Energy = -1.292795 
<M> = (0.517278,-0.001339), <E> = -1.278631 

T=1.180000	 Thermalizing iterations... 
Done.
Thermalized Magnetisation = (0.519627,-0.039090), Energy = -1.272642 
Averaging iterations... h=0.125000,0.000000
Done.
Final: Magnetisation = (0.481977,0.064137), Energy = -1.249489 
<M> = (0.525780,-0.002349), <E> = -1.290734 

T=1.170000	 Thermalizing iterations... 
Done.
Thermalized Magnetisation = (0.509331,0.025275), Energy = -1.299524 
Averaging iterations... h=0.125000,0.000000
Done.
Final: Magnetisation = (0.511261,0.085015), Energy = -1.284760 
<M> = (0.532931,0.001293), <E> = -1.303006 

T=1.160000	 Thermalizing iterations... 
Done.
Thermalized Magnetisation = (0.543386,-0.054357), Energy = -1.320756 
Averaging iterations... h=0.125000,0.000000
Done.
Final: Magnetisation = (0.530469,-0.069905), Energy = -1.299175 
<M> = (0.541286,-0.008339), <E> = -1.316396 

T=1.150000	 Thermalizing iterations... 
Done.
Thermalized Magnetisation = (0.550418,-0.051516), Energy = -1.373862 
Averaging iterations... h=0.125000,0.000000
Done.
Final: Magnetisation = (0.534626,-0.000000), Energy = -1.301390 
<M> = (0.547668,-0.002583), <E> = -1.327596 

T=1.140000	 Thermalizing iterations... 
Done.
Thermalized Magnetisation = (0.529391,-0.064452), Energy = -1.342717 
Averaging iterations... h=0.125000,0.000000
Done.
Final: Magnetisation = (0.588388,-0.039502), Energy = -1.364226 
<M> = (0.556013,-0.005496), <E> = -1.339689 

T=1.130000	 Thermalizing iterations... 
Done.
Thermalized Magnetisation = (0.523043,0.005865), Energy = -1.294271 
Averaging iterations... h=0.125000,0.000000
Done.
Final: Magnetisation = (0.555013,0.027225), Energy = -1.353466 
<M> = (0.565678,-0.003530), <E> = -1.351541 

T=1.120000	 Thermalizing iterations... 
Done.
Thermalized Magnetisation = (0.551947,-0.052133), Energy = -1.343687 
Averaging iterations... h=0.125000,0.000000
Done.
Final: Magnetisation = (0.589205,-0.117900), Energy = -1.361025 
<M> = (0.574494,0.000681), <E> = -1.362619 

T=1.110000	 Thermalizing iterations... 
Done.
Thermalized Magnetisation = (0.613820,-0.016472), Energy = -1.383120 
Averaging iterations... h=0.125000,0.000000
Done.
Final: Magnetisation = (0.590877,0.007628), Energy = -1.376985 
<M> = (0.580184,0.000040), <E> = -1.373002 

T=1.100000	 Thermalizing iterations... 
Done.
Thermalized Magnetisation = (0.570350,-0.063829), Energy = -1.392110 
Averaging iterations... h=0.125000,0.000000
Done.
Final: Magnetisation = (0.605451,0.016533), Energy = -1.409376 
<M> = (0.586675,-0.002375), <E> = -1.385681 

T=1.090000	 Thermalizing iterations... 
Done.
Thermalized Magnetisation = (0.584999,-0.011511), Energy = -1.409513 
Averaging iterations... h=0.125000,0.000000
Done.
Final: Magnetisation = (0.571904,0.001193), Energy = -1.383453 
<M> = (0.594582,-0.006704), <E> = -1.397619 

T=1.080000	 Thermalizing iterations... 
Done.
Thermalized Magnetisation = (0.587291,-0.005401), Energy = -1.377220 
Averaging iterations... h=0.125000,0.000000
Done.
Final: Magnetisation = (0.621933,0.092091), Energy = -1.417285 
<M> = (0.600834,-0.015370), <E> = -1.408652 

T=1.070000	 Thermalizing iterations... 
Done.
Thermalized Magnetisation = (0.621011,0.086737), Energy = -1.428721 
Averaging iterations... h=0.125000,0.000000
Done.
Final: Magnetisation = (0.635628,0.021468), Energy = -1.435430 
<M> = (0.607266,-0.007586), <E> = -1.419024 

T=1.060000	 Thermalizing iterations... 
Done.
Thermalized Magnetisation = (0.582784,0.052118), Energy = -1.417070 
Averaging iterations... h=0.125000,0.000000
Done.
Final: Magnetisation = (0.633150,-0.098911), Energy = -1.444657 
<M> = (0.615484,-0.010658), <E> = -1.431508 

T=1.050000	 Thermalizing iterations... 
Done.
Thermalized Magnetisation = (0.625227,-0.113788), Energy = -1.472213 
Averaging iterations... h=0.125000,0.000000
Done.
Final: Magnetisation = (0.609135,-0.026387), Energy = -1.428538 
<M> = (0.624032,-0.001119), <E> = -1.441621 

T=1.040000	 Thermalizing iterations... 
Done.
Thermalized Magnetisation = (0.623905,-0.025598), Energy = -1.444873 
Averaging iterations... h=0.125000,0.000000
Done.
Final: Magnetisation = (0.586646,0.041735), Energy = -1.426819 
<M> = (0.627710,-0.002689), <E> = -1.451045 

T=1.030000	 Thermalizing iterations... 
Done.
Thermalized Magnetisation = (0.626400,0.003003), Energy = -1.419517 
Averaging iterations... h=0.125000,0.000000
Done.
Final: Magnetisation = (0.597076,-0.003180), Energy = -1.451420 
<M> = (0.634420,0.003086), <E> = -1.462668 

T=1.020000	 Thermalizing iterations... 
Done.
Thermalized Magnetisation = (0.678908,0.004018), Energy = -1.477308 
Averaging iterations... h=0.125000,0.000000
Done.
Final: Magnetisation = (0.655902,0.035994), Energy = -1.508751 
<M> = (0.639974,-0.001082), <E> = -1.472718 

T=1.010000	 Thermalizing iterations... 
Done.
Thermalized Magnetisation = (0.630382,0.060613), Energy = -1.459779 
Averaging iterations... h=0.125000,0.000000
Done.
Final: Magnetisation = (0.647630,0.039303), Energy = -1.488944 
<M> = (0.645454,-0.005734), <E> = -1.483792 

T=1.000000	 Thermalizing iterations... 
Done.
Thermalized Magnetisation = (0.648338,-0.082492), Energy = -1.511358 
Averaging iterations... h=0.125000,0.000000
Done.
Final: Magnetisation = (0.690468,0.054130), Energy = -1.530409 
<M> = (0.651521,-0.009470), <E> = -1.493153 

T=0.990000	 Thermalizing iterations... 
Done.
Thermalized Magnetisation = (0.625954,-0.003462), Energy = -1.510488 
Averaging iterations... h=0.125000,0.000000
Done.
Final: Magnetisation = (0.658989,-0.094106), Energy = -1.484515 
<M> = (0.659261,-0.009653), <E> = -1.503861 

T=0.980000	 Thermalizing iterations... 
Done.
Thermalized Magnetisation = (0.647629,0.049523), Energy = -1.502518 
Averaging iterations... h=0.125000,0.000000
Done.
Final: Magnetisation = (0.662871,-0.046316), Energy = -1.514392 
<M> = (0.664468,0.001959), <E> = -1.513582 

T=0.970000	 Thermalizing iterations... 
Done.
Thermalized Magnetisation = (0.666691,0.050095), Energy = -1.490525 
Averaging iterations... h=0.125000,0.000000
Done.
Final: Magnetisation = (0.664119,0.057149), Energy = -1.512924 
<M> = (0.668848,0.005778), <E> = -1.523504 

T=0.960000	 Thermalizing iterations... 
Done.
Thermalized Magnetisation = (0.673391,0.022666), Energy = -1.544818 
Averaging iterations... h=0.125000,0.000000
Done.
Final: Magnetisation = (0.698819,0.030051), Energy = -1.523662 
<M> = (0.675063,0.005056), <E> = -1.532251 

T=0.950000	 Thermalizing iterations... 
Done.
Thermalized Magnetisation = (0.684780,-0.001427), Energy = -1.532443 
Averaging iterations... h=0.125000,0.000000
Done.
Final: Magnetisation = (0.659678,-0.025448), Energy = -1.529788 
<M> = (0.679253,-0.008450), <E> = -1.542384 

T=0.940000	 Thermalizing iterations... 
Done.
Thermalized Magnetisation = (0.697876,0.144045), Energy = -1.592021 
Averaging iterations... h=0.125000,0.000000
Done.
Final: Magnetisation = (0.699330,-0.005592), Energy = -1.560156 
<M> = (0.685219,-0.000336), <E> = -1.552026 

T=0.930000	 Thermalizing iterations... 
Done.
Thermalized Magnetisation = (0.688198,0.023412), Energy = -1.538424 
Averaging iterations... h=0.125000,0.000000
Done.
Final: Magnetisation = (0.703102,-0.035618), Energy = -1.547783 
<M> = (0.689233,-0.014246), <E> = -1.561056 

T=0.920000	 Thermalizing iterations... 
Done.
Thermalized Magnetisation = (0.705472,-0.055702), Energy = -1.574901 
Averaging iterations... h=0.125000,0.000000
Done.
Final: Magnetisation = (0.671871,-0.017581), Energy = -1.552401 
<M> = (0.694533,-0.012558), <E> = -1.570337 

T=0.910000	 Thermalizing iterations... 
Done.
Thermalized Magnetisation = (0.711877,-0.039635), Energy = -1.584026 
Averaging iterations... h=0.125000,0.000000
Done.
Final: Magnetisation = (0.700908,0.071059), Energy = -1.595776 
<M> = (0.700756,-0.005541), <E> = -1.579122 

T=0.900000	 Thermalizing iterations... 
Done.
Thermalized Magnetisation = (0.723405,-0.089574), Energy = -1.571966 
Averaging iterations... h=0.125000,0.000000
Done.
Final: Magnetisation = (0.700267,0.073079), Energy = -1.587920 
<M> = (0.706310,-0.003233), <E> = -1.588059 

T=0.890000	 Thermalizing iterations... 
Done.
Thermalized Magnetisation = (0.701215,-0.042579), Energy = -1.595888 
Averaging iterations... h=0.125000,0.000000
Done.
Final: Magnetisation = (0.694400,-0.013410), Energy = -1.555028 
<M> = (0.708244,-0.001127), <E> = -1.595627 

T=0.880000	 Thermalizing iterations... 
Done.
Thermalized Magnetisation = (0.698618,-0.047408), Energy = -1.600309 
Averaging iterations... h=0.125000,0.000000
Done.
Final: Magnetisation = (0.730224,-0.031370), Energy = -1.614907 
<M> = (0.713623,0.010990), <E> = -1.605186 

T=0.870000	 Thermalizing iterations... 
Done.
Thermalized Magnetisation = (0.760071,0.052349), Energy = -1.635258 
Averaging iterations... h=0.125000,0.000000
Done.
Final: Magnetisation = (0.748126,-0.057963), Energy = -1.620257 
<M> = (0.717949,-0.011300), <E> = -1.613333 

T=0.860000	 Thermalizing iterations... 
Done.
Thermalized Magnetisation = (0.728879,-0.112721), Energy = -1.631936 
Averaging iterations... h=0.125000,0.000000
Done.
Final: Magnetisation = (0.725623,0.084191), Energy = -1.614817 
<M> = (0.719826,-0.023513), <E> = -1.621983 

T=0.850000	 Thermalizing iterations... 
Done.
Thermalized Magnetisation = (0.731959,-0.059329), Energy = -1.625138 
Averaging iterations... h=0.125000,0.000000
Done.
Final: Magnetisation = (0.702141,0.009029), Energy = -1.618107 
<M> = (0.725166,-0.015263), <E> = -1.629383 

T=0.840000	 Thermalizing iterations... 
Done.
Thermalized Magnetisation = (0.713949,-0.149818), Energy = -1.655938 
Averaging iterations... h=0.125000,0.000000
Done.
Final: Magnetisation = (0.726902,-0.085052), Energy = -1.646896 
<M> = (0.727169,-0.008866), <E> = -1.637463 

T=0.830000	 Thermalizing iterations... 
Done.
Thermalized Magnetisation = (0.754816,0.084242), Energy = -1.670702 
Averaging iterations... h=0.125000,0.000000
Done.
Final: Magnetisation = (0.717307,0.028637), Energy = -1.644568 
<M> = (0.735503,-0.001486), <E> = -1.645940 

T=0.820000	 Thermalizing iterations... 
Done.
Thermalized Magnetisation = (0.744452,-0.021479), Energy = -1.644353 
Averaging iterations... h=0.125000,0.000000
Done.
Final: Magnetisation = (0.744200,-0.051488), Energy = -1.648453 
<M> = (0.738750,0.003087), <E> = -1.653722 

T=0.810000	 Thermalizing iterations... 
Done.
Thermalized Magnetisation = (0.721245,-0.076360), Energy = -1.627517 
Averaging iterations... h=0.125000,0.000000
Done.
Final: Magnetisation = (0.742687,0.048629), Energy = -1.640935 
<M> = (0.741613,-0.000741), <E> = -1.660799 

T=0.800000	 Thermalizing iterations... 
Done.
Thermalized Magnetisation = (0.723383,-0.082443), Energy = -1.662664 
Averaging iterations... h=0.125000,0.000000
Done.
Final: Magnetisation = (0.740368,-0.066946), Energy = -1.658720 
<M> = (0.744817,-0.005829), <E> = -1.668824 

T=0.790000	 Thermalizing iterations... 
Done.
Thermalized Magnetisation = (0.722216,-0.025117), Energy = -1.682134 
Averaging iterations... h=0.125000,0.000000
Done.
Final: Magnetisation = (0.721273,0.021125), Energy = -1.674458 
<M> = (0.749360,-0.010498), <E> = -1.677087 

T=0.780000	 Thermalizing iterations... 
Done.
Thermalized Magnetisation = (0.738657,0.064042), Energy = -1.676039 
Averaging iterations... h=0.125000,0.000000
Done.
Final: Magnetisation = (0.741848,-0.081320), Energy = -1.669124 
<M> = (0.752202,0.002983), <E> = -1.684018 

T=0.770000	 Thermalizing iterations... 
Done.
Thermalized Magnetisation = (0.791981,-0.034704), Energy = -1.717866 
Averaging iterations... h=0.125000,0.000000
Done.
Final: Magnetisation = (0.759331,-0.072575), Energy = -1.680301 
<M> = (0.754909,-0.024833), <E> = -1.691308 

T=0.760000	 Thermalizing iterations... 
Done.
Thermalized Magnetisation = (0.756786,-0.018775), Energy = -1.683117 
Averaging iterations... h=0.125000,0.000000
Done.
Final: Magnetisation = (0.779076,-0.088127), Energy = -1.716349 
<M> = (0.761611,0.001614), <E> = -1.698989 

T=0.750000	 Thermalizing iterations... 
Done.
Thermalized Magnetisation = (0.755950,0.061915), Energy = -1.690817 
Averaging iterations... h=0.125000,0.000000
Done.
Final: Magnetisation = (0.748293,0.015495), Energy = -1.698426 
<M> = (0.765907,0.007393), <E> = -1.706355 

T=0.740000	 Thermalizing iterations... 
Done.
Thermalized Magnetisation = (0.767143,-0.031296), Energy = -1.724730 
Averaging iterations... h=0.125000,0.000000
Done.
Final: Magnetisation = (0.739284,-0.059203), Energy = -1.709223 
<M> = (0.767704,-0.009309), <E> = -1.712937 

T=0.730000	 Thermalizing iterations... 
Done.
Thermalized Magnetisation = (0.771142,-0.055984), Energy = -1.706782 
Averaging iterations... h=0.125000,0.000000
Done.
Final: Magnetisation = (0.787087,-0.045852), Energy = -1.734543 
<M> = (0.771441,0.003390), <E> = -1.720116 

T=0.720000	 Thermalizing iterations... 
Done.
Thermalized Magnetisation = (0.779326,-0.033870), Energy = -1.718080 
Averaging iterations... h=0.125000,0.000000
Done.
Final: Magnetisation = (0.773636,-0.052336), Energy = -1.731319 
<M> = (0.775195,-0.002348), <E> = -1.727156 

T=0.710000	 Thermalizing iterations... 
Done.
Thermalized Magnetisation = (0.791851,-0.008015), Energy = -1.734172 
Averaging iterations... h=0.125000,0.000000
Done.
Final: Magnetisation = (0.773729,-0.003980), Energy = -1.721929 
<M> = (0.778171,-0.020057), <E> = -1.734228 

T=0.700000	 Thermalizing iterations... 
Done.
Thermalized Magnetisation = (0.788005,-0.106858), Energy = -1.766952 
Averaging iterations... h=0.125000,0.000000
Done.
Final: Magnetisation = (0.785942,-0.045317), Energy = -1.735605 
<M> = (0.779094,-0.037674), <E> = -1.740438 

T=0.690000	 Thermalizing iterations... 
Done.
Thermalized Magnetisation = (0.795526,0.013657), Energy = -1.753921 
Averaging iterations... h=0.125000,0.000000
Done.
Final: Magnetisation = (0.756377,-0.158431), Energy = -1.720752 
<M> = (0.782757,-0.008595), <E> = -1.747745 

T=0.680000	 Thermalizing iterations... 
Done.
Thermalized Magnetisation = (0.803705,-0.023072), Energy = -1.769346 
Averaging iterations... h=0.125000,0.000000
Done.
Final: Magnetisation = (0.779526,0.079449), Energy = -1.750102 
<M> = (0.787841,0.008875), <E> = -1.754641 

T=0.670000	 Thermalizing iterations... 
Done.
Thermalized Magnetisation = (0.791593,-0.052309), Energy = -1.771005 
Averaging iterations... h=0.125000,0.000000
Done.
Final: Magnetisation = (0.805467,0.048398), Energy = -1.776045 
<M> = (0.791859,0.000344), <E> = -1.761288 

T=0.660000	 Thermalizing iterations... 
Done.
Thermalized Magnetisation = (0.808137,0.050219), Energy = -1.765296 
Averaging iterations... h=0.125000,0.000000
Done.
Final: Magnetisation = (0.800839,0.064893), Energy = -1.764394 
<M> = (0.794963,0.000952), <E> = -1.767202 

T=0.650000	 Thermalizing iterations... 
Done.
Thermalized Magnetisation = (0.772898,-0.000194), Energy = -1.761362 
Averaging iterations... h=0.125000,0.000000
Done.
Final: Magnetisation = (0.779328,-0.019687), Energy = -1.752387 
<M> = (0.798996,-0.008240), <E> = -1.774393 

T=0.640000	 Thermalizing iterations... 
Done.
Thermalized Magnetisation = (0.808316,-0.009509), Energy = -1.787616 
Averaging iterations... h=0.125000,0.000000
Done.
Final: Magnetisation = (0.820838,-0.015435), Energy = -1.785814 
<M> = (0.799970,-0.024738), <E> = -1.781056 

T=0.630000	 Thermalizing iterations... 
Done.
Thermalized Magnetisation = (0.781633,-0.063945), Energy = -1.784704 
Averaging iterations... h=0.125000,0.000000
Done.
Final: Magnetisation = (0.819123,0.011218), Energy = -1.782741 
<M> = (0.802808,-0.020381), <E> = -1.787042 

T=0.620000	 Thermalizing iterations... 
Done.
Thermalized Magnetisation = (0.769839,0.205116), Energy = -1.797329 
Averaging iterations... h=0.125000,0.000000
Done.
Final: Magnetisation = (0.795382,-0.050386), Energy = -1.781098 
<M> = (0.806480,0.009941), <E> = -1.793330 

T=0.610000	 Thermalizing iterations... 
Done.
Thermalized Magnetisation = (0.800604,-0.052455), Energy = -1.795177 
Averaging iterations... h=0.125000,0.000000
Done.
Final: Magnetisation = (0.804886,-0.017888), Energy = -1.794066 
<M> = (0.811186,0.014781), <E> = -1.800135 

T=0.600000	 Thermalizing iterations... 
Done.
Thermalized Magnetisation = (0.822212,-0.036118), Energy = -1.811386 
Averaging iterations... h=0.125000,0.000000
Done.
Final: Magnetisation = (0.815421,-0.008693), Energy = -1.809122 
<M> = (0.812590,0.000404), <E> = -1.806555 

T=0.590000	 Thermalizing iterations... 
Done.
Thermalized Magnetisation = (0.817838,0.010416), Energy = -1.826333 
Averaging iterations... h=0.125000,0.000000
Done.
Final: Magnetisation = (0.815280,-0.027905), Energy = -1.815304 
<M> = (0.816179,0.003093), <E> = -1.812628 

T=0.580000	 Thermalizing iterations... 
Done.
Thermalized Magnetisation = (0.817379,-0.018127), Energy = -1.827058 
Averaging iterations... h=0.125000,0.000000
Done.
Final: Magnetisation = (0.803618,0.088328), Energy = -1.828561 
<M> = (0.818881,-0.016986), <E> = -1.818471 

T=0.570000	 Thermalizing iterations... 
Done.
Thermalized Magnetisation = (0.837285,-0.034962), Energy = -1.828881 
Averaging iterations... h=0.125000,0.000000
Done.
Final: Magnetisation = (0.838186,-0.024143), Energy = -1.836027 
<M> = (0.822032,0.003909), <E> = -1.824975 

T=0.560000	 Thermalizing iterations... 
Done.
Thermalized Magnetisation = (0.827709,-0.049661), Energy = -1.834575 
Averaging iterations... h=0.125000,0.000000
Done.
Final: Magnetisation = (0.802374,-0.122582), Energy = -1.825598 
<M> = (0.825036,-0.034794), <E> = -1.831319 

T=0.550000	 Thermalizing iterations... 
Done.
Thermalized Magnetisation = (0.833594,0.065771), Energy = -1.844228 
Averaging iterations... h=0.125000,0.000000
Done.
Final: Magnetisation = (0.828387,-0.010025), Energy = -1.841469 
<M> = (0.826857,-0.008649), <E> = -1.836920 

T=0.540000	 Thermalizing iterations... 
Done.
Thermalized Magnetisation = (0.839256,0.060816), Energy = -1.857753 
Averaging iterations... h=0.125000,0.000000
Done.
Final: Magnetisation = (0.822074,-0.042854), Energy = -1.842052 
<M> = (0.830651,0.006328), <E> = -1.842757 

T=0.530000	 Thermalizing iterations... 
Done.
Thermalized Magnetisation = (0.845211,0.006362), Energy = -1.849510 
Averaging iterations... h=0.125000,0.000000
Done.
Final: Magnetisation = (0.834217,0.020055), Energy = -1.858236 
<M> = (0.834604,0.033663), <E> = -1.849144 

T=0.520000	 Thermalizing iterations... 
Done.
Thermalized Magnetisation = (0.852722,0.014468), Energy = -1.857201 
Averaging iterations... h=0.125000,0.000000
Done.
Final: Magnetisation = (0.826335,0.015288), Energy = -1.845733 
<M> = (0.837224,0.002136), <E> = -1.855024 

T=0.510000	 Thermalizing iterations... 
Done.
Thermalized Magnetisation = (0.850186,-0.017146), Energy = -1.859657 
Averaging iterations... h=0.125000,0.000000
Done.
Final: Magnetisation = (0.847613,-0.032096), Energy = -1.858389 
<M> = (0.840388,-0.020107), <E> = -1.860862 

T=0.500000	 Thermalizing iterations... 
Done.
Thermalized Magnetisation = (0.837379,0.007992), Energy = -1.859618 
Averaging iterations... h=0.125000,0.000000
Done.
Final: Magnetisation = (0.841435,-0.057744), Energy = -1.867445 
<M> = (0.843761,-0.010653), <E> = -1.866870 

T=0.490000	 Thermalizing iterations... 
Done.
Thermalized Magnetisation = (0.846148,0.027821), Energy = -1.876794 
Averaging iterations... h=0.125000,0.000000
Done.
Final: Magnetisation = (0.833423,-0.033192), Energy = -1.877805 
<M> = (0.844853,-0.013702), <E> = -1.873249 

T=0.480000	 Thermalizing iterations... 
Done.
Thermalized Magnetisation = (0.825640,0.032133), Energy = -1.863319 
Averaging iterations... h=0.125000,0.000000
Done.
Final: Magnetisation = (0.854647,0.079848), Energy = -1.878374 
<M> = (0.847222,0.000292), <E> = -1.878538 

T=0.470000	 Thermalizing iterations... 
Done.
Thermalized Magnetisation = (0.848812,0.006518), Energy = -1.877246 
Averaging iterations... h=0.125000,0.000000
Done.
Final: Magnetisation = (0.846183,-0.115002), Energy = -1.893269 
<M> = (0.849392,-0.013393), <E> = -1.884109 

T=0.460000	 Thermalizing iterations... 
Done.
Thermalized Magnetisation = (0.858435,-0.002553), Energy = -1.880162 
Averaging iterations... h=0.125000,0.000000
Done.
Final: Magnetisation = (0.856411,-0.054364), Energy = -1.892520 
<M> = (0.854319,0.007381), <E> = -1.890123 

T=0.450000	 Thermalizing iterations... 
Done.
Thermalized Magnetisation = (0.840361,-0.139057), Energy = -1.885635 
Averaging iterations... h=0.125000,0.000000
Done.
Final: Magnetisation = (0.864324,0.050905), Energy = -1.899725 
<M> = (0.856203,0.003607), <E> = -1.896214 

T=0.440000	 Thermalizing iterations... 
Done.
Thermalized Magnetisation = (0.866098,0.015911), Energy = -1.902699 
Averaging iterations... h=0.125000,0.000000
Done.
Final: Magnetisation = (0.854877,0.085868), Energy = -1.902356 
<M> = (0.860771,-0.030760), <E> = -1.901942 

T=0.430000	 Thermalizing iterations... 
Done.
Thermalized Magnetisation = (0.862422,0.042360), Energy = -1.908625 
Averaging iterations... h=0.125000,0.000000
Done.
Final: Magnetisation = (0.865441,0.026277), Energy = -1.910209 
<M> = (0.863965,-0.017666), <E> = -1.907845 

T=0.420000	 Thermalizing iterations... 
Done.
Thermalized Magnetisation = (0.862008,0.014996), Energy = -1.914271 
Averaging iterations... h=0.125000,0.000000
Done.
Final: Magnetisation = (0.864893,0.039018), Energy = -1.909845 
<M> = (0.864967,0.004178), <E> = -1.913608 

T=0.410000	 Thermalizing iterations... 
Done.
Thermalized Magnetisation = (0.855074,-0.031018), Energy = -1.918466 
Averaging iterations... h=0.125000,0.000000
Done.
Final: Magnetisation = (0.876068,-0.051771), Energy = -1.917662 
<M> = (0.866561,-0.015862), <E> = -1.919341 

T=0.400000	 Thermalizing iterations... 
Done.
Thermalized Magnetisation = (0.874860,-0.090312), Energy = -1.930260 
Averaging iterations... h=0.125000,0.000000
Done.
Final: Magnetisation = (0.870308,-0.087255), Energy = -1.924010 
<M> = (0.870602,-0.029567), <E> = -1.924676 

T=0.390000	 Thermalizing iterations... 
Done.
Thermalized Magnetisation = (0.891886,0.008399), Energy = -1.931748 
Averaging iterations... h=0.125000,0.000000
Done.
Final: Magnetisation = (0.884192,-0.039266), Energy = -1.931554 
<M> = (0.870680,-0.010177), <E> = -1.929926 

T=0.380000	 Thermalizing iterations... 
Done.
Thermalized Magnetisation = (0.871883,-0.062952), Energy = -1.930428 
Averaging iterations... h=0.125000,0.000000
Done.
Final: Magnetisation = (0.888752,0.005081), Energy = -1.941575 
<M> = (0.875950,-0.006339), <E> = -1.935933 

T=0.370000	 Thermalizing iterations... 
Done.
Thermalized Magnetisation = (0.870916,-0.069554), Energy = -1.942016 
Averaging iterations... h=0.125000,0.000000
Done.
Final: Magnetisation = (0.888989,0.036077), Energy = -1.948543 
<M> = (0.877291,0.008151), <E> = -1.941490 

T=0.360000	 Thermalizing iterations... 
Done.
Thermalized Magnetisation = (0.876197,0.063191), Energy = -1.952784 
Averaging iterations... h=0.125000,0.000000
Done.
Final: Magnetisation = (0.888835,0.006203), Energy = -1.953254 
<M> = (0.882523,0.008664), <E> = -1.947000 

T=0.350000	 Thermalizing iterations... 
Done.
Thermalized Magnetisation = (0.874194,-0.006261), Energy = -1.944785 
Averaging iterations... h=0.125000,0.000000
Done.
Final: Magnetisation = (0.881744,0.012588), Energy = -1.955618 
<M> = (0.882127,-0.006316), <E> = -1.952688 

T=0.340000	 Thermalizing iterations... 
Done.
Thermalized Magnetisation = (0.877072,-0.046670), Energy = -1.953741 
Averaging iterations... h=0.125000,0.000000
Done.
Final: Magnetisation = (0.881061,-0.003101), Energy = -1.960329 
<M> = (0.886691,-0.012433), <E> = -1.958036 

T=0.330000	 Thermalizing iterations... 
Done.
Thermalized Magnetisation = (0.890933,0.015212), Energy = -1.962007 
Averaging iterations... h=0.125000,0.000000
Done.
Final: Magnetisation = (0.892506,0.057117), Energy = -1.961907 
<M> = (0.889545,0.006819), <E> = -1.963425 

T=0.320000	 Thermalizing iterations... 
Done.
Thermalized Magnetisation = (0.877727,-0.108818), Energy = -1.959098 
Averaging iterations... h=0.125000,0.000000
Done.
Final: Magnetisation = (0.884098,-0.045199), Energy = -1.962218 
<M> = (0.891619,-0.011965), <E> = -1.968918 

T=0.310000	 Thermalizing iterations... 
Done.
Thermalized Magnetisation = (0.895230,0.004423), Energy = -1.972499 
Averaging iterations... h=0.125000,0.000000
Done.
Final: Magnetisation = (0.891940,0.016391), Energy = -1.971841 
<M> = (0.893324,0.006797), <E> = -1.974282 

T=0.300000	 Thermalizing iterations... 
Done.
Thermalized Magnetisation = (0.897057,-0.098668), Energy = -1.980882 
Averaging iterations... h=0.125000,0.000000
Done.
Final: Magnetisation = (0.913237,-0.016974), Energy = -1.982370 
<M> = (0.899178,-0.001693), <E> = -1.979966 

T=0.290000	 Thermalizing iterations... 
Done.
Thermalized Magnetisation = (0.896024,0.021541), Energy = -1.976541 
Averaging iterations... h=0.125000,0.000000
Done.
Final: Magnetisation = (0.910550,-0.005998), Energy = -1.982660 
<M> = (0.898520,0.012699), <E> = -1.985435 

T=0.280000	 Thermalizing iterations... 
Done.
Thermalized Magnetisation = (0.901826,-0.027999), Energy = -1.988933 
Averaging iterations... h=0.125000,0.000000
Done.
Final: Magnetisation = (0.901742,-0.037262), Energy = -1.991987 
<M> = (0.902905,-0.026432), <E> = -1.990811 

T=0.270000	 Thermalizing iterations... 
Done.
Thermalized Magnetisation = (0.894136,-0.085609), Energy = -1.999221 
Averaging iterations... h=0.125000,0.000000
Done.
Final: Magnetisation = (0.893114,-0.004405), Energy = -1.993161 
<M> = (0.904125,-0.003918), <E> = -1.996256 

T=0.260000	 Thermalizing iterations... 
Done.
Thermalized Magnetisation = (0.906191,-0.009861), Energy = -1.996382 
Averaging iterations... h=0.125000,0.000000
Done.
Final: Magnetisation = (0.910808,-0.015604), Energy = -2.001357 
<M> = (0.907400,-0.027671), <E> = -2.001544 

T=0.250000	 Thermalizing iterations... 
Done.
Thermalized Magnetisation = (0.905319,0.022873), Energy = -2.008893 
Averaging iterations... h=0.125000,0.000000
Done.
Final: Magnetisation = (0.907402,0.032231), Energy = -2.001747 
<M> = (0.909723,0.022531), <E> = -2.007031 

T=0.240000	 Thermalizing iterations... 
Done.
Thermalized Magnetisation = (0.918987,-0.072689), Energy = -2.015507 
Averaging iterations... h=0.125000,0.000000
Done.
Final: Magnetisation = (0.914621,-0.020417), Energy = -2.009236 
<M> = (0.913201,-0.016307), <E> = -2.012080 

T=0.230000	 Thermalizing iterations... 
Done.
Thermalized Magnetisation = (0.918661,-0.015638), Energy = -2.013919 
Averaging iterations... h=0.125000,0.000000
Done.
Final: Magnetisation = (0.915925,-0.015861), Energy = -2.019816 
<M> = (0.917582,-0.011255), <E> = -2.017616 

T=0.220000	 Thermalizing iterations... 
Done.
Thermalized Magnetisation = (0.918695,0.020036), Energy = -2.023224 
Averaging iterations... h=0.125000,0.000000
Done.
Final: Magnetisation = (0.910670,-0.035050), Energy = -2.019190 
<M> = (0.920034,0.006168), <E> = -2.022755 

T=0.210000	 Thermalizing iterations... 
Done.
Thermalized Magnetisation = (0.923221,0.081626), Energy = -2.026685 
Averaging iterations... h=0.125000,0.000000
Done.
Final: Magnetisation = (0.921649,0.050579), Energy = -2.028731 
<M> = (0.922115,0.004293), <E> = -2.028031 

T=0.200000	 Thermalizing iterations... 
Done.
Thermalized Magnetisation = (0.921426,0.031978), Energy = -2.033166 
Averaging iterations... h=0.125000,0.000000
Done.
Final: Magnetisation = (0.921791,-0.047137), Energy = -2.033464 
<M> = (0.921382,0.026873), <E> = -2.033437 

T=0.190000	 Thermalizing iterations... 
Done.
Thermalized Magnetisation = (0.918283,-0.015443), Energy = -2.038452 
Averaging iterations... h=0.125000,0.000000
Done.
Final: Magnetisation = (0.926169,0.043301), Energy = -2.038392 
<M> = (0.925976,0.012293), <E> = -2.038742 

T=0.180000	 Thermalizing iterations... 
Done.
Thermalized Magnetisation = (0.923345,0.049865), Energy = -2.045333 
Averaging iterations... h=0.125000,0.000000
Done.
Final: Magnetisation = (0.928285,0.024573), Energy = -2.045706 
<M> = (0.929058,0.033395), <E> = -2.043926 

T=0.170000	 Thermalizing iterations... 
Done.
Thermalized Magnetisation = (0.930500,0.009789), Energy = -2.046827 
Averaging iterations... h=0.125000,0.000000
Done.
Final: Magnetisation = (0.930212,0.053201), Energy = -2.049944 
<M> = (0.932050,0.019867), <E> = -2.049173 

T=0.160000	 Thermalizing iterations... 
Done.
Thermalized Magnetisation = (0.932172,-0.013478), Energy = -2.051659 
Averaging iterations... h=0.125000,0.000000
Done.
Final: Magnetisation = (0.931415,0.069233), Energy = -2.052677 
<M> = (0.935312,-0.001163), <E> = -2.054372 

T=0.150000	 Thermalizing iterations... 
Done.
Thermalized Magnetisation = (0.934189,0.076185), Energy = -2.057203 
Averaging iterations... h=0.125000,0.000000
Done.
Final: Magnetisation = (0.940031,0.080772), Energy = -2.062612 
<M> = (0.935929,0.075698), <E> = -2.059415 

T=0.140000	 Thermalizing iterations... 
Done.
Thermalized Magnetisation = (0.937284,0.002162), Energy = -2.067950 
Averaging iterations... h=0.125000,0.000000
Done.
Final: Magnetisation = (0.946818,-0.001386), Energy = -2.066390 
<M> = (0.938927,-0.010631), <E> = -2.064648 

T=0.130000	 Thermalizing iterations... 
Done.
Thermalized Magnetisation = (0.939045,-0.061805), Energy = -2.069315 
Averaging iterations... h=0.125000,0.000000
Done.
Final: Magnetisation = (0.939942,-0.031775), Energy = -2.072518 
<M> = (0.941511,-0.033972), <E> = -2.069768 

T=0.120000	 Thermalizing iterations... 
Done.
Thermalized Magnetisation = (0.946531,0.043384), Energy = -2.073532 
Averaging iterations... h=0.125000,0.000000
Done.
Final: Magnetisation = (0.945194,0.029437), Energy = -2.076773 
<M> = (0.942721,0.063497), <E> = -2.075068 

T=0.110000	 Thermalizing iterations... 
Done.
Thermalized Magnetisation = (0.941080,0.033279), Energy = -2.077617 
Averaging iterations... h=0.125000,0.000000
Done.
Final: Magnetisation = (0.943102,0.078654), Energy = -2.082408 
<M> = (0.944653,0.022556), <E> = -2.080178 

T=0.100000	 Thermalizing iterations... 
Done.
Thermalized Magnetisation = (0.947989,0.019412), Energy = -2.083427 
Averaging iterations... h=0.125000,0.000000
Done.
Final: Magnetisation = (0.949935,0.015718), Energy = -2.087681 
<M> = (0.950503,0.022215), <E> = -2.085338 

T=0.090000	 Thermalizing iterations... 
Done.
Thermalized Magnetisation = (0.950189,0.063359), Energy = -2.091499 
Averaging iterations... h=0.125000,0.000000
Done.
Final: Magnetisation = (0.947569,0.081018), Energy = -2.091189 
<M> = (0.949679,0.039703), <E> = -2.090499 

T=0.080000	 Thermalizing iterations... 
Done.
Thermalized Magnetisation = (0.953281,0.026986), Energy = -2.096680 
Averaging iterations... h=0.125000,0.000000
Done.
Final: Magnetisation = (0.954536,0.041248), Energy = -2.097754 
<M> = (0.952066,0.036200), <E> = -2.095501 

T=0.070000	 Thermalizing iterations... 
Done.
Thermalized Magnetisation = (0.950063,0.024213), Energy = -2.101645 
Averaging iterations... h=0.125000,0.000000
Done.
Final: Magnetisation = (0.953740,0.051384), Energy = -2.099203 
<M> = (0.953647,0.030265), <E> = -2.100658 

T=0.060000	 Thermalizing iterations... 
Done.
Thermalized Magnetisation = (0.952372,0.062077), Energy = -2.104946 
Averaging iterations... h=0.125000,0.000000
Done.
Final: Magnetisation = (0.955916,0.043198), Energy = -2.105467 
<M> = (0.955298,0.052618), <E> = -2.105705 

T=0.050000	 Thermalizing iterations... 
Done.
Thermalized Magnetisation = (0.961155,0.056300), Energy = -2.110931 
Averaging iterations... h=0.125000,0.000000
Done.
Final: Magnetisation = (0.958439,0.035239), Energy = -2.110801 
<M> = (0.957695,0.068545), <E> = -2.110794 

T=0.040000	 Thermalizing iterations... 
Done.
Thermalized Magnetisation = (0.956535,0.063846), Energy = -2.116165 
Averaging iterations... h=0.125000,0.000000
Done.
Final: Magnetisation = (0.959885,0.041798), Energy = -2.116139 
<M> = (0.959325,0.050788), <E> = -2.115856 

T=0.030000	 Thermalizing iterations... 
Done.
Thermalized Magnetisation = (0.956948,0.072107), Energy = -2.120606 
Averaging iterations... h=0.125000,0.000000
Done.
Final: Magnetisation = (0.961600,0.054364), Energy = -2.120938 
<M> = (0.960116,0.051666), <E> = -2.120896 

T=0.020000	 Thermalizing iterations... 
Done.
Thermalized Magnetisation = (0.963428,0.054163), Energy = -2.125845 
Averaging iterations... h=0.125000,0.000000
Done.
Final: Magnetisation = (0.963702,0.040668), Energy = -2.125772 
<M> = (0.963127,0.049868), <E> = -2.125904 

T=0.010000	 Thermalizing iterations... 
Done.
Thermalized Magnetisation = (0.962842,0.047705), Energy = -2.130889 
Averaging iterations... h=0.125000,0.000000
Done.
Final: Magnetisation = (0.965624,0.048181), Energy = -2.130922 
<M> = (0.964128,0.053990), <E> = -2.130914 
Final Magnetisation = (0.965624,0.048181), Energy = -2.130922 
------------------------

Updating all (first)black/(then)white checkerboard sites simultaneously.. 

ztne RFXY h rotating with |h|=0.125000 at T=0.000000..
loop 1

loop 2

CPU  Start Time = 3836215.202640 

CPU  End Time = 3844644.407486 

CPU Time elapsed total = 8429.204845 

real	140m29.794s
user	2369m34.564s
sys	1m8.448s
