nearest neighbor initialized. 
J loaded. 
h loaded. 
L = 64, dim_L = 2, dim_S = 2
hysteresis_MCS_multiplier = 10, hysteresis_MCS_max = 100
RAND_MAX = 2147483647.000000,
 sizeof(int) = 4,
 sizeof(long) = 8,
 sizeof(double) = 8,
 sizeof(long int) = 8,
 sizeof(short int) = 2,
 sizeof(unsigned int) = 4,
 sizeof(RAND_MAX) = 4

OpenMP Active.

No. of THREADS = 24
No. of PROCESSORS = 24

0.096235,-0.023674
order = ({1.000000-->-1.000000,0.000000}, 0, 1)
Initial Magnetisation = (0.096235,-0.023674), Energy = -0.090436 
Cooling... 
T=2.000000	 Thermalizing iterations... 
Done.
Thermalized Magnetisation = (-0.032220,0.077134), Energy = -0.556123 
Averaging iterations... h=0.071429,0.000000
Done.
Final: Magnetisation = (0.105213,-0.112167), Energy = -0.673599 
<M> = (0.063358,0.001243), <E> = -0.630220 

T=1.950000	 Thermalizing iterations... 
Done.
Thermalized Magnetisation = (0.040731,0.204646), Energy = -0.702805 
Averaging iterations... h=0.071429,0.000000
Done.
Final: Magnetisation = (0.042192,-0.039728), Energy = -0.688864 
<M> = (0.067358,-0.000497), <E> = -0.649632 

T=1.900000	 Thermalizing iterations... 
Done.
Thermalized Magnetisation = (0.089826,-0.005440), Energy = -0.653138 
Averaging iterations... h=0.071429,0.000000
Done.
Final: Magnetisation = (0.080045,-0.084239), Energy = -0.629785 
<M> = (0.072808,0.000539), <E> = -0.671466 

T=1.850000	 Thermalizing iterations... 
Done.
Thermalized Magnetisation = (-0.017895,0.100896), Energy = -0.666987 
Averaging iterations... h=0.071429,0.000000
Done.
Final: Magnetisation = (0.115021,-0.009116), Energy = -0.702974 
<M> = (0.078509,0.000743), <E> = -0.692887 

T=1.800000	 Thermalizing iterations... 
Done.
Thermalized Magnetisation = (0.112539,-0.009657), Energy = -0.714391 
Averaging iterations... h=0.071429,0.000000
Done.
Final: Magnetisation = (0.067959,0.016627), Energy = -0.781896 
<M> = (0.084897,-0.001383), <E> = -0.715549 

T=1.750000	 Thermalizing iterations... 
Done.
Thermalized Magnetisation = (0.015918,0.052110), Energy = -0.748854 
Averaging iterations... h=0.071429,0.000000
Done.
Final: Magnetisation = (0.120959,0.017369), Energy = -0.732134 
<M> = (0.091491,0.000989), <E> = -0.742584 

T=1.700000	 Thermalizing iterations... 
Done.
Thermalized Magnetisation = (0.156605,-0.011705), Energy = -0.817359 
Averaging iterations... h=0.071429,0.000000
Done.
Final: Magnetisation = (0.162481,0.006490), Energy = -0.706092 
<M> = (0.098658,-0.000342), <E> = -0.769014 

T=1.650000	 Thermalizing iterations... 
Done.
Thermalized Magnetisation = (0.104622,-0.014212), Energy = -0.777251 
Averaging iterations... h=0.071429,0.000000
Done.
Final: Magnetisation = (0.035525,0.017958), Energy = -0.693644 
<M> = (0.108382,-0.001315), <E> = -0.800292 

T=1.600000	 Thermalizing iterations... 
Done.
Thermalized Magnetisation = (0.120698,0.092556), Energy = -0.899508 
Averaging iterations... h=0.071429,0.000000
Done.
Final: Magnetisation = (0.174732,0.075804), Energy = -0.819797 
<M> = (0.119092,0.001910), <E> = -0.830692 

T=1.550000	 Thermalizing iterations... 
Done.
Thermalized Magnetisation = (0.178652,0.020902), Energy = -0.819299 
Averaging iterations... h=0.071429,0.000000
Done.
Final: Magnetisation = (0.214766,-0.073965), Energy = -0.938118 
<M> = (0.134048,-0.000131), <E> = -0.865179 

T=1.500000	 Thermalizing iterations... 
Done.
Thermalized Magnetisation = (0.122762,0.124833), Energy = -0.889073 
Averaging iterations... h=0.071429,0.000000
Done.
Final: Magnetisation = (0.202918,0.037850), Energy = -0.941029 
<M> = (0.149681,-0.000023), <E> = -0.901672 

T=1.450000	 Thermalizing iterations... 
Done.
Thermalized Magnetisation = (0.113543,0.030042), Energy = -0.942393 
Averaging iterations... h=0.071429,0.000000
Done.
Final: Magnetisation = (0.170240,0.090214), Energy = -0.934196 
<M> = (0.164185,0.000952), <E> = -0.939946 

T=1.400000	 Thermalizing iterations... 
Done.
Thermalized Magnetisation = (0.334174,0.006568), Energy = -1.075256 
Averaging iterations... h=0.071429,0.000000
Done.
Final: Magnetisation = (0.171224,0.114867), Energy = -0.935389 
<M> = (0.184201,0.003109), <E> = -0.983938 

T=1.350000	 Thermalizing iterations... 
Done.
Thermalized Magnetisation = (0.380213,0.100866), Energy = -1.083941 
Averaging iterations... h=0.071429,0.000000
Done.
Final: Magnetisation = (0.273321,0.004901), Energy = -1.038752 
<M> = (0.203638,0.004255), <E> = -1.030243 

T=1.300000	 Thermalizing iterations... 
Done.
Thermalized Magnetisation = (0.193650,0.095636), Energy = -1.109133 
Averaging iterations... h=0.071429,0.000000
Done.
Final: Magnetisation = (0.218324,-0.177786), Energy = -1.132070 
<M> = (0.232294,-0.001947), <E> = -1.077430 

T=1.250000	 Thermalizing iterations... 
Done.
Thermalized Magnetisation = (0.247908,0.024105), Energy = -1.045827 
Averaging iterations... h=0.071429,0.000000
Done.
Final: Magnetisation = (0.203110,0.061341), Energy = -1.085074 
<M> = (0.263636,-0.000105), <E> = -1.129625 

T=1.200000	 Thermalizing iterations... 
Done.
Thermalized Magnetisation = (0.387479,-0.059482), Energy = -1.152031 
Averaging iterations... h=0.071429,0.000000
Done.
Final: Magnetisation = (0.295804,-0.056261), Energy = -1.198681 
<M> = (0.294229,0.007197), <E> = -1.183140 

T=1.150000	 Thermalizing iterations... 
Done.
Thermalized Magnetisation = (0.338189,-0.092433), Energy = -1.238331 
Averaging iterations... h=0.071429,0.000000
Done.
Final: Magnetisation = (0.336583,-0.050285), Energy = -1.231907 
<M> = (0.329598,0.004963), <E> = -1.240992 

T=1.100000	 Thermalizing iterations... 
Done.
Thermalized Magnetisation = (0.229844,0.022539), Energy = -1.257531 
Averaging iterations... h=0.071429,0.000000
Done.
Final: Magnetisation = (0.382611,-0.054601), Energy = -1.281004 
<M> = (0.360225,0.007261), <E> = -1.297090 

T=1.050000	 Thermalizing iterations... 
Done.
Thermalized Magnetisation = (0.332149,0.046255), Energy = -1.299351 
Averaging iterations... h=0.071429,0.000000
Done.
Final: Magnetisation = (0.422189,-0.063046), Energy = -1.353931 
<M> = (0.402090,0.002480), <E> = -1.355960 

T=1.000000	 Thermalizing iterations... 
Done.
Thermalized Magnetisation = (0.446772,-0.139484), Energy = -1.397026 
Averaging iterations... h=0.071429,0.000000
Done.
Final: Magnetisation = (0.492378,0.139619), Energy = -1.399656 
<M> = (0.444725,0.012844), <E> = -1.410472 

T=0.950000	 Thermalizing iterations... 
Done.
Thermalized Magnetisation = (0.568361,-0.164246), Energy = -1.514029 
Averaging iterations... h=0.071429,0.000000
Done.
Final: Magnetisation = (0.489764,-0.098431), Energy = -1.448110 
<M> = (0.470979,0.008571), <E> = -1.463700 

T=0.900000	 Thermalizing iterations... 
Done.
Thermalized Magnetisation = (0.547740,0.093999), Energy = -1.529808 
Averaging iterations... h=0.071429,0.000000
Done.
Final: Magnetisation = (0.431939,0.477257), Energy = -1.557162 
<M> = (0.499394,0.041846), <E> = -1.514086 

T=0.850000	 Thermalizing iterations... 
Done.
Thermalized Magnetisation = (0.507948,0.336079), Energy = -1.572709 
Averaging iterations... h=0.071429,0.000000
Done.
Final: Magnetisation = (0.644836,0.148760), Energy = -1.571576 
<M> = (0.523227,0.029186), <E> = -1.561314 

T=0.800000	 Thermalizing iterations... 
Done.
Thermalized Magnetisation = (0.580688,0.019480), Energy = -1.545284 
Averaging iterations... h=0.071429,0.000000
Done.
Final: Magnetisation = (0.517286,0.193627), Energy = -1.611848 
<M> = (0.544046,0.061349), <E> = -1.603591 

T=0.750000	 Thermalizing iterations... 
Done.
Thermalized Magnetisation = (0.580090,-0.141545), Energy = -1.655953 
Averaging iterations... h=0.071429,0.000000
Done.
Final: Magnetisation = (0.530452,0.346470), Energy = -1.671061 
<M> = (0.573298,-0.028320), <E> = -1.644192 

T=0.700000	 Thermalizing iterations... 
Done.
Thermalized Magnetisation = (0.645691,0.183490), Energy = -1.695272 
Averaging iterations... h=0.071429,0.000000
Done.
Final: Magnetisation = (0.600375,0.235673), Energy = -1.699838 
<M> = (0.559623,0.315617), <E> = -1.682373 

T=0.650000	 Thermalizing iterations... 
Done.
Thermalized Magnetisation = (0.605771,0.349871), Energy = -1.705393 
Averaging iterations... h=0.071429,0.000000
Done.
Final: Magnetisation = (0.635112,0.286108), Energy = -1.718157 
<M> = (0.568492,0.340343), <E> = -1.716765 

T=0.600000	 Thermalizing iterations... 
Done.
Thermalized Magnetisation = (0.580109,0.188985), Energy = -1.727775 
Averaging iterations... h=0.071429,0.000000
Done.
Final: Magnetisation = (0.569143,0.278061), Energy = -1.743224 
<M> = (0.584504,0.347798), <E> = -1.749340 

T=0.550000	 Thermalizing iterations... 
Done.
Thermalized Magnetisation = (0.589325,0.366762), Energy = -1.790394 
Averaging iterations... h=0.071429,0.000000
Done.
Final: Magnetisation = (0.486574,0.480761), Energy = -1.779882 
<M> = (0.588599,0.394568), <E> = -1.780717 

T=0.500000	 Thermalizing iterations... 
Done.
Thermalized Magnetisation = (0.565498,0.487945), Energy = -1.825288 
Averaging iterations... h=0.071429,0.000000
Done.
Final: Magnetisation = (0.574088,0.299195), Energy = -1.798400 
<M> = (0.596233,0.377971), <E> = -1.810925 

T=0.450000	 Thermalizing iterations... 
Done.
Thermalized Magnetisation = (0.662263,0.477563), Energy = -1.850161 
Averaging iterations... h=0.071429,0.000000
Done.
Final: Magnetisation = (0.559734,0.541959), Energy = -1.846970 
<M> = (0.595990,0.435854), <E> = -1.840491 

T=0.400000	 Thermalizing iterations... 
Done.
Thermalized Magnetisation = (0.620396,0.494491), Energy = -1.859440 
Averaging iterations... h=0.071429,0.000000
Done.
Final: Magnetisation = (0.547319,0.533964), Energy = -1.853309 
<M> = (0.597721,0.488126), <E> = -1.869623 

T=0.350000	 Thermalizing iterations... 
Done.
Thermalized Magnetisation = (0.611158,0.469398), Energy = -1.898192 
Averaging iterations... h=0.071429,0.000000
Done.
Final: Magnetisation = (0.555875,0.532854), Energy = -1.903699 
<M> = (0.594211,0.505217), <E> = -1.898376 

T=0.300000	 Thermalizing iterations... 
Done.
Thermalized Magnetisation = (0.587326,0.568809), Energy = -1.924505 
Averaging iterations... h=0.071429,0.000000
Done.
Final: Magnetisation = (0.619353,0.553923), Energy = -1.927712 
<M> = (0.601252,0.531944), <E> = -1.926006 

T=0.250000	 Thermalizing iterations... 
Done.
Thermalized Magnetisation = (0.576880,0.615094), Energy = -1.957791 
Averaging iterations... h=0.071429,0.000000
Done.
Final: Magnetisation = (0.587522,0.594131), Energy = -1.956433 
<M> = (0.600700,0.567322), <E> = -1.952843 

T=0.200000	 Thermalizing iterations... 
Done.
Thermalized Magnetisation = (0.610234,0.602451), Energy = -1.978226 
Averaging iterations... h=0.071429,0.000000
Done.
Final: Magnetisation = (0.623913,0.574067), Energy = -1.982065 
<M> = (0.602579,0.588461), <E> = -1.979552 

T=0.150000	 Thermalizing iterations... 
Done.
Thermalized Magnetisation = (0.589622,0.630068), Energy = -2.006086 
Averaging iterations... h=0.071429,0.000000
Done.
Final: Magnetisation = (0.612669,0.617703), Energy = -2.010926 
<M> = (0.608712,0.605166), <E> = -2.005869 

T=0.100000	 Thermalizing iterations... 
Done.
Thermalized Magnetisation = (0.642497,0.598583), Energy = -2.031403 
Averaging iterations... h=0.071429,0.000000
Done.
Final: Magnetisation = (0.606771,0.617312), Energy = -2.031539 
<M> = (0.610478,0.621087), <E> = -2.031697 

T=0.050000	 Thermalizing iterations... 
Done.
Thermalized Magnetisation = (0.608132,0.654140), Energy = -2.056825 
Averaging iterations... h=0.071429,0.000000
Done.
Final: Magnetisation = (0.619604,0.631580), Energy = -2.057068 
<M> = (0.606738,0.643149), <E> = -2.057206 
Final Magnetisation = (0.619604,0.631580), Energy = -2.057068 
------------------------

Updating all (first)black/(then)white checkerboard sites simultaneously.. 

ztne RFXY h rotating with |h|=0.071429 at T=0.000000..
loop 1

loop 2

Cooling protocol time (from T=2.000000 to T=0.000000) = 582.479458 

CPU Time elapsed total = 582.547924 
All done - 583 seconds elapsed.
