nearest neighbor initialized. 
J loaded. 
h loaded. 
L = 32, dim_L = 2, dim_S = 2
hysteresis_MCS_multiplier = 10, hysteresis_MCS_max = 100
RAND_MAX = 2147483647.000000,
 sizeof(int) = 4,
 sizeof(long) = 8,
 sizeof(double) = 8,
 sizeof(long int) = 8,
 sizeof(short int) = 2,
 sizeof(unsigned int) = 4,
 sizeof(RAND_MAX) = 4

OpenMP Active.

No. of THREADS = 24
No. of PROCESSORS = 24

0.145810,0.074689
order = ({1.000000-->-1.000000,0.000000}, 0, 1)
Initial Magnetisation = (0.145810,0.074689), Energy = -0.034509 
Cooling... 
T=2.000000	 Thermalizing iterations... 
Done.
Thermalized Magnetisation = (-0.018866,-0.230473), Energy = -0.568571 
Averaging iterations... h=0.062500,0.000000
Done.
Final: Magnetisation = (-0.033903,-0.055181), Energy = -0.665238 
<M> = (0.051437,0.001922), <E> = -0.757061 

T=1.950000	 Thermalizing iterations... 
Done.
Thermalized Magnetisation = (-0.047420,-0.032717), Energy = -0.960493 
Averaging iterations... h=0.062500,0.000000
Done.
Final: Magnetisation = (0.241424,-0.064321), Energy = -0.953477 
<M> = (0.054142,-0.000137), <E> = -0.773146 

T=1.900000	 Thermalizing iterations... 
Done.
Thermalized Magnetisation = (-0.098356,0.193309), Energy = -0.703211 
Averaging iterations... h=0.062500,0.000000
Done.
Final: Magnetisation = (0.087930,-0.083596), Energy = -0.856373 
<M> = (0.063830,0.004027), <E> = -0.794574 

T=1.850000	 Thermalizing iterations... 
Done.
Thermalized Magnetisation = (0.234349,0.070241), Energy = -0.798361 
Averaging iterations... h=0.062500,0.000000
Done.
Final: Magnetisation = (0.284620,0.276622), Energy = -0.846285 
<M> = (0.066195,-0.000243), <E> = -0.817861 

T=1.800000	 Thermalizing iterations... 
Done.
Thermalized Magnetisation = (0.158756,-0.017904), Energy = -0.897653 
Averaging iterations... h=0.062500,0.000000
Done.
Final: Magnetisation = (0.153056,-0.199769), Energy = -0.888134 
<M> = (0.068469,0.003006), <E> = -0.840866 

T=1.750000	 Thermalizing iterations... 
Done.
Thermalized Magnetisation = (0.003588,-0.001444), Energy = -1.007875 
Averaging iterations... h=0.062500,0.000000
Done.
Final: Magnetisation = (0.108035,0.129409), Energy = -0.859740 
<M> = (0.076299,0.004597), <E> = -0.862142 

T=1.700000	 Thermalizing iterations... 
Done.
Thermalized Magnetisation = (0.056557,0.114960), Energy = -0.906308 
Averaging iterations... h=0.062500,0.000000
Done.
Final: Magnetisation = (-0.128000,-0.086662), Energy = -0.948492 
<M> = (0.078262,0.004451), <E> = -0.885843 

T=1.650000	 Thermalizing iterations... 
Done.
Thermalized Magnetisation = (-0.035751,-0.024576), Energy = -0.886354 
Averaging iterations... h=0.062500,0.000000
Done.
Final: Magnetisation = (-0.091990,0.005878), Energy = -0.899579 
<M> = (0.080481,-0.002697), <E> = -0.904855 

T=1.600000	 Thermalizing iterations... 
Done.
Thermalized Magnetisation = (0.049416,-0.092310), Energy = -1.000607 
Averaging iterations... h=0.062500,0.000000
Done.
Final: Magnetisation = (0.023727,-0.009500), Energy = -0.927693 
<M> = (0.093487,-0.001012), <E> = -0.935680 

T=1.550000	 Thermalizing iterations... 
Done.
Thermalized Magnetisation = (0.163750,-0.102139), Energy = -0.849618 
Averaging iterations... h=0.062500,0.000000
Done.
Final: Magnetisation = (0.057004,-0.037609), Energy = -0.903066 
<M> = (0.098263,0.003468), <E> = -0.962934 

T=1.500000	 Thermalizing iterations... 
Done.
Thermalized Magnetisation = (0.289744,0.144216), Energy = -1.037490 
Averaging iterations... h=0.062500,0.000000
Done.
Final: Magnetisation = (-0.039553,-0.031404), Energy = -1.174908 
<M> = (0.116756,0.002935), <E> = -0.994663 

T=1.450000	 Thermalizing iterations... 
Done.
Thermalized Magnetisation = (-0.019703,-0.105142), Energy = -1.034825 
Averaging iterations... h=0.062500,0.000000
Done.
Final: Magnetisation = (0.200067,-0.081238), Energy = -0.949455 
<M> = (0.122513,0.000922), <E> = -1.025704 

T=1.400000	 Thermalizing iterations... 
Done.
Thermalized Magnetisation = (0.432873,-0.166548), Energy = -1.308143 
Averaging iterations... h=0.062500,0.000000
Done.
Final: Magnetisation = (0.136383,-0.087070), Energy = -1.223994 
<M> = (0.131994,0.011636), <E> = -1.060234 

T=1.350000	 Thermalizing iterations... 
Done.
Thermalized Magnetisation = (0.061572,0.091938), Energy = -1.209496 
Averaging iterations... h=0.062500,0.000000
Done.
Final: Magnetisation = (0.126690,0.148289), Energy = -1.041052 
<M> = (0.147410,-0.000121), <E> = -1.092257 

T=1.300000	 Thermalizing iterations... 
Done.
Thermalized Magnetisation = (0.132629,0.043513), Energy = -1.121983 
Averaging iterations... h=0.062500,0.000000
Done.
Final: Magnetisation = (0.334068,-0.011541), Energy = -1.286629 
<M> = (0.160256,0.003792), <E> = -1.130802 

T=1.250000	 Thermalizing iterations... 
Done.
Thermalized Magnetisation = (-0.132737,0.108530), Energy = -1.081722 
Averaging iterations... h=0.062500,0.000000
Done.
Final: Magnetisation = (0.103703,0.317397), Energy = -1.085610 
<M> = (0.191661,0.005086), <E> = -1.169387 

T=1.200000	 Thermalizing iterations... 
Done.
Thermalized Magnetisation = (0.141287,-0.144735), Energy = -1.160182 
Averaging iterations... h=0.062500,0.000000
Done.
Final: Magnetisation = (0.295480,0.039140), Energy = -1.098507 
<M> = (0.211127,0.005313), <E> = -1.213544 

T=1.150000	 Thermalizing iterations... 
Done.
Thermalized Magnetisation = (0.366610,0.146355), Energy = -1.158518 
Averaging iterations... h=0.062500,0.000000
Done.
Final: Magnetisation = (0.429922,0.072487), Energy = -1.314947 
<M> = (0.244905,-0.005440), <E> = -1.255723 

T=1.100000	 Thermalizing iterations... 
Done.
Thermalized Magnetisation = (0.203327,-0.240896), Energy = -1.257581 
Averaging iterations... h=0.062500,0.000000
Done.
Final: Magnetisation = (0.234696,-0.127458), Energy = -1.265526 
<M> = (0.279229,0.008542), <E> = -1.306955 

T=1.050000	 Thermalizing iterations... 
Done.
Thermalized Magnetisation = (0.375405,-0.187723), Energy = -1.340797 
Averaging iterations... h=0.062500,0.000000
Done.
Final: Magnetisation = (0.257516,-0.106187), Energy = -1.305823 
<M> = (0.311529,0.015408), <E> = -1.351933 

T=1.000000	 Thermalizing iterations... 
Done.
Thermalized Magnetisation = (0.136226,-0.095942), Energy = -1.372585 
Averaging iterations... h=0.062500,0.000000
Done.
Final: Magnetisation = (0.211221,-0.262061), Energy = -1.390783 
<M> = (0.328943,-0.019924), <E> = -1.396221 

T=0.950000	 Thermalizing iterations... 
Done.
Thermalized Magnetisation = (0.292693,-0.229770), Energy = -1.361412 
Averaging iterations... h=0.062500,0.000000
Done.
Final: Magnetisation = (0.294514,-0.052370), Energy = -1.469452 
<M> = (0.371954,-0.018948), <E> = -1.446511 

T=0.900000	 Thermalizing iterations... 
Done.
Thermalized Magnetisation = (0.691587,0.139131), Energy = -1.602305 
Averaging iterations... h=0.062500,0.000000
Done.
Final: Magnetisation = (0.516402,0.143392), Energy = -1.514455 
<M> = (0.417568,0.014518), <E> = -1.501197 

T=0.850000	 Thermalizing iterations... 
Done.
Thermalized Magnetisation = (0.378393,0.171088), Energy = -1.566153 
Averaging iterations... h=0.062500,0.000000
Done.
Final: Magnetisation = (0.467095,-0.265640), Energy = -1.649002 
<M> = (0.456115,0.073024), <E> = -1.545629 

T=0.800000	 Thermalizing iterations... 
Done.
Thermalized Magnetisation = (0.352565,0.159898), Energy = -1.532665 
Averaging iterations... h=0.062500,0.000000
Done.
Final: Magnetisation = (0.479601,0.147641), Energy = -1.519909 
<M> = (0.502943,0.019172), <E> = -1.593256 

T=0.750000	 Thermalizing iterations... 
Done.
Thermalized Magnetisation = (0.614964,-0.098036), Energy = -1.605769 
Averaging iterations... h=0.062500,0.000000
Done.
Final: Magnetisation = (0.525239,0.175821), Energy = -1.499480 
<M> = (0.531234,0.003306), <E> = -1.632004 

T=0.700000	 Thermalizing iterations... 
Done.
Thermalized Magnetisation = (0.702815,-0.147953), Energy = -1.638044 
Averaging iterations... h=0.062500,0.000000
Done.
Final: Magnetisation = (0.462738,-0.139471), Energy = -1.613226 
<M> = (0.561947,-0.043379), <E> = -1.670747 

T=0.650000	 Thermalizing iterations... 
Done.
Thermalized Magnetisation = (0.572174,-0.460250), Energy = -1.712115 
Averaging iterations... h=0.062500,0.000000
Done.
Final: Magnetisation = (0.616339,0.469185), Energy = -1.677402 
<M> = (0.614895,-0.073882), <E> = -1.708691 

T=0.600000	 Thermalizing iterations... 
Done.
Thermalized Magnetisation = (0.674261,0.038224), Energy = -1.736184 
Averaging iterations... h=0.062500,0.000000
Done.
Final: Magnetisation = (0.489644,-0.165079), Energy = -1.710103 
<M> = (0.607567,-0.081742), <E> = -1.742642 

T=0.550000	 Thermalizing iterations... 
Done.
Thermalized Magnetisation = (0.771552,0.250596), Energy = -1.796037 
Averaging iterations... h=0.062500,0.000000
Done.
Final: Magnetisation = (0.588277,0.501227), Energy = -1.756039 
<M> = (0.599043,0.117735), <E> = -1.777133 

T=0.500000	 Thermalizing iterations... 
Done.
Thermalized Magnetisation = (0.574100,0.452608), Energy = -1.793617 
Averaging iterations... h=0.062500,0.000000
Done.
Final: Magnetisation = (0.630411,-0.497521), Energy = -1.848612 
<M> = (0.606925,0.007549), <E> = -1.806693 

T=0.450000	 Thermalizing iterations... 
Done.
Thermalized Magnetisation = (0.608710,0.213219), Energy = -1.839983 
Averaging iterations... h=0.062500,0.000000
Done.
Final: Magnetisation = (0.533478,-0.504749), Energy = -1.817582 
<M> = (0.647192,-0.188452), <E> = -1.836181 

T=0.400000	 Thermalizing iterations... 
Done.
Thermalized Magnetisation = (0.798045,0.226845), Energy = -1.874125 
Averaging iterations... h=0.062500,0.000000
Done.
Final: Magnetisation = (0.754630,-0.369413), Energy = -1.845361 
<M> = (0.595941,-0.485783), <E> = -1.865968 

T=0.350000	 Thermalizing iterations... 
Done.
Thermalized Magnetisation = (0.712429,-0.458648), Energy = -1.906230 
Averaging iterations... h=0.062500,0.000000
Done.
Final: Magnetisation = (0.669088,0.056963), Energy = -1.891092 
<M> = (0.613785,-0.506800), <E> = -1.895740 

T=0.300000	 Thermalizing iterations... 
Done.
Thermalized Magnetisation = (0.481222,-0.600169), Energy = -1.904373 
Averaging iterations... h=0.062500,0.000000
Done.
Final: Magnetisation = (0.345516,-0.739543), Energy = -1.931649 
<M> = (0.590975,-0.558199), <E> = -1.923202 

T=0.250000	 Thermalizing iterations... 
Done.
Thermalized Magnetisation = (0.637231,-0.625931), Energy = -1.963695 
Averaging iterations... h=0.062500,0.000000
Done.
Final: Magnetisation = (0.520031,-0.705132), Energy = -1.950035 
<M> = (0.578055,-0.615253), <E> = -1.950646 

T=0.200000	 Thermalizing iterations... 
Done.
Thermalized Magnetisation = (0.521440,-0.684374), Energy = -1.969969 
Averaging iterations... h=0.062500,0.000000
Done.
Final: Magnetisation = (0.632942,-0.537942), Energy = -1.973381 
<M> = (0.583023,-0.631282), <E> = -1.977321 

T=0.150000	 Thermalizing iterations... 
Done.
Thermalized Magnetisation = (0.555661,-0.692201), Energy = -2.001108 
Averaging iterations... h=0.062500,0.000000
Done.
Final: Magnetisation = (0.616307,-0.672571), Energy = -2.006643 
<M> = (0.600602,-0.636858), <E> = -2.003452 

T=0.100000	 Thermalizing iterations... 
Done.
Thermalized Magnetisation = (0.584256,-0.688906), Energy = -2.030814 
Averaging iterations... h=0.062500,0.000000
Done.
Final: Magnetisation = (0.584059,-0.674928), Energy = -2.030813 
<M> = (0.583353,-0.681530), <E> = -2.029746 

T=0.050000	 Thermalizing iterations... 
Done.
Thermalized Magnetisation = (0.599400,-0.660683), Energy = -2.052734 
Averaging iterations... h=0.062500,0.000000
Done.
Final: Magnetisation = (0.590807,-0.686296), Energy = -2.054057 
<M> = (0.594341,-0.689286), <E> = -2.055108 
Final Magnetisation = (0.590807,-0.686296), Energy = -2.054057 
------------------------

Updating all (first)black/(then)white checkerboard sites simultaneously.. 

ztne RFXY h rotating with |h|=0.062500 at T=0.000000..
loop 1

loop 2

Cooling protocol time (from T=2.000000 to T=0.000000) = 213.989272 

CPU Time elapsed total = 213.995509 
All done - 215 seconds elapsed.
