nearest neighbor initialized. 
J loaded. 
h loaded. 
L = 32, dim_L = 2, dim_S = 2
hysteresis_MCS_multiplier = 10, hysteresis_MCS_max = 100
RAND_MAX = 2147483647.000000,
 sizeof(int) = 4,
 sizeof(long) = 8,
 sizeof(double) = 8,
 sizeof(long int) = 8,
 sizeof(short int) = 2,
 sizeof(unsigned int) = 4,
 sizeof(RAND_MAX) = 4

OpenMP Active.

No. of THREADS = 24
No. of PROCESSORS = 24

0.133809,0.074206
order = ({1.000000-->-1.000000,0.000000}, 0, 1)
Initial Magnetisation = (0.133809,0.074206), Energy = -0.046294 
Cooling... 
T=2.000000	 Thermalizing iterations... 
Done.
Thermalized Magnetisation = (0.094685,-0.250867), Energy = -0.563261 
Averaging iterations... h=0.062500,0.000000
Done.
Final: Magnetisation = (0.035877,0.039299), Energy = -0.730977 
<M> = (0.064847,0.003596), <E> = -0.760126 

T=1.950000	 Thermalizing iterations... 
Done.
Thermalized Magnetisation = (-0.049501,-0.039731), Energy = -0.905365 
Averaging iterations... h=0.062500,0.000000
Done.
Final: Magnetisation = (0.169631,-0.197915), Energy = -0.804954 
<M> = (0.065235,-0.001502), <E> = -0.778493 

T=1.900000	 Thermalizing iterations... 
Done.
Thermalized Magnetisation = (-0.057838,-0.076118), Energy = -0.907656 
Averaging iterations... h=0.062500,0.000000
Done.
Final: Magnetisation = (0.315795,0.002716), Energy = -0.938510 
<M> = (0.072829,0.005234), <E> = -0.793624 

T=1.850000	 Thermalizing iterations... 
Done.
Thermalized Magnetisation = (0.036783,0.016121), Energy = -0.794818 
Averaging iterations... h=0.062500,0.000000
Done.
Final: Magnetisation = (-0.019092,-0.024034), Energy = -0.815468 
<M> = (0.079112,0.003736), <E> = -0.820243 

T=1.800000	 Thermalizing iterations... 
Done.
Thermalized Magnetisation = (0.006118,-0.201927), Energy = -0.705078 
Averaging iterations... h=0.062500,0.000000
Done.
Final: Magnetisation = (-0.015578,-0.094598), Energy = -0.770431 
<M> = (0.079536,0.005681), <E> = -0.841778 

T=1.750000	 Thermalizing iterations... 
Done.
Thermalized Magnetisation = (0.231752,0.080241), Energy = -0.778645 
Averaging iterations... h=0.062500,0.000000
Done.
Final: Magnetisation = (0.116188,0.170123), Energy = -0.824264 
<M> = (0.089530,0.002482), <E> = -0.863133 

T=1.700000	 Thermalizing iterations... 
Done.
Thermalized Magnetisation = (0.114439,0.275462), Energy = -1.018291 
Averaging iterations... h=0.062500,0.000000
Done.
Final: Magnetisation = (0.102427,-0.043489), Energy = -0.870135 
<M> = (0.098844,0.006140), <E> = -0.888515 

T=1.650000	 Thermalizing iterations... 
Done.
Thermalized Magnetisation = (0.151871,-0.107458), Energy = -1.057398 
Averaging iterations... h=0.062500,0.000000
Done.
Final: Magnetisation = (0.042633,-0.038302), Energy = -0.909833 
<M> = (0.102238,0.003601), <E> = -0.912168 

T=1.600000	 Thermalizing iterations... 
Done.
Thermalized Magnetisation = (0.231002,-0.149629), Energy = -1.099772 
Averaging iterations... h=0.062500,0.000000
Done.
Final: Magnetisation = (0.283209,-0.134712), Energy = -0.979142 
<M> = (0.116379,-0.000526), <E> = -0.937745 

T=1.550000	 Thermalizing iterations... 
Done.
Thermalized Magnetisation = (0.225164,0.209108), Energy = -1.088916 
Averaging iterations... h=0.062500,0.000000
Done.
Final: Magnetisation = (-0.175111,-0.062401), Energy = -1.013493 
<M> = (0.116634,-0.002358), <E> = -0.966820 

T=1.500000	 Thermalizing iterations... 
Done.
Thermalized Magnetisation = (0.275364,0.008558), Energy = -0.901038 
Averaging iterations... h=0.062500,0.000000
Done.
Final: Magnetisation = (0.120067,0.112931), Energy = -1.096786 
<M> = (0.137192,0.004388), <E> = -0.998969 

T=1.450000	 Thermalizing iterations... 
Done.
Thermalized Magnetisation = (-0.003382,-0.290000), Energy = -1.107979 
Averaging iterations... h=0.062500,0.000000
Done.
Final: Magnetisation = (-0.029325,-0.098714), Energy = -1.000273 
<M> = (0.146781,-0.000926), <E> = -1.029911 

T=1.400000	 Thermalizing iterations... 
Done.
Thermalized Magnetisation = (-0.119561,0.131364), Energy = -1.004006 
Averaging iterations... h=0.062500,0.000000
Done.
Final: Magnetisation = (0.270676,-0.131849), Energy = -1.099672 
<M> = (0.161813,0.012650), <E> = -1.063789 

T=1.350000	 Thermalizing iterations... 
Done.
Thermalized Magnetisation = (0.116399,0.091001), Energy = -1.107215 
Averaging iterations... h=0.062500,0.000000
Done.
Final: Magnetisation = (0.063334,-0.207509), Energy = -1.118348 
<M> = (0.185985,-0.003674), <E> = -1.103065 

T=1.300000	 Thermalizing iterations... 
Done.
Thermalized Magnetisation = (0.040273,0.081443), Energy = -1.035821 
Averaging iterations... h=0.062500,0.000000
Done.
Final: Magnetisation = (0.001315,0.234781), Energy = -1.088629 
<M> = (0.195366,0.009293), <E> = -1.138941 

T=1.250000	 Thermalizing iterations... 
Done.
Thermalized Magnetisation = (0.272769,0.050994), Energy = -1.183633 
Averaging iterations... h=0.062500,0.000000
Done.
Final: Magnetisation = (0.092591,-0.280544), Energy = -1.133814 
<M> = (0.230268,-0.002465), <E> = -1.178960 

T=1.200000	 Thermalizing iterations... 
Done.
Thermalized Magnetisation = (0.066337,-0.296110), Energy = -1.117096 
Averaging iterations... h=0.062500,0.000000
Done.
Final: Magnetisation = (0.213869,0.043692), Energy = -1.202656 
<M> = (0.246771,-0.000056), <E> = -1.223388 

T=1.150000	 Thermalizing iterations... 
Done.
Thermalized Magnetisation = (-0.059701,0.230118), Energy = -1.366581 
Averaging iterations... h=0.062500,0.000000
Done.
Final: Magnetisation = (0.281884,0.301129), Energy = -1.158245 
<M> = (0.287833,-0.002567), <E> = -1.269975 

T=1.100000	 Thermalizing iterations... 
Done.
Thermalized Magnetisation = (0.490856,-0.175374), Energy = -1.374423 
Averaging iterations... h=0.062500,0.000000
Done.
Final: Magnetisation = (0.303219,-0.204641), Energy = -1.266989 
<M> = (0.331981,0.008381), <E> = -1.318463 

T=1.050000	 Thermalizing iterations... 
Done.
Thermalized Magnetisation = (0.569847,-0.183200), Energy = -1.527271 
Averaging iterations... h=0.062500,0.000000
Done.
Final: Magnetisation = (0.407956,0.147708), Energy = -1.337924 
<M> = (0.354653,0.005380), <E> = -1.366620 

T=1.000000	 Thermalizing iterations... 
Done.
Thermalized Magnetisation = (0.562089,0.064296), Energy = -1.446895 
Averaging iterations... h=0.062500,0.000000
Done.
Final: Magnetisation = (0.520939,0.076219), Energy = -1.379547 
<M> = (0.386959,0.000644), <E> = -1.413340 

T=0.950000	 Thermalizing iterations... 
Done.
Thermalized Magnetisation = (0.556506,-0.125200), Energy = -1.517016 
Averaging iterations... h=0.062500,0.000000
Done.
Final: Magnetisation = (0.615073,0.151971), Energy = -1.448309 
<M> = (0.424795,-0.001705), <E> = -1.465707 

T=0.900000	 Thermalizing iterations... 
Done.
Thermalized Magnetisation = (0.588688,-0.081999), Energy = -1.567208 
Averaging iterations... h=0.062500,0.000000
Done.
Final: Magnetisation = (0.518576,0.370334), Energy = -1.564311 
<M> = (0.484437,0.002443), <E> = -1.516058 

T=0.850000	 Thermalizing iterations... 
Done.
Thermalized Magnetisation = (0.542411,0.297151), Energy = -1.598376 
Averaging iterations... h=0.062500,0.000000
Done.
Final: Magnetisation = (0.646189,0.184992), Energy = -1.608990 
<M> = (0.518751,0.003599), <E> = -1.560672 

T=0.800000	 Thermalizing iterations... 
Done.
Thermalized Magnetisation = (0.470675,0.346196), Energy = -1.618548 
Averaging iterations... h=0.062500,0.000000
Done.
Final: Magnetisation = (0.528661,0.451821), Energy = -1.680378 
<M> = (0.548633,0.059078), <E> = -1.609650 

T=0.750000	 Thermalizing iterations... 
Done.
Thermalized Magnetisation = (0.448029,0.276552), Energy = -1.531287 
Averaging iterations... h=0.062500,0.000000
Done.
Final: Magnetisation = (0.415452,0.387936), Energy = -1.652867 
<M> = (0.577843,-0.000584), <E> = -1.647334 

T=0.700000	 Thermalizing iterations... 
Done.
Thermalized Magnetisation = (0.699091,-0.129744), Energy = -1.727113 
Averaging iterations... h=0.062500,0.000000
Done.
Final: Magnetisation = (0.676943,-0.033531), Energy = -1.689971 
<M> = (0.620772,-0.058873), <E> = -1.687140 

T=0.650000	 Thermalizing iterations... 
Done.
Thermalized Magnetisation = (0.685188,-0.004134), Energy = -1.681873 
Averaging iterations... h=0.062500,0.000000
Done.
Final: Magnetisation = (0.744164,-0.287282), Energy = -1.761183 
<M> = (0.657870,-0.052941), <E> = -1.722253 

T=0.600000	 Thermalizing iterations... 
Done.
Thermalized Magnetisation = (0.625155,-0.235074), Energy = -1.742203 
Averaging iterations... h=0.062500,0.000000
Done.
Final: Magnetisation = (0.695705,0.168347), Energy = -1.690520 
<M> = (0.651439,0.004232), <E> = -1.757076 

T=0.550000	 Thermalizing iterations... 
Done.
Thermalized Magnetisation = (0.764564,0.192108), Energy = -1.780078 
Averaging iterations... h=0.062500,0.000000
Done.
Final: Magnetisation = (0.682292,0.064619), Energy = -1.814487 
<M> = (0.675250,-0.021354), <E> = -1.787563 

T=0.500000	 Thermalizing iterations... 
Done.
Thermalized Magnetisation = (0.633122,0.358458), Energy = -1.840155 
Averaging iterations... h=0.062500,0.000000
Done.
Final: Magnetisation = (0.664468,0.134144), Energy = -1.799334 
<M> = (0.696488,-0.060481), <E> = -1.816932 

T=0.450000	 Thermalizing iterations... 
Done.
Thermalized Magnetisation = (0.424076,0.649191), Energy = -1.844522 
Averaging iterations... h=0.062500,0.000000
Done.
Final: Magnetisation = (0.796786,0.115458), Energy = -1.867837 
<M> = (0.702438,0.115511), <E> = -1.846849 

T=0.400000	 Thermalizing iterations... 
Done.
Thermalized Magnetisation = (0.707772,0.421028), Energy = -1.862265 
Averaging iterations... h=0.062500,0.000000
Done.
Final: Magnetisation = (0.607680,-0.476747), Energy = -1.885710 
<M> = (0.696776,-0.132175), <E> = -1.875898 

T=0.350000	 Thermalizing iterations... 
Done.
Thermalized Magnetisation = (0.768460,-0.346193), Energy = -1.946377 
Averaging iterations... h=0.062500,0.000000
Done.
Final: Magnetisation = (0.803549,-0.074141), Energy = -1.906662 
<M> = (0.704266,-0.383281), <E> = -1.905112 

T=0.300000	 Thermalizing iterations... 
Done.
Thermalized Magnetisation = (0.706698,0.345707), Energy = -1.917392 
Averaging iterations... h=0.062500,0.000000
Done.
Final: Magnetisation = (0.651036,0.504505), Energy = -1.950004 
<M> = (0.682433,0.473960), <E> = -1.933487 

T=0.250000	 Thermalizing iterations... 
Done.
Thermalized Magnetisation = (0.530782,0.592527), Energy = -1.925095 
Averaging iterations... h=0.062500,0.000000
Done.
Final: Magnetisation = (0.648305,0.569698), Energy = -1.944820 
<M> = (0.700643,0.472656), <E> = -1.959785 

T=0.200000	 Thermalizing iterations... 
Done.
Thermalized Magnetisation = (0.785049,0.453833), Energy = -1.987893 
Averaging iterations... h=0.062500,0.000000
Done.
Final: Magnetisation = (0.742067,0.455582), Energy = -1.986859 
<M> = (0.697081,0.496491), <E> = -1.986282 

T=0.150000	 Thermalizing iterations... 
Done.
Thermalized Magnetisation = (0.675971,0.597474), Energy = -2.009824 
Averaging iterations... h=0.062500,0.000000
Done.
Final: Magnetisation = (0.726144,0.512098), Energy = -2.008489 
<M> = (0.711135,0.526573), <E> = -2.013088 

T=0.100000	 Thermalizing iterations... 
Done.
Thermalized Magnetisation = (0.741361,0.535659), Energy = -2.039492 
Averaging iterations... h=0.062500,0.000000
Done.
Final: Magnetisation = (0.718394,0.521463), Energy = -2.037215 
<M> = (0.715507,0.535278), <E> = -2.038697 

T=0.050000	 Thermalizing iterations... 
Done.
Thermalized Magnetisation = (0.700026,0.591949), Energy = -2.063853 
Averaging iterations... h=0.062500,0.000000
Done.
Final: Magnetisation = (0.695051,0.597592), Energy = -2.059439 
<M> = (0.698495,0.589407), <E> = -2.064435 
Final Magnetisation = (0.695051,0.597592), Energy = -2.059439 
------------------------

Updating all (first)black/(then)white checkerboard sites simultaneously.. 

ztne RFXY h rotating with |h|=0.062500 at T=0.000000..
loop 1

loop 2

Cooling protocol time (from T=2.000000 to T=0.000000) = 184.970588 

CPU Time elapsed total = 185.007766 
All done - 185 seconds elapsed.
