nearest neighbor initialized. 
J loaded. 
h loaded. 
L = 32, dim_L = 2, dim_S = 2
hysteresis_MCS_multiplier = 10, hysteresis_MCS_max = 100
RAND_MAX = 2147483647.000000,
 sizeof(int) = 4,
 sizeof(long) = 8,
 sizeof(double) = 8,
 sizeof(long int) = 8,
 sizeof(short int) = 2,
 sizeof(unsigned int) = 4,
 sizeof(RAND_MAX) = 4

OpenMP Active.

No. of THREADS = 24
No. of PROCESSORS = 24

0.144313,0.073656
order = ({1.000000-->-1.000000,0.000000}, 0, 1)
Initial Magnetisation = (0.144313,0.073656), Energy = -0.049011 
Cooling... 
T=2.000000	 Thermalizing iterations... 
Done.
Thermalized Magnetisation = (-0.000468,-0.233018), Energy = -0.528821 
Averaging iterations... h=0.062500,0.000000
Done.
Final: Magnetisation = (0.071409,0.073684), Energy = -0.643024 
<M> = (0.034571,0.003232), <E> = -0.751745 

T=1.950000	 Thermalizing iterations... 
Done.
Thermalized Magnetisation = (-0.139313,-0.055902), Energy = -0.825262 
Averaging iterations... h=0.062500,0.000000
Done.
Final: Magnetisation = (0.097965,-0.034941), Energy = -0.755109 
<M> = (0.033282,0.002189), <E> = -0.768677 

T=1.900000	 Thermalizing iterations... 
Done.
Thermalized Magnetisation = (0.116386,-0.031130), Energy = -0.635795 
Averaging iterations... h=0.062500,0.000000
Done.
Final: Magnetisation = (0.066628,-0.034562), Energy = -0.847462 
<M> = (0.035086,0.004743), <E> = -0.789058 

T=1.850000	 Thermalizing iterations... 
Done.
Thermalized Magnetisation = (0.296320,0.065020), Energy = -0.787828 
Averaging iterations... h=0.062500,0.000000
Done.
Final: Magnetisation = (-0.116373,0.098587), Energy = -0.815624 
<M> = (0.043668,-0.000596), <E> = -0.814169 

T=1.800000	 Thermalizing iterations... 
Done.
Thermalized Magnetisation = (0.132478,0.129877), Energy = -0.856111 
Averaging iterations... h=0.062500,0.000000
Done.
Final: Magnetisation = (0.126024,-0.134683), Energy = -0.852340 
<M> = (0.041352,0.002549), <E> = -0.832341 

T=1.750000	 Thermalizing iterations... 
Done.
Thermalized Magnetisation = (-0.137018,-0.037035), Energy = -0.858791 
Averaging iterations... h=0.062500,0.000000
Done.
Final: Magnetisation = (0.116735,0.158363), Energy = -0.962554 
<M> = (0.046638,0.003291), <E> = -0.856562 

T=1.700000	 Thermalizing iterations... 
Done.
Thermalized Magnetisation = (-0.006453,0.046673), Energy = -0.891434 
Averaging iterations... h=0.062500,0.000000
Done.
Final: Magnetisation = (-0.030654,-0.117323), Energy = -0.704459 
<M> = (0.050449,0.000519), <E> = -0.883331 

T=1.650000	 Thermalizing iterations... 
Done.
Thermalized Magnetisation = (-0.002202,-0.065331), Energy = -0.906729 
Averaging iterations... h=0.062500,0.000000
Done.
Final: Magnetisation = (0.161769,-0.095090), Energy = -0.727108 
<M> = (0.051400,-0.001575), <E> = -0.901366 

T=1.600000	 Thermalizing iterations... 
Done.
Thermalized Magnetisation = (-0.119717,0.091820), Energy = -0.874203 
Averaging iterations... h=0.062500,0.000000
Done.
Final: Magnetisation = (-0.031181,-0.274825), Energy = -0.964602 
<M> = (0.062769,0.003804), <E> = -0.928658 

T=1.550000	 Thermalizing iterations... 
Done.
Thermalized Magnetisation = (0.093541,0.233510), Energy = -1.103314 
Averaging iterations... h=0.062500,0.000000
Done.
Final: Magnetisation = (0.329143,0.042126), Energy = -0.901215 
<M> = (0.060627,-0.001864), <E> = -0.952668 

T=1.500000	 Thermalizing iterations... 
Done.
Thermalized Magnetisation = (-0.054958,0.041923), Energy = -0.850834 
Averaging iterations... h=0.062500,0.000000
Done.
Final: Magnetisation = (0.146441,-0.071543), Energy = -1.092548 
<M> = (0.072423,0.012037), <E> = -0.985332 

T=1.450000	 Thermalizing iterations... 
Done.
Thermalized Magnetisation = (-0.006521,0.114146), Energy = -0.981758 
Averaging iterations... h=0.062500,0.000000
Done.
Final: Magnetisation = (-0.276860,-0.003068), Energy = -1.170714 
<M> = (0.076004,-0.000072), <E> = -1.017472 

T=1.400000	 Thermalizing iterations... 
Done.
Thermalized Magnetisation = (-0.105507,0.268667), Energy = -1.124537 
Averaging iterations... h=0.062500,0.000000
Done.
Final: Magnetisation = (0.174708,-0.048659), Energy = -1.038198 
<M> = (0.084602,0.010397), <E> = -1.052894 

T=1.350000	 Thermalizing iterations... 
Done.
Thermalized Magnetisation = (0.349220,-0.248371), Energy = -1.201281 
Averaging iterations... h=0.062500,0.000000
Done.
Final: Magnetisation = (0.210693,0.218209), Energy = -1.211532 
<M> = (0.097837,-0.001194), <E> = -1.083326 

T=1.300000	 Thermalizing iterations... 
Done.
Thermalized Magnetisation = (0.293414,0.113848), Energy = -0.998757 
Averaging iterations... h=0.062500,0.000000
Done.
Final: Magnetisation = (0.194092,-0.048751), Energy = -1.105550 
<M> = (0.102409,0.001417), <E> = -1.125535 

T=1.250000	 Thermalizing iterations... 
Done.
Thermalized Magnetisation = (-0.058617,0.189160), Energy = -1.023797 
Averaging iterations... h=0.062500,0.000000
Done.
Final: Magnetisation = (-0.066925,0.176643), Energy = -1.269137 
<M> = (0.126354,0.005410), <E> = -1.161715 

T=1.200000	 Thermalizing iterations... 
Done.
Thermalized Magnetisation = (0.202437,0.036110), Energy = -1.355510 
Averaging iterations... h=0.062500,0.000000
Done.
Final: Magnetisation = (-0.024428,-0.037204), Energy = -1.242240 
<M> = (0.134823,0.008202), <E> = -1.203098 

T=1.150000	 Thermalizing iterations... 
Done.
Thermalized Magnetisation = (-0.182739,-0.004666), Energy = -1.209088 
Averaging iterations... h=0.062500,0.000000
Done.
Final: Magnetisation = (0.256539,-0.011923), Energy = -1.305163 
<M> = (0.159487,-0.002503), <E> = -1.239814 

T=1.100000	 Thermalizing iterations... 
Done.
Thermalized Magnetisation = (0.153717,-0.002917), Energy = -1.191971 
Averaging iterations... h=0.062500,0.000000
Done.
Final: Magnetisation = (0.148915,0.028233), Energy = -1.075529 
<M> = (0.189275,0.011653), <E> = -1.290617 

T=1.050000	 Thermalizing iterations... 
Done.
Thermalized Magnetisation = (0.242597,-0.128385), Energy = -1.277654 
Averaging iterations... h=0.062500,0.000000
Done.
Final: Magnetisation = (0.286710,0.113617), Energy = -1.320836 
<M> = (0.202158,0.007114), <E> = -1.334493 

T=1.000000	 Thermalizing iterations... 
Done.
Thermalized Magnetisation = (0.407641,0.249185), Energy = -1.356825 
Averaging iterations... h=0.062500,0.000000
Done.
Final: Magnetisation = (0.329615,0.151078), Energy = -1.327555 
<M> = (0.208401,-0.012066), <E> = -1.377943 

T=0.950000	 Thermalizing iterations... 
Done.
Thermalized Magnetisation = (0.155793,0.025725), Energy = -1.401240 
Averaging iterations... h=0.062500,0.000000
Done.
Final: Magnetisation = (0.150314,0.293734), Energy = -1.464269 
<M> = (0.242034,0.015527), <E> = -1.426911 

T=0.900000	 Thermalizing iterations... 
Done.
Thermalized Magnetisation = (0.419763,0.371625), Energy = -1.540432 
Averaging iterations... h=0.062500,0.000000
Done.
Final: Magnetisation = (0.023786,0.101721), Energy = -1.431824 
<M> = (0.272257,0.042758), <E> = -1.476614 

T=0.850000	 Thermalizing iterations... 
Done.
Thermalized Magnetisation = (0.306248,0.358079), Energy = -1.569227 
Averaging iterations... h=0.062500,0.000000
Done.
Final: Magnetisation = (0.454589,0.175420), Energy = -1.429514 
<M> = (0.314337,0.011477), <E> = -1.523610 

T=0.800000	 Thermalizing iterations... 
Done.
Thermalized Magnetisation = (0.288637,-0.266049), Energy = -1.569256 
Averaging iterations... h=0.062500,0.000000
Done.
Final: Magnetisation = (0.111031,0.182589), Energy = -1.433049 
<M> = (0.346206,0.117511), <E> = -1.575021 

T=0.750000	 Thermalizing iterations... 
Done.
Thermalized Magnetisation = (0.438520,0.460181), Energy = -1.664314 
Averaging iterations... h=0.062500,0.000000
Done.
Final: Magnetisation = (0.305507,0.542630), Energy = -1.581800 
<M> = (0.362697,0.183231), <E> = -1.612834 

T=0.700000	 Thermalizing iterations... 
Done.
Thermalized Magnetisation = (0.430550,-0.169787), Energy = -1.632967 
Averaging iterations... h=0.062500,0.000000
Done.
Final: Magnetisation = (0.276789,-0.438698), Energy = -1.728622 
<M> = (0.387412,0.066676), <E> = -1.650167 

T=0.650000	 Thermalizing iterations... 
Done.
Thermalized Magnetisation = (0.358961,0.386449), Energy = -1.673536 
Averaging iterations... h=0.062500,0.000000
Done.
Final: Magnetisation = (0.417024,0.340450), Energy = -1.704688 
<M> = (0.427948,0.188415), <E> = -1.690995 

T=0.600000	 Thermalizing iterations... 
Done.
Thermalized Magnetisation = (0.343013,0.514587), Energy = -1.659128 
Averaging iterations... h=0.062500,0.000000
Done.
Final: Magnetisation = (0.488266,0.616973), Energy = -1.758662 
<M> = (0.383080,0.488883), <E> = -1.730861 

T=0.550000	 Thermalizing iterations... 
Done.
Thermalized Magnetisation = (0.494753,0.435299), Energy = -1.775512 
Averaging iterations... h=0.062500,0.000000
Done.
Final: Magnetisation = (0.233451,0.745163), Energy = -1.780743 
<M> = (0.378739,0.582259), <E> = -1.766973 

T=0.500000	 Thermalizing iterations... 
Done.
Thermalized Magnetisation = (0.514946,0.557092), Energy = -1.810563 
Averaging iterations... h=0.062500,0.000000
Done.
Final: Magnetisation = (0.616375,0.325563), Energy = -1.746888 
<M> = (0.381710,0.590324), <E> = -1.797391 

T=0.450000	 Thermalizing iterations... 
Done.
Thermalized Magnetisation = (0.531185,0.546036), Energy = -1.852544 
Averaging iterations... h=0.062500,0.000000
Done.
Final: Magnetisation = (0.321951,0.688611), Energy = -1.848949 
<M> = (0.375082,0.631189), <E> = -1.827811 

T=0.400000	 Thermalizing iterations... 
Done.
Thermalized Magnetisation = (0.277575,0.737223), Energy = -1.886928 
Averaging iterations... h=0.062500,0.000000
Done.
Final: Magnetisation = (0.516221,0.546615), Energy = -1.855271 
<M> = (0.377054,0.637368), <E> = -1.856154 

T=0.350000	 Thermalizing iterations... 
Done.
Thermalized Magnetisation = (0.322166,0.748775), Energy = -1.869422 
Averaging iterations... h=0.062500,0.000000
Done.
Final: Magnetisation = (0.356586,0.713230), Energy = -1.855906 
<M> = (0.398585,0.659850), <E> = -1.884517 

T=0.300000	 Thermalizing iterations... 
Done.
Thermalized Magnetisation = (0.364931,0.743288), Energy = -1.900038 
Averaging iterations... h=0.062500,0.000000
Done.
Final: Magnetisation = (0.250929,0.770956), Energy = -1.921275 
<M> = (0.348273,0.710259), <E> = -1.913187 

T=0.250000	 Thermalizing iterations... 
Done.
Thermalized Magnetisation = (0.378215,0.685883), Energy = -1.934645 
Averaging iterations... h=0.062500,0.000000
Done.
Final: Magnetisation = (0.391456,0.689272), Energy = -1.923824 
<M> = (0.382522,0.720335), <E> = -1.940516 

T=0.200000	 Thermalizing iterations... 
Done.
Thermalized Magnetisation = (0.387865,0.703675), Energy = -1.965602 
Averaging iterations... h=0.062500,0.000000
Done.
Final: Magnetisation = (0.330736,0.772700), Energy = -1.987002 
<M> = (0.359545,0.750188), <E> = -1.966846 

T=0.150000	 Thermalizing iterations... 
Done.
Thermalized Magnetisation = (0.350502,0.790109), Energy = -2.001905 
Averaging iterations... h=0.062500,0.000000
Done.
Final: Magnetisation = (0.337510,0.755029), Energy = -1.990585 
<M> = (0.378776,0.756631), <E> = -1.993432 

T=0.100000	 Thermalizing iterations... 
Done.
Thermalized Magnetisation = (0.368415,0.778634), Energy = -2.020822 
Averaging iterations... h=0.062500,0.000000
Done.
Final: Magnetisation = (0.371768,0.788331), Energy = -2.021164 
<M> = (0.368926,0.777438), <E> = -2.019379 

T=0.050000	 Thermalizing iterations... 
Done.
Thermalized Magnetisation = (0.391602,0.770353), Energy = -2.044331 
Averaging iterations... h=0.062500,0.000000
Done.
Final: Magnetisation = (0.349186,0.806068), Energy = -2.046365 
<M> = (0.378810,0.789368), <E> = -2.044846 
Final Magnetisation = (0.349186,0.806068), Energy = -2.046365 
------------------------

Updating all (first)black/(then)white checkerboard sites simultaneously.. 

ztne RFXY h rotating with |h|=0.062500 at T=0.000000..
loop 1

loop 2

Cooling protocol time (from T=2.000000 to T=0.000000) = 202.799136 

CPU Time elapsed total = 202.826309 
All done - 203 seconds elapsed.
