nearest neighbor initialized. 
J loaded. 
h loaded. 
L = 16, dim_L = 2, dim_S = 2
hysteresis_MCS_multiplier = 10, hysteresis_MCS_max = 100
RAND_MAX = 2147483647.000000,
 sizeof(int) = 4,
 sizeof(long) = 8,
 sizeof(double) = 8,
 sizeof(long int) = 8,
 sizeof(short int) = 2,
 sizeof(unsigned int) = 4,
 sizeof(RAND_MAX) = 4

OpenMP Active.

No. of THREADS = 24
No. of PROCESSORS = 24

-0.058001,-0.041361
order = ({1.000000-->-1.000000,0.000000}, 0, 1)
Initial Magnetisation = (-0.058001,-0.041361), Energy = 0.151032 
Cooling... 
T=2.000000	 Thermalizing iterations... 
Done.
Thermalized Magnetisation = (0.172543,0.103314), Energy = -1.151123 
Averaging iterations... h=0.071429,0.000000
Done.
Final: Magnetisation = (0.492072,-0.034677), Energy = -1.212758 
<M> = (0.051612,0.010545), <E> = -0.921887 

T=1.950000	 Thermalizing iterations... 
Done.
Thermalized Magnetisation = (0.177403,0.251307), Energy = -0.748793 
Averaging iterations... h=0.071429,0.000000
Done.
Final: Magnetisation = (-0.064964,0.203977), Energy = -0.731291 
<M> = (0.052292,0.012603), <E> = -0.930041 

T=1.900000	 Thermalizing iterations... 
Done.
Thermalized Magnetisation = (0.084402,-0.052047), Energy = -0.817004 
Averaging iterations... h=0.071429,0.000000
Done.
Final: Magnetisation = (-0.050757,-0.001047), Energy = -0.798229 
<M> = (0.043583,0.014166), <E> = -0.940502 

T=1.850000	 Thermalizing iterations... 
Done.
Thermalized Magnetisation = (-0.114966,-0.391466), Energy = -1.192032 
Averaging iterations... h=0.071429,0.000000
Done.
Final: Magnetisation = (0.334431,-0.342329), Energy = -1.075212 
<M> = (0.059300,0.009797), <E> = -0.967952 

T=1.800000	 Thermalizing iterations... 
Done.
Thermalized Magnetisation = (0.136133,0.358263), Energy = -1.107733 
Averaging iterations... h=0.071429,0.000000
Done.
Final: Magnetisation = (0.179252,-0.210284), Energy = -0.895269 
<M> = (0.065131,0.013954), <E> = -0.979125 

T=1.750000	 Thermalizing iterations... 
Done.
Thermalized Magnetisation = (0.207742,-0.127873), Energy = -1.237622 
Averaging iterations... h=0.071429,0.000000
Done.
Final: Magnetisation = (-0.018950,-0.368220), Energy = -0.885706 
<M> = (0.064812,-0.007681), <E> = -1.005062 

T=1.700000	 Thermalizing iterations... 
Done.
Thermalized Magnetisation = (-0.318453,-0.176784), Energy = -1.321563 
Averaging iterations... h=0.071429,0.000000
Done.
Final: Magnetisation = (0.116319,0.052868), Energy = -0.996786 
<M> = (0.055651,0.011083), <E> = -1.021002 

T=1.650000	 Thermalizing iterations... 
Done.
Thermalized Magnetisation = (0.342542,-0.097809), Energy = -0.951940 
Averaging iterations... h=0.071429,0.000000
Done.
Final: Magnetisation = (0.069914,0.101287), Energy = -1.198901 
<M> = (0.050695,-0.014086), <E> = -1.041798 

T=1.600000	 Thermalizing iterations... 
Done.
Thermalized Magnetisation = (-0.236616,0.285724), Energy = -1.281733 
Averaging iterations... h=0.071429,0.000000
Done.
Final: Magnetisation = (-0.099074,0.003479), Energy = -1.198230 
<M> = (0.061642,-0.009712), <E> = -1.061417 

T=1.550000	 Thermalizing iterations... 
Done.
Thermalized Magnetisation = (0.292366,-0.097722), Energy = -1.145751 
Averaging iterations... h=0.071429,0.000000
Done.
Final: Magnetisation = (0.046708,-0.097187), Energy = -1.030018 
<M> = (0.066174,-0.002942), <E> = -1.074001 

T=1.500000	 Thermalizing iterations... 
Done.
Thermalized Magnetisation = (0.030157,-0.012827), Energy = -1.072249 
Averaging iterations... h=0.071429,0.000000
Done.
Final: Magnetisation = (-0.365062,0.273198), Energy = -1.197087 
<M> = (0.077777,0.001627), <E> = -1.118698 

T=1.450000	 Thermalizing iterations... 
Done.
Thermalized Magnetisation = (0.063312,0.378301), Energy = -1.059690 
Averaging iterations... h=0.071429,0.000000
Done.
Final: Magnetisation = (0.230533,-0.364028), Energy = -1.319909 
<M> = (0.085282,0.005038), <E> = -1.134568 

T=1.400000	 Thermalizing iterations... 
Done.
Thermalized Magnetisation = (0.198302,-0.083522), Energy = -0.959673 
Averaging iterations... h=0.071429,0.000000
Done.
Final: Magnetisation = (0.314245,-0.062690), Energy = -0.686224 
<M> = (0.095101,-0.001183), <E> = -1.161156 

T=1.350000	 Thermalizing iterations... 
Done.
Thermalized Magnetisation = (0.242727,0.341295), Energy = -1.486376 
Averaging iterations... h=0.071429,0.000000
Done.
Final: Magnetisation = (-0.004161,0.152378), Energy = -1.155091 
<M> = (0.104056,0.001458), <E> = -1.194032 

T=1.300000	 Thermalizing iterations... 
Done.
Thermalized Magnetisation = (0.023654,-0.371621), Energy = -1.352731 
Averaging iterations... h=0.071429,0.000000
Done.
Final: Magnetisation = (-0.052573,-0.395690), Energy = -1.396961 
<M> = (0.112342,0.003415), <E> = -1.206484 

T=1.250000	 Thermalizing iterations... 
Done.
Thermalized Magnetisation = (-0.253968,0.104567), Energy = -1.182844 
Averaging iterations... h=0.071429,0.000000
Done.
Final: Magnetisation = (0.180103,0.234754), Energy = -1.252023 
<M> = (0.118898,-0.028389), <E> = -1.235138 

T=1.200000	 Thermalizing iterations... 
Done.
Thermalized Magnetisation = (0.257225,0.217815), Energy = -1.420494 
Averaging iterations... h=0.071429,0.000000
Done.
Final: Magnetisation = (-0.004674,0.491379), Energy = -1.336607 
<M> = (0.164561,0.051018), <E> = -1.271653 

T=1.150000	 Thermalizing iterations... 
Done.
Thermalized Magnetisation = (-0.213429,0.133375), Energy = -1.271569 
Averaging iterations... h=0.071429,0.000000
Done.
Final: Magnetisation = (-0.104961,-0.284742), Energy = -1.325156 
<M> = (0.172038,-0.032920), <E> = -1.307040 

T=1.100000	 Thermalizing iterations... 
Done.
Thermalized Magnetisation = (0.130690,0.261049), Energy = -1.392959 
Averaging iterations... h=0.071429,0.000000
Done.
Final: Magnetisation = (-0.077804,-0.172085), Energy = -1.319297 
<M> = (0.197917,-0.010923), <E> = -1.346704 

T=1.050000	 Thermalizing iterations... 
Done.
Thermalized Magnetisation = (0.455576,0.533365), Energy = -1.415708 
Averaging iterations... h=0.071429,0.000000
Done.
Final: Magnetisation = (0.227042,-0.446824), Energy = -1.309232 
<M> = (0.224342,-0.054512), <E> = -1.381382 

T=1.000000	 Thermalizing iterations... 
Done.
Thermalized Magnetisation = (0.178664,-0.245210), Energy = -1.449712 
Averaging iterations... h=0.071429,0.000000
Done.
Final: Magnetisation = (0.344074,0.272615), Energy = -1.568994 
<M> = (0.229000,0.009513), <E> = -1.401309 

T=0.950000	 Thermalizing iterations... 
Done.
Thermalized Magnetisation = (0.642333,-0.046593), Energy = -1.476079 
Averaging iterations... h=0.071429,0.000000
Done.
Final: Magnetisation = (-0.131565,-0.609437), Energy = -1.378705 
<M> = (0.288867,0.043562), <E> = -1.454781 

T=0.900000	 Thermalizing iterations... 
Done.
Thermalized Magnetisation = (0.359768,0.129083), Energy = -1.610982 
Averaging iterations... h=0.071429,0.000000
Done.
Final: Magnetisation = (0.328741,-0.334413), Energy = -1.431929 
<M> = (0.294836,-0.023979), <E> = -1.486824 

T=0.850000	 Thermalizing iterations... 
Done.
Thermalized Magnetisation = (0.113012,0.662510), Energy = -1.414972 
Averaging iterations... h=0.071429,0.000000
Done.
Final: Magnetisation = (0.034444,-0.053281), Energy = -1.392393 
<M> = (0.330719,0.004069), <E> = -1.529032 

T=0.800000	 Thermalizing iterations... 
Done.
Thermalized Magnetisation = (0.157523,-0.540552), Energy = -1.582163 
Averaging iterations... h=0.071429,0.000000
Done.
Final: Magnetisation = (0.618080,-0.339194), Energy = -1.495545 
<M> = (0.307393,0.108506), <E> = -1.569049 

T=0.750000	 Thermalizing iterations... 
Done.
Thermalized Magnetisation = (0.496450,0.171474), Energy = -1.609502 
Averaging iterations... h=0.071429,0.000000
Done.
Final: Magnetisation = (0.161341,-0.118099), Energy = -1.571261 
<M> = (0.430597,-0.104282), <E> = -1.618392 

T=0.700000	 Thermalizing iterations... 
Done.
Thermalized Magnetisation = (0.329912,0.323290), Energy = -1.633829 
Averaging iterations... h=0.071429,0.000000
Done.
Final: Magnetisation = (0.842288,0.054251), Energy = -1.719402 
<M> = (0.448460,0.047164), <E> = -1.660050 

T=0.650000	 Thermalizing iterations... 
Done.
Thermalized Magnetisation = (0.507526,0.568027), Energy = -1.864743 
Averaging iterations... h=0.071429,0.000000
Done.
Final: Magnetisation = (0.436184,-0.556999), Energy = -1.747597 
<M> = (0.541548,0.065987), <E> = -1.705070 

T=0.600000	 Thermalizing iterations... 
Done.
Thermalized Magnetisation = (0.537007,-0.151468), Energy = -1.629604 
Averaging iterations... h=0.071429,0.000000
Done.
Final: Magnetisation = (0.703007,0.238714), Energy = -1.806851 
<M> = (0.577188,0.071247), <E> = -1.736866 

T=0.550000	 Thermalizing iterations... 
Done.
Thermalized Magnetisation = (0.807570,-0.077619), Energy = -1.819032 
Averaging iterations... h=0.071429,0.000000
Done.
Final: Magnetisation = (0.636098,-0.321115), Energy = -1.677078 
<M> = (0.565576,-0.150510), <E> = -1.767895 

T=0.500000	 Thermalizing iterations... 
Done.
Thermalized Magnetisation = (0.789275,0.482798), Energy = -1.880112 
Averaging iterations... h=0.071429,0.000000
Done.
Final: Magnetisation = (0.561053,-0.599124), Energy = -1.838587 
<M> = (0.595906,0.188625), <E> = -1.804190 

T=0.450000	 Thermalizing iterations... 
Done.
Thermalized Magnetisation = (-0.110713,-0.728065), Energy = -1.758996 
Averaging iterations... h=0.071429,0.000000
Done.
Final: Magnetisation = (0.759303,0.330501), Energy = -1.877705 
<M> = (0.564318,0.324672), <E> = -1.829968 

T=0.400000	 Thermalizing iterations... 
Done.
Thermalized Magnetisation = (0.677734,-0.351920), Energy = -1.884957 
Averaging iterations... h=0.071429,0.000000
Done.
Final: Magnetisation = (0.341112,-0.796796), Energy = -1.898258 
<M> = (0.520998,-0.595823), <E> = -1.860144 

T=0.350000	 Thermalizing iterations... 
Done.
Thermalized Magnetisation = (0.537717,-0.701064), Energy = -1.904905 
Averaging iterations... h=0.071429,0.000000
Done.
Final: Magnetisation = (0.634972,-0.557352), Energy = -1.905274 
<M> = (0.605136,0.195527), <E> = -1.889780 

T=0.300000	 Thermalizing iterations... 
Done.
Thermalized Magnetisation = (0.590531,0.690459), Energy = -1.944514 
Averaging iterations... h=0.071429,0.000000
Done.
Final: Magnetisation = (0.711520,-0.566070), Energy = -1.926381 
<M> = (0.653869,0.002271), <E> = -1.913079 

T=0.250000	 Thermalizing iterations... 
Done.
Thermalized Magnetisation = (0.491902,0.669198), Energy = -1.945753 
Averaging iterations... h=0.071429,0.000000
Done.
Final: Magnetisation = (0.651599,0.404810), Energy = -1.886621 
<M> = (0.579235,0.616175), <E> = -1.943956 

T=0.200000	 Thermalizing iterations... 
Done.
Thermalized Magnetisation = (0.558631,0.683879), Energy = -1.984224 
Averaging iterations... h=0.071429,0.000000
Done.
Final: Magnetisation = (0.670811,0.579092), Energy = -1.979868 
<M> = (0.643113,0.594202), <E> = -1.971128 

T=0.150000	 Thermalizing iterations... 
Done.
Thermalized Magnetisation = (0.736458,0.494862), Energy = -1.981607 
Averaging iterations... h=0.071429,0.000000
Done.
Final: Magnetisation = (0.678551,0.642399), Energy = -2.012084 
<M> = (0.627096,0.644451), <E> = -1.996968 

T=0.100000	 Thermalizing iterations... 
Done.
Thermalized Magnetisation = (0.717966,0.609687), Energy = -2.025530 
Averaging iterations... h=0.071429,0.000000
Done.
Final: Magnetisation = (0.809722,0.455731), Energy = -2.011896 
<M> = (0.617517,0.677608), <E> = -2.022494 

T=0.050000	 Thermalizing iterations... 
Done.
Thermalized Magnetisation = (0.576749,0.731920), Energy = -2.047524 
Averaging iterations... h=0.071429,0.000000
Done.
Final: Magnetisation = (0.616971,0.709124), Energy = -2.047082 
<M> = (0.611018,0.706700), <E> = -2.047832 
Final Magnetisation = (0.616971,0.709124), Energy = -2.047082 
------------------------

Updating all (first)black/(then)white checkerboard sites simultaneously.. 

ztne RFXY h rotating with |h|=0.071429 at T=0.000000..
loop 1

loop 2

Cooling protocol time (from T=2.000000 to T=0.000000) = 48.017339 

CPU Time elapsed total = 48.058506 
All done - 48 seconds elapsed.
