+ cd /home/sbasak/Exercises/OpenMP/XY_code/Z2/rotating_field/trial/config/config_3
+ export OMP_NUM_THREADS=28
+ OMP_NUM_THREADS=28
+ ./a_0.out
nearest neighbor initialized. 
h loaded. 
J loaded. 
L = 128, dim_L = 2, dim_S = 2
hysteresis_MCS_multiplier = 10, hysteresis_MCS_max = 100
RAND_MAX = 2147483647.000000,
 sizeof(int) = 4,
 sizeof(long) = 8,
 sizeof(double) = 8,
 sizeof(long int) = 8,
 sizeof(short int) = 2,
 sizeof(unsigned int) = 4,
 sizeof(RAND_MAX) = 4
No. of THREADS = 28
No. of PROCESSORS = 28

0.060633,0.023500
order = ({1.000000-->-1.000000,0.000000}, 0, 1)
Initial Magnetisation = (0.060633,0.023500), Energy = 0.024775 
Cooling... 
T=2.000000	 Thermalizing iterations... 
Done.
Thermalized Magnetisation = (-0.007846,-0.009396), Energy = -0.567497 
Averaging iterations... h=0.000000,0.000000
Done.
Final: Magnetisation = (-0.001241,-0.031199), Energy = -0.584780 
<M> = (0.005063,-0.000154), <E> = -0.608321 

T=1.990000	 Thermalizing iterations... 
Done.
Thermalized Magnetisation = (-0.015181,0.025600), Energy = -0.613677 
Averaging iterations... h=0.000000,0.000000
Done.
Final: Magnetisation = (-0.010467,0.008021), Energy = -0.636610 
<M> = (0.006338,-0.001646), <E> = -0.612329 

T=1.980000	 Thermalizing iterations... 
Done.
Thermalized Magnetisation = (-0.015675,0.005875), Energy = -0.625184 
Averaging iterations... h=0.000000,0.000000
Done.
Final: Magnetisation = (0.025765,0.006934), Energy = -0.629968 
<M> = (0.005807,-0.001060), <E> = -0.616864 

T=1.970000	 Thermalizing iterations... 
Done.
Thermalized Magnetisation = (-0.006612,0.023467), Energy = -0.630629 
Averaging iterations... h=0.000000,0.000000
Done.
Final: Magnetisation = (-0.004047,-0.069218), Energy = -0.621295 
<M> = (0.006187,-0.002074), <E> = -0.620414 

T=1.960000	 Thermalizing iterations... 
Done.
Thermalized Magnetisation = (0.009366,-0.034890), Energy = -0.660926 
Averaging iterations... h=0.000000,0.000000
Done.
Final: Magnetisation = (0.007359,0.019084), Energy = -0.619217 
<M> = (0.006966,-0.000577), <E> = -0.623556 

T=1.950000	 Thermalizing iterations... 
Done.
Thermalized Magnetisation = (-0.000510,0.011000), Energy = -0.630371 
Averaging iterations... h=0.000000,0.000000
Done.
Final: Magnetisation = (0.052920,-0.011819), Energy = -0.620934 
<M> = (0.007607,-0.000302), <E> = -0.627014 

T=1.940000	 Thermalizing iterations... 
Done.
Thermalized Magnetisation = (0.035122,-0.007362), Energy = -0.612689 
Averaging iterations... h=0.000000,0.000000
Done.
Final: Magnetisation = (0.054257,0.029419), Energy = -0.603423 
<M> = (0.006359,0.000238), <E> = -0.630479 

T=1.930000	 Thermalizing iterations... 
Done.
Thermalized Magnetisation = (0.004090,-0.010518), Energy = -0.655432 
Averaging iterations... h=0.000000,0.000000
Done.
Final: Magnetisation = (-0.072219,0.024938), Energy = -0.622749 
<M> = (0.005746,0.000646), <E> = -0.633464 

T=1.920000	 Thermalizing iterations... 
Done.
Thermalized Magnetisation = (-0.023055,0.035371), Energy = -0.674326 
Averaging iterations... h=0.000000,0.000000
Done.
Final: Magnetisation = (0.011938,-0.002691), Energy = -0.636252 
<M> = (0.006551,-0.001589), <E> = -0.637994 

T=1.910000	 Thermalizing iterations... 
Done.
Thermalized Magnetisation = (-0.056235,0.009556), Energy = -0.663231 
Averaging iterations... h=0.000000,0.000000
Done.
Final: Magnetisation = (-0.012060,-0.019028), Energy = -0.689313 
<M> = (0.006595,-0.001395), <E> = -0.642654 

T=1.900000	 Thermalizing iterations... 
Done.
Thermalized Magnetisation = (0.091128,0.084364), Energy = -0.659509 
Averaging iterations... h=0.000000,0.000000
Done.
Final: Magnetisation = (-0.041063,0.007529), Energy = -0.632139 
<M> = (0.006553,-0.002877), <E> = -0.646240 

T=1.890000	 Thermalizing iterations... 
Done.
Thermalized Magnetisation = (-0.045691,0.011218), Energy = -0.677574 
Averaging iterations... h=0.000000,0.000000
Done.
Final: Magnetisation = (-0.015799,0.010020), Energy = -0.642829 
<M> = (0.006648,-0.002735), <E> = -0.650594 

T=1.880000	 Thermalizing iterations... 
Done.
Thermalized Magnetisation = (0.010428,-0.024801), Energy = -0.643161 
Averaging iterations... h=0.000000,0.000000
Done.
Final: Magnetisation = (-0.038594,0.019915), Energy = -0.670385 
<M> = (0.008495,-0.001398), <E> = -0.654488 

T=1.870000	 Thermalizing iterations... 
Done.
Thermalized Magnetisation = (-0.039267,0.021641), Energy = -0.669899 
Averaging iterations... h=0.000000,0.000000
Done.
Final: Magnetisation = (0.020808,0.007432), Energy = -0.659595 
<M> = (0.007358,0.001828), <E> = -0.657577 

T=1.860000	 Thermalizing iterations... 
Done.
Thermalized Magnetisation = (-0.036560,0.035065), Energy = -0.625569 
Averaging iterations... h=0.000000,0.000000
Done.
Final: Magnetisation = (0.040379,-0.035493), Energy = -0.643354 
<M> = (0.006582,0.000123), <E> = -0.661818 

T=1.850000	 Thermalizing iterations... 
Done.
Thermalized Magnetisation = (0.003158,0.069343), Energy = -0.658164 
Averaging iterations... h=0.000000,0.000000
Done.
Final: Magnetisation = (0.037424,-0.037775), Energy = -0.702355 
<M> = (0.006087,0.000037), <E> = -0.666006 

T=1.840000	 Thermalizing iterations... 
Done.
Thermalized Magnetisation = (0.008964,0.031131), Energy = -0.663857 
Averaging iterations... h=0.000000,0.000000
Done.
Final: Magnetisation = (0.027281,-0.012998), Energy = -0.703372 
<M> = (0.007824,-0.001362), <E> = -0.670447 

T=1.830000	 Thermalizing iterations... 
Done.
Thermalized Magnetisation = (0.061967,-0.001136), Energy = -0.666238 
Averaging iterations... h=0.000000,0.000000
Done.
Final: Magnetisation = (0.007430,0.043826), Energy = -0.662208 
<M> = (0.006160,-0.002411), <E> = -0.675158 

T=1.820000	 Thermalizing iterations... 
Done.
Thermalized Magnetisation = (0.008146,0.029877), Energy = -0.675179 
Averaging iterations... h=0.000000,0.000000
Done.
Final: Magnetisation = (0.035873,-0.033329), Energy = -0.673678 
<M> = (0.007491,-0.002496), <E> = -0.680250 

T=1.810000	 Thermalizing iterations... 
Done.
Thermalized Magnetisation = (0.013867,0.017866), Energy = -0.676314 
Averaging iterations... h=0.000000,0.000000
Done.
Final: Magnetisation = (-0.013378,0.026916), Energy = -0.675932 
<M> = (0.010137,-0.001979), <E> = -0.684200 

T=1.800000	 Thermalizing iterations... 
Done.
Thermalized Magnetisation = (-0.041287,0.003131), Energy = -0.680116 
Averaging iterations... h=0.000000,0.000000
Done.
Final: Magnetisation = (0.003295,0.031433), Energy = -0.718904 
<M> = (0.009608,-0.000171), <E> = -0.687861 

T=1.790000	 Thermalizing iterations... 
Done.
Thermalized Magnetisation = (0.030903,-0.064376), Energy = -0.705509 
Averaging iterations... h=0.000000,0.000000
Done.
Final: Magnetisation = (-0.040529,-0.058273), Energy = -0.708727 
<M> = (0.007523,0.000159), <E> = -0.692619 

T=1.780000	 Thermalizing iterations... 
Done.
Thermalized Magnetisation = (0.004208,-0.034482), Energy = -0.703287 
Averaging iterations... h=0.000000,0.000000
Done.
Final: Magnetisation = (0.035719,0.013323), Energy = -0.686976 
<M> = (0.007428,0.001078), <E> = -0.696368 

T=1.770000	 Thermalizing iterations... 
Done.
Thermalized Magnetisation = (0.032862,0.041974), Energy = -0.716078 
Averaging iterations... h=0.000000,0.000000
Done.
Final: Magnetisation = (0.013136,0.085662), Energy = -0.717505 
<M> = (0.008263,-0.003090), <E> = -0.701889 

T=1.760000	 Thermalizing iterations... 
Done.
Thermalized Magnetisation = (0.027803,0.012220), Energy = -0.751492 
Averaging iterations... h=0.000000,0.000000
Done.
Final: Magnetisation = (0.041448,-0.047725), Energy = -0.707672 
<M> = (0.008325,-0.000561), <E> = -0.707047 

T=1.750000	 Thermalizing iterations... 
Done.
Thermalized Magnetisation = (-0.037684,0.002224), Energy = -0.709167 
Averaging iterations... h=0.000000,0.000000
Done.
Final: Magnetisation = (0.074139,-0.018675), Energy = -0.696793 
<M> = (0.007923,-0.003349), <E> = -0.711909 

T=1.740000	 Thermalizing iterations... 
Done.
Thermalized Magnetisation = (0.016729,0.009023), Energy = -0.699929 
Averaging iterations... h=0.000000,0.000000
Done.
Final: Magnetisation = (-0.003621,-0.016915), Energy = -0.707179 
<M> = (0.008223,-0.002079), <E> = -0.716726 

T=1.730000	 Thermalizing iterations... 
Done.
Thermalized Magnetisation = (0.009514,-0.024831), Energy = -0.720752 
Averaging iterations... h=0.000000,0.000000
Done.
Final: Magnetisation = (-0.051511,-0.066414), Energy = -0.737673 
<M> = (0.010472,-0.000557), <E> = -0.721151 

T=1.720000	 Thermalizing iterations... 
Done.
Thermalized Magnetisation = (-0.004668,-0.046569), Energy = -0.721570 
Averaging iterations... h=0.000000,0.000000
Done.
Final: Magnetisation = (0.017599,0.022740), Energy = -0.751618 
<M> = (0.009067,0.001019), <E> = -0.725443 

T=1.710000	 Thermalizing iterations... 
Done.
Thermalized Magnetisation = (0.026903,-0.079817), Energy = -0.756850 
Averaging iterations... h=0.000000,0.000000
Done.
Final: Magnetisation = (0.038008,-0.030362), Energy = -0.746091 
<M> = (0.008317,0.000274), <E> = -0.730384 

T=1.700000	 Thermalizing iterations... 
Done.
Thermalized Magnetisation = (0.036487,0.012850), Energy = -0.742984 
Averaging iterations... h=0.000000,0.000000
Done.
Final: Magnetisation = (0.010310,0.036230), Energy = -0.754017 
<M> = (0.008866,0.000558), <E> = -0.735767 

T=1.690000	 Thermalizing iterations... 
Done.
Thermalized Magnetisation = (-0.075410,0.029124), Energy = -0.756109 
Averaging iterations... h=0.000000,0.000000
Done.
Final: Magnetisation = (0.018925,-0.073526), Energy = -0.734676 
<M> = (0.009708,-0.000849), <E> = -0.741192 

T=1.680000	 Thermalizing iterations... 
Done.
Thermalized Magnetisation = (-0.020581,-0.011283), Energy = -0.731220 
Averaging iterations... h=0.000000,0.000000
Done.
Final: Magnetisation = (-0.012774,-0.108725), Energy = -0.744892 
<M> = (0.009215,-0.003690), <E> = -0.747340 

T=1.670000	 Thermalizing iterations... 
Done.
Thermalized Magnetisation = (-0.027414,0.006248), Energy = -0.761096 
Averaging iterations... h=0.000000,0.000000
Done.
Final: Magnetisation = (0.004530,-0.073284), Energy = -0.770548 
<M> = (0.010303,-0.001888), <E> = -0.752563 

T=1.660000	 Thermalizing iterations... 
Done.
Thermalized Magnetisation = (-0.046014,-0.014202), Energy = -0.745325 
Averaging iterations... h=0.000000,0.000000
Done.
Final: Magnetisation = (0.024423,-0.039623), Energy = -0.765377 
<M> = (0.011114,-0.002617), <E> = -0.757987 

T=1.650000	 Thermalizing iterations... 
Done.
Thermalized Magnetisation = (0.008332,-0.023127), Energy = -0.745799 
Averaging iterations... h=0.000000,0.000000
Done.
Final: Magnetisation = (-0.042491,0.058233), Energy = -0.766406 
<M> = (0.010857,0.001395), <E> = -0.762687 

T=1.640000	 Thermalizing iterations... 
Done.
Thermalized Magnetisation = (0.067520,0.074746), Energy = -0.785270 
Averaging iterations... h=0.000000,0.000000
Done.
Final: Magnetisation = (0.058015,-0.040649), Energy = -0.766695 
<M> = (0.010454,0.000683), <E> = -0.767878 

T=1.630000	 Thermalizing iterations... 
Done.
Thermalized Magnetisation = (0.021627,0.027100), Energy = -0.779697 
Averaging iterations... h=0.000000,0.000000
Done.
Final: Magnetisation = (0.036451,0.005518), Energy = -0.727029 
<M> = (0.009961,0.000207), <E> = -0.773064 

T=1.620000	 Thermalizing iterations... 
Done.
Thermalized Magnetisation = (-0.006305,-0.078159), Energy = -0.773666 
Averaging iterations... h=0.000000,0.000000
Done.
Final: Magnetisation = (0.072538,-0.034615), Energy = -0.773246 
<M> = (0.011470,-0.001569), <E> = -0.779684 

T=1.610000	 Thermalizing iterations... 
Done.
Thermalized Magnetisation = (0.040870,0.044491), Energy = -0.781472 
Averaging iterations... h=0.000000,0.000000
Done.
Final: Magnetisation = (0.000301,0.096971), Energy = -0.809219 
<M> = (0.010886,-0.002410), <E> = -0.785917 

T=1.600000	 Thermalizing iterations... 
Done.
Thermalized Magnetisation = (0.013390,-0.039129), Energy = -0.835459 
Averaging iterations... h=0.000000,0.000000
Done.
Final: Magnetisation = (-0.008466,-0.019985), Energy = -0.769274 
<M> = (0.010447,-0.004714), <E> = -0.792377 

T=1.590000	 Thermalizing iterations... 
Done.
Thermalized Magnetisation = (-0.017541,0.013729), Energy = -0.770173 
Averaging iterations... h=0.000000,0.000000
Done.
Final: Magnetisation = (-0.086235,0.022280), Energy = -0.777194 
<M> = (0.010638,-0.002833), <E> = -0.797908 

T=1.580000	 Thermalizing iterations... 
Done.
Thermalized Magnetisation = (0.007107,0.008255), Energy = -0.773020 
Averaging iterations... h=0.000000,0.000000
Done.
Final: Magnetisation = (0.019787,-0.056839), Energy = -0.856578 
<M> = (0.013849,-0.000243), <E> = -0.803387 

T=1.570000	 Thermalizing iterations... 
Done.
Thermalized Magnetisation = (0.006872,0.038358), Energy = -0.831445 
Averaging iterations... h=0.000000,0.000000
Done.
Final: Magnetisation = (-0.008744,0.026854), Energy = -0.809363 
<M> = (0.013136,-0.000202), <E> = -0.809330 

T=1.560000	 Thermalizing iterations... 
Done.
Thermalized Magnetisation = (0.069298,-0.072450), Energy = -0.843211 
Averaging iterations... h=0.000000,0.000000
Done.
Final: Magnetisation = (-0.000987,-0.008762), Energy = -0.797865 
<M> = (0.011973,0.001614), <E> = -0.814962 

T=1.550000	 Thermalizing iterations... 
Done.
Thermalized Magnetisation = (-0.056338,-0.003145), Energy = -0.790956 
Averaging iterations... h=0.000000,0.000000
Done.
Final: Magnetisation = (0.012868,0.025897), Energy = -0.785844 
<M> = (0.012252,-0.000449), <E> = -0.821859 

T=1.540000	 Thermalizing iterations... 
Done.
Thermalized Magnetisation = (-0.014649,0.082779), Energy = -0.823592 
Averaging iterations... h=0.000000,0.000000
Done.
Final: Magnetisation = (0.004627,-0.088274), Energy = -0.851972 
<M> = (0.013344,-0.001735), <E> = -0.828469 

T=1.530000	 Thermalizing iterations... 
Done.
Thermalized Magnetisation = (0.045985,-0.019180), Energy = -0.877134 
Averaging iterations... h=0.000000,0.000000
Done.
Final: Magnetisation = (0.017167,0.040748), Energy = -0.819610 
<M> = (0.012678,-0.003420), <E> = -0.835927 

T=1.520000	 Thermalizing iterations... 
Done.
Thermalized Magnetisation = (0.038954,0.073710), Energy = -0.838046 
Averaging iterations... h=0.000000,0.000000
Done.
Final: Magnetisation = (-0.014347,-0.017741), Energy = -0.837238 
<M> = (0.012573,-0.003014), <E> = -0.842626 

T=1.510000	 Thermalizing iterations... 
Done.
Thermalized Magnetisation = (-0.011278,0.014412), Energy = -0.880959 
Averaging iterations... h=0.000000,0.000000
Done.
Final: Magnetisation = (-0.002051,-0.001354), Energy = -0.832361 
<M> = (0.016350,-0.001291), <E> = -0.849042 

T=1.500000	 Thermalizing iterations... 
Done.
Thermalized Magnetisation = (0.072168,-0.086131), Energy = -0.864982 
Averaging iterations... h=0.000000,0.000000
Done.
Final: Magnetisation = (-0.009178,-0.061256), Energy = -0.834154 
<M> = (0.016073,0.003000), <E> = -0.855031 

T=1.490000	 Thermalizing iterations... 
Done.
Thermalized Magnetisation = (0.038848,0.022111), Energy = -0.845537 
Averaging iterations... h=0.000000,0.000000
Done.
Final: Magnetisation = (0.004668,0.103096), Energy = -0.860789 
<M> = (0.014175,0.001602), <E> = -0.861366 

T=1.480000	 Thermalizing iterations... 
Done.
Thermalized Magnetisation = (0.041518,-0.032481), Energy = -0.836830 
Averaging iterations... h=0.000000,0.000000
Done.
Final: Magnetisation = (0.031786,-0.020159), Energy = -0.850095 
<M> = (0.012728,0.002118), <E> = -0.869103 

T=1.470000	 Thermalizing iterations... 
Done.
Thermalized Magnetisation = (0.068406,-0.038293), Energy = -0.898901 
Averaging iterations... h=0.000000,0.000000
Done.
Final: Magnetisation = (0.047493,-0.039417), Energy = -0.887104 
<M> = (0.015817,-0.000370), <E> = -0.876683 

T=1.460000	 Thermalizing iterations... 
Done.
Thermalized Magnetisation = (0.037310,0.105753), Energy = -0.872389 
Averaging iterations... h=0.000000,0.000000
Done.
Final: Magnetisation = (0.042104,-0.007013), Energy = -0.859750 
<M> = (0.015394,-0.002766), <E> = -0.884110 

T=1.450000	 Thermalizing iterations... 
Done.
Thermalized Magnetisation = (0.060041,0.028201), Energy = -0.909266 
Averaging iterations... h=0.000000,0.000000
Done.
Final: Magnetisation = (-0.016938,-0.017770), Energy = -0.886992 
<M> = (0.015943,-0.005996), <E> = -0.892251 

T=1.440000	 Thermalizing iterations... 
Done.
Thermalized Magnetisation = (0.040437,-0.086870), Energy = -0.890193 
Averaging iterations... h=0.000000,0.000000
Done.
Final: Magnetisation = (0.042447,-0.045395), Energy = -0.916447 
<M> = (0.017838,-0.004897), <E> = -0.900236 

T=1.430000	 Thermalizing iterations... 
Done.
Thermalized Magnetisation = (-0.005346,-0.063760), Energy = -0.946492 
Averaging iterations... h=0.000000,0.000000
Done.
Final: Magnetisation = (-0.013862,-0.007908), Energy = -0.924300 
<M> = (0.019734,0.000063), <E> = -0.905689 

T=1.420000	 Thermalizing iterations... 
Done.
Thermalized Magnetisation = (0.127790,0.037203), Energy = -0.923052 
Averaging iterations... h=0.000000,0.000000
Done.
Final: Magnetisation = (0.003834,-0.054351), Energy = -0.888953 
<M> = (0.017882,0.001482), <E> = -0.913468 

T=1.410000	 Thermalizing iterations... 
Done.
Thermalized Magnetisation = (0.014131,-0.000917), Energy = -0.930855 
Averaging iterations... h=0.000000,0.000000
Done.
Final: Magnetisation = (-0.013926,0.024304), Energy = -0.940302 
<M> = (0.016267,0.005762), <E> = -0.921356 

T=1.400000	 Thermalizing iterations... 
Done.
Thermalized Magnetisation = (0.025079,-0.020149), Energy = -0.916473 
Averaging iterations... h=0.000000,0.000000
Done.
Final: Magnetisation = (0.026611,0.110076), Energy = -0.889090 
<M> = (0.018250,-0.000445), <E> = -0.930241 

T=1.390000	 Thermalizing iterations... 
Done.
Thermalized Magnetisation = (-0.011357,-0.034587), Energy = -0.956876 
Averaging iterations... h=0.000000,0.000000
Done.
Final: Magnetisation = (0.035189,0.003639), Energy = -0.957293 
<M> = (0.019217,-0.003540), <E> = -0.938951 

T=1.380000	 Thermalizing iterations... 
Done.
Thermalized Magnetisation = (0.008362,-0.058300), Energy = -0.936924 
Averaging iterations... h=0.000000,0.000000
Done.
Final: Magnetisation = (0.022268,-0.036219), Energy = -0.916189 
<M> = (0.019484,-0.010395), <E> = -0.947900 

T=1.370000	 Thermalizing iterations... 
Done.
Thermalized Magnetisation = (-0.054939,-0.055051), Energy = -0.940451 
Averaging iterations... h=0.000000,0.000000
Done.
Final: Magnetisation = (-0.024995,-0.029317), Energy = -0.909789 
<M> = (0.019600,-0.007318), <E> = -0.956232 

T=1.360000	 Thermalizing iterations... 
Done.
Thermalized Magnetisation = (0.006002,0.018374), Energy = -0.987983 
Averaging iterations... h=0.000000,0.000000
Done.
Final: Magnetisation = (0.074841,0.060959), Energy = -1.002473 
<M> = (0.022004,-0.005317), <E> = -0.963837 

T=1.350000	 Thermalizing iterations... 
Done.
Thermalized Magnetisation = (0.058603,0.083933), Energy = -0.964914 
Averaging iterations... h=0.000000,0.000000
Done.
Final: Magnetisation = (-0.001599,0.070060), Energy = -0.965887 
<M> = (0.022655,0.004689), <E> = -0.971226 

T=1.340000	 Thermalizing iterations... 
Done.
Thermalized Magnetisation = (0.122280,0.039108), Energy = -1.019916 
Averaging iterations... h=0.000000,0.000000
Done.
Final: Magnetisation = (0.048880,-0.029439), Energy = -1.004176 
<M> = (0.018969,0.003142), <E> = -0.980001 

T=1.330000	 Thermalizing iterations... 
Done.
Thermalized Magnetisation = (0.080828,0.016914), Energy = -1.007284 
Averaging iterations... h=0.000000,0.000000
Done.
Final: Magnetisation = (0.034204,-0.032905), Energy = -1.015033 
<M> = (0.018036,-0.000252), <E> = -0.989545 

T=1.320000	 Thermalizing iterations... 
Done.
Thermalized Magnetisation = (0.023957,-0.025175), Energy = -0.999335 
Averaging iterations... h=0.000000,0.000000
Done.
Final: Magnetisation = (-0.009164,-0.044659), Energy = -0.960666 
<M> = (0.021954,-0.002165), <E> = -0.999475 

T=1.310000	 Thermalizing iterations... 
Done.
Thermalized Magnetisation = (0.064596,0.022903), Energy = -1.046468 
Averaging iterations... h=0.000000,0.000000
Done.
Final: Magnetisation = (-0.039497,0.077816), Energy = -1.030391 
<M> = (0.024745,-0.007039), <E> = -1.009608 

T=1.300000	 Thermalizing iterations... 
Done.
Thermalized Magnetisation = (0.018201,-0.019270), Energy = -1.008888 
Averaging iterations... h=0.000000,0.000000
Done.
Final: Magnetisation = (0.050645,0.009169), Energy = -1.054691 
<M> = (0.023398,-0.008875), <E> = -1.018430 

T=1.290000	 Thermalizing iterations... 
Done.
Thermalized Magnetisation = (-0.016299,-0.054900), Energy = -1.025331 
Averaging iterations... h=0.000000,0.000000
Done.
Final: Magnetisation = (0.035140,-0.000320), Energy = -1.021301 
<M> = (0.027334,-0.006963), <E> = -1.028941 

T=1.280000	 Thermalizing iterations... 
Done.
Thermalized Magnetisation = (0.016146,0.010545), Energy = -1.044405 
Averaging iterations... h=0.000000,0.000000
Done.
Final: Magnetisation = (0.037903,0.022048), Energy = -1.054672 
<M> = (0.026216,-0.000673), <E> = -1.036068 

T=1.270000	 Thermalizing iterations... 
Done.
Thermalized Magnetisation = (0.006964,-0.012341), Energy = -1.036112 
Averaging iterations... h=0.000000,0.000000
Done.
Final: Magnetisation = (-0.020151,-0.007044), Energy = -1.035539 
<M> = (0.026038,0.002919), <E> = -1.045550 

T=1.260000	 Thermalizing iterations... 
Done.
Thermalized Magnetisation = (-0.024799,0.010857), Energy = -1.041994 
Averaging iterations... h=0.000000,0.000000
Done.
Final: Magnetisation = (0.008036,0.029294), Energy = -1.080406 
<M> = (0.025154,0.006430), <E> = -1.055630 

T=1.250000	 Thermalizing iterations... 
Done.
Thermalized Magnetisation = (0.025038,-0.037161), Energy = -1.097782 
Averaging iterations... h=0.000000,0.000000
Done.
Final: Magnetisation = (-0.028910,0.023952), Energy = -1.046562 
<M> = (0.028319,-0.007634), <E> = -1.066490 

T=1.240000	 Thermalizing iterations... 
Done.
Thermalized Magnetisation = (0.059608,-0.012321), Energy = -1.114795 
Averaging iterations... h=0.000000,0.000000
Done.
Final: Magnetisation = (-0.055674,-0.075745), Energy = -1.032284 
<M> = (0.027656,-0.003086), <E> = -1.077460 

T=1.230000	 Thermalizing iterations... 
Done.
Thermalized Magnetisation = (0.007976,0.098551), Energy = -1.089741 
Averaging iterations... h=0.000000,0.000000
Done.
Final: Magnetisation = (0.039173,-0.100796), Energy = -1.033548 
<M> = (0.028248,-0.016554), <E> = -1.088506 

T=1.220000	 Thermalizing iterations... 
Done.
Thermalized Magnetisation = (0.055877,-0.040155), Energy = -1.074868 
Averaging iterations... h=0.000000,0.000000
Done.
Final: Magnetisation = (0.033217,-0.061342), Energy = -1.120862 
<M> = (0.027196,-0.012685), <E> = -1.097555 

T=1.210000	 Thermalizing iterations... 
Done.
Thermalized Magnetisation = (0.026713,0.055208), Energy = -1.065120 
Averaging iterations... h=0.000000,0.000000
Done.
Final: Magnetisation = (0.013784,-0.045461), Energy = -1.156084 
<M> = (0.034196,-0.005545), <E> = -1.107220 

T=1.200000	 Thermalizing iterations... 
Done.
Thermalized Magnetisation = (0.136742,-0.029400), Energy = -1.102449 
Averaging iterations... h=0.000000,0.000000
Done.
Final: Magnetisation = (0.055970,0.075070), Energy = -1.142570 
<M> = (0.032473,0.008374), <E> = -1.117974 

T=1.190000	 Thermalizing iterations... 
Done.
Thermalized Magnetisation = (0.044376,0.011734), Energy = -1.097421 
Averaging iterations... h=0.000000,0.000000
Done.
Final: Magnetisation = (0.019128,-0.062446), Energy = -1.134107 
<M> = (0.030590,0.012356), <E> = -1.127871 

T=1.180000	 Thermalizing iterations... 
Done.
Thermalized Magnetisation = (0.006259,0.004612), Energy = -1.127235 
Averaging iterations... h=0.000000,0.000000
Done.
Final: Magnetisation = (0.018028,-0.046232), Energy = -1.120529 
<M> = (0.033731,0.005579), <E> = -1.140123 

T=1.170000	 Thermalizing iterations... 
Done.
Thermalized Magnetisation = (-0.036071,0.111279), Energy = -1.170349 
Averaging iterations... h=0.000000,0.000000
Done.
Final: Magnetisation = (-0.002900,0.190369), Energy = -1.156603 
<M> = (0.034590,0.007741), <E> = -1.152919 

T=1.160000	 Thermalizing iterations... 
Done.
Thermalized Magnetisation = (0.140354,-0.171645), Energy = -1.184432 
Averaging iterations... h=0.000000,0.000000
Done.
Final: Magnetisation = (0.011588,-0.107693), Energy = -1.169465 
<M> = (0.037017,-0.015711), <E> = -1.163951 

T=1.150000	 Thermalizing iterations... 
Done.
Thermalized Magnetisation = (0.010772,-0.120634), Energy = -1.203607 
Averaging iterations... h=0.000000,0.000000
Done.
Final: Magnetisation = (0.061297,0.036680), Energy = -1.175214 
<M> = (0.039785,-0.028123), <E> = -1.175606 

T=1.140000	 Thermalizing iterations... 
Done.
Thermalized Magnetisation = (-0.003536,-0.044479), Energy = -1.179471 
Averaging iterations... h=0.000000,0.000000
Done.
Final: Magnetisation = (0.102345,-0.079280), Energy = -1.166595 
<M> = (0.041318,-0.010990), <E> = -1.186749 

T=1.130000	 Thermalizing iterations... 
Done.
Thermalized Magnetisation = (-0.057136,0.119573), Energy = -1.188780 
Averaging iterations... h=0.000000,0.000000
Done.
Final: Magnetisation = (0.024537,0.051031), Energy = -1.201079 
<M> = (0.044555,-0.000285), <E> = -1.196518 

T=1.120000	 Thermalizing iterations... 
Done.
Thermalized Magnetisation = (0.060117,0.074452), Energy = -1.209045 
Averaging iterations... h=0.000000,0.000000
Done.
Final: Magnetisation = (-0.001167,-0.185486), Energy = -1.207129 
<M> = (0.040422,0.001475), <E> = -1.208043 

T=1.110000	 Thermalizing iterations... 
Done.
Thermalized Magnetisation = (0.006457,-0.045375), Energy = -1.195597 
Averaging iterations... h=0.000000,0.000000
Done.
Final: Magnetisation = (0.051396,0.102988), Energy = -1.239040 
<M> = (0.041408,0.016569), <E> = -1.219867 

T=1.100000	 Thermalizing iterations... 
Done.
Thermalized Magnetisation = (0.011998,-0.226379), Energy = -1.262032 
Averaging iterations... h=0.000000,0.000000
Done.
Final: Magnetisation = (-0.019042,-0.092128), Energy = -1.222700 
<M> = (0.040523,0.009086), <E> = -1.232720 

T=1.090000	 Thermalizing iterations... 
Done.
Thermalized Magnetisation = (0.047412,-0.014380), Energy = -1.266370 
Averaging iterations... h=0.000000,0.000000
Done.
Final: Magnetisation = (-0.067442,-0.051703), Energy = -1.252083 
<M> = (0.046217,-0.018403), <E> = -1.245497 

T=1.080000	 Thermalizing iterations... 
Done.
Thermalized Magnetisation = (0.013040,-0.056697), Energy = -1.248178 
Averaging iterations... h=0.000000,0.000000
Done.
Final: Magnetisation = (0.042104,-0.011966), Energy = -1.251196 
<M> = (0.042568,-0.052471), <E> = -1.257369 

T=1.070000	 Thermalizing iterations... 
Done.
Thermalized Magnetisation = (0.069359,0.031635), Energy = -1.283651 
Averaging iterations... h=0.000000,0.000000
Done.
Final: Magnetisation = (0.008667,0.097445), Energy = -1.262550 
<M> = (0.049266,-0.032898), <E> = -1.271128 

T=1.060000	 Thermalizing iterations... 
Done.
Thermalized Magnetisation = (0.053939,0.097597), Energy = -1.278041 
Averaging iterations... h=0.000000,0.000000
Done.
Final: Magnetisation = (0.091256,-0.279829), Energy = -1.306871 
<M> = (0.051028,-0.015427), <E> = -1.282759 

T=1.050000	 Thermalizing iterations... 
Done.
Thermalized Magnetisation = (0.059506,-0.079876), Energy = -1.319537 
Averaging iterations... h=0.000000,0.000000
Done.
Final: Magnetisation = (-0.011152,0.080337), Energy = -1.281654 
<M> = (0.049191,-0.017493), <E> = -1.293744 

T=1.040000	 Thermalizing iterations... 
Done.
Thermalized Magnetisation = (-0.012803,0.049108), Energy = -1.284245 
Averaging iterations... h=0.000000,0.000000
Done.
Final: Magnetisation = (0.036253,-0.147037), Energy = -1.306492 
<M> = (0.047209,0.002257), <E> = -1.304642 

T=1.030000	 Thermalizing iterations... 
Done.
Thermalized Magnetisation = (-0.006278,-0.168923), Energy = -1.302116 
Averaging iterations... h=0.000000,0.000000
Done.
Final: Magnetisation = (0.020113,0.173313), Energy = -1.345258 
<M> = (0.053487,0.016901), <E> = -1.317037 

T=1.020000	 Thermalizing iterations... 
Done.
Thermalized Magnetisation = (0.082119,-0.026063), Energy = -1.306880 
Averaging iterations... h=0.000000,0.000000
Done.
Final: Magnetisation = (0.003313,0.172596), Energy = -1.342487 
<M> = (0.054085,-0.050334), <E> = -1.329996 

T=1.010000	 Thermalizing iterations... 
Done.
Thermalized Magnetisation = (-0.016344,-0.062728), Energy = -1.335937 
Averaging iterations... h=0.000000,0.000000
Done.
Final: Magnetisation = (0.076215,-0.246015), Energy = -1.340712 
<M> = (0.050816,-0.221299), <E> = -1.348653 

T=1.000000	 Thermalizing iterations... 
Done.
Thermalized Magnetisation = (0.066886,-0.214508), Energy = -1.382816 
Averaging iterations... h=0.000000,0.000000
Done.
Final: Magnetisation = (0.142885,-0.170828), Energy = -1.370725 
<M> = (0.058314,-0.103294), <E> = -1.360071 

T=0.990000	 Thermalizing iterations... 
Done.
Thermalized Magnetisation = (0.002515,-0.195564), Energy = -1.383497 
Averaging iterations... h=0.000000,0.000000
Done.
Final: Magnetisation = (0.053839,-0.285879), Energy = -1.379671 
<M> = (0.071234,-0.218100), <E> = -1.372983 

T=0.980000	 Thermalizing iterations... 
Done.
Thermalized Magnetisation = (0.083372,0.081806), Energy = -1.376124 
Averaging iterations... h=0.000000,0.000000
Done.
Final: Magnetisation = (0.095529,-0.117720), Energy = -1.394502 
<M> = (0.061862,-0.231114), <E> = -1.383988 

T=0.970000	 Thermalizing iterations... 
Done.
Thermalized Magnetisation = (0.061597,-0.270469), Energy = -1.356007 
Averaging iterations... h=0.000000,0.000000
Done.
Final: Magnetisation = (0.039134,0.093433), Energy = -1.408298 
<M> = (0.062457,-0.040843), <E> = -1.393593 

T=0.960000	 Thermalizing iterations... 
Done.
Thermalized Magnetisation = (0.023838,-0.443656), Energy = -1.435717 
Averaging iterations... h=0.000000,0.000000
Done.
Final: Magnetisation = (0.070981,-0.174414), Energy = -1.384172 
<M> = (0.057720,-0.356857), <E> = -1.411567 

T=0.950000	 Thermalizing iterations... 
Done.
Thermalized Magnetisation = (0.012473,-0.448630), Energy = -1.427746 
Averaging iterations... h=0.000000,0.000000
Done.
Final: Magnetisation = (0.081800,-0.394203), Energy = -1.425094 
<M> = (0.061560,-0.365873), <E> = -1.424994 

T=0.940000	 Thermalizing iterations... 
Done.
Thermalized Magnetisation = (0.082788,-0.409332), Energy = -1.437457 
Averaging iterations... h=0.000000,0.000000
Done.
Final: Magnetisation = (0.034660,-0.370786), Energy = -1.425121 
<M> = (0.058605,-0.455179), <E> = -1.442837 

T=0.930000	 Thermalizing iterations... 
Done.
Thermalized Magnetisation = (0.086131,-0.396117), Energy = -1.439635 
Averaging iterations... h=0.000000,0.000000
Done.
Final: Magnetisation = (0.035897,-0.519443), Energy = -1.447817 
<M> = (0.054360,-0.524080), <E> = -1.457023 

T=0.920000	 Thermalizing iterations... 
Done.
Thermalized Magnetisation = (0.135079,-0.261896), Energy = -1.484812 
Averaging iterations... h=0.000000,0.000000
Done.
Final: Magnetisation = (0.096866,-0.522938), Energy = -1.467369 
<M> = (0.074656,-0.438731), <E> = -1.463212 

T=0.910000	 Thermalizing iterations... 
Done.
Thermalized Magnetisation = (0.057778,-0.517614), Energy = -1.477159 
Averaging iterations... h=0.000000,0.000000
Done.
Final: Magnetisation = (0.017547,-0.499699), Energy = -1.466811 
<M> = (0.066485,-0.534097), <E> = -1.476615 

T=0.900000	 Thermalizing iterations... 
Done.
Thermalized Magnetisation = (0.057844,-0.559805), Energy = -1.490590 
Averaging iterations... h=0.000000,0.000000
Done.
Final: Magnetisation = (0.144006,-0.525032), Energy = -1.486016 
<M> = (0.073027,-0.541823), <E> = -1.487082 

T=0.890000	 Thermalizing iterations... 
Done.
Thermalized Magnetisation = (0.047361,-0.525313), Energy = -1.487892 
Averaging iterations... h=0.000000,0.000000
Done.
Final: Magnetisation = (0.084317,-0.566369), Energy = -1.490165 
<M> = (0.052185,-0.560828), <E> = -1.497437 

T=0.880000	 Thermalizing iterations... 
Done.
Thermalized Magnetisation = (0.052453,-0.633794), Energy = -1.520389 
Averaging iterations... h=0.000000,0.000000
Done.
Final: Magnetisation = (0.133843,-0.600331), Energy = -1.521439 
<M> = (0.065031,-0.584489), <E> = -1.509862 

T=0.870000	 Thermalizing iterations... 
Done.
Thermalized Magnetisation = (0.082978,-0.625393), Energy = -1.538376 
Averaging iterations... h=0.000000,0.000000
Done.
Final: Magnetisation = (0.051917,-0.591254), Energy = -1.535115 
<M> = (0.052807,-0.596084), <E> = -1.519746 

T=0.860000	 Thermalizing iterations... 
Done.
Thermalized Magnetisation = (0.074933,-0.639901), Energy = -1.542708 
Averaging iterations... h=0.000000,0.000000
Done.
Final: Magnetisation = (0.098885,-0.605218), Energy = -1.530312 
<M> = (0.045492,-0.608651), <E> = -1.530223 

T=0.850000	 Thermalizing iterations... 
Done.
Thermalized Magnetisation = (-0.022487,-0.620119), Energy = -1.535930 
Averaging iterations... h=0.000000,0.000000
Done.
Final: Magnetisation = (0.078487,-0.630709), Energy = -1.536083 
<M> = (0.058131,-0.614727), <E> = -1.539448 

T=0.840000	 Thermalizing iterations... 
Done.
Thermalized Magnetisation = (0.062484,-0.661962), Energy = -1.565237 
Averaging iterations... h=0.000000,0.000000
Done.
Final: Magnetisation = (0.087658,-0.653714), Energy = -1.569348 
<M> = (0.063131,-0.624502), <E> = -1.548253 

T=0.830000	 Thermalizing iterations... 
Done.
Thermalized Magnetisation = (0.067270,-0.625908), Energy = -1.552825 
Averaging iterations... h=0.000000,0.000000
Done.
Final: Magnetisation = (0.063079,-0.612509), Energy = -1.549456 
<M> = (0.066105,-0.623946), <E> = -1.556195 

T=0.820000	 Thermalizing iterations... 
Done.
Thermalized Magnetisation = (0.038420,-0.632115), Energy = -1.553768 
Averaging iterations... h=0.000000,0.000000
Done.
Final: Magnetisation = (0.085923,-0.630546), Energy = -1.546259 
<M> = (0.062418,-0.632109), <E> = -1.564727 

T=0.810000	 Thermalizing iterations... 
Done.
Thermalized Magnetisation = (0.078147,-0.665412), Energy = -1.554123 
Averaging iterations... h=0.000000,0.000000
Done.
Final: Magnetisation = (0.003548,-0.629859), Energy = -1.553536 
<M> = (0.062220,-0.642096), <E> = -1.573662 

T=0.800000	 Thermalizing iterations... 
Done.
Thermalized Magnetisation = (0.053772,-0.676566), Energy = -1.583834 
Averaging iterations... h=0.000000,0.000000
Done.
Final: Magnetisation = (0.063392,-0.628092), Energy = -1.569068 
<M> = (0.061744,-0.639208), <E> = -1.581502 

T=0.790000	 Thermalizing iterations... 
Done.
Thermalized Magnetisation = (-0.021228,-0.670791), Energy = -1.594340 
Averaging iterations... h=0.000000,0.000000
Done.
Final: Magnetisation = (0.026703,-0.635449), Energy = -1.613510 
<M> = (0.059780,-0.650557), <E> = -1.590747 

T=0.780000	 Thermalizing iterations... 
Done.
Thermalized Magnetisation = (0.092334,-0.633237), Energy = -1.587515 
Averaging iterations... h=0.000000,0.000000
Done.
Final: Magnetisation = (0.062450,-0.671300), Energy = -1.598499 
<M> = (0.056764,-0.660959), <E> = -1.599020 

T=0.770000	 Thermalizing iterations... 
Done.
Thermalized Magnetisation = (0.077020,-0.665342), Energy = -1.599655 
Averaging iterations... h=0.000000,0.000000
Done.
Final: Magnetisation = (0.007731,-0.633278), Energy = -1.586696 
<M> = (0.065542,-0.663979), <E> = -1.606552 

T=0.760000	 Thermalizing iterations... 
Done.
Thermalized Magnetisation = (0.019699,-0.676108), Energy = -1.598520 
Averaging iterations... h=0.000000,0.000000
Done.
Final: Magnetisation = (0.120328,-0.691884), Energy = -1.629221 
<M> = (0.057959,-0.669479), <E> = -1.614120 

T=0.750000	 Thermalizing iterations... 
Done.
Thermalized Magnetisation = (0.077321,-0.644416), Energy = -1.615772 
Averaging iterations... h=0.000000,0.000000
Done.
Final: Magnetisation = (0.023229,-0.691153), Energy = -1.627892 
<M> = (0.063705,-0.667864), <E> = -1.621073 

T=0.740000	 Thermalizing iterations... 
Done.
Thermalized Magnetisation = (0.081153,-0.700657), Energy = -1.648163 
Averaging iterations... h=0.000000,0.000000
Done.
Final: Magnetisation = (0.042327,-0.665524), Energy = -1.629986 
<M> = (0.063874,-0.673935), <E> = -1.628457 

T=0.730000	 Thermalizing iterations... 
Done.
Thermalized Magnetisation = (0.081527,-0.668351), Energy = -1.635864 
Averaging iterations... h=0.000000,0.000000
Done.
Final: Magnetisation = (0.060301,-0.679588), Energy = -1.625146 
<M> = (0.058625,-0.682856), <E> = -1.636724 

T=0.720000	 Thermalizing iterations... 
Done.
Thermalized Magnetisation = (0.113358,-0.663608), Energy = -1.619304 
Averaging iterations... h=0.000000,0.000000
Done.
Final: Magnetisation = (0.055807,-0.691309), Energy = -1.643020 
<M> = (0.061799,-0.685819), <E> = -1.644296 

T=0.710000	 Thermalizing iterations... 
Done.
Thermalized Magnetisation = (0.045813,-0.691607), Energy = -1.659943 
Averaging iterations... h=0.000000,0.000000
Done.
Final: Magnetisation = (0.024007,-0.707314), Energy = -1.667328 
<M> = (0.051484,-0.690834), <E> = -1.651876 

T=0.700000	 Thermalizing iterations... 
Done.
Thermalized Magnetisation = (0.034522,-0.713151), Energy = -1.655441 
Averaging iterations... h=0.000000,0.000000
Done.
Final: Magnetisation = (0.018338,-0.696443), Energy = -1.665847 
<M> = (0.054883,-0.700076), <E> = -1.659232 

T=0.690000	 Thermalizing iterations... 
Done.
Thermalized Magnetisation = (0.035175,-0.703684), Energy = -1.661854 
Averaging iterations... h=0.000000,0.000000
Done.
Final: Magnetisation = (0.022178,-0.726679), Energy = -1.663918 
<M> = (0.066495,-0.698876), <E> = -1.665904 

T=0.680000	 Thermalizing iterations... 
Done.
Thermalized Magnetisation = (-0.014353,-0.678008), Energy = -1.656817 
Averaging iterations... h=0.000000,0.000000
Done.
Final: Magnetisation = (0.036948,-0.697477), Energy = -1.679525 
<M> = (0.064162,-0.698919), <E> = -1.671936 

T=0.670000	 Thermalizing iterations... 
Done.
Thermalized Magnetisation = (0.066489,-0.696570), Energy = -1.674225 
Averaging iterations... h=0.000000,0.000000
Done.
Final: Magnetisation = (0.137624,-0.698957), Energy = -1.689168 
<M> = (0.070598,-0.703019), <E> = -1.679112 

T=0.660000	 Thermalizing iterations... 
Done.
Thermalized Magnetisation = (0.040458,-0.709437), Energy = -1.675683 
Averaging iterations... h=0.000000,0.000000
Done.
Final: Magnetisation = (0.022396,-0.701847), Energy = -1.696339 
<M> = (0.067118,-0.707255), <E> = -1.685954 

T=0.650000	 Thermalizing iterations... 
Done.
Thermalized Magnetisation = (0.001007,-0.731842), Energy = -1.689495 
Averaging iterations... h=0.000000,0.000000
Done.
Final: Magnetisation = (0.019821,-0.736278), Energy = -1.678530 
<M> = (0.061195,-0.711301), <E> = -1.692849 

T=0.640000	 Thermalizing iterations... 
Done.
Thermalized Magnetisation = (0.029432,-0.744469), Energy = -1.711947 
Averaging iterations... h=0.000000,0.000000
Done.
Final: Magnetisation = (0.103152,-0.720826), Energy = -1.705203 
<M> = (0.057320,-0.722042), <E> = -1.700385 

T=0.630000	 Thermalizing iterations... 
Done.
Thermalized Magnetisation = (0.051342,-0.730183), Energy = -1.710712 
Averaging iterations... h=0.000000,0.000000
Done.
Final: Magnetisation = (0.000656,-0.717355), Energy = -1.703464 
<M> = (0.056042,-0.723724), <E> = -1.706948 

T=0.620000	 Thermalizing iterations... 
Done.
Thermalized Magnetisation = (0.053041,-0.734547), Energy = -1.718413 
Averaging iterations... h=0.000000,0.000000
Done.
Final: Magnetisation = (0.121661,-0.728657), Energy = -1.715238 
<M> = (0.068637,-0.725990), <E> = -1.713481 

T=0.610000	 Thermalizing iterations... 
Done.
Thermalized Magnetisation = (0.054978,-0.741113), Energy = -1.719876 
Averaging iterations... h=0.000000,0.000000
Done.
Final: Magnetisation = (0.060711,-0.712001), Energy = -1.716766 
<M> = (0.064958,-0.727294), <E> = -1.719327 

T=0.600000	 Thermalizing iterations... 
Done.
Thermalized Magnetisation = (0.047636,-0.715758), Energy = -1.723478 
Averaging iterations... h=0.000000,0.000000
Done.
Final: Magnetisation = (0.088093,-0.728055), Energy = -1.726923 
<M> = (0.060452,-0.727163), <E> = -1.725550 

T=0.590000	 Thermalizing iterations... 
Done.
Thermalized Magnetisation = (0.059427,-0.729150), Energy = -1.730035 
Averaging iterations... h=0.000000,0.000000
Done.
Final: Magnetisation = (0.059104,-0.757245), Energy = -1.732313 
<M> = (0.068414,-0.732345), <E> = -1.731922 

T=0.580000	 Thermalizing iterations... 
Done.
Thermalized Magnetisation = (0.104866,-0.715330), Energy = -1.745148 
Averaging iterations... h=0.000000,0.000000
Done.
Final: Magnetisation = (0.061236,-0.739892), Energy = -1.749437 
<M> = (0.058989,-0.736995), <E> = -1.738363 

T=0.570000	 Thermalizing iterations... 
Done.
Thermalized Magnetisation = (0.041884,-0.747466), Energy = -1.749492 
Averaging iterations... h=0.000000,0.000000
Done.
Final: Magnetisation = (0.131560,-0.720488), Energy = -1.746762 
<M> = (0.055874,-0.743492), <E> = -1.745178 

T=0.560000	 Thermalizing iterations... 
Done.
Thermalized Magnetisation = (0.064103,-0.742769), Energy = -1.754605 
Averaging iterations... h=0.000000,0.000000
Done.
Final: Magnetisation = (0.102256,-0.737584), Energy = -1.749905 
<M> = (0.053789,-0.746964), <E> = -1.751846 

T=0.550000	 Thermalizing iterations... 
Done.
Thermalized Magnetisation = (0.069597,-0.741144), Energy = -1.764158 
Averaging iterations... h=0.000000,0.000000
Done.
Final: Magnetisation = (0.065799,-0.726934), Energy = -1.758300 
<M> = (0.055955,-0.751283), <E> = -1.757737 

T=0.540000	 Thermalizing iterations... 
Done.
Thermalized Magnetisation = (0.048825,-0.734525), Energy = -1.757502 
Averaging iterations... h=0.000000,0.000000
Done.
Final: Magnetisation = (0.053513,-0.745375), Energy = -1.760179 
<M> = (0.063999,-0.752279), <E> = -1.763684 

T=0.530000	 Thermalizing iterations... 
Done.
Thermalized Magnetisation = (0.092365,-0.753235), Energy = -1.772022 
Averaging iterations... h=0.000000,0.000000
Done.
Final: Magnetisation = (0.087358,-0.768952), Energy = -1.776174 
<M> = (0.065718,-0.751294), <E> = -1.769620 

T=0.520000	 Thermalizing iterations... 
Done.
Thermalized Magnetisation = (0.025182,-0.756946), Energy = -1.779665 
Averaging iterations... h=0.000000,0.000000
Done.
Final: Magnetisation = (0.018146,-0.763251), Energy = -1.772302 
<M> = (0.060796,-0.756805), <E> = -1.775525 

T=0.510000	 Thermalizing iterations... 
Done.
Thermalized Magnetisation = (0.065170,-0.760481), Energy = -1.780843 
Averaging iterations... h=0.000000,0.000000
Done.
Final: Magnetisation = (0.088864,-0.755586), Energy = -1.782618 
<M> = (0.059169,-0.762700), <E> = -1.781831 

T=0.500000	 Thermalizing iterations... 
Done.
Thermalized Magnetisation = (0.067652,-0.780264), Energy = -1.791766 
Averaging iterations... h=0.000000,0.000000
Done.
Final: Magnetisation = (0.003524,-0.759006), Energy = -1.787718 
<M> = (0.057395,-0.764773), <E> = -1.788051 

T=0.490000	 Thermalizing iterations... 
Done.
Thermalized Magnetisation = (0.024748,-0.782102), Energy = -1.791807 
Averaging iterations... h=0.000000,0.000000
Done.
Final: Magnetisation = (0.045174,-0.762228), Energy = -1.793340 
<M> = (0.059231,-0.768268), <E> = -1.794230 

T=0.480000	 Thermalizing iterations... 
Done.
Thermalized Magnetisation = (0.068786,-0.754172), Energy = -1.802895 
Averaging iterations... h=0.000000,0.000000
Done.
Final: Magnetisation = (0.033987,-0.738318), Energy = -1.783773 
<M> = (0.062692,-0.773061), <E> = -1.800153 

T=0.470000	 Thermalizing iterations... 
Done.
Thermalized Magnetisation = (0.115709,-0.767865), Energy = -1.812140 
Averaging iterations... h=0.000000,0.000000
Done.
Final: Magnetisation = (0.053923,-0.774231), Energy = -1.813603 
<M> = (0.066162,-0.774483), <E> = -1.805859 

T=0.460000	 Thermalizing iterations... 
Done.
Thermalized Magnetisation = (0.085516,-0.786471), Energy = -1.806073 
Averaging iterations... h=0.000000,0.000000
Done.
Final: Magnetisation = (0.078208,-0.779775), Energy = -1.801331 
<M> = (0.064590,-0.770200), <E> = -1.811371 

T=0.450000	 Thermalizing iterations... 
Done.
Thermalized Magnetisation = (0.070221,-0.780673), Energy = -1.820310 
Averaging iterations... h=0.000000,0.000000
Done.
Final: Magnetisation = (0.103258,-0.772246), Energy = -1.816558 
<M> = (0.060211,-0.780682), <E> = -1.817410 

T=0.440000	 Thermalizing iterations... 
Done.
Thermalized Magnetisation = (0.087317,-0.790568), Energy = -1.822922 
Averaging iterations... h=0.000000,0.000000
Done.
Final: Magnetisation = (0.099358,-0.769288), Energy = -1.823057 
<M> = (0.067303,-0.782155), <E> = -1.823259 

T=0.430000	 Thermalizing iterations... 
Done.
Thermalized Magnetisation = (0.025306,-0.797324), Energy = -1.830849 
Averaging iterations... h=0.000000,0.000000
Done.
Final: Magnetisation = (0.039704,-0.778057), Energy = -1.817191 
<M> = (0.062140,-0.784152), <E> = -1.828946 

T=0.420000	 Thermalizing iterations... 
Done.
Thermalized Magnetisation = (0.086544,-0.792255), Energy = -1.832883 
Averaging iterations... h=0.000000,0.000000
Done.
Final: Magnetisation = (0.073749,-0.779727), Energy = -1.833879 
<M> = (0.055907,-0.791162), <E> = -1.835100 

T=0.410000	 Thermalizing iterations... 
Done.
Thermalized Magnetisation = (0.103593,-0.796720), Energy = -1.841407 
Averaging iterations... h=0.000000,0.000000
Done.
Final: Magnetisation = (0.054448,-0.790644), Energy = -1.838523 
<M> = (0.060214,-0.793718), <E> = -1.841018 

T=0.400000	 Thermalizing iterations... 
Done.
Thermalized Magnetisation = (0.037399,-0.790223), Energy = -1.837848 
Averaging iterations... h=0.000000,0.000000
Done.
Final: Magnetisation = (0.052331,-0.793392), Energy = -1.846100 
<M> = (0.067949,-0.793555), <E> = -1.846434 

T=0.390000	 Thermalizing iterations... 
Done.
Thermalized Magnetisation = (0.031650,-0.787019), Energy = -1.854588 
Averaging iterations... h=0.000000,0.000000
Done.
Final: Magnetisation = (0.088016,-0.804791), Energy = -1.845840 
<M> = (0.062646,-0.795898), <E> = -1.852113 

T=0.380000	 Thermalizing iterations... 
Done.
Thermalized Magnetisation = (0.060100,-0.803188), Energy = -1.852651 
Averaging iterations... h=0.000000,0.000000
Done.
Final: Magnetisation = (0.044207,-0.806390), Energy = -1.858858 
<M> = (0.060483,-0.797244), <E> = -1.857541 

T=0.370000	 Thermalizing iterations... 
Done.
Thermalized Magnetisation = (0.091103,-0.809597), Energy = -1.868653 
Averaging iterations... h=0.000000,0.000000
Done.
Final: Magnetisation = (0.102878,-0.798032), Energy = -1.865321 
<M> = (0.068384,-0.801141), <E> = -1.863156 

T=0.360000	 Thermalizing iterations... 
Done.
Thermalized Magnetisation = (0.042617,-0.813490), Energy = -1.871658 
Averaging iterations... h=0.000000,0.000000
Done.
Final: Magnetisation = (0.066816,-0.808550), Energy = -1.869113 
<M> = (0.062102,-0.805233), <E> = -1.868924 

T=0.350000	 Thermalizing iterations... 
Done.
Thermalized Magnetisation = (0.035163,-0.801556), Energy = -1.871284 
Averaging iterations... h=0.000000,0.000000
Done.
Final: Magnetisation = (0.044851,-0.799292), Energy = -1.871715 
<M> = (0.062448,-0.809549), <E> = -1.874677 

T=0.340000	 Thermalizing iterations... 
Done.
Thermalized Magnetisation = (0.083798,-0.806707), Energy = -1.881361 
Averaging iterations... h=0.000000,0.000000
Done.
Final: Magnetisation = (0.081487,-0.807455), Energy = -1.878825 
<M> = (0.056015,-0.812941), <E> = -1.880509 

T=0.330000	 Thermalizing iterations... 
Done.
Thermalized Magnetisation = (0.026231,-0.815941), Energy = -1.884053 
Averaging iterations... h=0.000000,0.000000
Done.
Final: Magnetisation = (0.070143,-0.813713), Energy = -1.887840 
<M> = (0.057442,-0.815812), <E> = -1.885958 

T=0.320000	 Thermalizing iterations... 
Done.
Thermalized Magnetisation = (0.064023,-0.816761), Energy = -1.890102 
Averaging iterations... h=0.000000,0.000000
Done.
Final: Magnetisation = (0.079137,-0.821882), Energy = -1.895939 
<M> = (0.064445,-0.816539), <E> = -1.891373 

T=0.310000	 Thermalizing iterations... 
Done.
Thermalized Magnetisation = (0.061152,-0.808288), Energy = -1.892404 
Averaging iterations... h=0.000000,0.000000
Done.
Final: Magnetisation = (0.066362,-0.820677), Energy = -1.894565 
<M> = (0.062583,-0.819478), <E> = -1.896799 

T=0.300000	 Thermalizing iterations... 
Done.
Thermalized Magnetisation = (0.051255,-0.817647), Energy = -1.907186 
Averaging iterations... h=0.000000,0.000000
Done.
Final: Magnetisation = (0.086595,-0.812490), Energy = -1.899529 
<M> = (0.058856,-0.822260), <E> = -1.902226 

T=0.290000	 Thermalizing iterations... 
Done.
Thermalized Magnetisation = (0.085504,-0.824896), Energy = -1.906194 
Averaging iterations... h=0.000000,0.000000
Done.
Final: Magnetisation = (0.062054,-0.826145), Energy = -1.906195 
<M> = (0.061072,-0.824416), <E> = -1.907789 

T=0.280000	 Thermalizing iterations... 
Done.
Thermalized Magnetisation = (0.071835,-0.828966), Energy = -1.913702 
Averaging iterations... h=0.000000,0.000000
Done.
Final: Magnetisation = (0.057239,-0.833449), Energy = -1.909178 
<M> = (0.057364,-0.826650), <E> = -1.913175 

T=0.270000	 Thermalizing iterations... 
Done.
Thermalized Magnetisation = (0.034198,-0.852459), Energy = -1.921787 
Averaging iterations... h=0.000000,0.000000
Done.
Final: Magnetisation = (0.096114,-0.829840), Energy = -1.917955 
<M> = (0.064411,-0.829538), <E> = -1.918854 

T=0.260000	 Thermalizing iterations... 
Done.
Thermalized Magnetisation = (0.052346,-0.838524), Energy = -1.925995 
Averaging iterations... h=0.000000,0.000000
Done.
Final: Magnetisation = (0.048618,-0.837251), Energy = -1.926410 
<M> = (0.067300,-0.834270), <E> = -1.924227 

T=0.250000	 Thermalizing iterations... 
Done.
Thermalized Magnetisation = (0.065277,-0.838896), Energy = -1.931295 
Averaging iterations... h=0.000000,0.000000
Done.
Final: Magnetisation = (0.074321,-0.835070), Energy = -1.930752 
<M> = (0.060875,-0.836867), <E> = -1.929563 

T=0.240000	 Thermalizing iterations... 
Done.
Thermalized Magnetisation = (0.043430,-0.828695), Energy = -1.935339 
Averaging iterations... h=0.000000,0.000000
Done.
Final: Magnetisation = (0.078446,-0.840389), Energy = -1.933767 
<M> = (0.069205,-0.837282), <E> = -1.934823 

T=0.230000	 Thermalizing iterations... 
Done.
Thermalized Magnetisation = (0.041486,-0.842202), Energy = -1.939288 
Averaging iterations... h=0.000000,0.000000
Done.
Final: Magnetisation = (0.062137,-0.838640), Energy = -1.938730 
<M> = (0.062533,-0.841100), <E> = -1.940219 

T=0.220000	 Thermalizing iterations... 
Done.
Thermalized Magnetisation = (0.072829,-0.848794), Energy = -1.943798 
Averaging iterations... h=0.000000,0.000000
Done.
Final: Magnetisation = (0.073338,-0.842198), Energy = -1.942122 
<M> = (0.060879,-0.843362), <E> = -1.945405 

T=0.210000	 Thermalizing iterations... 
Done.
Thermalized Magnetisation = (0.056976,-0.844466), Energy = -1.949050 
Averaging iterations... h=0.000000,0.000000
Done.
Final: Magnetisation = (0.065554,-0.850182), Energy = -1.950312 
<M> = (0.058731,-0.845745), <E> = -1.950779 

T=0.200000	 Thermalizing iterations... 
Done.
Thermalized Magnetisation = (0.083506,-0.857637), Energy = -1.957251 
Averaging iterations... h=0.000000,0.000000
Done.
Final: Magnetisation = (0.064585,-0.846446), Energy = -1.953708 
<M> = (0.062338,-0.850394), <E> = -1.956204 

T=0.190000	 Thermalizing iterations... 
Done.
Thermalized Magnetisation = (0.065306,-0.844631), Energy = -1.960756 
Averaging iterations... h=0.000000,0.000000
Done.
Final: Magnetisation = (0.040299,-0.855920), Energy = -1.964144 
<M> = (0.065672,-0.852185), <E> = -1.961492 

T=0.180000	 Thermalizing iterations... 
Done.
Thermalized Magnetisation = (0.060081,-0.846494), Energy = -1.967692 
Averaging iterations... h=0.000000,0.000000
Done.
Final: Magnetisation = (0.050576,-0.856964), Energy = -1.968228 
<M> = (0.066025,-0.852332), <E> = -1.966740 

T=0.170000	 Thermalizing iterations... 
Done.
Thermalized Magnetisation = (0.058492,-0.859352), Energy = -1.968583 
Averaging iterations... h=0.000000,0.000000
Done.
Final: Magnetisation = (0.067809,-0.857289), Energy = -1.970089 
<M> = (0.062175,-0.855567), <E> = -1.971879 

T=0.160000	 Thermalizing iterations... 
Done.
Thermalized Magnetisation = (0.065624,-0.859220), Energy = -1.977710 
Averaging iterations... h=0.000000,0.000000
Done.
Final: Magnetisation = (0.062736,-0.858981), Energy = -1.978560 
<M> = (0.064045,-0.858918), <E> = -1.977085 

T=0.150000	 Thermalizing iterations... 
Done.
Thermalized Magnetisation = (0.084573,-0.858270), Energy = -1.982475 
Averaging iterations... h=0.000000,0.000000
Done.
Final: Magnetisation = (0.078477,-0.864146), Energy = -1.981297 
<M> = (0.064798,-0.861837), <E> = -1.982322 

T=0.140000	 Thermalizing iterations... 
Done.
Thermalized Magnetisation = (0.071358,-0.861597), Energy = -1.987748 
Averaging iterations... h=0.000000,0.000000
Done.
Final: Magnetisation = (0.070303,-0.862566), Energy = -1.986811 
<M> = (0.064691,-0.863831), <E> = -1.987509 

T=0.130000	 Thermalizing iterations... 
Done.
Thermalized Magnetisation = (0.074005,-0.867975), Energy = -1.996022 
Averaging iterations... h=0.000000,0.000000
Done.
Final: Magnetisation = (0.041031,-0.861047), Energy = -1.992217 
<M> = (0.064731,-0.866042), <E> = -1.992658 

T=0.120000	 Thermalizing iterations... 
Done.
Thermalized Magnetisation = (0.076367,-0.871778), Energy = -1.997544 
Averaging iterations... h=0.000000,0.000000
Done.
Final: Magnetisation = (0.081543,-0.869998), Energy = -1.998404 
<M> = (0.063797,-0.869003), <E> = -1.997952 

T=0.110000	 Thermalizing iterations... 
Done.
Thermalized Magnetisation = (0.053453,-0.872986), Energy = -2.004199 
Averaging iterations... h=0.000000,0.000000
Done.
Final: Magnetisation = (0.074883,-0.871306), Energy = -2.002540 
<M> = (0.067875,-0.871542), <E> = -2.003072 

T=0.100000	 Thermalizing iterations... 
Done.
Thermalized Magnetisation = (0.063204,-0.869013), Energy = -2.009455 
Averaging iterations... h=0.000000,0.000000
Done.
Final: Magnetisation = (0.059026,-0.875624), Energy = -2.008355 
<M> = (0.061026,-0.874455), <E> = -2.008240 

T=0.090000	 Thermalizing iterations... 
Done.
Thermalized Magnetisation = (0.065753,-0.879759), Energy = -2.011341 
Averaging iterations... h=0.000000,0.000000
Done.
Final: Magnetisation = (0.056589,-0.879786), Energy = -2.011985 
<M> = (0.063771,-0.876289), <E> = -2.013333 

T=0.080000	 Thermalizing iterations... 
Done.
Thermalized Magnetisation = (0.070648,-0.876206), Energy = -2.019254 
Averaging iterations... h=0.000000,0.000000
Done.
Final: Magnetisation = (0.062283,-0.874598), Energy = -2.019675 
<M> = (0.063369,-0.877940), <E> = -2.018454 

T=0.070000	 Thermalizing iterations... 
Done.
Thermalized Magnetisation = (0.060402,-0.884553), Energy = -2.022904 
Averaging iterations... h=0.000000,0.000000
Done.
Final: Magnetisation = (0.063053,-0.882674), Energy = -2.023968 
<M> = (0.062094,-0.880943), <E> = -2.023522 

T=0.060000	 Thermalizing iterations... 
Done.
Thermalized Magnetisation = (0.054732,-0.886291), Energy = -2.028109 
Averaging iterations... h=0.000000,0.000000
Done.
Final: Magnetisation = (0.059458,-0.884068), Energy = -2.028520 
<M> = (0.062552,-0.883452), <E> = -2.028612 

T=0.050000	 Thermalizing iterations... 
Done.
Thermalized Magnetisation = (0.060679,-0.885726), Energy = -2.033536 
Averaging iterations... h=0.000000,0.000000
Done.
Final: Magnetisation = (0.065167,-0.884907), Energy = -2.034098 
<M> = (0.065273,-0.886682), <E> = -2.033682 

T=0.040000	 Thermalizing iterations... 
Done.
Thermalized Magnetisation = (0.059062,-0.891577), Energy = -2.038701 
Averaging iterations... h=0.000000,0.000000
Done.
Final: Magnetisation = (0.061862,-0.885012), Energy = -2.038594 
<M> = (0.062771,-0.888538), <E> = -2.038748 

T=0.030000	 Thermalizing iterations... 
Done.
Thermalized Magnetisation = (0.065945,-0.889279), Energy = -2.043569 
Averaging iterations... h=0.000000,0.000000
Done.
Final: Magnetisation = (0.067278,-0.891646), Energy = -2.043578 
<M> = (0.062365,-0.890690), <E> = -2.043794 

T=0.020000	 Thermalizing iterations... 
Done.
Thermalized Magnetisation = (0.062057,-0.894969), Energy = -2.048838 
Averaging iterations... h=0.000000,0.000000
Done.
Final: Magnetisation = (0.058339,-0.892811), Energy = -2.048710 
<M> = (0.061212,-0.893604), <E> = -2.048824 

T=0.010000	 Thermalizing iterations... 
Done.
Thermalized Magnetisation = (0.063639,-0.893648), Energy = -2.053771 
Averaging iterations... h=0.000000,0.000000
Done.
Final: Magnetisation = (0.066042,-0.894971), Energy = -2.053767 
<M> = (0.065179,-0.894751), <E> = -2.053833 
Final Magnetisation = (0.066042,-0.894971), Energy = -2.053767 
------------------------

Updating all (first)black/(then)white checkerboard sites simultaneously.. 

ztne RFXY h rotating with |h|=0.000000 at T=0.000000..
loop 1

loop 2

CPU  Start Time = 2342998.200430 

CPU  End Time = 2350399.869274 

CPU Time elapsed total = 7401.668844 

real	123m21.678s
user	1972m36.425s
sys	0m51.200s
