+ cd /home/sbasak/Exercises/OpenMP/XY_code/Z2/rotating_field/trial/config/config_4
+ export OMP_NUM_THREADS=28
+ OMP_NUM_THREADS=28
+ ./a_0.out
nearest neighbor initialized. 
h loaded. 
J loaded. 
L = 128, dim_L = 2, dim_S = 2
hysteresis_MCS_multiplier = 10, hysteresis_MCS_max = 100
RAND_MAX = 2147483647.000000,
 sizeof(int) = 4,
 sizeof(long) = 8,
 sizeof(double) = 8,
 sizeof(long int) = 8,
 sizeof(short int) = 2,
 sizeof(unsigned int) = 4,
 sizeof(RAND_MAX) = 4
No. of THREADS = 28
No. of PROCESSORS = 28

0.059493,0.022433
order = ({1.000000-->-1.000000,0.000000}, 0, 1)
Initial Magnetisation = (0.059493,0.022433), Energy = 0.027764 
Cooling... 
T=2.000000	 Thermalizing iterations... 
Done.
Thermalized Magnetisation = (-0.001755,-0.019192), Energy = -0.556824 
Averaging iterations... h=0.000000,0.000000
Done.
Final: Magnetisation = (-0.010951,-0.027550), Energy = -0.580448 
<M> = (-0.000788,0.000108), <E> = -0.605089 

T=1.990000	 Thermalizing iterations... 
Done.
Thermalized Magnetisation = (-0.028682,0.038170), Energy = -0.633203 
Averaging iterations... h=0.000000,0.000000
Done.
Final: Magnetisation = (-0.027559,0.003863), Energy = -0.632111 
<M> = (-0.000015,-0.001342), <E> = -0.609290 

T=1.980000	 Thermalizing iterations... 
Done.
Thermalized Magnetisation = (-0.033549,0.009714), Energy = -0.636154 
Averaging iterations... h=0.000000,0.000000
Done.
Final: Magnetisation = (0.017136,0.011013), Energy = -0.621902 
<M> = (-0.000774,-0.001192), <E> = -0.613579 

T=1.970000	 Thermalizing iterations... 
Done.
Thermalized Magnetisation = (-0.022417,0.017641), Energy = -0.629666 
Averaging iterations... h=0.000000,0.000000
Done.
Final: Magnetisation = (-0.024780,-0.045496), Energy = -0.603243 
<M> = (-0.000405,-0.002227), <E> = -0.617531 

T=1.960000	 Thermalizing iterations... 
Done.
Thermalized Magnetisation = (-0.016345,-0.023546), Energy = -0.646514 
Averaging iterations... h=0.000000,0.000000
Done.
Final: Magnetisation = (-0.012897,0.000973), Energy = -0.606134 
<M> = (0.000392,-0.000421), <E> = -0.620442 

T=1.950000	 Thermalizing iterations... 
Done.
Thermalized Magnetisation = (-0.023212,0.014798), Energy = -0.624178 
Averaging iterations... h=0.000000,0.000000
Done.
Final: Magnetisation = (0.047872,-0.001995), Energy = -0.640687 
<M> = (0.001116,-0.000739), <E> = -0.623501 

T=1.940000	 Thermalizing iterations... 
Done.
Thermalized Magnetisation = (0.029584,-0.010536), Energy = -0.615348 
Averaging iterations... h=0.000000,0.000000
Done.
Final: Magnetisation = (0.027132,0.019734), Energy = -0.594398 
<M> = (-0.000648,0.000321), <E> = -0.627353 

T=1.930000	 Thermalizing iterations... 
Done.
Thermalized Magnetisation = (0.005797,0.005886), Energy = -0.642168 
Averaging iterations... h=0.000000,0.000000
Done.
Final: Magnetisation = (-0.080361,0.024607), Energy = -0.620344 
<M> = (-0.001295,0.000634), <E> = -0.630226 

T=1.920000	 Thermalizing iterations... 
Done.
Thermalized Magnetisation = (-0.033635,0.050233), Energy = -0.658806 
Averaging iterations... h=0.000000,0.000000
Done.
Final: Magnetisation = (-0.023327,-0.012989), Energy = -0.643563 
<M> = (-0.000811,-0.001228), <E> = -0.634729 

T=1.910000	 Thermalizing iterations... 
Done.
Thermalized Magnetisation = (-0.056008,0.010075), Energy = -0.645033 
Averaging iterations... h=0.000000,0.000000
Done.
Final: Magnetisation = (-0.033889,-0.022934), Energy = -0.689871 
<M> = (-0.000744,-0.001519), <E> = -0.638985 

T=1.900000	 Thermalizing iterations... 
Done.
Thermalized Magnetisation = (0.077876,0.092540), Energy = -0.649315 
Averaging iterations... h=0.000000,0.000000
Done.
Final: Magnetisation = (-0.053598,-0.003721), Energy = -0.634732 
<M> = (-0.000710,-0.002796), <E> = -0.643023 

T=1.890000	 Thermalizing iterations... 
Done.
Thermalized Magnetisation = (-0.057554,0.012723), Energy = -0.660520 
Averaging iterations... h=0.000000,0.000000
Done.
Final: Magnetisation = (-0.035031,0.023952), Energy = -0.646913 
<M> = (-0.000580,-0.001958), <E> = -0.647174 

T=1.880000	 Thermalizing iterations... 
Done.
Thermalized Magnetisation = (0.000113,-0.020401), Energy = -0.621440 
Averaging iterations... h=0.000000,0.000000
Done.
Final: Magnetisation = (-0.056032,-0.001693), Energy = -0.673609 
<M> = (0.000514,-0.001667), <E> = -0.650903 

T=1.870000	 Thermalizing iterations... 
Done.
Thermalized Magnetisation = (-0.031895,0.008304), Energy = -0.657718 
Averaging iterations... h=0.000000,0.000000
Done.
Final: Magnetisation = (0.008526,0.023073), Energy = -0.647466 
<M> = (-0.000167,0.002292), <E> = -0.654407 

T=1.860000	 Thermalizing iterations... 
Done.
Thermalized Magnetisation = (-0.031429,0.028667), Energy = -0.611740 
Averaging iterations... h=0.000000,0.000000
Done.
Final: Magnetisation = (0.030287,-0.029565), Energy = -0.650850 
<M> = (-0.000736,-0.000438), <E> = -0.658365 

T=1.850000	 Thermalizing iterations... 
Done.
Thermalized Magnetisation = (-0.019149,0.096118), Energy = -0.657800 
Averaging iterations... h=0.000000,0.000000
Done.
Final: Magnetisation = (0.035559,-0.026249), Energy = -0.691743 
<M> = (-0.001079,-0.000141), <E> = -0.662646 

T=1.840000	 Thermalizing iterations... 
Done.
Thermalized Magnetisation = (-0.008126,0.021720), Energy = -0.672868 
Averaging iterations... h=0.000000,0.000000
Done.
Final: Magnetisation = (0.011350,0.002460), Energy = -0.680426 
<M> = (0.000508,-0.001511), <E> = -0.666893 

T=1.830000	 Thermalizing iterations... 
Done.
Thermalized Magnetisation = (0.045883,-0.010486), Energy = -0.664112 
Averaging iterations... h=0.000000,0.000000
Done.
Final: Magnetisation = (-0.001068,0.027589), Energy = -0.659098 
<M> = (-0.001585,-0.002722), <E> = -0.672024 

T=1.820000	 Thermalizing iterations... 
Done.
Thermalized Magnetisation = (-0.003138,0.033178), Energy = -0.682516 
Averaging iterations... h=0.000000,0.000000
Done.
Final: Magnetisation = (0.021368,-0.031295), Energy = -0.668913 
<M> = (-0.000533,-0.002694), <E> = -0.676558 

T=1.810000	 Thermalizing iterations... 
Done.
Thermalized Magnetisation = (-0.007084,0.031240), Energy = -0.673338 
Averaging iterations... h=0.000000,0.000000
Done.
Final: Magnetisation = (-0.009148,0.016742), Energy = -0.664014 
<M> = (0.001496,-0.001956), <E> = -0.680436 

T=1.800000	 Thermalizing iterations... 
Done.
Thermalized Magnetisation = (-0.047744,-0.016556), Energy = -0.680999 
Averaging iterations... h=0.000000,0.000000
Done.
Final: Magnetisation = (-0.015049,0.024151), Energy = -0.706232 
<M> = (0.000485,0.000437), <E> = -0.684489 

T=1.790000	 Thermalizing iterations... 
Done.
Thermalized Magnetisation = (0.010701,-0.051448), Energy = -0.709960 
Averaging iterations... h=0.000000,0.000000
Done.
Final: Magnetisation = (-0.051840,-0.047578), Energy = -0.697810 
<M> = (-0.001672,0.000066), <E> = -0.688449 

T=1.780000	 Thermalizing iterations... 
Done.
Thermalized Magnetisation = (-0.022202,-0.037441), Energy = -0.698310 
Averaging iterations... h=0.000000,0.000000
Done.
Final: Magnetisation = (0.022397,-0.002443), Energy = -0.685510 
<M> = (-0.001728,0.001076), <E> = -0.692438 

T=1.770000	 Thermalizing iterations... 
Done.
Thermalized Magnetisation = (0.019813,0.041680), Energy = -0.702067 
Averaging iterations... h=0.000000,0.000000
Done.
Final: Magnetisation = (0.006901,0.093308), Energy = -0.698179 
<M> = (0.000057,-0.002895), <E> = -0.698039 

T=1.760000	 Thermalizing iterations... 
Done.
Thermalized Magnetisation = (0.009830,0.023409), Energy = -0.746767 
Averaging iterations... h=0.000000,0.000000
Done.
Final: Magnetisation = (0.045115,-0.026432), Energy = -0.705504 
<M> = (-0.000779,-0.001172), <E> = -0.703523 

T=1.750000	 Thermalizing iterations... 
Done.
Thermalized Magnetisation = (-0.047741,0.014200), Energy = -0.693989 
Averaging iterations... h=0.000000,0.000000
Done.
Final: Magnetisation = (0.066340,0.002059), Energy = -0.670880 
<M> = (-0.001826,-0.003481), <E> = -0.708176 

T=1.740000	 Thermalizing iterations... 
Done.
Thermalized Magnetisation = (0.025066,0.017617), Energy = -0.699521 
Averaging iterations... h=0.000000,0.000000
Done.
Final: Magnetisation = (-0.012982,0.002546), Energy = -0.715982 
<M> = (-0.001229,-0.002835), <E> = -0.712971 

T=1.730000	 Thermalizing iterations... 
Done.
Thermalized Magnetisation = (0.033859,-0.037695), Energy = -0.722409 
Averaging iterations... h=0.000000,0.000000
Done.
Final: Magnetisation = (-0.054307,-0.058022), Energy = -0.733308 
<M> = (0.000687,-0.001157), <E> = -0.717090 

T=1.720000	 Thermalizing iterations... 
Done.
Thermalized Magnetisation = (-0.018401,-0.065194), Energy = -0.722636 
Averaging iterations... h=0.000000,0.000000
Done.
Final: Magnetisation = (0.015357,0.040347), Energy = -0.739268 
<M> = (-0.001053,0.000914), <E> = -0.721540 

T=1.710000	 Thermalizing iterations... 
Done.
Thermalized Magnetisation = (0.012543,-0.052076), Energy = -0.747851 
Averaging iterations... h=0.000000,0.000000
Done.
Final: Magnetisation = (0.010623,-0.042707), Energy = -0.721739 
<M> = (-0.001277,-0.000475), <E> = -0.726403 

T=1.700000	 Thermalizing iterations... 
Done.
Thermalized Magnetisation = (0.016011,0.009189), Energy = -0.719932 
Averaging iterations... h=0.000000,0.000000
Done.
Final: Magnetisation = (-0.016232,0.024972), Energy = -0.738593 
<M> = (-0.001138,-0.000574), <E> = -0.731884 

T=1.690000	 Thermalizing iterations... 
Done.
Thermalized Magnetisation = (-0.084200,0.025526), Energy = -0.750945 
Averaging iterations... h=0.000000,0.000000
Done.
Final: Magnetisation = (0.000550,-0.078206), Energy = -0.728283 
<M> = (-0.000786,-0.000499), <E> = -0.737034 

T=1.680000	 Thermalizing iterations... 
Done.
Thermalized Magnetisation = (-0.027063,-0.016470), Energy = -0.736385 
Averaging iterations... h=0.000000,0.000000
Done.
Final: Magnetisation = (-0.011076,-0.107509), Energy = -0.746357 
<M> = (-0.001284,-0.003289), <E> = -0.743486 

T=1.670000	 Thermalizing iterations... 
Done.
Thermalized Magnetisation = (-0.044754,0.034990), Energy = -0.747699 
Averaging iterations... h=0.000000,0.000000
Done.
Final: Magnetisation = (0.004062,-0.074382), Energy = -0.785054 
<M> = (-0.000917,-0.001461), <E> = -0.748670 

T=1.660000	 Thermalizing iterations... 
Done.
Thermalized Magnetisation = (-0.067748,0.001057), Energy = -0.762383 
Averaging iterations... h=0.000000,0.000000
Done.
Final: Magnetisation = (0.029265,-0.009975), Energy = -0.764570 
<M> = (-0.000188,-0.001907), <E> = -0.753639 

T=1.650000	 Thermalizing iterations... 
Done.
Thermalized Magnetisation = (0.003968,-0.009962), Energy = -0.716320 
Averaging iterations... h=0.000000,0.000000
Done.
Final: Magnetisation = (-0.048691,0.050634), Energy = -0.751739 
<M> = (0.000205,0.001119), <E> = -0.758054 

T=1.640000	 Thermalizing iterations... 
Done.
Thermalized Magnetisation = (0.040717,0.049876), Energy = -0.781971 
Averaging iterations... h=0.000000,0.000000
Done.
Final: Magnetisation = (0.041679,-0.064782), Energy = -0.755766 
<M> = (-0.002049,0.000754), <E> = -0.763551 

T=1.630000	 Thermalizing iterations... 
Done.
Thermalized Magnetisation = (-0.005174,0.001313), Energy = -0.772899 
Averaging iterations... h=0.000000,0.000000
Done.
Final: Magnetisation = (0.016988,0.002251), Energy = -0.727021 
<M> = (-0.000954,-0.000003), <E> = -0.768732 

T=1.620000	 Thermalizing iterations... 
Done.
Thermalized Magnetisation = (0.007794,-0.074366), Energy = -0.768297 
Averaging iterations... h=0.000000,0.000000
Done.
Final: Magnetisation = (0.066435,-0.011454), Energy = -0.767441 
<M> = (-0.000995,-0.001241), <E> = -0.775153 

T=1.610000	 Thermalizing iterations... 
Done.
Thermalized Magnetisation = (0.034726,0.056038), Energy = -0.798438 
Averaging iterations... h=0.000000,0.000000
Done.
Final: Magnetisation = (-0.014542,0.061932), Energy = -0.815388 
<M> = (-0.001781,-0.002904), <E> = -0.781811 

T=1.600000	 Thermalizing iterations... 
Done.
Thermalized Magnetisation = (0.004576,-0.034032), Energy = -0.825312 
Averaging iterations... h=0.000000,0.000000
Done.
Final: Magnetisation = (-0.026604,-0.020173), Energy = -0.759463 
<M> = (-0.001762,-0.004474), <E> = -0.787769 

T=1.590000	 Thermalizing iterations... 
Done.
Thermalized Magnetisation = (-0.029791,0.016095), Energy = -0.775269 
Averaging iterations... h=0.000000,0.000000
Done.
Final: Magnetisation = (-0.094359,-0.005278), Energy = -0.772015 
<M> = (-0.002109,-0.003396), <E> = -0.793670 

T=1.580000	 Thermalizing iterations... 
Done.
Thermalized Magnetisation = (0.002154,0.010132), Energy = -0.775055 
Averaging iterations... h=0.000000,0.000000
Done.
Final: Magnetisation = (0.008894,-0.052076), Energy = -0.848865 
<M> = (0.001070,-0.000432), <E> = -0.799419 

T=1.570000	 Thermalizing iterations... 
Done.
Thermalized Magnetisation = (0.004716,0.034526), Energy = -0.831388 
Averaging iterations... h=0.000000,0.000000
Done.
Final: Magnetisation = (0.005214,0.027629), Energy = -0.793841 
<M> = (-0.000268,0.000233), <E> = -0.804884 

T=1.560000	 Thermalizing iterations... 
Done.
Thermalized Magnetisation = (0.051401,-0.083522), Energy = -0.852547 
Averaging iterations... h=0.000000,0.000000
Done.
Final: Magnetisation = (-0.037298,-0.015254), Energy = -0.785982 
<M> = (-0.002202,0.001200), <E> = -0.810441 

T=1.550000	 Thermalizing iterations... 
Done.
Thermalized Magnetisation = (-0.062182,-0.002648), Energy = -0.771934 
Averaging iterations... h=0.000000,0.000000
Done.
Final: Magnetisation = (-0.011412,0.018170), Energy = -0.790498 
<M> = (-0.000936,0.000001), <E> = -0.817484 

T=1.540000	 Thermalizing iterations... 
Done.
Thermalized Magnetisation = (-0.020308,0.093016), Energy = -0.818218 
Averaging iterations... h=0.000000,0.000000
Done.
Final: Magnetisation = (-0.000007,-0.071765), Energy = -0.844584 
<M> = (-0.001347,-0.001201), <E> = -0.824542 

T=1.530000	 Thermalizing iterations... 
Done.
Thermalized Magnetisation = (0.033899,0.002980), Energy = -0.875465 
Averaging iterations... h=0.000000,0.000000
Done.
Final: Magnetisation = (-0.001859,0.042312), Energy = -0.835364 
<M> = (-0.001838,-0.004568), <E> = -0.831753 

T=1.520000	 Thermalizing iterations... 
Done.
Thermalized Magnetisation = (0.044726,0.086565), Energy = -0.829807 
Averaging iterations... h=0.000000,0.000000
Done.
Final: Magnetisation = (-0.050842,-0.028881), Energy = -0.830750 
<M> = (-0.000995,-0.003456), <E> = -0.838129 

T=1.510000	 Thermalizing iterations... 
Done.
Thermalized Magnetisation = (-0.016016,0.010944), Energy = -0.895863 
Averaging iterations... h=0.000000,0.000000
Done.
Final: Magnetisation = (0.003384,-0.004179), Energy = -0.829388 
<M> = (0.001860,-0.001386), <E> = -0.844274 

T=1.500000	 Thermalizing iterations... 
Done.
Thermalized Magnetisation = (0.054430,-0.103671), Energy = -0.854089 
Averaging iterations... h=0.000000,0.000000
Done.
Final: Magnetisation = (-0.022630,-0.071236), Energy = -0.835942 
<M> = (0.000813,0.001818), <E> = -0.850517 

T=1.490000	 Thermalizing iterations... 
Done.
Thermalized Magnetisation = (-0.001681,0.008742), Energy = -0.830559 
Averaging iterations... h=0.000000,0.000000
Done.
Final: Magnetisation = (-0.009371,0.119023), Energy = -0.860857 
<M> = (-0.001801,0.003356), <E> = -0.856776 

T=1.480000	 Thermalizing iterations... 
Done.
Thermalized Magnetisation = (0.011572,-0.045255), Energy = -0.840505 
Averaging iterations... h=0.000000,0.000000
Done.
Final: Magnetisation = (0.018020,-0.026045), Energy = -0.862956 
<M> = (-0.004221,0.002217), <E> = -0.864359 

T=1.470000	 Thermalizing iterations... 
Done.
Thermalized Magnetisation = (0.039109,-0.012995), Energy = -0.883181 
Averaging iterations... h=0.000000,0.000000
Done.
Final: Magnetisation = (0.042957,-0.032373), Energy = -0.873199 
<M> = (-0.000818,0.000151), <E> = -0.872180 

T=1.460000	 Thermalizing iterations... 
Done.
Thermalized Magnetisation = (0.011822,0.072548), Energy = -0.876893 
Averaging iterations... h=0.000000,0.000000
Done.
Final: Magnetisation = (0.015725,0.004870), Energy = -0.866312 
<M> = (-0.002188,-0.001998), <E> = -0.880044 

T=1.450000	 Thermalizing iterations... 
Done.
Thermalized Magnetisation = (0.020951,0.012079), Energy = -0.878298 
Averaging iterations... h=0.000000,0.000000
Done.
Final: Magnetisation = (-0.034826,-0.024321), Energy = -0.895886 
<M> = (-0.002238,-0.006003), <E> = -0.887691 

T=1.440000	 Thermalizing iterations... 
Done.
Thermalized Magnetisation = (0.049655,-0.080756), Energy = -0.911255 
Averaging iterations... h=0.000000,0.000000
Done.
Final: Magnetisation = (0.033487,-0.027955), Energy = -0.917428 
<M> = (-0.000998,-0.004055), <E> = -0.894822 

T=1.430000	 Thermalizing iterations... 
Done.
Thermalized Magnetisation = (-0.021994,-0.081052), Energy = -0.915071 
Averaging iterations... h=0.000000,0.000000
Done.
Final: Magnetisation = (-0.039984,0.009495), Energy = -0.917318 
<M> = (0.001052,0.001053), <E> = -0.901263 

T=1.420000	 Thermalizing iterations... 
Done.
Thermalized Magnetisation = (0.108892,0.043713), Energy = -0.905965 
Averaging iterations... h=0.000000,0.000000
Done.
Final: Magnetisation = (0.006015,-0.044191), Energy = -0.898786 
<M> = (-0.001315,0.001362), <E> = -0.908935 

T=1.410000	 Thermalizing iterations... 
Done.
Thermalized Magnetisation = (-0.011112,0.028880), Energy = -0.926339 
Averaging iterations... h=0.000000,0.000000
Done.
Final: Magnetisation = (-0.016350,-0.002566), Energy = -0.950554 
<M> = (-0.003400,0.006132), <E> = -0.916257 

T=1.400000	 Thermalizing iterations... 
Done.
Thermalized Magnetisation = (-0.007523,-0.022674), Energy = -0.907606 
Averaging iterations... h=0.000000,0.000000
Done.
Final: Magnetisation = (0.020673,0.093177), Energy = -0.882306 
<M> = (-0.001374,-0.002152), <E> = -0.925393 

T=1.390000	 Thermalizing iterations... 
Done.
Thermalized Magnetisation = (-0.040251,-0.043935), Energy = -0.966539 
Averaging iterations... h=0.000000,0.000000
Done.
Final: Magnetisation = (0.035908,-0.016557), Energy = -0.946728 
<M> = (-0.003200,-0.003733), <E> = -0.934210 

T=1.380000	 Thermalizing iterations... 
Done.
Thermalized Magnetisation = (-0.014852,-0.024447), Energy = -0.930822 
Averaging iterations... h=0.000000,0.000000
Done.
Final: Magnetisation = (0.000924,-0.072718), Energy = -0.900333 
<M> = (-0.002035,-0.006935), <E> = -0.943044 

T=1.370000	 Thermalizing iterations... 
Done.
Thermalized Magnetisation = (-0.093873,-0.062619), Energy = -0.955408 
Averaging iterations... h=0.000000,0.000000
Done.
Final: Magnetisation = (-0.045790,-0.017026), Energy = -0.919346 
<M> = (-0.002710,-0.006663), <E> = -0.951294 

T=1.360000	 Thermalizing iterations... 
Done.
Thermalized Magnetisation = (-0.021114,0.019852), Energy = -0.987867 
Averaging iterations... h=0.000000,0.000000
Done.
Final: Magnetisation = (0.090875,0.084299), Energy = -0.987451 
<M> = (0.000513,-0.003871), <E> = -0.958983 

T=1.350000	 Thermalizing iterations... 
Done.
Thermalized Magnetisation = (0.015804,0.109244), Energy = -0.962865 
Averaging iterations... h=0.000000,0.000000
Done.
Final: Magnetisation = (-0.045614,0.078135), Energy = -0.953050 
<M> = (0.000837,0.006353), <E> = -0.966027 

T=1.340000	 Thermalizing iterations... 
Done.
Thermalized Magnetisation = (0.092117,-0.003275), Energy = -1.019981 
Averaging iterations... h=0.000000,0.000000
Done.
Final: Magnetisation = (0.015634,-0.031980), Energy = -0.996579 
<M> = (-0.005267,0.004607), <E> = -0.975095 

T=1.330000	 Thermalizing iterations... 
Done.
Thermalized Magnetisation = (0.049221,0.033082), Energy = -1.005174 
Averaging iterations... h=0.000000,0.000000
Done.
Final: Magnetisation = (0.023688,-0.056076), Energy = -1.002557 
<M> = (-0.006036,0.000865), <E> = -0.985005 

T=1.320000	 Thermalizing iterations... 
Done.
Thermalized Magnetisation = (0.032674,-0.041959), Energy = -1.011964 
Averaging iterations... h=0.000000,0.000000
Done.
Final: Magnetisation = (-0.066355,-0.000613), Energy = -0.959735 
<M> = (-0.002791,-0.004685), <E> = -0.994905 

T=1.310000	 Thermalizing iterations... 
Done.
Thermalized Magnetisation = (0.064110,-0.017946), Energy = -1.044707 
Averaging iterations... h=0.000000,0.000000
Done.
Final: Magnetisation = (-0.047321,0.056631), Energy = -1.030899 
<M> = (-0.000821,-0.009688), <E> = -1.004011 

T=1.300000	 Thermalizing iterations... 
Done.
Thermalized Magnetisation = (-0.030098,-0.033435), Energy = -1.004543 
Averaging iterations... h=0.000000,0.000000
Done.
Final: Magnetisation = (0.027186,0.001643), Energy = -1.075911 
<M> = (-0.002201,-0.007365), <E> = -1.013888 

T=1.290000	 Thermalizing iterations... 
Done.
Thermalized Magnetisation = (-0.034549,-0.060592), Energy = -1.015410 
Averaging iterations... h=0.000000,0.000000
Done.
Final: Magnetisation = (0.005398,-0.011623), Energy = -1.007853 
<M> = (0.002250,-0.007358), <E> = -1.024300 

T=1.280000	 Thermalizing iterations... 
Done.
Thermalized Magnetisation = (-0.015619,0.001134), Energy = -1.038139 
Averaging iterations... h=0.000000,0.000000
Done.
Final: Magnetisation = (-0.013479,-0.047803), Energy = -1.037489 
<M> = (-0.001075,0.002708), <E> = -1.032377 

T=1.270000	 Thermalizing iterations... 
Done.
Thermalized Magnetisation = (-0.048620,0.016247), Energy = -1.037534 
Averaging iterations... h=0.000000,0.000000
Done.
Final: Magnetisation = (-0.048148,-0.014583), Energy = -1.042743 
<M> = (-0.002004,0.000434), <E> = -1.040734 

T=1.260000	 Thermalizing iterations... 
Done.
Thermalized Magnetisation = (-0.084435,-0.012626), Energy = -1.050577 
Averaging iterations... h=0.000000,0.000000
Done.
Final: Magnetisation = (-0.004787,-0.018541), Energy = -1.059281 
<M> = (-0.004148,0.004565), <E> = -1.050550 

T=1.250000	 Thermalizing iterations... 
Done.
Thermalized Magnetisation = (-0.028140,-0.067251), Energy = -1.122051 
Averaging iterations... h=0.000000,0.000000
Done.
Final: Magnetisation = (-0.057517,0.070484), Energy = -1.043677 
<M> = (-0.003210,-0.006229), <E> = -1.062265 

T=1.240000	 Thermalizing iterations... 
Done.
Thermalized Magnetisation = (0.019815,-0.074290), Energy = -1.096699 
Averaging iterations... h=0.000000,0.000000
Done.
Final: Magnetisation = (-0.072801,-0.054191), Energy = -1.047790 
<M> = (-0.002838,0.000025), <E> = -1.073495 

T=1.230000	 Thermalizing iterations... 
Done.
Thermalized Magnetisation = (-0.020575,0.102497), Energy = -1.087569 
Averaging iterations... h=0.000000,0.000000
Done.
Final: Magnetisation = (-0.027558,-0.093371), Energy = -1.033813 
<M> = (-0.004997,-0.013496), <E> = -1.084464 

T=1.220000	 Thermalizing iterations... 
Done.
Thermalized Magnetisation = (0.013213,-0.047238), Energy = -1.081940 
Averaging iterations... h=0.000000,0.000000
Done.
Final: Magnetisation = (-0.017223,-0.078608), Energy = -1.109001 
<M> = (-0.005239,-0.015705), <E> = -1.093556 

T=1.210000	 Thermalizing iterations... 
Done.
Thermalized Magnetisation = (0.020887,0.054703), Energy = -1.060678 
Averaging iterations... h=0.000000,0.000000
Done.
Final: Magnetisation = (0.015523,-0.017898), Energy = -1.120122 
<M> = (-0.003258,-0.007178), <E> = -1.103559 

T=1.200000	 Thermalizing iterations... 
Done.
Thermalized Magnetisation = (0.135590,-0.085052), Energy = -1.109116 
Averaging iterations... h=0.000000,0.000000
Done.
Final: Magnetisation = (-0.008562,0.086463), Energy = -1.124485 
<M> = (-0.004100,0.006268), <E> = -1.114753 

T=1.190000	 Thermalizing iterations... 
Done.
Thermalized Magnetisation = (0.055589,0.042139), Energy = -1.093911 
Averaging iterations... h=0.000000,0.000000
Done.
Final: Magnetisation = (0.002159,-0.046204), Energy = -1.143743 
<M> = (-0.003849,0.004746), <E> = -1.124658 

T=1.180000	 Thermalizing iterations... 
Done.
Thermalized Magnetisation = (-0.045445,-0.155024), Energy = -1.133723 
Averaging iterations... h=0.000000,0.000000
Done.
Final: Magnetisation = (0.017287,0.032564), Energy = -1.111149 
<M> = (-0.002097,-0.003392), <E> = -1.136771 

T=1.170000	 Thermalizing iterations... 
Done.
Thermalized Magnetisation = (-0.115746,0.090001), Energy = -1.156867 
Averaging iterations... h=0.000000,0.000000
Done.
Final: Magnetisation = (-0.024381,0.164645), Energy = -1.137999 
<M> = (-0.002559,-0.001352), <E> = -1.147901 

T=1.160000	 Thermalizing iterations... 
Done.
Thermalized Magnetisation = (0.070744,-0.154457), Energy = -1.187161 
Averaging iterations... h=0.000000,0.000000
Done.
Final: Magnetisation = (-0.010701,-0.082221), Energy = -1.157846 
<M> = (-0.003642,-0.023626), <E> = -1.160168 

T=1.150000	 Thermalizing iterations... 
Done.
Thermalized Magnetisation = (-0.002692,-0.097503), Energy = -1.195065 
Averaging iterations... h=0.000000,0.000000
Done.
Final: Magnetisation = (-0.021564,0.004897), Energy = -1.146924 
<M> = (-0.001589,-0.013465), <E> = -1.172375 

T=1.140000	 Thermalizing iterations... 
Done.
Thermalized Magnetisation = (-0.052362,-0.082022), Energy = -1.188611 
Averaging iterations... h=0.000000,0.000000
Done.
Final: Magnetisation = (0.059521,-0.093798), Energy = -1.163969 
<M> = (0.001455,-0.021293), <E> = -1.183109 

T=1.130000	 Thermalizing iterations... 
Done.
Thermalized Magnetisation = (-0.061616,0.066598), Energy = -1.181964 
Averaging iterations... h=0.000000,0.000000
Done.
Final: Magnetisation = (-0.048029,0.074726), Energy = -1.179675 
<M> = (-0.000213,-0.012652), <E> = -1.193781 

T=1.120000	 Thermalizing iterations... 
Done.
Thermalized Magnetisation = (0.032947,0.076963), Energy = -1.211617 
Averaging iterations... h=0.000000,0.000000
Done.
Final: Magnetisation = (-0.021183,-0.197946), Energy = -1.220059 
<M> = (-0.000500,0.013156), <E> = -1.204815 

T=1.110000	 Thermalizing iterations... 
Done.
Thermalized Magnetisation = (0.032194,-0.062385), Energy = -1.209162 
Averaging iterations... h=0.000000,0.000000
Done.
Final: Magnetisation = (0.042286,0.006488), Energy = -1.226805 
<M> = (-0.004018,0.017367), <E> = -1.216774 

T=1.100000	 Thermalizing iterations... 
Done.
Thermalized Magnetisation = (-0.036587,-0.115675), Energy = -1.247220 
Averaging iterations... h=0.000000,0.000000
Done.
Final: Magnetisation = (0.011265,-0.035618), Energy = -1.229045 
<M> = (-0.001640,0.023468), <E> = -1.229591 

T=1.090000	 Thermalizing iterations... 
Done.
Thermalized Magnetisation = (-0.088805,-0.040275), Energy = -1.250987 
Averaging iterations... h=0.000000,0.000000
Done.
Final: Magnetisation = (-0.047820,0.067912), Energy = -1.240798 
<M> = (-0.006514,-0.021224), <E> = -1.242998 

T=1.080000	 Thermalizing iterations... 
Done.
Thermalized Magnetisation = (-0.003460,-0.064174), Energy = -1.270427 
Averaging iterations... h=0.000000,0.000000
Done.
Final: Magnetisation = (-0.009128,0.030650), Energy = -1.241149 
<M> = (-0.007872,-0.059056), <E> = -1.254824 

T=1.070000	 Thermalizing iterations... 
Done.
Thermalized Magnetisation = (0.005103,0.077247), Energy = -1.286007 
Averaging iterations... h=0.000000,0.000000
Done.
Final: Magnetisation = (-0.034917,0.007667), Energy = -1.240590 
<M> = (-0.007214,-0.056203), <E> = -1.268739 

T=1.060000	 Thermalizing iterations... 
Done.
Thermalized Magnetisation = (-0.032061,0.229609), Energy = -1.284110 
Averaging iterations... h=0.000000,0.000000
Done.
Final: Magnetisation = (0.028996,-0.261199), Energy = -1.314113 
<M> = (-0.001804,-0.009282), <E> = -1.280051 

T=1.050000	 Thermalizing iterations... 
Done.
Thermalized Magnetisation = (-0.037150,-0.044911), Energy = -1.298514 
Averaging iterations... h=0.000000,0.000000
Done.
Final: Magnetisation = (-0.042295,0.013113), Energy = -1.273050 
<M> = (-0.003819,0.002608), <E> = -1.290021 

T=1.040000	 Thermalizing iterations... 
Done.
Thermalized Magnetisation = (-0.038484,0.054416), Energy = -1.292050 
Averaging iterations... h=0.000000,0.000000
Done.
Final: Magnetisation = (-0.019727,-0.077644), Energy = -1.303485 
<M> = (-0.009025,0.040348), <E> = -1.304608 

T=1.030000	 Thermalizing iterations... 
Done.
Thermalized Magnetisation = (-0.009597,-0.188657), Energy = -1.295781 
Averaging iterations... h=0.000000,0.000000
Done.
Final: Magnetisation = (-0.020239,0.046725), Energy = -1.327930 
<M> = (-0.006702,0.000028), <E> = -1.315256 

T=1.020000	 Thermalizing iterations... 
Done.
Thermalized Magnetisation = (-0.034675,-0.171960), Energy = -1.312878 
Averaging iterations... h=0.000000,0.000000
Done.
Final: Magnetisation = (-0.074258,0.207724), Energy = -1.354901 
<M> = (-0.003344,-0.067055), <E> = -1.329872 

T=1.010000	 Thermalizing iterations... 
Done.
Thermalized Magnetisation = (-0.052711,-0.171635), Energy = -1.337353 
Averaging iterations... h=0.000000,0.000000
Done.
Final: Magnetisation = (0.015373,-0.032104), Energy = -1.329598 
<M> = (-0.006136,-0.211322), <E> = -1.346735 

T=1.000000	 Thermalizing iterations... 
Done.
Thermalized Magnetisation = (0.042967,-0.366367), Energy = -1.374886 
Averaging iterations... h=0.000000,0.000000
Done.
Final: Magnetisation = (0.083727,-0.306333), Energy = -1.359953 
<M> = (-0.003201,-0.145407), <E> = -1.357688 

T=0.990000	 Thermalizing iterations... 
Done.
Thermalized Magnetisation = (-0.007027,-0.005899), Energy = -1.397673 
Averaging iterations... h=0.000000,0.000000
Done.
Final: Magnetisation = (0.023821,-0.219634), Energy = -1.368193 
<M> = (0.013251,-0.207826), <E> = -1.371166 

T=0.980000	 Thermalizing iterations... 
Done.
Thermalized Magnetisation = (-0.035675,0.231270), Energy = -1.373838 
Averaging iterations... h=0.000000,0.000000
Done.
Final: Magnetisation = (0.021549,0.021972), Energy = -1.381344 
<M> = (0.004206,0.135332), <E> = -1.379305 

T=0.970000	 Thermalizing iterations... 
Done.
Thermalized Magnetisation = (0.005547,0.116844), Energy = -1.362828 
Averaging iterations... h=0.000000,0.000000
Done.
Final: Magnetisation = (-0.056022,0.203857), Energy = -1.406339 
<M> = (-0.003713,0.267784), <E> = -1.393670 

T=0.960000	 Thermalizing iterations... 
Done.
Thermalized Magnetisation = (-0.022582,-0.281800), Energy = -1.434678 
Averaging iterations... h=0.000000,0.000000
Done.
Final: Magnetisation = (0.005061,-0.073664), Energy = -1.386278 
<M> = (-0.008138,-0.246627), <E> = -1.404997 

T=0.950000	 Thermalizing iterations... 
Done.
Thermalized Magnetisation = (-0.135216,-0.467506), Energy = -1.414198 
Averaging iterations... h=0.000000,0.000000
Done.
Final: Magnetisation = (0.028403,-0.394625), Energy = -1.429634 
<M> = (-0.001404,-0.372572), <E> = -1.423808 

T=0.940000	 Thermalizing iterations... 
Done.
Thermalized Magnetisation = (-0.013128,-0.482164), Energy = -1.434731 
Averaging iterations... h=0.000000,0.000000
Done.
Final: Magnetisation = (-0.068380,-0.474051), Energy = -1.431494 
<M> = (-0.013879,-0.459099), <E> = -1.439674 

T=0.930000	 Thermalizing iterations... 
Done.
Thermalized Magnetisation = (0.097780,-0.451946), Energy = -1.435988 
Averaging iterations... h=0.000000,0.000000
Done.
Final: Magnetisation = (0.003967,-0.428796), Energy = -1.452506 
<M> = (-0.011755,-0.485513), <E> = -1.451845 

T=0.920000	 Thermalizing iterations... 
Done.
Thermalized Magnetisation = (0.031926,-0.521881), Energy = -1.471335 
Averaging iterations... h=0.000000,0.000000
Done.
Final: Magnetisation = (-0.000616,-0.530403), Energy = -1.448558 
<M> = (0.006203,-0.541757), <E> = -1.465756 

T=0.910000	 Thermalizing iterations... 
Done.
Thermalized Magnetisation = (-0.017825,-0.413213), Energy = -1.465763 
Averaging iterations... h=0.000000,0.000000
Done.
Final: Magnetisation = (-0.027814,-0.543817), Energy = -1.476856 
<M> = (0.004336,-0.490743), <E> = -1.471832 

T=0.900000	 Thermalizing iterations... 
Done.
Thermalized Magnetisation = (-0.009676,-0.581551), Energy = -1.501230 
Averaging iterations... h=0.000000,0.000000
Done.
Final: Magnetisation = (0.066963,-0.529133), Energy = -1.476660 
<M> = (0.003643,-0.561320), <E> = -1.485964 

T=0.890000	 Thermalizing iterations... 
Done.
Thermalized Magnetisation = (-0.077170,-0.560544), Energy = -1.492002 
Averaging iterations... h=0.000000,0.000000
Done.
Final: Magnetisation = (0.024542,-0.572138), Energy = -1.497641 
<M> = (-0.015981,-0.568645), <E> = -1.495414 

T=0.880000	 Thermalizing iterations... 
Done.
Thermalized Magnetisation = (-0.025840,-0.610616), Energy = -1.509116 
Averaging iterations... h=0.000000,0.000000
Done.
Final: Magnetisation = (0.052474,-0.606703), Energy = -1.516076 
<M> = (-0.007380,-0.588648), <E> = -1.507300 

T=0.870000	 Thermalizing iterations... 
Done.
Thermalized Magnetisation = (0.017980,-0.621685), Energy = -1.529875 
Averaging iterations... h=0.000000,0.000000
Done.
Final: Magnetisation = (0.040841,-0.560533), Energy = -1.518936 
<M> = (-0.006029,-0.593221), <E> = -1.516818 

T=0.860000	 Thermalizing iterations... 
Done.
Thermalized Magnetisation = (0.094566,-0.617183), Energy = -1.544796 
Averaging iterations... h=0.000000,0.000000
Done.
Final: Magnetisation = (0.026438,-0.604642), Energy = -1.531903 
<M> = (-0.014815,-0.607908), <E> = -1.527478 

T=0.850000	 Thermalizing iterations... 
Done.
Thermalized Magnetisation = (-0.026721,-0.593232), Energy = -1.514332 
Averaging iterations... h=0.000000,0.000000
Done.
Final: Magnetisation = (-0.007086,-0.632677), Energy = -1.525381 
<M> = (-0.007117,-0.616078), <E> = -1.536654 

T=0.840000	 Thermalizing iterations... 
Done.
Thermalized Magnetisation = (-0.014657,-0.648414), Energy = -1.569353 
Averaging iterations... h=0.000000,0.000000
Done.
Final: Magnetisation = (0.012592,-0.654296), Energy = -1.570741 
<M> = (0.000494,-0.610737), <E> = -1.544337 

T=0.830000	 Thermalizing iterations... 
Done.
Thermalized Magnetisation = (-0.022987,-0.598106), Energy = -1.554180 
Averaging iterations... h=0.000000,0.000000
Done.
Final: Magnetisation = (0.082295,-0.632763), Energy = -1.551202 
<M> = (-0.000705,-0.622027), <E> = -1.553056 

T=0.820000	 Thermalizing iterations... 
Done.
Thermalized Magnetisation = (-0.048512,-0.622276), Energy = -1.548528 
Averaging iterations... h=0.000000,0.000000
Done.
Final: Magnetisation = (0.010874,-0.639413), Energy = -1.556566 
<M> = (-0.002602,-0.631548), <E> = -1.561462 

T=0.810000	 Thermalizing iterations... 
Done.
Thermalized Magnetisation = (-0.003085,-0.660870), Energy = -1.546852 
Averaging iterations... h=0.000000,0.000000
Done.
Final: Magnetisation = (-0.066361,-0.620115), Energy = -1.549369 
<M> = (0.000349,-0.632693), <E> = -1.570182 

T=0.800000	 Thermalizing iterations... 
Done.
Thermalized Magnetisation = (0.000868,-0.660949), Energy = -1.584412 
Averaging iterations... h=0.000000,0.000000
Done.
Final: Magnetisation = (0.000580,-0.617607), Energy = -1.562233 
<M> = (-0.008027,-0.640384), <E> = -1.578922 

T=0.790000	 Thermalizing iterations... 
Done.
Thermalized Magnetisation = (-0.059294,-0.685201), Energy = -1.585825 
Averaging iterations... h=0.000000,0.000000
Done.
Final: Magnetisation = (0.001074,-0.633230), Energy = -1.612069 
<M> = (-0.009191,-0.653100), <E> = -1.588159 

T=0.780000	 Thermalizing iterations... 
Done.
Thermalized Magnetisation = (0.019873,-0.676075), Energy = -1.591263 
Averaging iterations... h=0.000000,0.000000
Done.
Final: Magnetisation = (-0.016723,-0.686252), Energy = -1.599867 
<M> = (-0.009557,-0.660063), <E> = -1.596265 

T=0.770000	 Thermalizing iterations... 
Done.
Thermalized Magnetisation = (0.016714,-0.674792), Energy = -1.602051 
Averaging iterations... h=0.000000,0.000000
Done.
Final: Magnetisation = (-0.039672,-0.651850), Energy = -1.585871 
<M> = (0.004971,-0.666154), <E> = -1.604056 

T=0.760000	 Thermalizing iterations... 
Done.
Thermalized Magnetisation = (-0.017926,-0.663789), Energy = -1.589606 
Averaging iterations... h=0.000000,0.000000
Done.
Final: Magnetisation = (0.089006,-0.693650), Energy = -1.625731 
<M> = (0.007733,-0.665796), <E> = -1.611084 

T=0.750000	 Thermalizing iterations... 
Done.
Thermalized Magnetisation = (0.026581,-0.644816), Energy = -1.613929 
Averaging iterations... h=0.000000,0.000000
Done.
Final: Magnetisation = (-0.034247,-0.685511), Energy = -1.614826 
<M> = (-0.000480,-0.667609), <E> = -1.618413 

T=0.740000	 Thermalizing iterations... 
Done.
Thermalized Magnetisation = (0.006710,-0.703238), Energy = -1.644841 
Averaging iterations... h=0.000000,0.000000
Done.
Final: Magnetisation = (-0.000390,-0.689119), Energy = -1.627652 
<M> = (-0.009597,-0.675509), <E> = -1.625485 

T=0.730000	 Thermalizing iterations... 
Done.
Thermalized Magnetisation = (0.013004,-0.665134), Energy = -1.628867 
Averaging iterations... h=0.000000,0.000000
Done.
Final: Magnetisation = (-0.014897,-0.671291), Energy = -1.622057 
<M> = (0.000391,-0.681482), <E> = -1.633566 

T=0.720000	 Thermalizing iterations... 
Done.
Thermalized Magnetisation = (0.019933,-0.698963), Energy = -1.627941 
Averaging iterations... h=0.000000,0.000000
Done.
Final: Magnetisation = (-0.005232,-0.676644), Energy = -1.639102 
<M> = (-0.000783,-0.682835), <E> = -1.641419 

T=0.710000	 Thermalizing iterations... 
Done.
Thermalized Magnetisation = (0.008239,-0.682399), Energy = -1.646632 
Averaging iterations... h=0.000000,0.000000
Done.
Final: Magnetisation = (-0.022953,-0.707219), Energy = -1.668757 
<M> = (-0.010369,-0.689531), <E> = -1.648617 

T=0.700000	 Thermalizing iterations... 
Done.
Thermalized Magnetisation = (-0.005370,-0.703679), Energy = -1.647020 
Averaging iterations... h=0.000000,0.000000
Done.
Final: Magnetisation = (-0.048451,-0.686040), Energy = -1.659916 
<M> = (-0.005068,-0.697091), <E> = -1.656163 

T=0.690000	 Thermalizing iterations... 
Done.
Thermalized Magnetisation = (-0.003376,-0.695815), Energy = -1.660771 
Averaging iterations... h=0.000000,0.000000
Done.
Final: Magnetisation = (-0.024286,-0.728930), Energy = -1.662401 
<M> = (-0.002907,-0.700301), <E> = -1.662936 

T=0.680000	 Thermalizing iterations... 
Done.
Thermalized Magnetisation = (-0.065458,-0.700290), Energy = -1.657914 
Averaging iterations... h=0.000000,0.000000
Done.
Final: Magnetisation = (-0.043528,-0.704235), Energy = -1.673290 
<M> = (-0.001094,-0.701853), <E> = -1.669367 

T=0.670000	 Thermalizing iterations... 
Done.
Thermalized Magnetisation = (-0.003898,-0.699931), Energy = -1.670080 
Averaging iterations... h=0.000000,0.000000
Done.
Final: Magnetisation = (0.083798,-0.714252), Energy = -1.685177 
<M> = (-0.002308,-0.705669), <E> = -1.676039 

T=0.660000	 Thermalizing iterations... 
Done.
Thermalized Magnetisation = (-0.013384,-0.695314), Energy = -1.676732 
Averaging iterations... h=0.000000,0.000000
Done.
Final: Magnetisation = (-0.039617,-0.679939), Energy = -1.685066 
<M> = (0.004477,-0.706689), <E> = -1.683040 

T=0.650000	 Thermalizing iterations... 
Done.
Thermalized Magnetisation = (-0.036311,-0.714977), Energy = -1.693107 
Averaging iterations... h=0.000000,0.000000
Done.
Final: Magnetisation = (-0.030577,-0.718472), Energy = -1.688766 
<M> = (-0.010128,-0.711824), <E> = -1.689947 

T=0.640000	 Thermalizing iterations... 
Done.
Thermalized Magnetisation = (0.010051,-0.751867), Energy = -1.706246 
Averaging iterations... h=0.000000,0.000000
Done.
Final: Magnetisation = (0.061223,-0.730514), Energy = -1.707048 
<M> = (-0.008230,-0.721660), <E> = -1.697239 

T=0.630000	 Thermalizing iterations... 
Done.
Thermalized Magnetisation = (-0.011602,-0.726574), Energy = -1.704985 
Averaging iterations... h=0.000000,0.000000
Done.
Final: Magnetisation = (-0.072367,-0.707774), Energy = -1.699865 
<M> = (-0.005254,-0.724309), <E> = -1.703908 

T=0.620000	 Thermalizing iterations... 
Done.
Thermalized Magnetisation = (-0.019421,-0.752096), Energy = -1.717339 
Averaging iterations... h=0.000000,0.000000
Done.
Final: Magnetisation = (0.004392,-0.725662), Energy = -1.717686 
<M> = (-0.011182,-0.727232), <E> = -1.710639 

T=0.610000	 Thermalizing iterations... 
Done.
Thermalized Magnetisation = (0.017381,-0.733070), Energy = -1.718026 
Averaging iterations... h=0.000000,0.000000
Done.
Final: Magnetisation = (-0.022106,-0.723247), Energy = -1.715184 
<M> = (-0.004497,-0.727414), <E> = -1.716408 

T=0.600000	 Thermalizing iterations... 
Done.
Thermalized Magnetisation = (0.016130,-0.717904), Energy = -1.719401 
Averaging iterations... h=0.000000,0.000000
Done.
Final: Magnetisation = (0.017888,-0.741567), Energy = -1.722902 
<M> = (-0.005107,-0.729657), <E> = -1.722691 

T=0.590000	 Thermalizing iterations... 
Done.
Thermalized Magnetisation = (-0.029448,-0.728477), Energy = -1.723779 
Averaging iterations... h=0.000000,0.000000
Done.
Final: Magnetisation = (0.016895,-0.740567), Energy = -1.722757 
<M> = (0.004348,-0.732864), <E> = -1.728711 

T=0.580000	 Thermalizing iterations... 
Done.
Thermalized Magnetisation = (0.034995,-0.715449), Energy = -1.742790 
Averaging iterations... h=0.000000,0.000000
Done.
Final: Magnetisation = (0.003397,-0.755998), Energy = -1.751658 
<M> = (-0.004432,-0.738989), <E> = -1.735692 

T=0.570000	 Thermalizing iterations... 
Done.
Thermalized Magnetisation = (-0.020320,-0.749415), Energy = -1.750418 
Averaging iterations... h=0.000000,0.000000
Done.
Final: Magnetisation = (0.076308,-0.708913), Energy = -1.741741 
<M> = (-0.004305,-0.743739), <E> = -1.742329 

T=0.560000	 Thermalizing iterations... 
Done.
Thermalized Magnetisation = (-0.026657,-0.756846), Energy = -1.749681 
Averaging iterations... h=0.000000,0.000000
Done.
Final: Magnetisation = (-0.002822,-0.747196), Energy = -1.751178 
<M> = (-0.010386,-0.749583), <E> = -1.748890 

T=0.550000	 Thermalizing iterations... 
Done.
Thermalized Magnetisation = (0.020168,-0.740822), Energy = -1.758830 
Averaging iterations... h=0.000000,0.000000
Done.
Final: Magnetisation = (0.011953,-0.731268), Energy = -1.760165 
<M> = (-0.003790,-0.753030), <E> = -1.755083 

T=0.540000	 Thermalizing iterations... 
Done.
Thermalized Magnetisation = (-0.008309,-0.737707), Energy = -1.757667 
Averaging iterations... h=0.000000,0.000000
Done.
Final: Magnetisation = (-0.006732,-0.763781), Energy = -1.757613 
<M> = (-0.005619,-0.753937), <E> = -1.760821 

T=0.530000	 Thermalizing iterations... 
Done.
Thermalized Magnetisation = (0.033268,-0.747912), Energy = -1.773880 
Averaging iterations... h=0.000000,0.000000
Done.
Final: Magnetisation = (0.010594,-0.765119), Energy = -1.776705 
<M> = (-0.003267,-0.754243), <E> = -1.766439 

T=0.520000	 Thermalizing iterations... 
Done.
Thermalized Magnetisation = (-0.030507,-0.731116), Energy = -1.770097 
Averaging iterations... h=0.000000,0.000000
Done.
Final: Magnetisation = (-0.024692,-0.749690), Energy = -1.763249 
<M> = (0.000040,-0.754688), <E> = -1.772400 

T=0.510000	 Thermalizing iterations... 
Done.
Thermalized Magnetisation = (-0.012120,-0.767629), Energy = -1.778098 
Averaging iterations... h=0.000000,0.000000
Done.
Final: Magnetisation = (0.005670,-0.761702), Energy = -1.780348 
<M> = (-0.002220,-0.761462), <E> = -1.778704 

T=0.500000	 Thermalizing iterations... 
Done.
Thermalized Magnetisation = (-0.042592,-0.785808), Energy = -1.783754 
Averaging iterations... h=0.000000,0.000000
Done.
Final: Magnetisation = (-0.007665,-0.771967), Energy = -1.787813 
<M> = (-0.002619,-0.765916), <E> = -1.785110 

T=0.490000	 Thermalizing iterations... 
Done.
Thermalized Magnetisation = (-0.015341,-0.788679), Energy = -1.784295 
Averaging iterations... h=0.000000,0.000000
Done.
Final: Magnetisation = (0.012330,-0.780654), Energy = -1.784659 
<M> = (-0.009949,-0.770101), <E> = -1.791490 

T=0.480000	 Thermalizing iterations... 
Done.
Thermalized Magnetisation = (0.014318,-0.767103), Energy = -1.794321 
Averaging iterations... h=0.000000,0.000000
Done.
Final: Magnetisation = (-0.051905,-0.751860), Energy = -1.786430 
<M> = (-0.002709,-0.775250), <E> = -1.797208 

T=0.470000	 Thermalizing iterations... 
Done.
Thermalized Magnetisation = (0.062246,-0.776980), Energy = -1.806309 
Averaging iterations... h=0.000000,0.000000
Done.
Final: Magnetisation = (-0.032389,-0.775365), Energy = -1.804534 
<M> = (-0.006104,-0.776770), <E> = -1.803128 

T=0.460000	 Thermalizing iterations... 
Done.
Thermalized Magnetisation = (0.036758,-0.786214), Energy = -1.809339 
Averaging iterations... h=0.000000,0.000000
Done.
Final: Magnetisation = (-0.030478,-0.773708), Energy = -1.795639 
<M> = (-0.005275,-0.775809), <E> = -1.808722 

T=0.450000	 Thermalizing iterations... 
Done.
Thermalized Magnetisation = (0.001726,-0.780855), Energy = -1.818723 
Averaging iterations... h=0.000000,0.000000
Done.
Final: Magnetisation = (0.034991,-0.780082), Energy = -1.813198 
<M> = (-0.001370,-0.778035), <E> = -1.814439 

T=0.440000	 Thermalizing iterations... 
Done.
Thermalized Magnetisation = (0.011936,-0.795236), Energy = -1.822538 
Averaging iterations... h=0.000000,0.000000
Done.
Final: Magnetisation = (0.024879,-0.779625), Energy = -1.822059 
<M> = (0.003114,-0.783122), <E> = -1.820205 

T=0.430000	 Thermalizing iterations... 
Done.
Thermalized Magnetisation = (-0.063216,-0.809540), Energy = -1.832938 
Averaging iterations... h=0.000000,0.000000
Done.
Final: Magnetisation = (-0.041027,-0.783617), Energy = -1.816906 
<M> = (-0.006857,-0.786354), <E> = -1.826029 

T=0.420000	 Thermalizing iterations... 
Done.
Thermalized Magnetisation = (0.006693,-0.799929), Energy = -1.833713 
Averaging iterations... h=0.000000,0.000000
Done.
Final: Magnetisation = (0.005197,-0.787403), Energy = -1.829119 
<M> = (-0.009472,-0.789898), <E> = -1.832110 

T=0.410000	 Thermalizing iterations... 
Done.
Thermalized Magnetisation = (-0.003334,-0.780478), Energy = -1.836281 
Averaging iterations... h=0.000000,0.000000
Done.
Final: Magnetisation = (-0.019086,-0.780535), Energy = -1.832332 
<M> = (-0.007868,-0.795310), <E> = -1.838026 

T=0.400000	 Thermalizing iterations... 
Done.
Thermalized Magnetisation = (-0.044217,-0.777511), Energy = -1.834605 
Averaging iterations... h=0.000000,0.000000
Done.
Final: Magnetisation = (0.018324,-0.809253), Energy = -1.841286 
<M> = (-0.004073,-0.796362), <E> = -1.843582 

T=0.390000	 Thermalizing iterations... 
Done.
Thermalized Magnetisation = (-0.005245,-0.797296), Energy = -1.842968 
Averaging iterations... h=0.000000,0.000000
Done.
Final: Magnetisation = (0.023402,-0.800470), Energy = -1.842144 
<M> = (0.001281,-0.799170), <E> = -1.849091 

T=0.380000	 Thermalizing iterations... 
Done.
Thermalized Magnetisation = (-0.027992,-0.805007), Energy = -1.851439 
Averaging iterations... h=0.000000,0.000000
Done.
Final: Magnetisation = (-0.005664,-0.811526), Energy = -1.853221 
<M> = (-0.004530,-0.800758), <E> = -1.854767 

T=0.370000	 Thermalizing iterations... 
Done.
Thermalized Magnetisation = (0.005953,-0.801703), Energy = -1.868104 
Averaging iterations... h=0.000000,0.000000
Done.
Final: Magnetisation = (0.020278,-0.791896), Energy = -1.859250 
<M> = (0.001962,-0.802832), <E> = -1.860299 

T=0.360000	 Thermalizing iterations... 
Done.
Thermalized Magnetisation = (0.005264,-0.819111), Energy = -1.865342 
Averaging iterations... h=0.000000,0.000000
Done.
Final: Magnetisation = (0.001101,-0.812991), Energy = -1.864516 
<M> = (-0.003327,-0.807346), <E> = -1.866027 

T=0.350000	 Thermalizing iterations... 
Done.
Thermalized Magnetisation = (-0.023782,-0.794476), Energy = -1.865404 
Averaging iterations... h=0.000000,0.000000
Done.
Final: Magnetisation = (-0.002429,-0.793286), Energy = -1.869476 
<M> = (-0.004261,-0.811352), <E> = -1.871854 

T=0.340000	 Thermalizing iterations... 
Done.
Thermalized Magnetisation = (0.002006,-0.816181), Energy = -1.879758 
Averaging iterations... h=0.000000,0.000000
Done.
Final: Magnetisation = (0.009383,-0.803605), Energy = -1.876493 
<M> = (-0.003831,-0.812889), <E> = -1.877472 

T=0.330000	 Thermalizing iterations... 
Done.
Thermalized Magnetisation = (-0.050947,-0.813134), Energy = -1.884050 
Averaging iterations... h=0.000000,0.000000
Done.
Final: Magnetisation = (0.024358,-0.822617), Energy = -1.886765 
<M> = (-0.005507,-0.816723), <E> = -1.882991 

T=0.320000	 Thermalizing iterations... 
Done.
Thermalized Magnetisation = (-0.000103,-0.810675), Energy = -1.885029 
Averaging iterations... h=0.000000,0.000000
Done.
Final: Magnetisation = (0.006381,-0.824822), Energy = -1.889644 
<M> = (0.000125,-0.818411), <E> = -1.888345 

T=0.310000	 Thermalizing iterations... 
Done.
Thermalized Magnetisation = (0.008732,-0.816661), Energy = -1.893033 
Averaging iterations... h=0.000000,0.000000
Done.
Final: Magnetisation = (-0.040194,-0.827363), Energy = -1.891431 
<M> = (-0.003085,-0.819051), <E> = -1.893726 

T=0.300000	 Thermalizing iterations... 
Done.
Thermalized Magnetisation = (0.004109,-0.821648), Energy = -1.898940 
Averaging iterations... h=0.000000,0.000000
Done.
Final: Magnetisation = (-0.003471,-0.816599), Energy = -1.898696 
<M> = (-0.002811,-0.823165), <E> = -1.899416 

T=0.290000	 Thermalizing iterations... 
Done.
Thermalized Magnetisation = (-0.004435,-0.824935), Energy = -1.904538 
Averaging iterations... h=0.000000,0.000000
Done.
Final: Magnetisation = (-0.015558,-0.825507), Energy = -1.901782 
<M> = (-0.001260,-0.826360), <E> = -1.904861 

T=0.280000	 Thermalizing iterations... 
Done.
Thermalized Magnetisation = (-0.004004,-0.823016), Energy = -1.907746 
Averaging iterations... h=0.000000,0.000000
Done.
Final: Magnetisation = (-0.004626,-0.833759), Energy = -1.907947 
<M> = (-0.002246,-0.829397), <E> = -1.910241 

T=0.270000	 Thermalizing iterations... 
Done.
Thermalized Magnetisation = (-0.020398,-0.845544), Energy = -1.917350 
Averaging iterations... h=0.000000,0.000000
Done.
Final: Magnetisation = (0.022011,-0.841338), Energy = -1.912390 
<M> = (-0.005507,-0.832094), <E> = -1.915874 

T=0.260000	 Thermalizing iterations... 
Done.
Thermalized Magnetisation = (-0.028596,-0.833980), Energy = -1.919484 
Averaging iterations... h=0.000000,0.000000
Done.
Final: Magnetisation = (0.007866,-0.832782), Energy = -1.921527 
<M> = (-0.000217,-0.836748), <E> = -1.921265 

T=0.250000	 Thermalizing iterations... 
Done.
Thermalized Magnetisation = (-0.012880,-0.841220), Energy = -1.927260 
Averaging iterations... h=0.000000,0.000000
Done.
Final: Magnetisation = (0.008237,-0.831022), Energy = -1.929811 
<M> = (-0.000999,-0.839501), <E> = -1.926574 

T=0.240000	 Thermalizing iterations... 
Done.
Thermalized Magnetisation = (-0.027133,-0.835149), Energy = -1.933076 
Averaging iterations... h=0.000000,0.000000
Done.
Final: Magnetisation = (0.015121,-0.848834), Energy = -1.931033 
<M> = (-0.000173,-0.840240), <E> = -1.931909 

T=0.230000	 Thermalizing iterations... 
Done.
Thermalized Magnetisation = (-0.010144,-0.829980), Energy = -1.936749 
Averaging iterations... h=0.000000,0.000000
Done.
Final: Magnetisation = (-0.046144,-0.837919), Energy = -1.934214 
<M> = (-0.002346,-0.842790), <E> = -1.937304 

T=0.220000	 Thermalizing iterations... 
Done.
Thermalized Magnetisation = (0.006406,-0.850105), Energy = -1.940829 
Averaging iterations... h=0.000000,0.000000
Done.
Final: Magnetisation = (-0.003439,-0.840514), Energy = -1.941798 
<M> = (0.000796,-0.845000), <E> = -1.942493 

T=0.210000	 Thermalizing iterations... 
Done.
Thermalized Magnetisation = (-0.005280,-0.842900), Energy = -1.948867 
Averaging iterations... h=0.000000,0.000000
Done.
Final: Magnetisation = (-0.008779,-0.840656), Energy = -1.948459 
<M> = (-0.002611,-0.847075), <E> = -1.947934 

T=0.200000	 Thermalizing iterations... 
Done.
Thermalized Magnetisation = (0.012285,-0.850315), Energy = -1.952509 
Averaging iterations... h=0.000000,0.000000
Done.
Final: Magnetisation = (0.011472,-0.851235), Energy = -1.950185 
<M> = (-0.003939,-0.851509), <E> = -1.953166 

T=0.190000	 Thermalizing iterations... 
Done.
Thermalized Magnetisation = (0.014259,-0.857060), Energy = -1.958209 
Averaging iterations... h=0.000000,0.000000
Done.
Final: Magnetisation = (-0.012291,-0.855166), Energy = -1.959924 
<M> = (-0.004830,-0.854520), <E> = -1.958540 

T=0.180000	 Thermalizing iterations... 
Done.
Thermalized Magnetisation = (0.002526,-0.855081), Energy = -1.965785 
Averaging iterations... h=0.000000,0.000000
Done.
Final: Magnetisation = (-0.036250,-0.855024), Energy = -1.964959 
<M> = (-0.003902,-0.856359), <E> = -1.963809 

T=0.170000	 Thermalizing iterations... 
Done.
Thermalized Magnetisation = (-0.003588,-0.865134), Energy = -1.966680 
Averaging iterations... h=0.000000,0.000000
Done.
Final: Magnetisation = (-0.020538,-0.854696), Energy = -1.969909 
<M> = (-0.001761,-0.858539), <E> = -1.969079 

T=0.160000	 Thermalizing iterations... 
Done.
Thermalized Magnetisation = (-0.012613,-0.861423), Energy = -1.976569 
Averaging iterations... h=0.000000,0.000000
Done.
Final: Magnetisation = (-0.018461,-0.856447), Energy = -1.977424 
<M> = (-0.005853,-0.860040), <E> = -1.974160 

T=0.150000	 Thermalizing iterations... 
Done.
Thermalized Magnetisation = (0.026475,-0.856445), Energy = -1.979969 
Averaging iterations... h=0.000000,0.000000
Done.
Final: Magnetisation = (0.006293,-0.865592), Energy = -1.977566 
<M> = (-0.002518,-0.863467), <E> = -1.979445 

T=0.140000	 Thermalizing iterations... 
Done.
Thermalized Magnetisation = (-0.028601,-0.860426), Energy = -1.985293 
Averaging iterations... h=0.000000,0.000000
Done.
Final: Magnetisation = (0.003899,-0.863852), Energy = -1.984454 
<M> = (-0.009568,-0.865204), <E> = -1.984557 

T=0.130000	 Thermalizing iterations... 
Done.
Thermalized Magnetisation = (0.006268,-0.871024), Energy = -1.992596 
Averaging iterations... h=0.000000,0.000000
Done.
Final: Magnetisation = (-0.035648,-0.870301), Energy = -1.988907 
<M> = (-0.001447,-0.868782), <E> = -1.989726 

T=0.120000	 Thermalizing iterations... 
Done.
Thermalized Magnetisation = (0.000936,-0.871986), Energy = -1.992680 
Averaging iterations... h=0.000000,0.000000
Done.
Final: Magnetisation = (-0.000144,-0.870195), Energy = -1.994179 
<M> = (-0.004980,-0.870090), <E> = -1.994979 

T=0.110000	 Thermalizing iterations... 
Done.
Thermalized Magnetisation = (-0.006551,-0.871848), Energy = -2.001408 
Averaging iterations... h=0.000000,0.000000
Done.
Final: Magnetisation = (0.017323,-0.875345), Energy = -1.999999 
<M> = (0.000124,-0.873670), <E> = -2.000187 

T=0.100000	 Thermalizing iterations... 
Done.
Thermalized Magnetisation = (0.002554,-0.876958), Energy = -2.007104 
Averaging iterations... h=0.000000,0.000000
Done.
Final: Magnetisation = (-0.006033,-0.876431), Energy = -2.005141 
<M> = (-0.000725,-0.876340), <E> = -2.005278 

T=0.090000	 Thermalizing iterations... 
Done.
Thermalized Magnetisation = (-0.002801,-0.883429), Energy = -2.008508 
Averaging iterations... h=0.000000,0.000000
Done.
Final: Magnetisation = (-0.002085,-0.880360), Energy = -2.010449 
<M> = (-0.003410,-0.878359), <E> = -2.010360 

T=0.080000	 Thermalizing iterations... 
Done.
Thermalized Magnetisation = (0.007711,-0.881318), Energy = -2.016139 
Averaging iterations... h=0.000000,0.000000
Done.
Final: Magnetisation = (-0.017993,-0.877597), Energy = -2.016211 
<M> = (-0.003335,-0.881293), <E> = -2.015469 

T=0.070000	 Thermalizing iterations... 
Done.
Thermalized Magnetisation = (-0.010798,-0.885292), Energy = -2.020394 
Averaging iterations... h=0.000000,0.000000
Done.
Final: Magnetisation = (0.002443,-0.882456), Energy = -2.020966 
<M> = (-0.003116,-0.883060), <E> = -2.020582 

T=0.060000	 Thermalizing iterations... 
Done.
Thermalized Magnetisation = (-0.005674,-0.883366), Energy = -2.025208 
Averaging iterations... h=0.000000,0.000000
Done.
Final: Magnetisation = (-0.000674,-0.883452), Energy = -2.025146 
<M> = (-0.003476,-0.885454), <E> = -2.025680 

T=0.050000	 Thermalizing iterations... 
Done.
Thermalized Magnetisation = (-0.011520,-0.886413), Energy = -2.031013 
Averaging iterations... h=0.000000,0.000000
Done.
Final: Magnetisation = (-0.006778,-0.886410), Energy = -2.030578 
<M> = (-0.003380,-0.888240), <E> = -2.030769 

T=0.040000	 Thermalizing iterations... 
Done.
Thermalized Magnetisation = (-0.005711,-0.891221), Energy = -2.035817 
Averaging iterations... h=0.000000,0.000000
Done.
Final: Magnetisation = (-0.008163,-0.888456), Energy = -2.035430 
<M> = (-0.003553,-0.890260), <E> = -2.035793 

T=0.030000	 Thermalizing iterations... 
Done.
Thermalized Magnetisation = (-0.005593,-0.891353), Energy = -2.040879 
Averaging iterations... h=0.000000,0.000000
Done.
Final: Magnetisation = (-0.004884,-0.893732), Energy = -2.040648 
<M> = (-0.002626,-0.893474), <E> = -2.040876 

T=0.020000	 Thermalizing iterations... 
Done.
Thermalized Magnetisation = (-0.001991,-0.895220), Energy = -2.045815 
Averaging iterations... h=0.000000,0.000000
Done.
Final: Magnetisation = (-0.002529,-0.894001), Energy = -2.046107 
<M> = (-0.005138,-0.895899), <E> = -2.045883 

T=0.010000	 Thermalizing iterations... 
Done.
Thermalized Magnetisation = (0.003113,-0.897735), Energy = -2.050906 
Averaging iterations... h=0.000000,0.000000
Done.
Final: Magnetisation = (-0.004346,-0.897473), Energy = -2.050860 
<M> = (-0.002042,-0.897129), <E> = -2.050901 
Final Magnetisation = (-0.004346,-0.897473), Energy = -2.050860 
------------------------

Updating all (first)black/(then)white checkerboard sites simultaneously.. 

ztne RFXY h rotating with |h|=0.000000 at T=0.000000..
loop 1

loop 2

CPU  Start Time = 5465233.089506 

CPU  End Time = 5472690.793955 

CPU Time elapsed total = 7457.704450 

real	124m17.799s
user	1987m42.094s
sys	0m51.069s
