nearest neighbor initialized. 
J loaded. 
h loaded. 
L = 16, dim_L = 2, dim_S = 2
hysteresis_MCS_multiplier = 10, hysteresis_MCS_max = 100
RAND_MAX = 2147483647.000000,
 sizeof(int) = 4,
 sizeof(long) = 8,
 sizeof(double) = 8,
 sizeof(long int) = 8,
 sizeof(short int) = 2,
 sizeof(unsigned int) = 4,
 sizeof(RAND_MAX) = 4

OpenMP Active.

No. of THREADS = 24
No. of PROCESSORS = 24

-0.047862,-0.026170
order = ({1.000000-->-1.000000,0.000000}, 0, 1)
Initial Magnetisation = (-0.047862,-0.026170), Energy = 0.146024 
Cooling... 
T=2.000000	 Thermalizing iterations... 
Done.
Thermalized Magnetisation = (0.187971,0.030515), Energy = -1.203817 
Averaging iterations... h=0.062500,0.000000
Done.
Final: Magnetisation = (-0.151508,0.013902), Energy = -0.833799 
<M> = (0.021290,0.009830), <E> = -0.908171 

T=1.950000	 Thermalizing iterations... 
Done.
Thermalized Magnetisation = (0.294787,0.161117), Energy = -1.002012 
Averaging iterations... h=0.062500,0.000000
Done.
Final: Magnetisation = (0.142865,-0.283387), Energy = -1.073654 
<M> = (0.021746,0.000886), <E> = -0.923652 

T=1.900000	 Thermalizing iterations... 
Done.
Thermalized Magnetisation = (0.215080,0.406198), Energy = -0.969531 
Averaging iterations... h=0.062500,0.000000
Done.
Final: Magnetisation = (-0.042500,0.198804), Energy = -0.578700 
<M> = (0.015196,0.018069), <E> = -0.938738 

T=1.850000	 Thermalizing iterations... 
Done.
Thermalized Magnetisation = (0.003012,0.328789), Energy = -1.041118 
Averaging iterations... h=0.062500,0.000000
Done.
Final: Magnetisation = (-0.336502,0.002815), Energy = -1.248364 
<M> = (0.029828,-0.001866), <E> = -0.970431 

T=1.800000	 Thermalizing iterations... 
Done.
Thermalized Magnetisation = (0.059316,0.098511), Energy = -0.850831 
Averaging iterations... h=0.062500,0.000000
Done.
Final: Magnetisation = (0.379656,-0.071488), Energy = -0.812260 
<M> = (0.023207,0.005422), <E> = -0.971551 

T=1.750000	 Thermalizing iterations... 
Done.
Thermalized Magnetisation = (-0.261336,0.355503), Energy = -1.109424 
Averaging iterations... h=0.062500,0.000000
Done.
Final: Magnetisation = (0.405779,-0.279094), Energy = -0.926247 
<M> = (0.014395,0.004659), <E> = -0.986712 

T=1.700000	 Thermalizing iterations... 
Done.
Thermalized Magnetisation = (-0.003827,-0.222300), Energy = -0.863321 
Averaging iterations... h=0.062500,0.000000
Done.
Final: Magnetisation = (0.501362,0.364792), Energy = -1.233315 
<M> = (0.024088,0.008759), <E> = -1.016901 

T=1.650000	 Thermalizing iterations... 
Done.
Thermalized Magnetisation = (-0.068888,0.119159), Energy = -0.634954 
Averaging iterations... h=0.062500,0.000000
Done.
Final: Magnetisation = (-0.017537,-0.223266), Energy = -1.133594 
<M> = (0.017196,-0.018181), <E> = -1.039857 

T=1.600000	 Thermalizing iterations... 
Done.
Thermalized Magnetisation = (0.424387,-0.335814), Energy = -0.973470 
Averaging iterations... h=0.062500,0.000000
Done.
Final: Magnetisation = (-0.046153,-0.333041), Energy = -1.091200 
<M> = (0.029960,-0.018447), <E> = -1.053920 

T=1.550000	 Thermalizing iterations... 
Done.
Thermalized Magnetisation = (-0.173386,-0.043874), Energy = -0.972410 
Averaging iterations... h=0.062500,0.000000
Done.
Final: Magnetisation = (-0.293540,0.028137), Energy = -1.111822 
<M> = (0.021745,-0.009392), <E> = -1.071307 

T=1.500000	 Thermalizing iterations... 
Done.
Thermalized Magnetisation = (0.188214,0.054381), Energy = -0.941227 
Averaging iterations... h=0.062500,0.000000
Done.
Final: Magnetisation = (-0.141742,0.218547), Energy = -1.216939 
<M> = (0.027565,0.000732), <E> = -1.104854 

T=1.450000	 Thermalizing iterations... 
Done.
Thermalized Magnetisation = (-0.098237,-0.409763), Energy = -1.205863 
Averaging iterations... h=0.062500,0.000000
Done.
Final: Magnetisation = (0.158049,-0.132415), Energy = -1.086051 
<M> = (0.031148,0.011027), <E> = -1.122671 

T=1.400000	 Thermalizing iterations... 
Done.
Thermalized Magnetisation = (-0.126164,0.241543), Energy = -1.279686 
Averaging iterations... h=0.062500,0.000000
Done.
Final: Magnetisation = (0.167695,0.176855), Energy = -1.174399 
<M> = (0.040802,-0.009670), <E> = -1.156737 

T=1.350000	 Thermalizing iterations... 
Done.
Thermalized Magnetisation = (0.180902,-0.344539), Energy = -1.276758 
Averaging iterations... h=0.062500,0.000000
Done.
Final: Magnetisation = (0.089092,0.074569), Energy = -1.096736 
<M> = (0.031865,0.003662), <E> = -1.179073 

T=1.300000	 Thermalizing iterations... 
Done.
Thermalized Magnetisation = (0.046550,0.179545), Energy = -0.847413 
Averaging iterations... h=0.062500,0.000000
Done.
Final: Magnetisation = (0.228017,-0.085841), Energy = -1.164063 
<M> = (0.060818,0.008499), <E> = -1.205562 

T=1.250000	 Thermalizing iterations... 
Done.
Thermalized Magnetisation = (0.263142,-0.055788), Energy = -0.892920 
Averaging iterations... h=0.062500,0.000000
Done.
Final: Magnetisation = (0.174913,-0.298454), Energy = -1.259573 
<M> = (0.061715,-0.012611), <E> = -1.219149 

T=1.200000	 Thermalizing iterations... 
Done.
Thermalized Magnetisation = (0.018837,0.167430), Energy = -0.948037 
Averaging iterations... h=0.062500,0.000000
Done.
Final: Magnetisation = (-0.185909,-0.357980), Energy = -1.386457 
<M> = (0.066257,0.040758), <E> = -1.254757 

T=1.150000	 Thermalizing iterations... 
Done.
Thermalized Magnetisation = (-0.098710,-0.586335), Energy = -1.201420 
Averaging iterations... h=0.062500,0.000000
Done.
Final: Magnetisation = (0.357793,0.329195), Energy = -1.293563 
<M> = (0.072839,-0.025293), <E> = -1.283191 

T=1.100000	 Thermalizing iterations... 
Done.
Thermalized Magnetisation = (0.382861,-0.407700), Energy = -1.324903 
Averaging iterations... h=0.062500,0.000000
Done.
Final: Magnetisation = (-0.202010,0.346394), Energy = -1.295387 
<M> = (0.075546,-0.001844), <E> = -1.319377 

T=1.050000	 Thermalizing iterations... 
Done.
Thermalized Magnetisation = (0.224729,-0.077118), Energy = -1.232999 
Averaging iterations... h=0.062500,0.000000
Done.
Final: Magnetisation = (0.157545,0.376396), Energy = -1.321472 
<M> = (0.116186,-0.076918), <E> = -1.360030 

T=1.000000	 Thermalizing iterations... 
Done.
Thermalized Magnetisation = (-0.108303,-0.158005), Energy = -1.458605 
Averaging iterations... h=0.062500,0.000000
Done.
Final: Magnetisation = (-0.224422,-0.219003), Energy = -1.331164 
<M> = (0.111042,0.045556), <E> = -1.381562 

T=0.950000	 Thermalizing iterations... 
Done.
Thermalized Magnetisation = (0.446885,-0.374943), Energy = -1.477251 
Averaging iterations... h=0.062500,0.000000
Done.
Final: Magnetisation = (0.324895,-0.277420), Energy = -1.461799 
<M> = (0.154342,0.040462), <E> = -1.426567 

T=0.900000	 Thermalizing iterations... 
Done.
Thermalized Magnetisation = (0.469600,0.247558), Energy = -1.472847 
Averaging iterations... h=0.062500,0.000000
Done.
Final: Magnetisation = (-0.258524,0.612157), Energy = -1.513058 
<M> = (0.133778,-0.054383), <E> = -1.460728 

T=0.850000	 Thermalizing iterations... 
Done.
Thermalized Magnetisation = (0.567964,-0.259609), Energy = -1.480454 
Averaging iterations... h=0.062500,0.000000
Done.
Final: Magnetisation = (-0.119258,0.301041), Energy = -1.529168 
<M> = (0.163467,0.025658), <E> = -1.508374 

T=0.800000	 Thermalizing iterations... 
Done.
Thermalized Magnetisation = (0.480072,0.274260), Energy = -1.587718 
Averaging iterations... h=0.062500,0.000000
Done.
Final: Magnetisation = (0.441934,0.071265), Energy = -1.391975 
<M> = (0.077408,0.182204), <E> = -1.542344 

T=0.750000	 Thermalizing iterations... 
Done.
Thermalized Magnetisation = (-0.121907,0.683094), Energy = -1.607409 
Averaging iterations... h=0.062500,0.000000
Done.
Final: Magnetisation = (0.355778,0.389261), Energy = -1.533904 
<M> = (0.244908,-0.276260), <E> = -1.589671 

T=0.700000	 Thermalizing iterations... 
Done.
Thermalized Magnetisation = (0.792555,-0.282376), Energy = -1.794165 
Averaging iterations... h=0.062500,0.000000
Done.
Final: Magnetisation = (0.433894,0.473237), Energy = -1.584299 
<M> = (0.218885,-0.035136), <E> = -1.625679 

T=0.650000	 Thermalizing iterations... 
Done.
Thermalized Magnetisation = (0.275188,0.649634), Energy = -1.695690 
Averaging iterations... h=0.062500,0.000000
Done.
Final: Magnetisation = (0.208426,-0.685858), Energy = -1.635053 
<M> = (0.265854,-0.172285), <E> = -1.670608 

T=0.600000	 Thermalizing iterations... 
Done.
Thermalized Magnetisation = (-0.278296,-0.476530), Energy = -1.594415 
Averaging iterations... h=0.062500,0.000000
Done.
Final: Magnetisation = (0.441335,-0.012940), Energy = -1.596670 
<M> = (0.389749,0.055224), <E> = -1.699719 

T=0.550000	 Thermalizing iterations... 
Done.
Thermalized Magnetisation = (-0.017596,-0.904802), Energy = -1.849845 
Averaging iterations... h=0.062500,0.000000
Done.
Final: Magnetisation = (0.506469,-0.643720), Energy = -1.726819 
<M> = (0.338224,0.286492), <E> = -1.746469 

T=0.500000	 Thermalizing iterations... 
Done.
Thermalized Magnetisation = (0.408656,-0.817474), Energy = -1.889764 
Averaging iterations... h=0.062500,0.000000
Done.
Final: Magnetisation = (0.254239,0.695018), Energy = -1.769996 
<M> = (0.390374,0.105884), <E> = -1.779474 

T=0.450000	 Thermalizing iterations... 
Done.
Thermalized Magnetisation = (0.588930,-0.609569), Energy = -1.846500 
Averaging iterations... h=0.062500,0.000000
Done.
Final: Magnetisation = (0.690456,-0.262864), Energy = -1.783140 
<M> = (0.373466,0.518891), <E> = -1.803887 

T=0.400000	 Thermalizing iterations... 
Done.
Thermalized Magnetisation = (0.253992,-0.665163), Energy = -1.728227 
Averaging iterations... h=0.062500,0.000000
Done.
Final: Magnetisation = (0.147728,0.819641), Energy = -1.888049 
<M> = (0.342798,-0.635582), <E> = -1.837721 

T=0.350000	 Thermalizing iterations... 
Done.
Thermalized Magnetisation = (0.096842,0.893679), Energy = -1.847968 
Averaging iterations... h=0.062500,0.000000
Done.
Final: Magnetisation = (0.294252,-0.821609), Energy = -1.874413 
<M> = (0.387139,0.230162), <E> = -1.867960 

T=0.300000	 Thermalizing iterations... 
Done.
Thermalized Magnetisation = (0.451187,-0.811057), Energy = -1.939433 
Averaging iterations... h=0.062500,0.000000
Done.
Final: Magnetisation = (-0.055069,-0.848933), Energy = -1.890427 
<M> = (0.194910,-0.811224), <E> = -1.893681 

T=0.250000	 Thermalizing iterations... 
Done.
Thermalized Magnetisation = (0.645729,-0.641482), Energy = -1.916030 
Averaging iterations... h=0.062500,0.000000
Done.
Final: Magnetisation = (0.066520,-0.818583), Energy = -1.912857 
<M> = (0.374982,-0.791293), <E> = -1.923291 

T=0.200000	 Thermalizing iterations... 
Done.
Thermalized Magnetisation = (0.265135,0.876742), Energy = -1.968922 
Averaging iterations... h=0.062500,0.000000
Done.
Final: Magnetisation = (0.624811,0.673302), Energy = -1.928327 
<M> = (0.357951,0.806416), <E> = -1.947939 

T=0.150000	 Thermalizing iterations... 
Done.
Thermalized Magnetisation = (0.311120,0.855828), Energy = -1.991129 
Averaging iterations... h=0.062500,0.000000
Done.
Final: Magnetisation = (0.640155,0.599750), Energy = -1.970967 
<M> = (0.300525,0.858431), <E> = -1.975279 

T=0.100000	 Thermalizing iterations... 
Done.
Thermalized Magnetisation = (0.414291,0.858792), Energy = -2.004963 
Averaging iterations... h=0.062500,0.000000
Done.
Final: Magnetisation = (0.350141,0.875390), Energy = -1.982058 
<M> = (0.324462,0.877083), <E> = -2.001209 

T=0.050000	 Thermalizing iterations... 
Done.
Thermalized Magnetisation = (0.299493,0.887977), Energy = -2.020866 
Averaging iterations... h=0.062500,0.000000
Done.
Final: Magnetisation = (0.353847,0.881050), Energy = -2.029054 
<M> = (0.338215,0.884386), <E> = -2.026205 
Final Magnetisation = (0.353847,0.881050), Energy = -2.029054 
------------------------

Updating all (first)black/(then)white checkerboard sites simultaneously.. 

ztne RFXY h rotating with |h|=0.062500 at T=0.000000..
loop 1

loop 2

Cooling protocol time (from T=2.000000 to T=0.000000) = 57.787595 

CPU Time elapsed total = 57.794488 
All done - 58 seconds elapsed.
